366.1562060776005,2978.154950857661,707798.6794801279,-0.011192892735084996
384.7941155110125,2978.154950857661,707098.0226932369,-0.022143147282806246
402.38224102244703,2978.154950857661,707475.6841980164,-0.029119118603280012
410.5602242644545,2978.154950857661,707645.4774565572,-0.03363947713597064
419.517983728006,2978.154950857661,708090.9046850431,-0.04222201692245195
424.548602120228,2978.154950857661,708981.3525574715,-0.05886180772014601
429.26059771023506,2978.154950857661,709659.5442274563,-0.07152829584542858
483.32087394534005,2978.154950857661,711043.5932043554,-0.08233619695341575
538.7214332828121,2978.154950857661,715104.402836751,-0.09295607191446127
538.7214332828121,2978.154950857661,715417.6319399144,-0.09381194153368656
538.7214332828121,2978.154950857661,718612.6804569557,-0.10035165908878835
550.2151686916995,2978.154950857661,723719.7416394019,-0.1100899648768458
577.381276540524,2978.154950857661,725392.1455892228,-0.11939813846636627
577.381276540524,2978.154950857661,728539.3914621418,-0.12647042668882424
577.381276540524,2978.154950857661,731444.943915116,-0.13273523704726675
577.381276540524,2978.154950857661,734542.2880219237,-0.13858223145861084
577.381276540524,2978.154950857661,736803.3954303935,-0.14197472124026053
577.381276540524,2978.154950857661,740106.5766746581,-0.14766855474267043
577.381276540524,2978.154950857661,746737.7895130429,-0.14558244981084376
577.381276540524,2978.154950857661,753430.907573954,-0.1482219084161046
577.381276540524,2978.154950857661,760270.5854815687,-0.1466974039797774
577.381276540524,2978.154950857661,768707.1379615358,-0.13963787999787705
577.381276540524,2978.154950857661,773542.6081181478,-0.13885488411573232
577.381276540524,2978.154950857661,780429.2849256629,-0.13249294040112747
577.381276540524,2978.154950857661,786650.7541516459,-0.12943803274402907
577.381276540524,2978.154950857661,791537.5806630775,-0.12641946834516757
577.381276540524,2978.154950857661,799213.9378073238,-0.1163600246470605
577.381276540524,2978.154950857661,807290.6070963662,-0.11096751454421226
577.381276540524,2978.154950857661,813781.8711822684,-0.1095864562594348
577.381276540524,2978.154950857661,820900.1287460454,-0.10298028724966293
577.381276540524,3176.076184416921,833408.7660649957,-0.08538878275208735
577.381276540524,3176.076184416921,845730.9565670403,-0.0698777352646345
577.381276540524,3176.076184416921,851385.4649794097,-0.06668251045331172
577.381276540524,3176.076184416921,861471.1994839455,-0.05647728700534004
577.381276540524,3206.991791074401,871866.6066468146,-0.04098263369107716
577.381276540524,3206.991791074401,875090.714427792,-0.03773434497301528
577.381276540524,3357.4777062878206,887352.4812276867,-0.01687204221821667
577.381276540524,3357.4777062878206,896495.0273607047,-0.008053575830158248
577.381276540524,3357.4777062878206,905252.8144244335,0.004879223325651225
577.381276540524,3357.4777062878206,915641.4514999912,0.016167820020327378
577.381276540524,3488.8823120652805,927978.9826240828,0.03829588748208374
577.381276540524,3488.8823120652805,933732.396721633,0.04362927959477169
577.381276540524,3488.8823120652805,945271.6332157175,0.05558782654379357
577.381276540524,3488.8823120652805,954909.6740387582,0.06275933164028431
577.381276540524,3488.8823120652805,969737.2855985864,0.07756090421573629
577.381276540524,3692.7931896833206,991019.8011847294,0.10589584272372161
577.381276540524,3692.7931896833206,1001005.5801263616,0.10981762606727587
577.381276540524,3692.7931896833206,1010675.1060095615,0.12067016825711727
577.381276540524,3692.7931896833206,1020919.3918053767,0.13117179414382327
577.381276540524,3692.7931896833206,1039069.687809955,0.15177269444471592
577.381276540524,3692.7931896833206,1048153.389228668,0.15794788957674538
577.381276540524,3692.7931896833206,1063164.601025596,0.1703318497462559
577.381276540524,3692.7931896833206,1076675.8222378627,0.18857487961225475
577.381276540524,3692.7931896833206,1090080.7313790792,0.19549834095533178
577.381276540524,3692.7931896833206,1100965.1262133897,0.20093325653986488
577.381276540524,3692.7931896833206,1113066.1287182237,0.20818492923714585
577.381276540524,3692.7931896833206,1126704.050577315,0.2179033197227871
577.381276540524,3692.7931896833206,1137026.3421910503,0.22090172446715872
577.381276540524,3692.7931896833206,1158664.4591812403,0.23073289625937296
577.381276540524,3692.7931896833206,1173614.1123244006,0.23383535172642403
577.381276540524,3692.7931896833206,1178151.8789309931,0.23321539987686557
577.381276540524,3692.7931896833206,1187935.3061086906,0.2341846388262085
577.381276540524,3692.7931896833206,1207375.8649351478,0.2417636589912902
577.381276540524,3692.7931896833206,1217575.652823673,0.24165890637211254
577.381276540524,3692.7931896833206,1231147.6145045427,0.24167150048819336
577.381276540524,3692.7931896833206,1243608.1331131484,0.24302954035333382
577.381276540524,3692.7931896833206,1253382.1414300264,0.23815077080042313
577.381276540524,3692.7931896833206,1266747.8715015012,0.23940437709206758
577.381276540524,3692.7931896833206,1279879.4164355085,0.23947841569017156
577.381276540524,3692.7931896833206,1297647.5206763945,0.24232849242373414
577.381276540524,3692.7931896833206,1312449.825466664,0.24151525932807116
577.381276540524,3692.7931896833206,1323914.691239806,0.23857137983266163
577.381276540524,3692.7931896833206,1335555.614687722,0.23295916838179437
577.381276540524,3692.7931896833206,1348318.2873297113,0.22859277229637956
577.381276540524,3692.7931896833206,1356157.7910189242,0.2240020948982458
577.381276540524,3692.7931896833206,1365748.736692618,0.22017422033756978
577.381276540524,3692.7931896833206,1376608.9268439463,0.21403050996458076
577.381276540524,3692.7931896833206,1387795.1966189872,0.20682584183856403
577.381276540524,3692.7931896833206,1395081.5426468765,0.1971842022651559
577.381276540524,3692.7931896833206,1408217.719768533,0.18648900882512137
577.381276540524,3692.7931896833206,1418692.0663356192,0.1760117404852187
577.381276540524,3692.7931896833206,1432441.9382549434,0.1708248476401241
577.381276540524,3692.7931896833206,1436338.8124893752,0.1642534211296123
577.381276540524,3692.7931896833206,1442510.0965198537,0.15392999251159148
577.381276540524,3692.7931896833206,1446426.6017883338,0.14406571171768406
577.381276540524,3692.7931896833206,1452039.697805398,0.13252220847308996
577.381276540524,3692.7931896833206,1458373.504803506,0.12317067460118059
577.381276540524,3692.7931896833206,1467132.8812230185,0.11012899166835573
577.381276540524,3692.7931896833206,1471301.6210116628,0.10141980595483673
577.381276540524,3692.7931896833206,1474103.546702497,0.0922118652559036
577.381276540524,3692.7931896833206,1477741.4938281798,0.08295788307213456
599.90216960295,3692.7931896833206,1481634.0503172842,0.06788619500457484
626.4305443695621,3692.7931896833206,1484751.0048315823,0.0548759886950146
662.575743490647,3692.7931896833206,1488383.210037675,0.03869297422629476
682.6768341968559,3692.7931896833206,1490147.5453346204,0.027303497673413314
713.5447498915745,3692.7931896833206,1490023.7878798882,0.017365165124001266
801.1410796779585,3692.7931896833206,1491588.674053244,0.002227688479392051
887.6079369023805,3692.7931896833206,1491878.3912408485,-0.006130461648174042
927.3869670119235,3692.7931896833206,1492308.1532632106,-0.019990097756298033
971.2686290152055,3692.7931896833206,1492746.6708303257,-0.03230923058384408
998.4652230646766,3692.7931896833206,1492374.092065289,-0.044779115025256035
1097.987343587765,3692.7931896833206,1490800.8028733446,-0.06187077467842305
1164.59277448813,3692.7931896833206,1487272.3731093474,-0.07516528310133688
1164.59277448813,3692.7931896833206,1483903.0356244463,-0.08509340179401328
1164.59277448813,3692.7931896833206,1478464.3407560594,-0.0989658813782049
1164.59277448813,3692.7931896833206,1475116.345582872,-0.11010235085784295
1164.59277448813,3692.7931896833206,1468319.8592496058,-0.12458197230056926
1196.6062866972402,3692.7931896833206,1466120.2700226475,-0.13770144761535927
1196.6062866972402,3692.7931896833206,1459931.2488427137,-0.1457415963605941
1196.6062866972402,3692.7931896833206,1456542.478649393,-0.15462101569039766
1196.6062866972402,3692.7931896833206,1449120.5957170636,-0.16591324415600286
1196.6062866972402,3692.7931896833206,1439904.8018014696,-0.17794238819842884
1196.6062866972402,3692.7931896833206,1432705.1147952185,-0.18653595653589214
1196.6062866972402,3692.7931896833206,1424696.9774931215,-0.19709589474133674
1196.6062866972402,3692.7931896833206,1412049.45079488,-0.2066238952249463
1196.6062866972402,3692.7931896833206,1405513.5860358037,-0.21499061452928367
1196.6062866972402,3692.7931896833206,1393601.7678103645,-0.2224768078486445
1196.6062866972402,3692.7931896833206,1384173.4709704611,-0.2335109713023055
1196.6062866972402,3692.7931896833206,1375009.6778738208,-0.24228675418786938
1196.6062866972402,3692.7931896833206,1364062.7078871317,-0.2533609725574741
1196.6062866972402,3692.7931896833206,1353386.6531233795,-0.2587998766281979
1196.6062866972402,3692.7931896833206,1344370.2445777135,-0.26204119465959685
1196.6062866972402,3692.7931896833206,1330550.937296619,-0.2645999851576086
1196.6062866972402,3692.7931896833206,1316687.2207363383,-0.26774560231397315
1196.6062866972402,3692.7931896833206,1301947.610989649,-0.26869966115360194
1196.6062866972402,3692.7931896833206,1294653.3079776247,-0.27207463277762595
1196.6062866972402,3692.7931896833206,1288802.5082155545,-0.2733373657311775
1196.6062866972402,3692.7931896833206,1278359.311563629,-0.27401453664621245
1196.6062866972402,3692.7931896833206,1263639.5149179539,-0.27004256148766326
1196.6062866972402,3692.7931896833206,1250594.072534072,-0.27062128264714297
1196.6062866972402,3692.7931896833206,1241628.922600674,-0.27307366332927746
1196.6062866972402,3692.7931896833206,1225353.481991941,-0.2732943703787132
1196.6062866972402,3692.7931896833206,1215271.6120708457,-0.2727176984813886
1196.6062866972402,3692.7931896833206,1197713.707333598,-0.2682609343402365
1196.6062866972402,3692.7931896833206,1187494.2302490366,-0.2661756699948416
1196.6062866972402,3692.7931896833206,1173968.596542944,-0.25735670453321113
1196.6062866972402,3665.572920194446,1155982.0941960507,-0.24792174229976827
1196.6062866972402,3665.572920194446,1140525.4766835286,-0.23772773107536352
1196.6062866972402,3665.572920194446,1125983.1587231252,-0.22687841959068314
1196.6062866972402,3665.572920194446,1111190.2598731914,-0.21498731706090582
1196.6062866972402,3665.572920194446,1098686.5870384078,-0.21114471313791927
1196.6062866972402,3665.572920194446,1083450.6014180582,-0.20483086678509493
1196.6062866972402,3665.572920194446,1067777.0245757366,-0.19512001987259886
1196.6062866972402,3647.508425910463,1051729.8919344402,-0.17918075984406595
1196.6062866972402,3646.204055081625,1038159.3722146886,-0.16310137434384128
1196.6062866972402,3646.204055081625,1022568.3800627913,-0.14770395676231005
1196.6062866972402,3617.5283768172058,1004419.9666527428,-0.12957597226833098
1196.6062866972402,3617.5283768172058,989153.6612231223,-0.11483746259981989
1196.6062866972402,3617.5283768172058,977869.3483972731,-0.10468653333660109
1196.6062866972402,3605.4514327981487,961489.9788689957,-0.08333858488797992
1196.6062866972402,3605.4514327981487,955639.501517441,-0.07766377992369874
1196.6062866972402,3425.329713558585,938873.0758924584,-0.05466426681915428
1196.6062866972402,3425.329713558585,927043.0833638019,-0.040179326263931066
1196.6062866972402,3425.329713558585,922238.0919598669,-0.036977779214019645
1196.6062866972402,3425.329713558585,914245.5454230808,-0.02860527777443927
1196.6062866972402,3425.329713558585,904971.4709557551,-0.014890374922469998
1196.6062866972402,3264.57589413891,892888.1114727784,0.0036838270782361374
1196.6062866972402,3264.57589413891,883113.8415974055,0.01301515279673722
1196.6062866972402,3264.57589413891,873049.1080503995,0.025504740822671845
1196.6062866972402,3221.887803331001,862233.3061296649,0.03997161233531852
1196.6062866972402,3221.887803331001,853985.4898116332,0.04981651961179831
1196.6062866972402,3056.780043359805,841511.3260761064,0.06324075006520471
1196.6062866972402,3056.780043359805,838819.0869873398,0.06439497049405245
1196.6062866972402,3056.780043359805,833937.8607657374,0.06720500243613516
1196.6062866972402,3056.780043359805,827373.6305231866,0.07242809386570724
1196.6062866972402,3056.780043359805,822596.4323796195,0.07726396114130471
1196.6062866972402,3014.177617864135,813593.7725928029,0.08716128606259618
1196.6062866972402,3014.177617864135,806774.4485651896,0.08862449790288222
1196.6062866972402,3014.177617864135,798268.6823393203,0.09517434329705973
1196.6062866972402,2918.235516291096,791017.6108669026,0.10505110760347536
1196.6062866972402,2918.235516291096,788107.5204224639,0.10460397868690334
1196.6062866972402,2881.49505552551,779193.215623383,0.11030374156424327
1196.6062866972402,2881.49505552551,772712.3980143601,0.11333031137979861
1196.6062866972402,2881.49505552551,765113.112639808,0.11488838538887096
1196.6062866972402,2881.49505552551,757952.844582225,0.11834804385029468
1196.6062866972402,2881.49505552551,755016.9327999454,0.11829900106434825
1196.6062866972402,2881.49505552551,746712.4078804554,0.11937321873221964
1196.6062866972402,2881.49505552551,741722.2654247368,0.11663806777612429
1196.6062866972402,2881.49505552551,736264.9716215999,0.11277212618766914
1196.6062866972402,2881.49505552551,729494.4313208611,0.10809414203282879
1196.6062866972402,2881.49505552551,725713.3900990498,0.1026422960659655
1196.6062866972402,2881.49505552551,722835.8892350376,0.10085401007089176
1196.6062866972402,2881.49505552551,718965.2006802567,0.0940434976090959
1196.6062866972402,2881.49505552551,718174.4192593747,0.09227080981690083
1196.6062866972402,2881.49505552551,716507.1811159782,0.08665230932333991
1198.7141999706,2881.49505552551,714349.5830730315,0.0751841493768993
1198.7141999706,2881.49505552551,713152.9175940957,0.07157929167440777
1203.719588870445,2881.49505552551,710900.9726123627,0.060814976971099076
1215.454548475505,2881.49505552551,709476.7689789435,0.05259041483620979
1223.685600371865,2881.49505552551,709163.4592278787,0.0462788749041207
1225.632624292195,2881.49505552551,708963.8152306522,0.0332044802074891
1229.5856156119548,2881.49505552551,708924.2567952212,0.021947692404689773
1229.5856156119548,2881.49505552551,710172.1242840837,0.014338744339335198
1236.457252236235,2881.49505552551,709597.118251166,0.005267056629180533
1255.8355520569698,2881.49505552551,709875.2556046939,0.0002227156048253333
1255.8355520569698,2881.49505552551,710240.6527435262,-0.0025022645196026722
1284.572587633485,2881.49505552551,710938.41685642,-0.015300377586716906
1304.36311286194,2881.49505552551,711607.5376297934,-0.022597294594195075
1321.267790197225,2881.49505552551,712596.0453097792,-0.03139667896123358
1334.16364420717,2881.49505552551,713710.8524109619,-0.039910560621193525
1356.266925723015,2881.49505552551,716775.2055047776,-0.05183474141282414
1387.863157743555,2881.49505552551,720180.7503075931,-0.06246473153306395
1387.863157743555,2881.49505552551,723768.7406110094,-0.06600005214455121
1387.863157743555,2881.49505552551,731367.0516887346,-0.06658594730658433
1387.863157743555,2881.49505552551,734135.4990383531,-0.07018214727973285
1387.863157743555,2881.49505552551,737864.2478028262,-0.07100486027923106
1387.863157743555,2914.6209730216406,748938.4988793349,-0.06567891351875332
1387.863157743555,2914.6209730216406,753641.7208284927,-0.06650761762962264
1387.863157743555,2914.6209730216406,758206.9436190744,-0.06920526721451004
1387.863157743555,2914.6209730216406,761848.9791399377,-0.07289668533396308
1387.863157743555,2914.6209730216406,765154.7370534092,-0.07298056668394377
1387.863157743555,2914.6209730216406,767693.4116076959,-0.0746738787815896
1387.863157743555,2914.6209730216406,771546.201996588,-0.07796575355449875
1387.863157743555,2914.6209730216406,777104.8832451106,-0.07708966357690038
1387.863157743555,2914.6209730216406,782292.5491370239,-0.07177536058292376
1387.863157743555,2914.6209730216406,787571.2377418156,-0.06674971331460729
1387.863157743555,2914.6209730216406,795238.612450844,-0.06527754224949742
1387.863157743555,2914.6209730216406,798555.1046309314,-0.0644603802082766
1387.863157743555,3012.25722164477,806664.6284042398,-0.05387100941106339
1387.863157743555,3017.1872097045302,817675.5861671575,-0.04583233475007571
1387.863157743555,3239.40997337916,828148.9564069008,-0.027732448997473864
1387.863157743555,3239.40997337916,833001.7629982418,-0.026023217243614824
1387.863157743555,3239.40997337916,840604.6476328439,-0.017850166398585523
1387.863157743555,3361.74499601262,855201.1889935447,0.0043582581097768415
1387.863157743555,3361.74499601262,862018.0311853803,0.01426995889570371
1387.863157743555,3363.8421117318803,877898.5284379192,0.03314722214154459
1387.863157743555,3363.8421117318803,889686.9263370984,0.04728679179725518
1387.863157743555,3363.8421117318803,901829.2260177213,0.0583538530817336
1387.863157743555,3369.88359906717,914282.577391355,0.07508375210134795
1387.863157743555,3369.88359906717,915420.1027657468,0.07634427923825346
1387.863157743555,3369.88359906717,927577.3655239758,0.08531587195352601
1387.863157743555,3389.62565269222,940661.2114811076,0.10083870463483885
1387.863157743555,3528.19218598078,956588.5267930876,0.12127873108963211
1387.863157743555,3528.19218598078,967458.656254334,0.136323412109098
1387.863157743555,3528.19218598078,981380.0866020474,0.14791309738864553
1387.863157743555,3547.85368986411,996094.2431580225,0.1656669352198263
1387.863157743555,3547.85368986411,1004721.2687698347,0.17547873010931295
1387.863157743555,3547.85368986411,1014054.7221622698,0.18094853023804494
1387.863157743555,3547.85368986411,1027549.89485922,0.1905002609105738
1387.863157743555,3547.85368986411,1039824.5567315631,0.19938280280434872
1387.863157743555,3547.85368986411,1052735.6527799354,0.21072513743899624
1387.863157743555,3547.85368986411,1065933.8574905393,0.21695927082215766
1387.863157743555,3547.85368986411,1077718.1899658097,0.22862452682607168
1387.863157743555,3768.05582741117,1097853.6696342141,0.24784184642508186
1387.863157743555,3768.05582741117,1109345.825766687,0.24470113266028296
1387.863157743555,3768.05582741117,1125985.451386349,0.2521338069622356
1387.863157743555,3768.05582741117,1133856.573784165,0.25633235002052646
1387.863157743555,3768.05582741117,1146460.4860725254,0.25825563045877625
1387.863157743555,3768.05582741117,1154409.3785532464,0.25840695714703743
1387.863157743555,3768.05582741117,1166589.681553824,0.2618378714631683
1387.863157743555,3768.05582741117,1182795.9558618506,0.2637775100261457
1387.863157743555,3768.05582741117,1190824.646006263,0.26406426215464635
1387.863157743555,3768.05582741117,1209544.175128035,0.2740890159632076
1387.863157743555,3768.05582741117,1216894.2530301742,0.27575804013244404
1387.863157743555,3768.05582741117,1221833.738089981,0.2747942887412267
1387.863157743555,3768.05582741117,1233962.981323044,0.27481054231974367
1387.863157743555,3768.05582741117,1254211.3237141743,0.281545693798568
1387.863157743555,3768.05582741117,1270633.675670541,0.2850475046774871
1387.863157743555,3768.05582741117,1287506.58066255,0.28363367685392343
1387.863157743555,3768.05582741117,1301498.4220093896,0.2820378463863431
1387.863157743555,3768.05582741117,1313974.234386559,0.27950439210723654
1387.863157743555,3768.05582741117,1323519.1932639882,0.2756744504751458
1387.863157743555,3768.05582741117,1331777.9898137841,0.2675632400183378
1387.863157743555,3768.05582741117,1335795.201184472,0.26462663558686517
1387.863157743555,3768.05582741117,1342801.307956763,0.25956531930978527
1387.863157743555,3768.05582741117,1346112.1182126962,0.25756735594040076
1387.863157743555,3768.05582741117,1354562.0505937014,0.24592956168319893
1387.863157743555,3768.05582741117,1366248.9927378318,0.2371151673921442
1387.863157743555,3768.05582741117,1374001.7711219124,0.22502415303302156
1387.863157743555,3768.05582741117,1379771.9131575986,0.2159465415824915
1387.863157743555,3768.05582741117,1385966.0681164893,0.20772316357648998
1387.863157743555,3768.05582741117,1389633.4039239343,0.20287193036476245
1387.863157743555,3768.05582741117,1399032.282320597,0.19148983893194615
1387.863157743555,3768.05582741117,1403462.3789586613,0.1795298701780766
1387.863157743555,3768.05582741117,1409834.0071857118,0.16791820361353824
1387.863157743555,3768.05582741117,1417027.6080339758,0.15755553108843093
1387.863157743555,3768.05582741117,1425041.073514035,0.14554937302117307
1387.863157743555,3768.05582741117,1433850.4657301768,0.13545093690727844
1387.863157743555,3768.05582741117,1436002.4005824013,0.12501393072991135
1417.1977636904098,3768.05582741117,1440857.197787752,0.10830325589852423
1417.1977636904098,3768.05582741117,1443915.638233052,0.0983615643550314
1460.70707224485,3768.05582741117,1446090.4374550136,0.08353368524126782
1489.877170766535,3768.05582741117,1451108.1648572094,0.07004828507457242
1523.639069898335,3768.05582741117,1452706.767532086,0.05887620229490185
1558.2793827010898,3768.05582741117,1455268.3505787393,0.04531894324623956
1574.952483074915,3768.05582741117,1457036.5401972202,0.03561001691239722
1605.8791597720453,3768.05582741117,1456810.9460741885,0.022779200973861848
1664.1070923010252,3768.05582741117,1456722.6859651383,0.005176031730668974
1708.93521465339,3768.05582741117,1455902.1709707323,-0.007607103190468513
1721.719651612295,3768.05582741117,1454234.411625342,-0.020805051718351352
1734.74493961994,3768.05582741117,1453661.5418692788,-0.03424681528849544
1886.9693658802948,3768.05582741117,1453677.6543650683,-0.04627834308317548
1927.957663783315,3768.05582741117,1447569.7346405946,-0.058981301990466445
2048.20709338093,3768.05582741117,1444488.8538777712,-0.07420897935231804
2048.20709338093,3768.05582741117,1440521.2624830017,-0.08523955049488313
2048.20709338093,3768.05582741117,1436825.5295671322,-0.09489415903282344
2048.20709338093,3768.05582741117,1431073.2920095779,-0.10232417680201962
2048.20709338093,3768.05582741117,1426311.5696701203,-0.1132726581988171
2048.20709338093,3768.05582741117,1421098.1213423682,-0.1249522924367571
2048.20709338093,3768.05582741117,1414832.3744912837,-0.13433951582565964
2048.20709338093,3768.05582741117,1407754.523634181,-0.14769304578070608
2048.20709338093,3768.05582741117,1403052.5973475084,-0.15808977795386794
2048.20709338093,3768.05582741117,1396650.8042137946,-0.1677152131040897
2048.20709338093,3768.05582741117,1391969.9481759977,-0.1796816354364789
2048.20709338093,3768.05582741117,1383820.3958174605,-0.18527957618547197
2048.20709338093,3768.05582741117,1371629.7790837614,-0.19350052003170654
2048.20709338093,3768.05582741117,1360901.1493868085,-0.2029168690641974
2048.20709338093,3768.05582741117,1352248.774259223,-0.2080258904046901
2048.20709338093,3768.05582741117,1341796.8462478393,-0.21386581798789409
2048.20709338093,3768.05582741117,1330385.095422902,-0.21930010906629122
2048.20709338093,3768.05582741117,1315639.096280867,-0.22120927359815826
2048.20709338093,3768.05582741117,1302355.7498637238,-0.2247366110479347
2048.20709338093,3768.05582741117,1288081.44708344,-0.22629958049509252
2048.20709338093,3768.05582741117,1278373.6222981317,-0.22827886080521462
2048.20709338093,3768.05582741117,1266772.7830883416,-0.23266059382345985
2048.20709338093,3768.05582741117,1259587.4765392654,-0.23514260308831803
2048.20709338093,3768.05582741117,1247279.9295998693,-0.23442676515179622
2048.20709338093,3768.05582741117,1237004.4179504022,-0.23720292511868626
2048.20709338093,3768.05582741117,1221163.6059722805,-0.23876482248223557
2048.20709338093,3768.05582741117,1206504.712262356,-0.23040595057043736
2048.20709338093,3768.05582741117,1194742.9547658192,-0.2297064235876521
2048.20709338093,3768.05582741117,1179659.682661665,-0.22572447423538744
2048.20709338093,3768.05582741117,1163955.4709073538,-0.21895922186218866
2048.20709338093,3768.05582741117,1145379.2758881655,-0.21586748950093268
2048.20709338093,3768.05582741117,1133746.9886699796,-0.2155276499688005
2048.20709338093,3768.05582741117,1126165.3106421554,-0.21361449934344887
2048.20709338093,3768.05582741117,1117197.5985246322,-0.20996747460471243
2048.20709338093,3768.05582741117,1101778.7890042034,-0.20265707903405206
2048.20709338093,3669.7556106676425,1082649.14125591,-0.18879697653086222
2048.20709338093,3669.7556106676425,1069114.9360968505,-0.18152241439726724
2048.20709338093,3669.7556106676425,1060642.0298216855,-0.1763608151877828
2048.20709338093,3669.7556106676425,1049413.4204322859,-0.17050648879576397
2048.20709338093,3669.7556106676425,1037727.6481943169,-0.1616621996903508
2048.20709338093,3669.7556106676425,1022874.0850233047,-0.153757887931873
2048.20709338093,3658.8319930331727,1009096.7978924542,-0.13732710191868702
2048.20709338093,3658.8319930331727,997963.8602518521,-0.12773855021852673
2048.20709338093,3658.8319930331727,987831.334948956,-0.11618998000909406
2048.20709338093,3658.8319930331727,977814.2868076506,-0.10451422382002841
2048.20709338093,3658.8319930331727,965189.6994347912,-0.09061867814664575
2048.20709338093,3550.9954280326992,949994.1838332353,-0.06954001714051164
2048.20709338093,3411.2210488701166,937423.8612852197,-0.05233000131398063
2048.20709338093,3411.2210488701166,925888.5201500497,-0.04373438928134212
2048.20709338093,3403.627438658569,914669.0592272152,-0.0303098342325867
2048.20709338093,3403.627438658569,901674.6345562711,-0.01717015422832466
2048.20709338093,3394.840584053675,892217.9839499606,-0.0030577424344566673
2048.20709338093,3394.840584053675,886055.2651590125,0.0029918754058049545
2048.20709338093,3394.840584053675,878534.0886280546,0.014414068415869966
2048.20709338093,3394.840584053675,867174.0800658001,0.02472240420417863
2048.20709338093,3394.840584053675,859625.9795464245,0.03534426001480812
2048.20709338093,3343.1972290932126,845288.1537922443,0.05284398758254593
2048.20709338093,3343.1972290932126,837617.0315693012,0.06414149904160198
2048.20709338093,3343.1972290932126,832122.8029018735,0.06893096005820558
2048.20709338093,3343.1972290932126,830145.8976678377,0.07221897317282293
2048.20709338093,3061.402665286873,818127.3396394324,0.09089486164876248
2048.20709338093,3049.12720299623,810275.7956455408,0.09904970158865171
2048.20709338093,3049.12720299623,807002.4885847067,0.10329987646327542
2048.20709338093,3049.12720299623,799775.7689942588,0.110545985303009
2048.20709338093,3049.12720299623,794853.7715361139,0.11377928194605494
2048.20709338093,3049.12720299623,790291.4406182518,0.11946686955079691
2048.20709338093,2938.077682082012,780352.4740423026,0.12699945365333012
2048.20709338093,2938.077682082012,777132.5477395484,0.12895498611769401
2048.20709338093,2938.077682082012,771970.0390549037,0.13065824931655226
2048.20709338093,2938.077682082012,766901.5847561605,0.12958537878538537
2048.20709338093,2938.077682082012,763953.8298745102,0.12892935735488595
2048.20709338093,2938.077682082012,758755.2887052158,0.12619923556342857
2048.20709338093,2938.077682082012,750613.7568586012,0.12904851816756233
2048.20709338093,2938.077682082012,745654.5974860133,0.12257991704783508
2048.20709338093,2938.077682082012,738888.9182723364,0.12431375382578909
2048.20709338093,2938.077682082012,734983.04871321,0.12326172562331675
2048.20709338093,2938.077682082012,732565.8418424152,0.11751620472962511
2048.20709338093,2938.077682082012,726527.3603418685,0.11426390687441096
2048.20709338093,2938.077682082012,723801.0797595234,0.10867376014145308
2048.20709338093,2938.077682082012,720208.0066871798,0.09986530137873317
2048.20709338093,2938.077682082012,717391.4622046073,0.09036575213660764
2048.20709338093,2938.077682082012,716219.5954165995,0.08352909702429681
2068.7279114532403,2938.077682082012,714886.5025873743,0.07344119404714616
2088.7805489420252,2938.077682082012,714459.7782123524,0.06462931881350949
2103.998998466035,2938.077682082012,712309.4297065926,0.050649278656060906
2109.4461865899248,2938.077682082012,710935.1173460729,0.03613713955505664
2128.422911954865,2938.077682082012,710294.6588835112,0.020653133497007446
2146.1958883883954,2938.077682082012,709781.9710328514,0.010350192373939224
2154.32314504351,2938.077682082012,708851.0910031908,-0.0013054746997504469
2163.18122957796,2938.077682082012,708137.033700138,-0.01038490302368232
2175.28372821827,2938.077682082012,708003.3453032448,-0.022832295977847236
2186.4668290091895,2938.077682082012,708350.1909749277,-0.028753213821916812
2193.929787355675,2938.077682082012,709833.5420929496,-0.037805305807940504
2206.63098680649,2938.077682082012,711005.248420965,-0.044174767735895716
2206.63098680649,2938.077682082012,711228.1654094574,-0.044806004460303375
2215.74970824257,2938.077682082012,712309.8830016265,-0.05235775561920804
2215.74970824257,2938.077682082012,714482.5556280182,-0.058593236149250036
2215.74970824257,2938.077682082012,714129.829453713,-0.058195122635001706
2215.74970824257,2938.077682082012,715368.0656460663,-0.06213981742632374
2215.74970824257,2938.077682082012,716894.3220463871,-0.06728649630540463
2233.09502269507,2938.077682082012,722486.3222000693,-0.0745619460731716
2233.09502269507,2938.077682082012,725521.2112612308,-0.08075319330415254
2249.05026266554,2938.077682082012,729048.9360601542,-0.08953945229106766
2249.05026266554,2938.077682082012,733635.2720117784,-0.09689635273453721
2249.05026266554,2938.077682082012,737588.4189225845,-0.10042178420727832
2249.05026266554,2938.077682082012,741471.9291592713,-0.10149391583249821
2249.05026266554,2938.077682082012,746102.4534929191,-0.10203561667864638
2249.05026266554,2938.077682082012,750848.7245611883,-0.1030560875766179
2249.05026266554,2938.077682082012,755967.0469665566,-0.10726383943328865
2249.05026266554,2938.077682082012,762960.0356059753,-0.10071655050544732
2249.05026266554,2938.077682082012,768625.01792822,-0.09672940595711467
2249.05026266554,2938.077682082012,770094.3612438126,-0.09566270978287186
2249.05026266554,2946.586227648452,780959.2565964378,-0.08852965498477297
2249.05026266554,2946.586227648452,784900.232767304,-0.0875514893945045
2249.05026266554,2946.586227648452,788795.7010164844,-0.08230060606727964
2249.05026266554,2946.586227648452,795869.3996647447,-0.07488946559100543
2249.05026266554,2946.586227648452,799540.2648268734,-0.07031857629126433
2249.05026266554,3050.044882588532,807962.4706537203,-0.05812270812621585
2249.05026266554,3050.044882588532,812832.6010954131,-0.053821638497797794
2249.05026266554,3315.157049060482,824918.5421672253,-0.030909025703473723
2249.05026266554,3315.157049060482,837799.3423184276,-0.017640479942105585
2249.05026266554,3406.1087724589224,853240.6940882503,0.007729325674714847
2249.05026266554,3406.1087724589224,864006.9519348617,0.024112438003614265
2249.05026266554,3406.1087724589224,867096.625558918,0.027614015019633762
2249.05026266554,3406.1087724589224,878118.4870263127,0.04493974326656357
2249.05026266554,3406.1087724589224,889845.0599493878,0.06129569298751998
2249.05026266554,3429.280693975522,901847.2627259823,0.08114224956116964
2249.05026266554,3459.2866586055525,916454.092868256,0.10196323520911375
2249.05026266554,3459.2866586055525,931099.9306455974,0.11738468023299894
2249.05026266554,3459.2866586055525,944756.8982466245,0.1340975904574012
2249.05026266554,3459.2866586055525,955046.1566590013,0.14344038812636195
2249.05026266554,3615.4354172252115,971706.0424730612,0.16664757945370368
2249.05026266554,3615.4354172252115,979337.1522781573,0.1707709929792823
2249.05026266554,3615.4354172252115,984865.3082444312,0.1746300516642117
2249.05026266554,3615.4354172252115,989044.9862018008,0.17902431440764083
2249.05026266554,3615.4354172252115,1007627.2168566084,0.19477216318036963
2249.05026266554,3615.4354172252115,1015874.8446567504,0.20097640586105425
2249.05026266554,3615.4354172252115,1028805.5228817243,0.20943663731742831
2249.05026266554,3615.4354172252115,1043174.8094782697,0.2196634571442473
2249.05026266554,3615.4354172252115,1057521.360040372,0.22500683581335906
2249.05026266554,3615.4354172252115,1064974.5597863363,0.22690027750899716
2249.05026266554,3628.041101205522,1081583.9476094733,0.24186110986819487
2249.05026266554,3628.041101205522,1096782.0025682389,0.24744947301806017
2249.05026266554,3628.041101205522,1107978.0306125751,0.25728879966842655
2249.05026266554,3628.041101205522,1122478.7008355886,0.26262729485600605
2249.05026266554,3628.041101205522,1137112.6289245535,0.26257430481635835
2249.05026266554,3628.041101205522,1150848.5972026784,0.26755194905979124
2249.05026266554,3628.041101205522,1162209.6699401538,0.2759606486197685
2249.05026266554,3628.041101205522,1168137.3428942875,0.2772568952674062
2249.05026266554,3628.041101205522,1175657.8746484222,0.2786644633959437
2249.05026266554,3628.041101205522,1191632.3879519165,0.28621821344324344
2249.05026266554,3628.041101205522,1201164.1624259318,0.28613638975322636
2249.05026266554,3628.041101205522,1214498.1152757297,0.28581609480371695
2249.05026266554,3628.041101205522,1224763.0269994664,0.2803189404593467
2249.05026266554,3628.041101205522,1241307.332091102,0.27618432779039276
2249.05026266554,3628.041101205522,1256420.2745965722,0.2731428149695209
2249.05026266554,3628.041101205522,1269151.5390345026,0.2663168675410994
2249.05026266554,3628.041101205522,1286376.346000266,0.2641105214819889
2249.05026266554,3628.041101205522,1295561.2679229528,0.2608506110933266
2249.05026266554,3628.041101205522,1306618.173675354,0.2538886070043681
2249.05026266554,3628.041101205522,1321492.2993271444,0.24645790979662688
2249.05026266554,3628.041101205522,1333804.2422643672,0.23859221144405526
2249.05026266554,3628.041101205522,1347002.506381553,0.2287021799033296
2249.05026266554,3628.041101205522,1359957.9996381155,0.22433925209999497
2249.05026266554,3628.041101205522,1370482.6164393306,0.2130853989230306
2249.05026266554,3628.041101205522,1381057.6630143505,0.20446065526971924
2249.05026266554,3628.041101205522,1387906.071944237,0.1969063228157451
2249.05026266554,3628.041101205522,1396413.8749812199,0.1900067726355351
2249.05026266554,3628.041101205522,1402394.3409036018,0.18425877726419562
2249.05026266554,3628.041101205522,1412481.488689032,0.16988036688488017
2249.05026266554,3628.041101205522,1418929.7155860902,0.16117471735342903
2249.05026266554,3628.041101205522,1425327.9756435645,0.14877825236959208
2249.05026266554,3628.041101205522,1431173.269842072,0.13689395910881044
2249.05026266554,3628.041101205522,1433411.939218747,0.13095128447457027
2261.17538845862,3628.041101205522,1436645.9029527735,0.11876414428239014
2261.17538845862,3628.041101205522,1444797.9145039492,0.10656005511606534
2274.12229767572,3628.041101205522,1449761.7581676925,0.09302127041573072
2277.128641471285,3628.041101205522,1452911.3934748597,0.07919835080486799
2277.128641471285,3628.041101205522,1455915.7783379776,0.06944651024452658
2314.1085094466453,3628.041101205522,1457850.8892926795,0.05616517425868448
2349.6342648748,3628.041101205522,1459982.342573098,0.041920888473896696
2379.6942537193054,7798.507787471472,1653608.020424011,0.5055563215736862
2431.146168641565,7798.507787471472,1844857.8633501371,0.8126570993590841
2498.46560223163,7798.507787471472,1843123.3538789938,0.8006478403180212
2552.188523665725,7798.507787471472,1842360.086147026,0.7933268900702338
2564.2290495116804,7798.507787471472,1839656.503746264,0.7830603573751175
2591.46842710059,7798.507787471472,1836578.768956454,0.771184752371984
2619.96158198881,7798.507787471472,1829512.7927676595,0.7644818028854206
2636.6091648903903,7798.507787471472,1826589.781616601,0.7527863324006551
2661.02619143984,7798.507787471472,1823815.3894733698,0.7414277559077319
2689.4087000908403,7798.507787471472,1818263.0746225643,0.7331297796708025
2717.872290143975,7798.507787471472,1815296.9217011554,0.7250991470038404
2732.21285312567,7798.507787471472,1811311.357731253,0.7150645744699609
2732.21285312567,7798.507787471472,1805658.8010057658,0.7095051789080177
2732.21285312567,7798.507787471472,1802463.330800857,0.705229840769355
2732.21285312567,7798.507787471472,1792735.8042229428,0.7033581067343456
2732.21285312567,7798.507787471472,1786384.7322319322,0.7001089828564584
2732.21285312567,7798.507787471472,1780634.4642618778,0.6967140966600192
2732.21285312567,7798.507787471472,1770038.0035450445,0.6940698282721475
2732.21285312567,7798.507787471472,1761416.4641575257,0.6932142273687908
2732.21285312567,7798.507787471472,1752439.6750930068,0.6918614596976405
2732.21285312567,7798.507787471472,1741856.5178715363,0.6913038950822893
2732.21285312567,7798.507787471472,1733354.6959515454,0.6924331947892732
2732.21285312567,7798.507787471472,1722029.0815609836,0.6910447792833888
2732.21285312567,7798.507787471472,1708440.5837385566,0.6924727518815618
2732.21285312567,7798.507787471472,1701582.2074229822,0.6945814389145096
2732.21285312567,7798.507787471472,1689335.4390004375,0.699572850320707
2732.21285312567,7798.507787471472,1676519.7269527956,0.7055836320997986
2732.21285312567,7798.507787471472,1665927.0239532285,0.7088944910185606
2732.21285312567,7798.507787471472,1659896.0479062372,0.7110466351549863
2732.21285312567,7798.507787471472,1642652.4441736056,0.7246296105980543
2732.21285312567,7798.507787471472,1629899.941961632,0.7307133185389368
2732.21285312567,7798.507787471472,1617261.4341353714,0.7368580021374147
2732.21285312567,7798.507787471472,1604223.3381639046,0.7457262929263929
2732.21285312567,7798.507787471472,1597678.3165908102,0.7480468946777579
2732.21285312567,7798.507787471472,1589238.0101423678,0.7540055920523872
2732.21285312567,7798.507787471472,1575013.498592996,0.7676878530544379
2732.21285312567,7798.507787471472,1558057.0962845387,0.7826668155212666
2732.21285312567,7798.507787471472,1547325.0186742726,0.7917518273676536
2732.21285312567,7798.507787471472,1538111.1780973608,0.8005886347803202
2732.21285312567,7798.507787471472,1524502.896761843,0.8114424128629939
2732.21285312567,7798.507787471472,1509986.0745974656,0.8295447175265521
2732.21285312567,7798.507787471472,1496372.0080801772,0.8429726409889727
2732.21285312567,7798.507787471472,1481590.3762917758,0.8603871343370108
2732.21285312567,7798.507787471472,1473004.252017627,0.8688537392236644
2732.21285312567,7798.507787471472,1457177.7174864286,0.8918620093072428
2732.21285312567,7798.507787471472,1442349.1146606996,0.9108692623725086
2732.21285312567,7798.507787471472,1428865.3723013042,0.9339888264174977
2732.21285312567,7798.507787471472,1414195.7772830934,0.9590105360906319
2732.21285312567,7798.507787471472,1401519.1663153055,0.9788242013857099
2732.21285312567,7798.507787471472,1387416.4684864646,1.0014224308024626
2732.21285312567,7798.507787471472,1372643.6041033915,1.0264953120965075
2732.21285312567,7798.507787471472,1365191.5430150195,1.0376840562591105
2732.21285312567,7798.507787471472,1353459.379090129,1.0579806913652277
2732.21285312567,7798.507787471472,1344237.67001962,1.0718156782853394
2732.21285312567,7798.507787471472,1330023.5416324625,1.1000066741880479
2732.21285312567,7798.507787471472,1321991.0327872653,1.116811339086154
2732.21285312567,7798.507787471472,1305428.9407102433,1.150806420447017
2732.21285312567,7798.507787471472,1296595.4112253916,1.1646457243448043
2732.21285312567,7798.507787471472,1280348.1769047307,1.1965739410998821
2732.21285312567,7798.507787471472,1274007.6311798512,1.207810901955406
2732.21285312567,7798.507787471472,1260047.1993804902,1.2376532863150638
2732.21285312567,7798.507787471472,1246739.3203427144,1.26218056426669
2732.21285312567,7557.567465683106,1227750.7750404782,1.3112839385903583
2732.21285312567,7557.567465683106,1217084.1274236,1.3345608591169122
2732.21285312567,7557.567465683106,1206445.922734174,1.3566171094275128
2732.21285312567,7446.3754841362,1191943.78178581,1.3938744610544622
2732.21285312567,7446.3754841362,1182559.2473524553,1.415564227491416
2732.21285312567,7446.3754841362,1171660.3829453136,1.439368659756937
2732.21285312567,7273.96813951853,1158601.8917902089,1.4739331101939597
2732.21285312567,7273.96813951853,1151717.4900028517,1.487482371114486
2732.21285312567,7081.59969592716,1142101.679545238,1.512603048529118
2732.21285312567,7081.59969592716,1137051.484267418,1.5254723462740274
2732.21285312567,7081.59969592716,1130011.1285090055,1.538885173065218
2732.21285312567,7081.59969592716,1121571.9193776287,1.5578038513802606
2732.21285312567,7081.59969592716,1116804.9079662024,1.5672007669352264
2732.21285312567,7081.59969592716,1111055.4654062449,1.5790622152576408
2732.21285312567,7081.59969592716,1106651.545431679,1.584631863930586
2732.21285312567,7081.59969592716,1100405.7558447814,1.5984506542101744
2732.21285312567,7081.59969592716,1091177.8694021555,1.6158075204319973
2732.21285312567,7081.59969592716,1087511.853466457,1.6224919473823307
2732.21285312567,7081.59969592716,1082061.8494719737,1.6315101734171538
2732.21285312567,7081.59969592716,1076790.6715641594,1.6398922928022994
2732.21285312567,7081.59969592716,1072662.9127283348,1.643664383389749
2732.21285312567,7081.59969592716,1070791.3016170876,1.6464702530500355
2732.21285312567,7081.59969592716,1066999.1065108224,1.650295593015239
2732.21285312567,7081.59969592716,1064305.482765813,1.6515013481773444
2747.514572115965,7081.59969592716,1061732.3539575203,1.6506249755598394
2761.1409149525452,7081.59969592716,1059453.6491213986,1.647486750618467
2761.1409149525452,7081.59969592716,1058194.1153630835,1.6471584950570897
2771.379985962175,7081.59969592716,1056973.7699242025,1.6440101594860692
2823.562736201945,7081.59969592716,1054597.162325058,1.6405236433607944
2865.729439806825,7081.59969592716,1052346.9236197507,1.6341366024307569
2869.3210684413452,7081.59969592716,1049338.7626299832,1.6313494880502544
2880.92633261196,7081.59969592716,1048097.4155784288,1.6226025667197723
2893.956440951665,7081.59969592716,1046207.5050547984,1.6165601629877995
2911.147672092635,7081.59969592716,1045645.6290451814,1.6109382049649674
2928.6423281202,7081.59969592716,1045262.8862966561,1.6014766157461269
2939.671646700885,7081.59969592716,1044865.6106703434,1.5917482109858683
2954.576658203235,7081.59969592716,1044598.3374120424,1.580532475370799
2971.717297255865,7081.59969592716,1045749.1851072324,1.5672612195692794
2980.7477542709003,7081.59969592716,1046005.0442750871,1.5572360348891199
2992.3187887453596,7081.59969592716,1046287.7969252905,1.5455146628676346
3024.8695778262095,7081.59969592716,1046884.2061871145,1.5327252995497975
3024.8695778262095,7081.59969592716,1049467.1435575287,1.5198993111076777
3047.388020792055,7081.59969592716,1053733.6687811795,1.49853966198622
3055.1267298595753,7081.59969592716,1056996.882113012,1.4805387634340121
3067.83851408096,7081.59969592716,1060776.2718125412,1.4631072759995185
3087.286584284995,7081.59969592716,1066175.5904947089,1.4419135714238114
3087.286584284995,7081.59969592716,1068521.7849823143,1.4298367677876942
3087.286584284995,7081.59969592716,1070109.0687529,1.4213164120768789
3087.286584284995,7081.59969592716,1072402.7917040463,1.4103117709831943
3087.286584284995,7081.59969592716,1077062.581653368,1.3925154587493747
3087.286584284995,7081.59969592716,1080724.538758595,1.3814846844378745
3087.286584284995,7081.59969592716,1081599.4793851005,1.3775890844650915
3087.286584284995,7081.59969592716,1089431.991537089,1.355384924029182
3087.286584284995,7081.59969592716,1093306.728129641,1.3455669944340656
3087.286584284995,7081.59969592716,1099599.0141715899,1.3265673432566671
3087.286584284995,7081.59969592716,1106390.334203172,1.3106910027332008
3087.286584284995,7081.59969592716,1110086.4831176982,1.3007659169514492
3087.286584284995,7081.59969592716,1115696.5823157255,1.2866630725121688
3087.286584284995,7081.59969592716,1124284.3767752245,1.2722941860550674
3087.286584284995,7081.59969592716,1137485.220401712,1.2505050963797228
3087.286584284995,7081.59969592716,1144045.4407096186,1.241713695937395
3087.286584284995,7081.59969592716,1152740.561181868,1.2292550928072141
3087.286584284995,7081.59969592716,1153981.6310678723,1.2272631175918467
3087.286584284995,7081.59969592716,1163771.0375594208,1.2157515386007982
3087.286584284995,7081.59969592716,1176953.1428776137,1.196877535891002
3087.286584284995,7081.59969592716,1183525.389067973,1.188385302338275
3087.286584284995,7081.59969592716,1192082.9200168943,1.1784760066771838
3087.286584284995,7081.59969592716,1202021.9291267812,1.1696011881423949
3087.286584284995,7081.59969592716,1216051.4862781367,1.1605611802325162
3087.286584284995,7081.59969592716,1221903.397495184,1.1534198327054033
3087.286584284995,7081.59969592716,1233687.725794057,1.1440847028533625
3087.286584284995,7081.59969592716,1248806.7977439866,1.1312915165797117
3087.286584284995,7081.59969592716,1258886.6911665634,1.1250202376878005
3087.286584284995,7081.59969592716,1272698.722550811,1.1097724305618282
3087.286584284995,7081.59969592716,1285553.9146683277,1.094868923944245
3087.286584284995,7081.59969592716,1298848.968087684,1.0816778711774682
3087.286584284995,7081.59969592716,1310989.3373306163,1.0744226352937825
3087.286584284995,7081.59969592716,1320839.7552284508,1.0633596110647805
3087.286584284995,7081.59969592716,1329386.4987201146,1.0546049827879442
3087.286584284995,7081.59969592716,1338741.8815860585,1.0465115077762597
3087.286584284995,7081.59969592716,1347194.9265807099,1.037794855029466
3087.286584284995,7081.59969592716,1357263.2976104738,1.0249560417165022
3087.286584284995,7081.59969592716,1371692.32274951,1.0189145387159246
3087.286584284995,7081.59969592716,1381239.250106012,1.0106154103865244
3087.286584284995,7081.59969592716,1391044.6188498933,1.0034227261850985
3087.286584284995,7081.59969592716,1400043.2044454853,0.995469539990285
3087.286584284995,7081.59969592716,1414949.2104157223,0.9849219886797477
3087.286584284995,7081.59969592716,1428949.2534512877,0.9759104197628227
3087.286584284995,7081.59969592716,1443954.5342733387,0.968499085063742
3087.286584284995,7081.59969592716,1457149.3718606886,0.9555598881674389
3087.286584284995,7081.59969592716,1475309.675940068,0.9428639627314968
3087.286584284995,7081.59969592716,1486026.730509157,0.9363177482184604
3087.286584284995,7081.59969592716,1496025.7472605207,0.9255418374886847
3087.286584284995,7081.59969592716,1512092.9166430898,0.915272251123305
3087.286584284995,7081.59969592716,1531006.4778376117,0.9011204451181558
3087.286584284995,7081.59969592716,1544707.8882491272,0.8920989767387308
3087.286584284995,7081.59969592716,1554775.5163507895,0.8834967283130772
3087.286584284995,7081.59969592716,1563488.762055162,0.873743679110742
3087.286584284995,7081.59969592716,1573226.917696061,0.866566795625825
3087.286584284995,7081.59969592716,1581976.4203024074,0.8559187608479973
3087.286584284995,7081.59969592716,1589254.4005227603,0.8464204521036712
3087.286584284995,7081.59969592716,1601267.396700172,0.8370109069028652
3087.286584284995,7081.59969592716,1611121.4614268336,0.8268165019571424
3087.286584284995,7081.59969592716,1620071.9108570733,0.81749897276907
3087.286584284995,7081.59969592716,1627478.5594499432,0.8097742306427546
3087.286584284995,7081.59969592716,1641289.374464859,0.796840526102161
3087.286584284995,7081.59969592716,1647197.3297253211,0.788434087429255
3087.286584284995,7081.59969592716,1656349.757634998,0.7749824559785758
3087.286584284995,7081.59969592716,1666894.6763595382,0.7625970173895936
3087.286584284995,7081.59969592716,1676879.8066835753,0.7486176290206055
3087.286584284995,7081.59969592716,1683396.0582776535,0.7395152564418894
3087.286584284995,7081.59969592716,1691670.2864384253,0.7263750901946211
3087.286584284995,7081.59969592716,1699241.8882016335,0.7135227646017888
3087.286584284995,7081.59969592716,1710728.899351595,0.6979138234366596
3087.286584284995,7081.59969592716,1717936.9870330498,0.6804167273852991
3087.286584284995,7081.59969592716,1723402.1338681967,0.666207552330204
3087.286584284995,7081.59969592716,1731365.2886476186,0.6550943905779969
3087.286584284995,7081.59969592716,1735001.1509000733,0.6455126241218061
3087.286584284995,7081.59969592716,1741269.6388765592,0.63117542581956
3087.286584284995,7081.59969592716,1748281.6375518332,0.6153294661003803
3087.286584284995,7081.59969592716,1750885.6755727015,0.6039581930407929
3087.286584284995,7081.59969592716,1755295.3916733705,0.5908123048377802
3087.286584284995,7081.59969592716,1616971.2115639877,0.3675955421687658
3087.286584284995,3766.1928848511507,1477482.824229784,0.06623929191392502
3147.641176876535,3766.1928848511507,1482669.0246164775,0.05154093685992556
3218.420327708815,3766.1928848511507,1486993.9957838114,0.034213520670740016
3249.568240104265,3766.1928848511507,1488674.44554066,0.020067442802131786
3286.8472413196105,3766.1928848511507,1489382.815817979,0.009366388965982232
3320.37750235361,3766.1928848511507,1487868.4727563625,-0.004877957540967423
3349.6986978404802,3766.1928848511507,1489484.222110013,-0.017311032947253148
3403.957349237035,3766.1928848511507,1489032.6772574666,-0.025303760210836933
3453.119286177035,3766.1928848511507,1488497.908845149,-0.03939707833850093
3516.6362448061554,3766.1928848511507,1486693.7745146807,-0.049787788245107795
3556.5271665805503,3766.1928848511507,1485631.2005761364,-0.05868377597720679
3562.298616483205,3766.1928848511507,1482476.5274053016,-0.07303696233706518
3562.298616483205,3766.1928848511507,1477754.270024803,-0.08568327696152347
3562.298616483205,3766.1928848511507,1472056.171187764,-0.09771639859030123
3562.298616483205,3766.1928848511507,1466151.0135540587,-0.10963332713969383
3570.68535358795,3766.1928848511507,1460822.1046005157,-0.12533205775077083
3570.68535358795,3766.1928848511507,1456381.8203782854,-0.13384237549861155
3570.68535358795,3766.1928848511507,1448922.193284645,-0.1462820713271059
3570.68535358795,3766.1928848511507,1442309.8897948319,-0.15671678982375745
3576.1993664105,3766.1928848511507,1436833.3512273482,-0.1736562610878659
3576.1993664105,3766.1928848511507,1426933.1547007211,-0.1841056479617118
3576.1993664105,3766.1928848511507,1421984.8350899233,-0.19714351135470584
3576.1993664105,3766.1928848511507,1416352.0926650239,-0.20795205667480612
3576.1993664105,3766.1928848511507,1404498.5785786193,-0.21320428833888072
3576.1993664105,3766.1928848511507,1394299.6929797637,-0.2230707598383488
3576.1993664105,3766.1928848511507,1383829.6329317717,-0.232802644035037
3576.1993664105,3766.1928848511507,1374610.3030255074,-0.24062760015419266
3576.1993664105,3766.1928848511507,1363510.2891647748,-0.24303548647767761
3576.1993664105,3766.1928848511507,1351140.520001215,-0.25438394050514274
3576.1993664105,3766.1928848511507,1342617.6022102567,-0.26031132922006783
3576.1993664105,3766.1928848511507,1335758.4986885465,-0.26354672793932665
3576.1993664105,3766.1928848511507,1324144.8097107913,-0.27122823585419287
3576.1993664105,3766.1928848511507,1313848.8723993676,-0.2752568254902383
3576.1993664105,3766.1928848511507,1299985.8933215041,-0.2782121143877542
3576.1993664105,3766.1928848511507,1287735.4748227783,-0.27888052483254067
3576.1993664105,3766.1928848511507,1281391.9014795597,-0.27968713449988813
3576.1993664105,3766.1928848511507,1269469.4626098159,-0.28100249211775397
3576.1993664105,3766.1928848511507,1253955.1111239395,-0.2815678477089558
3576.1993664105,3766.1928848511507,1245853.8179673906,-0.28397998833925336
3576.1993664105,3766.1928848511507,1231204.280678177,-0.28190230934554983
3576.1993664105,3766.1928848511507,1221274.514627491,-0.28320414566240515
3576.1993664105,3766.1928848511507,1209460.6533920974,-0.28330497335212695
3576.1993664105,3766.1928848511507,1197978.146826127,-0.28141986620685744
3576.1993664105,3766.1928848511507,1184365.949534045,-0.27684323710684455
3576.1993664105,3766.1928848511507,1175174.7002230939,-0.27463398310275156
3576.1993664105,3766.1928848511507,1158954.3892299754,-0.26196668347905866
3576.1993664105,3766.1928848511507,1145202.3241828843,-0.25164188432278767
3576.1993664105,3766.1928848511507,1132693.9354361654,-0.24411714671091028
3576.1993664105,3766.1928848511507,1121447.0150431592,-0.2376485554419966
3576.1993664105,3766.1928848511507,1109430.2825949306,-0.23068312343698769
3624.54197880732,6223.907593452101,1178295.48621189,0.011507187554946896
3677.6298669007806,6223.907593452101,1245132.652227764,0.20566628668391643
3677.6298669007806,6223.907593452101,1230849.6966539442,0.21650677636490462
3677.6298669007806,6223.907593452101,1214706.7374778904,0.23461451383836818
3677.6298669007806,5874.69226638927,1193196.9346703882,0.26554804083396877
3677.6298669007806,5874.69226638927,1180317.6452814827,0.2810081310841115
3677.6298669007806,5874.69226638927,1172162.523714943,0.2909011327449631
3677.6298669007806,5874.69226638927,1163833.3459628234,0.30064678662729233
3677.6298669007806,5874.69226638927,1151194.3230922152,0.3179833832838095
3677.6298669007806,5874.69226638927,1138619.3978173505,0.33448844400098376
3677.6298669007806,5874.69226638927,1131225.4253620058,0.3424831940256254
3677.6298669007806,5863.671241460331,1114381.670263447,0.36334568899354885
3677.6298669007806,5863.671241460331,1103042.4204982414,0.3800284882077165
3677.6298669007806,5863.671241460331,1094657.7778231453,0.3921066955258783
3677.6298669007806,5863.671241460331,1084889.1919836765,0.4093938889436666
3677.6298669007806,5863.671241460331,1074552.6489670172,0.4266534297044341
3677.6298669007806,5863.671241460331,1061960.7436901976,0.4384573458158771
3677.6298669007806,5863.671241460331,1048874.458119862,0.4589925168704962
3677.6298669007806,5863.671241460331,1038662.3994734127,0.4717365477346058
3677.6298669007806,5863.671241460331,1024838.1357732263,0.495323048160779
3677.6298669007806,5507.9628131808295,1008677.5519335448,0.5262542982741315
3677.6298669007806,5507.9628131808295,1001374.2349921948,0.5367380153422682
3677.6298669007806,5507.9628131808295,991193.4809528325,0.5515208142409586
3677.6298669007806,5501.54613708015,979364.9018514048,0.5675442623254602
3677.6298669007806,5501.54613708015,968298.2628160563,0.5836804427085018
3677.6298669007806,5501.54613708015,962939.5259541953,0.5904612529691168
3677.6298669007806,5414.7156046358205,952066.5587996464,0.6085497642834969
3677.6298669007806,5414.7156046358205,949036.9429087953,0.6128968553669359
3677.6298669007806,5363.50024805121,937884.7936185573,0.6279662553497166
3677.6298669007806,5363.50024805121,928841.3868183863,0.6359165530828061
3677.6298669007806,5363.50024805121,923833.7291176805,0.6437565075667787
3677.6298669007806,5363.50024805121,918747.9142956882,0.6483246359731912
3677.6298669007806,5256.079555419641,909551.991788225,0.6638071197039717
3677.6298669007806,5256.079555419641,904696.6761634739,0.6699093726507377
3677.6298669007806,5256.079555419641,898168.5202904075,0.6730403498197333
3677.6298669007806,5256.079555419641,893249.6896948225,0.6728736769462514
3677.6298669007806,5256.079555419641,889264.9357910586,0.6688335897743868
3677.6298669007806,5256.079555419641,882545.1295361156,0.6721383748774321
3677.6298669007806,5256.079555419641,880516.8197840522,0.6732621662475312
3677.6298669007806,5256.079555419641,877029.1765629025,0.6708717133886001
3677.6298669007806,5256.079555419641,875424.1105710306,0.6695481214207474
3677.6298669007806,5256.079555419641,872068.5716444926,0.6674066301571872
3677.6298669007806,5256.079555419641,870336.2488139244,0.6632819121265264
3677.6298669007806,5256.079555419641,867704.5480412915,0.6587662777149809
3685.40941226266,5256.079555419641,864845.9356608384,0.6515781744650396
3685.40941226266,5256.079555419641,863372.1539352492,0.6477032041228953
3685.40941226266,5256.079555419641,861896.532374625,0.643211027041037
3702.033028470275,5256.079555419641,860704.8046261736,0.6359390970726696
3719.22841642943,5256.079555419641,860389.8658524737,0.627076303056239
3746.869380902795,5256.079555419641,859136.030316335,0.6196522598596615
3781.0751200114146,5256.079555419641,858161.0120328474,0.6126001046473045
3797.74135938749,5256.079555419641,857415.6117168542,0.6061760096149114
3807.1142071965005,5256.079555419641,857453.5753444757,0.6014689683373055
3807.1142071965005,5256.079555419641,857827.0115147259,0.5976682844601082
3813.762717100515,5256.079555419641,857992.6088439706,0.5936870882205622
3813.762717100515,5256.079555419641,859498.8665404151,0.5842220039666671
3813.762717100515,5256.079555419641,859408.1946926548,0.5852036778969187
3835.818636631575,5256.079555419641,860598.1154397216,0.573699705740934
3857.39424004843,5256.079555419641,860866.0864390916,0.5637362291197117
3861.8028009546797,5256.079555419641,864265.9452839138,0.5474213235762306
3861.8028009546797,5256.079555419641,865957.6431681624,0.5392206031007473
3861.8028009546797,5256.079555419641,870091.5364525131,0.526848883849311
3864.7295558423502,5256.079555419641,872190.0559279866,0.5106486676024574
3864.7295558423502,5256.079555419641,874420.1456060646,0.5049614773181365
3864.7295558423502,5256.079555419641,876616.1434664942,0.4971080579970951
3864.7295558423502,5256.079555419641,876980.1210469555,0.49529271379513296
3864.7295558423502,5256.079555419641,883828.8047678412,0.48656696410566513
3864.7295558423502,5256.079555419641,886683.2700376458,0.476870521421141
3864.7295558423502,5256.079555419641,897230.8599313569,0.46755728188874496
3864.7295558423502,5256.079555419641,901807.4873368905,0.46271036597022025
3864.7295558423502,5256.079555419641,903767.6484442522,0.46090092638828983
3864.7295558423502,5256.079555419641,910064.1857763272,0.456270864484979
3864.7295558423502,5256.079555419641,917017.7114316188,0.4524799401710005
3864.7295558423502,5256.079555419641,924016.3117094432,0.4425961580230504
3864.7295558423502,5256.079555419641,929424.6402097427,0.4401445574927229
3864.7295558423502,5256.079555419641,939302.0676504255,0.4409885031633607
3864.7295558423502,5256.079555419641,943724.7482172872,0.43639482554491926
3864.7295558423502,5256.079555419641,950657.4531696572,0.43357442928255524
3864.7295558423502,5256.079555419641,958943.0345067596,0.4338039270840394
3864.7295558423502,5256.079555419641,960018.4859305212,0.43363915270075687
3864.7295558423502,5256.079555419641,965431.043983645,0.42868323648780293
3864.7295558423502,5256.079555419641,976047.4835730982,0.43257031847613875
3864.7295558423502,5256.079555419641,980570.9387299645,0.43268348447828625
3864.7295558423502,5256.079555419641,985420.0554266428,0.43234933479736526
3864.7295558423502,5256.079555419641,994136.7270269308,0.4330865156758225
3864.7295558423502,5256.079555419641,1002405.3620738575,0.43251471762231175
3864.7295558423502,5256.079555419641,1010391.8111657798,0.43271687639462914
3864.7295558423502,5256.079555419641,1015112.7627695241,0.4327606298655047
3864.7295558423502,5256.079555419641,1024500.3615887284,0.43092076878472657
3864.7295558423502,5256.079555419641,1039471.4537585358,0.4336641276648933
3864.7295558423502,5256.079555419641,1052868.4074386335,0.43619033849920774
3864.7295558423502,5256.079555419641,1064091.6742502742,0.4344855752834278
3864.7295558423502,5256.079555419641,1085836.9494931174,0.4437825742721796
3864.7295558423502,5256.079555419641,1099349.2358882807,0.452124099888109
3864.7295558423502,5256.079555419641,1110118.3046971576,0.450889606349975
3864.7295558423502,5256.079555419641,1122320.9968854603,0.4517275733863214
3864.7295558423502,5256.079555419641,1127356.9396376105,0.4484008257169567
3864.7295558423502,5256.079555419641,1141540.915345443,0.453841866606946
3864.7295558423502,5256.079555419641,1154511.6803792878,0.4576754373689183
3864.7295558423502,5256.079555419641,1163001.8605318049,0.45931965508620975
3864.7295558423502,5256.079555419641,1175519.4925040735,0.4593794038042046
3864.7295558423502,5256.079555419641,1185935.5861301813,0.4620323886744009
3864.7295558423502,5256.079555419641,1201585.1917457206,0.4657226290889714
3864.7295558423502,5256.079555419641,1213185.1232058883,0.4620087138616891
3864.7295558423502,5256.079555419641,1227252.4216728,0.4662840993047778
3864.7295558423502,5256.079555419641,1239599.1985439532,0.46954518950519286
3864.7295558423502,5256.079555419641,1248809.7838290865,0.46883943466929934
3864.7295558423502,5256.079555419641,1261269.3126685203,0.4663760673056654
3864.7295558423502,5256.079555419641,1281855.502809596,0.4665756503601126
3864.7295558423502,5256.079555419641,1293922.2395746005,0.46418466401353836
3864.7295558423502,5256.079555419641,1304220.7782201115,0.45762389019780225
3864.7295558423502,5256.079555419641,1314657.7054051766,0.4496906302628452
3864.7295558423502,5256.079555419641,1325776.9394284547,0.44744040112829436
3864.7295558423502,5256.079555419641,1339115.7263224816,0.443196951749536
3864.7295558423502,5256.079555419641,1352440.8850973542,0.43822612418981965
3864.7295558423502,5256.079555419641,1364363.798879207,0.43178670458577706
3864.7295558423502,5256.079555419641,1369296.2585175864,0.4287961957076857
3864.7295558423502,5256.079555419641,1381094.8800270108,0.41930059139821396
3864.7295558423502,5256.079555419641,1395576.7736620435,0.41284725858173066
3864.7295558423502,5256.079555419641,1400582.9588660572,0.4080376388127755
3864.7295558423502,5256.079555419641,1412876.684685282,0.40176010655904487
3864.7295558423502,5256.079555419641,1420472.0203446606,0.3931769565277015
3864.7295558423502,5256.079555419641,1430316.5746912837,0.38497827540037455
3864.7295558423502,5256.079555419641,1437272.3887281723,0.37669733553228885
3864.7295558423502,5256.079555419641,1447516.0084606835,0.3713686762247598
3864.7295558423502,5256.079555419641,1455476.944042203,0.362519504714433
3864.7295558423502,5256.079555419641,1465827.9873064174,0.351205825452738
3864.7295558423502,5256.079555419641,1471976.691457389,0.34424830279790636
3864.7295558423502,5256.079555419641,1478161.2186675856,0.33200686144701985
3864.7295558423502,5256.079555419641,1482903.9558833034,0.3239503267755267
3864.7295558423502,5256.079555419641,1487613.4901049885,0.3167312584144323
3864.7295558423502,5256.079555419641,1494019.2255950079,0.3031272905488445
3864.7295558423502,5256.079555419641,1503498.7062493395,0.2912211707134992
3864.7295558423502,5256.079555419641,1510552.701697011,0.2807908707211099
3864.7295558423502,5256.079555419641,1514985.6856256807,0.2718232592148001
3864.7295558423502,5256.079555419641,1520429.2925527568,0.2624043513704029
3864.7295558423502,5256.079555419641,1523478.6903310807,0.2553861030045855
3864.7295558423502,5256.079555419641,1526843.7120059861,0.24395344344330835
3867.252603725635,5256.079555419641,1530401.6691881032,0.2292177274903148
3907.83918004891,5256.079555419641,1537949.7522898281,0.2120126455098466
3907.83918004891,5256.079555419641,1541179.9229273915,0.19997338480458338
3951.5541925949697,5256.079555419641,1542100.3151318014,0.18413047278110814
3972.4617561631003,5256.079555419641,1542040.4784781781,0.17638938423286238
4002.6127579798704,5256.079555419641,1543446.4360838928,0.1595650872463173
4048.21001869561,5256.079555419641,1544444.1496907938,0.14299897973068412
4114.37226152298,5256.079555419641,1543548.67923438,0.13378835802172986
4188.006959478231,5256.079555419641,1542260.787856327,0.12003659821401876
4266.67338979356,5256.079555419641,1539542.9102868016,0.10783566220046026
4322.347518730136,5256.079555419641,1537041.1492300124,0.0941179483337118
4368.962173640741,5256.079555419641,1536034.3210875534,0.08479936825259252
4426.527521761425,5256.079555419641,1531760.2527371312,0.06923417047109415
4461.189766389275,5256.079555419641,1528654.7969935595,0.0568711318251339
4461.189766389275,5256.079555419641,1524059.097533901,0.044492714831054374
4461.189766389275,5256.079555419641,1523256.998861912,0.03641394763952278
4461.189766389275,5256.079555419641,1518269.3477432262,0.02897281414508334
4461.189766389275,5256.079555419641,1515694.3443907797,0.022606551533772015
4468.69050236324,5256.079555419641,1511569.1070416246,0.009960192104019066
4468.69050236324,5256.079555419641,1501889.8485902308,-0.0005540136276316138
4468.69050236324,5256.079555419641,1495985.9838031763,-0.010780718557470497
4468.69050236324,5256.079555419641,1490655.1116857282,-0.016752952843599258
4468.69050236324,5256.079555419641,1482946.9310343887,-0.030065451322550844
4468.69050236324,5256.079555419641,1470198.314571908,-0.0358082460144181
4468.69050236324,5256.079555419641,1465731.1205285823,-0.04349593407828043
4468.69050236324,5256.079555419641,1456420.0554220374,-0.04995185997990542
4468.69050236324,5256.079555419641,1442924.4114586127,-0.05699086569656282
4468.69050236324,5256.079555419641,1436701.9719633379,-0.06139992337131973
4468.69050236324,5256.079555419641,1425302.123744218,-0.06841581785282812
4468.69050236324,5256.079555419641,1414720.9083564845,-0.07522229204623883
4468.69050236324,5256.079555419641,1402540.0750098948,-0.07661050875335203
4468.69050236324,5256.079555419641,1388107.8630361136,-0.07348956902074485
4468.69050236324,5256.079555419641,1375809.1123435248,-0.07630659486390177
4468.69050236324,5256.079555419641,1369443.771435249,-0.07600572413130083
4468.69050236324,5256.079555419641,1356685.8769344601,-0.07818727453370174
4468.69050236324,5256.079555419641,1343747.4035475575,-0.07969058805764938
4468.69050236324,5256.079555419641,1331075.2059374028,-0.08084902199655092
4468.69050236324,5256.079555419641,1320099.3307308808,-0.07990512324066042
4468.69050236324,5256.079555419641,1304491.9588644193,-0.08008883200038806
4468.69050236324,5256.079555419641,1290815.478755591,-0.076002041672311
4468.69050236324,5256.079555419641,1276944.7433359243,-0.06873404846662828
4468.69050236324,5256.079555419641,1259767.1603752298,-0.05801202868458101
4468.69050236324,5245.28587304338,1243811.996212952,-0.045206075101260595
4468.69050236324,5245.28587304338,1230106.8860381658,-0.03455428753751582
4468.69050236324,5245.28587304338,1213874.4834076408,-0.02377226195272175
4468.69050236324,5245.28587304338,1199017.6320953462,-0.013474734450566586
4461.189766389275,5245.28587304338,1148669.2856420712,-0.10025893726426252
4451.721789626576,3690.3429415762994,1096826.161897784,-0.20572218154846927
4451.721789626576,3690.3429415762994,1088542.7365039147,-0.20327931285021766
4451.721789626576,3690.3429415762994,1077286.8135412424,-0.19685545136493318
4451.721789626576,3690.3429415762994,1062622.630995749,-0.19189520704232724
4451.721789626576,3690.3429415762994,1050762.7572180887,-0.18254612170568568
4451.721789626576,3690.3429415762994,1033786.9841162801,-0.16834951071620968
4451.721789626576,3690.3429415762994,1019756.003195819,-0.1545340656146653
4451.721789626576,3690.3429415762994,1007994.2219803947,-0.14152747876521019
4451.721789626576,3690.3429415762994,997600.1680178142,-0.13063622159533805
4451.721789626576,3690.3429415762994,984882.3009287057,-0.11861235502510423
4451.721789626576,3690.3429415762994,979038.4354669445,-0.11442387613495889
4451.721789626576,3690.3429415762994,965661.19368103,-0.10017545225658643
4451.721789626576,3690.3429415762994,950797.3551822901,-0.08269489688303244
4451.721789626576,3570.80535076589,932396.9871506698,-0.05730500106378441
4451.721789626576,3331.2014728545496,919628.7024147615,-0.03698045545065935
4451.721789626576,3331.2014728545496,913244.5877281667,-0.034899026582140356
4451.721789626576,3331.2014728545496,906961.996349796,-0.025450544292770678
4451.721789626576,3331.2014728545496,902611.0203457776,-0.01947893712811155
4451.721789626576,3331.2014728545496,890896.9249576803,-0.008328248747725458
4451.721789626576,3331.2014728545496,879202.7400384526,0.0027814298905908656
4451.721789626576,3331.2014728545496,870733.6934134297,0.015469278968158825
4451.721789626576,3331.2014728545496,861673.4986919035,0.02440752395733558
4451.721789626576,3331.2014728545496,858266.4635482421,0.028230894506709615
4451.721789626576,3331.2014728545496,849218.7103059267,0.033351181433821514
4451.721789626576,3331.2014728545496,839483.2891324639,0.04493124979835498
4451.721789626576,3331.2014728545496,831233.3548812296,0.05416995798432664
4451.721789626576,3234.490777535211,819170.7320424675,0.07310872818011462
4451.721789626576,3234.490777535211,815706.228346304,0.07668070462221672
4451.721789626576,3234.490777535211,810853.8259328678,0.07745272322427893
4451.721789626576,3067.5399983923708,799216.1987221696,0.09344238957395273
4451.721789626576,3067.5399983923708,791256.93866526,0.09937208874432549
4451.721789626576,3067.5399983923708,783146.096281269,0.10969535625790135
4451.721789626576,2955.12821672534,774010.1423614662,0.12085766376499807
4451.721789626576,2955.12821672534,769506.3650181508,0.1214413289058672
4451.721789626576,2955.12821672534,767948.2372581396,0.12236101303361915
4451.721789626576,2955.12821672534,766801.3716727219,0.12214823217625723
4451.721789626576,2955.12821672534,762882.4297464163,0.12267901209996807
4451.721789626576,2936.9795774070794,753254.3924693858,0.1281415907365132
4451.721789626576,2936.9795774070794,750084.3466279954,0.12791882696763437
4451.721789626576,2936.9795774070794,745128.992945258,0.12936014588251163
4451.721789626576,2936.9795774070794,740210.0178915064,0.12583132395382557
4451.721789626576,2936.9795774070794,737097.1655310603,0.1236622066845763
4451.721789626576,2936.9795774070794,733091.8488248567,0.1163017311530517
4451.721789626576,2936.9795774070794,731888.77566899,0.11495666112565368
4451.721789626576,2936.9795774070794,727953.0674750174,0.1100480171832988
4451.721789626576,2936.9795774070794,724497.7131899736,0.10540582143807667
4451.721789626576,2936.9795774070794,722324.3564360542,0.09961244617412107
4461.189766389275,2936.9795774070794,720936.523489352,0.09060788522867884
4468.69050236324,2936.9795774070794,718571.204687195,0.07934718763349558
4468.69050236324,2936.9795774070794,716257.1413150165,0.07171377716440601
4468.69050236324,2936.9795774070794,714148.7047202433,0.06639276749073356
4473.703151923644,2936.9795774070794,712326.8382978523,0.057577947773065734
4487.55187893087,2936.9795774070794,711916.8078135249,0.043037885085086804
4498.413661428225,2936.9795774070794,710460.4828926221,0.03032999785105822
4505.6029464977855,2936.9795774070794,710287.2225613912,0.024483321578677438
4512.15722863952,2936.9795774070794,708792.8682476329,0.00944983602210887
4513.597876085705,2936.9795774070794,709658.7581899913,-0.00336870782145576
4536.842127724885,2936.9795774070794,711263.306233034,-0.020939684635688634
4536.842127724885,2936.9795774070794,712693.7548842492,-0.028364473727727192
4575.15606473586,2936.9795774070794,713095.6200396579,-0.03736915608893546
4575.15606473586,2936.9795774070794,717309.5743883878,-0.04507469242308787
4592.7511263088645,2936.9795774070794,719161.0274415746,-0.0555122177959936
4598.149219068375,2936.9795774070794,723065.9534767878,-0.06553672344326773
4607.1478700064945,2936.9795774070794,727193.8497453692,-0.07708657545133914
4628.219231725145,2936.9795774070794,727295.3191194469,-0.09030586615832198
4628.219231725145,2936.9795774070794,731862.5339201115,-0.09188970619878256
4659.141913575155,2936.9795774070794,735205.8354264966,-0.10200105383643294
4659.141913575155,2936.9795774070794,735439.5849824266,-0.10214926503175278
4659.141913575155,2936.9795774070794,739189.4967764835,-0.10563788272000453
4659.141913575155,2936.9795774070794,743752.8506434842,-0.11047111128990125
4659.141913575155,2936.9795774070794,747664.6422501189,-0.11161774142051357
4659.141913575155,2936.9795774070794,751343.3976600233,-0.11194827578833724
4659.141913575155,2936.9795774070794,759683.738390024,-0.10847378475244437
4659.141913575155,2936.9795774070794,767032.6147703665,-0.10502562891717118
4659.141913575155,2936.9795774070794,771096.1024854755,-0.10158998365536535
4659.141913575155,2936.9795774070794,777002.727800435,-0.10387458995803542
4659.141913575155,2937.77009261409,786173.8959632649,-0.09585347349487802
4659.141913575155,2937.77009261409,793290.2368541661,-0.08881562665564872
4659.141913575155,2937.77009261409,800569.1373570855,-0.08800849980862735
4659.141913575155,2937.77009261409,808325.3896620915,-0.08726277303900798
4659.141913575155,2937.77009261409,813111.3707101998,-0.08197638600569508
4659.141913575155,2937.77009261409,821353.94367352,-0.07625333534131877
4659.141913575155,3039.9323854917297,831641.0042715765,-0.06741469181409532
4659.141913575155,3156.7181473239484,842370.0410130009,-0.053976901674429006
4659.141913575155,3156.7181473239484,852291.178541818,-0.04418957428143004
4659.141913575155,3156.7181473239484,857779.6705015791,-0.04150469407054312
4659.141913575155,3173.389045658659,869831.1635355145,-0.030268016147703605
4659.141913575155,3325.6008558341196,883811.6481045494,-0.013091325768033757
4659.141913575155,3325.6008558341196,888479.9401563092,-0.008479460977478183
4659.141913575155,3325.6008558341196,892563.0079998708,-0.005134358592681824
4659.141913575155,3361.7764605979296,906188.1484995832,0.012029031169840438
4659.141913575155,3361.7764605979296,910507.2808011861,0.018721160173454012
4659.141913575155,3368.207534932369,919889.632196844,0.03343836859793121
4659.141913575155,3368.207534932369,931346.3197847572,0.04488099676463348
4659.141913575155,3611.449882028029,948476.5687657325,0.07055319422869959
4659.141913575155,3611.449882028029,968139.1038199229,0.08725202385114944
4659.141913575155,3611.449882028029,979952.2348775815,0.1027840375813658
4659.141913575155,3611.449882028029,993401.195179755,0.11957041967227584
4659.141913575155,3611.449882028029,1009399.3194439568,0.13661327754933442
4659.141913575155,3611.449882028029,1025677.2759380899,0.15429819957456165
4659.141913575155,3611.449882028029,1034963.4545951135,0.1607395356699448
4659.141913575155,3701.7781294396495,1050895.6079401264,0.18064048555043066
4659.141913575155,3701.7781294396495,1060838.8837495053,0.18417423187013904
4659.141913575155,3701.7781294396495,1065166.7935621233,0.18649027359550502
4659.141913575155,3701.7781294396495,1075993.6471366126,0.1953249675704005
4659.141913575155,3701.7781294396495,1092284.4144976952,0.20696141454710215
4659.141913575155,3701.7781294396495,1107170.157563281,0.2169708774289365
4659.141913575155,3701.7781294396495,1118525.5812094503,0.22757774279923446
4659.141913575155,3701.7781294396495,1132340.019611796,0.23505876546336682
4659.141913575155,3701.7781294396495,1145810.5489691494,0.23773097648154565
4659.141913575155,3701.7781294396495,1161724.3942813803,0.24219775601560187
4659.141913575155,3770.52727001796,1181322.80490318,0.2554359297673507
4659.141913575155,3770.52727001796,1193279.6315422212,0.2591385218476437
4659.141913575155,3770.52727001796,1207663.7684792571,0.26471666816687256
4659.141913575155,3770.52727001796,1222785.2735343007,0.26877498384771137
4659.141913575155,3770.52727001796,1242313.5413806387,0.2713693154829101
4659.141913575155,3770.52727001796,1252701.9452412317,0.2698544857716035
4659.141913575155,3770.52727001796,1262973.6541937354,0.27103024621428323
4659.141913575155,3770.52727001796,1279042.9584475535,0.26718272478931404
4659.141913575155,3770.52727001796,1289499.85587038,0.26675506263440313
4659.141913575155,3770.52727001796,1304031.6724234484,0.2629330154159541
4659.141913575155,3770.52727001796,1315772.7374023132,0.2601689291624665
4659.141913575155,3770.52727001796,1326534.5997967941,0.2536700839177619
4659.141913575155,3770.52727001796,1333103.0927331836,0.2507323294135333
4659.141913575155,3770.52727001796,1347594.860188907,0.24695284074814491
4659.141913575155,3770.52727001796,1358712.22441458,0.243377025355738
4659.141913575155,3770.52727001796,1372470.3422209038,0.23742885028788546
4659.141913575155,3770.52727001796,1378736.6827254095,0.22924093725794625
4659.141913575155,3770.52727001796,1392876.783417634,0.22065911752718465
4659.141913575155,3770.52727001796,1404425.0351408417,0.21144493849848447
4659.141913575155,3770.52727001796,1413220.9425301284,0.20320128995225042
4659.141913575155,3770.52727001796,1422715.2313958483,0.19824423600968616
4659.141913575155,3770.52727001796,1431928.5046969536,0.19101070023448682
4659.141913575155,3770.52727001796,1442131.3870026881,0.18068356387217696
4659.141913575155,3770.52727001796,1451297.3385860715,0.17172355499366967
4659.141913575155,3770.52727001796,1459451.479446978,0.1596258969651994
4659.141913575155,3770.52727001796,1467016.2696694655,0.14796375763300879
4659.141913575155,3770.52727001796,1472588.4522054123,0.13813421028921577
4659.141913575155,3770.52727001796,1478553.074866723,0.1325025086713785
4659.141913575155,3770.52727001796,1483431.8687090427,0.12216921787312118
4659.141913575155,3770.52727001796,1491274.3157827647,0.10991457338749813
4672.570951434414,3770.52727001796,1495102.897046403,0.09337523130666867
4672.570951434414,3770.52727001796,1502053.799009459,0.0825405337696418
4672.570951434414,3770.52727001796,1505516.1501067877,0.07324886313751046
4704.6533699374995,3770.52727001796,1507417.293729609,0.05788231337776093
4788.193812215715,3770.52727001796,1511338.1210088762,0.04410798523648776
4862.116430134254,3770.52727001796,1514489.1787350217,0.028244609098809548
4893.32638344322,3770.52727001796,1515028.9718353823,0.017417675184411657
4935.211852946955,3770.52727001796,1516683.2525102834,0.0022277448617684277
4994.881114320985,3770.52727001796,1519179.920890304,-0.010567815730793205
5050.876310386386,3770.52727001796,1518963.4827532845,-0.022504710085385106
5118.70725438732,3770.52727001796,1519126.563507985,-0.036657841258470616
5198.462576953835,3770.52727001796,1517976.717794084,-0.047831300415703853
5273.32241467777,3770.52727001796,1513389.4127271583,-0.06209022916795294
5308.26890126334,3770.52727001796,1509396.2305953815,-0.07617766209716494
5308.26890126334,3770.52727001796,1507936.3281779063,-0.0853523472861675
5315.681417227464,3770.52727001796,1505846.8902112835,-0.10052547227291024
5315.681417227464,3770.52727001796,1502614.904022835,-0.11235768377370839
5315.681417227464,3770.52727001796,1495707.0234277663,-0.12494449016730198
5315.681417227464,3770.52727001796,1493919.3070355323,-0.13029794231103736
5315.681417227464,3770.52727001796,1487643.829254887,-0.14264714955537633
5315.681417227464,3770.52727001796,1482772.314916759,-0.1519423670664996
5315.681417227464,3770.52727001796,1476055.2029040263,-0.16236225695489845
5315.681417227464,3770.52727001796,1471078.2050817346,-0.17156520625782307
5315.681417227464,3770.52727001796,1462713.234375381,-0.1786743549180998
5315.681417227464,3770.52727001796,1456913.9367091942,-0.18902325132115816
5315.681417227464,3770.52727001796,1450831.1308976633,-0.19849135505810822
5315.681417227464,3770.52727001796,1440366.8659847951,-0.20852257002488403
5315.681417227464,3770.52727001796,1427862.5166839326,-0.21463150588830965
5315.681417227464,3770.52727001796,1421150.021179251,-0.21901857730556515
5315.681417227464,3770.52727001796,1404298.3120240031,-0.22853140582041928
5315.681417227464,3770.52727001796,1395279.4084320231,-0.23879223807936165
5315.681417227464,3770.52727001796,1387197.7481264933,-0.24457559281931862
5315.681417227464,3770.52727001796,1380089.849688198,-0.24810312609204452
5315.681417227464,3770.52727001796,1368433.8723102442,-0.25282432190702975
5315.681417227464,3770.52727001796,1361753.342198225,-0.258088039025476
5315.681417227464,3770.52727001796,1352715.8987053903,-0.25876519855996016
5315.681417227464,3770.52727001796,1338533.2399607468,-0.2602607116076975
5315.681417227464,3770.52727001796,1325421.9066177963,-0.2627244948863976
5315.681417227464,3770.52727001796,1307765.8741050889,-0.26566172545828887
5315.681417227464,3770.52727001796,1293075.3940596972,-0.26241264561161187
5315.681417227464,3770.52727001796,1278791.1719467875,-0.26840236830784225
5315.681417227464,3770.52727001796,1264758.6503142111,-0.27088709783899423
5315.681417227464,3770.52727001796,1250386.8299752977,-0.26876985240203344
5315.681417227464,3770.52727001796,1237388.5593421813,-0.26632232784315296
5315.681417227464,3770.52727001796,1223338.1856397623,-0.26444039937070674
5315.681417227464,3770.52727001796,1207555.458100235,-0.26278704256163954
5315.681417227464,3770.52727001796,1197575.0996163005,-0.26545066755309343
5315.681417227464,3770.52727001796,1182204.0764807945,-0.2595770544989946
5315.681417227464,3770.52727001796,1172561.1742262184,-0.2562838998767415
5315.681417227464,3770.52727001796,1156612.8725963477,-0.25124275783684535
5315.681417227464,3770.52727001796,1138250.7700414544,-0.24189216431459304
5315.681417227464,3770.52727001796,1123056.710363699,-0.23046332617677442
5315.681417227464,3770.52727001796,1112517.3095913113,-0.22328449541722445
5315.681417227464,3770.52727001796,1097867.1292518703,-0.2126368028112909
5315.681417227464,3770.52727001796,1084861.1948362798,-0.20511379310636457
5315.681417227464,3770.52727001796,1073570.5839299057,-0.1975928066823427
5315.681417227464,3770.52727001796,1065240.8483864244,-0.1913888668077467
5315.681417227464,3770.52727001796,1050899.953200163,-0.1761466614455115
5315.681417227464,3770.52727001796,1041223.6169302836,-0.1722616246825373
5315.681417227464,3758.59254287088,1021159.9607728481,-0.14995848575662912
5315.681417227464,3586.2311450241405,1001822.9297591143,-0.12597001065430685
5315.681417227464,3586.2311450241405,994585.0034135792,-0.11989867878901878
5315.681417227464,3586.2311450241405,986852.8116956737,-0.11420534894724413
5315.681417227464,3574.29158297836,973761.9278633691,-0.09603356531486001
5315.681417227464,3574.29158297836,962482.8669226108,-0.0875245470281329
5315.681417227464,3435.87891275134,950714.1711498253,-0.06879006240280114
5315.681417227464,3435.87891275134,944790.664283181,-0.06444055148723044
5315.681417227464,3435.87891275134,934818.7350223515,-0.05385018825480155
5315.681417227464,3435.87891275134,925198.6503178013,-0.04249246099919419
5315.681417227464,3435.87891275134,910801.029534921,-0.03261591613365032
5315.681417227464,3288.2968040987603,894157.7159017171,-0.016224197305593088
5315.681417227464,3288.2968040987603,887733.7010159264,-0.010047769029563329
5315.681417227464,3288.2968040987603,877725.9760924602,-0.0005326736820246948
5315.681417227464,3288.2968040987603,869496.5015080071,0.006172345533719692
5315.681417227464,3288.2968040987603,857789.381502377,0.019197203598860537
5315.681417227464,3288.2968040987603,847440.2970726469,0.029334252689946848
5315.681417227464,3288.2968040987603,840863.4794417309,0.03593597709702888
5315.681417227464,3121.8422550614905,831750.316916054,0.052223332180859186
5315.681417227464,3031.2014428491684,822276.6638654732,0.06358017205590756
5315.681417227464,3003.4109199909603,812569.8777457988,0.07136561872317293
5315.681417227464,3003.4109199909603,807572.0453885806,0.07462478645786355
5315.681417227464,2984.70187979442,798157.58565727,0.0823598273131215
5315.681417227464,2911.1868007949,790085.7724150792,0.09090440530846472
5315.681417227464,2911.1868007949,784566.0791128002,0.09178765592011416
5315.681417227464,2911.1868007949,776585.8415243997,0.09500660386824519
5315.681417227464,2911.1868007949,772838.8030824729,0.09367895118548332
5315.681417227464,2911.1868007949,764957.6940364421,0.10069562811886856
5315.681417227464,2911.1868007949,758495.8693932312,0.09761237175014638
5315.681417227464,2911.1868007949,752339.7048894371,0.09739812364492699
5315.681417227464,2911.1868007949,748134.1887168683,0.09769317290559118
5315.681417227464,2911.1868007949,745642.671239312,0.0951859667986328
5315.681417227464,2911.1868007949,742846.3966659926,0.09028480304042351
5315.681417227464,2911.1868007949,738648.0108452459,0.08742313561069444
5315.681417227464,2911.1868007949,733547.0507738916,0.08746933381153668
5315.681417227464,2911.1868007949,730042.0887501691,0.0833927172364654
5315.681417227464,2911.1868007949,728876.1075646187,0.07812268976607918
5320.26933502841,2911.1868007949,726559.9071788356,0.06982904854506888
5326.84792215559,2911.1868007949,723712.3322243755,0.05588497343196508
5326.84792215559,2911.1868007949,722073.6771617328,0.04893208966903144
5326.84792215559,2911.1868007949,721338.575024286,0.04400926191508183
5353.701386028465,2911.1868007949,721191.5438331133,0.04117205311169296
5382.860584474785,2911.1868007949,721109.2018087988,0.02964885587574444
5406.304657184654,2911.1868007949,719621.2811387061,0.01992308834559548
5406.304657184654,2911.1868007949,719868.5439983853,0.016741958069611963
5436.055478920925,2911.1868007949,721626.4114322758,0.0021261426987520646
5451.62253494466,2911.1868007949,721717.8982064377,-0.00021667572792389344
5454.734475101425,2911.1868007949,722056.2329454883,-0.0042025551672928724
5461.317161176465,2911.1868007949,721646.6693876775,-0.018593771931096504
5461.317161176465,2911.1868007949,721729.3889661451,-0.019261538894110832
5482.839699854965,2911.1868007949,723442.2369989009,-0.029315788342015106
5504.509632424166,2911.1868007949,723691.326994499,-0.03612113761943161
5525.844270296955,2911.1868007949,725390.9204043382,-0.043781139747506775
5525.844270296955,2911.1868007949,726862.7470018751,-0.05021902674950514
5525.844270296955,2911.1868007949,728733.2852022282,-0.056686362889286544
5525.844270296955,2911.1868007949,733483.7679622452,-0.06350434475063366
5525.844270296955,2911.1868007949,736896.0216207268,-0.06561707614514108
5525.844270296955,2911.1868007949,742929.501685893,-0.0659667414242122
5525.844270296955,2911.1868007949,748390.1943663786,-0.06840510825940035
5525.844270296955,2911.1868007949,753149.3339641422,-0.07342436378063183
5525.844270296955,2911.1868007949,755486.6019906622,-0.07442264262553071
5525.844270296955,2911.1868007949,760083.597320689,-0.07465809430305313
5525.844270296955,2911.1868007949,766048.4083917531,-0.07597411653717212
5525.844270296955,2911.1868007949,771286.5828926986,-0.07765240260780698
5525.844270296955,2911.1868007949,774481.7944141432,-0.07950872891229768
5525.844270296955,2911.1868007949,782235.4860784152,-0.07546566862074883
5525.844270296955,2911.1868007949,786382.0400962054,-0.0744635844042705
5525.844270296955,2911.1868007949,789224.2901846712,-0.07337801230960286
5525.844270296955,2911.1868007949,795935.9149822299,-0.06837145232058546
5525.844270296955,2911.1868007949,803898.7464781695,-0.06698291973599445
5525.844270296955,3051.6482509698894,813343.6175006427,-0.055580630151146844
5525.844270296955,3051.6482509698894,818414.2079183715,-0.05026215522679037
5525.844270296955,3153.2130549691506,831126.9406047146,-0.03746845458155634
5525.844270296955,3153.2130549691506,842482.5937343719,-0.030025861747106
5525.844270296955,3153.2130549691506,850377.3825911887,-0.020231462152845898
5525.844270296955,3153.2130549691506,859249.6866899707,-0.012142283602283338
5525.844270296955,3300.5987718560696,871086.7698945338,0.005236701305778151
5525.844270296955,3300.5987718560696,879661.4304546168,0.013091884523628814
5525.844270296955,3300.5987718560696,884281.6140166997,0.019106399276051837
5525.844270296955,3300.5987718560696,892683.2265474155,0.03097223584469363
5525.844270296955,3300.5987718560696,902369.6762667574,0.04363649649624973
5525.844270296955,3570.8617648128297,917855.740816211,0.06992775339489679
5525.844270296955,3570.8617648128297,926632.7795145877,0.08085128128947448
5525.844270296955,3570.8617648128297,937977.4425991706,0.09714601644539593
5525.844270296955,3570.8617648128297,950579.4105251995,0.10826138095748912
5525.844270296955,3583.7861558558,963887.6026886713,0.1292236036232059
5525.844270296955,3583.7861558558,979598.7417631649,0.14285380438057035
5525.844270296955,3583.7861558558,996733.2935722743,0.15538459917452951
5525.844270296955,3583.7861558558,1009953.5279398359,0.16738128579964315
5525.844270296955,3583.7861558558,1018105.3704978168,0.17370321119696638
5525.844270296955,3583.7861558558,1027777.3699170795,0.1812311583676977
5525.844270296955,3583.7861558558,1040969.595760442,0.19428050066679392
5525.844270296955,3583.7861558558,1050203.7213971724,0.1996777479230334
5525.844270296955,3639.1329399191195,1068139.977391782,0.21520774360382156
5525.844270296955,3639.1329399191195,1076770.8187707157,0.21914538880047757
5525.844270296955,3639.1329399191195,1082407.0486148098,0.22313677628705472
5525.844270296955,3639.1329399191195,1092397.6836028208,0.22685555231188578
5525.844270296955,3639.1329399191195,1104893.2773364275,0.2351974458476546
5525.844270296955,3639.1329399191195,1120842.1923427002,0.24765989383538706
5525.844270296955,3639.1329399191195,1127054.0904243654,0.25004675207798416
5525.844270296955,3639.1329399191195,1140635.808983275,0.25299954607628045
5525.844270296955,3639.1329399191195,1154651.1442967115,0.25793178521531285
5525.844270296955,3639.1329399191195,1162677.5868301706,0.2587475284920577
5525.844270296955,3639.1329399191195,1175642.802075756,0.26126781425412865
5525.844270296955,3639.1329399191195,1187814.7727995683,0.2641066929831293
5525.844270296955,3639.1329399191195,1204531.8646594167,0.26963192260597113
5525.844270296955,3639.1329399191195,1220773.6491894491,0.2714814811816159
5525.844270296955,3639.1329399191195,1231705.3077430814,0.26688485732370737
5525.844270296955,3639.1329399191195,1239876.313890624,0.26628829614891053
5525.844270296955,3639.1329399191195,1250064.184603972,0.26466823264939066
5525.844270296955,3639.1329399191195,1255782.3016322488,0.2625670590394765
5525.844270296955,3639.1329399191195,1266766.6269334175,0.25443772523558417
5525.844270296955,3639.1329399191195,1279644.3386439474,0.25537939479795246
5525.844270296955,3639.1329399191195,1289802.1011854464,0.25233039238340227
5525.844270296955,3639.1329399191195,1303797.0527789698,0.2487030882209025
5525.844270296955,3639.1329399191195,1316590.9855111833,0.24626247924772884
5525.844270296955,3639.1329399191195,1325247.2407168918,0.24109063388225277
5525.844270296955,3639.1329399191195,1334036.3869266547,0.23622378703816005
5525.844270296955,3639.1329399191195,1349108.608456249,0.23328628478402968
5525.844270296955,3639.1329399191195,1358006.8210911439,0.2263759756802099
5525.844270296955,3639.1329399191195,1367944.940294361,0.21903289098540826
5525.844270296955,3639.1329399191195,1380208.6876214785,0.2099693948546724
5525.844270296955,3639.1329399191195,1388388.2995279299,0.2021670856532373
5525.844270296955,3639.1329399191195,1397200.6304582066,0.1916566934816499
5525.844270296955,3639.1329399191195,1401958.4298071363,0.1855169716241549
5525.844270296955,3639.1329399191195,1414085.269199424,0.1759000723674581
5525.844270296955,3639.1329399191195,1419059.7427747091,0.16900075662136782
5525.844270296955,3639.1329399191195,1423558.5913157957,0.1583124058715538
5525.844270296955,3639.1329399191195,1428629.703140744,0.14700945303767693
5525.844270296955,3639.1329399191195,1437706.1599368886,0.13639439186448954
5525.844270296955,3639.1329399191195,1440194.6499037363,0.12924421598060826
5568.827178186275,3639.1329399191195,1444049.093581002,0.11486299085656315
5568.827178186275,3639.1329399191195,1446593.0876538772,0.1058914533620185
5568.827178186275,3639.1329399191195,1449055.5336442308,0.0970063970176681
5591.385079536391,3639.1329399191195,1451940.9485837044,0.0831807639723885
5610.83460118735,3639.1329399191195,1455439.855450788,0.07092621435665696
5638.09152856264,3639.1329399191195,1459406.6964537404,0.05450287883937102
5658.03030830458,3639.1329399191195,1459999.2161775886,0.04093546254268898
5670.86230852693,3639.1329399191195,1461230.48208631,0.02661199971827348
5690.18029929833,3639.1329399191195,1459279.140012307,0.01761708030409085
5744.819887351765,3639.1329399191195,1460325.3052724437,0.006817905504975565
5850.136425931914,3639.1329399191195,1461271.3099906049,-0.009234604326958069
5942.653518776535,3639.1329399191195,1459888.762048396,-0.02403831744405214
