2602.0,1677.0,349157.00999999995,0.43469898765673753
2602.0,3225.0,905687.0899999999,1.2568444476655383
2602.0,3225.0,1330002.8,1.0151971422392574
2799.0,3098.0,1411629.8,0.570196577584889
3253.0,4254.0,2164659.5599999996,0.4277958849125411
4185.5,4254.0,2008858.64,0.07511356299587958
4334.0,4035.0,1623482.0900000003,-0.01617584258500413
4387.5,3910.0,1255887.64,-0.049336321538443674
4387.5,3516.0,917672.4899999999,0.25547744751323687
4387.5,3316.0,856308.49,0.3947153442856241
4405.5,3316.0,800507.6900000001,0.36106975110628553
4081.0,4241.0,1242495.64,0.0017352864498043502
4009.5,4241.0,1197518.01,0.38373895777756406
3852.0,4413.0,1518793.85,0.44154917130811433
3567.5,3060.0,802525.2899999999,-0.1404498794152351
3217.0,2210.0,693508.76,-0.31440307580571436
2987.0,2210.0,727676.96,0.0617412009104589
2987.0,2210.0,664059.84,0.013780011245037532
2987.0,3105.0,1019443.96,0.4866450478529579
2524.5,3105.0,1108151.44,0.6409025036044417
2510.5,3105.0,950807.4400000001,0.9931218127047599
2598.5,3105.0,930314.0,0.9908679994796593
2153.5,3105.0,955948.8099999999,1.311583335473602
2153.5,3105.0,949288.24,1.317615662615606
2153.5,3105.0,954190.64,1.2853990238031519
2568.0,3100.0,888035.85,1.184916357665792
2868.5,3100.0,950534.96,0.714290818142338
2568.0,3100.0,935028.0899999999,1.118964494504234
2568.0,2219.0,426455.43999999994,0.8871429634501969
2661.0,2219.0,388583.69,0.8846501394704407
2391.0,2219.0,409172.08999999997,1.1202952414349816
2317.0,2219.0,434402.23999999993,1.0969771483931632
2317.0,2114.0,410615.36000000004,1.171851641653028
2317.0,2112.0,397025.16,1.2123889326242583
2317.0,2421.0,694330.8099999999,1.054821728496221
2317.0,2572.0,1001096.1599999999,0.7039434647632759
2139.5,2584.0,895320.96,1.218928868123827
2115.5,2620.0,920318.29,1.203215089661219
2101.5,2701.0,961144.24,1.4172180492209343
2051.0,2723.0,1007286.7600000001,1.474977629358811
2051.5,2723.0,999802.4,1.2694726653095636
2045.5,2733.0,1020682.49,1.2582417856235624
2059.0,2733.0,1017837.6900000001,1.2558396562554026
2061.5,2733.0,1009692.8400000001,1.2442896731465516
2061.5,2733.0,806799.21,1.3256140995647687
2061.5,1929.0,350780.0099999999,1.3686941430123412
2152.5,1929.0,341578.08999999997,1.3479189153342692
2197.5,1929.0,327109.4,1.3266402735331602
2197.5,1929.0,318478.65,1.3625840877736
2197.5,1929.0,294972.41000000003,1.448389956930031
2159.5,1929.0,283214.36000000004,1.9302282499553618
2159.5,1802.0,268852.00999999995,2.041794951010732
2159.5,1802.0,272338.89,2.0362344451590526
2122.0,1802.0,276672.09,2.0592177199787205
2089.0,750.0,42263.439999999995,1.987663694556219
2089.0,257.0,6849.160000000001,-0.05768337527335643
2089.0,365.0,11719.41,0.5731058057159167
2089.0,365.0,10471.24,0.7656051483727132
2121.5,354.0,8691.560000000001,0.6966805728745711
2121.5,428.0,16116.8,0.7977384470012879
2121.5,385.0,14812.64,0.9541293557530909
2155.0,384.0,13000.689999999999,0.8676143342398965
2169.0,736.0,41897.89,1.5073920004146923
2181.5,903.0,80388.36000000002,1.1067374272329253
2260.0,1201.0,143291.69,0.9165696606671249
2369.0,1201.0,136020.89,0.7556184939151118
2420.5,1201.0,134192.64,0.6916877776501466
2471.0,1201.0,122192.48999999999,0.532321041753532
2523.5,1201.0,108224.63999999998,0.4189165714884337
2546.0,1201.0,106176.15999999999,0.2249798483978568
2546.0,1035.0,85166.24,0.6318406232650918
2546.0,969.0,67163.45,0.9007967933153298
2546.0,969.0,65621.21,1.1118781802133892
2546.0,969.0,55392.090000000004,1.6699800681726602
2539.5,388.0,14416.8,-0.9200016803442524
2546.0,737.0,36758.24,0.7425245617804362
2562.5,887.0,66452.6,0.7226551403802988
2584.5,1031.0,105866.00999999998,0.553763399159171
2619.0,1553.0,213269.6,0.7822761519836375
2744.0,1553.0,210344.6,0.640652883351452
2744.0,1505.0,184432.44,0.7990037497082069
2744.0,1573.0,212776.09,0.6215149020739309
2799.5,1573.0,208559.2,0.5797754711842669
2799.5,1573.0,222309.28999999998,0.5721229495540153
2799.5,1573.0,210650.81,0.6224953519975978
2622.5,1573.0,220619.20999999996,0.8669663508957723
2494.5,1573.0,225592.2,1.2259031104424385
2438.5,1573.0,200700.69,1.8425527467202483
2438.5,658.0,54211.36,0.5649355986826855
2412.0,650.0,38018.03999999999,0.9443211988231514
2390.0,650.0,41184.45,1.153302910048098
2390.0,645.0,40663.08999999999,1.172359647822542
2384.5,645.0,32016.690000000002,1.839557950669532
2392.5,1637.0,228746.61000000004,2.0924775069964117
2392.5,1637.0,250984.0,1.5492637856017042
2392.5,1637.0,269374.36,1.102526833786515
2641.0,1637.0,289917.61000000004,0.6255366220859095
2978.5,1637.0,340830.01,0.27622470305824176
3093.0,2685.0,693464.4099999999,0.7026415602615349
3238.0,2685.0,736145.2899999999,0.27766302857268266
3579.5,2977.0,885923.05,0.1968352058396135
3836.0,2838.0,679775.64,0.11222708743531336
3961.5,2152.0,457120.48999999993,0.35517023135935166
4090.5,2152.0,511793.29000000004,0.056808044296234685
4159.0,2112.0,399993.36,-0.05072090082526646
4159.0,2337.0,452888.61,-0.25458293535415083
4159.0,2551.0,606087.76,-0.4910905818470063
4159.0,2651.0,813754.4400000001,-0.3832157303004691
4090.5,2651.0,763344.45,-0.01562470559183364
3708.0,2651.0,747042.64,0.27628498694773196
3326.5,2212.0,494266.2100000001,0.3220737479765106
3203.5,2659.0,618413.41,0.4050577828108464
3005.5,2669.0,653892.4400000001,0.7075965512225438
2781.0,2067.0,381442.49,0.6352301412839096
2624.0,1252.0,190631.0,0.16993927514139803
2624.0,1252.0,186936.15999999997,0.2647068746871117
2543.5,1293.0,219814.2,0.37871886369926566
2405.0,1293.0,229268.21000000002,0.49867435053031933
2304.5,1293.0,202383.56,0.9595966093564366
2304.5,1208.0,136359.21000000002,0.9860647283884366
2304.5,1508.0,194037.20999999996,1.3878191123399712
2412.5,1933.0,377042.89,1.1051021851521043
2629.5,2066.0,519744.63999999996,0.70560841142703
2790.0,2066.0,556611.49,0.2743775414888668
3209.0,2066.0,616001.4400000001,-0.10260556191124875
3707.5,2066.0,623997.89,-0.4450274485515661
3836.5,1845.0,470285.25,-0.8451787808163028
3859.0,1830.0,337978.20999999996,-1.3784481904909036
3859.0,1308.0,142855.24,-1.4108980029361595
3859.0,1692.0,229193.8,-1.83863768732456
3859.0,1872.0,427423.84,-1.2623956041042483
3836.5,1872.0,542408.61,-0.7109017091587934
3670.0,1859.0,569322.64,-0.2928704665526915
2979.5,2087.0,653283.1599999999,0.054968728296976625
2440.5,2296.0,661188.01,0.3493362854623018
2395.5,2296.0,633185.1599999999,0.7487436447216546
2315.0,2296.0,515048.81000000006,1.2948159911722306
2156.0,1676.0,221023.60999999996,1.638007100990549
2036.0,617.0,50598.439999999995,0.27301899845525957
2014.5,598.0,39743.21,0.6352937132626905
2014.5,598.0,35739.21000000001,0.8741237113599823
2014.5,628.0,42812.240000000005,0.9546194199450307
2014.5,628.0,39834.49,0.9359115831850815
2014.5,1013.0,94940.65,1.106784035725098
2073.0,1122.0,141710.24,0.8063861952491188
2252.0,1849.0,319564.8,1.159561179178472
2424.5,1922.0,460579.9600000001,0.7751740564999928
2653.5,1922.0,533316.64,0.3753369035293553
2910.0,2356.0,638450.41,0.15075562468490167
3375.0,2530.0,698039.8400000001,0.04624899822557289
3820.5,2258.0,550118.0099999999,-0.18218427534546752
3820.5,2258.0,430931.69000000006,-0.33613049631001213
3820.5,1856.0,347540.81,-0.05213358876281533
3820.5,2005.0,384135.36,-0.1570435674027135
3820.5,2005.0,385978.04,-0.15676198452517173
3677.0,2454.0,563766.2,-0.14164635119008043
3224.5,2501.0,690438.2,0.11825262846865299
2875.0,2513.0,761935.1599999999,0.44270984339773395
2715.5,2513.0,640546.49,0.9022746017528951
2485.5,1740.0,331383.96,0.8903951815326431
2294.0,1356.0,180397.61000000002,1.0925620444115214
2246.5,827.0,79430.24,0.9661209628529306
2217.5,827.0,64516.65,1.6108706151930168
2196.0,827.0,55011.61,2.3919304552422402
2176.5,242.0,4383.29,0.6015497820206148
2180.5,385.0,11596.56,1.1522310568483407
2217.5,1129.0,99329.04000000001,2.1703343603709055
2246.5,1129.0,132916.65,1.3118911594353444
2246.5,1739.0,310206.36,1.1840566052754558
2365.5,2088.0,522648.8099999999,0.8401961755001475
2733.5,2139.0,675738.5599999999,0.43516738989073656
3105.5,2202.0,754447.9600000001,0.06339859951395915
3522.0,2603.0,824427.76,-0.1901136267218401
4001.5,2603.0,720391.45,-0.5581482400258667
4201.5,3302.0,797560.36,0.1008476029123361
4201.5,2781.0,545198.49,0.5195132237847169
4201.5,2781.0,474225.20999999996,0.6436419796346072
4201.5,3277.0,615833.2100000001,-0.030921067878396626
4201.5,3510.0,935918.25,-0.26244853767305587
4033.5,3510.0,1140417.0,-0.007590120882373467
3780.5,3510.0,1192148.25,0.29495651692111585
3306.5,3609.0,1341805.2900000003,0.5629577323352388
2695.0,3735.0,1329107.0,0.9629572827540771
2474.5,3762.0,1261119.29,1.4477192981925124
2358.0,1840.0,422956.0399999999,1.006032942900416
2215.5,1721.0,258909.21000000002,1.5880873055264089
2215.5,892.0,92602.41,0.6695367883705071
2141.5,892.0,92266.25,1.0018600423704798
2116.5,901.0,100036.88999999998,1.068892411255264
2116.5,1171.0,173248.56,0.9722373412349032
2116.5,1171.0,181095.96000000002,0.9551092433359721
2116.5,1171.0,235647.45,0.5098088040137043
2153.5,1171.0,225897.45,0.491493692171099
2181.0,1171.0,214355.63999999998,0.49023669586138346
2181.0,1171.0,207990.16,0.5068903233957366
2181.0,1171.0,210886.69,0.5051105340992251
2181.0,1171.0,200403.4,0.7602503906639655
2181.0,1171.0,207422.15999999997,0.7452961178609339
2181.0,1144.0,199738.16,0.7701821025690162
2181.0,1135.0,140370.8,1.252776782588513
2142.5,1135.0,101036.05,2.1116908279667035
2142.5,500.0,23978.8,0.8770837001458206
2142.5,587.0,38898.05,0.6692410701362169
2211.5,662.0,55367.409999999996,0.3991641958715664
2269.0,662.0,50870.61,0.333063903480421
2269.0,662.0,53636.56,0.29272812059297537
2269.0,1684.0,232484.56,1.6681853878718134
2269.0,1710.0,234681.56,1.6485898132771073
2269.0,1714.0,242541.49000000005,1.5929447688592382
2170.5,1783.0,264582.16,1.5373076005981765
2220.5,1783.0,260206.16,1.527951260482038
2197.0,1783.0,261584.48999999993,1.7056456307836134
2166.5,1783.0,257231.16,1.999306735609316
2166.5,1783.0,243280.09,2.3060308131915246
2162.5,1783.0,244114.44,2.3267355478042115
2162.5,1783.0,240469.76,2.3367795145713552
2162.5,1687.0,214039.03999999998,2.297441412007155
2162.5,1687.0,208531.96000000002,2.3278926961336732
2162.5,1687.0,201750.85,2.3731639259134183
2177.0,1497.0,185799.49000000002,2.486066542258712
2162.5,1497.0,188217.81,2.483322743367104
2162.5,1497.0,186359.44,2.466648143323571
2209.0,1497.0,183667.09000000003,2.463185101553975
2162.0,1497.0,186755.00999999998,2.5609465504227926
2198.0,1497.0,184241.44,2.5080812595652344
2254.5,1492.0,266908.95999999996,1.4726380923497149
2254.5,1243.0,181783.96000000002,1.4399027410914171
2283.5,1222.0,176659.81,1.1530228479093454
2316.5,1661.0,311911.6,0.9188811074801454
2511.5,2459.0,629194.01,0.9297672124028311
2611.0,2445.0,585376.25,0.961983273841695
2611.0,2472.0,605270.25,0.9228763034158154
2727.5,2472.0,561857.76,0.8900031963488871
2867.5,2472.0,491445.24000000005,0.8822105269345407
3007.0,2472.0,437203.05,0.8469130515045137
2867.5,2472.0,502134.41,0.9654021773349167
2727.5,2472.0,536363.61,1.1406447388223604
2645.5,2472.0,569653.1599999999,1.153440900196546
2488.5,2472.0,480364.16,1.8122659899396483
2488.5,1687.0,242046.01,1.1237664789391415
2605.0,1687.0,349747.45,0.6833977066017907
2867.5,2090.0,486920.2,0.5362708280034092
3007.0,2090.0,618788.5599999999,0.21565689127478913
3401.0,2238.0,760473.84,-0.022601317821029168
3759.5,2238.0,772956.81,-0.24891726459304342
3786.0,2143.0,693417.6900000001,-0.6381308826499389
3984.5,2143.0,539303.85,-1.155818671411898
3984.5,1969.0,319760.49,-1.380662771849839
3984.5,1564.0,219737.64000000004,-0.9272075667751273
3959.5,1789.0,368074.00999999995,-0.7687826419786192
3958.0,2130.0,571368.09,-0.5869861458161612
3584.0,2130.0,532406.64,-0.3375145596321931
3372.0,2130.0,519206.25,0.05680563075962826
3093.5,2286.0,534152.01,0.19493272998071726
2824.0,2286.0,559558.0900000001,0.5624558863217466
2824.0,2069.0,363749.4,0.5423900697703374
2824.0,1960.0,337372.49000000005,0.42126464934515806
2824.0,1960.0,307573.2100000001,0.6761749059482152
2848.5,1960.0,381656.81,0.3690989372494568
3039.0,2191.0,528717.85,0.18521690420274334
3255.0,2191.0,513845.85,-0.19720572981311332
3459.5,2429.0,657417.69,-0.20449358291758551
3459.5,2429.0,668391.2899999999,-0.18626420808272007
3632.5,2258.0,486042.04000000004,-0.30416881286485437
3860.0,1877.0,389549.55999999994,-0.27800868352093183
4013.0,1877.0,363388.41000000003,-0.6802827707722491
4059.0,2124.0,450753.45,-0.5269857515557133
4066.0,2124.0,335657.04,-0.8471544820800745
4210.5,2124.0,357214.83999999997,-1.1075538048328704
4329.5,2260.0,421731.01000000007,-0.9612604769914401
4548.0,2260.0,428840.84,-1.1891203973377813
4581.0,2265.0,471870.95999999996,-1.1179547086382906
4614.5,2000.0,291682.81,-0.2932234528149214
4614.5,2690.0,479887.2100000001,-1.0813331215123247
4611.5,2696.0,730718.65,-0.7094153243252584
4611.5,2696.0,928299.6900000001,-0.4510397502317201
4284.5,2862.0,1079336.1599999997,-0.07284528774473797
3716.5,3075.0,1291975.84,0.10675786829113176
2843.5,3075.0,1346743.84,0.4786341920831393
2843.5,3075.0,1157665.09,0.7202155167841959
2829.0,3190.0,1130982.6099999999,1.1517900758639696
2743.0,3228.0,871966.45,1.875004865438481
2743.0,1548.0,180911.89,1.3479432943063108
2743.0,1650.0,307123.88999999996,0.9623032144325033
2602.5,1650.0,334037.01000000007,1.022054819514089
2496.0,1650.0,349715.01,1.1465549877442993
2496.0,1650.0,352553.89,1.1736556720831344
2551.5,1650.0,346427.8,1.1604497647170102
2565.0,1650.0,411441.24,0.6474044267430425
2565.0,1934.0,497604.16,0.7518139532568174
2794.0,1934.0,543995.0,0.3175061606360156
3358.5,2375.0,677120.21,0.15834613170048958
3779.0,2375.0,685387.24,-0.12040659695838107
3779.0,2375.0,678623.8399999999,-0.10537417424863207
3865.5,2302.0,607838.0900000001,-0.4734065040650275
3932.0,2149.0,489627.84,-0.8559214824550784
3932.0,2149.0,322816.89,-1.075054824786198
3932.0,2002.0,284104.44000000006,-0.8850390038782338
3932.0,2278.0,494493.24000000005,-0.8552393672106327
3865.5,2278.0,557123.25,-0.39869263297541835
3747.0,2336.0,695725.8400000001,-0.09574605887534197
3238.0,2117.0,577869.81,0.1823128225917494
2798.5,2197.0,634371.0900000001,0.5037078848331626
2731.5,2268.0,649720.21,0.8784041399298719
2662.5,2268.0,449896.95999999996,1.4742288222485238
2543.5,1417.0,149677.41,1.5170337462845365
2448.0,751.0,54801.159999999996,-0.01662451570814922
2400.0,751.0,58141.0,0.33715614321598053
2419.0,819.0,79373.76000000001,0.20765492692603654
2419.0,819.0,65731.21,0.3111194695915362
2512.5,819.0,77727.29000000001,0.008765080083818478
2466.0,819.0,69567.24,0.2363399029006445
2512.5,2311.0,399258.44,1.8814917816953804
2589.0,2311.0,545784.3600000001,1.1343650234521452
2690.5,3011.0,982261.8899999999,0.8655455176970406
2865.0,3069.0,1291289.09,0.4588253402545274
3344.5,3020.0,1114503.25,0.27251145794243803
3895.0,2692.0,903997.04,0.10921964881877459
4048.0,2692.0,874890.0100000001,-0.28076753946926614
4048.0,2692.0,734601.6100000001,-0.27187280935274766
4048.0,2692.0,738031.9600000001,-0.2740334239568841
4048.0,2349.0,508365.81000000006,-0.08146587466143491
3895.0,2349.0,521418.2100000001,0.2328983394325872
3729.0,2349.0,600420.21,0.41085035400870745
3599.5,2858.0,627132.21,0.3251782365107819
3382.5,2235.0,466904.45,0.013037018402627802
3140.0,2235.0,489090.36000000004,0.3830816117681453
2923.0,2235.0,443323.64,0.8390422489002209
2692.0,1377.0,231341.29000000004,0.4695294439928515
2570.5,1465.0,244094.76,0.8081761085210045
2570.5,1465.0,244210.95999999996,0.9074058229351136
2570.5,1435.0,238557.16,0.8899082366778251
2455.0,1435.0,177227.2,1.487992213526477
2409.5,1435.0,155659.84,2.0932668278206394
2505.0,1435.0,149452.81,2.064087197276001
2550.5,1435.0,153276.76,1.6411536464124699
2556.0,1435.0,177565.81000000003,1.0985280868101654
2589.0,1514.0,273932.44,0.7152062177369268
2771.0,2094.0,443447.04000000004,0.6440492003234806
3022.0,2024.0,408231.16,0.333215592752221
3395.0,2024.0,414493.21,-0.06401996084135031
3404.5,2024.0,440208.16,-0.09967976605683963
3579.5,1831.0,332263.2899999999,-0.27905872411138377
3579.5,1769.0,240223.2,-0.338360746182707
3579.5,1564.0,205260.45,-0.0925012124287533
3579.5,1842.0,275018.76,-0.434746105463192
3579.5,1842.0,264099.69000000006,-0.633877639279681
3485.5,1842.0,298797.9600000001,-0.22673861190190314
3415.0,1714.0,319041.83999999997,-0.43456997261516817
3113.5,1714.0,299512.05,-0.126812722496988
2833.0,1750.0,317694.69,0.1113365194196296
2773.0,1347.0,216984.96000000002,0.08011388729841817
2747.5,1470.0,217862.28999999998,0.23314383716339704
2652.5,1470.0,167547.76,0.4826477347486466
2659.0,1470.0,182410.09,0.3200047500291207
2659.0,1473.0,216527.55999999997,0.3075185609853945
2373.5,1016.0,144655.75999999998,0.16343573415605728
2373.5,1527.0,245950.49,0.6543574765997479
2473.5,1527.0,236346.49,0.60054626811631
2265.0,1527.0,236651.29000000004,0.973872446037328
2468.5,1527.0,226333.84,0.8124312371344214
2377.0,1527.0,219895.61000000002,1.0756275452893882
2377.0,1527.0,215354.03999999998,1.1044506237781542
2241.5,1527.0,226414.95999999996,1.2756129759516972
2121.0,1527.0,190334.36000000004,1.982786117873277
2121.0,1484.0,186346.84000000003,2.0209027162798834
2121.0,1498.0,187169.76,2.012795255232007
2121.0,650.0,48742.240000000005,0.7829746413363334
2099.0,650.0,49891.41,1.1158523656330521
2079.0,650.0,51084.69,1.120444827141841
2069.5,650.0,38914.56,1.8721332430887276
2069.5,650.0,45565.810000000005,1.5925771236732975
2079.0,2725.0,639341.65,2.3561093915503117
2101.0,2725.0,634517.65,2.129591318047084
2149.5,2725.0,627885.76,2.1333824887040933
2361.5,2725.0,632037.21,1.7745284428351782
2589.5,2712.0,644837.4,1.3346847080569
2651.0,2712.0,702114.8400000001,0.9416279381205601
2682.0,2694.0,642006.04,0.9855890069497201
2682.0,2691.0,606107.76,1.0638016470907763
2682.0,2675.0,603341.04,1.0725902912946248
2939.5,2675.0,582020.89,0.925023984631395
2939.5,1504.0,262447.55999999994,-0.11222133536395171
2815.5,1504.0,288351.41,0.07609368758494864
2959.5,1504.0,251118.55999999997,-0.12429010833200628
2702.0,1504.0,255432.49,0.20394030721603063
2520.0,1504.0,223905.21000000002,0.611668422108867
2401.5,1242.0,141860.36000000002,0.8113879305713001
2401.5,1242.0,152696.81,0.5280619903603054
2405.5,1242.0,151416.4,0.5260456220126196
2469.0,1027.0,125593.61000000002,0.6782371749437422
2392.5,1147.0,119158.56000000001,1.0929284128159105
2325.0,765.0,60517.25,0.9445086244172278
2317.5,765.0,61619.89,0.9582840283186694
2317.5,924.0,84627.48999999999,1.1430856159521436
2317.5,1477.0,209595.15999999997,1.2230113564114593
2392.5,1584.0,319559.96,0.7715589615054185
2392.5,1584.0,320868.75999999995,0.7708813224333982
2392.5,1584.0,330714.04,0.6712094568981477
2452.0,1584.0,322792.20999999996,0.6542564470075378
2511.0,1584.0,317642.69000000006,0.6165525886956859
2820.0,1584.0,354843.0,0.23999805098811872
3066.5,1449.0,293284.25,0.06998665280629073
3073.0,1444.0,254387.69,-0.272676557904023
3137.0,1444.0,254881.76,-0.34794181208834
3073.0,1444.0,235022.56,-0.007446076565801343
2915.0,1415.0,192570.28999999998,0.28552836084021427
2915.0,1249.0,152341.64,0.4698444590291969
2915.0,1249.0,161670.05,0.319176425405939
3131.0,1264.0,185022.05,0.2245888417845639
3247.5,1233.0,166575.49,-0.1004515565332292
3247.5,1240.0,182313.81,-0.024950503971138287
3395.5,1240.0,186629.00999999998,-0.32359705380061926
3431.5,2873.0,619338.0,1.3019686792204084
3585.5,2873.0,610804.89,1.1587137350591392
3585.5,2873.0,545212.09,1.1942331326725568
3585.5,2723.0,439999.84,1.6219276854486568
3585.5,2671.0,430452.63999999996,1.698707580952437
3585.5,2954.0,546976.8,1.114171998654912
3527.0,2954.0,578318.44,1.303542447538391
3527.0,2954.0,595202.41,1.12551894170662
3526.0,2954.0,586994.81,1.2559731333730655
3460.5,2954.0,588933.24,1.3151008500188792
3412.0,1445.0,174582.09000000003,-0.23867281404777374
3199.5,1619.0,229904.25,-0.0986912098915268
2984.5,1830.0,302074.01,0.04184616062009661
2885.5,1871.0,351011.69,0.3147623104386619
2744.0,1871.0,377461.85,0.4424845379105172
2831.0,1871.0,369381.29,0.38337320781326484
2833.0,1871.0,369472.41000000003,0.38132676835736173
2761.0,1463.0,231740.35999999996,0.24638041504867134
2761.0,1296.0,167894.0,0.026824435896505128
2761.0,1453.0,192469.21,0.26415920270562043
2761.0,2591.0,551194.89,1.2848060550586966
2896.0,2591.0,549577.56,0.920048988697954
2985.5,2591.0,479427.2899999999,0.7850355708859668
3100.5,2348.0,367249.29000000004,1.0767546477758418
3128.5,1991.0,288441.61,1.5689944567639107
3128.5,1865.0,265538.24,1.753934682924961
3128.5,1865.0,272145.89,1.7132436408547678
3128.5,1912.0,276818.16000000003,1.6726890135937222
3128.5,2179.0,327503.48999999993,1.3139150783838172
2998.0,2333.0,383106.84,1.3157354633108382
2909.0,1125.0,141022.96000000002,-0.015271704449073189
2829.0,1020.0,115680.76000000001,0.18482986739061114
2643.5,913.0,95639.09,0.23508705680030478
2482.5,774.0,68957.96,0.4395693053288944
2482.5,2013.0,318430.61,2.002197266600222
2455.0,2013.0,322549.4,2.223602455807447
2455.0,2013.0,371884.4,1.7080231479532886
2427.5,2046.0,392280.65,1.7827246707299955
2427.5,2046.0,389462.81000000006,1.747421236345804
2455.0,2046.0,402421.21,1.3187605829991278
2537.5,2046.0,388407.4,1.301664971474302
2624.0,2046.0,374536.68999999994,1.2128918293007622
2714.5,2046.0,340614.85,1.2213108046517072
2812.5,2046.0,321143.44,1.0404967000016287
2812.5,1280.0,169368.2,0.12984678314001402
2965.0,1958.0,288285.2,0.5824479909632497
2965.0,1958.0,308097.45,0.4962193571553805
3186.0,1590.0,261313.69000000003,0.39255282583046025
3399.0,2722.0,591987.45,1.1021349521482888
3589.0,2722.0,873087.2399999999,0.6782147702874987
3589.0,2541.0,759668.29,0.7722522272355021
3589.0,2541.0,725818.69,0.8303781173985513
3589.0,2326.0,652411.8099999999,0.9681403448965259
3589.0,2723.0,746875.2,0.7314326393377335
3504.5,2769.0,882583.2900000003,0.6520548452983848
3310.0,2769.0,960360.24,0.9102953191420216
3310.0,2782.0,1256512.85,0.565755246159874
3310.0,3236.0,1651221.84,0.3249927960780797
3310.0,3236.0,1427974.4100000001,0.6202209722648988
3186.5,3236.0,1180187.6400000001,1.12904143652182
3066.0,3488.0,1317002.2399999998,1.108336375406493
2867.5,3616.0,1448805.69,1.0576855721484948
2800.5,3616.0,1461502.44,1.1090989080526013
3049.0,3616.0,1451418.21,0.79070252238334
3049.0,3616.0,1496065.0100000002,0.7714472932612624
3233.0,3616.0,1411907.76,0.6876601768364714
3150.0,3616.0,1049850.09,1.1613285060474297
3150.0,1947.0,381124.8900000001,0.0045947293104728875
3150.0,2011.0,449807.75999999995,0.15852475505180053
3267.0,4254.0,1438282.0100000002,1.2865349012590905
3409.5,4254.0,1446708.8,0.8779615040479144
3551.0,4094.0,1192980.8,1.0489221017873107
3886.5,4094.0,1110699.6099999999,0.8844215211371208
3822.5,4094.0,1108249.69,0.9235266505903521
4010.5,3263.0,818217.85,1.4758452817925178
4100.5,3263.0,750230.8899999999,1.4115310477933534
4100.5,3666.0,849888.76,1.0561661891938046
4100.5,3666.0,984897.2,0.8121271239701361
4010.5,4032.0,1247540.2899999998,0.6903676146504486
3821.0,2483.0,557733.4099999999,-0.21745466081861947
3611.0,1931.0,428170.61,-0.20762912849948903
3530.0,1931.0,425131.49000000005,-0.13697783982584708
3174.5,1931.0,404989.49,0.24665427460446496
2844.5,1931.0,385540.8,0.6634071089589414
2844.5,1931.0,306154.24000000005,1.0304170195518507
2844.5,1174.0,141464.88999999998,0.27251014061044454
2844.5,1284.0,180220.81,0.14550554808708113
2787.5,1403.0,229789.55999999997,0.12749213820487593
3025.5,2253.0,416807.16000000003,0.566918494956808
3025.5,2253.0,388885.24,0.771062460273614
3002.0,2253.0,390462.09,0.7872787718198488
3002.0,14199.0,16564988.810000002,2.5599116939506916
3173.0,81769.0,584587661.6899999,2.5402516782236817
3257.0,81769.0,581020526.36,2.5422617238512224
3890.0,81769.0,577883431.04,2.543231326091106
4506.5,81769.0,574812252.45,2.5443581554443795
4733.5,81769.0,569882164.2099999,2.5499918555468013
4733.5,81124.0,566530633.2400001,2.5560238870599044
4733.5,81124.0,568400116.76,2.5539344281917957
4733.5,81124.0,566175279.16,2.5567862743558485
4940.0,80508.0,561715405.81,2.5624459329950566
4733.5,80508.0,569730686.1600001,2.663267629908152
4451.5,1719.0,450134.65,-0.15045056717282856
4068.0,2760.0,769307.6099999999,-0.3756790247433289
3692.5,3093.0,1026905.21,-0.24174669546127586
3516.0,3241.0,1122168.56,-0.038591199315545326
3450.5,3241.0,998411.76,0.31257648349033845
2926.5,3241.0,1104134.16,0.5982679041271537
2381.5,3254.0,1199902.81,0.8295096703033344
2232.0,3254.0,1015743.45,1.409351549714738
2232.0,1666.0,364911.24,0.8213998232113903
2094.0,1666.0,265574.69,1.4098344900874957
2094.0,1073.0,111261.04000000001,0.9935003313660334
2094.0,1073.0,109086.15999999999,1.2585432285212321
2096.0,1073.0,108758.8,1.2551657375587688
2118.5,1073.0,99475.23999999999,1.2406704025532438
2106.0,1073.0,99525.63999999998,1.4666876333786016
2118.5,1073.0,101401.36,1.031011633835424
2170.5,1614.0,255149.45,1.3784341015625543
2398.0,1614.0,284922.83999999997,0.8383811301120428
2398.0,1614.0,305815.36000000004,0.7412648095190169
2398.0,1679.0,312828.20999999996,0.7184813848355851
2170.5,1679.0,331267.8,0.8729460986840634
2167.5,1679.0,333344.05,0.8710311671576534
2167.5,1679.0,338428.69,0.8608549768837485
2114.5,1731.0,359485.43999999994,0.8421122285251392
2114.5,1731.0,367254.25,0.8361948864387926
2114.5,1945.0,549516.0900000001,0.612868853662083
2105.0,1945.0,436753.29000000004,1.127408293084291
2105.0,1945.0,377238.64,1.6245048038317844
2105.0,1945.0,307539.64,2.4678862755736044
2105.0,1999.0,314181.6,2.4282842260636963
2068.0,1999.0,321961.41000000003,2.416100804696087
2068.0,1999.0,319646.95999999996,2.3354822200921967
2076.0,1999.0,318891.76,2.336758523156568
2076.5,1999.0,314288.55999999994,2.353824774315742
2123.0,1999.0,359518.69000000006,1.6298133054506283
2123.0,1709.0,279037.89,1.4314523360265616
2156.5,1709.0,275999.44,1.4238637044139164
2156.5,1709.0,330250.00999999995,0.9447209378292999
2214.0,1709.0,324510.36000000004,0.9206231870893539
2228.0,1668.0,300538.95999999996,0.9617725138374924
2228.0,1572.0,280707.6,1.0170309287255395
2191.5,1589.0,298739.6,1.0187323403648634
2228.0,1589.0,282814.6,1.0141348064575078
2234.5,1589.0,270249.85,1.0401134533962835
2234.5,1984.0,453182.0399999999,1.0969501554588774
2234.5,1984.0,349194.24000000005,1.545275834104465
2276.5,1984.0,339046.88999999996,1.541613672065147
2276.5,1984.0,301224.49,2.1355828375145807
2326.0,1984.0,297086.2,2.114153251242468
2357.0,1984.0,290266.69,2.114181339193844
2365.5,1984.0,279213.49000000005,2.0912893093072302
2379.5,1801.0,368188.69,1.3418604354402788
2436.0,1801.0,350453.76,1.212059829972965
2455.5,1659.0,331481.85,1.271088133364378
2406.5,1421.0,170904.36,1.9082780218571642
2379.5,1495.0,177240.36000000002,2.1395957163231247
2379.5,1550.0,186863.85,2.0458533379412818
2373.0,1550.0,192425.04,2.0228244817009613
2392.5,1550.0,193539.96,1.7941104179280287
2455.5,1550.0,221668.88999999996,1.1767548154208183
2569.5,1550.0,243364.88999999998,0.7366468010148339
2569.5,1111.0,170267.0,0.3173547625606266
2569.5,1823.0,335004.69,0.75245638453278
2938.0,2506.0,637576.69,0.796527788721432
3165.5,2506.0,686108.29,0.35805787003655
3228.5,2609.0,788983.41,0.11669862782579353
3645.0,2544.0,657397.41,-0.15529962603049322
3949.5,2074.0,439417.36000000004,-0.09455309663235026
3949.5,1624.0,309081.21,0.05763336715826823
4024.0,1624.0,247595.16,-0.11711210257055392
4024.0,1498.0,216359.76,0.05992713982409006
4024.0,2118.0,341872.56,-0.692963235413561
3972.5,2118.0,381687.6,-0.3684055346470732
3813.0,2231.0,450890.16000000003,-0.2526520910299378
3550.5,2231.0,529953.36,0.07431793694361422
3331.0,1722.0,363684.56,0.050428018682636855
3146.0,1606.0,322701.09,0.21770480801938158
2836.0,1651.0,302874.69,0.5700743104864125
2836.0,1651.0,267468.21,0.6437212824848434
2613.0,1047.0,160482.69,0.46342751930961684
2613.0,1047.0,132170.96000000002,0.5549820302896826
2556.5,1090.0,149157.29,0.5781949745945443
2556.5,1090.0,118379.0,0.8015446387591961
2703.5,1090.0,124451.0,0.4305288598253904
2926.5,1201.0,174431.0,0.23853968329511954
2933.0,1563.0,275714.84,0.41823801621086326
3021.0,2708.0,630633.8899999999,1.0106365628717533
3226.0,2708.0,770221.09,0.6018003597260042
3281.5,2708.0,815132.9600000001,0.36338521695093584
3718.0,2708.0,793296.29,0.0445445612077323
3982.0,2708.0,741481.3600000001,-0.2515036222420247
4102.0,2194.0,569836.09,-0.3319350745909288
4102.0,2028.0,412961.45,-0.23623941557237849
4102.0,1747.0,353330.44000000006,0.0022117603290273797
4102.0,1747.0,382974.24000000005,-0.056574087148953005
4102.0,1874.0,476526.81000000006,-0.05791889912468069
3924.5,2728.0,676689.04,-0.3349399817041321
3565.5,2728.0,767194.6900000001,-0.08552915084308664
3322.0,2728.0,875922.6100000001,0.23612602417163056
3233.5,2728.0,715841.04,0.6089646952227603
3190.5,2728.0,634830.6,0.9268180014231884
2887.0,1543.0,264116.85,0.18036483979918164
2722.5,1106.0,174503.56,0.026074959788097526
2595.5,1179.0,174785.81,0.34808051112080596
2445.0,1043.0,135227.88999999998,0.6747221687472472
2445.0,1043.0,109918.69000000002,0.669688750374367
2595.5,1043.0,132576.76,0.30745282458345313
2722.5,1043.0,137781.05,-0.08886936159754676
2874.5,1128.0,144007.15999999997,-0.40240489147968284
3013.0,2264.0,365204.20999999996,0.8673305606344843
3013.0,2264.0,526067.9600000001,0.6519875011355415
3149.0,2366.0,664140.1599999999,0.2886315904796505
3238.0,2366.0,713044.96,-0.0890587039688465
3778.5,2983.0,777232.1599999999,-0.013062164857203878
4298.5,2340.0,636620.81,-0.046951982047047924
4298.5,2130.0,503832.41,-0.07670948677511392
4384.0,2564.0,592703.45,-0.06057416817669779
4418.0,2386.0,417344.49000000005,0.03523132773722698
4418.0,1977.0,333331.8,0.49138301801914
4370.0,2944.0,630899.8400000001,-0.34476360264281636
4332.5,2944.0,832209.41,-0.1841676023610563
4062.5,2944.0,838394.6900000001,0.0507672507459769
3820.0,2944.0,871192.4,0.25242580768393175
3750.0,2944.0,725741.8400000001,0.6123618648921965
3714.5,2944.0,690628.5599999999,1.0002298018100668
3618.5,2944.0,738836.85,1.1552012302840684
3236.5,2053.0,362067.44,0.22645669974231952
2914.0,1460.0,286899.44000000006,0.04551797397012921
2836.5,1460.0,281574.29,0.40697002871710614
2901.5,1460.0,277231.08999999997,0.3207585852878858
2851.0,1460.0,301837.08999999997,0.443602497995323
2773.5,1408.0,219348.03999999998,0.7471240944194864
2773.5,1625.0,293348.41,0.9277854626985828
2773.5,1709.0,353978.84,0.9992833742697165
2838.5,2150.0,575604.4400000001,0.7163438510641856
2838.5,2150.0,735503.64,0.37107040787029794
3428.5,2431.0,847061.4,0.057313493879393565
3983.0,2397.0,729341.65,-0.2832214453647027
4038.0,2310.0,596999.8099999999,-0.6560990042250445
4038.0,2310.0,509374.61,-0.9760974018625993
4038.0,1986.0,273051.44000000006,-1.1595550575101088
4038.0,1339.0,144007.29,-0.11317881493583976
4038.0,1864.0,281378.01,-0.6817701970942572
3984.5,1864.0,294033.29000000004,-0.45355714435393657
3827.0,2138.0,419770.75999999995,-0.35235925338561297
3683.5,2214.0,503008.84,-0.07403627373835578
3519.5,1979.0,445831.0399999999,-0.018583356155699036
3145.5,1990.0,456806.80999999994,0.35477560245090006
2746.0,1460.0,320213.21,0.4200445299981303
2571.0,1875.0,332453.6,0.631713427008655
2501.0,1646.0,252369.40999999997,0.6863588293773593
2463.5,1646.0,213538.69,1.1196308045525047
2463.5,1646.0,277668.61,0.9156079344182889
2458.0,1424.0,167194.24000000002,1.1846325254147858
2458.0,1424.0,163020.64,1.3271599457153052
2388.0,1424.0,160885.68999999997,1.5092613974740747
2388.0,1424.0,176594.88999999998,1.1846549971770257
2388.0,1424.0,233189.61000000002,0.7611681585641408
2389.5,1505.0,326626.89,0.48054687212566805
2624.0,1505.0,349514.81000000006,0.08253652931148463
2986.5,1472.0,305857.69,-0.27334131766361675
3189.5,1472.0,256978.09,-0.650294397557934
3189.5,1545.0,272692.25,-0.5957366513068468
3220.0,1245.0,171312.04,-0.8182589735457093
3220.0,1245.0,127513.05,-1.1522275618939666
3220.0,1181.0,117084.88999999998,-1.0499020812514392
3220.0,1551.0,230180.63999999998,-1.2405097430804428
3220.0,1648.0,351268.81,-0.7852407633328163
3102.5,1648.0,397081.85,-0.35774906480707397
2697.0,1648.0,414900.96,0.036510068743028014
2697.0,2261.0,605317.89,0.33862918712809903
2697.0,2261.0,641898.6100000001,0.30338716611553407
2697.0,2261.0,587028.6100000001,0.44454215400970626
2197.0,2261.0,611319.3600000001,0.7898106326123
1997.0,2328.0,638789.76,1.0809567919057568
1966.0,2472.0,694779.0,1.1139519761911638
1933.0,2496.0,731923.16,1.0924844934221434
1966.0,2496.0,723655.6399999999,1.0859211148026577
1933.0,2496.0,745113.4400000001,1.0853619601640634
1882.0,2496.0,755816.1599999999,1.089038042568186
1882.0,1974.0,397117.6,1.573946617445932
1882.0,1383.0,143147.03999999998,2.2349151444581197
1882.0,358.0,14249.76,-0.22264664899502573
1843.0,358.0,15758.85,0.10606737793773209
1805.0,365.0,18707.6,0.2381174564907045
1805.0,382.0,20182.159999999996,0.19071592709665186
1806.0,382.0,18134.84,0.14803796775837053
1779.0,382.0,15036.289999999999,0.4796047455334839
1801.0,382.0,14804.45,0.3828109372422692
1801.0,382.0,17088.16,0.15729751242718742
1801.0,382.0,19059.36,0.11194275803845795
1786.0,348.0,15024.359999999997,0.3787661638391749
1785.0,348.0,11787.41,0.7231335736011145
1785.0,348.0,11299.65,0.6520000531226612
1787.0,368.0,13156.439999999999,0.4237615513963689
1787.0,355.0,12694.29,0.4980585871240858
1787.0,355.0,13478.64,0.5011558134848264
1787.0,355.0,15483.959999999997,0.46991588150114716
1783.5,355.0,16627.96,0.5988953428316949
1755.0,355.0,14858.24,1.0772093287269657
1734.0,355.0,9603.289999999999,1.7864305671024683
1721.5,355.0,10189.960000000003,1.9162376539843367
1721.5,355.0,10381.16,1.818344611946543
1698.0,374.0,11092.49,1.9350298820271854
1698.0,156.0,2080.7599999999998,0.6893656975274302
1699.5,156.0,1976.4399999999998,0.6930503671052343
1683.5,161.0,2299.0,0.8237847362499279
1699.5,488.0,18801.089999999997,2.11888698733039
1682.0,515.0,20266.05,2.022629068313336
1677.0,515.0,21203.489999999998,1.963282818948206
1677.0,515.0,21302.609999999997,2.0345698040831937
1684.5,515.0,21146.760000000002,2.030020533365902
1684.5,515.0,20797.65,2.1265363958098575
1691.0,1364.0,160098.21,2.154053707366596
1691.0,1364.0,158836.24000000002,2.108771835799211
1734.5,1364.0,156308.88999999998,2.102747456903884
1775.5,1364.0,150628.81000000006,2.0927463506072796
1775.5,1364.0,144603.96000000002,2.437099671508608
1806.5,1359.0,137784.4,2.4548684714510762
1806.5,1335.0,136545.03999999998,2.47831377460661
1837.5,1335.0,136285.84,2.173677853229104
1837.5,1335.0,132840.65,2.2164415610281845
1837.5,1549.0,155136.88999999998,1.8076954623069756
1803.0,701.0,39581.45,-0.1878829627771397
1767.5,701.0,43155.56,0.158428300318354
1705.0,701.0,43704.56,0.3585617550082766
1634.5,701.0,42882.40999999999,0.6989195772027615
1601.0,701.0,43790.090000000004,1.0623050902114106
1550.5,701.0,39580.89,1.6029782538434412
1525.0,701.0,39986.81,1.7483669827241146
1525.0,335.0,9259.05,0.7807386578329851
1520.5,194.0,4113.21,0.0640823310916957
1525.0,478.0,15801.039999999999,1.7063398186190974
1554.5,1164.0,112169.2,2.1647704041785203
1554.5,1164.0,113583.55999999998,2.147728168345479
1554.5,1164.0,113735.69000000002,2.152786802840179
1570.0,1164.0,112547.21,2.1041785734802225
1611.0,1149.0,107060.88999999998,2.1157495259691763
1621.0,1149.0,103843.0,2.131833467344473
1650.5,1149.0,99766.0,2.0322647167318824
1650.5,1149.0,103506.0,1.9824341033675876
1650.5,1149.0,99939.63999999998,2.0314663903728003
1650.5,1149.0,97364.44,2.243064501166977
1621.0,316.0,9983.810000000001,0.1842799867636329
1621.0,290.0,7959.890000000001,0.29399349501591787
1618.0,290.0,8717.41,0.3781948677219342
1598.0,290.0,8710.2,0.6766162903412518
1582.0,326.0,10193.609999999999,0.811943013316367
1558.0,326.0,11373.16,0.9708833190874072
1558.0,285.0,8309.890000000001,0.8042163940533501
1582.0,328.0,12161.09,0.5263827359884534
1582.0,429.0,20153.359999999997,0.5339915020633632
1582.0,532.0,31779.65,0.7203450179177132
1651.5,890.0,71883.49,1.0554532959510226
1756.5,1040.0,120196.29,0.7718096602925221
1851.5,1191.0,167580.96000000002,0.4906537840780686
1953.5,1241.0,199129.61,0.15985385365923588
2184.0,1278.0,195837.44,-0.11075609584344788
2438.0,1042.0,153545.96000000002,-0.31261089653584634
2548.5,953.0,117724.2,-0.664573926701851
2548.5,852.0,78256.45,-0.9842156009472243
2548.5,749.0,56836.2,-0.837168218833852
2548.5,823.0,64462.64,-0.971607948083561
2548.5,1011.0,113517.03999999996,-0.8983161928408199
2525.0,1041.0,155853.03999999998,-0.5120950087111773
2301.5,1105.0,182314.09000000003,-0.14229033095304172
2034.0,1121.0,184162.6,0.21585410275808706
1962.0,1037.0,141006.28999999998,0.47053434999141175
1935.5,951.0,98724.69,0.7469288410486828
1935.5,833.0,58181.03999999999,0.8774673685366495
1912.5,504.0,24661.839999999997,0.015079467175958202
1847.5,360.0,16100.559999999998,-0.22617943770312549
1847.5,360.0,16845.489999999998,-0.21967098310418343
1917.0,490.0,23389.090000000004,-0.1594816315894961
1945.5,801.0,48126.6,0.6949411868274061
1956.5,801.0,55634.01000000001,0.5140809912822317
1977.5,1212.0,122067.21,1.3832369553976422
2042.5,1285.0,194981.24,0.8805187365780611
2262.5,1726.0,319894.01,0.695897350805211
2418.0,1915.0,434954.36000000004,0.41275882903885597
2723.5,1915.0,453652.49000000005,0.044565947753616095
3049.5,1754.0,378702.2,-0.2442251189211223
3249.5,1593.0,288145.29000000004,-0.5434565807325766
3421.5,1353.0,218067.21000000002,-0.7642933529797343
3478.5,2404.0,344305.05,0.5087083253465069
3478.5,1793.0,236388.8,1.4750516191166256
3478.5,1720.0,207959.36,1.6752760687196133
3478.5,2331.0,302633.80999999994,0.5405958985346225
3425.5,2366.0,408475.0,0.3710435843948984
3417.0,2366.0,436695.25,0.6654063060745108
3270.0,2366.0,486190.68999999994,0.8660844550327003
2929.0,3141.0,688583.24,0.5153786737293798
2612.0,3141.0,806314.6399999999,0.6764855636205194
2484.0,3141.0,739442.76,1.14570158922459
2457.5,1756.0,282413.85,0.2898213875608754
2366.5,1923.0,296602.44000000006,0.4770777007833293
2126.0,1233.0,184089.96000000002,-0.03790985519061954
1865.0,1233.0,186587.01,0.3594786191577833
1836.0,1233.0,164946.16,0.7016268967539113
1836.0,995.0,96249.81000000001,0.7403442967491888
1836.0,795.0,67930.61,0.3941197129058475
1908.5,795.0,75998.20999999999,0.005770665064388559
1937.5,988.0,105377.56000000001,-0.03598336577918938
1937.5,1082.0,131973.85,0.15896327246303088
2060.5,1082.0,158062.84,-0.05844272264753104
2209.0,1127.0,152955.76,-0.3120553400024548
2349.5,2788.0,520844.2100000001,1.6369515555444
2508.0,2467.0,466336.04000000004,1.5445121075503367
2508.0,2452.0,428821.63999999996,1.6968824978974577
2508.0,2298.0,408921.76,1.8223374412599314
2555.0,2298.0,389726.55999999994,1.6958989811294736
2555.0,2634.0,457150.20999999996,1.285920463256846
2555.0,2634.0,479022.36000000004,1.3056418038068822
2389.5,2634.0,504098.25,1.3708495254926107
2200.0,2643.0,570551.0,1.3141443136163515
2127.0,2643.0,598550.29,1.4734224432206697
2086.5,1378.0,183792.76,1.0588456729739109
2014.5,1196.0,107238.23999999999,1.1238480486951117
1927.0,1196.0,113449.65,1.3982924957384242
1814.5,1196.0,120584.29,1.553204668682042
1814.5,773.0,60810.16000000001,0.7551374942519411
1841.0,773.0,59369.09000000001,0.7373201102588205
1841.0,773.0,66211.24,0.685571164738058
1841.0,773.0,63342.759999999995,0.8079896307633343
1927.0,773.0,63044.8,0.4434957349305261
1983.0,773.0,78040.8,0.15416990834466987
2057.0,1089.0,126998.41,0.3176487087119522
2185.5,1217.0,159780.65,0.22848334350347332
2309.5,1209.0,154709.21000000002,-0.052673260385060074
2382.5,2149.0,331678.4099999999,1.1734792657687527
2540.5,2149.0,360342.00999999995,0.778099094835213
2753.0,1929.0,393676.24000000005,0.5717360020841536
2753.0,1929.0,382430.83999999997,0.5732110908631552
2753.0,1829.0,361169.49,0.6581221653532677
2753.0,2182.0,422715.04000000004,0.3739963054125538
2753.0,2182.0,501307.83999999997,0.2717250746430258
2581.0,2182.0,582115.1599999999,0.39956896881729703
2267.0,2354.0,669948.65,0.5872988573785403
2211.5,2354.0,665118.24,0.7749735209163159
2211.5,2188.0,428950.55999999994,0.9596637646003554
2211.5,2188.0,401258.61,1.03948101342468
1983.0,1339.0,170020.28999999998,0.5931178514373486
1983.0,1637.0,279759.36,0.7267153560636038
2042.5,1637.0,292371.21,0.4842919404222624
2085.0,1637.0,280508.76,0.4809650632064017
2085.0,1637.0,278882.64,0.4824045749214489
2138.0,1637.0,262531.89,0.46067026650714343
2419.0,1418.0,215091.08999999994,0.32184440908297685
2569.5,1762.0,340751.00999999995,0.3490228685905174
2569.5,1762.0,347409.16,0.2553205758308284
2569.5,1762.0,400827.49,0.21057662898174292
2674.5,1789.0,420470.05,-0.09199334866498309
2674.5,1789.0,400040.64,-0.0037200415380564365
2674.5,1789.0,403107.4,0.03353736476218529
2674.5,1789.0,336364.36,-0.04473886996417599
2853.5,1585.0,273910.80999999994,-0.1408550025023896
3146.0,2503.0,515716.24000000005,1.156956621549623
3146.0,2990.0,622727.1599999999,0.7606970637394109
2995.0,2990.0,606948.05,0.972251589091974
2995.0,2990.0,686349.89,0.8785688167003781
2750.5,2990.0,745755.25,1.0761053413430444
2526.0,2990.0,727567.24,1.4842886559205257
2400.0,3075.0,798802.4099999999,1.528556401104248
2238.5,3357.0,904800.89,1.388979416168098
2238.5,3357.0,907294.01,1.4179627949591511
2238.5,3357.0,850083.9600000002,1.6065991427467847
2154.5,1540.0,229921.41,0.7404215900751019
2238.5,2260.0,448581.84,0.8197571723710642
2154.5,2260.0,419903.61000000004,1.2766770380063186
2094.5,2365.0,481136.76000000007,1.1431994199985798
1970.0,2365.0,508869.36,1.1827309795728709
1970.0,2365.0,508800.36000000004,1.245831886327389
1935.0,2365.0,528520.5599999999,1.2361127438997654
1986.0,2365.0,500706.44000000006,1.258023013210567
1890.0,2365.0,525837.25,1.4494134954288629
1785.5,2365.0,422705.41000000003,2.2862260726497325
1817.5,2365.0,420804.61,2.273644177259279
1817.5,647.0,40636.64,0.09292199741807008
1790.0,647.0,36711.28999999999,0.29872586331090184
1804.5,531.0,27459.6,0.6207438803346941
1843.0,531.0,26032.84,0.5112845548478032
1799.5,436.0,18272.41,0.46374856357251715
1799.5,436.0,17484.01,0.46846053309944297
1743.0,436.0,16054.89,0.9159810843501487
1759.5,434.0,13801.289999999999,1.0399536342024513
1799.5,434.0,15781.289999999999,0.5453327145931216
1799.5,434.0,15302.49,0.64010415141244
1799.5,1935.0,294593.56,2.532253695912831
1759.5,2162.0,322168.20999999996,2.351450403696332
1737.5,2162.0,344435.2,2.2406654767908476
1716.0,2405.0,391676.16000000003,2.01635223231472
1716.0,2405.0,424272.68999999994,1.9053083385733225
1565.5,2405.0,458209.84,1.8661799002142836
1413.5,2405.0,472575.61000000004,1.9321824617312633
1370.5,2405.0,488045.61,2.0327538806488428
1370.5,2405.0,478104.89,2.320300485220407
1370.5,2405.0,469723.44000000006,2.5440687302957063
1370.5,517.0,23777.84,0.6050766035542023
1371.0,772.0,55036.45,1.0441537412436763
1377.5,797.0,83167.56000000001,0.7061134222141763
1453.5,940.0,107457.16,0.4349725786367848
1583.5,940.0,105567.25,0.05262588855896198
1814.5,852.0,89905.88999999998,-0.2393857165456979
1917.5,852.0,75029.43999999999,-0.634004224480388
1917.5,683.0,45860.409999999996,-0.762438143884837
1917.5,630.0,32874.89,-0.6480895031737653
1917.5,506.0,25129.85,-0.3179457275168341
1917.5,845.0,55800.81000000001,-1.1169109237225918
1857.0,845.0,68325.16,-0.601932398077892
1731.0,845.0,78206.41,-0.19327503457074843
1622.5,768.0,77240.89,-0.050016432221980066
1622.5,1353.0,153124.16,0.8994993814579131
1622.5,1353.0,165889.56,0.7907734797355103
1622.5,1353.0,199215.96000000002,0.581902811018478
1622.5,1353.0,207781.36000000004,0.4293432880823419
1825.5,1353.0,214226.16,0.1658639278240229
1978.0,1353.0,210752.21000000002,-0.020648339171322434
1978.5,1353.0,175477.16,-0.2483450087275423
2042.0,1353.0,149936.96000000002,-0.6037511286258894
2056.0,1849.0,205469.25,0.1408186589569301
2107.5,1156.0,117391.88999999998,1.1701136652016402
2107.5,1317.0,197880.96,1.1015936021145132
2191.0,1362.0,273357.89,0.6346710817125335
2258.5,1562.0,367155.01000000007,0.33734610612275256
2758.5,2013.0,496698.75999999995,0.17815433319942797
3145.5,2013.0,468668.88999999996,-0.2023861206217705
3198.5,2012.0,373009.29000000004,-0.5273476481598199
3217.0,1885.0,246324.49000000005,-0.7677714056884954
3248.5,1470.0,130311.04000000001,-0.48702097706553615
3248.5,1470.0,126334.21,-0.6127100038855482
3283.5,751.0,50236.6,1.260847440111582
3283.5,1089.0,76477.20999999999,0.3321006918807395
3374.5,1089.0,76812.09,0.14058133142550602
3252.0,1089.0,78904.00999999998,0.4281202024802125
3208.0,1457.0,152809.44,-1.5180531408597986
3189.5,1603.0,267010.29,-1.0032430637669134
3181.5,1603.0,332920.61,-0.5422380658170373
2994.0,1789.0,427515.55999999994,-0.21584942953534195
2489.0,1642.0,392616.64,0.12403601767846566
2140.0,1642.0,371007.45,0.5302697790024323
2131.0,1689.0,309945.44,0.906042721544702
2131.0,1689.0,283572.0,1.2878413781736224
2131.0,1391.0,215656.44,1.148163926201327
2079.0,1355.0,126500.76000000004,1.8778662684158003
2079.0,1355.0,127515.80999999998,1.773214934449743
2131.0,1450.0,223610.16000000006,1.1173066883259652
2186.5,2443.0,553306.8,1.191279053069443
2247.5,2443.0,746677.5599999999,0.7409293367978514
2684.0,2443.0,705961.8899999999,0.4632341315444619
2929.0,2443.0,653244.21,0.35935097946319816
2929.0,2176.0,546547.41,0.5396847487076616
3149.0,2176.0,536685.84,0.14842783167587437
3089.5,2176.0,537684.25,0.19639032565902034
3089.5,1961.0,440791.0,0.3670404500660164
3089.5,1832.0,418784.89,0.4390601900613593
2869.5,1832.0,465614.41000000003,0.5939602634453901
2692.5,2126.0,400533.68999999994,0.8274436370468607
2544.0,1851.0,270626.00999999995,0.6123112433821232
2418.0,1851.0,248292.49,1.0839086117365053
2384.5,1851.0,278527.96,1.201503962694384
2326.0,1851.0,303808.41,1.2094783016669193
2249.5,1101.0,111555.45,0.7519962373374678
2145.5,849.0,68692.56000000001,0.3333240707280694
2009.0,645.0,47926.44,0.34477189546110554
2009.0,1073.0,99025.29000000001,1.131846038934875
1937.5,1073.0,91797.95999999999,1.6585209155542824
1937.5,1073.0,97797.45,1.308454177733968
2085.5,1073.0,123091.29,0.7458335271038589
2085.5,1073.0,154468.25,0.4853561939303858
2279.0,1073.0,152573.84000000003,0.10659958947109
2456.5,1073.0,159605.21000000002,-0.2774060711093382
2640.0,1336.0,204544.84000000003,-0.34710715243398266
2738.0,1506.0,212907.61000000002,-0.35043521126270694
2794.5,1467.0,157038.65,-0.6213873026821607
2794.5,1467.0,161729.56,-0.6723523968160788
2909.5,1030.0,80995.60999999999,-0.24169170731871178
3023.5,789.0,55427.21,-0.053401661167082976
3023.5,789.0,51337.61,-0.06244826077131217
3023.5,1421.0,147269.69,-1.29997617381413
3023.5,1421.0,140115.36000000002,-1.4611241177707333
3023.5,1421.0,199387.05,-0.9687395332449523
2898.0,1571.0,281968.41,-0.5820744495196278
2816.5,1435.0,237405.69,-0.6750924863514822
2754.5,1435.0,219012.96000000002,-0.5657447747209726
2754.5,1435.0,207678.56,-0.5452108402641731
2684.5,1524.0,248327.0,-0.231330419947074
2378.0,1134.0,212044.69000000003,-0.09296426536925904
2378.0,1565.0,278104.29,0.18377794345741955
2378.0,1565.0,273683.65,0.1741860107988995
2052.0,1593.0,298927.81,0.5005634950323963
1901.0,1593.0,326423.81,0.5553534228819421
2221.0,1593.0,308206.61,0.3074219957999497
2152.5,1593.0,275242.61,0.557435609016849
2152.5,1593.0,334329.56000000006,0.494575347713097
2152.5,1927.0,473907.44000000006,0.6076220951226101
2372.5,1927.0,452970.20999999996,0.24523845256375293
2687.5,1927.0,412080.24,-0.09521260187231848
2687.5,1927.0,386463.29,-0.0831098776004268
2959.5,1927.0,408978.08999999997,-0.43764412983883866
3014.5,1902.0,297747.36,-0.785426261920305
3014.5,1301.0,153393.21000000002,-0.1883316218500745
3084.0,1301.0,128322.09,-0.5724205933335818
3084.0,1446.0,152309.44,-0.8419401870635398
3014.5,1562.0,241783.81,-0.6136158395029542
2959.5,1460.0,260751.49,-0.4178286769911971
2809.0,1460.0,278782.24000000005,-0.06626744521127147
2864.0,1519.0,336171.04000000004,-0.0869773649866278
2472.0,1682.0,400512.8,0.1858485220202975
2209.5,1702.0,375982.80999999994,0.5463463542550006
2101.0,1702.0,346450.24000000005,1.0134718322625065
2023.0,1807.0,366305.05,1.2841573303350602
1929.5,1827.0,258085.21000000005,2.111483321899059
1929.5,1827.0,260183.75999999995,2.033120776445891
1848.0,1870.0,278463.01,1.9975581876518784
1830.0,1920.0,297642.83999999997,1.9688234140205898
1806.0,1920.0,295040.76,2.2380384144041785
1806.0,652.0,31115.0,1.23603016549178
1800.0,652.0,31066.359999999997,1.2931934759086687
1753.5,652.0,34151.009999999995,1.3315368596537367
1753.5,652.0,44835.090000000004,0.907999115015197
1800.0,788.0,71112.84,0.6414695573273937
1800.0,788.0,70653.95999999999,0.6411513325319455
1800.0,788.0,56368.05,0.9969517296997904
1814.0,788.0,52003.409999999996,0.9763839234382903
1860.5,761.0,49963.759999999995,0.6676461077334478
1927.5,761.0,49050.49,0.3633433386106561
1982.0,761.0,53632.08999999999,0.11192938454646215
2022.0,761.0,50343.36,-0.06293642565667702
2022.0,683.0,39803.84,0.1867450198351128
2007.0,683.0,38193.490000000005,0.3379797962598806
1941.0,555.0,31854.359999999997,-0.13806154210069777
1941.0,699.0,46182.240000000005,-0.5433478547744446
1900.5,699.0,59264.76000000001,-0.2913777392026631
2007.0,1076.0,101242.41,0.1819399894903991
1897.0,1076.0,109884.88999999998,0.5154491800465766
1721.0,1115.0,121552.36000000002,0.7722539808507765
1578.0,1115.0,113668.00999999998,1.2593042466502473
1525.0,1193.0,119129.84,1.5467666600322927
1511.0,1193.0,122965.00999999998,1.7610143772006248
1511.0,2160.0,438723.95999999996,1.8336895034049043
1511.0,2160.0,454622.95999999996,1.4858829374068876
1511.0,2160.0,459845.36,1.4785249961250504
1511.0,2160.0,448844.88999999996,1.3306194591643647
1472.5,2160.0,415858.41,1.8787852695777267
1471.5,2160.0,417321.69,1.8786727707975168
1498.0,2160.0,408694.89,1.8774360961056535
1546.0,2160.0,403631.85,1.8751509730482316
1599.5,2107.0,392518.44,1.6090843509404074
1599.5,2107.0,380041.36,1.6455468981450385
1587.5,858.0,97836.04000000001,0.8716996398462314
1587.5,796.0,62261.43999999999,1.2158894860349339
1587.5,788.0,57455.21,1.2783693837290317
1587.5,788.0,45930.09,1.754358902776842
1596.5,751.0,41297.8,1.9218879244014464
1601.0,751.0,40832.05,1.5634919145284434
1657.5,1600.0,207032.21000000002,1.8851990716257314
1734.5,1600.0,215149.44,1.4341873541607078
1734.5,2878.0,754024.8899999999,1.6739184796357762
1797.0,2878.0,823097.61,1.1221682689942611
2057.0,2780.0,749004.3600000001,1.0910388119636671
2256.0,2780.0,705443.69,1.0529668322733257
2256.0,2746.0,646710.89,1.1402218999109908
2281.5,2746.0,595276.36,1.1540705991381834
2293.0,2502.0,510305.09,1.3730340524316822
2300.0,2332.0,456311.80999999994,1.5216027344813243
2300.0,2332.0,456311.80999999994,1.5216027344813243
2337.5,2332.0,458943.41,1.1796151481711756
2337.5,1230.0,188078.69,0.319693624694567
2337.5,1120.0,171647.96000000002,0.2707597420003041
2688.0,1727.0,276135.64,0.3699843890064974
3036.0,1921.0,369335.29000000004,0.2154099713817396
3083.5,2242.0,496772.04000000004,0.47692046073318073
3116.5,2242.0,451653.45,0.15986186409558492
3116.5,2167.0,366223.56,0.36102636234889435
3116.5,2088.0,351140.09,0.4475455105206002
3116.5,2315.0,466244.80999999994,0.2009953957784669
3053.5,2378.0,580971.24,0.20905808188692998
2981.5,2378.0,624068.84,0.31703663002851334
3005.0,2378.0,623953.69,0.29928206304523447
3005.0,2378.0,585596.49,0.48995360857551945
2674.0,2480.0,584508.4099999999,0.8624655129600711
2467.5,1827.0,328642.25,0.7575430912282356
2467.5,1178.0,200272.63999999998,0.23917419308759022
2467.5,1178.0,191360.69,0.40968856840681384
2418.0,1178.0,194204.96000000002,0.46018093370487145
2425.0,1178.0,187039.63999999998,0.4208871669047286
2425.0,1178.0,192443.8,0.4058193922989569
2480.5,1178.0,208325.56,0.12069059056375807
2480.5,1178.0,178311.01,0.22095835855898147
2480.5,1098.0,134139.96000000002,0.22134635449857112
2632.5,1098.0,135107.05,-0.09779125253943585
2705.5,1638.0,201665.28999999998,0.5633688874725925
2705.5,2217.0,412441.2400000001,0.9975486620501358
2860.5,2217.0,530414.29,0.5304828487091324
3016.0,2217.0,493505.2,0.20881349938435995
3297.5,2217.0,461428.00999999995,-0.1687071335448321
3637.0,1703.0,372891.61,-0.0881904873206829
3817.0,1703.0,359697.44000000006,-0.49709144414807727
3817.0,1703.0,313687.2,-0.47159450189472857
3817.0,1332.0,231485.88999999998,-0.23928419888254313
3817.0,2025.0,373156.69000000006,-0.8064682784555363
3721.0,2086.0,542196.21,-0.5213970035511286
3369.0,2086.0,585314.64,-0.16694364931086772
3206.5,2086.0,515713.36000000004,0.040145369348748586
3206.5,2086.0,544662.6100000001,-0.038222291230108556
3206.5,2496.0,726699.4099999999,0.18741878646908197
3118.0,2496.0,618104.21,0.5531701989055988
2998.0,2610.0,609582.45,0.93752400714382
2906.5,2610.0,611772.9600000001,1.0018298721238157
2785.0,2610.0,613564.8899999999,1.1762534539789078
2785.0,2610.0,588543.45,1.1913628033528831
2785.0,2610.0,582381.2899999999,1.2060781743299591
2906.5,2610.0,558385.24,0.8930944622045487
2906.5,2610.0,563522.89,0.8257993427398671
2906.5,2610.0,566359.4,0.8195000221960651
2906.5,1708.0,295450.65,0.07979965997284273
3109.5,2210.0,465276.89,0.23219484109037553
3459.5,2446.0,569412.65,0.322256593783024
3571.0,2548.0,715817.1599999999,0.05422070591662836
3571.0,2548.0,629358.21,-0.11018578147000564
3571.0,2548.0,533913.96,-0.08156296584847116
3571.0,2152.0,435785.16000000003,0.32845328095307064
3554.5,2152.0,530905.8,0.306452360565211
3717.5,2152.0,530974.29,0.021298616755869814
3554.5,2152.0,573284.36,0.2573659123775386
3365.0,2588.0,753939.0099999999,0.18324277208081574
3126.5,2588.0,772112.4400000001,0.5657821774326411
2917.0,2588.0,599811.64,1.0058311582694865
2742.5,1833.0,297438.49,0.9499824450466151
2667.5,1833.0,257398.84,1.5249326734189983
2611.0,1833.0,245885.49,1.9311637685690977
2611.0,1833.0,247356.36000000002,1.809376509253028
2572.5,1920.0,277726.64,1.704913851282024
2509.5,872.0,66461.63999999998,0.7191784022388696
2509.5,798.0,59134.159999999996,0.5747354280229409
2572.5,1268.0,125801.60999999999,0.9972473015090697
2611.0,1292.0,182585.61000000002,0.6055565031807324
2759.0,1292.0,190315.36,0.22737782880575505
2953.0,2064.0,350423.56,0.6152588541647073
3085.0,2146.0,484801.44000000006,0.34945987992567046
3320.0,2146.0,457898.25,0.03644189009932115
3484.0,2782.0,693747.21,0.13044636004697305
3525.5,2660.0,593506.49,-0.04494269620323851
3911.5,1984.0,407505.24,0.07679463927195178
3947.5,1818.0,326361.49,0.19432750100751256
3947.5,1818.0,325017.16,0.19430659528170713
3947.5,1940.0,388260.16000000003,0.06296643893661427
3947.5,2329.0,491804.09,-0.2260697432089112
3591.0,2563.0,662411.24,-0.05991594230990356
3520.0,2612.0,763108.2,0.24118349642723366
3265.5,2612.0,856755.36,0.41265431079197007
2851.5,2202.0,630946.21,0.6924630318833392
2576.0,2262.0,469036.0,1.0021359951949003
2494.0,1438.0,236231.41,0.8691581161122277
2458.0,1296.0,145301.2,1.3238514210119663
2458.0,1041.0,104743.45,1.0058320400560985
2398.5,1098.0,89168.89,1.4945060651518283
2398.5,1098.0,117824.44000000002,1.1188037042017067
2374.0,1177.0,135591.84000000003,1.0346913538925264
2361.5,1177.0,136076.09,1.0480592618862068
2361.5,1328.0,213420.88999999998,0.7496510929039659
2361.5,1383.0,283534.8,0.4210631854325714
2708.0,1383.0,292251.88999999996,0.012695683290647816
3136.0,2304.0,476228.44000000006,0.35605853791426967
3255.0,2469.0,638273.5599999999,0.18609886554832997
3330.5,2469.0,714409.24,-0.023399010038919827
3338.5,2469.0,572680.6,-0.16243328085773526
3408.5,2469.0,605323.21,-0.4742025066367635
3408.5,2173.0,409834.0,-0.22078723172489848
3408.5,1894.0,347703.4900000001,0.07157912991584792
3366.0,2226.0,504627.0399999999,-0.13512690106118058
3288.0,2301.0,654837.49,-0.039247725552708
3166.0,2531.0,831675.4,0.04174207548103162
2907.0,2531.0,708687.09,0.3808447902141897
2703.0,2138.0,500367.6,0.6463999205996556
2569.5,2138.0,380887.69000000006,1.033151527450457
2403.5,2138.0,365755.23999999993,1.505170352643873
2258.5,1045.0,110528.8,0.6736395155727719
2166.0,848.0,73964.43999999999,0.6368557970708135
2166.0,848.0,64050.36,0.737802821567363
2166.0,1022.0,109445.55999999998,0.7024756892247911
2129.0,1022.0,111267.44000000002,0.7419672994957973
2129.0,1022.0,107842.63999999998,0.7634587179135766
2129.0,1022.0,83494.61,1.2151770579028134
2107.0,1022.0,77993.56000000001,1.6976116570474895
2106.5,1022.0,79094.40999999999,1.6956821783840428
2124.5,1022.0,107117.76000000001,1.0023085675044612
2124.5,1022.0,109624.76000000001,0.9868502128411486
2124.5,947.0,101419.20999999999,1.0770504045698817
2088.5,947.0,102676.89000000001,1.3793297011994978
2088.5,791.0,76372.8,1.2938324599747237
2088.5,791.0,76034.01000000001,1.2792100786256027
2136.0,791.0,72414.24,1.1498390105326837
2136.0,791.0,72862.29000000001,1.2512530897658654
2174.0,791.0,70594.36,1.1235674766345547
2174.0,791.0,69289.21,1.135268577899029
2174.0,733.0,63463.68999999999,1.092572176730811
2230.0,680.0,69648.56000000001,0.6528892523063445
2282.5,680.0,62663.89,0.47586309229260587
2282.5,1241.0,125108.8,-0.7510345746915839
2230.0,1242.0,157184.21,-0.5446319814689693
2230.0,1242.0,162732.56,-0.36509135851419433
2137.5,1242.0,196102.41,-0.056287668548604675
2190.0,1383.0,253689.56,-0.06399515060739083
2016.0,1383.0,281804.24,0.21585319012862977
1748.0,1498.0,325594.8,0.3679153230607097
1693.5,1498.0,267482.16,0.7441239381721996
1693.5,1498.0,203624.03999999998,1.1672869475997667
1693.5,1498.0,176663.25,1.4513017082690682
1809.0,1498.0,166176.0,1.417539680843833
1861.0,1877.0,325425.56,1.1281613716673253
1861.0,1877.0,330065.36,0.9406189425380416
1989.5,1877.0,339871.64,0.5134348020222108
1861.0,1877.0,311297.36,0.9712148232766012
1861.0,1877.0,292713.69000000006,0.9844204142797778
1861.0,1777.0,279955.69000000006,1.077061996141266
1857.0,1777.0,289341.2,1.077821036490824
1838.0,1777.0,290709.96,1.0889437745211512
1805.0,1777.0,305687.56,1.2076986113736854
1747.5,1777.0,318862.96,1.2071818207238043
1660.0,1294.0,145384.45,1.5231324325738291
1660.0,1294.0,123984.61000000002,2.135425826788483
1660.0,640.0,32241.49,0.8818800041955918
1740.0,894.0,66205.09,1.0228464418799998
1740.0,894.0,66615.01,0.9594851033959667
1830.5,816.0,83478.64,0.7156874544062822
1862.0,995.0,117426.63999999998,0.4420121681818423
1834.5,995.0,119148.61000000002,0.47204835826234304
1853.0,995.0,109454.23999999999,0.4536152720823272
1925.5,966.0,90589.80999999998,0.46124564158992953
2013.0,776.0,70534.61,0.5961104522689934
2058.0,776.0,62086.29,0.5314762934784967
2058.0,776.0,80909.36,0.29851430559413356
2058.0,933.0,108505.68999999999,0.3840081682578802
2236.5,1342.0,173006.96000000002,0.4971682789646781
2319.5,1342.0,231645.88999999998,0.3323885583793096
2319.5,1789.0,362312.76,0.45369647994544837
2649.0,2053.0,468251.64,0.3281603203652997
2926.5,1908.0,406279.16000000003,0.03878533956764432
3131.0,1922.0,419848.24000000005,-0.157446503511723
3131.0,1888.0,323130.96,-0.08470715996911343
3131.0,1657.0,280107.21,0.1615035867154925
3131.0,1657.0,281835.36,0.15849012096503434
3131.0,1751.0,347889.24,0.03319873272609891
2938.0,1751.0,403122.89,0.23863181280070475
2868.0,1751.0,401384.08999999997,0.3057169536609617
2868.0,1751.0,365467.61,0.46638838149739353
2701.0,1751.0,266950.49000000005,0.8337590343046621
2701.0,1751.0,258592.03999999998,0.8973633496940232
2701.0,2248.0,396266.01000000007,1.436167115778011
2637.5,2248.0,400112.84,1.4717953139094988
2637.5,2248.0,376954.81000000006,1.5280255823649025
2637.5,2248.0,372636.49000000005,1.5252350343384893
2812.0,2548.0,643751.29,1.1686064404765888
3068.5,2241.0,624422.8899999999,0.8222622266097996
3159.5,3120.0,1113918.25,0.728030828904706
3550.5,3120.0,1101781.61,0.5268166105828896
3998.0,3120.0,1022300.4399999998,0.20261487935686703
4235.0,3120.0,1084721.8900000001,-0.18140018449676235
3998.0,3120.0,1064979.81,-0.029186642087454973
4024.5,3120.0,865722.8400000001,-0.1808412687153426
4230.0,3088.0,611223.01,-0.27547884749440343
4238.0,1819.0,317322.83999999997,1.0601853511598425
4127.0,1819.0,303735.16000000003,1.4413003667473088
4127.0,2362.0,392910.61,0.9000324131282136
4127.0,1693.0,171427.81,0.3109935668504837
4127.0,1693.0,167585.25,0.24024040355235762
4127.0,4788.0,1605249.0,2.196183789807722
4127.0,7649.0,5406606.4399999995,1.7203871076908561
4127.0,8025.0,5709536.41,1.6413202160326577
4127.0,8308.0,6133441.24,1.5545040264794852
4070.0,8498.0,6650214.64,1.5182098660500702
3709.5,8498.0,7071111.159999999,1.5054167407180186
3163.0,8498.0,7393670.8100000005,1.542052516547539
3275.0,8498.0,7350819.610000001,1.5337969780289724
2833.5,8498.0,7659471.8,1.5857895716518229
2800.0,8498.0,7827671.8,1.647883144723255
2800.0,8498.0,6067079.889999999,2.558066099433778
2734.0,1073.0,137411.41,0.9764291660973043
2734.0,1073.0,137158.03999999998,0.9889461909617903
2842.0,1073.0,160923.81,0.5081032219635055
2935.0,1866.0,310843.81,0.8829754213919107
3201.5,1790.0,306385.24000000005,0.5242839191754113
3485.5,2099.0,429929.44000000006,0.4498383849141743
3485.5,2099.0,543029.24,0.24963254242324073
3536.0,1909.0,437027.95999999996,0.23927217274211096
3536.0,1909.0,386180.24,0.23540114948188218
3528.5,1909.0,386747.69,0.2414442051175771
3667.5,1723.0,289675.04,0.32332214722141867
3667.5,1731.0,291041.76,0.3143323939370807
3667.5,2058.0,411041.64,-0.04154569507659999
3528.5,2135.0,475353.36,0.19576561604594778
3442.5,2205.0,560851.29,0.4136736859008361
3162.0,2105.0,430535.20999999996,0.6580168825651981
2907.0,1313.0,218342.96000000002,0.3036574997203572
2907.0,1313.0,233788.25,0.3137945077759655
2782.0,1313.0,229019.69000000003,0.6764488651519585
2782.0,1313.0,199879.45,0.9154759182514486
2665.5,1195.0,121577.45,1.3879873485888077
2665.5,1504.0,246825.45,1.1677060093047096
2653.5,1504.0,252693.45,1.1576248758468117
2782.0,1504.0,253660.24000000005,0.7748782110884359
2990.5,1463.0,301458.75999999995,0.4073781229189052
3235.0,1706.0,358181.44,0.17463215317968597
3512.0,1706.0,394852.21,-0.19055343332909436
3653.5,3100.0,836145.25,0.682444121046143
3971.0,5605.0,2491037.4099999997,1.41545465512462
4071.5,5605.0,2550186.85,0.9935278278945605
4071.5,5605.0,2262583.6,1.1428949031437758
4201.0,5605.0,2236120.21,1.1031720525493323
4275.0,4793.0,1793989.6,1.475631995537887
4284.5,4474.0,1612640.41,1.644721883024576
4284.5,4696.0,1726990.4899999998,1.5112532821224727
4284.5,5465.0,2119993.85,1.133463729950354
4330.5,5465.0,2099824.64,1.0929450986067313
4284.5,5465.0,2201185.0100000002,1.389347554628618
3965.0,3036.0,679128.6900000001,0.5279755673795784
3557.0,1773.0,399498.68999999994,-0.11417430534510785
3437.0,1773.0,466777.64,0.0968393872790502
3236.0,1773.0,453077.0,0.49544005080600073
3236.0,1793.0,476351.23999999993,0.5170325947634148
2944.5,1874.0,443797.6,0.9494780718302616
2944.5,1874.0,439489.20999999996,1.0499844490882095
2944.5,1941.0,457779.05,0.9970131125053521
2813.0,2018.0,322954.00999999995,1.5100905707337808
2813.0,2018.0,323376.41000000003,1.5648805453589532
2813.0,2018.0,307007.76,1.7944675621430282
2857.5,2018.0,392190.81,1.1020047995871733
3046.5,2018.0,507435.69000000006,0.6030253651168752
3204.0,2560.0,744750.4,0.4155357446395545
3204.0,2560.0,741764.65,0.4163053470105054
3611.5,2560.0,684278.4099999999,0.07857104083415872
4041.0,2560.0,710830.8099999999,-0.24482058567276202
4206.5,2604.0,680228.8400000001,-0.48454163295825964
4322.0,2639.0,603483.45,-0.22662199906035269
4322.0,2414.0,502991.61,-0.001749382728313823
4322.0,3014.0,676475.6100000001,-0.4961042395628654
4322.0,3574.0,1146308.3599999999,-0.6232833828591731
4223.5,3580.0,1522054.6,-0.32135684871276027
3737.0,3660.0,1663709.8900000001,0.04300568047811486
2962.5,3813.0,1822095.0400000003,0.38509362112784923
2279.0,3813.0,1891607.1600000001,0.7288912012062798
2234.0,3813.0,1722297.3599999999,1.1649859605634443
2066.0,3813.0,1206183.25,1.974477944849047
2066.0,1606.0,315623.89,0.9347954724835439
2066.0,2023.0,416500.36,1.1338696390433454
1996.0,2023.0,441145.36,1.3131242388783158
2063.0,2023.0,434031.75999999995,1.2889040254975659
2138.0,2023.0,425548.04000000004,1.0812838104927185
2159.5,2023.0,407072.2899999999,1.068471080855187
2159.5,1974.0,387709.95999999996,1.1354565397361043
2210.0,1974.0,361053.76,1.15467891096176
2159.5,1974.0,399111.01,1.198075905855546
2159.5,1974.0,401653.96,1.2037071862295852
2159.5,1974.0,298190.6,1.8730565813742508
2115.5,758.0,58406.6,0.40913721228807143
2159.5,858.0,75165.69000000002,0.3253226216239662
2210.0,858.0,76287.85,0.14726777512694988
2132.0,858.0,63718.63999999999,0.5229208647932605
2166.0,858.0,74006.0,0.2700490219164068
2195.5,858.0,67601.16,0.14075443937291868
2117.5,866.0,80923.04,0.31157574928413384
2117.5,879.0,82397.45,0.29216646601713586
2073.0,879.0,84205.04000000001,0.3618508637509445
2070.5,879.0,78372.41,0.5931909470333991
2070.5,879.0,75355.95999999999,0.6155171037442514
1998.5,691.0,45608.44,0.6599094166424012
1998.5,691.0,53624.69,0.682160618175045
2070.5,691.0,68242.85,0.32664319015105486
1951.5,728.0,61721.89,0.6436902948234139
1951.5,728.0,73633.84,0.46111280984028297
1985.0,728.0,67598.85,0.4192761120013928
1985.0,759.0,72443.09,0.3404836973312457
1937.5,759.0,80502.05,0.42067173819799747
1937.5,1443.0,193218.29,1.033191770780521
1962.5,1443.0,191044.29,1.0248913888951536
2048.0,1443.0,183033.96,0.9440382179985013
2048.0,1443.0,191929.44,0.8387833286577827
2048.0,2779.0,674063.04,1.5814526976972407
2264.5,2804.0,1008070.89,0.9929506830593913
2348.5,2804.0,1210766.4,0.5386233523751139
2348.5,2804.0,1260954.01,0.5200186487244356
2348.5,2799.0,1227522.36,0.5355775621237491
2348.5,2799.0,1170812.8,0.5527793992631344
2096.0,2799.0,1220369.05,0.7804782720677973
2096.0,2911.0,1287192.01,0.7435167654263088
2049.0,2911.0,1344115.45,0.7482701182201515
1952.5,3011.0,1470585.69,0.8263098193008236
1952.5,3011.0,1300314.84,0.8428349695265767
1952.5,2719.0,863598.96,1.3555469753268345
1925.0,2481.0,448546.01000000007,2.245315097114612
2003.5,2481.0,452026.75999999995,1.9004952543226303
2049.0,2481.0,526409.0399999999,1.2436520409776453
2073.5,2481.0,524602.4099999999,1.2310738149408698
2067.5,2481.0,525208.89,1.2333026084819
2067.5,2481.0,522691.2,1.240942832384899
2067.5,2481.0,532888.2,1.2198068455543114
2125.5,2362.0,469225.64,1.1925473705044205
2067.5,1511.0,194860.01,0.8842774917079602
1997.5,1511.0,197582.40999999997,0.9722262443364413
2067.5,1511.0,198899.28999999998,0.7279379182231077
2067.5,2549.0,562558.8400000001,1.403207538062236
2067.5,2549.0,504480.49000000005,1.7224708517919005
2183.5,2549.0,527550.01,1.3597204540221273
2409.0,2549.0,518574.49000000005,1.177301076854215
2520.5,2511.0,464682.95999999996,1.0131113928245337
2606.0,2428.0,393211.56000000006,0.9606936079022275
2736.5,2428.0,394699.2,0.7450579326233213
2855.0,2205.0,295023.04,1.01828573231321
2855.0,2134.0,283199.41000000003,1.1399017307899397
2855.0,2241.0,339593.76000000007,0.7646263575841802
2736.5,1342.0,217161.96000000002,-0.7579168920300556
2701.5,1342.0,281749.89,-0.39763045832279836
2305.5,1354.0,317956.61,-0.013068464589459029
