567.9401698087886,3154.23932420407,753698.032006979,0.03127819539789422
567.9401698087886,3154.23932420407,756936.3858024162,0.033725867301696424
555.4377735749861,3154.23932420407,757176.4362504787,0.04469653064494238
543.496556679998,3154.23932420407,757646.3221490802,0.061699448270371986
526.8577354638105,3154.23932420407,758919.9189509265,0.07248235386372293
555.4377735749861,3154.23932420407,755596.3790663589,0.03933742461558547
567.9401698087886,3154.23932420407,754172.3620089351,0.026500197604002764
580.4191860509161,3154.23932420407,755656.8775809478,0.011734243072325498
580.4191860509161,3154.23932420407,756979.5297536834,0.0038843390833605035
567.9401698087886,3154.23932420407,743187.9721290915,0.026530184024515183
567.9401698087886,3154.23932420407,739135.273123549,0.04388559198170533
567.9401698087886,3154.23932420407,740732.9138465876,0.03398262172481091
567.9401698087886,3154.23932420407,740729.5471884181,0.034084864259528815
567.9401698087886,3154.23932420407,745198.7988275752,0.027748655531503123
567.9401698087886,3154.23932420407,742722.9324965896,0.038041356670033555
567.9401698087886,3154.23932420407,759650.817971979,0.04485092495711373
567.9401698087886,3154.23932420407,756743.2450810977,0.04684470623635407
567.9401698087886,3201.4848413993896,780677.0612278576,0.06277507523726611
567.9401698087886,3201.4848413993896,777840.6352831146,0.06246893519324955
567.9401698087886,3201.4848413993896,781888.4237378783,0.055683338259774555
567.9401698087886,3201.4848413993896,789793.4350856344,0.059409988154412605
567.9401698087886,3201.4848413993896,794466.0428739898,0.06422110299254587
567.9401698087886,3201.4848413993896,788354.6438037248,0.06467796924333785
567.9401698087886,3493.93173494685,805691.7230185155,0.10188283371564913
567.9401698087886,3493.93173494685,807352.2923000373,0.10264773448832595
567.9401698087886,3493.93173494685,822217.470126855,0.1283460476437754
567.9401698087886,3514.95143030947,835271.8412647881,0.15544955941787125
567.9401698087886,3514.95143030947,862070.6561165941,0.18376675909462897
567.9401698087886,3514.95143030947,890835.6684078153,0.20106471831160538
567.9401698087886,3602.04650337121,917415.0973126341,0.23441416646908692
567.9401698087886,3602.04650337121,931171.9811605783,0.24049454847241739
567.9401698087886,3602.04650337121,952406.3327690306,0.2500317531243309
567.9401698087886,3602.04650337121,970750.1616541462,0.2556651901609591
567.9401698087886,4320.75290429195,1037439.0133604615,0.3478876397078054
567.9401698087886,4330.44904787414,1093734.7490041142,0.42576631335041865
567.9401698087886,4330.44904787414,1124484.7961269394,0.45208143885447727
567.9401698087886,4330.44904787414,1136309.0566117887,0.4543326005932944
567.9401698087886,4330.44904787414,1178867.0464499649,0.46233913145689276
567.9401698087886,4448.39110120099,1239190.9099486882,0.5207428722874703
567.9401698087886,4448.39110120099,1275226.577674765,0.5127033579521723
567.9401698087886,4448.39110120099,1319024.6715381595,0.5388303077043437
567.9401698087886,4448.39110120099,1344648.1354317754,0.5296356967433014
567.9401698087886,4448.39110120099,1402200.841288496,0.52576558357212
567.9401698087886,4448.39110120099,1433155.405949052,0.49707311338541255
567.9401698087886,4448.39110120099,1459628.0585126134,0.4630842513447797
567.9401698087886,4448.39110120099,1488419.9012012738,0.4291524568558977
580.4191860509161,4448.39110120099,1515421.214133906,0.38997939606754206
580.4191860509161,4448.39110120099,1539238.553672178,0.374951650209344
580.4191860509161,4448.39110120099,1587928.229972302,0.36458968267232633
580.4191860509161,4448.39110120099,1624378.6987304548,0.3344091012138668
580.4191860509161,4448.39110120099,1653438.8140844125,0.30512353129998016
611.4287133540824,4448.39110120099,1669928.944980333,0.2693183712364083
611.4287133540824,4448.39110120099,1683887.7308897718,0.25753364535263995
635.548440407702,4448.39110120099,1696315.5990206948,0.21682420591702167
702.2044647309101,4448.39110120099,1706040.1274535935,0.18134425684026842
862.7206078629015,4448.39110120099,1720543.9046945844,0.14521796992685754
959.9044334008255,4448.39110120099,1743543.6992501675,0.11051041163208795
966.7339565636429,4448.39110120099,1743087.476571531,0.07435005196397522
974.1375156105294,4448.39110120099,1743463.409469241,0.03763482172996641
1110.632791947318,4448.39110120099,1724192.0600948597,0.0027327923636092134
1293.57995390093,4448.39110120099,1724584.2018154636,-0.03637336101315112
1343.6990451513152,4448.39110120099,1744270.1446601276,-0.07391516232426629
1353.436800576125,4448.39110120099,1730079.0690142612,-0.11623280566217369
1412.067444560065,4448.39110120099,1713201.5326636625,-0.15402264584463152
1506.289512160235,4448.39110120099,1681735.5187088782,-0.18387717569997158
1630.89602891107,4448.39110120099,1666040.11641358,-0.2247834504831282
1716.6576223858851,4448.39110120099,1619892.09470975,-0.25057211545577607
1716.6576223858851,4448.39110120099,1595614.5728926912,-0.28191752172836493
1716.6576223858851,4448.39110120099,1568744.8699378122,-0.31738217264358437
1716.6576223858851,4448.39110120099,1535969.389925271,-0.34285890633165694
1727.457175225735,4448.39110120099,1511907.9942021198,-0.3859053474689343
1768.506936838945,4448.39110120099,1480999.9403241917,-0.42659301870623434
1768.506936838945,4448.39110120099,1430159.2470409547,-0.4490193219799835
1768.506936838945,4448.39110120099,1386038.3299122693,-0.4737447681384232
1768.506936838945,4448.39110120099,1355342.7496167356,-0.4886531109994815
1768.506936838945,4448.39110120099,1326802.3951845423,-0.5188014700853648
1768.506936838945,4448.39110120099,1287232.4721534776,-0.52601359084701
1768.506936838945,4448.39110120099,1247807.1368913727,-0.5192879644810457
1768.506936838945,4448.39110120099,1184155.0465047162,-0.5192007403938871
1768.506936838945,4196.740138932439,1120417.0269264171,-0.45814125767002045
1768.506936838945,3953.062475594199,1065970.7273016248,-0.4140354018093247
1768.506936838945,3953.062475594199,1048651.8968406462,-0.41097024671206933
1768.506936838945,3953.062475594199,1029402.7157949005,-0.40003471774543625
1768.506936838945,3953.062475594199,984520.674846938,-0.3716485405167799
1768.506936838945,3912.420171159096,956575.8213640905,-0.3280161315944591
1768.506936838945,3768.453507188923,917580.6027841307,-0.27710354360878015
1768.506936838945,3768.453507188923,905562.0074541814,-0.26662559622072796
1768.506936838945,3756.693336002147,886237.2106201445,-0.2305584312425185
1768.506936838945,3756.693336002147,876647.9780432972,-0.22500925764105167
1768.506936838945,3756.693336002147,864938.8745265908,-0.21253310535828177
1768.506936838945,3756.693336002147,864342.6195346368,-0.21208373960187246
1768.506936838945,3619.6303017748933,824351.6108874497,-0.15920927534155635
1768.506936838945,3619.6303017748933,802610.2994328837,-0.13622525138150943
1768.506936838945,3269.511334447828,775280.0689359112,-0.08242799313353358
1768.506936838945,3269.511334447828,767251.654910485,-0.07520232915509018
1768.506936838945,3269.511334447828,763930.6302232321,-0.06985854941535052
1768.506936838945,3269.511334447828,752640.3566771846,-0.053610875949059555
1768.506936838945,3269.511334447828,749854.790898285,-0.05707611076520729
1768.506936838945,3269.511334447828,745652.3246029846,-0.05457714067886774
1768.506936838945,3269.511334447828,746960.6049582349,-0.05395627737738335
1768.506936838945,3269.511334447828,741044.8986936175,-0.07239506834270638
1768.506936838945,3269.511334447828,736622.1907141701,-0.06776219658755979
1768.506936838945,3269.511334447828,725414.438425846,-0.0747007163636443
1768.506936838945,3269.511334447828,719214.597222377,-0.09603608084262058
1768.506936838945,3269.511334447828,717505.2797774547,-0.09472518619743749
1768.506936838945,3269.511334447828,719384.9851463909,-0.08942726267617974
1768.506936838945,3269.511334447828,713624.9121395146,-0.09157331327369805
1727.457175225735,3269.511334447828,717087.9326000217,-0.06397081410016311
1727.457175225735,3269.511334447828,720231.9502320568,-0.05908245635420304
1716.6576223858851,3269.511334447828,721938.3798422411,-0.025169340484094183
1727.457175225735,3269.511334447828,722253.4847156545,-0.04602140025932216
1768.506936838945,3269.511334447828,720887.3227022802,-0.06502513680560759
1791.44882106485,3269.511334447828,721731.0587423801,-0.0726933359729033
1791.44882106485,3269.511334447828,726251.9814621523,-0.08623532575494076
1812.3457107357854,3269.511334447828,724563.2036450229,-0.10203292594939797
1812.3457107357854,3269.511334447828,722737.1859317018,-0.10014766528810266
1856.1716431372001,3269.511334447828,723930.206299506,-0.11312008261643251
1856.1716431372001,3269.511334447828,720945.3497587756,-0.10463546734837018
1856.1716431372001,3269.511334447828,723891.9164829447,-0.1046618463257333
1856.1716431372001,3269.511334447828,723838.6751523725,-0.10461451615151898
1856.1716431372001,3269.511334447828,720802.531800957,-0.09784837821717621
1856.1716431372001,3269.511334447828,719664.4297269592,-0.09765118680805077
1856.1716431372001,3269.511334447828,741556.2701989637,-0.08038936812816963
1856.1716431372001,3269.511334447828,760808.8283293478,-0.06482166637691089
1856.1716431372001,3269.511334447828,761699.8594188383,-0.06674117309156748
1856.1716431372001,3269.511334447828,752912.452576664,-0.08418097701804925
1856.1716431372001,3269.511334447828,754899.8103716166,-0.07902760424251888
1856.1716431372001,3269.511334447828,747878.6620166096,-0.08206062903211679
1856.1716431372001,3586.115766782568,785657.4558366401,-0.013162768392150645
1856.1716431372001,3586.115766782568,792153.7995791096,-0.006127877950745854
1856.1716431372001,3586.115766782568,794086.8062938455,-0.0013216868809368771
1856.1716431372001,3586.115766782568,812141.4064186593,0.021374489712223672
1856.1716431372001,3948.5730766847087,848614.5303223105,0.11895540378829839
1856.1716431372001,3948.5730766847087,859144.9957990943,0.1187273910753345
1856.1716431372001,3948.5730766847087,873972.7584785902,0.14280350933683575
1856.1716431372001,3948.5730766847087,892172.3180124002,0.1488892986299901
1856.1716431372001,3948.5730766847087,934855.7758168222,0.1933888695996133
1856.1716431372001,4483.477540999268,1013777.9182945275,0.32897990768877394
1856.1716431372001,4483.477540999268,1030920.1257466068,0.32288173960203914
1856.1716431372001,4483.477540999268,1069703.5459360392,0.336925579520752
1856.1716431372001,4483.477540999268,1097159.3276353178,0.3572233457023376
1856.1716431372001,4483.477540999268,1163339.4717204128,0.42562529640606067
1856.1716431372001,4483.477540999268,1189513.2007123234,0.4197175151139499
1856.1716431372001,4483.477540999268,1243188.2434664061,0.4269852000289961
1856.1716431372001,4505.968052648758,1320683.9152869568,0.46287329660357796
1856.1716431372001,4505.968052648758,1360914.39515691,0.44818907700170013
1856.1716431372001,4505.968052648758,1394969.9501784893,0.4236258045681703
1856.1716431372001,4505.968052648758,1435767.1594937171,0.4085179419693508
1856.1716431372001,4505.968052648758,1484201.940441168,0.40762991835998863
1856.1716431372001,4505.968052648758,1511738.9634592072,0.3750525258831679
1856.1716431372001,4505.968052648758,1575348.0879356158,0.3951587790568868
1928.0865902430598,4505.968052648758,1613451.8998912524,0.3610225261002021
1928.0865902430598,4505.968052648758,1620149.213891248,0.34185887339292054
1928.0865902430598,4505.968052648758,1633927.4342390934,0.3349360777692533
1928.0865902430598,4505.968052648758,1693769.193175725,0.32951430464278486
1998.9372673538498,4505.968052648758,1713134.3393113653,0.29548053490691
2009.7392506320348,4505.968052648758,1737985.7865816893,0.25582771768748225
2010.96257169826,4505.968052648758,1766136.0698194795,0.2259971864096037
2022.66609293293,4505.968052648758,1773394.751739217,0.19429875667808458
2050.69345022067,4505.968052648758,1797576.5889450745,0.15537119918503867
2075.948915628085,4505.968052648758,1820332.7406400566,0.11937990954856441
2190.4627069654252,4505.968052648758,1854197.0847149675,0.08436875000135108
2190.4627069654252,4505.968052648758,1881985.4523752863,0.06518511583845896
2304.26343977097,4505.968052648758,1895859.5273115297,0.03621917116882364
2349.41726243582,4505.968052648758,1901523.1318408104,0.0005723785325408797
2395.116590891605,4505.968052648758,1909350.3796011226,-0.037984926359105026
2438.18890565213,4505.968052648758,1891465.852044425,-0.07289920178679386
2490.59871233437,4505.968052648758,1889206.1585529156,-0.10932559777855987
2565.164900931295,4505.968052648758,1872638.8899327854,-0.1498752830327747
2753.64797779732,4505.968052648758,1843857.1518204438,-0.1885835900462621
2753.64797779732,4505.968052648758,1836719.292814331,-0.20911790830007163
2900.62822075815,4505.968052648758,1806284.1618176035,-0.249010619872226
2945.074946284015,4505.968052648758,1775923.4509166211,-0.28701946018914815
2987.17775466718,4505.968052648758,1748444.3608862136,-0.32856217646298963
2987.17775466718,4505.968052648758,1702111.1615131735,-0.33424519455530666
2987.17775466718,4505.968052648758,1673878.3027553714,-0.3577639245447434
2987.17775466718,4505.968052648758,1613454.606963387,-0.34723497726596686
2987.17775466718,4505.968052648758,1570378.0605722102,-0.3618798982861225
2987.17775466718,4505.968052648758,1518323.629596043,-0.37537707420758853
2988.373472686335,4230.092782147481,1449390.082697404,-0.37948295804719256
2988.373472686335,4230.092782147481,1405794.3796947452,-0.3817527917917641
2988.373472686335,4230.092782147481,1360666.0517035685,-0.3667925538188217
2988.373472686335,4218.446844861292,1307210.2699087416,-0.34923727401609617
2988.373472686335,4218.446844861292,1275771.1390534258,-0.36203314154412025
2988.373472686335,4218.446844861292,1239967.156070224,-0.3626294167681128
2988.373472686335,4218.446844861292,1190298.9900504928,-0.3597145060618038
2988.373472686335,4218.446844861292,1153427.9379627325,-0.3422994665343637
2988.373472686335,3991.6343199823323,1115493.2581388874,-0.2935134861015006
2988.373472686335,3967.122704905085,1067842.6207606902,-0.26670577845107357
2988.373472686335,3967.122704905085,1058147.3409820271,-0.25947215653118033
2988.373472686335,3967.122704905085,1018863.8579988438,-0.23096860353908885
2988.373472686335,3967.122704905085,984998.8897263351,-0.20412905739209528
2988.373472686335,3967.122704905085,977809.3901419495,-0.20466972833301775
2988.373472686335,3921.7865304283323,927534.8551102646,-0.15530497197690132
2988.373472686335,3921.7865304283323,916844.6225188695,-0.14569764732437435
2988.373472686335,3921.7865304283323,929294.1946632803,-0.15760223605343515
2988.373472686335,3624.3633269902602,890911.1705677814,-0.09146780754758758
2988.373472686335,3624.3633269902602,874589.5020830056,-0.0686860367640318
2988.373472686335,3624.3633269902602,847696.6375283276,-0.034315504308647986
2988.373472686335,3624.3633269902602,816299.7996769063,-0.0040162567944419005
2988.373472686335,3488.4230901670503,810023.7945430483,0.013737131195023403
2988.373472686335,3466.02634775128,789813.2459244278,0.054108671535661644
2988.373472686335,3466.02634775128,792026.9015883523,0.053401063796879956
2988.373472686335,3466.02634775128,786612.0696346955,0.05469642930513057
2988.373472686335,3466.02634775128,793567.3611810132,0.04947290339043891
2988.373472686335,3466.02634775128,796796.4166593791,0.05337053493468192
2988.373472686335,3466.02634775128,788089.1613838711,0.0557256775517158
2988.373472686335,3466.02634775128,790954.7539235655,0.05796375304301532
2988.373472686335,3466.02634775128,789863.4538865068,0.0576966132602076
2988.373472686335,3466.02634775128,780951.9398555304,0.04158451260205259
2988.373472686335,3466.02634775128,781426.784907669,0.04366394613827517
3036.17448560621,3466.02634775128,778692.4775390683,0.019925075248233975
3036.17448560621,3466.02634775128,774374.2778833355,0.01664276198969357
3036.17448560621,3466.02634775128,780191.5752430732,0.022889032633408884
2988.373472686335,3466.02634775128,781560.4689522166,0.048542492688547885
2969.0598132503155,3466.02634775128,781149.7835139914,0.06500028610949737
2969.0598132503155,3466.02634775128,777589.9796131279,0.054520097645338474
2946.27066430317,3466.02634775128,778013.911271257,0.06368062406119297
2900.62822075815,3466.02634775128,779247.662324552,0.095368649860192
2900.62822075815,3466.02634775128,777719.0695143061,0.08739420055276537
2834.00237133067,3466.02634775128,770985.0453308083,0.11648877788260477
2834.00237133067,3466.02634775128,772861.2994512134,0.10698347401445779
2834.00237133067,3466.02634775128,772958.3048798832,0.10677947029187224
2834.00237133067,3466.02634775128,783706.4325233678,0.09970414234925574
2834.00237133067,3466.02634775128,771505.3213993094,0.1038514504452553
2834.00237133067,3466.02634775128,783509.4679069893,0.08494228632735754
2834.00237133067,3466.02634775128,783013.3716565863,0.08567195655462714
2834.00237133067,3466.02634775128,782710.0184700659,0.08698734784701358
2834.00237133067,3466.02634775128,786624.640192348,0.08896112491618602
2834.00237133067,3466.02634775128,763687.3661084101,0.055311497623910875
2834.00237133067,3466.02634775128,770231.7838006834,0.04549788624368739
2834.00237133067,3466.02634775128,770925.6546930869,0.045652389563903044
2834.00237133067,3484.2007280856196,794097.8431283407,0.08232033452701125
2834.00237133067,3746.3048352878895,809763.017714344,0.1233539212728364
2834.00237133067,3746.3048352878895,842155.7369767524,0.1600621935213225
2834.00237133067,3746.3048352878895,848418.1801481147,0.1668157434042919
2834.00237133067,3746.3048352878895,831271.0747787312,0.14347413468680026
2834.00237133067,3746.3048352878895,855112.8293300383,0.17381939560369003
2834.00237133067,3945.865151358489,898773.9037198643,0.23792538977687538
2834.00237133067,3945.865151358489,936261.0861277613,0.287675324426329
2834.00237133067,3945.865151358489,961707.6310888935,0.3181007239763383
2834.00237133067,3945.865151358489,999466.6420504415,0.3385775672679459
2834.00237133067,3945.865151358489,1000059.8078463279,0.3391610789045598
2834.00237133067,3973.1102753782197,1039308.409224241,0.37463223114409505
2855.65994790939,3973.1102753782197,1083466.0271914436,0.36528530792123987
2855.65994790939,3973.1102753782197,1126224.8778676386,0.37410860813612795
2855.65994790939,3973.1102753782197,1145963.0471784247,0.38955000678866697
2855.65994790939,3973.1102753782197,1172550.1830846139,0.37728806162271994
2855.65994790939,3973.1102753782197,1203983.7950422033,0.37824936929374997
2855.65994790939,4272.34277777571,1258624.3699703736,0.4047454823628774
2855.65994790939,4272.34277777571,1305448.025019319,0.39124447068465834
2855.65994790939,4272.34277777571,1345393.8539014223,0.39530566220170377
2855.65994790939,4272.34277777571,1382993.1580501094,0.39247122342905344
2855.65994790939,4528.78195148136,1439654.5802037057,0.4261482800492487
2855.65994790939,4528.78195148136,1477635.848019503,0.42262040063359907
2855.65994790939,4528.78195148136,1522988.9949449417,0.4086723484259226
2855.65994790939,4528.78195148136,1565823.333205079,0.388581883276672
2855.65994790939,4528.78195148136,1590456.0255957923,0.3680737200963967
2879.6448148756904,4528.78195148136,1625748.7035606129,0.33419416927905193
2879.6448148756904,4528.78195148136,1682066.5853741441,0.3190871450602486
2879.6448148756904,4528.78195148136,1721755.0886566062,0.29373943470778385
2879.6448148756904,4528.78195148136,1736014.2592277478,0.26762235674997975
3026.224047786295,4528.78195148136,1759157.1396064826,0.22626201717466193
3026.224047786295,4528.78195148136,1792816.0143588716,0.2044569519329053
3039.0989661913854,4528.78195148136,1815087.2791560318,0.17279866016167775
3039.0989661913854,4528.78195148136,1845743.2781464567,0.15648603858612195
3171.973670968005,4528.78195148136,1841326.562811771,0.11369313906914881
3291.82635128706,4528.78195148136,1837729.5461052044,0.07594387294074283
3370.81985844898,4528.78195148136,1833991.2346240242,0.03345996558683751
3424.568755853645,4528.78195148136,1834029.4237264919,-0.008850156369356496
3491.034403515725,4528.78195148136,1838642.0838306358,-0.049531687376657134
3643.9775946968903,4528.78195148136,1853018.0189762793,-0.08300158741326803
3774.78130143299,4528.78195148136,1838836.2495648423,-0.12388905303792933
3774.78130143299,4528.78195148136,1803727.8486243675,-0.14796674662223142
3832.98348618632,4528.78195148136,1782360.5964486771,-0.18657407949398952
3832.98348618632,4528.78195148136,1764745.4737273213,-0.20909964075855406
3871.2934828127545,4528.78195148136,1740728.7313010485,-0.24057046990925546
3919.9941683666398,4528.78195148136,1731606.7555327623,-0.279449942130912
3919.9941683666398,4528.78195148136,1697611.6411916462,-0.29497464415654207
3923.67837632572,4528.78195148136,1636880.0617612568,-0.30892479529339417
3923.67837632572,4528.78195148136,1613879.4973125332,-0.3326364740989789
3923.67837632572,4528.78195148136,1557622.0777835648,-0.34167494036815516
3977.7063809337596,4528.78195148136,1527403.7798628476,-0.37572585074832343
3977.7063809337596,4528.78195148136,1493517.617448099,-0.40259678152689626
3988.919620411175,4528.78195148136,1456438.065684407,-0.43455040924129806
3988.919620411175,4528.78195148136,1442358.0328176715,-0.4437233039880982
3988.919620411175,4528.78195148136,1399905.5958596366,-0.44278035653477865
3988.919620411175,4528.78195148136,1336151.76333817,-0.4128567056023858
3988.919620411175,4528.78195148136,1294716.0069978754,-0.41248139236024206
3988.919620411175,4528.78195148136,1254877.6055701068,-0.39573875913663276
3988.919620411175,4528.78195148136,1228919.8251840633,-0.39134619758341865
3988.919620411175,4528.78195148136,1219154.6364264644,-0.3922955814955074
3988.919620411175,3979.26775360846,1141744.6692827835,-0.3209153390073305
3988.919620411175,3979.26775360846,1097021.0272224357,-0.298558629249929
3988.919620411175,3979.26775360846,1056585.2805424975,-0.2829553929577815
3988.919620411175,3979.26775360846,1020824.4466824983,-0.2957154110218034
3988.919620411175,3621.06941743624,977923.870365745,-0.24061309878354142
3988.919620411175,3621.06941743624,948569.6720762587,-0.2224827939857516
3995.5927128271896,3621.06941743624,914267.548140571,-0.23201891246608594
3995.5927128271896,3621.06941743624,883619.83593222,-0.20036467078428125
3995.5927128271896,3621.06941743624,858619.176347361,-0.1643201826797186
3995.5927128271896,3621.06941743624,865055.8349242071,-0.17094306816670513
3995.5927128271896,3621.06941743624,859942.8977311067,-0.16527037072671344
3995.5927128271896,3621.06941743624,882271.3253484303,-0.18634974402814278
3995.5927128271896,3621.06941743624,881425.2136756798,-0.18491489394504115
3995.5927128271896,3371.92083976614,855458.5234689063,-0.142097862229279
3995.5927128271896,3371.92083976614,837754.1253715588,-0.1269059462396832
3995.5927128271896,3371.92083976614,829722.1819550127,-0.12218289231513255
3995.5927128271896,3371.92083976614,823333.440172796,-0.11655480688032219
3995.5927128271896,3371.92083976614,831943.5285572357,-0.12991366924203682
3995.5927128271896,3371.92083976614,806078.398526732,-0.10868082886390479
3995.5927128271896,3371.92083976614,792632.4025018142,-0.10579664912743732
3995.5927128271896,3371.92083976614,773976.9304035732,-0.11522652185137702
3995.5927128271896,3371.92083976614,790482.4032627686,-0.12481935228865515
3995.5927128271896,3371.92083976614,793083.4101569785,-0.12165002945102557
4024.9231538320896,3371.92083976614,793067.7943602193,-0.12567425662495527
4024.9231538320896,3371.92083976614,790910.0324592147,-0.12985024094940445
4061.941458082415,3371.92083976614,790841.5342325612,-0.13525798568723382
4061.941458082415,3371.92083976614,788079.1047655521,-0.14690285916806584
4061.941458082415,3371.92083976614,781350.4509253288,-0.1611135760511086
4087.5850192747703,3371.92083976614,781465.6999154695,-0.16556428487633132
4087.5850192747703,3371.92083976614,787858.9292392991,-0.15199296026844242
4087.5850192747703,3371.92083976614,787227.8639656273,-0.15620969888440886
4106.39759059487,3371.92083976614,787525.2744729284,-0.17201640766375856
4106.39759059487,3371.92083976614,787981.218648803,-0.17257954322971847
4106.39759059487,3371.92083976614,782935.3010279627,-0.16884656057650552
4106.39759059487,3371.92083976614,778917.2943576333,-0.16257004824828683
4106.39759059487,3371.92083976614,785162.2317184417,-0.1709644064895884
4131.051992879895,3371.92083976614,787798.9412585162,-0.18627050388138727
4131.051992879895,3371.92083976614,783662.6578245007,-0.17447581622087183
4131.051992879895,3371.92083976614,776748.6199772533,-0.1762077854685728
4131.051992879895,3371.92083976614,771322.9250065067,-0.17774959075205238
4131.051992879895,3371.92083976614,774121.2531133908,-0.17602795487737202
4131.051992879895,3371.92083976614,772805.321380722,-0.17635875809442209
4131.051992879895,3371.92083976614,787787.7174627776,-0.16738232068171602
4131.051992879895,3653.0322564778003,814710.898665189,-0.10544026981245734
4131.051992879895,3653.0322564778003,808069.6153671663,-0.1026049998808319
4131.051992879895,3653.0322564778003,822380.7506969338,-0.08178633360312075
4131.051992879895,3653.0322564778003,826573.3227613553,-0.07934964228829651
4131.051992879895,3653.0322564778003,839078.9104674389,-0.07676834422152527
4131.051992879895,3653.0322564778003,839748.1650290973,-0.07687748812976734
4131.051992879895,3653.0322564778003,844937.5995338007,-0.06774850390499164
4131.051992879895,3653.0322564778003,867365.3206917171,-0.028636900528543025
4131.051992879895,3653.0322564778003,870632.5533145253,-0.026160728235460937
4131.051992879895,4301.53705627445,928458.8816326774,0.1072207084423686
4131.051992879895,4301.53705627445,928076.7467582813,0.10666022494536859
4131.051992879895,4301.53705627445,928101.8931950928,0.10666332092284485
4131.051992879895,4301.53705627445,953876.6256959406,0.14089028896879108
4131.051992879895,4670.27063677206,1030332.8600306065,0.2994367331452884
4131.051992879895,4670.27063677206,1099689.886231486,0.3744648271621172
4131.051992879895,4670.27063677206,1158869.93510052,0.42820783435136717
4131.051992879895,4670.27063677206,1198421.1298041542,0.4634747976611621
4131.051992879895,4670.27063677206,1241762.9200394487,0.48326367326521635
4131.051992879895,4670.27063677206,1280593.9419891331,0.4656027803984356
4131.051992879895,4670.27063677206,1299492.5485793424,0.45597219918004034
4131.051992879895,4670.27063677206,1308424.4308014873,0.44990917921924306
4131.051992879895,4670.27063677206,1334174.4252797985,0.4369939070902945
4131.051992879895,4670.27063677206,1348398.2060462947,0.4294280728057764
4131.051992879895,4670.27063677206,1377870.223475667,0.4126971282313937
4131.051992879895,4670.27063677206,1435757.1396110423,0.4042183573233976
4131.051992879895,4670.27063677206,1462708.3152902927,0.3917384571525229
4131.051992879895,4670.27063677206,1483079.4047914222,0.3717659276872952
4131.051992879895,4670.27063677206,1509022.73529902,0.35311777360119345
4131.051992879895,4670.27063677206,1524288.6556847028,0.3379711981801938
4131.051992879895,4670.27063677206,1575142.895175494,0.3238973807718145
4162.87976451746,4670.27063677206,1586852.8076906088,0.2824792802047686
4162.87976451746,4670.27063677206,1617947.0800129678,0.2534563367375551
4208.353982963999,4670.27063677206,1648466.2005080557,0.21501404174524338
4281.429831027395,4670.27063677206,1690633.5243204313,0.18551445427825905
4281.429831027395,4670.27063677206,1744747.2738628488,0.1720306706466588
4381.00690388502,4670.27063677206,1735488.3606608168,0.1342799257140788
4502.101290337941,4670.27063677206,1763159.8189802682,0.09843838100507007
4562.839263972345,4670.27063677206,1765103.1721676895,0.05764641200642225
4596.826119867965,4670.27063677206,1768847.3700626749,0.01671131775360396
4656.45600418899,4670.27063677206,1794873.7867590296,-0.01659365291921033
4710.629939200026,4670.27063677206,1793586.086674128,-0.05228025080452277
4759.67510420562,4670.27063677206,1804610.3650141757,-0.08764448040011283
4833.73922289459,4670.27063677206,1782723.8457588297,-0.12707375887564856
4886.886703268916,4670.27063677206,1757590.6001788524,-0.16344250855454381
4918.9506872571355,4670.27063677206,1742557.0839778348,-0.20653621974403247
5011.539532458226,4670.27063677206,1720024.0604647761,-0.2432060736545855
5111.855832865391,4670.27063677206,1681786.820176522,-0.2748076561122282
5162.357771191046,4670.27063677206,1645910.5886165977,-0.31151255419673063
5185.532817271015,4670.27063677206,1604184.4790806847,-0.34570475927724387
5185.532817271015,4670.27063677206,1579158.006834653,-0.36998097472548286
5208.39601177326,4670.27063677206,1554067.3415079373,-0.41081986281983446
5208.39601177326,4670.27063677206,1529729.7587018427,-0.43460040380159315
5208.39601177326,4670.27063677206,1522677.227279095,-0.4467812917713504
5208.39601177326,4670.27063677206,1491037.2680454222,-0.44650429066073477
5208.39601177326,4670.27063677206,1460541.6261487752,-0.4688769258377847
5208.39601177326,4670.27063677206,1454560.1743076518,-0.4845662081545102
5208.39601177326,4670.27063677206,1424291.986369625,-0.4968570056216042
5208.39601177326,4670.27063677206,1378931.476671465,-0.5221652758338262
5208.39601177326,4670.27063677206,1317356.2595942651,-0.5210779917040204
5208.39601177326,4670.27063677206,1265557.9584458894,-0.5171098769945949
5208.39601177326,4610.872298225169,1186799.13485581,-0.48852411528323336
5208.39601177326,4547.641219098759,1128594.0870622373,-0.4198193146457104
5208.39601177326,4547.641219098759,1080455.3165429775,-0.3949625326913953
5208.39601177326,4547.641219098759,1042829.9486088848,-0.3894472218812213
5208.39601177326,4547.641219098759,1015834.6786663606,-0.36372988848219867
5208.39601177326,4547.641219098759,976876.0998821519,-0.3232057149608417
5208.39601177326,4354.23365084439,910709.5207811928,-0.19500614830703106
5208.39601177326,4354.23365084439,893883.2024693473,-0.1758333493135971
5208.39601177326,4354.23365084439,871884.3630426319,-0.15184993657212206
5208.39601177326,4354.23365084439,867699.1767643476,-0.14951669905683646
5208.39601177326,3739.61595684405,819996.2846871945,-0.0137140981528994
5208.39601177326,3739.61595684405,788810.2215441049,0.03810168239523153
5208.39601177326,3739.61595684405,794573.1470107781,0.03178174174729408
5208.39601177326,3739.61595684405,785217.3876974806,0.05027976053269302
5208.39601177326,3739.61595684405,781435.4087671696,0.05173096638556245
5208.39601177326,3739.61595684405,765516.2121299873,0.05280261294977906
5208.39601177326,3739.61595684405,775239.9655421729,0.0304089039425165
5208.39601177326,3739.61595684405,773402.8972617019,0.031012006764375644
5208.39601177326,3484.37336936375,740348.5242283494,0.10124032402758591
5208.39601177326,3484.37336936375,730907.219483964,0.11319249860439039
5238.96062358146,3484.37336936375,722864.6073988609,0.0902708576671702
5238.96062358146,3484.37336936375,721528.3039160471,0.08653716920704356
5238.96062358146,3484.37336936375,727610.3011892111,0.08679865986801341
5238.96062358146,3484.37336936375,731394.0239948345,0.08624177554463036
5238.96062358146,3484.37336936375,731516.287080509,0.08683204226588054
5238.96062358146,3484.37336936375,727819.8272566779,0.07600121741519032
5238.96062358146,3484.37336936375,718773.4663026602,0.06572073569656897
5238.96062358146,3484.37336936375,721563.5821980905,0.07004935130787018
5238.96062358146,3484.37336936375,720064.6884776279,0.06249988717226678
5238.96062358146,3484.37336936375,721095.4267691782,0.06978241435363838
5261.50110740389,3484.37336936375,722365.5159027195,0.04223488733482793
5238.96062358146,3484.37336936375,724356.2229802788,0.06404062823554345
5208.39601177326,3484.37336936375,717707.9678948324,0.08795316662366522
5208.39601177326,3484.37336936375,715550.4771886942,0.08219853678518195
5185.532817271015,3484.37336936375,714246.310258205,0.10567191340586456
5196.385893363295,3484.37336936375,714835.8330476523,0.09734247329946852
5196.385893363295,3484.37336936375,715263.3243405455,0.09329854126398587
5238.96062358146,3484.37336936375,715219.3278015936,0.07581056054598131
5238.96062358146,3484.37336936375,725997.7751532039,0.06949674281598858
5238.96062358146,3484.37336936375,724958.1085257281,0.07074373676876389
5238.96062358146,3484.37336936375,739748.2685012408,0.056103167784402816
5238.96062358146,3484.37336936375,719702.3933786515,0.048079440087275806
5238.96062358146,3484.37336936375,723828.2161066129,0.042669715078699155
5261.50110740389,3484.37336936375,725933.6653633651,0.02600421260163179
5261.50110740389,3484.37336936375,745830.105028941,0.054027560044773215
5261.50110740389,3284.8782429181797,717819.2828585042,0.0039034976424828127
5261.50110740389,3475.4762506887096,726084.7774171003,0.028519922818372578
5261.50110740389,3475.4762506887096,712408.8457043511,0.007687532833067979
5261.50110740389,3475.4762506887096,713717.469303913,0.01033019586604599
5261.50110740389,3475.4762506887096,699056.5988609436,0.008964899229128595
5261.50110740389,3475.4762506887096,713466.811937557,0.03154016824276283
5261.50110740389,3475.4762506887096,739599.0848041826,0.06180343508426642
5261.50110740389,3475.4762506887096,749338.3078699638,0.04984336983420579
5261.50110740389,3475.4762506887096,774162.7787930428,0.07867226620032158
5261.50110740389,3475.4762506887096,802884.147087244,0.10054175311665636
5261.50110740389,3475.4762506887096,812424.8895313019,0.10104570114278398
5261.50110740389,3990.40094143589,847688.2002908984,0.18751948919206674
5261.50110740389,3990.40094143589,866656.1951046452,0.1951427109746626
5261.50110740389,3990.40094143589,904099.7443929353,0.2211041610152902
5261.50110740389,4010.811857946001,953805.97267465,0.27806172956567204
5261.50110740389,4010.811857946001,989806.1056174068,0.282515435707904
5261.50110740389,4150.883790820739,1033556.2796244017,0.34314832292768427
5261.50110740389,4150.883790820739,1081534.3269882854,0.3564533655136437
5261.50110740389,4480.79648121328,1150801.8877401627,0.4255319940029072
5261.50110740389,4480.79648121328,1177668.0244158984,0.4300751144503679
5261.50110740389,4480.79648121328,1193778.3075439716,0.43172193002840686
5261.50110740389,4480.79648121328,1228425.427435503,0.4567260093390308
5261.50110740389,4480.79648121328,1272085.5015359255,0.4348017581237205
5261.50110740389,4480.79648121328,1306100.145180206,0.43621380340157256
5261.50110740389,4480.79648121328,1359376.229021458,0.43058205665781196
5261.50110740389,4480.79648121328,1410646.5932131826,0.4229902018343956
5261.50110740389,4480.79648121328,1446750.6862838296,0.4207164628328036
5261.50110740389,4480.79648121328,1497979.958202323,0.4014071724283344
5261.50110740389,4480.79648121328,1548053.401514176,0.39184847529030437
5261.50110740389,4480.79648121328,1598193.3062734222,0.37087221335669474
5313.012633545075,4480.79648121328,1646951.201478941,0.343913870513179
5313.012633545075,4480.79648121328,1698538.4393765312,0.3339147677149695
5391.550733137736,4480.79648121328,1724954.0783578171,0.29724107077740203
5415.916912017405,4480.79648121328,1744621.5809376223,0.2596359951812268
5416.109864154269,4480.79648121328,1756480.9141619783,0.23082461828456788
5416.109864154269,4480.79648121328,1776241.7920527046,0.19966590921678418
5418.495645308205,4480.79648121328,1776784.5565565247,0.15928622250940724
5517.80535790029,4480.79648121328,1798589.7649914683,0.12711383602458115
5617.0996806906105,4480.79648121328,1799935.0335026046,0.08522323358265613
5631.8354708806255,4480.79648121328,1791525.7123673707,0.045053325641641
5652.004472753385,4480.79648121328,1756996.057276167,0.01597345470277122
5741.134801956359,4480.79648121328,1751947.51764895,-0.02507525999576439
5901.87608702296,4480.79648121328,1743228.9792884665,-0.0607671877196439
5981.877004820505,4480.79648121328,1717792.462702689,-0.09034020631569192
6000.883238530825,4480.79648121328,1709073.4221174542,-0.11407041353904236
6082.950139790755,4480.79648121328,1703966.695497814,-0.15634839808273177
6146.62552649907,4480.79648121328,1680857.5036478376,-0.18708253077180764
6146.62552649907,4480.79648121328,1672066.2809194282,-0.21097963946578077
6146.62552649907,4480.79648121328,1619961.0032483025,-0.22784496054224354
6146.62552649907,4480.79648121328,1592181.9992976552,-0.2537161524264894
6146.62552649907,4480.79648121328,1569527.0333067535,-0.2797330197625253
6146.62552649907,4480.79648121328,1517989.200143751,-0.29082467834377584
6146.62552649907,4480.79648121328,1477283.148405488,-0.3038423637723208
6146.62552649907,4480.79648121328,1440324.9245889625,-0.310306307603832
6146.62552649907,4480.79648121328,1392350.712857233,-0.32569512013693874
6146.62552649907,4480.79648121328,1352431.60520198,-0.3354394283865416
6146.62552649907,4480.79648121328,1315531.0484674752,-0.3257450989158013
6146.62552649907,4480.79648121328,1256924.3095240202,-0.3165354374898615
6146.62552649907,4480.79648121328,1238297.0129766576,-0.31114705629467737
6146.62552649907,4480.79648121328,1188900.5582040125,-0.28462077023329085
6146.62552649907,4480.79648121328,1138657.6219086517,-0.24940741790984597
6146.62552649907,4480.79648121328,1112901.4746752607,-0.2343132410505791
6146.62552649907,4480.79648121328,1096077.7078895902,-0.2398977213632548
6146.62552649907,3774.4767362047605,1038679.6855031282,-0.13345006289704792
6146.62552649907,3774.4767362047605,999114.054424182,-0.11817281170465892
6146.62552649907,3774.4767362047605,968753.4923280962,-0.09451452000390217
6146.62552649907,3774.4767362047605,928551.1705975902,-0.06823777444766504
6146.62552649907,3774.4767362047605,923954.5266919695,-0.0705722591809416
6146.62552649907,3774.4767362047605,930400.6509171434,-0.07947302419266943
6146.62552649907,3750.6546819445102,891981.4297387592,-0.02773456646715894
6146.62552649907,3474.38308261564,855638.1761688524,0.03251206631021163
6146.62552649907,3474.38308261564,839048.9502067318,0.041030105944207584
6146.62552649907,3474.38308261564,824959.5934229017,0.04610258685851172
6146.62552649907,3474.38308261564,813247.4460495603,0.05605847322799114
6146.62552649907,3359.7511623049595,785822.2405497171,0.10131327772308349
6146.62552649907,3359.7511623049595,784288.630848663,0.10366587378957379
6146.62552649907,3359.7511623049595,763709.7286702436,0.1156578549347073
6146.62552649907,3359.7511623049595,787566.8007298808,0.0845722569428354
6146.62552649907,3359.7511623049595,789833.8104493968,0.07895195341725024
6146.62552649907,3359.7511623049595,795905.2640527769,0.07020834093057027
6146.62552649907,3359.7511623049595,776075.1267516963,0.08321549923101586
6146.62552649907,3359.7511623049595,772387.0539015376,0.08924744256198168
6146.62552649907,3359.7511623049595,772454.7476904588,0.08923385751422973
6146.62552649907,3359.7511623049595,768749.3339271541,0.08800102542670599
6146.62552649907,3359.7511623049595,767330.1842193137,0.08806229921504515
6145.565545219939,3359.7511623049595,786599.7131290116,0.09549931675334336
6146.62552649907,3359.7511623049595,784245.4324329277,0.08217649020146241
6145.565545219939,3359.7511623049595,786282.6726502791,0.09977736354191895
6146.62552649907,3359.7511623049595,781537.6327839197,0.08569688670656499
6146.62552649907,3359.7511623049595,781214.6327686484,0.08403564874519538
6146.62552649907,3359.7511623049595,778172.9680517552,0.0779724187788844
6146.62552649907,3359.7511623049595,775520.7958002446,0.09706635944980582
6148.21412651301,3359.7511623049595,775387.8190782603,0.075652370214742
6146.62552649907,3359.7511623049595,772693.8207875785,0.11249155297869261
6145.565545219939,3359.7511623049595,773202.0408372183,0.11668320927070273
6145.565545219939,3359.7511623049595,778425.4128631883,0.10467286059895624
6146.62552649907,3359.7511623049595,773513.2656439443,0.08489709142353975
6146.62552649907,3359.7511623049595,774149.4502453954,0.08274311786730912
6146.62552649907,3359.7511623049595,770838.6630678674,0.10078118346632489
6146.62552649907,3359.7511623049595,779277.3018259325,0.07408213010273548
6146.62552649907,3359.7511623049595,785316.0191016997,0.06975536866480807
6146.62552649907,3359.7511623049595,786731.7677014438,0.06795909085540172
6146.62552649907,3359.7511623049595,810165.0434931823,0.0639594704601582
6146.62552649907,3359.7511623049595,801941.1622820953,0.06184356513540505
6146.62552649907,3359.7511623049595,809923.2050284939,0.05430842131778647
6146.62552649907,3359.7511623049595,828629.2237320587,0.07368393501558283
6146.62552649907,3359.7511623049595,835012.2977118408,0.08113970030904796
6146.62552649907,3359.7511623049595,856978.9726809234,0.10224905269735524
6146.62552649907,3660.55102536688,879292.4293006934,0.14361576194681516
6146.62552649907,3660.55102536688,892593.3337372844,0.1566525439770874
6146.62552649907,3660.55102536688,898494.2906108225,0.16748031431225807
6146.62552649907,3660.55102536688,911472.3394468745,0.17127765856240956
6146.62552649907,3660.55102536688,944110.5665725694,0.19576296413197383
6146.62552649907,3660.55102536688,956458.1445874745,0.20742949626875393
6146.62552649907,4034.2767550498193,1001350.9531622438,0.27006817861792165
6146.62552649907,4034.2767550498193,1027607.2791023338,0.2873287436813308
6146.62552649907,4034.2767550498193,1050245.942635256,0.308152842069462
6146.62552649907,4034.2767550498193,1074883.5380906714,0.3291250137569429
6146.62552649907,4034.2767550498193,1079732.3906018168,0.3281941920347684
6146.62552649907,4034.2767550498193,1092961.6702340897,0.3347745323484748
6146.62552649907,4595.558664316519,1160494.973730155,0.4327910312088107
6146.62552649907,4595.558664316519,1203511.0451866896,0.468090354202866
6146.62552649907,4595.558664316519,1235329.1723468057,0.4847728050345282
6146.62552649907,4595.558664316519,1262444.2921551007,0.4974040605733514
6146.62552649907,4595.558664316519,1303010.9566931634,0.4987986024547383
6146.62552649907,4595.558664316519,1356575.611642776,0.5037371568633646
6146.62552649907,29180.165077185913,9373587.84030875,7.449175470182806
6146.62552649907,29180.165077185913,17218669.989592735,5.779332870969654
6146.62552649907,29180.165077185913,17241206.007247057,5.753904697923232
6146.62552649907,29180.165077185913,17253257.77618352,5.740166478155644
6146.62552649907,29180.165077185913,17272014.94671362,5.718715167184935
6146.62552649907,29180.165077185913,17299267.661341723,5.689294521798097
6146.62552649907,29180.165077185913,17302336.179198906,5.6754236389233474
6146.62552649907,29180.165077185913,17334076.20800488,5.643685769707652
6146.62552649907,29180.165077185913,17361750.182772167,5.611420173357703
6148.21412651301,29180.165077185913,17366116.764762472,5.591360216176358
6192.016459430695,29180.165077185913,17367690.72080067,5.571260110647765
6192.016459430695,29180.165077185913,17394965.02992613,5.542816653699837
6236.5913776239595,29180.165077185913,17388122.298365977,5.530595688397566
6270.768701360135,29180.165077185913,17374620.575208206,5.522161772074457
6305.597491177115,29180.165077185913,17361448.663995337,5.515305262230782
6446.777832054895,29180.165077185913,17342579.406843062,5.509834519748441
6664.449149834365,29180.165077185913,17322564.79631701,5.504453130367117
6879.723691824255,29180.165077185913,17305775.327019908,5.494789733070767
7025.160629114755,29180.165077185913,17275229.023116756,5.494757067909708
7073.87361225302,29180.165077185913,17234977.27991607,5.496409257998525
7147.53945703053,29180.165077185913,17216651.235297184,5.4908701677328695
7212.04176084687,29180.165077185913,17182606.06198303,5.495140142204845
7263.89961607861,29180.165077185913,17128715.79928526,5.4984702415007325
7329.496763365276,29180.165077185913,17104885.795560643,5.492960081546761
7329.496763365276,29180.165077185913,17033702.218916465,5.51426423738808
7379.636112880151,29180.165077185913,16981151.9738342,5.525803344361226
7379.636112880151,29180.165077185913,16927534.251359064,5.538244926745807
7434.7186354829355,29180.165077185913,16857270.768629123,5.556580217969456
7434.7186354829355,29180.165077185913,16813078.462127578,5.568908661149454
7434.7186354829355,29180.165077185913,16726424.322452305,5.597447260538292
7490.124628075435,29180.165077185913,16691326.131783942,5.603338938910365
7500.936632669791,29180.165077185913,16635089.395170456,5.617225771381692
7500.936632669791,29180.165077185913,16602417.339369733,5.624875004715743
7500.936632669791,29180.165077185913,16551295.647654727,5.639766216612183
7500.936632669791,29132.83774708487,16455540.887929518,5.677291556497583
7500.936632669791,29132.83774708487,16409842.537049739,5.692940161807937
7500.936632669791,29132.83774708487,16349783.670477277,5.711715043811576
7500.936632669791,29132.83774708487,16308139.476449715,5.725764250801598
7500.936632669791,29132.83774708487,16276114.459088093,5.737396366169795
7500.936632669791,29132.83774708487,16215048.992555248,5.757245631951596
7500.936632669791,29132.83774708487,16177296.32339879,5.771821011609993
7500.936632669791,29132.83774708487,16099328.877832757,5.8018018697636125
7500.936632669791,29132.83774708487,16069849.7052225,5.811929697426124
7500.936632669791,29132.83774708487,15973498.481249237,5.8540068059899
7500.936632669791,28875.52633262981,15884631.039888853,5.894718946293766
7500.936632669791,28843.58531261408,15800013.068733778,5.931506756281287
7500.936632669791,28843.58531261408,15798830.78746201,5.932028290323559
7500.936632669791,28843.58531261408,15748905.754444838,5.9553525960655795
7500.936632669791,28843.58531261408,15707423.142576484,5.973738580667348
7500.936632669791,28843.58531261408,15673112.67547907,5.988344841583775
7500.936632669791,28843.58531261408,15631439.145115977,6.006685429397255
7500.936632669791,27995.82795841073,15562482.24231663,6.039821170973905
7500.936632669791,27995.82795841073,15560355.82561104,6.04069197214919
7500.936632669791,27995.82795841073,15531122.775923895,6.052929621863014
7500.936632669791,27995.82795841073,15529517.126080122,6.053614696844768
7500.936632669791,28161.52931322461,15548003.49515701,6.045026019559622
7500.936632669791,28161.52931322461,15525171.6612263,6.0546598592860095
7500.936632669791,28161.52931322461,15505334.78576758,6.06200477388588
7500.936632669791,28161.52931322461,15495855.924417648,6.0650809046382355
7500.936632669791,28161.52931322461,15467712.47452945,6.0773254608711715
7500.936632669791,28161.52931322461,15445340.909561057,6.086568768186451
7500.936632669791,28161.52931322461,15440841.999611437,6.087459397213667
7500.936632669791,28161.52931322461,15433358.43316947,6.090467194870969
7500.936632669791,28161.52931322461,15432703.701706981,6.090685682093769
7500.936632669791,28161.52931322461,15409802.022927422,6.098786316707637
7500.936632669791,28161.52931322461,15421446.690984812,6.0954861349482385
7500.936632669791,28161.52931322461,15430263.620162956,6.093318020157733
7500.936632669791,28161.52931322461,15424565.468036985,6.094430959100049
7490.124628075435,28161.52931322461,15438421.91446218,6.093278232327861
7490.124628075435,28161.52931322461,15433094.418214452,6.0939834068551
7490.124628075435,28161.52931322461,15441464.240249297,6.09210426589474
7452.069675562735,28161.52931322461,15461929.981866645,6.089661836932751
7452.069675562735,28161.52931322461,15461961.600250311,6.089682333022487
7452.069675562735,28161.52931322461,15464580.186964726,6.091652752319779
7452.069675562735,28161.52931322461,15466729.74326,6.096656771669759
7452.069675562735,28161.52931322461,15468725.545400353,6.098180476054704
7452.069675562735,28161.52931322461,15469073.11051594,6.097166247795462
7452.069675562735,28161.52931322461,15470512.218253983,6.097762568356806
7452.069675562735,28161.52931322461,15471746.124158036,6.095432393219408
7452.069675562735,28161.52931322461,15472460.810223892,6.096955091371426
7452.069675562735,28161.52931322461,15468410.411533242,6.103119274542895
7452.069675562735,28161.52931322461,15468580.76595966,6.102731111331607
7452.069675562735,28161.52931322461,15471915.106093962,6.098030148926769
7452.069675562735,28161.52931322461,15470955.150493635,6.102627581274716
7452.069675562735,28161.52931322461,15472161.075499004,6.094716541960899
7452.069675562735,28161.52931322461,15476371.075347835,6.0875186209939764
7452.069675562735,28161.52931322461,15471272.37029853,6.092198637319708
7452.069675562735,28161.52931322461,15482382.342024699,6.081717222558323
7452.069675562735,28161.52931322461,15482694.708419973,6.081319224527569
7452.069675562735,28161.52931322461,15493829.383802393,6.069698936935671
7452.069675562735,28161.52931322461,15507757.342907231,6.055696365937073
7452.069675562735,28161.52931322461,15528952.461380277,6.036898811530799
7452.069675562735,28161.52931322461,8270014.472046915,8.018113892672194
7452.069675562735,4110.328185409229,890706.9408922083,0.30897701894514323
7452.069675562735,4110.328185409229,917429.8473590462,0.33596443771409634
7452.069675562735,4110.328185409229,948117.2990718054,0.3457624198931133
7452.069675562735,4110.328185409229,988634.304852282,0.3839557616617318
7452.069675562735,4110.328185409229,1019591.2074467863,0.41539834931315234
7452.069675562735,4110.328185409229,1067606.5223812454,0.4328263936140633
7452.069675562735,4368.49300720121,1111127.620025245,0.48251529170880264
7452.069675562735,4368.49300720121,1132564.375648603,0.49557042311084376
7452.069675562735,4368.49300720121,1167471.8478223162,0.502980728241854
7452.069675562735,4368.49300720121,1202466.8009338079,0.5107986635391176
7452.069675562735,4508.56579254761,1252893.1480414774,0.5509107584366518
7452.069675562735,4850.66010334911,1337090.2030555506,0.5942685078729311
7452.069675562735,4850.66010334911,1401334.717910912,0.5920762829309729
7452.069675562735,4850.66010334911,1466835.6261773664,0.5828334677450315
7452.069675562735,4850.66010334911,1546182.3026252731,0.5845403157968467
7452.069675562735,4850.66010334911,1581563.9195560806,0.5547093488751225
7452.069675562735,4850.66010334911,1602122.2732220981,0.5348258662820696
7452.069675562735,4850.66010334911,1628472.026208119,0.4998370015309614
7452.069675562735,4850.66010334911,1673148.7400752692,0.4731526543443329
7452.069675562735,4850.66010334911,1712173.6459459662,0.44701533754000505
7490.124628075435,4850.66010334911,1717349.1757284752,0.4156158915107705
7490.124628075435,4850.66010334911,1769748.5087631098,0.40524541772695555
7490.124628075435,4850.66010334911,1798839.584539705,0.38341322487146046
7500.936632669791,4850.66010334911,1819351.3116430333,0.33844430012672916
7516.431442929966,4850.66010334911,1849969.156578717,0.2995471957815077
7538.3993012992905,4850.66010334911,1858252.4817305189,0.2639326429304209
7557.732284838545,4850.66010334911,1871667.6487016785,0.2286967592544594
7577.408261143035,4850.66010334911,1893345.1889443938,0.18614517231409097
7663.31355217249,4850.66010334911,1929959.527836461,0.15001148423453795
7755.671560439385,4850.66010334911,1950271.357122764,0.11390088317779072
7822.75891509051,4850.66010334911,1968356.310232536,0.07819526094697846
8037.113102620489,4850.66010334911,1960615.2103224283,0.050426754947177334
8222.48081918261,4850.66010334911,1970051.9064458907,0.009306972517189654
8255.15582816682,4850.66010334911,1965396.0372684451,-0.033978890599406654
8343.438391703645,4850.66010334911,1946814.2151034274,-0.07037543692059617
8469.775128766734,4850.66010334911,1943364.6443955763,-0.10520918329851389
8523.387298530666,4850.66010334911,1930721.2481829,-0.14675922740627964
8563.950381415129,4850.66010334911,1914069.7736877725,-0.1892918731550612
8563.950381415129,4850.66010334911,1903244.0332488362,-0.21004696998920203
8626.659807069214,4850.66010334911,1869652.9128968932,-0.24769146546257984
8656.15309467559,4850.66010334911,1856364.4143257267,-0.2878000648801214
8675.993671476925,4850.66010334911,1831398.827817586,-0.32526908392250664
8675.993671476925,4850.66010334911,1799752.3395847648,-0.35643992626635024
8675.993671476925,4850.66010334911,1755699.0821994809,-0.3787237884370888
8675.993671476925,4850.66010334911,1727384.60337117,-0.40590604890534204
8675.993671476925,4850.66010334911,1654069.1774690896,-0.4128965973338588
8675.993671476925,4850.66010334911,1597537.6099188542,-0.40678056460298234
8675.993671476925,4850.66010334911,1555579.4967539434,-0.40553519358097495
8675.993671476925,4850.66010334911,1517383.0515187571,-0.4096187981349349
8675.993671476925,4850.66010334911,1484315.0362779049,-0.40532209074214853
8675.993671476925,4850.66010334911,1448136.7079728537,-0.3921931815008664
8675.993671476925,4850.66010334911,1395196.9146950715,-0.40067977360930007
8675.993671476925,4850.66010334911,1367415.199238335,-0.39642927256506355
8675.993671476925,4850.66010334911,1318162.0250073192,-0.37231512809001877
8675.993671476925,4008.27219239854,1244064.6096727427,-0.27918273583929587
8675.993671476925,4004.164561942621,1202611.180844314,-0.2638739165195285
8675.993671476925,4004.164561942621,1175841.639618323,-0.2616462966957771
8675.993671476925,4004.164561942621,1148738.612275928,-0.26585101390673777
8675.993671476925,3979.9698770495197,1115706.2345831906,-0.2353678622073726
8675.993671476925,3979.9698770495197,1076382.962713625,-0.21843765507694762
8675.993671476925,3979.9698770495197,1067422.197096504,-0.21751406193657294
8675.993671476925,3824.6380012482505,1045464.2041455185,-0.18500423956494746
8675.993671476925,3824.6380012482505,1012164.2767110211,-0.16694683007082167
8675.993671476925,3824.6380012482505,987786.8408240424,-0.16506756115563162
8675.993671476925,3824.6380012482505,953331.7536003503,-0.13182576120080683
8675.993671476925,3824.6380012482505,934439.8813590702,-0.10595759462549154
8675.993671476925,3824.6380012482505,941415.9701552275,-0.11450981818181094
8675.993671476925,3824.6380012482505,919270.9650931099,-0.08893205016199066
8675.993671476925,3824.6380012482505,927938.8512114394,-0.09856739016999837
8675.993671476925,3824.6380012482505,923997.1993232039,-0.09118300122469616
8675.993671476925,3501.6152408688904,885504.335404284,-0.041152276127425634
8675.993671476925,3501.6152408688904,887747.5827224089,-0.04150508866105572
8675.993671476925,3501.6152408688904,885450.42303637,-0.0404723792373717
8675.993671476925,3501.6152408688904,883552.6738660464,-0.039423190031635066
8675.993671476925,3501.6152408688904,871191.697068592,-0.05044805992485474
8675.993671476925,3501.6152408688904,888119.4261638033,-0.04831815935187031
8675.993671476925,3501.6152408688904,881911.2128404023,-0.04779704523539418
8675.993671476925,3501.6152408688904,882798.6507973829,-0.044073805600222185
8675.993671476925,3501.6152408688904,875506.1914540624,-0.05246131579545777
8675.993671476925,3501.6152408688904,878054.8917636077,-0.04820652026419698
8675.993671476925,3501.6152408688904,877863.7461455559,-0.04880040271094365
8675.993671476925,3501.6152408688904,879395.9747733441,-0.03781431656791393
8738.06094638576,3501.6152408688904,873611.5749795587,-0.07265931317313562
8738.06094638576,3501.6152408688904,873387.1630427259,-0.07506874061581081
8738.06094638576,3501.6152408688904,874372.3495542626,-0.06638845345266386
8738.06094638576,3501.6152408688904,875794.1209849732,-0.07116903899245822
8646.500383870549,3501.6152408688904,873266.5435565831,-0.041847553812089246
8738.06094638576,3501.6152408688904,875046.4469160939,-0.05877592517234993
8738.06094638576,3501.6152408688904,879072.6715188613,-0.06431233804939927
8682.999975201445,3501.6152408688904,875387.8958544525,-0.04591862696616692
8682.999975201445,3501.6152408688904,870097.8116527866,-0.043080583110260806
8682.999975201445,3501.6152408688904,876796.9418154068,-0.04773946148201473
8682.999975201445,3501.6152408688904,877922.0823117556,-0.04710585554689553
8682.999975201445,3501.6152408688904,891904.4823108511,-0.0409113143424821
8682.999975201445,3501.6152408688904,914552.0304958676,-0.025885145403922828
8682.999975201445,3501.6152408688904,915586.3710155244,-0.02569183930939788
8682.999975201445,3501.6152408688904,911688.0387603181,-0.024133020507385812
8682.999975201445,3501.6152408688904,908112.6799162946,-0.024107351592736994
8682.999975201445,3501.6152408688904,913543.046855808,-0.01705504041939646
8682.999975201445,3501.6152408688904,911259.4257237242,-0.01566692117231619
8682.999975201445,3501.6152408688904,929232.643334291,0.0004541724471186699
8682.999975201445,3501.6152408688904,931294.8146989192,0.0005854112517216409
8682.999975201445,3501.6152408688904,924557.2466896694,-0.006339574793830377
8682.999975201445,3467.5122341096903,923254.3077077249,-0.009066838498143593
8682.999975201445,3467.5122341096903,924670.640590332,-0.007128722527931729
8682.999975201445,3467.5122341096903,924343.9519907231,-0.007579418654157459
8682.999975201445,3467.5122341096903,918662.1323872231,-0.018200648757932786
8682.999975201445,4125.95446648309,973039.7600384646,0.08177106868151215
8682.999975201445,4125.95446648309,991683.9641120952,0.07891282472982336
8682.999975201445,4125.95446648309,1030665.6967662196,0.11001229283774956
8682.999975201445,4125.95446648309,1053568.9541722073,0.13030958579677476
8682.999975201445,4892.68971795309,1148530.5740705796,0.30860492575070575
8728.834362727506,4892.68971795309,1190249.9771718057,0.29485406133402503
8728.834362727506,4892.68971795309,1252091.8632448004,0.37059143038942716
8728.834362727506,4892.68971795309,1307397.6847717057,0.3947114090369079
8728.834362727506,4892.68971795309,1325361.0689312525,0.3856014205413959
8728.834362727506,4892.68971795309,1372840.9370170718,0.4001448905362387
8728.834362727506,4892.68971795309,1430675.8387038612,0.3962412824863152
8728.834362727506,4892.68971795309,1475374.8347913136,0.3836341416727587
8728.834362727506,4892.68971795309,1485783.2770261706,0.3772973870229914
8728.834362727506,4892.68971795309,1559725.2753865859,0.4278075333725584
8728.834362727506,4892.68971795309,1596051.084350735,0.41639159530514325
8728.834362727506,4892.68971795309,1615685.889009454,0.40074635573691963
8800.501540128196,4892.68971795309,1675549.3746862065,0.377943980520719
8800.501540128196,4892.68971795309,1708006.742212922,0.36218593185323544
8800.501540128196,4892.68971795309,1746737.9698399096,0.3469102776118778
8865.72993994056,4892.68971795309,1770845.2150861935,0.3136921714561049
8877.111550854876,4892.68971795309,1783381.882631283,0.28736457113577574
8877.111550854876,4892.68971795309,1812092.4406793439,0.26265209042525883
8877.111550854876,4892.68971795309,1849495.0530014157,0.24977072779209789
8998.689225801165,4892.68971795309,1867901.7190019016,0.20756828853756268
9062.66158450492,4892.68971795309,1892118.6109670254,0.17873453465003605
9108.435484808066,4892.68971795309,1916481.205614955,0.151360717161063
9147.32050491067,4892.68971795309,1939112.9723106306,0.118772792541543
9248.511064602913,4892.68971795309,1948602.0145101256,0.08213234031103366
9379.60098416595,4892.68971795309,1951096.1804443132,0.04310245330402082
9441.956958311806,4892.68971795309,1949154.5798346887,0.0076738701278353475
9457.290935034785,4892.68971795309,1945807.9419076797,-0.019343905445447025
9518.66842964521,4892.68971795309,1921332.1643025223,-0.05027164768463615
9608.253536286691,4892.68971795309,1893531.2094160214,-0.08391936253478512
9649.41083311162,4892.68971795309,1868682.0331772217,-0.11750982798719395
9695.884332993726,4892.68971795309,1831029.236947426,-0.1483126424233183
9742.205381207412,27615.725442516392,8636310.71855035,6.595647853794532
9749.755347469247,27615.725442516392,15314907.74197503,5.398547423158691
9762.99607332817,27615.725442516392,15248379.226069674,5.4127276566359575
9787.088732117896,27615.725442516392,15185026.007210327,5.430173799252025
9787.088732117896,27615.725442516392,15105671.182527676,5.456262354499121
9787.088732117896,27615.725442516392,15057367.85098019,5.470262775498033
9787.088732117896,27615.725442516392,15013392.305030752,5.485193813764956
9787.088732117896,27615.725442516392,14978054.9511451,5.496401773507216
9787.088732117896,27615.725442516392,14909918.165297503,5.5223871735806425
9787.088732117896,27615.725442516392,14870748.713001313,5.5349528880225405
9787.088732117896,27615.725442516392,14812253.75349519,5.557061872700003
9812.2708534595,27615.725442516392,14712045.831575358,5.595901473857736
9812.2708534595,27615.725442516392,14676016.875346547,5.609697804447028
9812.2708534595,27615.725442516392,14651784.701843843,5.61918528119388
9812.2708534595,27615.725442516392,14628458.713598305,5.629412589492144
9812.2708534595,27615.725442516392,14573613.09505797,5.654569398725694
9821.038845221086,27615.725442516392,14470558.427278617,5.697069740584127
9821.038845221086,27615.725442516392,14414597.000182431,5.721721574208888
9821.038845221086,27615.725442516392,14323303.2865727,5.764679352974073
9821.038845221086,27240.291282355593,14229094.75978912,5.812195900513265
9821.038845221086,27240.291282355593,14194120.411515243,5.8280584249874465
9821.038845221086,27240.291282355593,14146155.522783536,5.85156439152337
9821.038845221086,27240.291282355593,14090398.27970698,5.878400941747454
9821.038845221086,27240.291282355593,14023568.470474256,5.909942025550636
9821.038845221086,27240.291282355593,14000963.562394533,5.919635822690329
9821.038845221086,26753.89227928388,13937862.08993023,5.9532976375561635
9821.038845221086,26605.505866721433,13898763.214280771,5.973029364339615
9821.038845221086,26605.505866721433,13904622.43639716,5.970018798680722
9821.038845221086,26605.505866721433,13873492.62730292,5.983967364299321
9821.038845221086,26440.05307472332,13823240.647119358,6.006849461643775
9821.038845221086,26440.05307472332,13827396.452903166,6.004676240032029
9821.038845221086,26440.05307472332,13809319.737752927,6.013408656102666
9821.038845221086,26440.05307472332,13830069.414699817,6.00425377785846
9821.038845221086,26440.05307472332,13837696.872001464,6.000535121100806
9821.038845221086,26440.05307472332,13808520.710375495,6.013107711857531
9821.038845221086,26440.05307472332,13803874.13968164,6.014576962261796
9821.038845221086,26440.05307472332,13763844.918323107,6.0303274452479405
9821.038845221086,26440.05307472332,13760950.87662687,6.031365844027933
9821.038845221086,26440.05307472332,13793429.73547323,6.0178055707143905
9821.038845221086,26440.05307472332,13773463.571853613,6.025805292673957
9821.038845221086,26440.05307472332,13782776.929440154,6.022414801694335
9821.038845221086,26440.05307472332,13791359.237912524,6.020253233231847
9821.038845221086,26440.05307472332,13796808.426995344,6.01955611562651
9795.066804444425,26440.05307472332,13804301.753657572,6.01953505062308
9795.066804444425,26440.05307472332,13807353.857386071,6.02157468509294
9795.066804444425,26440.05307472332,13813844.015496498,6.020456547135392
9795.066804444425,26440.05307472332,13813834.057784187,6.020458890352093
9821.038845221086,26440.05307472332,13809853.663236432,6.020642796544595
9821.038845221086,26440.05307472332,13809837.333407613,6.020612176290838
9821.038845221086,26440.05307472332,13803801.34399413,6.021353349070067
9819.467205516969,26440.05307472332,13807035.534383738,6.023432714373799
9819.467205516969,26440.05307472332,13806798.960650485,6.023429694057961
9819.467205516969,26440.05307472332,13806383.253359469,6.023301379180017
9819.467205516969,26440.05307472332,13806418.595570007,6.025296997272953
9819.467205516969,26440.05307472332,13807474.640332991,6.026245348371427
9819.467205516969,26440.05307472332,13809083.433308378,6.019793798793216
9819.467205516969,26440.05307472332,13811730.298945783,6.021829887275279
9819.467205516969,26440.05307472332,13806301.237123633,6.029364211468163
9819.467205516969,26440.05307472332,13805900.947949767,6.028496885182264
9819.467205516969,26440.05307472332,13815042.346879825,6.017383811890183
9819.467205516969,26440.05307472332,13816638.36355276,6.014396237036547
9819.467205516969,26440.05307472332,13805210.35164784,6.024876188403894
9819.467205516969,26440.05307472332,13807950.961528327,6.021040273015158
9819.467205516969,26440.05307472332,13799998.917908905,6.029242787010979
9819.467205516969,26440.05307472332,13795908.140609276,6.034118791053838
9819.467205516969,26440.05307472332,13795992.627733013,6.034658329842441
9819.467205516969,26440.05307472332,13822324.449627293,6.0099181268802875
9819.467205516969,26440.05307472332,13819530.011191037,6.013181407870871
9819.467205516969,26440.05307472332,13868405.684358275,5.969520379350332
9819.467205516969,26440.05307472332,13889914.927959787,5.9424665634483445
9819.467205516969,26440.05307472332,13883111.540290097,5.948756273749048
9819.467205516969,26440.05307472332,13910574.618368423,5.921713069183478
9819.467205516969,26440.05307472332,13944267.614950884,5.885978324708238
9819.467205516969,26440.05307472332,13955370.537777139,5.875507680672559
9819.467205516969,26440.05307472332,13980174.130625658,5.850257991650711
9819.467205516969,26440.05307472332,14030453.506492276,5.806207298503435
9819.467205516969,26440.05307472332,14041737.035284236,5.791207834381565
9819.467205516969,26440.05307472332,14066110.903880458,5.7605270096787144
9819.467205516969,26440.05307472332,14103080.257836752,5.724804906875938
9819.467205516969,26440.05307472332,14112360.510360353,5.714499661844307
9819.467205516969,26440.05307472332,14121105.003389893,5.702696851544131
9819.467205516969,26440.05307472332,14167495.401519539,5.659432073932412
9819.467205516969,26440.05307472332,14185047.007177943,5.639146531327829
9819.467205516969,26440.05307472332,14199404.874966748,5.62172648161392
9819.467205516969,26440.05307472332,14223385.041748583,5.593254955274684
9819.467205516969,26440.05307472332,14240082.794884,5.569997070634909
9819.467205516969,26440.05307472332,14253437.636407867,5.546967713647435
9821.038845221086,26440.05307472332,14253295.161643624,5.5319871671402305
9823.097881797534,26440.05307472332,14253858.022342555,5.514536463223276
9823.39504582668,26440.05307472332,14274651.672892777,5.482098380173016
9826.7994383701,26440.05307472332,14287562.640417337,5.4549872781281845
9838.86961970877,26440.05307472332,14288643.969908543,5.438714972812683
9838.86961970877,26440.05307472332,8082429.43168494,6.603070919127735
9838.86961970877,4600.27253962472,1743755.56030351,0.3177166127016656
9838.86961970877,4600.27253962472,1760445.4730323865,0.2928984528907158
9855.281410896165,4600.27253962472,1779707.949431501,0.2559694770365831
9859.386040341209,4600.27253962472,1776289.8346011664,0.23902856211067236
9912.81871730698,4600.27253962472,1799366.5530965657,0.19813810031126902
9982.160217799656,4600.27253962472,1805273.8061943483,0.1542007084809077
10099.43148075508,4600.27253962472,1799562.3853992752,0.11450161958010195
10215.795480922749,4600.27253962472,1794134.827094241,0.07423525054553674
10245.4529706541,4600.27253962472,1791052.9643249298,0.03403396890007793
10264.5084258771,4600.27253962472,1790589.7585194714,-0.009039085223952333
10370.16496293005,4600.27253962472,1787896.8951128945,-0.03281176690663058
10563.389318030298,4600.27253962472,1775369.9180948387,-0.07499973051895406
10720.0363268571,4600.27253962472,1750120.2562489377,-0.1131975862567269
10759.4490534285,4600.27253962472,1700302.210527732,-0.12916654023025007
10790.36553159905,4600.27253962472,1658168.9415483698,-0.1517897080395553
10807.6259481019,4600.27253962472,1662550.7301343025,-0.18715021086312447
10807.6259481019,4600.27253962472,1634013.8019580424,-0.21477863897511898
10807.6259481019,4600.27253962472,1613024.174262677,-0.22985486382295472
10807.6259481019,4600.27253962472,1582623.1830505785,-0.23984946940435814
10807.6259481019,4600.27253962472,1547163.7954649173,-0.26016841389741785
10807.6259481019,4600.27253962472,1504672.797989814,-0.2771973515265821
10807.6259481019,4600.27253962472,1471735.560093742,-0.2976053775190716
10807.6259481019,4600.27253962472,1450908.729071867,-0.31379879448180625
10807.6259481019,4600.27253962472,1434437.4068566728,-0.31387703130212397
10807.6259481019,4600.27253962472,1390953.7696778737,-0.3108041056860955
10807.6259481019,4600.27253962472,1348327.7126890358,-0.3226157932560345
10807.6259481019,4573.38824181187,1299242.2061070048,-0.2709906124637286
10807.6259481019,4573.38824181187,1272834.165262409,-0.2828591605723863
10807.6259481019,4573.38824181187,1269883.6710789783,-0.2828270970187594
10807.6259481019,4362.95090871347,1205267.0193193937,-0.22307615976696293
10807.6259481019,4362.95090871347,1180430.0740888026,-0.20178879332360838
10807.6259481019,4362.95090871347,1125551.528018523,-0.16128176632686425
10807.6259481019,4345.60645290542,1075899.400085435,-0.09132375112740927
10807.6259481019,4345.60645290542,1056609.5823273272,-0.08646526666718714
10807.6259481019,4345.60645290542,1050313.3054375353,-0.08212799894594909
10807.6259481019,4345.60645290542,1058806.770867527,-0.0859517623907262
10807.6259481019,4345.60645290542,1056409.9695325303,-0.08327825110859517
10807.6259481019,3797.8439912693284,1014793.3686416686,-0.0020004528351826585
10807.6259481019,3797.8439912693284,1004009.2685861774,0.006833069603569985
10807.6259481019,3544.229035111279,967981.8357696373,0.03482163513934074
10807.6259481019,3479.529695384219,945388.2592275734,0.05360756936048859
10807.6259481019,3479.529695384219,940039.2524527052,0.05937612659473019
10807.6259481019,3479.529695384219,927132.5435199284,0.06804797637187422
10807.6259481019,3479.529695384219,933897.2049397454,0.06274964124242295
10807.6259481019,3479.529695384219,923324.6855908089,0.07519585508210072
10807.6259481019,3479.529695384219,908251.9730134405,0.08627918352857551
10835.364041195651,3479.529695384219,896660.141494493,0.061494569034546774
10835.364041195651,3479.529695384219,897123.6815048103,0.061883884213456884
10835.364041195651,3479.529695384219,890172.997764508,0.06181316891183308
10835.364041195651,3479.529695384219,903932.4324874893,0.0442568352319767
10835.364041195651,3479.529695384219,890593.7298430006,0.03221766494642251
10835.364041195651,3479.529695384219,881023.901966528,0.015826066057792482
10835.364041195651,3479.529695384219,890214.5738527523,0.016144797455464863
10835.364041195651,3479.529695384219,883545.5576836503,0.009626800415949342
10835.364041195651,3479.529695384219,888851.5770021735,0.024880108914020104
10835.364041195651,3479.529695384219,877538.5955178502,0.01351816214665526
10835.364041195651,3479.529695384219,878851.1251657137,0.018651945681019827
10899.403193733451,3479.529695384219,874697.2902384404,-0.007512242440123386
10884.9792813866,3479.529695384219,872748.73688834,0.0065466698278280125
10931.290086171051,3479.529695384219,872585.5274889303,0.001099880835361457
10931.290086171051,3479.529695384219,869631.2708818038,0.01063633280755385
10884.9792813866,3479.529695384219,872165.0200971633,0.029142068855126428
10835.364041195651,3479.529695384219,871733.8283207549,0.04312270015044658
10835.364041195651,3479.529695384219,880111.1980991347,0.02210634182007141
10884.9792813866,3479.529695384219,878261.142792904,-0.013519816231922874
10884.9792813866,3479.529695384219,868961.0678957942,-0.013781728131446465
10884.9792813866,3479.529695384219,869016.0081261337,-0.01458581163083981
10884.9792813866,3479.529695384219,865639.6384961546,-0.021251530277919012
10884.9792813866,3479.529695384219,861667.7475429777,-0.0185212474652754
10884.9792813866,3479.529695384219,870996.6231606536,-0.02056723079825735
10884.9792813866,3479.529695384219,866389.1521980286,-0.02223830594348727
10884.9792813866,3479.529695384219,872383.789950558,-0.014236556833955515
10884.9792813866,3479.529695384219,871973.8068671443,-0.014144465482438608
10884.9792813866,3479.529695384219,889340.4403317976,0.008603963899836222
10884.9792813866,3479.529695384219,889860.4187788053,0.009724574411466997
10884.9792813866,3479.529695384219,901004.7814456522,0.0061952682085289175
10884.9792813866,3479.529695384219,897390.7978756208,0.005680992899061661
10884.9792813866,3479.529695384219,909008.6229168574,0.025954619131085974
10884.9792813866,3479.529695384219,911985.5397355593,0.022824903444240815
10884.9792813866,3668.90850056622,953296.4708581568,0.06419787467204748
10884.9792813866,3746.4093403096194,970921.8106415422,0.0995770795407265
10884.9792813866,3823.340315969019,1012860.5139181158,0.1504570274236102
10884.9792813866,3823.340315969019,1041104.339188613,0.16420291662371597
10884.9792813866,4324.61698690652,1102770.044522247,0.26022958962241394
10884.9792813866,4324.61698690652,1134837.6994514184,0.27528281032202595
10884.9792813866,4324.61698690652,1157015.7193060766,0.2771829966362287
10884.9792813866,4324.61698690652,1193769.0178930177,0.2790095227799437
10884.9792813866,4324.61698690652,1217319.2085518923,0.27376389860043776
10884.9792813866,4324.61698690652,1229082.3299170136,0.2774757546297668
10884.9792813866,4324.61698690652,1268853.7992914496,0.30349154141411905
10884.9792813866,4324.61698690652,1314953.2454303098,0.31406828572594453
10884.9792813866,4324.61698690652,1325055.80922451,0.32123116238068855
10884.9792813866,4324.61698690652,1353520.2536800571,0.33563862120007265
10884.9792813866,4324.61698690652,1399015.5205329685,0.33262942617026225
10884.9792813866,4324.61698690652,1439693.7582551872,0.330082880571671
10935.66585645685,4619.693078202421,1517266.3416728934,0.3401288790984162
10935.66585645685,4619.693078202421,1547745.7461894627,0.335592736087874
10935.66585645685,4619.693078202421,1601835.5553084884,0.3391120016885761
10935.66585645685,4619.693078202421,1640355.58394106,0.316693545520448
10935.66585645685,4619.693078202421,1667313.4586918592,0.2923280253974923
10935.66585645685,4619.693078202421,1694386.567996739,0.269013710915849
10935.66585645685,4619.693078202421,1733805.4843974211,0.256785119469941
10994.947809035752,4619.693078202421,1760419.3648280483,0.22119553742347295
10994.947809035752,4619.693078202421,1796452.643808124,0.203901918145787
10994.947809035752,4619.693078202421,1833385.8815876867,0.18195600181865232
11041.5171271683,4619.693078202421,1869484.3291045243,0.14808115787665185
11089.8336237925,4619.693078202421,1881751.8422948807,0.11318327150771193
11089.8336237925,4619.693078202421,1925434.07735751,0.09912314551355832
11143.6425934931,4619.693078202421,1926012.847106394,0.0689244156184
11303.056837683049,4619.693078202421,1914064.5306869026,0.03405097901018067
11504.25470622325,4619.693078202421,1925057.3638629483,-0.00785285484174426
11591.58477984415,4619.693078202421,1944574.8251620203,-0.04674550235068551
11685.95583001315,4619.693078202421,1940254.9923012396,-0.07943507747990838
11766.812664227,4619.693078202421,1944766.4657821648,-0.11939210996653235
11790.3462363346,4619.693078202421,1929215.9212972093,-0.15191087588607669
11820.17358382065,4619.693078202421,1907579.074249807,-0.19121240210310764
11847.9332350295,4619.693078202421,1888594.4747994228,-0.23148875709746328
11902.81212657855,4619.693078202421,1879445.667927068,-0.2661987360307522
11994.32417847875,4612.2544638245345,1820840.283752976,-0.28855244494806925
11994.32417847875,4612.2544638245345,1801455.7443598271,-0.3141870072648428
12034.496788864351,4612.2544638245345,1754427.3383516017,-0.34774476441960295
12034.496788864351,4612.2544638245345,1720635.7368327435,-0.38131681019522157
12047.840771140953,4612.2544638245345,1665281.6658659282,-0.4071547673316014
12047.840771140953,4612.2544638245345,1641333.8583235766,-0.4305064725120596
12047.840771140953,4612.2544638245345,1594945.0744084883,-0.4502882509830595
12047.840771140953,4612.2544638245345,1561981.965600869,-0.4800276791363047
12047.840771140953,4612.2544638245345,1515972.819271488,-0.4779408871638164
12047.840771140953,4612.2544638245345,1457692.2842148617,-0.4712334300721885
12047.840771140953,4578.277518242181,1390777.5977418264,-0.45189689733230826
12047.840771140953,4578.277518242181,1326204.2368893486,-0.4447771130438824
12047.840771140953,4578.277518242181,1283417.185198021,-0.43360815992702106
12047.840771140953,4578.277518242181,1268753.266707132,-0.4369993670292024
12047.840771140953,4578.277518242181,1234958.891912012,-0.44713882180310754
12047.840771140953,4578.277518242181,1189214.4438120727,-0.4214818560733711
12047.840771140953,4578.277518242181,1149655.943039928,-0.4270476382096296
12047.840771140953,4578.277518242181,1109948.5872399318,-0.38037379968535967
12047.840771140953,4578.277518242181,1066601.425577146,-0.34343641517868334
12047.840771140953,4578.277518242181,1042025.2826607674,-0.3240511606653771
12047.840771140953,4578.277518242181,1045874.4674510662,-0.32240361822794306
12047.840771140953,4578.277518242181,1014989.7180021241,-0.31394285444189096
12047.840771140953,4578.277518242181,984152.8044804644,-0.30185726649956296
12047.840771140953,4140.966422642161,923937.1004155834,-0.17071936518126848
12047.840771140953,4140.966422642161,936120.5456110954,-0.18595420197100926
12047.840771140953,4140.966422642161,937401.2573523025,-0.1867043229298341
12047.840771140953,3707.145870380702,884954.6905977908,-0.11733727275360278
12047.840771140953,3707.145870380702,868549.8918719324,-0.1005125689394357
12047.840771140953,3598.0083477774024,851033.5975718631,-0.06816485407620053
12047.840771140953,3598.0083477774024,839876.4353933483,-0.058399891030470955
12047.840771140953,3598.0083477774024,817822.9443233863,-0.040943732053451205
12047.840771140953,3598.0083477774024,809117.0632967188,-0.05399593390265337
12047.840771140953,3598.0083477774024,800309.5664058091,-0.053041881149276056
12047.840771140953,3598.0083477774024,803809.6765769088,-0.056432573479223674
12061.057042849601,3598.0083477774024,794551.4848697357,-0.07919790336434539
12061.057042849601,3598.0083477774024,771137.3665733067,-0.05017248380303812
12061.057042849601,3598.0083477774024,752218.9713561132,-0.05403694231738741
12061.057042849601,3598.0083477774024,751757.7453467295,-0.056720886589000166
12061.057042849601,3598.0083477774024,768711.6635062239,-0.06758080699182469
12069.1803213194,3598.0083477774024,766270.5327640556,-0.08473608978217317
12069.1803213194,3598.0083477774024,757555.3485579612,-0.08827314855138198
12061.057042849601,3598.0083477774024,762326.1039280855,-0.05346746431067426
12061.057042849601,3598.0083477774024,760409.738148455,-0.05925358621874219
12061.057042849601,3598.0083477774024,761084.5519321548,-0.052258541127172674
12061.057042849601,3598.0083477774024,760826.4553150203,-0.05414826389276091
12047.840771140953,3598.0083477774024,760280.8155665406,-0.0375302300830051
12061.057042849601,3598.0083477774024,762210.5700515903,-0.06558508807356846
12061.057042849601,3598.0083477774024,761753.9630686019,-0.06438734060367246
12061.057042849601,3598.0083477774024,758953.9444742384,-0.056014737616268746
12061.057042849601,3598.0083477774024,758956.973861712,-0.05696803590392532
12069.1803213194,3598.0083477774024,764917.4455372115,-0.0867400135076822
12069.1803213194,3598.0083477774024,766033.3023499888,-0.08805666049721371
12095.0028833924,3598.0083477774024,765855.2222107372,-0.11310045229352113
12095.0028833924,3598.0083477774024,759904.3432901703,-0.10685442377190865
12095.0028833924,3598.0083477774024,754471.474411127,-0.10532725370127555
12095.0028833924,3598.0083477774024,749241.7860751065,-0.10657310284669057
12095.0028833924,3598.0083477774024,756108.3270464371,-0.10587889347014308
12095.0028833924,3598.0083477774024,749862.0242489646,-0.11978405715695045
12095.0028833924,3598.0083477774024,756724.9550452101,-0.11451427032168923
12095.0028833924,3598.0083477774024,756259.9659893176,-0.11374035897898525
12095.0028833924,3598.0083477774024,769313.2245105186,-0.09848315617968502
12095.0028833924,3598.0083477774024,798667.1260826443,-0.05985335903673145
12095.0028833924,3598.0083477774024,804305.8333817079,-0.06343100503754039
12095.0028833924,3598.0083477774024,796929.84168588,-0.06616454462425846
12095.0028833924,3663.8324168778,820895.9949374711,-0.017430986080998294
12095.0028833924,3663.8324168778,835980.5700025352,-0.00205170900243236
12095.0028833924,3708.5967314735008,862976.4607709877,0.04332683785676976
12095.0028833924,3708.5967314735008,881057.4044432804,0.06566278420671025
12095.0028833924,4297.939138400401,935620.7597915096,0.17593353242802331
12095.0028833924,4297.939138400401,960212.3213099283,0.23018453924440033
12095.0028833924,4297.939138400401,1002220.7634722546,0.2738939720138788
12095.0028833924,4297.939138400401,1038915.4193741368,0.32375056914581474
12095.0028833924,4297.939138400401,1089284.6445551477,0.37131365198362914
12095.0028833924,4337.851581084,1149247.079955636,0.4112014605155191
12095.0028833924,4337.851581084,1176146.5063569306,0.4031479657341936
12095.0028833924,4582.009280049902,1241730.532152556,0.4601170799466532
12095.0028833924,4582.009280049902,1262939.4924201227,0.44815128703768325
12095.0028833924,4582.009280049902,1272762.6133264403,0.44182743911347994
12095.0028833924,4582.009280049902,1308751.85983617,0.44628475305558146
12095.0028833924,4582.009280049902,1357402.9732325943,0.46505078914843195
12095.0028833924,4582.009280049902,1410762.5728653427,0.45699012431720404
12095.0028833924,4582.009280049902,1455451.0356716397,0.46996553551555986
12095.0028833924,4582.009280049902,1502227.2354232352,0.4411068543108303
12119.0889283096,4582.009280049902,1536194.057887132,0.40472292490611467
12119.0889283096,4582.009280049902,1575844.2318385185,0.40074382284474747
12119.0889283096,4739.7850837314,1645862.3312394803,0.41918214343999716
12119.0889283096,4739.7850837314,1680840.8990571836,0.38383457887031813
12119.0889283096,4739.7850837314,1726250.6736355708,0.3659192737261749
12152.994044300951,4739.7850837314,1766848.9618570895,0.32983100324001924
12152.994044300951,4739.7850837314,1818141.324607147,0.32206285171805976
12152.994044300951,4739.7850837314,1836244.2398489567,0.2910517919364112
12227.69397223345,4739.7850837314,1859662.159854486,0.25597517547264587
12348.37172490995,4739.7850837314,1887680.0263889316,0.2187913398350145
12410.55542917285,4739.7850837314,1897499.8568580789,0.17637624752527412
12490.4599625905,4739.7850837314,1921244.2566874616,0.14525181754398414
12528.1816269018,4739.7850837314,1933529.751938133,0.1076285783331553
12575.29760875365,4739.7850837314,1939009.608871825,0.07553247045767193
12629.280838396,4739.7850837314,1928068.8380932384,0.041757716394389
12675.361987999302,4739.7850837314,1936465.8967588975,-0.0006988556801578925
12742.0225631748,4739.7850837314,1938762.734507248,-0.03979686911717469
12805.705529407649,4739.7850837314,1919746.9015905345,-0.08058997973675529
12805.705529407649,4739.7850837314,1892319.37969432,-0.10320491177831115
12861.71966248795,4739.7850837314,1880330.059473771,-0.14643229029945762
12894.3288734335,4739.7850837314,1871442.8662690108,-0.18538394100694808
12970.35369499175,4739.7850837314,1836525.8597190157,-0.21748443032377265
13085.402714934899,4739.7850837314,1799279.401971168,-0.25325493695114676
13184.740396952398,4739.7850837314,1777846.692782711,-0.29037210156624627
13246.298662223351,4739.7850837314,1737723.4529996258,-0.32493393718341673
13268.7001302717,4739.7850837314,1718137.133127803,-0.3612265481873345
13268.7001302717,4739.7850837314,1652788.3781744235,-0.3741183140012268
13268.7001302717,4739.7850837314,1608182.6047186237,-0.3991060463130728
13268.7001302717,4739.7850837314,1555189.3137330324,-0.4078722827629949
13268.7001302717,4739.7850837314,1503812.8383384557,-0.426291868607783
13268.7001302717,4739.7850837314,1472982.4761237786,-0.44214718156573984
13268.7001302717,4739.7850837314,1438343.385478061,-0.47465277230521596
13268.7001302717,4739.7850837314,1379327.2436176264,-0.47253219651887335
13268.7001302717,4359.624758497599,1293618.0943426094,-0.43993820186965965
13268.7001302717,4359.624758497599,1235856.7802980759,-0.4123641496657113
13268.7001302717,4359.624758497599,1212446.1701483752,-0.41803094387404705
13268.7001302717,4359.624758497599,1163867.416173166,-0.4115224206998872
13268.7001302717,4359.624758497599,1098489.8568853745,-0.3719056762850212
13268.7001302717,4359.624758497599,1066332.4381931853,-0.33958403426307143
13268.7001302717,4359.624758497599,1033766.6253643839,-0.3343150368137392
13268.7001302717,4359.624758497599,1014716.4575193739,-0.3429321724804321
13268.7001302717,4359.624758497599,990425.262644303,-0.32227533357961546
13268.7001302717,4359.624758497599,932456.686268897,-0.24166244733313633
13268.7001302717,4359.624758497599,935694.710995149,-0.24309767411494287
13268.7001302717,4359.624758497599,911995.180819946,-0.20890741974199398
13268.7001302717,4359.624758497599,905085.4979536906,-0.20420779881832452
13268.7001302717,4359.624758497599,904049.4626827723,-0.2032364055845947
13268.7001302717,3708.513638594899,834654.5001956577,-0.05885006921716577
13268.7001302717,3708.513638594899,833955.2567762224,-0.0583205164362399
13268.7001302717,3708.513638594899,818247.022915702,-0.028618908861961757
13268.7001302717,3470.9794687288995,808751.5332977592,-0.001726860142253777
13268.7001302717,3470.9794687288995,795236.5188776325,0.018591865698787725
13268.7001302717,3470.9794687288995,792026.9709458342,0.024566338846811326
13268.7001302717,3470.9794687288995,786157.1167172781,0.0337627836990426
13268.7001302717,3470.9794687288995,779460.9661209292,0.043844535665843794
13268.7001302717,3470.9794687288995,802102.3165932224,0.01763280761735077
13268.7001302717,3470.9794687288995,801874.4271570621,0.017506207275420013
13268.7001302717,3470.9794687288995,799321.2058515152,0.017372142213745296
13268.7001302717,3470.9794687288995,788919.4023061431,0.020310730861072566
13268.7001302717,3470.9794687288995,800032.1656482157,0.025418710789140635
13268.7001302717,3470.9794687288995,818396.4232983798,0.017447568401558596
13296.287548255652,3470.9794687288995,810730.5009977825,-0.006801704319842309
13296.287548255652,3470.9794687288995,804084.2783454532,-0.02593482332353129
13296.287548255652,3470.9794687288995,805310.8283611782,-0.024346274506545435
13296.287548255652,3470.9794687288995,813264.7355510377,-0.018052523198191207
13296.287548255652,3470.9794687288995,814935.0903364436,-0.00982933905279841
13268.7001302717,3470.9794687288995,815724.0042331748,0.004285111487133341
13263.057386420602,3470.9794687288995,825612.5719702133,0.024314377179152413
13263.057386420602,3470.9794687288995,821440.5078043694,0.012187459257258731
13263.057386420602,3470.9794687288995,821044.0341923356,0.018273482850472922
13263.057386420602,3470.9794687288995,823114.66877205,0.01543500999183413
13263.057386420602,3470.9794687288995,823026.6396043291,0.01489506283965618
13296.287548255652,3470.9794687288995,835664.8066805899,-0.01774524243947131
13296.287548255652,3470.9794687288995,837953.9520005647,-0.019448140589255928
13296.287548255652,3470.9794687288995,838781.6544156038,-0.02264543507846222
13296.287548255652,3470.9794687288995,834955.1402728136,-0.015604010094880097
13296.287548255652,3470.9794687288995,838713.7956519214,-0.020418182317956685
13296.287548255652,3470.9794687288995,835746.880585348,-0.023855419280480027
13296.287548255652,3470.9794687288995,840740.1388500131,-0.01796236344242153
13296.287548255652,3470.9794687288995,839810.319513243,-0.018254712242940663
13296.287548255652,3470.9794687288995,831180.8523598297,-0.019088896046281247
13296.287548255652,3470.9794687288995,839086.1989550135,-0.0071500548052561685
13296.287548255652,3470.9794687288995,846174.9637259435,0.004859491603782564
13296.287548255652,3470.9794687288995,853849.7574604546,0.002024303006144284
13296.287548255652,3470.9794687288995,836559.1944804685,-0.01905864325153272
13296.287548255652,3470.9794687288995,854518.4421407977,-0.015096814389270977
13296.287548255652,3470.9794687288995,882521.4493344546,-0.006067636515518099
13296.287548255652,3470.9794687288995,895830.8123193941,0.006098367432825624
13296.287548255652,3470.9794687288995,894543.7713836271,0.004842359891698447
13296.287548255652,3470.9794687288995,899375.3930898726,0.009961649104245277
13296.287548255652,3828.105878185601,927791.5223777865,0.06460874686139413
13296.287548255652,3840.0101095401988,961150.2500024777,0.11599450798938588
13296.287548255652,3840.0101095401988,996643.0333263866,0.15155688077796875
13296.287548255652,3840.0101095401988,1014018.3440265931,0.16425354976538922
13296.287548255652,3840.0101095401988,1022442.8370656,0.177005792798442
13296.287548255652,3840.0101095401988,1040912.6504862972,0.18300181610470875
13296.287548255652,4166.0825398123,1087166.6493320311,0.2447307177538991
13296.287548255652,4166.0825398123,1095002.790886544,0.24575539546268824
13296.287548255652,4166.0825398123,1118600.2874231783,0.26798746475483876
13296.287548255652,4166.0825398123,1159993.014257642,0.27515810477074154
13296.287548255652,4166.0825398123,1193088.5931281636,0.27861153250277815
13296.287548255652,4877.532158310001,1283980.9200225058,0.3867846174793247
13296.287548255652,4877.532158310001,1372706.4444545289,0.44788692112503603
13296.287548255652,4877.532158310001,1406466.608612815,0.4389271577038904
13296.287548255652,4877.532158310001,1457897.203817462,0.4338306953471205
13296.287548255652,4877.532158310001,1507730.1290520534,0.4154430820792381
13312.536335066852,4877.532158310001,1557196.9777291045,0.3890352987629699
13312.536335066852,4877.532158310001,1603500.9038121956,0.3829107423747944
13312.536335066852,4877.532158310001,1633296.0411149065,0.35922862519086945
13312.536335066852,4877.532158310001,1644551.0775136559,0.3434205057696863
13338.49385167375,4877.532158310001,1666602.3237779778,0.29972590514090347
13338.49385167375,4877.532158310001,1710486.2656285323,0.28585583774947926
13338.49385167375,4877.532158310001,1735253.033654967,0.2572898955221024
13369.46877067375,4877.532158310001,1767645.2911748942,0.22248447456582013
13369.46877067375,4877.532158310001,1785944.4314139625,0.19307054607124188
13398.4734662492,4877.532158310001,1812844.434981985,0.1600381939518884
13538.484208027548,4877.532158310001,1840854.292366349,0.1286523932031201
13712.00092603585,4877.532158310001,1860220.8011718853,0.09448307497183943
13861.372598897551,4877.532158310001,1864334.827054373,0.060399723445306634
14008.8784989011,4877.532158310001,1887543.2113317105,0.022724341749639047
14050.4500612463,4877.532158310001,1886280.3691213834,-0.018947000113505676
14101.64254943655,4877.532158310001,1881918.3060824,-0.04974820430265825
14193.2590852379,4877.532158310001,1868807.8710320676,-0.087627361892492
14275.2757689703,4877.532158310001,1872468.0402409404,-0.1212813955390056
14319.0747561584,4877.532158310001,1858397.711973294,-0.15531917295988143
14319.0747561584,4877.532158310001,1851247.3402519447,-0.1740513350579965
14319.0747561584,4877.532158310001,1825853.9765126142,-0.20474930543336126
14378.55965684235,4877.532158310001,1801778.318014875,-0.2413061298815223
14423.3353087419,4877.532158310001,1787175.5981794382,-0.2768417624875193
14447.919687519501,4877.532158310001,1779946.6815308705,-0.3185826000537107
14447.919687519501,4877.532158310001,1731467.136925787,-0.3399917793714792
14447.919687519501,4877.532158310001,1709405.585559062,-0.36382300368088605
14447.919687519501,4877.532158310001,1688889.2165181788,-0.38755386877745124
14447.919687519501,4877.532158310001,1646419.9625923673,-0.4213810055986664
14447.919687519501,4877.532158310001,1619703.7588528271,-0.4405135537561537
14447.919687519501,4877.532158310001,1569339.9957833367,-0.4567469756701083
14452.10881544615,4877.532158310001,1521202.536422725,-0.4907091623649039
14452.10881544615,4877.532158310001,1482571.1294117556,-0.49396357391363216
14452.10881544615,4877.532158310001,1432241.3833108617,-0.49049752892029896
14452.10881544615,4877.532158310001,1413218.995145223,-0.503642542833972
14452.10881544615,4877.532158310001,1382104.5385767773,-0.4983164499326533
14452.10881544615,4877.532158310001,1332875.0288894281,-0.4994629520231398
14452.10881544615,4750.0879359146,1279723.7860853977,-0.4494084674521225
14452.10881544615,4750.0879359146,1244345.4966392033,-0.4436094167726323
14452.10881544615,4750.0879359146,1199801.2277500636,-0.4137891662479002
14452.10881544615,4750.0879359146,1162308.4390839126,-0.3903235873193557
14452.10881544615,4750.0879359146,1115696.6924245756,-0.3797567850469771
14452.10881544615,4562.086803437602,1047428.2400857855,-0.3064625218030383
14452.10881544615,4562.086803437602,1014187.9918537259,-0.3102443898328121
14452.10881544615,4562.086803437602,981637.619841166,-0.2996935419351308
14452.10881544615,4562.086803437602,959560.891378703,-0.2867873020841244
14452.10881544615,4562.086803437602,927268.3318355526,-0.23698722004259426
14452.10881544615,4126.953926392001,871099.317308823,-0.1245058894757795
14452.10881544615,4126.953926392001,870090.5051027627,-0.12455281816125108
14452.10881544615,4126.953926392001,870770.4888353037,-0.12489475420167094
14452.10881544615,4126.953926392001,864821.238263778,-0.11333973384772017
14452.10881544615,4119.860687915301,825205.2730242255,-0.049731665054911764
14452.10881544615,4119.860687915301,819086.5062806709,-0.03985818906075717
14452.10881544615,4119.860687915301,821285.1895646002,-0.04344247734586881
14452.10881544615,3689.192531541601,784797.9074065147,0.03534535482373571
14452.10881544615,3689.192531541601,778660.4801008259,0.04320131020866624
14452.10881544615,3689.192531541601,768667.0979190775,0.04199747998922827
14452.10881544615,3689.192531541601,777712.021036678,0.04809493108793417
14452.10881544615,3689.192531541601,759133.5771160921,0.053307412324907065
14447.919687519501,3689.192531541601,763495.2361327546,0.07359905893795614
14447.919687519501,3689.192531541601,766513.7440071453,0.08156473171278956
14447.919687519501,3689.192531541601,766630.3912721555,0.08165473653175896
14447.919687519501,3689.192531541601,761241.0010829056,0.06563932086658576
14447.919687519501,3689.192531541601,764600.7864916524,0.07313853961126414
14436.4218983806,3689.192531541601,769013.1878485333,0.09547668595932554
14415.9327692231,3689.192531541601,768919.3711342165,0.11324475787219307
14415.9327692231,3689.192531541601,769038.028461003,0.11467485874281745
14436.4218983806,3689.192531541601,771174.8227315746,0.08220853378977601
14415.9327692231,3689.192531541601,769525.0451375076,0.09971045423709049
14415.9327692231,3689.192531541601,768213.8092798283,0.10447551159150072
14436.4218983806,3689.192531541601,768283.4528697208,0.09912336198282523
14447.919687519501,3689.192531541601,774425.603888864,0.07161892081344698
14447.919687519501,3689.192531541601,776226.1025933301,0.06497129148126335
14447.919687519501,3689.192531541601,777239.1042530484,0.06311894507949105
14447.919687519501,3689.192531541601,779125.9571167935,0.058263100475616135
14447.919687519501,3689.192531541601,779366.8877035182,0.05619831316467767
14447.919687519501,3689.192531541601,780347.2551444942,0.05232814977365676
14447.919687519501,3689.192531541601,779621.6013215784,0.05213516376691367
14447.919687519501,3689.192531541601,770981.252216452,0.05863626039238952
14447.919687519501,3689.192531541601,782648.990777006,0.07024746424949391
14447.919687519501,3689.192531541601,781794.7146744595,0.07177313004237526
14447.919687519501,3689.192531541601,778938.8083347131,0.07372158060420216
14447.919687519501,3689.192531541601,782480.2490009507,0.06928423216549098
14447.919687519501,3689.192531541601,782517.3193649075,0.0693386575897009
14447.919687519501,3689.192531541601,815472.3056633841,0.09718704166339853
14447.919687519501,3689.192531541601,813733.3319510011,0.09743461890730686
14447.919687519501,3689.192531541601,823814.385335657,0.10563556684359739
14447.919687519501,3689.192531541601,844629.3017525502,0.1259238601536941
14447.919687519501,3607.7191449582006,813148.7533898331,0.06495148588267995
14447.919687519501,3435.722564715601,801804.3789492679,0.034310296664154895
14447.919687519501,3435.722564715601,825180.5219029338,0.06870785374342883
14447.919687519501,3927.9913814009014,862376.0655190689,0.15706572307686356
14447.919687519501,3927.9913814009014,896840.7609701989,0.22207101336602056
14447.919687519501,3927.9913814009014,903456.6498743114,0.22780396419489252
14447.919687519501,3927.9913814009014,913754.5225387133,0.23784065982749134
14447.919687519501,3927.9913814009014,940918.2356095165,0.2553314501354881
14447.919687519501,3927.9913814009014,958627.4585808868,0.2373688400308021
14447.919687519501,3927.9913814009014,981854.6379958731,0.24703912320043395
14447.919687519501,4159.989041986402,1030521.2439966528,0.32132183124822083
14447.919687519501,4159.989041986402,1068568.626454621,0.33746771175774276
14447.919687519501,4190.225876447599,1122676.7050586026,0.39121469788493807
14447.919687519501,4223.243630009198,1184831.8990051786,0.42457001384538523
14447.919687519501,4223.243630009198,1215662.746333584,0.4250406413812256
14447.919687519501,4223.243630009198,1250298.4202194943,0.42890092551742603
14447.919687519501,4655.2237004585,1333106.1028947993,0.485691103327977
14447.919687519501,4655.2237004585,1374802.085574185,0.46352187502342374
14447.919687519501,4655.2237004585,1417250.9324366804,0.4674600593392293
14447.919687519501,4655.2237004585,1481992.1052605296,0.4698804596175071
14454.919852174651,4655.2237004585,1522553.3080190504,0.43693430282654105
14454.919852174651,4655.2237004585,1565981.2308891574,0.4091073442884223
14454.919852174651,4655.2237004585,1588474.1229281153,0.3820239323955555
14478.0018762443,4655.2237004585,1660133.9408678098,0.37338773120439117
14569.28682104595,4655.2237004585,1677244.8939830125,0.3292354728673798
14640.4063066318,4655.2237004585,1691088.751693088,0.2894299624084247
14681.820317273101,4655.2237004585,1712398.370165863,0.25410791144090256
14785.763900094102,4655.2237004585,1765158.5291136873,0.23139654666790718
14785.763900094102,4655.2237004585,1773173.0861596821,0.21258478202447437
14863.609357110301,4655.2237004585,1785613.8150461128,0.17080954650348534
14893.5480185039,4655.2237004585,1783109.0056504516,0.13218805218864374
14938.357124829501,4655.2237004585,1780073.6875969244,0.09340383731470434
14979.9436171308,4655.2237004585,1793229.4486345616,0.059099103731164185
14992.51100615365,4655.2237004585,1793220.583800257,0.015690481046076753
15012.85267453235,4655.2237004585,1808968.0071492626,-0.025111866617688498
15065.628169783151,4655.2237004585,1814119.2096573873,-0.05077856795944427
15137.04921620745,4655.2237004585,1793280.6486872432,-0.09092235175649399
15137.04921620745,4655.2237004585,1765434.651590497,-0.10662853957786532
15189.0895156849,4655.2237004585,1744442.0015063318,-0.1453487708335221
15253.113507819198,4655.2237004585,1712575.7332075331,-0.1800357912044781
15339.28234485055,4655.2237004585,1693228.3775097427,-0.21930766322410733
