2272.8730998247697,6663.708355154264,2396204.340414146,1.0138719450398288
2279.81994988011,6717.83851330722,2435144.8966389797,1.031565625100111
2281.48636344437,6717.83851330722,2469261.5915283156,1.0302850050144676
2297.92061391291,6717.83851330722,2501208.0787679646,1.026194507117915
2306.47518556937,6717.83851330722,2533692.0114776287,1.0256932030060586
2335.84782770326,6534.030974619323,2562513.872808402,1.0352331798901133
2340.0277274261102,6346.237838935947,2585583.06403157,1.0351534962713635
2372.87047468678,6315.528908604705,2627705.3441283237,1.0380952052232748
2376.14935712875,6272.669665604622,2661302.5049505956,1.0327684286134424
2390.9323326971203,6272.669665604622,2687545.0879350877,1.014164460233874
2402.43162206812,6272.669665604622,2718393.779668687,1.0015399700743393
2402.6173368743,6300.476764381022,2759596.6853003385,0.9994960492127827
2406.69927084978,6072.696553034938,2784579.1162902988,0.9910229322958716
2417.15561785002,6011.339260974142,2817931.0791497384,0.9802339313184119
2421.79215983532,5970.258298341842,2852170.1590470127,0.9687341269798202
2423.1617542089703,5939.21069007458,2877037.1035288395,0.9540564276212995
2427.74503044297,5939.21069007458,2915772.6036005057,0.9405037397066074
2432.31199047896,5885.714086693601,2950136.2453409997,0.9285830564176116
2444.74487017924,5963.418134680931,2997387.587333248,0.9163142515470474
2447.00151541667,5712.706563454721,3033770.736933648,0.9045157499164851
2479.03438017377,5712.706563454721,3067811.9454461187,0.8882425828807698
2482.3295553062303,5712.706563454721,3102504.5227822443,0.8704081847237171
2484.0277239835,5712.706563454721,3139985.169823794,0.8535316235681855
2490.60187987595,5712.706563454721,3170957.35492393,0.833838141963974
2529.48335812296,5712.706563454721,3204413.6360593145,0.8158547997219076
2533.7365912876103,5712.706563454721,3240310.2629953893,0.7974395563368263
2534.0536535815,5712.706563454721,3278242.6066421387,0.7787799309761323
2541.5505633482503,5712.706563454721,3302332.561625743,0.7597099821341375
2559.0973986345,5712.706563454721,3337678.327313782,0.7437409049117052
2560.19018594583,5712.706563454721,3372005.120875111,0.7254035661673269
2561.8467834082003,5715.892323838661,3414881.799488026,0.7096216826018749
2569.7351838461605,5715.892323838661,3433958.9923411612,0.6899050485535649
2576.08917065863,5715.892323838661,3458729.610271138,0.6705652142068823
2579.87029047492,5715.892323838661,3477321.7996030245,0.6510258904936245
2598.14367342374,5715.892323838661,3504458.1387178125,0.6316730304488494
2603.3987498768,5715.892323838661,3535259.2739967653,0.6128899684703506
2603.8353782430104,5715.892323838661,3571899.0864417604,0.5953306260859248
2604.5841430982896,5715.892323838661,3594252.5506076883,0.5762703082706969
2614.53245853117,5715.892323838661,3616309.991150165,0.5574277501171713
2621.3820285000897,5715.892323838661,3638294.1864272314,0.5385920501764895
2628.00322395256,5715.892323838661,3667750.8665174823,0.5208504870852463
2630.6665834897603,5715.892323838661,3692236.8419352025,0.5025385830611115
2633.75865122452,5715.892323838661,3718847.1817694777,0.4846311332563986
2645.4716086490303,5715.892323838661,3736637.645969032,0.4661775246253869
2648.81002857356,5715.892323838661,3747704.0960378046,0.4479392517366717
2668.23329091875,5715.892323838661,3768641.889059578,0.4299520310897534
2677.36082605094,5715.892323838661,3779265.9221601803,0.411862310733158
2682.87818287755,5715.892323838661,3801758.479723531,0.39473721367566234
2694.07471117564,5715.892323838661,3822442.437605505,0.3775345471303186
2748.28287022148,5715.892323838661,3839638.868405048,0.35994683014519624
2810.29733416704,5715.892323838661,3862536.8421202973,0.3429718838460287
2872.80137859531,5715.892323838661,3875659.5556757147,0.3255837471416225
2872.80137859531,5715.892323838661,3889298.5884040934,0.3104381319062224
2874.6993477717306,5715.892323838661,3901014.5851847255,0.2930952475688388
2875.22064354464,5715.892323838661,3912584.3436006852,0.27621283838975164
2884.5826823814,5715.892323838661,3927062.877489321,0.25947637283343783
2887.96652900778,5715.892323838661,3945172.164308414,0.24308686708228402
3106.2140618924604,5715.892323838661,3949618.8559990083,0.2272008604355128
3172.1732372832003,5715.892323838661,3952971.505304434,0.21011176588894204
3197.21040033188,5715.892323838661,3959008.399934279,0.19318776959279976
3203.25003552651,5715.892323838661,3969550.8158097602,0.17694308642362958
3230.3861775457,5715.892323838661,3974808.314240689,0.16099421275106923
3420.6143421764,5715.892323838661,3980414.0584016964,0.14430075823499006
3423.63937733542,5715.892323838661,3987198.548072168,0.12802991350063433
3456.04145635034,5715.892323838661,3990419.9880476333,0.11163925005917798
3752.64110851418,5715.892323838661,3995115.511148743,0.09585574710006156
3764.1212653799394,5715.892323838661,3999699.166703936,0.07896733264259102
3804.399664500461,5715.892323838661,4005515.563757718,0.0630379302669309
3823.16535405543,5715.892323838661,4014293.187687611,0.04682301828579388
3867.23760118899,5715.892323838661,4015439.798261815,0.031171317958142854
3934.21076753488,5715.892323838661,4013544.140741128,0.01610496217962518
4105.05974077702,5715.892323838661,4013569.9451330286,0.0006508345672815444
4176.8571936063,5715.892323838661,4011806.9630360715,-0.015468124870465456
4206.93056830006,5715.892323838661,4009943.1917482377,-0.03119896561185032
4250.97000063134,5715.892323838661,4009005.4201028203,-0.04643752015640932
4309.32844555566,5715.892323838661,4006102.8656823523,-0.06064140424790506
4562.1358120047,5715.892323838661,4001801.6311358665,-0.07596793279277375
4570.71812682047,5715.892323838661,3995549.1139343902,-0.0912392868922727
4576.31650755785,5715.892323838661,3989323.1892502885,-0.10763607824762597
4582.44992527243,5715.892323838661,3980710.7068438083,-0.12416948985662607
4617.11363422712,5715.892323838661,3976369.0395662826,-0.14106701845097933
4630.44342004427,5715.892323838661,3972724.3777898154,-0.15639763232598508
4669.5237156925705,5715.892323838661,3970069.0343786096,-0.17268514429839818
4787.73098023604,5715.892323838661,3960577.8451514165,-0.18873842489598264
5081.633355077151,5715.892323838661,3947826.251642764,-0.2042011693000127
5084.50422810738,5715.892323838661,3938188.30419464,-0.2209501665319293
5147.222415570829,5715.892323838661,3930290.2118383134,-0.23683004166066865
5179.12066874383,5715.892323838661,3917076.58020699,-0.25303050201986954
5237.33535750326,5715.892323838661,3908231.6213304834,-0.2689068225918501
5257.35067733322,5715.892323838661,3900767.656731233,-0.28600947249565134
5262.79754796574,5715.892323838661,3895872.7734161518,-0.3030876264670781
5274.12391486666,5715.892323838661,3881271.097950913,-0.3205631416325196
5299.8368934889,5715.892323838661,3866361.302660722,-0.3376279408043702
5350.64648362065,5715.892323838661,3845398.7497227974,-0.3541799557543894
5370.72614382309,5715.892323838661,3832157.771733506,-0.3716541349019625
5381.58963425633,5715.892323838661,3818441.707437986,-0.3895504085778893
5390.47593988356,5715.892323838661,3801705.5493223416,-0.4074920212969226
5395.90605421808,5715.892323838661,3789568.9655461614,-0.4252630661074547
5402.31803310761,5715.892323838661,3771946.2059809323,-0.4433241084859683
5414.8184954014505,5715.892323838661,3754430.935005458,-0.4610955851501497
5425.121600041311,5715.892323838661,3738058.3932681703,-0.4794827328566787
5437.33080392764,5715.892323838661,3713516.1819139016,-0.4976297015989174
5453.00224451715,5715.892323838661,3688886.465414417,-0.5159350076225565
5454.74446942126,5715.892323838661,3665809.0216213376,-0.5345210575167152
5456.033136796311,5715.892323838661,3634650.3926819963,-0.5523687640116194
5481.45180790911,5715.892323838661,3611585.1048615505,-0.5712645032334062
5506.15894816942,5715.892323838661,3582255.6331824563,-0.589329187012612
5512.6743586515695,5715.892323838661,3563636.5596939614,-0.6086899430225038
5541.9663703264205,5715.892323838661,3534782.1694479315,-0.6274773380313927
5544.257254421379,5715.892323838661,3514689.099327379,-0.6471419672639186
5549.86899039535,5715.892323838661,3488497.5417447947,-0.6655008724396336
5552.302734471021,5715.892323838661,3455092.323934141,-0.6839223608176727
5564.112304299029,5715.892323838661,3426617.188650056,-0.7030820839587677
5567.76016464921,5715.892323838661,3397280.1141173667,-0.722266733542481
5595.61173922928,5715.892323838661,3355559.8073507445,-0.7398283397517191
5596.9969618571495,5715.892323838661,3329571.366373432,-0.759700362378771
5613.07926516582,5715.892323838661,3295683.924180532,-0.7762252331484065
5615.477786638729,5715.892323838661,3266549.167664405,-0.7950188539719671
5625.68859206178,5715.892323838661,3232854.5023854175,-0.8150956192687957
5633.2588900151,5715.892323838661,3200803.746170872,-0.8337115742539388
5664.079888587329,5715.892323838661,3168392.1129012485,-0.851189797662581
5681.88666400348,5715.892323838661,3135442.349777188,-0.8695458777915125
5691.2352295499095,5715.892323838661,3097668.232946766,-0.8843243746751138
5692.774687437261,5715.892323838661,3058114.7574390927,-0.9004953473916328
5724.92163860041,5715.892323838661,3013890.6021080515,-0.9166783114511637
5733.27777775521,5766.0824434143005,2989804.989083132,-0.9333765525149843
5757.79053251709,5766.0824434143005,2963717.7595976805,-0.9505042115083756
5768.9850325834805,5850.678719537659,2931865.655462413,-0.9648311054023603
5774.501295672359,5956.69452044973,2892913.634881404,-0.9738625535873044
5784.0780672452,5956.69452044973,2858239.5699725305,-0.986824368360105
5787.1420459418505,5956.69452044973,2826234.6377895563,-1.0054835188212146
5794.764893874029,5969.21941853888,2788761.905854062,-1.0157802974769958
5809.44940546235,5969.21941853888,2753003.865901881,-1.0322180279019983
5821.37036636828,5973.39238918055,2710557.9091282366,-1.0408223664192882
5823.22982104668,6322.160351813449,2683823.169269419,-1.0467717466868924
5823.638049135649,6322.160351813449,2637858.746327956,-1.0562772124812596
5828.3258590341,6256.756212637819,2596925.9012680626,-1.0570488665497197
5832.20049747687,6225.683448027548,2555364.4081451558,-1.0596291741418986
5838.97990739074,6242.964760921531,2515927.1467012684,-1.0592415258993038
5840.41790564462,6508.42740289899,2481962.8963998463,-1.050001277774924
5847.250646663289,6508.42740289899,2456390.0297410367,-1.0467696580967483
5850.57868683572,6704.115133692721,2431204.5782714346,-1.0342639782375929
5850.60051012797,6704.115133692721,2394062.5397076085,-1.031300695494202
5852.96963132719,6666.976755791901,2353853.1148630506,-1.0213124571726946
5854.70071213886,6634.872797165871,2315297.090093036,-1.0081408729971242
5867.72937612626,6634.872797165871,2281787.8949025734,-0.989384534075126
5879.91162575578,6557.150255716141,2243146.6068865815,-0.9708806829354489
5888.27263205864,6559.689550763311,2210437.4534986434,-0.9516012468217842
5890.28340037746,6597.5745596105,2183649.631468579,-0.9348741923893499
5893.601746701329,6924.2835610844795,2154920.2130920766,-0.8943236990240159
5897.45546423671,6980.616203225771,2143030.0126306135,-0.8648279750311958
5915.10224581285,6849.6547555158295,2117315.515117008,-0.8136409777973449
5923.935965080849,7238.742057690599,2109825.7001559353,-0.7491158542262398
5946.413750158989,7238.742057690599,2102655.2967657843,-0.7219611800758154
5976.77095893749,7238.742057690599,2092975.6647241232,-0.6782662314715048
5978.37144439907,7550.27956263237,2092391.1981765856,-0.5977461411934756
5990.38028917072,7323.92849159276,2074008.066079783,-0.5387445169507324
5994.37938039802,7323.92849159276,2062436.156014379,-0.4929433030730307
5996.127400469611,7323.92849159276,2044221.6677427073,-0.44790679065300637
6003.154288291539,7250.74560574118,2027369.14264022,-0.39424074237913515
6007.7779195968005,7250.74560574118,2010391.769582401,-0.35228612377558904
6016.2758911254,7002.476831774869,1990662.013603613,-0.30081099311373927
6033.939439555129,7002.476831774869,1995678.7824662281,-0.26069392728697593
6037.779170553161,7002.476831774869,2001122.3877406104,-0.20803107956234557
6049.8100738966,7002.476831774869,2001675.2194781275,-0.1514715964410803
6051.02547002119,7002.476831774869,2001009.359137284,-0.09781856006460903
6051.0352824849,6922.9596036729,1987241.2698193453,-0.04385796111390841
6056.36718965665,7145.858765388461,1996500.0760368586,0.018793323347184386
6118.43329116712,7161.75864293451,1999282.6323329576,0.08911430251687238
6119.94819533572,7303.420279379069,2006732.0877408388,0.1760436827104276
6121.28814131739,7303.420279379069,2011389.1111904718,0.20925259697467932
6123.8103298982105,7124.693611959399,2011147.5211861068,0.27615724434851974
6126.097825744389,7301.90948298609,2028247.1757184041,0.3531997444735347
6131.36124999819,7301.90948298609,2034984.3492154446,0.41662419867214073
6154.4777080323,7311.772707605721,2049045.663394583,0.4915063238246298
6173.54246215051,7311.772707605721,2067700.2508852528,0.5427625919621905
6175.659692487409,7093.5251747210405,2073721.3020690053,0.6082253500027478
6177.99714717339,7136.33552881584,2093005.1749106667,0.6636302619125712
6207.09290861272,7136.33552881584,2095876.3922298814,0.703809561389703
6223.253400639561,6821.9352485319005,2103989.0100270268,0.7574453810959063
6223.54532699364,6883.3087414917,2125977.0316582387,0.8015676586482978
6226.09428543778,7025.450793370959,2152004.1311097625,0.8499771314282468
6251.90964266986,6728.851141207119,2174727.90837665,0.8923410604505252
6261.36356066756,6728.851141207119,2202502.9196947115,0.9160247993858106
6267.851504668879,6793.36571832692,2235242.43931764,0.9447523015799554
6285.96235492977,6781.88556146116,2259114.067991804,0.9689116904227726
6287.361652935,6781.88556146116,2278567.4963747277,0.9841981368406866
6308.61968652086,6611.79605930622,2301220.6036876263,1.0074825447343225
6315.208419014351,6440.9470860640795,2326451.897291294,1.0236132085973053
6316.04901590655,6440.9470860640795,2361370.435741071,1.0314757296482386
6318.30883611619,6369.1496332348,2387853.2823492046,1.0404008284186084
6328.98019936115,6463.0497096572,2422143.9104159605,1.0496655440828955
6331.32831083293,6752.628309149301,2473382.3901698194,1.0538533230587668
6340.2599336999,6620.15705719994,2491041.3769365204,1.0558121354741608
6351.77046317245,6620.15705719994,2529944.816681176,1.054274583731029
6356.944568412529,6620.15705719994,2564527.6412837943,1.0442802820031496
6357.950480398361,6358.76737593513,2589188.1763168285,1.044890468200177
6365.554398056899,6358.76737593513,2612117.554821934,1.0366349215555983
6365.743790926851,6353.1689951977505,2642660.1331625357,1.031858055151116
6382.256240133101,6353.1689951977505,2676656.234262087,1.0274383131810476
6386.71226458852,6259.96178706303,2698701.187779241,1.0200798732274448
6388.07020862108,5940.92212200695,2741552.1720365565,1.0189719022902672
6395.1318039274,5940.92212200695,2775869.1604688605,1.003171487872549
6422.361353379871,5938.051248976721,2800096.069666601,0.9863109774681003
6422.952228478211,5938.051248976721,2836713.7892099293,0.9714973383120011
6425.98280132684,6030.35230566252,2890571.169172182,0.9606678018817219
6430.71308673662,5877.52117626664,2933428.9312040005,0.9502640633719299
6471.582732805639,5877.52117626664,2977876.2517515514,0.9357945314050556
6488.31331590475,5877.52117626664,3016485.638025691,0.9210921674458371
6508.60027418494,5857.50585643668,3051545.4308833824,0.9059676897012396
6530.610825524461,5857.50585643668,3085681.9737429773,0.8869515747094449
6539.571081924621,5857.50585643668,3111511.963919271,0.8678037016926858
6570.72662686885,5857.50585643668,3130265.474956235,0.8497282725119023
6578.95094440723,5857.50585643668,3156456.323228178,0.8307745685762965
6592.032290757371,5857.50585643668,3184009.259097122,0.8099239627897977
6598.172491197691,5857.50585643668,3214303.9895596984,0.7897522064321927
6603.13943609591,5857.50585643668,3245728.5298623373,0.7736078628556023
6629.255513546949,5857.50585643668,3272852.0193440733,0.754028810192117
6629.27418097199,5857.50585643668,3298311.2535124854,0.7337533953354041
6631.83608081359,5857.50585643668,3319248.4014835376,0.7154702141835098
6633.92631056327,5857.50585643668,3344131.232028449,0.6952840092510224
6639.8201649864095,5857.50585643668,3375944.4331413913,0.6773197912062032
6647.70182040527,5857.50585643668,3398164.632625078,0.6575393652472973
6650.02611694724,5857.50585643668,3424870.815342342,0.6385323287065927
6653.542534969921,5857.50585643668,3458236.7569330125,0.620138784433387
6665.86133886907,5857.50585643668,3486782.2818213026,0.6026343450658914
6679.30375565587,5857.50585643668,3521446.6476564957,0.585358291191221
6690.543541427181,5857.50585643668,3536247.23005966,0.5663282605385267
6703.95926257259,5857.50585643668,3565642.925532545,0.5481730893865383
6716.4838341186405,5857.50585643668,3590930.1407247707,0.5302082089122404
6716.54251345016,5857.50585643668,3609240.0800002893,0.5116794352061552
6717.01060523286,5857.50585643668,3637615.4679978145,0.4939609859856289
6717.81753399672,5857.50585643668,3655985.137761865,0.4755030414446004
6743.960158615021,5857.50585643668,3682255.2990070716,0.45816027242996715
6783.02675382328,5857.50585643668,3699310.49091472,0.43987699894187177
6813.51578811648,5857.50585643668,3717284.299312401,0.42206606823908455
6815.79235629362,5857.50585643668,3744429.654730525,0.4055011394395481
6869.62792824179,5857.50585643668,3760378.7465761714,0.38768444607566843
6873.881415378791,5857.50585643668,3774617.991859776,0.3698664668091025
6888.362851666579,5857.50585643668,3792777.196501316,0.3523803453089563
6901.68851415519,5857.50585643668,3812311.2056883597,0.3353325763494054
6979.392562142521,5857.50585643668,3821088.7579884883,0.31793815533684666
6982.57832252646,5857.50585643668,3841828.9940914065,0.3018484540491457
7003.22723768109,5857.50585643668,3852442.9152388247,0.2850007594199278
7014.374378469301,5857.50585643668,3854154.054376292,0.2678473534564641
7032.7684421021,5857.50585643668,3855874.5780283543,0.25165820034906616
7117.364718225459,5857.50585643668,3868827.6479434418,0.2360037302862088
7174.571199959391,5857.50585643668,3877485.8079441036,0.21894807617597795
7193.987086964709,5857.50585643668,3884182.7663756665,0.2026495399108483
7273.646357413109,5857.50585643668,3896773.8044611383,0.18607851661212682
7286.17125550226,5857.50585643668,3902502.2451173523,0.16901858543590995
7290.3442261439295,5857.50585643668,3910738.1384898378,0.15302305040732456
7538.98236384,5857.50585643668,3923680.1838042694,0.1367992415178606
7609.047931927109,5857.50585643668,3928827.984928211,0.12274478486135743
7639.112188776829,5857.50585643668,3936695.3919287967,0.10722731612286798
7664.545079748671,5857.50585643668,3943540.9621019387,0.0909999140065468
7775.351477775959,5857.50585643668,3944263.0802132017,0.07551616567842515
7893.49645373558,5857.50585643668,3947786.8146067197,0.06005850154366965
7943.656898188449,5857.50585643668,3947558.253537456,0.04381302829125073
7975.65225398259,5857.50585643668,3948165.45511228,0.0282164127360117
7983.168441721779,5857.50585643668,3950013.748571198,0.012508086906955729
8071.530185032909,5857.50585643668,3951114.586516927,-0.0029754942328231435
8170.39474868114,5857.50585643668,3945559.4390173918,-0.018779657826131772
8171.339984776321,5857.50585643668,3949783.1899810843,-0.03410819000636381
8173.879279823491,5857.50585643668,3948385.252678501,-0.04930541696408051
8211.76428867068,5857.50585643668,3950232.495481135,-0.06321275426881355
8580.53565812685,5857.50585643668,3942557.4395894986,-0.07981759781190315
8636.868300268141,5857.50585643668,3941356.8545185034,-0.09661197746482872
8696.30384154558,5857.50585643668,3927947.46289651,-0.11181884568202613
8773.70417330936,5857.50585643668,3921888.3133799084,-0.12814028752419065
8853.126954299409,5857.50585643668,3917722.469299983,-0.1443551796500434
8866.103513736129,5857.50585643668,3915783.3114158786,-0.15971940609137153
8926.92408387626,5857.50585643668,3913619.2252759864,-0.17680672587858623
8936.08668673731,5857.50585643668,3904478.5457601617,-0.19386708439986758
8975.662763075301,5857.50585643668,3893513.930299295,-0.2100704364834969
9009.73114574418,5857.50585643668,3884613.270350722,-0.22603983234295685
9032.264591292142,5857.50585643668,3876956.515000474,-0.24300188210199475
9173.26888213933,5857.50585643668,3872332.500325899,-0.2596761422616234
9179.23692774177,5857.50585643668,3861087.5428974275,-0.27684858306664356
9218.96130386576,5857.50585643668,3841169.203615988,-0.29337381774068894
9256.31811264613,5857.50585643668,3832245.7464294424,-0.3104320702923368
9385.93992081632,5857.50585643668,3813795.0990274237,-0.3275103491580169
9396.08204372655,5857.50585643668,3805491.2183235674,-0.3451680596448752
9416.320372580642,5857.50585643668,3790079.5852656863,-0.3620918840195288
9421.15851779459,5857.50585643668,3775149.7543093003,-0.37962208304933165
9475.727624895451,5857.50585643668,3762269.9351353496,-0.3964809281190537
9482.1131770703,5857.50585643668,3741699.6474675597,-0.413790620307534
9484.8063870811,5857.50585643668,3717558.259577994,-0.431320157703423
9488.52716525416,5857.50585643668,3697917.456487936,-0.44928246336907246
9491.79714454686,5857.50585643668,3675745.78854591,-0.46721919391489825
9496.918368407629,5857.50585643668,3661100.7117628944,-0.48566296640504686
9509.98907107954,5857.50585643668,3646134.354685497,-0.5041401033182236
9512.357155614309,5857.50585643668,3618449.869998992,-0.521589831625503
9515.09101034979,5857.50585643668,3592186.142461966,-0.5398554219038052
9521.31327863006,5857.50585643668,3567932.570628077,-0.5585484866753299
9526.37253607445,5857.50585643668,3542760.588933297,-0.5772255559811631
9538.06503955818,5857.50585643668,3517655.9450803474,-0.5953482354334496
9555.63942281304,5857.50585643668,3491121.0704916385,-0.6143934003858855
9591.12278104628,5857.50585643668,3469833.550928145,-0.6330637012592722
9595.14349777333,5857.50585643668,3439970.127052144,-0.6521206840436081
9623.38648505062,5857.50585643668,3410905.578125011,-0.6710987618110734
9626.82174672138,5857.50585643668,3383104.8074375424,-0.690617478825198
9638.50853644634,5857.50585643668,3356412.254838334,-0.7102159507227459
9662.195529491271,5857.50585643668,3335767.279705467,-0.7302248910963515
9662.49568114383,5857.50585643668,3299522.8716740264,-0.7494636581483745
9679.33818932013,5857.50585643668,3261192.4331420483,-0.7670050315688426
9684.56044981086,5857.50585643668,3226710.5473928847,-0.7855202324820652
9691.589322758273,5857.50585643668,3190730.845163827,-0.8051631672540064
9695.893188899008,5857.50585643668,3159738.3969885167,-0.822125770593702
9707.70554879666,5857.50585643668,3121473.895672639,-0.8406887337113065
9708.843821866529,5857.50585643668,3078766.5728630717,-0.8559931359110943
9720.47379359871,5857.50585643668,3042481.4725977075,-0.8711289638148673
9723.60542634271,5857.50585643668,3000823.4958477253,-0.8867074397919876
9733.75513678269,5857.50585643668,2970716.7561552767,-0.902059299717995
9736.25967752962,5857.50585643668,2938635.851008639,-0.9180976762702666
9742.7223015442,6001.70867352028,2917475.3911352996,-0.931862581885706
9745.46794118537,6001.70867352028,2878829.27540232,-0.9470551621760922
9746.43253800477,6001.70867352028,2845761.3643065514,-0.9647509473929416
9754.84009592567,6001.70867352028,2809512.387487827,-0.9757478957014727
9755.396988527107,5877.46971659717,2765027.7705120114,-0.9843029838494203
9765.44787556017,5877.46971659717,2731863.9320853837,-0.996834086840394
9766.66415332408,6060.676486575168,2696084.118728311,-1.0035297070598406
9775.38531719609,6122.89923491387,2658496.5315715414,-1.0078231449056116
9775.65945733465,6122.89923491387,2619833.013841341,-1.012364005949954
9800.92079258302,6282.051296651171,2594675.0186579013,-1.0177269344688933
9815.55098953543,6370.877188146769,2573120.9495174875,-1.022083933402067
9819.09025147435,6452.367389616569,2549254.0575659345,-1.0233312546498678
9827.64062190897,6544.3407289263705,2518929.3097071364,-1.0184581701882076
9843.78080196168,6460.02267456142,2484040.8098142757,-1.0054392889342654
9882.449170352042,6460.02267456142,2453134.5630200654,-1.0032269457347858
9887.84119413794,6460.02267456142,2426855.843354687,-1.0032932951345896
9888.39854652611,6460.02267456142,2396607.818872383,-1.0044510021961452
9888.48145264506,6460.02267456142,2368025.728227928,-0.9969017160892697
9907.47929191996,6460.02267456142,2336824.968090703,-0.9904595250359169
9909.12813269762,6610.932973145919,2305648.755745751,-0.9687203529849286
9910.74548644341,6610.932973145919,2280516.717111578,-0.9538277775892642
9920.22095799206,6610.932973145919,2252427.132537056,-0.9369429198471204
9921.50440816557,6610.932973145919,2223566.739670199,-0.9200295525144752
9964.52367313724,6814.16039304722,2198777.6109666917,-0.8917875729691346
9966.1855286277,6672.409007915051,2165999.183519294,-0.8594699356387832
9974.04178724108,6479.7711659253,2134907.9503718494,-0.8316456614206067
9997.49499055471,6479.7711659253,2112476.14611148,-0.8094354108959464
10012.0812458005,6911.089980682,2099177.040283287,-0.7598987105703949
10021.4614247692,6909.87458455741,2078038.4594653833,-0.7228158621671862
10051.154455925,6839.61191326121,2056558.3351346867,-0.6821254630958555
10061.7060293289,6839.61191326121,2047912.9935259006,-0.644374218489248
10074.8542788232,6839.61191326121,2031285.8028546632,-0.5984823843893665
10084.5594443105,6866.5462285821095,2018059.7592646412,-0.5504875686616199
10090.5566972434,6954.167614786708,2006333.333535556,-0.4983363102495624
10093.4044124987,6855.681899377721,1987844.501591804,-0.43753310292900865
10105.283691084,6855.681899377721,1973679.8741482988,-0.38568643275720355
10115.4085857257,7228.565593773518,1978296.9238770397,-0.3252653245634094
10116.190677857,7228.565593773518,1975260.2704602717,-0.266495756731148
10138.9977860294,6883.933252342448,1955395.264620637,-0.20081433097535972
10149.2245280404,7013.390200737732,1958375.5091477921,-0.12722112772824568
10153.9259830501,7013.390200737732,1951658.8243686038,-0.07973847903840366
10166.5463724733,7013.390200737732,1950044.6292782533,-0.015577829449651455
10174.7108615814,7013.390200737732,1955278.7065559006,0.042213314128984686
10176.5281827449,7013.390200737732,1953209.3169040298,0.10225089339308578
10178.1157220506,6931.641933894021,1954591.203575257,0.1810285291582074
10179.3885330926,6931.641933894021,1957197.9175655069,0.22798665265434684
10199.7392366135,7267.61631782682,1976500.2072246333,0.30342640162658724
10206.2790988362,7267.61631782682,1991612.6994755636,0.36275105192343504
10211.645422486,7397.89832431552,2018951.3371122137,0.427262122321665
10212.3433243651,7397.89832431552,2036769.68544725,0.48566402951517595
10212.4659549557,7271.886797512799,2032585.7940146218,0.5435514567071944
10215.8811347507,7271.886797512799,2052790.5615963263,0.5981415270682648
10226.5597523341,7092.27408901739,2063736.6237922246,0.6649087065551049
10238.2401737977,7180.02250608089,2085524.9728843856,0.721696040345077
10241.8890651711,7228.445413260091,2116151.203985287,0.7627678005514532
10242.5495907083,6883.4501363848,2130645.8869438567,0.8193019054809048
10246.80965875,6883.4501363848,2156743.0640132697,0.8570017392386088
10253.0117687479,6757.88742047613,2173145.691732584,0.8907436356850645
10258.6044660082,6886.332841100941,2205645.3204755806,0.9308039144030334
10268.7187968631,6886.332841100941,2224766.4479780635,0.9422179683525254
10272.3355551441,6886.332841100941,2242037.653131298,0.9545256739691285
10277.2750696906,6886.332841100941,2267207.3331011385,0.9616301421708037
10295.488519921,6768.18786514132,2295803.7172797453,0.9915782277785175
10303.9230836681,6678.5158771551205,2314301.2103119446,1.0080460431694238
10313.357034968,6590.154133843991,2338441.3890748024,1.023770336566572
10332.3690337814,6590.154133843991,2368947.83814316,1.034700907677881
10334.1787061151,6487.805039053409,2392954.1481117196,1.046423067561973
10356.9341487543,6449.92003020622,2409441.7061123787,1.0505049049886221
10362.0976564796,6250.82279550885,2445134.353821108,1.0635165552238468
10365.0764950925,6194.490153367558,2480050.9161663805,1.0614359780634106
10372.1840994657,6135.05461209012,2518922.410095882,1.0596780184168493
10372.7466061177,6135.05461209012,2556340.919138732,1.0530811526585047
10388.0235067012,6135.05461209012,2596636.0328961383,1.0388016731582597
10396.5448602951,5978.231499336291,2631413.868150378,1.0335015747464207
10401.650855798,5987.0301190974915,2673875.848177273,1.0257812136907527
10402.8633968626,5987.0301190974915,2710785.4785069544,1.0063302417747546
10407.6404803741,5987.0301190974915,2741813.814403778,0.9922400398805573
10410.7134053344,6097.796139978091,2785247.8597847335,0.9845664639973399
10411.6459743361,6097.796139978091,2812509.7656364026,0.9732960293158743
10412.6822550895,6097.796139978091,2846554.881703462,0.9615045236758016
10412.9577645204,6014.83640754019,2868489.023481352,0.9497899055884396
10417.7681755204,5771.68616653573,2902660.4902464817,0.9403755208856155
10420.3376189835,5771.68616653573,2940165.7440599655,0.9268352503635934
10450.218922143,5771.68616653573,2974826.7887986256,0.9097692700739436
10452.550458334,5812.83393613193,3018898.0918142274,0.8960674891781112
10453.5452410194,5812.83393613193,3049574.0492070685,0.8787995999270634
10481.4922497213,5735.75275122757,3076453.5398615836,0.8640251243888545
10482.5292619583,5735.75275122757,3118308.6595434095,0.8471400280965726
10512.6915162292,5735.75275122757,3155537.7816646188,0.8290574309776217
10540.097792451,5735.75275122757,3197284.541000197,0.8106599909037636
10546.0068268411,5735.75275122757,3232283.764501668,0.796186517192644
10552.3568622399,5735.75275122757,3264751.840663484,0.7777130479164447
10567.916312181,5735.75275122757,3303710.0588703225,0.75873023270196
10571.4224191721,5735.75275122757,3331726.296881859,0.739010252052673
10577.4931580702,5735.75275122757,3367645.2545746122,0.7198957629732101
10582.8911269706,5735.75275122757,3397262.3435930316,0.7002699559763433
10639.9069032635,5735.75275122757,3433223.2511043116,0.6821771275874539
10642.6454672962,5735.75275122757,3463518.561119807,0.6628161543827784
10645.8630402294,5735.75275122757,3486651.993596313,0.6444233932768987
10669.9362740681,5735.75275122757,3512855.3858589213,0.6253161399887429
10670.750934713,5735.75275122757,3531721.123619845,0.6058631805337756
10683.8604400318,5735.75275122757,3555777.224212115,0.5868191255053887
10699.2450307496,5735.75275122757,3591876.7700265287,0.5694814862007442
10700.835094954,5735.75275122757,3619735.253644141,0.5510222513022074
10733.2025235565,5735.75275122757,3645657.1644059434,0.5326559871270404
10745.1443979114,5735.75275122757,3667711.2153513813,0.5140272746345298
10751.6597282093,5735.75275122757,3686390.6116400575,0.49542276847225997
10781.2207982841,5735.75275122757,3709341.355085798,0.47718596952147274
10811.8402283554,53267.52189446737,14630214.080015406,9.850449843787361
10850.9052211733,53267.52189446737,25454581.2802418,8.445571697961395
10874.3148289255,53267.52189446737,25458759.34825342,8.434368755152319
10907.9783941861,53267.52189446737,25461744.10800066,8.42477253723529
10907.9783941861,53267.52189446737,25469918.897231422,8.412986040318955
10908.4150263778,53267.52189446737,25470107.76142684,8.403209432204555
10940.1132872497,53267.52189446737,25470834.97035891,8.395086740369088
10970.3936704844,53267.52189446737,25474710.652859744,8.383904221660476
10999.2409868735,53267.52189446737,25478642.380158383,8.372755791300612
11022.5554770841,53267.52189446737,25474506.436865084,8.365667927226646
11114.8565337699,53267.52189446737,25475251.805206574,8.356784520921181
11183.1070383591,53267.52189446737,25480167.32922782,8.345733285146718
11226.319132351102,53267.52189446737,25473819.303482965,8.34036471287929
11227.1440532139,53267.52189446737,25475066.797002424,8.332942799662442
11259.0593508535,53267.52189446737,25468334.317733336,8.328425858988693
11442.266120831498,53267.52189446737,25456451.2175962,8.325801060762172
11480.4714576107,53267.52189446737,25451402.181094345,8.320653736768797
11504.4888691702,53267.52189446737,25454430.83682556,8.312201459312016
11663.6409309075,53267.52189446737,25452261.484298687,8.306592789499994
11752.4668224031,53267.52189446737,25450216.89020307,8.30052458503228
11776.517503145,53267.52189446737,25447299.45883766,8.294517502153592
11833.9570238729,53267.52189446737,25439998.13875766,8.291203018782614
11849.7101164486,53267.52189446737,25435304.360912066,8.285049394148324
11859.2169405694,53267.52189446737,25426030.5613948,8.280773019051717
11925.9303631827,53267.52189446737,25407309.90182028,8.28227735044384
11969.445074301,53267.52189446737,25393816.06039374,8.28104948533501
12033.2845439928,53267.52189446737,25377666.650247745,8.280852059334796
12055.6344137907,53267.52189446737,25364610.193631485,8.279219742562145
12230.5215926492,53267.52189446737,25354099.3735212,8.27767303204705
12243.1936533421,53267.52189446737,25339011.415410858,8.277340534486513
12244.038099484,53267.52189446737,25322918.420048475,8.276715533373892
12292.8196371494,53267.52189446737,25308492.578553386,8.275394426472305
12377.7492450304,53267.52189446737,25288974.218530297,8.276630890584117
12415.2629472929,53267.52189446737,25277798.530255124,8.274703581088712
12437.4091782562,53267.52189446737,25256115.701542336,8.277474617209212
12496.0470570507,53267.52189446737,25239045.801049277,8.278386741393312
12686.713119433998,53267.52189446737,25226474.94843035,8.276601161010511
12735.5042978905,53267.52189446737,25213333.021615855,8.275821441944254
12889.8181815754,53267.52189446737,25200670.676718693,8.27540247264458
12899.5460386085,53267.52189446737,25177569.238830347,8.277604712895409
12960.9000545786,53267.52189446737,25160407.154087644,8.278880369535363
12987.8343698995,53267.52189446737,25139530.106092777,8.28057906131842
13049.0211538902,53267.52189446737,25118323.638493326,8.28279157039643
13075.455756104098,53267.52189446737,25102114.666799515,8.283197892879045
13081.7761848155,53267.52189446737,25076106.112425096,8.28795772776615
13160.1190489068,53267.52189446737,25056286.975887906,8.289505744138372
13217.5114620183,53267.52189446737,25029191.390334114,8.295526737927796
13356.6890497969,53267.52189446737,25000181.457741335,8.302000652282896
13363.7396439118,53267.52189446737,24979091.039474346,8.304804925342443
13397.4277772769,53267.52189446737,24950933.73550736,8.310291827103958
13454.659879211298,53267.52189446737,24921816.67504296,8.316232721152332
13462.4493652055,53267.52189446737,24895244.25450026,8.321337080875383
13496.9467459919,53267.52189446737,24868749.83889579,8.326412805510989
13501.4345768678,53267.52189446737,24833999.048884816,8.334606003082008
13512.3241427216,53267.52189446737,24806275.79323881,8.340419690457198
13512.3241427216,53267.52189446737,24767787.15014533,8.351756007063837
13519.43776341,53267.52189446737,24729564.726034462,8.361789040375525
13528.4971923098,53267.52189446737,24683898.44869067,8.374770582292959
13528.6125768598,53267.52189446737,24648989.15327529,8.382797277816517
13533.6849105604,53267.52189446737,24613334.6875256,8.391882928593374
13547.1506937363,53267.52189446737,24571824.716067724,8.403503313430647
13547.6325291442,53267.52189446737,24542098.94093399,8.408865778099706
13596.6781264396,53267.52189446737,24504689.63275256,8.418920514591413
13603.3141152832,53267.52189446737,24464504.4839258,8.429953684375716
13604.7155462168,53267.52189446737,24433148.801730476,8.436576992213704
13634.3148190776,53267.52189446737,24381341.317576002,8.453371527310875
13639.8783103859,53267.52189446737,24338949.94539836,8.46560868074464
13641.0457214575,53267.52189446737,24300601.818387344,8.475350594392285
13647.316511301002,53267.52189446737,24248777.027255893,8.49224732901932
13658.0805406144,53267.52189446737,24202533.99362942,8.505814966929979
13672.2938217309,53267.52189446737,24153640.249034826,8.521579840934761
13691.818011626,53267.52189446737,24100461.747620493,8.539904612439386
13696.9791780106,53267.52189446737,24054265.208218917,8.5533777854892
13702.2762358857,53267.52189446737,24004430.76359114,8.569062683332781
13705.7009789186,53267.52189446737,23949156.99594924,8.587658522501041
13719.778753915,53267.52189446737,23902558.340728223,8.60196500530997
13720.0593201379,53267.52189446737,23850820.99656742,8.618044937897194
13721.7567404393,53267.52189446737,23793468.31898418,8.638124619029732
13729.8385836248,53267.52189446737,23747077.560332887,8.651519224118084
13730.921506248898,53267.52189446737,23702620.714110866,8.665007211098898
13731.1841877087,53048.112382218045,23638267.00956432,8.688344735947618
13750.4551280202,53048.112382218045,23585972.116524562,8.705428563444602
13751.6818791751,53048.112382218045,23536647.232207377,8.720546556067184
13757.6372830586,53048.112382218045,23479014.980865426,8.74128966783321
13759.1607062579,53048.112382218045,23439884.680708557,8.751528932608533
13779.7999844008,53048.112382218045,23393442.583343796,8.76546386489679
13784.0027040019,53048.112382218045,23337567.546887092,8.784077915670514
13814.5375102721,53011.48285149919,23282747.485682484,8.801873441450887
13820.0047855606,53011.48285149919,23231626.721468616,8.818747546571872
13835.2330788559,53011.48285149919,23184962.501777712,8.832519368140456
13842.1126659211,53011.48285149919,23137027.256016552,8.846900054633382
13845.215017568898,53002.52672848344,23083061.520819046,8.86424884556013
13850.8582491906,53002.52672848344,23032594.499903508,8.880291058464774
13851.0059536261,53002.52672848344,22982612.132099237,8.895463407597903
13857.5097518694,53002.52672848344,22941564.03716902,8.906190243414462
13875.051101378,52997.467471039046,22882042.797062874,8.927435297318993
13876.1978876004,52997.467471039046,22831801.869304884,8.943071241420466
13889.5449771721,52968.20058430046,22773969.696213823,8.963180600561477
13909.0719442339,52832.250684355226,22717324.42694238,8.98261870545559
13940.6800575436,52832.250684355226,22670457.312856965,8.996164429265347
13944.5014093605,52832.250684355226,22617720.01657659,9.013699696936094
13944.6842726647,52832.250684355226,22564059.319400836,9.031783129295022
13969.2018069345,52832.250684355226,22524778.13907769,9.041524484847166
13984.4981543195,52832.250684355226,22482096.012129866,9.052605421680672
13985.9289591837,52832.250684355226,22452282.09337611,9.055776183316974
14008.3019557629,52832.250684355226,22403688.850067582,9.070345218664917
14046.7652626321,52832.250684355226,22361492.461377613,9.081100192949036
14053.973245796202,52832.250684355226,22315627.013788186,9.093761390210497
14057.239896243502,52832.250684355226,22279586.457499888,9.101584509233332
14060.3144171754,52832.250684355226,22225101.71539859,9.12075622387273
14061.9816265546,52832.250684355226,22189391.411043443,9.128593297857833
14067.0780985532,52832.250684355226,22144539.636464544,9.14125829260976
14068.5428939245,52832.250684355226,22105992.658912458,9.150214455918757
14079.6472735821,52511.758761312994,22037822.33055532,9.178461177808042
14079.8118725118,52511.758761312994,22006429.632164583,9.182645608723565
14085.9920323329,52511.758761312994,21971418.557816245,9.189569096050223
14102.123755665,52347.3118243686,21925341.83273043,9.203209666384149
14120.7231472231,52347.3118243686,21894042.742861986,9.207586871962507
14130.5999880655,52347.3118243686,21855839.91726675,9.216881264355083
14136.3999896964,52122.1891513155,21811691.879376166,9.229607588673453
14155.9791694934,52122.1891513155,21795506.225605283,9.224439539742301
14173.898565286,51877.976966884096,21772317.06178074,9.223145583994832
14175.6339644079,51824.59497636389,21750222.7684032,9.221614686647243
14192.1543109676,51824.59497636389,21734782.56093667,9.215960588366102
14203.2290169351,51649.52517818799,21702114.742526583,9.221830098545828
14207.0934250043,51649.52517818799,21692525.782034453,9.212399489371021
14214.9460101188,51649.52517818799,21681122.534168664,9.203983417430193
14219.2128234811,51649.52517818799,21671402.376332074,9.195179148223716
14223.165459303702,51649.52517818799,21653237.090508144,9.19116412056116
14236.1487056796,51340.7329687544,21637384.9667002,9.185407763241606
14256.1351803133,51340.7329687544,21639239.438343927,9.168393497734407
14257.2467477593,51296.695953899594,21621603.680932336,9.164496336590924
14266.768999138,51081.573886282,21616102.59596667,9.152302215613917
14286.2611759821,51043.3685495028,21618532.396984536,9.135189168740343
14291.3160970209,51043.3685495028,21619634.583594292,9.119052598676747
14301.2386550572,50860.199076205994,21616044.168601204,9.105956080189397
14303.5676159347,50771.3731847104,21614796.327882633,9.091676960400008
14309.0373694117,50747.3225039685,21617194.93062213,9.075087850073668
14320.6282206927,50747.3225039685,21625164.20816109,9.05489645653817
14325.7560374532,50747.3225039685,21624601.902408715,9.040662441500341
14342.3406567144,50747.3225039685,21626183.24223073,9.025276301783133
14374.0095930456,50747.3225039685,21624240.733781744,9.011599859501189
14376.2099457574,50747.3225039685,21618228.784504335,9.000640413906924
14387.0262268953,50554.394932812495,21607894.98906721,8.992301954602233
14391.9032881342,50554.394932812495,21620293.200995896,8.969314357827441
14404.0899304837,50293.318414464295,21617460.888344586,8.956257604256148
14411.6765356233,50293.318414464295,21624536.598528262,8.937387717589475
14422.4325002248,50293.318414464295,21626323.881112043,8.921867289585403
14434.6602604174,50293.318414464295,21635934.752663832,8.901043258590228
14444.677030834198,50146.0907620831,21644305.998165555,8.880947114315916
14453.7016248471,50146.0907620831,21662140.686111208,8.85529904376285
14475.2674425751,50146.0907620831,21668524.92438057,8.836985464182282
14476.7824878907,50108.5770598206,21681608.663795087,8.814042330210858
14478.3695150279,49837.1268876795,21688425.948758364,8.795245878786698
14488.3129709975,49837.1268876795,21699800.41379687,8.775046177984605
14505.7171957191,49788.335709223,21716810.163832314,8.750261085849578
14514.8167927951,49634.0218255381,21735835.61373778,8.724279567617568
14519.323298825,49624.29396850499,21753303.18697934,8.699708870825862
14521.153102986102,49536.005637213995,21763434.106534574,8.679908361232236
14527.1018831243,49474.818853223296,21770049.774255145,8.662659537656191
14532.443347428,49474.818853223296,21784280.761769038,8.640620701482526
14537.373203911598,49474.818853223296,21790830.166909218,8.62360177232648
14557.4772294613,49363.7209582067,21793469.478451382,8.609003958984328
14558.925910876202,49363.7209582067,21815512.8181451,8.582958046455357
14563.8186785204,49363.7209582067,21829483.501462717,8.56180474399929
14565.503321456,49306.328545095195,21837671.93420012,8.543718506298113
14591.4400132362,49306.328545095195,21853296.253215093,8.522367567697318
14610.1494535083,49160.100363201695,21868773.926614538,8.499663350250508
14620.2740955976,49160.100363201695,21875739.931341633,8.48349932742472
14625.7745258135,49160.100363201695,21888069.77936892,8.464007235206578
14648.6074180749,49160.100363201695,21902539.78379837,8.442833945274225
14650.9355762595,49160.100363201695,21919786.82021609,8.420797094464497
14654.1246345482,49160.100363201695,21926289.015848607,8.404679238511138
14661.6843188769,49160.100363201695,21945074.678468287,8.382727247593795
14670.4071133795,49160.100363201695,21959493.451126702,8.362980281557126
14673.5014291464,49160.100363201695,21986042.86901006,8.336451428178016
14681.0621205551,49160.100363201695,22001835.748829976,8.316265820555781
14695.015267071,49160.100363201695,22006318.863867316,8.301931975824553
14710.0805277432,49160.100363201695,22025929.13468961,8.279518542816948
14736.8500552528,49160.100363201695,22034348.889960643,8.264383106494698
14741.0772153776,49160.100363201695,22051139.366178144,8.244262365243783
14750.6246745724,49160.100363201695,22070457.19941898,8.222659929745333
14777.9809563693,49160.100363201695,22078057.279161964,8.20838456819418
14790.720658139198,49160.100363201695,22091258.957150176,8.190619696724706
14800.0148736761,49160.100363201695,22102850.51114357,8.173117613616427
14814.7799021605,49160.100363201695,22120407.7746116,8.15336474832662
14817.4402354036,49160.100363201695,22129228.509231716,8.136944723335409
14831.3584536357,49160.100363201695,22138528.89008235,8.120188000224829
14837.752084188302,49160.100363201695,22142413.04525646,8.107436089836952
14840.1570733969,49160.100363201695,22148528.62113598,8.094992731349915
14883.2227587923,49160.100363201695,22148689.60093452,8.084991532815792
14900.675020612,49160.100363201695,22155289.37511844,8.07128553142535
14911.2854819388,49160.100363201695,22155487.050183587,8.062373107476583
14920.0653680672,49160.100363201695,22159857.012886427,8.05013602266511
14950.9230942775,49160.100363201695,22153502.65613825,8.043877968142024
14955.6268054763,49160.100363201695,22156677.931122,8.03386842701697
14992.0708638737,49160.100363201695,22159781.666354142,8.022866372615228
15005.7040852792,49160.100363201695,22161184.97349049,8.013570219687937
15129.8498524657,49160.100363201695,22159995.10501044,8.005641127917425
15166.1203419396,49160.100363201695,22157153.899365757,7.998378679323646
15214.646678468302,49160.100363201695,22161447.59294173,7.986694601360781
15244.438633865,49160.100363201695,22159427.251481876,7.980089601321037
15410.6227276657,49160.100363201695,22153763.507378217,7.973808119420713
15559.3026621022,49160.100363201695,22147102.10504536,7.968549770415466
15582.1282021446,49160.100363201695,22156536.215924907,7.954261027095873
15647.7519056209,49160.100363201695,22150101.514721867,7.94896915862978
15677.3585975495,49160.100363201695,22150961.90367222,7.9393113671937465
15838.7001927385,49160.100363201695,22143962.833648667,7.933734341846661
15844.4186048986,49160.100363201695,22137405.419275284,7.93005184777599
15854.1315653302,49160.100363201695,22134341.122840744,7.923494911414314
15979.9766886802,49160.100363201695,22128536.359937444,7.917978659040798
16060.331434614,49160.100363201695,22125647.933725264,7.912069677626782
16084.1886285475,49160.100363201695,22112839.278501496,7.911561204682154
16171.2427136794,49160.100363201695,22108753.4902739,7.904482636796848
16178.7671175925,49160.100363201695,22102465.170214925,7.900365792795522
16255.8249461972,49160.100363201695,22091728.77005651,7.89896291950918
16329.940116419,49160.100363201695,22086478.907341465,7.893512038161994
16357.4998257412,49160.100363201695,22079328.874941636,7.890081685394474
16555.1665840043,49160.100363201695,22068838.688311182,7.887662779614499
16574.5959286682,49160.100363201695,22057242.70087798,7.886516917707882
16641.232875203703,49160.100363201695,22039410.21942322,7.888681518533464
16661.1334229637,49160.100363201695,22026922.392856624,7.887620206115227
16689.0965141603,49160.100363201695,22012715.588206816,7.886694694887168
16755.0869878013,49160.100363201695,22001681.643177073,7.885093182361371
16836.0471941651,49160.100363201695,21985651.584717248,7.88557485420951
16876.2554497539,49160.100363201695,21969458.343578514,7.88605718147357
17014.419040454,49160.100363201695,21952662.151873704,7.886736828859872
17034.356227405,49160.100363201695,21925913.369440224,7.892324816823662
17042.0641292423,49160.100363201695,21902574.881372854,7.896458549603231
17149.4055962293,49160.100363201695,21888647.23347458,7.896874295603101
17176.1728813015,49160.100363201695,21869019.00894575,7.900136909340371
17268.5994000467,49160.100363201695,21846072.527584646,7.90492748000616
17323.2485064324,49160.100363201695,21822258.588705726,7.90974196267514
17358.4412276941,49160.100363201695,21797647.651591893,7.914927415812256
17382.4926868833,49160.100363201695,21775066.771978647,7.919009043599683
17382.4926868833,52699.258380233296,23204247.63810502,8.100133420476713
17382.4926868833,52699.258380233296,24632974.882159173,8.228761977759007
17405.030277926202,52699.258380233296,24608328.217257466,8.232006279176732
17410.7160982087,52699.258380233296,24575713.42472379,8.239356183114182
17411.4560644514,52699.258380233296,24545785.57214005,8.245634131973492
17417.545609438897,52699.258380233296,24518695.103750482,8.25088148128293
17433.0663437509,52699.258380233296,24480368.727873072,8.26154545837052
17491.1043430135,52699.258380233296,24452975.806850526,8.267275412237387
17531.709770306203,52699.258380233296,24425716.59424303,8.27281430636509
17536.661493068797,52699.258380233296,24392814.085860167,8.280535194837316
17552.9551116908,52699.258380233296,24360117.087277066,8.288239279896665
17561.2098144225,52699.258380233296,24334717.389183033,8.291634946935826
17581.4135795724,52699.258380233296,24295431.758213777,8.302464848265565
17611.7610614184,52699.258380233296,24252727.55498962,8.315107674589779
17618.9571817975,52699.258380233296,24206777.894826982,8.329769912950349
17629.4975772106,52699.258380233296,24161494.61375419,8.343807162136692
17637.1575972696,52699.258380233296,24123272.097158995,8.352535434398076
17660.229099153,52699.258380233296,24085088.066020366,8.362550517387794
17676.068750149298,52699.258380233296,24039964.881374024,8.37549963743631
17680.0174280823,52699.258380233296,23996301.25934491,8.388154676835406
17685.0218150512,52699.258380233296,23954030.05980034,8.400165842325565
17713.4834190925,52699.258380233296,23902020.823630273,8.41709064829971
17713.9029610478,52699.258380233296,23865530.706401248,8.426133673247264
17715.120367369498,52699.258380233296,23829664.80201196,8.434329832905851
17720.9903702709,52699.258380233296,23773801.777444713,8.452637128075335
17737.6539207182,52699.258380233296,23722832.475904778,8.46913936104031
17745.655623206,52699.258380233296,23672358.335175693,8.48523920668938
17759.9263416909,52699.258380233296,23621519.443300568,8.502384977199537
17767.4306913606,52699.258380233296,23566992.667760346,8.52003812506816
17774.2073206872,52699.258380233296,23518433.516678374,8.5343060483713
17786.3258962913,52699.258380233296,23468831.04495925,8.550912091281846
17787.6859370273,52699.258380233296,23422851.70290122,8.564854517773425
17823.3231808158,52699.258380233296,23369998.160760652,8.5827874006754
17823.7228158158,52699.258380233296,23316649.987020466,8.601167085943452
17824.351775195802,52699.258380233296,23262018.301597547,8.61904969837163
17827.8876229358,52699.258380233296,23208525.040927168,8.6363081683719
17828.2065833299,52699.258380233296,23167246.74970248,8.646662813090508
17828.5928030971,52699.258380233296,23114446.671543114,8.663901854657201
17852.8511344814,52699.258380233296,23050874.564239178,8.688187903377532
17867.2226275708,52699.258380233296,23007363.86534325,8.70050979054807
17870.7530936799,52699.258380233296,22946532.638250258,8.722805079323233
17898.6637378477,52699.258380233296,22897905.78247721,8.738225881666072
17900.046913623602,52699.258380233296,22847116.756343756,8.754587420733401
17900.1297424912,52699.258380233296,22794556.8706525,8.772018106798733
17901.4577531108,52699.258380233296,22739803.45268932,8.79033176244245
17913.9247348076,52699.258380233296,22688507.108603276,8.807465165892722
17949.6146412768,52632.6286108581,22620215.929054294,8.83426635306593
17950.9000432552,52632.6286108581,22559373.539260224,8.8564993757416
17957.7653949433,52632.6286108581,22506291.192854438,8.874015907811053
17958.7696578104,52632.6286108581,22451920.844884384,8.89290698920966
17959.2209928526,52632.6286108581,22396702.644195557,8.912455575661129
17974.6476226831,52632.6286108581,22338208.934492115,8.934117613959138
17975.948497898702,52632.6286108581,22281018.350870047,8.95495637295834
17983.400913241,52632.6286108581,22231140.532719463,8.971331050169516
17988.449481275202,52632.6286108581,22171183.525280662,8.9941007877425
17990.5686556371,52186.8001365447,22107661.88414837,9.018317800749163
18007.2209210874,52153.926079911194,22050558.7015741,9.039976179818058
18021.3107894182,52153.926079911194,22006654.93762025,9.052889471013193
18027.5834795406,52153.926079911194,21959654.73826087,9.068256121319399
18033.2772621203,52118.3137514804,21915686.59758235,9.080594568246473
18055.4194768954,52118.3137514804,21867067.927363344,9.096505020718372
18066.1051684097,52118.3137514804,21836658.28778654,9.100683294787123
18164.1300908895,52002.6836069697,21786507.674980745,9.117484056453655
18164.3844162782,52002.6836069697,21741823.463355295,9.130868558606153
18171.726640978,52002.6836069697,21699073.110940516,9.1434299033941
18183.9777987016,51995.919925591894,21642247.42850805,9.165633721896876
18188.7093682614,51995.919925591894,21607750.247821245,9.172014034594115
18191.142622854,51995.919925591894,21567556.17476666,9.183182815900834
18191.8795205638,51995.919925591894,21538873.805455353,9.18557820116121
18210.2467980176,51995.919925591894,21508082.515750926,9.190105148083001
18218.0933899671,51995.919925591894,21463529.63059081,9.20357650262158
18224.184689364098,51541.844921159,21420547.906873025,9.215622707736387
18251.4392769701,51541.844921159,21397615.29595021,9.214970326530384
18255.1272663009,51541.844921159,21365912.548196398,9.22020322021006
18263.478529632,51505.5207946838,21335464.482656788,9.224474618497963
18269.811339112,51504.07211326889,21314778.46683019,9.22192861660864
18273.1267485657,51504.07211326889,21288902.59296538,9.223935725388014
18280.8585295861,51381.93590359,21257809.516128402,9.22859244864632
18286.7475563184,51381.93590359,21245421.602099378,9.2211495392448
18300.3959042114,51285.0170677758,21211149.517305065,9.228297936471156
18302.0195071569,51285.0170677758,21182427.812005196,9.232100396288468
18314.2863803664,51285.0170677758,21170627.493060097,9.223928785974211
18317.077122593302,51285.0170677758,21154061.589610048,9.21958233415218
18319.574316621,50933.14817167939,21122962.90077107,9.224457177088965
18329.6881905664,50848.3513456768,21107998.15102249,9.218723067102442
18330.7387959606,50818.5593902801,21092553.187671363,9.213477283623222
18345.7112098818,50818.5593902801,21082598.73985325,9.204791867530409
18352.3294266299,50818.5593902801,21072941.211046483,9.196314805209632
18381.0668644524,50503.6953620429,21055176.94024355,9.192555132960516
18385.2344751432,50415.2461185242,21055749.674784347,9.17662888411603
18388.9078714681,50385.6394265956,21056386.495660365,9.160806498407245
18396.1131627713,50385.6394265956,21056185.95762817,9.146055056041636
18402.0861214626,50224.2978314066,21067692.9499,9.122714965705267
18414.8485369089,50224.2978314066,21081322.872068755,9.09857215673354
18416.9131419515,50224.2978314066,21078391.87509601,9.085461312682938
18428.3675657493,50002.6665895311,21077992.159194626,9.070491725228214
18435.6743200911,49978.8093955976,21067679.448920358,9.063137166681807
18445.2553330719,49891.7553104657,21078551.20078193,9.040917042241334
18445.3018398911,49884.2309065526,21088698.20930323,9.019366326474179
18446.1220443919,49884.2309065526,21097122.363428738,8.999462066779481
18465.670845485,49807.1730779479,21101804.960001666,8.98156257751703
18469.6531925006,49733.0579077261,21109162.240389507,8.961977150531434
18487.6800362635,49507.8314401408,21122702.889814593,8.938337410097256
18489.418029703706,49507.8314401408,21132310.081213005,8.918216137777932
18492.1378301211,49507.8314401408,21157347.915707886,8.888257657828026
18521.996239979,49507.8314401408,21177094.95528311,8.86150368089425
18532.0816875669,49507.8314401408,21189999.622625336,8.839581671808764
18535.9321689138,49507.8314401408,21208652.613873556,8.814353840911364
18547.3101778618,49507.8314401408,21229547.48207396,8.786532784343668
18555.5444843705,49488.40209547689,21235613.896658164,8.768231432478705
18588.415539184,49488.40209547689,21237757.038432907,8.752933908187519
18593.0351498752,49488.40209547689,21246034.89127305,8.734451854606299
18602.5528033979,49488.40209547689,21260693.974961787,8.711661134888795
18607.77761056,48913.5924279158,21264764.958230656,8.694500295580355
18610.0486453131,48913.5924279158,21286020.13507744,8.668301533313043
18623.2330594395,48913.5924279158,21299406.26753453,8.646666986673713
18631.812540798503,48913.5924279158,21305651.497559674,8.630125326228482
18633.3048539321,48913.5924279158,21320939.271955315,8.607911687829867
18640.2439907197,48739.7495177127,21336385.870394606,8.584698362942936
18642.2977446382,48704.556796451,21339116.012070347,8.570554996517796
18647.4910768574,48704.556796451,21361815.800578084,8.54427190242933
18659.8562894976,48704.556796451,21377638.737024423,8.523364372295754
18660.4550198418,48704.556796451,21394963.023993857,8.500748922775609
18662.5694327047,48704.556796451,21407040.248012614,8.48184323751085
18673.3496543722,48704.556796451,21420277.002672438,8.460678247318304
18677.1446672057,48704.556796451,21436469.23343896,8.439501499295728
18686.215290655506,48704.556796451,21457235.773640975,8.415488104848407
18696.671114375706,48704.556796451,21467486.738489825,8.397603823515057
18723.6437303147,48704.556796451,21477709.717225656,8.38025364525405
18729.1723677256,48704.556796451,21488645.68775233,8.363083806320612
18741.3163372553,48704.556796451,21504039.7791893,8.34389949460296
18745.0721941025,48704.556796451,21512585.305412095,8.327113973910743
18748.2608686001,48704.556796451,21535020.556295086,8.302750920016203
18752.0399741086,48704.556796451,21554175.55846331,8.280893450258171
18755.5613382752,48704.556796451,21566632.965427734,8.263289214311953
18786.01424782,48704.556796451,21580381.020838283,8.244481905731535
18799.6417870396,48704.556796451,21587516.219742045,8.229887980116608
18803.0440577476,48704.556796451,21596548.84617067,8.214334667462852
18805.6900344867,48704.556796451,21609933.33132751,8.196459013739464
18846.0229940746,48704.556796451,21627706.743180156,8.174457626745271
18851.7865587215,48704.556796451,21633995.70605188,8.159927780261276
18881.0752481084,48704.556796451,21640804.592087977,8.145501274007724
18888.1667766236,48704.556796451,21637028.277994532,8.137887805468653
18890.8936585924,48704.556796451,21643607.946153775,8.122986598381278
18927.635898451,48704.556796451,21658361.439026233,8.104952507609003
18943.227779055705,48704.556796451,21656715.1098735,8.096404110206587
18950.3304233678,48704.556796451,21660763.91582033,8.08425043511994
18977.1323003,48704.556796451,21659709.18446588,8.07514505509629
19020.2996243295,48704.556796451,21665687.973946914,8.06253805902132
19027.5226977638,48704.556796451,21669199.82115643,8.051691632725005
19163.9843091999,48704.556796451,21678527.985557936,8.037357018823098
19192.207355727,48704.556796451,21680291.432740606,8.026913421542815
19234.1869866586,48704.556796451,21685456.826713912,8.01551847101757
19241.4179138464,48704.556796451,21688117.572719585,8.004953704729916
19350.1591753809,48704.556796451,21680284.51883293,8.000661144096494
19355.4052132632,48704.556796451,21680179.074919842,7.9929803201924425
19465.9081750621,48704.556796451,21687257.760778196,7.980420970419769
19498.4631259585,48704.556796451,21688594.034745898,7.971296408556211
19522.5819584799,48704.556796451,21686525.624181677,7.963453944762251
19530.338713556102,48704.556796451,21676754.74259427,7.960374473688637
19584.4727860131,48704.556796451,21679668.578486394,7.9493247164868395
19733.7691731325,48704.556796451,21670477.36562571,7.945623278426101
19815.4753089489,48704.556796451,21661415.15156345,7.941218837516203
19839.4093934797,48704.556796451,21657608.394692257,7.93543018633269
19853.9180420948,48704.556796451,21653072.862677388,7.929068655803122
19856.3005204885,48704.556796451,21643579.056947917,7.926304832617883
19973.5123813803,48704.556796451,21636700.175007857,7.9211180185504455
19995.2034786445,48704.556796451,21634819.32280036,7.914079562239104
20014.8439084456,48704.556796451,21619687.538611334,7.9139394064619655
20029.8273240373,48704.556796451,21606384.554419436,7.913735193080879
20130.5326843993,48704.556796451,21599157.57003613,7.909629176155301
20247.0569229007,48704.556796451,21586147.757346243,7.909965828934397
20397.3176890329,48704.556796451,21574511.027738307,7.907626875757756
20426.1547171514,48704.556796451,21564012.788359888,7.904885447734824
20452.3069988798,48704.556796451,21552403.98752012,7.902679133708605
20559.5441097853,48704.556796451,21543867.05030804,7.900153396189627
20709.8857678914,48704.556796451,21533957.31017616,7.89661203647987
20726.2679806016,48704.556796451,21516813.0855509,7.897691407435713
20815.2275777766,48704.556796451,21503997.006732605,7.897560484847371
20822.5253020423,48704.556796451,21482621.458135676,7.900822847212412
20844.4311177303,48704.556796451,21465999.736477014,7.902615803689563
20939.344364496203,48704.556796451,21451031.55686648,7.903764730184983
21192.777391594,48704.556796451,21428578.18426845,7.907305577248728
21301.445508991103,48704.556796451,21410798.226609245,7.9088884006603575
21329.5877743424,48704.556796451,21393692.148099158,7.910608485189991
21364.7312118757,48704.556796451,21376894.50166438,7.912014809342824
21383.4064815822,48704.556796451,21360894.630030483,7.913059953327292
21436.9633933236,48704.556796451,21345345.921252478,7.914035456332585
21466.5199258401,48704.556796451,21326166.071097564,7.915243457949688
21470.3716016106,48704.556796451,21297847.196725275,7.922302099407241
21488.5830121803,48704.556796451,21270847.042790283,7.927968686133838
21495.027445481297,48704.556796451,21247551.971287116,7.932561049966947
21523.724104993,48704.556796451,21212453.071727145,7.943316294839831
21532.2711744884,48704.556796451,21185908.797008496,7.949867460869632
21543.768794788703,48704.556796451,21152414.446679883,7.9591678886210975
21564.5981996623,48704.556796451,21118003.46748239,7.969402598074045
21589.6583607538,48704.556796451,21089522.62823188,7.976277231070928
21590.5063158744,48704.556796451,21056047.233831085,7.9855409240673
21612.846988841105,48704.556796451,21021037.342016257,7.9953695765547685
21630.3464649149,48704.556796451,20983299.61620434,8.007674697000025
21639.713987756,48704.556796451,20958123.189838573,8.012187754132544
21639.713987756,48704.556796451,20913730.13931117,8.028514031556986
21639.8036440568,48704.556796451,20875937.769035447,8.041443402676961
21659.7297464612,48704.556796451,20838694.206344,8.052287135103684
21666.9093280235,48704.556796451,20816889.445091266,8.055157449980573
21669.321653619,48704.556796451,20775710.156315777,8.069431868253304
21671.2272839294,48704.556796451,20746009.753163125,8.076707060830252
21675.1786403936,48704.556796451,20708051.236607324,8.089382676247059
21678.5054925642,48704.556796451,20661096.823466286,8.105238449225011
21694.5407254,48704.556796451,20621693.124421038,8.11788608589705
21696.580858962,48704.556796451,20582057.03889552,8.130784084213552
21697.0930024725,48704.556796451,20537633.114901185,8.146426153684041
21697.555092718,48704.556796451,20479215.795306277,8.170510723982417
21713.3558459405,48704.556796451,20447290.903496556,8.178644674347932
21721.551594929,48704.556796451,20399858.196913887,8.195853241194978
21724.6943028907,48704.556796451,20345349.330427695,8.216897906255005
21738.0735567222,48704.556796451,20302937.455818307,8.231810566199947
21745.1471965898,48704.556796451,20252061.879847243,8.251357727645914
21750.0078961379,48704.556796451,20204838.809392564,8.268451901859182
21762.8171713488,48704.556796451,20146861.621309754,8.293020184035534
21815.4849891659,48657.9677462189,20083130.44782606,8.32072470311673
21822.7038661653,48657.9677462189,20029748.50797882,8.342142560659207
21846.7745719287,48657.9677462189,19984201.20061748,8.35826602942182
21857.7083289028,48657.9677462189,19930005.597900845,8.380453712242485
21859.0578083885,48657.9677462189,19875336.31959341,8.403078206796751
21861.508963969,48657.9677462189,19825150.474347614,8.422205346019092
21867.7443482464,48657.9677462189,19772763.925764624,8.443367510053438
21895.845999736,48657.9677462189,19720712.667658035,8.46344297789897
21896.2074020334,48657.9677462189,19661089.828144282,8.489763219527276
21896.5722042804,48657.9677462189,19601630.667891484,8.515413978939234
21898.5930244763,48657.9677462189,19536450.854332484,8.545102771645679
21899.3120159045,48526.336531076304,19471441.26345467,8.574724288078858
21905.5336436144,48510.0429124543,19414543.286067702,8.59860145625778
21905.95099207689,48433.5004469345,19357911.656879455,8.622421163759627
21912.6291236552,48425.8404268755,19299184.970804024,8.648444675457775
21912.6291236552,48425.8404268755,10924748.799304737,10.223615629966627
21912.6291236552,6098.9415408721,2489323.686643703,-1.0349290538969884
21921.8664466702,6484.2278907681975,2471934.3737211204,-1.0313314264011395
21946.571778101497,6484.2278907681975,2443013.5951181953,-1.0302100814485944
21947.7927687234,6484.2278907681975,2410622.3249342646,-1.030895985813817
21956.0805573235,6484.2278907681975,2380746.5868128343,-1.0240419105195815
21967.8565152992,6578.096072823002,2349591.038530867,-1.0060402632744228
22000.1274631226,6841.622955847801,2326028.4700657516,-0.979052443656788
22022.0766523476,6841.622955847801,2298452.081036168,-0.9593814571236163
22024.103023153,6841.622955847801,2267842.445619379,-0.9483836285971473
22027.968952196297,7126.950503223201,2252716.569499083,-0.9102690981812435
22041.21447019029,7126.950503223201,2238467.337850499,-0.8943184196417001
22043.4690872908,7126.950503223201,2219237.355036076,-0.8562854857295628
22053.5659314532,7143.097641269807,2197903.993209357,-0.8136449441839776
22055.6350619694,6987.464914959404,2156456.8216775567,-0.7849841791388732
22061.113296184303,6864.861487535101,2137634.409346358,-0.7293091301593377
22066.013744137003,6864.861487535101,2131880.897549168,-0.7049237875737027
22075.0320120213,6805.301731128802,2111154.9478040305,-0.6728570400691276
22077.441206107003,6805.301731128802,2099656.1659352975,-0.6346539921260066
22080.5175555348,6793.262478466902,2085431.3842564507,-0.5898423337438494
22093.416028262003,6812.098574989603,2072076.1541635548,-0.5428085429129439
22124.2947193354,6805.890026078101,2057142.3054779435,-0.4923859846868869
22138.316308729103,7184.402429983198,2056794.6575957744,-0.4293700337431053
22172.3098654965,7184.402429983198,2060169.8267669112,-0.37562662672243113
22174.8608557356,7184.402429983198,2058168.847356025,-0.3240507036746731
22175.4324247571,7184.402429983198,2046281.4799566115,-0.27070458555165744
22208.4832278712,7380.6770432544,2047878.1211770072,-0.20219583983710337
22225.542959414102,7234.950903073899,2038439.2241934503,-0.12439641061057091
22228.53270502,7234.950903073899,2039302.5563754153,-0.07689868078047614
22228.639612567003,7234.950903073899,2044825.6823597827,-0.03443835222473175
22258.1291705852,7007.723293093601,2034553.1425530808,0.03757760704361463
22275.8962101479,7027.8049591622,2035032.3661239867,0.09686525019947045
22281.819946761498,7185.987559272304,2035203.8223711343,0.16833114318341266
22292.4661219673,7156.2866488045,2037974.690114363,0.2467896718114119
22294.6897924814,7156.2866488045,2050778.6047088967,0.29813658111933056
22300.215776650497,7156.2866488045,2054937.6422395129,0.33438364366506296
22308.729900961,7207.927186901303,2076312.9674871545,0.3771359313562368
22312.1409990664,7399.574963914103,2096134.6534308144,0.4345915546951933
22323.0666464934,7059.1541669086,2090418.3156294448,0.49486226503626424
22329.336508574703,7059.1541669086,2095582.459426504,0.5294071230840581
22339.0179537865,6978.774637056598,2111529.745663115,0.5890342391977551
22353.4638492555,6830.470686478999,2124314.3930885135,0.6336316078592145
22386.1011659275,6838.331134051401,2146097.081628543,0.6777401425753365
22387.5742980135,6838.331134051401,2163755.596618996,0.7156462336590251
22404.773376111498,7152.2861385168,2198585.1849183063,0.757997880591863
22405.51743988589,7090.3953109836,2224020.6154672294,0.803744800414666
22408.6519284337,6859.3927880478,2247024.297164656,0.842814702792486
22413.3229315863,6835.458703517001,2276500.9911456998,0.873135573999225
22423.376952929302,6835.458703517001,2310967.6258296454,0.8963365979165278
22436.5024934611,6879.0434992422015,2341771.0825059894,0.925596957825601
22438.7859034145,6876.6610208485,2359628.154517894,0.9447275963540182
22446.5686805518,6905.943788004402,2392466.5945889736,0.9746746372256888
22450.7065998478,6884.2526907402025,2409011.260934974,0.9877002072380816
22463.9211894373,6884.2526907402025,2424587.59221453,0.9938677248179791
22465.3143734006,6884.2526907402025,2448298.201106743,1.009277032506999
22465.904264474106,6884.2526907402025,2485884.856896939,1.0148004658072756
22485.0652474314,6632.399246484001,2510581.6649704194,1.032770768624844
22488.6834484279,6632.399246484001,2545624.7995252926,1.0376925402407138
22494.678189094306,6482.138480351801,2572723.852266634,1.045675209630203
22496.042548603706,6482.138480351801,2606941.36807189,1.0375787071802758
22498.9363012402,6482.138480351801,2639477.017348524,1.0368472660966253
22499.4834704742,6726.990136342796,2689073.8103479957,1.0335642639468645
22503.347876174903,6726.990136342796,2720298.102182897,1.0277287989885846
22505.0112428499,6726.990136342796,2757268.1055017216,1.0215907753118298
22531.022814632,6726.990136342796,2791337.662211958,1.0169199479110795
22544.2840760448,6279.876707645399,2821338.004908406,1.0216124509889328
22552.919666280097,6279.876707645399,2855731.184012089,1.0039193549226648
22570.7947003806,5931.530433781696,2883737.354745616,0.9947657590219067
22574.5838464325,5931.530433781696,2928561.482289024,0.9770965736931845
22581.152792277404,5931.530433781696,2962738.3265017876,0.9612360823292134
22593.5064507967,5794.720051033299,2997340.534402346,0.9476689925370896
22597.317171246403,5794.720051033299,3033441.731540882,0.9302734256700793
22607.9891273451,5794.720051033299,3066082.7460310003,0.9113219500221974
22611.3754643126,5794.720051033299,3091829.504955674,0.893109790363306
22617.567220933903,5794.720051033299,3131812.617190795,0.8770966683638194
22618.3779383859,5794.720051033299,3172004.1894214475,0.8579630796655622
22630.8314229623,5794.720051033299,3206147.4176270044,0.8432297360565709
22646.2336929304,5794.720051033299,3228296.7017924,0.8233285621733395
22656.8108992669,5794.720051033299,3269888.8659668444,0.8057650694712365
22676.1801253965,5794.720051033299,3300620.1345378887,0.789111619614858
22685.9534304406,5794.720051033299,3325491.379975184,0.7718387656228083
22703.1879103757,5794.720051033299,3363720.4810581855,0.7529247852753321
22703.348809287403,5794.720051033299,3394653.419015176,0.7346774832103081
22714.2737399464,5794.720051033299,3426006.1644285596,0.7168539169609275
22720.3381977241,5794.720051033299,3458909.6012875107,0.6981812235039339
22725.4154038707,5794.720051033299,3487964.8941173116,0.6793626743643815
22732.1062735838,5794.720051033299,3516247.853387327,0.6604896995287166
22740.27486224069,5794.720051033299,3537947.818312496,0.6416142022628888
22748.1467862516,5794.720051033299,3565476.0927848695,0.6230623077047336
22750.3390567064,5794.720051033299,3591787.136384661,0.6038538297997493
22769.611596630297,5794.720051033299,3625477.5281917984,0.585837452151326
22799.7851494885,5794.720051033299,3649912.0281667216,0.5670384384235463
22799.7851494885,5794.720051033299,3686020.4163230527,0.5500306158526536
22800.118022260296,5794.720051033299,3711450.326143134,0.5317092383884059
22831.545233316898,5794.720051033299,3732142.1579855117,0.5130152201987765
22832.6290344744,5794.720051033299,3758184.991932809,0.4948503039644627
22837.3872926359,5794.720051033299,3776267.203513921,0.4774428579083436
22855.2410836093,5794.720051033299,3794480.705346209,0.4595746687355262
22857.6949433945,5794.720051033299,3819295.7425466944,0.441899620889823
22888.933776347403,5794.720051033299,3842154.579128742,0.42405751225586974
22893.9767508064,5794.720051033299,3858528.855038111,0.4061677024874604
22899.6502243627,5794.720051033299,3879279.5681942212,0.38858965579923305
22901.1029439665,5794.720051033299,3895761.139290295,0.37161335631594394
22958.4313826528,5794.720051033299,3907856.8952365895,0.35392246183150905
22963.229660651403,5794.720051033299,3924684.9746683603,0.33723096310947276
22990.8927524392,5794.720051033299,3938399.991183929,0.32059620034200476
23013.774334556,5794.720051033299,3956466.9898864306,0.30332464116537344
23032.2216911893,5794.720051033299,3968874.330967635,0.28627719808697655
23032.2216911893,5794.720051033299,3983159.5675080167,0.2707883113642736
23178.526666154503,5794.720051033299,3989405.6096538086,0.25463555786119085
23254.19517489129,5794.720051033299,3997427.5369203044,0.23748618291970772
23272.1029102086,5794.720051033299,4001781.0954459514,0.22068334163317913
23372.281855574103,5794.720051033299,4009833.6847664346,0.20438676267010356
23374.965225195498,5794.720051033299,4018025.6826191843,0.18833842141026916
23413.413107007404,5794.720051033299,4021888.5555759436,0.17306450044499738
23520.705190506,5794.720051033299,4030155.026001928,0.1566478213308201
23652.6996297728,5794.720051033299,4032523.7956286487,0.13979000153809362
23673.5419059015,5794.720051033299,4038654.9392183702,0.12341775381591658
23736.0991381417,5794.720051033299,4043504.6614702693,0.10845159591052267
23832.4616284275,5794.720051033299,4037248.3499622797,0.09286700186407414
23929.7551989302,5794.720051033299,4048462.884935076,0.07692035686984275
24070.0784081316,5794.720051033299,4051983.1683954024,0.06008314682825771
24121.3854880378,5794.720051033299,4052705.645617335,0.04440941904414119
24150.2375764386,5794.720051033299,4047321.0353180366,0.028936072985496768
24287.3659646096,5794.720051033299,4049854.412422334,0.013747384965496476
24293.2164401925,5794.720051033299,4048651.4553191275,-0.002252599280400835
24374.9931859366,5794.720051033299,4044954.61728088,-0.0164045200596105
24491.619529533305,5794.720051033299,4041245.561762569,-0.032352470747766884
24556.7433232173,5794.720051033299,4036572.0718699917,-0.04861035611597932
24715.6286573277,5794.720051033299,4034384.436782022,-0.06550830140229423
24788.714003716,5794.720051033299,4025639.744104378,-0.08106262660899503
24813.7043630941,5794.720051033299,4027413.5751287034,-0.097804227045795
24842.0708705927,5794.720051033299,4029732.2049471308,-0.11350316634115812
24858.218008639305,5794.720051033299,4026085.434695465,-0.12918293141145837
24955.4564567316,5794.720051033299,4017568.3598432527,-0.14521408748829354
25021.739183291,5794.720051033299,4012701.2892650776,-0.16142323283638466
25056.741008098903,5794.720051033299,4005322.322500168,-0.17838095409469432
25075.577104621603,5794.720051033299,3998814.2894622395,-0.19537820711689033
25106.2859302895,5794.720051033299,3991004.3052783166,-0.21176544443155373
25272.0366704667,5794.720051033299,3987564.036728434,-0.22628826306641478
25386.51270308069,5794.720051033299,3980745.728496098,-0.24320791667617728
25413.26122462649,5794.720051033299,3972616.072376433,-0.26024683127941056
25457.4142997582,5794.720051033299,3951194.9549876065,-0.2765472070868703
25481.3497704127,5794.720051033299,3940695.5895233406,-0.2924103771028606
25484.7983341946,5794.720051033299,3931546.649304681,-0.3089440304979777
25524.9200353506,5794.720051033299,3912267.368467355,-0.32610285190093746
25559.8235435557,5794.720051033299,3897213.170083136,-0.34321489663320837
25561.207755879102,5794.720051033299,3876664.0043983506,-0.3599840629616666
25574.6842382237,5794.720051033299,3859374.898210779,-0.3770316515359365
25587.997857590297,5794.720051033299,3842358.593302382,-0.3948784444881159
25609.4677225648,5794.720051033299,3830065.6177218757,-0.412727906440773
25620.4120298681,5794.720051033299,3813231.6110579683,-0.43072344490552983
25628.67214351609,5794.720051033299,3793071.654691738,-0.44848629109366317
25634.514869483,5794.720051033299,3774369.32885515,-0.4666164741524386
25645.2926415778,5794.720051033299,3743329.335494273,-0.48369385622539646
25666.73404996049,5794.720051033299,3718671.8241266394,-0.501770641672279
25681.0729474658,5794.720051033299,3698592.8812927925,-0.5196591430144188
25681.3480780135,5794.720051033299,3675910.3719774187,-0.5383052948668973
25699.0517022239,5794.720051033299,3653448.3550413097,-0.5571378117234518
25700.2633625585,5794.720051033299,3620968.202515922,-0.5750731805055939
25701.1546135344,5794.720051033299,3611548.4379029465,-0.5934335168718508
25715.814191416,5794.720051033299,3588930.875327156,-0.6114129265390487
25743.6002736104,5794.720051033299,3563311.4548223433,-0.6307379733200089
25744.1056584858,5794.720051033299,3535760.1781086777,-0.6496737427916364
25772.073836298,5794.720051033299,3512837.0337278266,-0.6692403294653904
25773.197543887003,5794.720051033299,3480658.2364428216,-0.6876263692226078
25776.5920746856,5794.720051033299,3457265.0652388516,-0.707228585319683
25778.331700401803,5794.720051033299,3430539.381397985,-0.7273072920530395
25784.684615579,5794.720051033299,3391065.22532904,-0.74618083977598
25784.8617098257,5794.720051033299,3349953.1965413103,-0.7636288309957148
25789.8822324654,5794.720051033299,3322275.5972284456,-0.7824943847459794
25800.3884954978,5657.787899535597,3275464.6724921847,-0.7983180293777892
25803.6443202415,5657.787899535597,3247544.4130768147,-0.8173902136575223
25813.8976270085,5657.787899535597,3216344.722166136,-0.8373291094470287
25822.2309647787,5657.787899535597,3187761.91045215,-0.856206521025475
25822.5334991316,5657.787899535597,3153586.4644546136,-0.8731690823262339
25827.7507986346,5657.787899535597,3129255.6042989567,-0.8925107443764893
25837.2283352919,5657.787899535597,3091164.0181764266,-0.9110561159274629
25859.337213644503,5819.006368804996,3054927.796290816,-0.9241100338868086
25881.4623567376,5819.006368804996,3017743.717147111,-0.9399955836729337
25933.1801718749,5819.006368804996,2971560.679674039,-0.9554477726452694
25939.3660603341,5695.019978770695,2926835.920940074,-0.9691932556404984
25942.7468582889,5730.8334147522,2893269.214774623,-0.9835402617170421
25971.4772225898,5730.8334147522,2855760.3416844853,-0.9989583364910793
25973.8946537761,5730.8334147522,2811807.184982021,-1.0143612504371256
25975.170667256298,5730.8334147522,2772276.291955185,-1.0280397941080792
25985.4598699959,5944.8078127304,2736378.145964397,-1.038317419937601
25988.362301930498,6044.041427965101,2700438.8836358464,-1.0463735381636017
25994.147227319303,6377.156350595102,2682171.821145658,-1.051439153876642
26000.8024122187,6377.156350595102,2642287.66408023,-1.058747125240239
26008.073207526,6377.156350595102,2609630.4006763413,-1.0686800705323556
26016.3773148164,6377.156350595102,2572020.231692111,-1.0738525747312515
26026.9846839814,6506.802661194302,2537090.9076201813,-1.066946184941424
26032.748343836804,6506.051176520803,2495943.090937716,-1.0670118157908361
26034.0835318141,6506.051176520803,2465019.8532079,-1.0653148480245578
26034.2580457917,6919.000196954301,2440210.1296350746,-1.0451602179046953
26038.0251651231,6919.000196954301,2405947.162010723,-1.0448462510920873
26042.3790074957,6919.000196954301,2375319.628748043,-1.0409127518519699
26059.7137456228,6919.000196954301,2349421.8737833435,-1.0340735864552226
26075.9629066156,6919.000196954301,2308860.1682793107,-1.0240573824211323
26078.5746102345,6919.000196954301,2291329.2571699643,-1.0099889796053447
26085.9888192899,6890.368400081501,2244830.8804718163,-0.9923165928726863
26100.69229839669,6644.658130109008,2206342.620732298,-0.960360287538076
26101.9783394579,6644.658130109008,2185673.0265517803,-0.9441394980425128
26115.5865498532,6716.932072346612,2167462.439706153,-0.9248501512922883
26124.112547252204,7095.369521002704,2144947.491932789,-0.8749365251898013
26147.1744753129,7095.369521002704,2131568.539172335,-0.8350919515271238
26151.7080962536,7123.418999871599,2113859.1824014126,-0.7705674677467425
26169.7487639226,7123.418999871599,2110918.303596968,-0.7275906503490958
26175.8796263147,7123.418999871599,2095945.21465088,-0.6824245279774926
26182.8004421194,7123.418999871599,2077111.17849729,-0.6399078167841863
26184.8922819132,7123.418999871599,2062828.7671148914,-0.5858839093023446
26199.487026863702,6910.476853196997,2044676.9927178328,-0.521506397759536
26216.5943281765,6910.476853196997,2037390.907464589,-0.47508414963394985
26217.6675805486,6910.476853196997,2020643.6592502128,-0.4308252864093903
26225.179944581,7179.476516351395,2019878.5141029782,-0.3688048798196168
26225.4562638364,7179.476516351395,2004542.607475008,-0.30935552332584393
26251.3615226356,7179.476516351395,1990698.9114153278,-0.2547516422801844
26257.7732731134,7224.192714613797,1989158.3269284924,-0.19306186316421084
26271.0086902725,7016.7382445808,1974803.2684504827,-0.11618304312198477
26275.1045179102,7186.858574444697,1974609.77048496,-0.03315785764668377
26328.9338124375,7134.887338436001,1969948.007514209,0.03418432453453749
26331.8667652534,7275.413562801907,1982393.299647145,0.10476212986260723
26354.2256411197,7243.986351745305,1982913.566687142,0.18015347109804503
26357.48099395529,7117.100202409401,1983579.4282057427,0.25558556652123654
26360.9130925313,7117.100202409401,1991618.0152821178,0.31201654586616717
26369.487586659,7334.588312351301,2003185.5527352542,0.38971773306236995
26393.3604162302,7334.588312351301,2015752.7831980078,0.43574418910722773
26412.811633954,7038.824520112812,2013960.9722485505,0.5044658507200811
26460.7376621647,7038.824520112812,2026005.0397611938,0.5639300959200843
26465.8075169543,6920.737839429999,2037096.022497218,0.6249083711302655
26468.895956406097,7297.270361677303,2062364.9340921019,0.6938951575727325
26478.2268350796,7297.270361677303,2082269.1272348613,0.7329198765303767
26490.824241309903,7297.270361677303,2108644.6413703784,0.7744895094596074
26491.8889612948,7297.270361677303,2123744.8385174773,0.820018949396787
26512.1246816678,7086.357837873198,2144040.371021176,0.8829673314743407
26515.8850756264,6906.595839218498,2165145.0880051875,0.9252094745068626
26530.6822160992,6906.595839218498,2197758.1515206955,0.948209627016687
26537.7835690126,6906.595839218498,2223057.7232130296,0.9756995502336028
26541.4626196974,6668.979059514397,2238126.4451452964,1.0019394800821237
26566.4302520667,6588.819891207397,2260226.5851567304,1.0198457575187938
26569.2009701839,6591.388868437698,2293918.782529899,1.0345393858545138
26592.4140009618,6591.388868437698,2323100.247293999,1.0350442976135035
26593.9222976418,6770.678887507998,2361633.37066476,1.0491139988068638
26609.9293516278,6633.550499337001,2378966.269061238,1.060815158591056
26611.2542747746,6633.550499337001,2410973.3816149896,1.0536258840200148
26614.8690585865,6633.550499337001,2435543.711900003,1.0548840640515869
26616.8679226809,6633.550499337001,2473201.5634655263,1.0518146074795773
26632.1653393337,6707.955134686301,2517149.7237363663,1.0509012755794929
26635.8014489189,6279.6924419682,2532160.1148117553,1.056846801422859
26642.2358728118,6279.6924419682,2568934.775617757,1.0468785496990116
26645.847192867,6279.6924419682,2602603.7869327017,1.043101879613573
26652.506257945097,6039.864642564298,2624337.55890231,1.0372009305796017
26662.9387935808,5973.5819160048995,2657424.3790509934,1.0290383129598817
26667.3371460999,5919.743994674296,2691140.1529163616,1.0197008791796838
26674.0071562098,5954.922656046598,2732227.8364959545,1.0124273215141677
26674.8680969967,5789.1719158693995,2770503.0331639564,1.0032869138452243
26678.3023716648,5789.1719158693995,2802959.8452829486,0.9853953883482445
26699.473940790496,5789.1719158693995,2834993.6285231374,0.9681458278471289
26721.3926864585,5789.1719158693995,2867014.1889298474,0.9523241161503616
26721.5684702764,5647.947361709608,2888848.275487506,0.936373708817959
26732.961541337,5647.947361709608,2921215.790771979,0.9175173514620657
26738.4475659027,5647.947361709608,2962809.428378035,0.9023043465466093
26752.3882027415,5647.947361709608,2993952.1407802557,0.8862014923526151
26754.2596487478,5647.947361709608,3031088.0993102905,0.8715812947495025
26754.927079905498,5647.947361709608,3068872.480600732,0.8560376800644537
26756.4383131396,5647.947361709608,3098109.14721091,0.837745150136947
26772.7663418156,5647.947361709608,3130098.9968227814,0.8189322110072074
26783.5625227013,5773.151690599709,3176060.531231722,0.8031953638588496
26791.2114555582,5773.151690599709,3207310.647837682,0.7842111429865888
26791.3563053338,5773.151690599709,3235442.5847028946,0.7677081677605115
26793.3349671212,5773.151690599709,3273848.4934630548,0.7501382478669468
26795.9139917057,5773.151690599709,3306749.2981600203,0.7306972489529318
26805.8171974754,5773.151690599709,3334143.9343539416,0.7128024640668607
26807.982070846,5773.151690599709,3352529.2707871213,0.69444312408566
26825.9934011286,5773.151690599709,3393817.805779694,0.6775070482260316
26827.957193296003,5773.151690599709,3417505.212910081,0.658111904481968
26834.8838686754,5773.151690599709,3440930.6819790974,0.6384629773075003
26842.754600369,5773.151690599709,3464724.1455139606,0.6192150583987734
26843.470676408702,5773.151690599709,3503271.709612953,0.6020439877737417
26844.094876494,5773.151690599709,3523759.1721003214,0.5829103589023791
26854.7785058696,5773.151690599709,3549185.8329316685,0.5640900467362965
26867.8291018332,5773.151690599709,3569916.510678327,0.5452504203585788
26877.8944896385,5773.151690599709,3591061.732270293,0.5266494995983527
26879.456169384703,5773.151690599709,3616292.379225915,0.5085053382052365
26886.280697782004,5773.151690599709,3638309.0409849277,0.4901831054783134
26896.191111252003,5773.151690599709,3670070.1244445913,0.47338678980058796
26904.5004873334,5773.151690599709,3685629.536912816,0.45499521403063664
26936.2182263004,5773.151690599709,3701859.9891922213,0.4369288627889881
26951.9944143535,5773.151690599709,3710432.9222653024,0.41954030467876186
26960.865319699904,5773.151690599709,3730405.4956352655,0.40201909588581425
26977.470298005697,5773.151690599709,3755396.018472688,0.3849550148232671
26982.4114753075,5773.151690599709,3775106.698012159,0.36770745428734486
