10.0,74.0,605.5500945179583,1.0755723244916382
10.0,72.0,600.3327032136107,1.0842452876102235
10.0,72.0,596.1247637051039,1.0866777697274383
10.0,72.0,592.8657844990548,1.0912588056538235
10.0,72.0,588.6011342155009,1.094296613089101
10.0,72.0,592.8657844990548,1.0912588056538237
7.0,72.0,597.6294896030246,1.0927483361507766
7.0,74.0,606.476370510397,1.2218060673291427
6.0,74.0,552.9754253308129,1.515690749861317
6.0,73.0,414.2986767485822,1.8575971943698564
4.0,61.0,262.47258979206055,2.2066478593879673
4.0,57.0,154.28733459357275,2.784790047571816
4.0,57.0,150.77126654064273,3.016510481311348
4.0,57.0,150.9829867674858,3.0919838088094593
4.0,57.0,151.84499054820415,3.0364669744756903
4.0,57.0,150.5595463137996,2.9760970792447905
4.0,57.0,150.63516068052928,2.873481859557877
4.0,57.0,150.73345935727784,2.7454909702012844
4.0,57.0,139.5500945179584,2.9314134594741157
4.0,63.0,165.86389413988655,3.1393373550835997
4.0,63.0,259.0964083175805,2.344909419678017
6.0,63.0,291.4102079395085,1.9071904633634207
6.0,63.0,287.0321361058601,1.9162599934691762
6.0,63.0,291.3421550094518,1.8986605954203575
6.0,63.0,292.2797731568998,1.8941118868603886
4.0,63.0,297.04347826086956,1.8805737048177125
4.0,63.0,298.77504725897916,1.8742730461271746
4.0,63.0,302.3856332703213,1.869273639192879
4.0,63.0,306.0756143667297,1.854119468610244
4.0,63.0,305.10775047258977,1.849522845751934
4.0,63.0,299.4706994328922,1.8645595226597644
5.0,63.0,298.7372400756143,1.8656740592140915
7.0,63.0,296.28733459357284,1.8636371485356453
7.0,63.0,294.2797731568998,1.864500379455886
8.0,63.0,288.83553875236294,1.8609234901357141
8.0,63.0,284.65028355387517,1.84066288195869
8.0,63.0,281.82230623818526,1.844639534260368
8.0,63.0,283.39130434782606,1.8659106363813682
8.0,63.0,284.75236294896035,1.88158624761442
8.0,63.0,285.17202268431,1.8545506382149437
8.0,63.0,285.9659735349717,1.8996595110162022
8.0,63.0,278.10586011342156,2.024911526871805
8.0,57.0,167.14933837429112,2.4512096245801613
8.0,41.0,70.76748582230623,2.4874507537917117
8.0,19.0,22.608695652173914,0.7401333816426312
7.0,19.0,24.03780718336484,0.7815315983780003
7.0,19.0,22.722117202268436,0.8130962514197926
7.0,19.0,23.735349716446127,0.7366687265996689
7.0,19.0,23.274102079395085,0.7641526651808603
7.0,19.0,22.601134215500945,0.780007306015708
7.0,19.0,23.62192816635161,0.7034733300735061
8.0,19.0,21.534971644612472,0.7219752801437116
8.0,19.0,24.771266540642728,0.6174872872352701
8.0,19.0,25.02835538752363,0.6546282037089118
8.0,40.0,68.56332703213612,2.2327638628009283
8.0,59.0,172.49149338374286,2.4535072092448154
8.0,61.0,274.1625708884688,1.9816285827522382
8.0,61.0,355.7240075614367,1.5848203173888322
8.0,61.0,396.21550094517966,1.2963229670292604
8.0,63.0,478.7674858223062,1.052675510499816
8.0,63.0,533.0207939508507,0.8207318622513153
9.0,63.0,572.0378071833647,0.6130491627016111
9.0,63.0,602.6049149338373,0.44832084917734116
8.0,63.0,608.9111531190927,0.45094805829788304
8.0,63.0,629.8638941398866,0.48396515744998336
8.0,63.0,628.2268431001888,0.483583901550057
8.0,63.0,626.4990548204158,0.48365201287169135
6.0,63.0,631.1493383742911,0.4859744296528898
6.0,63.0,631.149338374291,0.4859744296528898
6.0,63.0,632.8657844990548,0.48598370896491105
6.0,63.0,630.8015122873345,0.48780968239329625
6.0,63.0,630.8015122873346,0.48780968239329614
6.0,63.0,638.5141776937618,0.4835783256895794
6.0,63.0,634.4914933837427,0.48653338217880165
5.0,63.0,648.4045368620036,0.485881103166096
5.0,63.0,669.9395085066162,0.5105799127918699
5.0,63.0,671.5576559546314,0.5111668522515734
5.0,63.0,674.0756143667296,0.6622725959254587
5.0,63.0,611.4669187145558,0.8513075227518561
5.0,63.0,537.1266540642721,1.0787095462761254
5.0,63.0,465.1720226843099,1.3540014615625857
4.0,63.0,424.0,1.667161586631027
4.0,58.0,313.531190926276,2.085168304341259
4.0,56.0,211.28166351606808,2.643997450062961
4.0,52.0,108.31758034026467,3.6883860359864085
4.0,14.0,14.8468809073724,1.114749388057254
4.0,19.0,23.73913043478261,1.3464819485358406
4.0,19.0,23.36105860113422,1.2820898027823908
4.0,19.0,23.73913043478261,1.3464819485358406
4.0,29.0,47.693761814744796,1.8408858813914464
4.0,29.0,47.99621928166352,1.7517146271427417
4.0,29.0,47.00945179584121,1.7677667326475646
4.0,29.0,47.255198487712676,1.7696797480202466
4.0,29.0,47.75803402646503,1.747331407326259
4.0,29.0,48.17013232514177,1.7348747541293448
4.0,29.0,47.25519848771266,1.7696797480202475
4.0,29.0,48.17013232514177,1.7348747541293443
4.0,29.0,46.4234404536862,1.7518194158343647
5.0,29.0,45.65217391304348,1.6263368557937559
5.0,29.0,46.34026465028355,1.615064959924006
5.0,29.0,45.82608695652174,1.6112011263730954
5.0,29.0,44.9413988657845,1.8318767524625437
5.0,29.0,53.73913043478261,1.509810040794134
5.0,29.0,59.63705103969755,1.2347314957626798
5.0,29.0,60.37429111531191,1.0476352977928982
6.0,29.0,58.672967863894144,1.0136096819978573
5.0,29.0,58.82419659735349,1.1554158075934329
5.0,29.0,59.12287334593573,1.1601832803990029
5.0,29.0,58.71455576559547,1.2374915607296895
4.0,29.0,53.693761814744796,1.5311639086637672
4.0,29.0,53.678638941398866,1.496425746460523
5.0,29.0,54.313799621928176,1.3073957578485602
4.0,21.0,33.89792060491494,1.0642266974895715
4.0,21.0,33.637051039697546,1.140854505472429
4.0,21.0,33.890359168241964,1.1447444122513428
4.0,21.0,35.14933837429112,1.1034739438469194
4.0,21.0,33.890359168241964,1.1447444122513426
4.0,21.0,34.400756143667294,1.1191108965370664
4.0,21.0,34.400756143667294,1.1191108965370664
5.0,21.0,32.68052930056711,1.1534444236186985
4.0,21.0,34.47258979206049,1.1373137230936239
4.0,21.0,33.678638941398866,1.3441028454892359
4.0,21.0,33.678638941398866,1.3441028454892359
4.0,21.0,35.18714555765596,1.1526739582677792
4.0,21.0,37.039697542533084,0.9255641842626765
4.0,19.0,28.26086956521739,0.9862646542071608
4.0,15.0,20.858223062381853,0.8716710110909021
4.0,15.0,16.92627599243856,0.917026675336749
4.0,15.0,16.722117202268436,0.9552900849910999
4.0,15.0,19.02835538752363,0.7473351873206074
5.0,15.0,21.82608695652174,0.5858616562328122
5.0,15.0,23.300567107750478,0.4790525721308712
6.0,24.0,35.76559546313799,0.9401371485305805
6.0,24.0,40.68052930056711,0.7852771070355211
5.0,24.0,39.55765595463138,0.9843244071025142
6.0,24.0,49.47069943289225,0.8570392600252853
7.0,24.0,52.672967863894144,0.6682388905884765
7.0,24.0,61.16824196597352,0.5420103575335755
8.0,24.0,57.30056710775046,0.4892376641956258
8.0,24.0,57.931947069943284,0.48268515302783993
8.0,24.0,55.765595463138,0.5231689634398532
8.0,24.0,54.5633270321361,0.5359977461160389
8.0,24.0,57.75803402646502,0.4922827007010583
8.0,24.0,56.23062381852551,0.5251422699903429
8.0,24.0,56.952741020793965,0.511407022600002
8.0,24.0,54.608695652173914,0.504872531969357
7.0,24.0,54.778827977315686,0.5869107413407102
7.0,24.0,56.57844990548203,0.7187135743938009
7.0,24.0,57.156899810964084,0.7116138411899028
7.0,24.0,58.06427221172023,0.6037426731254607
7.0,24.0,57.89792060491494,0.5902880721649872
7.0,24.0,58.90737240075614,0.6121196833660884
7.0,24.0,61.039697542533084,0.7241507221317016
4.0,24.0,61.58412098298677,0.8734680252438143
4.0,24.0,62.49149338374291,0.9934786467615903
3.0,24.0,51.678638941398866,1.204280460050866
3.0,24.0,46.12476370510396,1.4861697178751987
4.0,24.0,46.487712665406434,1.33477410820691
4.0,27.0,52.83931947069944,1.4887936499426453
4.0,27.0,48.36672967863893,1.8053230117000614
3.0,27.0,34.55954631379962,2.270273794107916
3.0,27.0,33.085066162570875,2.517651509577871
3.0,27.0,33.78071833648392,2.4630042893843456
4.0,27.0,33.60680529300566,2.4388161783037594
4.0,27.0,34.55954631379962,2.2317532316162767
4.0,27.0,36.253308128544425,1.9335689544039387
5.0,27.0,37.54253308128544,1.6787896405012575
5.0,27.0,37.417769376181475,1.515441110621219
5.0,27.0,39.37618147448015,1.4923745448675947
4.0,27.0,40.22684310018904,1.5319268213843693
4.0,27.0,40.73345935727787,1.506674188274205
5.0,27.0,39.90170132325141,1.4851641743011605
5.0,27.0,37.36105860113422,1.7077090535676505
5.0,27.0,37.561436672967865,1.675892276782956
5.0,27.0,37.35727788279774,1.6277851598116346
5.0,27.0,37.765595463138006,1.4299458345958336
6.0,27.0,38.67296786389414,1.214048807391883
7.0,27.0,41.81852551984877,0.9728626588555698
7.0,27.0,40.684310018903595,0.8568421116566751
9.0,32.0,62.73345935727787,1.1358818661048622
9.0,32.0,62.66162570888469,1.154121314976167
9.0,32.0,48.982986767485826,1.3445838416559506
9.0,32.0,48.08695652173913,1.3401081268591175
9.0,32.0,48.31379962192816,1.1590699785259941
10.0,32.0,48.427221172022676,1.0000442015941202
10.0,32.0,44.05293005671077,1.052828984422584
10.0,32.0,42.752362948960304,1.0488050185107558
10.0,32.0,42.7523629489603,1.048805018510756
10.0,32.0,42.59357277882797,1.1661229422956985
10.0,32.0,42.33648393194707,1.214590981058299
10.0,32.0,42.245746691871446,1.2380389158745149
10.0,32.0,37.448015122873336,1.5063363510962677
10.0,32.0,34.34026465028355,1.7254124564470044
10.0,26.0,36.230623818525515,1.8531605718811872
10.0,25.0,35.32325141776937,1.9148042783422892
10.0,25.0,34.57466918714555,1.95668149352923
10.0,25.0,34.32514177693762,1.9611070879422383
10.0,25.0,33.29300567107751,2.0175500268986233
10.0,25.0,33.79206049149337,2.053108755624139
10.0,26.0,35.30434782608695,2.0444803355695194
10.0,26.0,33.67107750472589,2.281921033054816
10.0,26.0,33.97731568998109,2.313766443772501
9.0,19.0,15.194706994328923,2.286340193442307
9.0,19.0,15.648393194706994,2.083210470441475
9.0,19.0,15.844990548204157,2.066381459898025
10.0,19.0,17.30056710775047,1.727565705949773
10.0,19.0,16.46124763705104,1.8350248708815025
10.0,19.0,16.166351606805293,1.894954033992677
10.0,19.0,16.041587901701316,2.009230927862409
10.0,19.0,17.342155009451798,1.6737413713410103
10.0,19.0,17.28166351606805,1.621322158559095
10.0,19.0,16.858223062381853,1.6420525902926726
10.0,19.0,17.107750472589792,1.6600530309845867
10.0,19.0,17.584120982986768,1.6634363482772154
10.0,19.0,17.822306238185256,1.6477407809443647
10.0,19.0,17.822306238185256,1.6477407809443647
10.0,12.0,9.202268431001892,1.0154293474468674
10.0,12.0,9.202268431001892,1.0154293474468674
10.0,12.0,9.107750472589794,0.9938338473182003
10.0,12.0,9.984877126654066,0.8964945520232741
9.0,16.0,12.948960302457467,0.3380473209661752
10.0,16.0,13.879017013232511,0.19503015012641925
10.0,16.0,13.032136105860111,0.14562648515304902
10.0,16.0,14.170132325141775,0.23166119296730805
10.0,16.0,15.73913043478261,0.1963587101068191
10.0,16.0,17.758034026465026,0.1510920416394754
10.0,17.0,20.650283553875237,0.3090140290468298
10.0,41.0,65.64083175803403,2.434673065297256
10.0,41.0,66.9413988657845,2.3592867433826985
10.0,41.0,76.51417769376181,1.9877652902063405
10.0,41.0,80.50661625708884,1.7836068140185075
10.0,41.0,81.062381852552,1.6703745770267309
10.0,41.0,80.50661625708885,1.783606814018507
10.0,41.0,82.80907372400756,1.7864037155323653
9.0,41.0,84.77504725897919,1.77581402026273
8.0,42.0,89.4631379962193,1.682935456096313
8.0,42.0,92.82041587901702,1.6333645776991286
8.0,42.0,94.63516068052932,1.623544847626001
8.0,42.0,97.765595463138,1.5925075555399515
6.0,42.0,99.71644612476369,1.61026680421499
5.0,42.0,103.3421550094518,1.5801332422745782
5.0,43.0,107.76559546313801,1.567049184788246
5.0,43.0,107.47069943289227,1.562260471802373
5.0,43.0,105.98865784499057,1.4462903977740675
5.0,43.0,106.41965973534971,1.4278234535020016
5.0,43.0,107.21361058601134,1.3524212196476606
7.0,43.0,106.71455576559548,1.236156593828232
10.0,43.0,106.02646502835539,1.098093490816445
15.0,43.0,103.37996219281663,0.9951629367577361
15.0,43.0,102.85444234404535,1.0111162807272709
15.0,27.0,68.48771266540642,0.1071390764988462
15.0,27.0,65.89792060491493,0.14964388162576853
15.0,25.0,57.085066162570904,-0.010509788949161913
15.0,25.0,53.36105860113421,-0.045458225455975707
14.0,25.0,52.124763705103966,-0.016374672023021692
14.0,25.0,53.03213610586012,0.044083916319875356
14.0,25.0,51.85255198487713,-0.07804958981397432
14.0,25.0,51.38374291115312,-0.0870769068009764
14.0,25.0,48.11342155009452,-0.07869758155725477
14.0,25.0,45.18336483931948,-0.0846569435453638
14.0,25.0,45.18336483931948,-0.08465694354536371
14.0,25.0,43.72400756143667,-0.06520668159039972
14.0,25.0,45.18336483931948,-0.08465694354536375
14.0,25.0,44.32514177693761,-0.06381785466252873
14.0,25.0,44.32514177693761,-0.06381785466252875
14.0,25.0,47.27410207939508,-0.06252236880250293
14.0,25.0,50.41209829867675,-0.04707030428053164
13.0,25.0,51.035916824196605,0.11212247473440068
7.0,25.0,52.75992438563326,0.2585711428046327
7.0,25.0,51.519848771266545,0.39110178802045975
6.0,25.0,49.20604914933837,0.5707799903014652
6.0,25.0,47.08506616257089,0.7570547140462965
6.0,25.0,43.98865784499054,0.9777363241379425
6.0,21.0,31.58412098298676,0.8991749251219471
6.0,21.0,29.42911153119092,1.1308353401523739
6.0,21.0,24.230623818525522,1.3599957074103455
6.0,21.0,20.8468809073724,1.4293873823728043
6.0,21.0,18.672967863894137,1.6269726036755088
6.0,21.0,18.907372400756145,1.6496130913292297
6.0,21.0,17.243856332703213,1.8493343206428383
6.0,21.0,17.243856332703213,1.8493343206428379
6.0,21.0,17.243856332703213,1.8493343206428376
6.0,21.0,17.561436672967865,1.7507087412121345
6.0,21.0,17.342155009451794,1.727924000856554
6.0,21.0,17.342155009451794,1.7279240008565537
6.0,21.0,16.759924385633273,1.797791542560715
6.0,21.0,16.162570888468807,1.8809867865729166
6.0,19.0,14.257088846880908,2.24777864457147
6.0,18.0,13.258979206049148,2.3911550171455787
6.0,13.0,8.23062381852552,1.4341623241474253
6.0,13.0,11.516068052930054,1.3066945917209174
7.0,12.0,12.431001890359171,1.1325710848156754
7.0,18.0,20.846880907372405,1.4319053050166832
7.0,47.0,95.70510396975423,3.1304547702684222
8.0,55.0,192.48771266540655,2.470869354773727
8.0,64.0,315.62948960302464,2.0286757758741776
9.0,64.0,414.11342155009453,1.6147154993703148
9.0,64.0,504.59357277882816,1.3018342339832432
9.0,64.0,579.765595463138,1.0361101149043075
9.0,64.0,655.9848771266543,0.8121705569270543
14.0,64.0,644.2873345935731,0.7795392969283614
16.0,64.0,633.8525519848771,0.6363814368721996
16.0,64.0,629.304347826087,0.6351910890198259
16.0,64.0,608.8015122873346,0.6081101124492425
16.0,64.0,599.9546313799623,0.6132551319360353
16.0,64.0,609.6710775047259,0.6031289840114304
16.0,64.0,609.6710775047259,0.6031289840114303
16.0,64.0,609.6710775047259,0.6031289840114302
16.0,64.0,607.561436672968,0.6060993823385771
16.0,66.0,612.0378071833647,0.5985484017278748
16.0,66.0,613.9659735349716,0.5967704600824427
16.0,68.0,630.9943289224954,0.5739601545193956
16.0,68.0,654.1247637051039,0.5727405427141804
14.0,68.0,681.0434782608696,0.5710547379532507
12.0,68.0,694.5860113421551,0.5789089701343838
12.0,68.0,701.5614366729678,0.6089522870645379
12.0,68.0,678.7599243856333,0.7834629630602938
12.0,68.0,628.4007561436673,0.9985604884016055
12.0,68.0,537.9962192816635,1.2474935187407028
11.0,68.0,451.1493383742911,1.5603796889010493
8.0,68.0,348.4272211720227,1.931512642466566
8.0,68.0,263.36105860113423,1.9647377090573868
8.0,44.0,147.67107750472593,1.3612499717203181
8.0,44.0,143.6899810964083,1.5355807248279618
8.0,41.0,99.4555765595463,1.534237210350601
8.0,41.0,100.19281663516067,1.4817939134153155
8.0,41.0,115.01323251417766,1.4070010429302575
8.0,41.0,136.66540642722111,1.1526517721718867
9.0,41.0,133.87901701323253,1.0807119784715213
12.0,41.0,131.9054820415879,1.0453433281022892
12.0,41.0,128.31379962192818,0.9955544543823763
12.0,41.0,125.27032136105865,0.9684212039379897
13.0,41.0,119.1266540642722,0.9417832999280524
13.0,41.0,116.33648393194709,0.9221430505290633
14.0,41.0,106.80907372400759,0.9782182798105448
14.0,41.0,100.85444234404537,1.0624614411707034
14.0,39.0,92.77882797731571,1.2546771080753725
14.0,41.0,98.50661625708887,1.0934942368166587
14.0,41.0,108.43478260869566,0.965248044199844
12.0,41.0,115.46691871455577,0.9472512621551218
12.0,41.0,121.95463137996218,0.9517971775681366
12.0,41.0,129.98487712665408,0.9228191163271272
12.0,41.0,133.38752362948958,0.9166735760480842
12.0,41.0,135.5047258979206,0.8929434045139534
12.0,34.0,104.24574669187143,0.8855612992755046
9.0,34.0,87.3610586011342,1.0664072199471555
9.0,34.0,87.73156899810964,1.0859048308568042
8.0,34.0,85.0321361058601,1.2897785401470467
8.0,34.0,83.70888468809073,1.410572132770475
7.0,34.0,57.954631379962194,1.5634489051604556
7.0,24.0,39.54253308128544,0.6343747383253795
7.0,24.0,37.63705103969754,0.6995316667000234
7.0,24.0,36.69187145557657,0.8158185663768434
7.0,24.0,34.95274102079395,1.0258217611447948
5.0,24.0,33.81474480151228,1.2025410205014577
5.0,24.0,31.20982986767486,1.4840379792532057
4.0,24.0,30.07561436672967,1.7318689355856856
3.0,24.0,26.340264650283554,2.1535803796939432
3.0,24.0,25.89035916824196,2.3589254642828377
2.0,24.0,26.192816635160685,2.477987411674722
2.0,24.0,25.618147448015126,2.5323508131856407
2.0,24.0,25.618147448015126,2.5323508131856407
2.0,24.0,25.618147448015126,2.5323508131856407
2.0,24.0,25.863894139886572,2.51386813928786
3.0,24.0,25.11531190926276,2.57577589770381
2.0,24.0,25.28166351606805,2.57241044802914
3.0,24.0,24.510396975425337,2.645098303119212
3.0,24.0,25.11531190926276,2.5757758977038105
2.0,24.0,25.281663516068054,2.572410448029139
2.0,24.0,25.187145557655953,2.7061249423749705
2.0,24.0,25.345935727788277,2.754784063700095
2.0,24.0,24.778827977315697,2.9824182327389517
2.0,26.0,45.107750472589785,2.4125179136158357
2.0,26.0,28.230623818525512,3.2049730385418767
2.0,26.0,27.149338374291116,3.377499333196457
2.0,26.0,26.67296786389414,3.5332284776600593
2.0,46.0,101.46313799621929,3.167116374007792
2.0,46.0,108.0,2.79749913042123
2.0,46.0,107.33081285444234,2.788393555954471
2.0,46.0,108.21550094517957,2.773170813571756
2.0,46.0,107.90548204158787,2.7740447834557966
2.0,46.0,107.90548204158787,2.774044783455797
2.0,46.0,107.41776937618148,2.784040519689125
2.0,46.0,107.9848771266541,2.647110270396694
2.0,46.0,107.00945179584116,2.6655452203254115
2.0,46.0,107.00945179584116,2.6655452203254115
3.0,46.0,148.38563327032136,2.0415515419274173
3.0,46.0,148.38563327032134,2.0415515419274177
3.0,46.0,147.4555765595463,2.0435616628108346
3.0,46.0,147.96597353497162,2.041198835173783
3.0,46.0,146.68052930056712,2.0545271463746615
3.0,46.0,146.6805293005671,2.0545271463746624
3.0,46.0,146.1625708884688,2.0572749053788293
3.0,46.0,144.38563327032134,2.0478207745727146
4.0,46.0,143.38752362948964,2.0524336037274704
4.0,46.0,130.28733459357278,2.459326871300613
4.0,46.0,132.19281663516068,2.3147610663892366
4.0,46.0,132.3742911153119,2.3436731803136865
4.0,46.0,132.1625708884688,2.2621867625018828
4.0,39.0,68.17013232514178,2.6504786599646417
4.0,39.0,62.47258979206051,3.0786783469413828
3.0,39.0,63.18714555765594,3.0691230821583857
3.0,38.0,61.95085066162573,3.129864167099592
3.0,38.0,62.27977315689982,3.117767114079615
4.0,38.0,61.542533081285455,3.1308589869800914
4.0,39.0,62.052930056710764,3.0995854528234714
4.0,39.0,60.65028355387525,3.308182579322361
4.0,39.0,59.90926275992438,3.3085306822689056
4.0,39.0,60.80907372400757,3.253662922637339
4.0,15.0,11.988657844990547,1.3921551049095158
4.0,15.0,12.162570888468807,1.3869797142787437
3.0,15.0,12.412098298676748,1.4044017368231325
3.0,15.0,12.41209829867675,1.4044017368231323
3.0,15.0,12.245746691871455,1.406981655240727
3.0,15.0,12.245746691871455,1.406981655240727
4.0,15.0,12.412098298676748,1.250299277806084
4.0,15.0,12.162570888468807,1.3498347001369124
5.0,15.0,13.387523629489603,1.1006790166534444
3.0,15.0,13.516068052930054,1.1510197646703073
3.0,12.0,8.691871455576559,0.865965644683046
3.0,12.0,8.737240075614366,1.0080514077738731
3.0,12.0,8.737240075614364,1.0080514077738734
3.0,12.0,8.389413988657845,1.116805922136066
3.0,12.0,8.695652173913043,1.0783904673169176
3.0,12.0,9.516068052930057,0.8420292050324268
4.0,12.0,9.727788279773154,0.6784856071655697
4.0,12.0,9.463137996219281,0.6448912009384555
4.0,12.0,9.724007561436675,0.7203519096549318
4.0,12.0,9.724007561436675,0.7203519096549318
4.0,12.0,9.716446124763706,0.7626630924092479
4.0,12.0,9.603024574669183,0.8542487492090111
4.0,12.0,9.020793950850662,0.9597323477790151
4.0,12.0,9.02079395085066,0.9597323477790153
4.0,12.0,9.603024574669185,0.8542487492090107
4.0,12.0,9.603024574669185,0.8542487492090107
4.0,13.0,12.431001890359168,0.8349701987300946
4.0,14.0,15.75803402646503,0.7700840465136417
4.0,15.0,19.100189035916827,0.6861325507231688
4.0,16.0,23.387523629489603,0.6673186000536429
4.0,18.0,29.03969754253308,0.6214659675713174
4.0,18.0,33.03591682419659,0.5897929723913182
4.0,18.0,32.72211720226843,0.5845186325592048
5.0,18.0,32.344045368620044,0.5558334356589448
6.0,18.0,32.38563327032137,0.3811683646374887
6.0,41.0,78.21550094517958,1.9877984859338944
7.0,41.0,83.35727788279773,1.6810528105507494
6.0,41.0,83.8109640831758,1.6934127442518185
6.0,41.0,84.33270321361059,1.7178015747559117
6.0,41.0,85.34215500945182,1.7217177981047989
6.0,41.0,86.43100189035917,1.7043349103466063
6.0,41.0,86.43100189035918,1.7043349103466054
6.0,41.0,84.99432892249528,1.7420244201073634
6.0,41.0,86.08317580340265,1.724104541307105
6.0,41.0,87.15689981096409,1.7077864717189268
6.0,41.0,87.15689981096409,1.707786471718927
6.0,41.0,86.08317580340264,1.7241045413071059
6.0,39.0,82.29867674858222,1.7320159829149924
6.0,39.0,79.60680529300569,1.7314945779381796
6.0,39.0,80.75236294896028,1.6623470477844478
6.0,39.0,86.07561436672968,1.4850218016310464
6.0,39.0,87.61814744801514,1.421581873889191
6.0,39.0,87.19470699432891,1.44214011512635
6.0,39.0,86.07561436672968,1.4850218016310461
6.0,39.0,85.55387523629489,1.5068240181345118
10.0,39.0,85.25897920604915,1.3611145955748571
11.0,39.0,85.0321361058601,1.2388759113584498
11.0,39.0,85.46313799621929,1.2035064304170153
11.0,20.0,51.844990548204166,0.05492909864250382
11.0,20.0,48.9413988657845,0.028461782327416894
15.0,20.0,50.809073724007554,-0.12801267603493532
15.0,20.0,54.317580340264655,-0.2456785312967204
16.0,20.0,52.94139886578449,-0.4262125661331968
16.0,20.0,48.02646502835539,-0.5333347068459778
16.0,20.0,42.94517958412098,-0.7070557176071257
16.0,20.0,36.998109640831764,-0.8709363251420732
16.0,20.0,31.70510396975425,-0.8660176694992219
16.0,20.0,30.672967863894137,-0.8258033158391944
16.0,19.0,27.814744801512287,-0.7120992671672336
16.0,19.0,24.279773156899815,-0.6434500464771973
16.0,19.0,23.996219281663517,-0.6697817553565844
16.0,19.0,24.45368620037807,-0.6548880017519241
16.0,19.0,29.126654064272216,-0.5559832805818268
16.0,19.0,26.563327032136097,-0.6342982742948459
15.0,19.0,28.332703213610586,-0.445093531812361
15.0,19.0,28.69187145557656,-0.32748978440234094
15.0,19.0,29.882797731568996,-0.16269879475856897
12.0,19.0,29.444234404536864,-0.07901767960020345
12.0,19.0,32.30245746691871,0.02133531011850106
12.0,19.0,32.57466918714556,0.18258691736431293
10.0,19.0,32.32514177693762,0.30916117960896006
10.0,19.0,29.300567107750474,0.206490588662217
9.0,19.0,29.79206049149338,0.3609506458253677
9.0,25.0,39.6937618147448,0.8546598477288041
9.0,59.0,144.34404536862004,2.9701863560576487
9.0,69.0,290.11342155009453,2.4521199234524897
9.0,69.0,369.1871455576559,1.9055472545777676
9.0,69.0,448.8090737240076,1.5287499323020608
9.0,69.0,513.5198487712667,1.2322777574906498
10.0,69.0,550.6086956521739,0.9855047583080755
12.0,69.0,562.9489603024574,0.7862195394853218
12.0,69.0,572.7221172022685,0.5969400727437822
16.0,69.0,590.4914933837429,0.4082888468433434
18.0,69.0,597.2967863894139,0.23799950189297753
28.0,69.0,603.7807183364839,0.06249650095602791
51.0,69.0,592.7712665406427,-0.10394966053811212
52.0,69.0,602.8582230623819,-0.26975594761063587
52.0,69.0,588.3402646502835,-0.4379750954485434
54.0,96.0,684.9111531190925,-0.2334655141630975
56.0,96.0,666.3894139886579,-0.3764315739668042
56.0,96.0,615.2741020793951,-0.44062387418943155
56.0,95.0,565.7088846880907,-0.3729527789703096
56.0,95.0,536.34404536862,-0.3223802821847737
56.0,95.0,511.0283553875237,-0.273829980564191
56.0,95.0,519.6370510396974,-0.28602893403687885
56.0,84.0,472.476370510397,-0.14836990596122754
56.0,84.0,490.47258979206043,-0.1588277526205293
54.0,84.0,500.45368620037794,-0.0030857521553106413
54.0,84.0,491.1720226843101,-0.0008967529550920293
54.0,84.0,494.40453686200374,-0.012936767534965213
54.0,84.0,504.249527410208,-0.031400587158279265
54.0,84.0,504.2495274102081,-0.031400587158279224
55.0,84.0,504.77126654064267,-0.03673949399692034
56.0,84.0,513.3459357277882,-0.09362964486668666
56.0,84.0,514.4914933837427,-0.10987765187115613
55.0,84.0,513.4706994328924,-0.09946153274045426
55.0,84.0,514.1436672967864,-0.11042113984054913
55.0,84.0,511.7391304347826,-0.09029627122937432
54.0,84.0,550.1663516068054,0.03865517277950493
54.0,94.0,611.3686200378072,0.11073711114608756
54.0,94.0,615.8109640831758,0.28150846885061176
38.0,73.0,521.9886578449905,0.05456462930117225
29.0,63.0,470.54064272211735,0.1265044202047479
20.0,63.0,502.0718336483931,0.20707406948238616
20.0,63.0,522.8241965973535,0.19867072111280298
20.0,65.0,550.1512287334594,0.17591338659753378
20.0,65.0,578.257088846881,0.16520119666781996
20.0,65.0,585.1077504725898,0.1694021492490491
20.0,65.0,601.969754253308,0.18080968132155098
19.0,65.0,605.5198487712665,0.19019402380636183
19.0,65.0,606.2155009451795,0.2001704185635287
19.0,65.0,555.765595463138,0.3442785604800084
18.0,65.0,513.3459357277883,0.511480290275498
18.0,60.0,442.0264650283554,0.6361503154832513
18.0,60.0,392.13988657844993,0.7886736249005132
17.0,60.0,355.3761814744802,1.0173140988207556
16.0,52.0,288.2608695652174,1.2000450158965998
15.0,51.0,236.2608695652174,1.4805898935027586
11.0,51.0,181.81852551984878,1.8031019790347966
11.0,51.0,121.0812854442344,2.0573899559780022
9.0,24.0,48.672967863894144,0.5552449274164986
8.0,25.0,51.47826086956522,0.651206213700015
8.0,25.0,52.04158790170133,0.6440345128016689
8.0,25.0,50.90737240075614,0.8380687169135078
8.0,25.0,49.64083175803403,0.7963018252893191
8.0,25.0,48.952741020793944,0.9302937650539055
8.0,25.0,49.02835538752364,0.8390812860068418
8.0,25.0,49.02835538752364,0.8390812860068418
8.0,25.0,47.10775047258979,0.864697084510802
8.0,25.0,47.8109640831758,0.8385793362646882
8.0,25.0,48.661625708884685,0.898011079618465
7.0,25.0,50.14366729678638,0.9024531104806791
7.0,25.0,48.64650283553876,1.1003923614870015
7.0,22.0,35.731568998109644,1.0071362233916599
7.0,22.0,31.553875236294893,1.2703451680567963
7.0,24.0,40.809073724007554,1.4486835130657736
7.0,24.0,35.18336483931947,1.7868284179344631
7.0,24.0,29.41776937618147,1.7418356117343043
7.0,52.0,117.04347826086956,3.008875003379192
7.0,59.0,224.22684310018897,2.3785694841606597
7.0,59.0,317.5500945179585,1.867777604276104
7.0,59.0,342.4272211720227,1.551781556354664
8.0,59.0,359.23629489603036,1.2950298671151188
8.0,59.0,374.453686200378,1.065714826212226
10.0,59.0,380.95652173913044,0.8693488236693534
13.0,59.0,377.4631379962193,0.7129051657868606
13.0,59.0,393.98865784499054,0.5230000024157075
19.0,59.0,410.1701323251418,0.33700199991153873
26.0,59.0,425.30056710775034,0.16360064021935564
37.0,59.0,436.9489603024574,-0.005980209339705135
37.0,59.0,414.1058601134215,-0.06657618304865923
37.0,59.0,420.6729678638941,-0.07486857819630822
37.0,57.0,407.24385633270316,-0.05464876373291052
37.0,58.0,414.10586011342156,-0.06639044212528784
37.0,58.0,416.4725897920606,-0.07082189144221385
37.0,58.0,408.5482041587901,-0.06607717303561558
37.0,58.0,417.35727788279775,-0.06396789515308154
37.0,58.0,404.38941398865774,-0.06178366057542299
39.0,58.0,405.81474480151235,-0.14223828065679403
41.0,58.0,386.07939508506615,-0.30704290925131067
41.0,67.0,431.7769376181475,-0.3236783995158103
41.0,67.0,454.69187145557663,-0.27869310892384647
41.0,67.0,438.32514177693776,-0.29413816826549505
41.0,67.0,423.8676748582231,-0.31004928937218357
41.0,67.0,436.0718336483931,-0.34545969333657256
42.0,67.0,442.5141776937617,-0.3769758843349581
44.0,67.0,452.41209829867677,-0.4139242448897892
49.0,67.0,460.1701323251418,-0.4452761207300914
50.0,67.0,469.8109640831758,-0.5068881429585546
49.0,67.0,466.6465028355387,-0.49961824052020415
48.0,68.0,509.47448015122876,-0.33389882297788875
44.0,68.0,536.9981096408318,-0.16614991239698482
39.0,68.0,555.7088846880907,0.0018872484983901857
39.0,68.0,585.069943289225,0.061478369507321835
39.0,68.0,582.8620037807182,0.062391929516539414
39.0,70.0,600.7674858223063,0.05423704710956792
39.0,70.0,594.2117202268431,0.05607714679123277
39.0,70.0,596.5746691871454,0.05446324227888984
39.0,70.0,602.0756143667296,0.0577953787651204
39.0,70.0,586.5217391304348,0.0278050140618243
39.0,70.0,591.3308128544423,0.03422437669593497
19.0,70.0,601.7051039697542,0.16031944616794389
11.0,70.0,607.5576559546313,0.3126981604429249
11.0,65.0,529.0094517958412,0.4132349992697855
11.0,53.0,460.82041587901705,0.5378141783638825
11.0,53.0,424.07183364839324,0.7273535063553748
11.0,53.0,384.06427221172027,0.8158763771825371
11.0,52.0,348.2533081285444,0.8429029021579718
10.0,52.0,318.4914933837429,1.0638891857799861
8.0,52.0,270.67296786389414,1.3011263372871391
7.0,52.0,217.45557655954636,1.5656755097256814
6.0,48.0,149.21361058601133,1.7850011395239738
5.0,37.0,84.83553875236294,1.7720406287010593
5.0,37.0,83.89792060491493,1.7831694315761188
5.0,37.0,82.945179584121,1.7956514134927655
6.0,37.0,86.8015122873346,1.5291818648123439
7.0,37.0,85.80340264650283,1.4523279973067291
8.0,37.0,85.95463137996221,1.3215955761761067
10.0,37.0,81.37996219281663,1.3354396938162658
11.0,37.0,80.8960302457467,1.239405601229796
11.0,37.0,77.44423440453686,1.2051164202010145
11.0,37.0,76.83553875236296,1.121771168314249
11.0,37.0,75.15689981096409,1.3071363021383646
11.0,37.0,75.82608695652173,1.3302662227051552
11.0,37.0,77.86389413988657,1.3601950625340087
11.0,37.0,84.75992438563327,1.1028088153938282
11.0,37.0,88.38563327032136,0.9839889673605301
12.0,50.0,149.28166351606805,1.3689697375862524
12.0,51.0,207.81852551984878,1.2509742614403359
12.0,55.0,266.2306238185255,1.2658131902728627
12.0,63.0,341.4291115311909,1.333158727007222
13.0,63.0,392.45368620037806,1.0852762161256757
14.0,63.0,420.17391304347825,0.8664065733399794
14.0,61.0,418.3024574669188,0.7003123332262858
15.0,59.0,424.60113421550096,0.524398537001259
20.0,59.0,430.2873345935728,0.3479794959897187
21.0,59.0,427.32325141776937,0.18619632921040302
24.0,59.0,408.77882797731576,0.03768247782506816
24.0,61.0,441.3761814744802,0.024573013309992352
24.0,61.0,453.0132325141777,0.019307414423969615
24.0,61.0,478.32514177693764,0.00973011270711776
24.0,63.0,502.1134215500947,-0.008594452757426414
24.0,63.0,529.9017013232514,-0.011119772305505315
24.0,63.0,521.8827977315689,-0.038048170626747216
24.0,63.0,544.3856332703215,-0.028800605193682986
24.0,63.0,560.0,-0.035177577326083675
24.0,63.0,570.6049149338374,-0.035718839576702986
33.0,63.0,543.0850661625709,-0.1483940508286837
33.0,63.0,574.7750472589792,-0.085425671928375
33.0,63.0,603.149338374291,-0.03530170428250854
20.0,63.0,585.2438563327032,0.10092308986014607
18.0,63.0,582.2797731568999,0.27617230721659647
6.0,63.0,556.2495274102079,0.4572676170143989
4.0,57.0,499.561436672968,0.6040221202924371
4.0,53.0,444.8582230623819,0.7907631744352316
2.0,53.0,397.969754253308,1.0079262061732097
2.0,53.0,363.3421550094518,1.2696598022494818
2.0,53.0,302.578449905482,1.5855769024802389
2.0,53.0,229.04347826086956,1.9782037578243805
2.0,49.0,142.08317580340264,2.4177415566141103
2.0,33.0,61.10018903591683,2.488288718911999
2.0,33.0,61.75803402646503,2.4737859767218926
2.0,33.0,62.24952741020793,2.522421692989197
2.0,33.0,62.85444234404537,2.512334040751058
2.0,33.0,69.3875236294896,2.0776528451392737
2.0,33.0,73.69376181474482,1.7614734030987536
2.0,33.0,69.47448015122873,1.8550705639651623
2.0,33.0,70.34404536862003,1.6868226128642674
2.0,33.0,69.42911153119093,1.5741778473658177
2.0,33.0,68.6086956521739,1.5010751064011447
2.0,22.0,48.77126654064273,0.8975139882489589
4.0,27.0,64.93383742911152,0.8983699062616946
4.0,47.0,127.20226843100187,1.6597419535871882
4.0,47.0,127.97731568998108,1.6403571017220087
4.0,69.0,270.3364839319471,2.0507238422684773
9.0,69.0,388.71455576559555,1.6906775047805054
11.0,74.0,518.2495274102079,1.4314005585850686
12.0,74.0,568.34404536862,1.1486757513599748
16.0,74.0,633.9508506616259,0.9197814007696162
17.0,74.0,687.0321361058602,0.7112817290526021
18.0,74.0,703.2589792060492,0.522523067563673
18.0,74.0,696.578449905482,0.5291349498228314
18.0,74.0,696.5784499054821,0.5291349498228313
18.0,74.0,706.0,0.5176398886363781
18.0,74.0,701.1228733459359,0.5242196756593784
18.0,74.0,703.6068052930056,0.5206516116969465
18.0,74.0,694.1701323251417,0.532402724982869
17.0,74.0,709.9319470699432,0.5466628144327844
16.0,74.0,722.4877126654064,0.5598024400879785
12.0,74.0,750.3137996219281,0.5609486951263258
11.0,74.0,768.0831758034025,0.5620185313106767
9.0,74.0,779.9924385633268,0.5654235660410959
8.0,74.0,786.8884688090737,0.5672025542607957
7.0,74.0,804.1285444234405,0.6058649229308295
6.0,74.0,824.2155009451797,0.6687078693847287
6.0,74.0,815.8449905482041,0.833863060379869
5.0,74.0,834.1625708884687,0.8661351614995516
5.0,74.0,742.3742911153118,1.1021793574099226
5.0,74.0,641.984877126654,1.3637886551252605
5.0,67.0,497.38374291115315,1.653426633765832
5.0,67.0,416.9111531190927,2.049245941251419
5.0,67.0,290.98298676748584,2.485004607920588
5.0,60.0,150.80907372400756,3.126027403673226
5.0,23.0,33.70888468809074,1.000724384250133
6.0,23.0,33.60680529300567,0.9394963218889164
6.0,23.0,33.60680529300567,0.9394963218889167
6.0,23.0,33.60680529300567,0.9394963218889164
6.0,23.0,33.60680529300567,0.9394963218889167
6.0,23.0,33.60680529300567,0.9394963218889167
6.0,23.0,33.90548204158791,0.9415619711121578
5.0,23.0,34.907372400756145,0.986750897687353
4.0,23.0,35.72400756143668,1.0625965207305343
5.0,29.0,54.4725897920605,1.3182373531809684
6.0,29.0,54.05671077504725,1.1745965502213116
6.0,52.0,132.45368620037806,2.159250823247108
8.0,52.0,202.82041587901708,1.8028684297458957
8.0,52.0,201.5500945179584,1.7956353462108805
9.0,52.0,201.82230623818518,1.6489423253964983
13.0,95.0,475.38374291115326,2.2141953786680966
13.0,95.0,469.38752362948946,2.1203238307359413
13.0,95.0,470.31758034026467,2.1185820493816463
13.0,95.0,501.28922495274105,1.8223873058626963
13.0,95.0,715.7391304347826,1.5444781099905298
13.0,95.0,880.2306238185254,1.2479368561150475
13.0,95.0,894.2873345935731,1.1335392761624443
13.0,95.0,888.9413988657847,1.115862033688958
22.0,95.0,881.4555765595464,1.0391366722596436
22.0,95.0,864.7826086956521,1.0212769250649725
22.0,95.0,863.7240075614369,0.8495348266572718
28.0,108.0,1053.5916824196597,0.8036794445480745
29.0,108.0,1001.984877126654,0.7972778755254493
29.0,106.0,958.6654064272212,0.8446372679242429
29.0,106.0,952.7145557655956,0.8544747658381898
29.0,106.0,940.7674858223061,0.8750407445326283
29.0,104.0,934.5973534971644,0.8866545467017319
28.0,105.0,984.2381852551985,0.8666780591427993
32.0,105.0,958.9527410207941,0.8421501892866957
32.0,105.0,1039.890359168242,0.737279876039501
32.0,213.0,2335.149338374291,1.8871008537431104
32.0,213.0,2345.6899810964082,1.706913483139913
35.0,213.0,2461.0396975425333,1.4429054003216284
35.0,213.0,2636.1058601134214,1.3306595635228438
45.0,213.0,2685.345935727788,1.1453277755710252
46.0,247.0,4043.2060491493385,1.3197726624318016
58.0,247.0,4641.209829867675,1.051499114158767
58.0,247.0,5857.183364839319,0.9621593136604323
58.0,247.0,6112.896030245744,0.8226423526200309
84.0,247.0,6318.472589792061,0.6348458543244572
91.0,247.0,6456.336483931947,0.44740791766023874
102.0,247.0,6511.09640831758,0.2730215270815445
108.0,247.0,6379.497164461248,0.10935835900745734
112.0,247.0,6924.691871455576,-0.014843969550863732
130.0,247.0,7443.19470699433,-0.10380889242651384
161.0,247.0,7605.100189035917,-0.2551440410141725
161.0,247.0,7020.026465028355,-0.3157236433173611
161.0,247.0,6329.618147448015,-0.3173119487612053
161.0,247.0,5573.035916824197,-0.3002014933717914
161.0,247.0,4794.46124763705,-0.1908030320151162
161.0,218.0,4201.6181474480145,0.04255038459482699
161.0,206.0,4082.026465028355,0.0984794181298336
161.0,206.0,4218.434782608696,0.07436518826956817
130.0,206.0,4225.069943289225,0.24766333123901407
130.0,206.0,4104.627599243858,0.2100177955403141
144.0,206.0,4047.765595463138,0.15654154223129232
157.0,206.0,4033.1682419659737,0.10320288052617232
161.0,206.0,4009.4631379962198,-0.055111479610729805
161.0,327.0,5623.863894139886,0.713143558784138
161.0,327.0,6274.317580340263,0.6301408548205407
161.0,327.0,5987.88279773157,0.7257863650470476
167.0,327.0,5989.289224952743,0.715436779420923
157.0,327.0,5988.64650283554,0.7440910993591846
157.0,327.0,6043.293005671077,0.7101825583654288
153.0,327.0,6036.3137996219275,0.7546139867329642
151.0,327.0,6038.128544423441,0.803995325207038
151.0,327.0,5743.04347826087,0.9324738644420428
151.0,327.0,5590.604914933838,0.98556482376159
151.0,327.0,5582.888468809074,0.9868934318910743
153.0,327.0,5885.04347826087,0.7692988050490134
157.0,327.0,5669.04347826087,0.7275483598915234
157.0,327.0,5625.455576559546,0.7289578362945484
157.0,327.0,5544.302457466918,0.7369872472053742
157.0,327.0,5275.550094517957,0.8236765277908716
157.0,307.0,4953.470699432892,0.9863140922069383
157.0,294.0,4842.8355387523625,1.0439241831273425
157.0,301.0,4931.7088846880915,1.0002745098055321
157.0,301.0,5144.846880907373,0.9579587351761774
157.0,301.0,5299.984877126654,0.9626530313368994
153.0,301.0,5315.565217391304,0.980754433649565
151.0,301.0,5418.287334593573,1.0916143910771632
144.0,218.0,3519.1568998109638,0.6837027141006221
144.0,184.0,2631.17202268431,0.5184991578548741
144.0,184.0,2777.2136105860113,0.4967433441028203
144.0,184.0,2757.6294896030245,0.5892435785826182
130.0,184.0,2765.3421550094517,0.6588383792248904
123.0,184.0,2656.9413988657843,0.8642530193982888
123.0,184.0,2681.5652173913045,0.8257473279829454
123.0,208.0,3521.534971644613,0.8488271472442601
123.0,208.0,3981.497164461248,0.7573707116193774
123.0,208.0,3997.1947069943285,0.7523443026661917
123.0,208.0,3664.1663516068047,0.8065741401954908
123.0,290.0,5153.776937618147,1.329668322057021
123.0,290.0,5467.122873345937,1.1577035980892587
130.0,290.0,5420.767485822306,1.0717489397270212
142.0,290.0,5342.128544423441,1.0474221869368254
142.0,290.0,5269.357277882798,1.0552888918233851
142.0,290.0,5189.735349716447,1.0785135194322286
142.0,290.0,5084.650283553875,1.111754606910375
142.0,287.0,5062.340264650283,1.121546897055474
142.0,287.0,5044.431001890358,1.1271541290586897
142.0,287.0,5157.0964083175795,1.0965529588331513
132.0,287.0,5175.969754253308,1.110851752088472
142.0,287.0,5044.344045368619,1.07249337994414
152.0,287.0,5155.497164461248,0.8711969742063196
157.0,287.0,5453.432892249528,0.6952473805390994
157.0,287.0,5424.124763705104,0.7104462233002696
164.0,287.0,5513.59168241966,0.546931506128002
174.0,287.0,5955.028355387524,0.3693027065113627
190.0,287.0,5679.474480151229,0.2433670068116319
205.0,287.0,5670.173913043478,0.17472452816454134
200.0,287.0,5312.759924385633,0.2506757418571492
190.0,287.0,5123.1001890359175,0.3753459759226133
190.0,287.0,5931.361058601136,0.3704420858457814
200.0,287.0,6007.59168241966,0.3051012435436077
200.0,249.0,4773.081285444234,0.01190451925788999
200.0,249.0,4743.04347826087,0.01849913032708861
205.0,249.0,4959.5538752362945,-0.08435719912224288
205.0,249.0,4979.516068052931,-0.07854324980531649
205.0,251.0,5304.506616257089,-0.12168965213198109
205.0,254.0,5519.5538752362945,-0.1547551307680609
205.0,254.0,5609.258979206049,-0.16212607115728944
205.0,254.0,5249.939508506615,-0.14328677558435485
205.0,311.0,6156.124763705105,-0.3734757486684144
205.0,311.0,6451.020793950851,-0.39762919389446894
205.0,311.0,7124.325141776938,-0.37588173797434965
205.0,311.0,7223.013232514176,-0.32683265089643265
200.0,311.0,7008.4045368620045,-0.22554051700328684
171.0,311.0,6980.95652173913,-0.05247055588784012
171.0,311.0,6921.069943289223,-0.02718323575905968
171.0,311.0,6779.852551984878,-0.003342441540126249
171.0,311.0,6180.714555765596,-0.06391961308400555
171.0,311.0,5993.60302457467,-0.016634086669052126
153.0,311.0,5888.563327032138,0.07827008016435943
153.0,311.0,5872.865784499054,0.08303867937310702
153.0,311.0,5881.826086956522,0.07496883597555623
153.0,244.0,4779.776937618148,-0.29879587402173596
153.0,244.0,4823.37618147448,-0.28965007945555127
153.0,248.0,5049.584120982987,-0.22715274836270802
153.0,430.0,8385.91304347826,0.9612213079929282
153.0,430.0,8786.366729678639,0.9266817970970488
176.0,430.0,9084.13988657845,0.7630982935654358
176.0,430.0,9347.202268431001,0.7209156020034612
176.0,441.0,10109.727788279773,0.5773372060420359
176.0,441.0,10948.948960302456,0.47600456811427544
176.0,441.0,11946.22684310019,0.4327224335641606
176.0,441.0,12047.42911153119,0.42004326995154795
176.0,441.0,12587.504725897918,0.37796821761190197
176.0,441.0,13044.820415879016,0.3472002530973627
176.0,441.0,13837.863894139884,0.37355485083153284
176.0,441.0,14612.6011342155,0.439271759322084
176.0,441.0,15210.945179584121,0.4495292750260655
142.0,441.0,15742.151228733459,0.5663269430526963
43.0,441.0,15964.835538752362,0.7101692489623723
13.0,441.0,15986.782608695652,0.8769893989435112
13.0,441.0,16070.782608695652,1.0127485743566704
11.0,441.0,16317.42911153119,1.1070818730224858
9.0,441.0,16183.939508506613,1.2812922827157471
9.0,441.0,16049.455576559549,1.4443219301191805
8.0,441.0,15441.107750472589,1.6878581937690473
8.0,441.0,14300.982986767483,2.015560474645944
6.0,441.0,12611.909262759926,2.4864672367249843
6.0,295.0,5668.517958412099,2.90200305104931
6.0,250.0,2510.9754253308124,4.259121132208615
5.0,43.0,81.1304347826087,2.511019430042956
4.0,18.0,27.15689981096409,0.7590025187721892
5.0,56.0,127.72400756143665,3.1607216601545454
6.0,56.0,126.20037807183365,3.085266900956863
8.0,56.0,132.34404536862002,2.7245164628026433
8.0,56.0,130.83553875236294,2.7463035700110394
8.0,56.0,128.59735349716448,2.7871934482756355
8.0,56.0,126.36672967863892,2.815828471887364
8.0,56.0,126.28733459357274,2.783884811977294
8.0,56.0,127.8109640831758,2.603788332375607
9.0,56.0,191.86389413988664,2.0222419345310345
11.0,56.0,205.897920604915,1.6936350903746755
11.0,56.0,232.54064272211727,1.3814666460822456
12.0,56.0,245.9092627599244,1.1293330365447078
12.0,56.0,278.0642722117202,0.9287516337105881
14.0,56.0,280.8657844990548,0.7850748027375576
14.0,64.0,347.90548204158785,0.768817555149155
16.0,64.0,361.3799621928166,0.5701610738522376
19.0,71.0,430.5103969754253,0.5723066954677736
25.0,71.0,425.9054820415879,0.4990105973046808
30.0,71.0,414.9489603024576,0.34734588475043443
30.0,84.0,527.9546313799623,0.45335292609800065
34.0,84.0,564.9754253308128,0.3091227623923281
38.0,84.0,526.0189035916825,0.2074996041740475
38.0,78.0,498.23062381852543,0.28578447698564674
34.0,78.0,520.3478260869565,0.41911527627090317
34.0,79.0,540.1512287334593,0.38535711973116343
34.0,82.0,581.3686200378071,0.3648094699484508
34.0,82.0,588.9451795841209,0.35069838378799695
34.0,82.0,599.1682419659736,0.332116437187222
34.0,83.0,616.6086956521739,0.3051778628911036
34.0,83.0,613.1228733459358,0.30412769361988634
34.0,83.0,613.1228733459358,0.30412769361988634
30.0,83.0,603.8223062381854,0.44855650583160867
30.0,83.0,618.1134215500945,0.5245357780420918
21.0,83.0,623.0132325141776,0.6325295647989801
21.0,83.0,622.2873345935728,0.7144462444796458
21.0,83.0,611.0812854442345,0.8228872670005227
21.0,83.0,612.8582230623819,0.7938124811389308
21.0,83.0,560.7599243856333,0.906861935523445
21.0,83.0,550.3478260869565,0.9665254846559583
21.0,83.0,522.4007561436674,0.9504761615887832
21.0,83.0,574.3024574669187,0.789625928895865
21.0,83.0,561.553875236295,0.8645026243739622
21.0,71.0,421.63705103969755,0.7330650114510672
19.0,62.0,324.25330812854446,0.7254452721975284
18.0,62.0,296.3327032136106,0.9415400013028916
19.0,62.0,327.45557655954633,0.724983809917256
19.0,62.0,323.29300567107754,0.7343174584602358
19.0,62.0,309.38374291115315,0.7373751425143129
19.0,62.0,294.3364839319471,0.7961600727660391
19.0,63.0,300.3251417769376,0.7551414041110133
19.0,63.0,300.3251417769376,0.7551414041110129
19.0,63.0,302.40075614366725,0.7407208179643849
19.0,63.0,317.3308128544423,0.7033223167996625
18.0,63.0,323.37996219281666,0.7266409411013467
18.0,63.0,331.6710775047259,0.5997035649369499
22.0,63.0,328.7221172022684,0.4790843605210617
22.0,63.0,347.9886578449905,0.4599910587309411
18.0,63.0,367.16824196597355,0.49233351726933816
18.0,63.0,384.5595463137995,0.5612547673070426
14.0,63.0,388.50661625708887,0.7078928665955426
12.0,63.0,384.99810964083173,0.8833451120070862
12.0,63.0,373.64839319470696,1.027557218252023
12.0,62.0,287.6521739130435,1.1643941944782212
11.0,52.0,198.9413988657845,1.114910879571528
9.0,52.0,187.4480151228733,1.3669473497160969
9.0,52.0,169.61814744801512,1.4991943210924217
6.0,52.0,174.7221172022684,1.5708050623667422
6.0,52.0,178.0567107750472,1.4722011835350823
6.0,38.0,107.64461247637048,1.263125342618795
6.0,38.0,111.062381852552,1.2764960484801382
4.0,38.0,111.60680529300568,1.434960809876469
4.0,38.0,111.51606805293007,1.5088425132374201
4.0,38.0,111.51606805293007,1.5088425132374201
4.0,38.0,111.51606805293007,1.5088425132374201
4.0,38.0,111.51606805293007,1.5088425132374204
4.0,38.0,112.05293005671078,1.5061036382067046
3.0,38.0,114.8393194706994,1.5622592082953006
3.0,33.0,75.36862003780718,1.7063574802755386
3.0,24.0,43.79206049149337,1.6707412717038688
3.0,24.0,52.02646502835539,1.3322472628618949
4.0,24.0,53.46313799621928,1.1397785490607948
4.0,24.0,61.35727788279774,0.9025045363159304
4.0,26.0,75.64839319470698,0.7872842733355824
4.0,38.0,112.06427221172024,1.0086794704714583
4.0,38.0,109.89035916824197,1.0862564048404935
4.0,38.0,109.89035916824197,1.0862564048404935
4.0,38.0,109.63705103969754,1.0785253367055099
6.0,38.0,107.12665406427222,1.0319246267391444
6.0,38.0,103.79206049149339,1.0603353562693272
7.0,38.0,100.1928166351607,0.9778713015985963
7.0,38.0,94.95274102079395,1.1490856987511169
7.0,38.0,93.81852551984878,1.1378054922078256
10.0,38.0,92.06427221172022,1.0049653532779044
10.0,38.0,87.58412098298678,0.941477371934348
10.0,38.0,88.66540642722119,0.939660823990692
10.0,38.0,88.66540642722119,0.939660823990692
10.0,38.0,90.4272211720227,0.9082647258385524
10.0,38.0,87.90926275992437,0.9498181454425325
10.0,38.0,89.67863894139887,0.9172249423092672
10.0,38.0,87.1493383742911,0.9604931394787284
10.0,38.0,87.14933837429112,0.9604931394787282
10.0,38.0,85.03213610586012,0.9464353185141584
10.0,38.0,83.82230623818528,1.1366305897239442
9.0,38.0,88.34404536862006,1.164902204891346
9.0,38.0,83.50472589792061,1.311662490524278
9.0,190.0,1432.0869565217392,4.1321371067057076
9.0,204.0,2881.213610586012,2.877949915796696
9.0,253.0,5040.646502835539,2.252780579999653
9.0,377.0,9860.854442344045,2.1212300904304855
10.0,377.0,11616.559546313798,1.6838633336358357
10.0,377.0,12739.11531190926,1.37035645176888
10.0,377.0,15980.43100189036,1.1346400616569643
10.0,377.0,19038.888468809073,0.922114162598412
13.0,377.0,20954.809073724013,0.7067388788750751
15.0,428.0,24330.767485822307,0.5736039934512717
15.0,428.0,26740.77126654065,0.4073822788381395
190.0,428.0,26665.879017013238,0.2401217514520346
204.0,428.0,26886.23062381853,0.06584555398661941
237.0,428.0,26511.25897920605,-0.10596567608788857
249.0,428.0,24890.170132325144,-0.24003722121564197
249.0,428.0,23061.345935727793,-0.3288150901812102
249.0,428.0,21001.281663516067,-0.43598443876144594
249.0,428.0,18862.548204158793,-0.5206456949551165
249.0,428.0,16891.43289224953,-0.5314650976404872
249.0,428.0,16067.606805293004,-0.49592688581857863
249.0,428.0,13922.941398865783,-0.4548565796943228
249.0,415.0,11330.287334593575,-0.3318086125026169
249.0,373.0,9040.079395085064,-0.0032747365898714367
253.0,373.0,8810.453686200379,-0.08599753353585861
263.0,373.0,8733.391304347826,-0.22157819007735483
263.0,373.0,9182.64650283554,-0.3126978817618938
263.0,396.0,10071.206049149338,-0.17772964493948692
294.0,397.0,11318.105860113423,-0.18946234390789998
313.0,397.0,11713.758034026465,-0.3217565400039376
313.0,397.0,11989.455576559543,-0.32873219421901745
297.0,397.0,11724.230623818527,-0.2661794754594694
294.0,397.0,11770.778827977314,-0.14066086043251455
294.0,397.0,11105.069943289225,-0.15830680280946496
294.0,397.0,11083.17202268431,-0.15984049926121163
263.0,397.0,11764.911153119092,-0.05087757932281918
249.0,436.0,14259.603024574672,-0.13315447687340634
227.0,436.0,16095.46691871456,-0.06312495075019495
217.0,436.0,18265.988657844988,-0.04086646167510412
217.0,436.0,20152.143667296787,-0.032489080491642085
198.0,444.0,22226.340264650284,0.009221324226913873
197.0,444.0,24054.695652173912,0.05685877327391574
197.0,450.0,25746.340264650284,0.06885830314636954
197.0,450.0,26411.91304347826,0.06046546850490994
197.0,450.0,27983.032136105856,0.09964837248820262
173.0,450.0,29510.037807183366,0.1753784562944533
154.0,452.0,31030.083175803404,0.23518785618040908
30.0,452.0,32095.00945179584,0.3646256248154815
22.0,452.0,32286.601134215503,0.5294982968921426
20.0,452.0,30957.209829867676,0.7281694899452863
16.0,452.0,27247.417769376178,0.9271638619247043
16.0,408.0,22625.897920604915,1.1321948176870642
16.0,408.0,18780.907372400754,1.3962952995219082
16.0,408.0,14669.028355387523,1.7236336155308754
12.0,408.0,12563.758034026465,2.165072992452932
12.0,408.0,11342.056710775047,2.5469608766537166
12.0,408.0,7211.243856332702,3.5361513496301535
12.0,154.0,1128.431001890359,2.525598338388641
11.0,76.0,388.1512287334594,1.5045810940965882
11.0,76.0,389.99621928166357,1.5182776972168588
11.0,76.0,394.99810964083173,1.6363691263272158
9.0,76.0,402.9224952741022,1.6774140190406857
8.0,76.0,411.46691871455556,1.734763167042639
8.0,76.0,414.0529300567108,1.7331081174313197
7.0,76.0,423.24385633270316,1.7290752203971151
7.0,76.0,424.491493383743,1.7247079435401698
7.0,76.0,432.8468809073725,1.722522261894492
5.0,76.0,435.4102079395086,1.7218404503761187
5.0,76.0,439.60680529300566,1.721461177324912
5.0,76.0,439.60680529300566,1.7214611773249122
5.0,76.0,435.039697542533,1.7334845951386586
5.0,76.0,433.2551984877128,1.7347020132054438
5.0,76.0,439.99243856332714,1.740264687663264
5.0,76.0,438.60113421550085,1.7245841046081636
5.0,76.0,431.531190926276,1.8196142784459004
5.0,76.0,342.15122873345933,2.3107889202062504
5.0,76.0,338.3402646502835,2.42914674318852
5.0,76.0,336.0718336483931,2.3993728503440104
5.0,57.0,153.648393194707,2.5504609844105777
5.0,32.0,53.50472589792061,1.5229191561241897
5.0,21.0,35.455576559546316,0.6372513311514401
5.0,21.0,42.04158790170133,0.5510835780871473
5.0,23.0,50.9413988657845,0.6110482685110019
6.0,23.0,49.82230623818524,0.5057318983029792
9.0,23.0,48.78260869565217,0.442541212508332
9.0,23.0,47.01323251417769,0.43427030132032685
9.0,23.0,47.9054820415879,0.438563306789126
9.0,23.0,46.665406427221164,0.4593439675730632
9.0,23.0,46.66540642722117,0.45934396757306295
9.0,23.0,45.99621928166352,0.4748300562081225
9.0,23.0,46.491493383742906,0.4729081461889966
9.0,23.0,45.99621928166352,0.47483005620812246
9.0,23.0,45.99621928166352,0.47483005620812263
9.0,23.0,47.06994328922496,0.46520551946211813
9.0,23.0,50.200378071833654,0.44358947235998986
9.0,23.0,49.172022684310015,0.4466909097334032
6.0,23.0,50.9413988657845,0.5751736642711992
4.0,23.0,48.279773156899815,0.7767849478916464
4.0,38.0,86.0264650283554,1.4648948505425974
4.0,66.0,221.95085066162574,2.310634902867186
4.0,66.0,269.2551984877127,1.8507603169294016
4.0,66.0,366.47258979206055,1.549423113517495
4.0,66.0,433.640831758034,1.2552610118943446
4.0,66.0,447.2438563327032,1.140648770064018
4.0,66.0,447.03591682419653,1.1721381658339523
4.0,66.0,447.6068052930057,1.1643300002581833
4.0,66.0,490.6616257088848,0.929566929154918
4.0,66.0,492.32514177693776,0.8065244021030155
4.0,66.0,490.1247637051041,0.8040084216298949
4.0,66.0,490.1247637051041,0.8040084216298949
4.0,66.0,491.6181474480151,0.8026912071224108
4.0,66.0,487.1266540642722,0.806823691400077
4.0,66.0,485.62192816635167,0.8082991684056432
4.0,66.0,488.71455576559555,0.8047584496137201
4.0,66.0,488.71455576559555,0.8047584496137202
5.0,66.0,481.1720226843099,0.8125141960703797
5.0,66.0,481.1720226843099,0.8125141960703796
8.0,65.0,469.9508506616258,0.8202742003763127
8.0,65.0,458.25330812854446,0.7857104971611546
8.0,65.0,451.99243856332714,0.7950450463986033
11.0,65.0,440.4234404536863,0.7985143621841923
11.0,65.0,430.49905482041584,0.9586722820219394
11.0,60.0,337.1228733459357,1.092647520499384
11.0,60.0,304.54064272211724,1.344738278339285
8.0,54.0,217.3761814744801,1.5172682007768366
8.0,49.0,169.42911153119093,1.3174870845107536
8.0,49.0,154.08317580340264,1.439839465472427
8.0,49.0,153.99243856332703,1.4724764583369487
8.0,49.0,149.11531190926277,1.6730162430713835
8.0,37.0,87.45557655954633,1.5280689910583902
8.0,37.0,69.93194706994329,1.7338411951335768
8.0,37.0,77.02079395085066,1.427053877934819
8.0,38.0,79.32325141776937,1.365110045493274
9.0,38.0,76.33270321361057,1.378188247997179
9.0,38.0,79.28166351606808,1.305409600524088
9.0,38.0,78.6805293005671,1.3145846921047537
9.0,38.0,79.54253308128547,1.2897358893269975
9.0,38.0,80.13988657844992,1.2812635410317346
9.0,38.0,83.5047258979206,1.221569945222599
9.0,38.0,83.50472589792061,1.2215699452225983
9.0,38.0,87.64839319470698,1.19291131554429
8.0,38.0,85.79584120982987,1.3882490152655036
8.0,38.0,88.65028355387524,1.3545905429413072
4.0,38.0,89.89035916824197,1.425548554809595
4.0,38.0,90.72211720226844,1.537968355826432
4.0,38.0,90.04158790170132,1.5782560328235813
4.0,38.0,88.63516068052931,1.660772461683333
4.0,38.0,90.20037807183365,1.5470021312593365
4.0,24.0,53.99621928166352,0.8710233964742725
4.0,23.0,45.818525519848784,0.7178918514618791
4.0,23.0,44.661625708884685,0.8438444954988434
4.0,23.0,44.90737240075615,0.8210142067691214
4.0,23.0,44.69565217391305,0.7027832090841102
4.0,23.0,42.23062381852553,0.7498202918460182
4.0,27.0,48.52173913043478,1.0458229590368437
6.0,27.0,51.0396975425331,0.8390487476345928
5.0,27.0,51.28166351606806,0.9032243833970268
6.0,27.0,49.330812854442335,0.7999687350062542
10.0,27.0,48.85444234404537,0.6929671152080181
10.0,27.0,46.34782608695652,0.5960938292912632
10.0,27.0,44.73345935727789,0.5235781894447825
10.0,27.0,41.376181474480155,0.5925365678903206
10.0,27.0,38.7750472589792,0.5633817577975718
10.0,27.0,34.31379962192816,0.6643846669819473
10.0,27.0,33.03213610586011,0.6853149768867733
10.0,25.0,29.516068052930056,0.9585913582934938
10.0,25.0,30.22684310018903,0.8959195203738195
10.0,25.0,29.51606805293006,0.9585913582934931
10.0,26.0,33.41020793950852,0.8168561166229382
10.0,26.0,33.429111531190934,0.7936981599648217
10.0,27.0,37.08128544423441,0.7598645532514453
10.0,27.0,35.852551984877124,0.9669401058943689
10.0,27.0,35.85255198487713,0.9669401058943685
10.0,86.0,280.23818525519846,3.6218645536144356
10.0,107.0,649.5349716446125,2.7343253044715365
10.0,107.0,649.3761814744801,2.6654609845611765
10.0,107.0,691.4706994328922,2.3200314469861336
10.0,107.0,834.7334593572781,1.8862081479239896
10.0,107.0,949.062381852552,1.5359116707949412
11.0,118.0,1295.965973534972,1.3372087493871359
11.0,118.0,1441.122873345936,1.0644537755037666
10.0,118.0,1444.9565217391305,1.064764609564636
10.0,118.0,1468.162570888469,1.0615006872273418
10.0,118.0,1480.8884688090736,1.059885408780259
10.0,118.0,1487.852551984878,1.0577093794063974
9.0,118.0,1510.385633270321,1.0523342434096505
7.0,118.0,1525.0207939508502,1.051565234526089
5.0,118.0,1531.4971644612474,1.0508510087705203
4.0,118.0,1543.5198487712667,1.0468866331333457
9.0,118.0,1523.2930056710773,1.0462186130728743
9.0,118.0,1516.499054820416,1.0476854046555295
11.0,118.0,1493.209829867675,1.049863047569297
12.0,118.0,1480.8582230623822,1.0376627581050726
12.0,118.0,1452.302457466919,1.0434657064838995
13.0,118.0,1432.0756143667297,1.0441624609360733
13.0,118.0,1438.1247637051038,1.0484041728364013
12.0,118.0,1320.3402646502836,1.310216773984761
12.0,118.0,1057.2136105860113,1.6180253375835392
12.0,118.0,1066.3175803402646,1.6492430148991146
11.0,118.0,1041.9886578449903,1.8398521784492945
11.0,118.0,902.0415879017014,2.2532768153499902
10.0,118.0,775.296786389414,2.825611470137957
9.0,91.0,313.2551984877127,3.767654901276274
8.0,22.0,32.06427221172023,0.5201427899897094
8.0,22.0,32.93383742911153,0.5908438584596334
8.0,22.0,31.988657844990545,0.61348624836553
8.0,22.0,32.93383742911152,0.5908438584596337
8.0,22.0,33.444234404536864,0.5764624855319992
8.0,22.0,33.44423440453686,0.5764624855319992
8.0,22.0,33.02079395085066,0.5810995050403639
8.0,22.0,35.21361058601135,0.5103003763996664
8.0,22.0,33.444234404536864,0.576462485531999
6.0,22.0,35.621928166351616,0.6584090708199817
6.0,22.0,37.45557655954631,0.6580921136894745
6.0,22.0,37.79584120982987,0.8128844951785389
4.0,22.0,31.194706994328925,0.9461203331367894
4.0,22.0,29.905482041587902,1.1717451157077756
4.0,22.0,27.455576559546316,1.453785733767054
4.0,22.0,25.187145557655953,1.6391713512724353
4.0,22.0,25.187145557655953,1.6391713512724353
3.0,22.0,25.209829867674852,1.7742330490197222
2.0,22.0,24.332703213610586,2.0262783662770176
2.0,22.0,22.517958412098295,2.386416490667084
2.0,12.0,8.226843100189036,1.3627372904765764
2.0,12.0,7.931947069943293,1.4963225623164462
2.0,12.0,6.956521739130435,1.862543780945162
2.0,12.0,6.888468809073724,2.059515959214834
2.0,19.0,17.890359168241968,2.4951210811557605
2.0,19.0,17.890359168241968,2.4951210811557605
2.0,19.0,17.810964083175808,2.4824387765659357
2.0,19.0,17.810964083175808,2.4824387765659357
2.0,19.0,17.553875236294893,2.5214634053673515
2.0,19.0,18.037807183364837,2.5196270037170985
2.0,19.0,17.629489603024577,2.565417004342284
2.0,19.0,18.105860113421553,2.534853302373119
2.0,19.0,17.863894139886575,2.568979328702207
2.0,19.0,18.105860113421556,2.534853302373118
2.0,19.0,18.052930056710768,2.4859687020961623
2.0,19.0,17.984877126654066,2.4401238952316615
2.0,19.0,17.90170132325142,2.4279689138058536
2.0,19.0,18.325141776937624,2.383717298968541
2.0,19.0,17.36105860113421,2.6827975732977785
2.0,19.0,14.563327032136101,3.1689141177814157
2.0,19.0,17.89035916824197,2.443409706361192
3.0,19.0,17.901701323251412,2.3525101444927565
3.0,19.0,20.200378071833644,1.9303232114765903
3.0,19.0,20.427221172022684,1.7713738766932212
3.0,19.0,20.46124763705104,1.7384785872649218
3.0,19.0,20.57466918714556,1.5957464576930287
4.0,19.0,20.5406427221172,1.4254617081219116
4.0,12.0,11.330812854442348,0.721547322364178
4.0,12.0,11.95085066162571,0.5760574925128699
4.0,12.0,12.665406427221171,0.5632193727279934
4.0,12.0,12.896030245746692,0.5641300532367846
4.0,12.0,13.20982986767486,0.5440047387681782
4.0,12.0,12.517958412098299,0.5448292970704279
4.0,12.0,13.069943289224948,0.5238629040588026
4.0,12.0,12.752362948960307,0.5450152765014015
4.0,12.0,12.517958412098299,0.5448292970704279
4.0,12.0,12.517958412098297,0.5448292970704283
3.0,12.0,12.722117202268432,0.5944834907468295
3.0,12.0,12.91115311909263,0.645030248161959
3.0,12.0,12.911153119092628,0.6450302481619592
3.0,12.0,12.759924385633271,0.48563110550472866
3.0,12.0,12.92249527410208,0.5025042342236745
3.0,12.0,12.60491493383743,0.6137143442968509
3.0,11.0,9.882797731568997,0.5971586961393484
3.0,11.0,10.563327032136103,0.5099691903511075
3.0,9.0,8.540642722117203,0.3312146689085786
3.0,9.0,8.540642722117203,0.3312146689085786
3.0,9.0,8.540642722117202,0.33121466890857876
3.0,13.0,11.73913043478261,0.7977643659246098
3.0,13.0,11.194706994328923,0.9897290221793419
3.0,13.0,11.194706994328923,0.9897290221793419
3.0,13.0,12.12476370510397,0.9847864342724232
3.0,13.0,11.504725897920606,0.9677749162569311
3.0,13.0,13.168241965973532,0.7805053565077288
4.0,13.0,12.419659735349716,0.7137110035491249
4.0,13.0,13.100189035916824,0.5257210604829451
4.0,13.0,12.08695652173913,0.5587151965695385
4.0,13.0,12.476370510396974,0.5095092515700894
4.0,13.0,13.156899810964086,0.4550354729355678
4.0,13.0,12.476370510396976,0.5095092515700893
4.0,13.0,12.476370510396977,0.5095092515700891
5.0,13.0,12.431001890359168,0.3435293101688081
5.0,13.0,12.325141776937619,0.2158766594695279
5.0,20.0,21.035916824196597,1.1510391729913863
5.0,20.0,20.737240075614366,1.1635570516504736
6.0,20.0,20.563327032136105,1.1243067045176576
6.0,20.0,20.563327032136105,1.1243067045176578
5.0,20.0,20.427221172022687,1.2181026335814673
5.0,20.0,20.77882797731569,1.2618347704415656
5.0,20.0,21.47069943289225,1.1488594935904568
5.0,20.0,21.47826086956522,1.0928506124283808
5.0,20.0,19.255198487712665,1.3193786918611645
6.0,20.0,19.84499054820416,1.1608552941816033
6.0,20.0,20.336483931947065,1.0000303445739973
6.0,20.0,20.230623818525522,1.1702181108785992
6.0,20.0,20.230623818525522,1.170218110878599
5.0,20.0,19.330812854442343,1.3981093078097566
5.0,20.0,19.73913043478261,1.2820609114923887
4.0,20.0,19.47448015122873,1.43848126519877
5.0,20.0,19.330812854442346,1.3981093078097564
5.0,20.0,17.818525519848773,1.5416988187438003
5.0,18.0,16.92627599243856,1.6999650383124878
5.0,18.0,16.92627599243856,1.6999650383124878
6.0,18.0,16.68431001890359,1.5631235136362454
6.0,22.0,29.3875236294896,1.7379103904206348
6.0,29.0,52.88846880907373,1.8070059990165779
6.0,29.0,59.03213610586012,1.742016498531308
6.0,29.0,74.75992438563325,1.42022721689801
6.0,29.0,91.1833648393195,1.150953494298311
7.0,29.0,90.55954631379963,0.9995679056383959
9.0,29.0,95.15689981096409,0.7809323678261516
10.0,37.0,120.4725897920605,0.7803742217110521
10.0,37.0,132.06427221172018,0.5909539788852768
10.0,40.0,159.85255198487712,0.5325287161235054
13.0,40.0,167.7920604914934,0.3473484759432082
14.0,40.0,167.45557655954636,0.33921251089770676
14.0,40.0,170.69187145557657,0.3486019283394045
14.0,40.0,169.49716446124765,0.3534025392851286
14.0,41.0,173.3308128544423,0.33397575625559284
14.0,41.0,171.21361058601133,0.3374258786749691
16.0,41.0,168.24952741020795,0.28699694404544007
16.0,41.0,164.2117202268431,0.2901747919041542
16.0,41.0,168.945179584121,0.2733258138414051
16.0,41.0,170.0756143667297,0.27063041504173785
16.0,41.0,168.77126654064273,0.277085028069398
16.0,42.0,171.63705103969752,0.258380363410113
16.0,42.0,182.2608695652174,0.24638790291588727
14.0,42.0,190.2608695652174,0.3753454745330831
8.0,42.0,186.34404536862007,0.5602561021982841
6.0,42.0,187.9092627599244,0.7192510884485604
6.0,42.0,183.4631379962193,0.9177179069278781
4.0,42.0,172.84688090737242,1.1539936521491607
4.0,42.0,174.29867674858224,1.2767247928080891
4.0,137.0,836.0642722117203,3.2264717740740525
4.0,231.0,2759.6937618147454,3.0502973558652693
4.0,231.0,3624.1663516068047,2.324559880838335
4.0,231.0,4487.531190926276,1.861849400904389
4.0,231.0,5365.085066162571,1.5015589411266452
4.0,231.0,6129.183364839319,1.19939679733664
4.0,231.0,6963.126654064273,0.9481848249318241
4.0,231.0,7960.759924385632,0.7470583038650099
6.0,231.0,8654.083175803404,0.5518711376459697
8.0,231.0,9362.07561436673,0.37714455689197496
8.0,248.0,10177.803402646501,0.2249150358429298
137.0,248.0,10116.907372400758,0.05620196568502544
168.0,248.0,10301.897920604915,-0.10837559802984964
174.0,248.0,9931.705103969753,-0.2779336502346915
174.0,248.0,9345.028355387523,-0.43901969126336915
181.0,248.0,8768.43100189036,-0.6301665277984219
181.0,247.0,7908.809073724007,-0.8055411834021194
181.0,247.0,6976.128544423441,-0.9586340996097181
181.0,247.0,6206.8582230623815,-1.0151652272499279
181.0,247.0,5552.809073724007,-1.0144635630731784
181.0,246.0,4680.128544423441,-1.0051206132356527
181.0,246.0,3833.466918714556,-0.887147131068419
181.0,187.0,3144.427221172023,-0.5465699084962523
181.0,187.0,3506.4045368620036,-0.5023808687695669
174.0,187.0,3583.9848771266547,-0.3393238874325609
181.0,187.0,3602.8090737240077,-0.3625595242920839
181.0,201.0,4046.302457466919,-0.2966557086477245
181.0,201.0,4033.2551984877123,-0.23986712214498032
181.0,201.0,4294.124763705104,-0.25628727525628364
181.0,201.0,4365.035916824198,-0.2683862488880662
181.0,201.0,4422.162570888469,-0.26351011371968824
181.0,317.0,6234.8582230623815,0.42238236648293903
181.0,317.0,7283.236294896032,0.4823903871489325
181.0,317.0,7153.2741020793965,0.5149581615694144
181.0,317.0,7184.521739130435,0.48400570924264524
168.0,317.0,7027.470699432894,0.5894158135398496
168.0,317.0,7035.705103969754,0.5793909185481679
168.0,317.0,7131.810964083177,0.6229239416331
168.0,317.0,7098.839319470698,0.6517142847140536
168.0,317.0,7156.922495274103,0.6813440732241401
168.0,317.0,7187.410207939508,0.6878941931510207
168.0,317.0,7265.7088846880915,0.6749310543518551
168.0,317.0,7121.28922495274,0.704329419821838
168.0,317.0,7149.977315689983,0.7003808632950941
168.0,317.0,7157.3572778827975,0.699287286044776
168.0,308.0,7033.606805293005,0.7278965494848264
168.0,304.0,6786.158790170131,0.7695869611545615
168.0,304.0,6540.775047258979,0.8036597510771337
152.0,304.0,6585.236294896031,0.8597914105265769
148.0,304.0,6226.211720226844,1.0566828561786719
139.0,304.0,6342.506616257089,1.0797441748068852
132.0,304.0,6121.03213610586,1.2851712136688989
132.0,304.0,5989.274102079395,1.4506730718499603
126.0,304.0,5739.867674858223,1.6861756768840612
126.0,265.0,3400.6049149338373,1.6885405992257612
126.0,149.0,1617.6937618147447,0.5228239520510972
126.0,183.0,1934.9413988657843,0.9120600869162334
126.0,183.0,1966.6616257088845,0.9153127219061684
126.0,183.0,2212.865784499055,0.8558391646025139
126.0,183.0,2088.9262759924386,0.9610843042544697
126.0,183.0,2140.782608695652,0.9820685541948496
126.0,183.0,2035.119092627599,1.0940507302120812
126.0,183.0,2103.323251417769,1.1279450676083518
125.0,183.0,2103.6899810964082,1.1304695522664125
125.0,182.0,1978.06427221172,1.2085065861628865
125.0,206.0,2142.635160680529,0.9854600582067441
125.0,217.0,2403.448015122873,0.7130255131585514
125.0,229.0,2748.9754253308124,0.4450907883400254
125.0,229.0,3023.621928166351,0.3020524165281893
125.0,229.0,3340.5784499054826,0.25989086710347753
125.0,229.0,3448.0831758034033,0.3240917967823251
123.0,229.0,3609.913043478261,0.4303023590760839
113.0,229.0,3585.3761814744794,0.5524904255121513
113.0,229.0,3695.4744801512284,0.6111262406422855
98.0,229.0,3733.6521739130435,0.7016182908246567
91.0,229.0,3744.858223062381,0.8108493662840455
89.0,229.0,3793.345935727788,0.9036496420440777
89.0,229.0,3757.8827977315686,0.9719324956276356
