0.11021845064143,4.657778204035064,1.8606988719730995,2.2493905587733924
0.11021845064143,4.657778204035064,1.8619953107571412,2.2491822556419154
0.11021845064143,4.660385288687875,1.8627714217744435,2.248977427395825
0.11178172086774,4.660385288687875,1.861854585919213,2.2491657112877577
0.11178172086774,4.660385288687875,1.8611782942582782,2.249309536719669
0.11178172086774,4.660385288687875,1.8604109886931046,2.2494947519901096
0.11178172086774,4.660385288687875,1.861105972710549,2.2493713001887183
0.11029461279461,4.660385288687875,1.8673519890575285,2.2491715312310703
0.11021845064143,4.660385288687875,1.874382340992972,2.249088577756392
0.10724686379928,4.676526252267054,1.8777404705937721,2.2483894244953073
0.11029461279461,4.676526252267054,1.8645219235088024,2.2460427056520333
0.11029461279461,4.676526252267054,1.8639008355423736,2.246198738690056
0.1101893275806299,2.648576586281354,0.4836590139942991,3.1515135194818455
0.10724686379928,0.19897425991247408,0.002225654578105251,2.7568995004503623
0.10429982735835,0.19897425991247408,0.002258098915084315,2.786091475681149
0.10724686379928,0.19897425991247408,0.002210533814213816,2.7531846523731205
0.10429982735835,0.19897425991247408,0.002220234558619027,2.784198588171452
0.10238095238095,0.2280182780182771,0.002573957299524698,2.3327170662948418
0.099249237918593,0.27087542087542,0.0034069832819497766,1.4585007371216099
0.097621267621268,0.27087542087542,0.004092258516689719,1.2191171047067095
0.092157842157842,0.27087542087542,0.0042042275347489175,1.359844941024536
0.079129362529439,0.27087542087542,0.004253641285910362,1.4803454817082848
0.079129362529439,0.27087542087542,0.004250490962149206,1.4754015481100498
0.073813940982725,0.11521658172133,0.0013309079071604972,-0.5927028983435909
0.068289939219621,0.11521658172133,0.0012566609148550604,-0.5013799985827925
0.068289939219621,0.11521658172133,0.0010927377508170755,-0.5187262301729505
0.068289939219621,0.11521658172133,0.0010735306994745998,-0.4709008400291851
0.067307692307692,0.11521658172133,0.0009997550219464344,-0.41275160152919316
0.067307692307692,0.10238095238095,0.0008297722448071653,-0.8090838833165638
0.067307692307692,0.0902188401025609,0.0007460409158488561,-1.0606236760446464
0.068289939219621,0.0902188401025609,0.0007397688735336446,-1.2788571689929968
0.06860513739546,0.11283271961834,0.0006287940849105104,-0.9528085872688968
0.068938522777532,0.097757044886954,0.0006201400244764596,1.4241168886538873
0.068950075047366,0.0885038773650409,0.0007286599161186938,1.1213397627360366
0.073813940982725,0.082874269005851,0.0009019910349165456,0.8195017685930996
0.088155262104842,0.282390699217191,0.005381590787893327,2.351786056447044
0.0902188401025609,0.290628815628818,0.009303605362060886,1.591297080186742
0.11283271961834,0.32431935296341796,0.013391649693960466,1.117273258368178
0.13270248591988,0.382485151383458,0.018336813391229386,0.8136302828018841
0.1446470174091099,0.382485151383458,0.021181454501439285,0.49106809158158415
0.14566666666667,0.380842768643784,0.020616628326117454,0.20047998355878
0.34518309687801,0.380842768643784,0.019937571413866713,-0.09984844796449314
0.35793650793651,0.380842768643784,0.01932058026819489,-0.3802084655213158
0.36722222222222,0.33696012407281,0.01582146164327304,-0.6564501489451499
0.38450435093188,0.31709035777127004,0.01271722028186372,-1.0251535029384968
0.38450435093188,0.31709035777127004,0.010004792048704582,-1.2276959643599237
0.38450435093188,0.30412617702448,0.00612421907159522,-1.5734008567557034
0.39162704527111,0.17319718467870004,0.00209327526033984,-0.6141744511789432
0.39421335502706,0.17319718467870004,0.0019966020319522847,-0.9291740605936566
0.4023830754436599,0.18193697493293004,0.0022199613719512757,-1.0281634289964827
0.4023830754436599,0.18193697493293004,0.0022317997442367625,-0.9830863739169726
0.4023830754436599,0.18193697493293004,0.0022254868124527098,-0.9881576157324461
0.39421335502706,0.19752982435387,0.0033284330446342572,-0.8530451872831318
0.39421335502706,0.21059439114012002,0.004634524852401554,-0.7165914526516195
0.39421335502706,0.21059439114012002,0.0056351174373432365,-0.44629275719692485
0.38369746142449,0.29133429567287006,0.007673648108840498,-0.4695476466984899
0.34698230657411,0.29133429567287006,0.00848288713793444,-0.1614562800538116
0.34698230657411,0.29133429567287006,0.009090522783318634,-0.14006646387164703
0.38369746142449,0.29133429567287006,0.009249865704290998,-0.40318868875686054
0.39421335502706,0.3711788860403,0.012001422502664123,-0.23447593392742308
0.38369746142449,0.3711788860403,0.011885518379539696,-0.1435089933541083
0.38369746142449,0.39364452335425004,0.014820017556836845,-0.014620719609833159
0.38369746142449,0.39364452335425004,0.015216612958582029,-0.025793236592987302
0.348120376433,0.39364452335425004,0.015566546479562656,0.12774097099157256
0.2924447737194899,0.39364452335425004,0.01563059991812196,0.4159909599348587
0.348120376433,0.39364452335425004,0.015074184616598792,0.26196470769289637
0.36820254604153,0.39364452335425004,0.014643881407903576,-0.018858580530506413
0.4120264478077899,0.39364452335425004,0.014069581541047947,-0.31984890187450316
0.4120264478077899,0.34770433348823004,0.010187729950935422,-0.27221260580919787
0.4120264478077899,0.3103419225074,0.007323486599538187,-0.11593229961061238
0.40267127735567,0.3103419225074,0.0072413072117769,-0.004370604784432185
0.40267127735567,0.3373100773747001,0.009478192801060454,0.04286940360092321
0.40267127735567,0.3373100773747001,0.009466532637620862,0.04235825528510962
0.44340715538115,0.35705084995784997,0.011220403347423311,-0.11007728482271883
0.44340715538115,0.56838794976953,0.020592225332854822,0.869395498794698
0.44340715538115,0.56838794976953,0.027524294429706712,0.6628754523082934
0.46069624819625,0.57032563540188,0.03159795046895566,0.4537725706752584
0.53771299917967,0.45262402847970995,0.02645309352541223,0.41595899136860204
0.53771299917967,0.43314490688047996,0.024384928479114495,0.45862893319789916
0.53771299917967,0.55813887372591,0.030135251182063342,0.18857140651309484
0.53771299917967,0.70195091314558,0.04328154750938832,-0.20112713784613603
0.53771299917967,0.70195091314558,0.048522092413435365,-0.17457380269812792
0.53771299917967,0.70195091314558,0.056050080814643216,-0.15126932529072354
0.53771299917967,0.70195091314558,0.062218979335514894,-0.07085270519249515
0.45750554547288,0.70195091314558,0.06831217445574146,0.16879434869834384
0.26268770079533,0.70195091314558,0.07439726846576343,0.3705971567110126
0.2416816092486799,0.70195091314558,0.07319773688505243,0.6451604831849247
0.2276621315192699,0.70195091314558,0.058967453301250035,1.0128883824561918
0.22598290598291,0.70195091314558,0.044096070885958724,1.5073518331988551
0.22598290598291,0.5620224488912401,0.02154546398691788,1.9241976001798478
0.2116428954008,0.33862988409722006,0.006778033505495316,1.7283264176829112
0.1933946787979,0.1645517076402541,0.0025178523994806904,-0.23532626478043445
0.1933946787979,0.143545616093604,0.002061799529287544,-0.34464706357279046
0.19824995479088,0.143545616093604,0.001741241987322181,-0.6232695913425581
0.1933946787979,0.143545616093604,0.0018942325938424679,-0.31180963248301585
0.1933946787979,0.143545616093604,0.001953329160843686,-0.21035511384629313
0.19824995479088,0.1544628368843041,0.0023382355182708075,-0.1690264872551007
0.19989791179446,0.2875022423842041,0.005141664525711104,0.9399435495438335
0.2116428954008,0.35490669276030407,0.009087215482356113,1.0649722944984163
0.2116428954008,0.35490669276030407,0.01252703951018182,0.816434861154751
0.2116428954008,0.35490669276030407,0.012651131773546726,0.6851034557355122
0.23601266062984,0.4760024484275741,0.020096489703533522,0.7043882737402363
0.25259883003938,0.4760024484275741,0.02007073477968307,0.5847238305812185
0.28676836562398,0.4760024484275741,0.018878402533979658,0.39568914775144165
0.28676836562398,0.4522960790337701,0.016012999114154717,0.519066096500616
0.28676836562398,0.4522960790337701,0.016573222487351984,0.49866858088238064
0.28676836562398,0.4522960790337701,0.0158782226900741,0.45887966212474846
0.28676836562398,0.42364360969247006,0.013844435460260015,0.6436314590173754
0.28676836562398,0.40615347476148,0.013325926340986631,0.7145287309478336
0.28676836562398,0.40615347476148,0.014347287996331799,0.6802530068865066
0.2606821803615199,0.40615347476148,0.014996913881748524,0.9150774588500221
0.2433137954616,0.40615347476148,0.013147085582035046,1.3600599713800046
0.2225670781661599,0.40615347476148,0.011095402463983672,1.9567482425788347
0.21480841458668,0.47671961892826803,0.012797889971367339,1.7474170754729506
0.21480841458668,0.239697615611478,0.0036819028126748653,0.2584587714068763
0.19824266010187,0.239697615611478,0.003672275800486684,0.29038234204001034
0.19824266010187,0.1632633577071379,0.0021511963190608075,-0.6737770797344501
0.18295901629235,0.1632633577071379,0.0019248747670243148,-0.5941867265346776
0.18295901629235,0.1632633577071379,0.001992798720932642,-0.5080602388124638
0.18295901629235,0.12869042911703799,0.0015153391343776608,-0.8921582236506898
0.17997644583069,0.12869042911703799,0.0014090556617448262,-0.7990331296176955
0.18295901629235,0.146264800803738,0.0017345766818832016,-0.6462416804308686
0.1858654412631099,0.146264800803738,0.0017397662286641779,-0.680146837701473
0.18973092553495,0.155097084095558,0.00209321108362917,-0.6043418686611803
0.18973092553495,0.18862229895842797,0.0027235224328186988,-0.19164032650921026
0.18973092553495,0.18862229895842797,0.002726728338307882,-0.20357000330603578
0.20107708544411,0.18045068382478996,0.002409714789629566,-0.1458118864039195
0.20107708544411,0.18045068382478996,0.002762620664707636,-0.15485822166939112
0.21046272833342,0.4779336463424201,0.01376898039477236,2.4606105349677128
0.20107708544411,0.4839780423797502,0.014479678159506069,2.3581956924933003
0.20107708544411,0.4839780423797502,0.014689847036694837,2.329423754439664
0.20107708544411,0.4839780423797502,0.014516331259556415,2.3594271382094627
0.20107708544411,0.4839780423797502,0.014714564622879013,2.336290448077042
0.20107708544411,0.4839780423797502,0.014872690201297868,2.3138108124129317
0.18973092553495,0.48491611110092003,0.01556380065407715,2.3080113460707063
0.16692604355717,0.48491611110092003,0.015772015168846378,2.297269307281125
0.16692604355717,0.48491611110092003,0.016005240841473985,2.387307636426421
0.16692604355717,0.48491611110092003,0.01613776883394263,2.340436005543121
0.16692604355717,0.48491611110092003,0.016163238022108072,2.2218427998643846
0.16641881510303,0.48491611110092003,0.016265829749091458,2.389758979809274
0.16641881510303,0.48491611110092003,0.017699244443487694,2.0438295255551844
0.16641881510303,3.1765870072346196,0.6967104949955727,3.1396340834083523
0.16692604355717,3.1765870072346196,0.6932983164074766,3.1407705821699055
0.16692604355717,3.1971768063825095,0.6950689429845173,3.1379529515695097
0.16692604355717,3.2083874679824493,0.6974738121240495,3.13412347208223
0.17052675831993,3.2083874679824493,0.691571546217483,3.1113918925731467
0.23247379209726,3.2083874679824493,0.6852549449372394,3.102249038283201
0.26476658331317,3.2083874679824493,0.678840767160103,3.104132146015046
0.29923822115541,3.2083874679824493,0.6705076368270936,3.081959055214218
0.3097796102246599,3.2083874679824493,0.6644654319061595,3.0873749126624923
0.3159131601824,3.2083874679824493,0.6621089501164743,3.0809764051846584
0.3159131601824,3.2083874679824493,0.6657383187338156,3.075198139593922
0.3159131601824,3.2083874679824493,0.6673183143664587,3.0706108598061554
0.3097796102246599,3.2083874679824493,0.675515487699035,3.069949912380469
0.23247379209726,0.35427079511825,0.013014834246410879,0.26383461011919296
0.20766182282809,0.35427079511825,0.013581703121172996,0.3366708134739314
0.30567415860248,0.35427079511825,0.012218478799441813,0.15205290601459845
0.30567415860248,0.3280572017366,0.01079258114354099,0.247571342156836
0.20766182282809,0.3280572017366,0.01036516144218024,0.5492162562113861
0.18731363454839,0.34333632642826,0.010604039971200586,0.8217071820985857
0.18542361942638,0.34333632642826,0.010591036870701296,1.104181411105659
0.16882978446141,0.2609980272495799,0.005919384774949545,1.2043416693027065
0.1652303703107399,0.2609980272495799,0.004978586005084478,1.7582342933481954
0.1652303703107399,0.18260164277443997,0.0018735730205653256,1.9789634686442015
0.15628929091016,0.18260164277443997,0.001999694917717269,2.005251146147195
0.15628929091016,0.19034767544511,0.0021497949455066734,1.811494010060377
0.15628929091016,0.19034767544511,0.0022699654217725857,1.7597378977457827
0.15398722033782,0.19497576322323,0.0023169779784644245,2.0083412706168713
0.15398722033782,0.19497576322323,0.002708346908958775,1.527047127492345
0.15398722033782,0.18125638818844,0.0024216794055955675,1.3837334731349253
0.15398722033782,0.3457108116334099,0.008591951409847098,1.9774919742545392
0.15628929091016,0.39069596907181003,0.015576904247667663,1.428784952187452
0.1652303703107399,0.44971259280165,0.023301612514435303,1.0529273550502087
0.1686671828622999,0.44971259280165,0.023191958487325717,0.8177869218904585
0.23281354983203,0.44971259280165,0.022809396461213906,0.6080700749255094
0.23281354983203,0.44971259280165,0.022153594053496668,0.5947290102966125
0.23281354983203,0.44971259280165,0.021962026618788925,0.5917767778511277
0.23281354983203,0.44971259280165,0.02162746140271852,0.6024601196241008
0.23281354983203,0.44971259280165,0.02072775498078679,0.6391863259069658
0.23281354983203,0.44971259280165,0.020555501954660587,0.6483230783121078
0.23281354983203,0.4269982897682,0.019147566715337502,0.7198671089340795
0.19831001416367,0.4269982897682,0.02035241678791329,0.7298865935967862
0.18117035313151,0.44092581184362994,0.022106058800450485,0.8191216211132453
0.1766212973326499,0.44092581184362994,0.01964200742994194,1.2434905522077881
0.15859700371895,0.44092581184362994,0.014416974712677132,1.8575090452484213
0.1565548961901499,0.21777540838571996,0.004608396878079203,1.587730030187644
0.1565548961901499,0.21402226984989997,0.002628136461979301,2.3498426451166816
0.14844291976367,0.0788248378264,0.0004267829240571695,0.37433708812868133
0.14735854533223,0.06168517679424,0.00031533285867319763,0.18731853550232216
0.1454111786558599,0.0784470011796299,0.00041109851850511573,-0.48002230222685704
0.14405505347366,0.0784470011796299,0.0004339441337055455,-0.2762998369556872
0.1423993282627,0.0784470011796299,0.0004264336424945195,-0.027538030130280756
0.1423993282627,0.0784470011796299,0.0004273356659827603,-0.019736255477851832
0.13261930277894,0.07450094295639,0.0003358680273386012,-0.0009916381006041125
0.13261930277894,0.25289354958149,0.0036343431307767965,2.6883710989769005
0.1423993282627,0.25289354958149,0.005572849227421211,1.7166164484136195
0.1423993282627,0.25289354958149,0.005834438687252316,1.428997916515091
0.13261930277894,0.25289354958149,0.0060057180648239,1.4322300851321108
0.13261930277894,0.25289354958149,0.005975864529367521,1.4196194992356437
0.13261930277894,0.25289354958149,0.006016859926667266,1.3400260907468138
0.13261930277894,0.25289354958149,0.006129521631420583,1.0821930653872651
0.15260347236538,0.25289354958149,0.006157266288156333,0.7989559126923945
0.15260347236538,0.23190465717748998,0.0057619832254677105,0.8763402744197553
0.15260347236538,0.23190465717748998,0.005586904490062995,0.8894228645023539
0.15260347236538,0.23190465717748998,0.005490967957378733,0.8992765038597066
0.15260347236538,0.2461164278913901,0.00580442490559795,0.8297536772768627
0.15260347236538,0.24739967077222008,0.006017895669653154,0.784071642555742
0.1462429274740199,0.2197212750938301,0.0040035322425550435,0.9354299052596546
0.1462429274740199,0.1390152272093501,0.0021204253074193907,0.5880347016749641
0.14428304655195,0.1390152272093501,0.0017293121489279396,0.9174876651158842
0.14428304655195,0.1390152272093501,0.0016484544982371635,0.9119925017313135
0.14086188020098,0.1390152272093501,0.0016940588464811443,0.9830345874981468
0.14086188020098,0.1390152272093501,0.001562339956920337,1.2094037323332611
0.14010181603267,0.170928047153039,0.0014594416395151363,1.0053539814899362
0.13275831087152,0.091497792670029,0.000614089035447782,-0.7307655010076672
0.13357087357087,0.091497792670029,0.0006146257901519169,-0.7371412058539721
0.13357087357087,0.35423248692668896,0.006917658588883779,2.6918922321182075
0.13357087357087,0.35423248692668896,0.00960579396739363,1.769704362573845
0.13357087357087,0.35423248692668896,0.009923739958859536,1.7127160900180909
0.13357087357087,0.35423248692668896,0.009800933348116027,1.7202386078170206
0.14010181603267,0.35423248692668896,0.012942249111450801,1.1520572568197018
0.14010181603267,0.35423248692668896,0.014429970885742936,0.7915714437336623
0.14010181603267,0.35423248692668896,0.014218204782723474,0.7418022968096868
0.13357087357087,0.35423248692668896,0.014379412068075303,0.749370572200215
0.13357087357087,0.35423248692668896,0.014605521939732045,0.7526359269519536
0.13357087357087,0.35423248692668896,0.01477789431579831,0.7785567467363681
0.13896288896289,0.348917879902502,0.013670002309589055,0.7990452692756262
0.13896288896289,0.348917879902502,0.013407370321512773,0.8060046526761873
0.13896288896289,0.348917879902502,0.013387414770114237,0.8054486951581257
0.13542867701404,0.304570944771902,0.009584134649332441,1.121810583930871
0.13542867701404,0.304570944771902,0.007344883512862279,1.5510391420564589
0.13896288896289,0.2702262276360401,0.006644136370775016,1.6176010092432
0.15389121264121,0.2702262276360401,0.006416109981591308,1.6306536535739138
0.15284806214051,0.2222748058333101,0.003020641659158987,2.2100436688276064
0.15284806214051,0.09709807489974011,0.0008264662222082561,0.41992940170680754
0.15284806214051,0.10219084072304009,0.0010386549221868611,0.5402791452658829
0.15389121264121,0.10219084072304009,0.0011050781096288748,0.22725797149452237
0.15389121264121,0.0914587860286101,0.000935055593682979,0.35727721347250124
0.15389121264121,0.0914587860286101,0.0009091126725918088,0.3376552380254761
0.15284806214051,0.09191304547236999,0.0010334708108984366,0.3517010827249916
0.15284806214051,0.09191304547236999,0.0009913418626870567,0.3754338009392719
0.15389121264121,0.09191304547236999,0.0009383648227949996,0.3043710561601349
0.1555682061881,0.09630608159554989,0.0009828215587954128,0.14726293238094912
0.1555682061881,0.25280679375493,0.003947611218513359,1.9435563118734416
0.1555682061881,0.28690211733384996,0.0074827780366281535,1.456346895132692
0.20192294461644,0.3753941816047,0.013274873198473718,1.207285418374416
0.20851275407839,0.3753941816047,0.013368664420988989,0.9152169013071467
0.20192294461644,0.3753941816047,0.013489725702184095,0.93470637491173
0.1899247049247,0.3753941816047,0.013691349013973429,0.9673742714063905
0.18219817219817,0.3753941816047,0.014464537258930047,0.9747963921666066
0.18219817219817,0.3753941816047,0.014203391857432206,0.9786158208774529
0.1899247049247,0.3753941816047,0.01410979234557213,0.7027878320112352
0.1899247049247,0.36721438201771006,0.013340942513093628,0.7461837433343445
0.1899247049247,0.36721438201771006,0.0130763117378248,0.7670152272738947
0.2179985560248699,0.36721438201771006,0.012364499189576328,0.7373855045824701
0.22687261926576,0.36721438201771006,0.012225939554755318,0.6670643249410277
0.22687261926576,0.36721438201771006,0.01121088435636078,0.9828430169465685
0.22687261926576,0.36721438201771006,0.009241015624046275,1.294902865731047
0.22687261926576,0.19921755742367,0.0038964574090280864,0.29069627932202674
0.1899247049247,0.19921755742367,0.003237737315631079,0.507992151664911
0.22687261926576,0.19921755742367,0.003326139432018645,0.27085764422139136
0.22687261926576,0.19921755742367,0.003241002975233695,0.17696763725193423
0.22932475318275,0.17984626099208,0.002742963632796196,0.0347059042171459
0.22932475318275,0.17984626099208,0.0025696093295869155,0.04445922577197219
0.22837778041168,0.12656960256866,0.001740229801181255,-0.41665537047153317
0.22932475318275,0.14341129094049,0.0018339513749808629,-0.5675734277944215
0.25275218335726,0.14959000474243,0.0016284192104523594,-0.444452291781905
0.25275218335726,0.14959000474243,0.001765903870752058,-0.3259363295376478
0.22932475318275,0.14959000474243,0.0018735420169142853,-0.0493790380910337
0.22837778041168,0.15458552151507,0.0023611382362512027,-0.04927985405872442
0.2114937473427999,0.15458552151507,0.002294339686670034,0.25642938803567145
0.2114937473427999,0.15458552151507,0.002209819662152622,0.317810168720026
0.2183025313651,0.15458552151507,0.0018781415338106106,0.327048311482288
0.2183025313651,0.15458552151507,0.0018488182167731826,0.36812851979263905
0.2183025313651,0.15458552151507,0.0020717106373848017,0.3791736613272519
0.20532592289507,0.15458552151507,0.0019163400464875763,0.6667151904990177
0.20532592289507,0.15458552151507,0.0019169316938830578,0.6667165795659266
0.20532592289507,0.15458552151507,0.0019122417949841359,0.7726739932679156
0.20532592289507,0.15458552151507,0.0014257266513514808,1.0390976272020773
0.20532592289507,0.09246869389687998,0.0007054611963227118,-0.1257473604302827
0.20842040717066,0.11358875383362999,0.0009706253461896642,0.015612380990158683
0.21478850426722,0.12703828156539987,0.0012920504125501684,0.04029538854676042
0.2183025313651,0.16872925084574,0.0019124730603536566,0.8833925588606314
0.23416992476426,0.16872925084574,0.0018674684135471546,0.6041201285415241
0.23416992476426,0.16872925084574,0.002127962959913866,0.4083107934590591
0.24427530560864,0.16872925084574,0.0021704327648715623,0.14648387128296506
0.26671901330914,0.24113129289166,0.004077938862093882,0.7543681757817392
0.2741966105882399,0.22384062158348,0.003624819370329688,0.6505537489829696
0.2741966105882399,0.22384062158348,0.003583775735084333,0.6634813630631172
0.2741966105882399,0.23755473509355,0.0037756743267686648,0.5506843074631009
0.2741966105882399,0.23755473509355,0.0036108810072734217,0.566976514173638
0.2741966105882399,0.27954891964128,0.0048501251804492175,0.04907960681984672
0.2741966105882399,0.27954891964128,0.00508283851942483,0.10414568626784351
0.2741966105882399,0.27954891964128,0.005494830354159399,0.26085603271063046
0.22915891373965,0.28922456088525,0.006706698802996591,0.2975897745929412
0.22022978956028,0.28922456088525,0.005990490737778205,0.564627180436504
0.20955421611893,0.28922456088525,0.00629134742769378,0.7854198745977601
0.20115220483642,0.28922456088525,0.0064370016838571084,1.0584540155246287
0.18549860752518,0.30440337208379,0.00680720892463109,1.2541327253190973
0.18549860752518,0.2161608592459599,0.003105093186332531,0.8615167058641378
0.18549860752518,0.12517965614502002,0.0017361086971407762,-0.21219694226010427
0.17235996898184,0.12517965614502002,0.0016379913396982098,-0.03492366012750676
0.16656395611718,0.12517965614502002,0.001824241447010296,0.11929221722327239
0.16656395611718,0.15880550957756,0.002245168776208008,0.4018741655958573
0.18549860752518,0.15880550957756,0.002165551376294551,0.1432154029470814
0.18549860752518,0.15880550957756,0.0023383240061012668,0.0876970947517038
0.18598629687811,0.1634435348745199,0.002930140562290992,0.07069952955200252
0.18598629687811,0.1634435348745199,0.0026357119266975375,0.025984507766374943
0.16656395611718,0.1634435348745199,0.00288187210799974,0.2748817151981996
0.16656395611718,0.1634435348745199,0.0028601321589419126,0.2570651191940193
0.18390493053137,0.1634435348745199,0.0026393458809460878,0.11909210561135058
0.18390493053137,0.15250387308748992,0.002166490588201617,0.23245002903660245
0.17171705192341,0.15250387308748992,0.0021877359097580667,0.2955750814564743
0.16656395611718,0.15250387308748992,0.0020857339179951263,0.6023314851281713
0.17171705192341,0.15250387308748992,0.002220601091333646,0.3188802600829223
0.18390493053137,0.15250387308748992,0.001908817232290276,0.17213853825969083
0.18390493053137,0.19606873539364,0.002586602803584473,0.6416923763025473
0.18390493053137,0.19606873539364,0.0029229054422982405,0.4066777421717309
0.17178325532492,0.19606873539364,0.002930277340520139,0.6294461759095558
0.17178325532492,0.19606873539364,0.00253826034776374,0.8711365448600853
0.17223335679922,0.19606873539364,0.002508899589040869,0.8621298415364749
0.17223335679922,0.17900042122869,0.0023228237108018153,1.0602948550469409
0.17223335679922,0.17900042122869,0.0022638723846266193,1.0681581751012794
0.17223335679922,0.17900042122869,0.002250776444350545,0.9812064730807618
0.17223335679922,0.19800026704411,0.0026976064643515437,0.6641688935921567
0.1911998503519899,0.19800026704411,0.0026545281676588037,0.6002535768471889
0.20410403906335,0.19800026704411,0.002646120966271153,0.31149366711969556
0.1911998503519899,0.19800026704411,0.0025955408050832964,0.5030040378482201
0.1911998503519899,0.19800026704411,0.002671653547073517,0.4359807709127014
0.1871208439976099,0.15304073324350997,0.0017174122193904721,0.13906237931220197
0.1871208439976099,0.12577125627328,0.0012044267915120842,-0.13298637304447858
0.18903259243124,0.12577125627328,0.001270057577594933,-0.3459520441406977
0.18903259243124,0.12577125627328,0.0013207345973245575,-0.36659350903611493
0.18903259243124,0.12577125627328,0.0013554039295614665,-0.3050479538690789
0.1911998503519899,0.12577125627328,0.0011434705563765112,-0.5927258566004177
0.20410403906335,0.12577125627328,0.0011418224619918695,-0.8517229100137835
0.20800023286185,0.12577125627328,0.0011853144296250207,-0.8891600935961377
0.20800023286185,0.08343377982796002,0.000654164575303355,-0.23963660714332452
0.21546298084123,0.08343377982796002,0.000663797073553525,-0.45833716494773724
0.21546298084123,0.08193438234359993,0.0006236125374245853,-0.5524765613874018
0.21546298084123,0.08193438234359993,0.0006083075508229169,-0.6264669603126823
0.21546298084123,0.07537125454723001,0.0005446766876284258,-0.7969928797395691
0.21640054441684,0.08044549320383002,0.0004525326446946487,-0.7580367690637348
0.21640054441684,0.08044549320383002,0.00042759757144398885,-0.8748137574882604
0.21546298084123,0.08044549320383002,0.0004647121015086651,-0.5574190759032295
0.20800023286185,0.08044549320383002,0.000455427652315728,-0.4593442149457186
0.20800023286185,0.06290985690368012,0.0003531080069956953,-0.026563733837371914
0.20701479090341,0.07299449791668011,0.0004664432545553643,-0.0785049671439967
0.20701479090341,0.07299449791668011,0.0004733057254754404,-0.10466335746648646
0.20701479090341,0.10782574431208009,0.0008207623357724463,0.6485220324983534
0.21923940257274,0.10782574431208009,0.0009028202217072841,0.34455553086432206
0.21923940257274,0.10782574431208009,0.0009338323856214936,0.22155118594501083
0.21923940257274,0.13990679512815007,0.0015236827643960208,0.6337946051014456
0.2238972911205199,0.14829428973473008,0.0020529020369568557,0.47769082225516607
0.22706036948624,0.14829428973473008,0.0020495162920537557,0.463125431671958
0.21923940257274,0.14829428973473008,0.0021303608471430345,0.6248210471633132
0.22706036948624,0.14829428973473008,0.0021062810681426753,0.37962642553840953
0.22706036948624,0.14829428973473008,0.0022083350324463183,0.33417747822039606
0.2367102492140499,0.14829428973473008,0.002244021254062305,0.06722400264144494
0.2367102492140499,0.14829428973473008,0.001974950878163381,0.015779233499832148
0.2367102492140499,0.15639907398915998,0.0020701984222081596,-0.06110917193299079
0.2367102492140499,0.15639907398915998,0.0021475179598321064,-0.00881023921296036
0.22706036948624,0.15639907398915998,0.002064812207610941,0.2502720789692611
0.22542905795779,0.15639907398915998,0.002132978315049405,0.49775401441241557
0.2210273576662,0.15639907398915998,0.002132996800230592,0.5753612852918298
0.2210273576662,0.15639907398915998,0.0017653244498121103,0.5169472123976568
0.21484404187348,0.11011316910524999,0.0011274861657435623,0.26338900782449104
0.21484404187348,0.11011316910524999,0.0011253438051569112,0.2719269276820907
0.21484404187348,0.1154113034530701,0.0013677282314960978,0.14003560913244711
0.21484404187348,0.1879855181647901,0.0024812674750035488,0.9972818493269825
0.21988925085621,0.1879855181647901,0.002311835910918356,0.9499035588521989
0.21988925085621,0.1879855181647901,0.0023912909498899804,0.9114391695451943
0.21988925085621,0.1879855181647901,0.002400282439189959,0.865061079510554
0.2210273576662,0.1879855181647901,0.002073318273804538,0.8863936548130452
0.22579365079365,0.75832919419926,0.034972500232464766,2.8683565581595483
0.2343893702384299,0.75832919419926,0.03456841395035211,2.831672899853876
0.23906666034792,0.75832919419926,0.034018188954210896,2.8513471733311344
0.23988123701741,0.75832919419926,0.033579096036516584,2.819775790375506
0.23906666034792,0.75832919419926,0.034128899624446825,2.820256630213365
0.23906666034792,0.75832919419926,0.033620433006460795,2.848373671805425
0.23988123701741,0.75832919419926,0.03327829734504455,2.8426968969494952
0.23988123701741,0.7050945276067,0.031929409188492006,2.9582586539400353
0.23988123701741,0.7050945276067,0.0320121700368544,2.931195476369389
0.23988123701741,0.7050945276067,0.03199459476489828,2.9323304566847073
0.23906666034792,0.73389955493383,0.033147115297873855,2.881705217048545
0.23906666034792,0.73389955493383,0.03328498705501108,2.8771317483523466
0.23600361468783,0.73389955493383,0.034062700009480314,2.8341074456707416
0.22601973847848,0.17637689196145,0.0023699998365492884,0.8799927645694815
0.22190170940171,0.17637689196145,0.0023878056364788915,1.1717123496390223
0.2211940994619299,0.21164043265215013,0.0029093987338103693,0.960306588781137
0.20834495313142,0.22973470467524013,0.0030925402438871583,1.0129504372520808
0.1926611043277699,0.22973470467524013,0.003261633290005054,1.0740977631758866
0.1926611043277699,0.22973470467524013,0.0032383497459513642,1.2007762274115539
0.18105366784395,0.22973470467524013,0.003090098568264366,1.5956279408355662
0.18105366784395,0.22973470467524013,0.003046460897405184,1.6484747941086735
0.18105366784395,0.17413548574570012,0.0018921268766336763,0.873798152549418
0.18105366784395,0.17413548574570012,0.0018792750622187335,0.8914274001812347
0.1926611043277699,0.17413548574570012,0.0021968935035552107,0.5538545484470669
0.1926611043277699,0.18129900241235,0.0030451384111480815,0.5904833945085358
0.1968718165899299,0.3300539315666001,0.00746941952010389,1.3279666612219907
0.21829642945462,0.3300539315666001,0.009904379436206888,0.8942055217321566
0.2282360215849899,0.3300539315666001,0.009683783481062965,0.7068003373326738
0.25972931283276,0.3300539315666001,0.00924335777838484,0.4490585885323433
0.25972931283276,0.3076852578374501,0.007658324881277448,0.5498464599090992
0.28365513937304,0.3076852578374501,0.006868641373538585,0.3728955325278933
0.3003175988362,0.3567012598219301,0.009228814950613454,0.42437067256334704
0.3074811155028499,0.28695561718695994,0.008001308590384146,0.4770953920918037
0.3074811155028499,0.28695561718695994,0.007156339931036955,0.5146940437423002
0.33450654766378,0.28695561718695994,0.0070205157821703855,0.4448714017781763
0.3415518697495399,0.24592377705317997,0.005718146496645935,0.48811651228653896
0.34683626701062,0.24592377705317997,0.005703839862001232,0.2551376836180152
0.34683626701062,0.24592377705317997,0.005670127927837524,0.2543405338055438
0.3415518697495399,0.24592377705317997,0.005786526381135525,0.5190268777185105
0.33450654766378,0.29878494941131994,0.007046391569675226,0.4888174526146144
0.33450654766378,0.29878494941131994,0.008096345987796244,0.3630482624809603
0.31093031546501,0.29878494941131994,0.008539580476297087,0.4976470580531471
0.33450654766378,0.29878494941131994,0.008444773751211603,0.2168533513544156
0.31093031546501,0.29878494941131994,0.009145016560166173,0.3602502767592315
0.31093031546501,0.2620576905278399,0.006828993264527239,0.25774478225173575
0.31093031546501,0.2620576905278399,0.005565752432938984,0.33308557750199047
0.31093031546501,0.2620576905278399,0.00555818162502813,0.3139489746448266
0.31093031546501,0.2620576905278399,0.005560965105854366,0.31122311562071014
0.30954905774094,0.2620576905278399,0.005346649083016865,0.5909364755000576
0.30954905774094,0.19675519133686,0.0032164023105604182,0.084885950455639
0.27459579793883,0.2179733381837,0.004034390267342581,0.1200933416541299
0.27459579793883,0.2375591580142601,0.0050528352845221345,0.04805633111113307
0.27459579793883,0.2375591580142601,0.004771556216092944,0.014796038317948361
0.27459579793883,0.2375591580142601,0.004992938951725677,-0.0023011765011329752
0.27459579793883,0.24129003933253002,0.005954244208955303,0.017266652005323596
0.2411124948632499,0.22231411423068,0.005484334395394821,0.017960641749819185
0.23893043196144,0.22231411423068,0.006238667348845551,0.1158775247708636
0.19166450425884,0.19276262640356998,0.005373416132927061,0.33907039845207776
0.18524895038342,0.20439791328137003,0.004975950450893968,0.5866530644247254
0.1656631305528599,0.20439791328137003,0.004497815829936904,0.9451708145672213
0.16313904509172,0.1900246007157701,0.0030212721810666285,1.2848692573400116
0.16257073336804,0.1900246007157701,0.00242607637610681,1.899749848474425
0.16193224923459,0.11077761501204011,0.0008088014776160493,1.2887540132514461
0.15366378708425,0.13152702167259,0.0009684708997450537,1.1080695308500672
0.14874959899047,0.13152702167259,0.0009925126145066236,1.2659190081870622
0.14874959899047,0.08426109396998999,0.0004956923696656595,0.12844028513326894
0.14874959899047,0.15389996389598,0.001284857967557815,1.7535533350183523
0.14874959899047,0.15389996389598,0.0014637855679911216,1.3505297309468831
0.15366378708425,0.15389996389598,0.0017405393786247732,0.8954936950086788
0.15366378708425,0.15389996389598,0.0017351503447896614,0.888698594415445
0.15103607267484,0.15389996389598,0.0017596716674937846,0.9537302406818347
0.15366378708425,0.15389996389598,0.0017072841839516695,0.7250172721329602
0.16257073336804,0.15389996389598,0.001645952573893346,0.5710633888553323
0.15366378708425,0.15389996389598,0.0017310946642999565,0.6290287974118688
0.1793598928933299,0.19844910986001,0.003003184396434326,0.809505304883807
0.18476285410496,0.19844910986001,0.0028414983465346625,0.5899942830519461
0.18476285410496,0.17076178205301,0.0024234413367502086,0.8471279153013278
0.19013708513709,0.16949104815453,0.0024772165470410704,0.561130014519647
0.19013708513709,0.16949104815453,0.002644759672087878,0.5898545798230537
0.19013708513709,0.16949104815453,0.0024141622237696175,0.6858200489434781
0.1793598928933299,0.16949104815453,0.0026079533021050407,0.8053925100556576
0.15283631707869,0.17918099230712,0.002792328638261753,0.9960255608262915
0.15283631707869,0.17918099230712,0.002800374438653273,0.995707250346454
0.15283631707869,0.17918099230712,0.002836408522107926,0.9876630261107093
0.15283631707869,0.17918099230712,0.0033519252471867285,0.6980416918846588
0.15283631707869,0.46940020750311995,0.01502335678738807,2.0758716169205584
0.2178868260586499,0.6333405498276301,0.034453586103707017,1.689014213477074
0.2178868260586499,0.6333405498276301,0.034347228355758305,1.7529144205355853
0.23000090044606,0.6333405498276301,0.034211336092646746,1.6641120329458676
0.23000090044606,0.6333405498276301,0.033399115311337366,1.672235875152157
0.23000090044606,0.6333405498276301,0.03343222426471439,1.6194032716151905
0.23000090044606,0.6628761997491781,0.03470746185090699,1.5506675697022039
0.26037737213483,0.6628761997491781,0.0345344623958824,1.4978464130012081
0.26037737213483,0.6628761997491781,0.03401623062674608,1.5136249830006614
0.26037737213483,0.6628761997491781,0.03400309444636661,1.5142989096567638
0.26037737213483,0.6628761997491781,0.03450207617025352,1.4928545023433284
0.26037737213483,0.6628761997491781,0.03486727393667101,1.4770029549677575
0.2093054452733299,0.6628761997491781,0.03556874734847071,1.5311254495755002
0.17970553597459,0.6628761997491781,0.0274799457971173,2.2803305964905993
0.16967911371587,0.20656133729739812,0.005204485694880838,0.4586893301263178
0.14851352694376,0.20656133729739812,0.005139376167952908,0.777161583078754
0.14851352694376,0.20656133729739812,0.004268291034869503,0.7979169854324173
0.14851352694376,0.20656133729739812,0.004157324286655723,0.9967021475636686
0.1272227963717299,0.2045718111984279,0.003049395869019017,1.0840324932760903
0.1454789379012999,0.2045718111984279,0.002819424985884292,1.086336781544987
0.1454789379012999,0.161091196953088,0.001543728233922272,0.6017448628814945
0.1454789379012999,0.161091196953088,0.001941351189237522,0.5444848848420962
0.14851352694376,0.161091196953088,0.002058430885628658,0.23728795888517742
0.15833639677065,0.161091196953088,0.0020694309352217205,-0.039474221034406856
0.17970553597459,0.161091196953088,0.0020684493750007973,-0.3399113056959379
0.18197116886074,0.161091196953088,0.002099794839377316,-0.380545236393651
0.18197116886074,0.161091196953088,0.002137642102330672,-0.3344003495517432
0.18197116886074,0.161091196953088,0.0019095334556653528,-0.4771048175650782
0.18197116886074,0.161091196953088,0.0016430810065955258,-0.5735659360826485
0.18197116886074,0.145099967566308,0.0013421775972290008,-0.9315252903144622
0.18422920219475,0.145099967566308,0.0013414978723519184,-1.0886575849916498
0.1911516437208299,0.12334589732896009,0.0010730564446030369,0.4902069877777202
0.1925890695574899,0.12334589732896009,0.0011451292782025861,0.28450829318212767
0.19687123987124,0.12334589732896009,0.0013893769113532397,0.09745260994928585
0.19687123987124,0.12334589732896009,0.0013470198485302162,0.1963569198257903
0.1925890695574899,0.13079913143393,0.001669176337166184,0.18842620607903646
0.1911516437208299,0.13079913143393,0.0016727248659184216,0.2242580573471189
0.18606300119867,0.13079913143393,0.0016899350056762967,0.3855798978811181
0.18606300119867,0.13079913143393,0.0016914224473611158,0.3646068988017567
0.19481785540481,0.14806746373132,0.0019677752248655027,0.2799824938877828
0.19687123987124,0.17397658980391997,0.002503691632280975,0.23589128816126037
0.20520147681441,0.17397658980391997,0.002492693579996379,-0.010224717301869277
0.23832049909094,0.17397658980391997,0.002447178442863316,-0.19039667216159414
0.23832049909094,0.17397658980391997,0.002537490080760476,-0.1759338361995519
0.20520147681441,0.17397658980391997,0.0025539460984457733,0.11637573236087795
0.20520147681441,0.17397658980391997,0.002510749901034472,0.1791463219177779
0.19481785540481,0.17397658980391997,0.002440433486864485,0.4480450017244019
0.18933970431288,0.18898991042450997,0.003112144394939477,0.27851869895530196
0.18933970431288,0.18898991042450997,0.0029667696945101835,0.332663194205845
0.18933970431288,0.20725020393630805,0.0038076501987559736,0.13489197783775225
0.18933970431288,0.20725020393630805,0.0038341108332270953,0.14920698456250528
0.18015811321438,0.20725020393630805,0.003949691869037765,0.2521026046797138
0.17194064773594,0.20725020393630805,0.0038081999318341445,0.523423162839216
0.1665956619209,0.18724054583143807,0.00277936148161722,0.615572170818691
0.1595375314340799,0.14068300261892808,0.0017427329831212685,0.4619244335999328
0.14465543941154,0.1320336089339481,0.0013219705579882411,0.5568774609961795
0.14465543941154,0.1320336089339481,0.0012791650052803934,0.7352500710182341
0.14465543941154,0.1320336089339481,0.0013862169290845476,0.6790431167573526
0.13335017985001,0.09956424915078808,0.00084701119546962,0.5419936761670744
0.130033059675,0.101300025353031,0.0007698123952098675,0.6823926454280265
0.13335017985001,0.101300025353031,0.0007517805665498728,0.48162638798277124
0.130033059675,0.101300025353031,0.0007567297317915384,0.6505383538770372
0.13335017985001,0.101300025353031,0.0006452071490209792,0.675623005976601
0.130033059675,0.101300025353031,0.0006284288119151158,1.0008721464665542
0.130033059675,0.101300025353031,0.0006073891608116671,1.0569721402525685
0.13335017985001,0.101300025353031,0.000635886637594247,0.698675545317154
0.13947528465533,0.101300025353031,0.0006279009381377811,0.5251859917605574
0.13947528465533,0.101300025353031,0.000637382013538555,0.5747841201578802
0.13947528465533,0.101300025353031,0.0005912260568752728,0.5069339366611463
0.13947528465533,0.15483643046838097,0.001482031288978305,1.3662475777405287
0.13947528465533,0.15483643046838097,0.0013650296794595824,1.5174220091257369
0.13947528465533,0.15483643046838097,0.0013586166101983966,1.512730519752494
0.13947528465533,0.14319950500490997,0.0011580976634159264,1.8709096773031115
0.13933361873764,0.14319950500490997,0.0011787807035148778,1.905060426298223
0.13933361873764,0.14319950500490997,0.001153513992969368,1.9387126781760844
0.13550494258782,0.14319950500490997,0.0011623700917714605,1.9460534998321535
0.13933361873764,0.12498881339306997,0.0010355842541945805,2.0671674695775373
0.13550494258782,0.15043207299021,0.0012309746588022887,1.6902742548634204
0.1345206909647,0.15043207299021,0.0012558057211836066,1.8636008323427395
0.13293576142072,0.15043207299021,0.0013123457804171481,1.8870721798619405
0.1345206909647,0.15043207299021,0.0013721507363325188,1.5074221072336942
0.1345206909647,0.15043207299021,0.00136305748369851,1.4001384621768735
0.1345206909647,0.07960230886033,0.0005682634590366608,0.11949800024248054
0.1345206909647,0.07960230886033,0.0004681184254672686,0.12423214506280145
0.13933361873764,0.07960230886033,0.0005068505050035624,-0.11877022395830847
0.14443919199464,0.07960230886033,0.0005054587981150907,-0.17118968703681792
0.14988267770876,0.07960230886033,0.000561295105940264,-0.37804036058184204
0.15564243241156,0.07960230886033,0.000541261069748861,-0.6265520098280596
0.15651491703148,0.07960230886033,0.0005445673796678329,-0.8932568435188903
0.15564243241156,0.07960230886033,0.0005384721882714329,-0.6799691253656911
0.15651491703148,0.0858868395532,0.0005076662653906986,0.008681167363866083
0.15651491703148,0.0858868395532,0.00042658804485193325,0.1005167302724361
0.15651491703148,0.08904496123559001,0.0004476644460391281,-0.01771715337000443
0.15564243241156,0.08904496123559001,0.00041338708373172043,0.20372878485886434
0.15293295564292,0.09830361365547001,0.0006062675657012106,-0.13307695535455694
0.14988267770876,0.112108755680127,0.0008409390028049304,-0.20707143652667173
0.14543110752018,0.112108755680127,0.0008404646011347175,-0.17189130893309978
0.14534147010872,0.112108755680127,0.0009403429806445777,0.08420852447709432
0.14534147010872,0.112108755680127,0.0009407434334554768,0.07769297964932576
0.14534147010872,0.112108755680127,0.000851073895661004,0.19471275984864642
0.14530657285976,0.112108755680127,0.0009637712594589506,0.37644345674233903
0.1396195601047399,0.112108755680127,0.0009520604133624989,0.6886927744618625
0.14530657285976,0.112108755680127,0.0011398977112822657,0.5137062489228439
0.14530657285976,0.09011335931082688,0.0008584393085398576,0.1355801178160202
0.12297887382719,0.09011335931082688,0.0008424022424831271,0.30563595226067997
0.14530657285976,0.09011335931082688,0.0008585283199936486,0.04932256428913702
0.14530657285976,0.09946901217222699,0.0010849831430243297,0.19606797836897108
0.14543110752018,0.11051361356565699,0.0013131878901630216,0.058583383536904385
0.14753073799585,0.107250802599635,0.001172626456662159,-0.18437621357288167
0.15142282425039,0.107250802599635,0.001219725476737626,-0.3350475845285983
0.17026594002204,0.107250802599635,0.0010830207021871186,-0.6533108776038634
0.17026594002204,0.107250802599635,0.0010729938981537412,-0.7810175166083981
0.17026594002204,0.107250802599635,0.0010786037949125859,-0.7570067720575252
0.17026594002204,0.1027237479058401,0.0007635908387821236,-0.7693964887671638
0.17026594002204,0.07883292333344,0.0004382444535876092,-0.33369589618568757
0.16268270700354,0.07883292333344,0.0004459996378850983,-0.03459584468908218
0.1583605622183,0.07883292333344,0.000506909222469971,0.15673035586416365
0.1583605622183,0.06841490599370001,0.00040124334860394174,0.4337045682876581
0.1583605622183,0.06841490599370001,0.0004132495743263371,0.445061907741333
0.1583605622183,0.06841490599370001,0.0003525268014812329,0.5864276572344783
0.1583605622183,0.11186810748789991,0.0007590752282358339,1.767393248927055
0.14943251193251,0.12117573291662989,0.0008527170942025501,1.7029966290784317
0.1472657699443399,0.12117573291662989,0.000845098944218904,1.9281225052003823
0.1472657699443399,0.12117573291662989,0.0008631420989870298,1.8652817286006307
0.14638075507244,0.12117573291662989,0.0009347482978247589,1.8405220886055127
0.1472657699443399,0.12117573291662989,0.0009337860697675507,1.6748880117638687
0.1472657699443399,0.1257976604374899,0.0010301350082864147,1.511041709850654
0.14638075507244,0.1257976604374899,0.001038019218415305,1.5922011475071258
0.1459597890860799,0.14480794335906988,0.0012439416030891775,1.2418933524656948
0.1459597890860799,0.14480794335906988,0.0013270472692086632,1.1789056866224683
0.1459597890860799,0.14480794335906988,0.0013936905608380385,0.9494486301913718
0.1472657699443399,0.14480794335906988,0.0014459148252924743,0.7243216733686142
0.1472657699443399,0.20400480468333992,0.0030577904347710285,1.2036921044134674
0.1472657699443399,0.20400480468333992,0.002537258221760442,1.6003893936121807
0.16796439898073,0.20400480468333992,0.002436565822951431,1.5234128110039085
0.16799779983838,0.20400480468333992,0.0024954096040359433,1.2665266756117457
0.16799779983838,0.20400480468333992,0.0024575137000482335,1.3748282788623867
0.17000090880969,0.20400480468333992,0.0025410639554813807,1.0126064128399959
0.17000090880969,0.20400480468333992,0.0026458972858480682,1.0732003495805855
0.17000090880969,0.20400480468333992,0.0026005652535421955,1.0975322461631856
0.17000090880969,0.20400480468333992,0.0025738435294244276,1.0866490647131883
0.17000090880969,0.19127452443881993,0.002286530246331275,1.3456533272250502
0.17513821840866,0.1788000952732199,0.0024350729732197213,1.0657870030192762
0.1717387470286,0.1788000952732199,0.0024458786995566664,1.0953236894220235
0.1717387470286,0.1788000952732199,0.0024496917114248612,1.111260100188626
0.17000090880969,0.13278609104461,0.0012620411730916738,0.9566570530225792
0.16796439898073,0.14069833223877,0.0014710193225680893,0.885440156962344
0.17000090880969,0.24863209341929002,0.004268260334725884,1.6222940942152344
0.17000090880969,0.24863209341929002,0.00425198076394235,1.681646642526451
0.1717387470286,0.24863209341929002,0.004467343983993504,1.3701557689773147
0.15493950647265,0.24863209341929002,0.004525579100770769,1.5958784559723285
0.15493950647265,0.24863209341929002,0.004424873822165633,1.6118852101207966
0.1717387470286,0.24863209341929002,0.004226538756948352,1.4620389594337024
0.1717387470286,0.24863209341929002,0.004180864167804956,1.4624418061524176
0.1717387470286,0.24863209341929002,0.004079245986903774,1.4970933244775788
0.16895867542419,0.24863209341929002,0.0037177408551712383,1.9525912635327842
0.16077596996245,0.24863209341929002,0.0038072781050340967,1.9604167428246921
0.15493950647265,0.24863209341929002,0.0040863702068998226,1.8944508245988059
0.15097228912587,0.24863209341929002,0.004178542146277767,1.8824090252496304
0.15097228912587,0.2468116562184201,0.004041628193376615,1.954440443239628
0.15097228912587,0.12010302083773008,0.0010822923686546432,1.0399959971333836
0.15097228912587,0.12010302083773008,0.0010544343882386497,1.2786927562728834
0.14801541325228,0.0979659244548701,0.0005413264990232195,1.4010781274443338
0.14801541325228,0.10403750854408,0.000637257179311112,1.0373822386573714
0.1471109864977799,0.10403750854408,0.0006862943130199147,1.0813762511789433
0.14173595833998,0.059058518159600004,0.0003109009363265278,0.14924041832787807
0.1359770569745099,0.06214740313472,0.0003476079055805013,0.29960023543814956
0.13539674417723,0.06214740313472,0.0003402677097245519,0.45741718085958855
0.13539674417723,0.11181711928182,0.0008002573356960704,1.6555717995283712
0.13528932976214,0.125993084667207,0.000940227218918756,1.4368472786665198
0.13539674417723,0.125993084667207,0.0013398010467194114,1.0074581660605857
0.13528932976214,0.125993084667207,0.0013723805806329,1.0405162274171056
0.129634422025,0.125993084667207,0.0013823710064122055,1.0615361020728835
0.129634422025,0.125993084667207,0.0013127381952419376,1.3234136116285633
0.129634422025,0.125993084667207,0.0013191440047223136,1.2956537724309964
0.129634422025,0.1283761848449269,0.0018135036769741607,0.9291183068596602
0.13528932976214,0.270215564336577,0.005030198690269256,1.6264243336569038
0.1387167968162,0.270215564336577,0.0051064265964437605,1.320341999961605
0.15546705210498,0.270215564336577,0.00493011358987477,1.241925505148188
0.18100444847321,0.270215564336577,0.0045440264523578175,1.2017716948952686
0.19286924207069,0.270215564336577,0.004720397252234443,0.8442199209381607
0.18100444847321,0.270215564336577,0.004756624373485082,1.0385746353454186
0.18100444847321,0.24420267336684004,0.0042055476132071565,1.2775959805802386
0.1557104562104599,0.24420267336684004,0.004317728380179452,1.4450296675983856
0.1557104562104599,0.23681466857445002,0.004165848681921179,1.5129190050044474
0.1557104562104599,0.24952847037001002,0.004294789652745601,1.4439580977761735
0.1630310245310199,0.24952847037001002,0.0041497588376833445,1.4642698528055669
0.1630310245310199,0.24952847037001002,0.004406003937796396,1.3814488578621642
0.1557104562104599,0.24952847037001002,0.004594870934661198,1.5650990920483692
0.15499944378278,0.14605800955654002,0.0017038599009101486,1.066800964361923
0.14729578871533,0.14852126544489003,0.0015095919974033437,1.471333260057925
0.14522174036695,0.15790221160040002,0.0016160953241485805,1.5985868291109913
0.14522174036695,0.15790221160040002,0.001503538740124951,1.8153333935808955
0.13917161632848,0.06600177897956999,0.00039917454473458624,0.06423251600181994
0.13917161632848,0.08847545272478,0.0006083127524920431,0.5611154671374273
0.12895906432749,0.08847545272478,0.0006680442586111246,0.6965793950677998
0.12895906432749,0.12586977116486,0.0012948496280554248,1.0589451514129997
0.12895906432749,0.22089210481684002,0.003637904134656297,1.6141384476557925
0.15499944378278,0.22089210481684002,0.003913959267636641,1.1790561607147247
0.15499944378278,0.28867462268912,0.007532675126875678,1.18108322866291
0.17107819716515,0.33004047400678,0.011449604095456986,0.9388199965487035
0.19355187091036,0.36453844314357,0.015320885354985813,0.6882965034124922
0.19722921932471,0.36453844314357,0.014919521774912218,0.6565987880882719
0.20492194776757,0.36453844314357,0.013760098169504176,0.6543705127850786
0.2199349784829299,0.3600616681066,0.012198249317377797,0.703835890993177
0.23094618935044,0.3600616681066,0.012075406276684058,0.4251191865223652
0.23512235404822,0.3600616681066,0.010595325715241532,0.4680508293752437
0.23840996168582,0.3600616681066,0.0101375278178013,0.42773159758281715
0.23840996168582,0.28123018997334004,0.008505214890508882,0.7724806298717056
0.23840996168582,0.28332061522913,0.009029048468270328,0.7397155434774516
0.23840996168582,0.28332061522913,0.008910310857828996,0.9129148672324584
0.23512235404822,0.28332061522913,0.009102207307591564,0.9257634326917801
0.2199349784829299,0.28332061522913,0.008196542579514802,1.360203951244633
0.2199349784829299,0.28332061522913,0.005708019547810543,1.938771956612379
0.2199349784829299,0.1572563617359699,0.0016320616798113521,1.5216110798988187
0.2199349784829299,0.1572563617359699,0.0015592679599533029,1.5524744524701108
0.2199349784829299,0.2004759822620499,0.002083878965359913,0.7745073420483222
0.21745750019584,0.2004759822620499,0.0021091552192205707,0.8195129093113772
0.21745750019584,0.32623439343975,0.0055109861481557115,2.209747837309634
0.21745750019584,0.32623439343975,0.0055377511058713755,2.1338330757749704
0.21386785227965,0.32623439343975,0.005677717594163124,2.195319175799074
0.21386785227965,0.32623439343975,0.005857303132946013,2.1255171679491967
0.21386785227965,0.32623439343975,0.005763275654432958,2.1402056513268928
0.20706091438372,0.32623439343975,0.005770805508405595,2.2989288013482985
0.20706091438372,0.32623439343975,0.007170407390841456,1.596057033915248
0.21745750019584,0.32623439343975,0.007088711007789276,1.4948446070558437
0.21745750019584,0.32623439343975,0.0070716982354309295,1.5958036403818294
0.21745750019584,0.32623439343975,0.007271853589616315,1.3677722889892219
0.22823452631097,0.32623439343975,0.007816954898075532,1.0002273216445194
0.25488254948273,0.30233368599884,0.007239992304416316,0.8377548172673539
0.25488254948273,0.30233368599884,0.00762384229965502,0.7864956512799831
0.22823452631097,0.22359152858287,0.005097701742295741,0.4512556881058756
0.22823452631097,0.22359152858287,0.005832050009615627,0.27177594850331327
0.2558634725892,0.42431394357274993,0.012554985884009672,1.082672622915417
0.2558634725892,0.42431394357274993,0.011604700006753298,1.135984885489782
0.2558634725892,0.45690188659792,0.013300728812576037,0.874241036199878
0.2558634725892,0.48709086827963693,0.01569765786465542,0.6221763650869458
0.24692130085529,0.4873625142222989,0.017154450748730263,0.795711062272514
0.22823452631097,0.4873625142222989,0.01854960979366916,0.8726307656417972
0.1756768993871099,0.4873625142222989,0.018845996833140234,0.9362056330258641
0.17346856633316,0.4873625142222989,0.019513370097912472,1.1380795628423226
0.14718232219098,0.4873625142222989,0.018614778924155223,1.495569942181713
0.13844631266444,0.4873625142222989,0.017286315969899768,1.9577056830806592
0.13844631266444,0.4873625142222989,0.019206133486908143,1.5093505961699405
0.13844631266444,0.4873625142222989,0.020624482382874294,1.12290509812129
0.13844631266444,0.4873625142222989,0.022064405904439865,1.0313632454202277
0.13844631266444,0.321344229710459,0.014582128025424182,0.5847092426636317
0.13844631266444,0.321344229710459,0.015518801381742236,0.45206976594623155
0.17346856633316,0.3656358778465689,0.01847076718970368,0.21223382697886908
0.32569184249858,0.37677890184226903,0.01964961822438,-0.024318169638468022
0.35147497829969,0.66018844703194,0.03369356197686586,0.7539167559157925
0.35591641852605,1.24231694383005,0.10317239800525282,1.7996750489473683
0.38980483733902,1.24231694383005,0.10251578320986274,1.527035559276363
0.40547798125189,1.66100837646898,0.21135973766138433,1.5178913388011996
0.4497696293879999,2.03283435710788,0.3608215262739052,1.283954901796001
0.4497696293879999,1.97662456821015,0.35566682219649454,1.3118051783204128
0.4497696293879999,1.97662456821015,0.3651070634995216,1.2831807593400695
0.4609126533837,1.97662456821015,0.3534395399997307,1.2165242146970818
0.5941746729608299,1.97662456821015,0.3456690606624633,1.1988602559441501
0.61895503100638,1.97662456821015,0.3358266829831077,1.1817211496945774
0.61895503100638,1.97662456821015,0.34603911193076775,1.1389608812275065
0.61895503100638,1.97662456821015,0.3611725150337041,1.1061014363001285
0.61895503100638,1.97662456821015,0.37809961921832885,1.0800795809702128
0.5941746729608299,1.97662456821015,0.39324357908921515,1.166781022729711
0.5941746729608299,3.07197546817905,0.8344654705383624,1.5126714720998946
0.5941746729608299,3.07197546817905,0.8510124856333745,1.3069283891347743
0.5941746729608299,3.07197546817905,0.8662289153459628,1.2721646404357818
0.5941746729608299,3.4532806916670507,1.3008223206311287,1.3244705170625861
0.61895503100638,3.424863621791531,1.3467475324421103,0.9644605037128993
