2095.0,2155.0,401567.64,-1.1368016250519735
2095.0,1204.0,158634.24000000002,-0.6316318775098816
1955.5,1439.0,217331.15999999997,-0.37593205370072513
1856.0,1766.0,303192.24,-0.5585143010477801
1568.0,1926.0,395795.96,-0.46665518125686667
1319.5,2055.0,495580.00999999995,-0.17467876834690943
1200.5,2101.0,610448.89,0.012303247253489876
839.5,2118.0,702200.4099999999,0.24046406207667353
472.0,2118.0,686681.5599999999,0.6512739803142236
446.0,2020.0,487627.75999999995,1.1024685386385316
446.0,1741.0,350358.36,0.9882991349322249
446.0,3319.0,955963.2,1.857477377568955
446.0,3319.0,1326595.41,1.206710673521814
446.0,3319.0,1483397.9600000002,0.7273602030623108
1065.0,3319.0,1460751.2899999998,0.3794918759726187
1648.0,3319.0,1311606.56,0.16235610737015152
1918.5,3319.0,1151263.0099999998,-0.1776308361808894
2270.5,3195.0,905724.36,-0.4940456459835516
2444.5,2931.0,582998.49,-0.6721603934812617
2444.5,1889.0,292420.08999999997,0.3826940721338358
2444.5,2156.0,340589.55999999994,0.10172131333670056
2270.5,1547.0,264819.68999999994,-0.32355850040517176
2000.5,1302.0,211968.09,-0.17855943034453955
2000.5,1302.0,195562.56000000003,-0.14059314977081314
2058.0,1302.0,207442.61000000002,-0.2358645219263733
2143.0,1302.0,196821.40999999997,-0.44759053910411434
1959.0,1506.0,254821.76,-0.1924355396056745
1816.0,1937.0,341557.08999999997,-0.3876846324884396
1555.0,2008.0,412743.0399999999,-0.38314314246640635
1335.5,2089.0,522633.41000000003,-0.09255555335342233
1233.5,2130.0,632476.64,0.0729568876352111
854.5,2139.0,719344.61,0.29231758075042635
479.0,2139.0,724778.36,0.6754503716900158
471.5,2139.0,553871.85,1.1891508810177092
471.5,1811.0,368091.6,1.1038441156833272
471.5,3220.0,915079.4900000002,1.8702459431753005
471.5,3220.0,1242493.49,1.2250343694347894
471.5,3220.0,1409179.4899999998,0.7241690829305621
1093.0,3220.0,1365910.85,0.40303019660276135
1687.0,3220.0,1231252.69,0.17404580716046888
1892.5,3220.0,1081251.6,-0.16250408218759366
2195.5,3144.0,855024.8400000001,-0.48290035440030515
2366.0,2874.0,540513.8400000001,-0.5933876110497736
2366.0,1846.0,247986.28999999998,0.4892823823002125
2366.0,1922.0,260181.25,0.38827387933049573
2326.5,1475.0,209611.24000000002,-0.5431796962046747
2156.0,1257.0,178320.04,-0.3565927904462769
2098.5,1257.0,153985.49000000002,-0.36457235668685384
2236.5,1257.0,164815.00999999998,-0.517624487378073
2236.5,1257.0,157983.56,-0.6488480720916275
2058.5,1400.0,214823.03999999998,-0.37258076778397464
1827.5,1855.0,340239.69,-0.696323725485971
1624.0,2068.0,467336.9600000001,-0.5185417164382355
1416.5,2068.0,516768.0399999999,-0.2019934730768641
1230.5,2098.0,611084.61,0.07715899427675604
831.5,2199.0,706016.56,0.28131944082805566
408.0,2199.0,718310.64,0.6614575660605408
408.0,2199.0,553528.2899999999,1.1720449728443951
408.0,1781.0,367051.89,1.020519973607223
408.0,3284.0,943076.6399999999,1.8248969336557743
408.0,3284.0,1356983.49,1.1989284478547302
422.0,3284.0,1571237.0100000002,0.6822626427988895
1070.0,3284.0,1521025.8099999998,0.34833027586738824
1720.0,3284.0,1386262.61,0.10237334528935105
1983.0,3284.0,1232158.2900000003,-0.256411642056255
2284.0,3216.0,959820.0,-0.6016435475807399
2387.5,2909.0,590027.8400000001,-0.7468684615370411
2387.5,1833.0,270036.76,0.35808285637618004
2387.5,2178.0,336583.80999999994,-0.08013322508631722
2237.5,1723.0,300903.75999999995,-0.3949900049787112
2106.0,1477.0,255158.28999999998,-0.2522973347373103
1964.5,1315.0,197897.8,-0.19484669080392925
1964.5,1315.0,208047.36,-0.24777134789746172
1984.5,1315.0,207006.01,-0.2871264730894603
1871.0,1478.0,238755.21000000002,-0.019437992686033405
1679.0,1716.0,285685.8,-0.2714983042582596
1389.5,1978.0,360406.41,-0.31382629710520804
1267.5,2074.0,424180.81000000006,-0.08004478871127761
1186.0,2159.0,529808.41,0.07128553415695339
862.5,2159.0,596315.29,0.30990887834932707
510.5,2159.0,600281.5599999999,0.662403620138523
510.5,2159.0,504785.43999999994,1.1336637607248097
510.5,1738.0,369409.05,0.9462304916911294
510.5,3484.0,1045180.8900000002,1.8112126690409953
510.5,3484.0,1372278.24,1.1862949371833234
526.5,3484.0,1566485.6400000001,0.6889294529179437
1220.0,3484.0,1519727.76,0.3517583876231426
1834.0,3484.0,1354813.65,0.11622234391336682
2036.5,3399.0,1136652.4,-0.1775780457876965
2283.0,3241.0,876287.89,-0.46885357344785616
2522.5,2980.0,565230.64,-0.6225247934984846
2522.5,1854.0,272661.65,0.6731137895368955
2522.5,1984.0,292265.65,0.5355874118244998
2283.0,1452.0,225214.69,-0.42409320736357975
2107.0,1352.0,191958.60999999996,-0.20684421716343165
2107.0,1352.0,160520.0,-0.14510993025460012
2114.0,1352.0,167335.16,-0.250078923187889
2254.0,1352.0,163095.69,-0.5437965933442498
2114.0,1352.0,164873.69,-0.2108844990088889
2001.5,1938.0,278582.89,-0.7286810972874896
1923.5,1838.0,360051.84,-0.804915765602422
1761.5,1964.0,490360.8,-0.43923941490484875
1615.5,2187.0,650678.84,-0.21075672808679383
1322.5,2187.0,758664.76,-0.0015283709092685283
661.5,2187.0,765967.0900000001,0.3899195055247621
607.0,2187.0,653316.85,0.8270592803269485
607.0,2107.0,466958.16,0.9707055111829259
607.0,2478.0,584175.61,1.1876427642507323
607.0,2478.0,640535.6900000001,1.114686924065604
607.0,2478.0,781082.0099999999,0.6339371694854582
1039.5,2478.0,817190.09,0.2272816724274656
1710.0,2478.0,779578.0400000002,-0.15470573347258995
2028.5,2364.0,653983.76,-0.5284971492159773
2093.0,2257.0,491002.36,-0.9526360010646916
2123.0,2011.0,278636.96,-1.3819110280995126
2123.0,1264.0,87664.85,-0.6633878657948822
2123.0,1046.0,61182.21,0.15188453212022116
2091.5,648.0,46416.69,-0.9955309778806961
2091.5,878.0,66331.16,-0.41005423835218674
2091.5,1297.0,131687.01000000004,0.5727566557129468
2153.5,1297.0,139890.69,0.2529695956078371
2203.5,1297.0,136376.75999999998,0.10894407935316962
2160.0,1297.0,163210.65,0.2385523351335536
2091.5,2034.0,300533.4,-0.33867804208235336
1866.5,2508.0,524796.4,-0.4977653776638674
1651.5,2557.0,707557.1599999999,-0.24166482183564417
1651.5,2707.0,898555.76,-0.07932268159067
1277.0,2753.0,1060153.2,0.13927642869235213
657.0,2753.0,985854.2100000002,0.5593900718088854
641.5,2297.0,645934.56,0.8001990246897309
641.5,2035.0,409240.8,0.8994447705490654
641.5,1601.0,307450.44,0.5927704417367267
641.5,2347.0,522829.75999999995,1.0928942868564036
641.5,2347.0,686171.05,0.6676944737320556
1031.5,2347.0,770627.05,0.237533188505931
1488.0,2347.0,755972.8,-0.16200418612004866
1951.0,2347.0,643232.76,-0.5518746258497337
2071.5,2116.0,434755.2,-0.8752589159817956
2071.5,1659.0,232864.16,-1.0173768473028542
2071.5,1322.0,118955.81000000001,-0.8265985844797219
2071.5,995.0,76697.6,-0.07943286688404785
2071.5,995.0,76254.88999999998,-0.08217436036959055
2071.5,920.0,69334.64,-0.26794961344678286
2071.5,1108.0,101121.36,0.16070929422097882
2071.5,1108.0,117183.80999999998,0.12006418189781407
2066.5,1108.0,117111.41,0.12884594352844167
1965.5,1332.0,170866.21,0.012630554097104828
1849.5,1900.0,314604.05,-0.44638611160650654
1766.5,2226.0,505964.8,-0.4456298092776197
1656.0,2297.0,677561.8,-0.24397263847055087
1544.0,2431.0,849379.8099999999,-0.07373156436633667
1019.0,2444.0,970842.6100000001,0.21727521131034752
883.5,2444.0,823413.76,0.5398246115307399
697.0,2324.0,587084.1599999999,0.9302906525113763
697.0,1925.0,459189.6899999998,0.7415025670185259
697.0,3876.0,1275117.4,1.71278740514462
697.0,3876.0,1790914.0100000002,1.1002276899272125
845.5,3876.0,2004680.8099999998,0.6249230680236069
1537.0,3876.0,1896457.36,0.3368133992379588
2135.0,3876.0,1689199.9599999997,0.09139712305352987
2266.0,3876.0,1445337.2399999998,-0.234010827246899
2677.5,3408.0,1038507.6399999999,-0.42083244687166227
3050.0,3408.0,807379.61,-0.8299732393057668
3050.0,2025.0,356540.81,0.29630646530878785
3050.0,2189.0,387015.29000000004,0.16112636099133953
2769.0,1602.0,272330.09,-0.07303376761319119
2499.5,1293.0,202024.49000000002,-0.02386967991064101
2499.5,1293.0,179486.49000000002,0.10968308362019316
2551.5,1293.0,173021.56,-0.07306893975495574
2551.5,1293.0,193957.24000000002,-0.08155268148591682
2499.5,1791.0,272709.24,-0.2702397614904272
2279.0,2329.0,425823.20999999996,-0.7839249525730326
2032.5,2190.0,550622.41,-0.7513363991821944
1937.0,2396.0,721919.2100000001,-0.4118622522576893
1688.0,2416.0,887652.96,-0.11153020041225341
1050.0,2416.0,966134.7600000001,0.24805719396859807
599.5,2416.0,859987.4099999999,0.6793872146866013
599.5,2340.0,593023.65,1.1118443344487203
599.5,2009.0,491833.63999999996,0.9529753803926964
599.5,3783.0,1320726.44,1.6537905276719327
599.5,3783.0,1899233.0399999998,1.0824215533655708
608.0,3783.0,2161084.04,0.6002878141313501
1499.5,3783.0,2063101.64,0.3225722963288411
2258.5,3783.0,1836559.0399999998,0.0736979080120092
2264.5,3737.0,1596981.45,-0.27835669390749745
2649.5,3611.0,1229578.8099999998,-0.619280918778272
2926.0,3299.0,756063.36,-0.784198128130505
2926.0,1781.0,342025.89,0.4916445959762717
2926.0,2321.0,438412.75999999995,0.10659832249155825
2609.0,1895.0,346402.41000000003,0.004531082237950793
2509.5,1487.0,239343.15999999997,-0.1967816417222713
2509.5,1372.0,191755.48999999996,-0.2572475237111545
2632.0,1372.0,192746.69,-0.5460263410549075
2632.0,1372.0,194979.48999999996,-0.5205291600428718
2509.5,1820.0,291825.0399999999,-0.5827798524413272
2306.5,2067.0,431351.55999999994,-0.7622015100481259
2033.0,2377.0,622239.8400000001,-0.6238523083195784
1783.0,2433.0,789516.16,-0.2710051002158283
1559.0,2521.0,970907.65,-0.04462105976782131
1010.0,2521.0,1087970.44,0.25173367173234323
557.5,2521.0,971986.8099999999,0.6804385962680776
557.5,2521.0,713378.49,1.156535864176092
557.5,1997.0,541850.64,0.9792207198434423
557.5,4636.0,1880852.85,1.9313551280062262
557.5,4636.0,2654971.8899999997,1.2103858770943834
559.5,4636.0,2980515.8099999996,0.7209811110836711
1475.5,4636.0,2864883.41,0.40989343372802045
2480.0,4636.0,2623897.3600000003,0.1109075061491738
2808.5,4602.0,2305012.49,-0.242235817177094
3173.0,4522.0,1818833.6,-0.5922050244640539
3289.5,4097.0,1113991.36,-0.6749137765759259
3312.5,2660.0,496370.65,0.48492841837362194
3312.5,2854.0,545134.49,0.26778837676786676
3107.0,2051.0,360310.49000000005,-0.262366107382583
2967.5,1693.0,270584.49,-0.26017447075460143
2837.5,1693.0,234402.95999999996,-0.05755309638321373
2837.5,1693.0,233898.03999999998,-0.07323103081842797
2808.0,1693.0,281170.36,0.08762488184091345
2696.5,2345.0,400951.49,-0.24548265550264053
2452.5,2545.0,586623.4099999999,-0.9529380269951916
2229.5,2555.0,750887.64,-0.6091445810451555
2077.5,2312.0,792513.84,-0.3392202642400691
1751.5,2504.0,969115.4400000001,-0.05448945301207189
966.5,2612.0,1069113.04,0.2941470018439891
580.0,2612.0,992914.61,0.7225030097545447
580.0,2580.0,691475.24,1.204163997031427
580.0,1943.0,483730.48999999993,0.9637298815033716
580.0,3795.0,1263978.09,1.7320475100330879
580.0,3795.0,1885858.6400000001,1.1257217765921523
645.0,3795.0,2082640.6,0.643757938075824
1416.0,3795.0,2066530.8399999999,0.2912289555935046
2275.0,3795.0,1920861.4100000001,-0.009581376292146579
2542.0,3795.0,1713527.4900000002,-0.3983199946731734
2855.0,3727.0,1297730.04,-0.7798671519075883
3068.0,3292.0,752914.8899999999,-1.0345021741696918
3068.0,1890.0,283730.08999999997,0.3181540963095076
3068.0,2260.0,360645.69000000006,-0.1723438484621827
2867.0,1936.0,280257.24,-0.29842634868456286
2663.0,1365.0,189987.03999999998,-0.6438578105845374
2663.0,1365.0,175768.44,-0.6458538872457905
2752.0,1365.0,193720.28999999998,-0.7402229752314149
2855.5,1365.0,191021.8,-1.0380445801164522
2752.0,1338.0,237531.00999999995,-0.6011758324802156
2578.0,2286.0,478452.29000000004,-0.9325289989443515
2312.5,2492.0,677641.8,-0.6866527307398647
1981.5,2761.0,910937.1599999999,-0.36782048340192397
1981.5,2846.0,1156294.41,-0.1855896020787194
1309.0,2846.0,1312221.6099999999,0.13565489707995776
687.5,2846.0,1317625.6400000001,0.5329777112182067
664.0,2846.0,1074637.41,1.002190426726334
664.0,2660.0,798029.8400000001,0.975817501011148
664.0,4515.0,1800898.4900000002,1.7365579572807057
664.0,4515.0,2916048.8899999997,1.1983140667312286
664.0,4515.0,3362494.8899999997,0.6907087935139343
1469.5,4515.0,3506352.0,0.2765778402275647
2754.5,4515.0,3229424.25,-0.06224308273733782
3558.5,4473.0,2808576.16,-0.44566823422656027
3628.5,4409.0,2117360.4400000004,-0.8213806593631405
3669.5,3985.0,1262933.56,-1.1523838838888678
3669.5,2550.0,520266.20999999996,-0.2438306406031797
3669.5,2702.0,566720.45,-0.406169558335994
3503.0,2715.0,635232.2,-0.3938484149539844
3392.0,1919.0,484079.45,-0.5523350612040089
3333.5,1813.0,422758.48999999993,-0.5870566378177913
3144.5,1813.0,372737.44,-0.35145870746428887
2829.5,1813.0,405293.21,0.03468393763053334
2562.0,2121.0,458252.09,-0.09264207916258801
2315.5,2596.0,598734.4099999999,-0.17759387766150847
2117.0,2786.0,693030.56,-0.31980393114239386
2018.5,2982.0,831042.5599999998,-0.1070239779608959
1712.5,3006.0,1010140.1600000001,0.12285730871859694
1185.5,3081.0,1152760.44,0.38046062663415114
753.5,3081.0,1114034.61,0.8032192413885875
697.0,2428.0,635227.01,1.0402201202512502
697.0,1935.0,427308.85,0.8049204983305098
697.0,2795.0,711710.85,1.3307892242384036
697.0,2996.0,1164035.36,1.0119709271651545
697.0,2996.0,1367139.0100000002,0.5637476402278307
1372.5,2996.0,1489341.0900000003,0.14397401747968044
2198.0,2996.0,1359944.24,-0.22050131134641493
2622.5,2996.0,1184746.49,-0.6368112780270163
2832.5,2775.0,852715.21,-1.0844853308018663
2893.0,2425.0,470209.75999999995,-1.6469258063630763
2893.0,1350.0,138449.24,-0.9672057660870325
2893.0,1102.0,101993.24000000002,-0.5587477335654992
2819.5,1102.0,122831.63999999998,-0.21116543752169242
2725.0,799.0,87491.05,-0.4699370354268216
2785.5,970.0,108786.04,-0.3501850614264492
2684.0,970.0,99960.44,-0.20336605006159233
2684.0,1036.0,126492.4,-0.17688209044355385
2535.0,1337.0,171482.65,-0.08512344943519747
2286.0,2160.0,343683.20999999996,-0.7879080778244629
2168.5,2379.0,503359.04000000004,-0.6083004063262855
2125.0,2775.0,751259.8400000001,-0.41369506402238837
1941.5,2775.0,943349.76,-0.1195410169259051
1379.5,2885.0,1094512.6400000001,0.18702148247404757
858.5,2885.0,1039391.21,0.5971850466956756
734.5,2434.0,664850.89,0.8594059121929664
734.5,1849.0,430783.68999999994,0.6144795755386023
734.5,2167.0,513794.41000000003,0.7928546978817438
734.5,2267.0,679574.2400000001,0.8196306871983785
734.5,2267.0,811762.01,0.44553567817304335
1218.5,2267.0,873116.8099999999,0.07308632036637379
1935.0,2267.0,845766.36,-0.32994024773491554
2204.0,2450.0,802892.49,-0.712313689063712
2281.5,2609.0,650782.0900000001,-1.0595500363971402
2359.0,2201.0,341667.76,-1.4845134081134255
2359.0,1204.0,108691.43999999999,-0.15705276819555847
2359.0,1265.0,116634.25,-0.28440081366375064
2281.5,1265.0,129768.0,0.018217484874267182
2281.5,1265.0,130176.68999999999,0.013624037525533489
2391.5,1525.0,201256.45,0.1680920482390388
2452.5,1525.0,195558.56,0.0010860563143287223
2452.5,1525.0,206324.0,0.12206533381272733
2243.0,1852.0,289200.64,0.07875757014310933
2010.0,2297.0,387893.29000000004,-0.10729681693459817
1949.5,2711.0,576423.44,-0.1561753035316114
1795.5,2873.0,782959.76,-0.05235046923349811
1632.0,2899.0,958584.4400000001,0.09600293152743035
1106.5,2899.0,1070244.2100000002,0.3816713055059289
677.0,2914.0,1011737.25,0.8173748635500883
677.0,2163.0,553694.21,0.9320184305416893
677.0,2089.0,531873.09,0.8965837568296763
677.0,4210.0,1611905.4,1.7268939134322447
677.0,4210.0,2394559.6399999997,1.0950783622064801
684.5,4210.0,2667568.6,0.6397068470118273
1627.5,4210.0,2732021.2899999996,0.23185832170325896
2522.0,4210.0,2449705.69,-0.05686970135042029
3014.0,4210.0,2148064.84,-0.44459839738849155
3370.5,4210.0,1733675.7599999998,-0.8487796597785738
3416.0,3578.0,962292.5599999999,-1.0833033378167474
3416.0,2121.0,389748.55999999994,-0.03764654264731831
3416.0,2202.0,407702.20999999996,-0.11266703788635515
3370.5,1818.0,375160.61,-0.14940092027897212
3239.0,1765.0,286928.16000000003,-0.14432170492841212
3239.0,1765.0,286928.16000000003,-0.1443217049284122
3050.0,1765.0,278354.49,0.07961809314587348
3050.0,1765.0,323698.36,0.048277200478851194
2938.5,2624.0,509773.69000000006,-0.2322380065458913
2604.0,2707.0,683067.85,-0.8176051642023902
2287.0,2986.0,948397.5599999998,-0.6509303663927077
2278.0,3094.0,1191730.29,-0.2931297457699111
1848.5,3094.0,1406618.0400000003,0.017555931121945784
1070.0,3094.0,1531268.8900000001,0.3458023313540119
546.5,3094.0,1314816.1600000001,0.7859984089749811
546.5,2716.0,819552.61,1.1639291143611064
546.5,2356.0,688059.01,1.0225223483697867
546.5,4150.0,1658865.1600000004,1.598480953160564
546.5,4150.0,2194026.7600000002,1.0495220527591083
602.0,4150.0,2157528.85,1.0038159494857757
976.0,4150.0,2214038.6100000003,0.5840337971309896
1859.5,4134.0,2077655.0100000002,0.24938483175134327
2701.0,4108.0,1980541.65,-0.12163874924663595
2866.0,4027.0,1720000.1600000001,-0.4689566911737431
3254.0,3561.0,1216970.84,-0.7846223037163447
3430.0,3279.0,727979.01,-1.0819718654069725
3430.0,3279.0,762840.6900000002,-0.9789600387126304
3108.0,2724.0,624932.85,-1.021257833824225
3107.5,2724.0,596356.5599999999,-1.0257241502734475
3278.5,1491.0,234174.69,-0.3230336626208078
3278.5,1491.0,231633.6,-0.3666654132270511
3278.5,1528.0,287068.81,-0.34569220207273577
3138.5,2300.0,460395.04000000004,-0.48289827175233735
2706.5,2819.0,710653.2899999999,-0.7676135159490209
2380.0,2830.0,957085.36,-0.6450045835165938
2331.5,2983.0,1154984.2399999998,-0.3340309642303523
1927.0,3045.0,1397779.76,-0.029290713223831547
1178.5,3058.0,1544808.4099999997,0.30397308201577594
635.0,3049.0,1301157.44,0.7127211679579325
635.0,2778.0,849128.8399999999,1.0937634348509617
635.0,2247.0,662572.61,0.8917692663105178
635.0,4109.0,1579358.84,1.5743123453516836
635.0,4109.0,2372563.6399999997,1.0551023123896626
649.0,4109.0,2652334.04,0.59615877257067
1658.0,4109.0,2618864.2100000004,0.22927464735914554
2739.5,4109.0,2448057.6399999997,-0.14709623835670613
3138.0,4109.0,2257858.2399999998,-0.5291330237615276
3316.5,3994.0,1793470.2100000002,-0.9310376012334118
3454.0,3490.0,1008554.2899999998,-1.3097811835013022
3454.0,1862.0,362789.89,-0.17794072993322388
3454.0,1857.0,361727.24000000005,-0.1734373457872735
3316.5,1751.0,362170.49,0.07728067131347269
3289.5,1751.0,299287.56000000006,0.2856416995695167
3289.5,1751.0,306308.49,0.18020858339795126
3289.5,1751.0,306485.04,0.1812188479680078
3157.0,1866.0,386074.29,0.22562318644334828
2973.0,2849.0,568412.1599999999,-0.33850543467115907
2751.5,2817.0,759951.3599999999,-0.8661195765945284
2519.0,3092.0,1022306.8899999999,-0.6169641697386867
2419.5,3174.0,1271310.0,-0.24642333734045
1870.5,3257.0,1499510.49,0.0629741070422512
1063.5,3348.0,1641978.81,0.39756581733952173
610.5,3348.0,1382636.1599999997,0.8491350266242165
610.5,2787.0,808581.76,1.1570208688926669
610.5,2431.0,679852.16,1.0177419908644392
610.5,4515.0,1830866.36,1.6953408734614162
610.5,4561.0,2967050.0899999994,1.0906489926083214
739.0,4561.0,3240583.2399999998,0.6297172412990238
1826.5,4561.0,3127083.36,0.299427398924652
2867.5,4561.0,2877690.4400000004,-0.03970061151423626
3192.0,4561.0,2668337.2,-0.41482590806362685
3469.0,4307.0,1992155.45,-0.7802227547100475
3803.0,3773.0,1171624.49,-1.0653492326862368
3803.0,2130.0,458817.75999999995,-0.05473531969005515
3803.0,2194.0,474044.64,-0.10794886095531371
3532.5,2194.0,457570.09,0.15946746177193163
3532.5,1850.0,307201.83999999997,-0.03368806129638565
3532.5,1850.0,343118.08999999997,-0.15183693925353334
3532.5,1850.0,338084.8,-0.169499826782138
3532.5,1991.0,446252.44000000006,-0.17113249808705555
3285.0,2656.0,659220.24,-0.5938940212377615
2952.5,3320.0,1023092.6,-0.6412390332241301
2671.5,3672.0,1339639.49,-0.4537047537967734
2513.5,3859.0,1643686.8399999999,-0.13697872857246687
1957.5,3890.0,1945054.0,0.13429701458202278
1140.0,3890.0,2085060.2900000003,0.47276315363762383
632.0,3890.0,1780304.85,0.9404023311714724
632.0,2908.0,928103.3599999998,1.1163038739754232
632.0,2626.0,816978.4400000001,1.0060983490742994
632.0,4814.0,2171806.05,1.6526382405256996
632.0,4814.0,3260634.96,1.0541829360961492
743.5,4814.0,3769670.0100000002,0.5677521985968353
1947.5,4814.0,3728794.16,0.19139449999228872
3250.5,4814.0,3420130.4899999998,-0.17371673066819224
3679.5,4754.0,3123294.0,-0.5585966667632992
3979.5,5030.0,2620985.8899999997,-0.9105642440799658
4491.0,4326.0,1513547.4100000001,-1.2719546483245943
4491.0,2493.0,552583.84,-0.3879768932743105
4491.0,2325.0,507055.83999999997,-0.25873183262527677
3988.5,2325.0,548214.24,0.0791819651478145
3988.5,2325.0,518550.6,0.1575446159721315
3990.5,2325.0,518668.04000000004,0.15589429836104754
3990.5,2325.0,531800.84,0.17597036445456096
3990.5,2683.0,705601.1599999999,0.03054253162289621
3624.5,3759.0,1100581.69,-0.2522163016337261
3336.5,3758.0,1309583.29,-0.5342436904841499
3098.0,3897.0,1600275.8399999999,-0.4926396758770543
2853.0,4085.0,1993932.2,-0.1690060835722194
2136.0,4159.0,2360168.3600000003,0.12138768904713416
1317.5,4159.0,2539817.05,0.4646174716787144
789.5,3961.0,1943711.05,0.8575768882301711
789.5,3229.0,1107981.61,1.0893729024518939
789.5,2394.0,758838.65,0.7831420467997454
789.5,4192.0,1612744.8099999998,1.4957651160665162
789.5,4192.0,2217580.2399999998,0.9861817423731619
907.5,4192.0,2562463.4400000004,0.532643083320047
1930.0,4192.0,2619772.5599999996,0.1263420456828427
3038.5,4192.0,2446734.6100000003,-0.26523717124768376
3524.5,4181.0,2205272.4,-0.6433637393222348
3578.0,4023.0,1605864.6099999999,-1.0880870252272834
3733.0,3199.0,844139.65,-1.410851853666961
3733.0,1885.0,284257.96,-0.6733237962384941
3733.0,1589.0,222654.44,-0.2641610864442979
3578.0,1410.0,197440.85,-0.043526503289711437
3578.0,1749.0,281653.16000000003,0.14752663438644842
3821.5,1749.0,297437.6,-0.1339974237462139
3878.0,1749.0,289243.9600000001,-0.22394746728066847
3878.0,1749.0,320288.44000000006,-0.12173530032406449
3524.0,2637.0,559050.6399999999,-0.4912958543068812
3283.5,3452.0,1007079.76,-0.6408809780907433
3182.0,3927.0,1426473.04,-0.4948231020802776
3028.0,4281.0,1962412.2900000003,-0.2555653118307253
2584.0,4281.0,2326633.16,0.01859319573327735
1587.5,4403.0,2629629.6399999997,0.3257942353327562
942.5,3970.0,2062591.4899999998,0.6548630459775738
868.0,3443.0,1350108.2899999998,1.0026303377287071
868.0,2962.0,912880.4,0.8805623288267257
868.0,3547.0,1175457.65,1.1563525249946396
868.0,3729.0,1807484.7599999998,0.950094780631517
868.0,3729.0,2204708.6900000004,0.5145629506708148
1741.0,3729.0,2297003.09,0.11043627052769917
2889.0,3729.0,2190410.45,-0.2865362243284589
3456.0,3960.0,2104094.6399999997,-0.674362947841861
3603.0,3752.0,1541876.6900000002,-1.1381649018357116
3634.0,3158.0,802549.49,-1.6860416876015187
3634.0,1738.0,215712.45,-1.1177061349932238
3634.0,1277.0,131252.63999999998,-0.3678915443036185
3603.0,1277.0,156225.09000000003,-0.033810452246479085
3603.0,1277.0,174479.03999999998,0.03293451967934223
3616.0,1577.0,251765.75999999995,0.11637377920115032
3650.5,1577.0,240055.88999999998,-0.04601698249167601
3650.5,1907.0,350837.24000000005,-0.16002605462153327
3441.0,2971.0,670582.65,-0.6969571847782488
3142.0,3644.0,1144979.04,-0.6719480799000047
2980.5,4036.0,1654549.8,-0.4220292445055864
2747.0,4226.0,2124363.56,-0.13573047699823057
2050.0,4259.0,2492173.04,0.14772234012453273
1181.5,4259.0,2657425.85,0.48743714547860517
649.0,4259.0,2202277.7599999993,0.9565805170891183
649.0,3424.0,1193565.24,1.2678127038529086
649.0,2497.0,803066.49,0.9412500501652702
649.0,4556.0,1920891.2099999997,1.6128472170005894
649.0,4556.0,2689499.69,1.0418706981809818
750.0,4556.0,3021280.81,0.5767832740274536
1887.0,4556.0,3046117.6,0.17829077153639716
3136.5,4556.0,2829291.6399999997,-0.20433238484625615
3603.5,4499.0,2682094.8099999996,-0.5328188441340141
3665.0,4421.0,2109928.84,-0.946627282454505
3916.0,3770.0,1167839.81,-1.3179115961321703
3916.0,2090.0,386639.49,-0.321682653125337
3916.0,1655.0,294737.04,0.16162692873020937
3665.0,1655.0,277522.29000000004,0.4305713145345599
3665.0,1655.0,284675.63999999996,0.38196740795444
3916.0,1655.0,325036.61,0.02833754357393752
3916.0,1655.0,344528.16,0.04620302850514399
3909.0,2313.0,532431.01,-0.267290197727667
3505.0,3225.0,918256.45,-0.7760177067535784
3283.0,3819.0,1379266.45,-0.7142691235248161
3186.5,3907.0,1728380.45,-0.36682043601247477
2833.0,4270.0,2127009.2,-0.05723849220401505
1944.5,4326.0,2452856.3600000003,0.24283907383417175
1088.0,4326.0,2595000.49,0.5919327876857667
747.0,4326.0,2068923.2399999998,1.0810584301047976
747.0,3071.0,974979.6099999998,1.1770266856902631
747.0,2723.0,831387.85,1.0315928341671092
747.0,4711.0,2089068.8399999999,1.6015354318326047
747.0,4711.0,3066259.56,1.000475890000785
986.0,4711.0,3456136.0400000005,0.526456019770691
2138.0,4711.0,3577172.6400000006,0.12184247122483867
3504.0,4711.0,3470936.2900000005,-0.2744627932751428
4038.0,5494.0,3488127.4899999998,-0.5197236419504454
4280.0,5372.0,2778807.04,-0.8924139655555879
4511.0,4525.0,1513156.4899999998,-1.1491185725019126
4511.0,2787.0,552757.61,-0.19006967156539342
4511.0,2015.0,372897.05,0.6164160140518453
4358.0,2015.0,378590.01,0.9704738542019187
4358.0,2015.0,406825.29,0.7392661182637312
4511.0,2015.0,385817.85,0.5024285636337036
4511.0,2015.0,383157.61000000004,0.5071440030131315
4384.0,3083.0,713476.4099999999,-0.310910178502426
4137.0,3614.0,1062012.96,-0.8383514813416328
4033.0,4178.0,1658578.44,-0.9207672298924726
3901.0,4533.0,2341290.09,-0.5655006818080145
3245.0,4756.0,2906632.4899999998,-0.21036591487677683
2262.0,4756.0,3259741.61,0.1439502585884632
1351.0,4793.0,3345486.3600000003,0.5297695297583023
711.5,4517.0,2520518.04,0.9346620629905
711.5,3749.0,1402029.89,1.2238194277091032
711.5,2933.0,1013140.61,0.9058986143987146
711.5,4836.0,2260260.7600000002,1.4566795781551058
711.5,4836.0,3293800.8099999996,0.9700679945743924
940.0,4836.0,3893914.2399999998,0.49434234746412475
2276.5,4836.0,4040250.7600000002,0.0820998342046708
3817.5,5002.0,4097298.6100000003,-0.28450050277155503
4499.0,5597.0,3979011.4899999998,-0.6224097961108402
4687.0,5933.0,3340076.69,-0.9135985350244996
4957.0,4990.0,1920383.2,-1.1993438450806961
5193.0,3129.0,699438.2,-0.6635951617401218
5193.0,1908.0,328223.69000000006,0.4233516344317673
5138.0,1908.0,332038.49,0.46765867594688515
5286.0,1908.0,377345.20999999996,0.07560628814054769
5519.0,1908.0,347911.96,-0.2733391762974315
5519.0,1564.0,284313.24,0.003153274976838831
5519.0,2968.0,713307.9600000002,-1.0114329628953118
5148.0,4470.0,1740230.0099999998,-1.1761967434325236
4953.0,5100.0,2811700.65,-0.9354926471973594
4839.0,5486.0,3809172.65,-0.5512784226885625
4070.0,5718.0,4606926.889999999,-0.18175458015623785
2617.0,5812.0,5142274.89,0.1760907041231002
1442.0,5812.0,5205127.56,0.5703776444729952
825.0,5793.0,3986130.2099999995,1.018735358315526
825.0,4466.0,2048203.56,1.2562552762899133
825.0,3311.0,1405319.01,0.9357260437662533
825.0,5598.0,3005788.6099999994,1.5082860085043142
825.0,5598.0,4589314.2,0.9852159236711686
1105.0,5598.0,5479786.89,0.5062065876556527
2597.5,5598.0,5703791.4399999995,0.09340635888398026
4407.0,5798.0,5782962.96,-0.28434017327922934
5317.0,7087.0,5826236.36,-0.531158808984216
5610.0,6961.0,4813268.65,-0.8620433675935893
5843.5,5822.0,2881524.04,-1.0941514697577337
6004.0,3783.0,1146504.49,-0.6654528821766834
6004.0,2203.0,568868.2,0.45261927761867726
5943.5,2203.0,578884.84,0.48517782865993364
6158.5,2203.0,631258.64,0.09419631141981967
6288.0,2203.0,547937.1599999999,-0.10025910656576037
6705.5,1902.0,455889.16,-0.2582886088632906
6705.5,2326.0,656883.36,-0.4297419738258416
6288.0,4733.0,1835579.0399999998,-1.321890315294988
5986.5,6167.0,3626701.6,-1.1287144366424844
5629.0,6876.0,5353941.609999999,-0.7517809039268961
5286.0,7038.0,6761945.69,-0.3514276547194725
3869.0,7162.0,7884280.4399999995,-0.0009035611333509378
1947.0,7162.0,8289131.159999999,0.37604222783192814
875.5,7162.0,6973607.640000001,0.8142242898817209
773.0,7162.0,5372954.959999999,1.406421604277033
773.0,4839.0,2239362.6399999997,1.3196145701548583
773.0,4064.0,1734085.89,1.0518190428075767
773.0,4064.0,2063754.6099999999,0.9175873873831758
773.0,4064.0,2439400.1599999997,0.500497259889147
1899.0,4064.0,2637151.89,0.0870777435185405
3174.0,4299.0,2793004.64,-0.2534320893672405
3601.5,4396.0,2588389.29,-0.6055082994799664
3736.0,4502.0,2109016.0,-0.9483361296839663
4071.5,3958.0,1261590.25,-1.3439641223212546
4416.5,2210.0,430578.25,-0.7496240047416021
4416.5,1408.0,216694.89000000004,-0.32375754970077414
4457.0,1408.0,217157.4,-0.3744882906231384
4599.5,1491.0,205682.16,-0.5876917401939254
4599.5,1222.0,120001.88999999998,-0.42829572403799565
4599.5,1264.0,126056.60999999999,-0.5094851304814831
4555.5,2212.0,382659.81,-1.2923456373152582
4413.0,3414.0,1021373.49,-1.3242264105964212
4268.5,3704.0,1540299.0,-0.8936543966028493
3979.5,4361.0,2185204.69,-0.5674418656188209
3328.0,4671.0,2668056.29,-0.24342958723615477
2253.0,4671.0,2982409.01,0.11900323049998224
1507.0,4708.0,2930605.65,0.511264315307665
1033.5,4088.0,2110921.8899999997,0.8267532877642669
1033.5,3444.0,1240437.81,1.0529548419099075
1033.5,2995.0,1038239.64,0.8724846335159704
1033.5,4361.0,1929653.69,1.2866184127504692
1033.5,4894.0,3212765.6900000004,0.9128202453580251
1102.5,4894.0,3908589.44,0.47607693086025143
2426.5,5099.0,4532051.839999999,0.09656424344865042
4036.0,5198.0,4588668.01,-0.2769379031180199
4728.0,6027.0,4483004.41,-0.5836290059552363
4994.5,5925.0,3541954.3600000003,-0.9830170965877648
5354.5,4885.0,1935225.6,-1.330410200099914
5354.5,3032.0,666813.76,-0.8325620336139457
5354.5,1666.0,278816.2,0.3977039266315411
5354.5,1648.0,236002.81,0.533024188159323
5506.5,1679.0,309125.29000000004,0.22934075090062872
5647.0,1384.0,231223.84000000003,0.24723659635476217
5647.0,1384.0,240676.63999999998,0.29240256265327136
5517.5,1404.0,279104.8,0.3566942557737801
5234.0,4078.0,1125858.6099999999,-1.727564036289641
5153.5,5346.0,2487746.8,-1.3496130078994626
5084.0,5739.0,3739281.4899999998,-0.8433379949639148
5074.0,5760.0,4726594.61,-0.41705325302341395
3675.0,6025.0,5427629.41,-0.037898955929364625
1704.0,6156.0,5752858.609999999,0.33817563410305795
873.5,5500.0,4617275.49,0.7148271446463739
873.5,5037.0,3213179.16,1.1671175181778253
873.5,4752.0,2485133.4899999998,1.1397270584034644
873.5,5726.0,3226581.25,1.3607382810167623
873.5,6535.0,5546137.76,1.0157216657776458
1080.0,6535.0,6207586.25,0.5471424014676246
2779.5,6535.0,6366795.36,0.13784489507171618
4684.5,6535.0,6402342.4,-0.2602183707328407
5321.5,6535.0,5780435.65,-0.6708462043784977
5545.0,6317.0,4136983.65,-1.1534605865938816
5682.0,5312.0,2099373.49,-1.6752219294860529
5682.0,2719.0,569617.96,-0.4606293493557937
5682.0,2021.0,372483.81,0.17358608648928608
5487.0,2450.0,521732.75999999995,0.12842137340525564
5487.0,2081.0,362903.04,-0.19024738314109094
5674.0,2081.0,366812.21,-0.3894497228623125
5674.0,2081.0,446649.41,-0.20347609658764906
5275.5,3332.0,840036.6900000001,-0.7036594128439184
4850.5,4345.0,1730387.4100000001,-1.2418292747243982
4660.0,4789.0,2655065.4099999997,-0.8480681947167851
4445.5,5127.0,3373283.65,-0.47703055479566064
3719.5,5463.0,4128021.41,-0.12931983320012974
2289.0,5554.0,4474223.25,0.23595645739655696
1262.0,5554.0,4651619.8100000005,0.6055317664648034
871.0,5449.0,3520111.8900000006,1.0567186799172206
871.0,4271.0,1802740.2399999998,1.4131732743082814
871.0,2819.0,1018411.21,1.007622112038235
871.0,4285.0,1773811.6900000002,1.4471745769259532
871.0,4285.0,2634128.5599999996,0.937064546123453
935.5,4285.0,3053815.6,0.48610258325643396
2076.0,4907.0,3782263.6,0.1514507188034922
3457.5,5785.0,4437415.24,-0.08258486891299427
4167.5,5767.0,4318878.24,-0.413383614111491
4481.5,5693.0,3552921.45,-0.7793404821454567
4871.0,4891.0,2114044.0100000002,-1.0720720136469764
5127.5,3077.0,855784.8099999999,-0.6571355857338151
5127.5,2128.0,443883.64,-0.13031429786223284
5166.0,2128.0,409911.43999999994,-0.35948915265704867
5238.5,3224.0,668390.6100000001,0.2905941123948432
5579.5,2316.0,420383.25,0.9555148616438344
5579.5,2876.0,577042.6100000001,0.3950412137805789
5222.5,4069.0,1071839.0,-0.3239742987917248
5111.5,5395.0,2076029.2399999998,-0.6674688447576477
4956.5,6098.0,3171124.4,-0.5016397556973141
4560.0,6549.0,4272429.36,-0.23653394689707452
3683.5,6762.0,5136874.61,0.06716314512277521
2424.0,6785.0,5668104.640000001,0.39589538744238406
1409.5,6819.0,5660644.489999999,0.799062109877324
832.5,5563.0,3480511.29,1.089439272557222
832.5,3943.0,1630565.85,1.2745197606442442
832.5,2750.0,938328.8899999999,0.9130345940770248
832.5,3119.0,1090648.4,1.0451174243702992
832.5,3119.0,1367018.64,0.7711300978409473
890.5,3119.0,1537075.45,0.3829964886792617
1955.0,3201.0,1771819.2399999998,0.016662952349583565
2766.5,3927.0,2017099.8400000003,-0.21259914013797335
2907.0,4385.0,2124439.0100000002,-0.40482123350843596
3236.5,4440.0,1862868.44,-0.6302792237475695
3497.0,3632.0,1050077.81,-0.6107822573619287
3587.0,2070.0,487855.49000000005,0.31424308128470285
3681.5,2009.0,408636.8,0.0769484115431656
3835.0,2009.0,394723.21,-0.13204015812280026
4080.0,2173.0,406109.2,-0.31871925682214597
4201.0,1432.0,228334.16,0.20509621083188356
4201.0,2069.0,349294.08999999997,-0.48971607169698905
4064.0,2710.0,659874.01,-0.6677431573385951
3835.0,3688.0,1184611.6099999999,-0.7864680172039168
3681.5,4251.0,1696181.4,-0.641817139404027
3268.5,4562.0,2327156.49,-0.3434707567819228
2580.5,4621.0,2784213.8400000003,-0.0117984539932514
1771.0,4733.0,2861744.2400000007,0.3602755644715572
1000.5,4736.0,2751549.85,0.784298861671841
563.5,3951.0,1701801.2099999997,1.096946372036082
563.5,2667.0,776258.65,1.0816162033113206
563.5,2050.0,575011.76,0.840971770077181
563.5,2715.0,800900.4099999999,1.0994271899440844
563.5,3068.0,1282185.61,0.8408986905470796
797.5,3068.0,1550060.8,0.4008168545193106
1735.5,3068.0,1699447.0399999998,0.007850627782485868
2616.5,3555.0,1819571.8399999999,-0.3094169212403311
3005.5,6867.0,3548476.160000001,0.7455684274170087
3167.0,6753.0,3251996.81,0.5206516559243886
3287.0,5914.0,2319271.1599999997,0.9005315572724713
3440.5,4817.0,1692854.2,1.5029068963899532
3440.5,4152.0,1524295.8099999998,1.7490312188803265
3440.5,4124.0,1513432.2100000002,1.7611393229948993
3599.0,4124.0,1475706.7600000002,1.694715997659172
3704.0,4124.0,1389839.69,1.6727782060490228
3704.0,4508.0,1534799.4,1.4719923811204412
3599.0,4508.0,1637008.4100000001,1.48737441426752
3294.0,3183.0,695512.5599999999,0.4912810588647526
2993.0,2875.0,733838.21,-0.8644657350546158
2939.5,3656.0,1292618.21,-0.7826730074084809
2747.5,3727.0,1668274.4,-0.4241270398040933
2286.5,3727.0,1959440.65,-0.06023485470857568
1522.0,3727.0,2102752.4899999998,0.3088981003233404
673.5,3727.0,1731871.3599999999,0.6791908038270202
566.0,2690.0,1001580.7600000001,0.7883731887100963
566.0,2690.0,865829.4400000001,0.8293449033597882
566.0,3043.0,1010930.0900000001,1.00075414509638
566.0,3085.0,1414393.04,0.9045928232181185
566.0,3085.0,1726234.7600000002,0.5057883459950449
1460.0,3085.0,1774576.65,0.09436934049361963
2488.5,3744.0,1974858.4099999997,-0.18003624117787675
2978.0,3763.0,1916841.36,-0.5220432830284134
3152.5,3763.0,1523767.44,-0.9437401788675158
3276.0,3134.0,886103.4,-1.2576623847970598
3350.5,1912.0,320298.65,-0.8763117233469594
3482.0,1077.0,135528.64,-0.14015120937345135
3625.5,1077.0,130366.4,-0.4646752216846981
3745.0,1453.0,177285.56,-0.34415441446872597
3842.5,1453.0,138454.16,-0.7260296919223742
3842.5,1623.0,169574.36,-1.036764157445509
3745.0,2501.0,469258.16000000003,-1.3115667126049804
3625.5,3094.0,880926.4399999998,-1.010784651438665
3482.0,3757.0,1446827.4100000001,-0.7351962333568172
3070.0,3934.0,1860174.6399999994,-0.37797989261285864
2297.0,4091.0,2228215.6,-0.03699296321145076
1561.5,4168.0,2377832.8899999997,0.32955850300003486
933.5,4168.0,2246448.01,0.753901165590228
513.5,3705.0,1487042.25,1.134278603807121
513.5,2545.0,658828.4099999999,1.190523506624882
513.5,2180.0,534359.76,0.9790403192187326
513.5,2484.0,762376.2899999999,1.0730512710160252
513.5,2768.0,1140273.81,0.8076380847170924
666.5,2768.0,1404874.2899999998,0.3798187115036081
1639.5,3135.0,1646440.56,0.02830442732524887
2523.0,3986.0,1977024.69,-0.13555098582946837
2802.5,4699.0,2269755.96,-0.1940178403688677
2944.5,4671.0,1922582.0099999998,-0.49111218686042046
3142.5,3984.0,1205692.41,-0.5412108475976342
3142.5,3114.0,865035.21,0.03724785548616366
3142.5,3114.0,912920.0,0.013812842841540902
3678.5,3114.0,935805.01,-0.3618227314734726
4104.0,3281.0,1113171.0100000002,-0.5376136420320672
4224.5,3281.0,1091513.4100000001,-0.9184700088595446
4224.5,4444.0,2034534.7599999998,-0.9405715852386506
4151.5,4444.0,2742327.8899999997,-0.5177614944339993
3089.5,4444.0,2742997.4899999998,-0.12427933959545871
1963.0,4444.0,2841986.69,0.2674980153533619
1475.0,4593.0,2888581.24,0.6559021299707195
964.0,4738.0,3183842.29,0.7079506800988773
690.0,4840.0,3457741.0,0.8514121241504911
619.5,4840.0,2926885.0,1.4355333885312676
540.5,4247.0,1481255.89,2.418022246615775
540.5,1036.0,127401.96,0.7346001133364699
545.0,2241.0,442325.00999999995,1.4764137802311248
611.0,3947.0,1463554.45,1.541797275112698
611.0,3947.0,2120975.96,0.9665219807001726
860.5,3947.0,2532142.04,0.4936237591313263
1857.5,3947.0,2544435.29,0.09982042315203976
2850.5,3978.0,2618156.81,-0.2701999459991295
3480.5,4620.0,2568259.4,-0.5548442235629516
3774.5,4594.0,1948240.64,-0.9818250267879691
3792.5,3597.0,972788.3600000001,-1.1497434113416027
3792.5,2392.0,401858.44000000006,-0.42161022052131314
3792.5,1611.0,219326.01,0.4470814644290845
3738.0,1611.0,215795.55999999997,0.7686413561895011
3738.0,1966.0,384545.44000000006,0.724274502099885
3900.0,1966.0,377495.2,0.5935707053014291
3900.0,2544.0,496112.36,0.07458557112508997
3691.5,3245.0,834916.0099999999,-0.24803075046884437
3604.0,3770.0,1115253.3599999999,-0.2959402767369664
3430.0,4391.0,1573085.16,-0.22119514325847747
2971.0,4559.0,1995648.8400000003,0.018936558577528358
2312.5,4559.0,2175163.2,0.32462952088551705
1699.5,4559.0,2249403.45,0.6903303167462277
1281.0,5006.0,2357116.89,1.0156705324065218
1010.5,3843.0,1292707.4,1.122179301327774
972.5,2462.0,518050.65,0.7916433050116212
972.5,2709.0,600580.76,0.9903181761398898
972.5,3955.0,1399679.44,1.3568701454319931
972.5,4160.0,2221440.4,0.9089579395223205
1087.0,4160.0,2682896.76,0.4441867836279053
2017.5,4160.0,2600840.76,0.08242736812684578
3079.0,4160.0,2757868.8,-0.29300353618150904
3702.0,4195.0,2709568.8,-0.7053987171024874
4161.5,4560.0,2139219.0100000002,-1.136074425085291
4161.5,3749.0,1063377.81,-1.5303689900184807
4161.5,1888.0,368675.01000000007,-0.3719486289152715
4161.5,1769.0,346221.04,-0.31878796824462824
3925.5,1769.0,375987.45,0.03544921289595097
3925.5,1769.0,406889.29000000004,0.042887790547479154
3853.0,1769.0,398696.49,0.10367510255218833
3853.0,1946.0,458183.61000000004,0.02721475932184056
3460.5,2905.0,748164.0900000001,-0.2293918461854226
3134.0,3479.0,1082049.3599999999,-0.26340016385185216
3030.0,3902.0,1323757.0899999999,-0.41506015784830996
2940.5,3902.0,1430375.41,-0.010754901889146906
2372.5,4328.0,1877881.81,0.11139926071566894
1606.0,4437.0,2212439.4400000004,0.35555456681872866
1310.5,4437.0,2315892.0100000002,0.713112340564934
998.5,3862.0,1526259.16,1.0090901995999344
779.0,2692.0,700717.69,0.9541839352391107
779.0,2490.0,628676.41,0.8166348029213788
779.0,3682.0,1335130.44,1.2553843275330365
779.0,4249.0,2297294.6399999997,0.9277148618510282
1082.5,4249.0,2672052.69,0.4584033620417671
1756.5,4249.0,2757098.7600000002,0.1796195547209905
2785.5,4249.0,2877818.7600000007,-0.19235826125398053
3339.5,4737.0,2851182.4099999997,-0.48917564074400893
3800.0,4710.0,2395460.0100000002,-0.8373905161628752
4067.5,4085.0,1411231.24,-1.1725194017733502
4067.5,2298.0,522298.24000000005,-0.4918407076860305
4067.5,2027.0,423024.64,-0.2682907819726507
4067.0,2027.0,435786.36000000004,-0.17934118608297833
4067.0,2047.0,507981.2100000001,-0.1559853793862379
4278.5,2047.0,499379.2100000001,-0.36450011065015697
4278.5,1886.0,448529.45,-0.2587267618405018
4052.5,2902.0,828745.1599999999,-0.5451147248543626
3732.5,3702.0,1299548.69,-0.6142145326798194
3388.5,4286.0,1749697.0100000002,-0.5342372580092012
3117.5,4460.0,2141159.84,-0.22202122208231378
2574.0,4656.0,2488731.05,0.10461243381025488
1666.0,4745.0,2830124.24,0.37965643230137497
974.0,4767.0,2845835.81,0.7766846622068131
595.0,4063.0,1822868.69,1.1293543359076197
595.0,2952.0,845141.89,1.3731118503735351
595.0,2677.0,730678.64,1.2392406961108937
595.0,4283.0,1810799.2399999998,1.5680050882735146
595.0,4283.0,2780882.64,1.0032232844777589
656.0,4283.0,3210647.76,0.5230034745187342
1841.0,4283.0,3117758.16,0.19407127904076651
2923.0,4283.0,3042342.29,-0.20543459724818355
3447.0,4283.0,2681577.65,-0.6229268427653465
3934.5,4481.0,2183517.8899999997,-1.0284892568656498
3991.0,3943.0,1217745.49,-1.5303485768522882
3991.0,1869.0,343185.25,-0.504323044217086
3991.0,1779.0,312754.24000000005,-0.41882361643720534
3934.5,1779.0,288609.76,-0.08257239234644943
3934.5,1779.0,263772.00999999995,-0.08219587857430277
3750.5,1779.0,292536.49,0.1972102215967748
3750.5,2017.0,333815.21,-0.0024111842392937357
3535.0,2906.0,631122.09,-0.4816047730341856
3358.0,3714.0,1116771.45,-0.6050562762029797
3120.5,3615.0,1388355.2,-0.6595015346644431
2883.5,3753.0,1631870.56,-0.3605761691279654
2285.5,3753.0,1736742.0100000002,0.033311690520971445
1437.0,3914.0,1915351.6900000002,0.3701611817319081
823.0,3926.0,1779362.3599999999,0.7962250919776961
592.5,2943.0,1048389.8399999999,1.013815367180344
592.5,2469.0,576935.01,1.3027828344459926
592.5,2412.0,556669.8,1.2677876674774282
592.5,3146.0,1065525.84,1.3461971453267225
592.5,3146.0,1479182.6,0.827964340353778
869.0,3146.0,1729286.0100000002,0.37448253622787314
1899.0,3146.0,1726316.9600000002,-0.025234741727715802
2801.0,3803.0,1970475.2100000002,-0.29794233331586584
3078.0,4307.0,2012093.7600000002,-0.4996005566528997
3228.0,4183.0,1618930.56,-0.8097060442124611
3318.0,3590.0,1044166.36,-0.7648731276715792
3347.0,2042.0,468079.83999999997,0.2962562561930038
3443.0,1786.0,369635.0,0.43044676182769204
3383.0,1786.0,392359.0,0.45213835146465814
3771.5,1786.0,429147.25,0.04700440176046454
4068.5,1786.0,390711.49,-0.2562097254262303
4068.5,1993.0,435632.55999999994,-0.38342645598995795
3776.0,2465.0,672359.5599999998,-0.34135287122600605
3383.0,3460.0,1097516.85,-0.5373620418307109
3217.0,3701.0,1453024.44,-0.31402225329376277
2934.5,4232.0,1716364.89,-0.29013355790312273
2486.0,4358.0,2149626.24,-0.014926628251148683
1752.5,4397.0,2355764.7600000002,0.33125125296739333
1134.5,4442.0,2467835.65,0.6884889899011392
682.0,3933.0,1642468.69,1.0202198527523807
682.0,2582.0,760209.49,0.8624674729595913
682.0,2110.0,566446.6900000001,0.6315711843577486
682.0,3304.0,1019259.25,1.278214312413375
682.0,3553.0,1673423.4099999997,0.9265242934436052
766.5,3553.0,1939804.69,0.5118317252347327
1622.5,3553.0,1990763.4899999998,0.10222650638081707
2540.0,3970.0,2185685.25,-0.19236399149070538
3020.0,5234.0,2610716.2399999998,-0.15071258291194936
3233.0,5126.0,1997663.2400000002,-0.41791035513149816
3568.5,4191.0,1190997.0,-0.29471025797483985
3726.5,3312.0,664593.21,0.23937843639241183
3726.5,2356.0,405196.55999999994,1.30876490479748
3726.5,2356.0,404207.76,1.3077949325104579
3791.0,2356.0,466065.20999999996,0.8409801167160078
3867.0,2356.0,389489.61,0.8742998886224191
3867.0,2343.0,387086.04000000004,0.8900076241877624
3791.0,3127.0,639690.21,0.1648842395551313
3610.0,3132.0,753765.09,-0.9127217744804024
3453.5,3962.0,1379219.01,-0.8017683365790291
3239.0,4213.0,1892203.0399999998,-0.46576290363556894
2639.0,4371.0,2266594.65,-0.11619513419817172
1858.5,4371.0,2433686.01,0.25889406966331197
1055.0,4438.0,2478445.69,0.6460317457075054
519.5,3814.0,1668432.7599999998,0.956672236079272
519.5,2867.0,867061.89,1.0241634512781226
519.5,2083.0,582594.8400000001,0.6859888752424643
519.5,4308.0,1617954.09,1.6795847440304974
519.5,5415.0,3405328.0,1.258545798833122
829.0,5415.0,3929784.6399999997,0.7272208930980899
1708.5,5415.0,3864948.96,0.36276140853748173
2859.5,5415.0,3597410.44,0.0034304251811221576
3715.0,5415.0,3210478.81,-0.38259832449868986
4004.5,5320.0,2520493.29,-0.7469663684833179
4004.5,4320.0,1406071.85,-0.7483118999052891
4028.5,3421.0,709994.8099999999,-0.4335845357388144
4028.5,2178.0,383595.44,0.9557173415838667
3893.0,2178.0,413814.05,1.1893777177242608
3893.0,1327.0,162838.28999999998,0.4756177019987721
3736.0,1327.0,155264.85,0.9050141434430801
3736.0,1971.0,258868.28999999998,-0.058289659481764
3596.5,2510.0,469222.2,-0.4348162647898677
3515.5,3643.0,978032.45,-0.8455089261525479
3421.0,3444.0,1264019.9600000002,-0.8439838158865314
3079.0,3862.0,1767040.7599999998,-0.49386863108345164
2487.5,3949.0,1991765.81,-0.15011885739326714
1651.5,4024.0,2156811.4099999997,0.21763755280377817
913.0,4040.0,2101372.69,0.6241968402437481
532.0,3445.0,1422979.09,0.9320478235202759
532.0,2612.0,761494.6,1.0997588980066548
532.0,2395.0,684661.4099999999,1.0124754542569876
532.0,3318.0,1160487.96,1.3123958047095121
532.0,3590.0,1841908.9600000002,0.888868144112488
666.0,4015.0,2541265.41,0.502611687917902
1774.5,4015.0,2756418.56,0.09102607055397864
3001.5,5852.0,3768338.21,0.11531332675829452
3599.0,5852.0,3827281.09,-0.1908798626610031
3786.5,10082.0,7176019.81,0.8320897328320723
3999.0,11350.0,11063314.21,0.9899712134976677
4849.5,9819.0,12434380.239999998,0.7171412974624392
5768.0,13923.0,20852953.0,0.7782114355926962
8147.0,13935.0,26496399.610000003,0.44714459336921064
11111.5,19271.0,38750842.089999996,0.45388493487342646
12142.5,19271.0,39456283.96,0.10018924487575927
14536.5,17570.0,31177015.96,-0.10816078826417778
14536.5,17570.0,24946024.09,-0.06514144535691997
14536.5,12812.0,16902494.65,0.48215754676794326
14536.5,18645.0,25834392.56,-0.2786725327799751
14343.5,20457.0,38947287.65,-0.4021960994205888
14343.5,21493.0,52325543.65,-0.3009898577403701
11736.5,21905.0,60867697.81,0.04660973948497547
7982.0,21905.0,62837992.44,0.4333326049111451
3558.0,19147.0,46200589.56,0.7113309912352958
3558.0,15510.0,27500013.6,0.9009530707703577
3558.0,12885.0,22435469.85,0.7138313693815225
3558.0,18252.0,37482970.89,1.003404011125749
3558.0,20047.0,55536103.29,0.9279140706233568
4072.5,20047.0,69640157.03999999,0.477600711052551
9791.0,20047.0,69168489.84,0.09829167245928716
15186.5,20047.0,65589245.64,-0.3008935076470668
17455.0,19758.0,57516188.55999999,-0.7151519296814174
19041.0,19758.0,42757696.760000005,-1.2421938779555564
19041.0,15758.0,20137734.490000002,-1.7625572150767534
19051.0,7162.0,4319279.040000001,-0.9505587848426266
19051.0,6391.0,3655532.85,-0.7380318069631883
18636.0,6391.0,4402809.5600000005,-0.33372826833811753
18636.0,5770.0,3714335.41,-0.4553579158674439
18319.0,5770.0,3122857.81,-0.3665512495478279
18319.0,5770.0,3127385.8400000003,-0.3656905090812789
17992.5,11063.0,9412429.45,-1.2496585814829042
17122.0,13647.0,18050467.689999998,-1.173785460090389
16025.0,16213.0,28776076.090000004,-0.8892708111001915
15319.5,17608.0,39154666.010000005,-0.5159700187087839
12213.5,17608.0,42367662.56,-0.13572573545429312
7870.5,18580.0,48447526.839999996,0.19419881779389928
4763.5,18828.0,49680437.61,0.5765844554559584
2965.0,17235.0,37351116.489999995,0.9871144325625244
2965.0,15533.0,21696797.56,1.4930384390742555
2965.0,8829.0,9307493.41,0.7799944533975256
2965.0,13215.0,16014564.610000005,1.3185206810705687
2965.0,15186.0,28159554.610000003,1.0459580896454554
3160.5,16868.0,40869097.239999995,0.6329808998386358
6250.0,16868.0,43112487.96,0.20901849055945337
11354.5,19862.0,52825262.89,-0.041780632677104634
14251.5,27177.0,70646605.8,0.0959738102073748
15237.0,32599.0,90945238.05,0.27415977163379235
16765.0,29949.0,72867623.76,0.15831918530059033
19103.0,24937.0,52608005.85,0.22760314206309615
21933.0,19740.0,37720745.85,0.3471047195496673
24388.5,19143.0,32553003.560000002,0.07235556078343618
25579.0,19143.0,32374623.05,-0.22119387369973578
25579.0,19143.0,28487416.810000002,-0.25216541065473486
25579.0,13093.0,18278964.16,0.47857167889265856
25579.0,20431.0,30779834.2,-0.45736361258518166
24388.5,26853.0,58812745.45,-0.6789131472028562
22290.5,26951.0,71399503.76,-0.6163544791271404
21184.5,30040.0,96010527.76,-0.3157385190492794
17158.0,30733.0,111113757.01000002,0.026543230337826827
10051.0,31027.0,120453606.69000001,0.37960582156438705
5920.0,31184.0,108607083.96,0.8066751573348651
3455.5,20548.0,61391991.36,0.8984261512759002
2905.0,20548.0,40836698.81,1.4774245182275287
2905.0,12495.0,15618392.84,1.0273808818740762
2905.0,11369.0,13730158.4,0.8763916907817499
2905.0,13928.0,23339572.65,0.8963864720267489
2905.0,13928.0,27370623.24,0.5269579758113081
6321.5,14346.0,33006028.96,0.16287767925191418
10242.5,15991.0,36652334.559999995,-0.1450683536282879
11938.5,17701.0,37448832.160000004,-0.40701766651163995
13415.5,17353.0,31768924.089999996,-0.7025876791510458
14893.5,14595.0,18655123.6,-0.8895134043100765
15102.5,14005.0,14385598.6,0.14532874054540038
15935.5,11158.0,13578055.85,0.38166695129848827
17613.0,11158.0,11805846.89,0.1036163896277044
18481.0,11158.0,11918516.040000001,-0.2957842040651085
19268.0,11186.0,11953550.209999999,0.28572470200615296
20355.5,11186.0,9607695.889999999,0.18511104211098656
20355.5,13256.0,13495452.209999999,-0.26571792826939383
20355.5,19875.0,30066850.359999996,-0.9007950895830976
20355.5,23234.0,52185997.36,-0.7604156881186003
20355.5,24524.0,73699924.6,-0.5591867829923528
16532.0,25240.0,86040239.88999999,-0.17476174213440565
9712.5,25377.0,88899979.89,0.20462679349582527
4723.5,25596.0,89365007.09,0.6031335154835548
2399.0,25596.0,78166879.03999999,1.1095727822121428
2399.0,19987.0,39224088.64,1.5283102024308568
2399.0,12340.0,15132610.039999997,1.183797015336841
2399.0,12936.0,16233970.36,1.2559698110055177
2399.0,17008.0,32875410.29,1.1597756514107844
2792.0,17298.0,46396373.65,0.6812091477878476
6214.5,17298.0,53386819.96,0.2561657762814635
11108.5,22222.0,64545039.760000005,0.0281105524807046
15654.0,22222.0,63381335.44,-0.321371358838673
17690.5,22660.0,56606276.65,-0.600127363911454
17835.5,21005.0,42192063.21,-0.7806229297294931
19294.0,16236.0,22435632.65,-0.8018727284901161
21122.5,11217.0,11481822.64,-0.513236551059186
21805.0,7145.0,6400896.49,-0.2945845873298794
22438.5,8689.0,7003287.290000001,-0.30690351951294653
23116.0,8689.0,5370200.8100000005,-0.6418627903817664
23116.0,26178.0,50620364.95999999,-2.42003500157266
22650.5,26178.0,55488608.95999999,-1.8326540356626972
22650.5,26178.0,70801362.05,-1.1324637212748703
21290.5,26178.0,84261044.03999999,-0.6133108191035872
16878.0,26178.0,90031863.85,-0.19747627295469686
9919.0,26178.0,99596435.69,0.1675792115624022
5517.0,26178.0,96141495.75999999,0.5760112128833513
3919.0,26178.0,87166760.44000001,1.0584563559647495
2443.0,24126.0,52670651.65,1.669993872835867
2443.0,12946.0,13890708.610000003,1.5380214274290527
3660.0,12421.0,14489066.689999998,1.0661033153360726
3660.0,12968.0,15469974.440000001,1.1428158260486974
3660.0,16463.0,30028014.439999998,1.081218673640166
3660.0,19004.0,47678596.010000005,0.7307563135137656
6182.0,20189.0,62531199.45,0.3608115251423591
11116.5,23635.0,75922709.45,0.09051649520893813
15442.5,28561.0,90872224.36,-0.03463411111725003
18460.5,28219.0,81604134.60999998,-0.35106210456362347
20323.5,25462.0,65070518.29,-0.5210114935240124
21148.5,20750.0,38775410.44,-0.48718202017925477
22184.0,15593.0,21637307.05,-0.2131185084865539
22312.0,12098.0,13462447.61,0.24786144536205956
23674.5,9557.0,9678333.04,0.34963030046407184
24940.5,8372.0,7780807.209999999,0.21035270371124262
24940.5,7907.0,6842565.69,0.3114495603396892
24253.0,16746.0,20480718.09,-1.131479092808282
22720.5,22174.0,41641980.160000004,-1.2444812583212548
22045.5,24993.0,65908638.4,-0.8378072102558178
21509.0,23804.0,78826308.49,-0.5448668683726612
17089.5,24807.0,95907134.49000001,-0.17471450264581304
9485.5,25006.0,102022924.84,0.20588902211592727
5019.5,25006.0,101169318.44,0.6127283602927727
2847.0,25006.0,79579631.75999999,1.104723350567933
2847.0,21572.0,43268120.88999999,1.673417973824277
2847.0,11660.0,13721530.759999996,1.1034379392355893
2847.0,11640.0,13688075.559999999,1.100821605423658
2847.0,15967.0,28173542.759999998,1.1324479128356935
3039.5,15967.0,34143550.05,0.6357942396931832
6301.0,15967.0,39787095.80999999,0.22346168507121417
10564.5,19342.0,47825815.8,0.010415627201119776
13122.5,20712.0,51251523.81,-0.20571043521823928
14779.5,20564.0,44221112.61,-0.5325325996792428
16342.5,24145.0,43456046.760000005,-0.10849732893422204
18536.5,19533.0,35438962.65,0.12992587718725612
20263.5,15618.0,24765028.889999997,0.2470585013599929
20263.5,14417.0,20047996.41,0.4471116861533842
20863.0,15794.0,25834485.45,0.1758266387833785
21646.0,13681.0,19898408.76,0.05746675143420297
21646.0,12539.0,15451765.45,0.2428451063748773
21646.0,14362.0,20752469.44,-0.026635511791768728
20958.0,22967.0,44310487.20999999,-0.7245089736266604
20958.0,26141.0,72906453.2,-0.6400430719609467
18735.5,27659.0,89342690.35999998,-0.3377315900111291
16066.5,27815.0,94589154.96000001,-0.0026269671577346418
10852.5,28461.0,102707237.49000001,0.35255108615954955
4963.0,28691.0,110797774.28999999,0.6426998987937871
2617.0,24630.0,75624881.25,0.9955980453004241
2617.0,19667.0,41090625.809999995,1.3946850859601951
2617.0,14329.0,19332999.25,1.3311713876368643
2617.0,14808.0,20367260.84,1.382286465756249
2617.0,15449.0,32628249.089999996,1.011127771269652
3148.0,16650.0,44263851.089999996,0.5678169192798282
6934.5,16711.0,50248995.760000005,0.16134007539161221
12532.5,20765.0,58519836.410000004,-0.10389262652477509
15954.5,32123.0,89431488.8,0.3231528018548387
16875.5,31596.0,78925510.35999998,0.05854485729843825
17506.5,28511.0,69418127.61,0.05528400786968346
19564.0,23518.0,49393513.44,0.14111388422277857
21442.0,17315.0,33843617.64,0.4828910807620583
21442.0,16674.0,29437303.49,0.5376854343242986
22749.5,15473.0,24465090.96,0.4913659964940848
24278.0,15412.0,20908528.61,0.26852339820238674
25710.5,12742.0,15315022.290000001,0.3402809146095215
25710.5,17299.0,23308459.56,-0.2758180614522521
24278.0,22679.0,40196129.64,-1.0463159507796782
22600.5,25474.0,66339927.44,-0.7428532688587582
20750.0,24913.0,81283765.64,-0.5298027753233545
17928.5,25661.0,91918988.81,-0.18948064829319647
11777.5,25970.0,103425205.21000001,0.16268907805774574
6507.5,26372.0,109893293.05,0.5155437517389553
3792.0,26372.0,98956419.75999999,0.9922675581570618
3792.0,25758.0,62047402.00999999,1.600319090107267
3792.0,14635.0,25519702.490000002,0.9876236454349224
3792.0,20762.0,41261252.160000004,1.4147423384080051
3792.0,20762.0,57431881.64,0.9433614373615722
3815.0,20762.0,64433202.69,0.5191474058770251
9476.5,20762.0,66895805.489999995,0.10785859506835498
15270.0,21158.0,70614092.44,-0.24619719468524823
17203.5,22981.0,68423703.65,-0.5839283272010849
18593.5,24428.0,57735209.089999996,-0.8853706684790189
19208.5,20633.0,31270723.560000002,-1.0836711605645803
19208.5,11992.0,12577722.960000003,0.13946756662931795
19797.0,9467.0,8753719.96,0.3760340652959934
19208.5,9467.0,9377193.690000001,0.6753332830373053
19482.5,11663.0,15318871.61,0.5726136324216088
21122.0,11663.0,16777492.639999997,0.1937857491467198
21122.0,11663.0,16307311.609999996,0.1952242018791535
19482.5,15883.0,24600276.560000002,-0.015114268875763092
18592.5,21782.0,41546507.690000005,-0.3202796056448126
17658.5,24686.0,56405200.89,-0.2608399804436734
16674.0,26283.0,75540928.41,-0.08490098409636615
14564.0,26898.0,92413538.55999999,0.11302427722676535
9152.5,27077.0,100203489.69,0.4547716381119005
4751.0,27223.0,106242963.45,0.7638721567076486
2500.5,26274.0,74382718.84,1.2456512518348402
2500.5,17529.0,31043708.410000004,1.445892392201978
2500.5,11340.0,12925570.89,1.1478139251327253
2500.5,10267.0,11258289.839999998,0.9998760981372157
2500.5,11820.0,18059515.85,0.918970194290371
2607.5,11820.0,22155458.09,0.4842240306158999
5720.0,12512.0,26144326.490000002,0.11463032392327765
9478.0,17034.0,33706652.8,0.0329328378779728
11191.0,28246.0,64835832.8,0.7640441484346842
11967.5,28012.0,59007497.69,0.5044541235363634
12928.0,25495.0,44001752.089999996,0.6674245737180343
14500.0,21081.0,45788118.489999995,0.7454530575583268
16598.0,17979.0,37345330.96,0.8303180229786694
17633.0,17655.0,32554156.610000003,0.7745850914351007
18183.0,18134.0,38761503.56,0.4131301183495613
19136.5,16213.0,30389378.610000003,0.4312996879217774
19136.5,13761.0,25083137.809999995,0.6458552140310091
19136.5,16296.0,30424891.76,0.42061349250217533
18257.0,18785.0,31497257.240000002,0.49962555937414244
17707.0,25737.0,52901237.81,-0.06649788410838756
17707.0,27393.0,74837034.28999999,-0.14182555425223065
15330.5,27393.0,72957554.24000001,0.1059306133915387
11946.5,28102.0,84241664.28999999,0.3659138868030138
7226.0,28213.0,88891175.00999999,0.7095532240497323
3227.0,20208.0,52317238.44,0.7693421694115545
3227.0,16670.0,31152351.410000004,1.05917253221841
3227.0,11917.0,18785409.6,0.7813063471355199
3227.0,12869.0,20380085.759999998,0.8486167212946453
3227.0,12883.0,25160112.81,0.8327488017923116
3689.5,13116.0,31231935.209999997,0.40616853571505956
7821.0,15465.0,36901161.16,0.06879527225745405
12555.0,19472.0,46318002.64,-0.08748385065523824
14150.0,20451.0,48435803.44,-0.31666864050717936
14273.5,20027.0,37328357.089999996,-0.666329261793103
15564.5,17050.0,21961695.89,-0.7995226229887626
17204.5,10758.0,11104963.410000002,-0.10487145184119472
17694.5,7582.0,7198172.640000001,0.0967766392148249
17801.5,7568.0,6223113.0,-0.24139346628424863
18916.5,8154.0,5812401.609999999,-0.2951867710878205
19567.0,5805.0,3446596.56,0.10738001600653543
19567.0,7973.0,5064271.4399999995,-0.5133300710926524
18534.5,13036.0,13129784.04,-1.1291918041233968
17801.5,15145.0,21368093.6,-0.8898045590262091
17777.0,19364.0,37490536.089999996,-0.739178308762531
16227.5,20461.0,51865646.839999996,-0.41207042358051577
12039.5,21331.0,58647915.64,-0.07261581822746706
8453.5,21656.0,63800423.0,0.287141196536815
5289.5,21787.0,58961735.96,0.6971413786552855
2631.5,18428.0,38185249.89,1.0066521110239413
2631.5,13814.0,18956210.609999996,1.1818083164792539
2631.5,9049.0,11430321.96,0.7098213663463965
2631.5,13031.0,17748286.759999998,1.0777664206773077
2631.5,13913.0,26749421.21,0.9045373414231278
3152.0,15553.0,36938826.41,0.5123970653315076
7013.5,15553.0,41875087.96,0.11151615125932779
11797.0,18898.0,47804928.64,-0.1462048903082352
14229.0,20319.0,48710158.56,-0.4019612066337995
15291.0,19599.0,37401179.25,-0.7759917770561668
16111.0,16855.0,22203345.25,-1.0474926787563703
17041.0,11270.0,9206445.64,-0.6572240288506196
17794.5,7288.0,4381023.01,0.00683833277341278
17853.5,6406.0,3135295.09,-0.01692734653630871
18098.5,7277.0,4271133.36,0.7793423692115875
18633.5,7277.0,3708011.45,0.620757597514356
18726.5,5417.0,2693652.6399999997,1.2145396184340151
18400.0,13117.0,10271793.209999999,-1.2976602414670433
18098.5,17129.0,22343155.61,-1.1915037080663353
18062.0,19446.0,37375333.4,-0.8270792692701473
18039.5,21109.0,52126095.61,-0.4726215542416307
14189.5,21629.0,63058495.69,-0.11685018094001859
8066.0,22239.0,69066621.24,0.24471825122601618
4901.5,22239.0,67699518.8,0.6547282251092401
2911.5,18857.0,47161257.8,1.0497591683567888
2911.5,17543.0,27575945.889999997,1.6163955955356328
2911.5,9122.0,9122788.959999999,0.7762560428151558
2911.5,13723.0,16661297.410000002,1.4504224586854566
2911.5,13723.0,25838532.610000007,1.025247454375678
2783.5,13723.0,25921758.209999997,1.0338333477857222
4057.5,16428.0,37353647.65,0.6304258139979804
6276.0,16428.0,40755521.65,0.20969307216381788
11207.0,19017.0,45882112.36,-0.037057107223241494
14581.5,18504.0,40133155.839999996,-0.3911273779987252
15221.5,16516.0,30298668.439999998,-0.7374242591880897
16452.0,16516.0,22707776.56,-1.2887518071563016
17201.5,16516.0,18366789.559999995,-2.0593584072053677
17276.5,16516.0,18920629.49,-2.1919345402039827
17331.0,18548.0,21951229.64,-2.0116849618021573
17534.0,6265.0,2896209.04,0.9013777516351633
17487.0,6862.0,3704054.8899999997,0.5808369991796983
17487.0,11266.0,8182500.4,-0.8594740269078905
17276.5,15695.0,18135586.009999998,-1.0835533267355408
17201.5,17085.0,28982105.609999996,-0.7337929781214033
16153.5,19916.0,42452879.61,-0.4629305545137444
12971.0,20685.0,53031632.089999996,-0.13589410108528804
8554.5,21055.0,58490454.89,0.21951364587108146
5645.0,21157.0,57421563.61,0.6203293784293842
3534.5,18471.0,39546193.0,0.9462410019142665
3508.0,14295.0,20687489.160000004,1.1331194886330735
3508.0,9891.0,11844943.89,0.6750790371627934
3508.0,12126.0,15184771.440000001,0.949207386035358
3508.0,12214.0,21736642.160000004,0.7309233051247432
3508.0,13020.0,28492024.24,0.4118652175572246
7171.5,15525.0,35491755.6,0.11068872252508012
11225.0,19001.0,43507586.29,-0.044285005786888855
13048.0,20786.0,47271660.61,-0.2160083069303646
13495.0,20362.0,36486210.84,-0.5233794177052914
15100.5,16767.0,21506362.25,-0.5023429593331703
16353.0,12218.0,11250388.41,-0.013976424673364681
16504.0,8660.0,7665095.4,0.24480448362256932
16737.0,8572.0,6698005.640000001,-0.04859251847595683
18116.0,11177.0,9372491.41,0.6041495276872765
19485.5,8772.0,7712525.4399999995,0.5731134945177566
19485.5,9323.0,8137804.210000001,0.5054017234106124
18116.0,13204.0,13000101.65,0.04845707420272968
16737.0,18380.0,23725539.839999996,-0.4838670808017979
16454.0,21199.0,39294921.809999995,-0.5168291448668243
16178.5,22992.0,55819415.010000005,-0.3347700292872123
13811.5,23666.0,69573314.61000001,-0.05859905274555159
9283.0,24001.0,75571192.16,0.30141726764991544
5285.5,24001.0,73837390.60999998,0.7178646648414917
2979.5,20921.0,48790708.04,1.066029533920339
2979.5,14678.0,22986616.89,1.1654331171499577
2979.5,10797.0,15038568.089999998,0.8593205085184049
2979.5,13739.0,20081156.090000004,1.1120304602761941
2979.5,14435.0,30203506.25,0.8296902449311324
3711.5,14803.0,38546481.44,0.4188537253719821
8230.0,16081.0,44167734.56,0.0466828874482278
12966.5,20769.0,52735710.760000005,-0.11802718009040673
15161.0,22307.0,55869339.410000004,-0.2978865749611301
15693.0,22307.0,44966416.61,-0.6491275984323465
16516.0,18335.0,26291901.409999996,-0.717801541573937
17461.5,12555.0,12369807.25,-0.10032088030749789
17753.5,8862.0,7500937.040000001,0.48410410714487084
18715.0,8166.0,6121561.49,0.3759281322769821
19726.0,11563.0,10755203.959999999,0.8794975644863257
20066.5,10285.0,10443208.49,0.6139528041210938
20066.5,10931.0,10982179.209999999,0.5335103340257905
19726.0,15498.0,18078720.96,0.005281443531929845
18715.0,19709.0,29178933.76,-0.28453489945059257
17753.5,22967.0,45637075.96,-0.3038697312444494
17124.0,24492.0,61211515.44,-0.10484386324602488
14225.5,25768.0,76031424.56,0.11403329845577485
9836.5,25936.0,86050205.41,0.3984194597287174
6102.0,26317.0,87937252.44000001,0.7794802986534949
3710.5,23821.0,58273985.04000001,1.1770837987316647
3710.5,15386.0,24175570.96,1.1318946437281414
3710.5,14039.0,21364637.89,1.0095337987977364
3710.5,20011.0,41116959.010000005,1.3316891949294622
3710.5,20439.0,62421263.23999999,0.9081991708489542
4162.0,20439.0,72779325.96,0.4547158168288745
10269.0,20439.0,73761508.29,0.06281222716706229
16286.5,20439.0,71705789.03999999,-0.3382267561786076
18344.0,21901.0,66422198.64,-0.7294073707638508
19737.0,21614.0,48104741.65,-1.252330543072318
19737.0,17648.0,22813776.639999997,-1.8025080289483713
19737.0,7862.0,5186801.4399999995,-0.2845928346468801
19737.0,6600.0,4266626.760000001,-0.00789498985389155
18993.0,6600.0,4287512.159999999,0.38530995125292794
18993.0,6600.0,4124694.8899999997,0.3961758521909928
18542.0,6600.0,4165429.2099999995,0.5185570895979872
18542.0,9514.0,6779996.44,-0.21518109897012996
17909.5,13568.0,13768198.45,-0.6941355932621402
17116.0,15334.0,21447634.2,-0.9622574573803535
16606.0,17603.0,31367967.96,-0.7100485682992803
14967.0,19238.0,41292471.64,-0.386495598184917
11483.0,20037.0,49744910.95999999,-0.05097503665732259
7662.5,20304.0,54288923.21,0.30448681119266574
4734.5,20392.0,52258200.239999995,0.7196810637256885
2782.5,17564.0,34144088.81,1.055327189445828
2782.5,12699.0,16267558.010000002,1.1943623415198474
2782.5,8645.0,9714663.209999999,0.7626568155323222
2782.5,11652.0,13922328.240000004,1.1022980119418848
2782.5,11652.0,20078799.69,0.8251025484471942
3060.0,11746.0,25206771.759999998,0.42034671125283657
6554.5,13899.0,30397682.810000002,0.08347263352824565
10685.0,17540.0,37137467.95999999,-0.0647969500718677
12439.5,18206.0,38569877.04,-0.3021072305489911
12510.0,17765.0,29503721.610000003,-0.6389146396389744
13633.5,14862.0,17371410.56,-0.738936439485572
15024.0,10063.0,8997118.76,-0.24439151014056057
15419.5,6601.0,5777610.96,-0.05800640018972365
16527.0,6601.0,4950689.56,-0.42896645544926615
17568.5,8992.0,5774577.49,-0.00045773219362699934
17652.5,6839.0,3846529.41,0.24003956681629146
17652.5,6211.0,3001912.29,0.45426075898284146
17568.5,11373.0,8216990.039999999,-0.9490217608742543
17199.5,15431.0,18102654.65,-1.0564441516620484
17199.5,18019.0,31634858.810000002,-0.8449015992821898
17199.5,19625.0,45707012.0,-0.5312269270841201
13511.0,20438.0,55571691.0,-0.1669876625376419
8147.0,20528.0,60289992.81,0.2053607242557691
4824.0,20777.0,59944807.64,0.6071184645077489
2727.0,18387.0,42969244.64,0.9981134977467067
2727.0,16074.0,24276832.159999996,1.4435663366211
2727.0,9404.0,11196356.64,0.795018698182142
2727.0,13174.0,17156048.04,1.2065352071504059
2727.0,13174.0,23359330.009999998,0.8575999882457822
3179.5,13174.0,28271725.689999998,0.42913485667833073
6916.5,15214.0,34824617.69000001,0.1126125331531354
11039.5,18209.0,41345023.29,-0.08256208415968941
12706.5,18750.0,42201064.56,-0.35299093372259394
13339.0,18323.0,32380091.639999997,-0.7085140787596246
14735.0,15087.0,18369811.89,-0.8137947117282724
15755.0,10124.0,8360469.4,-0.2971010986240724
16001.0,6841.0,4828125.4399999995,0.08410711612905107
16245.0,6841.0,4647011.25,-0.30609448592984945
16679.0,10606.0,7262558.76,0.647144624339691
17289.5,7814.0,5028108.84,1.1684269026223435
17289.5,9365.0,6175297.409999999,0.7462297856770065
16679.0,13357.0,11210437.409999998,-0.11316924219178012
16245.0,17052.0,19846927.410000004,-0.4777603018867974
15770.0,19887.0,32586156.24,-0.47277883742821714
14994.5,21183.0,45138176.65,-0.2624996011664082
11977.0,22191.0,55667064.239999995,0.019132335397623133
8133.5,22407.0,61006373.81,0.36359328585128964
4868.5,22503.0,59911485.410000004,0.7761045221509437
2803.0,18041.0,36508212.29,1.0265968898972495
2803.0,13138.0,17768262.29,1.1793813282519086
2803.0,9146.0,10783410.2,0.7869215633158256
2803.0,12157.0,15232433.690000001,1.1117648745823419
2803.0,12157.0,21839946.4,0.8438848507202411
3166.5,12680.0,28020852.639999997,0.4352533000891664
6730.0,14385.0,33557407.69,0.08577561245345802
11083.5,19203.0,42723509.8,0.0026222727836553894
12938.5,19203.0,43324511.760000005,-0.2830612376864116
13253.5,18804.0,33261039.089999996,-0.6185263631630383
14367.5,15860.0,19476439.560000002,-0.6951673351019764
15318.5,10756.0,9055358.49,-0.020814731545014818
15631.0,7153.0,6502072.4399999995,0.3479168494270723
15895.5,7153.0,5734340.76,0.04035988909610318
17055.0,8932.0,6899183.6,0.2834418638940995
18611.5,7227.0,5208041.84,0.26540643997471886
18611.5,7995.0,5701865.84,0.14825954392328883
17055.0,11248.0,9152876.610000003,-0.1980169685831597
15895.5,16169.0,18638920.44,-0.7265316084709478
15631.0,19070.0,32514216.610000007,-0.6798647787164549
15148.5,20651.0,46857538.239999995,-0.4355534362282332
12825.5,21257.0,58406704.089999996,-0.12202512319362083
8738.5,21555.0,61036555.24000001,0.2479106199287596
4827.5,21555.0,59017909.8,0.6631573565765412
2586.5,18167.0,38937758.64,0.9631264964284295
2586.5,13560.0,20161714.85,1.1532329149781908
2586.5,10307.0,12787863.09,0.885929784816333
2586.5,12743.0,16763463.809999997,1.1471529139344667
2586.5,13584.0,25926204.45,0.8838943719416004
3207.0,14106.0,33846961.84,0.46630402201557153
7133.0,14350.0,37843381.96000001,0.07003940820106927
11641.5,17573.0,42191672.21,-0.20172130552113324
14055.5,19715.0,43846208.6,-0.3994715354679141
14737.0,19522.0,36931959.85,-0.7065776295845169
15120.0,16177.0,21315215.85,-0.8475596413071463
15930.0,11147.0,9626015.85,-0.3661515003017334
16613.0,7160.0,5020583.85,0.4421378541506713
16810.5,6319.0,3918517.2399999998,0.5132814949115376
17053.5,6219.0,4428204.25,0.36616193170849815
17784.5,5975.0,3680846.8900000006,0.1589940065748125
17784.5,6531.0,4041702.0099999993,0.0007495082119429289
17053.5,10834.0,9461814.49,-0.8229403549734914
16810.5,10834.0,10469549.040000001,-0.4591814546735476
16613.0,17089.0,21983708.21,-0.9696718897776224
15647.0,19229.0,35955015.559999995,-0.699177252027648
13307.0,19976.0,47330458.85,-0.34316200221915183
11155.5,20405.0,54785223.09000001,0.01548289777180163
7255.5,20405.0,56105305.55999999,0.4046104341386667
3058.0,18500.0,41933747.25,0.7025033539281574
3058.0,13874.0,24219131.759999998,0.8215443302768037
3058.0,11116.0,16561258.2,0.6884518871028741
3058.0,11522.0,19138119.49,0.7364943843497758
3058.0,11770.0,20102141.65,0.759769639119729
3298.5,12569.0,26346713.759999998,0.4083479634119984
6926.5,13706.0,30816665.96,0.049293594266755704
