414.5,544.0,28966.49826388889,-0.39955838442191544
414.5,488.0,25481.74305555556,-0.34489538011957815
414.5,488.0,25057.520833333332,-0.3535668321726642
414.5,488.0,23376.909722222223,-0.3404106806052701
414.5,488.0,22255.99826388889,-0.3166301800020973
414.5,475.0,20658.104166666668,-0.2405523451470932
414.5,472.0,20593.151041666668,-0.23574276088418666
414.5,472.0,20711.276041666668,-0.24257712769779116
414.5,472.0,21743.604166666668,-0.2340607949464122
414.5,472.0,22599.659722222223,-0.13318723262687943
374.0,472.0,22307.359375,0.015362086652365398
319.0,472.0,22076.99305555556,0.14380694305588973
287.0,472.0,19657.16493055555,0.22463987049526285
275.0,459.0,16996.401041666668,0.2760255775004442
265.5,459.0,16521.166666666668,0.4171917434370764
260.5,459.0,15910.854166666666,0.5896293390824939
256.5,459.0,14554.498263888889,0.776195672633844
256.5,459.0,12025.74826388889,0.8602589028014574
255.5,350.0,8408.998263888889,0.5938006411869771
243.0,330.0,6830.638888888888,0.6286988308440967
231.5,330.0,5565.192708333333,0.6796739820575047
231.5,299.0,4045.539930555556,0.2836114523353501
231.5,299.0,3700.7482638888887,0.23580760511863325
231.5,189.0,2558.409722222222,-0.7996716219387766
231.5,197.0,2603.6875,-0.7635713655003356
243.0,197.0,2738.539930555556,-0.8042436767732688
255.5,197.0,2771.243055555555,-0.918842878077517
255.5,197.0,2749.0815972222226,-0.9814858852263428
255.5,197.0,2629.6388888888887,-1.1286821175910744
255.5,197.0,2534.5,-1.178921328481646
255.5,178.0,2150.0555555555557,-0.9525338819238903
255.5,164.0,2021.1875,-0.8499447873346422
255.5,164.0,2175.722222222222,-0.8977765720934437
255.5,170.0,2625.581597222222,-0.8719088213663692
247.0,170.0,2850.493055555555,-0.6809231366572125
235.5,170.0,2881.039930555555,-0.5157960892802904
234.0,170.0,2829.789930555555,-0.3703214806292727
231.5,170.0,2888.6597222222226,-0.20590863105034105
229.0,170.0,3006.805555555555,-0.0464954306251591
230.5,170.0,3018.914930555555,-0.06483628335880552
215.0,170.0,3032.659722222222,0.019712202069908796
199.5,170.0,2817.993055555555,0.13249382062573586
199.5,170.0,2732.305555555555,0.24133247666294896
199.5,170.0,2728.3732638888887,0.24838584780051767
200.5,170.0,2753.9982638888887,0.16520541151204418
200.5,170.0,2601.914930555555,0.19735024076945298
200.5,170.0,2407.409722222222,0.14602029885643922
200.5,170.0,2213.472222222222,0.1949056827070968
200.5,157.0,1853.0208333333333,0.013941083831215832
200.5,155.0,1838.972222222222,-0.002571915810137322
195.5,155.0,1768.8732638888887,0.07900040017159328
193.0,157.0,1884.4427083333333,0.18859160524123206
191.0,157.0,1899.4427083333333,0.3513578486939139
187.5,164.0,2078.7708333333335,0.36334346962568237
187.5,164.0,2056.081597222222,0.3642081104717718
187.5,164.0,1975.734375,0.3650184821124839
192.0,307.0,4187.581597222222,1.7378223625117413
195.5,307.0,4480.826388888889,1.480167784136716
200.5,307.0,5438.956597222223,1.2215163135095624
211.5,496.0,11804.289930555557,1.9904342953158582
222.0,496.0,13281.520833333334,1.6214629435884194
228.5,496.0,14156.067708333334,1.3483650577050463
234.5,496.0,13830.993055555555,1.2569880355373915
234.5,496.0,14130.638888888889,1.116224490347619
237.5,496.0,17565.984375,0.9667605886321359
248.5,496.0,21612.859375,0.8480580269065293
273.0,544.0,26463.90972222222,0.7550020740856046
301.0,544.0,27509.90972222222,0.5688573621360283
315.0,544.0,27132.748263888887,0.5086749915742743
315.0,544.0,27004.333333333332,0.5032917900794797
315.0,544.0,27149.472222222223,0.510136707764617
315.0,544.0,26757.498263888887,0.4948338631074943
315.0,544.0,26673.331597222223,0.49244156128793354
315.0,544.0,27830.666666666668,0.5078422443797923
315.0,555.0,28359.87326388889,0.4823755180007732
315.0,566.0,28880.916666666668,0.4561346527151353
315.0,566.0,27764.916666666668,0.4629109964715146
315.0,566.0,27196.95659722222,0.4877685241600866
315.0,566.0,28082.63888888889,0.4431947266248327
315.0,566.0,27879.33159722222,0.44744383734717286
292.5,566.0,27721.07638888889,0.5715007162241101
290.5,566.0,27725.74305555555,0.5743376231721464
290.5,566.0,29168.74305555556,0.48421034829122317
290.5,566.0,27122.6875,0.45710820618202025
290.5,566.0,28509.88888888889,0.41804612070833075
290.5,566.0,29681.409722222223,0.36614939124134654
290.5,566.0,29874.567708333332,0.2958591071606631
290.5,566.0,30342.222222222223,0.22944836103036184
290.5,566.0,29910.55555555556,0.2248610446144234
290.5,566.0,29753.651041666668,0.2193925643606361
290.5,523.0,28671.40972222222,0.16311312656527177
290.5,523.0,30513.08159722222,0.19389567795432283
268.5,523.0,30767.734375,0.24173732465764644
285.5,523.0,30504.909722222223,0.2162538498361121
288.5,523.0,30230.942708333332,0.1995264862961243
298.0,523.0,30095.222222222223,0.18539483966472523
298.0,523.0,29783.25,0.16419750861788773
298.0,523.0,28564.08159722222,0.14842814308672175
298.0,523.0,27434.526041666668,0.18796477732936606
298.0,523.0,26248.354166666668,0.24628596695020658
298.0,523.0,27377.998263888887,0.23302729856435753
298.0,525.0,28491.520833333332,0.18323664433147083
298.0,525.0,27933.076388888887,0.2106003849069681
298.0,525.0,27947.776041666668,0.21034930500827836
298.0,525.0,27973.604166666668,0.2114435746589271
298.0,525.0,27891.248263888887,0.1824412012588771
298.0,525.0,27119.0,0.21026156089715697
298.0,525.0,27671.623263888887,0.20885917517017757
298.0,525.0,29037.026041666668,0.23379703047196623
298.0,554.0,31524.401041666668,0.27242136143125645
298.0,554.0,31918.88888888889,0.2334377892262528
298.0,554.0,31688.80555555555,0.2629973410959762
298.0,554.0,32312.859375,0.26264304694845597
298.0,554.0,31997.58159722222,0.2582255457140987
298.0,554.0,31869.623263888887,0.2553579031255577
298.0,554.0,29385.05555555555,0.29908349360263675
326.5,554.0,29034.07638888889,0.2358688519680854
328.5,554.0,29014.57638888889,0.23351668355413557
328.5,554.0,28877.0,0.22214436035339122
329.0,554.0,28819.95659722222,0.21578788172439756
329.0,554.0,29250.88888888889,0.2346598008568243
329.0,554.0,30559.45659722222,0.2405688720916636
329.0,554.0,31410.498263888887,0.2185747360659488
329.0,554.0,32302.859375,0.19427390079676926
329.0,554.0,32847.88888888888,0.18163711744251262
329.0,559.0,32953.817708333336,0.17744657618200063
329.0,559.0,33319.13888888888,0.16667561791948324
329.0,559.0,34477.5,0.14736291138768173
329.0,559.0,34655.13888888889,0.15521121253851686
337.5,559.0,34708.58159722222,0.13437373977212283
337.5,559.0,35632.854166666664,0.10724505806181135
337.5,559.0,35283.22222222222,0.10844811122387195
337.5,559.0,33678.1875,0.08795518581630357
337.5,524.0,30283.74305555555,0.023314680226447733
337.5,524.0,30075.409722222223,0.030517655529858145
337.5,524.0,29994.40972222222,0.040775938140672506
337.5,524.0,28829.520833333332,0.01281743549813092
337.5,524.0,27990.833333333332,-0.019289122652103127
337.5,490.0,27228.07638888889,-0.06263460936913795
337.5,490.0,27503.80555555556,-0.0741313515409845
340.5,490.0,27523.57638888889,-0.07831329642566977
366.0,490.0,27512.020833333332,-0.11722824691574633
366.0,490.0,27550.53993055555,-0.10923827708646312
366.0,490.0,27519.359375,-0.12429289618678728
366.0,490.0,27197.6875,-0.15693928824299797
366.0,490.0,26377.909722222223,-0.17517412623391088
366.0,490.0,25757.638888888887,-0.1672693041756945
366.0,490.0,25482.03993055556,-0.15938392124786654
366.0,490.0,25410.248263888887,-0.15747482740553959
366.0,479.0,25187.32638888889,-0.14792593496662568
366.0,487.0,25446.401041666668,-0.1584381675405885
366.0,487.0,24517.151041666668,-0.13605132628393016
366.0,487.0,24186.401041666668,-0.1601711268497945
349.5,487.0,24128.388888888887,-0.12830129793836087
349.5,487.0,23577.833333333332,-0.13773790802118813
349.5,487.0,23296.16493055556,-0.14574727058106676
349.5,487.0,23692.74826388889,-0.1290457707282402
349.5,487.0,23971.4375,-0.13175744120177074
349.5,487.0,23575.748263888887,-0.10043909252597329
349.5,487.0,23793.15972222222,-0.1244133834346362
349.5,487.0,23420.456597222223,-0.13106014348076994
349.5,487.0,23086.91493055555,-0.14590458732762127
349.5,456.0,21795.63888888889,-0.21940538192526965
349.5,456.0,21470.706597222223,-0.20656826326973357
349.5,456.0,21662.234375,-0.23227010624318115
334.0,456.0,21703.5,-0.18406068253297198
334.0,456.0,21635.359375,-0.20152441755718195
368.0,456.0,23051.33159722222,-0.26751926034203666
404.5,569.0,26942.373263888887,-0.1890072543758821
404.5,569.0,26315.722222222223,-0.2352367905595091
404.5,569.0,25879.583333333332,-0.23372168792065665
404.5,569.0,24796.442708333332,-0.21379234336437702
404.5,569.0,23931.942708333332,-0.1889556860553011
404.5,569.0,22802.333333333332,-0.13393595370676423
404.5,504.0,21478.74826388889,-0.0486288965099976
404.5,518.0,21770.581597222223,-0.06403116024939154
404.5,518.0,22272.74826388889,-0.05092251835971017
404.5,518.0,23035.87326388889,0.00946566935898345
392.5,518.0,22430.859375,0.06982060397171211
365.5,518.0,21501.9375,0.17801284882896412
365.5,518.0,19956.159722222223,0.2200804326467921
324.0,518.0,19229.770833333332,0.36735027355769995
324.0,518.0,19115.28993055556,0.4109678339460951
307.5,518.0,19031.49305555556,0.5499992539678028
303.5,518.0,18021.555555555555,0.7300145077348237
295.0,518.0,16276.359375,0.9347251361608387
279.5,518.0,14677.734375,1.1694477042285039
263.0,518.0,14221.22222222222,1.3693220678898121
256.5,518.0,13729.743055555557,1.5893530108965832
255.5,518.0,13759.664930555557,1.6312637047620184
255.0,518.0,13772.9375,1.686353391716018
255.0,518.0,11195.138888888889,2.10673654503981
254.0,257.0,4442.123263888889,0.5957617257330525
246.0,257.0,4362.972222222223,0.7543289023432045
246.0,257.0,4487.104166666667,0.7214180082367491
246.0,257.0,4406.276041666667,0.7209262017212675
246.0,257.0,4491.159722222223,0.6913808268536761
246.0,257.0,4462.9375,0.7024650608458027
246.0,279.0,4774.9375,0.5487645458120481
246.0,280.0,4986.289930555556,0.45445161960732533
246.0,280.0,5458.984375,0.40827309152815566
250.0,280.0,5454.6875,0.3835004284136217
243.0,280.0,4509.409722222223,0.37213652376148165
236.5,280.0,4043.0833333333335,0.46692486098061203
232.0,222.0,2743.039930555556,-0.24577895211160142
229.5,222.0,2653.055555555556,-0.10062620873243432
229.0,144.0,2072.0833333333335,-0.6323291347798851
228.0,144.0,2015.0833333333333,-0.507907423428261
221.5,135.0,1873.5763888888887,-0.4456753136093326
214.5,135.0,1771.75,-0.36882790905139035
214.5,135.0,1655.6388888888887,-0.38104369268591887
214.0,135.0,1603.3055555555554,-0.3579411086245082
214.0,135.0,1580.3888888888887,-0.34057389140756833
210.5,135.0,1452.5260416666667,-0.3581898673359532
210.5,177.0,1773.4930555555557,0.12530704472756296
210.5,177.0,1656.6510416666667,0.11520136818813029
210.5,177.0,1967.0815972222224,0.2771753356756868
210.5,177.0,2269.8541666666665,0.2912805367188751
214.0,177.0,2522.9010416666665,0.18447191333499285
216.0,177.0,2562.6649305555557,0.12118746031703038
217.0,177.0,2507.9427083333335,-0.028931171682685358
222.0,177.0,2414.081597222222,-0.14897758293144317
227.0,177.0,2060.0555555555557,-0.13756994325879762
227.5,166.0,1670.159722222222,-0.00046670775643491407
228.5,143.0,1346.888888888889,0.21735248082015818
228.5,143.0,1470.9565972222224,0.19494000644718726
229.5,149.0,1698.9097222222224,0.17170499864993907
229.5,154.0,1938.7899305555554,0.14408672179915846
234.0,213.0,2640.9010416666665,0.4709696146381526
240.0,248.0,3430.6510416666665,0.7780191044832848
242.5,223.0,3684.055555555555,0.8144557039953951
249.0,220.0,3407.243055555556,0.8379454273711365
262.0,214.0,3214.609375,0.7731526337014191
279.0,199.0,2969.998263888889,0.7528101850098664
288.5,199.0,2926.326388888889,0.6044139267032114
290.0,199.0,2856.8732638888887,0.46993891762760026
292.0,200.0,3188.138888888889,0.45771259311248763
297.5,181.0,2933.138888888889,0.4099804813422464
299.0,181.0,3132.6875,0.2988243934305712
306.5,181.0,3004.998263888889,0.17025942675591485
310.5,232.0,3868.914930555556,0.35380545725866475
315.5,232.0,3998.888888888889,0.20185754642843243
326.0,232.0,4036.484375,0.07591391531327209
330.5,232.0,3739.6649305555547,0.011917429787284092
330.5,232.0,3442.493055555556,-0.031920257261922956
330.5,267.0,3801.493055555555,-0.23497139680971668
330.5,267.0,3743.998263888889,-0.2176943852273657
330.5,267.0,3714.5677083333335,-0.21130348488236741
330.5,267.0,3591.222222222222,-0.21516807893560672
330.5,267.0,3580.998263888889,-0.21943767425100702
334.0,267.0,3559.3315972222226,-0.2736942608305512
334.0,267.0,3979.1666666666665,-0.24613821138732345
334.0,267.0,4090.1666666666665,-0.24658312750094738
334.0,267.0,3919.1510416666665,-0.2621112294314472
334.0,267.0,4038.9166666666665,-0.24295811027139247
337.0,267.0,3893.326388888889,-0.36244823395558323
341.0,267.0,4092.5,-0.4432875167201411
343.0,267.0,4389.109375,-0.512530153162147
353.0,267.0,4841.305555555556,-0.4947135246666129
363.0,267.0,4870.159722222222,-0.5416037599792651
353.5,267.0,4703.581597222222,-0.48640738546865
357.0,267.0,4706.49826388889,-0.5004514478779302
348.5,267.0,4675.555555555556,-0.43720847554454717
348.5,267.0,4815.409722222222,-0.4654667697101474
342.5,255.0,4260.539930555556,-0.516309083557477
338.5,255.0,4176.243055555556,-0.45814237856713086
335.5,255.0,4148.972222222223,-0.38496844141457126
335.5,255.0,4233.539930555556,-0.3135374518050071
335.5,255.0,4328.276041666667,-0.24882374782933486
335.5,219.0,3587.243055555555,-0.022765474307751426
335.5,219.0,3507.0,0.01095593213148349
335.5,219.0,3229.0,0.06648408769182647
338.5,219.0,3399.5763888888887,-0.05156987325063746
342.5,499.0,9067.576388888889,2.1289194047235074
348.5,553.0,15999.95659722222,1.9773468875028164
362.0,537.0,17998.16493055556,1.6960695683447666
362.0,553.0,24325.75,1.450257974220126
362.0,553.0,28155.22222222222,1.1737686906719274
362.0,553.0,28143.99305555556,1.1433452303178857
388.0,553.0,27780.081597222223,1.092675345570538
388.0,553.0,28016.08159722222,0.9966013979978736
388.0,553.0,29094.74305555556,0.8485446589381764
388.0,553.0,29877.222222222223,0.7348777443014954
417.5,553.0,29651.248263888887,0.6550615944311666
417.5,553.0,29740.888888888887,0.6554810060341368
417.5,553.0,30128.03993055555,0.6553172122077487
417.5,553.0,30735.520833333332,0.6451916682419149
384.0,553.0,31509.53993055556,0.6657522331549125
384.0,553.0,32086.58159722222,0.6544481758551831
383.5,604.0,34276.081597222226,0.5875487028935756
383.5,628.0,36772.159722222226,0.5158703502598587
383.5,664.0,39670.067708333336,0.42578345543011215
383.5,701.0,43382.472222222226,0.32540025013730095
383.5,701.0,46626.25,0.2778655129778944
383.5,708.0,49813.706597222226,0.226053957562885
383.5,708.0,52583.99305555556,0.22444613794121918
349.0,708.0,52613.581597222226,0.2615462081624645
349.0,708.0,47970.776041666664,0.3586078134361938
349.0,708.0,41751.13888888889,0.32501964300723274
349.0,708.0,39371.581597222226,0.32908074943975546
349.0,641.0,32348.373263888887,0.09972981688278422
349.0,518.0,27540.831597222223,-0.1504622763838571
349.0,518.0,27852.49826388889,-0.1599496740269436
349.0,518.0,27501.854166666668,-0.12521873634579644
349.0,518.0,27277.74305555555,-0.12715729469526124
349.0,500.0,25699.583333333332,-0.1980653412529138
349.0,547.0,26755.20659722222,-0.1239048800322638
349.0,547.0,26441.942708333332,-0.12185172699109581
366.5,547.0,26470.80555555556,-0.14832505459440476
366.5,547.0,26435.576388888887,-0.17758613870743437
366.5,547.0,26451.41493055555,-0.17547156593382635
366.5,547.0,26464.317708333332,-0.17244462762212856
366.5,547.0,26423.32638888889,-0.1772263298127285
366.5,547.0,26252.75,-0.1809907840829202
366.5,547.0,26614.08159722222,-0.1833767664922986
366.5,547.0,26758.331597222223,-0.18649650487223554
366.5,547.0,24733.401041666668,-0.16558813814125795
366.5,547.0,23998.53993055556,-0.14047770983294494
366.5,512.0,22930.16493055555,-0.08597581847208109
366.5,511.0,22099.998263888887,-0.05297028421000186
362.0,511.0,22170.16493055555,-0.013393997245416752
362.0,511.0,22892.03993055556,-0.07172740184668919
362.0,511.0,24273.333333333332,-0.04179348759327498
362.0,512.0,26122.638888888887,0.03622827024554661
362.0,512.0,27849.03993055555,0.06259959345644488
362.0,512.0,28280.03993055555,0.05961233805065474
362.0,512.0,27824.05555555555,0.10776312082870772
362.0,512.0,28073.833333333332,0.06310415555061245
362.0,512.0,29115.74305555556,0.060506391656066034
362.0,512.0,30106.901041666668,0.06119167607913024
362.0,512.0,29330.354166666668,0.03694984440332425
362.0,512.0,28982.854166666668,0.07413771704371587
378.5,512.0,29045.03993055555,0.04288895122264282
365.0,512.0,29125.99305555555,0.06153844694274791
369.0,512.0,28823.359375,0.029955762509341427
369.0,512.0,28710.45659722222,0.016037576930219576
369.0,512.0,28670.1875,0.013580419664966627
369.0,512.0,27753.1875,-0.00950421786983646
369.0,512.0,25846.623263888887,0.006479920758885151
369.0,494.0,23691.47222222222,0.08170411144936376
369.0,494.0,24414.854166666668,0.06041428203350017
369.0,494.0,23713.30555555556,0.09581252186516596
369.0,503.0,23903.53993055556,0.08233190396280428
369.0,521.0,25055.234375,0.01196643050574474
369.0,521.0,25703.97222222222,0.039379826881852605
330.5,521.0,26704.692708333332,0.18440928000105278
326.5,521.0,25327.123263888887,0.3475834721870184
308.5,498.0,22268.30555555555,0.45731794560995137
287.5,481.0,19400.901041666668,0.576963417184709
287.5,481.0,17292.638888888887,0.7170259036222167
281.5,481.0,17173.526041666668,0.8561689984983502
272.5,481.0,16784.026041666668,1.0499549398433707
260.0,481.0,13693.081597222224,1.247236933891482
260.0,481.0,9778.97222222222,1.2753087195891326
252.5,299.0,5360.770833333333,0.2427016371991303
250.0,298.0,4324.493055555556,0.1294401984006612
248.0,218.0,3225.159722222222,-0.33767060185582287
245.0,218.0,2939.873263888889,-0.2972310311326414
245.0,211.0,2778.3541666666665,-0.40767370428702265
245.0,207.0,2749.243055555556,-0.43103931188223155
245.0,207.0,2848.081597222222,-0.4014069074713702
245.0,207.0,2801.289930555555,-0.40520078911571195
245.0,207.0,2827.1875,-0.40453056688561856
245.0,207.0,2820.75,-0.3926234899433732
245.0,207.0,2688.1875,-0.46621292995446895
245.0,207.0,2683.9982638888887,-0.46744766820248723
245.0,207.0,2475.076388888889,-0.3605893606496483
245.0,162.0,2067.409722222222,0.05790552716238111
239.0,162.0,2092.1927083333335,0.11847643599011978
247.5,162.0,2082.6232638888887,-0.041242544679973736
239.0,162.0,2166.472222222222,0.05715457875731995
239.0,162.0,2148.826388888889,0.09146128423268612
239.0,162.0,2284.914930555556,0.02070689925853629
226.5,162.0,2148.8333333333335,0.1626827806391824
226.5,162.0,2227.4427083333335,0.08567422710999578
226.5,162.0,2201.3333333333335,0.07635697402759192
226.5,162.0,2221.6649305555557,0.0836052947701714
221.5,162.0,2200.123263888889,0.2520126800661739
226.5,168.0,2488.289930555555,0.17015213780502295
235.0,168.0,2707.8541666666665,0.06597821236133372
249.5,168.0,2645.9982638888887,-0.014884374097157363
251.5,168.0,2618.956597222222,-0.1143020786790138
249.5,168.0,2464.4982638888887,-0.031438709645681615
246.5,168.0,2224.5763888888887,0.01952800921087513
242.5,168.0,2143.972222222222,0.17630698428761782
231.0,168.0,2264.722222222222,0.29442338986744965
220.0,202.0,2613.9149305555557,0.18415317946852092
215.5,221.0,3181.2065972222226,0.030135033863703753
210.5,239.0,3895.748263888889,-0.1223393694189744
210.5,239.0,4339.359375,-0.13354589091414354
210.5,239.0,4839.25,-0.19960800271305068
210.5,239.0,4976.359375,-0.1805154213685347
210.5,239.0,5067.82638888889,-0.23482519823560857
210.5,252.0,5472.083333333333,-0.12366926835400192
226.5,465.0,10075.373263888889,1.1318179114244376
226.5,479.0,14687.833333333334,1.232141873682171
226.5,508.0,19654.05555555555,1.2076285791302248
242.5,508.0,23399.24826388889,0.9906420216631687
242.5,508.0,24169.49305555555,0.8746009218495412
248.0,508.0,25017.270833333332,0.7006277665431966
255.0,508.0,28249.95659722222,0.5418911544143347
262.0,578.0,33063.805555555555,0.4557752185390397
262.0,578.0,37349.07638888888,0.37608048237162756
262.0,578.0,39445.37326388889,0.25822393213263933
303.5,578.0,39313.520833333336,0.15741547937984507
331.5,578.0,39040.90972222222,0.12684952158805585
331.5,578.0,38834.805555555555,0.11519156294828183
342.0,578.0,38284.07638888888,0.06067284812363188
342.0,578.0,37694.359375,0.044062523355751615
342.0,578.0,36828.109375,0.03151046563706497
342.0,578.0,35837.4375,0.04063527789422095
342.0,578.0,35404.859375,0.051436947121664106
342.0,576.0,32372.484375,0.06492046958364618
342.0,576.0,30911.22222222222,0.10625944221697398
342.0,539.0,29879.91493055556,0.1563075793030689
342.0,539.0,29066.984375,0.18493228509813156
342.0,539.0,28597.609375,0.15892087000023872
345.5,539.0,28574.99305555556,0.15420431725348366
345.5,539.0,28463.82638888889,0.15525611733336772
345.5,539.0,27923.581597222223,0.16023802332002451
345.5,539.0,27852.373263888887,0.15894372528757703
345.5,539.0,27898.909722222223,0.15909144008770293
345.5,539.0,28079.456597222223,0.1270717320710011
345.5,539.0,29223.826388888887,0.07373830488004982
345.5,539.0,28718.666666666668,0.07314875578728941
345.5,518.0,26942.104166666668,0.006846939693308602
345.5,465.0,25265.659722222223,-0.05664742192729968
345.5,465.0,24150.70659722222,-0.0420568116809713
345.5,465.0,24055.138888888887,0.004018325266374361
345.5,465.0,24119.123263888887,0.012932428755807125
345.5,465.0,23978.62326388889,0.0038062462006768043
334.5,465.0,24056.692708333332,0.020123067093077967
334.5,465.0,24217.083333333332,0.02373160903524491
334.5,465.0,24943.270833333332,0.01978258799441909
334.5,465.0,25426.956597222223,0.0058606951551988615
334.5,464.0,25406.99305555555,0.006854491393033146
334.5,478.0,27785.88888888889,-0.0024588729350386042
334.5,478.0,28241.58159722222,-0.008213610011384686
334.5,478.0,28061.026041666668,-0.0032932851416375155
334.5,478.0,28294.854166666668,-0.0059444616988682305
334.5,478.0,28502.91493055556,0.020267671009093845
338.0,478.0,28499.30555555555,0.015095781561853474
338.0,478.0,29305.104166666668,0.032198964238684256
338.0,478.0,29985.41493055555,0.03789306753725332
338.0,570.0,32097.901041666668,0.12537591048789093
338.0,621.0,36045.305555555555,0.253918910625801
338.0,621.0,36580.914930555555,0.22289973663656937
338.0,621.0,35482.97222222222,0.2618349915287822
338.0,621.0,36086.984375,0.2571131546969972
338.0,621.0,36894.055555555555,0.2596384325326822
338.0,697.0,43418.40972222222,0.4082272992675493
338.0,697.0,44093.90972222222,0.3690902382877402
338.0,697.0,45004.30555555556,0.26904723013662096
391.0,697.0,44691.6875,0.2052457528398955
444.0,697.0,44268.49826388888,0.11270571649159809
444.0,697.0,43941.66493055556,0.0729527825567572
444.0,697.0,43529.1388888889,0.06624578039859098
444.0,697.0,42748.12326388889,0.06832827903941076
444.0,697.0,42173.442708333336,0.07711049066617458
444.0,697.0,41388.555555555555,0.0952853482898413
444.0,705.0,41592.0,0.08849891966894116
444.0,705.0,41657.109375,0.08713576893461882
444.0,705.0,40323.789930555555,0.10698325218325211
444.0,705.0,38316.109375,0.11489838701740329
444.0,705.0,37391.5,0.050142505684085535
463.5,705.0,37330.831597222226,-0.039161840774713186
463.5,705.0,39183.083333333336,-0.026335513714228452
463.5,705.0,44123.083333333336,0.05612313586565197
463.5,705.0,45108.409722222226,0.06727663902500139
463.5,705.0,42321.222222222226,0.07148774854961981
463.5,705.0,42196.583333333336,0.08768983047621086
454.5,705.0,42179.520833333336,0.09866013961165655
454.5,705.0,43003.805555555555,0.08508361996823868
454.5,705.0,42794.87326388889,0.08887228519725868
454.5,705.0,38488.456597222226,-0.01720503814053162
454.5,705.0,38564.972222222226,-0.021329763422514587
454.5,749.0,45232.020833333336,0.11059817454528036
454.5,749.0,45248.99826388888,0.11457121581290675
466.0,858.0,55834.7482638889,0.24648576028651017
466.0,858.0,56057.9375,0.2579465900457524
466.0,858.0,54876.65972222222,0.24161215092175595
466.0,858.0,54774.776041666664,0.24252873009499723
466.0,858.0,54582.581597222226,0.2460409581280623
466.0,858.0,54845.28993055556,0.23992732713579082
466.0,830.0,54020.164930555555,0.26514917957393075
466.0,830.0,54402.734375,0.25500173141328075
466.0,846.0,56868.993055555555,0.20440987595524404
466.0,846.0,58735.416666666664,0.19885106565575922
466.0,846.0,58880.493055555555,0.21046106049911992
433.0,846.0,59523.3263888889,0.2862268097788744
433.0,846.0,57302.41493055554,0.3482243362156704
433.0,846.0,53731.401041666664,0.3387416433241868
433.0,846.0,51611.3888888889,0.35658323164319355
433.0,846.0,51799.166666666664,0.34924276399623316
433.0,846.0,51735.581597222226,0.36337307760554083
439.5,846.0,52251.206597222226,0.3040468020266307
439.5,846.0,50966.38888888888,0.34730542523170504
439.5,846.0,50451.359375,0.3668178065402039
439.5,846.0,50660.82638888888,0.362670252268753
439.5,846.0,50516.8888888889,0.3724162962912248
439.5,846.0,43458.604166666664,0.32977105876229
493.5,846.0,44054.888888888876,0.2539967025771853
491.5,545.0,32165.41493055555,-0.37941508309375876
525.0,545.0,32788.82638888888,-0.4776820836691427
525.0,545.0,32825.805555555555,-0.5697539569901917
525.0,545.0,31249.138888888887,-0.7276293932928775
525.0,545.0,28723.49305555556,-0.8511241496760287
525.0,545.0,25190.984375,-0.9752239877791895
525.0,545.0,21338.91493055556,-1.0127000962754773
525.0,545.0,17924.0,-0.949794452071782
525.0,473.0,14259.555555555555,-0.6153305447693278
525.0,489.0,14651.333333333334,-0.6719051698086536
525.0,489.0,17480.472222222223,-0.7136986860733292
525.0,489.0,19994.409722222223,-0.749507234924105
510.5,489.0,20652.956597222223,-0.5737195957707402
485.5,464.0,20076.414930555555,-0.4833296455124088
485.5,464.0,18872.289930555555,-0.5271730704750489
466.5,464.0,18661.99305555555,-0.3741662402365966
436.5,464.0,18946.270833333332,-0.2573290553195818
398.5,464.0,19605.333333333332,-0.10413451581945468
372.5,464.0,20019.888888888887,0.05298353253424718
336.0,464.0,19134.276041666668,0.21057577594535506
318.0,374.0,16472.722222222223,0.23566894634395555
311.0,374.0,15588.65972222222,0.40204674113568045
300.5,374.0,14144.993055555555,0.5534910504361222
300.5,374.0,12239.138888888889,0.6051818283920101
300.5,374.0,10607.706597222223,0.7094458112798474
300.5,339.0,8334.15972222222,0.6733561884188203
300.5,339.0,6826.859375,0.7104107557794086
300.5,339.0,5611.234375,0.7253931769335662
285.5,339.0,5295.326388888889,0.9348734677536161
279.0,339.0,5043.789930555556,1.1258912201741933
274.0,339.0,4927.409722222223,1.3170070342777747
265.5,339.0,5009.456597222222,1.416164159341696
261.0,377.0,5751.998263888888,1.141458322649829
261.0,377.0,6040.331597222222,1.0106095629805794
261.0,377.0,6185.164930555556,0.9743684879034126
261.0,377.0,6341.972222222223,0.9290894504178454
261.0,377.0,6293.039930555556,0.9578488084722439
265.5,377.0,6403.576388888888,0.8561735963796993
265.5,225.0,3883.888888888889,-0.37946319724564853
265.5,225.0,4001.1875,-0.40888656004219903
259.0,225.0,3881.914930555555,-0.2753153005844404
264.5,225.0,3803.5208333333335,-0.3805455214908626
266.5,225.0,3717.1927083333335,-0.48196229055817774
266.5,225.0,3717.1927083333335,-0.48196229055817774
266.5,225.0,3794.039930555556,-0.3931341653023686
269.0,225.0,3867.243055555555,-0.45876837303923507
266.5,225.0,3872.998263888889,-0.3391723119584563
253.0,190.0,3401.9427083333335,-0.3925962606239084
240.5,185.0,3296.576388888889,-0.25751267846052095
240.5,185.0,3048.789930555556,-0.22644100898894043
239.5,185.0,3003.555555555555,-0.07842823234850745
232.5,188.0,3134.5677083333335,-0.08675815695940271
223.5,252.0,4207.567708333333,-0.40033744917106134
223.5,252.0,5129.748263888889,-0.46357151361167326
221.0,254.0,6043.333333333333,-0.4037677388727861
219.0,254.0,6643.07638888889,-0.28955708553997317
219.0,254.0,6912.63888888889,-0.27765016693899164
219.0,254.0,7068.1875,-0.25879961251064976
223.5,254.0,7085.6875,-0.3429100739818841
231.5,254.0,7491.039930555555,-0.44115679156004545
231.5,339.0,8699.734375,-0.163684426339247
231.5,368.0,10193.609375,0.09749278166714549
231.5,457.0,13502.234375,0.5432991476321354
231.5,559.0,19500.993055555555,0.9657307491536015
239.0,559.0,20035.998263888887,0.8291152839762346
239.0,559.0,20730.942708333332,0.7230693617919831
239.0,559.0,25223.28993055555,0.6761900151168375
239.0,559.0,29032.78993055555,0.5719384636838108
244.5,559.0,33525.055555555555,0.46160581854594035
244.5,559.0,35428.817708333336,0.34955622193633584
281.5,559.0,35362.493055555555,0.25553597460511585
337.5,573.0,39349.993055555555,0.15611853471359566
368.5,573.0,39635.805555555555,0.0013657675712989807
368.5,573.0,41463.317708333336,0.030191579956855303
368.5,573.0,41569.45659722222,0.031983155662282894
368.5,573.0,42230.331597222226,0.027742321863660005
368.5,573.0,41642.039930555555,0.03726843707552813
368.5,573.0,39010.164930555555,0.02111350810779449
378.5,550.0,35882.07638888888,-0.07972202215375923
384.5,543.0,32777.13888888888,-0.16460564039500794
384.5,543.0,29714.748263888887,-0.21123528305574688
396.0,543.0,26826.25,-0.3123431432582893
412.0,543.0,26199.722222222223,-0.47729580363356694
422.0,543.0,26332.08159722222,-0.6060916661431291
427.5,543.0,27171.776041666668,-0.6649025549138375
460.0,543.0,27519.526041666668,-0.7035480363826389
460.0,543.0,28469.166666666668,-0.6847776150893173
460.0,543.0,27905.623263888887,-0.7109149996097893
493.0,543.0,27914.80555555555,-0.802271900005179
493.0,543.0,27889.734375,-0.808247952600774
493.0,543.0,27930.1875,-0.8066312880413153
493.0,543.0,27679.55555555555,-0.8121923086022559
493.0,543.0,27063.409722222223,-0.8445268140555817
456.0,543.0,26824.409722222223,-0.7541394164755848
456.0,543.0,27532.20659722222,-0.6755386813140876
422.0,508.0,25429.604166666668,-0.6632691620742343
405.0,508.0,25109.373263888887,-0.5760056171753317
405.0,508.0,22384.45659722222,-0.5455889566429996
405.0,508.0,21837.16493055556,-0.5361429414522298
405.0,508.0,20775.817708333332,-0.4626983326241901
405.0,505.0,20698.083333333332,-0.4557433432947806
405.0,524.0,24134.95659722222,-0.5748012561328594
388.0,524.0,28186.70659722222,-0.48958250921392094
378.0,524.0,31800.638888888887,-0.39484414668987483
378.0,524.0,35066.234375,-0.3180533799463525
367.5,524.0,37559.49826388888,-0.1815561936528436
362.0,524.0,37872.62326388888,-0.01894866434345278
319.0,524.0,36805.743055555555,0.12008286329083635
319.0,524.0,34572.583333333336,0.17916956672737971
319.0,524.0,35566.520833333336,0.18575890311430127
319.0,512.0,33027.07638888888,0.16469385980133897
319.0,512.0,30979.16493055555,0.13539141203433355
284.5,512.0,29539.58159722222,0.2412878239239182
284.5,512.0,29281.0,0.2736496558995286
284.5,502.0,26449.28993055555,0.21878094842041287
284.5,502.0,25830.331597222223,0.19486577521553283
284.5,570.0,27665.151041666668,0.32077121366478156
284.5,570.0,29855.57638888889,0.2793805197176518
314.5,570.0,30355.942708333332,0.18889993437839356
314.5,570.0,31448.47222222222,0.1376583110955583
314.5,597.0,36759.8732638889,0.1914710192499228
352.5,597.0,37007.659722222226,0.09019908927570174
352.5,597.0,36286.289930555555,0.021144619138557058
389.0,597.0,35246.743055555555,-0.13567787174841098
419.5,597.0,32712.75,-0.26754588047115063
419.5,596.0,29211.38888888889,-0.3514631166375948
419.5,591.0,25429.87326388889,-0.4278413731106582
419.5,589.0,21488.74305555556,-0.40699699560101005
419.5,574.0,17209.576388888887,-0.2990645809605288
419.5,512.0,15463.6875,-0.05402579231306678
419.5,498.0,13860.076388888889,0.1463043751507515
419.5,498.0,12677.039930555555,0.2072443043129529
419.5,498.0,12541.901041666666,0.17204055784896014
419.5,498.0,11735.354166666666,0.24677882839972873
412.5,498.0,11670.40972222222,0.3112951485517435
412.5,498.0,11612.805555555555,0.3264619451283183
412.5,498.0,10916.748263888889,0.3087098337522011
419.5,498.0,10681.373263888889,0.19090934720700867
412.5,498.0,10759.192708333334,0.2480915530365367
412.5,498.0,10554.817708333334,0.2688160217873687
412.5,498.0,8961.243055555555,0.0115574232341826
412.5,498.0,8383.33159722222,0.07409437278008583
409.0,498.0,8455.414930555557,0.12342925469148845
405.5,498.0,9636.520833333334,0.12093120789909531
403.5,358.0,7740.192708333333,-0.8301620724315512
399.0,358.0,8971.833333333334,-0.6708601679791717
399.0,358.0,10240.748263888889,-0.6213146625880425
391.0,398.0,11869.623263888889,-0.5486331617995381
384.5,406.0,13597.734375,-0.4371715721004864
378.0,441.0,15940.83159722222,-0.37335797556369327
363.0,441.0,17506.972222222223,-0.23849626489998174
361.5,441.0,19004.409722222223,-0.12374597215187208
302.5,441.0,20311.1875,0.010205594278578494
302.5,441.0,20862.539930555555,0.010947518128782358
288.0,441.0,20999.833333333332,0.03379472007285313
252.0,441.0,20858.833333333332,0.09372608177583747
252.0,441.0,20442.722222222223,0.12639310818815652
252.0,441.0,19682.49305555556,0.15453808893789248
252.0,441.0,19411.972222222223,0.16854374251010326
252.0,441.0,18314.12326388889,0.18902025949616244
252.0,441.0,17821.206597222223,0.23560736269110938
252.0,441.0,16575.659722222223,0.24218353582234226
252.0,441.0,16801.083333333332,0.23539454535212365
252.0,441.0,15128.123263888889,0.18204853240160526
252.0,405.0,14373.748263888889,0.06968810260990572
252.0,405.0,13770.151041666666,0.05197387841182117
247.5,405.0,13245.456597222224,0.13135549648340591
255.0,405.0,13214.07638888889,0.11629425627876251
255.0,405.0,13629.373263888889,0.14484296241458333
255.0,405.0,13909.414930555555,0.1665590113482874
255.0,405.0,14164.859375,0.1829518196260378
255.0,405.0,13882.706597222224,0.17813662260653332
256.0,405.0,13211.373263888889,0.12176626707635034
256.0,401.0,12241.13888888889,0.1540679773942796
256.0,401.0,11896.65972222222,0.18101613915963213
256.0,401.0,11598.58159722222,0.20388200004221294
256.0,369.0,11072.055555555555,0.266619930342717
256.0,358.0,10556.388888888889,0.29708626878586475
260.0,358.0,10482.748263888889,0.270701932550666
247.0,358.0,10726.414930555555,0.3470076473098079
247.0,358.0,10440.97222222222,0.45855097642463
247.0,358.0,10020.826388888889,0.5539044137245528
247.0,358.0,9433.805555555555,0.6814853160498197
242.0,358.0,8980.472222222223,0.8549547691537078
232.5,358.0,8815.138888888889,1.0201388892193413
232.5,358.0,8418.651041666666,1.0958305442118088
232.5,358.0,7424.164930555556,1.2054089512294364
232.5,358.0,6715.576388888888,1.4055930172402022
211.0,236.0,3681.3333333333335,0.5725373551264596
195.5,165.0,2717.743055555555,0.2164905414106373
192.5,165.0,2619.9010416666665,0.38602055190511847
189.0,165.0,2586.8732638888887,0.5188979048954709
192.5,165.0,2759.0260416666665,0.3873622938004501
195.5,165.0,2636.4166666666665,0.3219999713419351
195.5,165.0,2523.664930555555,0.325628224263159
195.5,165.0,2474.5833333333335,0.3133585513404955
194.0,165.0,2452.5833333333335,0.4283197319000841
196.5,165.0,2436.055555555555,0.384598944268734
196.5,165.0,2243.2708333333335,0.45501403108904365
197.5,165.0,2052.8177083333335,0.5250253688242399
197.5,206.0,2380.888888888889,0.10522448777316765
197.5,206.0,2852.1041666666665,-0.1013107828162688
196.0,206.0,3045.9982638888887,0.03068639189001962
196.0,206.0,3053.3333333333335,0.04071735929965251
191.5,206.0,3196.1927083333335,0.18028003957575411
187.5,206.0,3102.373263888889,0.335783280886852
187.5,211.0,3467.5763888888887,0.4315552085311953
187.0,211.0,3443.1666666666665,0.513167910798699
187.0,211.0,3570.8315972222226,0.4060068988430599
187.0,211.0,3162.609375,0.3596880200033562
186.5,211.0,2750.414930555555,0.45159247339633934
185.5,211.0,2589.9375,0.6301156334062578
185.5,211.0,2651.5555555555557,0.6821015589106205
185.5,211.0,2630.4982638888887,0.6632179439859535
185.5,211.0,2641.859375,0.6761802043030403
185.5,211.0,2650.638888888889,0.7033847334479844
178.5,211.0,2160.3888888888887,0.7722884113028606
171.0,211.0,2115.5763888888887,0.9215577623885391
167.0,211.0,2122.8888888888887,0.9849692082679559
162.5,211.0,2295.9982638888887,0.9682796215361826
160.5,211.0,2448.138888888889,0.9997001900576775
159.5,220.0,2581.5763888888887,1.051603756197873
158.0,221.0,2759.914930555555,1.0685223883947905
158.0,221.0,2701.484375,1.1541862671275016
158.0,229.0,2800.484375,1.0687511178824325
158.0,229.0,2687.8055555555557,1.0808757011961987
159.5,229.0,3088.409722222222,0.8670694490574803
159.5,266.0,4433.151041666667,1.0797328129383308
160.5,408.0,8384.722222222223,1.689681555619842
162.5,649.0,20064.659722222223,2.306158683898649
162.5,649.0,30213.583333333332,2.0002392923899674
162.5,649.0,32728.99305555556,1.6871666264397693
162.5,649.0,33981.770833333336,1.5203965617761583
162.5,649.0,36914.270833333336,1.2803408570724426
166.5,649.0,41539.083333333336,1.0245593223295644
169.5,768.0,53805.91493055556,0.9535068914975144
171.0,768.0,61898.859375,0.7699483024863578
217.0,768.0,61991.159722222226,0.6233711256333463
306.0,768.0,60576.30555555556,0.5479619542297947
306.0,768.0,59807.604166666664,0.5414007228049145
306.0,768.0,58826.62326388888,0.5400984679740413
306.0,768.0,57725.3888888889,0.5329131309149873
306.0,768.0,56926.24826388888,0.5322950255433866
306.0,768.0,55538.234375,0.5487595430812022
306.0,768.0,54383.87326388888,0.5676732156766742
306.0,772.0,54696.166666666664,0.5591885113434638
306.0,796.0,55595.416666666664,0.5337258553881514
306.0,796.0,57803.151041666664,0.4960003674779884
306.0,797.0,58524.5763888889,0.47891505456829164
306.0,797.0,58090.331597222226,0.4809897255001259
294.5,797.0,59618.067708333336,0.49525011244153005
315.5,797.0,59643.07638888888,0.47300909545677683
315.5,797.0,60021.520833333336,0.45776876628290214
315.5,797.0,56435.53993055556,0.45937383141165933
315.5,797.0,56648.833333333336,0.46178917062044156
315.5,797.0,57573.65972222222,0.4307121378082561
315.5,797.0,58382.3263888889,0.38181859462552853
315.5,797.0,57883.833333333336,0.4037089836503333
315.5,797.0,56484.33159722222,0.42534538209183803
315.5,740.0,48426.651041666664,0.2727227672685554
315.5,675.0,42655.305555555555,0.1072018712879848
315.5,675.0,44068.63888888888,0.1043719061907337
316.0,675.0,44217.909722222226,0.0875086400504861
354.0,675.0,43659.651041666664,0.043322181804172355
354.0,675.0,43002.82638888889,0.00793282709828896
354.0,675.0,42993.539930555555,0.007506612404073114
360.0,675.0,42165.805555555555,-0.050095231898172166
360.0,675.0,43516.38888888888,-0.051041120446935886
360.0,675.0,43647.38888888889,-0.050267101703574346
360.0,675.0,43354.776041666664,-0.04547208491955984
360.0,675.0,41112.651041666664,-0.015557583091062708
360.0,675.0,40775.87326388888,-0.006739078029559908
360.0,650.0,38946.817708333336,0.0359129365627687
360.0,650.0,39111.95659722222,0.035645496626748464
360.0,650.0,37710.055555555555,0.020722726873797878
334.5,650.0,37712.62326388889,0.05335825503688848
334.5,650.0,37833.57638888889,0.05130506559370223
334.5,650.0,36548.055555555555,0.060805469833109985
334.5,517.0,32253.90972222222,-0.10819375263343618
334.5,517.0,31068.53993055556,-0.10086236008874348
334.5,517.0,30159.081597222223,-0.07068400094002868
334.5,517.0,29558.32638888889,-0.026717711434033797
334.5,517.0,30285.826388888887,-0.008832848143698658
334.5,517.0,29125.104166666668,-0.03097454935533578
334.5,517.0,26383.972222222223,-0.00856800472783832
323.0,504.0,23420.03993055555,0.02973783861724429
304.0,504.0,23186.41493055556,0.15887193949489276
288.5,504.0,23371.41493055555,0.21374659989236888
267.5,504.0,23549.47222222222,0.2492341026650163
267.5,504.0,24445.20659722222,0.2703526253060729
246.0,504.0,25842.520833333332,0.34833461542755184
246.0,504.0,24494.248263888887,0.34602786607286956
246.0,504.0,25132.817708333332,0.32843253477780626
246.0,504.0,24900.74826388889,0.33952243692394035
246.0,504.0,24337.07638888889,0.3226272947153798
246.0,496.0,24191.6875,0.33173278979283133
246.0,496.0,24874.909722222223,0.30365306664317576
246.0,496.0,25520.576388888887,0.2906585107383125
242.5,496.0,25735.41493055555,0.3119789072679186
241.0,496.0,26060.57638888889,0.40959916473103125
241.0,496.0,23546.317708333332,0.4930005910152996
241.0,496.0,21855.409722222223,0.53083021402951
241.0,560.0,24609.243055555562,0.7090575498618032
241.0,560.0,25439.57638888889,0.7016261683639708
236.0,560.0,24884.63888888889,0.8727397931217328
236.0,560.0,24320.40972222222,1.0027875966075914
236.0,560.0,20236.651041666668,1.0794318278470274
236.0,560.0,17306.604166666668,1.2988801480981422
236.0,560.0,19854.373263888887,1.1983244184108919
236.0,560.0,20077.026041666668,1.1452650486880132
229.5,560.0,20490.706597222223,1.1761096382406182
218.5,560.0,20800.65972222222,1.2123934334887212
218.5,560.0,20867.583333333332,1.1677423025392084
218.5,560.0,20681.081597222223,1.1702208647501056
218.5,560.0,20086.08159722222,1.19317978426404
218.5,560.0,20086.826388888887,1.1589339488765205
218.5,575.0,20585.74826388889,1.1077238100228115
218.5,584.0,21181.104166666668,1.049362709760956
200.5,585.0,22582.30555555555,1.0102714598803926
200.5,591.0,23023.24826388889,0.9742759861109178
200.5,599.0,23648.873263888887,0.9268914313479182
200.5,599.0,24135.12326388889,0.9023281648035448
189.0,599.0,24267.99826388889,0.9212715458687913
184.5,599.0,24385.75,0.9319058226815223
184.5,599.0,24152.65972222223,1.0193661637633067
184.5,599.0,23291.33159722222,1.1449378050680026
184.5,470.0,16734.456597222223,0.7734618181644368
184.5,470.0,14400.359375,0.6009637518495412
197.0,470.0,14660.243055555557,0.48914657626745434
197.0,470.0,14789.12326388889,0.45194532131346843
197.0,470.0,15454.37326388889,0.44758770263047337
197.0,470.0,16209.859375,0.3631447548749055
197.0,393.0,14552.888888888889,0.14293837141631197
197.0,393.0,14981.956597222224,0.14425539706853976
230.0,393.0,15238.526041666666,-0.005328194527188924
230.0,393.0,15064.854166666666,-0.04447639696814674
230.0,393.0,15399.055555555557,-0.07113357194200301
242.0,393.0,15232.909722222224,-0.13391458466483316
259.5,393.0,15768.24826388889,-0.25980625280287983
242.0,393.0,16163.734375,-0.14259251960189492
242.0,393.0,14983.743055555557,-0.21500671986921366
260.0,393.0,13575.72222222222,-0.31797325136763255
274.0,393.0,12359.359375,-0.4540729853239404
274.0,393.0,10463.873263888889,-0.47918732283452026
274.0,377.0,10173.151041666666,-0.4272780263078794
274.0,377.0,9808.305555555557,-0.3735345449847183
274.0,377.0,10453.72222222222,-0.3874141817629751
274.0,377.0,10646.083333333334,-0.38334415586369486
274.0,377.0,11028.020833333334,-0.3438400733264994
274.0,377.0,11525.076388888889,-0.2626396329951881
266.5,377.0,11334.58159722222,-0.10309737872194902
255.0,377.0,10497.109375,-0.04093666583872901
247.5,377.0,10413.609375,0.014059537756281276
241.0,377.0,10389.9375,0.06824847011016166
233.5,377.0,9491.83159722222,0.15807360914896781
233.5,377.0,9197.1875,0.1609555984786332
233.5,308.0,7643.576388888888,-0.09054056521637163
228.5,302.0,7333.020833333333,-0.01047422827784653
224.0,302.0,6975.972222222223,0.1388325659509694
224.0,302.0,6997.75,0.16107195905952051
205.5,302.0,6544.972222222223,0.3058253289799679
185.5,302.0,6520.409722222223,0.3878129565648125
174.5,293.0,5563.164930555555,0.4186568418154817
185.5,293.0,5429.493055555556,0.3518561467108002
174.5,293.0,5437.993055555556,0.4580058177055806
162.5,293.0,5247.055555555556,0.6382586832764436
158.0,259.0,4145.581597222223,0.5662606906362052
157.0,259.0,3871.1597222222226,0.7536690628699795
157.0,237.0,3690.805555555555,0.8823950557225172
157.0,237.0,3738.164930555555,0.8546497835651584
157.0,248.0,3997.1927083333335,0.727350545369432
157.0,248.0,4182.82638888889,0.7155200204498052
153.0,248.0,4323.276041666667,0.7427823394087807
149.0,248.0,4333.081597222222,0.754659664081431
149.0,248.0,4412.067708333333,0.6641557699242564
149.0,248.0,4138.583333333333,0.7834499240520495
149.0,248.0,4322.583333333333,0.7791567374630067
149.0,248.0,4188.692708333333,0.8441186397875395
149.0,248.0,4812.32638888889,0.8331442447395593
149.0,230.0,3995.2708333333335,0.7244111209807691
149.0,227.0,3210.789930555556,0.6313389776533942
154.0,252.0,4173.4375,0.7290668000082627
169.0,252.0,4693.82638888889,0.5696638163334395
169.0,252.0,4822.770833333333,0.4917849972871733
181.0,252.0,4873.472222222223,0.3397224805849434
188.0,252.0,4888.159722222222,0.3068677308388793
196.5,252.0,4760.581597222223,0.212826448666665
188.5,252.0,4973.789930555556,0.302471143372899
188.5,252.0,5089.666666666667,0.33258115331792165
188.5,258.0,5539.576388888888,0.2824920494076443
192.0,258.0,5398.854166666667,0.19787463088044088
192.0,258.0,5758.498263888888,0.19485416293705557
192.0,268.0,5993.57638888889,0.14640493459086953
192.0,268.0,5875.388888888888,0.15234643213889318
192.0,268.0,5423.87326388889,0.11478765772602034
197.0,268.0,5152.805555555556,0.0029103963565853927
197.5,268.0,5327.854166666667,-0.1347982692560041
199.0,346.0,7000.743055555556,0.20751559303037329
199.0,353.0,8732.6875,0.34071159550857355
202.0,396.0,11016.97222222222,0.4293823365757141
202.0,396.0,11432.97222222222,0.37474828307888647
218.5,396.0,11828.055555555555,0.24208754400474058
218.5,396.0,12925.305555555555,0.2436867205966782
218.5,417.0,15217.734375,0.2515617169026574
233.5,417.0,16769.956597222223,0.1407150188383243
233.5,417.0,16806.41493055556,0.13630963571580273
233.5,417.0,17234.32638888889,0.07987524284603438
261.0,417.0,17234.03993055556,0.028271906450140643
273.5,417.0,17201.270833333332,0.00491774165875255
273.5,417.0,17112.659722222223,-0.011010467516367152
273.5,417.0,17075.776041666668,-0.01618009700972006
273.5,417.0,16892.416666666668,-0.01255692602238912
273.5,417.0,16528.623263888887,-0.015138119305097609
273.5,417.0,16155.70659722222,0.01132188004835216
273.5,417.0,17134.873263888887,0.011859638019674068
273.5,417.0,17104.359375,0.013724249356429822
273.5,394.0,16732.32638888889,0.04181638487808513
273.5,394.0,17071.493055555555,0.024565153441106047
273.5,394.0,17020.901041666668,0.02092348274690112
273.5,394.0,16934.604166666668,0.0038008060987315627
273.5,394.0,17342.99826388889,-0.04940950722553991
273.5,394.0,17436.581597222223,-0.04800435391330987
273.5,394.0,17691.234375,-0.04079390437961784
273.5,394.0,17343.484375,-0.05879073805379228
273.5,394.0,18242.484375,-0.07591928633952867
273.5,394.0,19027.998263888887,-0.10383543661822679
273.5,394.0,18850.354166666668,-0.10268664611813534
273.5,642.0,25444.74305555555,0.5820724410435029
273.5,642.0,25336.6875,0.5855804360687601
273.5,642.0,30139.62326388889,0.5697215595795565
242.0,642.0,30271.28993055555,0.671113751333703
222.5,642.0,30923.416666666668,0.7229175926992486
212.5,642.0,31273.659722222223,0.7536606228393615
204.5,642.0,31505.109375,0.764922319618212
197.0,642.0,32224.206597222223,0.7698313303785846
197.0,642.0,32509.49305555556,0.7622971185987703
214.0,642.0,32033.164930555562,0.7450860153940492
214.0,642.0,31434.07638888889,0.7629884494302501
214.0,665.0,32033.026041666668,0.7336473284686933
214.0,665.0,31702.166666666668,0.7469823571607225
214.0,665.0,31925.58159722222,0.7360981971933033
214.0,665.0,31423.30555555556,0.7551323670057201
214.0,665.0,32049.82638888889,0.7516150217448061
202.5,665.0,32188.151041666668,0.7617423125562146
202.5,665.0,31854.05555555555,0.8475480642067762
202.5,665.0,32514.78993055556,0.8157845427374556
202.5,665.0,34229.15972222222,0.7731435804720341
202.5,665.0,38675.270833333336,0.7504249862880917
202.5,665.0,38687.08159722222,0.74977592253221
202.5,665.0,37923.409722222226,0.8394589799797991
202.5,665.0,37649.909722222226,0.8667124703825929
202.5,584.0,30037.956597222223,0.773784543575671
202.5,584.0,29412.609375,0.8072562584118661
202.5,584.0,23709.87326388889,0.8213130779690704
211.5,584.0,23609.734375,0.7822824611154173
239.0,584.0,23377.359375,0.678592226600086
239.0,584.0,24132.9375,0.6758158553363148
239.0,584.0,24396.95659722222,0.6832090825558313
239.0,584.0,24161.37326388889,0.6849530707546362
239.0,584.0,23720.65972222222,0.6968899745105769
227.5,584.0,23920.30555555556,0.717161284684504
227.5,584.0,23962.0,0.7164083000402569
227.5,574.0,23093.91493055556,0.7700944441391566
227.5,574.0,22349.66493055556,0.7902821713586056
227.5,534.0,21394.0,0.8569716112802438
227.5,545.0,21634.1875,0.8398034298356067
227.5,545.0,21496.1875,0.8467091543373606
258.0,545.0,21305.75,0.8054554263363932
263.5,545.0,21307.956597222223,0.7788860889425416
263.5,545.0,19916.776041666668,0.8776022964738419
263.5,545.0,16883.916666666668,0.9913284314849776
263.5,334.0,10417.90972222222,0.23088852943217658
256.5,311.0,8842.026041666666,0.1823537968162873
253.5,311.0,8685.401041666666,0.23020938007643008
232.0,311.0,8005.901041666667,0.34592462410199004
232.0,296.0,6590.526041666667,0.22332631388655438
232.0,234.0,5474.222222222223,-0.04338523034951592
232.0,234.0,5321.826388888888,-0.05625554435626288
203.5,234.0,5228.555555555556,0.0431613067425875
188.5,234.0,4729.789930555556,0.1296195776581253
203.5,234.0,4348.539930555556,0.04627066994448183
215.0,234.0,4198.609375,-0.0508604764088449
215.0,234.0,4121.734375,-0.06510081170636144
224.0,234.0,4033.289930555556,-0.23252134719510162
224.0,234.0,4130.206597222223,-0.20533400460630866
224.0,234.0,4334.243055555556,-0.25027189359832114
224.0,234.0,4022.243055555555,-0.24859033752086798
224.0,234.0,4022.243055555556,-0.248590337520868
224.0,234.0,4349.743055555556,-0.31865626384873874
224.0,232.0,3780.359375,-0.27422844928946805
224.0,232.0,3473.623263888889,-0.33076157562407543
215.5,232.0,3396.055555555555,-0.24532366117133475
212.5,287.0,4420.354166666667,-0.529927642195183
208.0,251.0,4025.472222222222,-0.5822824335065706
208.0,276.0,4243.484375,-0.46034608266284044
208.0,276.0,4545.076388888889,-0.35613137237516695
208.0,276.0,4462.24826388889,-0.32194893959335175
208.0,276.0,4871.138888888889,-0.2348829052856159
208.5,414.0,7403.743055555556,0.5581084364772181
208.5,414.0,7573.555555555555,0.5070639608031239
208.5,414.0,7865.609375,0.4770804073717784
208.5,414.0,7735.743055555555,0.5187235119881461
215.5,414.0,7746.055555555555,0.4434984443152827
219.5,414.0,7685.75,0.3783328946851413
215.5,414.0,7746.539930555556,0.4367175664376292
208.5,414.0,7885.956597222223,0.49178811856092786
208.5,414.0,7945.472222222223,0.49747774823967755
195.0,414.0,7864.664930555555,0.6166676668229771
195.0,414.0,7963.914930555556,0.6162858643779525
195.0,414.0,7800.234375,0.6423033793098311
195.0,414.0,8097.248263888888,0.6342822381571995
195.0,414.0,8289.331597222223,0.643763587393197
195.0,414.0,8096.1875,0.6748538466594243
194.0,414.0,8514.914930555555,0.672706707212245
183.5,414.0,8573.70659722222,0.7087211985744357
176.5,414.0,8638.576388888889,0.7603741382792615
176.5,351.0,7631.581597222223,1.0081665529278596
183.5,351.0,7377.555555555555,1.0114987135786426
176.5,351.0,7081.74826388889,1.231303267748372
168.0,351.0,6689.164930555555,1.4852651887444568
164.0,351.0,6770.706597222223,1.5622530245062631
164.0,351.0,6127.305555555556,1.8547503746070906
164.0,218.0,2988.659722222222,1.1614105651693558
159.5,218.0,2473.109375,1.4156900863134287
157.0,147.0,1461.748263888889,0.9756356102569909
151.0,142.0,1147.5260416666667,1.0214695613594014
151.0,127.0,787.9722222222223,0.768406878745237
146.0,86.0,511.4149305555555,0.12019344332842538
145.0,86.0,467.109375,0.2265903367542145
145.0,86.0,510.4982638888889,0.22492575713881252
145.0,86.0,555.8263888888889,0.1808109994603117
144.0,86.0,573.6649305555555,0.2329393006019214
144.0,86.0,580.75,0.2552990439753691
144.0,86.0,608.0,0.22230404657629477
144.0,86.0,593.6232638888888,0.23107481646635175
144.0,86.0,646.2708333333334,0.18998139355104576
144.0,96.0,721.748263888889,0.05129472742688988
144.0,103.0,787.4166666666666,-0.0913754259668543
142.0,103.0,806.3732638888888,0.0694812114519448
141.0,103.0,869.1232638888888,0.1664589056132421
141.0,103.0,855.2899305555555,0.22914412520891564
139.5,103.0,756.4565972222222,0.2765564691588417
139.5,103.0,812.0815972222222,0.31332101134515555
135.0,103.0,849.3333333333334,0.41645462472391803
135.0,103.0,880.2708333333334,0.35916044250073303
129.0,94.0,743.8888888888888,0.38876390098465324
129.0,95.0,808.7899305555555,0.4673176138425881
126.0,95.0,809.859375,0.5581171177945303
126.0,95.0,901.9565972222223,0.4941541777150867
129.0,95.0,939.0208333333334,0.3587672617167594
122.5,95.0,918.2430555555555,0.5163880433313971
122.5,95.0,908.109375,0.5732502186535569
121.0,95.0,903.8732638888888,0.656978703270157
121.0,95.0,778.1666666666666,0.7943180796943424
121.0,95.0,739.0260416666666,0.7478423852776973
123.0,95.0,744.2222222222222,0.5886997717525807
123.0,161.0,1341.0815972222222,1.3815763786218727
123.0,177.0,1470.9427083333333,1.1810186328841936
121.0,177.0,1551.5833333333333,1.151498728897749
121.0,192.0,1740.9930555555557,0.9147485593845933
121.0,192.0,1758.1388888888887,0.9072056183852264
121.0,192.0,1703.581597222222,0.9069968740745694
123.0,192.0,1688.9982638888887,0.8330117032954607
128.5,192.0,1774.748263888889,0.6385831471350306
128.5,192.0,1896.9930555555557,0.5230127283820183
128.5,306.0,3981.373263888889,1.6955662137158416
136.5,306.0,4403.305555555556,1.3868605959801157
144.5,306.0,5287.234375,1.1490955565309156
144.5,306.0,5388.722222222222,1.0467921642371754
156.5,306.0,5426.826388888889,0.8795548720260337
156.5,306.0,5503.805555555556,0.8203679494670617
169.0,306.0,5455.206597222223,0.6951537340519534
169.0,306.0,5462.409722222223,0.6788434153132078
181.5,306.0,5473.743055555556,0.6237467696083774
181.5,306.0,5432.414930555555,0.6241071321965687
181.5,306.0,5475.555555555556,0.6277039534696142
181.5,306.0,5590.826388888888,0.6185199772683175
189.0,306.0,5740.123263888888,0.4403739221869705
189.0,306.0,6071.581597222223,0.47641997060330343
189.0,306.0,6333.789930555555,0.4900012568124527
163.5,306.0,6497.409722222222,0.6251147994783987
164.5,306.0,6160.664930555555,0.636915079817893
164.5,320.0,6518.831597222223,0.5424681430239074
164.5,320.0,6432.442708333333,0.5638018798321329
164.5,320.0,6752.581597222223,0.4992749895946504
164.5,320.0,7246.956597222223,0.440692917732971
164.5,320.0,7466.409722222223,0.4691995400006202
160.5,320.0,7441.243055555556,0.4874919614399297
160.5,320.0,7454.49826388889,0.47994463574441587
156.0,268.0,5655.956597222223,0.21583758749623028
156.0,268.0,5290.331597222222,0.20699080107157566
156.0,213.0,4289.083333333333,-0.12142806584168109
147.5,213.0,4104.409722222222,-0.061970807669006464
133.0,213.0,3965.743055555555,0.08285699723865127
133.0,213.0,3740.9166666666665,0.11048342629822114
133.0,305.0,5386.854166666667,0.8276888057331415
133.0,305.0,5334.076388888888,0.8593699160008074
124.0,305.0,5225.373263888889,1.0062670391740638
118.5,305.0,5345.609375,1.0294894886564507
107.5,318.0,5766.326388888888,0.9653794688425849
103.0,328.0,6213.581597222222,0.8802894437111978
90.5,329.0,5884.826388888888,1.027228753247385
89.0,329.0,6124.706597222223,1.0064689662812394
83.5,337.0,6529.993055555555,0.9520071852503499
83.5,345.0,6921.664930555555,0.8837040734694521
77.0,348.0,7331.666666666667,0.9287072310568157
77.0,348.0,7552.664930555555,0.8989028646758263
77.0,348.0,7911.081597222222,0.8751258906543842
77.0,348.0,8182.609375,0.8540963664454014
77.0,348.0,8430.388888888889,0.8359697619510276
54.5,348.0,8768.354166666666,0.8579393274125872
34.0,348.0,8712.166666666666,1.032259032739258
27.0,348.0,8407.97222222222,1.2485900285914215
21.5,348.0,8195.90972222222,1.4576175290635893
17.5,348.0,7458.1875,1.7777150235070769
13.5,348.0,6666.664930555555,2.1717200763755744
13.0,348.0,6314.222222222223,2.497611500153029
11.5,348.0,6360.972222222222,2.5687264004929378
9.5,348.0,5791.498263888888,3.0526315806393045
8.0,170.0,1610.6649305555557,2.5594021778906773
7.0,112.0,679.2065972222223,2.644949180431527
6.5,79.0,280.4930555555556,2.8686431489340913
6.0,35.0,83.27083333333333,1.6041803995707056
5.5,35.0,62.65972222222222,1.9616492655677298
5.0,35.0,56.789930555555564,2.3458161665201196
5.0,35.0,50.15972222222222,2.865476321420557
4.5,14.0,14.65972222222222,0.8644289032610006
4.0,14.0,13.192708333333334,0.9458655005064588
4.0,14.0,13.373263888888891,0.8665736575734883
4.0,14.0,14.026041666666666,0.797395267125878
4.0,14.0,13.748263888888891,0.9554988972578601
4.0,14.0,13.909722222222221,0.9629864892106752
4.0,14.0,13.972222222222223,1.0209984825240326
3.5,14.0,14.722222222222223,1.014382122392171
3.5,14.0,14.72222222222222,1.0143821223921712
3.0,14.0,14.623263888888888,1.1170204779821602
3.0,14.0,14.416666666666666,1.1600492821570547
3.0,14.0,13.638888888888891,1.4064553825223283
3.0,13.0,8.99826388888889,1.382821441811581
3.0,7.0,4.888888888888889,0.34990734164777354
2.5,7.0,4.151041666666667,0.39582682023284127
2.5,7.0,3.9930555555555554,0.42573203844000984
2.5,7.0,4.317708333333333,0.5333547541690259
2.5,7.0,4.243055555555556,0.5960424528111893
2.5,7.0,4.243055555555556,0.5960424528111893
2.0,7.0,4.248263888888889,0.6543124658105283
2.5,9.0,5.776041666666667,0.8135095398695215
2.5,9.0,6.123263888888889,0.7242410165629618
2.5,9.0,6.0,0.7144345083117603
2.5,9.0,6.123263888888889,0.7242410165629618
3.0,9.0,5.776041666666667,0.6632452388351651
3.0,9.0,5.555555555555556,0.7166527227325662
2.5,9.0,5.076388888888888,0.912464548202808
2.5,9.0,4.75,0.9901100093361087
3.0,9.0,4.359375,1.0699068529336913
3.0,9.0,4.706597222222222,0.9502930440800617
2.5,9.0,5.076388888888888,0.912464548202808
2.5,9.0,4.873263888888888,0.9823018881083877
2.0,9.0,4.859375,1.092159930215826
2.0,9.0,4.998263888888889,1.1342435206012031
2.0,9.0,4.659722222222221,1.3898796514557805
2.0,9.0,4.659722222222222,1.38987965145578
2.0,9.0,4.734375,1.3108875307731156
2.0,9.0,4.664930555555556,1.4443143169465908
2.0,9.0,5.123263888888888,1.1827894005244555
2.0,9.0,5.498263888888889,1.0655097879829276
2.0,9.0,4.831597222222222,1.3211884132443994
2.0,9.0,4.909722222222222,1.244869579408243
2.0,9.0,5.664930555555556,1.0080192130357513
2.0,10.0,7.692708333333333,1.0071236157330943
2.0,10.0,6.373263888888888,1.025827534871827
2.0,10.0,6.373263888888888,1.0258275348718273
2.0,10.0,7.331597222222221,0.8244651859212878
2.5,10.0,7.409722222222222,0.6486002237066969
2.5,10.0,7.401041666666667,0.6951324602576529
3.0,12.0,10.055555555555555,0.8582189574272263
3.5,12.0,9.87326388888889,0.727107498101802
4.0,39.0,58.243055555555536,3.4420225055698075
4.5,68.0,212.95659722222226,3.1896532860872973
5.5,101.0,550.5,2.7958705534779997
6.0,196.0,1894.956597222222,3.038707201060786
6.0,224.0,3530.623263888889,2.4146740207873885
6.0,340.0,7327.305555555555,2.307040968064002
6.0,376.0,11619.972222222224,1.9452984601620125
6.5,538.0,20539.9375,1.9147803669602688
7.5,538.0,24095.62326388889,1.53775096533274
9.0,538.0,27327.567708333332,1.2399764030226885
11.0,538.0,29120.659722222223,1.001644375800521
25.5,538.0,29891.770833333332,0.8071668811259284
53.5,538.0,30131.081597222223,0.6355404473930383
84.5,555.0,35299.770833333336,0.5588669313153429
149.0,555.0,37305.914930555555,0.3904894934555531
211.0,573.0,41108.1388888889,0.2877177856006462
269.0,573.0,42034.055555555555,0.1289428984108678
319.5,573.0,42012.484375,-0.025884021568074598
333.5,573.0,40962.493055555555,-0.18223840387864967
338.5,573.0,37698.4375,-0.29670879707457054
338.5,573.0,33986.414930555555,-0.3918031788613042
338.5,570.0,29958.583333333332,-0.4345657687848504
338.5,570.0,26380.80555555556,-0.4019787890042408
338.5,537.0,22879.659722222223,-0.27024553128437656
338.5,508.0,20200.638888888887,-0.11958852548189193
338.5,475.0,18439.567708333332,0.023234441998479814
338.5,419.0,17413.873263888887,0.11865972999331793
338.5,424.0,18068.326388888887,0.08242963725760019
338.5,431.0,19144.4375,0.0454471857995196
331.0,433.0,20771.75,0.0978348156001576
321.5,433.0,21732.123263888887,0.20706819936778184
315.0,433.0,20450.08159722222,0.36164004381472
293.5,433.0,20349.87326388889,0.48734839040130706
267.5,433.0,20010.99305555556,0.6113624738200237
252.5,433.0,19962.442708333332,0.7126639010422312
242.0,433.0,20076.270833333332,0.7846018767505955
236.5,433.0,20315.333333333332,0.8524266987092369
236.5,433.0,17184.78993055556,1.0295812687064814
222.5,433.0,15554.555555555555,1.2837813735407342
214.0,359.0,11359.555555555555,1.4296987017043044
211.5,359.0,8599.75,1.7138747894554722
211.5,348.0,5535.9375,1.9023950819847661
210.5,193.0,2521.498263888889,0.7419218519668079
210.0,174.0,1847.7482638888887,0.5375721789726494
208.0,131.0,1314.1649305555557,0.10213268298068855
204.5,118.0,1100.25,0.04426596094368434
197.0,129.0,1259.138888888889,0.05389676834156211
197.0,163.0,1624.4375,-0.272474513454719
197.0,163.0,1819.484375,-0.25138038243462146
197.0,163.0,2088.75,-0.3185409737366354
197.0,163.0,2370.331597222222,-0.34913499002669085
197.0,163.0,2443.138888888889,-0.31975186070895767
197.0,163.0,2446.3177083333335,-0.3181065298694062
204.5,197.0,2866.9565972222226,-0.20516601008575183
208.0,295.0,4509.076388888888,0.6552608919397985
210.0,390.0,7855.998263888888,1.3215397016812134
210.0,452.0,12456.484375,1.4855840454853648
210.0,483.0,17548.706597222223,1.4042970858271941
210.0,483.0,21202.916666666668,1.176335666346404
210.0,483.0,21760.13888888889,1.0386247949635248
210.0,483.0,22377.57638888889,0.8782855258302411
210.0,483.0,24213.66493055555,0.7042634461572693
213.0,483.0,26409.55555555555,0.5264408548303321
215.0,483.0,27709.076388888887,0.36198805198107975
257.5,483.0,29222.74305555556,0.20333334470050116
332.0,483.0,29309.854166666668,0.0752761064603609
364.0,483.0,28450.49826388889,-0.03297978411195758
379.0,483.0,28668.067708333332,-0.18549705193231394
379.0,483.0,28010.583333333332,-0.23726828076113196
379.0,483.0,27320.80555555556,-0.26508479984175554
379.0,483.0,26560.53993055556,-0.26533398062898017
379.0,483.0,24440.03993055555,-0.26550436867091354
379.0,483.0,24055.65972222222,-0.25498454212667715
379.0,483.0,23932.80555555556,-0.24958072934939873
379.0,473.0,23299.472222222223,-0.2228506407975793
379.0,473.0,23468.581597222223,-0.22903994718369164
379.0,473.0,22940.63888888889,-0.22067758023810924
379.0,473.0,23022.331597222223,-0.20947120228157115
368.5,473.0,22963.0,-0.19040977456453076
368.5,473.0,23285.74305555556,-0.1872693402467539
368.5,532.0,25089.80555555556,-0.07021166149614379
368.5,532.0,25902.583333333332,-0.026044391717257503
368.5,532.0,26515.33159722222,-0.010794813985625016
363.5,532.0,26511.442708333332,-0.0031283097495593995
359.0,532.0,26476.49305555555,0.028092049509264597
359.0,532.0,26274.75,0.03760193902615123
359.0,532.0,27921.581597222223,0.07740319397053896
359.0,532.0,30405.97222222222,0.10689610096588491
359.0,532.0,30612.416666666668,0.10338401497260333
359.0,532.0,30527.104166666668,0.12443921080958899
353.5,532.0,30852.33159722222,0.1759022582123177
353.5,532.0,30375.359375,0.23354344292039975
353.5,532.0,30241.888888888887,0.2163508625804035
355.5,532.0,29650.526041666668,0.156888949860594
355.5,532.0,29018.55555555555,0.1583390204290215
355.5,532.0,29328.53993055556,0.16264363140570035
355.5,532.0,28136.026041666668,0.18758971654198328
355.5,518.0,26992.388888888887,0.2442562744168795
355.5,518.0,26680.833333333332,0.26129787856592823
355.5,494.0,25964.66493055555,0.3028489791962565
355.5,494.0,25758.49305555556,0.31056894977961313
355.5,494.0,25959.942708333332,0.31711204981827656
355.5,494.0,25959.942708333332,0.31711204981827656
350.0,635.0,30329.74305555555,0.20267517379767505
350.0,630.0,27627.138888888887,0.15294008693301395
350.0,657.0,28634.984375,0.20736217481791794
350.0,657.0,29641.484375,0.23729820586002567
350.0,657.0,30120.99826388889,0.17011024090624657
360.0,657.0,31057.055555555562,0.07715915904944462
360.0,657.0,32503.53993055556,0.05269181819943033
360.0,657.0,30409.770833333332,0.046152740042816935
360.0,657.0,27905.972222222223,-0.006086831332912741
360.0,657.0,26941.901041666668,0.013521893885712477
335.5,657.0,27033.166666666668,0.08598129161899323
335.5,657.0,27403.166666666668,0.10867576029855605
303.0,657.0,27496.33159722222,0.18281187668141152
283.0,657.0,27767.66493055556,0.2228489896447387
283.0,657.0,27760.416666666668,0.24165127867193023
296.5,657.0,27304.604166666668,0.19995067059076427
311.5,657.0,26668.166666666668,0.14709114055081446
311.5,657.0,27032.03993055556,0.15017352023185593
311.5,657.0,27090.91493055556,0.1492204315510563
311.5,657.0,26901.123263888887,0.15387459244013477
311.5,657.0,26653.354166666668,0.15789818979414594
311.5,657.0,26482.97222222222,0.15730330802938813
311.5,657.0,26512.388888888887,0.15920843763123507
311.5,657.0,26573.45659722222,0.14333564602152113
322.0,504.0,23144.53993055555,0.2948087086486763
322.0,504.0,24716.91493055555,0.2934026195270491
322.0,501.0,24644.659722222223,0.2889894224455599
322.0,501.0,24881.026041666668,0.2995033218473302
322.0,501.0,25154.248263888887,0.28016406535902943
322.0,501.0,25305.9375,0.27538416420261275
322.0,596.0,29651.234375,0.4702405405296699
322.0,596.0,33491.664930555555,0.4574460959275638
322.0,596.0,35305.317708333336,0.40617702744978523
322.0,596.0,35482.520833333336,0.3839126655916095
358.0,596.0,38434.442708333336,0.23501240528776748
395.5,596.0,36933.692708333336,0.17455017641862963
395.5,596.0,36398.493055555555,0.1558622718187029
395.5,596.0,35597.401041666664,0.1383631487126996
395.5,596.0,36784.47222222222,0.15550933955296983
395.5,596.0,37305.33159722222,0.1659914533617711
395.5,596.0,39592.87326388889,0.16330758215998498
395.5,596.0,39990.58159722222,0.15550577434156532
395.5,647.0,41288.109375,0.11742090769559962
395.5,647.0,41888.4375,0.10322896777971159
395.5,647.0,43279.359375,0.07385694516814537
395.5,647.0,44043.90972222222,0.06830965859622455
396.5,647.0,43040.055555555555,0.004376728332759877
404.5,647.0,43018.243055555555,-0.0064107331778483516
404.5,647.0,42386.40972222222,0.02255512475173541
404.5,647.0,42750.25,0.021290151214250836
404.5,647.0,42750.25,0.021290151214250836
404.5,647.0,44325.70659722222,0.04360848256843824
404.5,647.0,44199.3263888889,0.056131495619077175
404.5,647.0,44199.3263888889,0.05613149561907719
404.5,601.0,40614.104166666664,-0.008029853778490637
404.5,601.0,40135.493055555555,-0.021270803297672388
404.5,601.0,40455.276041666664,-0.018229370677070214
404.5,601.0,40318.87326388889,-0.0023674075988585875
396.5,601.0,36755.083333333336,0.08809752300547079
399.0,601.0,37352.8263888889,0.025432182523670174
428.5,601.0,37355.88888888889,-0.053175774486300065
428.5,601.0,37137.289930555555,-0.08834976297454132
428.5,601.0,36131.62326388888,-0.12712245050161933
428.5,601.0,35509.664930555555,-0.1584276717736259
428.5,601.0,33466.359375,-0.1743898837934687
428.5,601.0,30838.248263888887,-0.2393205973109482
428.5,595.0,26669.901041666668,-0.19676506305124458
428.5,595.0,24754.373263888887,-0.09813710414050057
455.0,573.0,23377.5,0.08752458041995077
464.0,584.0,23679.72222222222,0.3180805040215642
478.5,584.0,24644.16493055555,0.15352161001823544
478.5,584.0,27176.80555555556,0.09387807618218359
464.0,584.0,28600.576388888887,0.16371977477898342
455.0,584.0,30427.1875,0.27479591038230433
420.0,584.0,30415.0,0.4382589267242929
410.5,584.0,27650.28993055555,0.5681471035545611
386.5,584.0,28595.826388888887,0.6406466767197591
376.0,584.0,30066.166666666668,0.7259720109860095
348.0,584.0,30115.99305555556,0.890735384933258
327.0,584.0,27605.97222222222,1.117891965607427
327.0,584.0,24959.692708333332,1.3657019522146414
326.5,584.0,25300.24305555555,1.4665899512356924
316.5,584.0,26016.20659722222,1.453807399523008
316.5,584.0,25328.6875,1.5461094936642183
316.5,584.0,29188.081597222223,1.3559678568855065
316.5,650.0,38975.58159722222,1.2259025939427441
303.0,650.0,39410.13888888888,1.2320022739146117
303.0,650.0,41904.08159722222,1.0122346265449678
330.0,650.0,43995.8732638889,0.8065445181566481
330.0,650.0,45758.9375,0.6589290912171472
297.0,650.0,47284.234375,0.6753289674751651
297.0,725.0,48798.6875,0.6344463915984458
297.0,725.0,44525.8888888889,0.7772061916924196
297.0,725.0,39839.0,0.7619334945639388
297.0,725.0,38416.234375,0.7788848172440442
297.0,725.0,39193.664930555555,0.7588732825011016
320.0,725.0,39158.276041666664,0.6529903156298857
387.5,725.0,40451.416666666664,0.47023725464618654
426.5,725.0,42464.88888888889,0.29660489868102213
387.5,725.0,44801.0,0.3488039716002106
387.5,725.0,45196.9375,0.35197416949460103
387.5,725.0,45912.47222222222,0.34106338877452913
387.5,725.0,46835.833333333336,0.3315048092435538
387.5,725.0,47449.72222222222,0.3314256979354275
346.5,725.0,48321.33159722222,0.35889411426888224
399.5,725.0,47288.831597222226,0.31961817519651786
399.5,725.0,46570.49305555556,0.31553162872754464
330.0,725.0,48778.164930555555,0.3814124142869467
277.0,725.0,47708.581597222226,0.553202249990248
266.5,561.0,38908.13888888888,0.5609106627029332
259.5,561.0,39790.243055555555,0.567453986562047
242.5,561.0,36952.74826388888,0.7601524230877731
226.0,561.0,33929.805555555555,0.9506578250566491
222.5,561.0,30899.873263888887,1.1725666217244166
218.0,571.0,31863.373263888887,1.1518428553419617
222.5,571.0,32001.498263888887,0.9788989763914454
222.5,571.0,35768.74826388888,0.8834711683441354
222.5,571.0,36405.770833333336,0.8862348648579449
222.5,603.0,39982.82638888889,0.930759299508866
240.5,643.0,46768.039930555555,0.7697883996986188
240.5,643.0,48819.22222222222,0.7087050344240201
