116.6622673649605,3365.11166855379,937182.8505611881,0.025710606040168223
119.6132413993455,3365.11166855379,937176.8938945099,0.02467817844157779
131.3910825159825,3365.11166855379,937162.5323722804,0.01968797918768792
119.6132413993455,3365.11166855379,936856.792014032,0.024546956078427946
119.6132413993455,3365.11166855379,937374.5781235914,0.021192759400667883
131.3910825159825,3365.11166855379,937514.1032451363,0.01755868152751021
131.3910825159825,3365.11166855379,937918.107231443,0.015494475288017576
131.3910825159825,3365.11166855379,938495.8889832104,0.013408099020228086
131.3910825159825,3365.11166855379,938676.9321988017,0.012615204298102208
131.3910825159825,3365.11166855379,938717.7255897028,0.012264841474962233
131.3910825159825,3365.11166855379,939046.2431127414,0.011656409305118388
131.3910825159825,3365.11166855379,938505.2240001021,0.015421994357579552
131.3910825159825,3365.11166855379,938866.7265643969,0.013646325454043862
146.59674966367652,3365.11166855379,939723.123538664,0.007598202596877127
146.59674966367652,3365.11166855379,939256.5222467572,0.008490403367338972
146.59674966367652,3365.11166855379,940905.9470028388,0.005767316713031403
146.59674966367652,3365.11166855379,941669.8168133976,0.00428232516919374
146.59674966367652,3365.11166855379,941908.0673864438,0.004018030935143733
146.59674966367652,3365.11166855379,941777.955067155,0.004175028483750554
146.59674966367652,3365.11166855379,941705.9504186534,0.004262761057932875
146.59674966367652,3365.11166855379,942408.3459507194,0.003873840006521531
146.59674966367652,3365.11166855379,943971.6096517663,0.0033773045813784305
146.59674966367652,3365.11166855379,942599.2831592392,0.0061958926722954465
146.59674966367652,3365.11166855379,945933.8451411268,0.0018997870956993785
146.59674966367652,3365.11166855379,946709.8742216838,0.0016782903423059091
146.59674966367652,3365.11166855379,947255.5689206863,0.0013074959686805864
146.59674966367652,3365.11166855379,950043.0615785036,0.0009651628990430438
146.59674966367652,3365.11166855379,952179.493376751,-0.0010577637252117272
146.59674966367652,3365.11166855379,953541.9153677752,-0.0016517653865975636
146.59674966367652,3365.11166855379,955664.2847293664,-0.001084449473358354
146.59674966367652,3365.11166855379,958034.8290169627,0.0007754835105373594
146.59674966367652,3365.11166855379,959991.122525278,0.0009998568151216537
146.59674966367652,3365.11166855379,960109.2080214414,0.0010153006356763755
146.59674966367652,3365.11166855379,959760.4565713627,0.0010620911730623342
146.59674966367652,3365.11166855379,962543.8580186984,0.0005713022573342652
146.59674966367652,3365.11166855379,963137.3770949316,0.0005637682031654332
146.59674966367652,3365.11166855379,964889.2459855627,0.001008820566339312
146.59674966367652,3365.11166855379,967425.0084458794,0.0024374664182002757
146.59674966367652,3365.11166855379,965585.2022081951,0.0013392594563565714
146.59674966367652,3368.46484171951,972186.81120802,0.010257622734415292
146.59674966367652,3368.46484171951,974608.3324889235,0.011742481629046186
146.59674966367652,3368.46484171951,979398.849727704,0.015867669304045984
146.59674966367652,3368.46484171951,976021.9127540805,0.014786815082881422
146.59674966367652,3368.46484171951,978582.7778972274,0.017406909902979373
146.59674966367652,3368.46484171951,979263.218812703,0.017606315183577907
146.59674966367652,3368.46484171951,984686.3531428842,0.022296749997567
146.59674966367652,3368.46484171951,987005.2944327311,0.024573346276460347
146.59674966367652,3368.46484171951,986779.4323412789,0.02436515060687873
146.59674966367652,3368.46484171951,992408.3323219104,0.030748574993289937
146.59674966367652,3368.46484171951,991382.3476225167,0.02980489098336127
146.59674966367652,3368.46484171951,991654.3327338233,0.030041907507332006
146.59674966367652,3368.46484171951,993044.4092737397,0.030848752687260055
146.59674966367652,3368.46484171951,993312.6862039423,0.031085256388190288
146.59674966367652,3368.46484171951,1000147.6355500417,0.037554044081645636
146.59674966367652,3368.46484171951,1000551.1140007891,0.03808815603115661
146.59674966367652,3368.46484171951,1001081.7459702793,0.0389081277092786
146.59674966367652,3368.46484171951,1003504.5287127187,0.04089527377415064
146.59674966367652,3368.46484171951,1008987.4479777808,0.04555192133015131
146.59674966367652,3368.46484171951,1011050.5028450323,0.04786361164840563
146.59674966367652,3368.46484171951,1010946.9393136279,0.04779806490982618
146.59674966367652,3479.1253490595,1012694.3888951335,0.050836924741138836
146.59674966367652,3479.1253490595,1015868.8979515036,0.05392532124336044
146.59674966367652,3479.1253490595,1019116.2439695684,0.057884918952969114
146.59674966367652,3479.1253490595,1024278.6829481518,0.0636384818460047
146.59674966367652,3479.1253490595,1028420.8080927674,0.06668730398872334
146.59674966367652,3479.1253490595,1030212.0816602735,0.06819905540317815
146.59674966367652,3479.1253490595,1038432.0731799006,0.0739547809647653
146.59674966367652,3479.1253490595,1035869.3560524749,0.07165082951112926
146.59674966367652,3504.7785219988,1043647.275921723,0.0810962721418071
146.59674966367652,3504.7785219988,1040852.3906426766,0.07800732029191146
146.59674966367652,3504.7785219988,1047076.8523591062,0.0852032300794265
146.59674966367652,3504.7785219988,1055119.0894685648,0.09226115877534842
146.59674966367652,3504.7785219988,1057075.4725854965,0.09379234300224851
146.59674966367652,3504.7785219988,1062994.804358425,0.09710180771584896
146.59674966367652,3504.7785219988,1065895.4769679422,0.09736769049305745
146.59674966367652,3504.7785219988,1069053.3939352715,0.09944146297579623
146.59674966367652,3504.7785219988,1075233.1354515855,0.10331106563620661
146.59674966367652,3504.7785219988,1078395.8632548875,0.10477570220033063
146.59674966367652,3504.7785219988,1080248.7603445982,0.10536576234210616
146.59674966367652,3504.7785219988,1082788.2719857565,0.10559898584450943
146.59674966367652,3504.7785219988,1086524.0501768359,0.10630563290172973
146.59674966367652,3504.7785219988,1092006.2921402995,0.10882652271153084
146.59674966367652,3504.7785219988,1091801.8385818768,0.10875675246600451
146.59674966367652,3504.7785219988,1096470.4992159938,0.10783385328088764
146.59674966367652,3504.7785219988,1095956.1298379528,0.1078659942657305
146.59674966367652,3504.7785219988,1099201.3640069277,0.10859744964801794
146.59674966367652,3504.7785219988,1102955.0548290808,0.11038326246187927
146.59674966367652,3504.7785219988,1109198.7091297442,0.11163650347242222
146.59674966367652,3504.7785219988,1112898.5994580179,0.11204313243093393
146.59674966367652,3504.7785219988,1112218.338008694,0.11248326669245642
146.59674966367652,3504.7785219988,1116318.034236119,0.1112833145176945
146.59674966367652,3504.7785219988,1117887.8843477825,0.11130171613511247
146.59674966367652,3504.7785219988,1118128.407289602,0.1112406893753118
146.59674966367652,3504.7785219988,1119893.8387959942,0.11069766166088921
146.59674966367652,3504.7785219988,1118764.1296152072,0.1111762981901716
146.59674966367652,3504.7785219988,1121494.5018992564,0.1101821681856143
146.59674966367652,3504.7785219988,1124303.9297476683,0.10649030480912142
146.59674966367652,3504.7785219988,1124974.1141771192,0.10534125639627369
146.59674966367652,3504.7785219988,1127460.7823993126,0.10140160645722204
146.59674966367652,3504.7785219988,1131959.631263484,0.09784576440821821
146.59674966367652,3504.7785219988,1133883.9684073143,0.0947111162905016
146.59674966367652,3504.7785219988,1136664.3961167443,0.09169356637760115
146.59674966367652,3504.7785219988,1140221.8514276287,0.08647888068298717
146.59674966367652,3504.7785219988,1141744.8982090491,0.0840027800135959
146.59674966367652,3504.7785219988,1143260.2239930409,0.08028881916550586
146.59674966367652,3504.7785219988,1142732.049888742,0.08107703971242029
146.59674966367652,3504.7785219988,1144480.9324725622,0.07837979229534751
146.59674966367652,3504.7785219988,1144344.3062948915,0.07874469677240951
146.59674966367652,3504.7785219988,1145579.389132085,0.07581218737511226
146.59674966367652,3504.7785219988,1145430.1858720828,0.07613463290436522
146.59674966367652,3504.7785219988,1145454.109712169,0.07578652218140139
146.59674966367652,3504.7785219988,1145655.6548420067,0.07397319005935264
146.59674966367652,3504.7785219988,1146645.2395127157,0.07171905707286072
146.59674966367652,3504.7785219988,1147253.4100170431,0.06695850079266252
146.59674966367652,3504.7785219988,1148413.0599374836,0.061261647403736484
146.59674966367652,3504.7785219988,1150367.7780376424,0.05336228404113143
167.69396685967348,3504.7785219988,1151702.0708994747,0.046118742876511576
190.16450980028696,3504.7785219988,1152269.461398544,0.04031288459861337
190.16450980028696,3504.7785219988,1152630.90235843,0.036720333994440926
229.15767620900948,3504.7785219988,1152597.323129195,0.032877896379868425
285.38864468100803,3504.7785219988,1153079.135700752,0.02479741553746631
310.45080758296956,3504.7785219988,1153276.7807940266,0.022534198746264313
310.45080758296956,3504.7785219988,1152991.4559532185,0.02078849509539679
310.45080758296956,3504.7785219988,1152540.4151199532,0.016963688414644598
310.45080758296956,3504.7785219988,1152548.2254830431,0.016991536934431447
310.45080758296956,3504.7785219988,1152333.6457589357,0.01510660203058192
310.45080758296956,3504.7785219988,1152866.118778058,0.016337952777196543
316.39907689695053,3504.7785219988,1152093.06452179,0.009852704053290548
316.39907689695053,3504.7785219988,1150866.6715179307,0.006558666841690096
316.39907689695053,3504.7785219988,1149781.3175571943,0.003493111477476432
316.39907689695053,3504.7785219988,1148831.6259075694,0.0005985430665253102
316.39907689695053,3504.7785219988,1146899.6623785894,-0.004747537742986502
316.39907689695053,3504.7785219988,1145864.9892818215,-0.00845380609071467
316.39907689695053,3504.7785219988,1142406.6522212646,-0.014127038127909199
316.39907689695053,3504.7785219988,1141646.0385902608,-0.015553196973250416
316.39907689695053,3504.7785219988,1139173.4181234413,-0.017262293230263657
316.39907689695053,3504.7785219988,1137469.4349448811,-0.019521712343057326
316.39907689695053,3504.7785219988,1134881.5897295384,-0.022976847833401034
316.39907689695053,3504.7785219988,1132937.626281109,-0.02451710211942416
316.39907689695053,3504.7785219988,1131043.916970862,-0.02664400520462218
316.39907689695053,3504.7785219988,1127174.9445345302,-0.027226445180201574
316.39907689695053,3504.7785219988,1126628.7249782244,-0.027970633081973933
316.39907689695053,3504.7785219988,1121563.2060454064,-0.029663789437301694
316.39907689695053,3504.7785219988,1118804.441750621,-0.03109322800097324
316.39907689695053,3504.7785219988,1114817.7791643091,-0.032052218733505305
316.39907689695053,3504.7785219988,1109640.9188474854,-0.03586539702645936
316.39907689695053,3504.7785219988,1109278.9139549423,-0.03635812440352471
316.39907689695053,3504.7785219988,1105671.9930430765,-0.03860510674169243
316.39907689695053,3504.7785219988,1101997.422985371,-0.03763913898683799
316.39907689695053,3504.7785219988,1095927.86748599,-0.03639281536210268
316.39907689695053,3504.7785219988,1092721.5616690447,-0.03797106223919956
316.39907689695053,3504.7785219988,1090107.321984133,-0.03796677838706281
316.39907689695053,3504.7785219988,1090495.891506256,-0.03818344904402408
316.39907689695053,3504.7785219988,1085341.6166926166,-0.03684816558161785
316.39907689695053,3504.7785219988,1082727.462474425,-0.034611531290936505
316.39907689695053,3504.7785219988,1078952.1702877476,-0.03222158705867297
316.39907689695053,3504.7785219988,1076131.7280745066,-0.03291337164346932
316.39907689695053,3504.7785219988,1070965.583812463,-0.030966455775505095
316.39907689695053,3504.7785219988,1063237.1913376364,-0.02689000617460118
316.39907689695053,3504.7785219988,1063280.826831536,-0.026889131791397427
316.39907689695053,3504.7785219988,1061411.1718397562,-0.026042504513267933
316.39907689695053,3504.7785219988,1059658.2113180843,-0.024650135041054528
316.39907689695053,3504.7785219988,1056370.9524050506,-0.024559345352496542
316.39907689695053,3504.7785219988,1055161.200366211,-0.02401391886607746
316.39907689695053,3504.7785219988,1052105.6687030913,-0.02111485731132545
316.39907689695053,3504.7785219988,1051916.8525355589,-0.02110708888028378
316.39907689695053,3504.7785219988,1046475.9590772823,-0.017781793199475166
316.39907689695053,3504.7785219988,1036822.2763305478,-0.010242069480877653
316.39907689695053,3504.7785219988,1034695.6495662872,-0.008100654617321535
316.39907689695053,3504.7785219988,1032962.0654363673,-0.006498057161781393
316.39907689695053,3504.7785219988,1035474.7818790254,-0.007791228596576193
316.39907689695053,3504.7785219988,1033518.4118352185,-0.005887023807204487
316.39907689695053,3504.7785219988,1032365.2318597751,-0.00482420734568674
316.39907689695053,3504.7785219988,1029856.5793432173,-0.002227735091988585
316.39907689695053,3504.7785219988,1023553.3969748205,0.0027645393413338755
316.39907689695053,3504.7785219988,1022054.9151328176,0.004497949149239196
316.39907689695053,3504.7785219988,1021785.9455369296,0.004751418147087966
316.39907689695053,3504.7785219988,1022032.3622227052,0.004641245472822372
316.39907689695053,3504.7785219988,1019432.8344531659,0.006169506403070244
316.39907689695053,3504.7785219988,1020976.1640063918,0.00470990109123372
316.39907689695053,3504.7785219988,1016177.3302996143,0.011336304349448849
316.39907689695053,3504.7785219988,1014653.0801332508,0.012460332173349235
316.39907689695053,3504.7785219988,1010594.4678920187,0.015745004746318
316.39907689695053,3351.13647804122,1004732.2493480634,0.024056783627567153
316.39907689695053,3351.13647804122,1006497.1043445985,0.021852790518219322
316.39907689695053,3351.13647804122,1000563.8109215564,0.026376674813637917
316.39907689695053,3351.13647804122,998586.1306422905,0.02721503053296832
316.39907689695053,3351.13647804122,995763.7922213691,0.031037835457681382
316.39907689695053,3351.13647804122,992470.5739091912,0.03484989753507907
316.39907689695053,3329.85460479507,991768.9937228642,0.03595145637785061
316.39907689695053,3329.85460479507,987983.4594996691,0.039537647663495434
316.39907689695053,3329.85460479507,983835.9513499265,0.04192284351198419
316.39907689695053,3329.85460479507,983434.2951396538,0.04251548283825762
316.39907689695053,3329.85460479507,984557.3607122048,0.04145544810639967
316.39907689695053,3314.83918497019,980875.8220297454,0.046318939863211624
316.39907689695053,3314.83918497019,977736.9296748949,0.05033204089067214
316.39907689695053,3314.83918497019,982787.2615600419,0.04524096599171013
316.39907689695053,3314.83918497019,977693.1653754023,0.050078227366652274
316.39907689695053,3314.83918497019,979665.3130941234,0.0480534266126085
316.39907689695053,3314.83918497019,977063.5201900848,0.0502005797775491
316.39907689695053,3314.83918497019,975083.2628440921,0.051080388213209336
316.39907689695053,3314.83918497019,976588.6560095946,0.05069400339496913
316.39907689695053,3314.83918497019,976227.595240046,0.05065965380562895
316.39907689695053,3314.83918497019,973990.1776398476,0.052011981211498026
316.39907689695053,3300.27145432557,968530.0968655822,0.05836559638053724
316.39907689695053,3300.27145432557,969703.4167829278,0.05898633234779567
316.39907689695053,3300.27145432557,970029.5797508023,0.05889811316980926
316.39907689695053,3300.27145432557,967308.0551967733,0.05776463792718443
316.39907689695053,3300.27145432557,965935.1717879024,0.058036241859332566
316.39907689695053,3300.27145432557,964317.4754575124,0.05754702643217916
316.39907689695053,3300.27145432557,962501.4732250472,0.05757795639733845
316.39907689695053,3300.27145432557,967155.3291331971,0.05457003894752492
316.39907689695053,3300.27145432557,967364.8224650645,0.054503064982062414
316.39907689695053,3300.27145432557,964524.930989734,0.05523101389962881
316.39907689695053,3300.27145432557,964446.5865488155,0.055164758479566076
316.39907689695053,3300.27145432557,968618.939586712,0.05599323032233962
316.39907689695053,3300.27145432557,966313.7003755184,0.053966620021566714
316.39907689695053,3300.27145432557,964269.2254717468,0.05370380701917253
316.39907689695053,3300.27145432557,964949.1680861017,0.05429932454843355
316.39907689695053,3300.27145432557,965880.9873551808,0.05472536177173218
316.39907689695053,3300.27145432557,964356.5858068815,0.05462984684477638
316.39907689695053,3300.27145432557,963583.3548791917,0.05350131078849738
316.39907689695053,3300.27145432557,961845.6850235979,0.05082248964700354
316.39907689695053,3300.27145432557,963031.9616986095,0.051645782239795004
316.39907689695053,3300.27145432557,962047.2394629085,0.0506978890227164
316.39907689695053,3300.27145432557,962259.2767405782,0.05182691388197107
316.39907689695053,3300.27145432557,961772.17895417,0.05079829594399168
324.5680982105995,3300.27145432557,959310.9492947916,0.04230656357710587
324.5680982105995,3300.27145432557,958653.0617765978,0.038417762039563055
324.5680982105995,3300.27145432557,958233.1925544266,0.036107738271727315
324.5680982105995,3300.27145432557,957207.9071805691,0.032762264772424624
324.5680982105995,3300.27145432557,954208.0467943071,0.026466488648908413
324.5680982105995,3300.27145432557,953855.4560020138,0.02512569979308182
332.545275861429,3300.27145432557,953758.5496241517,0.023303240184984125
352.1567201303165,3300.27145432557,953674.6664555197,0.018026928973440413
376.599690049537,3300.27145432557,953595.2496629761,0.013572829865481716
376.599690049537,3300.27145432557,953698.9718953302,0.015120861955425688
376.599690049537,3300.27145432557,953571.1816060512,0.014517659016976674
376.599690049537,3300.27145432557,953504.6865958608,0.015681950665862594
388.125377889349,3300.27145432557,953639.2494839163,0.012950879653309015
388.125377889349,3300.27145432557,954183.1123139361,0.009959966010253533
376.599690049537,3300.27145432557,953967.3880093581,0.013796195271449667
376.599690049537,3300.27145432557,954235.6027900566,0.011846767859147584
388.125377889349,3300.27145432557,954596.7051238131,0.007610436026333859
388.125377889349,3300.27145432557,955103.0921002597,0.006179779366431385
391.9034799877095,3300.27145432557,955417.267032961,-4.846215622866716e-05
391.9034799877095,3300.27145432557,955718.3726911859,-0.0021062383001645185
391.9034799877095,3300.27145432557,955666.8075244417,-0.0017371680082287535
391.9034799877095,3300.27145432557,955847.5178021813,-0.002550974988167622
391.9034799877095,3300.27145432557,955382.4224127276,-0.0013667993578717415
391.9034799877095,3300.27145432557,958426.7123129937,-0.0049374685414482955
391.9034799877095,3300.27145432557,961584.5663246828,-0.007664085206534389
391.9034799877095,3300.27145432557,962077.5567444985,-0.008819015445774712
391.9034799877095,3300.27145432557,962050.9159703891,-0.008742193341021899
391.9034799877095,3300.27145432557,960680.3954419841,-0.005303886889293551
391.9034799877095,3300.27145432557,960841.6845241913,-0.005428100864161518
391.9034799877095,3300.27145432557,961915.4402073306,-0.009724619884939972
391.9034799877095,3300.27145432557,965538.1934984573,-0.010062552678975191
391.9034799877095,3300.27145432557,965051.0879220592,-0.009469519470703014
391.9034799877095,3300.27145432557,966529.160128768,-0.010900572351915314
391.9034799877095,3300.27145432557,973367.7492795085,-0.006155638170190429
391.9034799877095,3300.27145432557,973463.3404743472,-0.006271319881201394
391.9034799877095,3300.27145432557,975295.8946117313,-0.007156374798605878
391.9034799877095,3300.27145432557,973812.7128608535,-0.006466178618917251
391.9034799877095,3300.27145432557,972916.9598641449,-0.006738673981318097
391.9034799877095,3300.27145432557,972517.720599879,-0.006592001995156597
391.9034799877095,3300.27145432557,974457.9343055437,-0.006945513397286076
391.9034799877095,3300.27145432557,976765.847867826,-0.007971009893756481
391.9034799877095,3300.27145432557,976800.0195413071,-0.007983777701616204
391.9034799877095,3300.27145432557,979505.2693726604,-0.008236454567606483
391.9034799877095,3300.27145432557,983247.5737651782,-0.006665485812251391
391.9034799877095,3300.27145432557,987367.8805458421,-0.0035256304537412187
391.9034799877095,3300.27145432557,987928.1849729567,-0.003682228498186495
391.9034799877095,3300.27145432557,983830.0317250297,-0.007633230697605468
391.9034799877095,3300.27145432557,987663.3832318429,-0.004628427307614584
391.9034799877095,3300.27145432557,985319.6888670555,-0.005872177178485492
391.9034799877095,3300.27145432557,986177.346386633,-0.006566739908985458
391.9034799877095,3300.27145432557,984886.7403674487,-0.007328273717072389
391.9034799877095,3300.27145432557,987024.3429407884,-0.00705641030353604
391.9034799877095,3300.27145432557,987302.6570298575,-0.006795753610267576
391.9034799877095,3300.27145432557,987730.367935174,-0.006468417112635938
391.9034799877095,3300.27145432557,991018.8721001889,-0.003937749086108602
391.9034799877095,3300.27145432557,989517.4803583767,-0.005481387283466408
391.9034799877095,3300.27145432557,993771.3291315758,-0.002045502196264109
391.9034799877095,3300.27145432557,996250.8790275427,-0.0003573226451139397
391.9034799877095,3300.27145432557,1003142.8243734984,0.006285295457176354
391.9034799877095,3300.27145432557,1005097.9644914924,0.007455866052007443
391.9034799877095,3300.27145432557,1006147.5180041657,0.008682885649442626
391.9034799877095,3300.27145432557,1005755.4957287742,0.008350806043506716
391.9034799877095,3300.27145432557,1006553.3186010316,0.009311707787432039
391.9034799877095,3300.27145432557,1009687.3721225669,0.012093923031109627
391.9034799877095,3300.27145432557,1007925.760032809,0.010837604494746507
391.9034799877095,3300.27145432557,1009669.198121767,0.012617845696832846
391.9034799877095,3380.2521917212703,1017832.4318352441,0.020617441103190543
391.9034799877095,3380.2521917212703,1018129.1478181644,0.021046589510148893
391.9034799877095,3380.2521917212703,1020886.0315104672,0.023906744428347157
391.9034799877095,3380.2521917212703,1019362.3090908147,0.022540198700198442
391.9034799877095,3395.95184983455,1023030.3147323258,0.02763206820454724
391.9034799877095,3395.95184983455,1026111.9729311791,0.030634646969574103
391.9034799877095,3395.95184983455,1028491.6651235463,0.032543119066519716
391.9034799877095,3484.45326464472,1033703.7625308062,0.0399090331765629
391.9034799877095,3484.45326464472,1036775.6430325663,0.04156791703682539
391.9034799877095,3484.45326464472,1035933.6130223208,0.040456682545365365
391.9034799877095,3484.45326464472,1042837.7571751459,0.04781812247376623
391.9034799877095,3484.45326464472,1043597.7195686463,0.04877821244942687
391.9034799877095,3484.45326464472,1042564.7415389244,0.047683922579608407
391.9034799877095,3484.45326464472,1044416.8190911587,0.04906702684761001
391.9034799877095,3484.45326464472,1047095.9889062962,0.05165494277375345
391.9034799877095,3484.45326464472,1053106.6338299813,0.05567846650687445
391.9034799877095,3484.45326464472,1055510.3715849784,0.0575499118000641
391.9034799877095,3484.45326464472,1059634.9055917412,0.06217950300798712
391.9034799877095,3484.45326464472,1062289.1499741892,0.06388261272526699
391.9034799877095,3484.45326464472,1064574.5077804925,0.06470295809304201
391.9034799877095,3484.45326464472,1069896.604532993,0.06761095729537676
391.9034799877095,3484.45326464472,1068781.154932307,0.06758493327613864
391.9034799877095,3484.45326464472,1070581.1587774544,0.06895709930583194
391.9034799877095,3484.45326464472,1075416.5917237522,0.07111078026064083
391.9034799877095,3484.45326464472,1078067.9151040486,0.07192281471430836
391.9034799877095,3484.45326464472,1080712.0669288896,0.07134027484252592
391.9034799877095,3484.45326464472,1081955.7062472485,0.07170917327169445
391.9034799877095,3484.45326464472,1085960.9743349245,0.0748900191116646
391.9034799877095,3484.45326464472,1084726.5136340691,0.07448726857443914
391.9034799877095,3484.45326464472,1082352.5463337027,0.07504458916907361
391.9034799877095,3484.45326464472,1089040.652126304,0.07418356248538412
391.9034799877095,3484.45326464472,1090098.532844224,0.07416833647296564
391.9034799877095,3484.45326464472,1091173.6699988113,0.07407549410518788
391.9034799877095,3484.45326464472,1092241.7549506437,0.07348937132161991
391.9034799877095,3484.45326464472,1094534.3017550248,0.07310182327634412
391.9034799877095,3484.45326464472,1099331.2284132324,0.07168676842587049
391.9034799877095,3484.45326464472,1099927.8602283646,0.07147899365791344
391.9034799877095,3484.45326464472,1101737.9138809412,0.07018832786046515
391.9034799877095,3484.45326464472,1107447.6923368028,0.06674727803432172
391.9034799877095,3484.45326464472,1109708.1217032024,0.06490835226791768
391.9034799877095,3484.45326464472,1109972.148820492,0.06480285137187863
391.9034799877095,3484.45326464472,1111541.198683284,0.06298320971558587
391.9034799877095,3484.45326464472,1114219.8200603463,0.061772218382469775
391.9034799877095,3484.45326464472,1113980.8935019828,0.06203217505257065
391.9034799877095,3484.45326464472,1117105.5763021894,0.05930841805677077
391.9034799877095,3484.45326464472,1120303.5202305603,0.05571275541649846
391.9034799877095,3484.45326464472,1121837.8777355761,0.05272058335471948
391.9034799877095,3484.45326464472,1123994.5272275868,0.050551241510661836
391.9034799877095,3484.45326464472,1127305.8058146944,0.04462941634858077
391.9034799877095,3484.45326464472,1129276.0137047393,0.04147875993090635
391.9034799877095,3484.45326464472,1133409.714717881,0.03607462777120609
420.85917199113055,3484.45326464472,1133659.4481775786,0.03159855878366544
423.52855045645254,3484.45326464472,1134259.2569296458,0.027343873796464774
423.52855045645254,3484.45326464472,1133987.8597921808,0.028336879278307782
423.52855045645254,3484.45326464472,1135156.266713603,0.024173781439095682
423.52855045645254,3484.45326464472,1137278.3474120873,0.019993372358750615
423.52855045645254,3484.45326464472,1138757.4604119554,0.017623870130571463
423.52855045645254,3484.45326464472,1139287.3838886002,0.01611884628361825
423.52855045645254,3484.45326464472,1140362.911570636,0.012245378413983215
423.52855045645254,3484.45326464472,1140739.5392946403,0.009559220947671154
474.289085569532,3484.45326464472,1141337.2470437912,0.004386733568127322
474.289085569532,3484.45326464472,1141591.1195661922,0.003156959600843862
510.5868253263005,3484.45326464472,1141620.9919746437,0.0021810797340996325
528.545537815444,3484.45326464472,1141153.8985999501,-0.0034925478669906927
532.993679850399,3484.45326464472,1141030.0704281756,-0.007427214026577586
540.8968408495625,3484.45326464472,1140207.5598761055,-0.017762373991529627
540.8968408495625,3484.45326464472,1139899.6587337602,-0.01978372388724
540.8968408495625,3484.45326464472,1137928.5777111792,-0.02338496917940621
561.4153520016685,3484.45326464472,1137965.6624751454,-0.02610889193138861
561.4153520016685,3484.45326464472,1137118.781772762,-0.029290916059713124
561.4153520016685,3484.45326464472,1136226.3811132999,-0.03284491817613168
561.4153520016685,3484.45326464472,1135275.7595982736,-0.038764320228286735
561.4153520016685,3484.45326464472,1135061.7611869553,-0.03959785580747064
561.4153520016685,3484.45326464472,1134677.703211474,-0.0411407974542228
561.4153520016685,3484.45326464472,1133829.5388068391,-0.046799889622260116
561.4153520016685,3484.45326464472,1131913.674208975,-0.052060215329184256
561.4153520016685,3484.45326464472,1128855.9777934218,-0.05800970769090242
561.4153520016685,3484.45326464472,1127145.9135455207,-0.06135511728411437
561.4153520016685,3484.45326464472,1126813.1283537091,-0.06189726348340646
561.4153520016685,3484.45326464472,1125506.2633651197,-0.06310348269965049
561.4153520016685,3484.45326464472,1123953.589207249,-0.06549264968160055
561.4153520016685,3484.45326464472,1119692.6624212437,-0.07301554809563084
561.4153520016685,3484.45326464472,1117707.27212676,-0.07586111669813214
561.4153520016685,3484.45326464472,1115854.4784847575,-0.07831769291002252
561.4153520016685,3484.45326464472,1113402.0232784431,-0.08112518965698098
561.4153520016685,3484.45326464472,1111507.8602430716,-0.08263423181521898
561.4153520016685,3484.45326464472,1113223.157408082,-0.08094615586812767
561.4153520016685,3484.45326464472,1110334.1233744738,-0.08706800430354428
561.4153520016685,3484.45326464472,1110137.8540910752,-0.08724208582713823
561.4153520016685,3484.45326464472,1106572.8575742648,-0.0881188122298292
561.4153520016685,3484.45326464472,1107033.8060900662,-0.08807639022675931
561.4153520016685,3484.45326464472,1106682.7188713725,-0.08831122969259249
561.4153520016685,3484.45326464472,1104422.437538984,-0.08889441765637192
561.4153520016685,3484.45326464472,1097819.0862121647,-0.08683702894602074
561.4153520016685,3484.45326464472,1098703.2047001196,-0.08696416493689445
561.4153520016685,3484.45326464472,1089990.6362876743,-0.08686524796489355
561.4153520016685,3484.45326464472,1083577.0241238715,-0.08815061625481486
561.4153520016685,3484.45326464472,1082200.6111757208,-0.08879244496764041
561.4153520016685,3484.45326464472,1082425.2875581125,-0.08883630159516274
561.4153520016685,3484.45326464472,1080599.9006603693,-0.0893487722932982
561.4153520016685,3484.45326464472,1078778.0600738048,-0.0890102134864806
561.4153520016685,3484.45326464472,1076226.7235257148,-0.0881304696294832
561.4153520016685,3484.45326464472,1069311.5319444274,-0.0863427974303833
561.4153520016685,3484.45326464472,1071690.037700176,-0.0870147861160831
561.4153520016685,3484.45326464472,1069777.8711761376,-0.08607462885660386
561.4153520016685,3484.45326464472,1066574.35050596,-0.08373126754397275
561.4153520016685,3484.45326464472,1065377.8044609304,-0.08337567086886383
561.4153520016685,3484.45326464472,1067789.1172934857,-0.08485744940922148
561.4153520016685,3484.45326464472,1069882.1130257163,-0.0854650500481552
561.4153520016685,3484.45326464472,1064287.5747315167,-0.08229355751019272
561.4153520016685,3484.45326464472,1059594.4955858518,-0.07942328803753154
561.4153520016685,3484.45326464472,1057627.141818939,-0.07762139903277199
561.4153520016685,3484.45326464472,1052782.5868030852,-0.0744194375003744
561.4153520016685,3484.45326464472,1054453.336555329,-0.07647002222444825
561.4153520016685,3484.45326464472,1051500.30173556,-0.07394989668236819
561.4153520016685,3484.45326464472,1050330.6245853566,-0.07359557566821569
561.4153520016685,3484.45326464472,1047085.3250369983,-0.07024295840397314
561.4153520016685,3484.45326464472,1043348.3404991599,-0.06693198905977786
561.4153520016685,3484.45326464472,1045453.5143701066,-0.06901673475236504
561.4153520016685,3484.45326464472,1043504.5972217191,-0.06821431493577451
561.4153520016685,3484.45326464472,1042951.6922286488,-0.0674906373901725
561.4153520016685,3484.45326464472,1039602.7564426439,-0.06414614967403583
561.4153520016685,3484.45326464472,1038561.3762520839,-0.06332275888458734
561.4153520016685,3484.45326464472,1037964.0593853616,-0.06294804789445033
561.4153520016685,3484.45326464472,1036421.5939956334,-0.06132494023450566
561.4153520016685,3484.45326464472,1026973.0372008019,-0.05338871971147189
561.4153520016685,3484.45326464472,1031062.7410370889,-0.05674236177095163
561.4153520016685,3484.45326464472,1031035.6056421307,-0.05672892289104853
561.4153520016685,3501.67657140725,1033815.9563427849,-0.06091661754371926
561.4153520016685,3501.67657140725,1031177.4250902076,-0.05873761030202821
561.4153520016685,3501.67657140725,1023324.6029860402,-0.05016499085043875
561.4153520016685,3501.67657140725,1024451.0424601461,-0.05119632833568866
561.4153520016685,3501.67657140725,1024068.5820451606,-0.05108793165023191
561.4153520016685,3501.67657140725,1017107.8565083123,-0.04365994100391831
561.4153520016685,3501.67657140725,1011300.3124738807,-0.03921518382297652
561.4153520016685,3501.67657140725,1009316.610625547,-0.037084096097203714
561.4153520016685,3501.67657140725,1007557.8551458495,-0.035172935650095556
561.4153520016685,3501.67657140725,1004215.9644905654,-0.030214406171132895
561.4153520016685,3501.67657140725,1003789.2601073068,-0.029933047925379618
561.4153520016685,3501.67657140725,1000906.882125776,-0.026299474293182266
561.4153520016685,3501.67657140725,997725.480110804,-0.024715857628392065
561.4153520016685,3501.67657140725,996853.9036199157,-0.024324359407823567
561.4153520016685,3501.67657140725,991445.7182186387,-0.02366300537720221
561.4153520016685,3501.67657140725,993471.3132107852,-0.02484837328660412
561.4153520016685,3501.67657140725,989870.6224955398,-0.024116245224459907
561.4153520016685,3501.67657140725,987775.6920320919,-0.022651584714845727
561.4153520016685,3501.67657140725,989946.3854444319,-0.023869274647733495
561.4153520016685,3501.67657140725,986657.3888348464,-0.022942290239306582
561.4153520016685,3501.67657140725,990397.0457165306,-0.02357464504307942
561.4153520016685,3501.67657140725,990631.3640320637,-0.023674514374588892
561.4153520016685,3501.67657140725,991726.450906441,-0.02373346354629769
561.4153520016685,3501.67657140725,990387.7354449477,-0.023874005139479057
561.4153520016685,3501.67657140725,984379.9420566282,-0.01827329097265411
561.4153520016685,3501.67657140725,979338.0820376448,-0.018266227831207252
561.4153520016685,3501.67657140725,979205.9020392142,-0.018234788755878212
561.4153520016685,3501.67657140725,978105.8000255757,-0.01872536546218027
561.4153520016685,3501.67657140725,972583.4319827177,-0.017196378155906335
561.4153520016685,3501.67657140725,974174.1386683917,-0.016467728625355213
561.4153520016685,3501.67657140725,972777.0954220754,-0.016849461631448025
561.4153520016685,3501.67657140725,971498.2761512038,-0.017183369560254718
561.4153520016685,3501.67657140725,967348.9576514389,-0.019600319630478296
561.4153520016685,3501.67657140725,963136.3352897885,-0.023586122129664537
561.4153520016685,3501.67657140725,963513.3027717412,-0.023304696981326797
561.4153520016685,3501.67657140725,962528.9091655088,-0.025339315110995034
561.4153520016685,3501.67657140725,958962.6135144685,-0.027268414336038497
561.4153520016685,3501.67657140725,959226.1867345067,-0.02715355098690755
561.4153520016685,3501.67657140725,959703.4981495955,-0.026315750815802796
561.4153520016685,3501.67657140725,958350.1100970939,-0.029162045242474167
561.4153520016685,3501.67657140725,958902.4269343381,-0.026385637932638262
561.4153520016685,3501.67657140725,961456.1550591552,-0.021770936622699993
561.4153520016685,3501.67657140725,961110.3341045292,-0.023323534495414886
561.4153520016685,3501.67657140725,960425.0541240626,-0.02626158469388099
561.4153520016685,3501.67657140725,960346.4714209954,-0.02656945792912102
561.4153520016685,3501.67657140725,959858.5471202943,-0.027968038043677187
581.2580047589156,3501.67657140725,959745.6533929433,-0.03280514526262318
581.2580047589156,3501.67657140725,959887.1542779846,-0.03081615043853133
581.2580047589156,3501.67657140725,959944.9289760094,-0.02992668711809452
581.2580047589156,3501.67657140725,959735.333493593,-0.030788535807432443
581.2580047589156,3501.67657140725,959140.1611491742,-0.03278837672758737
581.2580047589156,3501.67657140725,959389.2489813131,-0.031213088287322742
581.2580047589156,3501.67657140725,959399.0508765293,-0.030859261666058284
581.2580047589156,3501.67657140725,959666.5517544275,-0.03245386938048833
590.6853083734361,3501.67657140725,960073.6943083375,-0.04098557502222632
590.6853083734361,3501.67657140725,960788.3672810772,-0.04515525344018751
590.6853083734361,3501.67657140725,961451.4515977742,-0.04902077443454931
590.6853083734361,3501.67657140725,961199.9986816524,-0.04743712271892248
585.4488888234166,3501.67657140725,961151.4810495846,-0.046310963822728576
585.4488888234166,3501.67657140725,961330.1014872768,-0.04802114486231283
585.4488888234166,3501.67657140725,961387.540785348,-0.046734291917447664
585.4488888234166,3501.67657140725,961697.4346446061,-0.04879266549354569
585.4488888234166,3501.67657140725,963588.0734403337,-0.05366712512484565
585.4488888234166,3501.67657140725,962231.6959400111,-0.05154399480226786
585.4488888234166,3501.67657140725,961542.1012273357,-0.05093194629052788
585.4488888234166,3501.67657140725,962548.9222626942,-0.05338128798870159
585.4488888234166,3501.67657140725,963029.0129779595,-0.055479591141013224
585.4488888234166,3501.67657140725,966386.9113123971,-0.062536837350425
585.4488888234166,3501.67657140725,966529.6655473252,-0.06276739776003505
585.4488888234166,3501.67657140725,967054.5648172605,-0.06444858592340293
585.4488888234166,3501.67657140725,965205.4787504051,-0.06363543185907701
585.4488888234166,3501.67657140725,965296.157523394,-0.06388823404051773
585.4488888234166,3501.67657140725,967111.758465461,-0.06509166203073374
585.4488888234166,3501.67657140725,962800.9620603593,-0.06720451338903999
585.4488888234166,3501.67657140725,964268.9409632074,-0.06924594820409055
585.4488888234166,3501.67657140725,964271.7418835171,-0.06924787657103981
585.4488888234166,3501.67657140725,967772.7316400358,-0.07104712824158409
585.4488888234166,3501.67657140725,967058.297342497,-0.07059565167497302
585.4488888234166,3501.67657140725,967833.425177399,-0.07133019802415112
585.4488888234166,3501.67657140725,969559.188283401,-0.07133966029024642
585.4488888234166,3501.67657140725,970475.1824805683,-0.07161483965232407
585.4488888234166,3501.67657140725,974751.128889338,-0.07168814991929928
585.4488888234166,3501.67657140725,975725.0415959322,-0.07164041009516439
585.4488888234166,3501.67657140725,977734.3384216533,-0.07015891065526016
585.4488888234166,3501.67657140725,977321.5440524379,-0.07047961172019285
585.4488888234166,3501.67657140725,977343.435532668,-0.0704972366480498
585.4488888234166,3501.67657140725,977074.9783875496,-0.07049089721807086
585.4488888234166,3501.67657140725,979218.1608718919,-0.06824911248079679
585.4488888234166,3501.67657140725,983860.836483504,-0.06616167197443149
585.4488888234166,3501.67657140725,987116.9434046769,-0.06736264393444188
585.4488888234166,3501.67657140725,987928.2479347739,-0.06732863241675303
585.4488888234166,3501.67657140725,993456.3880707832,-0.06337164946476447
585.4488888234166,3501.67657140725,993658.5131551937,-0.06326410283379248
585.4488888234166,3525.0270529770305,1000399.557542155,-0.05599677077220134
585.4488888234166,3539.9233956707103,1006043.2366646325,-0.049219553067636375
585.4488888234166,3539.9233956707103,1006006.3848165225,-0.04923278334794001
585.4488888234166,3539.9233956707103,1005627.817854696,-0.049509940147940544
585.4488888234166,3539.9233956707103,1005901.7654252826,-0.04936937203340478
585.4488888234166,3539.9233956707103,1007118.6122169839,-0.04780491574653936
585.4488888234166,3539.9233956707103,1008029.6565997929,-0.04736016986646837
585.4488888234166,3539.9233956707103,1005724.4603710511,-0.04873623575348539
585.4488888234166,3703.2047216255505,1014792.1901681378,-0.03734573930584632
585.4488888234166,3703.2047216255505,1019158.2673249323,-0.03198850149448105
585.4488888234166,3703.2047216255505,1023615.6751509444,-0.02689599290471233
585.4488888234166,3703.2047216255505,1027542.6617318409,-0.024936428069144808
585.4488888234166,3703.2047216255505,1030285.6171076089,-0.02229844928471648
585.4488888234166,3703.2047216255505,1031744.8131027756,-0.020344399007603396
585.4488888234166,3703.2047216255505,1030090.3344438117,-0.021823112366014225
585.4488888234166,3703.2047216255505,1032119.7291234653,-0.019732779311969467
585.4488888234166,3703.2047216255505,1037420.236155767,-0.01530559593861236
585.4488888234166,3728.6160233668998,1041964.0302039774,-0.008327422095378428
585.4488888234166,3728.6160233668998,1046115.1668374419,-0.003620165736728646
585.4488888234166,3728.6160233668998,1053053.203161374,0.004332200585937778
585.4488888234166,3728.6160233668998,1052465.991515547,0.003578519864610836
585.4488888234166,3728.6160233668998,1054285.3960159644,0.004637197838765749
585.4488888234166,3728.6160233668998,1055715.0664334635,0.005981112768210851
585.4488888234166,3728.6160233668998,1052183.7163209738,0.0028714667157445314
585.4488888234166,3728.6160233668998,1056165.4789528896,0.007765430340135573
585.4488888234166,3728.6160233668998,1063352.96553422,0.015924536002469385
585.4488888234166,3728.6160233668998,1066962.849324713,0.01877077755536528
585.4488888234166,3728.6160233668998,1067021.0077608023,0.01881341676538817
585.4488888234166,3728.6160233668998,1071680.7304184537,0.02409033131483194
585.4488888234166,3728.6160233668998,1074966.5863105147,0.0268266331122185
585.4488888234166,3728.6160233668998,1074290.3792713769,0.0261855322351894
585.4488888234166,3728.6160233668998,1080209.1710934492,0.031853481819699526
585.4488888234166,3728.6160233668998,1082816.8819861335,0.03294846447745406
585.4488888234166,3728.6160233668998,1087590.963743536,0.037668571773960616
585.4488888234166,3728.6160233668998,1092200.0163039349,0.03770229651757566
585.4488888234166,3728.6160233668998,1095365.4092076335,0.04004050913618283
585.4488888234166,3728.6160233668998,1099522.1554066248,0.04341056244437353
585.4488888234166,3728.6160233668998,1100214.4131039788,0.04353520430129604
585.4488888234166,3728.6160233668998,1105855.3323015312,0.045443146306721645
585.4488888234166,3728.6160233668998,1109228.2539962498,0.04650056610806624
585.4488888234166,3728.6160233668998,1110703.792511559,0.047654488122075844
585.4488888234166,3728.6160233668998,1113206.9427487089,0.047633978376320066
585.4488888234166,3728.6160233668998,1118935.5219129703,0.04628778837871542
585.4488888234166,3728.6160233668998,1123475.468258707,0.04918997304401704
585.4488888234166,3728.6160233668998,1127373.599809687,0.04952161236666917
585.4488888234166,3728.6160233668998,1132596.1186202208,0.050409266308194915
585.4488888234166,3728.6160233668998,1136497.3561297285,0.04925626018773483
585.4488888234166,3728.6160233668998,1137428.1882286542,0.04898537735443685
585.4488888234166,3728.6160233668998,1139010.9322640249,0.049058047232511774
585.4488888234166,3728.6160233668998,1140348.2500493496,0.04820894333148862
585.4488888234166,3728.6160233668998,1139980.2288622286,0.0486411661467699
585.4488888234166,3728.6160233668998,1143139.5893030192,0.04926607639670505
585.4488888234166,3728.6160233668998,1144201.0120395538,0.04846328840864607
585.4488888234166,3728.6160233668998,1144219.619510444,0.048443460264590246
585.4488888234166,3728.6160233668998,1148935.5191099579,0.04646135317704727
585.4488888234166,3728.6160233668998,1150077.9774839515,0.045992084526552714
585.4488888234166,3728.6160233668998,1152297.5329885136,0.04320003796702676
585.4488888234166,3728.6160233668998,1153211.3868754695,0.04260798284829757
585.4488888234166,3728.6160233668998,1153821.183104538,0.042099290893582005
585.4488888234166,3728.6160233668998,1157680.6232103833,0.03879928983641802
585.4488888234166,3728.6160233668998,1159789.3913917688,0.037362296055734434
585.4488888234166,3728.6160233668998,1158891.34923032,0.03883787518164283
585.4488888234166,3728.6160233668998,1160593.9882247925,0.0369442915386571
585.4488888234166,3728.6160233668998,1161200.746120021,0.036541612684545186
585.4488888234166,3728.6160233668998,1164256.6807080898,0.029025121033522443
585.4488888234166,3728.6160233668998,1164419.8180207903,0.027960929460599054
585.4488888234166,3728.6160233668998,1165999.7912649934,0.022424301090070122
585.4488888234166,3728.6160233668998,1169632.5789617985,0.017672344808061777
585.4488888234166,3728.6160233668998,1170617.4687510296,0.016262896889128506
585.4488888234166,3728.6160233668998,1169663.4218096072,0.01925706743938632
585.4488888234166,3728.6160233668998,1169525.4113034427,0.01999145576839366
585.4488888234166,3728.6160233668998,1170489.7687434915,0.01746776683503935
585.4488888234166,3728.6160233668998,1171182.9133806697,0.013895145673170774
585.4488888234166,3728.6160233668998,1172511.0155841736,0.009607465979683247
585.4488888234166,3728.6160233668998,1173225.0123463762,0.0061650772041730575
591.1290885228445,3728.6160233668998,1173669.1113379165,0.000642513061162868
653.129597303951,3728.6160233668998,1174100.591349886,-0.00412487583837842
718.146248795061,3728.6160233668998,1174417.4160351637,-0.008553866804433359
686.5036124792515,3728.6160233668998,1174326.1685382943,-0.006732772132231181
718.146248795061,3728.6160233668998,1175440.0440551266,-0.01695716695070219
718.146248795061,3728.6160233668998,1174125.8752012746,-0.021760757640940372
753.8583897696531,3728.6160233668998,1174143.5456162568,-0.023942994554933917
753.8583897696531,3728.6160233668998,1173445.250436269,-0.028193296858098738
783.7146618410435,3728.6160233668998,1173388.771649844,-0.03652270280177888
822.6020737474311,3728.6160233668998,1173396.8329439173,-0.040578687285566455
822.6020737474311,3728.6160233668998,1172381.7135678662,-0.04448670674243782
822.6020737474311,3728.6160233668998,1171447.455419427,-0.049220319156871334
822.6020737474311,3728.6160233668998,1171355.5542550455,-0.052333609264824665
861.1607780543325,3728.6160233668998,1170981.2796925062,-0.05962098615485804
861.1607780543325,3728.6160233668998,1170310.806250955,-0.06275439193419063
861.1607780543325,3728.6160233668998,1169632.8551712716,-0.06429090096888344
861.1607780543325,3728.6160233668998,1167780.2678437422,-0.06719897555994145
861.1607780543325,3728.6160233668998,1164364.5774018532,-0.07641443593285645
861.1607780543325,3728.6160233668998,1164448.58838883,-0.0763121788954935
863.750575396828,3728.6160233668998,1164112.6186201563,-0.08226516767111637
863.750575396828,3728.6160233668998,1162981.4453065672,-0.08434685088805803
863.750575396828,3728.6160233668998,1161877.3247171857,-0.08607062456821775
863.750575396828,3728.6160233668998,1160438.3833205863,-0.08857632022199259
863.750575396828,3728.6160233668998,1157504.0244162537,-0.09318031662680687
863.750575396828,3728.6160233668998,1153239.012035071,-0.096777549285375
863.750575396828,3728.6160233668998,1156249.925006671,-0.09269191136025265
863.750575396828,3728.6160233668998,1153274.3898486998,-0.09558925340979443
863.750575396828,3728.6160233668998,1150298.2736802718,-0.09837699519263697
863.750575396828,3728.6160233668998,1144319.969294501,-0.1009915926724807
863.750575396828,3728.6160233668998,1142950.8160084467,-0.10150387329536018
863.750575396828,3728.6160233668998,1143717.8646510188,-0.10150234272191323
863.750575396828,3728.6160233668998,1141317.911376159,-0.1024335833736801
863.750575396828,3728.6160233668998,1136703.9492696254,-0.10164466976420766
863.750575396828,3728.6160233668998,1137921.6346174006,-0.1008550941659498
863.750575396828,3728.6160233668998,1139451.9424003537,-0.10006282050776823
863.750575396828,3728.6160233668998,1138615.2822225979,-0.10033313647428684
863.750575396828,3728.6160233668998,1134245.1787592592,-0.09974725434795001
863.750575396828,3728.6160233668998,1131805.708294395,-0.1009083672743111
863.750575396828,3728.6160233668998,1127311.4727046136,-0.10181819747921966
863.750575396828,3728.6160233668998,1125216.1203886801,-0.10132932729730544
863.750575396828,3728.6160233668998,1125369.5369950756,-0.10130117209525796
863.750575396828,3728.6160233668998,1119336.1291728427,-0.09943812412220429
863.750575396828,3728.6160233668998,1113446.003852672,-0.09936817041985221
863.750575396828,3728.6160233668998,1109088.0147853924,-0.09766681666284371
863.750575396828,3728.6160233668998,1109494.2518024659,-0.09790616193095042
863.750575396828,3728.6160233668998,1102520.218800357,-0.09372095259130786
863.750575396828,3728.6160233668998,1098231.585039592,-0.09141797341625621
863.750575396828,3728.6160233668998,1094112.475105466,-0.09185066121982151
863.750575396828,3728.6160233668998,1091571.493031551,-0.09110976313318557
863.750575396828,3728.6160233668998,1087517.5856065887,-0.08787384970478794
863.750575396828,3728.6160233668998,1086611.7943357716,-0.08741969996094238
863.750575396828,3728.6160233668998,1078327.0975033161,-0.07807431555399737
863.750575396828,3728.6160233668998,1074250.3044950627,-0.07540969542596503
863.750575396828,3728.6160233668998,1072542.0120632874,-0.07460754272495555
863.750575396828,3728.6160233668998,1066405.5945642155,-0.07061508188797797
863.750575396828,3728.6160233668998,1062799.573862394,-0.06822232307164801
863.750575396828,3728.6160233668998,1056567.9507128352,-0.06120725609849171
863.750575396828,3728.6160233668998,1057513.1616566195,-0.06195129399694191
863.750575396828,3728.6160233668998,1048648.5546298313,-0.05253057071239315
863.750575396828,3728.6160233668998,1045147.5539940392,-0.04933705575551871
863.750575396828,3728.6160233668998,1041353.0602512382,-0.046018240882215566
863.750575396828,3728.6160233668998,1036667.5328026621,-0.042948191292600704
863.750575396828,3728.6160233668998,1028789.2037377997,-0.036974510877683026
863.750575396828,3728.6160233668998,1031911.4424904411,-0.039288737986598835
863.750575396828,3728.6160233668998,1022638.5433144964,-0.030640373911375005
863.750575396828,3728.6160233668998,1022383.4561189912,-0.030370088688514228
863.750575396828,3432.281107670525,1011114.6502589335,-0.01324291378954589
863.750575396828,3432.281107670525,1008069.2496350569,-0.010346293051489592
863.750575396828,3432.281107670525,1007209.5233292754,-0.009536947498909402
863.750575396828,3432.281107670525,999492.1847015211,-0.002042083513743428
870.43062111301,3432.281107670525,991960.3218111666,-0.012788974607838444
870.43062111301,3432.281107670525,988996.8252181014,-0.010414735904000471
870.43062111301,3432.281107670525,988710.0670535158,-0.010189423592886297
870.43062111301,3432.281107670525,986271.0835081255,-0.006919847892834529
870.43062111301,3432.281107670525,979464.3934931232,-0.00041630525664563335
870.43062111301,3324.706445695853,977429.9851420468,0.0031288121082920835
870.43062111301,3324.706445695853,975519.4912488926,0.00529149097189921
870.43062111301,3292.119207274037,973409.0564907176,0.008506801247935038
870.43062111301,3292.119207274037,972350.7726996915,0.009246951794401995
870.43062111301,3292.119207274037,969945.7280389309,0.0111647470570812
870.43062111301,3292.119207274037,974117.5305031538,0.008692381349534309
870.43062111301,3292.119207274037,968421.9641210745,0.01395664418199868
870.43062111301,3292.119207274037,970734.8283675101,0.012299836460956618
870.43062111301,3292.119207274037,966664.5469693614,0.015091667970289012
870.43062111301,3292.119207274037,961236.492381386,0.020381895771310967
870.43062111301,3292.119207274037,959412.4354288616,0.020946900469971497
870.43062111301,3292.119207274037,956331.8444775847,0.024455047663412638
870.43062111301,3292.119207274037,952358.112281362,0.027589981411910137
870.43062111301,3292.119207274037,950083.6771447111,0.029383122188865962
870.43062111301,3292.119207274037,951519.8104914761,0.02832260693335348
870.43062111301,3292.119207274037,947865.3356616272,0.030471999855039303
870.43062111301,3292.119207274037,945922.3009702885,0.029308234457090746
870.43062111301,3292.119207274037,943283.560374885,0.031172037699079194
870.43062111301,3292.119207274037,942583.5582681039,0.03126436857820833
870.43062111301,3292.119207274037,940635.0515166873,0.030880034037725764
870.43062111301,3292.119207274037,937503.2796614828,0.031764298850032374
870.43062111301,3292.119207274037,933628.9246443021,0.029482492119283003
870.43062111301,3292.119207274037,930594.0380913162,0.02881253204622339
870.43062111301,3292.119207274037,928689.8446102638,0.025505685724191304
870.43062111301,3292.119207274037,929089.1527316223,0.025993807878811757
870.43062111301,3292.119207274037,927990.8801169515,0.02615785496084598
870.43062111301,3292.119207274037,927702.5644225575,0.025785499968048377
870.43062111301,3292.119207274037,927777.0618502046,0.025819866633106276
870.43062111301,3292.119207274037,925157.5126653028,0.02604330331187527
870.43062111301,3292.119207274037,923588.6521943696,0.024883880470125276
870.43062111301,3292.119207274037,922607.6223978677,0.02278115202438392
870.43062111301,3292.119207274037,921775.8191887665,0.021279044721035627
870.43062111301,3292.119207274037,917321.2084245544,0.017607670249018364
870.43062111301,3292.119207274037,916646.2531303789,0.015463680505923883
870.43062111301,3292.119207274037,916702.9563440974,0.01561195759275669
870.43062111301,3292.119207274037,918191.8261340207,0.0170346928778613
870.43062111301,3292.119207274037,916732.4348546292,0.012770983655907767
877.3125009675589,3292.119207274037,916705.2725709416,0.010522044645608738
877.3125009675589,3292.119207274037,916215.9019257317,0.008707870576509137
877.3125009675589,3292.119207274037,916638.4068574281,0.009868762026773307
877.3125009675589,3292.119207274037,915681.0453203762,0.007004556498415709
877.3125009675589,3292.119207274037,914888.7041645269,0.004896432921364286
877.3125009675589,3292.119207274037,913690.1655239536,0.0003642212598532697
877.3125009675589,3292.119207274037,913265.4342665364,-0.003888911178011649
878.2113553119166,3292.119207274037,913287.4103832288,-0.004421756722574528
877.3125009675589,3292.119207274037,913186.4790642549,-0.002486201752971528
870.43062111301,3292.119207274037,913193.2119254207,0.001816703921624907
870.43062111301,3292.119207274037,913253.4796960766,0.00127718432222519
877.3125009675589,3292.119207274037,913667.9001842745,-0.00413227869219067
878.2113553119166,3292.119207274037,914605.1296616227,-0.013521126842629913
881.880493023876,3292.119207274037,914616.5675546753,-0.014850085625127726
894.1869076614165,3292.119207274037,914331.1806135023,-0.02323603085277149
903.0726871408965,3292.119207274037,915155.316625998,-0.02818052857611648
903.0726871408965,3292.119207274037,914604.3983330617,-0.02596678925186574
903.0726871408965,3292.119207274037,915111.8743024501,-0.028384198965351014
903.0726871408965,3292.119207274037,915016.8774363208,-0.02807064021880121
903.0726871408965,3292.119207274037,915071.5242404117,-0.028287278291330025
903.0726871408965,3292.119207274037,915824.9636525499,-0.03191171715138736
903.0726871408965,3292.119207274037,915782.1728376448,-0.031852823791192975
903.0726871408965,3292.119207274037,916631.040706688,-0.034116338245851266
903.0726871408965,3292.119207274037,917255.750388219,-0.03675752358290297
903.0726871408965,3292.119207274037,916548.8534016168,-0.033393776668824676
903.0726871408965,3292.119207274037,917268.8665230618,-0.03652211416060621
903.0726871408965,3292.119207274037,917146.8068228484,-0.036360970313392645
903.0726871408965,3292.119207274037,915710.5923832429,-0.032081809943412455
903.0726871408965,3292.119207274037,919823.8329095511,-0.034086238610181736
903.0726871408965,3292.119207274037,919658.4842028735,-0.03369492937088344
903.0726871408965,3292.119207274037,918289.30597551,-0.03218433624768382
903.0726871408965,3292.119207274037,922201.4524586318,-0.03465179188147306
903.0726871408965,3292.119207274037,921905.9877213807,-0.03392588205641088
903.0726871408965,3292.119207274037,923463.1062179982,-0.03418437271338337
903.0726871408965,3292.119207274037,924534.4194284028,-0.03499609092114393
903.0726871408965,3292.119207274037,925073.3737745296,-0.034939243643702086
903.0726871408965,3292.119207274037,927858.9892970922,-0.034928254784715895
903.0726871408965,3292.119207274037,925973.8812659158,-0.034845851190801067
903.0726871408965,3292.119207274037,925479.4829794168,-0.034802399153639106
903.0726871408965,3292.119207274037,925565.0059266058,-0.03499699805860784
903.0726871408965,3292.119207274037,927084.1527114245,-0.035895479442713284
903.0726871408965,3292.119207274037,927051.4337407828,-0.03591826055634452
903.0726871408965,3292.119207274037,928318.9934959636,-0.03509490047270805
903.0726871408965,3292.119207274037,935355.2573199804,-0.030001528697320104
903.0726871408965,3292.119207274037,938871.7165895718,-0.029647892757672926
903.0726871408965,3292.119207274037,939566.0399911436,-0.029043122065694205
903.0726871408965,3292.119207274037,942592.5956802111,-0.02790916034640653
903.0726871408965,3292.119207274037,939949.8264384499,-0.030402785437052243
903.0726871408965,3292.119207274037,939823.1869283812,-0.03056382185722216
903.0726871408965,3292.119207274037,944802.3000206315,-0.028011107347620162
903.0726871408965,3292.119207274037,948309.9248457485,-0.025900636700628955
903.0726871408965,3292.119207274037,950643.5776445917,-0.025237260222132386
903.0726871408965,3292.119207274037,951267.3404756214,-0.024622073756164424
903.0726871408965,3292.119207274037,957136.6700017465,-0.02001989142158923
903.0726871408965,3292.119207274037,963874.2573948348,-0.015901541482571422
903.0726871408965,3292.119207274037,960652.0940056458,-0.01994271195118718
903.0726871408965,3292.119207274037,959390.7927261741,-0.021250433855587225
903.0726871408965,3292.119207274037,961131.6898728325,-0.019018355371005127
903.0726871408965,3325.939238683527,967096.3890251105,-0.012388054733426133
903.0726871408965,3325.939238683527,969705.6530067917,-0.009682451524145737
903.0726871408965,3325.939238683527,970114.6725589236,-0.00923575734124223
903.0726871408965,3325.939238683527,972903.1047552043,-0.0076795342079704135
903.0726871408965,3325.939238683527,974661.148101711,-0.006033381389418779
903.0726871408965,3325.939238683527,973698.3814673704,-0.006785935669008302
903.0726871408965,3325.939238683527,970928.5332012854,-0.010403868476244563
903.0726871408965,3412.0586548220067,974994.0455969205,-0.004403700013221311
903.0726871408965,3414.109559206197,977593.1595344788,-0.00029409037092256973
903.0726871408965,3414.109559206197,978033.259573201,0.00011985566239107568
903.0726871408965,3414.109559206197,983279.0596634106,0.004931306907988089
903.0726871408965,3414.109559206197,986830.4804536297,0.008563851016193275
903.0726871408965,3414.109559206197,988999.6660010584,0.009242572882529136
903.0726871408965,3414.109559206197,991812.6041411693,0.013176836508678747
903.0726871408965,3414.109559206197,987539.6050217029,0.009088914631053885
903.0726871408965,3414.109559206197,987792.147597745,0.009284118420432676
903.0726871408965,3414.109559206197,994948.654209787,0.016895749977603156
903.0726871408965,3414.109559206197,994305.9166262796,0.016179618655483074
903.0726871408965,3414.109559206197,996439.5135863678,0.018258432539209807
903.0726871408965,3414.109559206197,996686.3864261078,0.018389134035345284
903.0726871408965,3414.109559206197,994205.7432882515,0.016173302262673103
903.0726871408965,3414.109559206197,999365.0074249982,0.020643752234907626
903.0726871408965,3414.109559206197,999560.6640698826,0.020859061250323708
903.0726871408965,3414.109559206197,1002715.9008898118,0.022648864758043556
903.0726871408965,3414.109559206197,1002161.3897573407,0.022295765528167664
903.0726871408965,3414.109559206197,1001078.2554545298,0.02145759834343529
903.0726871408965,3525.777066104217,1011356.5881629102,0.03155131967112721
903.0726871408965,3525.777066104217,1012875.5668294344,0.032651975398556764
903.0726871408965,3525.777066104217,1017801.3925533536,0.0366755141055518
903.0726871408965,3525.777066104217,1021284.9383639346,0.039871344594495164
903.0726871408965,3525.777066104217,1027184.1348437013,0.04325098868690246
903.0726871408965,3525.777066104217,1030866.2726657948,0.04526259121960729
903.0726871408965,3525.777066104217,1028809.3361184212,0.04428448358339139
903.0726871408965,3525.777066104217,1029460.29617183,0.04441832164491701
903.0726871408965,3525.777066104217,1032495.493640176,0.04651967870670023
903.0726871408965,3525.777066104217,1033264.6811728694,0.04645248299195166
903.0726871408965,3525.777066104217,1038523.2311373606,0.047180677410839825
903.0726871408965,3525.777066104217,1040282.2357716535,0.047228205265532085
903.0726871408965,3525.777066104217,1043795.9934791288,0.04613962508064345
903.0726871408965,3525.777066104217,1047752.769558873,0.04247570280418486
903.0726871408965,3525.777066104217,1048160.0152117063,0.0425465604305462
903.0726871408965,3525.777066104217,1053638.118743093,0.04180065726579496
903.0726871408965,3525.777066104217,1058796.3244007379,0.03900947326341417
903.0726871408965,3525.777066104217,1059483.7037528146,0.03893985185501028
903.0726871408965,3525.777066104217,1063412.8014854,0.03841095668079252
903.0726871408965,3525.777066104217,1069392.189826898,0.03757456417411051
903.0726871408965,3525.777066104217,1071811.431103301,0.036046852337628776
903.0726871408965,3525.777066104217,1075142.2565353657,0.0338818729661449
903.0726871408965,3525.777066104217,1076538.6340313363,0.03330575074379274
903.0726871408965,3525.777066104217,1076554.8759305608,0.03328943558249939
903.0726871408965,3525.777066104217,1078476.8401249833,0.02891435555001577
903.0726871408965,3525.777066104217,1083094.4201273452,0.027142414356736012
903.0726871408965,3525.777066104217,1085472.2418597236,0.025428353678114426
903.0726871408965,3525.777066104217,1087612.8576811962,0.023485047772849484
903.0726871408965,3525.777066104217,1090228.7277499787,0.015593547240012016
903.0726871408965,3525.777066104217,1092471.1093649883,0.01184619674708012
903.0726871408965,3525.777066104217,1092403.248454458,0.011918334475869125
903.0726871408965,3525.777066104217,1093299.1799336355,0.010321703377989568
920.4589561119225,3525.777066104217,1095153.5041439435,0.0031425153633019673
948.431055178617,3525.777066104217,1095827.539300526,-0.002019021196442148
948.431055178617,3525.777066104217,1099520.0899256081,-0.006794882636318918
948.431055178617,3525.777066104217,1101246.7421519412,-0.011869986352374289
948.431055178617,3525.777066104217,1101583.3852277298,-0.012984048189204877
948.431055178617,3525.777066104217,1103306.303665569,-0.01792425537949174
948.431055178617,3525.777066104217,1103622.5198980207,-0.02024244375865166
948.431055178617,3525.777066104217,1105532.6670679895,-0.02641575278130492
959.2665468888565,3525.777066104217,1105804.133906349,-0.02908877973913823
959.2665468888565,3525.777066104217,1105571.1674943944,-0.030698360228310375
959.2665468888565,3525.777066104217,1106110.4366117546,-0.032188940584314124
994.1433843889115,3525.777066104217,1106278.917128696,-0.041327325439146134
994.1433843889115,3525.777066104217,1106182.2239286322,-0.0436366631647375
994.1433843889115,3525.777066104217,1105888.3148563942,-0.045651447026638765
976.1014459065234,3525.777066104217,1106068.550232241,-0.041657185383622355
976.1014459065234,3525.777066104217,1106044.8701322114,-0.04281821509370178
976.1014459065234,3525.777066104217,1105755.1468557725,-0.04388535306859401
976.1014459065234,3525.777066104217,1105482.9226387641,-0.04555139183685519
976.1014459065234,3525.777066104217,1105377.128248804,-0.047310319675031666
994.1433843889115,3525.777066104217,1105401.7178820563,-0.04823261897657041
994.1433843889115,3525.777066104217,1105062.4755600072,-0.04960176750893042
994.1433843889115,3525.777066104217,1103299.035707171,-0.05465192815092669
994.1433843889115,3525.777066104217,1101340.5053529767,-0.06028817186954947
1010.597553663915,3525.777066104217,1101220.9001197135,-0.06358988397827328
1010.597553663915,3525.777066104217,1098089.6996118268,-0.06729556322094055
1010.597553663915,3525.777066104217,1099551.489154302,-0.06154452864956849
1010.597553663915,3525.777066104217,1099351.1159998444,-0.06180298781071032
1010.597553663915,3525.777066104217,1097124.466774443,-0.0665300076182727
1010.597553663915,3525.777066104217,1095801.6060279082,-0.06910088982071125
1010.597553663915,3525.777066104217,1094710.535016869,-0.07209145810167798
1010.597553663915,3525.777066104217,1093466.2840768024,-0.07410043432192803
1010.597553663915,3525.777066104217,1088364.9414987129,-0.07793704511855006
1010.597553663915,3525.777066104217,1086758.8737412815,-0.08029565818735136
1010.597553663915,3525.777066104217,1085373.3355314897,-0.08207820798163719
1010.597553663915,3525.777066104217,1084857.4319163414,-0.08259721063304544
1010.597553663915,3525.777066104217,1080068.1406281746,-0.086808838680616
1010.597553663915,3525.777066104217,1073950.3932955884,-0.08663297418515584
1010.597553663915,3525.777066104217,1070513.2084608285,-0.08913324748639136
1010.597553663915,3525.777066104217,1066365.6579606354,-0.09041223549359619
1010.597553663915,3525.777066104217,1060962.18225361,-0.09408387900988689
1010.597553663915,3525.777066104217,1055956.3780807282,-0.09537167400502004
1010.597553663915,3525.777066104217,1053179.4796387416,-0.09559367963645699
1010.597553663915,3525.777066104217,1050059.913649113,-0.0959111908766596
1010.597553663915,3525.777066104217,1048982.6511481218,-0.09622701358409878
1010.597553663915,3525.777066104217,1051568.480619665,-0.09676873188326122
1010.597553663915,3525.777066104217,1045227.4855016035,-0.09771989047455094
1010.597553663915,3525.777066104217,1040450.3613669261,-0.09803319764899147
1010.597553663915,3525.777066104217,1039607.6407675074,-0.09782753240905327
1010.597553663915,3525.777066104217,1038739.825168278,-0.09802557469090543
1010.597553663915,3525.777066104217,1035399.1064204738,-0.09724123320984733
1010.597553663915,3525.777066104217,1030632.4992028285,-0.0928279039284851
1010.597553663915,3525.777066104217,1026040.5346084395,-0.09274911030549492
1010.597553663915,3525.777066104217,1023284.8043185162,-0.09127938617219603
1010.597553663915,3525.777066104217,1023394.5880357827,-0.0912840181707796
1010.597553663915,3525.777066104217,1020476.2897519128,-0.09016950628940026
1010.597553663915,3525.777066104217,1017983.6849001257,-0.08787525240562152
1010.597553663915,3525.777066104217,1016119.5936559187,-0.08611826440494166
1010.597553663915,3525.777066104217,1012049.912644155,-0.08286352118502918
1010.597553663915,3525.777066104217,1008449.0745391467,-0.08082252123379337
1010.597553663915,3525.777066104217,1005711.924343434,-0.07887196327189082
1010.597553663915,3525.777066104217,1003433.5904547218,-0.07785235511230212
1010.597553663915,3525.777066104217,1000543.3686148566,-0.07583716270971204
1010.597553663915,3525.777066104217,995676.4506994996,-0.07171769463578817
1010.597553663915,3525.777066104217,993389.949361889,-0.06858383428690355
1010.597553663915,3525.777066104217,990598.2675987603,-0.06674748508909861
1010.597553663915,3525.777066104217,989154.1038987127,-0.06511398277560922
1010.597553663915,3525.777066104217,987612.0118172265,-0.06351715176299028
1010.597553663915,3525.777066104217,987362.9642037029,-0.06332323434267852
1010.597553663915,3525.777066104217,991888.5165424511,-0.06775053444950456
1010.597553663915,3525.777066104217,986849.6885441694,-0.061605330999767324
1010.597553663915,3525.777066104217,988462.7977442828,-0.06282083950800603
1010.597553663915,3525.777066104217,985030.9913273568,-0.05823652843878812
1010.597553663915,3525.777066104217,984054.7036657769,-0.05717895275010827
1010.597553663915,3525.777066104217,979550.3562173222,-0.0538712240270385
1010.597553663915,3525.777066104217,978956.5373579442,-0.0530695184360131
1010.597553663915,3525.777066104217,979754.7681663495,-0.05369066495422024
994.1433843889115,3525.777066104217,992680.5364572806,-0.05188794139950915
994.1433843889115,3525.777066104217,993002.5481831003,-0.052196365320189446
994.1433843889115,3525.777066104217,991487.0204689995,-0.050604871633543165
994.1433843889115,3525.777066104217,984036.874931282,-0.04420971632391888
994.1433843889115,3525.777066104217,986198.7979786994,-0.04613250503119886
994.1433843889115,3422.046024283626,980274.8546003697,-0.03702588823442579
994.1433843889115,3422.046024283626,979699.9149495582,-0.03626731370352068
994.1433843889115,3422.046024283626,973287.7521736423,-0.028422345640518043
994.1433843889115,3422.046024283626,969446.7933115567,-0.026043573900641603
994.1433843889115,3422.046024283626,970296.0509715072,-0.026966868537637134
994.1433843889115,3422.046024283626,966368.4349150098,-0.022254908141359955
994.1433843889115,3422.046024283626,963336.4700985982,-0.021141172367132224
994.1433843889115,3422.046024283626,960268.2157826057,-0.017477099120349338
994.1433843889115,3422.046024283626,958419.1896772383,-0.016622398881978855
994.1433843889115,3422.046024283626,956285.403922647,-0.015342410837383632
994.1433843889115,3422.046024283626,958323.1968216412,-0.017047882354726023
994.1433843889115,3422.046024283626,952572.0372401894,-0.01347349569252348
994.1433843889115,3422.046024283626,949703.3279002442,-0.012314302258264614
994.1433843889115,3422.046024283626,947891.4865130516,-0.010860947354439562
994.1433843889115,3422.046024283626,944703.013133186,-0.007389273732078912
994.1433843889115,3422.046024283626,944009.7490425026,-0.00702378346123751
994.1433843889115,3422.046024283626,944061.6475482711,-0.007005147738594667
994.1433843889115,3422.046024283626,942230.8114779277,-0.005820650750253567
994.1433843889115,3422.046024283626,943723.1771474357,-0.006996277231167408
994.1433843889115,3422.046024283626,943638.3482785384,-0.006994686370383111
994.1433843889115,3422.046024283626,941314.8479293929,-0.00730209364726654
994.1433843889115,3422.046024283626,944446.419887972,-0.006648738430919647
994.1433843889115,3422.046024283626,944610.9112244649,-0.006608280774573005
994.1433843889115,3422.046024283626,948024.3442054826,-0.0048334710159843785
994.1433843889115,3422.046024283626,947231.3942417761,-0.005192678198683423
994.1433843889115,3422.046024283626,944474.7598508524,-0.005165050620385734
994.1433843889115,3422.046024283626,944026.0310723122,-0.0054583144302485145
994.1433843889115,3422.046024283626,942408.4261100545,-0.005638741270971823
994.1433843889115,3422.046024283626,940835.6550894873,-0.005894256136489894
994.1433843889115,3422.046024283626,938896.9272229786,-0.008161493022697577
994.1433843889115,3422.046024283626,938935.1979676172,-0.008102497715503624
994.1433843889115,3422.046024283626,938680.7737864513,-0.008429272375811895
994.1433843889115,3422.046024283626,942976.9289152103,-0.006862003926649321
994.1433843889115,3422.046024283626,944371.0761598282,-0.0049134986652198745
994.1433843889115,3422.046024283626,943025.9542051661,-0.007817215854398533
994.1433843889115,3422.046024283626,939676.4620519617,-0.00997088947650495
994.1433843889115,3422.046024283626,940714.8454392456,-0.007883399314422966
994.1433843889115,3422.046024283626,941592.414287426,-0.0039021032963580805
994.1433843889115,3422.046024283626,941377.6400841087,-0.004476511408499594
994.1433843889115,3422.046024283626,940008.8670596652,-0.007011576201344738
994.1433843889115,3422.046024283626,939165.5763622543,-0.01034195958059725
1010.597553663915,3422.046024283626,937860.2478463402,-0.017201398699251826
1010.597553663915,3422.046024283626,937324.9738663663,-0.02121141258550704
1020.735665010895,3422.046024283626,937179.7312557346,-0.02428179215787594
1020.735665010895,3422.046024283626,937298.2626212543,-0.023167435627809926
1032.909397785655,3422.046024283626,937145.8123334505,-0.02631891047661827
1032.909397785655,3422.046024283626,936826.912193436,-0.02777152640594504
1032.909397785655,3422.046024283626,936840.1927190783,-0.027201579230839712
1032.909397785655,3422.046024283626,937464.5298464794,-0.030595314595877946
1032.909397785655,3422.046024283626,937029.6714659944,-0.02705251716695505
1039.2777680557901,3422.046024283626,936952.4155654606,-0.02920428330151207
1037.0822607074201,3422.046024283626,936928.47395324,-0.02837981865378171
1037.0822607074201,3422.046024283626,937050.4494276411,-0.029017588197289532
1037.0822607074201,3422.046024283626,938458.0019103115,-0.035086828192205134
1037.0822607074201,3422.046024283626,938692.3256451357,-0.03641982160812776
1037.0822607074201,3422.046024283626,938767.0437026024,-0.03697038179086499
1037.0822607074201,3422.046024283626,940650.5705891761,-0.04239598365749485
1037.0822607074201,3422.046024283626,940573.4289159222,-0.04189093880900594
1037.0822607074201,3422.046024283626,941268.442309607,-0.04339731393941007
1037.0822607074201,3422.046024283626,941213.4326054594,-0.043189494930505286
1037.0822607074201,3422.046024283626,941282.6295514242,-0.043578678212692554
1039.2777680557901,3422.046024283626,943425.6851564836,-0.051770313396109775
1039.2777680557901,3422.046024283626,943334.6065082846,-0.0511797477845941
1039.2777680557901,3422.046024283626,943662.5063315304,-0.051994673136705416
1044.5174977249599,3422.046024283626,945193.9669767001,-0.05869358297999674
1044.5174977249599,3422.046024283626,943071.9587577092,-0.05691209033518606
1044.5174977249599,3422.046024283626,943370.6689469214,-0.05819188747382651
1044.5174977249599,3422.046024283626,944304.7037625891,-0.060446528389336764
1044.5174977249599,3422.046024283626,942024.7742558817,-0.05784103059304728
1044.5174977249599,3422.046024283626,947137.7633294755,-0.06258665705509658
1044.5174977249599,3422.046024283626,945375.0267150957,-0.06029761296774907
1044.5174977249599,3422.046024283626,944562.3932633331,-0.05879525918810362
1044.5174977249599,3422.046024283626,946021.0552499273,-0.05899897497147089
1044.5174977249599,3422.046024283626,947309.424246442,-0.058803418495224725
1044.5174977249599,3422.046024283626,949156.1444173901,-0.06011171992170759
1044.5174977249599,3422.046024283626,950811.1333413142,-0.06093997040735958
1044.5174977249599,3422.046024283626,955820.8673885326,-0.06490348515627176
1044.5174977249599,3422.046024283626,960691.627866876,-0.06414614348765542
1044.5174977249599,3422.046024283626,959209.7093527133,-0.06369971998167875
1044.5174977249599,3422.046024283626,962204.3166606703,-0.06178090673818462
1044.5174977249599,3422.046024283626,960396.0926228708,-0.0632341021091628
1044.5174977249599,3422.046024283626,961164.8984983541,-0.06304652337619726
1044.5174977249599,3422.046024283626,964408.0221200759,-0.06037409982510112
1044.5174977249599,3422.046024283626,967681.1631305442,-0.058062280660061964
1044.5174977249599,3422.046024283626,972644.541087916,-0.054523323291759004
1044.5174977249599,3422.046024283626,972447.4116997488,-0.054653241099910016
1044.5174977249599,3422.046024283626,974935.5400397673,-0.05241703019291873
1044.5174977249599,3422.046024283626,977067.4579175145,-0.050805056694492826
1044.5174977249599,3422.046024283626,979201.0103866349,-0.04999806675832973
1044.5174977249599,3431.225091023156,985147.121598581,-0.04326467210522521
1044.5174977249599,3431.225091023156,985917.480205602,-0.042515423464667065
1044.5174977249599,3431.225091023156,986480.0392144895,-0.04198429811345052
1044.5174977249599,3431.225091023156,990519.7582139656,-0.03849674282202964
1044.5174977249599,3431.225091023156,994633.6179404526,-0.035145942702661005
1044.5174977249599,3431.225091023156,994287.6566670786,-0.03543985482605338
1044.5174977249599,3431.225091023156,994193.7824501409,-0.03554655527267067
1044.5174977249599,3711.2384250154355,1002928.777689755,-0.022307441351110045
1044.5174977249599,3711.2384250154355,1005631.8109545374,-0.019977360083385687
1044.5174977249599,3711.2384250154355,1008905.4015301986,-0.017650571106041096
1044.5174977249599,3711.2384250154355,1013820.3115811163,-0.012547377100996564
1044.5174977249599,3711.2384250154355,1019799.0001694509,-0.008000590230247174
1044.5174977249599,3711.2384250154355,1022369.5934411736,-0.006178518382824295
1044.5174977249599,3711.2384250154355,1020069.4099756287,-0.008460365715012588
1044.5174977249599,3711.2384250154355,1022288.8420038335,-0.005413001456584124
1044.5174977249599,3711.2384250154355,1026803.592745338,-0.0015520857423057667
1044.5174977249599,3711.2384250154355,1030164.8793434625,0.00223658761275221
1044.5174977249599,3711.2384250154355,1032010.4831200142,0.003976371945765633
1044.5174977249599,3711.2384250154355,1034158.7484528534,0.004583166906202655
1044.5174977249599,3711.2384250154355,1035324.3948637196,0.00592563408822154
1044.5174977249599,3786.1889812622367,1047926.488773011,0.020118250529933806
1044.5174977249599,3786.1889812622367,1049847.987845506,0.020824527131504893
1044.5174977249599,3786.1889812622367,1048318.6727426824,0.019410823432434658
1044.5174977249599,3786.1889812622367,1049296.3118108348,0.019940842308301412
1044.5174977249599,3786.1889812622367,1051756.4070523423,0.021903192100446823
1044.5174977249599,3786.1889812622367,1061061.109139014,0.03008968489235658
1044.5174977249599,3786.1889812622367,1066201.4541810318,0.032861136924253055
1044.5174977249599,3786.1889812622367,1067837.0659409587,0.03422244389409277
1044.5174977249599,3786.1889812622367,1068341.3694486942,0.03447739831935583
1044.5174977249599,3786.1889812622367,1072559.5251833634,0.03734894988446166
1044.5174977249599,3786.1889812622367,1080400.1597796555,0.04293287561121036
1044.5174977249599,3786.1889812622367,1091209.6885012188,0.05317313860376208
1044.5174977249599,3786.1889812622367,1093016.9676706437,0.05538652897543085
1044.5174977249599,3786.1889812622367,1094724.3576396417,0.0560096889402912
1044.5174977249599,3786.1889812622367,1095099.06864919,0.056243026632875
1044.5174977249599,3786.1889812622367,1097969.6256897498,0.05854643409566037
1044.5174977249599,3786.1889812622367,1099467.5870657433,0.05951371745285375
1044.5174977249599,3786.1889812622367,1102509.3880078623,0.06126966142820876
1044.5174977249599,3786.1889812622367,1104820.9299218457,0.06097285653762508
1044.5174977249599,3786.1889812622367,1108452.671634259,0.06129431137725908
1044.5174977249599,3786.1889812622367,1108186.1189742289,0.061215088387854416
1044.5174977249599,3786.1889812622367,1111184.8018562896,0.060629453503321544
1044.5174977249599,3786.1889812622367,1111753.1626258385,0.06074421158490409
1044.5174977249599,3786.1889812622367,1114583.0537433343,0.060729118505940254
1044.5174977249599,3786.1889812622367,1117974.5391926316,0.06093514794618641
1044.5174977249599,3786.1889812622367,1123149.4376054294,0.061292627560321396
1044.5174977249599,3786.1889812622367,1125268.637441745,0.060976431332229936
1044.5174977249599,3786.1889812622367,1125075.4501856556,0.06098437919110042
1044.5174977249599,3786.1889812622367,1130420.0948728006,0.06284411929618473
1044.5174977249599,3786.1889812622367,1135264.44576314,0.06290059863839667
1044.5174977249599,3786.1889812622367,1137866.1067624444,0.06315376426036919
1044.5174977249599,3786.1889812622367,1141223.564300626,0.064465836745605
1044.5174977249599,3786.1889812622367,1142145.7771961712,0.06384053280385618
1044.5174977249599,3786.1889812622367,1147900.0741281041,0.06451430879061039
1044.5174977249599,3786.1889812622367,1152060.5059272852,0.06371589545054637
1044.5174977249599,3786.1889812622367,1155716.8219756442,0.06061964023368537
1044.5174977249599,3786.1889812622367,1159719.6912746863,0.057294509111587934
1044.5174977249599,3786.1889812622367,1159503.4896028154,0.05736889925652085
1044.5174977249599,3786.1889812622367,1160441.6347462402,0.05666370382879073
1044.5174977249599,3786.1889812622367,1159845.9285693837,0.05750608067848278
1044.5174977249599,3786.1889812622367,1162655.795380855,0.05496680141717234
1044.5174977249599,3786.1889812622367,1167402.7464885935,0.052632472218759226
1044.5174977249599,3786.1889812622367,1172152.9783665964,0.04934679866724337
1044.5174977249599,3786.1889812622367,1173943.5314753787,0.046529890501731244
1044.5174977249599,3786.1889812622367,1175208.5318964338,0.04425675817371329
1044.5174977249599,3786.1889812622367,1177272.8905418736,0.03903421902393718
1044.5174977249599,3786.1889812622367,1177924.0318404103,0.038514079011248134
1044.5174977249599,3786.1889812622367,1180436.0748161129,0.035172303385315386
1044.5174977249599,3786.1889812622367,1182073.4096913082,0.030789893513568714
1044.5174977249599,3786.1889812622367,1183624.0046261395,0.02822546884203127
1044.5174977249599,3786.1889812622367,1184686.4926756148,0.023513743870278735
1044.5174977249599,3786.1889812622367,1185144.9640827423,0.022534577419441055
1044.5174977249599,3786.1889812622367,1186946.7338099403,0.0162042699342884
1055.916984459395,3786.1889812622367,1191180.7838189097,0.0036465848012268436
1055.916984459395,3786.1889812622367,1191366.8696592017,0.0028963610412649893
1055.916984459395,3786.1889812622367,1191368.0644535068,0.0028884423381401805
1064.07601316123,3786.1889812622367,1191796.7938636949,-0.0033635216186540663
1065.89014998901,3786.1889812622367,1191442.9102681663,-0.009201162672468424
1147.976102066275,3786.1889812622367,1191016.7736524912,-0.017889517959483257
1229.7076881439702,3786.1889812622367,1191061.3632642485,-0.02296038755214149
1238.6935425810352,3786.1889812622367,1190443.9708573178,-0.03287364477400561
1238.6935425810352,3786.1889812622367,1189845.1047652184,-0.03625140063761157
1238.6935425810352,3786.1889812622367,1189707.3786651092,-0.037155338477901506
1272.182225502165,3786.1889812622367,1189991.0402046498,-0.04239456144840164
1272.182225502165,3786.1889812622367,1188940.8521718674,-0.04811379704628564
1272.182225502165,3786.1889812622367,1188449.9173322238,-0.05009393886460051
1272.182225502165,3786.1889812622367,1188208.138036532,-0.05101759045232484
1272.182225502165,3786.1889812622367,1188346.1665112153,-0.050028751292529504
1272.182225502165,3786.1889812622367,1186467.9639440237,-0.05629896235901993
1272.182225502165,3786.1889812622367,1183982.8849554313,-0.06085972021476943
1272.182225502165,3786.1889812622367,1180514.0511560603,-0.0693293196887634
1272.182225502165,3786.1889812622367,1179672.8375448806,-0.07216504004910133
1272.182225502165,3786.1889812622367,1178208.321532813,-0.07580750450815835
1272.182225502165,3786.1889812622367,1177531.2367847613,-0.07762096060246385
1272.182225502165,3786.1889812622367,1176068.4865191288,-0.08018228371695399
1272.182225502165,3786.1889812622367,1175025.8590639594,-0.08216189952486833
1272.182225502165,3786.1889812622367,1172983.7394430917,-0.08685833892475178
1272.182225502165,3786.1889812622367,1172524.1872187308,-0.08732000367893596
1272.182225502165,3786.1889812622367,1169100.4889106976,-0.09231165289621641
1272.182225502165,3786.1889812622367,1168980.7191437806,-0.09249808653767636
1272.182225502165,3786.1889812622367,1165793.5928157922,-0.09620290781089126
1272.182225502165,3786.1889812622367,1164678.1009480574,-0.09751060189236155
1272.182225502165,3786.1889812622367,1164392.539716957,-0.09766647956090375
1272.182225502165,3786.1889812622367,1164123.4736672237,-0.0980701262103214
1272.182225502165,3786.1889812622367,1163663.224430155,-0.09839602961100403
1272.182225502165,3786.1889812622367,1159634.5012332164,-0.10154194946103068
1272.182225502165,3786.1889812622367,1158303.1421478884,-0.10195683055843163
1272.182225502165,3786.1889812622367,1158295.7906693164,-0.10195690592915908
1272.182225502165,3786.1889812622367,1152705.6008103832,-0.10038361503431216
1272.182225502165,3786.1889812622367,1153579.3429198707,-0.09988510901532861
1272.182225502165,3786.1889812622367,1153976.2885975752,-0.09977187192968844
1272.182225502165,3786.1889812622367,1150146.3841476906,-0.0995372107884548
1272.182225502165,3786.1889812622367,1149060.076227073,-0.09959929787760156
1272.182225502165,3786.1889812622367,1147411.0016172382,-0.09961405192457645
1272.182225502165,3786.1889812622367,1141733.3655729908,-0.09846334237327943
1272.182225502165,3786.1889812622367,1143596.081285217,-0.09846502966216371
1272.182225502165,3786.1889812622367,1139108.0315461615,-0.09833728706331042
1272.182225502165,3786.1889812622367,1136613.704078626,-0.09799924967857788
1272.182225502165,3786.1889812622367,1134604.833170728,-0.09771136824726047
1272.182225502165,3786.1889812622367,1133465.4294657423,-0.09679254367416061
1272.182225502165,3786.1889812622367,1128567.4993643423,-0.0939745949482577
1272.182225502165,3786.1889812622367,1126526.1137080844,-0.09302582947085188
1272.182225502165,3786.1889812622367,1123376.5821325202,-0.09267532039090903
1272.182225502165,3786.1889812622367,1118329.8289267733,-0.0918685927672117
1272.182225502165,3786.1889812622367,1114820.7364614012,-0.09154946379660506
1272.182225502165,3786.1889812622367,1114811.877843979,-0.09154377209991083
1272.182225502165,3786.1889812622367,1114606.8688869588,-0.09142695522809755
1272.182225502165,3786.1889812622367,1108311.0731822154,-0.08611975417310866
1272.182225502165,3786.1889812622367,1109014.6593097758,-0.08658241482309038
1272.182225502165,3786.1889812622367,1107584.3375723497,-0.08511265189310684
1272.182225502165,3786.1889812622367,1102069.9327519601,-0.08184802105512919
1272.182225502165,3786.1889812622367,1098751.2400311166,-0.07960262621036819
1272.182225502165,3786.1889812622367,1090417.0585005244,-0.07196712927009885
1272.182225502165,3786.1889812622367,1089860.825598319,-0.0714330639021958
1272.182225502165,3786.1889812622367,1086603.2686893172,-0.0685407350618091
1272.182225502165,3786.1889812622367,1084502.4831454612,-0.06623730390842258
1272.182225502165,3786.1889812622367,1082069.8143523987,-0.06374815847494693
1272.182225502165,3786.1889812622367,1081542.6413005595,-0.06348704375805746
1272.182225502165,3786.1889812622367,1077296.7166976,-0.05853471990135398
1272.182225502165,3786.1889812622367,1076175.9059092388,-0.057391999719282216
1272.182225502165,3551.5229661122726,1069641.2853185784,-0.04768409440964675
1272.182225502165,3551.5229661122726,1068489.9994198317,-0.04629503803770814
1272.182225502165,3551.5229661122726,1066478.748706291,-0.044130350135133764
1272.182225502165,3551.5229661122726,1064145.4503467444,-0.04377135170884956
1272.182225502165,3551.5229661122726,1060586.0733147084,-0.03976631525809928
1272.182225502165,3551.5229661122726,1058332.0500625516,-0.03708880620007534
1272.182225502165,3482.3624310787804,1055426.4540050176,-0.03322312667101155
1272.182225502165,3482.3624310787804,1053706.3086679683,-0.031843038494085756
1272.182225502165,3482.3624310787804,1054560.6315403352,-0.03238621956463891
1272.182225502165,3410.3759151938543,1048833.604812309,-0.026806133884567766
1272.182225502165,3410.3759151938543,1046123.4018904057,-0.024340310155736882
1272.182225502165,3410.3759151938543,1045098.2324591705,-0.02406474310719494
1272.182225502165,3410.3759151938543,1040039.0639779351,-0.02032776028530088
1272.182225502165,3410.3759151938543,1037491.7912276833,-0.019459571748667935
1272.182225502165,3410.3759151938543,1035772.716429267,-0.018511072518951698
1272.182225502165,3372.5443892482185,1028833.0601805189,-0.013386568375397343
1272.182225502165,3372.5443892482185,1029334.6108729362,-0.013579325020805765
1272.182225502165,3372.5443892482185,1027405.9626166555,-0.013182402630761217
1272.182225502165,3372.5443892482185,1024771.2285450059,-0.01133144655858846
1272.182225502165,3372.5443892482185,1022253.7903203656,-0.009161813697335004
1272.182225502165,3372.5443892482185,1021974.4139233325,-0.008932097006127992
1272.182225502165,3372.5443892482185,1023000.0713955247,-0.009339312889134324
1272.182225502165,3372.5443892482185,1021516.6996997867,-0.008361138996287116
1272.182225502165,3372.5443892482185,1015006.5043974897,-0.00411810345394609
1272.182225502165,3372.5443892482185,1013254.3870842851,-0.003553943734630125
1272.182225502165,3372.5443892482185,1014074.3414324423,-0.00369467030255435
1272.182225502165,3372.5443892482185,1011852.5297432478,-0.002298997949390032
1272.182225502165,3372.5443892482185,1008117.7348573841,-0.0032280884233515193
1272.182225502165,3372.5443892482185,1004842.6712398271,-0.0019626653903859954
1272.182225502165,3372.5443892482185,1005682.3182751024,-0.002151690575943595
1272.182225502165,3372.5443892482185,1004819.4959404294,-0.002154584237889898
1272.182225502165,3372.5443892482185,1003440.5525299176,-0.002516986182530796
1272.182225502165,3372.5443892482185,1000337.7409284444,-0.0037017305650211703
1272.182225502165,3372.5443892482185,998233.0100286457,-0.004097697603862318
1272.182225502165,3372.5443892482185,998166.1664047597,-0.0041573843098229495
1272.182225502165,3372.5443892482185,998627.6101537502,-0.003992432884773461
1272.182225502165,3372.5443892482185,996645.6533765164,-0.005974517996199984
1272.182225502165,3372.5443892482185,990135.707737739,-0.005039155458675344
1272.182225502165,3372.5443892482185,986838.9456679834,-0.007629193646819844
1272.182225502165,3372.5443892482185,985697.8297975814,-0.010446804484375929
1272.182225502165,3372.5443892482185,984292.7992512719,-0.012187243971138698
1272.182225502165,3372.5443892482185,982330.1735579369,-0.013888254742464386
1272.182225502165,3372.5443892482185,981869.2040433753,-0.014417773947257656
1272.182225502165,3372.5443892482185,981327.9693825862,-0.015196138162014134
1272.182225502165,3372.5443892482185,980996.4638466708,-0.01566160331681845
1272.182225502165,3372.5443892482185,980617.285111222,-0.016882181485376763
1272.182225502165,3372.5443892482185,982128.1334768066,-0.012664643819592829
1272.182225502165,3372.5443892482185,983579.3611549109,-0.00906257371262339
1272.182225502165,3372.5443892482185,984147.3154118893,-0.006570669730745607
1272.182225502165,3372.5443892482185,983293.0357133519,-0.011190029540049889
1272.182225502165,3372.5443892482185,983292.2000701213,-0.011196035665218622
1272.182225502165,3372.5443892482185,982570.2067047397,-0.013596995620742696
1272.182225502165,3372.5443892482185,982172.6883754638,-0.017057225864940868
1243.98879980998,3372.5443892482185,982207.3811350834,-0.012835246241809387
1243.98879980998,3372.5443892482185,982063.6312394574,-0.014239261559221877
1246.60306854029,3372.5443892482185,981854.6646235771,-0.01675435188416947
1272.182225502165,3372.5443892482185,981779.9585828352,-0.022254478024280742
1272.182225502165,3372.5443892482185,982080.8444234144,-0.025048642528226694
1272.182225502165,3372.5443892482185,982026.8356236136,-0.024817554027635382
1272.182225502165,3372.5443892482185,982367.5532516664,-0.027697254731856906
