2320.98195976172,3734.7341957750223,569783.979222821,-0.9530218573260377
2320.98195976172,3734.7341957750223,537012.7075317015,-0.9333367988905198
2320.98195976172,3514.887003226837,494461.3791000893,-0.8471769891936638
2320.98195976172,3514.887003226837,478978.61664944165,-0.8533204978528846
2320.98195976172,3514.887003226837,453536.9381600952,-0.8274664820888111
2320.98195976172,3418.34049797419,417462.14622967696,-0.7259955358205812
2320.98195976172,3418.34049797419,397208.1175847977,-0.691959898951935
2320.98195976172,3418.34049797419,379298.43703067454,-0.6854515400952566
2320.98195976172,3418.34049797419,365510.28250184294,-0.6494872411082331
2320.98195976172,3418.34049797419,341915.8937263712,-0.5832879878392196
2320.98195976172,3418.34049797419,336891.02876388683,-0.5769798033526962
2320.98195976172,3418.34049797419,322619.1218126452,-0.5525079363057229
2320.98195976172,3418.34049797419,302062.38700622326,-0.45755276414634116
2320.98195976172,2706.546651405508,267553.301545624,-0.09305665163853528
2320.98195976172,2706.546651405508,260593.1578951369,-0.08257890331355591
2320.98195976172,2706.546651405508,252382.2572840032,-0.009488197518801514
2333.77968946252,2706.546651405508,241283.64918186984,0.0362838854081805
2333.77968946252,2706.546651405508,239222.13639739767,0.047983507420132986
2333.77968946252,2706.546651405508,234420.4176640839,0.057295995059053126
2333.77968946252,2706.546651405508,230436.29955800678,0.07379379715078217
2333.77968946252,2706.546651405508,227599.94559150047,0.07550801036612549
2349.03651998268,2706.546651405508,227944.49967137552,0.05188260262782425
2355.20406239162,2706.546651405508,222415.28890096687,0.05380439637925652
2355.20406239162,2307.5878732681103,206481.3549245193,0.2630953685391893
2355.20406239162,2307.5878732681103,205881.2148037036,0.2652474476630531
2355.55798055107,2307.5878732681103,202294.6499802203,0.253844257388762
2377.50773345633,2307.5878732681103,198511.07189152448,0.2472397929719203
2382.82403678134,2065.09672916461,189075.07438353324,0.32620394964002175
2382.82403678134,2065.09672916461,185104.69547650585,0.3387591467044494
2382.82403678134,2065.09672916461,184535.88022501647,0.3372335342732509
2377.50773345633,2065.09672916461,184575.2743265724,0.3408235887684547
2382.82403678134,2065.09672916461,186482.99598398292,0.3116695195444005
2396.26996508915,2065.09672916461,186248.35144413594,0.29181823651229727
2396.26996508915,2065.09672916461,185352.90664322147,0.2814112395016466
2449.54394283469,2065.09672916461,190219.32245458657,0.33034676302751254
2460.9052635119,2065.09672916461,192255.44371568222,0.2992945532020277
2469.79711698178,2065.09672916461,193009.40910261442,0.2667481185100378
2479.73904478219,2065.09672916461,199697.67379006356,0.2676978739376425
2479.73904478219,2065.09672916461,206175.6727191933,0.2853303459737094
2479.73904478219,2065.09672916461,207853.1406560423,0.2732369056718833
2494.06408881899,2386.22452170732,224847.50892242923,0.4004816738443507
2496.14144981774,2386.22452170732,228585.9363642787,0.37409239518728105
2496.14144981774,2386.22452170732,229316.34360661102,0.36724273692702025
2496.14144981774,2386.22452170732,234761.5085762774,0.3645388470995643
2498.56886143167,2386.22452170732,242713.90710506795,0.3593513700349842
2512.11312586341,2721.09941963794,267254.56505204755,0.5415288194099613
2512.11312586341,2721.09941963794,276391.5453785813,0.5443161807044425
2512.11312586341,2721.09941963794,288131.6509340679,0.5719140540790231
2512.11312586341,2721.09941963794,298450.8045678498,0.5682965236015616
2512.11312586341,2721.09941963794,306994.2975748871,0.576011488538553
2512.11312586341,2721.09941963794,319335.5101068676,0.5909544269991764
2529.04760762993,2721.09941963794,339742.4789710041,0.6371992159923295
2529.04760762993,3103.15355154749,373760.975765746,0.7977734665269024
2530.61187811022,3103.15355154749,398835.7249733782,0.8306540548168283
2530.61187811022,3103.15355154749,424586.0768705025,0.9020477499375954
2530.61187811022,3103.15355154749,429955.26934197143,0.9012565809072498
2530.61187811022,3103.15355154749,460363.0695942815,0.9381267470272266
2538.9247785351104,3103.15355154749,484649.2725626033,0.9310781098008616
2538.9247785351104,3103.15355154749,496245.97289609857,0.9122083219729753
2538.9247785351104,3103.15355154749,527232.5011128848,0.9333654895006381
2538.9247785351104,3103.15355154749,546160.3197204254,0.9578725392804276
2538.9247785351104,3532.952934578811,592216.9733836208,1.023847389085108
2538.9247785351104,3532.952934578811,614876.0405636699,1.010904637169789
2538.9247785351104,3532.952934578811,643381.437221568,0.9981139687682351
2538.9247785351104,3532.952934578811,668748.461561082,0.9699594718944508
2538.9247785351104,3532.952934578811,703487.9698395525,0.9689099144754144
2589.63565829953,3540.594398836311,744936.2651879757,0.9720924992825041
2589.63565829953,3540.594398836311,775008.0615642967,0.9706514918440309
2589.63565829953,3825.88505263618,828469.4147361371,0.9981462396379295
2589.63565829953,3825.88505263618,855092.1417911154,0.9935860124343547
2589.63565829953,3825.88505263618,889505.8973412222,0.9743626467102332
2590.3630660425697,4241.77969674745,958799.9066659368,1.0146412463278778
2590.3630660425697,4241.77969674745,997023.6030644949,0.993179071678667
2591.88273763657,4241.77969674745,1054679.2191127532,0.9902199001900535
2608.61349214984,4241.77969674745,1102243.5795218197,0.9676073679958854
2608.61349214984,4241.77969674745,1165087.3778473076,0.9686648262807069
2608.61349214984,4672.562572366169,1249709.1093812839,0.9975470622590633
2608.61349214984,4706.91027501355,1335120.517915669,1.015186756192347
2608.61349214984,4706.91027501355,1392214.0367254734,0.989133117967575
2615.61050938591,4706.91027501355,1424830.364908771,0.9469899739759793
2643.48305962128,5209.12798655551,1532198.2173981366,0.984662643539477
2643.48305962128,5209.12798655551,1609062.185614534,0.969612995679309
2643.48305962128,5209.12798655551,1687265.8068379166,0.9572424507992321
2645.78943108232,5209.12798655551,1750385.6209412827,0.9298683650360481
2645.78943108232,5209.12798655551,1830611.839027,0.912754062210034
2645.78943108232,5209.12798655551,1900621.6134007745,0.8859385124506718
2645.78943108232,5209.12798655551,1983073.2074882453,0.8687872470045279
2697.55654158562,5209.12798655551,2049359.0937040888,0.8385342453004848
2704.4394866028897,5209.12798655551,2104399.337110693,0.80373368617178
2718.68125373649,5265.43735359805,2198609.0554604963,0.7922957257099801
2815.29210374728,5498.15564233061,2299780.629928532,0.7859764463070062
2815.29210374728,5498.15564233061,2375467.1667723106,0.759796938959182
2815.29210374728,5498.15564233061,2437019.816508713,0.7278352142763973
2864.21683692788,5498.15564233061,2529246.577014262,0.710214840256539
2864.21683692788,5498.15564233061,2612695.2639444508,0.6877040286954861
2918.23383639513,5498.15564233061,2665894.929192127,0.6531621515049051
2956.34036455456,5498.15564233061,2734577.340647281,0.6302816737704683
3048.9703846105,5498.15564233061,2797118.770405036,0.601879034076626
3080.0276613629803,5498.15564233061,2858285.1568766227,0.5772320852882382
3085.68855743857,5498.15564233061,2911252.668113476,0.5468155401797802
3192.08237101551,6089.725053540682,3015954.151354196,0.5435507686908787
3348.19739007962,6089.725053540682,3083905.528818451,0.5172695763302981
3398.82817733208,6089.725053540682,3121966.3206742085,0.4865583427194887
3401.0748462498,6089.725053540682,3197726.3141003298,0.46492206496499827
3512.74454288035,6089.725053540682,3265776.56179511,0.4447702138743975
3525.96047691842,6089.725053540682,3329735.5372237456,0.4166883599462065
3617.6780272674,6089.725053540682,3358310.681573221,0.38297140625751
3666.6915982823903,6089.725053540682,3420174.054074762,0.35663505593099293
3686.0356614799,6089.725053540682,3497230.2489537075,0.33860708746207124
3777.8815993391695,6089.725053540682,3571380.8318887954,0.31587530852737705
3797.962615669,6089.725053540682,3621389.82042102,0.2942299086595128
3832.1752195475606,6089.725053540682,3682274.73249624,0.2765759949629658
3910.8767284606897,6089.725053540682,3729849.548787854,0.24752164755082307
3948.56599133888,6289.434581822881,3792875.1689303587,0.23435461102697408
4171.50788069093,6289.434581822881,3837731.851065487,0.21193157556410797
4283.4408892695,6289.434581822881,3889655.0411382765,0.1943437061092009
4387.059098777279,6332.055213136069,3944853.3199081523,0.17848919273275843
4398.5813444758505,6332.055213136069,3982298.416745543,0.15695446584288436
4428.67733183335,6332.055213136069,4008228.7185136676,0.12894322142221745
4486.40395205775,6424.349189677781,4056746.931953087,0.11292779775310827
4515.77942053757,6424.349189677781,4047560.778649125,0.0850343934805496
4519.48388011002,6424.349189677781,4079132.24515226,0.05728594416232689
4581.07690919784,6424.349189677781,4092419.949959771,0.03338087786790664
4611.70411137702,6424.349189677781,4103894.402499858,0.009744650417810134
4640.06691446867,6430.20724213376,4132089.257255855,-0.008072506207403568
4665.49502117905,6430.20724213376,4152932.7177727506,-0.03296698254079674
4784.993860667,6430.20724213376,4163339.3395006293,-0.05488631975393572
4799.48096810289,6430.20724213376,4163035.71771798,-0.0791309934436307
4839.34368793502,6430.20724213376,4146207.8756900863,-0.10159474851530126
4909.24487933338,6430.20724213376,4145194.8382371757,-0.12160319951893331
5061.48439624949,6489.14456776589,4153136.8955816883,-0.14091257396970674
5095.294404210371,6489.14456776589,4100779.4912262987,-0.1668939717000002
5102.935868467871,6489.14456776589,4099531.9493553718,-0.19087397142325843
5122.15223490678,6489.14456776589,4056807.467298132,-0.20624295009430693
5388.22652226774,6489.14456776589,4031011.7086384045,-0.23330961817521198
5411.64425676965,6489.14456776589,3987896.2427129336,-0.24569670181520625
5604.337455853771,6489.14456776589,3945357.7181311017,-0.2701404354960364
5702.13534642176,6489.14456776589,3896778.6027022027,-0.29314279916884595
5742.61291642994,6489.14456776589,3856905.3320897035,-0.3115429267756836
5804.12116637901,6621.959414788562,3835739.9199728267,-0.32894660581898566
5989.48269620026,6491.531539165901,3756253.585284315,-0.3395954208224154
6134.07258647213,6491.531539165901,3721237.798092615,-0.369986906806763
6208.87199923908,6267.489562003421,3625927.955761871,-0.3843673502575341
6230.95473316066,6267.489562003421,3559216.1482373527,-0.40683444839566363
6234.904041997729,6267.489562003421,3472056.4054009886,-0.42449857412562536
6249.0103557912,6267.489562003421,3395706.1767693544,-0.44388433293728574
6251.6668472151005,6267.489562003421,3370420.378897048,-0.4756980602905287
6252.42375511997,6267.489562003421,3299259.8156516547,-0.5017322520787972
6253.93765966405,6441.82045694305,3238669.0982761024,-0.5039324794086734
6269.25174464511,6191.7745016497,3139608.920707044,-0.5123780168276341
6330.8269693037,6191.7745016497,3087247.1358608967,-0.536528469771395
6370.20813094499,6191.7745016497,3000911.041100693,-0.5582607584352566
6463.47210153067,6191.7745016497,2928044.819569764,-0.578104193932447
6510.7655002843,6191.7745016497,2827847.7208789857,-0.5918210080872667
6606.96851948485,6011.10825637854,2730921.1022770433,-0.5956195066959225
6628.6670327151205,5972.5359272264395,2636574.7535706144,-0.6039941195603957
6668.046132693299,5972.5359272264395,2573191.5795495175,-0.6328583581054525
6711.19418948006,5972.5359272264395,2493270.034410853,-0.6441001054476686
6757.36714907671,5494.414942431869,2384548.4329047,-0.6431557912053242
6771.46945618707,5494.414942431869,2332372.7672771323,-0.6759703299015202
6827.778823229611,5494.414942431869,2256510.8470168062,-0.6978510950575941
6853.490351118249,5494.414942431869,2170938.9817522503,-0.7122169889364403
6872.6392526821,5494.414942431869,2115335.5451219897,-0.7411285930361168
6874.95877776192,5494.414942431869,2054219.8849712573,-0.7697849195208918
6909.943905609261,5494.414942431869,1971196.5507253197,-0.7791997615909715
6925.82819975713,5494.414942431869,1926167.898986036,-0.8155463498319447
6932.923748104549,5494.414942431869,1847787.6215622006,-0.83149080794162
6950.62447020501,5010.43438928013,1748473.2538291775,-0.8216865132999231
6950.62447020501,4832.671302441329,1669585.8606925362,-0.8275031604628718
6953.23496818937,4740.9537520923495,1608072.2908845188,-0.8440177409866819
6987.92834817385,4740.9537520923495,1569380.774207363,-0.8819180359631934
6999.212830342851,4691.94018107736,1503451.6126051226,-0.9001791112169523
7009.10670063218,4691.94018107736,1444699.2925306887,-0.9241395072314997
7009.10670063218,4691.94018107736,1376331.9332202247,-0.9362215950178463
7009.10670063218,4580.750180020581,1305243.3449473772,-0.9396526695810276
7051.13111669902,4580.750180020581,1242903.19267275,-0.9520530605443599
7051.13111669902,4580.750180020581,1191617.9056189884,-0.9686421514292801
7060.4971119621705,4580.750180020581,1163521.5895276647,-1.0098197201697439
7060.4971119621705,4580.750180020581,1118933.2422007117,-1.0374909408946225
7070.085463670591,4580.750180020581,1082069.1614458081,-1.0762844184587266
7071.828022614829,4447.755050899061,1012110.1936733238,-1.0614455526978317
7071.828022614829,4447.755050899061,972089.8411540997,-1.0920245098951844
7071.828022614829,4447.755050899061,924829.8812996941,-1.1141467816632575
7071.828022614829,3929.9544475264,856060.2278175404,-1.0628589647502964
7071.828022614829,3929.9544475264,815960.8938903707,-1.0835604387304847
7087.28223080013,3929.9544475264,770064.4245486457,-1.0914730952339449
7087.28223080013,3929.9544475264,743461.1439517766,-1.125717669637176
7087.28223080013,3839.1478992497296,693621.6535147089,-1.099167106913044
7087.28223080013,3839.1478992497296,650589.1452836129,-1.0771486520119011
7087.28223080013,3573.6379186927497,602685.6751241375,-1.0311308915713278
7108.46864352711,3573.6379186927497,566108.1274455318,-1.0239330540790126
7108.46864352711,3573.6379186927497,537946.5544004941,-1.0200135629193086
7108.46864352711,3573.6379186927497,498858.46890381497,-0.9654464930083201
7108.46864352711,3573.6379186927497,480105.32284734,-0.9579628319252077
7108.46864352711,3449.3869000263703,439265.9188945091,-0.8628688088409414
7179.61001673308,3297.1473831102603,402645.16356392705,-0.7648711588016186
7184.07208201567,3297.1473831102603,390379.12321315054,-0.7939037569836997
7184.07208201567,3236.47954445297,357383.50433079235,-0.6805098751121055
7184.07208201567,3236.47954445297,344678.58938261104,-0.6348409249394122
7184.07208201567,3236.47954445297,321495.28115065343,-0.5613903687966049
7184.07208201567,3236.47954445297,306189.00822239835,-0.5387603195673435
7184.07208201567,3236.47954445297,300424.5528945374,-0.5469184834728248
7184.07208201567,3236.47954445297,294462.84616785747,-0.5646099575724604
7184.07208201567,3236.47954445297,279323.3410696092,-0.49925316710236184
7190.082287521241,2369.14908315949,246179.40488273583,-0.15905499021972333
7190.082287521241,2369.14908315949,245383.64089078736,-0.16421018463543935
7190.082287521241,2369.14908315949,241497.77602101618,-0.1444151684797156
7190.082287521241,2369.14908315949,235076.4861744115,-0.13196408234466764
7206.665371244491,2369.14908315949,227446.41460379396,-0.12270946600998626
7206.665371244491,2369.14908315949,222260.39373937412,-0.11915369013278475
7206.76759322951,2369.14908315949,214798.75415366163,-0.11023970276650409
7217.42686987246,2369.14908315949,211137.06592003338,-0.13221982166914223
7237.436503253341,2369.14908315949,203705.8260932069,-0.11500809033323366
7237.436503253341,2109.62142356855,191544.12525307605,-0.012450912035717417
7237.436503253341,2109.62142356855,190323.17052667457,-0.02324953049242511
7237.96328465485,2109.62142356855,191108.54823603516,-0.04731277749284257
7237.96328465485,2109.62142356855,187211.65013353384,-0.04100971290015618
7238.93385625082,2109.62142356855,179886.8970726676,-0.011631961548062236
7242.91480873563,2109.62142356855,179192.5046421889,-0.03311897786718933
7242.91480873563,2109.62142356855,179145.16706452038,-0.03301054117941695
7242.91480873563,2068.28383708175,171236.40016494034,0.029747915588787626
7243.06186496457,2068.28383708175,173321.35226688464,0.006098823536607875
7256.85896368157,2068.28383708175,171609.84117777445,-0.021490077568211665
7278.55929813732,2068.28383708175,173937.65325297334,-0.04032945190307491
7295.860747945991,2086.7778284369506,179852.03836812056,0.029062858005654727
7295.860747945991,2086.7778284369506,186723.13580234008,0.08479436790780685
7302.82100059518,2086.7778284369506,190689.90364687223,0.07029236386898484
7310.380764212679,2086.7778284369506,190783.5534889363,0.061905742347312
7322.45539353005,2086.7778284369506,193389.83508168033,0.042979606933424314
7324.260087430909,2255.66748188173,205133.08493138466,0.12864194794285516
7362.93969958022,2255.66748188173,210716.7622468474,0.1273057968793628
7373.48675476408,2255.66748188173,203573.88759576052,0.15627895453564794
7379.030163194279,2255.66748188173,207955.99456265176,0.13918261257624287
7379.030163194279,2255.66748188173,208246.40970590248,0.13542205577638305
7382.122775318291,2255.66748188173,214507.76995482726,0.13957210602048578
7399.34193775018,2255.66748188173,214687.75955875576,0.13195662056246638
7399.34193775018,2594.3660603529097,232250.34245014816,0.29764910646961457
7414.724625693349,2594.3660603529097,238053.37936286273,0.2812315036523149
7414.724625693349,2594.3660603529097,245023.38928456474,0.3087509462352649
7414.724625693349,2594.3660603529097,256124.82267458344,0.34073808876996897
7414.724625693349,2625.168041613071,273121.74233975855,0.4447186066376652
7414.724625693349,2714.6292799553194,291321.4087456468,0.5511074620109502
7414.724625693349,2746.2947730943506,311482.8934240027,0.6290180965877868
7447.020903685129,2746.2947730943506,324431.40576304804,0.6237827805500727
7447.020903685129,2746.2947730943506,331512.44995114394,0.6278772114655428
7447.11258225244,2746.2947730943506,346544.24381128297,0.636778551756494
7451.28528551323,2928.449325046229,370729.0949319144,0.6943202416790054
7451.28528551323,2928.449325046229,387119.15637330135,0.6965608791295554
7451.28528551323,2955.275585185307,411311.0597285735,0.7360254130637246
7451.28528551323,2955.275585185307,426034.70434969635,0.7459474628915883
7451.28528551323,3118.066367099247,454134.8235611447,0.793376728943391
7451.28528551323,3235.1511789936794,485148.733625124,0.8460825571851533
7451.28528551323,3235.1511789936794,515586.3727720339,0.8728384211882019
7451.28528551323,3281.9700286202697,547689.8236340336,0.8935063265622273
7451.28528551323,3991.8992436502995,605028.8393941452,1.032106778543753
7451.28528551323,3991.8992436502995,650238.8299549303,1.0843268040577765
7453.912712560741,3991.8992436502995,699200.0503985487,1.122229915640384
7453.912712560741,3991.8992436502995,729669.8270614278,1.1014639949328273
7453.912712560741,3991.8992436502995,774803.4094999364,1.104830405938519
7453.912712560741,4148.828404747499,835396.7816288684,1.13251087789185
7453.912712560741,4148.828404747499,881185.2407507672,1.1267071492989278
7453.912712560741,4148.828404747499,906060.1573006772,1.0833784519618346
7453.912712560741,4148.828404747499,961723.5225842012,1.0802012426545433
7453.912712560741,4148.828404747499,992013.9188286229,1.0485950139816793
7453.912712560741,4148.828404747499,1035524.7076904224,1.0383647661900572
7453.912712560741,4625.4428832741,1113487.6291055807,1.0679633409118299
7456.95544339025,4625.4428832741,1181143.737530841,1.0640345891771685
7477.41869617241,4684.7329075253,1255913.701899638,1.0673154637822162
7491.148362685259,4684.7329075253,1322097.2353486149,1.050116819631155
7508.50033373962,4684.7329075253,1381648.250161895,1.0241108568987791
7512.41956905538,4684.7329075253,1432974.1392586888,0.9897890296749562
7512.41956905538,5114.7480958776,1527381.3737838275,1.002746844143822
7515.21301609775,5114.7480958776,1593261.6772176933,0.9776728902049368
7515.21301609775,5114.7480958776,1653134.5326193732,0.9596582286128225
7517.38935657773,5114.7480958776,1739046.818915578,0.949223025261965
7517.38935657773,5193.835953333901,1832055.4960264643,0.94346390381394
7527.96930936287,5525.9268185818,1926068.9335159878,0.9506788621930831
7527.96930936287,5525.9268185818,1992103.548167817,0.9176797415927419
7564.638230810529,5525.9268185818,2052840.169490947,0.8866570850916977
7564.638230810529,5525.9268185818,2124016.740140799,0.8570874871672446
7586.02207883568,5525.9268185818,2194865.651125122,0.827205628498361
7589.290656993341,5525.9268185818,2262345.5517305364,0.7975698234729279
7589.290656993341,5525.9268185818,2338829.7225841004,0.7714629611010184
7591.55079367188,5766.4518777183,2437322.3535448816,0.7634469324431842
7626.098046684259,5766.4518777183,2497819.8889588714,0.7321182391219588
7649.624539450179,5766.4518777183,2559715.1271196036,0.7046688017607449
7751.935109848299,5766.4518777183,2641695.9357064697,0.6862382751859837
7903.25980906922,5857.471206939899,2742267.0603353945,0.6717968906684391
7907.916394568491,5857.471206939899,2805702.63874973,0.6404607794354953
7967.718692838441,5857.471206939899,2876413.4580579246,0.611550191080015
8037.34661730403,5857.471206939899,2954709.682586712,0.5912169033110208
8081.4508034779,5995.988554498699,3046995.398353695,0.5742700588708837
8148.79774308629,5995.988554498699,3113761.064775262,0.5468282624038167
8258.54467573823,5995.988554498699,3144015.040158459,0.518858230705155
8278.869583264359,6340.0569617866,3255707.578794312,0.5093118601475378
8292.050391770359,6340.0569617866,3347978.3831665325,0.4951103308728669
8304.0170314455,6340.0569617866,3404749.219054886,0.4649911303218801
8377.12577071495,6340.0569617866,3472317.3307967787,0.43834801153681796
8437.471131188679,6340.0569617866,3501905.710040722,0.406732032970659
8535.507761233579,6340.0569617866,3564657.5285680247,0.3866678218162563
8546.01542415973,6497.7487389904,3656793.459741558,0.37257417773111384
8589.92803166788,6497.7487389904,3668747.4715167102,0.3454581978926415
8727.92508734339,6497.7487389904,3722583.696927871,0.31610204715189344
8884.71400263091,6497.7487389904,3752692.462587694,0.2903027360439348
8915.515983891071,6497.7487389904,3801182.9619847727,0.2614892104109566
8924.99978009453,6497.7487389904,3826686.528336804,0.22943053906466077
8927.8967077959,6497.7487389904,3873456.857568215,0.20873660241077951
8953.17210386568,6497.7487389904,3890810.7760786377,0.17883198300721426
9004.97722223332,6497.7487389904,3906955.2248220616,0.15965201677410412
9036.64271537235,6497.7487389904,3948108.171907532,0.1389333182670507
9218.79726732423,6497.7487389904,3981495.3220687187,0.11264094947949567
9245.623527463307,6497.7487389904,4017769.043546603,0.09391523228608738
9408.414309377247,6497.7487389904,4026979.395191805,0.0722022377933368
9493.93298771857,6497.7487389904,4019902.9597995435,0.049290908569079216
9506.38279426994,6497.7487389904,4038213.1440555635,0.029347304849219973
9525.49912127168,6497.7487389904,4051254.188721006,0.0016908723038016697
9572.31797089827,6789.3709618753,4074109.1490046033,-0.009795434861850675
9608.44009141338,6789.3709618753,4068869.541268119,-0.03283601697194509
9708.54769238473,6789.3709618753,4053369.6453637043,-0.04578779075689568
10022.8495304315,6789.3709618753,4052638.6478431136,-0.07026315855614788
10039.9830190493,6789.3709618753,4023072.2952002333,-0.10070440735640088
10109.2925171399,6789.3709618753,4010391.721361303,-0.13152165695886792
10140.0785353874,6789.3709618753,3996870.051038195,-0.15926151174286055
10210.1708107678,6539.093342672171,3942652.3191664857,-0.17023960648900854
10282.2471859283,6539.093342672171,3896981.858197448,-0.19859937226284333
10383.2740684932,6539.093342672171,3886718.373052825,-0.2202988086848538
10439.1763470255,6539.093342672171,3839316.4468029896,-0.2436393091958171
10507.0167857604,6539.093342672171,3796094.441930611,-0.26986712513076333
10710.8291692609,6539.093342672171,3723986.687471388,-0.29069675064132494
10749.7244705525,6539.093342672171,3676817.7495681876,-0.31970453533980914
10768.3300569465,6539.093342672171,3625869.260104438,-0.3415384455867979
10782.3542709908,6316.35216914997,3553548.9336879975,-0.3518896182783123
10915.7908255521,6316.35216914997,3476375.9020345495,-0.37435320207203937
10956.7786612322,6316.35216914997,3434665.106457968,-0.40558751763028017
10975.0808498033,6316.35216914997,3378140.8041351642,-0.42574078700891627
11048.449171263,6316.35216914997,3327460.0231696125,-0.45457554552000823
11176.8142725131,6316.35216914997,3307343.775766597,-0.4745773997691112
11225.4582907929,6316.35216914997,3257174.554960503,-0.4956180495096898
11294.7727100679,6316.35216914997,3191177.88276363,-0.5167852871788274
11352.4657965938,6316.35216914997,3114379.0593328727,-0.5377534496992418
11353.6611561223,6316.35216914997,3060500.242443399,-0.5669517183596499
11399.6430752671,6316.35216914997,2965230.7556459317,-0.5832669066465881
11405.0960381556,6316.35216914997,2903107.126476959,-0.6091520825624743
11429.4423331071,6316.35216914997,2837885.3384869304,-0.6283804100544133
11484.1838956119,5987.86175941716,2727761.572792706,-0.6232926009032953
11499.9499901583,5551.74959479043,2620759.1270658346,-0.6296573119226453
11551.7130136709,5551.74959479043,2551987.276986937,-0.6573484542309015
11554.4322651017,5551.74959479043,2471760.579734524,-0.6781053217437019
11565.5567477865,5551.74959479043,2411464.1446063244,-0.7076036456716901
11599.7869275448,5551.74959479043,2373617.132182015,-0.7418967885669795
11614.9008288892,5551.74959479043,2315356.8087694757,-0.7751382586239391
11615.4090887544,5551.74959479043,2252680.94559526,-0.8070566550195551
11697.1544188398,5551.74959479043,2184703.014685931,-0.8375320543554443
11697.254965843998,5551.74959479043,2112890.874051639,-0.8621059539502526
11698.4270381846,5551.74959479043,2062413.2264561995,-0.9012102797152255
11702.9058340361,5551.74959479043,1997050.9474374368,-0.9354144651581153
11702.9058340361,5551.74959479043,1900826.7357318692,-0.9461064348399227
11738.722480916398,5551.74959479043,1824998.8520100806,-0.9723509281635997
11739.2418201388,5551.74959479043,1719135.852033977,-0.966105529507998
11771.801717688,5551.74959479043,1657697.4584988512,-0.9865398612807681
11816.2747608598,4775.701872707799,1553260.2432002618,-0.9470576659527336
11816.2747608598,4775.701872707799,1503851.3805632761,-0.9825467531256575
11816.2747608598,4642.247772964622,1426017.915646086,-0.9869451849767632
11816.2747608598,4544.211142919721,1354245.4010758782,-0.9856538585309429
11831.191360404198,4544.211142919721,1289732.420091976,-1.0022195994494256
11831.191360404198,4544.211142919721,1236553.6851229523,-1.0228177021253573
11887.2224956229,4544.211142919721,1193982.133688472,-1.0529975256653652
11887.2224956229,4544.211142919721,1143795.719552817,-1.075615440812216
11887.2224956229,4544.211142919721,1079771.8618608383,-1.0823155693734008
11898.8658755653,4154.719124058771,1020435.7988240836,-1.043771686995054
11898.8658755653,4154.719124058771,962957.6925398116,-1.0342037789116036
11898.8658755653,4154.719124058771,916199.0929228036,-1.0511244004921825
11898.8658755653,4126.5468002876205,857125.4630097143,-1.0198434194308792
11898.8658755653,4126.5468002876205,809762.2074293942,-1.0221481188272565
11898.8658755653,3671.304594776053,750047.202962484,-0.9615902362581701
11898.8658755653,3585.78591643473,707260.784173315,-0.9514157852327553
11898.8658755653,3585.78591643473,668279.215700317,-0.9393269778814298
11898.8658755653,3585.78591643473,629623.2031252268,-0.9024805095379778
11898.8658755653,3585.78591643473,591069.3294686249,-0.8734584579961606
11898.8927325014,3585.78591643473,573398.6406672443,-0.9069050479965746
11906.2112058328,3585.78591643473,549440.9591107934,-0.9274743206265924
11906.2112058328,3585.78591643473,531629.2957630961,-0.9276572545692228
11906.2112058328,3585.78591643473,492709.88079453324,-0.8589030173046365
11928.3736979389,3585.78591643473,467190.9958295293,-0.856910931247441
11928.3736979389,3585.78591643473,453383.7255407245,-0.8582793996813175
11928.3736979389,3585.78591643473,436693.38112092076,-0.8142700984627292
11928.3736979389,3371.1712117685693,393222.8424449772,-0.598070390242206
11928.3736979389,3371.1712117685693,377038.10171422816,-0.5652560002816266
11928.3736979389,2939.6403687659003,338962.01047582546,-0.3290930714955563
11928.3736979389,2572.702118392901,314591.9531467708,-0.18428885393779704
11928.3736979389,2572.702118392901,306590.44864423224,-0.18511033577227842
11928.3736979389,2572.702118392901,296132.9572176995,-0.15577414443272805
11933.6769233631,2572.702118392901,288792.0795428565,-0.15979639258335007
11933.6769233631,2572.702118392901,278488.6452124774,-0.12778607146869914
11944.5248203969,2572.702118392901,266898.01846773876,-0.09708296849069196
11944.5248203969,2311.388847206801,250849.56493315543,0.031285465355230434
11950.7708450575,2311.388847206801,248322.61222159205,0.014604279480980566
11950.7708450575,2311.388847206801,240972.90976891224,0.04996426461399943
11960.2260360979,2208.731743328901,229229.46441661022,0.11913322140187656
11960.837695693,2208.731743328901,226010.50262979078,0.10934433251764718
11960.837695693,2208.731743328901,226209.270183761,0.10897209663644529
11970.6218232207,2208.731743328901,225965.42128895858,0.1001172356601396
11997.7149566537,2208.731743328901,220584.94158363956,0.1044613343249676
12002.958795613,2208.731743328901,215973.2536177084,0.09564533316995891
12003.6280273468,2208.731743328901,211251.06145123576,0.08847483199988594
12003.6280273468,2208.731743328901,207399.55547756402,0.09569574870208011
12005.1884966597,2208.731743328901,206561.66064633586,0.07338054295469842
12025.4271548377,2208.731743328901,204167.4358533039,0.04909205570671452
12025.4271548377,2208.731743328901,204302.96070242615,0.04305384253932731
12040.9033866145,2208.731743328901,206877.85743656766,0.04074546651072411
12045.6731784659,2208.731743328901,204915.14463172213,0.02022686101044677
12047.3360030069,2208.731743328901,206797.97445989226,-0.0017369451265129413
12047.3360030069,2208.731743328901,212749.49988932395,0.010942655962658664
12075.8043950685,2208.731743328901,214404.32319053088,-0.01438656827829698
12078.4486896955,2208.731743328901,214659.62757460948,-0.045563024773903546
12078.4486896955,2208.731743328901,216184.6177730054,-0.061294470879415926
12078.4486896955,2208.731743328901,220297.0127019688,-0.056272684676274304
12087.5808189677,2208.731743328901,225695.45135158455,-0.06065135652412185
12116.3135921453,2208.731743328901,227468.85734290752,-0.08328350028728952
12116.3135921453,2452.0764527268,237004.80279369315,0.0006623831637738528
12116.3135921453,2452.0764527268,240508.5835512924,0.012463579445554563
12124.7203584627,2452.0764527268,243453.5739317581,-0.011158437511479652
12124.7203584627,2452.0764527268,253308.9940692618,0.023944507022933995
12151.6237741536,2452.0764527268,251626.88569990106,-0.003118472581204994
12151.6237741536,2452.0764527268,262037.42134709182,0.05032544993867157
12151.6237741536,2546.464255254201,271594.91024296265,0.11887630725715967
12158.8420100074,2546.464255254201,279503.2908978294,0.11898664675133273
12173.297336631498,2546.464255254201,285031.77054742724,0.10389573431177358
12196.535004149098,2546.464255254201,295338.8433753052,0.1196341284820288
12204.3870940948,3157.026108023001,322235.62971596466,0.298049741319647
12205.8818484135,3157.026108023001,330350.95831635786,0.28575116052736144
12205.8818484135,3157.026108023001,332949.86964677065,0.2795210796769882
12206.3071121017,3157.026108023001,356965.79744433635,0.37754699777440875
12206.3071121017,3157.026108023001,372048.12065387866,0.4015174684827283
12206.3071121017,3157.026108023001,387490.0169886547,0.43529602784263477
12206.3071121017,3157.026108023001,400259.4759890135,0.4365631824772481
12206.3071121017,3157.026108023001,422166.44046461734,0.5049673855512983
12206.3071121017,3430.3664406405005,454661.57992657705,0.6047158710752366
12206.3071121017,3430.3664406405005,476544.7691173333,0.616430044495076
12206.3071121017,3430.3664406405005,498621.071342249,0.643967400500371
12206.3071121017,3775.4613838578007,541979.721866517,0.749275864252755
12206.3071121017,3775.4613838578007,567652.5649151468,0.790856996678323
12206.3071121017,3775.4613838578007,600440.6598324511,0.8139051181223173
12206.3071121017,3775.4613838578007,628939.1038148672,0.8292652846862284
12206.3071121017,3998.0459460598013,678472.0206941996,0.8978460182345137
12239.7204759982,3998.0459460598013,701568.6625926322,0.8806443463243108
12246.51980071,4124.7659870686,753639.9961575291,0.9224521178690738
12246.51980071,4181.9782242649,808213.0890509103,0.9573975730234826
12246.51980071,4181.9782242649,848410.3685727074,0.9513878759673493
12262.8303580231,4338.7084736791,903103.299091048,0.9740725053634545
12262.8303580231,4455.365200775801,966107.4001166134,1.0092984414980206
12277.3097105705,4455.365200775801,1025296.5140357086,1.011596570694204
12305.78984691,4939.578799517301,1109145.3029943262,1.0567691805808923
12346.5871409848,4939.578799517301,1137158.9936392957,1.0125753767570904
12349.1668428115,4939.578799517301,1175798.7163306242,0.9762911949683565
12349.1668428115,4939.578799517301,1216713.2162636628,0.9446435135156233
12349.1668428115,4939.578799517301,1280598.6591467436,0.9396479901962738
12384.9585955753,5136.617542494001,1361935.0123316075,0.9620059397864259
12398.1647568427,5234.150593603801,1450828.2964964393,0.9775372142254041
12398.1647568427,5234.150593603801,1524518.5065126654,0.9657076590809511
12425.3696686263,5234.150593603801,1604253.8178425508,0.9555120045250955
12425.3696686263,5234.150593603801,1671353.685853332,0.9412639966125131
12425.3696686263,5234.150593603801,1750698.1816400117,0.9285826191336412
12425.3696686263,5234.150593603801,1829377.5889091706,0.910195070123332
12475.7676233535,5234.150593603801,1889888.659044236,0.8775336668968751
12509.6805249139,5234.150593603801,1959526.7683670179,0.8507036523241565
12518.6153598984,5234.150593603801,2028731.34347871,0.8244702198632616
12519.9894159259,5701.8307042784,2130962.5865269857,0.8211148891493675
12519.9894159259,5701.8307042784,2194673.206656654,0.7918236474461906
12519.9894159259,5701.8307042784,2243382.638311419,0.756836776599398
12525.472618323798,5701.8307042784,2330243.754218472,0.7424297923697691
12561.4279936286,5701.8307042784,2384008.671548414,0.7136762782931102
12624.7623156602,5701.8307042784,2453748.866643857,0.6866309407623953
12651.340980242,5866.676291003601,2550210.897461629,0.6740324809775572
12665.2865968169,5866.676291003601,2621355.508559934,0.6467107119352142
12759.241562411698,5866.676291003601,2683256.187491553,0.6224101452268025
12772.9520188027,6210.850195234103,2790734.2777551394,0.6158594455913515
12835.4045421423,6210.850195234103,2877822.525302297,0.5962687625459071
12835.418092595,6210.850195234103,2970098.168543883,0.5771995292862276
12878.5769941574,6210.850195234103,3041770.825698302,0.5515547315629377
12911.0204947632,6210.850195234103,3093074.6723870095,0.5209333556292337
12923.3802460806,6210.850195234103,3130139.497517353,0.4913042757097917
12934.0554054171,6210.850195234103,3192285.719817081,0.46732411311846045
12942.9335147867,6668.6500408463,3296827.2511899723,0.4640238975852
12987.9624858032,6668.6500408463,3383912.008258493,0.44291699211979685
13012.6530969111,6668.6500408463,3469639.6878832695,0.42123801655168486
13242.846709971,6668.6500408463,3537586.837342339,0.3992784795173587
13243.2125529775,6668.6500408463,3580914.5984332617,0.3753619462584444
13317.6121789937,6668.6500408463,3593313.284814013,0.352132804611696
13319.2448659197,7084.524377274902,3707424.0364388353,0.3513088378743922
13323.0636135512,7084.524377274902,3740326.25254602,0.32779358752179066
13336.2709404573,7084.524377274902,3806343.429659197,0.30119955362729267
13417.4514160786,7084.524377274902,3815407.138478624,0.27330071684492885
13525.5867640682,7084.524377274902,3857488.784108849,0.24796623498346707
13622.1848730983,7084.524377274902,3928302.94511341,0.22447494711811042
13688.6652070451,7084.524377274902,3949007.28583655,0.20309191227280696
13945.9548155658,7084.524377274902,3961899.045641235,0.17290764913597023
13987.8242619253,7084.524377274902,4012097.674001087,0.16510653064664532
13990.9134609509,7084.524377274902,4077117.2082087304,0.1513327726620949
14011.007027636,7084.524377274902,4101427.9246195755,0.13363439282512202
14028.0132688474,7084.524377274902,4107131.770961171,0.10572795778349502
14273.314819906002,7084.524377274902,4132409.710622403,0.0860125528166154
14291.9233508485,7084.524377274902,4124414.419500239,0.0660449982609335
14301.3536014649,7084.524377274902,4129598.246740309,0.04090588423792182
14313.793289377,7084.524377274902,4171734.7578476756,0.02116702222857499
14374.1951940732,7084.524377274902,4178477.018582794,-0.009593172289143448
14560.4542967563,7084.524377274902,4147941.922104208,-0.028818815168702404
14646.4485446822,7084.524377274902,4129083.234953962,-0.05398046619227873
14702.9246278346,7084.524377274902,4137690.897149886,-0.08113240390678807
14869.0331068842,7084.524377274902,4087182.7712409855,-0.1030780621856444
14892.1103388129,6547.271513041502,4016506.506119663,-0.11189245251614331
14893.5520550886,6546.0781147382,3991109.112285318,-0.127600788469586
14995.753147893,6495.2916062902,3957168.869891005,-0.14394296358900696
15052.9653850893,6495.2916062902,3918551.0575415865,-0.16951588235549128
15209.6956345035,6495.2916062902,3888228.2803323176,-0.18870019751922856
15260.7699574931,6495.2916062902,3832504.586336464,-0.21515272254193374
15326.3523616002,6495.2916062902,3783981.1815681118,-0.23674172232937818
15471.2397287225,6495.2916062902,3758718.9308135663,-0.25936951983145096
15525.2957039064,6495.2916062902,3701409.4438934578,-0.2817557493711161
15680.849969196,6495.2916062902,3673687.1932454426,-0.31032965217006575
15697.2009795534,6495.2916062902,3595823.9136807364,-0.33062183622996255
15777.310626216498,6495.2916062902,3558733.8467996833,-0.3530183563691198
15810.5659603417,6495.2916062902,3471609.094556645,-0.3711750898617576
15825.62315476,6495.2916062902,3415109.9881332126,-0.3962588052146333
15896.281259886298,6495.2916062902,3352616.2577434303,-0.41973684709319137
15963.8399995458,6152.795182277701,3259524.7738200575,-0.42723652903193515
15971.6725128129,6152.795182277701,3186076.601535408,-0.4494748858199467
15995.691141071698,6152.795182277701,3159419.9267424345,-0.4724984364924592
16007.6047033184,6152.795182277701,3092997.883407379,-0.5002289535941715
16008.3088071378,6152.795182277701,3028915.705476369,-0.5242275778045296
16063.9937276576,5796.669528091901,2920167.689166847,-0.5317340694891707
16095.258181321002,5796.669528091901,2868477.800158127,-0.5621244591164507
16105.1377544282,5796.669528091901,2801722.6119662737,-0.5851821047834725
16235.7300311128,5796.669528091901,2713586.423342742,-0.6036760012420501
16242.4556176419,5796.669528091901,2671447.30185103,-0.6362848174855201
16305.355216901398,5557.346781256601,2585186.044017488,-0.6516766949536457
16384.1053666535,5557.346781256601,2522127.812645362,-0.6764355845023736
16424.2032178058,5557.346781256601,2462965.1591596566,-0.709069065726052
16485.088783757,5557.346781256601,2392900.0019718064,-0.7379108791838224
16485.088783757,5557.346781256601,2305430.1168431365,-0.7561617275388106
16534.5437617596,5557.346781256601,2221618.7365381927,-0.7760214872779739
16534.5437617596,5557.346781256601,2147901.041171932,-0.8015027503461232
16552.250570183798,5557.346781256601,2085831.100775346,-0.8316355463410153
16572.8178651028,5557.346781256601,2012866.2926965894,-0.8577005395369586
16578.5473105616,5557.346781256601,1973281.3255543446,-0.8903578785492039
16578.5473105616,5557.346781256601,1896689.180722292,-0.9137341060507517
16583.063860949398,5557.346781256601,1818925.0779824061,-0.9316320109302216
16583.063860949398,5557.346781256601,1755332.410915207,-0.9632968632553979
16583.063860949398,5076.934543941901,1644185.095149755,-0.9398950480298541
16595.151809752,5076.934543941901,1583933.5452657428,-0.9700091201866783
16595.151809752,5076.934543941901,1522810.0638233828,-0.9941679651738217
16595.151809752,5076.934543941901,1452693.1708593802,-1.0106482378207164
16595.151809752,5076.934543941901,1370055.9128404972,-1.008579303056519
16633.1449498486,5076.934543941901,1302395.3490214478,-1.0237205711074973
16633.1449498486,5076.934543941901,1261816.8229882522,-1.0577935429742369
16633.4247140637,5076.934543941901,1194697.9596541158,-1.0680031574327893
16633.4247140637,4429.9247740311,1099507.6210325265,-1.0029424030327296
16637.809089994,4429.9247740311,1055314.8648189548,-1.0317427195367719
16637.809089994,4429.9247740311,994978.7263333724,-1.032153441748233
16637.809089994,4429.9247740311,936532.6911520307,-1.0185106617923447
16637.809089994,4009.5567225335017,869469.6143918555,-0.9757259778293126
16637.809089994,4009.5567225335017,821554.8300021844,-0.9673746324055336
16646.1559946625,4009.5567225335017,785366.8483007458,-0.9888407589819344
16649.310179216398,3944.504510463301,736223.1696874032,-0.969574549259387
16649.310179216398,3682.1967181932996,687404.880702783,-0.922121809732551
16673.298941692,3682.1967181932996,659944.2955810911,-0.9468103392479665
16673.298941692,3663.5881872508016,618894.2130260909,-0.9208372671351787
16673.298941692,3663.5881872508016,584843.3613486048,-0.8710363256030761
16673.298941692,3641.7182487223017,544207.8165506759,-0.8022278826264546
16673.298941692,3641.7182487223017,520752.88389685575,-0.8106099061150746
16673.298941692,3395.057241343002,478994.81877345295,-0.711977048974684
16673.298941692,3395.057241343002,464755.08222836227,-0.6828241830447448
16689.8052144873,3395.057241343002,445166.46749685326,-0.6854880089775925
16706.5491974098,3395.057241343002,415391.4446127205,-0.6234871374616521
16706.5491974098,3395.057241343002,399228.44738248066,-0.6149552474099522
16706.5491974098,3395.057241343002,386060.39785963675,-0.6080532641267825
16708.341014735,3395.057241343002,372493.20513567154,-0.6158206232685626
16708.341014735,3395.057241343002,366630.17552488385,-0.6360165575085761
16708.341014735,3063.4011992864016,330462.5249852185,-0.42520977588834197
16708.341014735,3063.4011992864016,306126.2615723858,-0.2621005380233765
16708.341014735,2484.2718093768017,281994.3871954471,-0.04235000832759966
16708.341014735,2430.2158341929007,272349.12360436434,0.022805547062239983
16708.341014735,2430.2158341929007,268599.3560537378,0.020654909180512795
16737.663451828,2430.2158341929007,266658.65616915794,-0.008750926208071304
16738.0436810434,2430.2158341929007,261467.99894368608,-0.017219087094843284
16755.7390559611,2430.2158341929007,258451.2310664593,-0.04164669879851661
16765.7043730767,2430.2158341929007,250681.0135805046,-0.03366514814130884
16765.7043730767,2430.2158341929007,245494.8611928248,-0.0356169421457122
16765.7043730767,2430.2158341929007,241771.74335836925,-0.027705595587874172
16765.7043730767,2430.2158341929007,232078.27266456385,0.013376053879161314
16765.7043730767,2430.2158341929007,229892.00092974296,0.02915622842251183
16794.1351415588,2430.2158341929007,224979.6729244183,0.02599236384384131
16800.0882012919,2430.2158341929007,228315.8917929247,0.004375903488833744
16805.4726001342,2430.2158341929007,220951.06343747035,0.016427045355350434
16813.044935026202,2254.810208492401,209996.91540766048,0.11260954848262876
16824.31841733,2254.810208492401,210464.89378799178,0.0836199719200488
16832.177146815302,2254.810208492401,205708.13795089236,0.08473199754572489
16837.3242389986,2254.810208492401,208810.57310871684,0.07902614682856887
16854.7427935444,2254.810208492401,209424.27098766147,0.059396814196755285
16870.0514630182,2254.810208492401,206362.9983153372,0.04574467770370915
16875.5402748415,2254.810208492401,206315.45089796185,0.013847143495070307
16870.0514630182,2254.810208492401,205956.59514688238,0.027103465470922353
16875.5402748415,2254.810208492401,210878.43676873803,0.022606277948561255
16884.1875456733,2254.810208492401,214925.8761984067,0.013465805028017896
16899.684128943998,2254.810208492401,216390.94066757828,-0.012450425850825179
16909.9055846091,2254.810208492401,216203.6716865519,-0.0443230807973644
16915.7429784536,2254.810208492401,221310.56314319448,-0.03154495824247328
16948.1400805956,2254.810208492401,222308.25097800646,-0.05325172515895466
16948.1400805956,2254.810208492401,220789.31946220013,-0.057043631750977306
16948.1400805956,2254.810208492401,228458.56569137194,-0.029443586627196018
16948.1400805956,2254.810208492401,232842.43197858636,-0.03159918615621459
16948.1400805956,2475.0697033704,245199.75120974117,0.049173613452605756
16956.3675113167,2475.0697033704,252181.8935117423,0.05261124207023153
16982.6601336705,2687.8687031032005,267896.66607120575,0.1443573360616671
16982.6601336705,2687.8687031032005,272719.93493798556,0.18658885116244547
17013.6972837974,2687.8687031032005,274165.83725451387,0.1701624462194623
17013.6972837974,2687.8687031032005,279080.4998804316,0.15965278614406095
17028.7451671148,2974.7174476788987,301023.13491738884,0.29764711330520277
17028.7451671148,2974.7174476788987,320497.9071350526,0.3794244516365244
17028.7451671148,2974.7174476788987,329592.72409614903,0.3764111956768644
17028.7451671148,2974.7174476788987,337589.9677049543,0.3686593664188997
17042.2547574737,3162.0084227384014,363853.9471797402,0.47709710963747964
17042.2547574737,3162.0084227384014,372100.5793365184,0.5007444752728003
17042.2547574737,3554.6937626259005,406475.71202903416,0.7112989800615521
17042.2547574737,3614.6608417240986,446132.55348079716,0.8685906549202581
17048.8842165048,3614.6608417240986,458712.3325610399,0.8359045590292938
17048.8842165048,3614.6608417240986,475601.37764924334,0.8394185797162028
17048.8842165048,3614.6608417240986,492303.73421713884,0.8238280322266861
17048.8842165048,3614.6608417240986,528999.495281998,0.8799126390196713
17048.8842165048,3614.6608417240986,544866.8125611354,0.8823200372626557
17049.4542551989,3614.6608417240986,559601.9494461139,0.8474163514244374
17049.4542551989,4196.0430344328,620941.9117149892,0.9926426586981139
17049.4542551989,4196.0430344328,670255.1260603949,1.0364187053045364
17049.4542551989,4196.0430344328,719004.735537096,1.068118839088533
17076.6526015312,4196.0430344328,750981.5366431008,1.0394605024886572
17076.6526015312,4196.0430344328,793364.6420568919,1.0323109664435504
17076.6526015312,4196.0430344328,845215.4310316226,1.0558479405872558
17076.6526015312,4196.0430344328,876592.986046394,1.0321719546570536
17085.287176518897,4196.0430344328,923193.9087673211,1.0186208144591673
17085.287176518897,4196.0430344328,976082.9136719872,1.0230936591799629
17091.9923315422,4730.911010564201,1048919.2661730195,1.0608699985318157
17091.9923315422,4730.911010564201,1112391.3112177358,1.0585697553145557
17091.9923315422,4735.072540722702,1188076.6033202093,1.0770125861165345
17120.0347440777,4735.072540722702,1247526.0040528798,1.0554612141358006
17120.0347440777,4735.072540722702,1292559.107867682,1.0212693544904037
17132.5522289471,4735.072540722702,1345833.3870993434,0.9927259452238341
17132.5522289471,4735.072540722702,1387584.0667849295,0.9618779565600916
17151.0402886517,4958.8881075464,1462570.6340885556,0.9595111097491148
17171.7232978099,5186.586129571298,1552634.87856834,0.9663366059741795
17172.9281062728,5186.586129571298,1619679.1491107836,0.9425167125378073
17172.9281062728,5186.586129571298,1675279.8362097938,0.9104057279831217
17197.3469708986,5271.227539121201,1762719.4596678726,0.9048457975602976
17197.3469708986,5271.227539121201,1839695.3519124112,0.8927196511711957
17202.685947667702,5271.227539121201,1901792.261350515,0.8638842776427308
17210.6239126395,5469.0019270143985,1997353.7695826262,0.8574989651471379
17221.1192454768,5469.0019270143985,2043538.0191750024,0.8317308850493413
17236.5782556464,5596.199944165599,2140535.990574705,0.8229891230527945
17269.4074691039,5596.199944165599,2205997.7538540796,0.7921216218679656
17273.2448166128,5596.199944165599,2285111.3722971333,0.7717680965404463
17283.2269445486,5680.877473233801,2382150.7381670238,0.7586010970540543
17292.965050944098,5680.877473233801,2440862.0054222057,0.7247402930770551
17353.3677136195,5680.877473233801,2531211.408800003,0.7061802081132239
17362.6213022697,5680.877473233801,2603306.6008048668,0.6807704820878634
17366.2756739771,5819.249862187191,2688110.637588236,0.6632703400696416
17371.504373164,5819.249862187191,2739733.8269281653,0.6357482721051891
17377.124815984298,5819.249862187191,2813902.1975601786,0.6108918642545447
17482.8459124823,6196.759934947599,2906564.570785421,0.6023838915115999
17505.4239436077,6196.759934947599,2989940.801125681,0.5790086708233882
17584.5737750192,6196.759934947599,3080731.6107249865,0.560861959591216
17653.4945136473,6196.759934947599,3163340.7630706974,0.5369676655264348
17659.914111020702,6196.759934947599,3208781.0425398364,0.5081571293285991
17709.8990931218,6196.759934947599,3288857.7914824113,0.48387261338356125
17743.1396697198,6196.759934947599,3334104.309503415,0.45378132749888445
17865.0961055199,6196.759934947599,3348062.8339417623,0.42350361636565814
17888.9098832161,6446.9122669072,3442172.839793775,0.40953728263262856
17890.4966722211,6446.9122669072,3473713.257153201,0.38399871271923675
18006.7055205088,6446.9122669072,3496012.869279979,0.3552578700644505
18064.2757351015,6485.019359492499,3567178.928769598,0.34167237749050955
18175.7710329773,6485.019359492499,3626992.428189427,0.31823364720935304
18220.257047844498,6485.019359492499,3660617.351752724,0.29467551542826637
18317.8576979949,6485.019359492499,3720917.9704485913,0.26972640243976337
18320.8380394584,6485.019359492499,3748865.241453325,0.24828319747437183
18388.5700327101,6614.166730627801,3816027.129832264,0.23170197917826144
18482.2386094046,6614.166730627801,3874041.2593027554,0.2127062991221106
18527.2739263511,6614.166730627801,3873797.7983930046,0.18678042046150967
18545.8972861354,6614.166730627801,3911360.173933085,0.16700475817183683
18590.199217563,6614.166730627801,3948581.9094347227,0.15020341339227425
18656.8455442756,6614.166730627801,4001349.386304026,0.12880028475307032
18675.4187772858,6614.166730627801,4011969.983382193,0.09685798981973143
18862.7097523453,6614.166730627801,4016797.4992962293,0.07657121660979962
19223.6641545291,7066.067002094702,4083528.253217695,0.06421320215897955
19233.3983836303,7066.067002094702,4111325.5919268797,0.04479687234402176
19234.3535462789,7066.067002094702,4067729.113777865,0.02642142630259433
19255.3950922328,7066.067002094702,4041276.8040032573,0.0016552524678699737
19315.362171331,7066.067002094702,4059997.9203455383,-0.020730176061841594
19511.5298327969,7066.067002094702,4060278.6784135276,-0.045229607753641154
19632.5776550768,6701.203051241802,4029630.306261018,-0.048831919550293965
19642.0073181113,6701.203051241802,4034984.8017206616,-0.0729029929255618
19688.5715278775,6701.203051241802,4034712.0912649897,-0.09823991293067823
19734.2030397871,6701.203051241802,4017470.8761403756,-0.11972353012913965
19781.2229030667,6701.203051241802,3989242.74465805,-0.13912569450763512
19792.060482406498,6701.203051241802,3979719.3659977657,-0.17059003436911907
19858.8427599889,6843.688327854306,3988490.0006499323,-0.18133831535248482
19896.7443640397,6843.688327854306,3942430.66560097,-0.2077556593124819
20105.2322023917,6843.688327854306,3889765.67405119,-0.22510451470985202
20127.19626268489,6843.688327854306,3822908.1420786367,-0.24143721476162935
20154.0940624074,6843.688327854306,3779652.0513314633,-0.2463142600143619
20223.6539451469,6843.688327854306,3741331.624701594,-0.2634665104894174
20431.6123401711,6843.688327854306,3710172.2923689308,-0.29343124449385277
20435.7738703296,6843.688327854306,3690804.8427307773,-0.3232247412296851
20462.969561502,6843.688327854306,3677869.026900939,-0.34982168762285937
20606.2139138216,6843.688327854306,3672455.2801182223,-0.3707448336669325
20608.9986421601,6843.688327854306,3614069.4119739328,-0.39370930742473603
20659.5894371533,6843.688327854306,3521905.902287674,-0.41042791188558403
20695.5190219292,6843.688327854306,3445264.6545410515,-0.43364368514272317
20698.866337305903,6115.118466755306,3355047.645034717,-0.4272725731336831
20721.0537956744,6093.994606801705,3267578.574323439,-0.44727408077880176
20866.3982749509,6133.339180975399,3260800.6311553163,-0.46579674495656825
20887.2874591782,6133.339180975399,3190528.306372159,-0.4906092578708109
20971.9288687281,6133.339180975399,3133731.5540743354,-0.5211995370968728
21084.4819974527,6133.339180975399,3070559.4258632967,-0.5488514514265765
21160.5936311271,6133.339180975399,2989675.4643050656,-0.5653191263298945
21169.7032566213,6133.339180975399,2944929.7244289247,-0.5991282228383826
21171.7261980147,6133.339180975399,2857590.2428376726,-0.6210306173694518
21208.8049485478,6133.339180975399,2765493.6844149493,-0.6365569349723171
21221.4940647756,6133.339180975399,2692546.1635619095,-0.6618878551099933
21269.9726874958,5665.371237939198,2590358.539940922,-0.66849183269819
21271.2391281653,5665.371237939198,2521848.5321216127,-0.6977071905101313
21271.2391281653,5665.371237939198,2444790.288669254,-0.7199939731330516
21283.81209611929,5665.371237939198,2359634.0626796135,-0.7404906203572517
21286.4148424756,5665.371237939198,2270172.551598829,-0.7573978643019995
21296.9012737725,5665.371237939198,2205798.4588704417,-0.7881579383225997
21316.3140312851,5582.322508510701,2107676.108347709,-0.7960398905032845
21325.6950540238,5571.473366503502,2013567.707912421,-0.804331786914719
21360.574769873,5571.473366503502,1944818.476074492,-0.8306187112587439
21364.6054303725,5571.473366503502,1866845.3314516635,-0.8474742541866399
21381.5788028407,5571.473366503502,1812402.681578565,-0.8805712356848372
21381.5788028407,5571.473366503502,1735742.4021155296,-0.8976767532489205
21394.4428444714,5571.473366503502,1682529.9825819924,-0.9318817791937443
21398.964699481203,5571.473366503502,1622344.7483189725,-0.9630958941862573
21414.1356133948,5205.458512768,1520233.830570714,-0.9377921480833458
21434.2755755919,4941.892661979,1431567.8499035633,-0.927345927486362
21434.2755755919,4941.892661979,1384374.5106857128,-0.9498119381390545
21446.7333275173,4941.892661979,1331852.1118172458,-0.978762992849732
21446.7333275173,4941.892661979,1255536.6840383532,-0.9736620997678904
21454.166602274,4630.740484492901,1179642.4302365573,-0.9554169687409206
21480.0708124674,4630.740484492901,1136002.288888232,-0.9853902630503165
21480.0708124674,4630.740484492901,1067932.0766249634,-0.9694954339187154
21480.0708124674,4630.740484492901,1035863.3205877136,-1.001150919180829
21480.0708124674,4630.740484492901,1005246.9995958421,-1.0333629571889806
21480.0708124674,4466.3595730831985,934550.7407355835,-0.9994014381712435
21480.0708124674,4466.3595730831985,875140.3775833937,-0.979471405510451
21488.8977012658,4466.3595730831985,812561.1378502722,-0.9374638120094645
21488.8977012658,4466.3595730831985,776371.5008768884,-0.9525401383374842
21488.8977012658,4466.3595730831985,717247.1887261503,-0.8819105923270185
21488.8977012658,3724.9340279587013,650271.1222245941,-0.7223785191518711
21497.9912473436,3724.9340279587013,631873.0288450025,-0.7482930907622143
21497.9912473436,3724.9340279587013,606123.1654120126,-0.7505379058760601
21497.9912473436,3724.9340279587013,580150.5011402102,-0.7516484798030331
21508.2639534018,3714.2446362088995,540514.5851515374,-0.693523271063623
21511.3704675558,3714.2446362088995,510966.6358326856,-0.6683744751915917
21511.3704675558,3714.2446362088995,489549.18638575356,-0.6428224929892302
21519.95119179409,3260.026654610301,449211.84217145137,-0.5155760800798979
21519.95119179409,3214.3951427007014,423881.1827170932,-0.437378501821515
21519.95119179409,3214.3951427007014,401360.20014489634,-0.38737445456886804
21519.95119179409,3214.3951427007014,391450.60100397485,-0.3959191525411497
21519.95119179409,3214.3951427007014,376250.07048798405,-0.37025758242487056
21536.1141228245,3214.3951427007014,366658.1982107305,-0.38875914967596625
21540.8370359033,58808.735184730205,26095138.76945391,10.820244391459484
21562.5790490993,58808.735184730205,26055296.258491006,10.836992828746181
21562.5790490993,58808.735184730205,26027751.051361956,10.8483473256702
21562.5790490993,58319.284279370404,25990706.667333037,10.865570425760342
21583.9637035446,58319.284279370404,25974793.68353043,10.869940701294354
21583.9637035446,58319.284279370404,25976160.528749265,10.869389284446061
21583.9637035446,58319.284279370404,25959234.81844657,10.876034832826432
21583.9637035446,57936.7243106957,25939929.088040203,10.884616562140591
21586.519498223603,57936.7243106957,25931317.04075341,10.886921081981175
21618.3585539058,57936.7243106957,25917196.72379463,10.891348005655045
21618.3585539058,57936.7243106957,25904665.510492016,10.8962805127564
21643.260647889,57936.7243106957,25897818.628385648,10.897241709634011
21643.260647889,57847.419202588106,25883887.64821538,10.902628193542656
21646.5789653238,57847.419202588106,25878505.873381123,10.902916424827332
21647.7487400067,57844.0718872114,25862399.42293662,10.907783282942322
21650.904850361,57844.0718872114,25854634.210592862,10.908524623675568
21650.904850361,57844.0718872114,25852787.32897236,10.908917505853045
21657.7493080437,57724.8098316167,25836122.20029801,10.913838419803463
21661.3238888616,57724.8098316167,25831599.85476019,10.914546340019632
21661.3238888616,57724.8098316167,25827795.989606082,10.915616217004771
21664.4495505425,57724.8098316167,25824447.429042082,10.915100310732074
21693.9331202042,57724.8098316167,25816684.013074018,10.912643081814556
21702.9276635983,57724.8098316167,25811850.294424605,10.91315711781294
21702.9276635983,57724.8098316167,25811206.255532008,10.912566546722955
21713.9045384904,57724.8098316167,25808277.32515852,10.91012795407379
21713.9045384904,57724.8098316167,25807042.429121632,10.908607368636591
21716.6449652382,57724.8098316167,25807625.848612137,10.901312914662437
21748.916308189,57724.8098316167,25801705.151836827,10.898705331816345
21789.6921240266,57724.8098316167,25806551.14401435,10.888329091948394
21821.317332598403,57724.8098316167,25800222.121156085,10.8861130364869
21831.9537418147,57724.8098316167,25784809.79870999,10.88982968419363
21831.9537418147,57724.8098316167,25786615.847516127,10.88582979788875
21835.872421745706,57724.8098316167,25781099.72547342,10.88494617616014
21857.8602689765,57724.8098316167,25772276.873384498,10.885029101675157
21857.8602689765,57724.8098316167,25773804.761048544,10.88147476305768
21857.8602689765,57724.8098316167,25778581.901523545,10.872409818761456
21861.1235733255,57724.8098316167,25780107.17008378,10.865226868605161
21861.1235733255,57724.8098316167,25785707.99549934,10.855230361081722
21879.7332039843,57724.8098316167,25792164.129627436,10.843976254222696
21879.7332039843,57724.8098316167,25796395.691758763,10.837798373212427
21879.7332039843,57724.8098316167,25796350.568308547,10.837144725611685
21887.5273769334,57724.8098316167,25800916.92862866,10.824661069478433
21887.5273769334,57724.8098316167,25823085.628695354,10.802140086798705
21887.5273769334,57724.8098316167,25831613.074267525,10.791621000972158
21887.5273769334,57724.8098316167,25834722.383334327,10.786310575944418
21888.7743118783,57724.8098316167,25833146.134173803,10.777423578459116
21888.7743118783,57724.8098316167,25838210.286967788,10.768314278911042
21888.7743118783,57724.8098316167,25849550.286606915,10.757140372938835
21888.7743118783,57724.8098316167,25868504.9321948,10.73808197260789
21890.504813973897,57724.8098316167,25884293.07561731,10.716610691373345
21893.1092450922,57724.8098316167,25896135.931250617,10.69829079581136
21893.1092450922,57724.8098316167,25906847.852448612,10.685412204334936
21893.1092450922,57724.8098316167,25931629.860945422,10.66003927487498
21893.1092450922,57724.8098316167,25964842.65487336,10.630299398342247
21893.1092450922,57724.8098316167,26009895.165323976,10.590943345986163
21893.1092450922,57724.8098316167,26027626.6643178,10.571370048666578
21893.1092450922,57724.8098316167,26055797.82164423,10.5439943721174
21893.1092450922,57724.8098316167,26093356.163861975,10.509736245918537
21911.66681756229,57724.8098316167,26113499.750403505,10.485285202326434
21911.66681756229,57724.8098316167,26147552.82923057,10.456928978602022
21912.0765755312,57724.8098316167,26172871.067443613,10.4281813262053
21912.0765755312,57724.8098316167,26201350.366274428,10.399856897472661
21912.0765755312,57724.8098316167,26232558.583440058,10.368453287689636
21912.0765755312,57724.8098316167,26279673.525938526,10.330032966861289
21912.0765755312,57724.8098316167,26320976.961494017,10.294317261664428
21915.5692050292,57724.8098316167,26348705.889512356,10.265036522559988
21915.5692050292,57724.8098316167,26363737.783705268,10.246451439862119
21915.5692050292,57724.8098316167,26396009.974801473,10.217023850570326
21915.5692050292,57724.8098316167,26439927.852170408,10.18127976563083
21915.5692050292,57724.8098316167,26455599.362033833,10.161907938555254
21926.8224685542,57724.8098316167,26524624.83208373,10.103950924435779
21931.928205384,57724.8098316167,26544129.130397104,10.078500804887708
21931.928205384,57724.8098316167,26579826.2588117,10.047629890632892
21932.1410286678,57724.8098316167,26631237.188880377,9.998639585516061
21932.1410286678,57724.8098316167,26658888.488015454,9.974785173015071
21939.9074013507,57724.8098316167,26714066.894284863,9.926725438508381
21944.6840100107,57724.8098316167,26752798.26514214,9.888618649388592
21964.1707623984,57724.8098316167,26806997.72359934,9.841781512982836
21964.1707623984,57724.8098316167,26872274.281295545,9.789488808332305
21975.1244443019,57724.8098316167,26908119.493113495,9.754281409458127
21993.7788454262,57724.8098316167,26928168.55034838,9.723997065988598
22057.0774054335,57724.8098316167,26941263.342469603,9.703295668589767
22082.300185959302,57724.8098316167,26978003.376369014,9.667134146021851
22109.2666707873,57724.8098316167,27035294.98164516,9.618615547129098
22179.7639851329,57724.8098316167,27079870.243963864,9.574319729437878
22289.7341915144,57724.8098316167,27133885.197418865,9.521839208736331
22367.8616080648,57724.8098316167,27175298.918265287,9.48040175642935
22391.307576631298,57724.8098316167,27215315.57040978,9.438336441386003
22401.4938609434,57724.8098316167,27249470.103430554,9.39981980923136
22454.085705910496,57724.8098316167,27271446.433526162,9.367805758926298
22612.7965406049,57724.8098316167,27316784.860838834,9.323041656019708
22629.1710208702,57724.8098316167,27356453.295737226,9.28148501025439
22665.4037280194,57724.8098316167,27400259.59487836,9.239530235454907
22734.0336574718,57724.8098316167,27430544.525060147,9.205587481758721
22753.4253578883,57724.8098316167,27450652.439484376,9.173485047131074
22974.1597588133,57724.8098316167,27487193.91042044,9.132779627389077
23011.8547912033,57724.8098316167,27527287.9958709,9.09116633451872
23037.187802083903,57724.8098316167,27558435.815952577,9.056462425415626
23062.663651425297,57724.8098316167,27568574.227247044,9.030347597629214
23168.7305028094,57724.8098316167,27569843.527324785,9.005337352048171
23209.011926992203,57724.8098316167,27603827.218308154,8.965821805066225
23257.3967832318,57724.8098316167,27615280.43898964,8.937728683781307
23291.056677718,57724.8098316167,27640650.533321474,8.905565959978423
23356.3463054866,57724.8098316167,27638641.185178533,8.885423316902246
23408.4787742086,57724.8098316167,27625799.158650205,8.868783508764809
23410.3359344994,57724.8098316167,27598802.701755706,8.860319517837985
23517.4660984308,57724.8098316167,27577246.645423524,8.84813002145227
23647.2781761637,57724.8098316167,27589293.58253755,8.818423502768587
23657.2313564264,57724.8098316167,27596861.21659618,8.790816467916208
23962.5818332311,57724.8098316167,27583754.599512063,8.776056343817183
23965.7772575502,57724.8098316167,27572861.43509517,8.758259234335714
24040.2022721776,57724.8098316167,27545146.140076615,8.747902162903818
24080.608745948102,57724.8098316167,27482855.945517983,8.755648192046246
24100.0330053425,57724.8098316167,27474204.906669557,8.736317016831485
24278.154815371498,57724.8098316167,27417918.907015227,8.742377033037108
24297.428401596,57724.8098316167,27369368.298681557,8.744164528016583
24388.5913112078,57724.8098316167,27360063.70702352,8.725380913008951
24420.633276391098,57724.8098316167,27337426.349583946,8.715513355229868
24472.7860803007,57724.8098316167,27269333.517315194,8.724502720185884
24546.4402462612,57724.8098316167,27228214.871622223,8.724915932300803
24627.8228732878,57724.8098316167,27142354.232327487,8.744477578719339
24672.5489258966,57724.8098316167,27093274.21716375,8.745067234914131
24704.231698990898,57724.8098316167,27033894.51894073,8.751409165794547
24782.7078412191,57724.8098316167,26957614.564890373,8.766307086106346
24796.7286529144,57724.8098316167,26901450.69466466,8.774122593749532
24796.7286529144,6478.819637274002,3778312.2256898894,-0.25624717565491884
24798.48094122509,6792.291484663201,3784336.2382086893,-0.27145359087905724
24815.9976780248,6792.291484663201,3743004.7126251506,-0.2959815977550745
24824.14681818,6792.291484663201,3695730.7657673093,-0.3110781820582093
24858.6355945087,6792.291484663201,3681008.571943554,-0.33693625138308847
24917.458978774903,6561.319453744301,3603472.239724305,-0.34163334058246597
24955.4047271882,6561.319453744301,3547105.100384871,-0.360944334200647
25017.4559835476,6334.9625497493,3452943.0282673985,-0.373407282642806
25031.245589359103,6334.9625497493,3390913.369970258,-0.3989219249261533
25131.9887985232,6334.9625497493,3345454.4454314616,-0.42134648196659225
25147.8372249244,6241.257664480399,3252826.4621591596,-0.4361092836807352
25519.5505316806,6241.257664480399,3206525.539281772,-0.46155830295183237
25548.5204351477,6110.000452295,3117929.810171249,-0.47583214988473094
25659.0549800139,6110.000452295,3059215.6406869176,-0.5032777382254189
25682.7775576275,6110.000452295,2989020.4028782337,-0.5284415057361245
25846.7479928107,6110.000452295,2929880.9528267104,-0.556666068284841
25872.510787131898,6110.000452295,2849216.8485121885,-0.5684335547356414
25961.1232169632,6110.000452295,2782093.4593363097,-0.591089050260465
26018.3637430926,6110.000452295,2698438.7130536376,-0.6092305200045222
26070.42032501,5698.753060001509,2602587.3243507366,-0.6112604092757971
26177.762469255296,5698.753060001509,2542821.5471983547,-0.6290632928474535
26178.9738832018,5698.753060001509,2494693.014338218,-0.662761917690325
26223.5011081762,5501.1532067765,2409131.100811001,-0.676094289554648
26231.4169274396,5430.655892430899,2329946.8430682514,-0.6943107398694736
26231.4169274396,5430.655892430899,2259585.721715138,-0.7203259624059245
26231.4169274396,5430.655892430899,2179004.100792755,-0.7398315703242612
26271.2799289772,5430.655892430899,2144919.91189148,-0.7719970751804237
26319.451358644303,5430.655892430899,2085255.9219448618,-0.8011905772268325
26324.2360396021,5430.655892430899,2047551.4899776657,-0.8404040789460521
26353.0559995036,5430.655892430899,1978692.0497585058,-0.8688772000593503
26386.9995734386,5242.558269499001,1886159.544456381,-0.8761360825552441
26391.949173664103,5242.558269499001,1819625.2554001594,-0.9046920051569215
26397.9838947464,5219.112300932502,1730939.76737173,-0.9126811413818581
26402.564788971,5219.112300932502,1642420.200588007,-0.9161250741550654
26402.564788971,5219.112300932502,1566540.7574798323,-0.9279595497529248
26433.609543861403,5219.112300932502,1522088.2919296958,-0.9561363916928775
26439.1917785998,5219.112300932502,1461397.2138327977,-0.9826168689843128
26439.1917785998,5219.112300932502,1406086.9715955558,-1.0129829472597307
26449.382729334706,5219.112300932502,1357615.7419444257,-1.0490782905883003
26449.382729334706,5219.112300932502,1290768.6419753865,-1.0644863099131627
26451.8707939073,4598.565086360501,1192992.519245254,-1.0108023499915768
26451.8707939073,4598.565086360501,1143246.839859317,-1.0351496210459512
26451.8707939073,4598.565086360501,1114246.1153369402,-1.0562014992649136
26453.627285231498,4598.565086360501,1061638.0620975676,-1.0774780824929395
26480.2356597132,4319.3631998458,988589.6836122136,-1.0533909029210586
26480.2356597132,4319.3631998458,930891.4228540986,-1.044139644230462
26480.2356597132,3963.141701400098,868225.306483458,-1.0009099869064941
26480.2356597132,3963.141701400098,821660.4330665647,-0.9775175219451412
26480.2356597132,3963.141701400098,783457.1328218307,-0.9879467698133574
26480.2356597132,3963.141701400098,752294.6229555684,-0.985642160778349
26480.2356597132,3963.141701400098,713643.4657301531,-0.9785751301555268
26480.2356597132,3529.8111316156974,661593.1325084151,-0.9280864929686033
26480.2356597132,3529.8111316156974,632498.3356298254,-0.9461990128739428
26480.2356597132,3529.8111316156974,610795.6365764308,-0.9593747374552294
26480.2356597132,3529.8111316156974,596923.4545615095,-0.9903144072794564
26480.2356597132,3332.265062192302,559130.2136911703,-0.9674492659692353
26487.9197765948,3332.265062192302,534875.982345711,-0.9885866683966371
26487.9197765948,3332.265062192302,518386.17098108795,-1.0011946967986751
26487.9197765948,3332.265062192302,493785.6483601637,-0.9744267337831687
26487.9197765948,3332.265062192302,477738.0703505177,-0.9651509650690479
26487.9197765948,3332.265062192302,456240.88074552914,-0.9812008900276024
26487.9197765948,3332.265062192302,433370.8283922199,-0.9805339936233379
26487.9197765948,3332.265062192302,414515.4519913866,-1.0019715643530165
26487.9197765948,3332.265062192302,402920.60032697936,-1.0290982208898691
26487.9197765948,3332.265062192302,388528.50313531444,-1.0597809662492343
26487.9197765948,3332.265062192302,368741.3471683941,-1.0689032981068094
26487.9197765948,3221.828566355998,333356.05037905165,-0.9425771384733889
26487.9197765948,3221.828566355998,314377.9446861044,-0.9092658227158701
26488.919310789,3221.828566355998,302447.0268836151,-0.9357826374651625
26488.919310789,2794.422199539,269790.4634003912,-0.7197610233160462
26491.8853405484,2794.422199539,268579.69041053765,-0.7460558551662458
26491.8853405484,2794.422199539,248575.02486714083,-0.6613063873345018
26505.7591631535,2794.422199539,234688.9849096603,-0.6072352993246892
26510.3584704536,2794.422199539,232982.1690593358,-0.6394107802684248
26510.3584704536,2655.0151503755988,211123.73859910833,-0.4498982057033291
26510.3584704536,2655.0151503755988,207891.3997611299,-0.47278753502204474
26510.3584704536,2655.0151503755988,200819.84407657987,-0.4750141199138155
26510.3584704536,2655.0151503755988,200878.5397302563,-0.4750997194606262
26510.6154525183,2655.0151503755988,202906.06203690165,-0.49366074363214085
26517.5455584321,2655.0151503755988,196928.218888911,-0.4986479774818907
26517.5455584321,2655.0151503755988,191133.2931750318,-0.503622656769697
26524.97034985,2155.6521483311008,172164.30736333953,-0.2663964862105087
26549.904448803,2155.6521483311008,167000.280124676,-0.27099531186303694
26549.904448803,2155.6521483311008,166053.99857508534,-0.28210001212236335
26570.5527242496,2155.6521483311008,170364.0899468772,-0.275030218335892
26570.5527242496,2155.6521483311008,170281.52730240513,-0.2745424619040388
26575.1030543564,2155.6521483311008,170934.95204425894,-0.3039432551432207
26576.695801002403,2155.6521483311008,173193.9140407791,-0.31955108368944707
26577.2676718767,2155.6521483311008,172855.59276580627,-0.34075877247219455
26581.5287373125,2155.6521483311008,171813.26723052692,-0.3684530162065375
26581.5287373125,2155.6521483311008,174180.45488530883,-0.37109635463382784
26583.6952031928,2155.6521483311008,179328.35316862506,-0.34584549022812133
26594.0160562875,2155.6521483311008,183027.69231057676,-0.34505129338786733
26607.1013561022,2155.6521483311008,189071.6288805617,-0.3135317575911055
26609.196536556603,2155.6521483311008,195044.07977678446,-0.28917476788296415
26609.196536556603,2155.6521483311008,202473.3580233018,-0.22960404398628234
26609.196536556603,2155.6521483311008,203374.1743387298,-0.23309026395802465
26620.813324904502,2308.269019048901,213669.6889740679,-0.16027197790084025
26631.6040137773,2308.269019048901,217449.66463559383,-0.1727663574626777
26631.6040137773,2308.269019048901,223119.77525096695,-0.14856979708568632
26631.6040137773,2308.269019048901,230456.9377299232,-0.09365274144942676
26631.6040137773,2308.269019048901,233168.92928083206,-0.09910809653838516
26631.6040137773,2368.2873312360025,244162.79192471027,-0.04009374138894119
26635.9294254338,2368.2873312360025,253950.4543590169,-0.00978333929422981
26635.9294254338,2368.2873312360025,263301.6776025821,0.016620778219840718
26654.0960147809,2417.609006586401,273824.5709646709,0.04396224065855679
26659.4507740003,3081.437200333192,300957.3822493692,0.2617555655129066
26659.4507740003,3081.437200333192,307724.4915619311,0.2808423245200327
26659.4507740003,3081.437200333192,322824.677788603,0.3574829924198934
26662.8135318946,3081.437200333192,327831.07514584856,0.3338072373220458
26662.8135318946,3081.437200333192,344167.2941436658,0.3838792619583309
26662.8135318946,3081.437200333192,363527.73176587664,0.44249523420742193
26665.5631394579,3598.5598065373997,404909.77887940675,0.6616159196037324
26665.5631394579,3598.5598065373997,421989.4801552945,0.6846474693750356
26680.737056755,3598.5598065373997,441292.0019257324,0.6852049197741218
26704.4249248042,3598.5598065373997,458835.55840958864,0.6730349482444516
26704.4249248042,3598.5598065373997,491571.1617617012,0.7608333807049296
26704.4249248042,3827.933686843302,539950.9867198523,0.8830786268407749
26704.4249248042,3827.933686843302,564030.6533499693,0.8734745463390958
26708.9627775415,3827.933686843302,596123.2442681751,0.8795960486620554
26721.751567530697,4113.9261078952,652792.3151710337,0.9761783293102775
26721.751567530697,4113.9261078952,686572.1617592017,0.9753445583755533
26721.751567530697,4113.9261078952,739422.5965727837,1.0168336239592943
26721.751567530697,4113.9261078952,790085.6642410959,1.033028098320721
26724.316106682203,4113.9261078952,820871.0180340213,1.0001158715440919
26725.6020933241,4421.328046126902,886635.0638046422,1.0431476293800752
26725.6020933241,4421.328046126902,946576.7228961991,1.082704974246232
26725.6020933241,4421.328046126902,993477.5698910779,1.0610016346840092
26725.6020933241,4421.328046126902,1037236.7625113904,1.0408824353698167
26725.6020933241,4421.328046126902,1089697.2821813123,1.0298617430301544
26725.6020933241,4635.9997666735,1162077.5653433986,1.0455459022705504
26725.6020933241,4635.9997666735,1215932.5657881228,1.0234695153496698
26744.05104214,4635.9997666735,1251320.9289035178,0.9827169699387304
26775.5696282426,4635.9997666735,1311865.0939326193,0.9658692445760196
26775.5696282426,4889.991223975001,1391942.5677648354,0.9738071203578462
26804.9815836473,4889.991223975001,1439193.5190441143,0.9403665401741258
26804.9815836473,4889.991223975001,1506312.6349541477,0.9242116779266102
26816.000085738702,4889.991223975001,1557844.2555113588,0.8920123573260907
26833.2159322782,4928.626632322797,1631209.5283769912,0.8788302482047228
26837.7664406076,4928.626632322797,1699936.461809177,0.8602458295096845
26841.2559796988,5001.018799791902,1773395.3448227707,0.8431333008697357
26841.2559796988,5001.018799791902,1841646.3135747206,0.8209921580933865
26938.553468103,5001.018799791902,1908607.2210386593,0.7964802770809345
26984.1858516604,5476.121420922002,2000757.0158578034,0.7927067963405525
26991.5294771012,5476.121420922002,2083885.1084759515,0.7769974752440636
26991.5294771012,5476.121420922002,2164776.9377412423,0.7596628197371503
26995.3560298823,5476.121420922002,2197543.1417206544,0.721127640686041
27013.9624727946,5476.121420922002,2259069.5300830784,0.6916708051584113
27117.3869300652,5709.534655396303,2354856.1074320837,0.6843120423975146
27121.4757319426,5709.534655396303,2421572.9438439677,0.6620506695536051
27123.863534148,5709.534655396303,2474934.8380162567,0.6336005685758952
27123.863534148,5709.534655396303,2555720.5057546427,0.6140319576403568
27156.455452526698,5709.534655396303,2633603.104366352,0.5921601382880407
27245.415837815497,5709.534655396303,2708282.057439121,0.5688447899137355
27270.983478830098,5901.723162720002,2796529.201503913,0.5547395201275067
27334.242817180697,6282.5824403531005,2906203.319240523,0.5518683638110684
27339.1050648038,6282.5824403531005,3001401.479406712,0.5398458881150148
27382.126872854504,6282.5824403531005,3099282.6559727155,0.5293176743477791
27471.109724892,6282.5824403531005,3167376.982629793,0.5036253778766525
27508.919601255,6282.5824403531005,3243661.339082473,0.48989177437067233
27513.1236412611,6282.5824403531005,3312026.6584855686,0.4620544460563223
27536.4877836698,6282.5824403531005,3383356.421418702,0.43724489657773785
27599.2683087233,6753.877918117902,3488647.510419727,0.4344898158889728
27691.8256141689,6753.877918117902,3561257.679133959,0.4092272105755747
27750.7664419108,6753.877918117902,3608850.2626595357,0.38489011809979456
27763.0367482816,6753.877918117902,3671570.5192070617,0.3568946947973984
27775.8423603212,6753.877918117902,3735911.591759153,0.33886718814654454
27776.3368218308,6762.298475008101,3797055.397433946,0.341103838619306
27823.0550604687,6762.298475008101,3866107.9342559385,0.3168325028110604
27872.3767358191,6762.298475008101,3918775.746686767,0.28918604695713535
28178.2965236706,6813.4028121478,3989598.1061732518,0.28089860705395314
28190.4007442145,6813.4028121478,3995675.0550964368,0.2586463038729328
28294.419536926,6813.4028121478,4023578.7156164823,0.24834149975629982
28295.5576933779,6813.4028121478,4043437.4316485785,0.22290375858516615
28306.025305491803,6805.4013166527,4027061.7440409977,0.2042335825279147
28396.7168566188,6805.4013166527,4059117.3887147987,0.1895816537458775
28536.20492956589,6805.4013166527,4054383.862232934,0.16070895596156376
28575.9156338385,6805.4013166527,4076519.1415588004,0.13327821174319662
28888.330340171,6805.4013166527,4076435.399309733,0.11313485815042786
28903.648772547906,6805.4013166527,4076078.9223259017,0.08850076767789422
28961.7231394699,6805.4013166527,4061779.982032198,0.060397999742149315
28970.35676681669,6805.4013166527,4076736.6604545596,0.03079818686497004
29053.3275357701,6805.4013166527,4038438.962222083,0.00871728778604545
29282.701416076,6869.7666528396,4036593.1552276146,0.004953813645849993
29336.3048245391,6565.0871918675,3971070.5473244516,-0.009280647896037724
29384.3456765045,6565.0871918675,3939974.4307538313,-0.03729722214522903
29452.3225196237,6565.0871918675,3931763.308912629,-0.056828012397182735
29460.200517254303,6565.0871918675,3935572.414554324,-0.0791317551609541
29486.756775345897,6565.0871918675,3906086.8540870533,-0.10155794200340593
29568.6938371279,6565.0871918675,3881681.5785224163,-0.1265598029950821
29623.4866936781,6565.0871918675,3863562.631445663,-0.14795824072619482
29702.5454656076,6565.0871918675,3848036.222905093,-0.1655538384815773
29744.151795831,6565.0871918675,3781839.447789296,-0.18610635928560076
29770.7379349552,6565.0871918675,3777384.174178182,-0.20970306365221686
29807.0165489766,6565.0871918675,3728178.514343476,-0.2295763681689436
29876.0957753596,6565.0871918675,3688145.3065676796,-0.2564040737171844
29877.6386629831,6565.0871918675,3656092.231858691,-0.27646976866984146
29976.0293586135,6565.0871918675,3642071.413997731,-0.3045653585941018
30090.7674959062,6565.0871918675,3613300.945932948,-0.3284266611300959
30139.9788301337,6565.0871918675,3546637.9999426873,-0.35047515961724374
30320.5255281587,6565.0871918675,3494396.0114449463,-0.3727243043076449
30344.7589532077,6565.0871918675,3432635.913973616,-0.39543691830720634
30350.2299011107,6014.5110417418,3322975.056647824,-0.39935538411184546
30362.4712303025,6014.5110417418,3301938.81554602,-0.4263200439005506
30383.394361555496,6014.5110417418,3252978.621785308,-0.4559465772151748
30438.151525396097,6010.242950102198,3168925.2889141617,-0.47376540958544944
30455.7865290246,6010.242950102198,3108934.826010841,-0.49979535635615985
30610.71750853669,6010.242950102198,3044026.902566352,-0.5254779958061837
30691.9424049023,5727.283415972899,2945069.9193455074,-0.538690808290704
30733.515629066,5727.283415972899,2894903.5788422492,-0.5713886367424011
30827.230079134,5727.283415972899,2838933.2309131734,-0.5867947839126271
30912.6933427354,5727.283415972899,2766102.4773195945,-0.6128521805960565
30930.8891501547,5727.283415972899,2695470.5328404084,-0.6407039771166995
30979.8598273857,5706.106247452997,2605947.0864612935,-0.6555266436667877
30982.8743290275,5417.7458679824995,2512054.4148266637,-0.6682224574314838
31095.039339928306,5417.7458679824995,2432296.1799581833,-0.690871687480876
31095.039339928306,5417.7458679824995,2361624.8715119665,-0.7175142450070809
31096.2523497786,5417.7458679824995,2291827.566819251,-0.7432681024597126
31157.873389812,5417.7458679824995,2228741.079307707,-0.7745517806254164
31164.302384629,5417.7458679824995,2162039.1160909156,-0.8041833696546371
31164.302384629,5417.7458679824995,2096296.757754511,-0.8349627307710237
31164.302384629,5186.292502961602,1995881.618799716,-0.8360482281824169
31168.0445383947,5186.292502961602,1935279.5381026997,-0.8685134910768463
31179.669856995803,5186.292502961602,1863769.8691826959,-0.8832343989624682
31179.669856995803,5186.292502961602,1784819.1983485622,-0.8966045138470322
31179.669856995803,5186.292502961602,1713751.0461781118,-0.9166771401080183
31179.669856995803,4918.584699515999,1618175.6052413916,-0.905358879282172
31179.669856995803,4918.584699515999,1551191.700098849,-0.9253263550243492
31218.4515516706,4918.584699515999,1485214.378953798,-0.9444990610441689
31218.4515516706,4918.584699515999,1412072.5155598135,-0.9535764459550743
31218.4515516706,4918.584699515999,1343276.6503412682,-0.9635046049075415
31218.4515516706,4918.584699515999,1301499.4952966226,-0.9898911689405124
31218.4515516706,4918.584699515999,1226142.3779797582,-0.9843483406993225
31218.863564875,4918.584699515999,1170303.5614343332,-1.0044595771494016
31241.4563588112,4253.411817106498,1084014.594374717,-0.9469490183385822
31247.728469245,4137.288803851097,1025146.3055520463,-0.9463565915543348
31247.728469245,4137.288803851097,969269.459581204,-0.9330452762753673
31247.728469245,4137.288803851097,939840.4491315318,-0.9593118945154078
31247.728469245,4137.288803851097,881804.0443806985,-0.941636733462843
31247.728469245,4137.288803851097,826857.3572707883,-0.9158782413118033
31247.728469245,3855.7927069385987,766594.9419053606,-0.8585729708337004
31247.728469245,3855.7927069385987,731096.8427627587,-0.8406321562692388
31247.728469245,3855.7927069385987,705995.437397759,-0.8541647352451045
31247.728469245,3528.0595682291932,657045.367713112,-0.7796456146530628
31247.728469245,3469.9852013071977,619949.645626908,-0.7338066976618546
31247.728469245,3469.9852013071977,602007.934476909,-0.7416302965367306
31247.728469245,3461.351573960408,565234.7717739645,-0.6874273253532281
31247.728469245,3461.351573960408,543625.0456094296,-0.6889332468227868
31247.728469245,3461.351573960408,520799.9167000169,-0.691254219565587
31247.728469245,3095.4035162379987,483153.46584982076,-0.5896584363524623
31247.728469245,3095.4035162379987,471241.33279699815,-0.5902961067807388
31248.3164682072,3095.4035162379987,457141.718776685,-0.6117527585895268
31279.3388254817,3095.4035162379987,432907.4656680336,-0.5853647878872031
31280.913318951,3095.4035162379987,406107.25416552176,-0.5281336060504388
31300.809805946297,3095.4035162379987,386685.03754815384,-0.5073567553516173
31300.809805946297,3095.4035162379987,377945.8382707239,-0.5027812212580661
31313.6365283375,3095.4035162379987,360929.7077664385,-0.4807696260495062
31356.4908919527,2687.556544946099,331540.7979791165,-0.33768154144050483
31356.4908919527,2687.556544946099,317866.7093577206,-0.3149882339919068
31365.189576589903,2687.556544946099,310721.40480581473,-0.3312663872971967
31365.189576589903,2687.556544946099,292004.4485583107,-0.2472798361294297
31365.189576589903,2687.556544946099,281136.9897277686,-0.2232728497436602
31365.189576589903,2687.556544946099,267334.51794436906,-0.11951576116127866
31371.0981210383,2687.556544946099,260483.28553063294,-0.1272049021692997
31372.967247422,2687.556544946099,256487.01208316593,-0.1327041082764642
31376.8072581298,2687.556544946099,253718.90544253838,-0.14572107469804307
31395.789064800698,2687.556544946099,245054.04948575847,-0.133366379358153
31395.789064800698,2687.556544946099,236705.83478847943,-0.11769035288456066
31403.8981472047,2687.556544946099,235232.63855207976,-0.14084097805543044
31407.8076598441,2687.556544946099,233655.68240865393,-0.17121837524955744
31413.8140503604,2687.556544946099,232744.71410343406,-0.19656197428299393
31427.185659580497,1993.5568153810018,211278.52121638207,0.046842877453782045
31427.7768118831,1890.0071038549977,205987.97924118812,0.062274373822764864
31440.682728170697,1890.0071038549977,205782.53764085978,0.03952134962824988
31442.3583871113,1890.0071038549977,204263.85508651013,0.011059877775732124
31443.79176181,1890.0071038549977,202483.45889069763,0.009483183411958626
31443.9554018194,2454.487386017001,218947.30662410572,0.20118894636180804
31489.8316114634,2454.487386017001,217993.22416714803,0.17184474429007807
31504.1662921374,2454.487386017001,216325.55632496672,0.1484341275867024
31510.8631290177,2454.487386017001,219151.10650749292,0.1257857624669154
31510.8631290177,2454.487386017001,219782.86119501197,0.12170993902553828
31510.8631290177,2454.487386017001,224454.71160878395,0.11930250338851901
31510.8631290177,2454.487386017001,228247.8534738012,0.11883189520890297
31520.1984692896,2454.487386017001,237353.67643523778,0.13927674496913284
31520.1984692896,2454.487386017001,238416.44681975598,0.1306091961587519
31523.797053010097,2454.487386017001,238124.00009653944,0.10058649630803788
31527.4660871813,2454.487386017001,252379.67030315523,0.17651501355478888
31527.4660871813,2454.487386017001,255903.58437568272,0.19371540188732764
31550.8305730366,2454.487386017001,259060.1791497723,0.1747665011448563
31553.6797561729,2454.487386017001,262223.08924426505,0.15289587687569509
31558.6213857357,2454.487386017001,267990.1460565411,0.13823378231240294
31558.6213857357,2454.487386017001,280816.69314907596,0.2013309911487085
31558.6213857357,2454.487386017001,284085.84353368985,0.21589802981767084
31558.6213857357,2693.2679920729024,306028.5077003139,0.35166193716935124
31558.6213857357,2693.2679920729024,320871.54604284203,0.38235369296665495
31558.6213857357,2693.2679920729024,331785.32774386293,0.4343899644941448
31575.3011440076,2693.2679920729024,347186.15157637297,0.4506316728785469
31575.3011440076,2693.2679920729024,360129.97260156303,0.4813890683077097
31575.3011440076,2693.2679920729024,377290.4776644508,0.500612728228513
31580.6785430629,3043.649262417599,407573.6357485581,0.5981611971286768
31580.6785430629,3043.649262417599,416778.1599842139,0.5998522717119992
31596.970407019904,3161.7043296490992,448601.28925257357,0.6826486501381631
31596.970407019904,3161.7043296490992,469876.8668968152,0.6888135149042708
31596.970407019904,3187.592497113499,503317.7697020215,0.7498933590616681
31596.970407019904,3187.592497113499,530397.7406001205,0.7613902906161348
31614.7097874517,3187.592497113499,545978.0426625849,0.7321583492310751
31620.9634576309,3274.3772230068025,580628.0457663399,0.7636009400770591
31628.4854434765,3274.3772230068025,605203.966244855,0.7517787901844586
31628.4854434765,3675.5863454645987,649788.0749423634,0.8453944286305136
31631.2241002818,3675.5863454645987,674635.4865966176,0.8248215033844427
31641.5986826697,3675.5863454645987,691065.3595544639,0.7915155673913239
31641.5986826697,3675.5863454645987,721517.3398585323,0.7917291162980281
31641.5986826697,3675.5863454645987,756685.0593406706,0.8014036458078528
31641.5986826697,3675.5863454645987,791250.6770782582,0.7937170901834265
31641.5986826697,3675.5863454645987,834462.2871588916,0.8018439049004508
31641.5986826697,3675.5863454645987,875333.7696804125,0.8058901412505335
31641.5986826697,3737.4655365597027,919769.4439285704,0.8195263498690554
31670.9721845094,4051.792972748397,972853.8570645287,0.8351897184660946
31670.9721845094,4051.792972748397,1012053.8227435953,0.826693423037287
31670.9721845094,4332.953168334996,1079537.928177839,0.8570709857938008
31697.3185291952,4332.953168334996,1136661.7924451956,0.8558507223176373
31697.3185291952,4332.953168334996,1196364.305827753,0.8611766287077268
31697.3185291952,4332.953168334996,1232310.8961466248,0.8334949789816551
31697.3185291952,4332.953168334996,1292409.5853858571,0.8324399857246393
31698.6002760329,4332.953168334996,1348498.5314815943,0.8170115469765993
31698.6002760329,4760.660471010302,1430118.1691687505,0.8350306628698674
31698.6002760329,5004.316794736998,1522072.2296109751,0.8583112610361407
31766.2281641608,5014.352117143699,1609903.0535541268,0.8677325201393494
31766.2281641608,5014.352117143699,1666186.451958431,0.84456920373668
31779.572332254,5014.352117143699,1725779.5448045162,0.8180243904653979
31823.283101587003,5014.352117143699,1796526.714821912,0.8002308062325633
31860.9127905122,5014.352117143699,1855218.4074096282,0.7723846605809151
31861.6417531544,5014.352117143699,1906568.5828243862,0.7405763104075259
31863.5374144512,5224.8459559246,1991794.3182748172,0.7376000365221272
31883.8277850518,5224.8459559246,2067955.1743009351,0.721288204336267
31883.8277850518,5276.0751170846015,2161681.0492619644,0.7198108350259887
31905.9589157708,5276.0751170846015,2218030.7928693453,0.6893772485811002
31968.7495191428,5276.0751170846015,2286764.6541052405,0.6671340556672591
31975.1815155933,5276.0751170846015,2347742.6701905387,0.6385088821091811
32011.2122731077,5276.0751170846015,2412464.3321183957,0.6126009931594297
32014.375916651003,5401.1401627962005,2488674.686148189,0.5977884064437464
32029.3754775,5401.1401627962005,2541730.6587699195,0.5740557735594184
32091.9370745724,5401.1401627962005,2604967.096845018,0.5474173690190205
32135.597800404,5401.1401627962005,2658142.8440656047,0.5189993670290163
32161.3307254385,5401.1401627962005,2711156.578383048,0.4902273875245696
32174.387389522,5401.1401627962005,2766281.183120699,0.46636918111902825
32221.4116475031,6147.195750152696,2853543.708641045,0.47605463511103835
32262.8496144342,6147.195750152696,2911530.1822437593,0.4520205319616175
32411.0140324232,6147.195750152696,2976399.0817598486,0.4265107497206716
32478.983500233902,6147.195750152696,3003818.903257,0.40389159933145774
32549.8663300263,6147.195750152696,3054731.970152058,0.3877445725487386
32601.1460204126,6147.195750152696,3094640.743871698,0.37156117573420033
32829.8039612838,6147.195750152696,3154162.4254888855,0.3564055946677527
32854.1646207298,6147.195750152696,3218457.130626678,0.33386877048090907
32862.008954466,6147.195750152696,3286525.057332572,0.32288715152459485
32938.660357127,6147.195750152696,3347570.0950562814,0.30997213358359627
32964.6122589239,6243.749264814298,3398408.973770761,0.30434329490637024
32989.0037852417,6243.749264814298,3447847.8929943154,0.2854068165106491
32990.5740784752,6306.820906220299,3520575.0364533896,0.27072746995405644
32996.1886229391,6306.820906220299,3580786.2194035295,0.24617050735885634
33077.0964680681,6306.820906220299,3647436.880031535,0.228304670725122
33183.9350162654,6306.820906220299,3665103.502373336,0.2099553022677983
33234.969228995,6306.820906220299,3676038.0448908084,0.18772651712310479
33298.6805314152,6306.820906220299,3690421.2737563555,0.15984288903944618
33397.0830017584,6306.820906220299,3701187.055413108,0.1359214726681015
33538.3294236865,6306.820906220299,3711896.7605707017,0.11096856800906006
33561.8627994607,6180.379915219299,3715975.155245657,0.1010729679265857
33585.3504993397,6180.379915219299,3719535.5735425367,0.08245269840948923
33643.0389501287,6179.7977007109985,3702797.591433863,0.06485397423247609
33703.4055665712,6125.185818496902,3678433.758526227,0.047044734804740126
33729.2937340356,6393.995274598703,3690579.841560688,0.04072246931098069
33777.8443066876,6393.995274598703,3675512.1201799777,0.022486621289727556
33816.0784599289,6393.995274598703,3649979.479395242,-0.0006081858608522713
33929.893279190495,6393.995274598703,3641271.6940894914,-0.024623398368093498
33942.6783557044,6393.995274598703,3618310.91363963,-0.040107482601346785
34147.8254509242,6393.995274598703,3595979.436713045,-0.04899214157874471
34151.7192249457,6393.995274598703,3595142.5409955163,-0.0754065226822653
34169.0824929067,6393.995274598703,3585144.3135218783,-0.09914999449345265
34195.606244154704,6393.995274598703,3553684.7594496678,-0.12455621057926675
34217.2875823867,6393.995274598703,3556839.265222398,-0.14828389277072715
34279.166773481804,6393.995274598703,3504288.683215482,-0.15930486749724485
34593.4942096705,6393.995274598703,3504803.7730353614,-0.18488338539923244
34690.3936053137,6393.995274598703,3501850.8136416306,-0.20418178927248667
34746.1610501454,6393.995274598703,3463182.4859409407,-0.22521355221261047
34773.385585265,6393.995274598703,3421738.615574707,-0.249283892222883
34792.185258529,6393.995274598703,3363535.85710012,-0.27040044825353143
34841.914313452995,6393.995274598703,3301812.3781575384,-0.2897025112193279
34874.6544052571,5746.038779197301,3206844.306307404,-0.2931542185881533
34916.9256343652,5746.038779197301,3164219.2115078648,-0.31553427959930364
35007.8769500123,5746.038779197301,3124546.7898505996,-0.34643293727076196
35039.4236876569,5746.038779197301,3081312.021735965,-0.37724698238926435
35269.2750636099,5746.038779197301,3014810.968117343,-0.3983005729000248
35301.6660540067,5613.165307106799,2958009.3943382194,-0.41302660646664696
35302.3617079324,5475.7329165744995,2894848.312631876,-0.4328811388535123
35382.1709643267,5475.7329165744995,2841213.7313231486,-0.4604143594849686
35544.5459329112,5475.7329165744995,2801122.2831536625,-0.4886549759641389
35546.0180316591,5475.7329165744995,2734565.237775585,-0.5118553545249673
35556.0533540658,5475.7329165744995,2680312.1160017233,-0.5402890076250582
35569.9542597208,5446.359414734801,2607722.638731736,-0.5598321275607879
35570.0334055901,5446.359414734801,2551171.5925228675,-0.58230266497898
35582.667053356,5446.359414734801,2506294.150196505,-0.6097594828016011
35606.6239367548,5446.359414734801,2492715.28871267,-0.6444288085285502
35629.8106332811,5446.359414734801,2423939.071597507,-0.6653631886794824
