6.0,96.0,482.62587885343413,2.1041780077654404
6.0,96.0,481.9367225527313,2.1048950994459403
6.0,96.0,497.6425094645756,1.993195342877603
6.0,96.0,496.69064359113037,2.0402942711272036
5.5,96.0,422.33964305029747,2.0605552958089524
5.0,96.0,423.68428880475955,2.074118045036783
5.0,96.0,423.9810708491075,2.072983100336311
5.0,96.0,425.6944294213088,2.071114930989905
5.0,96.0,402.8075987020011,2.2109031525522007
5.0,96.0,403.4079232017306,2.212171673314843
5.0,96.0,404.0039210383993,2.213486991222243
5.0,96.0,403.6134396971337,2.2138348680625772
5.0,96.0,403.4803948080044,2.208040390017586
5.0,96.0,402.7084910762574,2.196163214393702
5.0,96.0,401.9979718766902,2.19413441134082
5.0,96.0,423.4052190373174,2.055982751849471
5.0,96.0,423.00162249864786,2.0542467909088016
5.0,96.0,418.376419686317,2.054933680990872
5.0,96.0,417.7037587885342,2.052084800277285
5.5,96.0,415.75676041103293,2.052595499631427
6.0,96.0,413.70159545700363,2.043838881197919
6.0,96.0,429.2017306652243,1.9280453978056868
6.0,96.0,427.4824229313142,1.9069782070839847
6.0,96.0,425.0444835045973,1.9054431432152197
6.5,96.0,452.636695511087,1.793013576868791
7.0,96.0,485.4618712817738,1.6894229273280914
7.0,96.0,485.9805300162252,1.6890702586979294
7.0,96.0,486.5446187128178,1.6883364678125108
6.5,96.0,489.33531638723645,1.700894843040007
6.0,96.0,488.4348296376418,1.745565080090402
6.0,96.0,488.43482963764194,1.745565080090401
6.0,96.0,472.99513250405636,1.8480222190469908
6.0,96.0,454.4056246619795,1.9629693045135983
5.5,96.0,455.9810708491076,1.959784793118131
5.0,96.0,458.1200648999459,1.9590291482516784
5.5,96.0,457.6944294213088,1.9590989309852647
5.5,96.0,457.9422660897783,1.9587338617579442
5.5,96.0,458.16657652785284,1.9585936916060571
5.5,96.0,479.39967550027035,1.841122906762963
6.0,96.0,477.2190373174689,1.8374842655908898
6.0,96.0,502.99296917252565,1.7262798737149119
6.0,96.0,536.3066522444565,1.6262008017381337
6.0,96.0,534.8945375878853,1.6128879872480553
6.5,96.0,532.8436992969171,1.6003292317781075
7.0,96.0,529.6556246619795,1.5903801290902915
7.0,96.0,526.4300973499188,1.5882975315767907
7.5,96.0,523.2363439697133,1.5877379958095137
8.0,96.0,550.4501081665766,1.4989463596440922
8.5,96.0,546.9680908599242,1.4990323464168844
8.5,96.0,546.4050838290967,1.4991657901920183
8.5,96.0,546.4050838290968,1.4991657901920181
8.5,96.0,546.0120335316387,1.496571124106366
8.5,96.0,528.0087885343428,1.5854821928210214
8.0,96.0,511.4268523526229,1.6794783411441645
8.0,96.0,513.1027582477016,1.6757955840085776
8.0,96.0,515.2748783126012,1.6721429174454194
8.0,96.0,516.7020010816659,1.6706147287225515
7.5,96.0,519.0643591130341,1.6675133505040147
7.0,96.0,502.5581395348837,1.7657468137804802
6.5,96.0,504.7161979448349,1.768728085483698
6.0,96.0,506.84153596538664,1.7719628680311499
6.0,96.0,507.92820443482964,1.7792706067927473
6.0,96.0,509.69064359113037,1.7911737514029855
6.0,96.0,509.50527312060564,1.7907986102166056
6.0,118.0,628.986073553272,1.9446398530846871
6.0,118.0,626.7524337479718,1.9374755696890629
6.5,118.0,625.1725256895619,1.9251850798728007
7.5,118.0,623.7037587885343,1.9096582599418113
8.0,118.0,646.4966197944834,1.8015100573739715
8.5,118.0,642.7194429421307,1.799594238461772
9.0,118.0,656.7724445646294,1.7107829771396235
9.0,118.0,654.2558139534884,1.7146452622977915
9.0,118.0,651.7259329367225,1.7186597130140866
9.0,118.0,649.6166846944295,1.7217381998270187
9.0,118.0,649.9572742022715,1.7213012680453377
9.0,118.0,650.3673607355328,1.7203867521278082
9.0,118.0,651.9584910762575,1.7170871840431368
9.0,118.0,652.705922120065,1.7157860451431277
8.5,118.0,586.8454570037858,1.7726920456765185
8.0,118.0,561.9967550027042,1.8820891129841177
7.5,118.0,565.0924824229314,1.879997055732365
7.5,118.0,577.7151162790698,1.7923434262714912
7.0,118.0,580.4250946457546,1.7888911936901952
7.0,118.0,591.5213628988643,1.7072282239688208
7.0,118.0,574.358166576528,1.8052066429742346
7.0,118.0,553.5127095727419,1.913372030053932
7.0,118.0,553.3933207138995,1.9125790539322025
7.0,118.0,552.0682801514333,1.9057015752176731
7.0,118.0,537.4863439697133,1.9940907021763001
7.5,118.0,534.3650621957815,1.9930713914736466
8.5,118.0,531.6846944294213,1.9935213446622562
9.0,118.0,549.572336398053,1.8834351940402931
9.0,118.0,546.6896971335857,1.8878132189588457
9.5,118.0,571.0854515954569,1.7784727579136272
10.0,118.0,567.401838831801,1.7804662500426858
10.0,118.0,564.9920227149811,1.7753712513828144
10.0,118.0,563.5878853434288,1.7765820919028348
10.0,118.0,562.742157923202,1.7773315366362858
10.0,118.0,564.22336398053,1.7790210957942216
9.5,118.0,566.8712817739317,1.7809469096244137
9.5,118.0,568.2537858301785,1.7799124964848876
9.0,118.0,553.242428339643,1.8781618693708402
9.0,118.0,555.2271498107085,1.8755942919026165
8.5,118.0,535.1045159545699,1.9894505295679095
8.0,118.0,536.2044348296375,1.9895705853318406
7.5,118.0,538.9653866955111,1.985127948182115
7.0,118.0,542.2103839913467,1.9869265425910312
7.0,118.0,529.6626554894538,2.088016842225162
7.0,118.0,531.1654948620877,2.105624253138861
7.0,118.0,531.665765278529,2.0879001517077955
7.0,118.0,512.2700108166575,2.1385957808829077
6.5,118.0,478.93090859924274,2.2912456789506175
7.0,118.0,478.27420227149815,2.2920718066239743
7.0,118.0,476.648999459167,2.2897156494785857
7.0,118.0,474.19050838290946,2.2936854702961225
7.0,118.0,472.2759599783667,2.294149446741525
7.5,118.0,469.7550027041643,2.2989298649140215
8.0,118.0,467.6652244456461,2.297773783727112
8.5,118.0,466.4661979448349,2.2985319340838517
9.0,118.0,463.7598702001083,2.303631077282999
9.0,118.0,462.2137641968633,2.310212554083317
9.0,118.0,462.45375878853446,2.3096622968136415
9.0,118.0,462.7632504056246,2.308345818113341
9.0,118.0,462.76325040562455,2.3083458181133416
8.5,118.0,443.03515413737153,2.4568308009051782
8.5,118.0,443.42239048134144,2.4599577878065397
8.0,118.0,418.9157652785289,2.632984037266607
7.5,118.0,384.72971876690093,2.846818494378927
7.0,118.0,386.48945375878867,2.8570274117645478
7.0,118.0,387.58585722011895,2.872523543199636
7.0,118.0,388.87087614926986,2.887103688927001
7.0,118.0,389.2655489453759,2.8947675242035906
7.0,118.0,389.8097620335316,2.9005826678445845
7.0,118.0,352.7681179015684,3.1691445926304116
7.0,118.0,352.8687128177393,3.1751638464303418
7.0,118.0,352.7625743645214,3.1748494888732774
7.0,118.0,352.9048134126555,3.176541409053076
7.0,118.0,353.1499459167117,3.185990365385469
7.0,118.0,353.1499459167117,3.1859903653854698
7.0,118.0,352.0315035154137,3.1880406047066754
7.0,118.0,350.33747971876704,3.1937973951151704
7.0,118.0,348.61073553272047,3.200234029886833
7.0,118.0,347.9945916711736,3.2043915829884915
7.0,118.0,346.3408599242834,3.2138291327732866
7.5,118.0,344.82652785289343,3.2189601511642705
7.5,118.0,343.8848025959978,3.224624320658892
7.5,118.0,342.93631692806935,3.230464438760752
7.5,118.0,343.5062195781504,3.2269610284880597
7.5,118.0,343.10329908058407,3.2297057733563297
7.0,118.0,344.4273931855057,3.2215485044601917
7.0,67.0,215.1953758788534,2.483477203422745
7.0,67.0,216.23201730665224,2.500097943417377
7.0,67.0,216.6538669551109,2.53268086202427
7.0,67.0,216.24783666846943,2.581055814235998
7.0,67.0,182.49107625743642,2.730282708066856
7.0,67.0,183.1227690643591,2.75188795153191
6.5,67.0,156.1373715521904,2.973610312494915
6.5,67.0,156.19753921038404,2.9581492094600708
6.5,67.0,156.16224986479176,2.9564028373633975
6.5,67.0,156.12452677122766,2.949153843543755
7.0,67.0,155.8378853434289,2.9468832350879337
7.0,67.0,155.06557598702003,2.949720858854443
7.0,67.0,154.07585181179013,2.954818192004253
7.0,67.0,153.5954570037859,2.940424517514788
7.5,67.0,152.77393185505682,2.9304264549181385
8.0,67.0,151.69456462952945,2.941780460204212
8.0,67.0,150.63994050838292,2.9444517301430992
8.0,67.0,130.72201189832342,3.2254415382266406
8.0,67.0,129.71389940508382,3.2450712659498424
8.0,67.0,110.3953488372093,3.5983390568690066
8.0,67.0,109.92806922660898,3.6111865081799674
8.0,67.0,110.86871281773932,3.587769819352268
8.0,67.0,111.67022714981071,3.581500623541311
8.0,67.0,111.0616549486209,3.630445336781185
7.5,67.0,110.41062736614386,3.702520587058175
7.0,67.0,110.7452677122769,3.7265681482205855
7.0,67.0,111.28839913466736,3.7355173675738333
7.0,67.0,81.62087614926988,4.102155121796381
7.0,67.0,82.19686316928069,4.090682412581345
6.5,45.0,40.95146024878313,2.5965588442687713
6.0,45.0,40.66846944294213,2.668912371077567
6.0,45.0,39.37317468902109,2.8026329018299614
6.0,45.0,39.293266630611136,2.8270224691023764
6.0,45.0,39.38723634396972,2.8427393967653685
5.5,45.0,39.44618712817739,2.8469230675017023
6.0,45.0,39.32247160627367,2.8453068096654475
6.0,45.0,39.41657652785289,2.804747227541277
6.0,45.0,39.78434288804761,2.7259562273472255
6.5,45.0,40.029745808545165,2.6571337389849563
7.0,45.0,40.08004326663061,2.6216751877570683
7.0,45.0,40.06665765278528,2.606777918244252
7.0,45.0,39.980530016224975,2.5688143533426917
7.0,45.0,39.99945916711736,2.521324182075653
7.0,45.0,39.53001622498648,2.559092151549998
7.0,45.0,39.530016224986475,2.559092151549999
7.0,45.0,36.55881557598702,2.7512700390935008
7.0,14.0,19.9545700378583,-0.08427854755162087
7.0,14.0,20.359113034072475,-0.08191382544474482
7.0,14.0,20.415494862087613,-0.060037034588376406
7.0,14.0,20.004461871281777,-0.027766976496374742
6.5,14.0,19.782044348296374,0.010461885286073957
6.0,14.0,19.788534342888045,0.04748375376411924
6.0,14.0,19.88818280151433,0.08868052548935249
6.0,14.0,19.47931314223905,0.1015733499359007
5.5,14.0,19.28785830178475,0.13892025339894906
5.0,14.0,18.83139534883721,0.17032247036722384
5.5,14.0,19.060573282855596,0.1400573666703113
6.0,59.0,51.87236343969713,4.519524471643179
6.0,59.0,51.75405624661978,4.504072845657641
6.0,59.0,51.7540562466198,4.504072845657637
6.0,59.0,51.79502433747972,4.5032769863171636
6.0,59.0,52.234180638182785,4.436109931262322
6.0,59.0,51.79718766901028,4.461549646002938
6.5,59.0,51.34288804759328,4.490345465899112
7.0,59.0,51.32355327203896,4.446943176783459
7.0,59.0,51.683747971876706,4.357906608631103
7.0,59.0,51.48904813412654,4.342470783956217
7.0,59.0,52.44186046511628,4.204414805906106
7.5,59.0,52.612898864250944,4.16186316373069
7.5,59.0,52.6695511087074,4.150895219448525
7.0,59.0,52.62574364521364,4.165477607095821
7.0,59.0,52.72093023255814,4.172533967117905
7.0,59.0,53.12128177393188,4.1524405998381635
7.0,59.0,53.671173607355314,4.112326985059652
6.5,59.0,53.94010275824771,4.11759493303782
6.0,59.0,53.89791779340184,4.149315602384442
6.0,59.0,53.75500270416442,4.1962162122789906
5.5,59.0,53.598837209302324,4.244857614825509
6.0,59.0,53.575040562466214,4.238258137673736
6.0,59.0,53.57504056246621,4.2382581376737365
6.0,59.0,53.36614386154678,4.274913549577299
6.0,59.0,53.38953488372093,4.267429294454002
6.0,59.0,53.38939967550028,4.27221219905334
6.0,59.0,53.273120605732835,4.277819342307813
6.0,59.0,53.38466738777717,4.241914802466797
6.0,59.0,54.77677122769066,4.056420125527995
6.5,59.0,55.19645754461872,3.9661672649818436
7.0,59.0,54.80530016224988,3.9684327056487456
7.0,59.0,54.251622498647926,3.9972973523939728
7.5,59.0,54.17698756084369,3.961319624066501
7.5,59.0,53.5669280692266,4.012229614740874
8.0,59.0,52.947539210384,4.052076195268052
8.0,59.0,53.40562466197946,3.9564247128435994
8.0,59.0,53.40562466197945,3.956424712843599
8.0,59.0,53.61979448350459,3.9160842027553286
8.0,59.0,53.591671173607345,3.937726009261941
7.5,59.0,54.266630611141146,3.8892265572132665
7.0,59.0,54.90062195781502,3.8518892155557594
7.0,59.0,55.46308815575986,3.828069307520631
6.5,59.0,55.1494050838291,3.892891030104092
6.0,59.0,54.73296376419685,3.9747952598521556
6.0,59.0,54.74486208761493,3.9918912375812807
6.0,59.0,54.47336398053003,4.037305764851809
6.0,59.0,54.37155219037318,4.062105117781205
6.0,59.0,54.46457544618713,4.069783745191183
6.0,59.0,54.35708491076258,4.095254355932579
6.0,59.0,54.35924824229315,4.08560575144019
6.0,59.0,53.968090859924295,4.089702706947843
6.5,59.0,53.46782044348295,4.110868231494885
6.5,59.0,53.46782044348295,4.110868231494883
7.0,59.0,53.517712276906465,4.067682955472889
7.0,59.0,52.96606273661439,4.0958472758800815
7.0,59.0,52.5474580854516,4.10256860830757
7.0,59.0,51.936316928069225,4.140706833560727
7.5,59.0,51.29813412655491,4.18426942193608
8.0,59.0,50.775689561925375,4.207903474325156
8.0,59.0,50.253650621957824,4.240554199075352
8.0,59.0,50.28948080043267,4.240700042442863
8.0,59.0,50.662655489453755,4.206720228915135
8.0,59.0,50.55813953488372,4.2168283740686086
8.0,59.0,51.114115738236904,4.153477363594422
8.0,59.0,51.116279069767444,4.134206763476858
8.0,59.0,51.80043266630611,4.0848281167478495
8.0,59.0,52.195916711736054,4.0820303410270045
7.5,59.0,52.54570037858301,4.085331702570904
7.0,59.0,52.62195781503515,4.103478097480986
7.0,59.0,52.85248783126014,4.097869338352707
7.0,59.0,52.62249864791779,4.16159356056892
6.5,59.0,52.224986479177915,4.247250610864361
7.0,59.0,80.52366143861546,3.996179393968716
7.0,59.0,80.42239048134125,4.000758901136068
7.0,59.0,80.43063818280152,4.004022886580533
7.0,59.0,79.75459707950243,4.0240337882510415
7.0,59.0,79.01838831800973,4.0534657138313
7.0,59.0,79.53758788534343,3.976179801312525
7.0,59.0,79.4279340183883,3.9815994424672905
7.0,59.0,79.34126554894536,3.9848964158456854
7.0,59.0,78.671308815576,4.024977167827799
7.0,59.0,78.08396430502975,4.062957534381961
7.0,59.0,78.08396430502975,4.062957534381961
7.0,59.0,78.33166576527853,4.048683553621361
7.0,59.0,78.91684694429422,4.01124189873491
7.0,59.0,79.4851270957274,3.9971338601583324
7.0,57.0,49.73783126014061,3.9945262332319684
7.0,57.0,50.349918875067594,3.952437975140303
7.0,57.0,50.84748512709572,3.9025145000832593
7.0,57.0,51.34072471606273,3.8546221217675893
6.5,57.0,51.553407247160614,3.87596472725795
6.0,57.0,52.126690102758246,3.8396452324515535
6.0,57.0,52.40575987020009,3.833989679724793
6.0,57.0,52.15156841535966,3.9016528510678037
5.5,57.0,52.07585181179015,3.956596583324398
5.0,57.0,52.221876690102775,3.9801509952249723
5.0,57.0,51.65508382909682,4.088367170980018
5.0,57.0,77.52136289886424,3.8907622986893524
5.0,57.0,77.57720389399675,3.9127748977846473
5.0,57.0,77.8415359653867,3.9107555937026643
5.0,57.0,78.01514332071393,3.9041546603148793
5.0,57.0,78.2278258518118,3.846594601884792
5.0,57.0,77.85181179015682,3.867146276455776
5.0,57.0,78.0006760411033,3.8579478082432614
5.0,57.0,78.453893996755,3.8352396685032715
5.0,57.0,78.5316387236344,3.8329159615157695
5.0,57.0,78.60911303407248,3.8306238672283968
5.0,57.0,78.60911303407248,3.8306238672283968
5.0,57.0,78.56084369929691,3.845780848219477
5.0,57.0,78.55056787452678,3.8543696159404566
5.0,57.0,78.61979448350462,3.864632124880758
4.5,57.0,79.13412655489452,3.8455365302723794
4.0,57.0,79.61343969713357,3.825666271511143
4.0,57.0,79.97038939967551,3.8337888075998046
4.0,57.0,78.58572201189833,3.973024519923839
4.0,57.0,77.9021092482423,4.068894923647583
4.0,57.0,78.03150351541373,4.0964264990097625
4.0,57.0,78.322336398053,4.105108622564461
4.0,57.0,100.2191725256896,3.701130566762836
4.0,57.0,100.67022714981076,3.6943108468220522
4.0,57.0,101.01460248783124,3.7036950160299553
4.0,57.0,100.14453758788537,3.7915451100489856
3.5,57.0,100.10235262303945,3.8307655512455363
3.0,57.0,100.0212276906436,3.872243722032566
3.0,57.0,100.38466738777718,3.870050015784934
3.0,57.0,100.0504326663061,3.877471615343849
3.5,57.0,99.7118712817739,3.885282499605595
3.5,57.0,99.71187128177392,3.885282499605593
3.0,57.0,99.95740941049215,3.8837558204440343
3.0,57.0,100.29164413196327,3.8762885759490526
3.0,57.0,100.31638723634396,3.878294773407246
3.0,57.0,100.27312060573283,3.8945273536570597
3.0,57.0,100.31922660897783,3.8885001499344436
3.0,57.0,100.77136289886425,3.8377222380976
3.0,57.0,100.81503515413738,3.8318797140747387
3.0,57.0,100.88169280692271,3.824896227045681
3.0,57.0,100.6111411573824,3.8491448902475662
3.0,57.0,100.45267712276905,3.8643955610502068
3.0,57.0,100.45267712276902,3.8643955610502085
3.0,57.0,100.03948080043271,3.899404347107552
3.0,57.0,99.87777176852354,3.9149967758648216
3.0,57.0,99.4506489994592,3.968339928777342
3.0,57.0,99.53177393185506,3.995470790665173
3.0,57.0,99.58585722011898,4.024219400539153
3.0,57.0,99.33599242833962,4.076053421964625
2.5,57.0,99.1477825851812,4.113921709544867
2.5,57.0,99.14453758788532,4.1211066791070285
2.5,57.0,99.32625743645215,4.115697009377138
2.0,57.0,99.59342888047597,4.111764794786977
2.0,57.0,99.59342888047594,4.1117647947869775
2.0,57.0,99.5447539210384,4.146811005186733
2.0,57.0,99.37060573282854,4.151722693516153
2.0,57.0,99.37060573282855,4.151722693516152
2.0,57.0,99.37060573282855,4.151722693516152
2.0,57.0,99.62479718766899,4.148570279247837
2.0,57.0,99.59653866955111,4.146894831938958
2.0,57.0,99.75027041644132,4.147193277734058
2.0,57.0,99.75027041644131,4.147193277734058
2.0,54.0,67.74364521362897,4.664296260713002
1.5,54.0,67.92969172525689,4.660724956312617
1.5,54.0,67.82220118983234,4.683941682098911
1.0,54.0,67.56260140616551,4.747468050303114
1.0,54.0,67.41049215792322,4.797699529276744
1.0,54.0,65.78366684694429,5.00412201493478
1.0,54.0,65.78366684694429,5.00412201493478
1.0,54.0,65.90062195781503,5.011264149446279
0.5,54.0,66.01081665765281,5.019201367615809
0.0,54.0,66.14061654948621,5.020723028655334
0.0,54.0,66.14061654948621,5.020723028655334
0.0,54.0,66.25040562466201,5.016048238544755
0.0,54.0,66.14061654948623,5.0207230286553335
0.0,54.0,66.20727420227148,5.0168902440607965
0.0,54.0,66.14061654948621,5.020723028655334
0.5,54.0,66.6686046511628,4.924498636479281
0.5,54.0,66.6686046511628,4.924498636479281
0.5,54.0,66.6686046511628,4.924498636479281
1.0,54.0,92.40995132504057,4.235714742646158
1.0,54.0,92.38399134667388,4.210143698647387
1.0,54.0,92.71281773931855,4.161477272875841
1.0,54.0,92.71281773931855,4.16147727287584
1.0,54.0,92.49864791779339,4.162454218375549
1.0,54.0,92.37006489994592,4.160741183643762
1.5,54.0,92.17536506219578,4.153277487109707
1.0,51.0,63.43766901027584,4.706262302401251
1.0,51.0,63.597079502433715,4.700452872161141
1.0,51.0,63.72525689561924,4.693921872476458
0.5,51.0,63.852352623039486,4.687569977577734
0.5,51.0,62.83180097349918,4.805118045148685
0.0,51.0,62.980665224445644,4.800152669840586
0.0,51.0,62.980665224445644,4.800152669840586
0.0,51.0,62.980665224445644,4.800152669840586
0.0,51.0,63.05530016224984,4.800008288447948
0.0,51.0,63.200108166576534,4.79561594858179
0.0,54.0,92.34951325040565,4.225269261193128
0.0,54.0,92.41644131963221,4.238342997399573
0.0,54.0,92.55759870200104,4.249444266049863
0.0,54.0,92.73931855056784,4.25063110990178
0.0,54.0,92.65941049215796,4.252970344562979
0.0,54.0,92.52203893996753,4.2558970943258645
0.0,54.0,92.52203893996756,4.255897094325864
0.0,54.0,92.52203893996756,4.255897094325864
0.0,54.0,92.52203893996756,4.2558970943258645
0.0,54.0,92.52203893996753,4.255897094325866
0.0,54.0,92.52203893996756,4.255897094325865
0.0,54.0,67.72485127095727,4.971378814024744
0.0,54.0,67.6576527852893,4.975072631162733
0.0,54.0,67.66806381828015,4.946035173752483
0.0,54.0,67.73715521903732,4.942148531121494
0.0,62.0,106.91887506760413,4.39251304043738
0.0,62.0,106.91887506760413,4.39251304043738
0.0,62.0,106.91887506760416,4.392513040437378
0.0,62.0,107.12006489994596,4.39285663687387
0.0,62.0,136.84707950243373,3.8457029803107576
0.0,62.0,136.84707950243373,3.845702980310757
0.0,62.0,136.84707950243373,3.845702980310757
0.0,62.0,136.84707950243373,3.845702980310756
0.0,62.0,167.03745267712276,3.4370576987953045
0.0,62.0,167.02122769064354,3.4321745612068497
0.0,62.0,167.26568415359657,3.445304690675973
0.0,62.0,166.93401838831804,3.483213383415707
0.0,62.0,166.9486208761493,3.4986623690194096
0.0,62.0,166.77893455922126,3.5171747959115276
0.0,62.0,166.95849107625742,3.532278289869672
0.0,62.0,167.1207409410492,3.547925270134052
0.0,62.0,167.17793401838836,3.5693910180944908
0.0,62.0,167.08396430502972,3.585678985613223
0.0,62.0,166.98323418063825,3.602196613904843
0.0,62.0,167.0178474851271,3.59037617108311
0.0,62.0,166.76906435911303,3.5881499778085955
0.0,62.0,166.5159545700378,3.586080151299809
0.0,62.0,168.56855056787447,3.4856863279556203
0.0,62.0,168.56855056787452,3.4698524192761515
0.0,62.0,168.74418604651163,3.4721501232106626
0.0,62.0,168.74418604651163,3.4721501232106626
0.0,62.0,168.74418604651163,3.4721501232106626
0.0,62.0,168.74418604651163,3.4721501232106626
0.0,62.0,168.74418604651163,3.4721501232106626
0.0,62.0,168.82544618712816,3.472132188357516
0.0,62.0,168.545294753921,3.4706992470992635
0.0,62.0,168.54529475392104,3.4706992470992626
0.0,62.0,168.54529475392104,3.4706992470992635
0.0,62.0,168.82544618712816,3.472132188357516
0.0,62.0,168.74418604651163,3.4721501232106626
0.0,62.0,169.02109248242297,3.4736976742708734
0.0,62.0,169.02109248242294,3.4736976742708747
0.0,62.0,169.02109248242294,3.4736976742708756
0.0,62.0,169.2936722552731,3.475398696785194
0.0,62.0,200.12885343428883,3.144392339153289
0.0,62.0,200.12885343428883,3.144392339153289
0.0,62.0,200.12885343428883,3.144392339153289
0.0,62.0,200.32355327203894,3.1253936673220957
0.0,62.0,200.03353163872356,3.125455482011527
0.0,62.0,199.672931314224,3.117407648811089
0.0,62.0,199.32138994050834,3.1165406459930796
0.5,62.0,199.02001081665765,3.1169221842771253
1.0,62.0,198.6608977825852,3.116277893933398
1.0,62.0,198.52623039480804,3.114713394553088
1.0,62.0,198.21755002704168,3.1153152124839334
1.0,62.0,198.03366684694427,3.1150948884880605
1.0,62.0,197.928069226609,3.1198090029260483
1.0,62.0,197.55597620335314,3.1096916597976874
1.0,62.0,197.23756084369927,3.1105826721028564
1.0,62.0,182.80043266630614,3.2061123153145963
1.0,62.0,182.78745267712273,3.2166985311822964
1.0,62.0,182.6203353163873,3.2362341644115284
1.0,62.0,202.99689021092473,2.954097802025286
1.0,85.0,274.085451595457,2.9616271605200812
1.0,85.0,279.3889940508382,2.8512845872494843
1.0,85.0,279.3650621957815,2.849572354497843
1.0,85.0,278.69875608436996,2.8441501977446375
1.0,85.0,278.27001081665765,2.845315894232227
1.0,85.0,277.74107625743653,2.846081968736454
1.5,85.0,277.2078150351541,2.846943432262596
1.5,85.0,303.95957274202283,2.6298058122752943
2.0,85.0,303.21322336398055,2.6287399456761436
2.0,85.0,302.61722552731203,2.629603984015606
2.5,85.0,301.92428339643044,2.6298624321264583
3.0,85.0,301.6219578150351,2.630365374784561
3.0,85.0,300.9195511087075,2.6308028967666606
3.0,85.0,276.8254461871282,2.8495548163440785
3.0,85.0,276.4413196322337,2.8499049230317834
3.0,85.0,275.87885343428877,2.8513694936130616
3.0,85.0,294.277041644132,2.647667264958327
3.0,85.0,293.96768523526225,2.6483934439758956
3.0,85.0,293.70375878853434,2.648342196514101
3.0,85.0,293.07963764196865,2.649935933850943
3.0,85.0,292.45118983234175,2.6516246325767487
3.0,85.0,291.94213088155755,2.6535655831085734
3.5,85.0,291.1260140616549,2.65401531101305
4.0,85.0,316.68969713358564,2.458738717635807
4.0,85.0,315.6491346673878,2.4569954048749834
4.0,85.0,316.49810708491077,2.4111679270469857
4.0,85.0,316.49810708491077,2.4111679270469852
4.0,85.0,315.3948080043267,2.4101073438965526
4.0,85.0,283.7735262303949,2.599287414184805
4.0,85.0,304.5765278528934,2.41575443589383
4.0,85.0,303.98715521903733,2.4181991502584097
4.0,85.0,303.98715521903733,2.4181991502584097
4.0,85.0,281.14981070849115,2.605491856262186
4.0,85.0,281.1498107084911,2.6054918562621867
4.0,85.0,281.3549215792321,2.6041465447551433
4.0,85.0,280.559221200649,2.606620359098548
4.0,85.0,255.6842888047593,2.826171606408948
4.0,85.0,256.47931314223905,2.824282966625099
4.0,85.0,256.47931314223905,2.824282966625099
4.0,85.0,256.31260140616547,2.8252968364871407
4.0,85.0,256.66901027582475,2.822763951843941
4.0,85.0,256.93131422390485,2.822248274423396
4.0,85.0,275.63061114115743,2.6164491518169513
4.0,85.0,275.63061114115743,2.6164491518169513
4.0,85.0,274.69456462952945,2.6170682346074785
4.0,85.0,298.16346673877763,2.4254009865859634
4.0,85.0,298.7479718766901,2.4228975126559362
4.0,85.0,299.3679015684154,2.4244184094660035
4.0,85.0,299.87614926987567,2.4232110142053833
4.0,85.0,300.19037317468894,2.4228152120095685
4.0,85.0,299.5474580854516,2.4586499386045864
4.0,85.0,300.0173066522445,2.4623205328587034
4.0,85.0,320.8004326663061,2.2933330878117397
4.0,85.0,320.37587885343436,2.2950105291360794
4.0,85.0,319.95024337479714,2.2967136349164394
4.0,85.0,319.9502433747971,2.29671363491644
4.0,85.0,319.52352623039485,2.2984425794525998
4.0,85.0,319.52352623039485,2.2984425794525998
4.0,85.0,320.28285559762037,2.2964067381172852
4.0,85.0,319.85722011898315,2.2981138434043644
4.0,85.0,319.85722011898315,2.2981138434043635
4.0,85.0,319.251622498648,2.300189468317498
4.0,85.0,319.67888047593294,2.2984450239467185
4.0,85.0,319.67888047593294,2.2984450239467185
4.0,85.0,319.67888047593294,2.2984450239467185
4.0,85.0,319.67888047593294,2.2984450239467185
4.0,85.0,338.4511898323418,2.149868520348312
4.0,85.0,313.9190102758248,2.305681913616888
4.0,85.0,313.9190102758248,2.305681913616888
4.0,85.0,313.9190102758248,2.305681913616888
4.0,85.0,335.01784748512705,2.1585465884446506
4.0,85.0,335.6550838290969,2.156676780007831
4.0,85.0,336.0108166576528,2.1585043976892075
4.0,85.0,335.86925365062194,2.1581758294193714
4.0,85.0,335.3468090859925,2.156342598018845
4.0,85.0,335.7015954570038,2.1560671445665065
4.0,85.0,341.9762033531639,2.06570533503865
4.0,85.0,358.6448080043266,1.9393880978826055
4.0,85.0,359.3428880475932,1.9377051495816906
4.0,85.0,360.8382909680909,1.9414697149693814
3.5,85.0,362.2011898323418,1.9427693895712688
3.5,85.0,362.63223363980535,1.9420969478872012
3.0,85.0,357.93401838831795,2.0205079857759007
3.0,85.0,358.51608977825856,2.020027254195359
3.0,85.0,359.09572742022715,2.0195832715987962
3.0,85.0,344.03893996755,2.147740737645942
3.0,57.0,279.07409410492164,2.0709553134871554
3.0,57.0,275.0547593293672,2.1527187167733386
3.0,57.0,275.9340183883179,2.1553424892665802
2.5,57.0,276.82963764196865,2.159909781035795
2.0,57.0,277.33545159545696,2.1590738513880865
2.0,57.0,277.0888318009735,2.149655514022422
2.0,57.0,277.5273120605734,2.14992887152653
2.0,57.0,251.59342888047587,2.2998028953779497
2.0,57.0,275.67130881557597,2.149163198770031
2.0,57.0,276.2932666306112,2.148896775395115
2.0,57.0,277.00648999459173,2.149566848831098
2.0,57.0,277.50094645754456,2.1489467297614118
2.0,57.0,297.03785830178475,2.010977367797849
2.0,57.0,297.695511087074,2.011001462184708
2.0,57.0,297.695511087074,2.011001462184708
2.0,57.0,306.9908058409952,1.9054051920702721
2.0,57.0,289.51663061114124,1.9994149675644661
2.0,57.0,289.66955110870737,1.9995744387098857
2.0,57.0,290.12669010275823,2.0000644251016184
2.0,57.0,290.0210924824229,1.999254337750231
2.0,57.0,290.02109248242294,1.9992543377502299
2.0,57.0,289.8919686316928,1.998759438860801
2.0,57.0,290.3603299080585,2.0013548531340204
2.0,55.0,263.9232017306652,2.0987610171107076
2.0,55.0,263.94713358572193,2.1006133541700343
2.0,55.0,262.1411573823689,2.1561298117421974
2.0,55.0,262.91630611141153,2.1601063644302703
2.0,55.0,263.6929421308816,2.1662474070053697
1.5,55.0,264.3439697133586,2.167607622266267
1.0,55.0,241.24783666846952,2.3222213623927797
1.0,55.0,241.6619794483505,2.3219781342442176
1.0,55.0,241.6619794483505,2.3219781342442176
1.0,55.0,253.14926987560855,2.1790406000873483
1.5,55.0,273.69131963223373,2.0378955835888926
1.5,55.0,273.6913196322337,2.037895583588893
1.5,55.0,273.69131963223373,2.0378955835888926
2.0,55.0,293.72917793401837,1.909722984137315
2.0,55.0,293.72917793401837,1.909722984137315
2.0,55.0,293.72917793401837,1.909722984137315
1.5,55.0,294.10343428880475,1.9092442631279856
1.5,55.0,294.10343428880475,1.9092442631279856
1.5,55.0,293.95132504056244,1.9089879379633596
1.0,55.0,275.0627366143861,2.0372079812366857
1.5,55.0,274.29529475392104,2.0346403370127666
1.5,55.0,274.2952947539211,2.0346403370127653
1.5,54.0,249.0780151433207,2.1670830602448174
2.0,54.0,248.4418604651163,2.1657578837668865
2.0,54.0,248.06760411032994,2.162420642839891
2.0,54.0,248.06760411032994,2.162420642839891
1.5,54.0,248.39480800432665,2.1616851926628535
1.0,54.0,248.9529475392104,2.1619270993910424
1.0,54.0,249.40359653866963,2.1615622996546944
1.0,54.0,226.14981070849112,2.311910935146245
1.0,54.0,225.94808004326663,2.310757602906824
1.0,54.0,226.08396430502972,2.310642752906797
1.0,54.0,226.08396430502972,2.310642752906797
1.0,54.0,247.59599783666843,2.156362593251918
1.0,54.0,247.59599783666837,2.1563625932519193
1.0,54.0,246.86046511627907,2.149727267215913
1.0,54.0,247.353299080584,2.1128587495970215
1.0,60.0,277.3208491076258,2.005902962072446
1.0,60.0,277.0936992969171,2.004542869937092
1.0,60.0,276.72593293672253,2.005296040136376
1.0,60.0,276.72593293672253,2.005296040136376
1.0,60.0,276.5300162249864,2.0058680230272
1.5,60.0,276.01041103299076,2.006512865562714
1.0,60.0,255.04448350459703,2.142999073746801
1.0,60.0,255.04448350459697,2.1429990737468025
1.0,60.0,255.04448350459703,2.142999073746801
1.0,60.0,254.86154678204434,2.143652175847141
1.0,60.0,231.9691725256896,2.2939934679486176
1.0,60.0,231.80002704164414,2.294736492854825
1.0,60.0,253.05678745267716,2.142024955001048
1.0,60.0,253.73080043266629,2.142890849451465
1.0,60.0,254.50027041644137,2.1468739045982304
1.0,60.0,254.83396430502978,2.146137526887566
1.0,60.0,247.06828015143316,2.266301845772936
1.0,60.0,226.67888047593289,2.436315423484391
1.0,60.0,226.67888047593289,2.4363154234843902
1.0,60.0,226.67888047593289,2.436315423484391
1.0,60.0,226.67888047593289,2.4363154234843902
1.0,60.0,226.83396430502978,2.435677768795023
1.0,60.0,247.23688480259605,2.265729334615213
1.0,60.0,247.4052190373174,2.2651639382031306
1.0,60.0,247.57328285559763,2.264605631801307
1.0,60.0,247.4052190373174,2.265163938203131
1.0,60.0,247.5732828555976,2.2646056318013073
1.0,60.0,247.88534342888056,2.263948460584237
1.0,60.0,247.88534342888056,2.263948460584237
1.0,60.0,247.71782044348296,2.2644932822092407
1.0,60.0,247.4052190373175,2.26516393820313
1.0,60.0,247.50256895619262,2.2769416793436106
1.0,60.0,247.1023526230395,2.261280553049506
1.0,60.0,247.37060573282852,2.2614342968156658
1.0,60.0,247.37060573282852,2.2614342968156653
1.0,60.0,247.37060573282852,2.2614342968156658
1.0,60.0,247.37060573282852,2.2614342968156658
1.0,60.0,247.0558409951325,2.2621447824729572
1.0,60.0,226.6934829637642,2.43157277691354
1.0,60.0,226.6934829637642,2.4315727769135393
1.0,60.0,227.02001081665767,2.4325761181535923
1.0,60.0,216.36398053001628,2.5961427817742218
1.0,60.0,215.22620335316387,2.651207741854909
1.0,60.0,215.4825581395349,2.6505505861547936
1.0,60.0,215.62195781503516,2.6499586972410736
1.0,60.0,234.44131963223361,2.4570322114511884
1.0,60.0,234.75243374797182,2.458374788383916
1.0,60.0,235.20997836668468,2.4593069812677264
0.5,60.0,235.4836398053002,2.458890198940274
0.5,60.0,234.62371552190365,2.48372351319824
0.0,60.0,235.15467820443473,2.490225033926762
0.0,60.0,235.51771227690648,2.490477738302513
0.0,60.0,235.51771227690648,2.490477738302513
0.0,60.0,235.3737155219038,2.49086023879316
0.5,60.0,235.00987020010803,2.490627031716739
0.5,60.0,235.00987020010803,2.490627031716739
1.0,60.0,234.86479177934015,2.491036175036198
1.0,60.0,234.86479177934015,2.491036175036198
0.5,60.0,222.31746890210923,2.668391807986768
0.0,60.0,199.16887506760412,2.9019739827913207
0.0,60.0,199.16887506760412,2.9019739827913216
0.0,60.0,199.5359653866955,2.9055600250509723
0.0,60.0,175.61506219578152,3.1857594300388343
0.0,60.0,175.61506219578152,3.1857594300388343
0.0,60.0,175.61506219578152,3.1857594300388348
0.0,60.0,175.61506219578152,3.1857594300388348
0.0,60.0,175.3672255273121,3.185209462307143
0.0,60.0,175.3305840995132,3.1836118082318667
0.0,60.0,175.027041644132,3.17937219864474
0.0,60.0,175.032990805841,3.1844729073840217
0.0,60.0,175.28948080043267,3.195225220500275
0.0,60.0,175.46511627906978,3.1980062545623964
0.0,60.0,175.56855056787452,3.1874174391300474
0.0,60.0,175.55759870200112,3.190343983402764
0.0,60.0,175.5575987020011,3.190343983402764
0.0,60.0,175.35857220118987,3.1754692536696223
0.5,60.0,175.06652244456467,3.1735380733123604
1.0,60.0,174.87236343969715,3.174081870086595
1.0,60.0,174.55665224445647,3.1701985346266497
1.0,60.0,174.55665224445644,3.1701985346266506
1.0,60.0,174.36398053001622,3.1679056320905827
1.0,60.0,174.36398053001622,3.1679056320905836
1.0,60.0,150.02934018388316,3.5087793662591893
1.0,60.0,149.95511087074098,3.5087307578574056
1.0,60.0,149.8584369929692,3.526115309140101
0.5,60.0,148.2931314223905,3.617991646245667
0.0,54.0,112.14386154678202,4.019514484336343
0.0,54.0,112.28515413737158,4.027857925016044
0.0,54.0,112.40954570037857,4.027312507167655
0.0,54.0,112.40954570037857,4.027312507167655
0.0,54.0,112.48296376419688,4.02636436422094
0.0,54.0,112.63182801514328,4.027774669816063
0.0,54.0,112.47931314223902,4.0232743175518
0.0,54.0,112.47539210383994,4.020198686408245
0.0,54.0,112.47539210383994,4.020198686408245
0.0,54.0,112.5490805840995,4.019242475404773
0.0,54.0,112.62249864791778,4.0183056157628485
0.0,54.0,112.69564629529478,4.017388040352712
0.0,54.0,86.35708491076255,4.637487679192831
0.0,54.0,86.35708491076255,4.637487679192831
0.0,54.0,86.28880475932934,4.624737556385591
0.0,55.0,117.06828015143327,4.031466439384382
0.0,55.0,117.34410492157924,3.987768270565181
0.0,55.0,117.34410492157924,3.987768270565181
0.0,55.0,119.78204434829635,3.8372998958289313
0.0,55.0,119.69835045970795,3.8384828559842328
0.0,55.0,119.69835045970795,3.8384828559842328
0.0,55.0,119.69835045970797,3.838482855984232
0.0,55.0,94.94551108707407,4.390363422478952
0.0,55.0,94.94551108707407,4.390363422478952
0.0,55.0,94.80151433207139,4.390181806094691
0.0,55.0,94.80151433207139,4.39018180609469
0.0,55.0,94.80151433207139,4.390181806094691
0.0,55.0,94.80151433207139,4.3901818060946916
0.0,55.0,94.8015143320714,4.39018180609469
0.0,55.0,95.35045970795025,4.321912141503594
0.0,55.0,95.31746890210924,4.317071564419494
0.0,55.0,95.4753921038399,4.320002876404232
0.0,55.0,94.99202271498103,4.386830852466891
0.0,55.0,95.06273661438615,4.385162310827385
0.0,55.0,66.506760411033,4.934313760795408
0.0,55.0,66.50676041103301,4.9343137607954075
0.0,55.0,66.50676041103299,4.934313760795409
0.0,55.0,96.28934559221203,4.2731242817236925
0.0,55.0,96.28934559221202,4.273124281723693
0.0,55.0,96.13642509464577,4.2732587907773665
0.0,55.0,96.05638182801516,4.271723919899221
0.0,55.0,96.05638182801513,4.271723919899224
0.0,55.0,96.05638182801513,4.271723919899224
0.0,55.0,95.98107084910761,4.273582661795461
0.0,55.0,95.98107084910761,4.273582661795461
0.0,55.0,74.08883180097351,5.01551285868818
0.0,55.0,74.15143320713901,5.012811653788372
0.0,55.0,74.15143320713901,5.012811653788373
0.0,55.0,74.151433207139,5.012811653788373
0.0,55.0,73.7160627366144,5.09151143347196
0.0,55.0,73.71606273661439,5.091511433471962
0.0,55.0,73.6464305029746,5.079073985364203
0.0,55.0,73.6464305029746,5.079073985364201
0.0,55.0,73.70740941049216,5.07645023851132
0.0,55.0,73.81895619253649,5.0765737848712655
0.0,55.0,97.90156841535969,4.313438348153381
0.0,55.0,97.82422931314227,4.311721326136237
0.0,55.0,97.82422931314224,4.311721326136238
0.0,55.0,97.82422931314227,4.311721326136237
0.0,55.0,97.82422931314224,4.311721326136238
0.0,55.0,97.82422931314227,4.311721326136237
0.0,55.0,97.82422931314227,4.311721326136237
0.0,55.0,102.87087614926988,4.020988581924481
0.0,55.0,111.05678745267714,3.6789893064592967
0.0,55.0,110.96768523526231,3.6805490251641886
0.0,55.0,110.9676852352623,3.6805490251641904
0.0,55.0,111.16441319632231,3.679923152707164
0.0,55.0,137.3061114115738,3.32198055182802
0.0,55.0,137.57720389399677,3.3262095664459417
0.0,55.0,137.83572201189835,3.327949264919841
0.0,55.0,137.83572201189835,3.327949264919842
0.0,55.0,137.93455922120066,3.3269513333862286
0.0,55.0,137.96768523526228,3.3459182083389507
0.0,55.0,138.21579232017305,3.3510233212133436
0.0,55.0,138.0941049215793,3.34982265462713
0.0,55.0,138.1083017847485,3.3694680293569634
0.0,55.0,138.34302325581396,3.372089297834671
0.0,55.0,138.34302325581396,3.372089297834671
0.0,55.0,166.50676041103304,3.0776504355500016
0.0,55.0,166.68482963764197,3.0804681920713226
0.0,55.0,166.9649810708491,3.082835119921608
0.0,55.0,166.9649810708491,3.082835119921608
0.0,55.0,166.86046511627907,3.083358930287091
0.0,55.0,176.39643050297454,2.8738530617567544
0.0,55.0,183.2851541373716,2.7138447355491775
0.0,55.0,183.35329908058412,2.6834564059311496
0.0,55.0,183.70916711736075,2.643103455323953
0.0,55.0,183.3305840995133,2.631727742508731
0.0,55.0,182.91076257436455,2.6289481798157306
0.0,55.0,182.99689021092487,2.5961716396872525
0.0,55.0,182.56206057328293,2.5859951275758917
0.0,55.0,182.10708491076258,2.5839857867591176
0.0,55.0,182.5181179015684,2.584398378558719
0.0,55.0,182.9248242293132,2.5849362217877574
0.0,55.0,182.9248242293132,2.5849362217877574
0.0,55.0,182.9248242293132,2.5849362217877574
0.0,55.0,182.5181179015684,2.5843983785587183
0.0,55.0,182.5181179015684,2.584398378558719
0.0,55.0,182.65508382909684,2.5835808222250654
0.0,55.0,182.40413737155222,2.584578796087856
0.0,55.0,182.44835045970794,2.5861692830010847
0.0,54.0,154.70970795024337,2.750086319276417
0.0,54.0,154.94875608436993,2.739091775348115
0.0,54.0,154.64250946457543,2.739897880127902
0.0,54.0,153.00608436992974,2.822502663230723
0.0,54.0,153.00608436992974,2.822502663230723
0.0,54.0,153.0060843699297,2.8225026632307237
0.0,54.0,152.8853434288805,2.8235235242266343
0.0,54.0,153.1032990805841,2.822309848766824
0.0,54.0,153.1032990805841,2.8223098487668237
0.0,54.0,153.10329908058407,2.822309848766824
0.0,54.0,153.0060843699297,2.8225026632307237
0.0,54.0,152.78758788534344,2.8237386147943697
0.0,54.0,152.78758788534344,2.8237386147943697
0.0,54.0,152.7875878853434,2.82373861479437
0.0,54.0,152.4894537587885,2.8508529993002734
0.0,54.0,152.8247701460249,2.8516921472790284
0.0,54.0,152.8247701460249,2.8516921472790284
0.0,54.0,152.70646295294753,2.852662712938876
0.0,54.0,152.70646295294753,2.852662712938876
0.0,54.0,152.22187669010273,2.901118974208001
0.0,54.0,152.22187669010273,2.901118974208001
0.0,54.0,151.90062195781502,2.8999820354517234
0.0,54.0,124.37587885343427,3.1215434423578428
0.0,54.0,124.37587885343427,3.121543442357842
0.0,54.0,124.60911303407245,3.121252482626532
0.0,54.0,124.73999459167113,3.1221715713200666
0.0,54.0,124.52136289886425,3.1095305783855864
0.0,54.0,124.4425365062196,3.1096483092773943
0.0,54.0,124.54461871281777,3.108464724591403
0.0,54.0,124.54461871281777,3.108464724591403
0.0,54.0,124.45335316387232,3.085301034236109
0.0,54.0,124.45335316387232,3.085301034236109
0.5,54.0,124.20876149269878,3.086005434760271
1.0,54.0,123.96173607355333,3.086833186806191
1.0,54.0,124.05840995132509,3.051627520681488
1.0,54.0,123.75987020010814,3.0512971812543723
1.0,54.0,124.0201460248783,3.026947024898584
1.0,54.0,123.7220118983234,3.0172346629752025
1.0,54.0,123.72201189832343,3.0172346629752007
1.0,54.0,123.7220118983234,3.0172346629752016
1.0,54.0,101.60045970795021,3.27961848857097
1.0,54.0,101.82963764196857,3.277736743210058
1.0,54.0,101.8296376419686,3.2777367432100553
1.0,54.0,101.73025959978364,3.279704222596919
1.0,54.0,101.63061114115737,3.281694999703925
1.0,54.0,101.53069226608979,3.283709195068303
1.0,54.0,123.65224445646294,3.020403392038321
1.0,54.0,119.42360735532718,3.1933049952914923
1.0,54.0,111.6089778258518,3.458286093788198
1.0,54.0,111.60897782585177,3.458286093788199
1.0,54.0,111.34464575446188,3.4551356849466486
1.0,54.0,111.08829096809085,3.448361008050493
1.0,54.0,85.08491076257438,3.7858905182611857
1.0,54.0,85.08491076257438,3.785890518261186
1.0,54.0,84.99689021092485,3.7886286141702437
1.0,54.0,84.7852893455922,3.785059833477207
1.0,54.0,84.7852893455922,3.785059833477207
1.0,54.0,84.68320713899404,3.773579599676437
1.0,54.0,84.5242022714981,3.7777161791438845
1.0,54.0,84.72742022714979,3.774249617262915
1.0,54.0,84.81787452677122,3.7713200301834364
1.0,54.0,84.81787452677122,3.771320030183437
1.0,54.0,84.97471606273659,3.7674025274838088
1.0,49.0,56.14940508382909,3.8831825808550993
1.0,49.0,56.224445646295294,3.8791917813597188
1.0,49.0,56.224445646295294,3.8791917813597188
1.0,49.0,56.2244456462953,3.8791917813597183
1.0,49.0,56.29921579232017,3.8752520481881745
1.0,49.0,45.53596538669551,4.425884674307895
1.0,49.0,37.29367225527312,5.145594992587261
1.0,49.0,36.46295294753921,5.352892569553556
1.0,49.0,35.11898323418064,5.66876822975726
1.0,49.0,34.834099513250415,5.771507287073519
1.0,49.0,34.834099513250415,5.771507287073519
1.0,49.0,33.61722552731206,6.09460292931891
1.0,49.0,33.27312060573283,6.209933319592241
1.0,49.0,33.2029475392104,6.246847681359682
1.0,49.0,33.13358572201191,6.2492277852490545
1.0,49.0,33.08666846944295,6.257217170492154
1.0,49.0,50.0,5.039665139922763
1.0,49.0,49.9048134126555,5.035261929343017
1.0,49.0,50.0,5.039665139922763
1.0,49.0,50.0,5.039665139922763
1.0,49.0,50.07477014602489,4.996859056728773
1.0,49.0,50.15805840995132,4.965570989945154
1.0,49.0,50.260816657652796,4.969012531067072
1.0,49.0,50.081260140616536,5.030332308749554
1.0,49.0,49.16657652785289,5.201139660265323
1.0,49.0,49.26027582477014,5.2004303609947105
1.0,49.0,49.26027582477015,5.200430360994708
1.0,49.0,49.229313142239036,5.200551436012665
1.0,49.0,49.22931314223905,5.200551436012663
1.0,49.0,49.28353163872364,5.196381712265476
1.0,49.0,49.28353163872364,5.196381712265475
1.0,49.0,49.49337479718768,5.129078942747637
1.0,49.0,49.49337479718768,5.129078942747637
1.0,49.0,49.49337479718767,5.129078942747638
1.0,49.0,49.52623039480798,5.128722950688994
1.0,49.0,63.55273120605735,4.354263604819585
1.0,49.0,65.87452677122772,4.117934095023483
1.0,49.0,66.01730665224446,4.120777235858532
1.0,49.0,66.01730665224446,4.120777235858533
1.0,49.0,65.94713358572201,4.123656847027108
1.0,49.0,65.89994591671173,4.124061970728709
1.0,49.0,65.77623039480797,4.115227601381331
1.0,49.0,65.6258788534343,4.11316930743739
1.0,49.0,65.6258788534343,4.113169307437391
1.0,49.0,65.77623039480798,4.1152276013813305
1.0,49.0,65.69875608436992,4.109979908626923
1.0,49.0,65.69875608436992,4.109979908626924
1.0,49.0,65.6258788534343,4.11316930743739
1.0,49.0,65.6987560843699,4.109979908626926
1.0,49.0,65.7129529475392,4.136892593049138
1.0,49.0,65.70849107625742,4.12455146071417
1.0,49.0,65.70849107625742,4.12455146071417
1.0,49.0,65.70849107625743,4.1245514607141684
1.0,49.0,65.50527312060572,4.178055757721403
1.0,49.0,65.43388318009734,4.1602961421409
1.0,49.0,65.57544618712818,4.158781845870454
1.0,49.0,65.64521362898863,4.160421222893095
1.0,49.0,71.38236884802595,3.8454114266186066
1.0,49.0,71.40143320713901,3.8397873694130964
1.0,49.0,70.93415359653868,3.8977448988353656
1.0,49.0,70.82801514332073,3.926396569084898
1.0,49.0,70.70849107625742,3.9288664667346476
1.0,50.0,95.27582477014603,3.5841197922751444
1.0,50.0,95.27582477014603,3.5841197922751444
1.0,50.0,95.27582477014603,3.5841197922751444
1.0,52.0,121.3180097349919,3.2827897487797757
1.0,52.0,121.24188750676039,3.2829949693069755
1.0,56.0,151.17360735532722,3.042785071768009
1.0,56.0,151.28785830178478,3.0417199146076754
1.0,56.0,129.02704164413194,3.3488127141808306
1.0,56.0,129.02704164413194,3.3488127141808315
1.0,56.0,129.20605732828554,3.347269424658698
1.0,56.0,129.3067874526771,3.345978331370888
1.0,56.0,129.47444564629527,3.3513022718901975
1.0,56.0,129.71782044348296,3.359379008095781
1.0,56.0,129.81557598702003,3.3582269642560485
1.0,56.0,129.81557598702003,3.3582269642560485
1.0,56.0,129.65548945375878,3.3525926053314126
1.0,56.0,158.68469442942128,3.0758633874311987
1.0,56.0,158.68469442942128,3.0758633874311987
1.0,56.0,159.00432666306108,3.082314297457857
1.0,56.0,158.9401027582477,3.081549402880575
1.0,56.0,158.63399134667384,3.0802333378883264
1.0,56.0,158.4328015143321,3.0812223912420107
1.0,56.0,158.16387236343965,3.0815771430893486
1.0,56.0,158.16387236343968,3.0815771430893473
1.0,56.0,157.89250946457548,3.082026766572373
1.0,56.0,180.33707409410493,2.821505779612
1.0,56.0,180.3370740941049,2.821505779612001
1.0,56.0,180.3370740941049,2.8215057796120004
1.0,56.0,179.95849107625745,2.810684164090466
1.0,56.0,179.95849107625745,2.810684164090466
1.0,56.0,180.38358572201193,2.815259007850944
1.0,56.0,180.00824770146025,2.8146755131049925
1.0,56.0,180.00824770146025,2.8146755131049925
1.0,56.0,180.13737155219033,2.813801835515276
1.0,56.0,180.54637641968634,2.8161724923929277
1.0,56.0,180.67387777176856,2.8153533129827
1.0,56.0,180.98499188750677,2.8149823875433615
1.0,56.0,181.21430502974584,2.814115566005332
1.0,56.0,181.5213628988643,2.8138780854893533
0.5,56.0,181.6464305029746,2.8131465437223575
0.0,56.0,167.47160627366142,3.054674659585841
0.0,56.0,167.7852893455922,3.056058888875181
0.0,56.0,167.47160627366142,3.0546746595858405
0.0,56.0,167.47160627366142,3.054674659585841
0.0,56.0,191.36343969713363,2.8064505737869854
0.0,56.0,191.37276906435906,2.8087637138706874
0.5,56.0,190.97458085451598,2.80583102114622
1.0,56.0,190.84221200649006,2.7824709204752054
1.0,56.0,190.70957274202271,2.763484602274802
1.0,56.0,190.29421308815574,2.753381945127296
1.0,56.0,213.77717685235268,2.5447389170541688
1.0,56.0,214.65941049215795,2.497609654157526
1.0,56.0,214.18672255273123,2.497546106904665
1.5,56.0,213.902244456463,2.498598391881234
1.5,56.0,213.902244456463,2.498598391881233
1.0,56.0,214.32341806381817,2.5070614572753684
1.0,56.0,215.49770146024875,2.456025178767276
1.0,56.0,215.63061114115737,2.455768854126673
1.0,56.0,215.63061114115737,2.455768854126673
1.0,56.0,205.01568415359657,2.6244340199414964
1.0,56.0,203.56206057328288,2.6786852349377503
1.0,56.0,203.56206057328288,2.6786852349377503
1.0,56.0,203.56206057328285,2.678685234937751
1.0,56.0,203.70416441319634,2.677877027584064
1.0,56.0,203.9643050297458,2.6768803236387186
1.0,56.0,220.01041103299082,2.4843816387568505
1.0,56.0,220.1975392103839,2.485562280603283
1.0,56.0,219.8117901568415,2.486049014228404
1.0,56.0,219.34018388318006,2.485800842133486
1.0,56.0,245.56422390481342,2.3171812374816385
1.0,56.0,244.95781503515414,2.315965200442651
1.5,56.0,249.10127095727424,2.2242256378488356
2.0,61.0,280.4342888047594,2.10363294598803
2.0,69.0,321.08234180638175,2.0256734774934544
2.0,69.0,320.83829096809086,2.0184408733248356
2.0,69.0,319.78258518117906,2.014644460724806
2.0,69.0,346.4506489994592,1.8933838045040516
2.0,69.0,345.65765278528943,1.870562994569306
2.0,69.0,345.91779340183894,1.871860229378927
2.0,69.0,344.6197944835045,1.862054425142423
2.5,69.0,343.5160897782585,1.8557733406367372
2.0,69.0,341.50527312060575,1.9117273773253536
2.0,69.0,341.8081395348837,1.9124872269957593
2.0,69.0,342.59667387777176,1.9118077142468552
2.0,69.0,343.0358301784749,1.9109195038268814
2.0,69.0,343.4739048134127,1.9100509908395542
2.0,69.0,326.1672525689563,2.035940998025309
2.0,69.0,326.1672525689563,2.0359409980253096
2.0,69.0,325.9502433747972,2.036558389452319
2.0,69.0,306.03893996755,2.17738391913865
2.0,98.0,395.80854515954564,2.3452772438862683
2.0,98.0,371.67874526771226,2.5166520838299853
2.0,98.0,370.57666306111423,2.5094649110394056
2.0,98.0,369.8583017847487,2.504878771946595
2.5,98.0,368.702677122769,2.498301996057113
3.0,98.0,367.59707950243364,2.4876597568199164
3.0,98.0,366.3862898864251,2.485372512383957
3.0,98.0,365.36411573823693,2.478915517808108
3.0,98.0,364.15481341265536,2.4785363822843736
3.5,98.0,448.49864791779333,2.445918795691635
4.0,98.0,471.4131963223363,2.2913016586775887
4.0,98.0,471.4131963223363,2.291301658677589
4.0,98.0,450.4468631692807,2.4197969560575516
4.0,98.0,453.34572742022715,2.355986558283295
4.0,98.0,452.8200378583017,2.3577372395277454
4.0,98.0,453.5732828555977,2.3555052824734166
4.0,98.0,452.7685235262305,2.34935775648068
4.0,98.0,453.29691725256896,2.3475906874951677
4.0,98.0,454.0525959978366,2.3453625547257904
4.0,98.0,454.05259599783653,2.3453625547257912
4.0,98.0,454.8058409951326,2.3431757474624524
4.0,98.0,439.676041103299,2.4783315230702523
4.0,98.0,439.676041103299,2.4783315230702523
4.0,98.0,439.4154948620877,2.479347149410779
4.0,98.0,456.9561925365062,2.340049038606214
4.0,98.0,456.80002704164434,2.3397781110924365
4.0,98.0,456.3428880475935,2.3094055497958177
4.0,98.0,456.9918875067606,2.274394003365155
4.0,98.0,458.46024878312585,2.223145401155946
4.0,98.0,456.7641968631691,2.2249856288135486
4.5,98.0,455.05083829096816,2.2270483889122077
5.0,108.0,555.8080043266631,2.2466130673233913
5.0,108.0,553.8436992969172,2.24919736130998
5.0,108.0,552.0293401838834,2.2523006120847686
5.0,108.0,580.7371552190372,2.1119413717615174
5.5,108.0,618.4095457003785,1.9790255828759615
6.5,108.0,615.4079232017307,1.9687562736992341
6.5,108.0,615.4079232017307,1.9687562736992341
6.5,108.0,615.4079232017307,1.9687562736992337
6.5,108.0,615.4079232017307,1.9687562736992337
5.5,108.0,604.4645754461872,2.059342784683232
5.5,108.0,606.0282585181178,2.0563150120678957
5.5,108.0,607.5851811790158,2.0533709708561365
5.0,108.0,610.2191725256894,2.0526350333734613
5.0,108.0,612.7015954570037,2.051424797547414
4.5,108.0,614.854110329908,2.0493486116436976
4.0,108.0,601.8189561925366,2.1490758312013702
4.0,108.0,603.6787452677122,2.15875202973132
4.0,108.0,603.9401027582476,2.158472983188247
4.0,108.0,604.2477014602487,2.1578326815604716
4.0,108.0,603.3240941049216,2.1597686753882006
4.0,108.0,602.467820443483,2.1611794396730803
4.0,108.0,603.2271498107085,2.1735848339355734
4.0,108.0,682.4910762574366,2.068237635091223
4.5,108.0,680.840995132504,2.0694128326382635
5.0,108.0,682.0098702001083,2.024521817096982
5.0,108.0,698.5386695511087,1.926174447677918
5.5,108.0,696.5997836668467,1.9285128830953628
5.5,108.0,695.5220389399674,1.930391609912035
5.5,108.0,695.1389940508382,1.9311804656266822
5.5,108.0,694.7556787452677,1.9319727741344905
5.0,108.0,688.994050838291,1.9981104326424235
5.0,108.0,688.9940508382908,1.998110432642424
5.0,108.0,690.038534342888,1.99625801479103
5.0,108.0,691.3808815575987,1.994140128542928
4.5,108.0,676.7831260140617,2.0918905727033015
4.0,108.0,678.3224716062738,2.089712296031771
4.0,108.0,679.329502433748,2.1187789672925423
4.0,108.0,657.0525959978366,2.2415266016630113
3.5,108.0,624.6143861546782,2.3930225724400827
3.0,108.0,626.6668469442942,2.3932705472906632
3.0,108.0,628.1688750676041,2.3930391895889986
3.0,108.0,606.0,2.534651816419061
3.0,108.0,606.9502433747973,2.5476978740143
3.0,108.0,606.5851811790158,2.5474538015383
2.5,108.0,607.9345592212006,2.552131839291635
2.5,108.0,608.050973499189,2.5415720787951757
3.0,108.0,606.5863980530017,2.5406949676004413
3.0,108.0,627.6431855056788,2.4027756037506856
3.0,108.0,626.3553272038941,2.4046016859288226
3.0,108.0,625.2736614386157,2.406477537743494
3.5,108.0,643.5365062195782,2.2836533397499608
4.0,108.0,641.7713628988643,2.2852562702885546
4.0,108.0,641.1483234180637,2.286604031338313
4.0,108.0,641.1483234180638,2.286604031338312
4.0,108.0,640.524202271498,2.287965268465689
3.5,108.0,560.4387506760411,2.4258771701335924
3.0,108.0,561.4868848025961,2.423625408764945
3.0,108.0,563.4515954570038,2.425115667610871
3.0,108.0,565.244050838291,2.424902582852021
3.0,108.0,580.0617901568417,2.3163387889508473
2.5,108.0,582.1411573823689,2.320719045262613
2.0,108.0,583.9725527312061,2.3209285704706026
2.0,108.0,585.6329096809086,2.3239999683673074
2.0,108.0,585.5262303948078,2.323245391232198
2.0,108.0,503.87195781503505,2.449309765718481
2.0,108.0,495.1725256895619,2.478956212113117
2.0,108.0,495.75621957815036,2.4786061420034815
2.0,108.0,496.6457544618713,2.4969749599452533
2.0,108.0,493.02014602487833,2.563042573049259
2.0,108.0,492.6339913466737,2.5633541231264436
2.0,108.0,511.93848025959966,2.4159956032502627
2.0,108.0,533.2466197944838,2.2830559074408496
2.0,108.0,532.0872093023256,2.284394898680862
2.0,108.0,530.9210383991347,2.2858113252737686
2.0,108.0,529.5824770146023,2.2870085410831757
2.5,108.0,527.9686316928069,2.287192354338967
2.5,108.0,527.6842888047593,2.2879527552755308
3.0,108.0,526.6837479718768,2.289740541611184
3.0,108.0,525.7719037317469,2.2907366825939164
3.0,108.0,509.86479177934007,2.4170173453598025
3.0,108.0,509.4863439697133,2.4060701358617234
3.0,108.0,508.1903731746889,2.427988776744075
3.0,108.0,507.11208761492696,2.44214528711557
3.0,108.0,506.70957274202266,2.4456896716601824
2.5,108.0,508.2239048134125,2.4453837856887897
2.0,108.0,509.72093023255815,2.445261964601459
2.0,99.0,402.20173066522455,2.3964152862744554
2.0,99.0,403.4521362898863,2.39741617509623
2.0,99.0,404.6134396971336,2.3975748941557975
2.0,99.0,368.31422390481345,2.585265976615934
2.0,99.0,319.26406165494865,2.783389082211286
2.0,99.0,318.71782044348294,2.825405018135618
2.0,99.0,318.5267712276905,2.8264068606361685
2.0,99.0,319.14981070849103,2.824806927149699
2.0,99.0,318.5267712276905,2.8264068606361676
2.0,99.0,317.8994050838291,2.8280965928779485
2.0,99.0,317.2677122769064,2.8298770473350126
2.0,99.0,316.63169280692256,2.831749166078363
2.0,99.0,329.0212276906436,2.6694808637481025
2.0,99.0,328.4716062736614,2.6715088989249467
2.0,99.0,327.91955110870737,2.6735906952781
2.5,99.0,327.51270957274204,2.6483003081458096
3.0,99.0,335.3825040562466,2.5286213055023525
2.5,99.0,335.7556787452678,2.5274784552484504
3.0,99.0,335.1012709572742,2.528411962353271
3.0,99.0,346.9238777717685,2.390303006830993
2.5,99.0,347.7145754461871,2.3880452586646688
2.0,99.0,348.31489994591664,2.388421650018274
2.0,57.0,257.0383991346673,2.0197643409838513
2.0,57.0,257.5907247160627,2.023087694948424
2.0,57.0,249.87020010816664,2.1310467370289135
2.0,57.0,224.0796376419687,2.269635556442438
2.0,57.0,224.34126554894542,2.2721880055372687
2.0,103.0,327.09951325040566,2.770585748878305
2.0,103.0,326.75500270416444,2.771758955580523
2.0,103.0,326.4094104921579,2.7729555124235876
2.5,103.0,325.8080043266629,2.7739227424535233
3.0,103.0,325.17685235262314,2.7712219768513253
3.0,103.0,324.4716062736615,2.773911153214886
3.0,103.0,323.4712006489994,2.774947999674625
3.0,103.0,334.28353163872373,2.6271809119274625
3.0,103.0,333.32017306652244,2.6121445982578417
3.0,103.0,332.085045970795,2.6116276882173173
3.5,103.0,331.38953488372096,2.6135045910109103
4.0,103.0,330.5966738777718,2.616945951544862
4.0,103.0,329.308409951325,2.611537788389511
4.0,103.0,329.54515954570036,2.6100401649383467
4.0,103.0,344.9752568956192,2.4492103391175073
4.0,103.0,345.65386695511097,2.4460716721106586
4.0,103.0,346.79448350459717,2.442971768270299
4.0,103.0,347.2655489453758,2.440634509524052
4.0,103.0,348.2608166576527,2.459136216933956
3.5,103.0,348.9422660897783,2.4622675756055457
3.5,103.0,324.20781503515417,2.6539337968198113
3.0,103.0,324.87952947539213,2.6521664202142077
3.0,103.0,343.49269875608434,2.4755603933762234
3.0,103.0,319.840995132504,2.6675961324698614
3.0,103.0,320.6928069226609,2.6671795183124187
3.0,103.0,320.3634396971336,2.66800806680853
3.5,103.0,319.593428880476,2.6692901516181435
4.0,103.0,318.8697944835045,2.6677462271538754
4.0,103.0,318.1028934559222,2.671270851016154
4.0,103.0,316.9945916711736,2.6737354462433682
4.0,103.0,315.8047593293672,2.675425756683151
4.0,103.0,394.527852893456,2.618143314910361
4.0,103.0,378.7328285559762,2.755097413517481
4.0,103.0,377.3872363439698,2.7576488219410678
4.0,103.0,376.3630340724716,2.7618133572564454
4.0,103.0,375.17536506219585,2.7622773087617354
4.0,103.0,394.9384802595998,2.5867465240790177
4.0,103.0,394.06976744186045,2.587799742540391
4.0,103.0,378.8069226608977,2.7471954522199815
4.0,103.0,379.0385343428881,2.7459997748296003
4.0,103.0,379.29313142239045,2.7444595829389757
4.0,103.0,379.5474580854516,2.742926895253967
4.0,103.0,380.42252568956195,2.738924803721339
4.0,103.0,360.4171173607355,2.9353258101051605
4.0,103.0,338.59113034072465,3.164017502509002
4.0,103.0,339.47336398053005,3.159482254601274
4.0,103.0,340.3488372093023,3.1551091144895813
4.0,103.0,341.1012709572742,3.152891604366468
4.0,103.0,341.465792320173,3.1550222966190757
4.0,103.0,341.6841535965387,3.153397509287365
4.0,103.0,356.2103839913467,2.9666715101401424
4.0,103.0,356.0969442942131,2.966364311844514
4.0,103.0,355.9134667387777,2.967132675598597
4.0,103.0,355.9918875067604,2.98420016181927
4.0,103.0,356.03515413737165,2.9982214750546703
4.0,103.0,355.31273661438627,3.030112508075233
4.0,103.0,351.24824229313145,3.1135069405260003
4.0,103.0,350.1260140616549,3.111499003662275
4.0,103.0,351.9188750676042,3.0484734800659488
4.0,325.0,1489.450108166577,6.368731855141549
4.0,325.0,1497.433883180097,6.284192793420841
4.0,676.0,6522.099107625744,6.7899690452975126
4.0,1422.0,29023.38412655491,6.879942689989803
4.0,1582.0,56357.16130340727,5.503520078640901
4.5,2306.0,114401.26406165496,5.081929904061646
5.0,2306.0,126042.9860735533,4.555456255211486
5.0,2306.0,126042.9860735533,4.555456255211486
5.0,2306.0,126051.80056787451,4.555343437621951
5.0,2306.0,126056.15968090856,4.5552899564536435
5.0,2306.0,126064.96768523526,4.555177583043395
5.0,2306.0,126073.77136289887,4.555065505890298
4.5,2306.0,126148.6376419686,4.555040343331077
4.5,2306.0,126150.81462952946,4.555013825870381
5.0,2306.0,145495.40562466197,4.012333877360432
5.0,2306.0,178350.9572742023,3.559880195698987
5.0,2306.0,193249.73499188756,3.2627828578775686
5.0,2306.0,194475.8989994592,3.1986424699001246
5.0,2306.0,203729.54421308814,2.997454007948356
5.0,2306.0,212815.33977825844,2.8166003981210004
5.0,2306.0,232628.39210383993,2.598576307702035
5.0,2306.0,232353.72539210392,2.5813249421465985
5.5,2306.0,232469.61398053003,2.5506043564984267
6.0,2306.0,232040.91089778263,2.5485101740079763
6.0,2306.0,231586.29326663062,2.5446638794211673
6.0,2306.0,231159.27433747976,2.542993995713447
6.0,2306.0,230750.24242833967,2.5418932003321504
6.0,2306.0,230832.06503515414,2.5230897772452
6.0,2306.0,230827.1898323418,2.5231109268384575
6.0,2306.0,234889.25365062206,2.4241486137109534
6.5,2306.0,264995.9475392105,2.2714454855566704
6.0,2306.0,265040.6852352623,2.271294146869268
6.0,2306.0,265063.23363980534,2.2712152657376974
6.0,2306.0,265102.438750676,2.2710819164665477
6.0,2306.0,265320.2981341266,2.270593537705742
6.0,2306.0,265402.69875608437,2.2703381045293334
5.5,2306.0,265447.0859924283,2.2701941202211917
6.0,2306.0,265441.5501622499,2.27021188356921
6.0,2306.0,267763.1644131963,2.202496811756835
6.0,2306.0,267215.7074094105,2.2011637359303493
6.0,2306.0,267192.2742022715,2.2012474683649312
6.0,2306.0,267418.45443482965,2.2007982200785245
6.0,2306.0,266673.47336398053,2.1961328494892327
6.0,2306.0,266649.83788534347,2.196220042910954
6.0,2306.0,267501.97079502424,2.148886198923238
6.0,2306.0,267223.4425365062,2.1220820465324644
6.0,2306.0,266991.8146295294,2.0938616161307655
6.5,2306.0,266503.36032990797,2.0944706108534437
7.0,2306.0,265619.92806922656,2.0894340862314604
7.0,2306.0,265736.32247160625,2.089178263785767
7.5,2306.0,265704.6668469443,2.089307621090537
8.0,2306.0,265660.0120335317,2.0894948257646555
8.0,2306.0,265685.7632504056,2.0893836625921565
8.0,2306.0,265434.21092482423,2.090137455216221
8.0,2306.0,265485.4213088156,2.089919708061173
8.0,2306.0,265511.20605732844,2.0898076957339473
8.0,2306.0,265530.2975932937,2.089728123642795
7.5,2306.0,265555.70267712267,2.0896229588158035
6.5,2306.0,266036.17320173065,2.0888248622309353
6.0,2306.0,266122.7627095728,2.088500336060901
6.0,2306.0,266148.05097349925,2.0883980372514834
6.0,2306.0,266154.4072471606,2.08837186289324
6.0,2306.0,265880.81503515417,2.0890831529115657
6.0,2306.0,265511.8178745268,2.0882975859519153
6.0,2306.0,264729.15359653864,2.086559039621575
6.0,2306.0,263839.3781773931,2.082875900903674
7.0,2306.0,263010.80259599787,2.0684584437956475
8.5,2306.0,263931.2408058409,2.0181650250012595
8.5,2306.0,263876.73134126555,2.018423820848421
8.5,2306.0,263828.93996755,2.0186521534896875
9.5,2306.0,263754.32409410493,2.019002593071368
9.5,2306.0,263713.2618983234,2.0192004130755143
9.5,2306.0,263706.3591130341,2.0192344594222864
9.5,2306.0,263678.884802596,2.0193682106560025
9.5,2306.0,263658.3111141157,2.0194679811285408
10.5,2306.0,263597.8312601406,2.01974518748527
10.5,2306.0,263584.0394808004,2.0198131468106286
10.5,2306.0,263625.55016224994,2.0196943420574454
12.0,2306.0,263366.9718766901,2.020660961065663
12.0,2306.0,263387.6518388318,2.020558870322016
12.0,2306.0,263408.18983234174,2.020459374300445
12.0,2306.0,263449.3282855598,2.020259341871678
12.0,2306.0,263490.4570037858,2.0200596054483073
12.0,2306.0,263531.5759870199,2.0198601647991836
19.5,2306.0,263282.3818280151,2.0207504196793784
12.0,2306.0,263440.8804759329,2.020058065171559
10.0,2306.0,264429.0843699297,2.028395391619576
10.0,2306.0,264568.93469442945,2.0279434286338107
8.5,2306.0,263792.83720930235,2.075710864598327
8.0,2306.0,249433.7378312602,2.2176046116275985
7.5,2306.0,229880.9421308816,2.3807913514735235
6.5,1859.0,180768.66522444563,2.288337024094533
6.5,1859.0,172345.9329367225,2.440675674602879
7.0,1859.0,172041.17698756084,2.4419869749633354
7.0,1859.0,172011.9168469443,2.4422344145611867
7.0,1859.0,171992.4977014603,2.442396822086466
7.5,1859.0,171518.24783666845,2.441928200443751
8.0,1859.0,170979.44564629532,2.43561484532615
8.5,1859.0,170518.46944294212,2.4211325654384654
10.0,1859.0,172228.13358572198,2.345440994938979
10.0,1859.0,166232.93131422388,2.3552040913768533
10.0,1859.0,164565.5494862088,2.336667086153612
10.0,1859.0,175820.724851271,2.3718299487022083
10.0,1859.0,187740.9080584099,2.251155742120888
10.0,1917.0,212457.2022714981,2.2998644504086707
10.0,2191.0,248408.5127095728,2.3775222105025207
10.0,2191.0,265256.2574364522,2.399730318738382
10.0,2191.0,283135.22498647927,2.2474027586825014
10.0,2191.0,283633.2218766901,2.266224251248275
10.0,2191.0,284195.6306111412,2.234973627941886
8.5,2191.0,284945.2310708491,2.2356875624456793
8.5,2191.0,284815.51230394805,2.221445500092859
8.5,2191.0,284621.4701189833,2.2073565471562944
8.5,2191.0,284640.36289886426,2.2163009584261744
