0.10638750620404999,0.0933525562495769,0.001117894882561706,1.1878150044623115
0.10233338575620494,0.096044615498884,0.00119951685388321,1.3108229517186818
0.10638750620404999,4.657778204035064,1.928644014239471,2.663708340654263
0.11507876966525996,4.657778204035064,2.2936322843565824,1.8142524524428527
0.11586040477841494,4.657778204035064,2.292269677247415,1.8144768393793729
0.11586040477841494,4.660385288687875,2.293413641406476,1.814249412458777
0.11220638408505,4.660385288687875,2.2944787869429297,1.8140982675697621
0.11103816683117501,4.660385288687875,2.304762008439982,1.8135261669893035
0.11025653171802,4.660385288687875,2.3160934771862007,1.8131158596288528
0.11103816683117501,4.660385288687875,2.3158574812555255,1.8131411705407192
0.11103816683117501,4.660385288687875,2.313828427161264,1.8134139041852766
0.11103816683117501,4.660385288687875,2.3125624134777434,1.8136036636839399
0.108770738296945,2.648576586281354,0.6172661217572342,2.66543355562784
0.108770738296945,0.19897425991247408,0.002720623376988546,2.3745844751909146
0.105773345578815,0.19897425991247408,0.002758598481183549,2.4002894996455377
0.10871809568995494,0.19897425991247408,0.0026726940665125374,2.4063861237327
0.105773345578815,0.19897425991247408,0.002820515303933273,2.3651272349799655
0.1017745326384715,0.19897425991247408,0.0028717836611938654,2.394679872126238
0.1032480508589365,0.19897425991247408,0.0028603410718281114,2.3485040035050684
0.1008150951497715,0.19897425991247408,0.002875414568437607,2.381661170507992
0.0984352527699305,0.2280182780182771,0.0033432099138873744,2.044371887682769
0.094889554889555,0.27087542087542,0.00440658111261885,1.370576951786321
0.094889554889555,0.27087542087542,0.005250517643703325,1.1080934514733574
0.08564360234364049,0.11521658172133,0.0017097924391331527,-0.6007803146132243
0.067636251286754,0.11521658172133,0.0016242490664506253,-0.37916965473696895
0.06497854051339699,0.11521658172133,0.0014109149069640643,-0.35539313996788585
0.059467768852443995,0.11521658172133,0.0013752387827952284,-0.24900962960675452
0.059467768852443995,0.11521658172133,0.001269303058486242,-0.15687961484523016
0.059467768852443995,0.10238095238095,0.0009206212546711119,-0.4958998887217115
0.059467768852443995,0.073813940982725,0.0006854902292405752,-1.0653265203848103
0.0650500449842555,0.073813940982725,0.0007100721796796099,-1.2520764086690872
0.0677988157636565,0.0902188401025609,0.0005173720224847135,-1.617959788858617
0.0684475383075405,0.043328867580405,0.00015364181800253383,0.15663870873167657
0.068771830086496,0.0340757000584919,9.938073447744794e-05,0.7345600251543966
0.06894429891244899,0.050040321957521006,0.0002165235838416779,1.3703309877228531
0.06894429891244899,0.0818546197482909,0.0006230823885288602,1.397951629996332
0.07855266857610399,0.0773393251014179,0.0007653938391887645,0.8411518885081996
0.08918705110370145,0.078358974358978,0.0009517896924682063,0.4330006770911794
0.10152577986045044,0.277875404570318,0.0061659910086252065,2.020568239188791
0.12276760276911,0.290628815628818,0.010358044243275227,1.247837891627969
0.13867475166449494,0.322676970223744,0.014113102234342723,0.7725999357527351
0.14515684203788995,0.380842768643784,0.01873256168554258,0.43665497808906223
0.24542488177234,0.380842768643784,0.020282128277483148,0.06413815815891197
0.35155980240726004,0.33696012407281,0.016964041434506756,-0.24781857687882322
0.362579365079365,0.31709035777127004,0.014055166128078219,-0.6491948596092036
0.37586328657705004,0.31709035777127004,0.01187470329003652,-1.1305523154320538
0.388065698101495,0.30412617702448,0.006930416671698065,-1.834391565483616
0.3970050603573849,0.10460974681314,0.001207785853198118,0.09090381902258926
0.3970050603573849,0.17319718467870004,0.002364088157373725,-0.9885144163880903
0.3970050603573849,0.17319718467870004,0.0024489764665861684,-0.913288272104379
0.39829821523535996,0.17319718467870004,0.002450079408260358,-0.9283106483065661
0.39829821523535996,0.16744474502795004,0.002125862908964741,-1.0922814351735586
0.39829821523535996,0.18193697493293004,0.0023673660246616842,-0.8538116071513822
0.39829821523535996,0.18193697493293004,0.0023201342695062218,-0.9735943521103535
0.4036081764152849,0.18193697493293004,0.002615745106808709,-1.0446941674080852
0.39829821523535996,0.19752982435387,0.003911460032923146,-0.7403738493671386
0.388955408225775,0.21059439114012002,0.005328695307612297,-0.4004528213590468
0.3653398839993,0.21059439114012002,0.0061226930523995225,-0.027085510484468077
0.3653398839993,0.29133429567287006,0.00876740492305787,-0.34176394576830077
0.322350135508,0.29133429567287006,0.010120591556009329,-0.06218069096479433
0.322350135508,0.29133429567287006,0.011093263167802457,-0.07567902278705659
0.322350135508,0.29133429567287006,0.011120022143036123,-0.07723380550978458
0.322350135508,0.3711788860403,0.013757893122335987,0.17208286963988567
0.304561593012255,0.3711788860403,0.01354138202625201,0.2617002775135332
0.304561593012255,0.39364452335425004,0.01724604290115201,0.3757283416266085
0.3800734121203949,0.39364452335425004,0.017957931742139572,-0.013909566379175765
0.3800734121203949,0.39364452335425004,0.017075618280035388,-0.060049193182478276
0.3800734121203949,0.39364452335425004,0.017160525994928604,-0.05820632680301177
0.39011449692465994,0.34770433348823004,0.012596449085790986,-0.03521804863042562
0.42771680159446995,0.3103419225074,0.009164381919460101,-0.13173496686219807
0.42771680159446995,0.3103419225074,0.009276126198454046,-0.16714710104515787
0.415589274711675,0.3103419225074,0.00934721034006436,-0.09238680314627594
0.38772653084148,0.3103419225074,0.0076225121910407315,0.10121461232613492
0.39522133569893503,0.3103419225074,0.007343191929716636,-0.06413339890913729
0.39522133569893503,0.3373100773747001,0.008256082086132337,0.1716821035470552
0.39522133569893503,0.3373100773747001,0.009362993215585083,0.17261030797402407
0.42303921636841,0.35705084995784997,0.01077170615846918,0.023524851184863218
0.4520517017887,0.45068634284736,0.017919163398993278,1.1668838599056923
0.49920462368796,0.43120722124813,0.022082644086541807,0.7146949061464064
0.562762007836865,0.43314490688047996,0.027540147950804984,0.3191162653479993
0.597681402785635,0.43314490688047996,0.026707763014001497,-0.010421744791192174
0.597681402785635,0.43314490688047996,0.024175632191662393,0.03198862342504913
0.597681402785635,0.55813887372591,0.031081468917417317,-0.3200283894456618
0.597681402785635,0.70195091314558,0.04925679235737493,-0.6979073622174506
0.5726323941284399,0.70195091314558,0.05941718363515539,-0.34969009405314766
0.532528667275045,0.70195091314558,0.07097749464278821,-0.09809926789836357
0.360096623134105,0.70195091314558,0.07702326416843638,0.23012397224284223
0.24517491615729994,0.70195091314558,0.06793790848062306,0.6329739545400518
0.21052840515858495,0.70195091314558,0.05515363967085257,1.1271654149792696
0.21052840515858495,0.5620224488912401,0.027610603427335834,1.5601555308481176
0.209688792390405,0.33862988409722006,0.008351318561739398,1.5284744949669495
0.20251878709935,0.14381203941967,0.002064485326290556,-0.24382490308993418
0.20251878709935,0.1228059478730199,0.0017643623558707493,-0.44995364003668314
0.20251878709935,0.10886621326559989,0.0013816564749795904,-0.28602588954174823
0.18246680350362,0.143545616093604,0.0020469513109963237,-0.29680827655218917
0.19582231679439,0.143545616093604,0.0020547202616536205,-0.46632702207231885
0.19907393329267,0.143545616093604,0.0020697367467843236,-0.5011553440719162
0.19907393329267,0.143545616093604,0.0023857494051062415,-0.3853497426822531
0.19907393329267,0.143545616093604,0.0022406408326891185,-0.4535490419153881
0.19907393329267,0.1544628368843041,0.0023782337788181437,-0.36756284943737166
0.19907393329267,0.2875022423842041,0.0059914955585973345,1.0154962724472048
0.19907393329267,0.35490669276030407,0.01176759671271601,0.9499372639408109
0.19907393329267,0.35490669276030407,0.0161525181337927,0.6113334751211899
0.22624837091692002,0.35490669276030407,0.015259866258913119,0.3842323308983063
0.26968359783168,0.4522960790337701,0.020325420213721048,0.43383307430300966
0.2994319930703849,0.4522960790337701,0.019021944064697788,0.27964724701922733
0.324606029391325,0.4522960790337701,0.017472298718058443,0.07694352474674769
0.324606029391325,0.42364360969247006,0.013698669005737088,0.33265160558730666
0.324606029391325,0.40615347476148,0.013049378588450183,0.43207115395701134
0.324606029391325,0.40615347476148,0.01290469591120853,0.43114891514833076
0.2994319930703849,0.40615347476148,0.01419528473403973,0.6681064437469565
0.27372527299274996,0.40615347476148,0.014345532890772941,1.0382022766270034
0.25199798791156,0.40615347476148,0.01301274305664136,1.5921035624175406
0.22906110502414,0.40615347476148,0.013817606686993056,1.6763017332572987
0.21868774637641997,0.16913147144469,0.0031633070785984626,0.6808013134489473
0.206525537344275,0.16913147144469,0.002443492386282361,1.2105626315535156
0.19060083819711,0.1632633577071379,0.0018975756934387661,-0.5791983186118829
0.19060083819711,0.1632633577071379,0.0017541702708858031,-0.6471237450094418
0.19060083819711,0.1632633577071379,0.0024064084161824493,-0.5570022532146444
0.19060083819711,0.12869042911703799,0.0018826376444162688,-0.9493431466505973
0.18146773106152,0.12869042911703799,0.0017557047705689228,-0.8571084752665746
0.18146773106152,0.12869042911703799,0.001818866204963581,-0.6850985873692046
0.18292094354689994,0.12869042911703799,0.001824092128051832,-0.7016302528728525
0.18292094354689994,0.12869042911703799,0.001824052228477846,-0.6561484555596588
0.18292094354689994,0.146264800803738,0.002065419908359276,-0.45288800445097915
0.18292094354689994,0.146264800803738,0.0020358288296407666,-0.414358559106937
0.18779818339902993,0.14692546896192,0.0017577032816302452,-0.41031487438295233
0.18779818339902993,0.18045068382478996,0.0024935491573655445,0.037214225904801064
0.19540400548953,0.13512014896842997,0.001555447222381424,0.6081977224857723
0.19540400548953,0.13512014896842997,0.002017437198339889,0.35437580382035483
0.22238035445111498,0.13512014896842997,0.0022184854098149737,-0.03587186233767111
0.24809976510403,0.4568264041319001,0.01580189827452054,2.1656117006242255
0.24809976510403,0.4839780423797502,0.016656584889443406,2.030948947247965
0.24809976510403,0.4839780423797502,0.016866840146534716,2.002710450627874
0.226796496097025,0.4839780423797502,0.017805377600984447,1.9811105035608827
0.226796496097025,0.4839780423797502,0.018166053950555507,1.9550661185171694
0.18400156450063998,0.4839780423797502,0.019026581395008076,1.992787853773642
0.16538472473687493,0.48491611110092003,0.019731459051912953,2.1499468112300315
0.16478116096864995,0.48491611110092003,0.020067506546182005,2.1616111922654997
0.16478116096864995,0.48491611110092003,0.020049767952229704,2.382556663750915
0.16478116096864995,0.48491611110092003,0.02033933330675039,2.298775827893312
0.16478116096864995,0.15529971326953,0.002529087851925135,1.4801323867196567
0.166068865561875,0.15529971326953,0.0024022103507421906,1.513294676770818
0.1666724293301,0.22943729842218,0.005397296282417573,1.2186320673980056
0.16872640093855001,3.1765870072346196,0.8747436339532838,2.637579862844736
0.20150027520859498,3.1765870072346196,0.8704620256921538,2.6385270574967024
0.20150027520859498,3.1971768063825095,0.873204978489372,2.6355205779167292
0.20150027520859498,3.2083874679824493,0.8757261499393172,2.6324971585844867
0.248620187705215,3.2083874679824493,0.8638361016758717,2.615788362152455
0.28200240223428996,3.2083874679824493,0.8528715531645974,2.611186990584458
0.28727309676891494,3.2083874679824493,0.8523203605338155,2.610568552022857
0.33420973388517494,3.2083874679824493,0.8438121658416154,2.5877014031125762
0.33727650886404503,3.2083874679824493,0.8332593281744005,2.5950265334975713
0.33727650886404503,3.2083874679824493,0.8327814802080606,2.593954305944727
0.3128463852035299,0.35427079511825,0.013222945010460169,-0.20561639458833497
0.3128463852035299,0.35427079511825,0.015087170328915716,-0.11359946466284347
0.3128463852035299,0.35427079511825,0.014177080888317307,-0.09277112188154595
0.3128463852035299,0.3280572017366,0.011735103551184978,-0.029978564531848495
0.25872071652637496,0.3280572017366,0.011486560051917328,0.3716980625498866
0.256667990715285,0.3280572017366,0.010789984495813558,0.5015914506234196
0.19748772868824,0.3280572017366,0.011012421148377468,0.7910793075842033
0.186368626987385,0.2457189025579199,0.006407507331909507,0.8928787364745222
0.17712670194389502,0.2609980272495799,0.006054319061004393,1.3502704878342133
0.16255953768578502,0.18260164277443997,0.0023699258656630163,1.598770139342221
0.16075983061044996,0.18260164277443997,0.002376300902242052,1.7145574667376997
0.16075983061044996,0.18260164277443997,0.002280898260943042,1.7639229577407352
0.1669487765865199,0.18260164277443997,0.0022382147480332557,1.739973111143324
0.16075983061044996,0.18260164277443997,0.002335330096119258,1.9946209785923914
0.15513825562399,0.19034767544511,0.0026160342406891983,1.868458462075352
0.152560335397015,0.07198715139102001,0.0004894449240409255,0.12198297259584309
0.140396482888745,0.0579687874830499,0.00041016237367794963,-0.010422292078610932
0.14182336782955002,0.12211515445278001,0.0011924668232000067,1.2132602979216962
0.15513825562399,0.18125638818844,0.002911699968828365,1.250480875408665
0.15960879532427996,0.3457108116334099,0.010491878826871155,1.5800245815373777
0.16132720160005995,0.39069596907181003,0.018656277495050156,1.042145993113912
0.20074036634716497,0.44971259280165,0.027450646248186113,0.645006583756521
0.26238416669986,0.44971259280165,0.026614626231776777,0.39521460128680996
0.31273111487743,0.44971259280165,0.02397290211994568,0.17123153764851914
0.31273111487743,0.44971259280165,0.021418615148658435,0.2151358475975136
0.31273111487743,0.44971259280165,0.019606496155124574,0.2858239594975468
0.31273111487743,0.41499980952504006,0.01825912765884212,0.3975198516766892
0.31273111487743,0.41499980952504006,0.02017119277750934,0.36646350108986775
0.26590873017542,0.4269982897682,0.023203390580643263,0.437908355376791
0.18974018364759,0.4269982897682,0.02151792165829604,0.8891056177251863
0.17889582523207995,0.4269982897682,0.016584583783884974,1.5057747583801366
0.1665880967613999,0.21777540838571996,0.005562093472480495,1.1873354784184806
0.15757594995454993,0.21402226984989997,0.0032768878555145533,1.967347309423427
0.15249890797690996,0.0788248378264,0.0004940522756437426,0.27362308943448443
0.14790073254795,0.06168517679424,0.00030569127523572253,0.12273519898590934
0.14790073254795,0.05713612099537989,0.0002611146262665706,-0.09272463533090473
0.14790073254795,0.05713612099537989,0.0002648526668317592,-0.04386936902946274
0.145706799402945,0.05713612099537989,0.0002984800031079086,0.25804792378256564
0.145706799402945,0.0784470011796299,0.0005071256267571115,-0.41675833750101526
0.14322719086817998,0.07450094295639,0.00040416637076187456,-0.3229719643387831
0.136219643522765,0.07450094295639,0.0004006847337049375,-0.08318982323079428
0.13750931552082,0.07450094295639,0.0003706532490558744,-0.22642706624620784
0.131329630780885,0.07450094295639,0.00034293048904588346,0.14750163851823236
0.131329630780885,0.25289354958149,0.004606138878228089,2.3324315107999354
0.131329630780885,0.25289354958149,0.007119274013712648,1.3661093006995038
0.131329630780885,0.25289354958149,0.007412362533988836,1.1160752925066317
0.129297757169195,0.25289354958149,0.007627891837553484,1.1248230412744444
0.131329630780885,0.25289354958149,0.0074517631198682405,1.0959510462982769
0.14261138757216,0.23190465717748998,0.006742356274935543,1.0109625616508382
0.17396105055252994,0.23190465717748998,0.006406813736180138,0.7672342274673063
0.21143443832577996,0.23190465717748998,0.006011288080401256,0.49224252806228797
0.21143443832577996,0.23190465717748998,0.006009151010888709,0.49249605803222474
0.21143443832577996,0.23190465717748998,0.005627146692912821,0.546256948415635
0.17396105055252994,0.2042262614991,0.003759283711220686,0.7470071768699545
0.14942319991969993,0.1377319843285201,0.002270972639451101,0.3303124260762574
0.14355240383749995,0.1390152272093501,0.002175364281686006,0.6871949504639109
0.14355240383749995,0.1390152272093501,0.0020995566743666192,0.6844213947282998
0.14355240383749995,0.1390152272093501,0.002096853620302508,0.6373840569902213
0.142572463376465,0.1390152272093501,0.0019554715492005664,0.994476384411934
0.14048184811682501,0.1390152272093501,0.0013468178976197584,1.6385425422570525
0.13643006345209502,0.05634002159309011,0.0002801567584606817,-0.5643455652259776
0.14048184811682501,0.0595849727263401,0.0003598841514466331,-0.4846545381241189
0.13553578125855995,0.091497792670029,0.0007134717996874235,-0.7416184542927348
0.13060566514872995,0.091497792670029,0.0007409208685196303,-0.38253399294778745
0.13227031002765993,0.091497792670029,0.0006969897819221898,-0.6957125622074797
0.13683634480176998,0.35423248692668896,0.00845489332548598,2.2817856710252067
0.14219243129231002,0.35423248692668896,0.011344171261160996,1.384234245185825
0.13683634480176998,0.35423248692668896,0.01232985174187135,1.3622436562432794
0.13190622869194,0.35423248692668896,0.012541052085622912,1.3866667022204089
0.13190622869194,0.35423248692668896,0.016287290991667168,0.811864423534192
0.14841201062975,0.35423248692668896,0.01736125799219459,0.3985165591103562
0.158127865896255,0.35423248692668896,0.017191244674474977,0.3647920700276533
0.158127865896255,0.348917879902502,0.015899165485020274,0.39907492970444236
0.158127865896255,0.348917879902502,0.01577088287253671,0.4016740316331626
0.160823873592265,0.348917879902502,0.01567648047067419,0.39866669960364515
0.14731824925373493,0.304570944771902,0.011336807884936401,0.7177877725991781
0.132092902400875,0.304570944771902,0.009144235124594668,1.2751853093311936
0.137195782988465,0.2702262276360401,0.008308204140805017,1.3957971477617686
0.137195782988465,0.2702262276360401,0.008265049202080557,1.4001872107160247
0.137195782988465,0.2222748058333101,0.003875585331591916,1.9834500893787752
0.137195782988465,0.07666120746385009,0.0007248525013978843,0.41550321545913566
0.137195782988465,0.07666120746385009,0.0005912664175971679,0.5949675395428305
0.1459054755517,0.07666120746385009,0.0005556876349567354,0.3507718531567221
0.15336963739086001,0.08636602020531012,0.0007234387966572437,0.5548092970681274
0.15478241109289495,0.0914587860286101,0.0009678439346598429,0.27081431068635947
0.16746617211633,0.0914587860286101,0.0010866229569727614,-0.038028242815642634
0.16746617211633,0.0914587860286101,0.0009593825233605325,-0.005747619874382309
0.16746617211633,0.0914587860286101,0.0008900059353579525,-0.013350434506024154
0.16746617211633,0.09191304547236999,0.0008944882029604309,-0.021104268730787173
0.15336963739086001,0.09191304547236999,0.000976891231228591,0.3202044290698166
0.15336963739086001,0.09191304547236999,0.0009576606053199411,0.5618408824796156
0.154208134164305,0.09630608159554989,0.0012074640144985394,0.2300366497660815
0.17874557540226998,0.25280679375493,0.004883507891908063,1.5644703399146673
0.17874557540226998,0.28690211733384996,0.009153951482865508,1.135454861423062
0.17874557540226998,0.3753941816047,0.01648657028710651,0.8930603652938398
0.18678338110648496,0.3753941816047,0.016914815005697633,0.6042597674611238
0.20396163047478494,0.3753941816047,0.01609612063392512,0.5925793642127197
0.20396163047478494,0.3753941816047,0.015437579715984195,0.5937797007798512
0.20396163047478494,0.36721438201771006,0.01521622078818429,0.6106888790663427
0.20396163047478494,0.36721438201771006,0.014509889185001382,0.6459827111932842
0.27173476594282997,0.36721438201771006,0.013435734311817427,0.3729785073304105
0.257697840392745,0.36721438201771006,0.014270496995312066,0.39455557905003064
0.186061438561435,0.36721438201771006,0.014448905297732883,0.7825015287482774
0.186061438561435,0.36721438201771006,0.011822988588033684,1.2773247434918986
0.186061438561435,0.19921755742367,0.0045165478486446625,0.6816990897958413
0.186061438561435,0.19921755742367,0.003178942446896636,0.8722533634672335
0.204535395731965,0.19921755742367,0.0036177459115497557,0.4653981797416145
0.228098686224255,0.19921755742367,0.0037286530525910354,0.11647938164711814
0.228098686224255,0.17984626099208,0.0032929969333116357,0.2524383300200363
0.24103846827000502,0.17984626099208,0.0029744928101011377,-0.058430056950370485
0.228098686224255,0.12656960256866,0.0019191816396098818,-0.40955805991955985
0.24103846827000502,0.12656960256866,0.0017998553770560816,-0.8476821309760586
0.24103846827000502,0.11768739676841,0.0013308225393361263,-0.7452585983050841
0.24103846827000502,0.11768739676841,0.0013291723651335874,-0.7587583357554548
0.24103846827000502,0.13452908514023998,0.0016023278289521228,-0.5224911237672188
0.25780350541037,0.14959000474243,0.002043031712310664,-0.4967513667621963
0.24056498188447,0.14959000474243,0.0021057944636041345,-0.09641465164699675
0.21993576387723995,0.14959000474243,0.002160668419445186,0.2587936370623263
0.21993576387723995,0.15458552151507,0.0022344052749896704,0.19995438592275852
0.2042483710978349,0.15458552151507,0.002314255612599416,0.5232682531143685
0.21269038763227494,0.15458552151507,0.002343211521568687,0.31382000513324604
0.20765276310898495,0.15458552151507,0.0021544336636024975,0.6029797341728026
0.22334015588839,0.15458552151507,0.002052528462383756,0.3208668411913564
0.20765276310898495,0.15458552151507,0.002354699568074596,0.4595101322835744
0.20116445887396994,0.15458552151507,0.0017887444437636416,0.8299686585805253
0.1960856892285999,0.09246869389687998,0.0007972012844099285,0.21357974946996539
0.20024715324969994,0.09246869389687998,0.0008019616525329843,0.09336557052079006
0.20687316503286501,0.09246869389687998,0.0008129472048066678,-0.10350977163603496
0.21160445571894,0.07681554218865999,0.0005931388109384134,-0.1278988529039042
0.21654551781616,0.09793560212541,0.00077759252025295,-0.11418507978369447
0.21654551781616,0.11138512985717988,0.001067351085650204,0.20633812841964716
0.22447921451574,0.16872925084574,0.002241435587182429,0.7226246634247253
0.22447921451574,0.16872925084574,0.002379768454788408,0.5289106212909394
0.2504444690367,0.15143857953756001,0.0021017479863913403,0.33541613639334705
0.27045781194868995,0.15143857953756001,0.001920540353887953,0.015923375153942636
0.27613649725380995,0.20149429690473,0.0032192471589557207,0.8916325821930974
0.27912246248014494,0.19512619980817,0.002748276420820375,0.7782477862191138
0.27912246248014494,0.20036048795646,0.00283105029819999,0.7082513013286427
0.27912246248014494,0.23755473509355,0.003877160280411622,0.1252982154296889
0.27912246248014494,0.23755473509355,0.004139935079120109,0.22644281690334944
0.27613649725380995,0.27954891964128,0.006185768436270234,-0.0008392902988832021
0.25167776216394494,0.27954891964128,0.005910614977206224,0.3963237536682296
0.21935656492929,0.27954891964128,0.006232459335307134,0.6414771350100956
0.205353210477675,0.28922456088525,0.007134103424152877,0.8277849306147005
0.205353210477675,0.28922456088525,0.00683097448964083,1.0685338273135738
0.1933254061808,0.20098204804741993,0.003012369485068507,0.8348301566197759
0.17892928825351,0.10846877054951,0.001451859969218975,-0.09339026922847697
0.16290828484524,0.12364758174805,0.0017096152890854522,0.16281180848110802
0.16947760411690999,0.12364758174805,0.0017471536742137048,0.07232233325281391
0.16947760411690999,0.12517965614502002,0.0017666931718353235,0.08542149324791035
0.17603128182118,0.12517965614502002,0.0016249521116173701,-0.10283466629750512
0.16001027841291,0.12517965614502002,0.0017073192827573864,0.28303561708923736
0.16001027841291,0.15880550957756,0.0026405358822749006,0.4683763666549334
0.17627512649764498,0.15880550957756,0.0024343352179514157,0.16011413278247413
0.17627512649764498,0.15880550957756,0.002526995148406672,0.14523677319379982
0.19345985192092496,0.1634435348745199,0.0031454314584871156,-0.09554599086325016
0.19345985192092496,0.1634435348745199,0.002818285268194369,-0.17328870350647368
0.19345985192092496,0.15250387308748992,0.002635819355079126,-0.08881455072658243
0.18374868154045995,0.15250387308748992,0.0027465695929743328,0.037986745857768976
0.175234443324275,0.15250387308748992,0.002584079088226605,0.27490116210122856
0.174655644837025,0.15250387308748992,0.00258906841197532,0.2797008566150718
0.17781099122739,0.15250387308748992,0.002135929817701828,0.34140837188646095
0.168561705533045,0.15250387308748992,0.0016292990255748231,0.6977162324920416
0.168561705533045,0.15250387308748992,0.0018203124503361374,0.5209803858486192
0.168561705533045,0.15250387308748992,0.0017573778092524993,0.5504488013720406
0.168561705533045,0.19606873539364,0.0026667994664488623,1.1332707580006582
0.17781099122739,0.19606873539364,0.0031304748352269074,0.6240371124793528
0.17784409292814501,0.15463775206319,0.002494733574234887,0.9757910672713398
0.19469230685304495,0.15463775206319,0.0022723405856505284,0.9153789029789918
0.18885651998696995,0.15463775206319,0.0023430250963515924,0.9168608978180892
0.18885651998696995,0.17900042122869,0.0027046816817249296,0.686485136626614
0.18885651998696995,0.17900042122869,0.002705073086571789,0.6865421267324148
0.20479186111903497,0.17900042122869,0.002465738673133252,0.5919548309968172
0.188168697931285,0.19800026704411,0.003181972852986349,0.5512782447195649
0.18171660357560493,0.19800026704411,0.0031139275567420577,0.7290835813572394
0.18171660357560493,0.15304073324350997,0.0018779587091952055,0.15758283278837662
0.17967710039841495,0.12577125627328,0.0011680372573130294,-0.25791059672643996
0.1891603471747999,0.12577125627328,0.0014728714032819705,-0.3360009030519213
0.17967710039841495,0.12577125627328,0.001495161670562979,-0.004624658936018154
0.18807671821442495,0.12577125627328,0.0014910078060144764,-0.13317203641935577
0.19011622139161494,0.12577125627328,0.0012938599078543588,-0.5303107739536518
0.19765194470766995,0.12577125627328,0.0013102617077943182,-0.8517472752231413
0.19011622139161494,0.12577125627328,0.0014045127255017816,-0.5013803187454963
0.19960004160691994,0.08343377982796002,0.0007539988494890483,-0.12020585831889329
0.21173160685154,0.08343377982796002,0.0007607458388969452,-0.36382647334840557
0.21173160685154,0.08193438234359993,0.0006518412212905512,-0.5065353238010927
0.21173160685154,0.08193438234359993,0.0006684105522177617,-0.45369664934847803
0.21173160685154,0.06436484341101001,0.0005547447029421943,-0.7244573777889183
0.21593176262903502,0.07116598326675,0.0004336928389222486,-0.9505649477612674
0.21593176262903502,0.07116598326675,0.00041658683460029614,-1.0521532854114193
0.21699326489241993,0.07116598326675,0.00043585390923605476,-1.0465496430240033
0.21743839122849995,0.08044549320383002,0.0005332743321323692,-0.7687263792703255
0.21743839122849995,0.059438569056670026,0.0002907084354393847,-0.25850949230660747
0.21743839122849995,0.059438569056670026,0.0003597776589419972,-0.15017499263608786
0.21321429625958993,0.059438569056670026,0.0003596739218886596,-0.018771723605251887
0.203177760005545,0.06290985690368012,0.0004339595096520477,0.22770809215036267
0.203177760005545,0.07299449791668011,0.0005167149870713645,0.011999022872265728
0.203177760005545,0.07299449791668011,0.0005162197555904823,0.013420891131500252
0.203177760005545,0.10782574431208009,0.0009304936826948041,0.7712075260458685
0.213127096738075,0.10782574431208009,0.001101508525063307,0.33830822415753875
0.213127096738075,0.10782574431208009,0.0011369945995992092,0.23096080772702376
0.213127096738075,0.13990679512815007,0.0018666270022105428,0.567829940042804
0.22797482589339496,0.14829428973473008,0.002534140239125344,0.2886054143382064
0.23188530935014495,0.14829428973473008,0.002279114797656948,0.19086234058330342
0.23188530935014495,0.14829428973473008,0.0023559589471759423,0.20648730750802097
0.24720617804140993,0.14829428973473008,0.0019705336279253255,-0.017383262982575993
0.24720617804140993,0.14323613703977997,0.0018938851677388496,0.05170823582141599
0.257886073061415,0.14323613703977997,0.0018452076181421008,-0.26262232202885355
0.24720617804140993,0.14323613703977997,0.0018325937339876384,0.050734543932780755
0.23188530935014495,0.15639907398915998,0.002478229123711073,0.09698496979168908
0.226244713722015,0.15639907398915998,0.002590942986748012,0.261918838319728
0.220136549915635,0.15639907398915998,0.001984442826091268,0.5543170894175928
0.20844557501245994,0.11011316910524999,0.0010808523339891395,0.2644402594816968
0.20844557501245994,0.11011316910524999,0.001066112793625748,0.3178426774093016
0.21793569976984,0.11011316910524999,0.0013341880653066568,0.036169551127486134
0.20844557501245994,0.11011316910524999,0.001223172990843666,0.4388982013498012
0.21793569976984,0.11011316910524999,0.0010678391704342374,0.22408978424180293
0.20844557501245994,0.11507046837874013,0.0010350504138088219,0.18340226029961573
0.20844557501245994,0.1879855181647901,0.002747201324126804,1.1564692470670435
0.21736664636484498,0.1879855181647901,0.002387738018842057,1.2188314182945075
0.220458304261205,0.1879855181647901,0.002605732315538958,0.7518427867756345
0.22341050422992498,0.1879855181647901,0.002576310095704841,0.6525305516640271
0.23009151051603993,0.1879855181647901,0.0023944354966726963,0.4995811414026054
0.23672801529317494,0.75832919419926,0.0432259298024366,2.4029292803916817
0.23672801529317494,0.75832919419926,0.04312213275110745,2.3859522398405852
0.239473948682665,0.75832919419926,0.04213003899399327,2.4122188695644717
0.26009661958137,0.75832919419926,0.041344095967671704,2.3880440588758365
0.26009661958137,0.7050945276067,0.03983515500306438,2.48429244163907
0.239473948682665,0.7050945276067,0.04067115271433293,2.5701586478441336
0.254213173439155,0.7050945276067,0.03996444809426465,2.5749634882352503
0.239473948682665,0.7050945276067,0.040486396576552015,2.585041246087584
0.254213173439155,0.7050945276067,0.039860161271644406,2.470777650274788
0.254213173439155,0.7050945276067,0.040203209486305916,2.459704170318844
0.23794242585262,0.17637689196145,0.0023373256732239956,0.6614652113343743
0.231011676583155,0.17637689196145,0.0022498426299166485,1.0524609780420178
0.223960723940095,0.17637689196145,0.002623646831867736,0.985699341213115
0.22154790443181993,0.17637689196145,0.002433310132736166,1.5071449105770902
0.22154790443181993,0.17637689196145,0.0026204263889834487,1.4330920356584573
0.20692760189484988,0.21164043265215013,0.0032266412900450736,1.1822705008870085
0.18685738608585994,0.22973470467524013,0.0036155630909482845,1.3036830411087357
0.18068698131426494,0.22973470467524013,0.003631611826378793,1.6158919294953094
0.18068698131426494,0.0957195963112101,0.0008382593017440803,-0.29865127019721555
0.17993011029443495,0.0957195963112101,0.0007237885267075055,-0.054845682024755475
0.18068698131426494,0.10205390849449,0.0009973812401335596,0.02369784190624293
0.18068698131426494,0.17413548574570012,0.0022356925680995046,1.1476020961870905
0.1864906995561749,0.17413548574570012,0.00232314152346898,0.8811458203069625
0.1885960556872549,0.17413548574570012,0.002766395415744259,0.5285141799445195
0.20758412302227494,0.18129900241235,0.0038101073409796287,0.2831796271672937
0.22326622551980496,0.3300539315666001,0.008516863495546163,0.9844552016167276
0.24398266720887496,0.3076852578374501,0.009449335802762774,0.6717821832854368
0.2716922261029,0.3076852578374501,0.008174809349639604,0.5963379337522147
0.29198636910462,0.3076852578374501,0.007609389830586245,0.2858561156431564
0.29198636910462,0.23793961520248,0.005447333892619919,0.8031687329627187
0.303899357169525,0.23793961520248,0.004843473550626467,0.605744012736641
0.32451649262619486,0.28695561718695994,0.007860688199846725,0.516321902641242
0.34419406838007993,0.24592377705317997,0.0070346016533847505,0.2845794510954571
0.34419406838007993,0.24592377705317997,0.006314206974771289,0.34461177847198243
0.34419406838007993,0.24592377705317997,0.0060600647196722476,0.2992132500459798
0.34419406838007993,0.24592377705317997,0.005240410017582484,0.5407655310609701
0.34419406838007993,0.24592377705317997,0.006066706002304773,0.4581572921933913
0.34419406838007993,0.24592377705317997,0.005682112424674323,0.4893574371000748
0.3406714073372,0.24592377705317997,0.006594988024841863,0.47227586344307443
0.3406714073372,0.29878494941131994,0.007928756167871573,0.15870645013051657
0.322718431564395,0.29878494941131994,0.009877754015037307,0.20994286980904175
0.307005057833955,0.2620576905278399,0.0073556535715630506,0.43893484833434515
0.307005057833955,0.2620576905278399,0.006387313520403999,0.4046958144348104
0.28893810738751,0.2620576905278399,0.006861707783049724,0.5218435443455374
0.28893810738751,0.2620576905278399,0.0071194823945645806,0.41258574713454427
0.28893810738751,0.2620576905278399,0.0067645252352987115,0.5406570908582797
0.288247478525475,0.19675519133686,0.0038905818517281374,0.2710770004734598
0.288247478525475,0.19675519133686,0.004043304736248999,0.1719321297927215
0.29207242783988496,0.19675519133686,0.004008489635297115,0.14249736944211971
0.31527734122262496,0.1932883616638,0.0031861218281377516,-0.03320164216803985
0.31527734122262496,0.2179733381837,0.003712093402352659,-0.2867532990241705
0.31527734122262496,0.2375591580142601,0.005300691348704466,-0.43453419451532904
0.29207242783988496,0.20006544370502014,0.004133471348926305,-0.40320553534519205
0.29207242783988496,0.20006544370502014,0.004711796350939083,-0.29454937522562713
0.256763114950135,0.17424483719618,0.004645521034135803,-0.059596618709571905
0.21529746811014,0.1919644772427099,0.004745012475872671,0.22943746578235033
0.18845672732113,0.1919644772427099,0.004601869219116401,0.6297063141533072
0.17545604046813995,0.17759116467710998,0.003182177868552548,1.0219978621363062
0.16440108782228996,0.1900246007157701,0.0028795881361568638,1.526940383446243
0.162535647163155,0.10794940797290012,0.0009053559922431573,1.1305999806793685
0.162251491301315,0.10794940797290012,0.0008689151235731572,1.409690216563085
0.15779801815942,0.10794940797290012,0.0008796621488632575,1.5001607958815477
0.15120669303736,0.0635116873094401,0.00031383576184221534,0.6564075614810532
0.146082029508835,0.05573563480287,0.00029221251780338825,-0.7084605768834371
0.14189263228298,0.05573563480287,0.00026099167311867063,-0.48916931315533263
0.14456020176461498,0.07735944381610999,0.0004319060499578529,0.0766684390965128
0.147017295811505,0.15389996389598,0.0016454679805098307,1.4838232768224002
0.147017295811505,0.15389996389598,0.0018624552671243765,1.0809481474095797
0.158117260226145,0.15389996389598,0.0020913439856298883,0.5841498659896803
0.158117260226145,0.15389996389598,0.0020375799668096895,0.5580317517265767
0.152349929879545,0.15389996389598,0.0020881737228242566,0.6267324232663708
0.1678994633899,0.15389996389598,0.002089755935284909,0.39932910341590216
0.18206137349914495,0.15389996389598,0.0018612576749708954,0.23375924209464685
0.18206137349914495,0.12621263608898,0.0015242242325436103,0.5727954249336885
0.187449969621025,0.16949104815453,0.002562791426277674,0.7708761005593748
0.19789174401066,0.16949104815453,0.002569871666067809,0.5789308344057253
0.18474848901520996,0.16949104815453,0.002340335666576257,1.060635039216735
0.18474848901520996,0.16949104815453,0.002811479600861847,0.7301939245713781
0.16609810498600996,0.16949104815453,0.0028886547307774455,1.0392870529969573
0.18474848901520996,0.16949104815453,0.0028425426864163907,0.6984924649527318
0.18474848901520996,0.16949104815453,0.00288561457504197,0.6837718624811097
0.16609810498600996,0.17918099230712,0.003334932725798028,0.7011047255034176
0.15196296025996,0.17918099230712,0.003482549183826713,0.7757946515123175
0.15196296025996,0.17918099230712,0.0034378968714516922,0.7839815665161948
0.15196296025996,0.14188578588815,0.0026847309918447107,0.5529893258006564
0.15196296025996,0.46940020750311995,0.018092243542639292,2.031958093486015
0.19054525194364502,0.6333405498276301,0.04285048024547179,1.409899924113949
0.19054525194364502,0.6333405498276301,0.04286381787180467,1.4138494190014665
0.24518913629044498,0.6333405498276301,0.04094294292987001,1.3225405239846102
0.23484140870407993,0.6333405498276301,0.04126028411229762,1.3333791695609578
0.26446734293235996,0.6333405498276301,0.038678069273527925,1.2696549642049852
0.26446734293235996,0.6628761997491781,0.039847753196689865,1.2141434629475971
0.27570181736612,0.6628761997491781,0.03720896447971507,1.1935499084468462
0.27570181736612,0.6628761997491781,0.03624225928914898,1.2310356303885008
0.27161184656858994,0.6628761997491781,0.03962570164877812,1.1948182768671418
0.23484140870407993,0.6628761997491781,0.03264522512385855,1.8946675322257054
0.18949227949459996,0.20656133729739812,0.00589449803905222,0.11903241941786183
0.17469232484523,0.20656133729739812,0.005507046553857167,0.403464182479594
0.159096320329815,0.20656133729739812,0.004328317663311916,0.819174746960647
0.13786816165774496,0.20656133729739812,0.0045404815578890725,1.0975589060952096
0.12700412377538495,0.185710443082158,0.0026398784922216333,1.6510931043532853
0.13786816165774496,0.1735873204046799,0.0030169957592947223,1.0981020861326831
0.13786816165774496,0.13010670615934,0.0014055412256635106,1.1457670227882477
0.12700412377538495,0.161091196953088,0.0017913953324679294,0.9639964844104004
0.13613219454016995,0.161091196953088,0.001772863701964978,0.8523037584746914
0.14699623242252996,0.161091196953088,0.001875287277936013,0.48034968876498996
0.153424961857205,0.161091196953088,0.002294654037588054,0.13132367760898053
0.153424961857205,0.161091196953088,0.002422316059111136,0.05150421767772767
0.170153782815695,0.161091196953088,0.0024979246402508032,-0.1866091854822669
0.18728011920911494,0.161091196953088,0.0023079075498901986,-0.6060669756223107
0.1918703566391599,0.161091196953088,0.0018637913874534114,-1.078568650833109
0.18656140629078494,0.145099967566308,0.0016113004065499178,-0.9952411132127338
0.18656140629078494,0.145099967566308,0.0016179815733023417,-0.973554120427868
0.18656140629078494,0.0850101326608601,0.0007499296008820212,-0.042488001080527284
0.1918703566391599,0.0850101326608601,0.0006508335687700005,-0.4142614264280126
0.1918703566391599,0.0850101326608601,0.0006506535782736301,-0.4409702131832509
0.1918703566391599,0.12334589732896009,0.0010877880865698272,0.5982424279736192
0.1918703566391599,0.12334589732896009,0.0013797432003316832,0.4197920799097487
0.19401144179603497,0.12334589732896009,0.0017427609184878325,0.19229961498989764
0.19401144179603497,0.12334589732896009,0.0017448901123652306,0.1796075552783562
0.19055022103299502,0.13079913143393,0.002158223243487471,0.21622086370071075
0.19146712053495502,0.13079913143393,0.0018482057725575922,0.13607654642573272
0.19146712053495502,0.13079913143393,0.001738275101567484,0.10698970297160593
0.195844547638025,0.13079913143393,0.0014819401645978965,-0.01213621348697095
0.20000966610961002,0.14806746373132,0.001984649212625046,-0.07468324572352143
0.22495858518728495,0.17397658980391997,0.0026388154845639116,-0.1490645034490008
0.22495858518728495,0.17397658980391997,0.0028642499886171223,-0.14724107183359733
0.22176098795267501,0.17397658980391997,0.002843736926406558,-0.1160267184146522
0.20000966610961002,0.17397658980391997,0.0029663532543467244,0.243740242676385
0.19044042830174002,0.17397658980391997,0.0030809956567110068,0.33780963561470234
0.21224448040538502,0.13294705267237997,0.002311392646026816,0.4203212664531132
0.21224448040538502,0.13294705267237997,0.0022873712091612567,0.41837918119196543
0.21224448040538502,0.18898991042450997,0.0031618923663637964,-0.08146297123954756
0.20950540485941999,0.18898991042450997,0.0036298498704335725,0.003450096764182444
0.18474890876362998,0.20725020393630805,0.00422819100670139,0.18951004274400524
0.17604938047516,0.18724054583143807,0.0029305240885655996,0.2762093246450682
0.16926815482842,0.14068300261892808,0.001763218825480779,0.024255403260795904
0.16306659667748996,0.1320336089339481,0.0014428792665920522,0.1391607498064737
0.15209648542280996,0.1320336089339481,0.0015063141576216095,0.4364250432217366
0.139002809630775,0.1320336089339481,0.0014408612546217524,0.7858795621230424
0.12861228375036,0.09170220784086809,0.0007441959127516484,0.5392412546137081
0.12861228375036,0.0689581654488881,0.00044818794079315205,0.17558688227149247
0.139002809630775,0.09956424915078808,0.0007903900516930549,0.4799483173725297
0.13169161976250499,0.09956424915078808,0.0007947620867947642,0.6272782419886115
0.13169161976250499,0.101300025353031,0.0008090828355138803,0.5903330285384123
0.13169161976250499,0.101300025353031,0.0007290291616289139,0.8033918223503119
0.126953723662855,0.101300025353031,0.0006768411261077425,1.2377800672115171
0.13169161976250499,0.101300025353031,0.0006412143583738747,1.0769734150133212
0.13169161976250499,0.101300025353031,0.0007007962802850954,1.0261733369201078
0.134754172165165,0.101300025353031,0.0007394542454628756,0.7645389829253985
0.142549844986505,0.101300025353031,0.0007443187826658686,0.36331280829292606
0.14252364697342496,0.101300025353031,0.0007442609949010399,0.363907781378854
0.134754172165165,0.0667842071220409,0.00038746922047506923,-0.37657801238578487
0.13749011362157498,0.0667842071220409,0.0003869872331818121,-0.4602060651838017
0.14252364697342496,0.14319950500490997,0.0013808852815109073,1.8544660896694178
0.14252364697342496,0.14319950500490997,0.0014588572395813992,1.496154497930667
0.14252364697342496,0.14319950500490997,0.0014075033826555306,1.5320582134854472
0.14245281401457993,0.14319950500490997,0.0014078967808783334,1.5323935281215222
0.14245281401457993,0.12498881339306997,0.001237374813374807,1.847965618921548
0.13741928066273001,0.12498881339306997,0.0012972569606583197,1.8834803634341915
0.13501281677626,0.12498881339306997,0.0013161462528011965,2.0607431869653676
0.13501281677626,0.12498881339306997,0.0013310718247424563,1.8719387098176274
0.13501281677626,0.15043207299021,0.0015254729552351362,1.5149255557081085
0.13372822619271002,0.15043207299021,0.0015729786485344488,1.5126628901572245
0.132529648219495,0.0786281703938599,0.0004531801381497906,0.5956288819543079
0.132529648219495,0.07960230886033,0.00046173953646182875,0.6225222071656519
0.133322112991485,0.07960230886033,0.0004963304694040723,0.3254264798142936
0.133322112991485,0.07960230886033,0.00059389593250679,0.10530177110328498
0.14220168433673,0.07960230886033,0.0005909845831838423,-0.10371784766356604
0.15276255506016,0.07960230886033,0.0006180872993757803,-0.4388681979524214
0.15276255506016,0.07960230886033,0.0006034802242670449,-0.5649777651244061
0.15276255506016,0.07960230886033,0.0006507535928376001,-0.5257337147690135
0.15607867472151998,0.06238828688636999,0.000394556749111658,-0.5598358262988236
0.16147717573235998,0.06238828688636999,0.00030108812915649163,-1.029698145936534
0.16147717573235998,0.040288826503530106,0.00016419307974514506,-0.14015442496860234
0.16147717573235998,0.06378737917036012,0.0003044110371472535,0.8754630673396179
0.16147717573235998,0.06378737917036012,0.00032911304495488494,0.8637831806686451
0.15319879737012,0.08904496123559001,0.0005166383731092468,0.2724786696060958
0.1547239363372,0.08904496123559001,0.0005135348511995573,0.23654498685444814
0.14913721287582,0.09830361365547001,0.0007320069847310674,0.1345533897286367
0.14913721287582,0.112108755680127,0.0010507282465324788,-0.03452120217065843
0.14538628881444998,0.112108755680127,0.0009490837848065467,0.15842938821555314
0.14248051510672993,0.112108755680127,0.001060044819686059,0.4448737128138982
0.14246306648224993,0.112108755680127,0.0009658194467322443,0.6312536613754501
0.14532402148424,0.112108755680127,0.0009795787711862423,0.5489564469401587
0.129834275449635,0.061634772047947,0.0005626621206381712,-0.1410652587776407
0.10973265182957,0.061634772047947,0.0005613906501980483,0.26061772774523584
0.125204949239695,0.09011335931082688,0.0008935493627925442,0.32329223992619505
0.125204949239695,0.09011335931082688,0.001012326063431422,0.30778192218186207
0.134142723343475,0.09011335931082688,0.0009585007315438173,0.2017165239055751
0.14536884018996998,0.08685054834480489,0.0008185764985523712,-0.094762532699914
0.14641865542780502,0.096206201206205,0.0010890464406912003,-0.021808198824577758
0.14947678112312002,0.107250802599635,0.0012166974565387928,-0.22342921231594806
0.160844382136215,0.107250802599635,0.0012786529616722782,-0.4365803680207858
0.17249835011242495,0.107250802599635,0.0013112432785443563,-0.626292924901666
0.17634583126917494,0.1027237479058401,0.0009238526581343976,-1.0473966911673354
0.17634583126917494,0.07883292333344,0.00044365224494109215,-0.9519774134319573
0.17249835011242495,0.07883292333344,0.000495202998549281,-0.4977766100068253
0.16870673360317495,0.07883292333344,0.0005388155614347698,-0.21031474953957868
0.16870673360317495,0.05725624160507001,0.00034929161940805935,0.20930645096644893
0.16870673360317495,0.05725624160507001,0.00036952814738529336,0.18268324771672556
0.16052163461092,0.06841490599370001,0.00041274874685170353,0.37111244189223774
0.15389653707540502,0.05076943676082002,0.00025287898392964035,0.2798495841256029
0.14790663350247502,0.05076943676082002,0.0002156425375032381,0.7068304475992703
0.14790663350247502,0.05076943676082002,0.0001939622235140298,0.7589571875457285
0.14790663350247502,0.11186810748789991,0.0008995549889310431,2.17891159693353
0.14617027207925995,0.12117573291662989,0.0010131190200971733,2.0445402265674475
0.14682326250838995,0.12117573291662989,0.0010074850107330044,2.0387892206790528
0.14834914093842494,0.12117573291662989,0.001079811927073797,1.5413871653940916
0.14682326250838995,0.12117573291662989,0.0011890407574964923,1.5144362331243297
0.14834914093842494,0.12117573291662989,0.0011831666922195578,1.3431615076977172
0.14834914093842494,0.1257976604374899,0.0012737093506810233,1.216874439897551
0.1466127795152099,0.1257976604374899,0.0012854659221671796,1.239693961559107
0.14571814620216994,0.14480794335906988,0.0015787408861262756,0.9593114471893303
0.13509831863330002,0.14480794335906988,0.0016844123334426198,1.1795912720577901
0.13509831863330002,0.08790338885136,0.0007922735026585972,0.34282185831382606
0.14571814620216994,0.08790338885136,0.0008825273336766729,-0.03724616089531864
0.15608416114919,0.20400480468333992,0.003125378139670234,1.3773889393377063
0.15608416114919,0.20400480468333992,0.0030724202396508844,1.4756563096272364
0.16798109940955502,0.20400480468333992,0.0029368439496516526,1.3736131486773815
0.171551308694695,0.20400480468333992,0.003029409664620737,1.171481226543847
0.172569563609175,0.20400480468333992,0.002766985434010734,1.1323264922945946
0.177494129639855,0.20400480468333992,0.0028661518539040186,0.7257124485869719
0.177494129639855,0.19127452443881993,0.0024250849060723383,1.0791966533291775
0.177494129639855,0.1788000952732199,0.0022612890682573725,1.2674577639536715
0.172569563609175,0.1788000952732199,0.0023647195961491573,1.3247306068640587
0.16898265389521,0.1788000952732199,0.0025769490235638772,1.3465436969292055
0.16898265389521,0.13278609104461,0.0016070945745114752,0.7652347104060072
0.16898265389521,0.13278609104461,0.0016072025576777359,0.7905800885130263
0.170869827919145,0.13278609104461,0.0016041723770563892,0.7342762048685367
0.16247020764116998,0.13278609104461,0.001570800063519315,1.0477140864036512
0.15338700101318,0.14069833223877,0.0018164033205371661,1.0280514353487702
0.15338700101318,0.24863209341929002,0.0053387318299755624,1.6577199565767755
0.163339126750625,0.24863209341929002,0.0051140343400511755,1.5885614651083926
0.173777509095575,0.24863209341929002,0.004953788033821986,1.2824866574177098
0.173777509095575,0.24863209341929002,0.005106558045593127,1.2561875284923862
0.173777509095575,0.24863209341929002,0.004936065557968274,1.2891452242757346
0.173777509095575,0.24863209341929002,0.004571813604654516,1.5508268279519584
0.16829612056249998,0.24863209341929002,0.004625803582493438,1.5653869655907702
0.15785773821755,0.24863209341929002,0.004776081451023186,1.5908040954436131
0.16486732269332,0.24863209341929002,0.004702325968496621,1.5758015838645894
0.16486732269332,0.2297078618362,0.004361773552501919,1.7303421584249954
0.15587412954416,0.12010302083773008,0.0012309701822547532,0.822936512920669
0.149493851189075,0.12010302083773008,0.0012822260403493415,1.0941096372760057
0.14756319987502994,0.0979659244548701,0.0006519308813144257,1.4329097436331888
0.149493851189075,0.0979659244548701,0.0006571159542043236,1.0659169483681388
0.150108133976565,0.0979659244548701,0.0006560933345575603,1.0543921952545454
0.14756319987502994,0.052986934070390096,0.00023743405792839636,-0.06636498757146515
0.14442347241887996,0.059058518159600004,0.0003199693753065742,0.002451450939282169
0.13885650765724494,0.059058518159600004,0.0003474171558695375,0.27531320937481024
0.13568690057586996,0.059058518159600004,0.00026940713503245857,0.6239145250090151
0.13212034087613,0.06214740313472,0.00031768350421893253,0.757848528266917
0.135343036969685,0.06214740313472,0.00029612161769952043,0.6204853719082363
0.135343036969685,0.11181711928182,0.0009812080501216329,1.4097321561498655
0.132066633668585,0.125993084667207,0.0011842744625882274,1.1450546372945405
0.132066633668585,0.125993084667207,0.0016477861966090357,0.9962588285472521
0.12683762330843495,0.125993084667207,0.0016805395635937689,1.1707939430028578
0.12683762330843495,0.125993084667207,0.0016924059547266744,1.2445580552229443
0.12923917980001498,0.125993084667207,0.0016160632775307562,1.173930026638536
0.13246187589357,0.125993084667207,0.0015922445579158197,0.9817069124764416
0.13700306328917,0.1283761848449269,0.0020973163324773053,0.5318966220236553
0.14709192446059,0.270215564336577,0.005706571330332936,1.2721039502507874
0.18604160686057,0.270215564336577,0.005628380128945546,0.9762861073545137
0.168235750289095,0.270215564336577,0.005514814797593083,1.164877011168418
0.18693684527195,0.24420267336684004,0.004624605953853729,1.316175261148185
0.18693684527195,0.24420267336684004,0.005014385143038691,1.0531126079315825
0.18693684527195,0.23681466857445002,0.004594249390313115,1.1759577392256348
0.18693684527195,0.22773229378325002,0.004361671033808589,1.2691107695671193
0.18693684527195,0.22122735023250004,0.0042789958442254455,1.3041272493674063
0.18693684527195,0.22727747427097003,0.004467072478606648,1.2393547129860243
0.16835745234183497,0.24952847037001002,0.005071495172680627,1.2951237216503666
0.1593707403707399,0.14605800955654002,0.0017571261331205442,0.8521849991795436
0.15150312246289493,0.14605800955654002,0.0016165985457146808,1.3233280541817622
0.14625876454114,0.14605800955654002,0.0017280641435280027,1.5241085115301412
0.14625876454114,0.14605800955654002,0.001582096663257225,1.9502144385138298
0.142196678347715,0.048573660189929896,0.0002936601744855778,-0.07984691856298924
0.130787096409005,0.05795460634543989,0.0003442061718160254,0.1333341140173774
0.130787096409005,0.06600177897956999,0.00046380710028404783,0.28161353289481067
0.12568082040851,0.06600177897956999,0.00045511550060920906,0.5060433715228609
0.12568082040851,0.08847545272478,0.0007818072311689056,0.618637422761494
0.12568082040851,0.08847545272478,0.0008192894022589244,0.5907154693052684
0.12568082040851,0.12586977116486,0.0015702484500697308,0.9568745182010597
0.141979254055135,0.22089210481684002,0.004375771463160173,1.3015816413116315
0.163038820473965,0.22089210481684002,0.004560673824387939,0.8482824690264955
0.182315034037755,0.28867462268912,0.00862602332303134,0.8051123272569184
0.2122490301304,0.33004047400678,0.012318672362173289,0.5650512920159014
0.23467807551813,0.3600616681066,0.014934423976453965,0.34084698398336555
0.23467807551813,0.3600616681066,0.014480186881315823,0.3250062896623734
0.23467807551813,0.3600616681066,0.012821647927211677,0.37033028348701824
0.23467807551813,0.3600616681066,0.012428634072486292,0.3479329020689071
0.28218924234412,0.27238564200444,0.009260653011545857,0.40350108683983404
0.28218924234412,0.27238564200444,0.009199581648716735,0.4020133738280416
0.24057897612151,0.27238564200444,0.009496558367194232,0.6114891241191948
0.23893517230271,0.28123018997334004,0.010318387887564544,0.5822023125976705
0.22752866626557494,0.28332061522913,0.010013093354363083,1.0165635908683543
0.22752866626557494,0.28332061522913,0.007068421935214136,1.6294774784519666
0.21690141538128993,0.1572563617359699,0.0019546235044039123,1.5458587342937682
0.21690141538128993,0.1572563617359699,0.0019014441805658695,1.5700174937213724
0.22752866626557494,0.1572563617359699,0.0019175293536721958,1.2100057250643974
0.23213406737111994,0.1572563617359699,0.0018959140237606842,1.1717771780653399
0.22330164044492995,0.07728705236894001,0.0006331141230228385,0.006093963385060812
0.215662676237745,0.12050667289502001,0.0011932138265479376,-0.47432062942520514
0.210464383331685,0.12050667289502001,0.0011092186868426404,-0.26616152699772133
0.215662676237745,0.32623439343975,0.00692147683658709,1.9144057384604554
0.22330164044492995,0.32623439343975,0.0066157751280641955,1.8236277066768443
0.215662676237745,0.32623439343975,0.0068579487909385325,1.93872743616311
0.21225920728978,0.32623439343975,0.007298078226976616,1.871938187033006
0.21225920728978,0.32623439343975,0.007324414060137739,1.8752941587047698
0.20480945597086,0.32623439343975,0.00731112092468561,2.08895982768561
0.20480945597086,0.32623439343975,0.009138681705284629,1.3777147636167653
0.20480945597086,0.32623439343975,0.009078911964508846,1.272449909517469
0.217647720347345,0.30233368599884,0.007972420650426231,1.4133061215554898
0.24155853789685,0.30233368599884,0.007841472613923026,1.1691519050135941
0.24155853789685,0.203798517759,0.00407412278050589,0.5786605143431734
0.242048999450085,0.203798517759,0.0049373351990313835,0.29846632384979505
0.242048999450085,0.203798517759,0.005180304230133038,0.26800520744936446
0.242048999450085,0.22359152858287,0.005579762366213208,0.17086617932705758
0.276519438611115,0.22359152858287,0.005874567182497953,-0.2170234851154603
0.31970639812737495,0.42431394357274993,0.01302437783947689,0.7691810432673927
0.276519438611115,0.42431394357274993,0.012859285527493885,1.0804230444089187
0.27204835274416,0.45690188659792,0.015789141383510334,0.83522243938906
0.27204835274416,0.48709086827963693,0.019193627124861137,0.65201135514084
0.21129910012119996,0.4873625142222989,0.02201317341085798,0.7750620524817472
0.16142961078904494,0.4873625142222989,0.022437558035930644,1.1210509687399646
0.16032544426207,0.4873625142222989,0.020786509211029723,1.5531198491529232
0.13088835067839494,0.4873625142222989,0.021564765050479058,1.577655359062636
0.12652034591512495,0.4873625142222989,0.021661652565727774,1.582316566850067
0.11461464990036496,0.4873625142222989,0.01961208332838444,2.1973992652128924
0.11461464990036496,0.267341226758259,0.0065065244375793006,1.4840498219629654
0.11461464990036496,0.271782666984619,0.00963052810023449,1.2894477632729713
0.12654061664968,0.321344229710459,0.014397105274447083,0.7903038131321063
0.15595743949879998,0.321344229710459,0.016179875057668817,0.36322224775866235
0.24958020441587,0.29689148020331,0.014713487589856336,0.024527039835730746
0.338583410399135,0.3398380935325499,0.015721719173209896,-0.2579594716062774
0.35369569841286996,0.35098111752825,0.016949490785496294,-0.5846147925838653
0.372860627932535,0.6541400274456001,0.029626291658462988,0.5911666546218537
0.397641409295455,1.2376135590505801,0.10453411040706946,1.7018858845194436
0.4276238053199449,1.0265566371869201,0.08998160014812392,1.7901453087529335
0.45534114138584997,1.44995145460532,0.21487237401391993,1.3737386704201466
0.569828311363505,1.82177743524422,0.38177945782185574,0.9980268157414544
0.569828311363505,1.97662456821015,0.4087885950282989,0.9167846768640113
0.569828311363505,1.97662456821015,0.4276027246889039,0.8800195018911975
0.710340558557875,1.97662456821015,0.40083116646686323,0.8237379591035615
0.710340558557875,1.97662456821015,0.3903918726564949,0.8102464572224699
0.710340558557875,1.97662456821015,0.379056458630441,0.7952475709184645
0.6488495001748451,1.97662456821015,0.42392969812052916,0.8082705732264106
0.606564851983605,1.97662456821015,0.4249912116926778,1.1954037084917288
0.409377065480885,1.97662456821015,0.4510246033663784,1.2564006794866103
0.252745912196625,1.97662456821015,0.3272605780427408,2.112822793692186
0.252745912196625,3.07197546817905,0.7874912992137384,2.4258224633166354
0.43754351967656996,3.04355839830353,0.8041937989257297,2.0122699045659607
0.606564851983605,3.04355839830353,0.8694297765539432,1.4388740789254193
0.606564851983605,3.424863621791531,1.5043977992168585,0.9657127803758022
1.00261230123829,3.424863621791531,1.556528927409455,0.579795744631379
