6409886.0,6198025.0,3246340586680.69,-2.5732456426569716
6428715.0,1030283.0,76281703674.85,-1.4030483456642877
6470370.0,673067.0,34226758709.409996,-0.04472068278437352
6529039.0,646381.0,36234753054.69,0.555369360010994
6566822.5,603923.0,42569976679.490005,0.5408047759257353
6643409.5,603923.0,46038451726.24,0.15239038242319794
6756742.5,603923.0,44641236960.159996,-0.22857805516298899
6756742.5,603923.0,51007543556.810005,-0.21575578235461626
6756742.5,1442995.0,168186440843.69,-1.5745005495593762
6756742.5,2046813.0,420784074078.88995,-1.4183026100851315
6756742.5,2367632.0,722045614248.49,-0.9538596841666167
6611873.0,2562444.0,993261561800.2,-0.5390923680126825
5984329.5,2673087.0,1173223090240.09,-0.16026100639926713
5253669.0,2673087.0,1190753596321.3599,0.21934293805712177
4791350.5,2628847.0,1020806766271.96,0.6253534386296458
4791350.5,2533730.0,717583371555.4401,0.9694034908554123
4791350.5,2087595.0,439541706211.76,0.8139733632392558
4791350.5,1952887.0,403321306017.04,0.7071373705261687
4791350.5,2102127.0,569602047301.4901,0.7166360844031151
4887484.0,2173641.0,744851959515.44,0.3788516763833454
5436049.5,2202126.0,838894730475.4099,-0.0041560678778611955
6003222.5,2202126.0,811486129355.09,-0.4030111167389827
6330273.0,2175687.0,655025331746.5599,-0.834578273415003
6359176.5,1984029.0,420012133959.01,-1.323612510688257
6404893.0,1383585.0,180274196808.61002,-1.717977458577553
6457728.0,925081.0,57408099868.21,-1.8329643764916879
6489465.0,519326.0,20673012016.8,0.6763138531976244
6495107.0,524753.0,26782784784.8,0.7385656385092969
6513369.5,560043.0,35418845335.8,0.3908804692216412
6590382.5,560043.0,40480236047.89,0.022575400963413386
6722791.0,560043.0,41391616994.24,-0.3069831577503736
6722791.0,560043.0,42345989972.45,-0.2881242350568352
6722791.0,1289211.0,138474317959.63998,-1.5994999004039971
6722791.0,1891947.0,361985177187.8,-1.479527111727529
6722791.0,2304030.0,668129918925.8401,-1.040895177108699
6626890.5,2419275.0,920111760107.6901,-0.5936054991983291
6034182.0,2532931.0,1082229755348.8401,-0.20498152753081314
5305644.0,2534758.0,1110011342168.84,0.17302616474938015
4798234.5,2501351.0,964336913048.6901,0.577836223376344
4798234.5,2430964.0,696743666191.89,0.923860572879251
4798234.5,2099887.0,465485659573.44006,0.7989481566695992
4798234.5,1879453.0,407420518009.56,0.6445495654647057
4798234.5,1992607.0,544900445807.15985,0.648811183659422
4868183.5,2271240.0,753115888495.49,0.3832206527398449
5498460.0,2271240.0,824575880596.61,-0.012295501831443295
6046832.0,2271240.0,787835515619.8401,-0.41744799638453817
6297495.0,2271240.0,634073374463.21,-0.8556448123741401
6346183.0,2045237.0,398879491834.64,-1.3387187855308358
6356187.5,1488531.0,174313874725.24002,-1.7262377656163836
6395375.0,1064414.0,68512105346.0,-0.27423834101518596
6463648.0,744824.0,56027894341.04,0.825281370055022
6525117.5,647448.0,60693459253.05,0.5176518883820262
6594045.5,647448.0,64107844477.69,0.13057218415127345
6525117.5,647448.0,69303958437.64,0.27864387345649216
6504170.0,647448.0,70705875321.49,0.29838552007432073
6504170.0,647448.0,72329508888.61002,0.30055104031273644
6504170.0,1370630.0,163238601464.75998,-0.9317876022347187
6504170.0,1988148.0,384771096572.76,-1.1959047462077805
6438872.0,2345515.0,665735167973.4099,-0.8590823141800986
6410420.5,2539065.0,878262247887.4,-0.4918018112196204
6005581.5,3073938.0,1121806301966.44,-0.2966230752622213
5306353.0,3073938.0,1070691780141.8398,0.05036054406848919
4818910.5,2558596.0,842040117115.4401,0.31089694869412726
4818910.5,2558596.0,671231879034.96,0.5459527606771181
4818910.5,2501693.0,537138968037.85,0.44358274156373434
4818910.5,2409279.0,512009620081.69006,0.376395313417479
4818910.5,2480439.0,659594255570.24,0.42987034523791157
4908170.5,2480439.0,811743341066.6901,0.16096913893849965
5518517.5,2551839.0,903487917365.0898,-0.19351186248511387
6082279.0,2665653.0,911167942187.8099,-0.5836321862989354
6337242.0,2226766.0,625444617790.6399,-0.9141996244871324
6372822.0,1971735.0,385260053475.56,-1.4174342919155352
6376868.0,1383897.0,154113474071.36002,-1.9065767007249301
6386729.0,699090.0,33896583145.96,-1.8644426445470448
6416082.5,419733.0,13618897870.209997,1.0511320652306357
6441921.5,352523.0,16763802115.810001,0.7978578642820381
6492250.5,352523.0,18435009195.84,0.3698415077641849
6549157.5,345270.0,18657719129.960003,0.02069095255875901
6617183.0,345270.0,18056445226.239998,-0.3700758533016786
6606329.5,352136.0,22169344317.16,-0.18276464060879855
6606329.5,1171638.0,114855088863.4,-1.9163824563267395
6606329.5,1775391.0,328368564559.69006,-1.546424386465262
6606329.5,2164852.0,608776056640.0,-1.0630088855130995
6523214.0,2314488.0,851685414718.2101,-0.6173246421107869
5962322.0,2688365.0,1079689423003.0901,-0.29604532006472994
5250694.5,2688365.0,1095334652998.96,0.0937212055967879
4754087.5,2688365.0,972000943563.01,0.4950004519541452
4754087.5,2638511.0,717432517831.0,0.7867323857297264
4754087.5,2336229.0,526339460632.25,0.6150782824426608
4754087.5,2403960.0,545689807042.04004,0.6585106465192352
4754087.5,2403960.0,708275164981.44,0.5929541200860543
4834969.5,2538605.0,908019550906.65,0.28861028838532465
5523346.0,2625248.0,1024280069947.4,-0.07856611321495427
6170029.5,2625248.0,987922616990.96,-0.4903544417692182
6421876.5,2347068.0,742025439958.25,-0.8830292262724553
6464504.5,2159377.0,479504128425.04004,-1.417403796086712
6496334.0,1594783.0,206047426362.03998,-1.901887775007342
6510650.0,942235.0,54687934387.89,-1.0242082840712354
6546143.0,595720.0,34214349188.760002,0.8611449980114454
6617770.5,595720.0,39193003176.6,0.4432360039510374
6617770.5,1050174.0,81756464957.44,-0.8785317104675602
6596591.5,1050174.0,82323246342.36002,-0.8278257654634024
6524964.0,1050174.0,89655949641.45,-0.4842138200850588
6524964.0,1050174.0,122087630841.68999,-0.35752459723402025
6510648.0,1612910.0,240572123222.49,-0.7002230151557869
6427975.0,2111014.0,448821156228.49005,-0.7376820255807894
6155098.0,2449360.0,674613829842.25,-0.5121728136244826
5967916.0,2676039.0,835677497582.0,-0.2537697538784923
5668127.0,2755244.0,865880041799.4102,-0.03543330498270732
5137707.0,2348611.0,758564706247.8099,0.13948881721345166
4719482.0,2348611.0,763112680990.6,0.5352777992470589
4639821.5,2140379.0,527957326203.61005,0.8625552253782275
4639821.5,1802857.0,343909664816.49005,0.7131263737629124
4639821.5,1726529.0,326316331017.61,0.6495154045323217
4639821.5,2064002.0,495398487190.83997,0.8026642797344583
4639821.5,2133529.0,682075127824.0,0.5018612876919681
5082310.5,2133529.0,772636941391.49,0.10450396864382237
5672648.0,2133529.0,739397900330.6901,-0.2958749663366901
5947350.0,2133529.0,610380677707.6,-0.7105771260657305
5947350.0,1994481.0,411158013645.36,-1.1497328294526312
5987043.5,1587675.0,199705606613.2,-1.5692264400992901
6006233.0,881722.0,54348948682.96,-1.0541870849881276
6030346.0,421637.0,18387742485.84,0.5091822006650016
6030346.0,421637.0,15953052819.24,0.5604255699301511
6022228.5,421637.0,13568516002.4,1.0614233882581552
6005391.5,308838.0,6198080253.4,0.9605458460587589
5987043.5,190043.0,3152477260.4,-0.15396669479768968
5978909.5,355781.0,8789042434.640001,-1.139625833033351
5966563.5,847832.0,54994982645.840004,-1.9806811899039702
5966563.5,1240170.0,151648409194.09,-1.4964965837874007
5930299.5,1569585.0,284773190880.80994,-1.0614446606330938
5815117.0,1824608.0,424284813455.9601,-0.6994923068042095
5483608.5,1863125.0,514771064225.45,-0.354335188652671
5041414.0,1814866.0,540139962394.44006,0.0077839650003002645
4680537.5,1801737.0,495031038753.6,0.3920166691354945
4594098.0,1742338.0,372797544594.21,0.7217739030709387
4594098.0,1571372.0,250293648478.29004,0.6921078397141129
4594098.0,1576110.0,251274460910.69,0.6973191626987207
4594098.0,1865317.0,391824740798.45,0.8665127860514734
4594098.0,2265668.0,638056265895.2,0.694697640299337
4884285.0,2265668.0,733736967462.6901,0.2694309896168447
5415288.0,2265668.0,716715333123.01,-0.12787365793881647
5810105.0,2246804.0,602144047621.41,-0.5024192302194402
5897470.5,2149816.0,434658875401.2,-0.8865526577595926
5937809.0,1751564.0,239177234771.69003,-1.160945534061548
5984185.0,1327726.0,105855253285.29,-1.2800373545565762
6012717.0,689558.0,35166605225.96,0.47315199253202733
6064716.5,538092.0,29018233472.24,0.5376806567640391
6108356.5,768558.0,55199819944.490005,0.6979373983527902
6108356.5,768558.0,61748469725.21,0.6681517628455896
6188668.5,768558.0,65955874447.61001,0.33412281338814365
6188668.5,768558.0,65088928904.96001,0.32898584601815745
6188668.5,1288095.0,122604423155.68999,-0.7252567348157272
6188668.5,1771351.0,267533515005.21005,-1.0937986227083598
6188668.5,2122868.0,477111199524.84,-0.8914176710807091
6148001.5,2300126.0,683753761417.9601,-0.5387656986818923
5695410.5,2347765.0,819350791542.6,-0.16117018736237804
5124673.0,2361024.0,875030365554.24,0.2185547791269557
4707286.5,2389742.0,780572187890.76,0.5558368697946315
4707286.5,2267499.0,549107495938.55994,0.816237227720357
4707286.5,1884250.0,376048666709.49005,0.5810327673446575
4707286.5,1924273.0,385540803551.64,0.6111449833921175
4707286.5,2108368.0,544830028615.4899,0.6361823718603641
4778307.0,2226473.0,723401391624.29,0.35044463337262244
5333507.0,2331257.0,842605270378.96,-0.0057470845266881666
5853235.5,2331257.0,832705552745.2899,-0.40438219766152317
6156590.5,2331257.0,719350008432.65,-0.8623803537022864
6269110.5,2331257.0,518227538177.44006,-1.4685673798458252
6304714.0,1446441.0,187858676758.69,-1.6321558703082368
6343294.0,1068305.0,72330138137.04001,-1.0704948273929442
6374533.0,803731.0,47578085538.36,0.6275615223403163
6416988.0,619636.0,47159023618.36,0.6946220300948914
6461590.0,603409.0,52759890344.24,0.36660259134148176
6590880.0,625812.0,58692442474.159996,-0.011311885493012206
6773387.0,625812.0,60250796744.36001,-0.3664623889874791
6773387.0,625812.0,56186295995.81,-0.4175564500349008
6773387.0,1410161.0,171300222760.64,-1.5958757899295162
6773387.0,1979453.0,414393043097.45,-1.435860329804929
6773387.0,2321040.0,721639759300.01,-0.9890344719193354
6653879.5,2496017.0,986427982480.96,-0.5577795840604554
5988226.0,2591262.0,1141506936702.4897,-0.1745335668650593
5220588.0,2591262.0,1173053817376.24,0.20754270770500693
4765148.5,2822462.0,1111095763859.05,0.5715716136946632
4765148.5,2743608.0,800086781016.8,0.9090007693639813
4765148.5,2378285.0,519491819739.41,0.7780073580527308
4765148.5,2051001.0,429471576603.49,0.5376611916133976
4765148.5,2334471.0,614691376103.89,0.6335192892207033
4830682.5,2411389.0,813419582567.49,0.34579004833048654
5407747.0,2411389.0,919484290750.61,-0.02935971571540834
5946209.0,2411389.0,902570390712.6898,-0.43592033685478354
6246145.0,2411389.0,774097592373.36,-0.9051126127733499
6333975.5,2411389.0,562790128683.0901,-1.54468420481155
6375080.0,1437312.0,186184633970.36002,-1.7443507419739919
6414604.0,912631.0,56560448185.81,-1.402664191116593
6445102.0,725391.0,34708789843.240005,0.5927376079982429
6474199.5,566802.0,37027791352.810005,0.8459768983659341
6494960.5,597991.0,47940634789.689995,0.43035826567679114
6573357.0,597991.0,55680568969.63999,0.07802755122995875
6705768.5,597991.0,54586900296.009995,-0.22436618503987654
6705768.5,597991.0,57350794807.05,-0.22903964854426792
6705768.5,1386550.0,166262689675.05,-1.4469091741173212
6705768.5,2007649.0,414321786752.00995,-1.3950344255344975
6705768.5,2362476.0,727106333921.61,-0.9707603843078534
6550792.0,2507810.0,990673855093.1599,-0.5432074449048285
5941099.0,2619153.0,1142774098789.64,-0.1644888610748783
5220486.5,2619153.0,1152634954708.4,0.21348687663168442
4732523.5,2603174.0,989616600133.4,0.6190172399176557
4732523.5,2451989.0,688121979874.04,0.9761286409940599
4732523.5,2052729.0,431365444007.16,0.8505072630147599
4732523.5,1892068.0,388929914302.08997,0.7279326248094317
4732523.5,2050393.0,545438139251.2899,0.745046571062106
4783480.5,2133333.0,719181384207.6,0.40571404115622967
5349520.5,2190016.0,815464199081.6901,0.02337450402472093
5938845.5,2190016.0,789533087410.41,-0.37691444095107185
6258364.0,2167538.0,644642177181.29,-0.8049721372213504
6327656.0,1981753.0,425191814231.85,-1.29341181243928
6338955.5,1532049.0,201766884494.49002,-1.7340358458159846
6373115.0,955146.0,61561267381.44,-1.5618163219471035
6414585.0,674557.0,32977285019.359997,0.8497462874890289
6460107.5,544539.0,38455465867.009995,0.785284062702351
6516174.5,650890.0,51922914866.56,0.4824297552373694
6593118.0,650890.0,52110119258.490005,0.10922290757975917
6710282.0,650890.0,51907473906.0,-0.22143592053124908
6710282.0,650890.0,49543844675.64,-0.23357227617442056
6710282.0,1357578.0,141162438703.16,-1.5117645768958186
6710282.0,1977375.0,368451683643.25,-1.4673092772445033
6710282.0,2313453.0,652384505000.2899,-0.9988824208186465
6613409.0,2562730.0,930903506339.4,-0.5923921562199974
6034064.5,2655616.0,1094486600920.01,-0.21440754048361207
5309640.5,2655616.0,1118078814738.49,0.1643604294068794
4831703.0,2461618.0,951567637990.8099,0.5457805896182413
4831703.0,2456727.0,704646995371.85,0.8833651581237207
4831703.0,2127089.0,472209071478.36,0.7519809827541968
4831703.0,1961983.0,427964510448.16003,0.6331704400070273
4831703.0,2080075.0,577107951953.29,0.6489987045082495
4911337.5,2085811.0,728294088505.6901,0.32134842628739374
5492231.0,2146871.0,814531591061.61,-0.056509792314543984
6054467.5,2146871.0,778736746340.8,-0.4579557371557667
6290821.0,2108880.0,616790285959.01,-0.903839143157375
6300497.5,1935661.0,389686150329.95996,-1.440906026161911
6352206.5,1309361.0,153143066873.41,-1.887985772105743
6404444.0,782784.0,39108702597.409996,-1.5916760609290346
6427421.0,528832.0,23323510731.560005,1.1592247353168588
6449871.0,514158.0,29710369237.49,0.7649138030980648
6460292.0,543934.0,38607233010.85,0.37785044312742944
6538303.5,543934.0,38712155436.61,0.004079676065615633
6627250.5,543934.0,37824073009.81,-0.24994497629534612
6627250.5,588046.0,46751908479.81,-0.2624391952755126
6627250.5,1322900.0,143998491299.41,-1.5210585554178322
6627250.5,1891079.0,360131762344.20996,-1.393691136725073
6627250.5,2245347.0,635295829969.24,-0.9643344417879186
6450156.0,2436332.0,880246003247.4899,-0.5525882421799998
5886619.0,2522877.0,1011150035835.0,-0.18108278387481044
5235102.5,2522877.0,1016362183895.8401,0.19392758582169747
4773879.0,2393175.0,862705835872.4099,0.5805729146392281
4773879.0,2327051.0,617202141743.76,0.9333229160762421
4773879.0,1934831.0,401879181648.4,0.7575210910818364
4773879.0,2081172.0,441512844921.88995,0.869417844035681
4773879.0,2128759.0,619238029816.6101,0.7842808666852674
4812133.0,2273748.0,821734206364.61,0.4351333939057443
5379829.5,2273748.0,906912517420.61,0.03450476637952873
6066262.5,2273748.0,859680740002.61,-0.3680937255526828
6387635.0,2240498.0,700862420464.29,-0.7968933516600676
6406707.5,2093608.0,471559775951.64,-1.30329486874199
6416232.0,1601145.0,222584785292.25,-1.7755858008829046
6433705.0,1092009.0,71987713260.09,-1.4309331939741234
6481056.5,449264.0,23939611975.05,0.7274962462484905
6553551.0,449264.0,24215155177.61,0.31746366719987
6610814.5,449264.0,22725854907.84,0.03529427757017665
6571402.5,455602.0,27183949896.36,0.19122711340706805
6524051.0,494104.0,32248909505.96,0.2242569031989698
6520847.0,813491.0,57999122641.15999,-0.5028473881136016
6520847.0,2054596.0,333181152857.8,-1.9187104336164942
6498605.5,2054596.0,526486289045.41,-1.159407166775845
6349294.0,2284241.0,738067943423.81,-0.6828773015955273
6170349.5,2420257.0,869549937403.25,-0.32102071419865263
5442655.5,2493331.0,923267110157.4099,0.004960328090268234
4822103.0,2409273.0,862524546823.89,0.35082658640128306
4654728.5,2140911.0,690842270597.76,0.736733178912847
4654728.5,2102409.0,486105612271.68994,1.191053456130854
4654728.5,1783022.0,289075917766.41003,1.1554694205582585
4654728.5,1722441.0,274257734286.63998,1.0967038738930464
4671346.0,2049865.0,483499693997.84,0.8588453849262941
4671346.0,2080001.0,659575850475.4401,0.5192237390861952
5100438.5,2080001.0,716578929316.6101,0.10949208897251814
5674083.0,2080001.0,678011506947.8899,-0.28579871742438534
5899310.5,2061308.0,547047490539.89,-0.6738574292343402
5899310.5,1940969.0,366877551825.41,-1.0533957672756247
5916922.0,1504849.0,176946891117.44,-1.2505824164194244
5923092.0,909544.0,60561291113.69,-0.45417627787412584
5951343.0,539216.0,28418253907.160004,0.7819689249170562
5962520.5,539216.0,28207060396.159996,0.6990056660183457
5962520.5,539216.0,20177259853.409996,0.8935596750452669
5962520.5,312526.0,8287055642.960001,-0.37422866736378085
5924360.0,280355.0,6409017369.610001,-0.33473364690207547
5891617.5,395794.0,12888193168.96,-0.6978191540782408
5891617.5,835249.0,55199216934.88999,-1.6976875654145764
5891617.5,1218587.0,146435992780.49005,-1.4387432450366526
5891617.5,1549050.0,278656344432.83997,-1.0382482518009177
5770053.0,1777863.0,420189475099.44006,-0.6646802490407031
5433252.5,1874073.0,518788313084.00995,-0.30024850094495065
5021856.0,1874073.0,544955296944.44006,0.06618733151918899
4664955.5,1824053.0,482714032352.44006,0.43476652489691725
4389235.0,1712425.0,374840283409.61,0.8168332635150687
4389235.0,1478279.0,243499984718.81,0.7884443072485436
4389235.0,1524505.0,253057620705.69,0.8335984982994284
4389235.0,1963495.0,435220960833.8,1.0426660495221136
4389235.0,2307610.0,711643047985.64,0.7889514867272847
4667229.0,2365422.0,922054767194.8099,0.39147101508456167
5377459.0,2365422.0,934088315093.21,-0.013564217094641439
5918701.0,2352391.0,844327366904.0901,-0.4093225395981351
6139759.5,2304468.0,675530012968.76,-0.844746712183453
6157741.0,2304468.0,467062484870.84,-1.416060762313482
6185490.0,1484411.0,167833571880.81,-1.518109584488608
6222435.5,840917.0,50749078215.64,-0.9340214502796931
6282811.0,401927.0,20084830525.4,0.24953855813363915
6368597.0,604813.0,32670525993.4,0.578249773168714
6368597.0,604813.0,35486619835.21,0.4715846502203133
6350547.5,604813.0,32621569591.210003,0.7237352879306634
6350547.5,747711.0,42738714092.409996,0.276632429103777
6350547.5,1454021.0,142486864942.41,-1.387660283034533
6350547.5,1927641.0,329910929969.05,-1.2525694170362596
6350547.5,2235724.0,557915656183.21,-0.8643097033992009
6190974.0,2445413.0,775104376973.5599,-0.49145056009267096
5645270.0,2526172.0,913690997897.29,-0.12299503263168408
5055305.0,2526172.0,950429344016.0901,0.2607202222448269
4664453.5,2353590.0,764945094530.7601,0.6283713472485951
4664453.5,2163559.0,516909145111.65,0.9308562970277595
4664453.5,1778461.0,328320473855.55994,0.7280435585272782
4664453.5,1759527.0,323917093825.76,0.7113248741999603
4664453.5,1972495.0,480951853067.36,0.7372965913698196
4719751.5,2124497.0,661002870356.3601,0.4313496386085208
5216990.5,2195605.0,775279464501.25,0.06433282091091508
5742190.5,2226938.0,778785913213.2399,-0.30798833720881563
6085975.0,2200298.0,661638631714.3601,-0.7021404617603806
6268460.0,1996809.0,456858377312.20996,-1.1190748128933936
6374075.0,1618722.0,241379446143.40997,-1.4402711649944882
6406870.5,1167711.0,100583621161.01,-1.3726296851709068
6412810.5,820039.0,47680824519.409996,-0.2554958663794443
6431235.5,763135.0,47188995500.8,0.6310730580067214
6497357.5,661858.0,53672041488.8,0.6341689916648604
6497357.5,1190667.0,105892570097.69,-0.6324647727981816
6610207.0,1190667.0,106028974338.01001,-0.8866229122801044
6610207.0,1190667.0,113858174921.69002,-0.7080708769158347
6610207.0,1579314.0,230075809898.63995,-0.9337403494938904
6610207.0,2098552.0,448468843462.36005,-0.9082294816618238
6467850.5,2416219.0,700642266112.09,-0.6217679903850932
6039376.0,2623368.0,917180602874.0898,-0.295641802219629
5621328.5,3272316.0,1202957643944.96,-0.14976042910684906
5167386.0,6726341.0,3376588147152.6396,-1.3349562658614906
4748933.5,6433573.0,2891974670224.64,-1.4279869670169258
4748933.5,6433573.0,2768226768427.41,-1.4190088377887715
4748933.5,5983122.0,2431675408738.05,-1.7468381392884607
4748933.5,5909749.0,2406069630961.1597,-1.77849101740193
4748933.5,5949067.0,2616217392743.5596,-1.6107437987731608
4820892.5,6171392.0,2938627945338.05,-1.490058235002647
5380672.0,6227340.0,3222546304919.01,-1.5191676955402151
5949693.0,6227340.0,3360697870524.84,-1.696912147394716
6209386.0,6227340.0,3250199833884.09,-2.1397125589951678
6257386.5,2001791.0,404534064351.61,-1.3119563218262558
6305394.0,1521454.0,188458727166.25,-1.6299118112139093
6327352.0,958573.0,63626914811.56,-1.0980674226533742
6390507.0,603056.0,35503080252.04,0.4779281931173117
6479344.0,714826.0,49663973963.4,0.557710221997598
6540228.5,658143.0,49461572101.65,0.2619998811103332
6620685.5,658143.0,54689040217.41,-0.10341362497993889
6665808.0,658143.0,53552910950.61,-0.2985908436386813
6665808.0,693445.0,58869348173.25,-0.3537514523868217
6665808.0,1525944.0,184945898618.03998,-1.5950599787820745
6665808.0,2070805.0,435614861271.6,-1.3635498468953158
6665808.0,2406291.0,733830178248.2899,-0.9089398050965707
6456905.0,2538440.0,976458811821.2,-0.48995278381385354
5834176.5,2651374.0,1122556373470.44,-0.11469290851897347
5145496.5,2570045.0,1089107077322.61,0.25338879774286815
4705323.0,2570045.0,924124713626.04,0.6654836545679139
4705323.0,2370887.0,623359148056.4099,1.005553353673105
4705323.0,1957929.0,392346132275.45,0.837384047920563
4705323.0,1780434.0,348551415339.2,0.7014138894926994
4705323.0,2007580.0,506593792524.2,0.7225447356574735
4781454.5,2168060.0,690776704956.6901,0.4087808770097381
5360992.5,2225775.0,794886748979.01,0.037615613318838816
5884793.5,2225775.0,770126778341.4401,-0.35955710588731804
6186504.0,2173832.0,634594544569.76,-0.7709523246264184
6314151.0,1992979.0,421408696410.61,-1.2389270084638224
6363029.5,1492943.0,201444076456.21002,-1.635163890667924
6400543.5,1027173.0,71738225866.20999,-1.1386214868218023
6431905.0,834740.0,47586723628.36,0.3868191281523324
6486105.0,709777.0,53604795549.65,0.841178070786637
6514962.5,684359.0,62807913590.36001,0.498208541426543
6621050.5,684359.0,62617121987.45,0.1391485191376071
6617741.0,975246.0,97437782404.89,-0.26087777334993595
6617741.0,975246.0,118638681314.41,-0.24717140508264887
6617741.0,1585786.0,240089265640.36002,-0.7981486724752146
6617741.0,2116970.0,470610171584.29004,-0.9048991697018488
6410704.5,2467839.0,753173303178.6099,-0.6484526944692224
6067459.0,2646968.0,982161987578.8,-0.30960933727402445
5732068.0,2732649.0,1080510367960.2402,0.03114268129461707
5161206.0,2732649.0,1002018939432.85,0.37303373725009903
4720179.5,2545515.0,750943514051.4401,0.6955684181301696
4720179.5,1817645.0,431662725410.36,0.6983787989369274
4720179.5,1817645.0,387748136621.29004,0.6630197796119571
4720179.5,2020481.0,438911825969.05,0.7976188194585551
4720179.5,2084121.0,607736847851.21,0.7033634042978466
4798394.5,2140614.0,772483947794.3601,0.3516937083504403
5433501.5,2251790.0,869740737333.5599,-0.025666085371778103
6057687.5,2251790.0,830009938268.05,-0.42765046511957855
6332236.0,2221740.0,688555665431.81,-0.857375397559055
6382083.0,2042522.0,449450778855.55994,-1.3790014569077136
6410329.5,1504009.0,196362805494.56,-1.8937078466457151
6427791.0,853028.0,48016830339.490005,-1.6575022287170051
6471173.0,591602.0,26435896091.8,1.0931352524761302
6519519.0,527962.0,30995992369.489998,0.8042786573196451
6543889.0,547263.0,38441421391.64,0.5225526370992423
6612020.0,547263.0,34887240916.76,0.23187104977293538
6632554.0,547263.0,33680572235.640003,0.1637622094661424
6632554.0,697408.0,45088126742.03999,-0.23310039759208384
6632554.0,1462626.0,166627519671.2,-1.5373289328145048
6632554.0,2052788.0,412499098167.45,-1.3565526509742931
6632554.0,2391060.0,705447209961.45,-0.9178528330193098
6423543.0,2583155.0,962257808882.0398,-0.5136655107838759
5867356.0,2691535.0,1095409995315.64,-0.15269793345200786
5189666.0,2691535.0,1091080825750.29,0.21953463515441213
4725449.0,2488223.0,896010250929.4102,0.586292469275568
4725449.0,2341283.0,628263822456.21,0.9152743551622388
4725449.0,1994127.0,419905964813.75995,0.7625620664906856
4725449.0,1866816.0,387744994821.69,0.6706774460471899
4725449.0,2044331.0,540201151856.80994,0.6942184961218513
4779972.0,2170451.0,719549139068.8102,0.3811436564673919
5360175.5,2291161.0,839210070803.2101,0.021306812959713747
5919687.0,2291161.0,816396821199.5599,-0.3745714773729099
6211411.5,2248561.0,660922723106.61,-0.7982541041486612
6303101.0,2075572.0,439369829023.56,-1.2842569286595364
6330715.0,1543368.0,203032797147.44,-1.6984224638549241
6390843.0,945026.0,62987857069.490005,-1.2653787802028709
6430036.0,815270.0,45491887178.20999,0.7297328011119717
6471476.0,637755.0,38747520797.95999,0.7689283289448998
6528084.0,631891.0,33444639324.20999,0.6550453967318096
6528084.0,631891.0,32601635825.49,0.6393151628748299
6487037.0,631891.0,38194263983.64,0.6670844160238802
6487037.0,976255.0,67604388441.2,-0.22035633069658542
6487037.0,1603493.0,187457499641.56,-1.2356231362145622
6487037.0,2088362.0,401485306670.41003,-1.1003473972721471
6386574.5,2438930.0,656077608837.1599,-0.760064868159017
6134956.5,2617571.0,856834568381.45,-0.40264078017383087
5648050.0,2907063.0,1015056104658.89,-0.23788845068962344
5091996.5,2750760.0,959403164624.96,0.096741188963949
4674278.0,2618395.0,808526620383.5599,0.4491384520530729
4636794.0,2461734.0,573429089533.49,0.718859128115588
4636794.0,2115159.0,370642118639.16003,0.5212089096176706
4636794.0,2051583.0,355479680042.04004,0.4595878742986674
4636794.0,2561988.0,588235272611.0101,0.7853752125857745
4636794.0,2561988.0,783446796536.29,0.47010117893661213
5045354.5,2561988.0,885003537946.05,0.07872292455850148
5607104.0,2561988.0,852250483067.01,-0.3156022066505217
5886316.0,2213268.0,622080852733.76,-0.6001087923770557
5886316.0,2100014.0,425434381626.55994,-0.9469154631541687
5901368.0,1633904.0,214072523197.61,-1.063268096119754
5936977.0,1092383.0,85940563981.84,-0.550779528220251
5970696.0,618732.0,38730400981.36,0.7004432712455809
5988204.0,618732.0,36760535789.56,0.6298931706607743
5988204.0,523782.0,22430823587.159996,0.734981183986511
5970696.0,445794.0,12956510055.84,0.8352160063654592
5936977.0,275404.0,8332501306.2,-0.5893158091226268
5895552.5,429805.0,17397610168.56,-0.8532305407474919
5895552.5,880667.0,66896546797.040016,-1.5891279991291332
5895552.5,1262115.0,166254359315.49,-1.3330771329993463
5815808.0,1568100.0,297845366491.44,-0.9504849135852894
5667953.5,1784432.0,425653091737.29,-0.598318721646688
5365322.0,1888237.0,506765220336.80994,-0.26269455059196906
4949167.0,1888237.0,517791844322.16,0.08389886587277112
4605450.5,1754141.0,440401144834.80994,0.4248935310709341
4520422.0,1612833.0,319117464734.89,0.737461703927365
4520422.0,1458432.0,220400682624.76,0.6776301314907631
4520422.0,1528795.0,234245547849.85,0.7564147713127786
4520422.0,1872192.0,386995791893.61,0.9286867766106724
4520422.0,2134971.0,599842285237.64,0.6682182353747771
4833000.5,2134971.0,727436186017.1599,0.2648656377935909
5369365.5,2134971.0,743228041995.36,-0.12962151783527726
5832814.5,2123650.0,642414168809.76,-0.5210005785271344
6011382.5,2000935.0,472395027648.36,-0.9333526797387881
6022938.5,1678906.0,278140912839.56,-1.3636360971901216
6084601.0,1189677.0,117798279719.23999,-1.7433573051795554
6148994.5,775084.0,38731254788.28999,-0.7620257247800386
6185203.0,431687.0,20652098992.84,0.3030651142703099
6222642.0,750467.0,44913362158.96001,1.072276449668786
6222642.0,750467.0,53366913340.759995,0.6624952503698327
6297119.5,750467.0,52902708489.21,0.4837116554571431
6297119.5,804685.0,62200698899.85,0.3648990759407183
6297119.5,1513116.0,156703664872.81,-1.0823136231626145
6297119.5,1985521.0,342599941975.69,-1.152535369433154
6297119.5,2268573.0,568665320635.36,-0.8155201336272375
6163491.5,2474899.0,788755828979.56,-0.4607221898084233
5609818.5,2543748.0,918121061812.8899,-0.09201954703517887
5019400.5,2543748.0,948877354430.6,0.29532228985754533
4641672.0,2347467.0,756515502433.49,0.6593438676699847
4641672.0,2137978.0,503664961672.61005,0.9898805888563872
4641672.0,1739063.0,310402590939.36,0.8014307285063241
4641672.0,1706069.0,302824406941.56006,0.7715710931284304
4641672.0,1850871.0,438531596097.20996,0.7555551542456775
4677906.0,1947811.0,585554613591.29,0.42187920209294266
5154145.0,2155176.0,708768130730.36,0.08221066065647727
5691832.0,2155176.0,652066187798.21,-0.3074765184089204
5934980.5,2112055.0,564760764172.6901,-0.6863474134856521
6007381.5,1970619.0,396567420114.83997,-1.1187377765228022
6124312.0,1608253.0,215401915343.61,-1.3359039364366359
6200089.5,1293963.0,111860659600.56001,-0.441443841443395
6266358.0,815547.0,76688315901.36002,0.3449179530717702
6342733.0,807666.0,74068544749.04001,0.07332419579055119
6422033.0,856742.0,77435701828.21,-0.25668820616239646
6587043.5,856742.0,74271616611.81,-0.6813688635235992
6630311.5,856742.0,72691325273.65,-0.8834211423117652
6630311.5,694699.0,56215728021.759995,-0.5835659700324476
6630311.5,1520527.0,199345058178.65,-1.6234134539446907
6630311.5,2064897.0,462597796556.24005,-1.3544221052473557
6630311.5,2404365.0,774525122256.61,-0.900743918056677
6325709.5,2585778.0,1013685995625.0901,-0.4964435709752015
5688050.0,2650392.0,1143022677660.96,-0.12143280140997212
5002951.0,2650392.0,1140075806861.6,0.2598975837919608
4561032.0,2575771.0,948654490882.85,0.6599726021482298
4561032.0,2405184.0,644940304944.24,1.0229319612152892
4561032.0,1955693.0,408657589604.4,0.8286025864867224
4561032.0,1901292.0,394576504941.69,0.7894915006400173
4561032.0,1971779.0,542273040166.41,0.7173706965517745
4607039.5,2063821.0,700445466141.6901,0.3715013029470634
5212976.0,2109786.0,782866722687.3601,-0.013471418407092546
5824867.0,2109786.0,753844887925.8,-0.4079868681439141
6081806.5,2081097.0,611896081737.76,-0.8431034825082022
6088580.0,1885389.0,395006825608.76,-1.350596502375476
6127849.5,1432276.0,177194104409.4,-1.9724712686015493
6160994.5,814560.0,40936409444.4,-1.3989514810060442
6196216.0,545614.0,25323307984.439995,1.0855791734661
6224949.5,545815.0,33402542529.360004,0.7623788086937019
6247932.0,612668.0,42864789810.64,0.4228539413473906
6336394.0,612668.0,47834617826.64,0.030310857420780817
6477582.0,612668.0,47992161044.560005,-0.30282839488442487
6477582.0,612668.0,51246181691.76,-0.2579864855288765
6477582.0,1431396.0,170524361364.09,-1.561340846377626
6477582.0,1980297.0,407165248262.96,-1.392715991235491
6477582.0,2316444.0,703826041775.2401,-0.9646352769548436
6349018.0,2434031.0,944898110933.96,-0.5299933246901055
5700992.5,2530040.0,1083308927922.8098,-0.14543918702211142
4966931.5,2530040.0,1089362344264.65,0.24041403870171227
4524407.5,2484054.0,932486618526.8099,0.6520455387898484
4524407.5,2394695.0,658866357087.8401,1.0773749261282024
4524407.5,2017865.0,353770102408.08997,1.3128030932612231
4524407.5,1776429.0,288624107377.61005,1.079046929830159
4524407.5,2062317.0,480656681233.83997,1.0961154042794805
4538347.5,2168467.0,689751210000.4,0.6784126937831416
4839848.5,2168467.0,779644195276.6901,0.24712954202444323
5439251.5,2168467.0,790739063852.6101,-0.14396646447418932
6039235.0,2129478.0,680954825208.96,-0.5314044630711117
6108196.5,1976705.0,494013221569.89,-0.9392514374836346
6170087.5,1590844.0,292306792486.61,-1.4101286999129503
6185908.5,1470984.0,153326198349.76,-2.1434589858962467
6198000.0,695936.0,33186046345.890003,0.4494811613155293
6232002.0,603554.0,36156514429.44,0.7539769418372055
6285077.0,603817.0,45568928291.36,0.3492716666704184
6344634.5,603817.0,47620335141.61,0.08795472583408356
6417509.5,603817.0,43953513524.009995,-0.14201453693701324
6417509.5,662467.0,57112435310.16001,-0.20383308786160748
6417509.5,1477099.0,183517184714.61005,-1.4423569923496218
6417509.5,2013714.0,422648390888.64,-1.3056545635247723
6417509.5,2335441.0,713484134875.4,-0.90026115553831
6201569.5,2536627.0,967862946067.4,-0.4987838863173787
5591124.0,2562363.0,1084075400949.8899,-0.11966032235947573
4915500.5,2562363.0,1050226049999.0901,0.2537125380941881
4486329.5,2416386.0,864868143625.49,0.6436095656856442
4486329.5,2306155.0,601811140347.4401,0.9860735342048818
4486329.5,1899896.0,390971007974.44,0.7946883416949071
4486329.5,1859853.0,380881260743.61,0.7650733250959367
4486329.5,2063776.0,558498038720.25,0.7354284709001451
4581799.5,2150035.0,735743668859.29,0.3879672941765387
5182757.0,2153624.0,819724678567.21,-0.0003023259572626399
5742889.0,2153624.0,779110151202.4,-0.39042744341849256
6041270.0,2105834.0,630247483029.09,-0.8173709075606155
6041270.0,1936181.0,401858635563.36005,-1.2108716057809377
6143231.5,1543346.0,198320592420.63998,-1.4254456593463205
6194823.5,1042075.0,84922381253.41,-0.6183665200740893
6237953.0,926815.0,66115936754.15999,-0.18093002821997317
6250373.5,926815.0,71148074190.81001,-0.47058843726592525
6316823.5,926815.0,77186924174.01,-0.7507887868316503
6424156.0,926815.0,77292410697.29001,-0.9726124298077412
6424156.0,926815.0,76339435520.81,-1.0422515902519573
6424156.0,926815.0,97607074192.25,-0.771656125474841
6424156.0,1503454.0,224215509406.0,-1.1572466481526933
6424156.0,1953072.0,424031985747.41003,-1.2371904333130208
6385888.5,2344572.0,708824608346.4401,-0.8433139518834931
6090309.5,2470347.0,915553615105.8099,-0.4479179494259136
5513146.5,2623062.0,1031983083834.85,-0.10827809007852043
4925809.0,2593156.0,1001943898018.2102,0.24607638908244658
4505250.0,2445299.0,818427318689.49,0.6222858494789085
4505250.0,2283410.0,558039605682.64,0.9285091274704952
4505250.0,1854141.0,353356628080.29004,0.6949643537718967
4505250.0,1961465.0,380112709488.85,0.7861110030135743
4505250.0,2123217.0,561002038532.56,0.7498020633207115
4549594.0,2243062.0,753953349931.4402,0.42746295062954415
5094018.5,2243062.0,828504823756.4099,0.02650094492045852
5690674.0,2243062.0,810836706805.5599,-0.373146041032006
6037659.5,2195482.0,654868211464.5599,-0.7922294400102282
6037659.5,1989188.0,415447102614.80994,-1.1646870636433602
6118535.5,1474908.0,198038010057.69,-1.4877840572611447
6155220.0,1027896.0,78897822413.16,-1.1536572260868097
6165692.5,797246.0,44174919687.840004,-0.44828781426041503
6176685.0,797246.0,46945713184.409996,-0.776258994872931
6226135.0,797246.0,48335789181.759995,-1.0068633527880027
6176685.0,797246.0,49388504913.29,-0.7894413950484584
6176685.0,797246.0,54754685903.03999,-0.5431759160094094
6141076.5,870892.0,83447274486.81,-0.4509223920405104
6141076.5,1447949.0,190298273494.88995,-0.946943119247424
6141076.5,1911227.0,375799358778.36,-1.0847749793555244
6044910.5,2230315.0,607766367960.76,-0.7422373915227518
5804653.5,2459782.0,790953493180.6,-0.4145531447931785
5347414.5,2500544.0,865378798065.0101,-0.10672981521355744
4827247.0,2412044.0,816140622361.49,0.2165345484091282
4436064.0,2164749.0,659448808461.89,0.5477654714725785
4376219.5,2021656.0,461910381073.00995,0.8970393200968965
4376219.5,1684235.0,281820142903.41,0.7925845650657328
4376219.5,1711921.0,288099344315.0101,0.8205832553741729
4376219.5,2004473.0,457778089030.56006,0.9202531975293791
4376219.5,2004473.0,619507104915.3599,0.559201246527288
4736098.5,2004473.0,709436429922.0901,0.15369503036230786
5308484.0,2004473.0,661811486344.8401,-0.23139181486442809
5587995.0,1959091.0,536554851081.16,-0.6040189822061874
5587995.0,1847199.0,371146039826.41,-0.9811111447181575
5609475.0,1480262.0,193624340510.88998,-1.2622737037316318
5638186.5,959903.0,71572728916.25,-0.9993233858535407
5659656.0,449866.0,25759975144.090004,0.35937993444895405
5688929.5,449866.0,25391448125.24,0.26173436123401284
5642015.5,442413.0,20057372453.81,0.6234517883672511
5624519.0,413226.0,13172504101.76,0.9574133395521892
5614838.5,283837.0,6462069186.210001,0.6299322397380395
5603623.5,473757.0,14916969663.159998,-0.6346253719276987
5603623.5,909916.0,60920232040.44,-1.6362443492317924
5603623.5,1285421.0,154897897239.8,-1.3644394026684619
5574954.5,1615261.0,287796451634.4899,-0.9916214578470869
5428658.5,1815723.0,416625363891.21,-0.6214150032165265
5098315.5,1807676.0,479654060951.45,-0.28340370974426704
4692483.5,1713848.0,484320943659.45,0.06524892779257725
4339811.0,1694487.0,433065234220.76,0.45021268907948403
4258931.5,1626422.0,318420119142.41,0.7954668216500501
4258931.5,1401895.0,207864709250.6,0.707657400508376
4258931.5,1428289.0,212838343406.24002,0.7376259142799599
4258931.5,1708506.0,335508457855.64,0.8923734693965598
4258931.5,1708506.0,414588820632.25,0.5363915302693387
4572860.5,1875195.0,527411720431.69006,0.20456452495606114
5072769.0,1875195.0,553711191400.81,-0.160087478771741
5369835.5,1864409.0,472437144098.6,-0.5528410370173866
5460732.0,1765064.0,340931256160.04,-0.9660111150794887
5529237.5,1446723.0,187773231020.84,-1.3468028422851501
5553676.0,986946.0,73665372521.36002,-1.498151386732538
5553676.0,446906.0,20623822265.05,0.10099573835990067
5598232.5,479117.0,22117663401.05,0.20187957917132218
5625044.5,820940.0,54074355238.49,0.9504452875656145
5727893.5,770660.0,52815872322.8,0.6429035185343763
5727893.5,770660.0,53383056282.01001,0.5822777107822029
5625044.5,770660.0,58752032996.04,0.7454252680213441
5625044.5,1288339.0,113942172768.24002,-0.44171832671023037
5625044.5,1663609.0,224586295255.61002,-0.7981439203848721
5586453.0,1987511.0,383601667564.4899,-0.6885136672732665
5471719.0,2182230.0,543936003278.49005,-0.40414755483690046
5212879.5,2270245.0,690962919574.4401,-0.1322006346053016
4741848.0,2270245.0,727027062203.85,0.24673070066449632
4392262.0,2058914.0,587714613175.24,0.580545773520647
4330111.0,1884815.0,401195235189.64,0.9166879407082922
4330111.0,1548699.0,246325772951.89005,0.7601795367554375
4330111.0,1588672.0,254743334859.76,0.8028578226931341
4330111.0,1732288.0,375074547356.84,0.8163226691026053
4330111.0,2456719.0,688240668382.21,0.7824227587389926
4698739.0,2456719.0,882867948777.4102,0.3820863009224512
5251908.0,2456719.0,928078733547.8899,-0.008408300448711215
5608057.0,2434878.0,823996822344.2,-0.38528135705438127
5878693.5,2351065.0,630789428040.8401,-0.7655454305820362
6092329.0,1974385.0,393492546111.69,-1.0667910209084503
6186058.0,1436729.0,196632198682.0,-1.2051927040430273
6270158.0,903017.0,86843909508.69,-1.0684869852841337
6312911.5,785332.0,50480370101.409996,-1.407521455136679
6357674.5,465154.0,20322580358.96,-0.45710454360694314
6357674.5,465154.0,21407297791.090004,-0.47858302906924827
6320099.0,465154.0,22353347109.8,-0.2394163424730351
6320099.0,752025.0,48054584120.69,-0.8426341989798914
6320099.0,1502807.0,186405525961.03998,-1.6891042195122532
6320099.0,1972267.0,418191442306.49,-1.2991694619893064
6296844.0,2290537.0,682293812575.04,-0.8532909858547588
6009738.5,2536174.0,923631111779.8401,-0.4761550109850825
5415260.0,2603338.0,1056191793922.2402,-0.11023571482622573
4805139.0,2603338.0,1051623174861.85,0.2628385557354395
4411274.0,2519401.0,869768633445.1599,0.6509841329633431
4411274.0,2289488.0,577783477676.2,0.9664550286650238
4411274.0,1851313.0,371190744741.36,0.7362028950991494
4411274.0,1779323.0,354037432596.75995,0.68196612020577
4411274.0,1999585.0,513125847045.36,0.6960196169067533
4440013.0,2121922.0,689552483502.41,0.3937835541393292
4990955.5,2137196.0,789688945820.96,0.017363060357405882
5536342.5,2212890.0,785809430298.4401,-0.3593807242507876
5828792.0,2190672.0,658492781383.04,-0.7782313700578944
5979642.0,2025725.0,444234530312.89,-1.260366446255809
6040810.5,1552790.0,212785158379.61002,-1.6861880566330179
6063664.0,1028070.0,71612841538.6,-1.123474451146431
6071301.0,901347.0,53543148070.44,0.5533128990319207
6114381.0,682304.0,54108930593.2,0.8327216110605121
6166452.5,647624.0,62137784193.16001,0.5179421420004198
6281385.5,647624.0,63171503706.009995,0.10975923227617419
6411822.5,647624.0,56166750822.44,-0.19378439053313756
6411822.5,647624.0,61097365712.61,-0.19192914019652965
6411822.5,1485879.0,184072674096.45,-1.466261785976341
6411822.5,2022536.0,424360517190.20996,-1.3369913856299176
6411822.5,2551054.0,790055482891.81,-0.9928385052060288
6250051.0,2579290.0,1056800835251.76,-0.54594273141331
5620328.5,2736933.0,1213995589638.1602,-0.16994899394852298
4913777.5,2736933.0,1223615258114.69,0.20391427343739044
4384297.0,2649193.0,1041718798267.49,0.597547093811973
4130988.0,2510499.0,763071136387.4099,1.046513294583937
4130988.0,2127499.0,466638777456.24005,1.0268041142483615
4130988.0,1846190.0,388703280812.41003,0.8290508809520254
4130988.0,1862660.0,503529493924.8099,0.8015786983424348
4130988.0,1981700.0,664723604761.64,0.495384597976439
4689860.5,1995371.0,746045721845.96,0.0925018517756383
5509066.0,2063375.0,768469555538.6,-0.29696288087027944
5785477.0,2052751.0,668641898047.04,-0.724839969049719
5846565.0,1871282.0,490662593956.04004,-1.2501935523521468
5906085.0,1897510.0,303588988102.76,-2.07507745488765
5917889.0,1079048.0,66294557783.89,-1.0363409228258555
5924724.5,625782.0,38736502359.009995,1.0163079962437722
5960425.0,858820.0,68932641906.61002,0.9957843926708395
6015384.0,753114.0,74749861432.05,0.6067272388627951
6178139.5,753114.0,75842936069.64,0.19744569134307138
6361481.0,753114.0,68837545118.76,-0.15615958793111276
6361481.0,753114.0,74759766444.04,-0.1757517478810638
6361481.0,1539677.0,187794103311.85,-1.267192647633323
6361481.0,2090905.0,422607313406.04,-1.2703673226444545
6361481.0,2447129.0,726114398820.24,-0.9095411194595203
6151507.5,2640375.0,992302190449.65,-0.5082392795408867
5506423.0,2730029.0,1161268806809.84,-0.1319765915573138
4837241.0,2608731.0,1132437340395.76,0.22579804262883477
4383515.0,2560780.0,969649135529.29,0.6314213117435067
4383515.0,2489156.0,680461878942.6,1.0230308376986919
4383515.0,1977488.0,414887950774.85,0.8070541076540252
4383515.0,1828749.0,377347121096.2399,0.6997676368098491
4383515.0,1966434.0,517954134443.95996,0.6991224391350102
4391242.5,2101762.0,689372763053.84,0.39108146026226437
4968168.0,2141543.0,786656275113.2902,0.01352661058010992
5555253.0,2164735.0,778352859242.6,-0.37322832225482294
5820094.5,2145898.0,644971924813.4099,-0.801036203618798
5886651.0,1968565.0,425864204186.16,-1.2959249608485237
5936088.5,1510156.0,198788220365.36002,-1.8452972782054746
6003752.5,940034.0,56316145706.36,-1.094781918179639
6030829.0,816848.0,47928422673.84001,1.012493709197703
6050719.5,683735.0,55924808634.01001,0.8532527061519254
6075642.0,683735.0,57447995431.21,0.4579877281383966
6193263.0,683735.0,55718346679.44,0.13077323017873801
6193263.0,1732505.0,232070976325.85,-1.619066641703677
6168340.5,1732505.0,244579340630.95996,-1.3246758205898548
6168340.5,1732505.0,325336882376.29,-0.8613255683642734
6168340.5,1791740.0,458231921720.44006,-0.5893701925437567
6017089.5,2340999.0,694259530560.76,-0.4278480261323579
5431661.0,2566502.0,891084113479.36,-0.15191394028367497
4982013.0,2629170.0,938076109679.01,0.1455796522582301
4805977.5,2554886.0,844791082620.8401,0.47457915917682175
4501730.5,2430707.0,620302204834.24,0.8269054245921599
4443510.0,1817610.0,322115501461.00995,0.7029440072627013
4443510.0,1817610.0,355587251220.64,0.5474568693050139
4443510.0,2042980.0,412550280471.24005,0.7486608532894725
4443510.0,2175399.0,599087229050.65,0.7437946365688203
4443510.0,2388893.0,835680246065.2899,0.49571238850156185
4928801.5,2388893.0,961321303392.49,0.10304703369902558
5552117.5,2388893.0,888598560596.1599,-0.2859955120911003
5933406.0,2355182.0,729547394840.0901,-0.6898037435769797
5987334.5,2175025.0,502190259776.80994,-1.1233413571982562
5987334.5,5312968.0,2351784017079.2,-2.21752555658265
5987334.5,5312968.0,3294295646670.2,-1.480408605632193
6053544.0,5603261.0,3498629685468.4106,-1.525864847557655
6103363.0,5603261.0,3604962773380.8896,-1.5209559040464316
6196678.5,5603261.0,3648505686607.56,-1.5226323307439482
6159244.0,5603261.0,3629277691592.04,-1.5226320805740319
6067823.0,5603261.0,3585046677925.85,-1.5182629268387555
6067823.0,5603261.0,3571105419340.6,-1.5095694865151612
6067823.0,5603261.0,3509379155808.09,-1.413615516168705
5903178.0,5603261.0,3430103884620.81,-1.2370968049388378
5903178.0,4493418.0,1754726833723.05,-1.3248819980386288
5903178.0,2560056.0,833400727550.01,-0.47109221471808504
5455486.5,2591322.0,918307209454.65,-0.17124393727816517
4876788.5,2415264.0,879300281087.61,0.14608721994532411
4440359.0,2287527.0,750664012705.29,0.5083149388223489
4345393.0,2104685.0,534568590547.61,0.860947044218153
4345393.0,1867841.0,347567170687.2,0.8386114073908999
4345393.0,1770484.0,323873974924.20996,0.750746450910566
4345393.0,2069782.0,495805399519.41003,0.8764953585348372
4345393.0,2174501.0,696600065015.89,0.5647488324042994
4744570.5,2174501.0,811014069319.01,0.16449623015672207
5369556.0,2174501.0,770841642989.0901,-0.22901320363913288
5686455.0,2140571.0,634224428769.65,-0.6170723098405493
5686455.0,2035169.0,442095965914.44006,-1.018174559630337
5710369.0,1653988.0,230694091791.56,-1.3712317384560753
5744691.0,1039703.0,78490957232.05,-1.1365771752923366
5775579.0,487290.0,30965685724.05,0.24482480991688318
5850027.5,487290.0,28275310493.440002,-0.019916770802522014
5805350.0,487290.0,26878557459.84,0.2522137045395875
5775579.0,472077.0,21012877382.69,0.598704266217796
5752757.0,472077.0,16264211426.690002,1.0022314096411415
5741405.0,663362.0,28377526016.690002,0.03554742161795935
5741405.0,1831072.0,231879280901.09,-2.0884787432769727
5741405.0,1831072.0,326572762674.61,-1.2817639842738293
5704954.5,1912918.0,474107282935.81006,-0.7670686923823528
5536639.5,2080022.0,601491094708.29,-0.3685077321810433
4993157.5,2028585.0,633821600809.89,-0.06208384124483797
4409302.5,1939230.0,607913175441.24,0.2965738489149502
4204208.0,1873116.0,513949558161.24005,0.7096632731936524
4204208.0,1784083.0,356273485423.96,1.099133441826962
4204208.0,1536486.0,216972263610.00998,1.0594894392011314
4204208.0,1610907.0,233319017103.03998,1.144554997283836
4304746.0,1966153.0,427700709347.89,0.8898096459672491
4304746.0,2229063.0,656757190700.05,0.649213132043042
4654923.0,2229063.0,763993101554.36,0.23091490251310803
5175450.5,2229063.0,761493632588.81,-0.1679719888863424
5607231.5,2201433.0,640915605786.89,-0.555695857925767
5715566.0,2105833.0,458726079636.65,-0.9636035934641762
5748651.5,1659211.0,244941516553.15997,-1.281032708543112
5806305.0,1241779.0,107739201815.76,-1.6258531408681671
5857647.0,630468.0,32966571745.49,-0.2861818475994912
5904449.5,434698.0,23700648192.04,0.15865016861695083
5944050.5,773473.0,50565713723.560005,0.7357571389641773
5944050.5,773473.0,62408695122.490005,0.5607955339609322
6026921.5,773473.0,65763570444.490005,0.26630053200823683
6026921.5,773473.0,70024661098.23999,0.28430128341732386
6026921.5,1427644.0,151101999048.81,-0.8977881925074187
6026921.5,1905797.0,322905465848.89,-1.109917173100893
6026921.5,2208928.0,546772254676.80994,-0.8456054424145988
5943320.5,2414718.0,770291373340.6399,-0.49480719373667414
5409335.5,2503745.0,920111143198.65,-0.12840308785325397
4810683.5,2503745.0,960588200841.3601,0.25900568704246507
4420041.5,2381096.0,787147381982.81,0.6457940335383702
4420041.5,2239179.0,536134738621.85,0.9767463125029825
4420041.5,1795252.0,342033268013.20996,0.7299603662427491
4420041.5,1808714.0,345195178417.85,0.7405752751629798
4420041.5,2016748.0,509078395500.55994,0.7279365532941957
4479111.5,2138067.0,684240549512.09,0.4038099694342344
5028156.5,2223766.0,794767378973.6,0.03634527715008171
5574469.5,2298270.0,800927786801.81,-0.32929936631073464
5886390.0,2237597.0,671027912105.8099,-0.7257357794492448
6051066.5,2051820.0,463053952298.83997,-1.1674251575664993
6147795.5,1632458.0,238428850601.56,-1.5385623561745299
6186562.0,1231884.0,100281947350.45,-0.9133376303242595
6193342.0,962863.0,68723363848.45,0.3507990902775769
6234677.0,844869.0,72280459756.56,0.6705279628368147
6297067.0,723550.0,74991675128.6,0.4251304896956757
6460327.5,651411.0,75325478834.29001,0.07346077743451011
6583145.5,651411.0,65442713279.409996,-0.1832152770589418
6583145.5,733367.0,76974649618.21,-0.2539403418034329
6583145.5,1655224.0,234902798833.8,-1.4844467699266686
6583145.5,2264728.0,544259447285.61,-1.3181731365023386
6583145.5,2606504.0,910668901212.6,-0.8980709775688871
6334875.0,2803034.0,1219794624837.56,-0.48836603262340056
5640980.5,2896909.0,1392243744176.81,-0.11259067856013365
4875300.0,2879090.0,1369502686899.56,0.2617746988925088
4399660.0,2879090.0,1156417443164.25,0.6718401505697043
4399660.0,2629474.0,772579441840.01,0.9954167055485461
4399660.0,2163542.0,489802511934.95996,0.8139560080297294
4399660.0,1904939.0,420640564487.49,0.642119596910242
4399660.0,2008727.0,559132452121.8899,0.6246428901185402
4499048.5,2198322.0,739599615638.1599,0.3255987337639864
5140457.5,2198322.0,799688182553.61,-0.06857735480818632
5677448.0,2198322.0,756434587944.9601,-0.47417225958567444
5895200.0,2161114.0,606453446621.16,-0.9198764395088178
5911765.0,1961917.0,375881155294.08997,-1.4527076399248182
5973155.5,1367364.0,147839304944.63998,-1.9419825034596263
6001545.0,757035.0,36366529860.64,-0.9001769745876876
6008500.0,668108.0,35530956947.36,1.1521717680268273
6035032.0,715060.0,52637528215.96,0.9208774493816613
6096813.0,715060.0,56677395532.6,0.4668682180381965
6162781.0,715060.0,64350886818.159996,0.13138649172880487
6323017.5,715060.0,59906517741.28999,-0.21644861148141564
6323017.5,715060.0,66459123780.409996,-0.2400455980385385
6323017.5,1575446.0,203918576374.8,-1.426595072492959
6323017.5,2149042.0,469261429789.56006,-1.3307840992457414
6323017.5,2503457.0,800827357628.0,-0.9214594194148233
6140974.5,2609965.0,1064583865890.8401,-0.49583169944732675
5460294.5,2786670.0,1223673427571.1597,-0.1303830112733966
4729252.0,2691921.0,1204109696468.01,0.23342002503443293
4265246.5,2691921.0,1038462854376.49,0.6504320281397242
4265246.5,2572584.0,719414350072.24,1.0122728609621063
4265246.5,2099713.0,434664390962.41,0.8449017111295207
4265246.5,1793586.0,357024819391.0,0.6097929753961284
4265246.5,1837349.0,460927915172.25,0.6028708444779899
4342531.5,1961945.0,595401486852.36,0.3019312999378267
4919777.5,1961945.0,651803571174.0901,-0.08415224815756403
5420471.5,1961945.0,626545241021.61,-0.49479751646496345
5620293.5,1929260.0,496714396226.00995,-0.9409655221756869
5667428.5,1694399.0,304492058922.16003,-1.4579183201326777
5696854.5,1305286.0,128787743747.63998,-1.8542282615250119
5701471.5,933327.0,49397244394.8,-0.05019503584114969
5723137.0,806769.0,60772495729.8,1.3328171900440022
5755564.5,763006.0,81164408221.29001,0.8467902650145954
5834540.5,781636.0,98343875634.84,0.4570511924558297
6039084.0,781636.0,100431709483.95999,0.05823826675379223
6247696.5,781636.0,99071740320.76,-0.34503332785870283
6247696.5,781636.0,89839354563.04001,-0.3482179624121869
6247696.5,1509554.0,201977865411.03998,-1.266522857667968
6247696.5,2152333.0,470972779137.61,-1.3497532746293024
6247696.5,2467367.0,801005671426.76,-0.9403942244651335
6074558.0,2633221.0,1083643082733.01,-0.5192458925198242
5397172.5,2671615.0,1220509899131.8901,-0.13089515473313232
4643374.5,2705159.0,1230841300719.25,0.24870973303333596
4164468.0,2635763.0,1047471744901.8401,0.6564821055470843
4164468.0,2635763.0,763424971758.8,1.0519938233993338
4164468.0,2060422.0,480689449644.41,0.8008517036293651
4164468.0,1850386.0,426485034851.69006,0.6833882827893606
4164468.0,1946822.0,558565592859.56,0.6324045607947516
4286155.0,1977888.0,690936780416.8,0.2798997896186323
4983124.0,1977888.0,734765271356.8,-0.11545022635213219
5510217.0,2002359.0,695687160623.2899,-0.5220810673897907
5653992.0,2002359.0,562644374918.81,-1.001119272776231
5678140.0,1826959.0,346554313236.89,-1.605756256600826
5696065.0,1302778.0,126374727419.21,-2.2008548938521386
5709836.0,838327.0,40589539430.64,1.0090315761607909
5731514.0,756288.0,59578211736.56,1.3280120391163708
5759282.5,707992.0,76366106210.76,0.8114766286245916
5819827.5,707992.0,87876816031.41,0.36072672635390274
6053676.5,707992.0,90589175987.8,-0.04289541397639019
6227308.0,707992.0,80311198814.48999,-0.41401186445255944
6227308.0,707992.0,82511663590.44,-0.4089777475656329
6227308.0,1475300.0,200435080585.6,-1.3453892369897007
6227308.0,2029228.0,446222024043.04004,-1.3170444821649472
6227308.0,2293916.0,734504856912.6399,-0.8994930227534269
5976742.5,2372254.0,939959919569.01,-0.4640211611428843
5319309.0,2465246.0,1043901992505.8102,-0.08919160919903028
4623569.0,2460283.0,1016547678888.4401,0.29412174959582377
4253270.5,2417737.0,846571362599.6399,0.7117473396471404
4253270.5,2320087.0,581786348270.24,1.0227310524084756
4253270.5,1842772.0,400898854917.89,0.7765114432119502
4253270.5,1885595.0,411354726289.43994,0.7998994877811368
4253270.5,1895630.0,546769009225.64,0.6307062869951595
4463902.0,2108534.0,700067042985.4401,0.28007453572373564
5142332.5,2356223.0,814044484063.85,-0.042244203936987336
5648852.5,2356223.0,794295763373.8401,-0.4286185651408385
5785925.5,2296858.0,633338746210.6901,-0.8543311321351293
5897395.0,2091600.0,404545152906.95996,-1.337501586627609
6005082.5,1483668.0,172036477014.81,-1.6046843812024845
6012147.5,873575.0,59234839372.08999,-0.4340984366129629
6080567.5,731701.0,50681073203.21,0.20288233059796357
6159956.5,767575.0,54318763887.61,0.14475931368494507
6214145.5,554671.0,41697151822.840004,0.1568920105446767
6242192.5,552200.0,35063353186.24,0.06665201683301827
6204802.0,552200.0,41277666823.240005,0.19277835740497204
6204802.0,935070.0,76775533289.44,-0.5095195946263719
6204802.0,1554568.0,205796573345.75998,-1.2621407772740465
6204802.0,2068346.0,440507770675.81006,-1.1232928366665178
6123017.5,2407149.0,716156729117.8099,-0.7656229240411665
5818317.0,2623536.0,940987559151.4099,-0.4102269640124267
5313699.0,2743555.0,1048391852807.0901,-0.08143006088358005
4747061.0,2641341.0,988638477068.96,0.2418210167199134
4320770.5,2417886.0,800559837644.96,0.5816774476382627
4233842.0,2198223.0,546395269804.44006,0.9330441921006192
4233842.0,1808485.0,339038937561.2,0.7879672217790312
4233842.0,1928729.0,369343162314.64,0.8914641087953293
4233842.0,2343307.0,621891202033.0398,0.9806643341103923
4233842.0,2394242.0,869031917863.61,0.6032463977217327
4673613.5,2487276.0,1042158369346.8102,0.20949897493284156
5387302.0,2535500.0,1085664926152.3597,-0.1709555162188509
5950981.0,2503894.0,965868938139.04,-0.5639120077666516
6183737.5,2388703.0,727169622725.8,-1.0086513561894375
6223444.0,2034148.0,427325682695.49,-1.5103409313233336
6267672.0,1353214.0,158105809542.0,-1.9370041322560088
6299950.0,780112.0,38114435894.96,-1.4825742118008889
6316939.0,372644.0,13563138703.24,0.4323480152797224
6341051.0,321709.0,10435118657.49,0.4353435970955424
6350023.5,293231.0,8052821049.360001,0.6178026730719157
6350023.5,293231.0,9230185022.039999,0.48333277624593396
6340611.5,528139.0,21132310175.64,-0.6783619696389834
6340611.5,1017421.0,81608946038.36,-1.5833786866609176
6340611.5,1421789.0,199463558272.4,-1.315786266855026
6295404.5,1753508.0,357028233872.80994,-0.9384545154474893
6122000.0,2119523.0,549292742706.95996,-0.6449474120707732
5758134.0,2119523.0,615750555258.6901,-0.26567932144324535
5311309.0,1993154.0,606492763801.64,0.07179696712233972
4943265.5,1938193.0,533258268397.00995,0.4444508943493126
4853232.0,1829834.0,387609748880.61,0.7721891159787581
4853232.0,1591384.0,264782736894.05,0.6399371260179381
4853232.0,1830150.0,318526012346.2899,0.8753620254709964
4853232.0,2112152.0,512325800720.29004,0.9159141224318395
4853232.0,2322800.0,749826466509.4099,0.6079731838689081
5230860.5,2322800.0,862105177883.25,0.1955976168014473
5887102.0,2253434.0,822519136246.24,-0.1864764075920401
6294089.5,2253434.0,704910209248.0901,-0.5913978861730893
6342027.5,2160237.0,508636330870.89,-1.0308924536494177
6381112.0,1805133.0,277401495775.21,-1.4972447994559526
6464709.0,1201528.0,97923906131.69,-1.7757324147635787
6518687.5,520810.0,25870755865.609997,0.10515742414198664
6547788.5,520265.0,27945887946.560005,0.2794166991379497
6572274.0,868585.0,64398855341.409996,0.8763884688710561
6572274.0,868585.0,81466045213.81,0.6193128359976355
6667432.5,868585.0,84502332059.88998,0.3075786811329735
6667432.5,868585.0,91623057273.64,0.31124121446744846
6667432.5,1657337.0,202544057280.49002,-0.9255850353646974
6667432.5,2149090.0,418073626495.83997,-1.0698777383405906
6667432.5,2439151.0,682222192715.29,-0.7904621663825439
6566243.0,2643445.0,940225398625.6399,-0.44490838952259465
5959400.0,2663087.0,1093475501321.9602,-0.06866723121755203
5302788.5,2663087.0,1117088946538.6401,0.3241333917223835
4918858.0,2527616.0,896382201917.96,0.7205155152062511
4918858.0,2343903.0,594514709549.05,1.0169138399701416
4918858.0,1827220.0,376699896349.75995,0.7356487565701577
4918858.0,1806447.0,371712909983.69006,0.7211707505462672
4918858.0,1927716.0,520184986992.65,0.6365283549012061
5079491.0,2037441.0,670063936629.69,0.3006741107023187
5695271.5,2037441.0,731522857648.0099,-0.08559278612634158
6180863.5,2245090.0,723379453817.45,-0.4326897147338061
6409996.5,2203045.0,604382854489.2,-0.8341406713590527
6515775.0,2007201.0,395459521066.2,-1.297940210544896
6570637.5,1468861.0,179039071125.45,-1.4849659460085998
6627723.0,1065945.0,77812157763.61,-0.5146152790296054
6711275.0,993264.0,77819806764.36,0.738750509436619
6767732.5,953588.0,96966847173.85,0.7004282148507979
6817522.0,863300.0,105879497238.75998,0.409508142343517
6962674.5,909107.0,111963647880.95999,0.07414679459222852
7148889.5,794936.0,88490989743.95999,-0.13980031169822235
7148889.5,795003.0,96719990780.8,-0.1686221962578459
7148889.5,1796330.0,274056796991.84,-1.3637256537160198
7148889.5,2361481.0,591287438748.49,-1.2520339534720506
7148889.5,2676570.0,962197570698.96,-0.85557243127742
6947246.0,2855203.0,1282898225303.29,-0.4549285643373311
6174359.5,2914200.0,1442154983279.2898,-0.07266137585024893
5391120.5,2914200.0,1404978697870.09,0.31353107460808366
4957119.5,2914200.0,1180535511916.81,0.7400295481365787
4957119.5,2663643.0,773040594494.01,1.0719872815337275
4957119.5,2119197.0,497109159555.69006,0.8379237122409421
4957119.5,2013430.0,468033748853.16,0.7777165549522297
4957119.5,2013430.0,602447180224.8901,0.6246921130443892
5113953.0,2126257.0,756951680556.01,0.27553280302224126
5841578.5,2126257.0,817345295265.85,-0.11277362421174232
6384034.0,2126257.0,763005914338.0399,-0.5174933140433872
6538189.5,2083267.0,610346435103.4401,-0.966561286045898
6584239.0,1896602.0,379901652945.81,-1.5447279770966749
6634582.0,1338045.0,143492430325.2,-2.132130192539338
6675633.0,903420.0,46180937939.61,0.6222852390631994
6681703.5,907659.0,73986182734.2,1.4123434332737441
6692189.5,937860.0,106960483173.20999,0.8744039448346772
6731276.5,845761.0,115212847382.48999,0.4863122565044527
6962311.0,845761.0,124352043961.29001,0.07509701352017736
7208780.0,845761.0,114403781764.0,-0.2910102991382796
7208780.0,1127668.0,154714206797.01,-0.536880945784259
7208780.0,1739049.0,312864196370.29,-1.003104935849715
7208780.0,2322047.0,611971786464.05,-1.0546234789620579
7208780.0,2599062.0,957126452403.89,-0.7418830761005204
6785255.0,2774280.0,1239735560779.41,-0.36001406905209105
6011624.5,2863495.0,1364233899092.2102,0.0036193712675805776
5414435.0,2837935.0,1307250379875.56,0.38315644217964767
4984428.5,2837935.0,1076817239352.0898,0.8202059987744037
4984428.5,2671707.0,685702698037.29,1.1496564855410927
4984428.5,1735827.0,400433370425.45,0.6236056512649516
4984428.5,1850806.0,426214468862.84,0.6725991498184357
4984428.5,1984860.0,569677989103.76,0.5902489589673358
5170353.0,2134246.0,727117247302.8401,0.25917027026450923
5889662.0,2134246.0,794259188079.0,-0.12184706606635738
6358416.5,2226849.0,769232324991.84,-0.5093265830766961
6499321.0,2180389.0,609088786292.49,-0.963044306042228
6618606.5,1980571.0,379061358383.61,-1.5162982999138934
6618606.5,6755102.0,3855866859116.841,-2.5098326682769843
6681109.5,7063796.0,3979816219437.7593,-2.611398709241201
6700759.5,7276956.0,4136683301260.6396,-2.591245131176766
6712949.5,7293966.0,4271073395801.09,-2.58171109030084
6762035.5,7409287.0,4408829714232.05,-2.568622330631363
6962684.0,7409287.0,4516158608500.689,-2.5641862308799155
7166367.0,7409287.0,4574320168976.609,-2.580440718829012
7166367.0,7409287.0,4563685726775.01,-2.5666969351729425
7166367.0,7409287.0,4592681235966.29,-2.4127820754411164
7166367.0,7409287.0,4691319588902.159,-2.1363803595796056
7166367.0,2661993.0,935904783897.96,-0.8685471855186581
6929140.0,2797659.0,1233113823048.0403,-0.45547302456096495
6182063.0,2912488.0,1397271557103.01,-0.07949248480131835
5423350.0,2912488.0,1392679670866.2397,0.3061399712458636
4962840.0,2883194.0,1156551519773.56,0.721041285967563
4962840.0,2665669.0,767387010008.6901,1.0056382684699792
4962840.0,2092543.0,521948451014.61005,0.7381769986389219
4962840.0,2188775.0,548985095090.28986,0.7864304251337144
4962840.0,2188775.0,691488472299.25,0.6089599394774006
5169160.0,2188775.0,729518690272.24,0.2798369004324491
5825635.5,2218263.0,812042629813.36,-0.0903480457215104
6249404.5,2218425.0,786113284798.1599,-0.4843784749612037
6469283.5,2182481.0,613038061761.36,-0.9311067505071474
6563156.0,1971083.0,373147486838.16003,-1.445427846896578
6581119.5,1230668.0,134053272520.2,-1.589783432976435
6647141.5,1039229.0,66623372679.36,-0.07476891199612425
6721963.5,1312161.0,112126952459.2,0.36258948042414163
6736707.5,1327012.0,156440668749.21002,0.24058141248088238
6768378.0,1327012.0,173904265631.4,-0.12080785011740092
6960584.0,887254.0,118312678258.88998,0.011728399182797677
7124184.0,887254.0,112576104421.21,-0.24457612893569133
7124184.0,887254.0,123087309826.96,-0.21189151354713223
7124184.0,1730312.0,265822643993.23993,-1.1385738635729636
7124184.0,2286874.0,550216501751.96,-1.1771346763410735
7124184.0,2627964.0,906285091245.36,-0.8543945491966985
6854213.5,3220020.0,1358836257673.4897,-0.561047494001666
6161474.0,3220020.0,1458188188030.85,-0.16202258870920605
5431899.0,3116590.0,1374484276941.49,0.21113284675231242
4995941.5,3087719.0,1140368262803.96,0.6012345526435476
4995941.5,2875187.0,778321821861.4099,0.8236924506602591
4995941.5,2392296.0,553597530937.81,0.5555053494688794
4995941.5,2398029.0,555181436323.6,0.5587587158380434
4995941.5,2496890.0,742292465157.5599,0.502110162003767
5164725.5,2792720.0,985963641013.0398,0.242762023195553
5900367.5,2792720.0,1088072080822.0101,-0.13145616976906482
6464025.0,2448867.0,924616252433.3601,-0.45724410811935073
6586769.0,2386536.0,709400059599.44,-0.8781597417101832
6667931.5,2174927.0,451078720150.16,-1.3808504690900578
6760973.0,1522006.0,185883250015.69,-1.7018990429358638
6853982.5,849652.0,56558594274.63999,-0.5197046276657387
6913963.0,780032.0,51385543228.240005,0.2827944951089044
6913963.0,780032.0,44728059726.159996,0.3355421546269181
6940869.5,780032.0,42083701235.810005,-0.022998437832035444
6935056.5,780032.0,41645991371.009995,0.07317093215667421
6924474.5,780032.0,46007493266.64,0.2370611220884657
6875076.0,988129.0,76128540466.65,-0.18849332521210255
6875076.0,1644907.0,197583498885.4,-1.2795885261055222
6861882.5,2162700.0,429822149220.65,-1.115086544838893
6751397.5,2501394.0,691727235728.44,-0.7582770369806648
6535769.0,2723203.0,891965776386.89,-0.42529313877975644
6018551.0,2554931.0,939013249510.76,-0.15778278487134226
5431265.5,2554931.0,979726083399.25,0.2255977310458626
5003022.0,2426922.0,812175203222.44,0.594427526806967
4960819.0,2205952.0,551573971170.29,0.9330961630816887
4960819.0,1828294.0,353718552362.04004,0.766957149402674
4960819.0,1882262.0,367092364600.75995,0.8109674501058224
4960819.0,2245933.0,589728209720.09,0.8895755403201764
4960819.0,2288604.0,806530285943.2,0.5304786754940334
5454952.0,2288604.0,878324853423.16,0.1181132132483674
6111424.5,2288604.0,821745009945.4,-0.27424835287855004
6377815.0,2251766.0,668190742571.6399,-0.6684846674924927
6377815.0,2124542.0,455841327915.0,-1.0802717858461783
6410713.0,1719287.0,228809047674.36002,-1.4493928636535711
6424247.0,985309.0,72592607803.89,-0.8562006463240223
6499184.5,533222.0,29456502940.239998,0.20955176812498774
6592869.5,533222.0,28331799971.6,-0.12794193732370232
6566362.0,533222.0,23476375606.159996,-0.03264088239628268
6536064.5,391806.0,15142341674.0,-0.42771463953379063
6468887.0,391806.0,17120016950.84,-0.04457030331337861
6468887.0,616549.0,33906612649.01,-0.6755280417106488
6468887.0,1119148.0,106844224599.80998,-1.4200355521858339
6468887.0,1528639.0,243076732206.44,-1.241013507249418
6420068.5,1838206.0,415954644976.0399,-0.8649245153111927
6189812.0,2019260.0,557340036204.64,-0.5267152535140637
5797985.5,2158027.0,655695263728.8099,-0.19973963441991152
5341940.5,2085694.0,654795998346.6399,0.13564699493763513
4982411.5,2033161.0,567357648259.4401,0.5029726813744836
4895356.0,1853702.0,395480570789.16,0.818244444881488
4895356.0,1572648.0,256663357877.28998,0.6825954247393948
4895356.0,1723698.0,289709817071.29,0.8380907467693663
4895356.0,2101195.0,490212155924.80994,0.9602892756590156
4895356.0,2263481.0,720047158075.2,0.634524217325157
5246116.0,2263481.0,861191860475.2,0.23226749849322648
5864741.5,2263481.0,875969656002.76,-0.1654996392180391
6365941.5,2246715.0,756107005609.4099,-0.5651271744933144
6535041.0,2144927.0,557821186345.24,-1.0050633361860353
6558183.0,1777034.0,318972412290.64,-1.4713677188240162
6609409.0,1253335.0,126907975317.41,-1.893959120185835
6651273.5,734857.0,34190762473.809998,-0.7830356526826793
6687394.5,525317.0,26240759364.609993,0.7978265379567127
6726673.0,846557.0,61472001924.8,1.127207247609791
6747855.5,846557.0,74300355371.24,0.6441914834332033
6858837.5,846557.0,73386908851.24,0.40175918957807205
6858837.5,951757.0,87243753542.56,0.24077827599398902
6858837.5,1760184.0,219777217907.29,-1.114090504898588
6858837.5,2255735.0,461405357126.41,-1.1153904510912465
6858837.5,2528289.0,739137151132.96,-0.7708128935497403
6680770.0,2724934.0,997756828372.0,-0.4109696215002269
6022134.5,2791953.0,1157736788148.0,-0.04223351262301717
5370145.5,2791953.0,1162485307438.69,0.35098694265116365
4986093.0,2601080.0,912377487084.2399,0.7346853235045674
4986093.0,2373288.0,592799204338.96,1.0412008188447668
4986093.0,1840196.0,423809938351.7601,0.7807582327826835
4986093.0,1883866.0,434270329613.96,0.7987505098482591
4986093.0,2000647.0,589525840039.2,0.6382454843577056
5122018.0,2177875.0,757475444508.21,0.29664868814696205
5869020.0,2247175.0,848177137989.5599,-0.07413198638154422
6406919.0,2353098.0,834368649309.81,-0.44420559261881887
6528408.5,2289026.0,684194751275.76,-0.8670198033805395
6675413.0,2099930.0,450550418093.61,-1.3784278462905855
6798677.0,1676973.0,207961066686.2,-1.733605687750573
6835093.0,953231.0,71024956441.49,0.020683403199801807
6850253.0,1056629.0,88884000011.95999,0.5660580469808784
6881267.0,939848.0,66936821928.009995,0.8864771086967393
6919068.5,762620.0,74259052746.01001,0.7729104044215067
6944766.0,693320.0,66582294026.56,0.8287673907596049
7010737.5,689788.0,64535019489.009995,0.46291051889399515
7010737.5,772328.0,74335816942.56001,0.3645859583702351
7010737.5,1768370.0,237110989302.35995,-1.3353106029282562
7010737.5,2528805.0,598545818260.85,-1.3180605107409762
6924584.5,2597178.0,898673012745.8899,-0.8075081528711945
6826603.0,3387988.0,1352304959725.89,-0.5659213412812959
6256298.0,3369690.0,1378000562204.61,-0.1868007239248415
5378059.5,3515874.0,1610325244835.25,0.12415218947621559
4963655.5,3325523.0,1280044122438.6401,0.43640679357299494
4911289.5,3325523.0,1039583360789.0101,0.8706057523544154
4911289.5,2761844.0,690486007151.1599,0.5931959339690795
4911289.5,2522627.0,617553760231.65,0.45370578057747685
4911289.5,2710813.0,822654685672.0399,0.49691893815312993
4911289.5,2789837.0,1039645488194.6399,0.19888278424454353
5557733.5,2789837.0,1133454462597.8403,-0.14241679124500217
6368729.5,2827836.0,1032475783877.0398,-0.5121399416455882
6534169.5,2827836.0,947006929041.61,-0.9825526090012714
6628262.5,1979246.0,529140958058.80994,-1.2977347333152522
6728915.0,2053920.0,330433913273.55994,-2.1415531858313837
6768427.0,715122.0,43989727038.36,-1.0516905011001179
6801311.5,1147030.0,90891419903.61,1.6967444980699378
6841558.0,1108895.0,114993045584.41,1.1589471646282674
6892572.0,1108895.0,133943819290.35999,0.6415060887099334
6929909.0,1108895.0,150845359291.09,0.2153600613729959
7111725.5,907590.0,117083956686.63998,0.11413741358777625
7111725.5,986768.0,129593919157.68999,0.037787353058344055
7111725.5,1870930.0,293571130006.89,-1.059667326599206
7111725.5,2441021.0,606067320235.85,-1.0653327766222538
7104155.5,2813907.0,988111565912.0898,-0.7663477453150153
6980668.0,3070363.0,1374573488576.49,-0.44719754152047175
6233283.0,2985666.0,1463050952324.0103,-0.07172410289290083
5506156.5,2985666.0,1414715440814.01,0.3143074057765786
5064553.0,2985666.0,1178405305686.0898,0.7377008851402377
5064553.0,2694203.0,758139314788.8899,1.0197580429623418
5064553.0,2083595.0,500544366204.80994,0.7246013800837224
5064553.0,1981882.0,474268260030.8,0.6752291532275717
5064553.0,2107028.0,632530455814.05,0.5870883810061811
5228685.0,2129394.0,775824993185.8099,0.24095032824648221
5977875.5,2129394.0,774329825500.5599,-0.15493292105563006
6422391.0,2186547.0,723735808414.2,-0.5142239002222959
6506028.5,2181779.0,599934533594.61,-0.9402973296111304
6636224.0,1979266.0,382319669858.69006,-1.4567147241793033
6709980.0,1416882.0,153872758826.29,-1.7218127526611966
6780493.5,821715.0,56442465963.009995,0.1947086499058122
6854307.5,1091266.0,89916125115.01,0.7607453323290033
6878026.0,1138254.0,119969033029.75998,0.497231174082393
6926759.0,1170436.0,144144387555.21,0.14761687395909082
7097174.0,1170436.0,153189228596.81,-0.2266350470406891
7330284.0,769018.0,99727821817.64,-0.17225370085020086
7330284.0,769018.0,101592370266.81001,-0.17977082730842034
7330284.0,1727054.0,265865171508.8,-1.2900649897856928
7330284.0,2338325.0,585221703979.2101,-1.249922245668648
7330284.0,3424006.0,1297040602091.3599,-1.1326433682780097
7138858.5,3424006.0,1568538352737.76,-0.6181497070993401
6363514.0,3424006.0,1689411372470.8901,-0.19576622542891708
5576152.5,6183457.0,3394668627636.64,-0.806606928526588
5051024.0,6177204.0,2971382044715.25,-0.6553657611133558
4784282.0,6007092.0,2457527604187.64,-0.5537264685517315
4784282.0,5419855.0,1870151223398.8403,-1.043471658428711
4784282.0,5197801.0,1782494780706.56,-1.1794229868785575
4784282.0,5197801.0,1990761463082.45,-0.9785118073520107
4784282.0,5460281.0,2370773251409.2397,-0.8301449208937227
5280224.0,5480420.0,2603046947045.0103,-1.050792841040752
6163299.0,5634081.0,2861288875757.1597,-1.1861621245578644
6539796.0,5634081.0,2872377797712.8,-1.4636436673655182
6610433.5,2961586.0,932197138211.21,-1.1869819481089454
6734592.0,2973458.0,741305121744.1599,-1.9152349266053401
6865832.0,1714765.0,188381965102.6,-0.9379110647672749
6895735.5,1173652.0,123470448459.44002,0.6129741504095454
6982635.5,1363849.0,176362594067.0,0.45903674306192893
7065402.0,1363849.0,182082295260.44,0.11628029246194849
7257510.0,1363849.0,186817626818.84003,-0.27011485310541705
7450067.0,1363849.0,174325951832.69,-0.6235155461486553
7450067.0,1363849.0,180909864720.2,-0.5565526522732648
7450067.0,1885288.0,291894771731.08997,-1.1827407246354986
7450067.0,2489155.0,614665879924.76,-1.2250940609095569
7450067.0,2812483.0,1004419468509.21,-0.85824692625671
7204923.5,2965418.0,1320434534592.81,-0.44756146668116387
6456933.5,3090598.0,1494386171579.8403,-0.07477421829682326
5658538.5,2969163.0,1429273232029.1602,0.2835447146812185
5194941.0,2881224.0,1189671190827.81,0.6893279178247288
5194941.0,2701290.0,807038865495.5599,1.0265134138856447
5194941.0,2198233.0,540630124857.29004,0.8117791431759648
5194941.0,2077599.0,506623241020.41,0.7479149969712628
5194941.0,2291008.0,717573580717.85,0.6735383609338474
5338819.0,2429882.0,934533610927.64,0.33281137538848754
6096613.0,2429882.0,1023142464278.5602,-0.05670423437302905
6690813.0,2429882.0,983017929239.5599,-0.46064233526199355
6939465.5,2404458.0,804504720956.4099,-0.9037049677209344
7017666.5,2202078.0,509459748980.6,-1.4441992606638108
7084899.0,1542561.0,205970688026.84003,-1.960701591599925
7129951.5,1010299.0,61353563869.29,-0.2886316018913007
7139801.0,815298.0,54400150560.81,0.7667018384597586
7164185.5,727110.0,62403019927.05,0.7608980779564064
7185983.0,727110.0,56711725961.05,0.6179034751127203
7208760.5,727110.0,55842857723.8,0.5836937082261786
7208760.5,727110.0,57096863487.61,0.5812662522618877
7208760.5,1005493.0,87170272373.05,-0.050788000352102944
7208760.5,1817271.0,255751361156.8,-1.2083112239625866
7208760.5,2365919.0,545705526153.08997,-1.1236282342240058
7166443.5,2744616.0,892356551163.6399,-0.7722846857347747
6906534.0,2997866.0,1159454324915.2898,-0.42646933878165866
6304891.0,3106064.0,1272364161603.2903,-0.10427025295906851
5624678.0,2711021.0,1165567378697.21,0.1834704270224727
5161005.5,2620390.0,998705403402.0901,0.5713132629249558
5084496.5,2492079.0,709646670670.24,0.9618172468595372
5084496.5,2100571.0,433000687505.69006,0.8854008938094654
5084496.5,2012337.0,408506159705.20996,0.813480644903818
5084496.5,2340823.0,639575670072.01,0.8924198298425691
5084496.5,2452795.0,893608180646.01,0.5558241988841579
5557569.5,2452795.0,1019060796932.24,0.1487285790263633
6270174.5,2452795.0,963706659182.1599,-0.24540176813506848
6614219.5,2411027.0,788376879117.8401,-0.6348639433541804
6614219.5,2260218.0,546823084274.05,-1.054851590903546
6660840.5,1865668.0,287823577262.8,-1.487959445682419
6708448.0,1145201.0,91381212539.05,-1.3814762532613112
6765071.0,474378.0,25342050511.04,0.24834104395256842
6820601.5,474378.0,22271698259.36,0.026663525533549323
6777594.5,474378.0,20318140691.36,0.3652917877424144
6730284.5,370938.0,12197444105.960001,0.21592320584819122
6715827.5,302582.0,9738272028.84,0.0350823749645165
6715827.5,583299.0,25845952441.640003,-1.0243352114102158
6715827.5,1126019.0,103415641542.95999,-1.6826163600273178
6715827.5,1553201.0,247627997972.25,-1.3210701056107454
6644653.0,1905349.0,433166881269.29,-0.9262443490447799
6435053.5,2155992.0,607852098993.2,-0.5764840896319103
6023335.0,2224992.0,710591460221.84,-0.2493442662723833
5538384.0,2138978.0,717372831257.21,0.09514499274018401
5148719.0,2110064.0,638132706591.6901,0.47077403429000364
5026904.0,1971582.0,458631844200.75995,0.8141069696681276
5026904.0,1690865.0,293783059325.24005,0.730196731681092
5026904.0,1849546.0,331613849023.85,0.8856698012851937
5026904.0,2272925.0,571910835921.85,1.0102404539195455
5026904.0,2361146.0,821371795808.56,0.6554453430878141
5367615.5,2361146.0,948206731252.45,0.23663615549272085
6053722.0,2361146.0,954695248728.64,-0.1624264700236486
6576206.0,2338663.0,822483685429.0,-0.5628411362380972
6702298.0,2255836.0,610513248993.8099,-1.0108742148511485
6764345.5,1883813.0,350190726288.36,-1.5003225653948433
6826101.5,1389705.0,142609117042.96002,-1.9352774931216283
6836858.5,730685.0,36466051567.05,-0.20828855049333864
6860700.0,580169.0,33585650856.24,0.6314751065052492
6904810.5,888481.0,72190902114.84,0.8879289456625543
6944209.0,888481.0,87717119587.0,0.48799396772533615
7066392.0,888481.0,82768429498.29,0.30117644997167814
7066392.0,1005096.0,99734459827.09,0.14119875215000255
7066392.0,1819055.0,241717569559.25,-1.096511913137767
7066392.0,2319102.0,497890031097.0,-1.1010192880833425
7066392.0,2638406.0,806759827993.04,-0.775417366614587
6835716.0,2849252.0,1088279507772.5599,-0.41192261150632525
6175441.5,2911678.0,1254283522127.24,-0.042181272003602326
5518438.5,3091540.0,1314794350049.9597,0.31163535200467174
5108763.0,2920363.0,1033934539685.8,0.6817060002364238
5108763.0,2593034.0,665306742365.8,0.8949790479752152
5108763.0,2086444.0,467409186782.8,0.6145084059688727
5108763.0,2088085.0,467820649629.49005,0.6153966328222964
5108763.0,2273584.0,645881814022.8,0.5626128869589735
5249145.5,2311176.0,809329364885.9601,0.2424736756188904
5955080.5,2341840.0,890701203192.2399,-0.13328382375202863
6472521.5,2490716.0,880617093549.3601,-0.5176496640261373
6676811.5,2490716.0,739175988758.6399,-0.9875217607819448
6788357.0,2080704.0,427153886173.95996,-1.449766789505628
6822485.0,1510838.0,176332825834.21002,-1.8005158296822255
6851464.0,988750.0,63441609153.56,-0.0324929351942351
6886861.0,1122582.0,94003109569.49,1.1524667751420348
6947652.0,1022673.0,127880083305.41,0.9572775095517464
7023355.5,1020822.0,156984351477.41,0.5450039607191032
7204874.5,990158.0,164343691218.8,0.15825548399587366
7404680.0,962864.0,140055391156.56,-0.09124277592435617
7404680.0,992800.0,153892205829.24,-0.12696148258304607
7404680.0,2140007.0,398177719486.88995,-1.2666784282503991
7404680.0,2740445.0,815091762760.8,-1.1783716674957905
7404680.0,3088849.0,1299937891692.16,-0.8095808872435143
7147402.0,3159253.0,1667115935058.6902,-0.3998981139992136
6261571.5,3242008.0,1827901046997.9602,-0.01581300614615024
5387749.0,3242008.0,1749452682027.4,0.3724669628135317
4953524.0,3208549.0,1423424782962.61,0.7977518611680917
4953524.0,2873662.0,904311490478.5599,1.1419683848741413
4953524.0,2249208.0,554962867342.24,0.9167501139429739
4953524.0,1987608.0,480163652590.2399,0.7777532987913638
4953524.0,2189651.0,679369817263.24,0.669840562322603
5150944.5,2189651.0,693411782663.56,0.3841709256193168
5694502.5,2258671.0,792069590006.6,0.026046556057940574
6120879.5,2293017.0,792275984272.16,-0.33985719505428413
6454350.0,2242422.0,669897535615.41,-0.7214217068964356
6674596.5,2059466.0,458927440721.25,-1.1227237981572158
6810128.0,1533262.0,226952801523.0,-1.1937941014378395
6855346.0,1446704.0,140430737123.81,-0.7614475687571025
6871356.0,1697851.0,181992452277.41,-0.5233823321750641
6877821.0,1751641.0,223672765679.41,-0.5959318749026369
6947308.5,1751641.0,225047098841.56,-0.8679019204670997
7136386.0,864059.0,113816039631.29,0.3144941032203846
7305238.5,842643.0,100525277942.81001,0.043569693413681714
7305238.5,898015.0,106127689387.05,0.0014896851097164357
7305238.5,1840520.0,273272715153.64005,-1.2299893662348804
7305238.5,2513486.0,619643732209.0901,-1.2421825816574794
7305238.5,2831392.0,1017467126007.0101,-0.8553714664748874
7033910.5,2898425.0,1302705037765.0103,-0.43032160345462495
6339429.5,3004175.0,1427963168623.64,-0.05636660576475161
5531694.0,3009086.0,1367958030653.4,0.3090780374844041
5050083.0,3009086.0,1241385974652.44,0.7533544952958079
5050083.0,2664813.0,790646211340.76,1.0995283006579477
5050083.0,2111071.0,528290157134.20996,0.8775004964121104
5050083.0,1969281.0,489535768366.61005,0.8147918197547905
5050083.0,2076691.0,654950364785.3601,0.6936930404232445
5172124.0,2217587.0,831697641786.25,0.32449882083686765
5965954.0,2229165.0,902009943472.6399,-0.06491549731319822
6580753.5,2326079.0,890031842972.04,-0.4543769820207419
6722597.0,2326079.0,729777785368.81,-0.9074874792666475
6835211.5,2120735.0,472170894567.44006,-1.4571231199124006
6895951.5,1661937.0,208054044886.69,-2.0700152398845857
6907490.0,1051562.0,70100326405.81,0.7735795853287517
6922987.0,924673.0,84052489603.80998,0.9542834776208542
6977233.0,887176.0,100300523901.09,0.6954733099452767
7063460.0,870554.0,117466180932.16,0.39591671657063204
7322703.5,870554.0,121580265463.20999,-0.00629360716894817
7481484.5,870554.0,105901801730.09,-0.2992426416230915
7481484.5,905638.0,119486279378.24002,-0.31712441921900925
7481484.5,1624617.0,238146530393.21002,-1.060974211247075
7481484.5,2512590.0,603153550911.84,-1.351568391921541
7481484.5,2920676.0,1061889049552.45,-0.9624915891797697
7138914.5,2991838.0,1382713501786.45,-0.5180699544684932
6499547.5,3133304.0,1583069076193.09,-0.1353009752865579
5696071.5,3133304.0,1578319895557.16,0.24384205617340277
5067473.5,3047758.0,1309742214944.05,0.6350305803364495
5067473.5,2787421.0,881499334134.24,0.9079902260174089
5067473.5,2227666.0,610486280150.85,0.6731532282256854
5067473.5,2199130.0,602323350179.49,0.6605237408274061
5067473.5,2199130.0,738477287621.25,0.6176911310661966
5241090.0,2264962.0,907035102279.01,0.26134849826015105
6060055.5,2430720.0,994998908321.65,-0.11164823271988451
6662288.5,2430720.0,939333479254.8401,-0.5254216576433614
6817142.5,2405356.0,751859849438.65,-0.9880273437633
6863417.0,2179229.0,464781363701.20996,-1.5655848653634716
6904284.5,1537229.0,175275490191.56,-2.0471765272599054
6922696.5,1014955.0,61424366385.36001,0.718687065490415
6942614.5,970683.0,93172431834.84,1.2892359220279808
7007081.5,970683.0,120767897489.61002,0.7678072332889438
7099319.0,878134.0,125667861016.65,0.3782517022210292
7336147.5,862231.0,118109040130.41,0.009050773865221486
