1869.5,1979.0,318766.75999999995,-2.2806414621500193
1916.5,629.0,33690.44,-0.8361148408829465
1953.0,513.0,21244.49,-0.7697386523790594
1993.5,291.0,10120.560000000001,-0.11237700535875429
2019.0,407.0,12978.2,0.14936152480355575
2046.5,337.0,9887.09,0.1574613297515156
2094.0,350.0,11266.04,-0.01474289479058765
2113.0,350.0,10712.69,-0.2521962264736382
2113.0,715.0,36930.64,-1.8315883946900542
2113.0,1228.0,134184.76,-1.6880826287910888
2113.0,1612.0,290633.41,-1.2400870939052013
2088.0,1653.0,409353.01000000007,-0.7302183498270135
1802.0,1724.0,495422.8,-0.3153968975872928
1278.5,1759.0,544056.76,0.06870129689290261
830.0,1759.0,496298.41,0.46928631571453916
717.0,1759.0,402007.84,0.9251286342429569
717.0,1616.0,252483.4,1.1364873376573077
717.0,1127.0,161338.69,0.6824992450077795
717.0,1373.0,212462.0,0.8806572919176473
717.0,1555.0,323832.24,0.6581749044108545
1016.0,1614.0,399162.69,0.27496994335380126
1427.0,1641.0,429755.24000000005,-0.09734669246400027
1741.0,1641.0,380723.56,-0.49484135274917534
1911.0,1530.0,283425.64,-0.898669390014301
1962.5,1350.0,179792.36000000002,-1.3066397451369307
1962.5,910.0,71305.16,-1.3247995302744728
1962.5,528.0,25237.039999999997,-0.5554683259610111
1962.5,330.0,13243.439999999999,0.07110154501586441
2006.5,330.0,11989.8,-0.28412080239987253
1962.5,330.0,12434.16,0.04095843340200521
1962.5,330.0,10905.689999999999,0.22275864532992773
1948.0,369.0,11108.039999999999,0.2714338466206549
1923.0,565.0,22512.29,-0.5016642949309957
1875.0,1123.0,90423.65,-1.5874761043252417
1829.0,1395.0,189560.24,-1.3572974056668259
1809.5,1430.0,280599.76,-0.8207139480874358
1679.0,1489.0,350606.41000000003,-0.3922114594200295
1302.0,1618.0,395906.89,-0.030282426525938357
839.0,1562.0,362112.25,0.33715618711439527
646.0,1562.0,304523.24,0.7746296436178454
646.0,1345.0,196090.16,0.914895246311415
646.0,1208.0,173590.65,0.8193963924861233
646.0,1473.0,228430.88999999998,1.0092163101808453
646.0,1553.0,332904.08999999997,0.7096611399315457
874.5,1553.0,363775.0,0.27719930347168464
1376.0,1553.0,373964.41000000003,-0.12492478482843067
1616.5,1553.0,329815.45,-0.5076037360061177
1697.0,1441.0,250859.28999999998,-0.9310354840254551
1788.5,1348.0,161706.8,-1.467594647395206
1824.5,1034.0,70880.09,-1.1676206001197267
1860.5,553.0,25970.409999999996,-0.008923954091553634
1900.0,553.0,25417.0,-0.2614137078161087
1940.0,649.0,35570.81,-0.13422288321282508
1957.5,877.0,61135.159999999996,0.33037755927839363
2066.5,1317.0,127258.36000000002,0.8574817863888957
2084.5,1317.0,119059.09,0.7983097819967115
2084.5,1441.0,133688.61,0.5013088759576071
2084.5,1897.0,240118.43999999994,-0.405438978740488
2084.5,2141.0,385394.96,-0.4930594387167669
2038.0,2339.0,537713.21,-0.2715200838487398
1762.5,2400.0,665398.8099999999,-0.00137544795889036
1241.0,2400.0,727303.36,0.3426910313814365
891.0,2400.0,703601.8,0.7647243029954145
891.0,2400.0,553236.8,1.2935544978306204
891.0,1546.0,223831.36000000002,0.9503116887892165
891.0,1232.0,166212.36000000002,0.5746660417690401
891.0,1500.0,246999.88999999996,0.8130561172032954
894.5,1527.0,339958.61,0.5020645031403015
1181.0,1527.0,394123.65,0.11210008533564825
1542.0,1754.0,422684.56000000006,-0.20369804134945785
1876.0,1706.0,368251.08999999997,-0.5683580575163204
2020.5,1600.0,268663.84,-0.9590725112405687
2020.5,1244.0,141542.44,-1.2401202529097077
2034.0,1141.0,84470.81,-0.8732091969425617
2054.5,741.0,33487.61,0.32294140374756747
2102.5,489.0,20447.0,1.1861263021877562
2147.0,525.0,30530.29,0.8131576850007236
2188.0,637.0,44002.21,0.5607413992944743
2239.5,674.0,52582.6,0.26631786118215445
2349.0,674.0,56366.759999999995,-0.021778016840047147
2349.0,850.0,79289.45,-0.2597843247368242
2349.0,1601.0,218551.69,-1.2195678318225796
2349.0,1987.0,427778.23999999993,-1.0843453773317004
2143.5,2081.0,594171.2,-0.6352676140600804
2016.5,2084.0,736007.3600000001,-0.2803160587232915
1442.5,2085.0,817476.8,0.08822768757472091
891.5,2085.0,766758.4099999999,0.5032718484843052
891.5,2085.0,596502.24,0.9098302923874808
891.5,1949.0,387346.41000000003,1.079207166190979
891.5,1240.0,232550.44000000003,0.5689004176865815
891.5,1451.0,269909.8,0.686257352772247
912.0,1451.0,352927.83999999997,0.39015051887650365
1322.5,1451.0,383138.89,-0.006668131947191498
1680.0,1563.0,378914.0,-0.36837290772769393
1919.5,1692.0,340680.49000000005,-0.7155563996367906
2023.5,1559.0,227012.49000000005,-1.1420468861216444
2032.0,1167.0,110176.76000000001,-1.3845174007559142
2033.5,738.0,39232.61,-1.2586904163699721
2090.0,452.0,16116.760000000004,-0.4776593149067174
2147.5,503.0,22102.360000000004,1.1452563889168648
2159.0,503.0,24810.840000000004,0.6541774964958984
2212.5,530.0,31402.890000000003,0.3967077397612265
2265.5,653.0,40180.409999999996,0.4069218313888113
2338.5,655.0,47880.81,0.08258525514904429
2329.0,944.0,83757.03999999998,-0.43189611390091215
2329.0,1558.0,209048.29,-1.2493497907875148
2329.0,1982.0,419524.84,-1.0521421605524315
2329.0,2037.0,601804.84,-0.6549333179542813
2072.0,2065.0,736316.29,-0.2670963265845417
1435.0,2097.0,781709.8900000001,0.1226574368778024
916.0,2097.0,762650.21,0.533937337211915
898.5,2097.0,620706.6399999999,0.9758122543961927
898.5,2097.0,413360.41000000003,1.2481906082638718
898.5,1153.0,201989.63999999998,0.4965191343354855
898.5,1382.0,238384.60999999996,0.6325831058478019
898.5,1482.0,328733.44000000006,0.41959090727441745
1323.0,1482.0,367736.80999999994,0.033272610308356834
1645.0,1482.0,359302.16,-0.3597628434376305
1854.0,1600.0,323363.6,-0.742076946016863
2002.5,1501.0,223163.6,-1.1922546965438945
2044.5,1096.0,106758.63999999998,-1.4266268921976433
2063.0,688.0,40909.36,-1.138267365371453
2080.0,626.0,25729.960000000003,-0.5399441296334174
2130.5,392.0,16120.359999999997,0.3977385001115181
2180.5,397.0,18346.76,0.37251196917446194
2215.0,397.0,18289.96,-0.027486417587914855
2297.0,397.0,16179.49,-0.40200222687029474
2298.0,342.0,10701.6,-0.3317594196918833
2298.0,706.0,38523.04,-1.577167232629634
2298.0,1352.0,159541.24000000002,-1.823010257732043
2298.0,1739.0,345014.83999999997,-1.2766581324914061
2298.0,1757.0,485653.09,-0.7486314442491816
1984.0,1919.0,595917.16,-0.3462842427434656
1402.0,1919.0,633490.09,0.04349455745770227
885.5,1852.0,571644.25,0.4365830975767128
882.5,1852.0,445341.61,0.803469065167256
882.5,1731.0,304008.48999999993,0.8742593901007286
882.5,1253.0,212519.28999999998,0.5056955308370956
882.5,1385.0,239327.21000000005,0.5923133822757632
882.5,1385.0,293916.8,0.3177551408602049
1286.5,1385.0,322897.05,-0.06716955768117099
1632.5,1385.0,310600.49,-0.47935414803511817
1781.5,1353.0,249816.41,-0.9189785722190648
1807.0,1378.0,170788.76,-1.3394589356649382
1843.0,972.0,75027.21,-1.521999702739505
1883.5,613.0,27457.609999999997,-0.6828336643273327
1897.0,348.0,15461.2,0.21258458253443413
1966.5,497.0,22722.2,0.5266637467764178
2040.5,532.0,31715.609999999997,0.2971518031287561
2079.0,532.0,32225.21,-0.018235778606795212
2113.0,532.0,31684.25,-0.4196802955670765
2172.5,460.0,20730.09,-0.5636216796951242
2172.5,723.0,42361.840000000004,-1.4895890050710954
2172.5,1323.0,158347.96,-1.6920656182538432
2172.5,1635.0,319335.0099999999,-1.1923535837638093
2172.5,1745.0,463975.49000000005,-0.7170482934875081
1919.5,1820.0,577548.04,-0.31550126976442794
1307.0,1820.0,606973.4400000001,0.07509819162567062
851.0,1796.0,559347.1599999999,0.47730589326459144
851.0,1779.0,432886.2,0.8628614052088678
851.0,1722.0,300562.41000000003,0.963729950022044
851.0,1144.0,191135.45,0.4939786355973057
851.0,1144.0,188987.15999999997,0.48943934490066543
854.5,1286.0,251515.40999999997,0.2964953347631033
1248.0,1286.0,280212.69000000006,-0.07988845801044375
1536.0,1386.0,286203.96,-0.439299253592666
1622.0,1363.0,238812.28999999998,-0.8703341391013448
1711.5,1308.0,160777.81,-1.4038274135861162
1782.5,897.0,65429.2,-1.5857916304192612
1807.5,499.0,21556.409999999996,-0.5841797413384165
1824.0,572.0,23637.21,0.37734648964891626
1862.5,572.0,22829.689999999995,0.041275378148978706
1903.5,393.0,15821.359999999997,0.44902480588939847
1946.0,393.0,14046.76,0.20207427338052597
1961.5,343.0,10574.65,0.3202772134222032
1970.0,343.0,10068.76,0.1879114178193773
1970.0,603.0,24286.96,-1.1945671908377515
1970.0,1134.0,100341.61,-1.7878967031241724
1970.0,1498.0,228745.2,-1.301869701005583
1950.5,1498.0,320992.45,-0.7632467469048536
1750.5,1554.0,382062.75999999995,-0.3909830691537395
1293.5,1606.0,416406.01,-0.023278510413211106
847.0,1519.0,387666.36,0.352221988674853
710.0,1492.0,313894.2,0.7690774283920327
710.0,1492.0,218640.09000000003,1.1191147816237024
710.0,1092.0,141545.96000000002,0.764136168742092
710.0,1316.0,176848.36000000002,0.9681280295804943
710.0,1316.0,237409.21000000002,0.6703750177494779
893.5,1327.0,284824.01,0.2609178457945471
1264.5,1327.0,296218.0,-0.13736834622332833
1547.0,1327.0,258571.69,-0.5399663708530706
1616.5,1262.0,189823.21000000002,-0.9645235034835663
1667.0,1040.0,110215.21,-1.404740439848591
1706.0,761.0,47169.56,-1.9230564741158853
1722.5,309.0,9125.4,-0.8846974731523218
1757.5,260.0,5860.16,-0.4234095917505653
1749.0,260.0,5740.65,-0.3834544860628803
1775.5,260.0,6068.4,-0.6459588157576326
1775.5,312.0,8346.64,-0.23863078358480827
1795.0,312.0,8227.6,-0.5925313607386584
1795.0,453.0,14923.690000000002,-1.3202188159412327
1795.0,918.0,67939.04000000001,-1.9074516260044092
1795.0,1242.0,161656.16,-1.367104002266539
1785.5,1339.0,246271.96000000002,-0.8435032610292466
1611.5,1459.0,319415.04,-0.43910320921180707
1224.5,1471.0,350902.65,-0.060367696257026475
830.0,1471.0,342508.89,0.3444185454349896
666.5,1471.0,290902.44,0.7852401779330507
666.5,1384.0,190199.25,1.1024021124608596
666.5,1018.0,130443.0,0.7802338604094763
666.5,1254.0,165522.04000000004,0.9758094568356714
666.5,1515.0,277364.16000000003,0.8308015819375716
807.0,1515.0,329671.8,0.3827136002964671
1198.5,1515.0,326605.24000000005,-0.010468434919009837
1527.5,1515.0,288247.69,-0.3911751074805173
1636.5,1394.0,224802.65,-0.76757092537284
1679.5,1289.0,151536.88999999998,-1.2302995176758373
1733.0,1102.0,83789.20999999999,-1.2685093384393444
1779.5,603.0,32562.65,-0.05417079549389929
1788.0,495.0,27696.889999999996,0.209346742691587
1872.0,495.0,28528.159999999996,-0.1864410562671104
1902.5,495.0,29751.21,-0.24204422332521586
2021.0,626.0,38792.840000000004,-0.2959280757530289
2021.0,567.0,27112.640000000003,-0.43775084624089283
2021.0,750.0,41231.09,-1.0032308436600517
2021.0,1296.0,133910.05,-1.5908374040285944
2021.0,1635.0,280295.41000000003,-1.2191899020065609
2000.0,1721.0,400414.36,-0.7274343798465287
1734.0,1789.0,489109.85,-0.3173289631312178
1210.0,1789.0,509367.20999999996,0.07439380047172749
767.5,1789.0,474799.29000000004,0.48685664390661304
734.5,1789.0,389434.01,0.9165891910831087
734.5,1541.0,254135.0,0.8543536777942913
734.5,1240.0,199079.09,0.604727105422567
734.5,1506.0,272701.64,0.7740993375009192
734.5,1563.0,372618.24,0.47024525629738056
1163.5,1563.0,410632.45,0.06519799983091815
1570.0,1642.0,419383.89,-0.30167339819234534
1810.5,1602.0,354003.09,-0.7087435745295234
1943.5,1506.0,251277.80999999997,-1.1802302159772375
1968.0,1215.0,128127.48999999999,-1.69643921976522
1991.0,792.0,43180.36,-1.0323610359276723
2001.5,699.0,31379.65,0.2179839800434623
2012.5,497.0,30179.65,0.9044789169959773
2052.0,545.0,39213.009999999995,0.525627151102432
2167.0,545.0,43523.4,0.11563589565232911
2315.5,613.0,47879.36,-0.06022426281876557
2358.0,613.0,44369.490000000005,-0.3532777844123873
2358.0,947.0,74910.45,-0.9361143226696644
2358.0,1624.0,222536.84,-1.52478818924503
2358.0,1941.0,426917.63999999996,-1.147893373803629
2358.0,2132.0,631679.21,-0.7046607197046294
1992.5,2145.0,758356.64,-0.29014152604558024
1313.5,2145.0,797321.96,0.1032294423114022
816.5,2145.0,731931.2,0.5152317253504902
794.5,2145.0,579286.89,0.9516965256510631
794.5,1879.0,356779.04000000004,1.0272758385086225
794.5,1338.0,238630.05,0.5987776610506389
794.5,1349.0,262078.84,0.6399009642687556
794.5,1553.0,361315.96,0.4057600255199992
1192.5,1596.0,423287.8,0.042661522442866
1623.0,1687.0,429749.44000000006,-0.3058296629530682
1797.5,1814.0,396773.44000000006,-0.6268148123417479
1905.0,1706.0,282653.69,-1.0422581607551604
2006.0,1355.0,142533.44,-1.3483100545350215
2028.5,832.0,52680.490000000005,-0.9617191956510123
2067.5,494.0,26010.839999999997,-0.3796499008787301
2113.0,669.0,30852.439999999995,0.11958413750980769
2168.5,514.0,30107.8,0.6109095494168657
2227.5,518.0,33946.840000000004,0.2955027090265042
2272.5,518.0,32548.29,-0.08289363394314683
2317.0,518.0,30024.96,-0.3804677548760319
2303.5,798.0,61693.409999999996,-0.7856418252007126
2303.5,1450.0,189225.65,-1.45952242440226
2303.5,1803.0,377285.4,-1.16455876294928
2303.5,1991.0,571241.24,-0.7335673186454617
2036.5,2025.0,711082.25,-0.3275999527974745
1399.0,2056.0,758300.0,0.05701842963987288
896.5,2056.0,688496.0900000001,0.45812253846023815
850.0,1998.0,525015.24,0.8458036296064414
850.0,1881.0,346435.09,1.0024827326424712
850.0,1260.0,218552.56,0.5246383313584765
850.0,1442.0,249133.35999999996,0.6350481218040248
850.0,1499.0,334798.85,0.4130178091138515
1194.0,1499.0,380848.16000000003,0.029686372502090587
1567.5,1572.0,381737.29,-0.34213716061847194
1818.0,1672.0,341877.4,-0.7112708541986382
1928.0,1501.0,237399.44000000003,-1.0900177700951041
1956.5,1207.0,128861.01000000001,-1.3436806690001377
2002.5,799.0,53241.0,-1.220811183082211
2070.0,620.0,28366.890000000003,-0.22158305770998282
2120.0,614.0,32872.25,0.7220695869417698
2163.0,576.0,33404.76,0.4238899994056045
2197.0,576.0,28970.809999999998,0.1600356999881625
2264.0,484.0,24802.239999999998,0.1044988674436036
2313.0,422.0,18540.6,0.09907144675888574
2313.0,712.0,38981.560000000005,-0.9546345540822826
2313.0,1452.0,169317.76,-1.8071376567172213
2313.0,1897.0,382441.09,-1.3068717375674461
2313.0,1984.0,567489.01,-0.795886400644567
2058.0,2107.0,708934.76,-0.37934980251281103
1441.0,2058.0,713290.4,0.00850450980564908
848.5,2058.0,656900.96,0.4078249032132493
801.5,2058.0,537983.8400000001,0.8084735621246719
801.5,1889.0,359278.20999999996,0.9078372585690134
801.5,1395.0,236963.65,0.5493614419795618
801.5,1484.0,252548.44000000003,0.6092203507206546
801.5,1609.0,350982.16000000003,0.4261756966125492
1215.0,1701.0,415736.29000000004,0.07561450285445301
1570.0,1726.0,425819.16000000003,-0.2866835643454303
1793.5,1581.0,350409.08999999997,-0.6472243768272151
1962.5,1528.0,257033.4,-1.0913805121881652
2001.5,1165.0,126034.84,-1.417593567568123
2049.0,710.0,46881.2,-1.308461384749015
2082.5,678.0,28714.160000000003,-0.43879244089074443
2104.5,465.0,15979.16,0.350139608838721
2129.5,545.0,24645.089999999997,0.9820809105445726
2152.5,545.0,25506.61,0.5532812951342798
2208.0,545.0,27790.96,0.14500478649170345
2216.0,545.0,27205.25,0.09746742277431612
2216.0,907.0,61402.56,-0.9886907950656276
2216.0,1460.0,178060.29,-1.3873369235419013
2216.0,1770.0,341267.0399999999,-1.090433141323783
2216.0,1965.0,511284.6900000001,-0.6825758045251866
1897.5,1985.0,608864.76,-0.27907904822940677
1339.5,1988.0,659477.04,0.10751448989994179
908.0,1873.0,578689.04,0.48824233367251285
874.0,1873.0,442334.36000000004,0.8861579984834199
874.0,1644.0,279204.61,0.9154487227216357
874.0,1195.0,194231.36000000002,0.5151095722063429
874.0,1461.0,255122.56000000006,0.7218435449631266
874.0,1605.0,367959.85,0.5015265996607408
1221.0,1605.0,405603.20999999996,0.09470355360059733
1588.5,1605.0,383972.4,-0.301433457665915
1825.5,1684.0,352857.08999999997,-0.647065385866821
1933.0,1596.0,250063.75999999995,-1.0751800614030054
1970.5,1224.0,129344.41,-1.31930833718302
2021.0,908.0,60718.81,-0.7964031559720982
2093.0,664.0,37583.6,-0.0852204215888329
2147.0,473.0,25235.69,0.10045590098471055
2147.0,473.0,25868.09,0.09754936188934665
2186.5,473.0,26967.05,-0.08614847008441667
2186.5,473.0,24475.05,-0.06471444014900606
2186.5,418.0,19025.96,0.061736615741077853
2119.0,934.0,64619.090000000004,-1.3196878530972145
2119.0,1355.0,167141.76000000004,-1.3204156359498471
2049.5,1727.0,320704.25,-1.0006179579213728
1995.5,1865.0,437276.09,-0.6246464861087654
1718.0,1861.0,502102.25,-0.3058459737582617
1249.5,1834.0,501349.61,0.05206952522935467
853.0,1834.0,483100.84,0.46254698807991285
674.0,1664.0,360485.49000000005,0.8609658045812842
674.0,1664.0,252608.20999999996,1.1599138419500707
674.0,1160.0,157503.40999999997,0.6479642375862031
674.0,1526.0,236760.28999999998,0.9682157879168675
674.0,1640.0,356533.8,0.7158705079926426
921.0,1640.0,419239.05,0.2878804650574404
1370.5,1658.0,444503.24000000005,-0.09268204774262166
1763.0,1589.0,390856.2,-0.46803374602740005
1948.0,1471.0,300113.49,-0.8900890205317138
1961.0,1397.0,196734.24,-1.44375821867158
1981.0,917.0,73406.24,-1.8254694580795596
1991.5,498.0,17550.44,-2.1966660176131296
1991.5,132.0,1703.7599999999998,0.6918782888848294
1994.5,128.0,1904.4,0.43830999841666995
1991.5,136.0,2001.1600000000003,0.7182138536647839
1991.5,136.0,2103.0099999999998,0.7077797676521536
1982.0,254.0,3830.21,-0.840983367766973
1965.5,580.0,23790.05,-1.9602260938261742
1965.5,989.0,85773.44,-1.6841364067375655
1949.5,1398.0,199979.24000000002,-1.3023742258539521
1883.0,1557.0,310320.36000000004,-0.8374562669624065
1661.0,1670.0,395429.48999999993,-0.4481197612244886
1293.5,1693.0,439333.55999999994,-0.0716365308948785
884.5,1572.0,399570.04,0.28659503525295443
703.5,1572.0,322818.49,0.6721708054545994
703.5,1439.0,215092.00999999995,0.8408648056661663
703.5,1113.0,147514.09000000003,0.5144658871137294
703.5,1427.0,198897.05,0.8642290547289495
703.5,1427.0,275070.49000000005,0.6813717191742328
881.0,1427.0,331352.41,0.276285593325448
1206.5,1427.0,346769.63999999996,-0.11932326177536919
1580.5,1502.0,321375.21,-0.4898913754368225
1730.5,1397.0,233334.84,-0.8728100019687135
1783.5,1333.0,157943.44,-1.0767869377668287
1788.0,1025.0,78103.48999999999,-1.3161358375551768
1802.0,754.0,38337.240000000005,-0.586630806703902
1849.5,454.0,18570.36,0.45141342533672085
1888.5,454.0,18997.24,0.10201172180255179
1943.0,586.0,28410.410000000003,0.20518333055303103
2005.0,634.0,36003.05,0.05021348656558712
2005.0,634.0,31331.440000000002,-0.07826270002910615
2005.0,938.0,68724.01,-0.9168282030879336
2005.0,1342.0,155085.85,-1.3187373079543254
1984.5,1680.0,292488.00999999995,-0.9855478711561961
1984.5,1781.0,422204.55999999994,-0.6021382585881188
1673.5,1797.0,491881.09,-0.20475813245553573
1172.0,1797.0,519297.25,0.1869458590274379
801.0,1797.0,502211.44000000006,0.6034429526426104
784.0,1797.0,371854.96,1.036116114502151
784.0,1458.0,220414.49,0.916078042036521
784.0,1326.0,195162.89,0.774068970869746
784.0,1557.0,299053.21,0.8522918177599096
784.0,1566.0,400431.96,0.49778857702506346
1195.5,1701.0,470127.9600000001,0.1261228734335584
1648.0,1701.0,472014.04000000004,-0.24397429311869423
1956.5,1648.0,404647.45,-0.6447509612017059
2076.5,1620.0,306360.04000000004,-1.0938620175225768
2107.5,1427.0,174467.2,-1.4402119515568041
2174.5,908.0,66443.95999999999,-1.3959709621912075
2215.5,603.0,27526.809999999998,-0.5302880751983537
2226.5,372.0,17252.44,0.07084975128721195
2295.5,414.0,17840.41,-0.07835296891105743
2358.5,463.0,19440.010000000002,0.1347860563094134
2400.5,463.0,18176.8,-0.2415607352414635
2412.0,463.0,15404.889999999996,-0.5191390874157602
2412.0,994.0,67979.2,-2.0930276542713124
2412.0,1585.0,227535.45,-1.696763088916166
2412.0,1852.0,415094.00999999995,-1.1071554424039294
2412.0,2029.0,594551.2899999999,-0.6584225938869694
1994.5,2030.0,697692.4400000001,-0.24742882398874363
1307.5,2043.0,733940.6,0.14257627613659363
878.5,2043.0,671880.49,0.558791943698531
825.5,1899.0,495289.36000000004,0.9920834588124022
825.5,1832.0,329149.89,1.1670664150449135
825.5,1212.0,198218.28999999998,0.6363465294753415
825.5,1511.0,274152.61,0.8322624465316066
825.5,1511.0,368484.61,0.4938462684573702
1211.0,1584.0,432994.43999999994,0.1133692774846529
1641.0,1618.0,436266.6,-0.2590772238138816
1914.0,1653.0,391986.6,-0.6530379736125834
2063.5,1553.0,286153.41,-1.106056441456678
2101.5,1411.0,165968.4,-1.5250792057451086
2144.5,801.0,52254.84,-1.3538254271890326
2161.5,700.0,29853.840000000004,-0.5215783630939754
2189.5,513.0,25590.41,0.9415551719772213
2213.5,519.0,31772.089999999997,0.5951250770841051
2268.5,502.0,35610.009999999995,0.37184047183937935
2391.5,489.0,34161.61,-0.0014849719676107913
2391.5,489.0,30135.359999999997,-0.03707701057326441
2391.5,1034.0,86058.40999999999,-1.3514763626172157
2391.5,1645.0,250418.49,-1.5103927401539108
2381.5,1984.0,468524.4,-1.0550793176246689
2381.5,2014.0,646191.6399999999,-0.6171851849166465
1951.5,2144.0,772705.0399999999,-0.22300021378113774
1300.5,2144.0,785075.8899999999,0.16815636557620706
825.5,2144.0,710922.76,0.5812115461769267
825.5,2068.0,514979.09,0.9864795202067759
825.5,1801.0,307310.44,1.0927010602958913
825.5,1262.0,196594.45,0.6017192876020377
825.5,1509.0,261396.03999999998,0.7897510649917727
831.5,1645.0,375377.2,0.5146326472506717
1213.0,1645.0,428222.80999999994,0.11973129000732953
1588.5,1697.0,446353.0,-0.2522155629735661
1881.5,1623.0,387710.0,-0.6293036419341778
2057.0,1591.0,285461.80999999994,-1.0842058664124008
2118.0,1305.0,154407.41,-1.3037297866222286
2134.0,893.0,62373.009999999995,-1.503779034436289
2154.0,871.0,43448.61,0.3792131263460034
2176.5,624.0,31779.239999999998,1.0486746034158614
2189.5,520.0,33537.36,0.7591579868020543
2252.5,593.0,45234.21,0.4399805521948665
2394.5,606.0,50787.81,0.14236239781310187
2496.0,606.0,46292.689999999995,-0.17696548149934066
2496.0,1008.0,88829.16,-0.9170990541505368
2496.0,1723.0,260724.28999999995,-1.4918081398335699
2496.0,2071.0,495882.2899999999,-1.0707002779712007
2496.0,2163.0,709481.0399999999,-0.6696968119545077
2101.0,2205.0,824552.81,-0.2585250378595584
1367.5,2205.0,881171.76,0.13250982126651886
842.5,2205.0,823390.96,0.5521171430068613
824.0,2205.0,630175.21,0.9987546693520102
824.0,1987.0,383446.04,1.1991267548869136
824.0,1416.0,247154.05,0.7336029737670876
824.0,1540.0,306962.9600000001,0.8281567131540478
824.0,1540.0,396251.6,0.46958074851275394
1214.5,1540.0,436482.44000000006,0.06504655700033704
1700.0,1540.0,421173.63999999996,-0.331019977029105
1992.0,1536.0,353677.95999999996,-0.7514924610864502
2041.0,1458.0,247899.88999999998,-1.2035526568043806
2041.0,1160.0,123895.09,-1.773474247110758
2042.0,710.0,35839.759999999995,-2.2337234321493398
2049.0,489.0,15801.49,1.7317801829468087
2062.0,398.0,21899.159999999996,1.2445750687104042
2094.5,398.0,24502.159999999996,0.7354748838737897
2149.5,398.0,26520.409999999996,0.29910362026161685
2254.0,402.0,28132.04,-0.0872392331054036
2282.5,402.0,23753.65,-0.24016137708534094
2282.5,869.0,64808.21,-1.4542846654972823
2282.5,1323.0,175033.44,-1.4057930445093052
2282.5,1603.0,323681.21,-1.053271833322356
2282.5,1839.0,490798.65,-0.6729778072687809
1895.5,1928.0,594425.2899999999,-0.29748292706037394
1341.0,1928.0,624838.81,0.07505066213660451
974.0,1928.0,595197.76,0.47685016516460815
903.0,1928.0,458966.49000000005,0.8834278101336395
903.0,1714.0,285039.21,0.9480695425164888
903.0,1208.0,187178.81,0.431770646144023
903.0,1361.0,231041.29000000004,0.5806281168623617
903.0,1515.0,324880.49000000005,0.43106970044913423
1185.5,1605.0,404522.08999999997,0.11212446519656018
1558.0,1605.0,398044.01,-0.2892113251881449
1793.5,1599.0,353850.41,-0.682538446788037
1906.0,1563.0,258540.44,-1.1409204801051354
1983.0,1200.0,130757.01000000001,-1.346674670047395
2044.0,971.0,64883.25,-0.8347659414532926
2078.5,653.0,34899.81,-0.13572118644964948
2103.5,582.0,31820.159999999996,0.2965733739254148
2143.0,510.0,25709.760000000002,0.17203888978674092
2197.0,510.0,22751.640000000003,-0.060178434445314746
2271.5,510.0,25823.159999999996,-0.36245655910288177
2271.5,415.0,20988.61,-0.10020599241150617
2271.5,1131.0,98667.25,-1.8215962161416908
2271.5,1384.0,209362.69,-1.3274086804090524
2271.5,1736.0,371007.80999999994,-0.9354525972735042
2129.5,1886.0,503818.2899999999,-0.5405470659040508
1679.0,2008.0,605007.36,-0.18210955167928747
1194.5,1986.0,597791.4099999999,0.17937711667875217
892.0,1986.0,544554.85,0.583349008283704
766.0,1986.0,430162.68999999994,1.0682770044607668
766.0,1593.0,226434.64000000004,1.0953784337874501
766.0,1260.0,162129.01000000004,0.6645910820776592
766.0,1422.0,236025.56,0.7847958613932725
766.0,1422.0,305911.49000000005,0.5200521572531029
1021.5,1422.0,355307.0,0.12984723942219356
1465.5,1428.0,360713.83999999997,-0.265266708727826
1750.5,1365.0,303684.89,-0.6750884886936659
1809.0,1358.0,226576.03999999998,-1.1736973483585444
1830.0,1056.0,114441.29,-1.694775008957443
1845.5,740.0,38026.4,-2.1775512715381797
1858.5,263.0,4275.5599999999995,-0.48169826587527764
1865.5,336.0,8415.41,1.687051986239157
1868.5,336.0,9014.560000000001,1.241725308530307
1888.5,336.0,11887.84,0.7526175279351937
1888.5,336.0,13020.64,0.6958927149278638
1878.5,374.0,15399.290000000003,0.5779332432960906
1878.5,627.0,29894.0,-0.5694532061822893
1872.0,1134.0,101179.21,-1.4359214438424681
1855.0,1418.0,206273.21000000002,-1.1017910700847235
1782.0,1680.0,328180.49,-0.7518810214982916
1632.5,1680.0,410656.49,-0.346931071908681
1252.5,1660.0,410969.8,0.003616304614482853
857.0,1660.0,386086.8,0.39227669489415573
691.0,1352.0,274947.24,0.6838308843908084
691.0,1306.0,193152.24,0.9325405689694249
691.0,1078.0,156544.56,0.7547135564426982
691.0,1427.0,219638.36000000004,1.0372171627479394
691.0,1433.0,313651.49,0.7276420893973626
837.0,1584.0,406984.69,0.352484726258702
1269.0,1582.0,409492.44,-0.04243643870976668
1705.5,1553.0,373801.29000000004,-0.4343711043863114
1883.0,1546.0,309145.6,-0.8606133081663131
1886.0,1467.0,211009.21000000002,-1.2626527160468013
1898.0,1127.0,101476.36000000002,-1.6760186551741347
1952.5,603.0,28739.65,-1.1755499120113093
2016.0,440.0,18885.04,0.661098590571188
2066.5,434.0,19078.760000000002,0.2795693403759087
2113.0,465.0,22282.61,0.15207229702849104
2113.0,465.0,22201.489999999998,0.14329218959218026
2113.0,441.0,19257.159999999996,0.30608261716915525
2113.0,962.0,65131.21000000001,-1.5871321830289025
2113.0,1425.0,182667.76000000004,-1.457704139873165
2069.5,1708.0,329904.01000000007,-1.0040331734037087
2004.0,1850.0,466898.55999999994,-0.590205078994892
1677.0,1856.0,549940.2100000001,-0.19303022586290078
1157.5,1856.0,543846.5599999999,0.17603870351379144
784.5,1856.0,483193.61,0.5905204265891294
768.5,1548.0,322034.84,0.8978492587991223
768.5,1470.0,230095.15999999997,0.9053821685415319
768.5,1420.0,220048.16,0.8540828619496423
768.5,1556.0,319891.0,0.854835519050623
768.5,1721.0,450826.0,0.5230704155381344
1174.5,1721.0,505592.20999999996,0.11546743886036312
1685.0,1721.0,489645.89,-0.2749170420279313
1983.0,1866.0,451943.80999999994,-0.6271087943752952
2083.0,1758.0,323469.41,-1.0735407125750271
2115.0,1575.0,196729.01,-1.359225281877341
2122.5,1014.0,77031.76,-1.0750656430005254
2173.0,554.0,28973.2,-0.05414331796090587
2279.5,596.0,33423.759999999995,0.4569553102672043
2355.0,532.0,33010.96,0.17557466030767685
2355.0,536.0,36582.01,0.1728786603283264
2393.0,536.0,34201.96,-0.21337251857361705
2393.0,536.0,27866.409999999996,-0.30908372029658154
2381.0,1013.0,78817.24000000002,-1.1757887252448849
2381.0,1637.0,232113.88999999998,-1.4967163900057572
2326.5,2040.0,444307.41,-1.0791138085856724
2210.5,2197.0,634020.56,-0.6479892363086702
1872.5,2197.0,753012.25,-0.23991176730416272
1322.0,2522.0,833362.01,0.010220303558729944
815.5,2454.0,708428.81,0.36103921057855903
790.0,2454.0,612375.05,0.7212005971500132
790.0,2265.0,407767.61,0.7100717521597346
790.0,1754.0,292654.64,0.25765712652466033
790.0,1847.0,336385.64,0.37143223428424577
790.0,2083.0,467124.55999999994,0.2724026412476004
1195.0,2083.0,516233.45,-0.10282390751629461
1615.0,2083.0,518812.00999999995,-0.49213122999194486
1845.5,2212.0,495384.44000000006,-0.8954641710553801
1931.0,1636.0,266419.6,-1.0591946437250621
2010.5,1298.0,142503.63999999998,-1.375335263227302
2066.5,826.0,53788.56,-1.266246369189015
2105.0,600.0,28310.8,-0.0500707626681631
2151.5,507.0,24205.690000000002,0.0591631224661339
2186.0,536.0,26096.81,0.32322381985541754
2227.0,536.0,27997.609999999997,-0.05137088122981446
2317.5,463.0,25114.409999999996,-0.1194740636898864
2317.5,463.0,20930.25,-0.1360979329824206
2299.0,832.0,56724.0,-1.1199868146896557
2299.0,1536.0,203478.21000000002,-1.6817761598791314
2299.0,1749.0,373862.61,-1.1201224580258982
2299.0,1860.0,528486.64,-0.6620107919931405
1951.0,2038.0,649924.0900000001,-0.282360583857612
1330.0,2052.0,704070.25,0.0941679656762475
871.5,2052.0,629004.0,0.4918171290474684
871.5,2052.0,491483.00999999995,0.897256283674105
871.5,1758.0,302784.61,0.9011697606269229
871.5,1260.0,207248.28999999998,0.5058759365832698
871.5,1565.0,265922.44,0.7226637276320393
893.0,1631.0,368134.49000000005,0.4371130180284754
1244.5,1631.0,412176.9600000001,0.04429272257902118
1595.0,1631.0,414974.44,-0.35441905697587955
1853.0,1631.0,346159.2,-0.7727750401643827
1997.0,1452.0,227152.80999999997,-1.1993214760026156
2011.0,1158.0,114509.68999999999,-1.4644447237703593
2013.5,902.0,53791.2,-0.7651418243231081
2021.0,648.0,26057.159999999996,-0.14737779851745092
2060.0,608.0,35052.96,1.2800698574790061
2136.0,620.0,50960.85,0.7823373640831361
2192.5,620.0,56782.85,0.34733431550947713
2279.0,594.0,49577.41,0.10147845573628843
2284.0,594.0,42213.01,0.05943201617458073
2284.0,933.0,72536.56000000001,-0.7656155404841556
2284.0,1498.0,193406.29,-1.385267583401644
2284.0,1886.0,385776.16000000003,-1.0769694367045501
2211.0,2024.0,553785.56,-0.6454575549249649
1943.5,2152.0,707471.04,-0.28352129495339856
1388.5,2152.0,717013.65,0.0869350131850299
912.0,2051.0,617439.24,0.45658272389722493
870.0,1900.0,451582.05,0.7885564396817402
870.0,1764.0,315576.44,0.7849249564996157
870.0,1307.0,227855.28999999998,0.43906653626416003
870.0,1520.0,276108.6,0.5768526559748772
870.0,1713.0,392079.69,0.4162621122851498
1297.5,1713.0,446755.2899999999,0.032977790334925434
1666.0,1735.0,454549.24000000005,-0.3407186421134555
1865.5,1846.0,405177.00999999995,-0.6556970144068183
2009.0,1704.0,274120.83999999997,-1.0599102146912596
2072.0,1337.0,150256.81,-1.2255933843954636
2131.5,786.0,57282.96000000001,-0.798552398143834
2176.0,600.0,33038.090000000004,-0.7367232401870433
2219.0,526.0,23970.56,0.021448860342424093
2222.5,452.0,17093.0,0.25997494842949204
2295.5,500.0,23756.690000000002,0.13364367535313146
2346.0,500.0,23343.6,-0.1973239230654923
2346.0,500.0,24686.76,-0.18695798032520405
2295.5,932.0,69394.21,-1.1251031004263534
2295.5,1563.0,214313.0,-1.5444868927652282
2222.5,1872.0,397584.16000000003,-1.0621860874203208
2169.5,2008.0,567188.29,-0.6291237527071432
1879.5,2095.0,685798.6,-0.24014968522636204
1298.5,2095.0,680030.89,0.14449939841032172
828.5,2095.0,656842.36,0.5580306366754907
802.5,2056.0,478530.20999999996,0.9672852258899034
802.5,1694.0,284403.80999999994,0.9204651722465248
802.5,1431.0,230491.44000000003,0.6920811602875585
802.5,1431.0,253230.63999999998,0.7008821593935642
802.5,1562.0,346981.24,0.4287157116959391
1199.0,1562.0,394978.56,0.04377212194804496
1620.5,1562.0,369587.81,-0.35579852640323184
1815.5,1466.0,307526.69000000006,-0.7284175338612532
1869.5,1392.0,222823.09,-1.1984286723870756
1945.0,1245.0,121486.2,-1.558651127737065
2010.5,732.0,41247.16,-1.004100284567701
2024.0,448.0,20401.61,-0.1458105749802577
2036.0,448.0,20532.65,-0.539914463916345
2106.5,521.0,19844.090000000004,0.07614951175912384
2106.5,521.0,20916.44,0.09721915999808861
2185.0,521.0,21647.61,-0.2840017509609497
2185.0,447.0,18060.090000000004,-0.012715373334940668
2185.0,962.0,65555.95999999999,-1.5174321727245494
2185.0,1385.0,172252.76,-1.373256755806984
2081.0,1665.0,305722.25,-0.9589879505959721
1949.5,1844.0,431513.0,-0.5767998870326935
1673.5,1947.0,519254.09,-0.22049209967033057
1204.5,1947.0,541385.8400000001,0.15757325871591124
853.0,1830.0,444436.4,0.49884235590867804
784.0,1830.0,370054.61,0.9434161264919302
784.0,1500.0,211857.56,0.9046004336867911
784.0,1325.0,179270.81,0.6960854416692585
784.0,1553.0,266504.25,0.8712795127877269
784.0,1553.0,357671.44000000006,0.5414295436821901
1055.5,1553.0,410594.64,0.14081410625427113
1506.0,1599.0,418254.16,-0.24320773795426437
1854.5,1561.0,352716.84,-0.6366921231204196
1913.5,1416.0,245332.69,-1.06333953948572
1913.5,1175.0,133721.88999999998,-1.5786697184708374
1953.0,774.0,45801.76,-2.1551162709112592
1955.5,274.0,5593.240000000001,-1.1390528799358337
1961.0,180.0,3000.64,-0.22193451324448898
1955.5,180.0,2968.96,-0.03466097431203951
1955.5,180.0,2967.04,-0.012709808814910227
1955.5,238.0,4831.61,-0.28512874120018666
1950.5,305.0,7200.44,-0.4705940536350182
1911.0,729.0,38248.76000000001,-1.824609089735421
1911.0,1166.0,121960.16,-1.5726504206308896
1882.0,1430.0,233135.15999999997,-1.0918009451561212
1782.5,1569.0,332135.48999999993,-0.6635327290457085
1537.0,1569.0,377659.8,-0.2569958058052996
1106.5,1490.0,376329.24000000005,0.0915221071285029
756.0,1512.0,348009.24000000005,0.47035736767625164
629.5,1368.0,259194.49000000005,0.8716545615464334
629.5,1301.0,167653.85,1.1782920475757679
629.5,1067.0,128660.09,0.915182094846896
629.5,1329.0,195673.61,1.1211956965603214
629.5,1342.0,278946.25,0.7374892917239705
797.5,1342.0,326406.25,0.304082678566673
1237.5,1491.0,356591.29,-0.053894523273174934
1622.0,1491.0,328493.21,-0.46253304634316744
1741.5,1491.0,274214.96,-0.8968898208861691
1765.5,1304.0,171945.01,-1.3792641131297687
1783.5,1012.0,78876.44,-1.8463830235223924
1821.5,489.0,18616.760000000002,-0.7558642368097814
1874.0,327.0,11654.09,0.17051279538402736
1917.0,350.0,13828.49,-0.08653270003688268
1955.5,454.0,18524.84,-0.04947654430745451
1988.0,526.0,21836.45,0.03676218714338711
1988.0,526.0,23106.639999999996,0.11900159021126773
1988.0,878.0,52590.159999999996,-1.2591953358780525
1988.0,1347.0,151951.45,-1.4134449813133354
1988.0,1556.0,272382.89,-1.0028776265264834
1936.0,1733.0,394356.89,-0.6055278411531616
1622.5,1820.0,487602.55999999994,-0.23362869122449254
1142.5,1820.0,519323.16,0.15026128686937945
803.5,1820.0,483884.88999999996,0.5700219368948459
803.5,1820.0,360392.84,0.969409233964701
803.5,1433.0,208574.44,0.7821146261146986
803.5,1296.0,184107.61,0.6295912808528126
803.5,1661.0,299269.84,0.8865540126025275
819.5,1661.0,376549.84,0.490393775658249
1151.5,1661.0,445282.20999999996,0.11413206369020391
1547.0,1661.0,420545.41,-0.2827805666452003
1786.5,1634.0,365783.36,-0.6658435412444074
1875.0,1536.0,258730.56,-1.0986210213084924
1963.0,1156.0,129966.21,-1.4166804767052537
2031.5,964.0,61684.2,-0.9790300982915782
2062.5,669.0,36931.009999999995,0.23857040443669242
2080.0,578.0,35325.64,0.353763106692724
2080.0,592.0,43877.04,0.09918214841756232
2203.5,592.0,41125.49,-0.27849024687376267
2331.5,592.0,40669.81,-0.6147727310425147
2331.5,416.0,26502.0,-0.35179410862017035
2331.5,965.0,81608.09,-1.4811453249093811
2331.5,1495.0,224564.8,-1.4858462047396224
2331.5,1809.0,417968.8,-1.0720519680018892
2220.5,1886.0,566888.89,-0.6085063604591988
1787.0,1937.0,651933.96,-0.2106464581319025
1204.0,1976.0,667512.24,0.16425019071414032
782.0,1937.0,583368.8400000001,0.5661225475724363
777.0,1878.0,425715.2,0.9684768342620873
777.0,1647.0,255849.09000000003,1.0755214267691222
777.0,1215.0,172602.69,0.6225502467342408
777.0,1365.0,223890.20999999996,0.7590784690072326
777.0,1443.0,307122.45,0.46905181891864745
1113.0,1443.0,342439.84,0.06817038987657713
1485.0,1443.0,340522.2100000001,-0.32213932957226205
1748.0,1464.0,296503.95999999996,-0.7330987234971916
1830.0,1318.0,198139.88999999998,-1.1695545308206081
1846.5,1104.0,104954.8,-1.4800228177135257
1872.5,869.0,47966.21,-1.1575117840841276
1895.0,595.0,27429.559999999998,0.6108423147444436
1911.5,445.0,22481.61,0.6551651946012578
1977.5,486.0,28911.610000000004,0.4206510670501347
2087.5,638.0,43330.490000000005,0.3597780190898117
2154.0,676.0,51286.76,0.14310419133765526
2154.0,676.0,46518.01,0.1654339255827412
2154.0,1054.0,88563.04000000001,-0.7607823419212175
2154.0,1629.0,224508.49,-1.3364114842374268
2154.0,1905.0,405298.24,-0.9734952958267351
2070.0,2085.0,578993.96,-0.5781413266825544
1728.5,2085.0,662319.6100000001,-0.1700505654747821
1171.5,2085.0,710014.8099999999,0.21164389402934064
746.0,2085.0,655623.85,0.6385870178677422
696.0,2085.0,477544.63999999996,1.1093851382566404
696.0,1570.0,238538.21000000002,1.1242008051660761
696.0,1111.0,155261.84000000003,0.6926679909886807
696.0,1388.0,211043.09,0.9206139567567652
696.0,1388.0,281363.24000000005,0.5609822317439163
978.0,1532.0,350315.24,0.20815355985039102
1355.5,1488.0,350881.44,-0.15244500305509046
1648.0,1526.0,329996.29,-0.5247995787877152
1786.5,1463.0,246616.69,-0.947288743365266
1834.0,1350.0,157536.4,-1.1922045457346244
1885.0,962.0,69810.61000000002,-1.2894206542063427
1939.0,595.0,24561.559999999998,-0.8292474926491442
1968.5,474.0,18278.2,0.400863100888714
1987.5,541.0,24823.76,0.33558093786967697
2002.5,446.0,18586.85,0.39387242243728493
2070.5,446.0,18595.090000000004,0.025838245425314106
2091.0,446.0,16083.490000000002,-0.09433049565991031
2091.0,903.0,59433.159999999996,-1.5295279673561168
2091.0,1343.0,163027.69,-1.5164923665711971
2027.5,1699.0,314332.63999999996,-1.0854062299903873
2012.5,1850.0,463108.01000000007,-0.6655198539857577
1721.5,1850.0,560518.01,-0.26307924914068953
1175.0,1850.0,577143.21,0.1199816805334925
777.0,1718.0,502668.6,0.5044966552481355
747.0,1718.0,386894.85,0.9068427035251491
747.0,1600.0,258416.61000000002,0.9613483397539754
747.0,1233.0,187692.03999999998,0.5829538189962856
747.0,1458.0,263560.21,0.743478763094039
747.0,1458.0,337493.8,0.4307571165211556
1134.5,1458.0,367297.21,0.026435222749838238
1527.5,1540.0,367004.04,-0.32899244316972764
1741.5,1540.0,307551.2899999999,-0.7600465217993111
1782.0,1440.0,205516.16,-1.2364672955333995
1807.0,1203.0,108349.09,-1.4195412895763306
1825.0,724.0,36753.36,-0.9320873199117036
1872.0,476.0,21116.85,0.2798568512573286
1948.5,395.0,19637.04,0.18209360282621692
1994.5,560.0,31501.360000000004,0.2914669338990867
2048.0,578.0,38700.04,0.03266494451911534
2120.0,578.0,34417.840000000004,-0.3457874828277123
2120.0,580.0,43396.81,-0.26927203505913244
2120.0,976.0,83114.65,-0.9688116341199519
2120.0,1374.0,180338.09,-1.218321340774673
2070.0,1758.0,337729.21,-0.9389097870825874
1951.0,1840.0,475365.45,-0.5480404819850836
1562.0,1890.0,558888.9599999998,-0.16407808283696726
1165.0,1892.0,587043.24,0.21966750952917904
777.0,1892.0,500932.8,0.6224190952624222
727.0,1754.0,336817.64,0.9699133531553894
727.0,1312.0,195418.01,0.686425550212
727.0,1136.0,167592.40999999997,0.5211027780851127
727.0,1284.0,215940.25,0.63235515249764
727.0,1286.0,277702.80999999994,0.37617335057973605
1122.5,1290.0,304498.89,-0.01792110385588633
1481.5,1381.0,303475.56,-0.3954319120355972
1658.0,1473.0,267333.08999999997,-0.771348310520922
1733.0,1333.0,187014.84,-1.180560252190764
1736.0,1055.0,92752.41,-1.6304098248775603
1783.5,640.0,30617.24,-0.8104983376838872
1837.0,435.0,16613.69,-0.2571456473849257
1880.0,287.0,12032.16,-0.04226789642411393
1918.0,344.0,12966.359999999999,-0.2093520401809882
1957.5,340.0,10249.09,-0.521794013948547
2003.5,249.0,6115.839999999999,-0.49305848469349045
2003.5,310.0,8102.610000000001,-0.8180658536048713
2003.5,710.0,39750.8,-1.816567304097161
2003.5,1167.0,128062.63999999998,-1.5805029187565434
2003.5,1541.0,270948.55999999994,-1.1812436280966372
1881.0,1571.0,371708.24,-0.6917014020372401
1568.0,1666.0,447169.64,-0.292365190128425
1139.5,1666.0,468737.64,0.08985623336859809
724.0,1603.0,417052.69,0.4764851552181271
632.5,1601.0,316216.23999999993,0.8878451845357498
632.5,1356.0,192857.24,0.9230707701336023
632.5,1091.0,149336.28999999998,0.6535229907646734
632.5,1237.0,188302.56000000003,0.790071752305771
632.5,1237.0,244139.63999999996,0.5047955852185353
931.5,1341.0,289083.0,0.13249667405176807
1319.0,1426.0,311696.69000000006,-0.21900400884528481
1558.0,1423.0,263739.08999999997,-0.6236609040294878
1616.5,1343.0,198890.21000000002,-1.0319922074812153
1634.5,1110.0,110067.76000000001,-1.4649228010405755
1701.0,703.0,38352.61,-1.5746309835132144
1753.5,403.0,13410.759999999998,-0.2695069021250851
1758.5,293.0,10472.89,-0.07630695377687642
1786.0,293.0,9189.69,-0.425818241911963
1786.0,286.0,6694.890000000001,-0.30860807239065763
1786.0,330.0,10749.960000000001,-0.4843978845086523
1758.5,412.0,16735.56,-0.42045010277418304
1758.5,752.0,47072.159999999996,-1.3479643657618603
1737.5,1074.0,109570.85,-1.209747527326257
1648.5,1311.0,192798.64,-0.8820068015501658
1535.0,1405.0,263596.84,-0.5010156248750215
1324.0,1503.0,299593.69000000006,-0.1910748934414423
993.0,1406.0,287737.69,0.1163574290150725
713.5,1318.0,251869.69,0.44674544453247717
591.5,1173.0,183833.03999999998,0.8104510544790974
591.5,1091.0,118221.29,1.0553355669491598
591.5,968.0,100663.04000000001,0.8795773175812799
591.5,1189.0,156595.64,1.0786001672604904
591.5,1189.0,197944.61000000002,0.7007158765770787
718.5,1189.0,239823.84,0.2908123804737241
1110.0,1189.0,249027.69000000003,-0.11073325706077891
1401.0,1183.0,220730.63999999998,-0.5136679767596396
1449.5,1212.0,182678.01,-0.9500805607545911
1493.0,1077.0,115582.49000000002,-1.3857129665875183
1542.0,962.0,59679.159999999996,-1.520231946335414
1579.0,440.0,19660.090000000004,0.2818993756863094
1606.5,457.0,21578.16,0.33207897697867944
1643.0,468.0,27309.85,0.07090705748045031
1736.5,431.0,23492.89,-0.2100587915431546
1809.5,431.0,23662.41,-0.6055495278734394
1809.5,431.0,19910.01,-0.6660581414158017
1809.5,590.0,31257.840000000004,-1.2349089259510175
1809.5,1034.0,100295.76,-1.5705120324350308
1809.5,1304.0,202651.96,-1.1511495747778655
1716.0,1421.0,294269.05,-0.6985255743015508
1466.5,1431.0,352291.05,-0.28666478665246925
1087.0,1509.0,374341.61,0.0772851777299085
730.0,1502.0,339299.2,0.46785994224630834
636.0,1502.0,261419.2,0.894642494142533
636.0,1234.0,154519.69,0.9123797231555709
636.0,1023.0,123496.36000000002,0.6860634827433268
636.0,1344.0,185329.61,0.9959077602018778
636.0,1541.0,298197.69,0.7476827009372738
864.0,1557.0,374315.29000000004,0.3435279748285193
1232.0,1557.0,397503.83999999997,-0.04168229297235446
1573.5,1588.0,380622.04000000004,-0.42612180512981357
1832.5,1580.0,309729.24000000005,-0.783018980469026
1936.0,1554.0,221387.25,-1.0409044471016353
1944.0,1180.0,117066.0,-1.193475460085868
1962.5,818.0,48904.009999999995,-1.1680778548444184
2020.0,497.0,21488.49,-0.3026202515197757
2070.0,325.0,15203.61,0.13956754243413388
2120.0,315.0,13523.040000000003,-0.21674412004628762
2120.0,315.0,10954.21,-0.28978837340474967
2120.0,335.0,11705.009999999998,-0.37576046053588025
2120.0,948.0,70825.81000000001,-2.055897879232879
2120.0,1388.0,196434.61000000002,-1.5175473776328763
2073.0,1784.0,369467.44,-1.0916898007832356
1994.5,1833.0,500222.85,-0.6280687314640957
1614.5,1911.0,598431.96,-0.23149275904870784
1088.0,1936.0,613440.05,0.13936620899658547
670.0,1874.0,535852.6399999999,0.5239271643968865
595.0,1748.0,389374.4,0.9126624616229261
595.0,1601.0,250039.61000000002,1.0135209936679013
595.0,1068.0,155757.24,0.4934660691219415
595.0,1542.0,245937.36000000002,0.9122080996970158
595.0,1542.0,342541.4,0.6042122242816762
946.5,1564.0,402523.16000000003,0.2040606828544134
1281.5,1648.0,427876.61000000004,-0.16412155336843237
1609.0,1648.0,380629.25,-0.5601063512088944
1793.5,1551.0,272035.16000000003,-0.9671252013931546
1846.0,1253.0,156448.63999999998,-1.2885889619228978
1872.5,796.0,63433.6,-1.4337316674516403
1883.5,769.0,34935.96,-1.1877278795189752
1893.0,400.0,13088.009999999998,0.6118665298883952
1935.0,538.0,24012.6,0.6941548226258452
1969.5,538.0,29754.689999999995,0.3532761476460959
2032.0,538.0,33417.96,-0.02225045895404804
2120.5,538.0,33014.759999999995,-0.2964767176982597
2120.5,944.0,79256.2,-1.1962148702276665
2120.5,1396.0,191499.76,-1.4033732208940626
2120.5,1815.0,382094.2899999999,-1.0757795861014174
2120.5,1846.0,539584.96,-0.6487939604854703
1722.0,1992.0,659019.6399999999,-0.2602939530925292
1125.0,1992.0,713073.01,0.12578054963914026
689.5,1986.0,646747.24,0.5357756101161874
564.5,1984.0,498688.04000000004,0.9967603167739139
564.5,1845.0,324148.84,1.1022507473293226
564.5,1244.0,199627.65,0.5804342732338553
564.5,1244.0,218175.49,0.5923983679524432
564.5,1421.0,296410.24,0.41040880738167357
998.0,1421.0,331029.89,0.018822761790740914
1422.0,1533.0,351571.36,-0.33632048330512343
1522.0,1543.0,312685.8,-0.7010391059064627
1616.0,1437.0,227665.41,-1.155280990673453
1704.5,1236.0,124788.21,-1.7060952431505225
1774.5,635.0,35517.2,-0.5676664056007857
1830.5,642.0,33362.96,0.05856577090810676
1839.0,703.0,39194.25,0.06855893353334101
1863.5,645.0,40918.560000000005,0.5864816565909986
1933.5,664.0,48474.810000000005,0.29996243619261886
2060.5,524.0,38744.81,0.15390986432270562
2060.5,524.0,34237.61,0.115124519620438
2060.5,929.0,71060.95999999999,-0.8596824656150472
2060.5,1467.0,188851.09,-1.34793212992879
2060.5,1816.0,366338.4,-1.0716486535347132
2059.5,1935.0,530539.3600000001,-0.6496521066525632
1700.0,2057.0,654417.65,-0.26637114232795195
1151.0,2057.0,694662.4,0.11782955532707638
707.5,2057.0,616243.84,0.5127068728784533
635.0,1893.0,441116.16,0.8783296486063512
635.0,1688.0,286172.16000000003,0.8975587600486887
635.0,1228.0,199342.56,0.5120357584830098
635.0,1437.0,247290.09,0.6619429295406689
635.0,1503.0,334709.83999999997,0.43022653041720715
1011.0,1503.0,380738.64,0.04358928499497859
1402.5,1503.0,364344.36,-0.3615360074192854
1576.0,1480.0,305484.24,-0.7775733765066943
1680.5,1401.0,214770.63999999998,-1.2296088513157004
1741.5,1211.0,113605.16,-1.5765666747093794
1763.5,684.0,37369.0,-0.9144325385336393
1784.0,453.0,19563.559999999998,-0.3526606054239224
1815.0,444.0,17050.44,0.14400119728490784
1891.5,444.0,19485.96,-0.15728728511966056
1958.5,471.0,22615.24,-0.41497405042344226
1958.5,471.0,23309.609999999997,-0.396312704871613
1958.5,353.0,14691.0,-0.29208897169349085
1958.5,704.0,39239.25,-1.4778265111442217
1958.5,1069.0,108117.24000000002,-1.432417665394461
1944.0,1576.0,254721.81,-1.2293187086758532
1834.5,1661.0,377019.24,-0.7556174156063894
1574.5,1830.0,486363.24000000005,-0.3806287374428181
1216.5,1830.0,513321.84,-0.009172933332595602
780.5,1830.0,471858.80999999994,0.3647415218109059
642.5,1646.0,341380.36,0.6374247735962008
642.5,1646.0,264072.25,0.8567497936164138
642.5,1208.0,184146.00999999995,0.4333433688837994
642.5,1399.0,225431.8,0.6054327387681256
642.5,1399.0,292004.41,0.47188655852201
910.5,1399.0,328723.05,0.0750871674175218
1272.0,1442.0,341032.95999999996,-0.31024721165246716
1555.0,1463.0,297717.76,-0.6915100681633755
1630.0,1411.0,208807.09,-1.1616785868972084
1630.0,1479.0,222957.88999999998,-1.2208866477155675
1630.0,1479.0,241980.2,-1.1594595311007525
1649.0,1648.0,260585.01,-1.387737608580015
1669.5,1817.0,301541.41,-1.2797520320280174
1691.0,1898.0,343576.69,-1.1607504085877234
1746.0,1898.0,354999.41000000003,-1.2119687129911876
1834.0,1898.0,363498.69000000006,-1.2870882489923783
1852.0,1898.0,366403.41,-1.3171742054603806
1852.0,1898.0,370561.41,-1.085816256716059
1852.0,1898.0,405779.01000000007,-0.7203269020342082
1852.0,1660.0,353342.85,-0.601394750025655
1852.0,1753.0,387857.48999999993,-0.655958571852161
1570.0,1836.0,476927.25,-0.27012304654686364
1134.0,1846.0,488841.0,0.08786276717848651
738.5,1581.0,420725.0399999999,0.3902019056680765
565.0,1549.0,332386.41000000003,0.8061439468564805
565.0,1471.0,221464.25,0.9901195567943375
565.0,1138.0,162213.56,0.6485804243133425
565.0,1305.0,208984.75999999998,0.8021765734582889
565.0,1333.0,282252.63999999996,0.5814575150384497
811.5,1522.0,358745.44,0.23509462077548332
1254.5,1522.0,356147.49,-0.1657788750259575
1544.0,1522.0,321557.80999999994,-0.5757626435287966
1590.0,1522.0,240954.69,-1.0404045560870618
1590.0,1270.0,128548.76000000001,-1.4771984120036004
1627.5,835.0,43826.810000000005,-1.5938617810406297
1661.0,393.0,14202.41,0.41848166912242496
1685.0,308.0,10826.810000000001,0.45967768573101264
1685.0,308.0,10666.64,0.4238122613980177
1701.5,308.0,11323.01,0.1230239454468266
1680.5,308.0,8809.64,0.3822421455406907
1701.5,308.0,9734.24,0.005529609237649265
1680.5,716.0,37763.61,-1.4857404011833715
1680.5,942.0,85934.76000000001,-1.2972083931307543
1680.5,1329.0,185921.28999999998,-1.1329356667615245
1665.5,1529.0,295636.0,-0.7533090814324997
1411.0,1553.0,359028.96,-0.38693956697195603
1044.0,1557.0,388585.61,-0.009778064219667428
737.5,1557.0,386491.56,0.3897470867198716
524.5,1557.0,309876.45,0.8180591079453876
524.5,1557.0,227551.23999999993,1.171823146212794
524.5,903.0,118294.0,0.4254177412045754
524.5,1230.0,165963.63999999998,0.7610609660860577
524.5,1339.0,243496.81,0.6880306624891583
694.5,1339.0,284929.04,0.2786955489682503
1034.0,1339.0,290745.65,-0.12065751630462557
1334.5,1339.0,269815.80999999994,-0.5035953156330045
1495.0,1305.0,210484.85,-0.9340613619435512
1508.0,1115.0,127669.6,-1.3682370023375074
1537.0,835.0,55873.63999999999,-1.4924621531281452
1583.0,744.0,31945.159999999996,-0.20798112867149562
1606.5,443.0,23466.44,0.9166547627719317
1615.0,484.0,29942.560000000005,0.5192843449932936
1664.5,484.0,34156.61,0.138301071401055
1819.5,546.0,36013.090000000004,-0.08062103810105087
1879.0,488.0,27684.760000000002,-0.27279157686757516
1879.0,693.0,43386.81,-0.7254707642923639
1879.0,1142.0,111402.80999999998,-1.3809303414570353
1879.0,1542.0,245449.56000000006,-1.21581588746178
1879.0,1676.0,379580.76000000007,-0.7796265300048804
1598.0,1707.0,463089.24000000005,-0.36012944515383344
1133.5,1735.0,502291.0,0.02656587888945195
709.0,1735.0,479941.20999999996,0.4188608053718598
594.5,1735.0,386679.16,0.8371292406080435
594.5,1522.0,254710.45,0.8095305614390721
594.5,1369.0,224733.16,0.6657626313898494
594.5,1476.0,292359.04000000004,0.748484873418311
594.5,1476.0,359013.49000000005,0.45656256854553584
962.0,1702.0,447727.6,0.13273907977390656
1459.0,1710.0,471815.69000000006,-0.22815018170228307
1679.5,1710.0,428468.0,-0.6356757701321245
1738.5,1704.0,320323.04000000004,-1.1140392338842484
1852.0,1438.0,175780.96000000002,-1.4246051972720164
1942.5,981.0,71663.41,-0.9609840187547172
1995.5,773.0,52090.6,0.3962297583990847
2022.0,773.0,46612.61,0.11841667789696557
2072.0,773.0,50170.45,-0.15391594039948808
2171.5,573.0,39376.04,0.21200652791722494
2236.5,573.0,39353.6,-0.18771146867903296
2236.5,573.0,37660.159999999996,-0.21469986970480956
2236.5,1138.0,104955.16,-1.4265491612419028
2236.5,1667.0,268289.36,-1.4576041211748278
2236.5,1991.0,485775.43999999994,-1.0140045524885055
2161.0,2100.0,668818.6399999999,-0.5766254886348164
1710.5,2173.0,764530.69,-0.1935853520962285
1082.5,2189.0,814228.61,0.1895676251490582
656.0,2189.0,735971.8,0.6027096237589522
605.0,2096.0,526539.89,1.0274861858259516
605.0,1778.0,311142.24000000005,1.0551180254073245
605.0,1240.0,201142.76,0.5756561946019356
605.0,1319.0,239295.24,0.6444359298783112
605.0,1376.0,310980.0,0.3776411241555748
1001.5,1534.0,371687.83999999997,0.037035613161675335
1411.5,1534.0,376996.9600000001,-0.34713657565280326
1575.5,1534.0,329432.0,-0.7662209694031983
1643.5,1524.0,240670.25,-1.2179344421733596
1734.5,1277.0,125939.68999999999,-1.4789968159737727
1800.5,706.0,39816.04,-0.8842910234410379
1817.0,509.0,23822.239999999998,-0.25868125553945204
1860.5,801.0,45399.840000000004,1.1108868134857839
1901.0,744.0,55107.36000000001,0.8734503457880466
1952.0,619.0,48355.16000000001,0.6963032915406118
2019.0,619.0,54492.76000000001,0.2842407471574192
2094.5,612.0,45467.29,0.12455299522448646
2094.5,1124.0,101203.61,-1.1292272636476586
2094.5,1632.0,250394.0,-1.2957055854718407
2094.5,1940.0,446284.20999999996,-0.9389461567823035
2094.5,2094.0,639617.8400000001,-0.5802696135661805
1718.0,2225.0,800804.6,-0.22198429707387649
1038.0,2199.0,812915.0399999999,0.15146965101662252
630.0,2199.0,724357.45,0.5534404174808216
600.0,2199.0,576143.6100000001,1.0018666093422754
600.0,1953.0,335793.96,1.2119488002801933
600.0,1101.0,159805.36000000002,0.36851082345276015
600.0,1189.0,171523.44,0.4348128351088
600.0,1295.0,231235.55999999997,0.315959879889293
892.5,1364.0,278010.21,-0.006750891749500233
1157.5,1364.0,274772.85,-0.40730195348339643
1317.0,1432.0,241072.24,-0.7427564451357289
1425.0,1338.0,166255.24000000002,-1.1566334500017672
1469.0,938.0,72264.2,-1.2542332466944488
1478.0,605.0,31550.96,-0.9186306078811449
1520.5,661.0,29347.640000000003,0.498938833357524
1567.5,544.0,30942.24,0.7205164529367856
1621.0,680.0,48606.24,0.8413580890343555
1664.0,798.0,71943.84,0.6163573100364764
1790.5,816.0,89097.20999999999,0.25944291610778325
1894.0,816.0,74029.04,0.14319517570488582
1894.0,1082.0,113000.24000000002,-0.299642588881446
1894.0,1697.0,251911.01,-1.0044937223384718
1894.0,1946.0,426789.81000000006,-0.8990013163573499
1894.0,2043.0,596521.56,-0.553844086486072
1537.5,2103.0,715508.64,-0.1721410889167987
894.5,2103.0,759386.65,0.21358152158520738
469.0,2103.0,686841.76,0.6422441459185162
469.0,2103.0,498149.41,1.0804914683284057
469.0,1692.0,277246.20999999996,1.047771592669891
469.0,1158.0,176170.69,0.5682522020852874
469.0,1179.0,196401.00999999995,0.6056279095197272
518.0,1397.0,272559.36,0.3583103546290133
917.5,1397.0,302873.49,-0.025117511162653892
1244.5,1431.0,300364.56,-0.39138080528552377
1349.5,1357.0,245403.96000000002,-0.7851746602945113
1445.5,1261.0,166970.88999999998,-1.256662146104718
1469.0,927.0,72416.65,-1.5915347186487168
1546.5,609.0,27050.889999999996,-0.45095997959067036
1566.5,563.0,27276.49,0.5307967166461373
1574.5,712.0,42926.03999999999,0.7787165312252855
1595.0,665.0,40443.21,0.539012049414317
1685.5,740.0,56642.64,0.30533192089473604
1830.5,740.0,59225.61,-0.08958736286383673
1849.5,740.0,55264.76000000001,-0.28291787486016795
1849.5,998.0,92375.43999999999,-0.7360871562123188
1849.5,1429.0,193047.75999999998,-1.0548627541066762
1849.5,1754.0,343829.56,-1.0008255289798604
1849.5,1938.0,508532.55999999994,-0.6260429199045968
1473.0,1940.0,609741.01,-0.2280069493945293
933.5,1940.0,613485.64,0.1598023248580612
555.5,1940.0,568689.96,0.5820938498214757
555.5,1861.0,405620.69000000006,0.9482969578017136
555.5,1590.0,262298.76,0.8314200050429411
555.5,1183.0,189197.49,0.4752719134578255
555.5,1267.0,229507.24000000005,0.518849063284662
564.5,1414.0,304772.29,0.2968922092574383
1015.5,1472.0,349473.65,-0.05788837788569217
1342.5,1472.0,322421.49,-0.44881984074008396
1432.0,1416.0,254603.25,-0.8776128690103908
1512.5,1288.0,167862.63999999998,-1.3698510248504838
1568.0,1054.0,79431.85,-1.6266262017516906
1603.0,530.0,24883.839999999997,-0.25444164954799364
1632.5,435.0,19089.64,-0.16650706439047333
1661.5,461.0,18833.489999999998,0.18107767567540647
1734.5,384.0,16717.890000000003,0.10215485142350142
1803.5,384.0,18034.610000000004,-0.25959172274312314
1821.0,384.0,18661.239999999998,-0.615286895104422
1821.0,384.0,16524.41,-0.623042083765425
1821.0,629.0,33818.96000000001,-1.4460622052203842
1821.0,1193.0,129629.4,-1.7434395829794784
1821.0,1495.0,263684.4,-1.19979546831996
1731.5,1495.0,326485.04,-0.6627472773755688
1476.0,1495.0,370232.24,-0.23463377484846487
1024.0,1675.0,411310.68999999994,0.07044334770154073
681.5,1687.0,403137.49,0.4188007057989863
589.0,1666.0,317057.65,0.8334660703747448
589.0,1410.0,190076.96000000002,0.9202325872200338
589.0,1182.0,152292.8,0.6850352427649533
589.0,1377.0,198474.81,0.8751246347282534
589.0,1377.0,267725.21,0.5418532466965925
773.0,1512.0,325355.69,0.17851084283693092
1171.5,1528.0,370218.44,-0.15964871350294138
1508.0,1687.0,402538.0,-0.4913206144024561
1605.5,1687.0,333732.76,-0.9186336842741885
1680.5,1497.0,213344.6,-1.3414902009844258
1756.0,1093.0,93049.09,-1.318465466225166
1817.0,640.0,37475.44,-0.4361937550036638
1896.5,460.0,25449.16,-0.3449918815256113
1896.5,460.0,19055.24,-0.5013263540366568
1896.5,310.0,10860.56,0.08898846125899483
1923.5,294.0,8740.039999999999,-0.14319065059776126
1923.5,508.0,19812.4,-1.340990849035175
1897.0,721.0,48608.44000000001,-1.2427789278169978
1884.5,1193.0,134767.09,-1.3379953767209567
1838.5,1436.0,240958.21000000002,-0.9502918573325991
1691.0,1620.0,338507.41000000003,-0.5984279596833999
1443.5,1615.0,383148.4,-0.24607279085805941
1101.0,1573.0,373352.4,0.10017893044976617
743.5,1573.0,346048.69,0.5082962911167279
652.5,1573.0,273880.0,0.9682215698655116
652.5,1129.0,154277.69,0.7127672756524921
652.5,1097.0,149608.88999999998,0.6832988784379928
652.5,1401.0,222586.84,0.9298212817337146
652.5,1401.0,287150.04000000004,0.5579888978347446
939.0,1401.0,334711.29000000004,0.1598802645313906
1356.5,1401.0,325737.2899999999,-0.23358143576955787
1557.5,1366.0,272135.21,-0.6361693355873572
1641.0,1328.0,201676.63999999998,-1.1198046939612925
1691.0,1176.0,116951.09,-1.606971311613952
1708.5,830.0,44966.21,-0.8481464673963225
1747.5,642.0,33376.560000000005,0.6326583060043087
1798.5,612.0,39339.89,0.6244748338571897
1817.0,725.0,58549.88999999999,0.4348035833490066
1942.0,749.0,69472.56000000001,0.10056048746889083
2092.5,749.0,73604.09,-0.2801442640543343
2098.5,749.0,63507.64,-0.5569485711899191
2098.5,1084.0,104200.09,-1.1442747454780569
2098.5,1555.0,236047.21000000002,-1.363603390646156
2098.5,1713.0,388904.88999999996,-0.9483328458633523
2098.5,1858.0,534843.0400000002,-0.5389830822387263
1649.5,1858.0,615978.49,-0.13920180676080637
1026.5,1877.0,637519.6900000001,0.2504441643125251
712.0,1877.0,556131.21,0.6770741392830789
712.0,1827.0,395354.04000000004,1.0913187974597105
712.0,1568.0,241751.01,1.0693927558099354
712.0,1226.0,175963.89,0.71315718354914
712.0,1575.0,289635.41000000003,0.8582896037271146
804.0,1575.0,371173.75999999995,0.4432999897037407
1214.0,1616.0,430589.6,0.06944608223703178
1574.0,1736.0,442145.01000000007,-0.2696814275343716
1825.5,1738.0,396503.09,-0.6461880316177215
2000.0,1601.0,286060.29,-1.021839491145634
2064.5,1236.0,150251.96000000002,-1.3196424576842574
2118.0,946.0,69824.44,-0.9934526864395407
2178.0,851.0,48893.490000000005,-0.22847263466030596
2206.0,590.0,32440.24,0.37916009440878157
2209.0,625.0,38696.29,0.11358213766270216
2305.0,762.0,52212.759999999995,0.6503657532570191
2434.5,720.0,62980.96,0.46202864550869754
2434.5,720.0,59553.88999999999,0.47150645307470684
2434.5,1421.0,148993.44000000003,-1.0338551218684426
2434.5,2063.0,373964.48999999993,-1.2607019688097123
2434.5,2316.0,631973.85,-0.9174547581181729
2379.0,2362.0,833447.85,-0.49107913289391086
1869.0,2382.0,945410.36,-0.09345600258264423
1129.0,2440.0,1000198.29,0.2882183843033411
705.0,2440.0,918050.0,0.7279581481020017
705.0,2440.0,650084.76,1.2143539277825135
705.0,1857.0,349752.65,1.070878714662748
705.0,1348.0,238948.44,0.7044331917247437
705.0,1535.0,317648.76,0.7408083625901964
763.5,1535.0,398094.83999999997,0.35547281722608987
1286.5,1535.0,423902.16,-0.04386234793297674
1713.5,1698.0,428373.36,-0.40621403747823415
1860.0,1739.0,381053.20999999996,-0.8095838631503087
1933.5,1568.0,246338.76,-1.2872350044915917
1943.5,1245.0,112745.16,-1.8515443020223663
1949.0,567.0,26908.560000000005,-0.2604662566180031
1959.0,587.0,27468.6,0.47407894137640105
2047.5,603.0,39093.6,0.8361120128943048
2149.5,603.0,43444.090000000004,0.3804503834657072
2192.5,741.0,60010.64,0.2908088270453426
2290.5,741.0,60963.290000000015,-0.04102683795376655
2290.5,741.0,60515.85,-0.05141001785342027
2290.5,1091.0,107299.29000000001,-0.5301989203990911
2290.5,1773.0,267362.49000000005,-1.2588766683163408
2290.5,2085.0,486066.25,-1.0201111587914389
2254.5,2183.0,680440.24,-0.5966242616375373
1859.5,2184.0,795585.69,-0.1916874336837889
1235.0,2222.0,814300.01,0.19318214863515945
781.0,2222.0,746331.2,0.6187081853452193
781.0,2153.0,524931.2,0.9369137115900592
781.0,1698.0,321027.2,0.7225860666462538
781.0,1348.0,252602.2,0.4738512312795215
781.0,1556.0,320113.45,0.5851463602770093
917.5,1556.0,402457.24,0.2579831062671117
1402.5,1556.0,420790.23999999993,-0.13917281597994005
1715.5,1633.0,401630.36,-0.5212038863298989
1866.5,1768.0,346512.56,-0.9093556430479817
1967.5,1545.0,219549.36000000002,-1.2924913603331618
1967.5,2191.0,399253.64,-1.801996640582757
1998.0,2414.0,407997.05,-2.1381966176684934
2039.5,2506.0,445021.05,-2.162899837552918
2133.5,2728.0,503235.36,-2.044809203846351
2201.0,2766.0,556743.49,-1.9637174569859976
2324.5,2766.0,580096.8,-2.0611312080865627
2482.0,2819.0,614055.49,-2.170369386529464
2577.0,2819.0,622614.4,-2.3226921065329735
2577.0,2819.0,682677.4400000001,-1.8545992918808925
2577.0,2819.0,849720.76,-1.2238282867244996
2577.0,2258.0,645140.8899999999,-1.0044473999132584
2577.0,2258.0,846306.96,-0.549623993639605
2057.5,2295.0,978585.64,-0.14905054337646156
1180.0,2334.0,992469.8100000002,0.24165803880251827
775.5,2334.0,869320.45,0.6684929091486025
775.5,2334.0,684578.45,1.0975811843542915
775.5,2120.0,414843.01,1.265426192067344
775.5,1294.0,219147.09,0.5359669420162289
775.5,1382.0,273619.08999999997,0.5773756550199347
943.0,1382.0,334145.84,0.22334071576800804
1404.5,1539.0,366902.41000000003,-0.12465718994479227
1702.0,1558.0,361257.61,-0.5042158347845217
1842.5,1741.0,323541.29000000004,-0.8477637687379324
1886.5,1568.0,199499.24,-1.2767104234672708
1940.5,1042.0,79030.76,-1.1792466323345279
2019.0,804.0,46423.61,0.07140024463420647
2055.5,808.0,57167.69,0.8150785788943378
2076.5,725.0,51783.24,0.5733533573174803
2168.0,725.0,57038.0,0.2826606026240132
2307.0,629.0,55217.61,0.10652009276523094
2386.5,629.0,52668.0,-0.2881797980491064
2444.5,629.0,44298.810000000005,-0.6965134822250129
2444.5,1053.0,105866.01000000001,-1.1835058007316392
2444.5,1684.0,276659.95999999996,-1.488934565043232
2444.5,1957.0,497095.16000000003,-1.0807740715374068
2424.0,2092.0,691242.8,-0.623788507250522
1967.0,2092.0,778489.05,-0.21667803669739996
1252.5,2092.0,816664.49,0.1776308005400053
800.5,2092.0,739456.0399999999,0.598719119811914
800.5,2030.0,551005.25,1.0128638271736552
800.5,1953.0,391730.29,1.0520776428994993
800.5,1425.0,269625.01,0.6778132357702882
800.5,1545.0,346577.49,0.6817778691527169
877.0,1545.0,421880.63999999996,0.30735025643931163
1447.5,1555.0,452439.0399999999,-0.08612801373313211
1858.0,1540.0,400890.44000000006,-0.48598980427709426
1932.5,1684.0,350455.44,-0.8533391101564319
1993.0,1643.0,255303.49,-1.329004640677814
2053.0,1239.0,116967.76000000001,-1.5691566215118553
2079.0,592.0,36286.65,-0.029695741000282383
2189.0,604.0,37280.65,0.11510509728875136
2294.5,604.0,33487.44,-0.2508657083653075
2312.0,604.0,32260.29,-0.6557769456925082
2312.0,604.0,26444.85,-1.0618644235098453
2352.0,619.0,26373.49,-1.3785087697870269
2352.0,411.0,12832.69,-0.20183758689601652
2352.0,938.0,65173.81000000001,-1.7976990574013876
2352.0,1435.0,191341.81,-1.5053614989569817
2326.5,1889.0,390964.69,-1.1235049596180595
2198.5,2013.0,556743.0900000001,-0.67761299693839
1855.5,2092.0,649605.76,-0.30282977180728904
1343.5,2092.0,676339.8400000001,0.08549122347720259
868.0,2092.0,617720.4099999999,0.49150307811415656
750.0,2092.0,501036.04000000004,0.941970172381028
750.0,1681.0,297405.00999999995,0.8263780079566868
750.0,1443.0,248367.49000000005,0.6253349909912715
750.0,1827.0,374480.96,0.8697443377818085
750.0,1827.0,497890.55999999994,0.54850248057944
1171.0,1827.0,543266.0399999999,0.13081668536989072
1682.0,1827.0,523020.61,-0.2680705672587943
1958.0,1778.0,434339.2,-0.6742131473806635
2050.5,1679.0,309584.44000000006,-1.147347506601739
2050.5,1406.0,158431.69,-1.644121676917005
2069.5,782.0,44187.56,-1.4006529107359802
2080.0,384.0,13454.960000000001,-0.371160505188823
2095.5,356.0,8823.25,-0.3963751122568885
2095.5,282.0,6274.36,-0.9562829496786477
2080.0,264.0,5639.45,-0.7360802167688847
2077.5,264.0,5632.2,-0.7176957166990475
2077.5,322.0,10265.45,-0.7552145613503533
2077.5,764.0,48100.89000000001,-1.7562268012822675
2050.0,1254.0,149468.25,-1.5426654061009208
2050.0,1644.0,312170.25,-1.1610118367190563
1934.5,1644.0,412374.25,-0.6772768133874099
1630.0,1679.0,471952.88999999996,-0.2842098087113025
1164.0,1717.0,491290.55999999994,0.09110032576259064
725.5,1661.0,441438.84,0.471682255323404
635.5,1661.0,345756.85,0.9045263857193915
635.5,1430.0,207265.09,1.0476700520704763
635.5,1082.0,147805.81,0.7066640306473717
635.5,1562.0,246763.40999999997,1.1324519572121574
635.5,1562.0,344234.21,0.7325079364871094
908.5,1562.0,407743.04000000004,0.30963501374128966
1290.5,1621.0,439785.23999999993,-0.07212427326914671
1701.0,1621.0,399620.76000000007,-0.47237260844371887
1900.5,1578.0,306095.61,-0.8940876568833224
1914.5,1336.0,189346.44,-1.2646850638681273
1951.5,1270.0,109105.61000000002,-1.1965722468940572
1979.5,890.0,55571.96000000001,-0.2275323176682276
2012.5,494.0,31694.089999999997,0.6763782165827505
2058.5,638.0,48358.409999999996,0.48257288213877325
2174.5,635.0,53857.2,0.15847964144394416
2311.0,635.0,50475.45,-0.22058605573371662
2311.0,635.0,51657.61,-0.20845102192172976
2311.0,1287.0,134976.0,-1.3728739135927241
2311.0,1733.0,302333.16000000003,-1.3242014439024303
2311.0,1926.0,490896.36,-0.8889613870566505
2144.0,2048.0,640490.09,-0.4673404355718777
1632.0,2059.0,715807.04,-0.07593349766260682
1027.0,2059.0,738723.5599999999,0.3158552917248932
729.5,2048.0,613796.4,0.738614979663515
729.5,1903.0,409497.69000000006,1.1184279855525223
729.5,1536.0,270605.69000000006,0.923531641610823
729.5,1435.0,250134.0,0.8532921811642683
729.5,1757.0,397539.25,0.7985212125864253
841.0,1934.0,553225.8099999999,0.45392196694416215
1379.0,1934.0,607709.36,0.052362208115250934
1822.0,1934.0,587087.0,-0.331645001791321
2074.0,1920.0,491810.29000000004,-0.7470801373808795
2262.0,1757.0,337990.21,-1.2029040467485936
2262.0,1385.0,162088.24000000002,-1.6960191373474856
