1034.31299471417,2634.6766053056203,320117.20386159106,-0.15913988783295205
1034.31299471417,2634.6766053056203,324836.05257773167,-0.18088531683707187
1034.31299471417,2634.6766053056203,324712.8798034275,-0.1801152596243137
1034.31299471417,2807.0572547784864,340276.45682327705,-0.23424730502345334
1034.31299471417,2807.0572547784864,350698.66323302244,-0.27411859170926456
1034.31299471417,2807.0572547784864,353944.74318138836,-0.2888922079385026
1034.31299471417,2877.4885006674604,369156.9220319707,-0.34267520675383545
1034.31299471417,2877.4885006674604,377589.51567535667,-0.3467322088274048
1034.31299471417,3280.7315010996103,404003.3073749888,-0.45757251153269773
1034.31299471417,3280.7315010996103,412505.4707885305,-0.46935862650200794
1034.31299471417,3353.4452582438907,441750.12583024014,-0.5458532869644787
1034.31299471417,3353.4452582438907,458639.73242069304,-0.5589631177114217
1034.31299471417,3353.4452582438907,475704.3705337164,-0.5885768412600715
1034.31299471417,3353.4452582438907,486921.198055719,-0.6222739921453204
1034.31299471417,3353.4452582438907,504163.06141543936,-0.6100858604884748
1034.31299471417,3647.56010486507,540736.8135221777,-0.692012531541622
1034.31299471417,3647.56010486507,549306.5591864756,-0.6725505340164049
1034.31299471417,3647.56010486507,584523.1248226917,-0.710625822835127
1034.31299471417,3647.56010486507,606960.1306360853,-0.6964087696223565
1034.31299471417,3647.56010486507,636649.14593802,-0.7010704268484698
1022.04024173845,3647.56010486507,662143.0946336287,-0.6884032532088771
1018.0843109051,3647.56010486507,666560.298732669,-0.6573700041230357
1018.0843109051,3647.56010486507,686033.0380911799,-0.6362664241310542
1018.0843109051,3647.56010486507,716484.5566253101,-0.666423226701048
1004.09496856173,3797.03776247152,753517.1860362393,-0.6769261778684951
1004.09496856173,3797.03776247152,769774.1529580579,-0.6471518737573455
1004.09496856173,3797.03776247152,790381.933415574,-0.6221699082184574
1004.09496856173,3797.03776247152,813908.1988431771,-0.6130534283861891
1004.09496856173,3797.03776247152,844500.6506642323,-0.6036882645313508
1004.02050786952,3855.5109255122006,879816.1522431539,-0.6000730555943988
907.58274969454,3855.5109255122006,905627.1472250717,-0.58472980307462
852.7529510892571,3855.5109255122006,916980.4046199804,-0.5509031275771307
842.373648268532,3855.5109255122006,941096.8642544628,-0.5269314324553412
840.405958617678,3895.01655956511,974971.8161391123,-0.5172885757600704
840.405958617678,3895.01655956511,982173.6818525925,-0.49342499376792925
805.015002695002,3895.01655956511,997844.1074013376,-0.46203227387969803
785.561981420968,3895.01655956511,1019225.9051275878,-0.43531026748281304
728.4899976136779,3895.01655956511,1027904.5941196671,-0.4016137205535305
704.681068626279,3895.01655956511,1031085.7864575485,-0.3703693863367137
654.347238862092,3895.01655956511,1049128.5184886383,-0.34871331553518015
632.20163993704,3895.01655956511,1049741.1037525542,-0.3187795694431459
615.781008041945,3895.01655956511,1068051.241822512,-0.2925472891452274
606.2895200609449,4030.8159541885802,1092915.4443514564,-0.2847421359517828
521.5150464069629,4030.8159541885802,1103699.4134105733,-0.2576547680292646
495.290002497701,4030.8159541885802,1117201.4133398845,-0.2279454507945809
408.4993028189981,4030.8159541885802,1116874.3479624626,-0.2000019259645532
377.90292612881103,4030.8159541885802,1124129.1293855,-0.17138832323185332
366.337223962822,4030.8159541885802,1124455.2772776962,-0.14341429095579872
351.823999791265,4030.8159541885802,1134353.0715800456,-0.11526722496697503
297.584192005931,4030.8159541885802,1138173.4813667738,-0.09375589843598872
204.705001782051,4030.8159541885802,1141906.4188885994,-0.06686896067571779
189.045745724373,4030.8159541885802,1145113.28618751,-0.03502163015677733
177.326685145713,4030.8159541885802,1134293.3942538116,-0.007856894464647353
123.851542822632,4030.8159541885802,1137396.8900130983,0.02312680154920202
86.0292103903975,4030.8159541885802,1119094.1079542455,0.04175962935077751
76.150920886194,4030.8159541885802,1112692.9175450718,0.03263806681688383
64.9728671780389,4030.8159541885802,1108886.1009178257,0.06428602074243839
54.682833237633496,4030.8159541885802,1113487.0304723016,0.09489412804302864
18.89663732203969,4071.0376761777607,1119818.3683146436,0.10344780160967151
-52.9284754256927,4071.0376761777607,1114255.36716199,0.13419678609802155
-103.148537613704,3949.3488771165703,1085211.7437429866,0.12233307315018592
-126.547736753242,3949.3488771165703,1072199.8629674772,0.15006611097074155
-133.817210929576,3949.3488771165703,1065109.5105684241,0.16637436216821402
-135.989502476677,3949.3488771165703,1060233.6644757797,0.19214951367444966
-185.665369007687,3949.3488771165703,1064242.848799948,0.2177592828990529
-195.576656601183,3949.3488771165703,1053965.596428406,0.24417973382847846
-218.005305048541,3949.3488771165703,1053899.5369975453,0.2753875133645274
-240.36302038578,3949.3488771165703,1031796.3788025456,0.2795580509860192
-287.44812989759,3949.3488771165703,1014068.1766257706,0.30585947566983585
-333.836979218064,3399.97978815474,983711.2064178967,0.2817401069487074
-378.239202774319,3399.97978815474,970980.5831126339,0.2981358290252148
-385.699783729738,3399.97978815474,957011.8415171368,0.3244069888132682
-391.579343359608,3399.97978815474,940724.6682451537,0.3391311596709917
-416.106089456424,3399.97978815474,930339.8914626726,0.37117377879021557
-485.673232467926,3399.97978815474,925131.204075871,0.40486819961582377
-490.972438158485,3399.97978815474,903163.4016670529,0.4272733639822893
-490.972438158485,3399.97978815474,885708.3968649894,0.4480655887107696
-490.972438158485,3399.97978815474,864329.7058042539,0.4650510430489906
-537.457529912801,3399.97978815474,846088.9270670823,0.49170698560487763
-556.1044783569,3399.97978815474,844495.2160353789,0.5103651690010229
-556.1044783569,3399.97978815474,829522.9999666064,0.5210728850673172
-591.43131284806,3399.97978815474,809954.5111134294,0.5450936054408435
-610.054682793506,3271.03142259865,776747.28497505,0.5427416800699958
-618.5312260402189,3271.03142259865,768731.3674736392,0.5757715188308659
-618.5312260402189,3271.03142259865,742278.4869107385,0.5865677852364422
-625.078011976482,3271.03142259865,719432.0401162972,0.6063732420635402
-625.078011976482,3250.5712931746402,688108.0795737781,0.6003703520496243
-667.970574029835,3250.5712931746402,671498.7429790881,0.6289309737070474
-676.15396758569,3250.5712931746402,651214.014167383,0.6489305978928007
-676.15396758569,3250.5712931746402,629544.9017894912,0.6520472203914024
-676.15396758569,3250.5712931746402,616769.1152066246,0.6597039346992497
-676.15396758569,3250.5712931746402,585687.6700900873,0.6428702359024868
-732.617875050117,3250.5712931746402,556670.5074660315,0.6278769162700831
-732.617875050117,3250.5712931746402,532457.4188881991,0.606484002951029
-732.617875050117,2968.06116531822,498145.5329754535,0.5357692734987002
-745.1336240679179,2968.06116531822,476807.1387320955,0.5283022411526348
-745.1336240679179,2968.06116531822,469090.16388758033,0.5434084602003766
-745.1336240679179,2968.06116531822,456776.95908614376,0.5587923913675009
-745.1336240679179,2968.06116531822,449350.58386985894,0.5759769409565645
-745.1336240679179,2968.06116531822,437231.03845514986,0.595597909141321
-745.1336240679179,2968.06116531822,435559.78759333555,0.5928258839022871
-745.1336240679179,2968.06116531822,421536.4913239449,0.5884003806489132
-745.1336240679179,2968.06116531822,413660.3763232025,0.6163253783403915
-745.1336240679179,2968.06116531822,401913.20304287615,0.6010252660100739
-745.1336240679179,2968.06116531822,397000.96946843324,0.6004635415604481
-745.1336240679179,2798.99903808446,369237.629925804,0.49851373618150946
-754.7363202842649,2798.99903808446,352728.6660019449,0.4840627847244418
-754.7363202842649,2798.99903808446,335964.51819555345,0.422628570889179
-754.7363202842649,2798.99903808446,329824.34966157563,0.3927009611781736
-754.7363202842649,2602.406604956457,310341.8217970784,0.24804855016168306
-754.7363202842649,2602.406604956457,309486.5215280243,0.2454598461771609
-754.7363202842649,2602.406604956457,312459.99392856605,0.25966546599651635
-754.7363202842649,2244.943656364901,295036.3761055892,0.14801834339423509
-754.7363202842649,2409.620729224473,305234.28667862475,0.2149153399430595
-754.7363202842649,2409.620729224473,306923.54768850066,0.22252537593542676
-754.7363202842649,2409.620729224473,315432.3185938003,0.26882664911814963
-754.7363202842649,2500.849087369516,327446.8083645008,0.33664693670482565
-754.7363202842649,2500.849087369516,334299.1458818142,0.36066493789890586
-754.7363202842649,2500.849087369516,331947.3416380055,0.3544291909781679
-754.7363202842649,2660.199475446345,348423.87569289067,0.4398712892385013
-754.7363202842649,2660.199475446345,347938.8598582167,0.44130487360725024
-754.7363202842649,2660.199475446345,345665.3805683849,0.43205995527773594
-754.7363202842649,2660.199475446345,354378.75505945354,0.44907519492910275
-754.7363202842649,2660.199475446345,364601.2463166324,0.4690024625133287
-754.7363202842649,2792.65579678263,385830.24655517266,0.5500180047338938
-754.7363202842649,2792.65579678263,397096.7807192946,0.5797472815626313
-754.7363202842649,2792.65579678263,414646.2443040268,0.6126098242420043
-754.7363202842649,2792.65579678263,428979.76365852717,0.6240106486810219
-754.7363202842649,2792.65579678263,443767.02158821723,0.6193800936595221
-754.7363202842649,2851.33893101592,467323.4948977537,0.6519346712753982
-754.7363202842649,3048.00961636917,495843.39612517616,0.7045730111497065
-754.7363202842649,3048.00961636917,499309.05432609085,0.683242673097419
-754.7363202842649,3048.00961636917,522699.6984343995,0.7081543083329347
-745.1336240679179,3048.00961636917,544915.4890479031,0.6990768565253656
-745.1336240679179,3048.00961636917,560976.6882397354,0.6877664758835277
-732.617875050117,3140.03995514746,589655.0523189567,0.6974177541521829
-732.617875050117,3140.03995514746,607188.3864110413,0.6752684127950964
-730.339555927867,3140.03995514746,625769.9426973368,0.6522996460334387
-677.576126531388,3197.05423189831,655911.762200637,0.6568371054413716
-677.576126531388,3537.34028262999,697539.0725943221,0.6954516334208194
-676.15396758569,3537.34028262999,716821.6259912944,0.6754621238321716
-676.15396758569,3537.34028262999,735200.9214832652,0.6595262596653235
-667.970574029835,3537.34028262999,742311.4099401357,0.6245442023085384
-646.892276360865,3537.34028262999,760781.3635675324,0.5956928329983243
-610.054682793506,3537.34028262999,771557.4682090937,0.5614040700779981
-591.43131284806,3537.34028262999,789384.2485732406,0.5340640840599056
-591.43131284806,3537.34028262999,816625.4869740293,0.5381838568370374
-565.708994190756,3537.34028262999,831388.6500225357,0.5066635621944933
-558.875250838305,4102.44685714112,881975.8642427851,0.5711622880556185
-539.7268527735421,4102.44685714112,896989.2173267796,0.5516229444966749
-537.457529912801,4102.44685714112,932134.7980002186,0.5458442450300572
-490.972438158485,4102.44685714112,935331.3774461547,0.5133803733304575
-451.532978032463,4102.44685714112,962382.7022639306,0.4970419113670867
-418.9599267921061,4102.44685714112,965988.9609054639,0.4646931967885968
-416.106089456424,4102.44685714112,986254.5875175671,0.4600726999273263
-395.075327002741,4102.44685714112,1002377.7318994544,0.4418797298497757
-385.699783729738,4102.44685714112,1020097.6932573054,0.4126488985174729
-378.239202774319,4102.44685714112,1048246.2049495046,0.40836117860493415
-365.659220756586,4102.44685714112,1048237.2106695942,0.3857133333382454
-359.2076656489129,4102.44685714112,1065113.1202695628,0.35924095256170724
-345.2917322943,4102.44685714112,1073295.3765401114,0.32607140705541493
-307.00669479506,4102.44685714112,1079579.9938474721,0.295675017381021
-242.98831739365505,4102.44685714112,1108016.6622718284,0.28152139076313537
-237.36869366908,4102.44685714112,1129256.1655242925,0.2583982533237127
-202.336377458615,4102.44685714112,1146190.855983422,0.24710722010902733
-195.122937942106,4102.44685714112,1162669.4075595948,0.22170535843073907
-194.08029250177,4102.44685714112,1173421.534947319,0.19912822683789044
-42.5931121195856,4102.44685714112,1170990.0895139165,0.18819992589186788
-19.157871487302,4102.44685714112,1165603.2303322325,0.1589066383435398
18.4207673969652,4102.44685714112,1191820.2069720624,0.15592587624188514
43.36276937646829,4102.44685714112,1209755.0600515897,0.13170259311450494
50.564365013535394,4102.44685714112,1221123.4600018044,0.11051038049344661
90.3013502748192,4102.44685714112,1235764.1578023222,0.08966977401520358
114.421921187469,4102.44685714112,1235445.9668970571,0.06274474289845913
136.047642052035,4102.44685714112,1229626.0659780127,0.03702352333097406
279.88151164226,4102.44685714112,1235766.7462145498,0.01717695788155719
300.121819097657,4102.44685714112,1231919.3059119445,-0.014362633062020957
368.35690966538806,4114.50436363313,1261481.1314872575,-0.02104625918400305
390.3673709917881,4114.50436363313,1261840.477872214,-0.05286185874976285
427.023085172842,4114.50436363313,1280602.752076488,-0.06945254688671758
496.317867716688,4114.50436363313,1273810.4103806834,-0.07159755123619405
509.534355628995,4114.50436363313,1273970.0646894793,-0.1028522324842668
578.399595377537,4114.50436363313,1270606.9003289414,-0.12980427037474726
595.3495308353,4073.429457683371,1237712.302169109,-0.13695723105974136
632.576995392939,4073.429457683371,1232816.5133904307,-0.16651638800293944
659.9670753572731,4073.429457683371,1226087.1599020502,-0.1877047734733438
726.7703160327729,4073.429457683371,1224914.1171790415,-0.2199237491130095
751.195433502316,4073.429457683371,1199461.7990935785,-0.23858153396818066
756.202882617633,4073.429457683371,1175973.1948136794,-0.2605859767893978
759.7188187209371,4073.429457683371,1149024.6366870373,-0.27535931630570715
820.7020136457099,4073.429457683371,1136508.9295789844,-0.29681235339332646
862.1069116998809,4073.429457683371,1119850.321557709,-0.3259335135946458
893.116235634623,4073.429457683371,1092247.243704249,-0.3425191929274392
910.545821579145,4073.429457683371,1076094.3730835046,-0.369504113652132
937.42528895068,4073.429457683371,1044467.5816062752,-0.37533327432263075
962.548210831538,4073.429457683371,1018742.5208149198,-0.37967570341625556
983.579933750158,4073.429457683371,1017810.1684224741,-0.40965156344084647
1005.5717678404302,4073.429457683371,987687.1281163238,-0.4167392961036993
1005.5717678404302,4073.429457683371,966499.4285080286,-0.4320069888087502
1021.21560971024,4073.429457683371,941340.0914731039,-0.45084758880544296
1043.00214291543,4073.429457683371,923713.5566463622,-0.48017432918646713
1066.44683415891,4073.429457683371,913884.4698133556,-0.5109560053961227
1070.56000406191,4073.429457683371,904532.8171231092,-0.5446562509060126
1070.56000406191,4073.429457683371,876721.9792693671,-0.5577669630759471
1101.68527714872,3490.3472148106102,826651.6653996243,-0.5126035604765873
1101.68527714872,3490.3472148106102,821342.6664281774,-0.5378699362744483
1101.68527714872,3490.3472148106102,804754.5196013601,-0.5506336089010964
1101.68527714872,3490.3472148106102,786691.7106586841,-0.5738763853347881
1118.91059432116,3490.3472148106102,767186.5995496232,-0.5999342673204973
1118.91059432116,3490.3472148106102,749398.4633522613,-0.6222320664305634
1140.37917495386,3490.3472148106102,726631.021049428,-0.6442732791360513
1145.00369937666,3490.3472148106102,709819.4801341345,-0.6755731544507049
1145.00369937666,3490.3472148106102,684596.6777425188,-0.6860063030270809
1145.00369937666,3409.37547961402,649292.7683835768,-0.6577392389743417
1145.00369937666,3409.37547961402,637759.9125524389,-0.6745649531630015
1145.00369937666,3409.37547961402,629483.987615722,-0.7052899920777655
1145.00369937666,3409.37547961402,610148.7935065933,-0.6992803029839323
1145.00369937666,3409.37547961402,578990.0018370963,-0.6748139635520549
1145.00369937666,3409.37547961402,567264.6276552894,-0.6867089932467783
1145.00369937666,3409.37547961402,559953.0974683254,-0.6766815234655041
1145.00369937666,3409.37547961402,531721.8479903552,-0.6017466569797089
1145.00369937666,3409.37547961402,515595.04554308666,-0.6135042857835442
1145.00369937666,3409.37547961402,496694.764346356,-0.5921912348400106
1145.00369937666,3409.37547961402,479185.67339020234,-0.5898455379010508
1156.76102904139,3409.37547961402,454365.4319767672,-0.5642028232689227
1156.76102904139,3409.37547961402,450792.9576545923,-0.5846507088386804
1156.76102904139,3409.37547961402,436098.3310030074,-0.5755081763745794
1156.76102904139,3409.37547961402,411288.1520853059,-0.4929642117692219
1156.76102904139,3409.37547961402,405559.3006595355,-0.4842814234493876
1156.76102904139,3409.37547961402,396067.41760618764,-0.4934469909107296
1156.76102904139,3409.37547961402,380245.574310547,-0.4470017227908495
1156.76102904139,2567.1870872245454,355174.7936368702,-0.2179477553853386
1156.76102904139,2567.1870872245454,348086.2944227609,-0.18049984428995397
1156.76102904139,2846.7899197138613,363266.29351055203,-0.2731580121293967
1156.76102904139,2846.7899197138613,363034.2823255815,-0.2723120595086513
1156.76102904139,3162.007754411812,384607.752243648,-0.42246126297953057
1156.76102904139,3162.007754411812,382661.88317769003,-0.42486953161177554
1156.76102904139,3162.007754411812,381818.5684453591,-0.4207649852700509
1156.76102904139,3162.007754411812,392659.77828181244,-0.4349176892902855
1156.76102904139,3162.007754411812,398562.05963622604,-0.44746352753758545
1156.76102904139,3162.007754411812,403430.3317800405,-0.4454041309571791
1156.76102904139,3162.007754411812,409554.7362879103,-0.43848078429976484
1156.76102904139,3162.007754411812,414800.9614475908,-0.4400447368605364
1156.76102904139,3162.007754411812,424274.5626617007,-0.4712807701304751
1156.76102904139,3162.007754411812,449146.195909291,-0.5258667968621692
1156.76102904139,3162.007754411812,452571.8804662233,-0.5375137021774853
1156.76102904139,3162.007754411812,460611.42245595076,-0.5443597680580436
1156.76102904139,3162.007754411812,480030.78871406533,-0.5807458621637975
1156.76102904139,3162.007754411812,494013.01361815794,-0.5878570373224381
1156.76102904139,3162.007754411812,520862.33211678773,-0.6154198912013924
1156.76102904139,3162.007754411812,536581.6449181796,-0.6113453973387173
1156.76102904139,3162.007754411812,552182.3153591905,-0.5998697792855977
1156.76102904139,3162.007754411812,570140.017702071,-0.5983612602331939
1156.76102904139,3162.007754411812,588655.7031338708,-0.59752715722886
1156.76102904139,3162.007754411812,594738.7736245968,-0.5704805520693166
1145.00369937666,3162.007754411812,606692.2146268883,-0.5405393855204453
1145.00369937666,3162.007754411812,610024.2689412099,-0.5411183482672697
1140.37917495386,3274.197149176879,638808.1266503481,-0.552478268320344
1140.37917495386,3274.197149176879,657212.2212823483,-0.5340041355220231
1140.37917495386,3274.197149176879,668274.7145394994,-0.513611463140285
1115.91445732639,3274.197149176879,688045.1560487296,-0.49469320223567026
1115.91445732639,3812.7215808387,733595.0619701294,-0.5575580355743817
1115.91445732639,3812.7215808387,751566.1838348844,-0.5358825913387933
1070.56000406191,3812.7215808387,792222.8329145155,-0.5632411786731578
1066.44683415891,3812.7215808387,815262.4474947739,-0.5508241984770573
1041.43092037672,3812.7215808387,824501.2627807544,-0.5173081938478395
1032.36094196599,3812.7215808387,840264.0078763497,-0.49017786570454214
1032.36094196599,3812.7215808387,852911.3968888097,-0.46756620988744724
1021.21560971024,3812.7215808387,871207.6541906259,-0.4419810894052969
1021.21560971024,3812.7215808387,894195.8314046382,-0.4253089967753977
983.579933750158,3812.7215808387,924539.8326060557,-0.41712071730882777
973.427086017297,3812.7215808387,929910.6780160235,-0.38351667270272183
968.916231555361,3812.7215808387,950876.0783346765,-0.3622201807071871
948.767814080762,3812.7215808387,959426.2643737727,-0.36673129119145637
925.366830175504,3812.7215808387,969131.8787343961,-0.334105463229298
920.6793364468648,3812.7215808387,971233.1500200534,-0.30371789706307173
920.6793364468648,3812.7215808387,978550.7305422135,-0.28576010683123126
903.114829789774,3812.7215808387,996896.1048851061,-0.2694665053561399
870.3473891788631,3812.7215808387,1020858.9004028288,-0.25319964329147127
861.8667818793159,3812.7215808387,1034065.6448225067,-0.2340796330584543
787.661606383875,3812.7215808387,1049163.1643283642,-0.21193681044675197
708.7790589126711,3812.7215808387,1067601.8650197939,-0.18901458295380538
690.869594371475,3812.7215808387,1072787.2526808088,-0.17192856948893515
667.153903284639,3812.7215808387,1076585.475888151,-0.14048302292396894
642.714265747276,3812.7215808387,1096638.2026386394,-0.12124918688633728
577.15391859948,3812.7215808387,1114650.8582299713,-0.09846890140653443
565.3423744713231,3812.7215808387,1121513.159084064,-0.0674548277696785
564.395008318415,3812.7215808387,1113213.6578054046,-0.04070139012987866
538.3651204436151,3812.7215808387,1123454.6922499873,-0.022777000936021835
534.722053359066,3812.7215808387,1124831.921252068,-0.005667223072392534
431.465061101325,3812.7215808387,1127305.7740635648,0.025569821694621298
322.387819910215,3812.7215808387,1120081.7691971937,0.05510818994452639
190.788072833491,3812.7215808387,1122033.6264936228,0.08032432352464648
182.135970365261,3897.81561691193,1144772.6394556577,0.09128044111832356
171.17114268828502,3897.81561691193,1117125.752754376,0.1009438274087339
169.2428555926,3897.81561691193,1105939.1651669478,0.13004625322226004
144.771675640182,3897.81561691193,1102354.4338837436,0.14707274281654092
104.189503156591,3897.81561691193,1090262.519588546,0.1668270037413844
96.77020477549,3981.19140552135,1101138.3918037405,0.17551604010111382
-64.90494649397739,3981.19140552135,1093992.013547799,0.20702157028467888
-104.952316612829,3981.19140552135,1070553.0127775588,0.2257680909320515
-123.676102565214,3981.19140552135,1083721.3948492936,0.24143584508764804
-140.446088079368,3854.42310916699,1058653.4100726475,0.23513546837746382
-142.799591563819,3854.42310916699,1055825.9062148486,0.26330502723116556
-147.397536747605,3795.6064045454405,1031126.7822839592,0.26334715766420247
-162.349484437461,3583.3348255024403,1017834.3388068896,0.24812575832644787
-212.101705806134,3583.3348255024403,1001058.0960144192,0.2741139177354019
-245.257575893266,3583.3348255024403,991072.772984564,0.2852706435522564
-270.239862089102,3583.3348255024403,984305.6129521885,0.3181602551345536
-292.744082060808,3583.3348255024403,962838.7113985013,0.34009740317876125
-308.984504387939,3553.71564731044,936083.1433244818,0.3497623810327235
-333.068379375462,3553.71564731044,914957.4413118919,0.37105293149346924
-349.190074889345,3553.71564731044,901299.2860142639,0.40153072135669554
-350.288397309667,3553.71564731044,891540.198212171,0.43368618785015145
-355.875029347947,3553.71564731044,871345.4871215922,0.45759581909555325
-374.491761819731,3553.71564731044,842369.9165198448,0.4639859883547501
-374.491761819731,3553.71564731044,825267.4169101166,0.48043312808993766
-378.13601517795,3553.71564731044,806749.9101462866,0.5071039603405098
-378.13601517795,3553.71564731044,796015.2284620759,0.5344216749788341
-394.58073111402297,3553.71564731044,770777.5259807877,0.5499958220906793
-417.708902391008,3570.57956426741,751764.7528053389,0.5207412582217342
-457.131667229126,3301.74159061473,718876.1943931911,0.5016854590409777
-478.396012509016,3206.50784195568,690468.7520666998,0.5010028308939802
-478.396012509016,3206.50784195568,683415.4105511694,0.5274822197363822
-481.939209947931,3206.50784195568,665785.0902284646,0.5331893475168396
-481.939209947931,3206.50784195568,641266.2948687742,0.5245525136159841
-485.430500989182,3206.50784195568,624717.6435777759,0.5477941547555747
-487.370864711776,3206.50784195568,603787.778248837,0.561090556663774
-493.737665466646,3206.50784195568,593342.9827361758,0.5946793083376858
-509.941543733945,3206.50784195568,568893.8764695068,0.595580400528469
-509.941543733945,3206.50784195568,552865.6046565268,0.6070050201875201
-509.941543733945,3206.50784195568,546626.552489923,0.6204816606301128
-521.774730124419,3206.50784195568,533915.4195557968,0.6502843491316713
-521.774730124419,2962.98779401555,502603.7269302422,0.6098320694911725
-521.774730124419,2962.98779401555,490171.98026549816,0.6081627622178488
-521.774730124419,2962.98779401555,467049.3981037125,0.582658309039908
-521.774730124419,2859.75657846013,453450.73366991675,0.5298229325054088
-521.774730124419,2859.75657846013,444285.15103024757,0.5102448221839767
-521.774730124419,2859.75657846013,435941.4520491283,0.501210431064446
-521.774730124419,2859.75657846013,427656.60021148965,0.4995732601038822
-521.774730124419,2859.75657846013,411334.09293153713,0.4537794233684879
-521.774730124419,2859.75657846013,405887.0902431592,0.4621528721851067
-521.774730124419,2859.75657846013,397712.8290784479,0.43877465508051555
-521.774730124419,2859.75657846013,399875.7043152652,0.4459663919388865
-521.774730124419,2859.75657846013,408910.34127183195,0.4451365279578824
-521.774730124419,2859.75657846013,407449.69316161226,0.4489778942885985
-521.774730124419,2859.75657846013,391073.9838396721,0.4262303876440539
-521.774730124419,2859.75657846013,388092.4722949024,0.4219549227335775
-521.774730124419,2859.75657846013,382529.92186319525,0.39999050140832004
-521.774730124419,2674.5752956224896,375556.3242228788,0.35095669167686777
-521.774730124419,2580.975172197684,359033.0191332149,0.29065544858207815
-521.774730124419,2580.975172197684,358087.72862174833,0.2860213923655045
-521.774730124419,2580.975172197684,359568.47252992925,0.2922588537629948
-521.774730124419,2676.10432607732,372882.677887054,0.3550259893605918
-521.774730124419,2676.10432607732,366902.15071661025,0.32411881957884264
-521.774730124419,2676.10432607732,367140.9044738879,0.3248933468270449
-521.774730124419,2676.10432607732,371169.0156898132,0.3182847040621193
-521.774730124419,2676.10432607732,376356.1744222598,0.3267299622906599
-521.774730124419,2676.10432607732,386729.1207167204,0.31934458802915416
-521.774730124419,3317.1955747144098,420870.506153421,0.5087155275502729
-509.941543733945,3388.28640365976,458586.0893442402,0.6356195927437724
-509.941543733945,3388.28640365976,463397.62244261574,0.6429738383165183
-509.941543733945,3388.28640365976,470718.42708627443,0.6269384929574553
-509.941543733945,3388.28640365976,473772.6772350469,0.6149842170766724
-509.941543733945,3388.28640365976,493657.9152575199,0.6326758690554916
-509.941543733945,3388.28640365976,499850.5025312236,0.6277723877045425
-509.941543733945,3541.3324295819602,539822.517252357,0.7495763675934851
-509.941543733945,3541.3324295819602,549158.7315002994,0.7389875912355919
-509.941543733945,3541.3324295819602,568956.874583127,0.7255434360111576
-504.959864906292,4192.12424605368,636609.4200585041,0.9150837184950003
-504.959864906292,4192.12424605368,647411.380839133,0.8821588779963709
-504.959864906292,4192.12424605368,670057.0625877283,0.8656549200375256
-493.737665466646,4192.12424605368,681183.7725079156,0.8279045586371125
-493.737665466646,4192.12424605368,705582.4407126574,0.8078415384099913
-487.370864711776,4192.12424605368,717896.8450379705,0.7688440414443899
-487.370864711776,4192.12424605368,740423.0895435915,0.7451670759259257
-487.370864711776,4192.12424605368,759848.5872480628,0.7181405367426198
-487.370864711776,4192.12424605368,772081.9198218138,0.6846482294935355
-478.396012509016,4192.12424605368,794643.0454540338,0.6591900847458565
-478.396012509016,4192.12424605368,827647.9183252575,0.6698202080409821
-478.396012509016,4192.12424605368,869755.7241345141,0.6826794917231017
-478.396012509016,4192.12424605368,881922.9615546372,0.656974127742346
-457.131667229126,4192.12424605368,899618.7437419228,0.6239931268921194
-417.708902391008,4192.12424605368,935969.0344667233,0.6162820730725356
-417.708902391008,4192.12424605368,950523.5340524443,0.58912474809478
-394.58073111402297,4192.12424605368,954080.890146754,0.5585741222779091
-383.7659343477189,4192.12424605368,956563.107341501,0.5336289760047251
-378.13601517795,4192.12424605368,970973.5517069271,0.5009976101008596
-308.984504387939,4192.12424605368,982536.5188000505,0.4831977644729831
-303.14262061002,4192.12424605368,995968.5094592187,0.45315600563117064
-303.14262061002,4192.12424605368,1022841.4439383354,0.4354208630344394
-270.239862089102,4192.12424605368,1041353.9389511292,0.4065168975230114
-247.502476085583,4192.12424605368,1068904.2876282702,0.3882076331662603
-235.126023079245,4192.12424605368,1085929.682598105,0.3585729725717613
-225.26865294121492,4192.12424605368,1117357.745904757,0.3498299711292733
-106.584648306342,4192.12424605368,1122333.112843846,0.3206744303714358
-60.9351133043816,4192.12424605368,1148309.278801141,0.3016560304284526
-27.7460003595488,4192.12424605368,1156684.410558703,0.2693592091498078
-22.950880134208003,4192.12424605368,1169277.7683289656,0.24693335060281504
5.37152322987669,4192.12424605368,1187624.143017778,0.22034436948647543
13.080608100232,4192.12424605368,1193183.9996102098,0.1896061431150296
75.6999992674853,4192.12424605368,1213145.1921412554,0.1669895365290605
86.247940724777,4192.12424605368,1233469.154454404,0.1576136746598162
211.833069546372,4192.12424605368,1248208.9431853206,0.1386622553619618
252.106388454665,4192.12424605368,1255849.5350732321,0.11400415060458373
258.070398879498,4192.12424605368,1251633.0355252568,0.08408190190183246
301.54881760688704,4192.12424605368,1268060.1809253634,0.07157879094639034
335.346809900681,4192.12424605368,1272265.1373673487,0.045874755794990306
412.416181711108,4192.12424605368,1282215.6176859848,0.0164437760524877
450.308339002571,4192.12424605368,1297007.4315772532,0.012425276482181358
549.170081469158,4192.12424605368,1289897.4808450842,-0.01605556395257215
558.0694037513659,4192.12424605368,1298606.4198343048,-0.043530380992058214
565.954228717447,4192.12424605368,1319073.258267566,-0.06094053271403294
572.148951622661,4192.12424605368,1315807.4344466033,-0.08030053146233472
630.511987223201,4192.12424605368,1306112.6860287602,-0.10679336229711107
646.388160947952,4192.12424605368,1303559.7085569212,-0.1383505615587585
649.328265182197,4192.12424605368,1309591.1994579113,-0.1672471924815198
652.19873606818,4192.12424605368,1305426.6338889084,-0.19225350701497504
658.6444647952941,4192.12424605368,1283111.336756482,-0.2070330875076974
658.985611993956,4192.12424605368,1298687.7194996346,-0.2275841179131574
703.35739731278,4192.12424605368,1300135.290860912,-0.25912018126896247
746.046437101877,4192.12424605368,1278393.0185672163,-0.28434742135369023
757.678881448884,4192.12424605368,1270229.6606721077,-0.3120571882637896
788.472941079462,4192.12424605368,1228876.506514344,-0.3140851410204631
806.4323962253341,4192.12424605368,1223336.0779883817,-0.3453743763471913
838.83669951623,4192.12424605368,1225374.761486726,-0.3762679024666815
870.2256365669721,4192.12424605368,1190400.9041638463,-0.3865419260224579
938.760818541184,4192.12424605368,1161424.3949029262,-0.40740437964216425
980.968362288664,4192.12424605368,1136122.5509099266,-0.43166342677284925
989.818885209829,4192.12424605368,1121641.799476691,-0.4469505205364971
1015.31220162123,4192.12424605368,1075706.3658103142,-0.4392128060667355
1015.31220162123,4192.12424605368,1056610.2380417034,-0.4590178863521142
1027.02303066164,4192.12424605368,1023559.5614823293,-0.4610448856412628
1033.88997242082,4192.12424605368,1001437.4728173382,-0.48791346881343556
1181.64591510716,4192.12424605368,984842.9648710842,-0.5194404633605764
1181.64591510716,4192.12424605368,959241.540019838,-0.5399742896877003
1191.1883615625,4192.12424605368,946189.7430663209,-0.5747113655505777
1191.70380083263,4192.12424605368,927323.7544000119,-0.6051469406484654
1236.26981148607,4192.12424605368,897592.2444948514,-0.623092266224659
1236.26981148607,4192.12424605368,880652.9487089528,-0.6540906491865884
1259.6309461771,4192.12424605368,858215.3172180882,-0.6800890121678203
1281.65163484843,4192.12424605368,849968.7133068612,-0.7125809353513232
1299.67755949026,4192.12424605368,827798.9462292844,-0.7424437716081275
1299.67755949026,4192.12424605368,813066.4557688159,-0.7732713008264068
1301.33684909695,4192.12424605368,795627.8190426577,-0.8106569321185927
1301.33684909695,3834.6097706075698,736238.0776580087,-0.727486966534628
1304.68556404743,3834.6097706075698,701519.5488087218,-0.7249990410815397
1308.92689091449,3834.6097706075698,677321.9185312877,-0.7465612128374453
1308.92689091449,3834.6097706075698,658843.7440521416,-0.7669856070603784
1309.52884245414,3484.459704446454,611812.4779137024,-0.7002931575233852
1349.59256315122,3484.459704446454,600296.5577006097,-0.7355610691022351
1349.59256315122,3484.459704446454,574927.5223544519,-0.7416335430309364
1385.70501212018,3484.459704446454,551003.6130604431,-0.7475493079314138
1385.70501212018,3484.459704446454,522581.14431737777,-0.6712883208411666
1385.70501212018,3484.459704446454,493044.44935313537,-0.5929100644304509
1385.70501212018,3484.459704446454,480860.4345266004,-0.575741495323214
1385.70501212018,3484.459704446454,468482.8796948816,-0.5833154647534294
1387.91820619139,3054.869757303472,430286.3595082743,-0.4545105038960856
1388.12132129528,2797.412368482763,405142.87202894647,-0.397955876976075
1388.12132129528,2797.412368482763,394331.8064020593,-0.3941002931017347
1388.12132129528,2797.412368482763,375905.68094735325,-0.35212809714886717
1388.12132129528,2797.412368482763,376484.9500676215,-0.35111076170596817
1388.12132129528,2797.412368482763,372167.8684150441,-0.35485606846248513
1388.12132129528,2797.412368482763,365318.6480492719,-0.3490445415104375
1388.12132129528,2797.412368482763,360444.5560348782,-0.33012912901924213
1388.12132129528,2797.412368482763,356212.27476965275,-0.3181772094025155
1388.12132129528,2797.412368482763,345253.30283329595,-0.2662404001005454
1388.12132129528,2797.412368482763,339360.70589758933,-0.26930463764675644
1388.12132129528,2797.412368482763,348567.7565060546,-0.29488908468561886
1388.12132129528,2865.890147396296,366322.958927994,-0.38211654372618714
1388.12132129528,2865.890147396296,355762.49022800074,-0.3520178408157628
1388.12132129528,2865.890147396296,348413.23503816786,-0.3012614026054316
1388.12132129528,2865.890147396296,351018.341434328,-0.31165160946247406
1388.12132129528,2865.890147396296,350356.7195467847,-0.3114464345251415
1388.12132129528,2865.890147396296,363208.1377719211,-0.34050698343070246
1388.12132129528,2865.890147396296,361290.31851150346,-0.3305022528009094
1388.12132129528,2865.890147396296,360500.5654724164,-0.33145883686387123
1388.12132129528,2865.890147396296,364343.5205918677,-0.335945941129344
1388.12132129528,2865.890147396296,371487.65662953537,-0.3314692686838882
1388.12132129528,2865.890147396296,380546.3684644114,-0.3546687911265368
1388.12132129528,2901.724540856751,397795.21792945324,-0.4275324813906007
1388.12132129528,3065.4371979129182,416036.570646401,-0.5163282950908108
1388.12132129528,3065.4371979129182,426983.41897340096,-0.5363071368142242
1388.12132129528,3065.4371979129182,426769.3829359691,-0.5368140786003178
1387.91820619139,3065.4371979129182,438333.39652605494,-0.5139315916567113
1385.70501212018,3065.4371979129182,450097.5474027871,-0.4927544084749385
1385.70501212018,3065.4371979129182,461595.18580573495,-0.4946896925000742
1385.70501212018,3065.4371979129182,477085.64478190243,-0.5238962793522953
1385.70501212018,3255.047470670929,499558.29183326435,-0.6012492314664469
1385.70501212018,3255.047470670929,501494.61000434693,-0.5850634971269005
1385.70501212018,3255.047470670929,520244.9736803591,-0.6083567129145657
1349.59256315122,3255.047470670929,537084.6172180899,-0.5968740872980964
1349.59256315122,3514.533323306384,573026.6957001976,-0.6718703891371326
1349.59256315122,3514.533323306384,593887.5340398477,-0.6609227686438266
1309.52884245414,3436.405382093624,599541.9440866057,-0.6785253318462742
1309.52884245414,3436.405382093624,620030.6751209511,-0.6773277663926395
1308.92689091449,3542.02860723121,658342.6164255926,-0.7090843237325659
1308.92689091449,3542.02860723121,664670.4547318303,-0.6905517497420051
1304.68556404743,3542.02860723121,671045.3652287662,-0.6567054337821652
1304.68556404743,3542.02860723121,685539.7643288686,-0.6342711198492518
1301.33684909695,3542.02860723121,716921.6171715062,-0.6355042035850087
1301.33684909695,3542.02860723121,731251.3073575047,-0.6053089843104323
1301.33684909695,3542.02860723121,754627.0965999673,-0.5937691546104398
1299.67755949026,3542.02860723121,777593.8061601628,-0.5725355799667644
1291.26637090887,3542.02860723121,782791.6916008792,-0.5373757864350659
1259.6309461771,3542.02860723121,808029.991748522,-0.5413385655405765
1259.6309461771,3542.02860723121,834287.4493377912,-0.5304928942672748
1236.26981148607,3542.02860723121,861007.5526444671,-0.5143390424698003
1226.32989133555,3542.02860723121,873242.2963193438,-0.48830598237118655
1226.32989133555,3732.23013894573,910956.4323758422,-0.4943728116395584
1226.32989133555,3732.23013894573,938638.8954019615,-0.4896392734026119
1107.8678285606,3732.23013894573,952124.2644174243,-0.45842858940445547
1107.62541649274,3732.23013894573,967447.7481978434,-0.42838273197108034
1089.58512159741,3732.23013894573,992685.3261256856,-0.41139251928770676
1022.95921501042,3732.23013894573,1004346.8112592698,-0.3786799014984188
1012.06797144285,4117.21279658936,1045411.0162283689,-0.3966987014788341
984.258094622366,4117.21279658936,1063575.0861716259,-0.36853192201404467
980.968362288664,4117.21279658936,1067452.1837771924,-0.33655965653671016
974.013311212481,4117.21279658936,1086929.535498437,-0.31189341727919645
915.151509509122,4117.21279658936,1088737.960185307,-0.29025483341530955
869.989714584576,4117.21279658936,1118406.4904458527,-0.27918301838371745
800.469458162236,4117.21279658936,1117908.0947310599,-0.24834737236839544
794.368736530394,4117.21279658936,1149354.7496722287,-0.24056289250273039
739.2585174991459,4117.21279658936,1156622.823184904,-0.21321353484324423
735.5564170203661,4117.21279658936,1163943.4903280695,-0.1844779209971488
688.478643643043,4117.21279658936,1176383.6304868055,-0.15559259841372203
684.311603616901,4117.21279658936,1187601.173326792,-0.13085590003595907
680.917006097519,4117.21279658936,1167989.7457210822,-0.11424484215546636
629.862533107585,4117.21279658936,1176125.913633567,-0.10236146058937617
561.9401926472,4117.21279658936,1172438.8642270751,-0.07356923017921714
507.372441917728,4335.7757641814405,1209594.8467717352,-0.08293707644282346
486.422467359577,4335.7757641814405,1195487.9658950495,-0.0660391679312499
451.205692527826,4335.7757641814405,1187190.7113377233,-0.03771090440138007
353.774553883637,4335.7757641814405,1194199.6937420766,-0.012321086509190888
352.592070069793,4199.5338976661005,1166569.894667075,-0.006991055610644657
322.861097342919,4199.5338976661005,1162996.3560578101,0.02454620220551145
308.089072306014,4199.5338976661005,1146479.4629024353,0.048080180792655566
193.89263328856492,4164.30328726575,1129824.255100824,0.05518898825184111
181.654229806161,4164.30328726575,1120075.5943799745,0.07204422130569614
161.786847024969,4164.30328726575,1124415.2766789033,0.09092414245077458
109.167427196954,4164.30328726575,1117100.0053601204,0.12036790216807991
109.010355119667,4164.30328726575,1108838.993892116,0.13845158613812789
80.41890153351841,4164.30328726575,1085886.5875107285,0.1560768178744624
43.34039452326329,4164.30328726575,1069762.2242484444,0.18119787603604948
43.34039452326329,4099.61001206095,1033760.296714309,0.1696716814670045
5.7119900347144,4099.61001206095,1023946.3025530599,0.19277139330806517
-7.86981115395088,4099.61001206095,1008869.9664817249,0.2162939854402812
-18.1469472304768,4099.61001206095,987567.9091539856,0.23224705530279752
-47.1657168567177,4099.61001206095,992715.6986465811,0.2610329582765366
-89.31181932213259,4099.61001206095,967705.715916685,0.27542696445991743
-114.030036369594,4099.61001206095,949671.4407266413,0.28978665287445754
-152.780504000274,4099.61001206095,935770.5628265706,0.3159424452520139
-174.43610161356995,4099.61001206095,927162.1314296318,0.3486018445798705
-249.68996756626,4099.61001206095,909246.8906207652,0.3733378663257631
-285.976333045892,3772.11717028459,873596.990241462,0.3599566768743885
-285.976333045892,3772.11717028459,857563.1068369172,0.3778274475556414
-308.519385822926,3772.11717028459,856563.4187318308,0.4095275326997469
-308.519385822926,3678.22501312802,826064.4398670145,0.4099528089191419
-308.519385822926,3678.22501312802,808764.4343492053,0.4322467986515297
-315.980254999116,3678.22501312802,794120.3233899634,0.4617775713599358
-330.847367465361,3678.22501312802,783196.0407471716,0.49207601302354703
-351.814648459571,3678.22501312802,762936.6723771613,0.5143794188075808
-351.814648459571,3678.22501312802,735391.2839871736,0.50516842472388
-351.814648459571,3678.22501312802,722162.2755283214,0.509976008093929
-365.89781810028296,3678.22501312802,708044.6805264924,0.5395712405268724
-365.89781810028296,3645.13208644721,678176.3173923009,0.5129404581588212
-365.89781810028296,3645.13208644721,660866.3445655289,0.5269779995538006
-396.90282823582703,3645.13208644721,645473.818618811,0.5538948807017784
-396.90282823582703,3645.13208644721,631831.7502601073,0.5781002193561784
-396.90282823582703,3645.13208644721,606187.4945485243,0.5554525679476112
-396.90282823582703,3645.13208644721,596887.1934296151,0.5683577909055539
-401.571241094658,3645.13208644721,573751.5787911161,0.5709461821779951
-401.571241094658,3645.13208644721,552234.9980733604,0.5422779483793528
-401.571241094658,3645.13208644721,543114.9406819341,0.5410554645375357
-401.571241094658,3645.13208644721,520699.3361011306,0.515521841311935
-401.571241094658,3645.13208644721,496979.0029168988,0.48329958814443036
-401.571241094658,3645.13208644721,490554.97679948795,0.46229299887139597
-401.571241094658,3314.60179000102,459156.7134520664,0.3428938857397567
-401.571241094658,3314.60179000102,459760.4496558041,0.3419277970852836
-401.571241094658,3314.60179000102,454620.9329322928,0.3520434830336246
-401.571241094658,3314.60179000102,450679.6052497802,0.36357011981225235
-401.571241094658,3314.60179000102,438081.41462571267,0.36038064910458695
-401.571241094658,3313.09417396059,416965.10642560903,0.27598981295356995
-401.571241094658,2953.5789345944304,407027.0938784086,0.21067600130851874
-401.571241094658,3097.1182194655503,412710.1733311748,0.24311108001734483
-401.571241094658,3097.1182194655503,415395.99589612026,0.2585427469427063
-401.571241094658,3097.1182194655503,424440.9375143948,0.29456789724540927
-401.571241094658,3097.1182194655503,420331.35999591055,0.283734151067312
-401.571241094658,3097.1182194655503,413489.9173095897,0.274704245991921
-401.571241094658,3097.1182194655503,417713.5157518969,0.27852417592644574
-401.571241094658,3097.1182194655503,413138.2635640709,0.28796736556418157
-401.571241094658,3097.1182194655503,416857.59802937735,0.2948480355886496
-401.571241094658,3366.2395668507997,428968.07184257987,0.36802757497284416
-401.571241094658,3366.2395668507997,441050.1323650731,0.3795120859661315
-401.571241094658,3366.2395668507997,463467.2209612982,0.41315111848571684
-401.571241094658,3366.2395668507997,473372.66020353866,0.4398844148315554
-401.571241094658,3366.2395668507997,481231.8712610879,0.43262052451800703
-401.571241094658,3580.76447766197,511386.6776194434,0.5165586040542105
-401.571241094658,3580.76447766197,519819.9845010994,0.5274566722347399
-401.571241094658,3580.76447766197,528487.871816108,0.5131720394797891
-401.571241094658,3580.76447766197,544878.8632156898,0.5178016309721063
-401.571241094658,3580.76447766197,543983.3100456944,0.5177448608784466
-401.571241094658,3580.76447766197,567722.3939726164,0.5569950527433611
-401.571241094658,3580.76447766197,588818.07838033,0.5785165572581031
-401.571241094658,3580.76447766197,604663.838640233,0.5703733982519332
-401.571241094658,3580.76447766197,620378.9687834659,0.5482150524771076
-396.90282823582703,3599.62659927089,649701.6499780121,0.5579493182331409
-396.90282823582703,3599.62659927089,661856.6002176873,0.5375485776201181
-396.90282823582703,3599.62659927089,669192.1049049959,0.5382692098771636
-396.90282823582703,3599.62659927089,695475.0026264255,0.5450384389206105
-396.90282823582703,3599.62659927089,713943.1450103539,0.5314792466150664
-396.90282823582703,3750.7866240411604,747009.2499985413,0.5496125927376543
-396.90282823582703,3750.7866240411604,768445.7019999247,0.5306975757297212
-365.89781810028296,3906.00280221032,802986.5009647642,0.5390375864101322
-365.89781810028296,3906.00280221032,826851.2204190633,0.5567314331822768
-330.847367465361,3906.00280221032,833220.2236033627,0.526447632646544
-285.976333045892,3906.00280221032,845765.8950789243,0.49562390850370847
-260.696255952955,4045.24232239082,879513.7453306419,0.5050450358912961
-256.330482941928,4045.24232239082,911312.73847616,0.49665048592307826
-254.290874864154,4045.24232239082,926382.2477867971,0.4656853057750835
-249.68996756626,4045.24232239082,938307.0105652502,0.4335281347786734
-174.43610161356995,4050.96692622204,966766.2162096894,0.43341964267812877
-174.43610161356995,4050.96692622204,984842.2942075696,0.41747964350824357
-174.43610161356995,4371.2914415963005,1033218.2437646337,0.44805779074131596
-152.780504000274,4380.67727291354,1080470.7288029727,0.4615843452537398
-114.030036369594,4380.67727291354,1085603.2535405084,0.4278789177211864
-82.8467678372633,4380.67727291354,1102561.2154628343,0.39910020855931716
-63.77652735874639,4380.67727291354,1112625.2004202579,0.36571181042968853
-43.0463937506214,4380.67727291354,1140638.0657466042,0.34872267997839385
-36.9478110538275,4380.67727291354,1154467.0844436956,0.32237918841232394
-0.5924456148264879,4380.67727291354,1151355.7487883528,0.2922355575908801
5.04626111281289,4588.38115835447,1194093.7206927626,0.30570587468282195
6.32879630185698,4588.38115835447,1220431.9898072237,0.2927671411164248
115.203527069982,4588.38115835447,1247832.3022159855,0.274824049033186
134.085344867263,4588.38115835447,1247470.8199260936,0.2501620695532368
151.469907475854,4588.38115835447,1259032.7608891951,0.22401224117501728
161.041274521404,4588.38115835447,1284693.4158060283,0.20360967181428186
213.214931615374,4588.38115835447,1290772.2529709334,0.17148084849155842
247.131749398949,4588.38115835447,1295829.249648163,0.1465181538471678
303.282133434605,4588.38115835447,1313344.9102392802,0.12061701476571662
310.226285814524,4588.38115835447,1320976.5655316669,0.13747006663053563
362.244048962206,4588.38115835447,1334630.9502799227,0.11553728640372715
368.041550044539,4588.38115835447,1361397.0336629571,0.09989726637869227
371.656310725421,4588.38115835447,1364571.5385876538,0.07464826647892281
408.063239898418,4588.38115835447,1361520.5598996014,0.04331185699770095
425.259352664906,4588.38115835447,1348475.747739335,0.025375756423025905
628.3896051529271,4588.38115835447,1346376.9945080485,-0.005547477347046775
671.7082359434111,4588.38115835447,1339462.011728398,-0.009245163397879407
681.1768048910379,4588.38115835447,1351932.4540391585,-0.023073954453849004
752.237876746002,4588.38115835447,1348975.788088475,-0.050991774680154256
769.813485491048,4588.38115835447,1341106.6291614338,-0.08173283325576147
806.910150393981,4588.38115835447,1340627.440652266,-0.09690920958952476
855.327652513145,4588.38115835447,1350572.5990563864,-0.1250428679740297
987.6337316395152,4588.38115835447,1328017.1715315192,-0.14208359193390033
1010.38702752695,4588.38115835447,1333830.389136805,-0.16481636057504573
1046.27365370473,4082.45992309455,1285493.920014492,-0.14538452709190094
1053.26319907781,4082.45992309455,1286233.3567794613,-0.16706617411894165
1095.08450594994,4082.45992309455,1275884.1152386896,-0.19826648318175596
1106.27206225755,4082.45992309455,1256289.030503339,-0.21474430003886327
1144.25561291714,4082.45992309455,1257114.831863887,-0.24279275456890723
1188.6133811323,4082.45992309455,1240849.1112965932,-0.2714688599079494
1191.0224766487,4082.45992309455,1238238.5930209947,-0.3033532375109731
1203.66604620794,4082.45992309455,1214103.6087383963,-0.32498024709015544
1204.24532883568,4082.45992309455,1192320.7489742313,-0.3424699741151225
1210.2898590433902,3897.1487081749,1151463.1672388925,-0.3432745428610083
1219.9376651402902,3897.1487081749,1130374.6646654261,-0.3689220203878634
1233.1244064685302,3809.85641707619,1105633.7736869054,-0.3722966136930082
1245.9559388179302,3809.85641707619,1093839.7519258005,-0.4050208512546687
1305.24472529909,3809.85641707619,1079238.0510509491,-0.4333518087077868
1360.0453428204598,3809.85641707619,1075300.4180547306,-0.4645602492253329
1371.44667668472,3809.85641707619,1038899.6558598548,-0.47236624178771075
1373.09760361927,3809.85641707619,1028428.2274102821,-0.5066881219682128
1373.09760361927,3809.85641707619,999079.7393605772,-0.5229551448192155
1373.09760361927,3756.7816228668203,959645.4241582021,-0.5056562617435071
1418.4324667590602,3756.7816228668203,948351.4331660335,-0.5382742136152127
1418.4324667590602,3596.719907432779,908428.692856924,-0.5305248138310709
1418.4324667590602,3519.6769391931603,873840.7388133111,-0.5215382826364796
1426.1776611035,3519.6769391931603,847218.1710421594,-0.535553548101141
1479.13731078656,3519.6769391931603,827043.5708579568,-0.5616764637281849
1479.13731078656,3519.6769391931603,793476.4831326066,-0.5586904802761256
1479.13731078656,3519.6769391931603,780478.814044749,-0.5881808051320075
1479.13731078656,3489.0154822938202,745316.4095078423,-0.5767461745985566
1481.4364560295498,3489.0154822938202,727609.4341817391,-0.6053626117357339
1490.17026290441,3489.0154822938202,708517.110929726,-0.6321619842854468
1490.17026290441,3489.0154822938202,678680.3640528534,-0.6038186511093194
1499.61775705894,3489.0154822938202,653970.8106013977,-0.613134235609672
1501.46614946154,3489.0154822938202,627583.165290529,-0.6170899360121749
1502.24575385378,3489.0154822938202,615686.8061265808,-0.6472796119354266
1502.24575385378,3489.0154822938202,615662.1431787481,-0.6472904851361135
1502.24575385378,3489.0154822938202,587192.3726553972,-0.6263251803100591
1510.2125134899802,3489.0154822938202,578352.6100634566,-0.6626841818625502
1510.2125134899802,3489.0154822938202,560043.9685641848,-0.6799371322281696
1510.2125134899802,3489.0154822938202,528860.414278211,-0.5858766866725951
1510.2125134899802,3489.0154822938202,512463.0956044738,-0.5493345479284137
1510.2125134899802,3489.0154822938202,500405.23253004,-0.5618093991638734
1510.2125134899802,3489.0154822938202,488110.5949530164,-0.5600125695624983
1510.2125134899802,2788.1638727161967,448041.9624291726,-0.41593900043132037
1510.2125134899802,2788.1638727161967,439242.2558279435,-0.41738995750931823
1510.2125134899802,2788.1638727161967,432341.06535696535,-0.41718360840040947
1510.2125134899802,2788.1638727161967,419288.58776506793,-0.39530006412148305
1510.2125134899802,2788.1638727161967,404001.7146363799,-0.3543861920919237
1510.2125134899802,2788.1638727161967,412359.3195570467,-0.36062102353004416
1510.37449974436,2788.1638727161967,400855.988833899,-0.3722825585757713
1510.37449974436,2788.1638727161967,403201.15513303905,-0.3810626523961538
1510.37449974436,2788.1638727161967,390074.5739497826,-0.3317016481860573
1510.37449974436,2788.1638727161967,379198.7316115798,-0.2749854046678721
1510.37449974436,2767.4337391080717,359326.4604666548,-0.20442873261713596
1510.37449974436,2767.4337391080717,350973.3199407021,-0.18243587836986663
1510.37449974436,2767.4337391080717,359958.2775874584,-0.20309881342184352
1510.37449974436,2767.4337391080717,365986.39710789325,-0.20071553293767572
1510.37449974436,2767.4337391080717,368061.84601350053,-0.19464437770587203
1510.37449974436,2767.4337391080717,367395.1837048861,-0.19892792206865897
1510.37449974436,2767.4337391080717,368699.91708447726,-0.20270389741690614
1510.37449974436,2767.4337391080717,374990.2127465585,-0.24250095699446866
1510.37449974436,2767.4337391080717,387556.7743786347,-0.300439384448465
1510.37449974436,2716.795655929685,369693.24207954545,-0.23353189913578865
1510.37449974436,3178.208980168722,396214.2206121419,-0.39932598668193886
1510.37449974436,3178.208980168722,396405.4584688675,-0.39384134726876563
1510.37449974436,3178.208980168722,409479.7133984605,-0.41976996855737914
1510.37449974436,3178.208980168722,426786.5914302755,-0.43844850100113425
1510.37449974436,3178.208980168722,439138.48820307414,-0.4420892566235887
1510.37449974436,3178.208980168722,443411.4901289924,-0.4439193461689095
1510.2125134899802,3178.208980168722,456066.977753676,-0.4272675296448011
1510.2125134899802,3366.85893458525,490663.28346626123,-0.5438696936795407
1510.2125134899802,3366.85893458525,500778.15824559267,-0.5491471954155257
1510.2125134899802,3366.85893458525,513645.30193248356,-0.5400869799211989
1510.2125134899802,3366.85893458525,521201.38280463713,-0.5435959927482783
1501.46614946154,3366.85893458525,548969.5029513801,-0.567835248193889
1501.46614946154,3666.605368617418,593608.2483089273,-0.6631797708821783
1501.46614946154,3666.605368617418,614720.6928570726,-0.6588006587770827
1501.46614946154,3666.605368617418,642539.8098619281,-0.6699183505567079
1499.61775705894,3666.605368617418,668103.3480272657,-0.6584570470364032
1499.61775705894,3666.605368617418,696252.0641087586,-0.6685796113879697
1499.61775705894,3666.605368617418,719307.3234884164,-0.661690725943612
1490.17026290441,3666.605368617418,741519.571398431,-0.6385183393008699
1490.17026290441,3666.605368617418,755151.6808368643,-0.6116971806651601
1481.4364560295498,3666.605368617418,764952.4841199123,-0.5757657981656922
1471.92538503906,3666.605368617418,793398.161294877,-0.566653435167365
1471.0946719801002,3666.605368617418,812542.2548436496,-0.5422619635265088
1426.1776611035,3666.605368617418,827733.1456690964,-0.5107120104856164
1426.1776611035,3666.605368617418,836581.2315805982,-0.49770354244447856
1426.1776611035,3666.605368617418,858553.5874770341,-0.48281858778026626
1418.4324667590602,3756.44391386035,891626.4992334436,-0.49276345049503495
1371.44667668472,3756.44391386035,905731.2140390674,-0.46177245721063775
1362.7557402967402,3756.44391386035,927725.1998399443,-0.4405150229783136
1362.7557402967402,3756.44391386035,935514.6394980998,-0.41574226420180677
1355.5528826804302,3756.44391386035,945251.7448270578,-0.38655905089966386
1352.73806536016,3756.44391386035,971492.5446662743,-0.3706181749475407
1348.77315139131,3756.44391386035,981304.5243312045,-0.3574607737416862
1308.77733686582,3756.44391386035,990631.4329080894,-0.3456195241374478
1297.46177863092,3756.44391386035,1008729.7622008309,-0.3215333422723008
1283.0175362061,3756.44391386035,1025026.3372480115,-0.29380187508128597
1275.46087802885,3756.44391386035,1036147.5720340123,-0.2649055015758359
1256.5386072141,3756.44391386035,1042350.0088745798,-0.23655946429423205
1245.9559388179302,3756.44391386035,1063561.1336335267,-0.215695045281816
1166.4121918314302,3756.44391386035,1091895.9265370336,-0.20650438563944032
1078.93872751967,3722.01473675693,1080825.077989268,-0.19361870948597876
1052.0665983207302,3722.01473675693,1083516.1179525713,-0.17155229254276777
989.599776225211,3722.01473675693,1084367.4556076238,-0.14662559539471845
981.161754408139,3722.01473675693,1087440.0967859623,-0.11455340472984513
976.612772150856,3722.01473675693,1082346.4722392177,-0.08438912258415203
967.380359093664,3722.01473675693,1092183.890430463,-0.07066307311433583
966.283260628331,3722.01473675693,1093251.7725910367,-0.04101557364270093
925.0191803736632,3722.01473675693,1105637.6226550746,-0.021460775219551073
924.479009677262,3722.01473675693,1104725.4793691037,0.007092159675993664
791.041744387248,3630.8904551449605,1088559.9212461244,0.01676377396809932
789.305751534581,3630.8904551449605,1085463.28823471,0.037816977202589475
713.9580822054179,3630.8904551449605,1064033.9960547718,0.05266766589031512
713.9580822054179,3630.8904551449605,1047956.5589195774,0.06115833449432623
613.676793457341,3630.8904551449605,1048591.051574981,0.09306705177797724
541.866563026459,3630.8904551449605,1047746.9252996745,0.1221511828017713
531.952600235182,3630.8904551449605,1061501.2541782798,0.14336963314291207
513.673928555155,3630.8904551449605,1040436.2224555839,0.16182529564981832
487.330094728585,3759.8477010734905,1037895.7046606108,0.1425742006412169
464.2427261855941,3759.8477010734905,1034049.2091109648,0.16779079801561647
409.622372815244,3759.8477010734905,1044614.0278534712,0.1861071167911548
371.938733588568,3751.23116194292,1022478.0899333669,0.19929785234950068
370.511323207301,3751.23116194292,1008637.9462056372,0.22552465851384196
246.61649201614105,3751.23116194292,1007503.7554453899,0.24950480038897677
216.644750564666,3741.1020170289203,979935.3803479458,0.25891727997510794
210.156507916913,3741.1020170289203,978931.5086914733,0.2864248855445334
204.580417709172,3674.14664664258,949508.2948832711,0.292942129084795
169.922665776371,3674.14664664258,940197.6814398341,0.3250556438979395
164.67915925543102,3674.14664664258,917768.7333112515,0.3443738485697047
160.256716623309,3674.14664664258,896858.2048837303,0.3531022954388651
131.613459948905,3674.14664664258,889900.4893254985,0.38635609278769684
124.564859812566,3674.14664664258,870196.4834995626,0.40670079926796776
62.0968891788181,3674.14664664258,860314.6517891497,0.429350622967223
30.6815355508215,3674.14664664258,834065.2860278831,0.44222521608838794
30.6815355508215,3674.14664664258,819553.0468680067,0.46061101600356114
28.6279061752155,3674.14664664258,803248.3923896804,0.48779689705650775
21.229556635902604,3431.76120007085,769017.9538769115,0.4782300819491805
21.229556635902604,3431.76120007085,746299.2265595493,0.49206263924462457
16.90654153067,3416.4127513388003,717623.3307457346,0.493091642465117
16.90654153067,3416.4127513388003,699872.0159268362,0.49638474170520785
16.90654153067,3416.4127513388003,687676.0927118727,0.5195606146966109
16.90654153067,3416.4127513388003,670384.4967127881,0.5138692385385434
16.90654153067,3416.4127513388003,660119.6239628659,0.5400213323006887
7.591689427765349,3416.4127513388003,659566.4036794691,0.569577586518213
7.591689427765349,3273.9479649468603,628476.8506477275,0.5492708255876657
-9.45460169139835,3273.9479649468603,619276.4952832814,0.5833713798343414
-85.2994278427105,3273.9479649468603,614523.6315702763,0.6169645653025945
-85.2994278427105,3225.298849985171,586655.4133467537,0.6069956096710982
-85.2994278427105,3225.298849985171,570253.0439202723,0.6083934310571721
-85.2994278427105,3225.298849985171,558078.3507935447,0.6239095842094304
-85.2994278427105,3225.298849985171,544281.9582941289,0.6274769127692484
-85.2994278427105,3225.298849985171,533481.5644071175,0.6320517611785961
-85.2994278427105,3225.298849985171,508755.14813660586,0.6121181774529756
-111.32179232587,3225.298849985171,489556.4665207059,0.6163500685523161
-111.32179232587,3225.298849985171,488172.78864415665,0.6191589775431046
-111.32179232587,3225.298849985171,481591.57483175985,0.603934021454367
-111.32179232587,3225.298849985171,463232.3672770454,0.584052741904239
-111.32179232587,3225.298849985171,444443.04805916135,0.5816556980528605
-111.32179232587,3225.298849985171,444327.94925060106,0.582341334187105
-111.32179232587,3225.298849985171,434085.34852587915,0.5955082621280969
-111.32179232587,2933.8442382820904,407085.2967985906,0.4942343762353628
-111.32179232587,2933.8442382820904,395954.2802311442,0.45761621422905924
-111.32179232587,2933.8442382820904,401478.8014934712,0.4566279040725536
-111.32179232587,2933.8442382820904,404429.72882455937,0.4524416647664091
-111.32179232587,2933.8442382820904,393146.366254893,0.442641509596683
-111.32179232587,2933.8442382820904,394792.6399180147,0.4463916929639635
-111.32179232587,2933.8442382820904,393857.06124032417,0.4420651537138967
-111.32179232587,2969.1392871059898,407029.7494541725,0.5052280795500177
-111.32179232587,2969.1392871059898,403742.54822613474,0.5042947079442582
-111.32179232587,2969.1392871059898,406119.76647657965,0.5088432001217799
-111.32179232587,2969.1392871059898,415118.82005960395,0.5341906778312172
-111.32179232587,2969.1392871059898,421531.0365629493,0.524919549690781
-111.32179232587,2969.1392871059898,412387.4194544493,0.48278192707364664
-111.32179232587,2969.1392871059898,422671.05573833734,0.4765313315208674
-111.32179232587,2969.1392871059898,427827.27186277305,0.4793416070148868
-111.32179232587,2969.1392871059898,437725.85956154927,0.4824070696938781
-111.32179232587,2969.1392871059898,443396.7309138328,0.5045919851914574
-111.32179232587,2969.1392871059898,450978.4662097087,0.5212527801452429
-111.32179232587,2969.1392871059898,459321.68737661274,0.5123826657729845
-111.32179232587,2969.1392871059898,458392.7042602321,0.5154916039190713
-111.32179232587,2969.1392871059898,460484.2744321412,0.5168284790526998
-111.32179232587,2969.1392871059898,462564.4358060357,0.5226230396621774
-111.32179232587,2969.1392871059898,462319.8443948526,0.523559701649743
-111.32179232587,3544.56524072639,501338.64765644516,0.6337744815966158
-111.32179232587,3544.56524072639,507724.1676252567,0.6061424386280073
-111.32179232587,3544.56524072639,508548.79301261966,0.6064380793056757
-85.2994278427105,3544.56524072639,538725.4046572307,0.6432064740752247
-85.2994278427105,3544.56524072639,529663.0634692927,0.6422907804173954
-85.2994278427105,3544.56524072639,555708.906015394,0.656027473468006
-85.2994278427105,3544.56524072639,572101.1967968725,0.6355302181116061
-85.2994278427105,3544.56524072639,596246.820169177,0.6392384319029435
-85.2994278427105,3544.56524072639,624524.7337119939,0.6622773534756419
-85.2994278427105,3544.56524072639,637332.9909696452,0.638859006298848
-9.45460169139835,3544.56524072639,647488.1376124315,0.6072976894451889
-9.45460169139835,3544.56524072639,650049.6342122321,0.5897836979147179
-9.45460169139835,3544.56524072639,664023.9759374417,0.5669047913731453
-9.45460169139835,3544.56524072639,690546.4773414155,0.5681322955303723
-2.7050907055651097,3544.56524072639,715596.5135545215,0.5593549970319457
16.90654153067,3938.26556571472,751971.7261430905,0.6169990518647529
30.6815355508215,3938.26556571472,773891.5813117936,0.5931440217585083
62.0968891788181,3938.26556571472,797479.7515163535,0.5759948315016543
66.1945923322839,3938.26556571472,817327.7803282766,0.5512468173964109
80.5113762067998,3938.26556571472,830552.6908625023,0.5206064316356284
101.599494779721,3938.26556571472,858291.2299740874,0.5093548832962069
124.564859812566,3938.26556571472,882709.7530936797,0.4909290136685209
169.922665776371,3938.26556571472,906639.2600433268,0.4704062256494527
182.253698483433,3938.26556571472,922138.5860887828,0.44199336398713396
189.672339447032,3938.26556571472,937531.317253668,0.4172924406750878
223.22175264798,3938.26556571472,963556.4739760763,0.40457206455524714
243.792790305759,3938.26556571472,990673.6029526921,0.38896206669420347
325.926769912351,3938.26556571472,1008727.2883260165,0.3633337136950671
390.70246980888703,3938.26556571472,1019635.1553919183,0.33186104997570753
393.88782268708,3938.26556571472,1029488.1383926858,0.32551719338549895
411.866474491846,3938.26556571472,1057652.8506611108,0.3149371218556354
470.77665332555495,3938.26556571472,1072796.5513267482,0.2897172489323673
503.221257251144,3938.26556571472,1091058.8984523404,0.26509255896197587
505.094363424138,3938.26556571472,1098566.1400291394,0.23298658125435487
510.809040764609,3938.26556571472,1102686.362579057,0.20676392904885854
529.907414595756,3938.26556571472,1099187.0227595528,0.17715026666672193
582.944593077597,3938.26556571472,1099890.0506135335,0.14983072963893315
588.926713524955,3984.3508710383903,1122438.6906519444,0.14026287058196563
601.17751940057,3984.3508710383903,1143370.3623512844,0.12872227141495549
664.437109533425,3984.3508710383903,1149157.5328495197,0.09707025343592067
722.170714993467,3984.3508710383903,1159515.3909863455,0.07204380291176347
722.990273210509,3984.3508710383903,1162132.3035909089,0.04904851924365073
783.572170510972,3984.3508710383903,1145875.8182646648,0.027998235388904887
795.9946787110049,3984.3508710383903,1160950.6021778858,0.009077099837930439
797.7351890173829,3984.3508710383903,1149480.368408643,-0.018470738278426727
879.620266312611,3984.3508710383903,1142688.9889195405,-0.04865195237301062
908.522116543413,3984.3508710383903,1159637.4969178948,-0.06581419953588291
950.316510638958,3984.3508710383903,1165842.1435814414,-0.09570828355945352
973.032015721048,3984.3508710383903,1152371.4287740225,-0.11298667515711
986.0426453591368,3984.3508710383903,1150375.6936406533,-0.14333166073016387
1060.6931451592,3984.3508710383903,1128324.8346509705,-0.1624193340580138
1079.34757458557,3984.3508710383903,1127860.2920460112,-0.18716989444551638
1080.61671984045,3984.3508710383903,1121859.603573274,-0.21549254407220833
1102.70433812696,3984.3508710383903,1107503.9838981135,-0.24121534731591307
1107.15333365014,3984.3508710383903,1102148.007303184,-0.2732070933211345
1110.36668127857,3984.3508710383903,1107291.2469558222,-0.28895215996563395
1167.83548471662,4258.80213227182,1121181.0030526938,-0.2926756454769252
1196.30792493196,4258.80213227182,1107858.5283924602,-0.321186524508656
1225.97927838211,4258.80213227182,1091362.5294658882,-0.3323666879997737
1242.28361624312,4258.80213227182,1093774.4597956196,-0.36013054089238355
1311.82232604031,4037.22073607534,1059663.1799776102,-0.3433945059109928
1376.093173116,4037.22073607534,1040518.2411535882,-0.36285344538509595
1386.5689092686905,3841.459793385523,1001238.3479468961,-0.3576257122889224
1399.37790025716,3841.459793385523,981824.0206485542,-0.383683876663788
1408.10131105022,3841.459793385523,970974.7179526347,-0.409381901414397
1485.5002399346697,3790.800266817123,935527.0722078199,-0.40942710257635806
1520.2338985075,3790.800266817123,925202.6702782881,-0.43973527124878303
1528.60963341613,3790.800266817123,892009.2750430958,-0.44254628693527154
1550.46313628477,3790.800266817123,876514.1607799057,-0.4729928637223742
1613.57108947828,3790.800266817123,855883.5308680182,-0.4975658633974815
1615.61709676554,3790.800266817123,840856.1949893741,-0.5293342310175435
1676.07311285813,3790.800266817123,813023.2899807232,-0.5322543116303131
1691.2802879254598,3790.800266817123,793890.1317865006,-0.5577373001389031
1702.24572770384,3790.800266817123,766463.5895468481,-0.57016649594117
1704.8467903014905,3491.643419820896,730305.2211783214,-0.546721626498804
1717.55321915409,3491.643419820896,715869.0460951884,-0.5650672092035307
1731.08374756613,3491.643419820896,707555.5188550473,-0.5986375237608547
1760.9216348091102,3491.643419820896,679210.5075627835,-0.6021895921058946
1761.3113129498802,3491.643419820896,655123.6920291099,-0.615426107974159
1761.3113129498802,3491.643419820896,638705.9185445355,-0.6323661305456584
1761.3113129498802,3491.643419820896,616901.160456842,-0.637670914750428
1770.91701315904,3491.643419820896,615092.6255512935,-0.6712757249245276
1801.7376965623496,3491.643419820896,601283.7711425038,-0.7045357877105497
1821.20536048874,3491.643419820896,597135.0134343763,-0.7372357851225828
1821.20536048874,3491.643419820896,579676.264023153,-0.7613657260085313
1821.20536048874,3491.643419820896,547890.7287060823,-0.7423392831036064
1821.20536048874,3491.643419820896,531790.7026215986,-0.7636099441852277
1821.20536048874,3491.643419820896,503458.96730256284,-0.7402444672193665
1821.20536048874,3491.643419820896,474742.28786752635,-0.7058006748527674
1821.20536048874,3491.643419820896,457570.0876994576,-0.6849445411494713
1822.4562930217496,3491.643419820896,449762.2622591205,-0.7197379037102132
1822.4562930217496,3491.643419820896,435320.2584684758,-0.7368091463391535
1822.4562930217496,3491.643419820896,426423.0320056061,-0.7449923370748446
1822.4562930217496,3491.643419820896,417031.6642316054,-0.7744287582417064
1822.4562930217496,3491.643419820896,403877.0980469485,-0.7570494952308637
1826.7780017322896,2968.441048729525,364171.994480892,-0.5784870474879001
1826.7780017322896,2968.441048729525,359079.37160240713,-0.5743341061541546
1826.7780017322896,2968.441048729525,372943.6776892872,-0.602566971869801
1826.7780017322896,2968.441048729525,360678.4768530343,-0.6081577302780552
1826.7780017322896,2742.51420537598,337295.91544530715,-0.5255600116446857
1826.7780017322896,2742.51420537598,330620.162424149,-0.49497284105438283
1826.7780017322896,2666.3360819390678,324860.56590098504,-0.45460729236520003
1826.7780017322896,2671.350635081905,330845.6095754281,-0.49180371939043255
1826.7780017322896,2671.350635081905,331640.97589548567,-0.49320248782275644
1826.7780017322896,2743.640906814585,345407.3792813896,-0.5523950786286127
1826.7780017322896,2743.640906814585,349479.2007788409,-0.5642172541129312
1826.7780017322896,2743.640906814585,341504.6720488757,-0.537117790712234
1826.7780017322896,2743.640906814585,341462.6093402553,-0.5371797077167626
1826.7780017322896,2743.640906814585,353233.22819385043,-0.5536093764520816
1826.7780017322896,2743.640906814585,362180.8142912778,-0.5366997656856125
1826.7780017322896,2743.640906814585,361593.41563571047,-0.535576150619113
1826.7780017322896,2743.640906814585,360369.8953975085,-0.5395084241063969
1826.7780017322896,2743.640906814585,376655.4198099856,-0.5670949720759536
1826.7780017322896,2981.433384130167,396011.4832421195,-0.6395496564709588
1826.7780017322896,3103.0931768699047,421182.1937348762,-0.7103049270924533
1826.7780017322896,3103.0931768699047,426881.2603923474,-0.7027456607988689
1826.7780017322896,3103.0931768699047,436323.53916862246,-0.7041602372572822
1826.7780017322896,3103.0931768699047,442233.61596049624,-0.6938161360038362
1826.7780017322896,3103.0931768699047,456189.52012388146,-0.6804882031659589
1826.7780017322896,3103.0931768699047,466310.7429355724,-0.6662142384662978
1826.7780017322896,3103.0931768699047,476307.96532727027,-0.6642988773435005
1826.7780017322896,3103.0931768699047,480250.3640417144,-0.671516701927333
1826.7780017322896,3103.0931768699047,498126.5085515659,-0.691221095705277
1826.7780017322896,3103.0931768699047,504776.91858143883,-0.6732528608328308
1826.7780017322896,3103.0931768699047,514562.7274210899,-0.6933380122423345
1822.4562930217496,3103.0931768699047,523149.6960147497,-0.658579971427228
1822.4562930217496,3103.0931768699047,535530.0528285477,-0.662997882213893
1822.4562930217496,3103.0931768699047,539260.061048152,-0.65476885679639
1821.20536048874,3103.0931768699047,550073.6070710965,-0.6210578587713081
1821.20536048874,3103.0931768699047,566884.7888826841,-0.6419454441708261
1801.7376965623496,3103.0931768699047,585365.2290298528,-0.621550377118768
1801.7376965623496,3103.0931768699047,605955.889398611,-0.6127815801199992
1770.91701315904,3737.7984881306947,648418.7142939512,-0.6705080690081473
1761.3113129498802,3737.7984881306947,653871.9091071916,-0.6343575899688869
1761.3113129498802,3737.7984881306947,665390.6964958925,-0.6122696636985
1761.3113129498802,3737.7984881306947,693624.9114766655,-0.6138379737497233
1761.3113129498802,3737.7984881306947,706189.2135841091,-0.614790579807791
1761.3113129498802,3737.7984881306947,725151.4673266623,-0.5955071892461798
1760.9216348091102,3737.7984881306947,756291.6631449092,-0.5949304799661953
1731.08374756613,3737.7984881306947,762941.6642745658,-0.559044456665094
1727.24347032802,3737.7984881306947,775152.6912444088,-0.5472893688484021
1717.7654108709698,3737.7984881306947,792464.9301040913,-0.518692923053693
1717.55321915409,3737.7984881306947,805944.1268128897,-0.4876821901398585
1704.8467903014905,3737.7984881306947,834458.2947824188,-0.4806003934921469
1702.24572770384,3737.7984881306947,865285.3369465537,-0.4748590018599499
1691.2802879254598,3737.7984881306947,879403.6304182973,-0.44878557033560046
1639.34918704555,3737.7984881306947,888804.975332065,-0.4168538413076366
1637.62212035923,3737.7984881306947,903526.3727636442,-0.38866583102750646
1615.61709676554,3737.7984881306947,916015.6988179943,-0.35804127272453345
1613.57108947828,3737.7984881306947,928025.4932306118,-0.3280464900338148
1593.9004024053602,3737.7984881306947,932751.4641233836,-0.30021702102102965
1574.07794312321,3820.8739323141517,956616.10041957,-0.3012430642493772
1533.1968823804998,3820.8739323141517,965622.0673244209,-0.2693341002168825
1501.25253679783,3820.8739323141517,988131.7390930062,-0.2524234704625803
1474.0788012142498,3820.8739323141517,999585.5710749312,-0.2325044605220393
1385.71123250381,3820.8739323141517,1002243.0817956836,-0.2139451478077159
1374.4031212687198,3942.3498083488457,1026756.1121152974,-0.21274728619519892
1253.91961924914,3942.3498083488457,1036683.4606192588,-0.18466258622283857
1224.32003673047,3942.3498083488457,1051876.6801509873,-0.15939736300540158
1084.68392304325,3942.3498083488457,1066222.0493551723,-0.13693580498667096
1053.8556182931402,3942.3498083488457,1083434.8165477223,-0.11338043623286082
1030.96333058645,3942.3498083488457,1082659.805739039,-0.08166083276959935
1018.1448922175,3942.3498083488457,1086646.2873890013,-0.07833226637180789
870.895722459653,3942.3498083488457,1079347.1236288266,-0.06338395898938663
823.2695400607449,4241.8654158852005,1110108.8442608654,-0.06991037892068848
760.7508110927839,4241.8654158852005,1112113.9474259065,-0.04756516432182593
759.747268200326,4241.8654158852005,1112503.2967023363,-0.022749679925622726
749.6281002512579,4241.8654158852005,1110818.8748343228,0.005619404832582773
705.931728460675,4241.8654158852005,1106196.0993248655,0.018659448617189465
695.28716869603,4241.8654158852005,1119388.0382937135,0.04368766026826358
690.361796759953,4241.8654158852005,1132874.8618897828,0.06552587878525926
659.629182262358,4241.8654158852005,1113901.6391340662,0.08180043973054288
570.755758648647,4241.8654158852005,1103400.3513122255,0.1106636801865738
553.932520070152,4241.8654158852005,1104136.2152317348,0.1334030877895273
503.188267891919,4241.8654158852005,1107766.0762622126,0.16414795733897336
483.770769169773,4241.8654158852005,1101109.4273427983,0.19245768168558586
443.960687115836,4241.8654158852005,1089653.001670227,0.21547714691394185
439.05510330054494,4241.8654158852005,1074700.9997802093,0.2436247454750362
415.267086426473,4241.8654158852005,1063894.50639391,0.27487268265405873
409.894342921263,4241.8654158852005,1067943.942746478,0.3027678185521597
363.223420667979,4241.8654158852005,1057251.6715209866,0.33132254516276727
345.292323907995,3760.74210861844,1014825.4867991601,0.31839353227428424
343.198627536169,3760.74210861844,1003364.3900113301,0.3487364146749428
318.044759690852,3750.59398217523,982453.1805573056,0.3650541812679802
305.573951866847,3727.72174105656,957774.470675434,0.38125704019283474
299.399876084892,3726.1468547962704,928867.8980155289,0.39180349452122687
294.38532294205504,3726.1468547962704,908894.6760470164,0.41455917012548626
252.259235796335,3726.1468547962704,908959.9748450825,0.4427499099784899
237.329500796719,3726.1468547962704,897920.6502273941,0.4758815535225782
237.329500796719,3726.1468547962704,868436.2217734214,0.48448237006725575
222.095051209375,3726.1468547962704,862746.5371734557,0.5192467773629011
208.756606104694,3726.1468547962704,837257.0017314655,0.538049635868687
204.73237709864,3726.1468547962704,824940.586609447,0.571538936648127
196.040967956617,3726.1468547962704,807426.5162412088,0.5997586494255361
188.516868812849,3726.1468547962704,793528.2877673369,0.6318740475402082
155.755978568988,3726.1468547962704,774889.1458996444,0.6599403129709971
151.397188554545,3726.1468547962704,746122.5013928947,0.6735141731297931
104.238387949734,3726.1468547962704,721995.1704186216,0.6954198651622328
104.238387949734,3726.1468547962704,704274.7855384628,0.7113971321180654
104.238387949734,3726.1468547962704,675521.0634902236,0.7146180440430806
104.238387949734,3647.68974366075,637878.2060808643,0.6863248958631036
93.6022379408731,3647.68974366075,627429.8807393115,0.7031382373133863
90.4233056114607,3647.68974366075,604437.4752529497,0.7199638484214038
90.4233056114607,3647.68974366075,584735.8064362744,0.7170895764061099
90.4233056114607,3647.68974366075,573951.7725825885,0.7426411812664179
59.23286072030021,3647.68974366075,563319.6217391839,0.7764122386929527
59.23286072030021,3527.36241342828,525772.0981563248,0.7143109307509773
59.23286072030021,3527.36241342828,500860.46990590374,0.6943250184228386
59.23286072030021,3527.36241342828,477905.4404287009,0.6758387447562987
59.23286072030021,3527.36241342828,463930.64768694097,0.6618480669778695
59.23286072030021,3527.36241342828,453307.0824692484,0.6337869134209865
59.23286072030021,3527.36241342828,443851.1781559072,0.6157090498600225
59.23286072030021,3527.36241342828,438032.32182734564,0.6027891211873276
59.23286072030021,3527.36241342828,424799.3140805696,0.5904853098850191
59.23286072030021,3527.36241342828,425919.3704961575,0.5911807586980544
59.23286072030021,3102.90745959353,391217.81420120626,0.43365677001372926
59.23286072030021,3102.90745959353,377062.0686922759,0.3830068039784616
59.23286072030021,3102.90745959353,387879.5636607031,0.4397995448521667
59.23286072030021,3102.90745959353,373271.4352497836,0.3749344805069513
59.23286072030021,3102.90745959353,371708.98693995783,0.3731868108277009
59.23286072030021,3001.1934816622206,352474.1562660182,0.2681081215235128
59.23286072030021,3001.1934816622206,358305.7410142087,0.29287508866278894
59.23286072030021,3162.7306891525404,382996.64912052255,0.3911056994872785
59.23286072030021,3162.7306891525404,377031.4811946733,0.3599881928981496
59.23286072030021,3162.7306891525404,370190.3595324784,0.3309591777992218
59.23286072030021,3264.80571685332,394818.44999831077,0.4549548100262658
59.23286072030021,3264.80571685332,399793.395446053,0.4461106713389273
59.23286072030021,3264.80571685332,419632.75458830444,0.47959595247158726
59.23286072030021,3264.80571685332,424843.5345072583,0.48173984366094214
59.23286072030021,3264.80571685332,430826.2591500769,0.4611881794931101
59.23286072030021,3264.80571685332,452844.6810148617,0.5107453622735161
59.23286072030021,3264.80571685332,452228.6551845633,0.5117720918139937
59.23286072030021,3264.80571685332,457428.15496723144,0.5194652751247539
59.23286072030021,3264.80571685332,471818.189191748,0.5208372900272527
59.23286072030021,3264.80571685332,482114.30811170593,0.5204939374224222
59.23286072030021,3264.80571685332,484988.54781958315,0.5161754785637237
59.23286072030021,3264.80571685332,487868.3944453551,0.5207769183602348
59.23286072030021,3264.80571685332,494673.7281625236,0.4989799535795347
90.4233056114607,3681.9158356632297,533072.8272736885,0.5889478979716001
93.6022379408731,3681.9158356632297,537929.4286005975,0.5551525613488832
93.6022379408731,3681.9158356632297,541197.8638520355,0.5475765304148663
93.6022379408731,3681.9158356632297,567677.079341339,0.5738311371173551
93.6022379408731,3681.9158356632297,595674.2368568131,0.6121084928437641
93.6022379408731,3681.9158356632297,614796.9155448052,0.6013348854278217
93.6022379408731,3681.9158356632297,633938.8525395445,0.5953533516799324
93.6022379408731,3681.9158356632297,663273.2667175463,0.6094002194062088
93.6022379408731,3748.79593922919,701177.5948294051,0.6407510866752426
104.238387949734,3748.79593922919,710504.6985710699,0.6077491569946649
104.238387949734,3773.04235687359,747235.3263577604,0.6412138078315159
151.397188554545,3773.04235687359,772138.9630955039,0.6223880975338905
151.397188554545,3773.04235687359,792748.6435031624,0.6041710405821465
151.397188554545,3841.2200109721903,831136.1522413616,0.614050507596304
151.397188554545,3841.2200109721903,864920.4358385261,0.6251921264461819
151.397188554545,3897.2103444297204,904336.4800975972,0.6304129437520991
155.755978568988,3897.2103444297204,924566.414301539,0.5992194471092859
188.516868812849,3897.2103444297204,956919.8411857592,0.5841816880928978
196.040967956617,3897.2103444297204,983303.0169265148,0.5597738837788201
208.756606104694,3897.2103444297204,991039.2884046398,0.5334344344585257
208.756606104694,4185.197202439871,1037516.1301392626,0.550278302672485
208.756606104694,4185.197202439871,1064246.2810995246,0.5282518193386525
237.329500796719,4185.197202439871,1082584.6029087638,0.4980017770490896
257.535521047619,4185.197202439871,1111404.9991370314,0.4758364868083026
278.524732568923,4185.197202439871,1137744.4996374361,0.45102231752857097
313.093909328439,4185.197202439871,1145446.819984473,0.4196495247071119
313.093909328439,4185.197202439871,1169488.8691044708,0.3968825003552267
330.451060867003,4617.526253378141,1221229.9270685127,0.41675978857849644
371.407109536942,4617.526253378141,1239877.7117304516,0.3860774110003073
420.495942976318,4617.526253378141,1256715.3752507232,0.3547921846619897
430.003954872398,4617.526253378141,1275050.6517949281,0.3343455190122314
506.321533892462,4617.526253378141,1287593.7459232798,0.3112042885915244
575.0945548885769,4617.526253378141,1297158.5939339513,0.279020162044575
666.333597366756,4617.526253378141,1305007.3440210398,0.2465589915608545
700.9490642665961,4617.526253378141,1327628.6492460065,0.22487483300847694
813.8857454892379,4617.526253378141,1345013.0204700227,0.19657762243313404
817.039169675072,4617.526253378141,1363118.9656227438,0.1705716450111386
839.2550691045841,4617.526253378141,1373988.8211196146,0.1398049491884835
847.989850959147,4617.526253378141,1358357.5007684412,0.11689931085511279
901.884234818955,4617.526253378141,1371444.5057096088,0.08811852169276886
969.44939459639,4652.61339242159,1399407.2644260328,0.09447335365353328
996.598016178237,4652.61339242159,1390051.2385422639,0.06548882914945481
1016.14735818878,4652.61339242159,1385809.1259669533,0.03454676369190401
1018.39597839759,4652.61339242159,1363190.8487873636,0.017306415296174434
1021.06046239606,4652.61339242159,1361373.518731155,-0.012541779384556818
1067.80610250254,4652.61339242159,1371935.2560679626,-0.027117575323397397
1075.0336286350698,4652.61339242159,1363449.4718651406,-0.052436578427044106
1107.88644340176,4652.61339242159,1354481.1384533425,-0.07912048415076119
1115.16356060799,4652.61339242159,1352254.3865522644,-0.11017284011043406
1127.67867092198,4652.61339242159,1336018.6114198987,-0.1284419774765034
1198.00230166641,4652.61339242159,1337750.0264050153,-0.14954095109058366
1200.61136918586,4225.032469233707,1324023.4498856668,-0.11972488261806986
1223.33785653462,4225.032469233707,1320100.55231626,-0.13471614471698354
1313.05855684422,4225.032469233707,1300240.5130069805,-0.15927609169383056
1366.64816068475,4225.032469233707,1298723.115930386,-0.19115772768653397
1388.7642353094,4225.032469233707,1281419.0456587733,-0.2085414002950813
1411.0143241878,4225.032469233707,1259434.739215848,-0.22855120120816308
1412.32489249239,4178.395773885124,1231690.9646961088,-0.23856651655816444
1422.98960961857,4178.395773885124,1212658.83666821,-0.2649892958315358
1541.7858259373902,4178.395773885124,1204938.3107980015,-0.2976772800228489
1723.80644491804,4178.395773885124,1171061.4848613434,-0.30879984147420764
1725.0640238009803,4178.395773885124,1145542.4236525376,-0.33043607293886784
1804.9775116163896,4178.395773885124,1136456.9835651293,-0.3624194432078406
1832.32058456672,4178.395773885124,1109004.777335138,-0.3822559818866144
1866.68877530074,4178.395773885124,1096467.4796639893,-0.415078400229857
1886.6012312913,4178.395773885124,1083969.8002934102,-0.4464323037331141
1910.34947524657,4178.395773885124,1047052.9240760712,-0.4536743137471214
1920.69158542107,4178.395773885124,1034577.2827136909,-0.4845617982770816
1924.8203266496896,4178.395773885124,1029754.5828829707,-0.5137720019393206
1959.10218672472,4178.395773885124,1007614.2317715526,-0.5373728165208619
1987.67020694005,4178.395773885124,978423.0527044359,-0.5545076842933846
1988.67625899208,4178.395773885124,959881.4497264929,-0.5757338766019464
1988.67625899208,4178.395773885124,943138.1775991323,-0.6033419839311378
2014.77635403273,4178.395773885124,923616.4636347839,-0.6206865655740423
2032.61939020754,4178.395773885124,882063.5104904051,-0.6078386662142639
2033.86260427621,4178.395773885124,857888.3855893746,-0.6334363176991895
2035.7869606933104,4178.395773885124,843019.0984643566,-0.6687848353335396
2035.7869606933104,4178.395773885124,806908.6358008102,-0.6711799068114758
2035.7869606933104,4178.395773885124,781239.7902298548,-0.6907003872600374
2035.7869606933104,4178.395773885124,746169.3576997098,-0.6679915669156391
2063.4193685659698,4178.395773885124,725618.3173811538,-0.6957884176462147
2066.6053463901103,4178.395773885124,707199.0582756912,-0.7206263911346635
2068.25673303868,4178.395773885124,689143.1456611201,-0.7484684282897761
2068.25673303868,4178.395773885124,661027.4306178335,-0.7551417172045981
2068.25673303868,4178.395773885124,632635.0533651859,-0.7530417957822351
2068.25673303868,4178.395773885124,619189.6936294428,-0.7790346115212209
2072.53967979677,4178.395773885124,600189.7301076094,-0.807055291313118
2079.19446229644,4178.395773885124,579229.297018987,-0.8321914545325636
2079.19446229644,3445.4184924809215,520178.5939505151,-0.638616531176798
2079.19446229644,3317.903605187895,487985.26663418696,-0.5862032005896924
2079.19446229644,3317.903605187895,476852.6836541524,-0.5907751850980776
2079.19446229644,3317.903605187895,455754.38168663706,-0.5672591427123165
2079.19446229644,3005.0768250234078,426523.205737965,-0.49597258785025294
2081.95497837852,2955.9879915840315,410369.5016459761,-0.4742339523384596
2081.95497837852,2955.9879915840315,393604.1877877388,-0.42404588682477606
2081.95497837852,2870.1624006678876,379572.02529993514,-0.3620871184814365
2081.95497837852,2870.1624006678876,370236.77921129385,-0.3470889468945929
2081.95497837852,2870.1624006678876,371136.7157289461,-0.3480901197517032
2081.95497837852,2870.1624006678876,366104.4860371821,-0.3465627980070971
2081.95497837852,2870.1624006678876,364261.913323094,-0.3459665543493879
2081.95497837852,2870.1624006678876,350518.5551589142,-0.3130765785156298
2081.95497837852,2870.1624006678876,355889.46713017864,-0.3338076087123383
2081.95497837852,2691.0080020123564,351787.9499580207,-0.30470871373205255
2081.95497837852,2691.0080020123564,341755.0086288237,-0.28760940834343934
2081.95497837852,2691.0080020123564,347510.9066489564,-0.2839763837568303
2081.95497837852,2697.2530565924417,353099.9559987286,-0.3139571847339097
2081.95497837852,2787.8587059699785,359517.00935554045,-0.35061624812979897
2081.95497837852,2787.8587059699785,361455.9806425319,-0.36040948484757757
2081.95497837852,2787.8587059699785,364560.92300333973,-0.36261923302340776
2081.95497837852,2787.8587059699785,378741.89543688647,-0.3783203480691342
2081.95497837852,2787.8587059699785,378681.75644503324,-0.37835159138670343
2081.95497837852,2787.8587059699785,382262.7001386875,-0.38764233986099284
2081.95497837852,2787.8587059699785,393221.3053562701,-0.38004277558403166
2081.95497837852,2787.8587059699785,398186.41862107243,-0.39659633294925817
2081.95497837852,2788.1948377619865,413414.0645878283,-0.416320210664113
2081.95497837852,2788.1948377619865,423828.53356527153,-0.44231024558142396
2081.95497837852,2788.1948377619865,423449.0727368696,-0.4418592446988451
2081.95497837852,3264.3131373378556,451201.5670597747,-0.5123924850140525
2081.95497837852,3264.3131373378556,448744.2434849993,-0.5083345724859136
2081.95497837852,3264.3131373378556,465630.55543049454,-0.5383815973581798
2081.95497837852,3264.3131373378556,475685.68824840174,-0.5346488182716724
2081.95497837852,3264.3131373378556,491518.83647353883,-0.5523486410929789
2081.95497837852,3425.3415280035033,516438.61019383516,-0.6319480900319439
2081.95497837852,3425.3415280035033,530035.3288047516,-0.633799767991542
2081.95497837852,3425.3415280035033,550179.7119720025,-0.6692555004604971
2079.19446229644,3425.3415280035033,559179.9540459324,-0.6331250802299255
2079.19446229644,3425.3415280035033,582149.3277641152,-0.6744194214335475
2079.19446229644,3730.1580633227277,616561.4667808327,-0.7557856113207126
2079.19446229644,3730.1580633227277,646102.1515259737,-0.7538582407810677
2072.53967979677,3730.1580633227277,672383.4484583036,-0.7391125937263961
2072.53967979677,3730.1580633227277,702443.2637436427,-0.7382462235378714
2072.53967979677,3730.1580633227277,726589.7266667943,-0.7215504898269663
2068.25673303868,3730.1580633227277,753579.342711002,-0.7032608126605276
2066.6053463901103,3730.1580633227277,776299.8294835327,-0.6792147655909136
2066.6053463901103,3730.1580633227277,794570.8088299549,-0.6661835735667306
2035.7869606933104,3730.1580633227277,825641.5993642156,-0.6584970267754946
2033.86260427621,3730.1580633227277,840406.2393736283,-0.624584383083543
2033.86260427621,3730.1580633227277,862854.1198417835,-0.5999234536091685
2032.61939020754,3730.1580633227277,880403.1197138489,-0.5713111495374982
2014.77635403273,4099.387472328078,922516.5721164114,-0.5870144436108132
1992.84386541136,4099.387472328078,940985.1878777803,-0.5604633755841337
1987.67020694005,4099.387472328078,967786.5513969489,-0.5383070070847645
1987.55199177537,4099.387472328078,977019.1061748811,-0.5034421343805552
1924.8203266496896,4099.387472328078,983921.9641639098,-0.46883618974178104
1920.69158542107,4099.387472328078,994362.2313399483,-0.4368200255396075
1910.34947524657,4099.387472328078,1014683.376230186,-0.43140589525890244
1908.56673353977,4099.387472328078,1039936.4940127126,-0.4114289211259331
1901.23280478728,4099.387472328078,1058002.6219422983,-0.3826915885459403
1847.30591581388,4099.387472328078,1082581.0734705972,-0.3665635783473564
1786.33569897495,4099.387472328078,1113421.6641046624,-0.3591998285441279
1766.91272735059,4099.387472328078,1124211.087899449,-0.32715045471787646
1755.91535485362,4099.387472328078,1137496.1302831732,-0.29665073535901904
1714.59028730441,4099.387472328078,1123239.9853918687,-0.2915601438515059
1695.40283451415,4099.387472328078,1147609.1006630266,-0.2745790527722281
1668.3547239046,4099.387472328078,1163006.9529015445,-0.24658901182630788
1650.35684705193,4099.387472328078,1179099.544596226,-0.2309835019669052
1540.87471486566,4099.387472328078,1192543.362492144,-0.20868769375449148
1498.79582150316,4099.387472328078,1201097.4320789622,-0.17714944919241263
1495.01554802976,4099.387472328078,1221089.6374543586,-0.15336518217809122
1390.0573764821202,4099.387472328078,1228819.2012621965,-0.13535166557596148
1352.66085020964,4099.387472328078,1244250.3100653319,-0.11626993974590354
1342.20333416765,4099.387472328078,1256646.874504223,-0.09997478316664828
1318.45796543765,4099.387472328078,1267604.5318530682,-0.07379047736643408
1155.31377665961,4099.387472328078,1267567.378512983,-0.04696572613818371
1132.5784914240598,4099.387472328078,1271883.398112176,-0.020079518977506643
1129.62662027427,4019.016551955408,1254472.0244952154,-0.027608256186871787
1117.92913583687,4019.016551955408,1273173.0767691368,-0.00556300727478608
1045.98740503732,4019.016551955408,1277120.4376987861,0.025860315045765782
955.16867992824,4019.016551955408,1284115.5616436698,0.056133246800777095
887.069136485672,4019.016551955408,1279235.1231037658,0.08767494689235177
835.011222670085,4019.016551955408,1260025.6399623288,0.10401574229943046
810.469804448653,4019.016551955408,1248221.9473841304,0.13355607035978279
764.179260935979,4019.016551955408,1237245.2628675685,0.16389745459845753
753.966197231687,4019.016551955408,1231708.7996121782,0.19376360463899311
741.0309154049049,4019.016551955408,1218997.6526300407,0.223718317070242
724.2450935817799,4019.016551955408,1191894.1006494758,0.24181142251266521
685.475932547993,3668.829575776417,1153829.2661963832,0.23635686535438385
679.230877967908,3545.053602721228,1122389.8341107205,0.2465451207051902
678.957351175653,3545.053602721228,1116051.7953268327,0.27924874729937815
601.391164795964,3545.053602721228,1109096.0231906665,0.3107383432815304
588.625228590371,3545.053602721228,1094229.946661744,0.3317339629928196
588.2890967983631,3545.053602721228,1081191.0785830545,0.3611596237346304
532.015031605593,3545.053602721228,1064735.2167951802,0.3883943770622999
446.62131288158,3545.053602721228,1055579.4603478587,0.4191214533231063
446.610129613811,3545.053602721228,1041328.153360443,0.4515849616190205
444.99450382657096,3545.053602721228,1033039.0141360916,0.48625263058801027
404.066907575341,3545.053602721228,1025507.8114719056,0.5212010768404282
404.066907575341,3545.053602721228,1010434.6868038777,0.5445325113360155
374.284898158616,3545.053602721228,995388.1287670269,0.5787445372178969
349.99886585871,3545.053602721228,980361.2817975718,0.6123022805906857
346.200602724497,3545.053602721228,955106.986301144,0.6401679012838243
336.31288359967203,3545.053602721228,939297.1450329951,0.6733726232059127
336.31288359967203,3545.053602721228,925757.2660428189,0.7008025401112434
329.80173511935004,3545.053602721228,888130.85590947,0.7097564625915581
329.80173511935004,3545.053602721228,857711.6282701675,0.7281202675199577
317.225890577586,3545.053602721228,832737.4441176864,0.7569020177422788
317.225890577586,3545.053602721228,794397.7399914976,0.7479676326719128
317.225890577586,3545.053602721228,782533.9272149099,0.777961306383994
317.225890577586,3481.940843201198,740842.4632138733,0.7511568820041992
317.225890577586,3481.940843201198,712092.2187583493,0.7358336381326377
317.225890577586,3481.940843201198,690771.771759808,0.7526127266793411
317.225890577586,3481.940843201198,666608.030568664,0.7679461086787942
317.225890577586,3481.940843201198,648222.1971048721,0.796061277165128
317.225890577586,3481.940843201198,631636.6349191485,0.8236520143061205
317.225890577586,3481.940843201198,625325.7935999141,0.8538144952934469
317.225890577586,3481.940843201198,603630.2166209042,0.8567413795032186
307.44363840399,3481.940843201198,565328.5615999595,0.8242418508540807
299.859604909912,3481.940843201198,528265.8231720102,0.7826719286044439
299.859604909912,3481.940843201198,511803.46872730664,0.7958589642563181
299.859604909912,3481.940843201198,504241.8080239411,0.7925585056254101
299.859604909912,3481.940843201198,491346.76462825964,0.79274055821789
299.859604909912,3481.940843201198,468923.45683720364,0.7709133623210331
299.859604909912,3481.940843201198,448677.64382302726,0.7157407149807052
299.859604909912,3481.940843201198,435345.7290269157,0.7073287203872599
299.859604909912,3481.940843201198,417773.36980657576,0.6683608971116803
299.859604909912,3481.940843201198,411520.8773257418,0.662464871900778
299.859604909912,3481.940843201198,408628.1242210089,0.6535404264700668
299.859604909912,3481.940843201198,403016.93779386807,0.6288536607879421
299.859604909912,2423.0628219185683,370963.095752344,0.34249997897010476
299.859604909912,2423.0628219185683,375449.14008819713,0.3615770199917109
