232.84305321935292,4052.94641659473,988053.0421612092,0.0061601657893109035
232.84305321935292,4052.94641659473,988195.1738526829,0.007030392281194265
232.84305321935292,4052.94641659473,987514.5572122147,0.009064470786491396
232.84305321935292,4052.94641659473,986011.3035392496,0.014673162891509516
232.84305321935292,4052.94641659473,985684.7919889456,0.01735103016633508
248.353123437635,4052.94641659473,985606.4301788314,0.0015151713157389663
279.393727324237,4052.94641659473,985644.0254903781,-0.004826749244666367
279.393727324237,4052.94641659473,998608.5679311899,-0.010845174281194374
279.393727324237,4052.94641659473,1005871.8812046751,-0.017843809601814625
279.393727324237,4052.94641659473,999778.0727719276,-0.018858138368761383
279.393727324237,4052.94641659473,1001250.3645859507,-0.019972588281217007
279.393727324237,4052.94641659473,1002237.9590143308,-0.02464781795189038
279.763236155359,4052.94641659473,1008854.6717997224,-0.03592910343611017
279.763236155359,4052.94641659473,1009871.6711746047,-0.03801340113939663
279.763236155359,4052.94641659473,1009341.8803940769,-0.03660352477840674
279.763236155359,4052.94641659473,1023209.9060131315,-0.0335948374294066
279.763236155359,4052.94641659473,1020953.6911344953,-0.030780854870420513
279.763236155359,4052.94641659473,1024201.8971486023,-0.035592844309031896
279.763236155359,4052.94641659473,1021919.265578686,-0.03451067042145108
279.763236155359,4052.94641659473,1023918.8260177008,-0.03873155307806686
279.763236155359,4052.94641659473,1030770.202035166,-0.037699248857288606
279.763236155359,4052.94641659473,1025464.6991269704,-0.03426881977465869
279.763236155359,4052.94641659473,1026508.1183221131,-0.034148632823830634
279.763236155359,4052.94641659473,1021929.7135241053,-0.035949464723896485
279.763236155359,4052.94641659473,1018725.8677094151,-0.034553666874762294
279.763236155359,4052.94641659473,1018774.1681406621,-0.03452081044796748
279.763236155359,4052.94641659473,1012770.9965984804,-0.03983199570358847
279.763236155359,4052.94641659473,1016208.4451738877,-0.03979147440475946
279.763236155359,4052.94641659473,1033258.5583058404,-0.028307429571142
279.763236155359,4052.94641659473,1040942.3505144727,-0.020851328964007463
279.763236155359,4052.94641659473,1045814.0003152536,-0.017898212988105327
279.763236155359,4052.94641659473,1054232.4542842945,-0.012616871748610814
279.763236155359,4052.94641659473,1056319.0612056234,-0.012038528062467236
279.763236155359,4052.94641659473,1063094.0595721814,-0.008803266458490203
279.763236155359,4052.94641659473,1072341.9253487748,0.005307117814271969
279.763236155359,4052.94641659473,1068847.9018909996,0.0008274395709248999
279.763236155359,4052.94641659473,1068153.246195681,-9.219157751633923e-05
279.763236155359,4318.115274442491,1095365.0513971501,0.041451667126986134
279.763236155359,4318.115274442491,1086609.1365531718,0.032405801371800505
279.763236155359,4318.115274442491,1102204.0221428014,0.04975548647826865
279.763236155359,4318.115274442491,1110917.731297074,0.06689854693331425
279.763236155359,4318.115274442491,1105643.9788538914,0.06385255613433861
279.763236155359,4318.115274442491,1114359.171128221,0.06918603243942235
279.763236155359,4318.115274442491,1122005.6028367344,0.0711940606792368
279.763236155359,4318.115274442491,1130434.7291543337,0.07162630840727642
279.763236155359,4318.115274442491,1134953.5058361904,0.07065131472516593
279.763236155359,4318.115274442491,1142172.5262541415,0.0677405156669907
279.763236155359,4318.115274442491,1151574.247962801,0.08104878240646149
279.763236155359,4318.115274442491,1157219.2871414616,0.0869066772380609
279.763236155359,4318.115274442491,1171254.0905355967,0.09690124428702587
279.763236155359,4318.115274442491,1189920.7449474402,0.11655761067922185
279.763236155359,4318.115274442491,1195631.8548727885,0.11677894296920655
279.763236155359,4318.115274442491,1189726.7167498346,0.10884998675137741
279.763236155359,4318.115274442491,1199189.491190147,0.10813880875456128
279.763236155359,4318.115274442491,1202408.4034567466,0.10798012924517561
279.763236155359,4318.115274442491,1214483.9699290546,0.1146818753462083
279.763236155359,4318.115274442491,1217497.7518870123,0.11550175168331875
279.763236155359,4318.115274442491,1218265.8242072444,0.1150256530299387
279.763236155359,4318.115274442491,1227912.9483096965,0.1020633940386101
279.763236155359,4318.115274442491,1248941.8029367444,0.10307021510975752
279.763236155359,4318.115274442491,1261336.1644300977,0.10675274604507153
279.763236155359,4318.115274442491,1260181.607266137,0.10822154410453931
279.763236155359,4318.115274442491,1268498.8616555124,0.10052788705461715
279.763236155359,4318.115274442491,1279209.610254884,0.0977389477916496
279.763236155359,4318.115274442491,1279852.473117989,0.09573807195051803
279.763236155359,4318.115274442491,1292657.80030951,0.09476474723658919
288.764647001618,4318.115274442491,1296516.2287731343,0.08312552868759006
288.764647001618,4318.115274442491,1300951.4721767376,0.0795034611718624
288.764647001618,4318.115274442491,1303382.4077793844,0.07618723705616545
288.764647001618,4318.115274442491,1315596.419802718,0.07020224317267365
288.764647001618,4318.115274442491,1315184.034357805,0.0720522013093186
288.764647001618,4318.115274442491,1317255.9354373578,0.06787219845035858
320.014791608547,4318.115274442491,1317738.1949461426,0.06291449690713966
320.014791608547,4318.115274442491,1321621.3345833893,0.053566550224253995
320.014791608547,4318.115274442491,1333842.308585009,0.04704630133704328
288.764647001618,4318.115274442491,1332398.308663795,0.05559631525421303
288.764647001618,4318.115274442491,1333660.0889464703,0.0494018914066121
320.014791608547,4318.115274442491,1334427.6444488529,0.04193111921921976
328.654525683522,4318.115274442491,1338801.7642800286,0.022205900876135377
328.654525683522,4318.115274442491,1335499.6816210917,0.01309275480164103
438.325923681186,4318.115274442491,1334827.2212931036,-0.0020316720064529666
438.325923681186,4318.115274442491,1338985.483505021,-0.010343833425477096
438.325923681186,4318.115274442491,1338971.9078973327,-0.011578809811604092
438.325923681186,4318.115274442491,1337727.6408619003,-0.01587170184202025
438.325923681186,4318.115274442491,1335287.7335429618,-0.024430678832716716
442.46536375001,4318.115274442491,1332511.407383235,-0.036914206309973864
442.46536375001,4318.115274442491,1333824.719690459,-0.032256225884918985
492.314486922105,4318.115274442491,1331790.922959793,-0.0501782028505844
492.314486922105,4318.115274442491,1331832.610771097,-0.04991738372395046
492.314486922105,4318.115274442491,1342469.3567454226,-0.0446338657752222
492.314486922105,4318.115274442491,1345441.9413559712,-0.03833936924717418
497.629246817268,4318.115274442491,1337266.6727988494,-0.05542618954831617
497.629246817268,4318.115274442491,1336458.30173582,-0.05609752124711829
497.629246817268,4318.115274442491,1328008.8757501757,-0.06147713321164105
497.629246817268,4318.115274442491,1326137.3649193144,-0.06439614675304306
497.629246817268,4318.115274442491,1329057.4816528475,-0.0636885912832495
497.629246817268,4318.115274442491,1321572.2967179548,-0.07033855802874903
497.629246817268,4318.115274442491,1321300.828354372,-0.0709044886415865
497.629246817268,4318.115274442491,1314203.5186736132,-0.0844401579779953
497.629246817268,4318.115274442491,1310911.7271615139,-0.09023054542692929
497.629246817268,4318.115274442491,1309222.7399281492,-0.09161466879178289
497.629246817268,4318.115274442491,1298583.1027063038,-0.09100534937369094
497.629246817268,4318.115274442491,1286262.2910063183,-0.09287454169307373
497.629246817268,4318.115274442491,1285390.7143971373,-0.09272034457536114
497.629246817268,4318.115274442491,1270152.3873429846,-0.08718549151333868
497.629246817268,4318.115274442491,1266062.606287722,-0.08861526367500748
497.629246817268,4318.115274442491,1246913.0761668964,-0.08015548347823026
497.629246817268,4318.115274442491,1256798.7511436495,-0.08029175631875304
497.629246817268,4318.115274442491,1240887.2640297129,-0.08109076630896614
497.629246817268,4318.115274442491,1240831.134178476,-0.08113405080236434
497.629246817268,4318.115274442491,1223112.8838041762,-0.08698092559350504
497.629246817268,4318.115274442491,1222722.3160745255,-0.08648254072556426
497.629246817268,4318.115274442491,1220341.4108387022,-0.08503579772615205
497.629246817268,4318.115274442491,1227129.4135523185,-0.09168853705970477
497.629246817268,4115.24882849024,1208008.7762341315,-0.06920091657283933
497.629246817268,4115.24882849024,1207145.051164817,-0.06919120642785481
497.629246817268,4074.88008349702,1183413.5273891836,-0.05707974528014167
497.629246817268,4074.88008349702,1182800.0194873195,-0.056676387063716575
497.629246817268,4074.88008349702,1189274.8659340963,-0.06224722017179965
497.629246817268,4074.88008349702,1186495.0352111186,-0.060383797827447315
497.629246817268,4074.88008349702,1176304.6409854733,-0.05558390445160231
497.629246817268,4074.88008349702,1171079.460664405,-0.052909281487244074
497.629246817268,4067.41691162212,1149598.2964932567,-0.038094074959608926
497.629246817268,4067.41691162212,1139383.1020518672,-0.026721643171778137
497.629246817268,4037.7682414455403,1137302.9313239006,-0.023312381987224726
497.629246817268,4037.7682414455403,1136814.3725819562,-0.02351893038151259
497.629246817268,4037.7682414455403,1149001.8255360404,-0.030170301774417436
497.629246817268,4037.7682414455403,1142753.2586677205,-0.02845759972108062
497.629246817268,3999.9879986506903,1124914.1862230725,-0.01172510203818503
497.629246817268,3999.9879986506903,1118392.7970371882,-0.008599444756253618
497.629246817268,3999.9879986506903,1115398.9361219816,-0.01201793359497248
497.629246817268,3999.9879986506903,1109006.7030566512,-0.006814317401504916
497.629246817268,3999.9879986506903,1118928.4885490267,-0.013816040958115937
497.629246817268,3999.9879986506903,1107476.330048843,-0.004574640508979608
497.629246817268,3999.9879986506903,1109228.5577895106,-0.004853078639643712
497.629246817268,3999.9879986506903,1095980.7861533703,0.0018225786181823135
497.629246817268,3999.9879986506903,1077866.2530308908,0.0064535622587951185
497.629246817268,3999.9879986506903,1080190.0914326648,0.0033761319030592516
497.629246817268,3999.9879986506903,1072571.7887881636,0.00813595649940671
497.629246817268,3999.9879986506903,1063595.5826827749,0.01235009801695212
497.629246817268,3999.9879986506903,1062346.0796079286,0.01126120724789196
497.629246817268,3999.9879986506903,1063663.2266498688,0.011071752320776639
497.629246817268,3999.9879986506903,1058245.0042346963,0.009272785589988591
497.629246817268,3999.9879986506903,1048511.314645805,0.009526288844822012
497.629246817268,3999.9879986506903,1040988.9142623452,0.010001350570626222
497.629246817268,3999.9879986506903,1035721.6867573435,0.009211514349810802
497.629246817268,3999.9879986506903,1025583.199549855,-0.0006836308328218965
497.629246817268,3999.9879986506903,1020499.3409205595,-0.007107397967467277
521.4294179907421,3999.9879986506903,1018727.574197742,-0.02019429399310357
521.4294179907421,3999.9879986506903,1012874.04198285,-0.022595371470027152
521.4294179907421,3999.9879986506903,1018483.1660662474,-0.010974914148731843
521.4294179907421,3999.9879986506903,1013067.7491832494,-0.014289908661278604
521.4294179907421,3999.9879986506903,1011725.129464876,-0.01802172205530031
497.629246817268,3999.9879986506903,1011436.8950183914,-0.0029578471173966094
497.629246817268,3999.9879986506903,1012421.3735453594,0.0030936138173773163
497.629246817268,3999.9879986506903,1015127.3887802524,0.007210884411623581
497.629246817268,3999.9879986506903,1013884.2152172619,0.0046151647141727675
492.314486922105,3999.9879986506903,1015386.5058824349,0.01312616568660671
521.4294179907421,3999.9879986506903,1015278.9426854134,0.007777901979560003
564.224630826967,3999.9879986506903,1015075.7608324372,-0.0003882405338933101
564.224630826967,3999.9879986506903,1018113.5282319424,-0.010278215553243436
564.224630826967,3999.9879986506903,1017894.4548876378,-0.0144472460478517
564.224630826967,3999.9879986506903,1012659.0172851682,-0.011601840551012373
564.224630826967,3999.9879986506903,1009011.4399047375,-0.0016362887106131825
539.291423087774,3999.9879986506903,1007917.0956614065,0.011346266008462192
539.291423087774,3999.9879986506903,1008305.5531561367,0.010566577015680137
539.291423087774,3999.9879986506903,1008685.283320111,0.007335817695235056
539.291423087774,3999.9879986506903,1005911.802610565,0.01483393875960562
539.291423087774,3999.9879986506903,1005954.9941639552,0.01461549916637503
539.291423087774,3999.9879986506903,1012850.9500778049,0.0029296061745520616
539.291423087774,3999.9879986506903,1013717.1235157078,0.0034728263331633012
539.291423087774,3999.9879986506903,1021368.5693279982,-0.005570135785273119
539.291423087774,3999.9879986506903,1022746.3783335479,-0.007958273698010625
539.291423087774,3999.9879986506903,1022352.2239756811,-0.006571788214462878
539.291423087774,3999.9879986506903,1027563.5368700662,-0.013323099836455478
539.291423087774,3999.9879986506903,1033258.9092314005,-0.011065783019469227
539.291423087774,3999.9879986506903,1043597.1045237711,-0.018828014587487722
539.291423087774,3999.9879986506903,1048303.2897476683,-0.019951826159571893
539.291423087774,3999.9879986506903,1054007.9610325436,-0.022112511344196905
539.291423087774,3999.9879986506903,1056982.4499383664,-0.02736896532135087
539.291423087774,3999.9879986506903,1062688.8664405092,-0.026078172930211797
539.291423087774,3999.9879986506903,1067765.3882079,-0.0264330251928853
539.291423087774,3999.9879986506903,1073780.5877002033,-0.026751255819777234
539.291423087774,3999.9879986506903,1070027.7797177678,-0.029126208088913343
539.291423087774,3999.9879986506903,1064421.916925644,-0.02962851813066195
539.291423087774,3999.9879986506903,1064995.9640044488,-0.029551982544962888
539.291423087774,3999.9879986506903,1073498.3632300731,-0.021756483146280235
539.291423087774,3999.9879986506903,1081267.337946152,-0.019741960024097446
539.291423087774,3999.9879986506903,1086559.5178973787,-0.01702686355891866
539.291423087774,3999.9879986506903,1082088.349814199,-0.021512826452581138
539.291423087774,3999.9879986506903,1098405.1916552633,-0.0014282313839206636
539.291423087774,3999.9879986506903,1102144.77390025,0.001309840918755502
539.291423087774,3991.71717716292,1092854.2672124025,-0.013007885022809852
539.291423087774,3991.71717716292,1102660.380337027,-0.007610742832309059
539.291423087774,3991.71717716292,1094694.3891527283,-0.01386185914366817
539.291423087774,3991.71717716292,1085447.3927943276,-0.027461029110991166
539.291423087774,4052.3514899797,1107609.8019729226,-0.004937526513805021
539.291423087774,4052.3514899797,1116660.4540869212,0.003814292097990239
539.291423087774,4052.3514899797,1115365.237995384,0.0038363169427036445
539.291423087774,4052.3514899797,1124453.6375582684,0.009467233736869305
539.291423087774,4052.3514899797,1140179.6286475747,0.018851963637598657
539.291423087774,4052.3514899797,1150149.564019015,0.02206514190119349
539.291423087774,4052.3514899797,1153547.9463155784,0.026606447202388684
539.291423087774,4052.3514899797,1154447.5282889057,0.027299468597881564
539.291423087774,4052.3514899797,1148498.2849101452,0.024248058074649807
539.291423087774,4052.3514899797,1149343.3345877766,0.02540960104070452
539.291423087774,4052.3514899797,1159550.8133346804,0.030908738282507967
539.291423087774,4052.3514899797,1164864.6631240826,0.036124733154208076
539.291423087774,4052.3514899797,1180063.9727171853,0.04862041925868783
539.291423087774,4052.3514899797,1190194.0448542656,0.05131949157359832
539.291423087774,4052.3514899797,1181577.7878368231,0.05088291574701497
539.291423087774,4052.3514899797,1188419.4615673753,0.053170476991829994
539.291423087774,4052.3514899797,1189980.2946933548,0.051241026144945974
539.291423087774,4052.3514899797,1193791.621197275,0.050512989987026004
539.291423087774,4052.3514899797,1197875.1255797865,0.054366414899047394
539.291423087774,4052.3514899797,1188751.3596960502,0.05622394957771017
539.291423087774,4052.3514899797,1199549.7283454237,0.04923424567349312
539.291423087774,4052.3514899797,1201371.8145838385,0.04848492402706174
539.291423087774,4052.3514899797,1201130.080204471,0.048487831657479954
539.291423087774,4052.3514899797,1216621.4928360123,0.04096787752027784
539.291423087774,4052.3514899797,1217722.1812242516,0.04132255003992687
539.291423087774,4052.3514899797,1232725.7797666932,0.0395296211966102
539.291423087774,4052.3514899797,1231848.53817243,0.040678668757495616
539.291423087774,4052.3514899797,1233248.1496362856,0.038328896883912
539.291423087774,4052.3514899797,1228052.8707054039,0.041047792666493665
576.504249244413,4052.3514899797,1232972.9216450637,0.027284182397187256
576.504249244413,4052.3514899797,1233665.7876841484,0.025438481149381534
579.888417713682,4052.3514899797,1235381.0873032652,0.01645959071079041
579.888417713682,4052.3514899797,1234976.0568770198,0.017502113261107198
579.888417713682,4052.3514899797,1232804.845132816,0.017875945970449274
597.568750819515,4052.3514899797,1237071.9631605607,-0.00035896826154551564
597.568750819515,4052.3514899797,1243040.0754287492,-0.010549056150303656
597.568750819515,4052.3514899797,1259088.9194457862,-0.018692603529493302
597.568750819515,4052.3514899797,1257768.001223496,-0.016176438500141433
609.235110814802,4052.3514899797,1260087.6115937291,-0.03317191454190628
609.235110814802,4052.3514899797,1277273.5944622785,-0.03882578266118327
609.235110814802,4052.3514899797,1277508.051034697,-0.03927299519375199
680.7173810465371,4052.3514899797,1277380.529740354,-0.04835912262462034
680.7173810465371,4052.3514899797,1275812.935390749,-0.05413100579791158
680.7173810465371,4052.3514899797,1274973.8938536935,-0.05947095089604455
680.7173810465371,4052.3514899797,1276619.7975853705,-0.05372148735320922
680.7173810465371,4052.3514899797,1274436.0343238697,-0.05667750637320076
614.077666070562,4052.3514899797,1274423.443222563,-0.05150329682696811
680.7173810465371,4052.3514899797,1272772.2328449388,-0.06103173175595442
680.7173810465371,4052.3514899797,1254646.2502644416,-0.06823994320170024
680.7173810465371,4052.3514899797,1248150.8941371776,-0.07629756791521256
680.7173810465371,4052.3514899797,1253482.4646562177,-0.0651216183845139
680.7173810465371,4052.3514899797,1245635.5817572225,-0.07832133781323505
680.7173810465371,4052.3514899797,1241410.456701009,-0.08778157954692127
688.012717708101,4052.3514899797,1237393.7962503545,-0.10389811091870159
688.012717708101,4052.3514899797,1231394.337299004,-0.10204996019425047
688.012717708101,4052.3514899797,1230078.7277905175,-0.103876562751807
689.567539203629,4052.3514899797,1225804.1405201189,-0.11840214203685843
689.567539203629,4052.3514899797,1227071.9294742648,-0.11484472828418368
689.567539203629,4052.3514899797,1224177.3415916327,-0.12376849439177352
689.567539203629,4052.3514899797,1217964.8628020564,-0.12998382618995571
689.567539203629,4052.3514899797,1211779.3533565598,-0.1333698235493352
689.567539203629,4052.3514899797,1206892.8758604957,-0.13971991177832732
689.567539203629,4052.3514899797,1205434.8917686332,-0.1387256583691135
689.567539203629,4052.3514899797,1201897.7189611702,-0.13922881972780438
689.567539203629,4052.3514899797,1195869.55332455,-0.14280117484498334
689.567539203629,4052.3514899797,1188761.0297496645,-0.14986621916732493
689.567539203629,4052.3514899797,1170661.8425195252,-0.14517405918707538
689.567539203629,4052.3514899797,1171650.156654777,-0.14449852796851664
689.567539203629,4052.3514899797,1165262.168633494,-0.1487762374331925
689.567539203629,4052.3514899797,1170939.918383309,-0.14312888256958264
689.567539203629,4036.68727915641,1154643.2575187522,-0.12152814913608535
689.567539203629,4036.68727915641,1143750.3989698426,-0.11465973391993806
689.567539203629,4036.68727915641,1122747.777234417,-0.08955372270232204
689.567539203629,4036.68727915641,1110992.4712691552,-0.08225676706814176
689.567539203629,4036.68727915641,1109284.0249259963,-0.08114840746898452
689.567539203629,4036.68727915641,1109858.787139099,-0.08091045539419543
689.567539203629,4036.68727915641,1091444.4688647024,-0.0775826641415579
689.567539203629,4036.68727915641,1088551.601102529,-0.07238260088253747
689.567539203629,4036.68727915641,1076587.7926183403,-0.06369817714069581
689.567539203629,4036.68727915641,1080032.4927515907,-0.06668002774422693
689.567539203629,4036.68727915641,1079773.623452928,-0.06642313126817632
689.567539203629,4036.68727915641,1097094.078637793,-0.08426329973130504
689.567539203629,4036.68727915641,1090652.688096319,-0.07797205926651578
689.567539203629,3811.5815228212,1067688.5189309986,-0.04635414444887475
689.567539203629,3811.5815228212,1079592.6197182487,-0.05876443018759661
689.567539203629,3809.66511139594,1055915.8130733552,-0.04257547992994817
689.567539203629,3809.66511139594,1060355.9080931086,-0.04662382429099474
689.567539203629,3946.42356256552,1077890.1464423197,-0.07238997924622924
689.567539203629,3946.42356256552,1076360.9356933245,-0.07147567751920833
689.567539203629,3946.42356256552,1072526.1377826133,-0.07811888482414382
689.567539203629,3946.42356256552,1059269.3629120737,-0.0765121247608596
689.567539203629,3946.42356256552,1037761.6772482011,-0.058920770685076
689.567539203629,3946.42356256552,1029925.1311283667,-0.056476837903566356
689.567539203629,3946.42356256552,1021720.7488005268,-0.05183948240037535
689.567539203629,3946.42356256552,1024414.7347642264,-0.0531917266887137
689.567539203629,3946.42356256552,1039454.8264359682,-0.060994185936696234
689.567539203629,3946.42356256552,1037665.1504101615,-0.05749547968533066
689.567539203629,3946.42356256552,1040328.3337625329,-0.05993443541353725
689.567539203629,3946.42356256552,1049482.7962649523,-0.06873611769285083
689.567539203629,3946.42356256552,1055114.4585889594,-0.07040766044406715
689.567539203629,3946.42356256552,1044967.831260194,-0.07020200819703241
689.567539203629,3946.42356256552,1048987.6075347348,-0.07073850335665337
689.567539203629,3946.42356256552,1057138.5143232099,-0.07355618922207044
689.567539203629,3946.42356256552,1059569.7013104842,-0.0738371434662178
689.567539203629,3946.42356256552,1066143.4324608464,-0.07649655603967187
689.567539203629,3946.42356256552,1066471.8099774336,-0.07543466822834591
689.567539203629,3946.42356256552,1074256.0671571665,-0.0728393182855316
689.567539203629,3946.42356256552,1077301.4875455128,-0.06289621425187564
689.567539203629,3946.42356256552,1073310.8278818207,-0.06913262791283771
689.567539203629,3946.42356256552,1064192.9284575435,-0.08094249150852564
729.705903399834,3946.42356256552,1060154.6656181782,-0.09773819979084956
729.705903399834,3946.42356256552,1066053.4910160098,-0.09394189683099154
729.705903399834,3946.42356256552,1063299.5444201427,-0.10413813374630715
729.705903399834,3946.42356256552,1062424.8067056641,-0.1056110643177427
729.705903399834,3946.42356256552,1056046.7889953833,-0.11296006233921811
753.3781893650951,3946.42356256552,1053407.6424051733,-0.130292642686801
753.3781893650951,3946.42356256552,1050729.119639767,-0.1350700938552895
774.901180424382,3946.42356256552,1050612.501108893,-0.14073927273359702
774.901180424382,3946.42356256552,1050623.9442940624,-0.14059197404149146
753.3781893650951,3946.42356256552,1049851.0378477327,-0.12958490275104226
774.901180424382,3946.42356256552,1051550.7188333573,-0.14355192264635125
774.901180424382,3946.42356256552,1050998.3324966028,-0.1383627816872179
795.176548833411,3946.42356256552,1050784.904172984,-0.14326836177612415
819.475098463309,3946.42356256552,1050342.1747155683,-0.1607458659966845
819.475098463309,3946.42356256552,1052250.3059553972,-0.16555918018704668
819.475098463309,3946.42356256552,1052246.7011690552,-0.16567917812092203
831.0531146423309,3946.42356256552,1056313.611864606,-0.17886867356257888
857.5153229877529,3946.42356256552,1056507.2898496066,-0.18271570125672637
857.5153229877529,3946.42356256552,1053219.455149716,-0.17473358489594742
831.0531146423309,3946.42356256552,1047920.4319575875,-0.15677829985745842
831.0531146423309,3946.42356256552,1045543.851262476,-0.15447109142860646
831.0531146423309,3946.42356256552,1048485.7748673517,-0.1588182945442963
857.5153229877529,3946.42356256552,1049703.2386477767,-0.16564311985963598
857.5153229877529,3946.42356256552,1056593.3947802293,-0.16533895249392813
857.5153229877529,3946.42356256552,1056467.6019037615,-0.16537502150268546
857.5153229877529,3946.42356256552,1055257.7791378922,-0.16537351342533751
857.5153229877529,3946.42356256552,1067103.943708257,-0.15642464516898422
857.5153229877529,3946.42356256552,1063382.9509218943,-0.15172586956931502
857.5153229877529,3946.42356256552,1069802.3009604313,-0.15467734173363934
857.5153229877529,3946.42356256552,1075180.9026064374,-0.15133776826416945
857.5153229877529,3946.42356256552,1073091.4055594523,-0.1503388652410262
857.5153229877529,3946.42356256552,1074134.4589536681,-0.15023620161515752
857.5153229877529,3946.42356256552,1077627.985032572,-0.14963133250374241
857.5153229877529,3946.42356256552,1082648.1088083982,-0.15208969380030113
857.5153229877529,3946.42356256552,1088974.6194372391,-0.15064783232035447
857.5153229877529,3946.42356256552,1086862.592977593,-0.15233958443413784
857.5153229877529,3946.42356256552,1085465.1365756055,-0.15268846751059623
857.5153229877529,3946.42356256552,1094739.7548472225,-0.14328717581099654
857.5153229877529,3946.42356256552,1096054.2093058757,-0.14278602040982427
857.5153229877529,3946.42356256552,1086252.0420224895,-0.15381499102076487
857.5153229877529,3946.42356256552,1094047.497039356,-0.14548404002957943
857.5153229877529,4297.631366723501,1111853.6295237257,-0.11704167329801554
857.5153229877529,4297.631366723501,1105533.1054673467,-0.1181699075133798
857.5153229877529,4297.631366723501,1116824.5928832358,-0.11116440759463243
857.5153229877529,4297.631366723501,1125279.5071723745,-0.10253693185690499
857.5153229877529,4297.631366723501,1121024.3350618612,-0.10838732099280635
857.5153229877529,4727.38102294652,1148932.582083884,-0.054529568779685046
857.5153229877529,4727.38102294652,1172523.268053691,-0.03489830739108923
857.5153229877529,4727.38102294652,1173644.8132292777,-0.03424532652756565
857.5153229877529,4727.38102294652,1170957.4122687455,-0.036236351154323186
857.5153229877529,4727.38102294652,1185059.0991457684,-0.021260274829546833
857.5153229877529,4727.38102294652,1194243.9002381896,-0.009351950382712129
857.5153229877529,4727.38102294652,1207317.2243263242,0.0021424263094180396
857.5153229877529,4727.38102294652,1214420.423774816,0.002312003338106215
857.5153229877529,4727.38102294652,1220020.2080727627,0.008027852499564217
857.5153229877529,4727.38102294652,1223950.983893583,0.010560339137420107
857.5153229877529,4727.38102294652,1244074.0136206185,0.03661225243000619
857.5153229877529,4727.38102294652,1237347.6161667786,0.03293958688693715
857.5153229877529,4727.38102294652,1242729.1220021597,0.03582244549897402
857.5153229877529,4727.38102294652,1249176.1699137252,0.0313196587738043
857.5153229877529,4727.38102294652,1248433.1203701838,0.03127861275220555
857.5153229877529,4727.38102294652,1261250.161972977,0.028226904830495628
857.5153229877529,4727.38102294652,1268475.6719922193,0.028209359652029645
857.5153229877529,4727.38102294652,1265611.04815508,0.027121175871864828
857.5153229877529,4727.38102294652,1290733.8865061866,0.034057807996278375
857.5153229877529,4727.38102294652,1296903.6969285798,0.034918956337120256
857.5153229877529,4727.38102294652,1315796.5665462343,0.04085777418515905
857.5153229877529,4727.38102294652,1317473.1167128817,0.03972371705576794
857.5153229877529,4727.38102294652,1316642.2303573892,0.03964159205018333
857.5153229877529,4727.38102294652,1313377.3060449231,0.04185915141791648
857.5153229877529,4727.38102294652,1322831.5713260036,0.04781155466106785
857.5153229877529,4727.38102294652,1326383.9950869575,0.04159907703347752
857.5153229877529,4727.38102294652,1344167.082918317,0.039056393272792325
857.5153229877529,4727.38102294652,1346598.4214788121,0.03453362914135842
857.5153229877529,4727.38102294652,1351213.853415926,0.030441451970574015
831.650631082571,4727.38102294652,1351029.67362129,0.03495097389502073
831.650631082571,4727.38102294652,1355664.9762798024,0.026450977992640647
831.650631082571,4727.38102294652,1361107.0258528218,0.01583337523510255
831.650631082571,4727.38102294652,1358501.075554459,0.023252786359730496
831.650631082571,4727.38102294652,1359629.954363187,0.0216824327047276
831.650631082571,4727.38102294652,1359415.9056206672,0.021972459236240645
831.650631082571,4727.38102294652,1348702.2556450958,0.0344389750743058
831.650631082571,4727.38102294652,1355353.674097626,0.024152509767339084
831.650631082571,4727.38102294652,1354339.983789603,0.028214029385510077
831.650631082571,4727.38102294652,1343925.5533710783,0.032997607969241206
831.650631082571,4727.38102294652,1347032.789460012,0.0267606924686932
831.650631082571,4727.38102294652,1347536.4294636084,0.021967320452556862
857.5153229877529,4727.38102294652,1349644.1013392052,0.004998877893779681
910.686506048958,4727.38102294652,1350114.1512746203,-0.006659728282079241
913.696578962351,4727.38102294652,1350770.7233035169,-0.029719980474979115
930.183314952224,4727.38102294652,1346368.5100920103,-0.04114323652595489
930.183314952224,4727.38102294652,1345561.1049833468,-0.043902896099900814
944.694000358775,4727.38102294652,1345707.3627619082,-0.05182176408037551
947.339059630447,4727.38102294652,1344777.6386027166,-0.05794163500493619
947.339059630447,4727.38102294652,1342523.472659614,-0.06558766734664542
949.796179771105,4727.38102294652,1333343.252341719,-0.0816351393829375
983.572553552989,4727.38102294652,1332748.3974053336,-0.08820948232004197
983.572553552989,4727.38102294652,1331623.7291067766,-0.09289404545049224
994.113421846954,4727.38102294652,1331611.0564075506,-0.09432949866820571
994.113421846954,4727.38102294652,1318389.8819068465,-0.10784731790479131
994.113421846954,4727.38102294652,1313283.4545502716,-0.12038526802798638
994.113421846954,4727.38102294652,1313109.9921269799,-0.12298766606039799
999.247893318891,4727.38102294652,1308619.4333417357,-0.1363258366625462
999.247893318891,4727.38102294652,1309418.4732531663,-0.13433756563715452
999.247893318891,4727.38102294652,1308882.5221374047,-0.13500014027111368
999.247893318891,4727.38102294652,1309907.5909907345,-0.13453120147306008
999.247893318891,4727.38102294652,1309926.7733926647,-0.13450638606620618
999.247893318891,4727.38102294652,1296073.7546208098,-0.12952941793521414
999.247893318891,4727.38102294652,1287642.6844577745,-0.13473000932524545
999.247893318891,4727.38102294652,1286284.994910474,-0.13571305322724556
999.247893318891,4727.38102294652,1289632.2797165208,-0.13299607298665136
999.247893318891,4727.38102294652,1293097.1733785707,-0.13206802219190455
999.247893318891,4727.38102294652,1288324.1431159908,-0.13388847546093338
999.247893318891,4727.38102294652,1291635.193073903,-0.13243924659714412
999.247893318891,4727.38102294652,1293115.6319527265,-0.13286682998995616
999.247893318891,4727.38102294652,1287166.6306480377,-0.12850140604860086
999.247893318891,4727.38102294652,1276669.7380297538,-0.132754781689926
999.247893318891,4727.38102294652,1273273.4555074868,-0.13162964853330847
999.247893318891,4727.38102294652,1274148.030192997,-0.13182361272207552
999.247893318891,4727.38102294652,1266773.004214849,-0.12908834245158776
999.247893318891,4727.38102294652,1268404.4576708018,-0.12932563345235507
999.247893318891,4727.38102294652,1276019.7091469136,-0.12620543151850439
999.247893318891,4727.38102294652,1255498.0016973403,-0.10675961869266473
999.247893318891,4727.38102294652,1257246.0770240475,-0.1072901107740738
999.247893318891,4727.38102294652,1252789.1476214635,-0.10330531668935271
999.247893318891,4727.38102294652,1238026.3483728666,-0.09772471364871227
999.247893318891,4727.38102294652,1215950.6299785767,-0.07371940238432603
999.247893318891,4727.38102294652,1218683.8812160292,-0.07648947047775428
999.247893318891,4727.38102294652,1211158.3968052063,-0.0760117717704458
999.247893318891,4727.38102294652,1206142.4549002661,-0.06863937557791988
999.247893318891,4727.38102294652,1214327.0859017358,-0.06796189562231864
999.247893318891,4727.38102294652,1204526.5241563108,-0.059676462828088424
999.247893318891,4520.12482883748,1183850.325780152,-0.02725189294828942
999.247893318891,4520.12482883748,1176217.555260542,-0.02336155390457178
999.247893318891,4520.12482883748,1194466.8686899547,-0.02906589543757923
999.247893318891,4520.12482883748,1192079.4684473812,-0.03149903989057836
999.247893318891,4520.12482883748,1193052.2572187101,-0.031267857528858314
999.247893318891,4520.12482883748,1186467.035062706,-0.03580448932370588
999.247893318891,4520.12482883748,1181874.2750688284,-0.036067874693685074
999.247893318891,4520.12482883748,1186658.3125174004,-0.04122056219549559
999.247893318891,4520.12482883748,1167183.2092557137,-0.027344276601070486
999.247893318891,4288.978055517191,1141697.7282186018,0.0003610898602548833
999.247893318891,4288.978055517191,1124498.301388579,0.008992120247734738
999.247893318891,4230.777136589542,1101991.150981748,0.026401028207058645
999.247893318891,4230.777136589542,1089326.2210005026,0.03408551608081076
999.247893318891,4230.777136589542,1087244.5652069957,0.033146450375517826
999.247893318891,4230.777136589542,1081333.0271746512,0.03809380321820495
999.247893318891,4230.777136589542,1062238.2934365664,0.04422613101254594
999.247893318891,4230.777136589542,1064113.0942973688,0.0418924287596911
999.247893318891,4230.777136589542,1061053.702969651,0.04644384657759622
999.247893318891,4230.777136589542,1069079.620907347,0.04547437180293561
999.247893318891,4230.777136589542,1054476.291208556,0.04789392512219882
999.247893318891,4230.777136589542,1056965.235845807,0.04723564257733696
999.247893318891,4230.777136589542,1058764.21461793,0.048559015990799856
999.247893318891,4230.777136589542,1060388.8020881345,0.05181599873069117
999.247893318891,4230.777136589542,1064540.7640893587,0.0620150977233539
999.247893318891,4230.777136589542,1063570.9197265506,0.0629335028283182
999.247893318891,4230.777136589542,1062842.173746963,0.058216494702212275
999.247893318891,4230.777136589542,1059727.5039289386,0.054771322014843124
999.247893318891,4230.777136589542,1057212.8533060723,0.048326560400088835
996.470680012677,4230.777136589542,1058093.525096966,0.05515499193800453
996.470680012677,4230.777136589542,1056544.2058294923,0.052937287168118824
999.247893318891,4461.158306793372,1096896.0485461054,0.08988870423549819
1046.64948976444,4461.158306793372,1135659.0798332142,0.11580400477489522
1049.1427232679305,4461.158306793372,1173095.3509807324,0.13460829739789176
1046.64948976444,4461.158306793372,1175001.4920840675,0.14778377724290953
1049.1427232679305,4461.158306793372,1175325.0745019056,0.1350307046842875
1049.1427232679305,4461.158306793372,1175773.0017643191,0.136662402948745
1049.1427232679305,4461.158306793372,1175671.1661348944,0.13847518164014036
1046.64948976444,4461.158306793372,1176570.8304902276,0.15081741904853135
1049.1427232679305,4461.158306793372,1176724.9521048092,0.13759385583212197
1049.1427232679305,4461.158306793372,1176426.2838052795,0.13841280978723808
1062.72213520576,4461.158306793372,1176424.1456397572,0.13311553135310786
1088.5785595139,4461.158306793372,1181373.6074407324,0.11656816402113201
1104.04015959315,4461.158306793372,1178428.0155621995,0.10343770912738438
1104.04015959315,4461.158306793372,1178766.7700953374,0.10158065496291638
1104.04015959315,4461.158306793372,1182667.382882653,0.09593451595440254
1104.04015959315,4461.158306793372,1185710.780108682,0.08637248577445591
1104.04015959315,4461.158306793372,1185938.3622651654,0.08622722269809079
1104.04015959315,4461.158306793372,1191890.7202378847,0.08342376589883474
1104.04015959315,4461.158306793372,1193816.3712193978,0.08064164343134082
1104.04015959315,4461.158306793372,1190028.2545509862,0.08086383376470638
1104.04015959315,4461.158306793372,1191870.1313231448,0.07244585242083856
1104.04015959315,4461.158306793372,1194714.9982167948,0.07064779141636975
1104.04015959315,4461.158306793372,1191806.3595682837,0.07242101936343004
1104.04015959315,4461.158306793372,1203825.6552849754,0.06630806770028198
1104.04015959315,4461.158306793372,1206690.4317354257,0.06392584341207899
1104.04015959315,4461.158306793372,1209388.9717014118,0.0624463617986068
1104.04015959315,4461.158306793372,1213535.4403019212,0.05974517348126774
1104.04015959315,4461.158306793372,1208752.2677842428,0.0669931350915537
1104.04015959315,4461.158306793372,1207600.8445523367,0.06793817847127553
1104.04015959315,4461.158306793372,1228884.1372749645,0.07670328327049757
1104.04015959315,4461.158306793372,1232439.3761343593,0.07830914558566866
1104.04015959315,4461.158306793372,1238576.7711951432,0.07677317295676332
1104.04015959315,4461.158306793372,1243937.0772721618,0.0751783010444436
1104.04015959315,4461.158306793372,1243779.1190973802,0.07514695548434014
1104.04015959315,4461.158306793372,1238769.3461772327,0.07083466600572931
1104.04015959315,6438.117830344113,1361055.764453189,0.33947152768884703
1104.04015959315,6438.117830344113,1474167.3371268956,0.5440333601025864
1104.04015959315,6438.117830344113,1584947.7585575923,0.6990649940211696
1104.04015959315,6438.117830344113,1581958.7986928944,0.7022159254224767
1104.04015959315,6438.117830344113,1563043.972530169,0.7035247897193432
1104.04015959315,6438.117830344113,1562837.3347468914,0.7035564167796878
1104.04015959315,6438.117830344113,1562036.5298705308,0.7045475238420471
1104.04015959315,6438.117830344113,1578532.7823126863,0.697596856182392
1104.04015959315,6438.117830344113,1587325.7741235942,0.6972135984579918
1104.04015959315,6438.117830344113,1585592.1062315078,0.6977226435727025
1104.04015959315,6438.117830344113,1588239.1836248536,0.6969591330525569
1104.04015959315,6438.117830344113,1608388.803519508,0.6908094197355424
1104.04015959315,6438.117830344113,1606505.3659163713,0.6918514894665381
1104.04015959315,6438.117830344113,1606454.0273457435,0.6918943161914585
1104.04015959315,6438.117830344113,1591007.7037238455,0.697112512248759
1104.04015959315,6438.117830344113,1594707.6854527597,0.6929762544890137
1104.04015959315,6438.117830344113,1595620.4369627407,0.6922899759590264
1104.04015959315,6438.117830344113,1609137.5405127157,0.6825552340835668
1104.04015959315,6438.117830344113,1613573.9504844646,0.6771847463979133
1104.04015959315,6438.117830344113,1617612.0761965225,0.6744195323584794
1104.04015959315,6438.117830344113,1625891.5031921437,0.669073800775935
1104.04015959315,6438.117830344113,1626720.0009172542,0.6680243640723115
1104.04015959315,6438.117830344113,1634281.9058383582,0.6681697969292045
1104.04015959315,6438.117830344113,1650275.1224618119,0.6627637461405416
1104.04015959315,6438.117830344113,1639121.9990117443,0.6727034571319692
1104.04015959315,6438.117830344113,1645645.0695443084,0.6640909851621914
1104.04015959315,6438.117830344113,1650153.5809723823,0.6593091949140095
1104.04015959315,6438.117830344113,1661096.7522231494,0.6450248958573298
1104.04015959315,6438.117830344113,1652781.065552031,0.6521538853879946
1104.04015959315,6438.117830344113,1659059.9271763768,0.6423196549022959
1104.04015959315,6438.117830344113,1661874.8564519677,0.6411348266644911
1104.04015959315,6438.117830344113,1676088.7623565688,0.625859756129836
1104.04015959315,6438.117830344113,1682601.1204778994,0.6182580778974399
1160.41045738166,6438.117830344113,1690303.3675681276,0.5946783908699265
1160.41045738166,6438.117830344113,1692587.3303844805,0.5902654277604784
1160.41045738166,6438.117830344113,1694875.0708859751,0.5862006311872532
1195.33978073642,6438.117830344113,1706515.4069575546,0.5637764654687524
1195.33978073642,6438.117830344113,1711064.7927497271,0.5549529126657575
1195.33978073642,6438.117830344113,1712741.2389054806,0.5498762128369049
1211.92576729778,6438.117830344113,1724377.3039170962,0.526144739659054
1211.92576729778,6438.117830344113,1723584.5174901867,0.5278536694006474
1282.33806472839,6438.117830344113,1730974.423030514,0.5084772239219458
1282.33806472839,6438.117830344113,1735432.5539982668,0.49695220160780296
1282.33806472839,6438.117830344113,1737994.0187475828,0.4910241728931366
1305.51158607402,6438.117830344113,1738803.2597838382,0.4828697260278327
1305.51158607402,6438.117830344113,1742344.1991283416,0.4751315541799006
1282.33806472839,6438.117830344113,1742675.662724959,0.47803501544715754
1282.33806472839,6438.117830344113,1741380.9704562556,0.48532067358484504
1305.51158607402,6438.117830344113,1740479.7763923502,0.476743309270962
1325.77378008765,6438.117830344113,1738119.6806808307,0.4644100053343863
1445.83069050453,6438.117830344113,1738274.867913271,0.45895688157254144
1445.83069050453,6438.117830344113,1737139.9956432888,0.4532623606639167
1445.83069050453,6438.117830344113,1735447.2886280299,0.44742542944748315
1495.82863092701,6438.117830344113,1735208.9511932603,0.44088032795289717
1495.82863092701,6438.117830344113,1735091.1734525987,0.4405211794920344
1495.82863092701,6438.117830344113,1738707.8862896392,0.4428649698633335
1495.82863092701,6438.117830344113,1737952.2897992588,0.4400044056204179
1497.5435361065197,6438.117830344113,1737108.9771050168,0.4330821047026343
1497.5435361065197,6438.117830344113,1736127.8348749115,0.42604534865952337
1497.5435361065197,6438.117830344113,1736234.8892544715,0.42626911441574555
1497.5435361065197,6438.117830344113,1736509.8516754557,0.42697161661902905
1532.0051006963502,6438.117830344113,1731120.3792095839,0.4152827445351777
1532.0051006963502,6438.117830344113,1726734.599326259,0.41400994897729754
1532.0051006963502,6438.117830344113,1715421.9719005546,0.4133629777564408
1532.0051006963502,6438.117830344113,1708373.5684040466,0.40907051924534693
1532.0051006963502,6438.117830344113,1700185.8354820062,0.41034915774508274
1532.0051006963502,6438.117830344113,1698939.836803713,0.4099928457471992
1532.0051006963502,6438.117830344113,1690720.8355655114,0.40731667151128337
1532.0051006963502,6438.117830344113,1684845.5546419434,0.4089506642214963
1532.0051006963502,6438.117830344113,1670591.0221854614,0.4114686754622786
1532.0051006963502,6438.117830344113,1671520.2910212376,0.4111249788758248
1532.0051006963502,6438.117830344113,1674054.7626574168,0.40918472739307893
1532.0051006963502,6438.117830344113,1655475.932900876,0.41674368785676963
1532.0051006963502,6438.117830344113,1638281.218765192,0.4285212236376636
1532.0051006963502,6438.117830344113,1640834.6916662757,0.42823079495053434
1532.0051006963502,6438.117830344113,1632023.2129389218,0.4342179350436435
1532.0051006963502,6438.117830344113,1614907.5947291136,0.44140177317076745
1532.0051006963502,6438.117830344113,1613120.1885033443,0.44287479648805506
1532.0051006963502,6438.117830344113,1597160.1323160825,0.4504734841174609
1532.0051006963502,6438.117830344113,1593903.4847550914,0.45354711090704225
1532.0051006963502,6438.117830344113,1585480.0906189315,0.4598485615276077
1532.0051006963502,6438.117830344113,1574998.0743224684,0.46911638165043373
1532.0051006963502,6438.117830344113,1555176.2883089366,0.4869819756099489
1532.0051006963502,6438.117830344113,1567879.6097111313,0.47392949862722494
1532.0051006963502,6438.117830344113,1562050.2435641165,0.4789385932528416
1532.0051006963502,6438.117830344113,1542686.682343453,0.5023364013924946
1532.0051006963502,6438.117830344113,1538813.6578741232,0.5042031920322967
1532.0051006963502,6329.46897914749,1509031.6571408757,0.5381855007039018
1532.0051006963502,6329.46897914749,1506639.1455013228,0.5412716968599255
1532.0051006963502,6329.46897914749,1495854.1920658497,0.5518443133110756
1532.0051006963502,6329.46897914749,1478324.5717784557,0.5723675020830904
1532.0051006963502,6329.46897914749,1467926.5416143495,0.5792069958941541
1532.0051006963502,6324.79815548465,1448115.4941387249,0.6092080208436416
1532.0051006963502,6324.79815548465,1446120.881904012,0.6097459951227427
1532.0051006963502,6324.79815548465,1442781.7227941228,0.6130492699589559
1532.0051006963502,6324.79815548465,1450353.4454867067,0.6078129915330517
1532.0051006963502,6324.79815548465,1446667.0942966868,0.6105100125799965
1532.0051006963502,6097.619477159982,1423761.040023111,0.6447500859451388
1532.0051006963502,6097.619477159982,1421087.937185419,0.6468796392018691
1532.0051006963502,6097.619477159982,1414039.102509981,0.6514360824264969
1532.0051006963502,6097.619477159982,1418096.1572632832,0.6480399135034817
1532.0051006963502,6097.619477159982,1422100.8209942137,0.6450236971822765
1532.0051006963502,6097.619477159982,1422272.5914275844,0.6448718118296447
1532.0051006963502,6097.619477159982,1416998.6848591438,0.6466847287707591
1532.0051006963502,6097.619477159982,1400823.2832068922,0.6552608272225261
1532.0051006963502,6097.619477159982,1400925.258223128,0.6552783520230597
1532.0051006963502,6097.619477159982,1377821.8556891836,0.6823016759111031
1532.0051006963502,6071.847015783501,1351996.1406002408,0.7098965856730354
1532.0051006963502,6071.847015783501,1342288.1813756903,0.7240842188480292
1532.0051006963502,6071.847015783501,1353668.3638244183,0.7125544128210021
1532.0051006963502,6071.847015783501,1349680.244059657,0.718211160491159
1532.0051006963502,6071.847015783501,1343439.5895206956,0.722503662272796
1532.0051006963502,6071.847015783501,1341206.4954807835,0.7236176682895014
1532.0051006963502,6071.847015783501,1354756.6119626062,0.7029058134915179
1532.0051006963502,6071.847015783501,1334263.3805179612,0.7201613087302764
1532.0051006963502,6071.847015783501,1337436.5195497095,0.7211376048613329
1532.0051006963502,6071.847015783501,1335333.435056101,0.721478077392122
1532.0051006963502,6071.847015783501,1334303.4593536705,0.7207572739416027
1532.0051006963502,6071.847015783501,1338476.1679704122,0.718807443223419
1532.0051006963502,6071.847015783501,1337232.8718682434,0.719179555080926
1497.5435361065197,6071.847015783501,1309831.3390168613,0.7417506901483056
1497.5435361065197,6071.847015783501,1282422.3981312187,0.7569974954803019
1495.82863092701,6071.847015783501,1254320.6058683423,0.779659653513602
1495.82863092701,6071.847015783501,1248458.177614851,0.7738203525233136
1489.82987163365,6071.847015783501,1254231.9902208052,0.7815664834339414
1495.82863092701,6071.847015783501,1250815.2285719796,0.770987013104862
1497.5435361065197,6071.847015783501,1250433.0916596337,0.7615184862206669
1497.5435361065197,6071.847015783501,1246374.456764119,0.7580150250007307
1497.5435361065197,6071.847015783501,1246370.9855418364,0.7585720463935921
1497.5435361065197,6071.847015783501,1247057.575413422,0.7531936376388987
1500.05415586922,6071.847015783501,1251385.8502429863,0.7335074113582387
1497.5435361065197,6071.847015783501,1250356.2866293925,0.7484166031577896
1500.05415586922,6071.847015783501,1251946.0436763093,0.7348580467478009
1538.6871918943698,6071.847015783501,1255286.8545360668,0.7199383406808288
1538.6871918943698,6071.847015783501,1255930.3435917222,0.7182217000537441
1538.6871918943698,6071.847015783501,1256405.6319187898,0.7162946847726885
1538.6871918943698,6071.847015783501,1255222.2604090157,0.7205534837240506
1538.6871918943698,6071.847015783501,1252433.9236800757,0.7266969196627704
1538.6871918943698,6071.847015783501,1255617.008975117,0.7190924962372863
1538.6871918943698,6071.847015783501,1253282.2679625945,0.7285076645559501
1538.6871918943698,6071.847015783501,1253184.5143505111,0.7294402450433337
1538.6871918943698,6071.847015783501,1251371.0430052022,0.7347480300417061
1538.6871918943698,6071.847015783501,1250465.7877099067,0.7395439428649994
1538.6871918943698,6071.847015783501,1243261.3768322472,0.7567906787728939
1538.6871918943698,6071.847015783501,1252370.2254483758,0.7459328277964473
1538.6871918943698,6071.847015783501,1251027.3161910512,0.7493046053205428
1538.6871918943698,6071.847015783501,1251023.2399336465,0.7493127995837876
1556.6146067152,6071.847015783501,1252762.7561352635,0.7391165770426029
1556.6146067152,6071.847015783501,1260761.7412281204,0.7261601378470864
1556.6146067152,6071.847015783501,1254492.260378113,0.7280926457046656
1556.6146067152,6071.847015783501,1261230.6918803377,0.7251650342777709
1556.6146067152,6071.847015783501,1261476.2355009997,0.7248450337959346
1556.6146067152,6071.847015783501,1273621.276830921,0.7180981451661593
1556.6146067152,6071.847015783501,1278280.032230218,0.7136992144264924
1556.6146067152,6071.847015783501,1272919.4257990008,0.720284479671662
1556.6146067152,6071.847015783501,1185774.8578520864,0.5363511161706715
1556.6146067152,6071.847015783501,1102188.7875420214,0.30253048863893406
1556.6146067152,3900.4879893164502,1012641.8629263324,-0.009614340685921978
1556.6146067152,3900.4879893164502,1019585.2679640211,-0.010294861283611885
1556.6146067152,3900.4879893164502,1018396.4502768067,-0.010151286763391188
1556.6146067152,3900.4879893164502,1019859.6527033802,-0.008606285255596252
1556.6146067152,3900.4879893164502,1023034.6525260629,-0.010585172835273464
1556.6146067152,3900.4879893164502,1010388.0507792863,-0.018584939922953868
1556.6146067152,3900.4879893164502,1012540.6942980997,-0.014851635991790558
1556.6146067152,3900.4879893164502,1015516.540409467,-0.012263481989635809
1556.6146067152,3900.4879893164502,1016129.9503312167,-0.011672577018894102
1556.6146067152,3900.4879893164502,1006899.3240168213,-0.024286356034975587
1556.6146067152,4056.9444993721004,1027547.7324541919,0.005183213130371999
1556.6146067152,4056.9444993721004,1028281.5778960501,0.005024334634854125
1556.6146067152,4056.9444993721004,1036712.4551185116,0.0076589145834054205
1556.6146067152,4056.9444993721004,1052426.5719320858,0.020945462807899856
1556.6146067152,4056.9444993721004,1064602.6212371108,0.03009865283638944
1556.6146067152,4056.9444993721004,1063820.9717953112,0.02951088957288924
1556.6146067152,4056.9444993721004,1074332.6180245096,0.03412498984450912
1556.6146067152,4056.9444993721004,1080625.9419038787,0.03786796271725239
1556.6146067152,4201.34375502045,1101378.5287978214,0.06735743213308656
1556.6146067152,4201.34375502045,1114305.0372643573,0.06963238542275474
1556.6146067152,4201.34375502045,1106088.7943865773,0.06246662630096867
1556.6146067152,4201.34375502045,1113552.0202785558,0.07315615287206119
1556.6146067152,4201.34375502045,1118881.2067517056,0.06721744325909135
1556.6146067152,4201.34375502045,1131653.2907844745,0.07329082075920292
1556.6146067152,4201.34375502045,1149804.600188045,0.0862267658192643
1556.6146067152,4201.34375502045,1148223.7305183534,0.08655872138256104
1556.6146067152,4201.34375502045,1161069.708178336,0.08491876414216146
1556.6146067152,4201.34375502045,1175888.3247094667,0.09029032416726412
1556.6146067152,4201.34375502045,1186097.8870267598,0.09749915239682148
1556.6146067152,4201.34375502045,1198493.533569525,0.10769040200555484
1556.6146067152,4201.34375502045,1218395.6068175351,0.12042907730118375
1556.6146067152,4201.34375502045,1223660.3615009459,0.11977652915662802
1556.6146067152,4201.34375502045,1226729.6978832225,0.11562759688334498
1556.6146067152,4201.34375502045,1229514.8113776557,0.11203331488187712
1556.6146067152,4201.34375502045,1233583.5024289545,0.11259780674215167
1556.6146067152,4201.34375502045,1232230.8590010453,0.11523084103344225
1556.6146067152,4201.34375502045,1241013.6159247297,0.10670748001441399
1556.6146067152,4201.34375502045,1234251.8513073938,0.11187590305723027
1556.6146067152,4201.34375502045,1235976.9394006715,0.10696643509447441
1556.6146067152,4201.34375502045,1237789.3500070786,0.10600473023001816
1556.6146067152,4201.34375502045,1237836.8860462424,0.10592567190612376
1556.6146067152,4201.34375502045,1237803.1137094183,0.10600723349939538
1556.6146067152,4201.34375502045,1239174.2395723974,0.10075637824494678
1556.6146067152,4201.34375502045,1246855.3174410455,0.09618810684073618
1560.74184132889,4201.34375502045,1245638.142158547,0.08696960212414656
1581.81957663965,4201.34375502045,1247718.3631897487,0.07270226621246667
1632.65482037261,4201.34375502045,1248496.5642591137,0.06626218052997536
1632.65482037261,4201.34375502045,1264920.9376186936,0.057203939299573084
1644.4552802404098,4201.34375502045,1265707.313366045,0.05102673248544532
1644.91084117762,4201.34375502045,1272421.860491987,0.034069974486637254
1658.71541409136,4201.34375502045,1274369.2226200588,0.019608223901678212
1658.71541409136,4201.34375502045,1275191.960564323,0.024655601675711274
1674.20553681314,4201.34375502045,1274225.5732735123,0.009908251314023989
1693.36983921349,4201.34375502045,1266138.2082739496,-0.009277251465861475
1698.19918480745,4201.34375502045,1265097.5364899728,-0.01716028156992994
1698.19918480745,4201.34375502045,1268504.6450195527,-0.008496347847756871
1742.11021154285,4201.34375502045,1272566.5226056068,-0.02231533149527419
1742.11021154285,4201.34375502045,1269768.6945167878,-0.029640274077292163
1742.11021154285,4201.34375502045,1270186.3314020243,-0.029091714592746225
1789.3429131251,4201.34375502045,1270561.1530685127,-0.03518022532236797
1789.3429131251,4201.34375502045,1265298.8669394979,-0.04194861938154767
1789.3429131251,4201.34375502045,1261186.4671035921,-0.04995214052626016
1789.3429131251,4201.34375502045,1261420.0001202743,-0.04962892864421166
1789.3429131251,4201.34375502045,1261204.169485884,-0.04964474193286956
1789.3429131251,4201.34375502045,1255249.6199202533,-0.054300746381673454
1789.3429131251,4201.34375502045,1251923.170696829,-0.06150854199995129
1789.3429131251,4201.34375502045,1243282.951591009,-0.06532401044910001
1789.3429131251,4201.34375502045,1240597.4901273358,-0.06810478255312173
1789.3429131251,4201.34375502045,1226997.4948046422,-0.06908085642520143
1789.3429131251,4201.34375502045,1205171.294327316,-0.06104656198546209
1789.3429131251,4201.34375502045,1204087.771048587,-0.06161064613482918
1789.3429131251,4201.34375502045,1198961.0082720357,-0.061790523528033596
1789.3429131251,4201.34375502045,1193896.1571830176,-0.0600555343065625
1789.3429131251,4201.34375502045,1192267.4661958404,-0.05895799647679652
1789.3429131251,4201.34375502045,1200422.7622346685,-0.060749255603874355
1789.3429131251,4201.34375502045,1190244.4762462412,-0.052691599317628034
1789.3429131251,4201.34375502045,1193961.7096005774,-0.05299060795089064
1789.3429131251,4201.34375502045,1181572.3352317894,-0.04328881660576063
1830.37478340378,4201.34375502045,1176200.3809989896,-0.06590370398424608
1837.81852153622,4201.34375502045,1169192.4849766416,-0.08755782566649113
1892.83720450896,4201.34375502045,1166853.5191514904,-0.1125686532133824
1892.83720450896,4092.22940055801,1141606.1137784296,-0.08486893990703805
1892.83720450896,4092.22940055801,1131435.4156922188,-0.07834186944287877
1892.83720450896,4092.22940055801,1123877.9280707012,-0.07264596874508857
1892.83720450896,4092.22940055801,1127901.0930769325,-0.07606217412379326
1892.83720450896,4092.22940055801,1133177.5832619166,-0.07885611116284834
1892.83720450896,4092.22940055801,1120464.4239122767,-0.0629934384227805
1892.83720450896,4092.22940055801,1116075.9853000708,-0.060114813264982477
1892.83720450896,4092.22940055801,1113442.8662742204,-0.05833342506667244
1892.83720450896,4092.22940055801,1106870.989801543,-0.06128994688348609
1892.83720450896,4092.22940055801,1102392.3178522652,-0.056688201253258026
1892.83720450896,4092.22940055801,1109819.5053672288,-0.06206398224679993
1892.83720450896,4092.22940055801,1117845.6112621182,-0.07304911043324347
1892.83720450896,4092.22940055801,1117170.1555699466,-0.07220584443530281
1892.83720450896,4092.22940055801,1104976.0383299275,-0.07806229323551202
1892.83720450896,4092.22940055801,1099861.090741527,-0.07508908879390926
1892.83720450896,4092.22940055801,1092415.889877668,-0.07290765084091837
1892.83720450896,4092.22940055801,1092854.8655823972,-0.07303240742476953
1892.83720450896,4092.22940055801,1084575.939468414,-0.06625583134197824
1892.83720450896,4092.22940055801,1079030.8052279714,-0.06119609995687868
1892.83720450896,4092.22940055801,1069735.1717278834,-0.055466645955298696
1892.83720450896,4092.22940055801,1065246.4787709366,-0.05771449619723242
1892.83720450896,4092.22940055801,1066820.0362433568,-0.05642671323515859
1892.83720450896,4092.22940055801,1070006.5488564884,-0.05729278347918164
1892.83720450896,4092.22940055801,1071648.054435268,-0.05728615090417382
1892.83720450896,4092.22940055801,1086881.7658634735,-0.0630390191488736
1892.83720450896,4092.22940055801,1074379.4220475384,-0.06101846416562443
1892.83720450896,4092.22940055801,1053100.4142910745,-0.053049046496199286
1892.83720450896,4092.22940055801,1051765.4170740377,-0.05125952246871241
1892.83720450896,4092.22940055801,1050289.2117281687,-0.05117569595659654
1892.83720450896,4092.22940055801,1052503.411791085,-0.052228957400479836
1892.83720450896,3892.2173629693802,1034546.0440089641,-0.022174750997539763
1892.83720450896,3892.2173629693802,1033422.2609164232,-0.024206681768865052
1892.83720450896,3892.2173629693802,1026189.578308584,-0.029610119692648193
1892.83720450896,3892.2173629693802,1019316.2842051004,-0.041932761299661836
1892.83720450896,3892.2173629693802,1017311.6324888875,-0.04424207185417549
1892.83720450896,3892.2173629693802,1017551.1577222929,-0.04447418013755345
1892.83720450896,3892.2173629693802,1010832.65299316,-0.04864383053211969
1892.83720450896,3892.2173629693802,1014960.3095268757,-0.04330215411256728
1892.83720450896,3892.2173629693802,1017789.2219662555,-0.03241810977974135
1892.83720450896,3892.2173629693802,1017782.4066323623,-0.032437001388558456
1892.83720450896,3892.2173629693802,1018237.2104251503,-0.031042643034677436
1892.83720450896,3892.2173629693802,1008298.27864212,-0.04083083064356855
1892.83720450896,3892.2173629693802,1010713.0474495984,-0.032891711299260905
1892.83720450896,3892.2173629693802,1012851.3386730942,-0.02396181479935641
1892.83720450896,3892.2173629693802,1011064.8818534338,-0.030016981123681973
1898.98497442188,3892.2173629693802,1010585.4548939189,-0.03800395046882026
1898.98497442188,3892.2173629693802,1011171.452532173,-0.031569966584388605
1892.83720450896,3892.2173629693802,1009871.3705730896,-0.015406562203773077
1892.83720450896,3892.2173629693802,1008562.5627691357,-0.018209213046376706
1830.37478340378,3892.2173629693802,1008569.5011483897,-0.00840904203557448
1766.90267864933,3892.2173629693802,1007252.5710510924,0.00014026382741753684
1745.4999980957998,3892.2173629693802,1007087.7215642406,0.011960449551576715
1745.4999980957998,3892.2173629693802,1008346.3543567025,0.006589050816182624
1698.19918480745,3892.2173629693802,1010070.6504548357,0.016570652717642406
1698.19918480745,3892.2173629693802,1010195.0905354557,0.015855255104237898
1693.36983921349,3892.2173629693802,1008413.1891290145,0.02867304580825913
1698.19918480745,3892.2173629693802,1013542.520105914,0.013209800099668243
1745.4999980957998,3892.2173629693802,1013976.9459373777,0.004995809823809096
1745.4999980957998,3892.2173629693802,1019998.4682612885,-0.005905392907479812
1766.90267864933,3892.2173629693802,1021110.6796133695,-0.015952974624107233
1898.98497442188,3892.2173629693802,1022965.864019226,-0.028678888915722487
1898.98497442188,3892.2173629693802,1016506.2278358544,-0.021744991768102795
1766.90267864933,3892.2173629693802,1017324.8104594704,-0.009862322653709187
1766.90267864933,3892.2173629693802,1029335.4660775593,-0.011056857951271449
1766.90267864933,3892.2173629693802,1029613.3962260018,-0.012443040501842343
1766.90267864933,3892.2173629693802,1046995.0537154987,0.0048668609441406205
1766.90267864933,3892.2173629693802,1048480.5720317106,0.004796538468058455
1766.90267864933,3892.2173629693802,1042309.745873512,0.004879273301870014
1766.90267864933,3892.2173629693802,1050427.2608057018,0.004240341113179379
1766.90267864933,3892.2173629693802,1051605.9396940877,0.005246338157947236
1766.90267864933,3892.2173629693802,1052494.3505157344,0.005171416269304859
1766.90267864933,3892.2173629693802,1060631.7025692628,0.0008140730708101536
1766.90267864933,3901.34431229819,1070906.6246910556,0.015035945585738224
1766.90267864933,3901.34431229819,1057789.121804264,0.01045807732461914
1766.90267864933,3901.34431229819,1056159.310827267,0.009375857549671069
1766.90267864933,3901.34431229819,1067508.0699971556,0.01611596063936187
1766.90267864933,3901.34431229819,1069391.341643567,0.013896561808427934
1766.90267864933,3901.34431229819,1064068.4197125784,0.015758626321074398
1766.90267864933,3916.06441127052,1085000.0057466784,0.030044448643718302
1766.90267864933,3916.06441127052,1091802.4081986635,0.02510681002613141
1766.90267864933,3916.06441127052,1085332.304335433,0.022078217431082625
1766.90267864933,3916.06441127052,1091302.1466198175,0.02512206851636337
1766.90267864933,3916.06441127052,1094491.0539811628,0.025946830082590695
1766.90267864933,3916.06441127052,1099005.5077364808,0.026743997297492432
1766.90267864933,3916.06441127052,1085777.7063718901,0.017069247893885683
1766.90267864933,3916.06441127052,1092206.2565308218,0.01471133259500831
1766.90267864933,3916.06441127052,1107117.9498192575,0.028828427380454696
1766.90267864933,3916.06441127052,1112818.5767513455,0.035188817448227536
1766.90267864933,3916.06441127052,1112044.3025285597,0.03473646024472368
1766.90267864933,4500.88431891934,1144982.0846391486,0.08127845586949664
1766.90267864933,4500.88431891934,1164411.9456898929,0.10249086157801508
1766.90267864933,4500.88431891934,1166258.0151141973,0.10276939797065082
1766.90267864933,4500.88431891934,1158769.2086389568,0.09481346461897382
1766.90267864933,4500.88431891934,1149391.4952161054,0.10293204144757001
1766.90267864933,4500.88431891934,1167031.7208071263,0.1145855819582379
1766.90267864933,4500.88431891934,1169474.1496082095,0.11710492673030067
1766.90267864933,4500.88431891934,1177898.1895109913,0.11450135745384142
1766.90267864933,4500.88431891934,1179403.5224440235,0.11522779023219587
1766.90267864933,4500.88431891934,1178055.615555454,0.11416620268482071
1766.90267864933,4500.88431891934,1197552.8146495128,0.12033962166059105
1766.90267864933,4500.88431891934,1195902.2037050321,0.12044139982740197
1766.90267864933,4500.88431891934,1204862.651819573,0.1280744774254878
1766.90267864933,4500.88431891934,1209963.1064705248,0.13181583074553027
1766.90267864933,4500.88431891934,1202174.7002910902,0.12916619126129278
1766.90267864933,4500.88431891934,1193894.3762567104,0.12427510556680005
1766.90267864933,4500.88431891934,1213974.5147087055,0.13852626528489423
1766.90267864933,4500.88431891934,1221721.9817961596,0.13346956753993527
1766.90267864933,4500.88431891934,1223156.0230625365,0.1311951732791084
1766.90267864933,4500.88431891934,1218647.1626289738,0.1346379315916807
1766.90267864933,4500.88431891934,1227110.1847719834,0.12319513313545517
1766.90267864933,4500.88431891934,1231651.3729873572,0.12214220990003354
1766.90267864933,4500.88431891934,1240525.4492748198,0.11196773486651565
1766.90267864933,4500.88431891934,1245933.1612913692,0.10325550539483518
1766.90267864933,4500.88431891934,1243191.296397755,0.10976193684526737
1766.90267864933,4500.88431891934,1246710.429884357,0.10291749340597896
1766.90267864933,4500.88431891934,1256997.367183277,0.09189058492294169
1766.90267864933,4500.88431891934,1256815.4613372767,0.09501536317522967
1766.90267864933,4500.88431891934,1258683.7900216426,0.09423000744339899
1881.03040918634,4500.88431891934,1258717.057342727,0.087123659876032
1881.03040918634,4500.88431891934,1260756.1828159066,0.08225201300599974
1881.03040918634,4500.88431891934,1260872.984798076,0.08048096353874655
1881.03040918634,4500.88431891934,1255777.7108621816,0.0809979820393394
1881.03040918634,4500.88431891934,1256543.6531960962,0.075983231729829
1881.03040918634,4500.88431891934,1255915.417272537,0.07673386235561871
1881.03040918634,4500.88431891934,1255372.910633434,0.07954186541585465
1881.03040918634,4500.88431891934,1252680.7766811235,0.07043989296175626
1865.32539634592,4500.88431891934,1252918.411623252,0.07563425318012297
1769.38957809257,4500.88431891934,1252950.6180844223,0.07973224247660199
1865.32539634592,4500.88431891934,1252785.8073025018,0.07421028562917434
1881.03040918634,4500.88431891934,1249532.3304869933,0.05092881015729468
1881.03040918634,4500.88431891934,1248559.7113352183,0.05348675920841791
1881.03040918634,4500.88431891934,1247391.3252079166,0.048862648830017646
1898.98497442188,4500.88431891934,1241359.4290917101,0.03453503194374499
1881.03040918634,4500.88431891934,1242447.2763087084,0.040970319984589325
1881.03040918634,4500.88431891934,1240450.3989242346,0.0365236116489982
1881.03040918634,4500.88431891934,1238836.2645682194,0.02974184218871277
1923.15683266658,4500.88431891934,1237363.3102177586,0.005519116160587662
1923.15683266658,4500.88431891934,1224926.6142741856,-0.00297776690867861
1923.15683266658,4500.88431891934,1220924.1452032046,-0.010102189177126132
1923.15683266658,4500.88431891934,1229048.9907002565,-0.006008872572369688
1976.18019351112,4500.88431891934,1224148.587268332,-0.01875454159832126
1976.18019351112,4500.88431891934,1218845.5964383464,-0.03134650025047115
1976.18019351112,4500.88431891934,1222204.977819339,-0.03048282900018349
1976.18019351112,4500.88431891934,1219557.9797829152,-0.033522089029424204
1976.18019351112,4500.88431891934,1216622.1100944888,-0.0340566321992533
1976.18019351112,4500.88431891934,1209624.2179101128,-0.037407981278674354
1976.18019351112,4500.88431891934,1201883.7883397215,-0.03660376781219087
1976.18019351112,4500.88431891934,1183957.6854329202,-0.036893737182841085
1976.18019351112,4500.88431891934,1167021.308193061,-0.030135812678095314
1976.18019351112,4500.88431891934,1155533.4917290227,-0.02712884211412102
1976.18019351112,4500.88431891934,1142891.577975957,-0.02411514822986604
1976.18019351112,4500.88431891934,1145601.9939294872,-0.026724885225480034
1955.2752982552104,4500.88431891934,1152800.407840758,-0.0031433667861769828
1923.15683266658,4500.88431891934,1148545.750642978,0.017117716330402426
1881.03040918634,4500.88431891934,1148297.8168669085,0.04227391789976493
1881.03040918634,4500.88431891934,1142813.5092338661,0.04252606631713528
1881.03040918634,4500.88431891934,1147549.6857646687,0.03841890778368856
1881.03040918634,4500.88431891934,1134263.3755496463,0.033300116451253046
1881.03040918634,4500.88431891934,1123895.4440383634,0.04487487344001935
1881.03040918634,4500.88431891934,1110628.0582393585,0.05451688899690747
1881.03040918634,4500.88431891934,1103154.1495562242,0.06173024413412034
1881.03040918634,4500.88431891934,1093200.0116028755,0.06552178837662502
1881.03040918634,4500.88431891934,1092933.8541306285,0.06583335270010957
1881.03040918634,4500.88431891934,1092634.706739232,0.06567214836766977
1881.03040918634,4500.88431891934,1078996.0978641629,0.07469442123626424
1881.03040918634,4500.88431891934,1072224.1822950668,0.08491238673253934
1881.03040918634,4255.189900130875,1064013.579245612,0.10261567135010975
1881.03040918634,4224.960469252001,1047476.3502412654,0.12461190872132333
1881.03040918634,4452.9071372009375,1074683.7117030413,0.09416845872709267
1881.03040918634,4452.9071372009375,1067550.9803122345,0.09795866101401339
1881.03040918634,4452.9071372009375,1064273.9163298723,0.09866833131931298
1881.03040918634,4452.9071372009375,1056454.5610079304,0.10301362154315598
1881.03040918634,4452.9071372009375,1054874.9194373616,0.10463451692351339
1881.03040918634,4452.9071372009375,1040991.6513949856,0.10893340262785624
1881.03040918634,4452.9071372009375,1040905.18706875,0.10900054517569337
1881.03040918634,4452.9071372009375,1051272.2548601325,0.10146355726747584
1881.03040918634,4452.9071372009375,1054831.1768159731,0.09932676838004992
1881.03040918634,4452.9071372009375,1057658.0237662138,0.09548246129651691
1881.03040918634,4452.9071372009375,1062927.198928162,0.0892820461440882
1881.03040918634,4452.9071372009375,1046372.6364958271,0.10973922513374618
1881.03040918634,4452.9071372009375,1048598.4018583249,0.10967153013314992
1881.03040918634,4452.9071372009375,1056532.2667966513,0.11024946833207847
1881.03040918634,4452.9071372009375,1042847.6052128328,0.1275681454464245
1881.03040918634,4452.9071372009375,1040315.1924694321,0.12887381017524738
1881.03040918634,4452.9071372009375,1032955.2735180499,0.13572471502930591
1881.03040918634,4452.9071372009375,1016691.7974088286,0.13911299798902188
1881.03040918634,4452.9071372009375,1021723.1283366896,0.13933486788928656
1881.03040918634,4452.9071372009375,1021539.3536021592,0.13909418688604147
1881.03040918634,4452.9071372009375,1027012.0074004589,0.14606203739734605
1881.03040918634,4452.9071372009375,1032082.180120796,0.14531126606691921
1881.03040918634,4452.9071372009375,1022789.0857476192,0.15569575805856584
1881.03040918634,4452.9071372009375,1022253.517691182,0.15514717180737678
1881.03040918634,4452.9071372009375,1019307.3427820686,0.1556237719133278
1881.03040918634,4452.9071372009375,1016413.9175404275,0.15321484614504818
1881.03040918634,4452.9071372009375,1014911.2750409741,0.15060073699125714
1881.03040918634,4452.9071372009375,1012435.3048362498,0.14464613773444318
1881.03040918634,4452.9071372009375,1016411.4761051863,0.15009341965759904
1923.15683266658,4452.9071372009375,1012020.4456543073,0.13661260162023417
1923.15683266658,4452.9071372009375,1015698.1959237704,0.13658197071221015
1923.15683266658,4452.9071372009375,1021610.4792567384,0.14097764378458336
1955.2752982552104,4452.9071372009375,1021786.791325836,0.135956118039095
1976.18019351112,4452.9071372009375,1020598.0264996405,0.12210518812098152
1976.18019351112,4452.9071372009375,1020781.7294621574,0.12239486615785553
2021.06137396974,4452.9071372009375,1018237.247688305,0.11037167381941226
2021.06137396974,4452.9071372009375,1018647.7593202511,0.1111877059608366
2032.9648762353,4452.9071372009375,1020770.9298721378,0.09574853803470942
2038.71533158868,4452.9071372009375,1019005.3471099552,0.08493028630090113
2038.71533158868,4452.9071372009375,1018690.4648800489,0.08797723578017148
2046.73150570786,4452.9071372009375,1014988.9932176986,0.07561453025564557
2038.71533158868,4452.9071372009375,1015347.1600250294,0.0804418021609456
2063.87048046052,4452.9071372009375,1016672.3419010409,0.062423569096399886
2063.87048046052,4452.9071372009375,1014709.3580010318,0.06696761225444177
2063.87048046052,4452.9071372009375,1016962.497436778,0.057640149906004017
2063.87048046052,4452.9071372009375,1013672.1410523164,0.06660380769868024
2063.87048046052,4452.9071372009375,1014243.3469258305,0.06371356439553823
2063.87048046052,4452.9071372009375,1016404.4989375741,0.05867927460817017
2038.71533158868,4452.9071372009375,1016379.1115028037,0.06082114503273459
2063.87048046052,4452.9071372009375,1014207.5521655602,0.04417265433638358
2063.87048046052,4452.9071372009375,1006656.9018769122,0.04812336576081558
2063.87048046052,4452.9071372009375,1013105.5143691074,0.03626057135340221
2063.87048046052,4452.9071372009375,997219.8635155812,0.03194636829682468
2063.87048046052,4452.9071372009375,994154.5442922685,0.03594659278206204
2063.87048046052,4452.9071372009375,1000089.991627635,0.03250786033818302
2063.87048046052,4452.9071372009375,995846.5421092988,0.03412714447662931
2063.87048046052,4452.9071372009375,999899.3972920475,0.037257908920984975
2063.87048046052,4452.9071372009375,996951.9788612997,0.04163653966667108
2063.87048046052,4452.9071372009375,996976.6807695589,0.041634439218246076
2063.87048046052,4452.9071372009375,983667.0741725623,0.03126312429212828
2063.87048046052,4452.9071372009375,988978.1917843247,0.02683269839275711
2063.87048046052,4452.9071372009375,997351.3454412514,0.033177212866221446
2063.87048046052,4452.9071372009375,1000848.912050562,0.037220645179369315
2063.87048046052,4452.9071372009375,1005758.340001414,0.033999722740173634
2063.87048046052,4452.9071372009375,1007167.293449128,0.03134681138396028
2063.87048046052,4452.9071372009375,996750.891142386,0.020743607368413325
2063.87048046052,4452.9071372009375,1015800.5422764113,0.0421794089839884
2063.87048046052,4452.9071372009375,1025092.9412783906,0.04527329001541861
2063.87048046052,4452.9071372009375,1023985.3872732266,0.044819186591810285
2063.87048046052,4452.9071372009375,1031772.0110007732,0.04984437801657364
2063.87048046052,4452.9071372009375,1046563.7363016001,0.06487389073132939
2063.87048046052,4454.0669731130965,1075798.7173283838,0.09828381189344432
2063.87048046052,4454.0669731130965,1090247.7603314093,0.10775891122096888
2063.87048046052,4454.0669731130965,1082572.625273086,0.10221597778358066
2063.87048046052,4672.139199828417,1107172.0381245036,0.14527998542964887
2063.87048046052,4672.139199828417,1117086.5147902607,0.1502831119463451
2063.87048046052,4672.139199828417,1114783.0793297882,0.145796079814952
2063.87048046052,4672.139199828417,1120861.6987863486,0.15570773193707108
2063.87048046052,4672.139199828417,1118604.4779073927,0.1568538267541583
2063.87048046052,4672.139199828417,1140925.3034858091,0.1845285597519852
2063.87048046052,4672.139199828417,1157099.4883358567,0.17426918871903171
2063.87048046052,4672.139199828417,1150298.9896748723,0.16993746287776365
2063.87048046052,4672.139199828417,1153346.2921042894,0.17239000099480145
2063.87048046052,4672.139199828417,1163246.0648934387,0.17657644571186
2063.87048046052,4672.139199828417,1171031.8099015278,0.180172827499648
2063.87048046052,4672.139199828417,1175820.3056151909,0.18234454799041816
2063.87048046052,4672.139199828417,1189039.0979499386,0.19874992899831126
2063.87048046052,4672.139199828417,1209343.5076855072,0.20780354228926756
2063.87048046052,4672.139199828417,1211286.881733268,0.20924591411989446
2063.87048046052,4672.139199828417,1208914.6143784737,0.20852747597164448
2063.87048046052,4672.139199828417,1229529.4933345253,0.21778219214926736
2063.87048046052,4672.139199828417,1242911.524895793,0.2214591555579322
2063.87048046052,4672.139199828417,1233646.7857321429,0.21647034383105504
2063.87048046052,4672.139199828417,1237530.7485622843,0.21548324423029178
2063.87048046052,4672.139199828417,1247195.076123685,0.20845458265178146
2063.87048046052,4672.139199828417,1257254.3774990735,0.20033381243223652
2063.87048046052,4672.139199828417,1266272.3062595795,0.1996496893083644
2063.87048046052,4672.139199828417,1277469.1142860048,0.20120123849558078
2063.87048046052,4672.139199828417,1283530.2317931494,0.19996886067288752
2063.87048046052,4672.139199828417,1282592.8477239714,0.20150314527861862
2063.87048046052,4672.139199828417,1293840.604151289,0.18661382243877103
2063.87048046052,4672.139199828417,1307708.5592603644,0.18206273447273938
2063.87048046052,4672.139199828417,1303426.2771160952,0.18643046883287545
2075.37922174381,4672.139199828417,1303661.4945927847,0.17636118200336898
2075.37922174381,4672.139199828417,1310622.0503690462,0.17377099194135942
2075.37922174381,4672.139199828417,1314841.7561504636,0.16068067940060182
2075.37922174381,4672.139199828417,1321789.393341835,0.1526253242630148
2093.00896866364,4672.139199828417,1325440.4788097271,0.1388225077784831
2093.00896866364,4672.139199828417,1336488.9342640066,0.13558988940210354
2093.00896866364,4672.139199828417,1345834.7965532287,0.12241508963344819
2093.00896866364,4672.139199828417,1350559.983262142,0.11582335967582875
2109.07020380443,4672.139199828417,1356341.382124221,0.10063893547229716
2112.15777698498,4672.139199828417,1361338.698033074,0.08245493467521203
2114.61978331005,4672.139199828417,1365386.9839912693,0.061771382906901824
2183.66021609989,4672.139199828417,1364161.1342825594,0.05304736139596165
2185.70225922099,4672.139199828417,1370434.4111238923,0.03687494373709437
2183.66021609989,4672.139199828417,1369621.652898587,0.04653730041962326
2114.61978331005,4672.139199828417,1371378.7747326356,0.05525151836555059
2183.66021609989,4672.139199828417,1370141.1722114913,0.04516777843436824
2185.70225922099,4672.139199828417,1371065.0000705118,0.03525078871987495
2280.90116127187,4672.139199828417,1368178.1868432625,0.020385432219907507
2322.93327185053,4672.139199828417,1366101.537774016,0.006235574089767501
2322.93327185053,4672.139199828417,1365088.3155550342,-0.0009089598950092924
2289.74997275415,4672.139199828417,1363877.6569510675,0.011489821510777697
2289.74997275415,4672.139199828417,1362442.5345526454,0.004761459402840665
2322.93327185053,4672.139199828417,1362129.920888355,-0.012299869528342847
2322.93327185053,4672.139199828417,1347245.512546955,-0.017906491374255915
2322.93327185053,4672.139199828417,1346778.9935310602,-0.021169806403589023
2322.93327185053,4672.139199828417,1346302.6179685842,-0.023901121177365016
2353.21208677508,4672.139199828417,1332792.9242963134,-0.03742566429025165
2353.21208677508,4672.139199828417,1332388.1686554824,-0.037708421659359045
2353.21208677508,4672.139199828417,1324835.1455076383,-0.04134455972839566
2353.21208677508,4672.139199828417,1320373.6082022402,-0.047028043140108514
2353.21208677508,4672.139199828417,1314406.7382358154,-0.04941375524813938
2353.21208677508,4672.139199828417,1313473.544971251,-0.050864713857873514
2353.21208677508,4672.139199828417,1310518.808263052,-0.052677853334003995
2353.21208677508,4672.139199828417,1310074.0627629068,-0.05274499114635038
2353.21208677508,4672.139199828417,1315364.9500928859,-0.05309444551295338
2353.21208677508,4672.139199828417,1293223.7174616924,-0.048612100962429974
2353.21208677508,4672.139199828417,1278508.6482764464,-0.04498020950631917
2353.21208677508,4672.139199828417,1276898.7688772732,-0.047008333131480055
2353.21208677508,4672.139199828417,1287637.6368197713,-0.05420977484311823
2353.21208677508,4672.139199828417,1280257.1895330895,-0.05885834418173218
2353.21208677508,4672.139199828417,1261131.3160983312,-0.04905531857847621
2353.21208677508,4672.139199828417,1268153.3795729314,-0.045050450671064605
2353.21208677508,4672.139199828417,1255336.3044624487,-0.04195452460313155
2353.21208677508,4672.139199828417,1250945.9973383704,-0.042070433295557916
2353.21208677508,4672.139199828417,1239614.5970684164,-0.03959812274771162
2353.21208677508,4672.139199828417,1236659.0382336217,-0.0401887016359688
2353.21208677508,4672.139199828417,1221852.0238884494,-0.029618172683125863
2353.21208677508,4672.139199828417,1221297.5927409753,-0.029591464298522066
2353.21208677508,4672.139199828417,1225662.5790908379,-0.03114709893208266
2353.21208677508,4672.139199828417,1210327.6933917652,-0.0206057887524181
2353.21208677508,4672.139199828417,1192337.6584188296,0.0033904214613740273
2353.21208677508,4672.139199828417,1182825.4587371992,0.0036617718626933814
2353.21208677508,4171.492114423344,1152736.7528162447,0.05069706079167367
2353.21208677508,4171.492114423344,1144975.7218515694,0.050341553304771976
2353.21208677508,4171.492114423344,1146819.0447149274,0.0490835400242692
2353.21208677508,4171.492114423344,1147982.4661905065,0.04838147143879699
2353.21208677508,4171.492114423344,1135045.981357696,0.05731404486702002
2353.21208677508,4171.492114423344,1134668.3824988175,0.057122942190614805
2353.21208677508,4171.492114423344,1136481.2163635714,0.054810819110321374
2353.21208677508,4171.492114423344,1118523.2091529334,0.07192438570911248
2353.21208677508,4171.492114423344,1104777.7457157688,0.08081818558044121
2353.21208677508,4156.526837723301,1091849.8268463619,0.10066750013486046
2353.21208677508,4036.2100150098067,1072310.966217499,0.12479635955983738
2353.21208677508,4036.2100150098067,1073517.4410652719,0.12345398731513574
2353.21208677508,4036.2100150098067,1072866.8074212885,0.12415729822295216
2353.21208677508,4036.2100150098067,1065633.5548289807,0.13249807650592602
2353.21208677508,4036.2100150098067,1064476.3411048804,0.13387197553620162
2353.21208677508,4036.2100150098067,1053269.4808324196,0.13637502879490593
2353.21208677508,4036.2100150098067,1047673.5243083263,0.14140815317723562
2353.21208677508,4036.2100150098067,1055107.7991018419,0.141255825396105
2353.21208677508,4036.2100150098067,1058717.2803896207,0.1359105288064122
2353.21208677508,4036.2100150098067,1058971.2656796689,0.1358912808536966
2353.21208677508,4036.2100150098067,1058195.7245116783,0.13657266976561278
2353.21208677508,4036.2100150098067,1050349.1126669322,0.14427084636226442
2353.21208677508,4036.2100150098067,1043397.263776753,0.15013805452402612
2353.21208677508,4036.2100150098067,1051586.0162795743,0.1431730729808783
2353.21208677508,4036.2100150098067,1044336.803139313,0.14354097133554533
2353.21208677508,4036.2100150098067,1042120.9800640472,0.14262305097082598
2353.21208677508,4036.2100150098067,1040198.6681555064,0.1409374583924509
2353.21208677508,4036.2100150098067,1044698.076053296,0.14272593243617254
2353.21208677508,4036.2100150098067,1047078.9026729142,0.14058520687494036
2354.0975831597502,4036.2100150098067,1046722.3486928436,0.1332761488017418
2355.06107756285,4036.2100150098067,1032776.578030094,0.1279325676009269
2355.06107756285,4036.2100150098067,1022788.7901498071,0.13181771442934812
2355.06107756285,4036.2100150098067,1029263.1424823418,0.13953168957464634
2355.06107756285,4036.2100150098067,1030719.7653012179,0.1457543555418121
2355.06107756285,4036.2100150098067,1025620.8465112374,0.1408812875898194
2355.06107756285,4036.2100150098067,1032919.4868259409,0.14690982440611955
2355.06107756285,4036.2100150098067,1028312.9741755213,0.14173968987734648
2354.0975831597502,4036.2100150098067,1028083.1534265256,0.14965321535252582
2355.06107756285,4036.2100150098067,1029217.8104811253,0.13550616588374095
2355.06107756285,4036.2100150098067,1030316.2562582054,0.1386557219244978
2378.59744344274,4036.2100150098067,1034719.957386411,0.11934987217803911
2386.43344628618,4036.2100150098067,1033896.2061554197,0.10049920021595446
2386.43344628618,4036.2100150098067,1033545.8456222161,0.10408085594598804
2392.43858923788,4036.2100150098067,1033542.4070810885,0.10381404169647819
2392.43858923788,4036.2100150098067,1033980.2776486254,0.10161748805760862
2392.64451123552,4036.2100150098067,1037063.0615189056,0.0855188887156411
2453.4142460664702,4036.2100150098067,1041627.9125848912,0.07212105558519137
2453.4142460664702,4036.2100150098067,1042249.7000795768,0.06974358641915789
2475.7445623090803,4036.2100150098067,1041149.3839769656,0.06026661550162667
2486.74123235463,4036.2100150098067,1046053.0059747953,0.04603748405032994
2486.74123235463,4036.2100150098067,1051256.9812288573,0.035001495853439306
2486.74123235463,4036.2100150098067,1049593.35959319,0.03914903233057861
2486.74123235463,4036.2100150098067,1049837.5586436212,0.03675543158180117
2486.74123235463,4036.2100150098067,1052251.425438462,0.027875952459602928
2486.74123235463,4036.2100150098067,1053762.6140578256,0.02660073401620933
2486.74123235463,4036.2100150098067,1056170.0400599402,0.021049091499168244
2486.74123235463,4036.2100150098067,1050565.0693028148,0.02663705563909959
2508.7776518049104,4036.2100150098067,1052485.0283685,0.017972322057693623
2508.7776518049104,4036.2100150098067,1060029.2362070815,0.01546006109060684
2508.7776518049104,4036.2100150098067,1068264.0753982603,0.011136068335364485
2508.7776518049104,4036.2100150098067,1074122.8390386235,0.008355949227207561
2508.7776518049104,4036.2100150098067,1070129.1600071213,0.009238460650152176
2508.7776518049104,4036.2100150098067,1068380.3245127297,0.00898846172858435
2508.7776518049104,4036.2100150098067,1069002.4383331323,0.008194342292374666
2508.7776518049104,4036.2100150098067,1083364.0302882234,0.004239491980087055
2508.7776518049104,4036.2100150098067,1082024.633853589,0.006334377885628823
2508.7776518049104,4036.2100150098067,1075479.7838876275,0.001607752894466684
2508.7776518049104,4036.2100150098067,1077555.3537233104,0.002030247298342146
2508.7776518049104,4036.2100150098067,1081366.972912287,0.0006165012740067961
2508.7776518049104,4245.4886628567665,1107005.38315312,0.037320733972182815
2508.7776518049104,4245.4886628567665,1125206.0407314089,0.06464142028021876
2508.7776518049104,4245.4886628567665,1112463.0545548575,0.05261488557780352
2508.7776518049104,4245.4886628567665,1116655.2010870874,0.0561942727718318
2508.7776518049104,4245.4886628567665,1128331.2155720585,0.05933692827256569
2508.7776518049104,4245.4886628567665,1118120.2940462139,0.044022426226150865
2508.7776518049104,4245.4886628567665,1126139.6114001512,0.05051812025218962
2508.7776518049104,4245.4886628567665,1116124.7049827722,0.04140310337993213
2508.7776518049104,4245.4886628567665,1099949.298376556,0.03453840870400212
2508.7776518049104,4245.4886628567665,1110530.4867066108,0.03101053047776968
2508.7776518049104,4245.4886628567665,1108849.0438725313,0.02843039910986099
2508.7776518049104,4245.4886628567665,1110894.7681908447,0.029376242411818385
2508.7776518049104,4245.4886628567665,1123551.3188800807,0.03651390603936415
2508.7776518049104,4245.4886628567665,1123381.2273033757,0.03644228600998641
2508.7776518049104,4245.4886628567665,1130424.6593550988,0.04213217376497021
2508.7776518049104,4245.4886628567665,1140042.7270523608,0.050329684746214166
2508.7776518049104,4245.4886628567665,1147433.7140224657,0.05473330947605263
2508.7776518049104,4245.4886628567665,1135585.205771059,0.04521670245181242
2508.7776518049104,4245.4886628567665,1144782.383773644,0.057681311400715356
2508.7776518049104,4245.4886628567665,1148359.9456155666,0.05998263812909199
2508.7776518049104,4245.4886628567665,1149523.765953695,0.05963029472749178
2508.7776518049104,4245.4886628567665,1142676.7567096464,0.054816829715487084
2508.7776518049104,4245.4886628567665,1145361.7164202859,0.056828086201267
2508.7776518049104,4245.4886628567665,1148260.8691770912,0.05644426819034145
2508.7776518049104,4245.4886628567665,1146871.8946470292,0.05752883770676328
2508.7776518049104,4245.4886628567665,1147990.1687559953,0.05723415645425532
2508.7776518049104,4245.4886628567665,1154103.5016521486,0.05811985734614806
2508.7776518049104,4245.4886628567665,1158603.4318884031,0.059741016744525435
2508.7776518049104,4245.4886628567665,1171465.3546872805,0.072296161103714
2508.7776518049104,4245.4886628567665,1172254.0092054908,0.07211646552559585
2508.7776518049104,4245.4886628567665,1177621.5630773106,0.06316931374830131
2508.7776518049104,4245.4886628567665,1177755.2257279814,0.06312238240593387
2508.7776518049104,4245.4886628567665,1184385.6059983072,0.0669448099908104
2508.7776518049104,4245.4886628567665,1188520.1822917324,0.059058666788872394
2509.0590791388,4245.4886628567665,1196003.0311534263,0.045378955646514514
2509.0590791388,4245.4886628567665,1212811.8533115382,0.056051706490916765
2509.0590791388,4245.4886628567665,1213404.3216430559,0.054749902975017986
2509.0590791388,4245.4886628567665,1212691.5677526442,0.05557485135276359
2509.0590791388,4245.4886628567665,1215451.5733706083,0.051050418264996705
2509.0590791388,4245.4886628567665,1207773.4329346772,0.059383769044503217
2509.0590791388,4245.4886628567665,1208499.2889774856,0.058989164307139325
2509.0590791388,4245.4886628567665,1206001.524785136,0.0684789123851659
2509.0590791388,4245.4886628567665,1205840.8550290568,0.06872296463903735
2509.0590791388,4245.4886628567665,1204198.7508095151,0.07223151359902424
2509.0590791388,4245.4886628567665,1202474.789588369,0.07576636287116881
2524.09589472618,4245.4886628567665,1209441.4778703945,0.05909919615289048
2524.09589472618,4245.4886628567665,1210611.3510761457,0.057988891570566484
2526.20589695055,4245.4886628567665,1218151.9261763962,0.036769178162950944
2536.62975867519,4245.4886628567665,1218286.7994773313,0.013053375720803251
2642.72468628192,4245.4886628567665,1219451.8038657338,0.0031317727978983374
2630.75637422384,4245.4886628567665,1219424.979599018,0.0034791904666915353
2642.72468628192,4245.4886628567665,1220285.6798118807,-0.0032182350012094013
2745.4599568219896,4245.4886628567665,1221004.7141917672,-0.009136353794238095
2745.4599568219896,4245.4886628567665,1220615.5336326987,-0.014537973237458139
2745.4599568219896,4245.4886628567665,1219785.8630833183,-0.016268199086738804
2764.7729323985,4245.4886628567665,1219737.7888562928,-0.027883286724489503
2745.4599568219896,4245.4886628567665,1219997.4702905312,-0.01861434730119621
2745.4599568219896,4245.4886628567665,1219380.309242772,-0.01970906726875211
2745.4599568219896,4245.4886628567665,1218543.0633090658,-0.024490199902666394
2745.4599568219896,4245.4886628567665,1218009.644447513,-0.026261321462386758
2745.4599568219896,4245.4886628567665,1217919.227404648,-0.03239869244427525
2745.4599568219896,4245.4886628567665,1210792.8961647353,-0.0385677868746036
2745.4599568219896,4245.4886628567665,1205496.9931210626,-0.05317193773702916
2745.4599568219896,4245.4886628567665,1202664.9324113873,-0.05965962735889946
2745.4599568219896,4245.4886628567665,1196567.4369080774,-0.06705703328069886
2745.4599568219896,4245.4886628567665,1193926.2844917085,-0.07024913494938667
2745.4599568219896,4245.4886628567665,1186644.6160882523,-0.08258128546375648
2745.4599568219896,4245.4886628567665,1177950.4749298466,-0.08360518376120997
2745.4599568219896,4245.4886628567665,1164719.6404628057,-0.07862690883155779
2745.4599568219896,4245.4886628567665,1162940.5526525301,-0.08089657485445037
2745.4599568219896,4245.4886628567665,1157716.7682080227,-0.08418618779483945
2745.4599568219896,4245.4886628567665,1152521.515248262,-0.09717740052672127
2745.4599568219896,4089.4919420703054,1128307.860401108,-0.07650059723292213
2745.4599568219896,4089.4919420703054,1125434.0561415914,-0.07998361047922456
2745.4599568219896,4089.4919420703054,1121906.0689707987,-0.08052507993277645
2745.4599568219896,4089.4919420703054,1107982.6412099507,-0.08479699671712632
2745.4599568219896,4089.4919420703054,1102890.5211571567,-0.08657845983970787
2745.4599568219896,4089.4919420703054,1095806.8940894434,-0.0876745285738276
2745.4599568219896,4089.4919420703054,1092284.6826706335,-0.08799271559833977
2745.4599568219896,4089.4919420703054,1095115.796570039,-0.08952810622237663
2745.4599568219896,4089.4919420703054,1093635.0577535713,-0.0886247306421161
2745.4599568219896,4089.4919420703054,1085627.3970588096,-0.08691796267706552
2745.4599568219896,4089.4919420703054,1081304.4022995736,-0.08182684473434952
2745.4599568219896,4089.4919420703054,1072657.116832545,-0.0828260067542468
2745.4599568219896,4089.4919420703054,1071167.6183171715,-0.0808260105676569
2745.4599568219896,4089.4919420703054,1081593.559550258,-0.08753876225450571
2745.4599568219896,4089.4919420703054,1084277.8452102488,-0.09038107822270483
2745.4599568219896,4089.4919420703054,1086767.6446750546,-0.09039925837035108
2745.4599568219896,4089.4919420703054,1072520.6046096433,-0.08374225971842465
2745.4599568219896,4089.4919420703054,1076811.7156932978,-0.08968057749096556
2745.4599568219896,4089.4919420703054,1079456.30544694,-0.09111439939222006
2745.4599568219896,4089.4919420703054,1080815.4398616944,-0.09138519573144938
2745.4599568219896,4044.459045946852,1077460.7920736235,-0.08573601395323349
2745.4599568219896,4044.459045946852,1079388.5107449347,-0.08663612756211686
2745.4599568219896,4044.459045946852,1082486.9561440751,-0.08758847377189648
2745.4599568219896,4044.459045946852,1068604.427554507,-0.08069483198113499
2745.4599568219896,4044.459045946852,1064765.378597473,-0.08036301233938108
2745.4599568219896,4044.459045946852,1064178.4124328762,-0.07953780094348846
2745.4599568219896,4044.459045946852,1063343.3488994017,-0.07847207457969331
2745.4599568219896,4044.459045946852,1062422.1737699716,-0.07758045642718585
2745.4599568219896,4078.121428095844,1069053.5234805793,-0.08818660613445761
2745.4599568219896,4078.121428095844,1080884.6248796845,-0.09260825072637699
2745.4599568219896,4078.121428095844,1072740.306651993,-0.09196042845334752
2745.4599568219896,4078.121428095844,1068286.9003497723,-0.08881315793208212
2745.4599568219896,4078.121428095844,1047967.1908380808,-0.07211134821915652
2745.4599568219896,4078.121428095844,1041292.2869240238,-0.07277290468859283
2745.4599568219896,4078.121428095844,1036938.3227434908,-0.0687633646628571
2745.4599568219896,4078.121428095844,1033553.0499993847,-0.06679323492122285
2745.4599568219896,4078.121428095844,1022569.9983778753,-0.07410339302335238
2745.4599568219896,4078.121428095844,1009209.5596890264,-0.06050965403011405
2745.4599568219896,4078.121428095844,1007876.8902179867,-0.06112306485539689
2745.4599568219896,4078.121428095844,1002655.3267382364,-0.06658911096652546
2745.4599568219896,4078.121428095844,1002671.233402711,-0.06658154270836088
2745.4599568219896,4078.121428095844,994972.0219838241,-0.0663297657536639
2745.4599568219896,4078.121428095844,986923.3785682761,-0.05765203379007914
2745.4599568219896,4078.121428095844,986767.6146060904,-0.06177439907142594
2745.4599568219896,4078.121428095844,992081.2293223101,-0.05436092560447372
2745.4599568219896,4078.121428095844,993283.4520138183,-0.05435003708721568
2745.4599568219896,4078.121428095844,986375.4580141498,-0.05370218057082038
2764.7729323985,4078.121428095844,982659.0747880113,-0.06887038125032144
2764.7729323985,4078.121428095844,988339.8435162479,-0.06694121679969914
2764.7729323985,4078.121428095844,977550.3026333763,-0.06846361222016918
2764.7729323985,4078.121428095844,979392.4441368172,-0.06668421922887154
2764.7729323985,4078.121428095844,981307.2913041587,-0.06327371928873099
2745.4599568219896,4078.121428095844,981412.4604635331,-0.054321763194221905
2745.4599568219896,4078.121428095844,977347.3018770138,-0.0664018099544524
2745.4599568219896,4078.121428095844,976517.0993302438,-0.06486633625397988
2721.42085528849,4078.121428095844,976581.1353290554,-0.055847026686014496
2745.4599568219896,4078.121428095844,976368.17580659,-0.0626695727550492
2745.4599568219896,4078.121428095844,982742.0679619095,-0.054603188512165036
2764.7729323985,4078.121428095844,982826.4185864642,-0.05580799413152718
2764.7729323985,4078.121428095844,985231.9240468513,-0.05921296123882206
2764.7729323985,4078.121428095844,984020.3955867828,-0.05645664596606418
