1.5930555555556003,1.3311111111110698,0.08319728568478604,0.0663406977148713
1.5930555555556003,1.3311111111110698,0.0831655698970225,0.061975166265187676
1.5930555555556003,1.3311111111110698,0.08267470580019952,0.057862577014367284
1.5930555555556003,1.3311111111110698,0.08228055367420078,0.062203753798092926
1.5930555555556003,1.3311111111110698,0.08209086305101199,0.06445557495880766
1.5930555555556003,1.3311111111110698,0.08193177327978919,0.06671040017216454
1.5930555555556003,1.3311111111110698,0.0822696991413062,0.06214742905025527
1.5930555555556003,1.3311111111110698,0.08268063588392217,0.06456035028055479
1.5930555555556003,1.3311111111110698,0.08274841460901797,0.06574017304310792
1.5930555555556003,1.3311111111110698,0.08274893436126335,0.06575178331361436
1.5930555555556003,1.3311111111110698,0.08285421005958948,0.06930139708997023
1.5880555555556002,1.3311111111110698,0.08290566574214764,0.07651403480284474
1.5838888888889,1.3311111111110698,0.08285439062549248,0.08266145092213095
1.5838888888889,1.3311111111110698,0.08282005261488691,0.08412449371710076
1.5838888888889,1.3311111111110698,0.08274973366640112,0.0775932213014766
1.5816666666667,1.3311111111110698,0.08273413761299898,0.08363359804700522
1.5816666666667,1.3311111111110698,0.08272046436070116,0.08276466189521717
1.5791666666667,1.3311111111110698,0.08273478767681008,0.08820388833306077
1.5788888888889,1.3311111111110698,0.08234431977694777,0.10231800015089752
1.5788888888889,1.3311111111110698,0.08247823351412197,0.10034011851968881
1.5788888888889,1.3311111111110698,0.08247186428318938,0.10036304764847914
1.5788888888889,1.3311111111110698,0.08260448048790575,0.09631726709221475
1.5788888888889,1.3311111111110698,0.0826260847511026,0.09359842080261892
1.5788888888889,1.3311111111110698,0.08254409904409572,0.09215064734083145
1.5788888888889,1.3311111111110698,0.08248541613822863,0.09273515405079454
1.5788888888889,1.3311111111110698,0.08218418720886182,0.09803703633327782
1.5788888888889,1.3311111111110698,0.08186482035374967,0.1050782809477263
1.5788888888889,1.3311111111110698,0.08201415894646903,0.10099687177902986
1.5788888888889,1.3311111111110698,0.08201415894646905,0.10099687177903212
1.5788888888889,1.3011111111110698,0.08155302634916638,0.1164238409477433
1.5788888888889,1.3022222222221798,0.0828998286195424,0.08300228067936934
1.5788888888889,1.3022222222221798,0.08375832591857925,0.08081536369767782
1.5788888888889,1.3022222222221798,0.0839268654418834,0.08227707098619845
1.5788888888889,1.3022222222221798,0.08382193799914199,0.078697688430202
1.5788888888889,1.3022222222221798,0.083727930217411,0.07816132226423789
1.5788888888889,1.3022222222221798,0.08389919439232121,0.08201327305696869
1.5763888888889,1.3022222222221798,0.08393709504366872,0.08780110794469305
1.5788888888889,1.3022222222221798,0.08393869889960734,0.08458671203530628
1.5788888888889,1.3022222222221798,0.08395499614543507,0.08632178531364208
1.5788888888889,1.3022222222221798,0.08396882984419411,0.08757965745024415
1.5788888888889,1.3022222222221798,0.08394521772047078,0.08675565020527029
1.5763888888889,1.3022222222221798,0.08399517595436891,0.09869776066580876
1.5686111111111,1.3022222222221798,0.08328752395962256,0.1129732032901479
1.5686111111111,1.3022222222221798,0.08251758466323206,0.11360089536342448
1.5686111111111,1.3022222222221798,0.08206759409214556,0.1187246174554117
1.5686111111111,1.3022222222221798,0.08206477387872453,0.1194411152047364
1.5686111111111,1.3022222222221798,0.08184037780504805,0.1117413076182687
1.5686111111111,1.3022222222221798,0.08159686205322933,0.11091435778661442
1.5686111111111,1.3022222222221798,0.08090196691336936,0.1184926673508359
1.5686111111111,1.3022222222221798,0.08034920079999851,0.12814102620980175
1.5686111111111,1.3022222222221798,0.08052103391354504,0.12442965080170194
1.5686111111111,1.3022222222221798,0.08105116327557982,0.11268385973017071
1.5686111111111,1.3022222222221798,0.0807907416482202,0.12109406829877807
1.5686111111111,1.3022222222221798,0.0806451752516277,0.1258536828169247
1.5686111111111,1.3022222222221798,0.08157750204293307,0.10222695593327479
1.5686111111111,1.3022222222221798,0.08243317249400267,0.09168384065585776
1.5686111111111,1.3022222222221798,0.08246142159017718,0.0919783566391965
1.5686111111111,1.3022222222221798,0.08251612206945816,0.09281639724308685
1.5686111111111,1.3022222222221798,0.08258408086245109,0.09390884939254963
1.5661111111111,1.3022222222221798,0.08267826348854948,0.10302339546643739
1.5661111111111,1.3022222222221798,0.08263713332926283,0.10771278706792055
1.5661111111111,1.3022222222221798,0.08263956306725856,0.10715612374159425
1.5527777777778,1.3022222222221798,0.08264746330138774,0.11062981581433745
1.5527777777778,1.3022222222221798,0.08277428581515371,0.10443995555642592
1.5527777777778,1.3022222222221798,0.0824882157397357,0.1122317104182063
1.5527777777778,1.3022222222221798,0.08197806209492951,0.12227970875334696
1.5527777777778,1.3022222222221798,0.08064067841252712,0.12514521716823807
1.5527777777778,1.3022222222221798,0.0794833859615011,0.10824127270931275
1.5527777777778,1.3022222222221798,0.08010932863702853,0.1202567400548705
1.5527777777778,1.3022222222221798,0.08098629568319766,0.12935321129370222
1.5527777777778,1.3022222222221798,0.08178572068548833,0.12541336347440557
1.5527777777778,1.3022222222221798,0.08162478211131716,0.12920902321683747
1.5661111111111,1.3022222222221798,0.081890237229026,0.11046042788671988
1.5686111111111,1.3022222222221798,0.08148825919352469,0.09321922499629913
1.5686111111111,1.3022222222221798,0.08085831388343508,0.08566050624444455
1.5686111111111,1.3022222222221798,0.08025748582121837,0.07923898930088365
1.5686111111111,1.3022222222221798,0.07942206551080772,0.08690140124793387
1.5686111111111,1.3022222222221798,0.07829825689052336,0.10317263419526933
1.5686111111111,1.3022222222221798,0.07858889982288898,0.0996412557844099
1.5686111111111,1.3022222222221798,0.07887720668665071,0.103533585389448
1.5686111111111,1.3022222222221798,0.07882702988345958,0.09928749941303097
1.5686111111111,1.3022222222221798,0.07882089873258764,0.0990217039848498
1.5686111111111,1.3022222222221798,0.07895542030266554,0.10600905605561296
1.5661111111111,1.3022222222221798,0.07899580859903793,0.1193762139206411
1.5661111111111,1.3022222222221798,0.07883281754853738,0.12602288463806668
1.5661111111111,1.3022222222221798,0.0791816324934977,0.11622741446403291
1.5661111111111,1.3022222222221798,0.07961494045619294,0.10638507092143067
1.5661111111111,1.3022222222221798,0.07958922168415619,0.1087229786977472
1.5661111111111,1.3022222222221798,0.07958898137966869,0.10946622974916713
1.5661111111111,1.3022222222221798,0.07948301208074156,0.11396733937719637
1.5661111111111,1.3022222222221798,0.0784140208770766,0.11040623689963473
1.5661111111111,1.3022222222221798,0.07797241969819727,0.10251473177513089
1.5661111111111,1.3022222222221798,0.07786130194700615,0.09953685048206466
1.5661111111111,1.3022222222221798,0.07934206395370946,0.1408231448555255
1.5661111111111,1.3022222222221798,0.07888652958554172,0.1339637629780063
1.5661111111111,1.3022222222221798,0.0795110078689395,0.13665045267467626
1.5661111111111,1.3022222222221798,0.07951529647513801,0.13654406595912597
1.5661111111111,1.3022222222221798,0.07988246649858614,0.135756539825191
1.5672222222222,1.3022222222221798,0.08006355302812192,0.11686528434538296
1.5672222222222,1.3022222222221798,0.07970297948127027,0.10911660564571649
1.5672222222222,1.3022222222221798,0.07925654243741596,0.10729811243695103
1.5672222222222,1.3022222222221798,0.07892646078988802,0.1100986607375372
1.5672222222222,1.3022222222221798,0.07915883846633835,0.11286012015844292
1.5672222222222,1.3022222222221798,0.07941035428588586,0.12172426751976578
1.5672222222222,1.3022222222221798,0.07952405104406617,0.12742015694683043
1.5661111111111,1.3022222222221798,0.07968015622115933,0.13813809370571242
1.5661111111111,1.3022222222221798,0.07967257247536637,0.13697302212496523
1.5486111111111,1.3022222222221798,0.07967266458433986,0.14685047006124047
1.5486111111111,1.3022222222221798,0.0797345193179862,0.14578320656024915
1.5486111111111,1.3022222222221798,0.08005045035788015,0.1389290049415832
1.5486111111111,1.3022222222221798,0.08013027393870696,0.13636945673074916
1.5486111111111,1.3022222222221798,0.08065429714977,0.1304118879602672
1.5486111111111,1.3022222222221798,0.07987356940587861,0.13747527203834592
1.5486111111111,1.3022222222221798,0.0796349726140996,0.14366210518075642
1.5486111111111,1.3022222222221798,0.07864875644585961,0.14236439736896633
1.5486111111111,1.29833333333338,0.07684094904004625,0.09427456041889627
1.5486111111111,1.29833333333338,0.07697563658445222,0.09921019285176592
1.5486111111111,1.29833333333338,0.07752671091062785,0.10948175105222648
1.5486111111111,1.29833333333338,0.07800980837726068,0.11290859609418707
1.5486111111111,1.29833333333338,0.07709497074270484,0.10114378948162155
1.5486111111111,1.29833333333338,0.07749815519216924,0.0982761996501857
1.5661111111111,1.29833333333338,0.07748238149449911,0.09071018251290548
1.5486111111111,1.29833333333338,0.07759641722875248,0.09846331963021361
1.5486111111111,1.29833333333338,0.07766909522605132,0.09992252446230047
1.5486111111111,1.29833333333338,0.07785397164752632,0.10009283464237327
1.5486111111111,1.29833333333338,0.07772447111764776,0.10008842197133831
1.5486111111111,1.29833333333338,0.07829361829678685,0.10105638690476736
1.5486111111111,1.29833333333338,0.07856773765620506,0.10610887354716728
1.5486111111111,1.29833333333338,0.07858207551408879,0.10797945846681954
1.5480555555556,1.29833333333338,0.07847325961295683,0.1202204510116006
1.5480555555556,1.29833333333338,0.07845217686715987,0.12144411794519189
1.5480555555556,1.29833333333338,0.07833882222249035,0.12757828163629675
1.5480555555556,1.29833333333338,0.07802280409241653,0.13774493094839768
1.5480555555556,1.29833333333338,0.0780277178067931,0.13760323608444572
1.5480555555556,1.29833333333338,0.07799695457167541,0.14030420360273443
1.5480555555556,1.29833333333338,0.07807220168224471,0.13680240430744284
1.5480555555556,1.29833333333338,0.07815339253850066,0.13436388715459727
1.5480555555556,1.29833333333338,0.0786032226686595,0.1254336708857536
1.5480555555556,1.29833333333338,0.0776932650556091,0.12132805061671718
1.5480555555556,1.29833333333338,0.07683193318397857,0.09856908760142796
1.5480555555556,1.29833333333338,0.0768169442662719,0.09814722103127162
1.5480555555556,1.29833333333338,0.07792578659492101,0.1202809318939721
1.5480555555556,1.29833333333338,0.07933059262933692,0.13197141609568216
1.5480555555556,1.29833333333338,0.0790256504179512,0.13456861315889862
1.5480555555556,1.29833333333338,0.07908842845469213,0.13148864968436405
1.5486111111111,1.29833333333338,0.07976871923706609,0.11627713242854133
1.5486111111111,1.29833333333338,0.0796907454441329,0.11234343637453889
1.5672222222222,1.29833333333338,0.07938857809995666,0.10147084528706558
1.5672222222222,1.29833333333338,0.07931461587802649,0.10134079678445408
1.5672222222222,1.29833333333338,0.07914607172879999,0.10167285577586173
1.5672222222222,1.29833333333338,0.07969128969827267,0.10412712119262063
1.5672222222222,1.29833333333338,0.07981992954100896,0.10723297379474513
1.5672222222222,1.29833333333338,0.07975527278222665,0.10473559104541931
1.5672222222222,1.29833333333338,0.07963979903909414,0.09904060742233914
1.5672222222222,1.29833333333338,0.07960629585251981,0.094971252227697
1.5672222222222,1.29833333333338,0.07958537737123002,0.09772461878647176
1.5672222222222,1.29833333333338,0.07947613748993693,0.10177022524527836
1.5672222222222,1.29833333333338,0.07971743681632291,0.09232346658554855
1.5672222222222,1.29833333333338,0.0797033004848607,0.0928099655362006
1.5672222222222,1.29833333333338,0.07968797706206782,0.09509561580684754
1.5672222222222,1.29833333333338,0.07959072014542871,0.10167369057390424
1.5672222222222,1.29833333333338,0.07932028463587554,0.10816065965816592
1.5672222222222,1.29833333333338,0.077709612168435,0.08684549624024127
1.5672222222222,1.29833333333338,0.07754168692997843,0.0837458619435969
1.5672222222222,1.29833333333338,0.07828759647482744,0.10857788043789408
1.5672222222222,1.29833333333338,0.07931980003178557,0.12626333247124003
1.5672222222222,1.29833333333338,0.07975042445603545,0.12565702021110536
1.5672222222222,1.29833333333338,0.07999788636853773,0.11987507143211436
1.5672222222222,1.29833333333338,0.08033479162212459,0.1080177632711565
1.5672222222222,1.29833333333338,0.08025563868382286,0.10238885943867929
1.5672222222222,1.29833333333338,0.07979890486270919,0.10119884789461775
1.5672222222222,1.29833333333338,0.07952626849871029,0.10304375395615455
1.5672222222222,1.29833333333338,0.0792868390851931,0.10562342590350145
1.5672222222222,1.29833333333338,0.07914774947222593,0.10798917225440051
1.5672222222222,1.29833333333338,0.0794920043589926,0.1046439942682634
1.5672222222222,1.29833333333338,0.0796179199374608,0.105772965282204
1.5672222222222,1.29833333333338,0.0795539208564479,0.10386334272324997
1.5672222222222,1.29833333333338,0.07951612109557933,0.10288128769823476
1.5672222222222,1.29833333333338,0.07953114408796232,0.10356722609179402
1.5611111111111,1.29833333333338,0.07966613918426342,0.11171093681164378
1.5611111111111,1.29833333333338,0.07964034445524731,0.11318818987317518
1.5611111111111,1.29833333333338,0.07977974255525487,0.1045713900086309
1.5672222222222,1.29833333333338,0.0797740250592201,0.10202962692840656
1.5672222222222,1.29833333333338,0.07977133241833201,0.10181627419717537
1.5672222222222,1.29833333333338,0.07975807571622283,0.10019219627079604
1.5722222222222,1.29833333333338,0.07977820642121343,0.09459089052128886
1.5722222222222,1.29833333333338,0.07947374045295032,0.10348020151494527
1.5722222222222,1.29833333333338,0.07965598684672287,0.10354235143546602
1.5722222222222,1.29833333333338,0.0798106831731873,0.1015225000795301
1.5722222222222,1.29833333333338,0.08081445736963797,0.09607576699837289
1.5727777777778,1.29833333333338,0.0806914561166549,0.08409786749007278
1.5727777777778,1.29833333333338,0.08001573656994194,0.08135509437046169
1.5727777777778,1.29833333333338,0.07958365402013814,0.08616166356297796
1.5727777777778,1.29833333333338,0.07924261354619563,0.0922707208580532
1.5727777777778,1.29833333333338,0.07858322980204015,0.10936853448135271
1.5727777777778,1.29833333333338,0.07859270756142497,0.10907008248775622
1.5727777777778,1.29833333333338,0.07842036407197896,0.1146955181536104
1.5727777777778,1.31583333333338,0.07855371685244594,0.10974304347667942
1.5727777777778,1.31583333333338,0.07985575557274324,0.07444036835403225
1.5727777777778,1.31583333333338,0.07996647222438123,0.07443110179321187
1.5727777777778,1.31583333333338,0.07992498059298445,0.07097645922571813
1.5727777777778,1.31583333333338,0.07962308024641652,0.06200379844529033
1.5727777777778,1.31583333333338,0.07944926739861478,0.058437567623609674
1.5727777777778,1.31583333333338,0.07943227640831778,0.05741428642481115
1.5722222222222,1.31583333333338,0.0794351562330551,0.06065898961277854
1.5727777777778,1.31583333333338,0.07959489962883166,0.04634854281889824
1.5811111111111,1.31583333333338,0.07956295909926761,0.04098243322261488
1.5811111111111,1.31583333333338,0.07955106612152829,0.040534862437054564
1.5811111111111,1.31583333333338,0.07948393925859852,0.03770890598001465
1.5816666666667,1.31583333333338,0.0797243476218454,0.02431251480776611
1.5816666666667,1.31583333333338,0.07956524992679419,0.03204380150870366
1.5816666666667,1.31583333333338,0.07985817439057448,0.027136241969050193
1.5875,1.31583333333338,0.08000471018624851,0.017975621835624053
1.5880555555556002,1.31583333333338,0.0800264816936883,0.009595462267214154
1.5891666666667,1.31583333333338,0.07974333526200075,-0.004691804935745572
1.5891666666667,1.31583333333338,0.07958023633787092,-0.00498464753212982
1.5891666666667,1.31583333333338,0.07907458909941363,-0.002537763971826812
1.5891666666667,1.31583333333338,0.07876210627785328,0.003922516270582435
1.5891666666667,1.31583333333338,0.07840003777513792,0.01280086561498383
1.5891666666667,1.31583333333338,0.07803415184905231,0.02388623233959455
1.5891666666667,1.31583333333338,0.07778028047503412,0.03207974053864333
1.5891666666667,1.31583333333338,0.0779811341375251,0.02507402830667545
1.5891666666667,1.31583333333338,0.07866770084941059,0.005964486618160119
1.5891666666667,1.31583333333338,0.07916000762530218,0.00438918095435921
1.5891666666667,1.31583333333338,0.07896630717413072,0.0005170552462071194
1.5891666666667,1.31583333333338,0.07889012170408602,-0.00047029637421753265
1.5927777777778,1.31583333333338,0.07876958259268811,-0.012617886108599657
1.5927777777778,1.31583333333338,0.07878191706379911,-0.010635685405458799
1.5941666666667,1.31583333333338,0.07878200888226906,-0.010760089361226494
1.5947222222222,1.31583333333338,0.07888628133370687,-0.02335239742124079
1.5947222222222,1.31583333333338,0.07880306117223346,-0.018734730307416285
1.5947222222222,1.31583333333338,0.07881534715416183,-0.019985084855352622
1.5947222222222,1.31583333333338,0.07885977858958326,-0.024080567094666463
1.5947222222222,1.31583333333338,0.07887582645338109,-0.026716160581279128
1.5947222222222,1.31583333333338,0.07860754345849244,-0.02530054354378164
1.5947222222222,1.31583333333338,0.07813757078463435,-0.035126261438833045
1.5947222222222,1.31583333333338,0.07818962479924901,-0.034054113787987235
1.5947222222222,1.31583333333338,0.07909044003504483,-0.017061459239615405
1.5947222222222,1.31583333333338,0.07999341848156728,-0.019462575169380273
1.5947222222222,1.31583333333338,0.08004572763571408,-0.019955793954822887
1.5947222222222,1.31583333333338,0.08012846420017662,-0.02350762033871333
1.5972222222222,1.31583333333338,0.08009951768535531,-0.02965315029594501
1.5972222222222,1.31583333333338,0.08008750098079602,-0.0303126556318076
1.5972222222222,1.31583333333338,0.07985722035774402,-0.032744922238660344
1.5972222222222,1.31583333333338,0.0798799002806661,-0.03273537329323957
1.5972222222222,1.31583333333338,0.07915177320149099,-0.02859081015947676
1.5972222222222,1.31583333333338,0.07932942332926846,-0.028930860860738164
1.5972222222222,1.31583333333338,0.07938117902723156,-0.02552998407100677
1.6019444444443998,1.31583333333338,0.07931147447426155,-0.03679793489807098
1.6044444444443997,1.31583333333338,0.0791260220839656,-0.04815846140461986
1.6097222222222,1.31583333333338,0.07903334102891005,-0.06277777255406113
1.6097222222222,1.31583333333338,0.07913628674260578,-0.06898830379524173
1.6097222222222,1.31583333333338,0.07913201300465272,-0.0689491187169623
1.6097222222222,1.31583333333338,0.07877727022806341,-0.059495445872270195
1.6044444444443997,1.31583333333338,0.07891502088277534,-0.049802618041837936
1.6044444444443997,1.31583333333338,0.07943987103554132,-0.03931787383934824
1.6019444444443998,1.31583333333338,0.08060767361235696,-0.03055019431975069
1.5972222222222,1.31583333333338,0.0804938143769577,-0.019045938255234995
1.5947222222222,1.31583333333338,0.07955154775141504,-0.009001182347655965
1.5947222222222,1.31583333333338,0.07820515137251631,-0.02707108163186673
1.5947222222222,1.31277777777778,0.07630478232518167,-0.07835177669992743
1.5947222222222,1.31277777777778,0.07678889753897654,-0.06904930747355434
1.5947222222222,1.31277777777778,0.07749610851899028,-0.053642549896223045
1.5947222222222,1.31277777777778,0.0775994594739888,-0.0555603085398626
1.5947222222222,1.31277777777778,0.07704816236483619,-0.05119407928289079
1.5941666666667,1.31277777777778,0.07681319276644145,-0.03840309264321375
1.5941666666667,1.31277777777778,0.07696595046627792,-0.032572095206873666
1.5941666666667,1.31277777777778,0.07711622964843248,-0.030487263924688004
1.5941666666667,1.31277777777778,0.07685253429020242,-0.03144184170508491
1.5941666666667,1.31277777777778,0.07695546657987001,-0.03125975733267731
1.5941666666667,1.31277777777778,0.07716908166506886,-0.03031218300752753
1.5941666666667,1.31277777777778,0.07703222914201553,-0.03779802980464649
1.5947222222222,1.31277777777778,0.07686459221029016,-0.051362614750110565
1.5947222222222,1.31277777777778,0.07685638728503312,-0.05423585393078844
1.5947222222222,1.31277777777778,0.07680339581012083,-0.060451245240461866
1.5941666666667,1.31277777777778,0.076590381004735,-0.047680465199380045
1.5941666666667,1.31277777777778,0.07640258861988851,-0.04524805638166109
1.5941666666667,1.31277777777778,0.07648114424981298,-0.0467593467043741
1.5941666666667,1.31277777777778,0.07594146576136948,-0.03976368430233252
1.5941666666667,1.31277777777778,0.0760253827300491,-0.04342746422637819
1.5941666666667,1.31277777777778,0.07608210031340093,-0.04597797036656355
1.5941666666667,1.31277777777778,0.07615727128715526,-0.047398530690505966
1.5941666666667,1.31277777777778,0.0755676916141659,-0.05157566907545955
1.5941666666667,1.31277777777778,0.07439083419848018,-0.09148807953615988
1.5941666666667,1.31277777777778,0.07451752920334777,-0.08787995409640699
1.5941666666667,1.31277777777778,0.07472965796478696,-0.08379774177985756
1.5941666666667,1.31277777777778,0.07470000867222114,-0.08390786498271739
1.5941666666667,1.31277777777778,0.07461584387639668,-0.08418500861423428
1.5941666666667,1.31277777777778,0.07475207543302179,-0.09071880517246769
1.5941666666667,1.31277777777778,0.07461455807197985,-0.09902222371549393
1.5941666666667,1.31277777777778,0.07443262002137885,-0.10439144842163225
1.5941666666667,1.31277777777778,0.07401213825537012,-0.10808483255606408
1.5941666666667,1.31277777777778,0.07397559518216867,-0.10825793982285975
1.5941666666667,1.31277777777778,0.07384327602972192,-0.10723920508743336
1.5941666666667,1.31277777777778,0.07418868604966856,-0.10796711739713317
1.5941666666667,1.31277777777778,0.07435606888767404,-0.10207893572931424
1.5947222222222,1.31277777777778,0.07433839655602334,-0.11020984720311901
1.5941666666667,1.31277777777778,0.07431919041574239,-0.10681002484434568
1.5941666666667,1.31277777777778,0.07433781745253155,-0.10932812576809574
1.5941666666667,1.31277777777778,0.07440478221174672,-0.1150610714795652
1.5941666666667,1.31277777777778,0.07434775965506371,-0.11261811785647614
1.5941666666667,1.31277777777778,0.07455684848007502,-0.12148402630141339
1.5941666666667,1.31277777777778,0.07508590291002615,-0.12478975709660775
1.5941666666667,1.31277777777778,0.0751426400345794,-0.12595926940140864
1.5941666666667,1.31277777777778,0.07481720454217984,-0.12180427662226104
1.5941666666667,1.31277777777778,0.07486707555862995,-0.12234714278840392
1.5941666666667,1.31277777777778,0.07372187971445665,-0.13193339668993476
1.5941666666667,1.31277777777778,0.07315126447731087,-0.1483471944801006
1.5941666666667,1.31277777777778,0.07338519175471475,-0.13990645491174467
1.5941666666667,1.31277777777778,0.0734119099749612,-0.13911328943366197
1.5941666666667,1.31277777777778,0.07403098770439913,-0.13755328342677986
1.5941666666667,1.31277777777778,0.074109560440829,-0.13987883274047586
1.5941666666667,1.31277777777778,0.0735317950717004,-0.13516952226614712
1.5941666666667,1.31277777777778,0.07351523753474508,-0.13668652240008536
1.5941666666667,1.31277777777778,0.07353744755582067,-0.13342140498939545
1.5941666666667,1.31277777777778,0.07328901530355868,-0.13668944805774852
1.5941666666667,1.31277777777778,0.07320398777876794,-0.13709052574355635
1.5941666666667,1.31277777777778,0.07295685344630154,-0.1362552872141956
1.5941666666667,1.31277777777778,0.07333317619999587,-0.13477214840651014
1.5947222222222,1.31277777777778,0.07330453490750878,-0.14629490064769954
1.5947222222222,1.31277777777778,0.07328625231932522,-0.14933813233344553
1.5947222222222,1.31277777777778,0.07328235265580019,-0.15118835591060822
1.5947222222222,1.31277777777778,0.07328825687641197,-0.14900450556855893
1.5941666666667,1.31277777777778,0.07334700201089352,-0.1369572193914463
1.5941666666667,1.31277777777778,0.07327200435152172,-0.13565419517150143
1.5941666666667,1.31277777777778,0.07362383831665872,-0.13981392243408103
1.5947222222222,1.31277777777778,0.07369109766024698,-0.14621142377456461
1.6097222222222,1.31277777777778,0.0737165301756774,-0.15022411472939132
1.6097222222222,1.31277777777778,0.07372139088008367,-0.15055018817600507
1.6097222222222,1.31277777777778,0.07355813874717929,-0.14762664282061583
1.6097222222222,1.31277777777778,0.07269627444351788,-0.15573831223310072
1.6097222222222,1.2344444444444802,0.07095274165989454,-0.21677276124346648
1.6097222222222,1.30722222222218,0.07185290013369809,-0.17928139435620266
1.6097222222222,1.30722222222218,0.07217116346011673,-0.17377315946327773
1.6097222222222,1.30722222222218,0.07219849645768346,-0.17392300552748907
1.6097222222222,1.30722222222218,0.07220519760130441,-0.17394996436134347
1.6186111111111,1.30722222222218,0.07226925749714813,-0.1827577204574616
1.6186111111111,1.30722222222218,0.07206593756515589,-0.19481533364551928
1.6186111111111,1.30722222222218,0.07186623911331273,-0.19561780574331983
1.6186111111111,1.30722222222218,0.0716188737033034,-0.19518016091209342
1.6186111111111,1.30722222222218,0.0711060838721205,-0.19095057418586855
1.6186111111111,1.30722222222218,0.07111544360408681,-0.19107945534319482
1.6186111111111,1.30722222222218,0.07163145484507788,-0.19306764859984263
1.6186111111111,1.30722222222218,0.07204231170476737,-0.18735318400562112
1.6186111111111,1.30722222222218,0.07208100116715989,-0.18627448766591642
1.6186111111111,1.30722222222218,0.07208337697110744,-0.18617568291404907
1.6186111111111,1.30722222222218,0.07208502083076002,-0.18613454354644438
1.6097222222222,1.30722222222218,0.07207545265008876,-0.17918680847027257
1.5991666666667,1.30722222222218,0.071959012924749,-0.17141647842596508
1.6097222222222,1.30722222222218,0.07203337555179028,-0.17847051561697985
1.6097222222222,1.30722222222218,0.07200198075655041,-0.18255712573698551
1.6097222222222,1.30722222222218,0.07201069060592463,-0.1815625568085425
1.5991666666667,1.30722222222218,0.07202097907755088,-0.1738435983450736
1.5947222222222,1.30722222222218,0.07201463699347775,-0.17022068027198484
1.5947222222222,1.30722222222218,0.07142755614298091,-0.16169154841461567
1.5947222222222,1.30722222222218,0.07145741415815468,-0.16174553557299903
1.5947222222222,1.30722222222218,0.07067140669868902,-0.16868272992343702
1.5947222222222,1.30722222222218,0.07076284620822619,-0.17332764248312454
1.5947222222222,1.30722222222218,0.0707045248104363,-0.17652156070810796
1.5947222222222,1.30722222222218,0.070407228352122,-0.17733383890100457
1.5947222222222,1.30722222222218,0.07003852357936531,-0.1739824498065169
1.5947222222222,1.30722222222218,0.07001423407896958,-0.17347731207130712
1.5947222222222,1.30722222222218,0.06938234909090658,-0.15544546799031397
1.5947222222222,1.30722222222218,0.06944009321675977,-0.15742259781091825
1.5947222222222,1.2888888888888401,0.06904205708675759,-0.14192072230543737
1.5947222222222,1.28833333333329,0.06835750702520414,-0.1172582772422978
1.5947222222222,1.28833333333329,0.06986138538513982,-0.14977313739370718
1.5947222222222,1.28833333333329,0.0704294882014632,-0.13895487109906807
1.5947222222222,1.28833333333329,0.07057587465344276,-0.1312790082760422
1.5947222222222,1.28833333333329,0.07056153324311631,-0.1319026484232479
1.5947222222222,1.28833333333329,0.07071222193559171,-0.12612558083839784
1.5947222222222,1.28833333333329,0.07102600076515803,-0.11566778664848415
1.5941666666667,1.28833333333329,0.0708550632434395,-0.10174416285766494
1.5947222222222,1.28833333333329,0.07085577472798871,-0.10196657297756676
1.5947222222222,1.28833333333329,0.07082170261937824,-0.10389038864648488
1.5947222222222,1.28833333333329,0.07078718333459451,-0.10889237633565757
1.5925,1.28833333333329,0.07053844371027251,-0.09492754023163352
1.5905555555556,1.28833333333329,0.07055265381302109,-0.08877619638651058
1.59,1.28833333333329,0.07016883776248749,-0.07416500184344478
1.59,1.28833333333329,0.07014798432631265,-0.07373389825520452
1.59,1.28833333333329,0.0702218939920112,-0.07646265963093624
1.59,1.28833333333329,0.07024655026828104,-0.0781558593440906
1.59,1.28833333333329,0.06994748355362865,-0.08617830062633516
1.59,1.28833333333329,0.06993405725696498,-0.08626539132817768
1.59,1.28833333333329,0.06936206471510264,-0.07880272583380761
1.59,1.28833333333329,0.06879423271443334,-0.06810092651876827
1.59,1.28833333333329,0.06889709314460471,-0.07149407240816977
1.59,1.28833333333329,0.06904370103771162,-0.0767442968265598
1.59,1.26805555555551,0.0688946587530195,-0.07079460698723454
1.59,1.26805555555551,0.06862547451116807,-0.0612264874263385
1.59,1.26805555555551,0.0697862865530852,-0.09011061406868746
1.59,1.26805555555551,0.0704997671213343,-0.08638034801524368
1.59,1.26805555555551,0.07036082972666255,-0.0914429739767969
1.5888888888889,1.26805555555551,0.07057272092541392,-0.07558916125918906
1.5888888888889,1.26805555555551,0.07074227071472423,-0.06751891501652446
1.5888888888889,1.26805555555551,0.070780727334419,-0.060561686550750254
1.5888888888889,1.26805555555551,0.07062725873380696,-0.053795998090619856
1.5888888888889,1.26805555555551,0.07067234045437559,-0.05637328734183503
1.5888888888889,1.26805555555551,0.0706472655210752,-0.05427880310864407
1.5888888888889,1.26805555555551,0.07063657817985612,-0.05379758791358113
1.5888888888889,1.26805555555551,0.07060890155262704,-0.05075285184598464
1.5888888888889,1.26805555555551,0.07042552374182613,-0.04728390242897362
1.5888888888889,1.26805555555551,0.06925724657914088,-0.04919759284311307
1.5888888888889,1.26805555555551,0.06880339223969367,-0.06064037583773286
1.5888888888889,1.26805555555551,0.06810106170449025,-0.08256446768260535
1.5888888888889,1.26805555555551,0.06921680272190096,-0.04507844139522981
1.5888888888889,1.26805555555551,0.06943280637660076,-0.0441151034339729
1.5888888888889,1.26805555555551,0.06932592902462918,-0.04060851852078869
1.5888888888889,1.26805555555551,0.06940333832777942,-0.04500827246392711
1.5888888888889,1.26805555555551,0.0694022981703475,-0.05258210224373535
1.59,1.26805555555551,0.0693656519518066,-0.06952343693955161
1.59,1.26805555555551,0.06903998246022862,-0.0741810646810446
1.59,1.26805555555551,0.06928251148512417,-0.07336166745364502
1.59,1.26805555555551,0.06951973763163355,-0.07533216960091992
1.59,1.26805555555551,0.06986565390509683,-0.06807799541697307
1.5888888888889,1.26805555555551,0.0699170010112838,-0.054289494958405134
1.5888888888889,1.26805555555551,0.06990293789223469,-0.051835801207760254
1.5888888888889,1.26805555555551,0.06983506437999988,-0.048159917447812235
1.5819444444443995,1.26805555555551,0.06967179659310745,-0.038590492820566064
1.5775,1.26805555555551,0.069334106321621,-0.0224198951809041
1.5775,1.26805555555551,0.06936812548666202,-0.024601101601038466
1.5819444444443995,1.26805555555551,0.06961732170500368,-0.04386876517242097
1.5888888888889,1.26805555555551,0.06956739033022828,-0.06784742238820769
1.5888888888889,1.26805555555551,0.0686621548984527,-0.08315455940873472
1.59,1.26805555555551,0.06869292491198524,-0.09048428592954015
1.5905555555556,1.26805555555551,0.06872470912023763,-0.09609233596474517
1.5905555555556,1.26805555555551,0.06848514964969112,-0.09358032487228882
1.5905555555556,1.26805555555551,0.06881161696345568,-0.08679702319681157
1.5905555555556,1.26805555555551,0.06915144620937735,-0.07552147264136139
1.5905555555556,1.26805555555551,0.06918000899952091,-0.0745146426004318
1.5905555555556,1.26805555555551,0.06940546155415861,-0.07479281475742679
1.5905555555556,1.26805555555551,0.06980635276353422,-0.07855251477016718
1.5925,1.26805555555551,0.06991049036878497,-0.08857388498833907
1.5969444444444,1.26805555555551,0.06976315231037093,-0.1022975173625718
1.5969444444444,1.26805555555551,0.0695086294808913,-0.1084718191065445
1.5969444444444,1.26805555555551,0.06944670835751371,-0.10942070727168465
1.5969444444444,1.26805555555551,0.06923924274427354,-0.11047898856674358
1.5969444444444,1.26805555555551,0.0691851948852344,-0.11050107571600053
1.5969444444444,1.26805555555551,0.0699822814616936,-0.10102092013232501
1.5925,1.26805555555551,0.07017136031219842,-0.0858725462016184
1.5969444444444,1.26805555555551,0.07017248924749706,-0.08622674096880983
1.5969444444444,1.26805555555551,0.07018082536966387,-0.08798149029878065
1.5969444444444,1.26805555555551,0.07017720913241118,-0.09134847221954849
1.5969444444444,1.26805555555551,0.07002338196749056,-0.08353894956440212
1.5969444444444,1.26805555555551,0.06994697161454362,-0.08234750898896197
1.5969444444444,1.26805555555551,0.0708016066503049,-0.0837631078345264
1.5969444444444,1.26805555555551,0.07106345930339288,-0.08652961525379954
1.5969444444444,1.26805555555551,0.07115435948904938,-0.08855447825827426
1.5969444444444,1.26805555555551,0.07100164181506055,-0.08501730445739436
1.5969444444444,1.26805555555551,0.07075609025351287,-0.0820745799641099
1.5969444444444,1.26805555555551,0.06952261501060777,-0.09988100007949484
1.5969444444444,1.26805555555551,0.06965593702260485,-0.0951975100299563
1.5969444444444,1.26805555555551,0.07112233830741609,-0.04193685646538743
1.5969444444444,1.26805555555551,0.07277683036565959,-0.0027557693550929064
1.5969444444444,1.26805555555551,0.07357367190104114,0.007609221839219621
1.5969444444444,1.26805555555551,0.0736378603128624,0.006372977900447454
1.5975,1.26805555555551,0.07378240760107595,-0.003617624250700756
1.5977777777778,1.26805555555551,0.07383326047505742,-0.01703751844876167
1.5977777777778,1.26805555555551,0.07374298212733937,-0.020523556922387536
1.5977777777778,1.26805555555551,0.07341777806662068,-0.02706069613704579
1.5977777777778,1.26805555555551,0.07303773439481567,-0.027143828648990065
1.5977777777778,1.26805555555551,0.07263992282677861,-0.025936741568846247
1.5977777777778,1.26805555555551,0.07288976592169319,-0.024169599281523603
1.5975,1.26805555555551,0.07298406678547913,-0.012548203835511853
1.5977777777778,1.26805555555551,0.07299032436347015,-0.0144199567082643
1.5975,1.26805555555551,0.0729700083476862,-0.01136738405547727
1.5972222222222,1.26805555555551,0.07290703466099445,-0.0023472109081927894
1.5969444444444,1.26805555555551,0.07287040955790718,0.00495517775574641
1.5969444444444,1.26805555555551,0.07269310659563484,0.01022609796651844
1.5969444444444,1.26805555555551,0.07248827374636346,0.00953595772294441
1.5969444444444,1.26805555555551,0.07237186650761421,0.012683903125344629
1.5969444444444,1.26805555555551,0.07261611465469985,0.008326515759823662
1.5969444444444,1.26805555555551,0.07242537205473673,0.012332595101935935
1.5969444444444,1.26805555555551,0.07236161801480151,0.014678711568438307
1.5969444444444,1.26805555555551,0.07127985738436549,0.008492620698660849
1.5969444444444,1.26805555555551,0.0702852329273576,-0.02124301143787891
1.5969444444444,1.26805555555551,0.07007690442468216,-0.027250200652780165
1.5969444444444,1.26805555555551,0.0703350806869284,-0.022547911193792815
1.5969444444444,1.26805555555551,0.07059895031958593,-0.024747367053936972
1.5969444444444,1.26805555555551,0.07082676075548935,-0.030398230920545017
1.5972222222222,1.26805555555551,0.07090037421276192,-0.040712091182153146
1.5975,1.26805555555551,0.07128934153759328,-0.056206182542558186
1.5975,1.26805555555551,0.07116257656011873,-0.06172508521967965
1.5975,1.26805555555551,0.07095621979593582,-0.06451149920561751
1.5975,1.26805555555551,0.07069836141090949,-0.06627314456515164
1.5975,1.26805555555551,0.07044618408447989,-0.06592158210798542
1.5972222222222,1.26805555555551,0.07069792615921273,-0.04902210162219783
1.5972222222222,1.26805555555551,0.07071881312779055,-0.04552129788687554
1.5975,1.26805555555551,0.07096040508249271,-0.05588432753824123
1.5977777777778,1.26805555555551,0.0714730314044774,-0.06898956722156492
1.5991666666667,1.26805555555551,0.07143233989992821,-0.08234191184202856
1.5977777777778,1.26805555555551,0.07130568061039019,-0.07167912723149547
1.5977777777778,1.26805555555551,0.070941423916415,-0.06658021725783254
1.5977777777778,1.26805555555551,0.07151105807347229,-0.06998487259042262
1.5977777777778,1.26805555555551,0.07216738419368687,-0.07539658932443757
1.5977777777778,1.26805555555551,0.07216966331807284,-0.0755467647087187
1.5977777777778,1.26805555555551,0.07209977305867146,-0.071813328221501
1.5975,1.26805555555551,0.07190100630962348,-0.058429401843256665
1.5975,1.26805555555551,0.0710393345323088,-0.05548378891249724
1.5975,1.2677777777778103,0.0692824273387124,-0.11445630554807706
1.5975,1.2677777777778103,0.06986185336689571,-0.09843524721205607
1.5975,1.2677777777778103,0.07086260400024838,-0.08414544445688667
1.5975,1.2677777777778103,0.07094970413464365,-0.08436847811677971
1.5975,1.2677777777778103,0.07107732261690729,-0.08757912478651053
1.5975,1.2677777777778103,0.07110040818230345,-0.09082415698062941
1.5975,1.2677777777778103,0.07082065363617285,-0.09702285891180647
1.5975,1.2677777777778103,0.07056113622721166,-0.09934847330808835
1.5975,1.2677777777778103,0.07038692730971739,-0.0996945015092415
1.5975,1.2677777777778103,0.07014132470809,-0.09649142601193107
1.5975,1.2677777777778103,0.07021208677676699,-0.09757679285994947
1.5975,1.2677777777778103,0.07040905580721338,-0.09867428159660296
1.5975,1.2677777777778103,0.07061971189579015,-0.09608850638334408
1.5975,1.2677777777778103,0.07058066202923365,-0.09794271277955414
1.5975,1.2677777777778103,0.07047446349261875,-0.10154579158114312
1.5975,1.2677777777778103,0.0705846108680829,-0.09566690376611203
1.5975,1.2677777777778103,0.07085187793076395,-0.08363881485208077
1.5972222222222,1.2677777777778103,0.07085520610475528,-0.06927624847057443
1.5972222222222,1.2677777777778103,0.07085722048362672,-0.06856359987825959
1.5975,1.2677777777778103,0.07091711265869109,-0.07935911775018827
1.5975,1.2677777777778103,0.07092577277801776,-0.07869982854520932
1.5975,1.2677777777778103,0.07107157038772181,-0.07027360554765577
1.5975,1.2677777777778103,0.07127825678206554,-0.05860159098015795
1.5972222222222,1.2677777777778103,0.07105002213359803,-0.03823418992022367
1.5972222222222,1.2677777777778103,0.07085824884385025,-0.03112238323957297
1.5972222222222,1.2677777777778103,0.07103429395920828,-0.03411045294521055
1.5972222222222,1.2677777777778103,0.07100745351169344,-0.03768148871437082
1.5972222222222,1.2677777777778103,0.07079410982315582,-0.04190018543094625
1.5972222222222,1.2677777777778103,0.07071843646373144,-0.04158700456546082
1.5972222222222,1.2677777777778103,0.07019974348818325,-0.03271652772182774
1.5972222222222,1.2677777777778103,0.07006496992154376,-0.029452053939263204
1.5972222222222,1.2677777777778103,0.06983429615596823,-0.02135145519864626
1.5972222222222,1.3047222222222605,0.07021376919038295,-0.03670031619239418
1.5972222222222,1.3819444444444804,0.07164930213868015,-0.09375277540874312
1.5972222222222,1.3947222222222604,0.07287131010766128,-0.14254905512131322
1.5972222222222,1.3947222222222604,0.07517797706317154,-0.1991128853703947
1.5972222222222,1.3947222222222604,0.07632538729925299,-0.20207984954757485
1.5972222222222,1.3947222222222604,0.07669719969575087,-0.19502033299255
1.5972222222222,1.3947222222222604,0.07695007523210336,-0.191669508398532
1.5972222222222,1.3947222222222604,0.07689508640735762,-0.19243016481545527
1.5972222222222,1.3947222222222604,0.0774577085571588,-0.18225765615099
1.5969444444444,1.3947222222222604,0.07779103516741136,-0.16790795367548308
1.5969444444444,1.3947222222222604,0.07782910489732393,-0.1656752534397655
1.5969444444444,1.3947222222222604,0.0779762402396355,-0.15575335124021364
1.5969444444444,1.3947222222222604,0.07811668494901912,-0.14886238203603647
1.5969444444444,1.3947222222222604,0.0784337987531254,-0.13966934606994721
1.5969444444444,1.3947222222222604,0.07864004036172449,-0.1314807618308133
1.5963888888889,1.3947222222222604,0.07871322023285375,-0.11147295116236001
1.5963888888889,1.3947222222222604,0.07872359513618533,-0.11169671174379357
1.5963888888889,1.3947222222222604,0.07893530283633167,-0.11624236064755547
1.5969444444444,1.3947222222222604,0.07892340457696218,-0.12165345290073633
1.5969444444444,1.3947222222222604,0.07872269718712886,-0.12562435017496673
1.5969444444444,1.3947222222222604,0.07830693858457366,-0.13087232984032734
1.5969444444444,1.3947222222222604,0.07795243800489468,-0.1309139239499327
1.5969444444444,1.3947222222222604,0.07774284986248314,-0.1259771107729245
1.5969444444444,1.3947222222222604,0.07760207934098438,-0.12215308480825074
1.5969444444444,1.3947222222222604,0.07757247994031796,-0.12127282661794463
1.5969444444444,1.3947222222222604,0.07786066283379049,-0.1289589785846011
1.5969444444444,1.3947222222222604,0.07819250294598148,-0.13838109648242983
1.5969444444444,1.3947222222222604,0.0792593765673352,-0.15606701358522893
1.5969444444444,1.3947222222222604,0.08004274300699947,-0.14808670018111197
1.5969444444444,1.3947222222222604,0.07988928146700554,-0.15247670007042843
1.5969444444444,1.3947222222222604,0.07975465246597012,-0.1579547063241075
1.5969444444444,1.3947222222222604,0.07974013353311062,-0.15906257284487882
1.5969444444444,1.3947222222222604,0.0797569061311835,-0.16046540656359717
1.5963888888889,1.3947222222222604,0.07971169356230928,-0.1492150631295463
1.5963888888889,1.3947222222222604,0.07995291526616255,-0.15608638839214253
1.5963888888889,1.3947222222222604,0.0798960987594554,-0.15230267641643647
1.5963888888889,1.3947222222222604,0.07992612334103079,-0.15506778923032025
1.5819444444443995,1.3947222222222604,0.07983847647906601,-0.14538385846955165
1.5683333333333,1.3947222222222604,0.07996354570189786,-0.13369717044991325
1.5666666666667,1.3947222222222604,0.07897336631350232,-0.12841977133155433
1.5666666666667,1.3947222222222604,0.07792908494941736,-0.13360145612778768
1.5666666666667,1.3947222222222604,0.07667825239407972,-0.169258283980723
1.5666666666667,1.3947222222222604,0.07664191870749432,-0.16959085851878597
1.5666666666667,1.3947222222222604,0.07685841264355212,-0.17369815240355616
1.5666666666667,1.3947222222222604,0.07678065241218514,-0.17037338135697927
1.5663888888889,1.3947222222222604,0.07692527514277192,-0.15611967963304524
1.5630555555556005,1.3947222222222604,0.07706820294319246,-0.1365674609996256
1.5630555555556005,1.3947222222222604,0.0772964818865256,-0.13126676070960855
1.5630555555556005,1.3947222222222604,0.07805990374540248,-0.13750414148246926
1.5630555555556005,1.3947222222222604,0.07856875446268591,-0.14313888100682595
1.5630555555556005,1.3947222222222604,0.078511037926364,-0.14378113824258892
1.5630555555556005,1.3947222222222604,0.0789426036704579,-0.13741302313746045
1.5580555555556002,1.3947222222222604,0.0790334574917574,-0.12772701683519957
1.5580555555556002,1.3947222222222604,0.07910391464797063,-0.13066874823002647
1.5541666666667,1.3947222222222604,0.07910236047089565,-0.12939636625526404
1.5541666666667,1.3947222222222604,0.0791264472164553,-0.1275510572020562
1.5502777777778,1.3947222222222604,0.07909088095709109,-0.11580803926731556
1.5483333333333,1.3947222222222604,0.0787319383853705,-0.10045851462413533
1.5483333333333,1.3947222222222604,0.07855446547578952,-0.0998875025311237
1.5483333333333,1.3947222222222604,0.07847995336118527,-0.09856774817206329
1.5483333333333,1.3947222222222604,0.07845858588876696,-0.09755451301869718
1.54,1.3947222222222604,0.07840400654114148,-0.08923488208439447
1.5280555555556,1.3947222222222604,0.07829616130347317,-0.07299212449763012
1.5280555555556,1.3947222222222604,0.07702629871660416,-0.07519196661474833
1.5280555555556,1.3947222222222604,0.07570612101368224,-0.10518039958534826
1.5280555555556,1.3947222222222604,0.07496973449972871,-0.12660229858069963
1.5280555555556,1.3947222222222604,0.07581585153047112,-0.11074723599680329
1.5280555555556,1.3947222222222604,0.07551959952904029,-0.11140681497483192
1.5280555555556,1.3947222222222604,0.07575830613667238,-0.11309380218550726
1.5280555555556,1.3947222222222604,0.07573217523148336,-0.11144895493344997
1.54,1.3947222222222604,0.07578351335142881,-0.12149746091494196
1.54,1.3947222222222604,0.07572081107799833,-0.12384078104759816
1.54,1.3947222222222604,0.07591516488535373,-0.12135586211235795
1.54,1.3947222222222604,0.07605136296490994,-0.12053651984594868
1.54,1.3947222222222604,0.07592037822226384,-0.12023550576225256
1.54,1.3947222222222604,0.07670284303869458,-0.11889588358909459
1.5280555555556,1.3947222222222604,0.07693312755725991,-0.10385665673093558
1.5280555555556,1.3947222222222604,0.07689682380636742,-0.0987356561039057
1.5280555555556,1.3947222222222604,0.07703496518827428,-0.10411435592410137
1.5280555555556,1.3947222222222604,0.07702121153567706,-0.10266164809723519
1.5236111111111,1.3947222222222604,0.07682011173926205,-0.08754515089513319
1.5225,1.3947222222222604,0.07574278778880408,-0.0808439297005789
1.5225,1.3947222222222604,0.07530344197942505,-0.0772178499355542
1.5225,1.3947222222222604,0.07537774287862462,-0.07753044632512472
1.5225,1.3947222222222604,0.07558972423859249,-0.07993415735964428
1.5225,1.3947222222222604,0.07540610903387225,-0.0734390546478108
1.5130555555556002,1.3947222222222604,0.07510086108001299,-0.058916958976479125
1.5130555555556002,1.3947222222222604,0.07303066162529628,-0.08823583641301916
1.5130555555556002,1.3308333333333597,0.07056360640329397,-0.17184854475406472
1.5130555555556002,1.2483333333333602,0.06939812912985201,-0.21891056289885963
1.5130555555556002,1.2483333333333602,0.06855665997235827,-0.24229035692107578
1.5130555555556002,1.2483333333333602,0.06869188647543994,-0.24148567727272385
1.5130555555556002,1.2483333333333602,0.06873833205733006,-0.24158247955884551
1.5130555555556002,1.2483333333333602,0.06904313190540483,-0.24114761835172202
1.5225,1.2483333333333602,0.06924155873770164,-0.25244828441706596
1.5236111111111,1.2483333333333602,0.06925506100241151,-0.2579813029409685
1.5236111111111,1.2483333333333602,0.06917061842714958,-0.26137620907942766
1.5236111111111,1.2483333333333602,0.06929688017511089,-0.2592393753322928
1.5236111111111,1.2483333333333602,0.06939043987872424,-0.25821230934841494
1.5236111111111,1.2483333333333602,0.07053404846992517,-0.2550625217084302
1.5225,1.2483333333333602,0.07102711202124336,-0.23480231065842733
1.5130555555556002,1.2483333333333602,0.07158374542775056,-0.21580470857192136
1.5097222222222,1.2483333333333602,0.07222354682960402,-0.19993766806266433
1.5075,1.2483333333333602,0.07230963413602916,-0.18937290864241982
1.5075,1.2483333333333602,0.07217693151067431,-0.18149309737814528
1.4994444444443995,1.2483333333333602,0.07157080659041065,-0.16684369622024145
1.4977777777778,1.2483333333333602,0.07140757848906172,-0.15214973212280733
1.4977777777778,1.2483333333333602,0.07092685668804202,-0.14914034878297536
1.4977777777778,1.2483333333333602,0.07075368005395169,-0.1443291835391706
1.4977777777778,1.2483333333333602,0.0705789779721982,-0.1356149131558634
1.4977777777778,1.2483333333333602,0.07033149037918739,-0.12903161931405147
1.4977777777778,1.2483333333333602,0.06900116522333381,-0.14909498294541848
1.4977777777778,1.2483333333333602,0.06769360115431056,-0.1832469337405637
1.4977777777778,1.2483333333333602,0.0671859454245191,-0.19853211354752914
1.4977777777778,1.2483333333333602,0.06728556651389939,-0.1967078408752699
1.4977777777778,1.2483333333333602,0.06745500709603092,-0.1946004634611867
1.4977777777778,1.2483333333333602,0.0673953263079066,-0.1938842077323372
1.4977777777778,1.2483333333333602,0.06692497683165392,-0.19674296375969158
1.4977777777778,1.2483333333333602,0.0669258008655555,-0.19696931758954075
1.4977777777778,1.2483333333333602,0.0669046201785817,-0.1989347255324267
1.4977777777778,1.2483333333333602,0.06693363276219702,-0.19765214539553064
1.4977777777778,1.2483333333333602,0.06694250160689848,-0.1974322932564099
1.4977777777778,1.2483333333333602,0.06714876342900708,-0.1934424349731336
1.4933333333333,1.2483333333333602,0.06730248912244174,-0.1815890235112791
1.4930555555556002,1.2483333333333602,0.0668612098878306,-0.16598572126385802
1.4916666666667,1.2483333333333602,0.06600155647343502,-0.15933969730886008
1.4883333333333,1.2483333333333602,0.06581765529154505,-0.1471741569058214
1.4883333333333,1.2483333333333602,0.06604249519922131,-0.15342502679706901
1.4813888888889,1.2483333333333602,0.06584074611367105,-0.140359665399181
1.4813888888889,1.2483333333333602,0.06479441331353622,-0.14001099125352348
1.4813888888889,1.2483333333333602,0.06367444805443377,-0.1445456551738898
1.4808333333333,1.2483333333333602,0.06349241048840361,-0.13308302981876416
1.4808333333333,1.2483333333333602,0.0633641055823585,-0.12761735601965576
1.4808333333333,1.2483333333333602,0.06334821520741975,-0.12414765618538197
1.4705555555556002,1.2483333333333602,0.0632025411530004,-0.1124382832288511
1.4705555555556002,1.2483333333333602,0.061939085540384256,-0.12961176552543657
1.4705555555556002,1.2024999999999602,0.060421378970822136,-0.19018613361249548
1.4705555555556002,1.18694444444446,0.060034385171771794,-0.20877246867180338
1.4705555555556002,1.18694444444446,0.060723704027960235,-0.18546414912787298
1.4705555555556002,1.18694444444446,0.060852952633211714,-0.1835859590928359
1.4705555555556002,1.18694444444446,0.06118830922652322,-0.18331539058861118
1.4705555555556002,1.18694444444446,0.06154598821319394,-0.19319691025891447
1.4808333333333,1.18694444444446,0.06160544211532537,-0.20659352780315893
1.4808333333333,1.18694444444446,0.06149851452008342,-0.21343319128934704
1.4808333333333,1.18694444444446,0.06137166315517081,-0.21470552078159771
1.4808333333333,1.18694444444446,0.06134683838687655,-0.21460808442214116
1.4808333333333,1.18694444444446,0.06141720164129488,-0.21433741516606164
1.4808333333333,1.18694444444446,0.0620680951304311,-0.21292259260822197
1.4705555555556002,1.18694444444446,0.0626139094676028,-0.1982504854759438
1.4697222222222,1.18694444444446,0.0626281134393444,-0.19447929121961868
1.4697222222222,1.18694444444446,0.06264407552714485,-0.1926937580240587
1.4697222222222,1.18694444444446,0.0626116548727783,-0.19457933025253873
1.4691666666667,1.18694444444446,0.06262379648553858,-0.1921891676637337
1.4691666666667,1.18694444444446,0.06258675171834194,-0.18670027082830237
1.4691666666667,1.18694444444446,0.06230975992680854,-0.17532945829808289
1.4691666666667,1.18694444444446,0.06231580657159834,-0.1763430323846733
1.4691666666667,1.18694444444446,0.062301726459478374,-0.17842460615217343
1.4691666666667,1.18694444444446,0.06233401340477162,-0.17663794561852175
1.4697222222222,1.18694444444446,0.062321803294054935,-0.17977285868470763
1.4691666666667,1.18694444444446,0.062199427785590795,-0.16872670378843194
1.4691666666667,1.18694444444446,0.06165481430684871,-0.16711233518678068
1.4691666666667,1.18694444444446,0.061713033497210516,-0.16950420173466385
1.4697222222222,1.18694444444446,0.06176557926506707,-0.17723317839222147
1.4705555555556002,1.18694444444446,0.06156176666405491,-0.19233095242611797
1.4705555555556002,1.18694444444446,0.061298240760661,-0.1972005538034816
1.4705555555556002,1.18694444444446,0.060836467024921285,-0.1962085727838489
1.4705555555556002,1.18694444444446,0.060013064550650294,-0.18440070136779793
1.4705555555556002,1.18694444444446,0.058866144440991426,-0.15187602306219766
1.4705555555556002,1.18694444444446,0.0583379690939698,-0.1262953967135376
1.4705555555556002,1.16055555555557,0.058139667371842965,-0.1155957526775449
1.4705555555556002,1.16055555555557,0.05770610108791045,-0.09494723894718633
1.4705555555556002,1.16055555555557,0.05832497212826486,-0.11346758439891155
1.4705555555556002,1.16055555555557,0.05890016376650071,-0.11556613366554468
1.4705555555556002,1.16055555555557,0.058844440714932354,-0.11689539999923565
1.4705555555556002,1.16055555555557,0.0589410676872022,-0.11393452923280498
1.4705555555556002,1.16055555555557,0.058904274855699455,-0.11425272337694971
1.4705555555556002,1.16055555555557,0.058903270643232745,-0.11428086288848639
1.4705555555556002,1.16055555555557,0.059036088568039505,-0.10568735445559643
1.4705555555556002,1.16055555555557,0.059019017122109,-0.10739193949004372
1.4808333333333,1.16055555555557,0.05900146569801109,-0.11651786728693034
1.4811111111111,1.16055555555557,0.058860491956870556,-0.12701478905731975
1.4811111111111,1.16055555555557,0.058896992807464785,-0.1255153900762299
1.4811111111111,1.16055555555557,0.05915063516789817,-0.12077206807454312
1.4808333333333,1.16055555555557,0.058900977120940286,-0.10113646294046041
1.4808333333333,1.16055555555557,0.05852798447239392,-0.1009027007107854
1.4808333333333,1.16055555555557,0.058481760193296324,-0.09841131500282485
1.4811111111111,1.16055555555557,0.0585002795086244,-0.10726157525891825
1.4811111111111,1.16055555555557,0.05849639667770162,-0.10783275530329116
1.4811111111111,1.16055555555557,0.05858795969825611,-0.10624266962973239
1.4811111111111,1.16055555555557,0.057903617006394514,-0.09525121530689673
1.4811111111111,1.16055555555557,0.05778014269752722,-0.09112822196193644
1.4811111111111,1.16055555555557,0.05761774488835492,-0.08488745818120838
1.4811111111111,1.16055555555557,0.0581757150757247,-0.10950300359797288
1.4811111111111,1.16055555555557,0.058547698288274996,-0.1260022144212574
1.4811111111111,1.17861111111112,0.05960934957541006,-0.1711753302570494
1.4811111111111,1.17861111111112,0.06105271853166491,-0.2081645574420489
1.4811111111111,1.17861111111112,0.06183450139530118,-0.1980680772219975
1.4811111111111,1.17861111111112,0.0618752414720339,-0.20233062086411394
1.4811111111111,1.17861111111112,0.061890549179971326,-0.20435540477980313
1.4811111111111,1.17861111111112,0.06174951172726529,-0.1978265565941818
1.4808333333333,1.17861111111112,0.06175784602341019,-0.1938972107028041
1.4808333333333,1.17861111111112,0.06131393435683431,-0.1923817551760043
1.4808333333333,1.17861111111112,0.06149501273567228,-0.19483475774553152
1.4808333333333,1.17861111111112,0.06149943945553039,-0.1949022711680114
1.4808333333333,1.17861111111112,0.061657081783427166,-0.20098530688833485
1.4811111111111,1.17861111111112,0.06163466593647832,-0.20725607023099152
1.4808333333333,1.17861111111112,0.06159801078702999,-0.19857506981591855
1.4808333333333,1.17861111111112,0.06146056780871527,-0.1971546376915623
1.4808333333333,1.17861111111112,0.060815429143929185,-0.21882699584908705
1.4808333333333,1.17861111111112,0.061394687416029825,-0.19758737111670693
1.4808333333333,1.17861111111112,0.06259443669768357,-0.1598538129186323
1.4808333333333,1.17861111111112,0.06307891922962566,-0.15906383039339345
1.4811111111111,1.17861111111112,0.06324940156834145,-0.17572684545978665
1.4813888888889,1.17861111111112,0.06347283361310085,-0.19531739626894234
1.4816666666667,1.17861111111112,0.06360652401672474,-0.21583961981358374
1.4863888888889,1.17861111111112,0.06272435729560957,-0.22737833053544704
1.4863888888889,1.17861111111112,0.061880566633421015,-0.2313591519468574
1.4863888888889,1.17861111111112,0.0618657884718467,-0.2318306187875744
1.4863888888889,1.17861111111112,0.06168630163713284,-0.23520232176574069
1.4863888888889,1.17861111111112,0.061869228614183494,-0.2278716014246701
1.4816666666667,1.17861111111112,0.06164632653079202,-0.21674816433341068
1.4816666666667,1.17861111111112,0.061641733255599275,-0.216294805726204
1.4863888888889,1.17861111111112,0.06171640318829983,-0.22504226725427276
1.4863888888889,1.17861111111112,0.06171413269048421,-0.22603561561683877
1.4863888888889,1.17861111111112,0.06175225448968906,-0.22086887358922822
1.4863888888889,1.17861111111112,0.0613125732566793,-0.21404000372675
1.4863888888889,1.24500000000002,0.06327730692971935,-0.1501955105479787
1.4863888888889,1.24500000000002,0.06466363280314454,-0.12555662005878815
1.4863888888889,1.24500000000002,0.06534587744559606,-0.13205905093342543
1.4897222222222,1.24500000000002,0.06549711821090519,-0.14586507162304094
1.4897222222222,1.24500000000002,0.06560038435548453,-0.14914182892281946
1.4897222222222,1.24500000000002,0.06486885312873855,-0.15326335061983107
1.4897222222222,1.24500000000002,0.06433847227368238,-0.17021240604074406
1.4897222222222,1.2663888888889199,0.06495094889506832,-0.14157081069589694
1.4897222222222,1.2663888888889199,0.06635960139490314,-0.10326661999482299
1.4897222222222,1.2663888888889199,0.06656787360630194,-0.10034286794096084
1.4897222222222,1.2663888888889199,0.06671099536898654,-0.10377336312463364
1.4897222222222,1.2663888888889199,0.06676719391666842,-0.1048001067099697
1.4897222222222,1.2663888888889199,0.06681809894294317,-0.10153006696674317
1.4897222222222,1.2663888888889199,0.06670089572462931,-0.1037963913514217
1.4897222222222,1.2663888888889199,0.06667397391953689,-0.104027732910871
1.4897222222222,1.2663888888889199,0.06652384763628601,-0.10544540037060181
1.4897222222222,1.2663888888889199,0.06639111708939549,-0.10421512630924523
1.4897222222222,1.2663888888889199,0.06680469029782445,-0.10185338981595152
1.4863888888889,1.2663888888889199,0.06704687777914922,-0.08750015244063095
1.4833333333333,1.2663888888889199,0.06679541523517528,-0.07546235137961887
1.4816666666667,1.2663888888889199,0.06676101519515774,-0.0679900246393368
1.4816666666667,1.2663888888889199,0.06676285874690983,-0.06768377524582293
1.4811111111111,1.2663888888889199,0.06678323182864614,-0.06374457110230193
1.4811111111111,1.2663888888889199,0.06663186656184103,-0.056885109328262635
1.4811111111111,1.2663888888889199,0.06635956671708634,-0.05667799451863521
1.4811111111111,1.2663888888889199,0.06610765187301097,-0.05631648180443355
1.4811111111111,1.2663888888889199,0.06642160214943763,-0.06156166685766058
1.4816666666667,1.2663888888889199,0.06656398325548891,-0.07172217748298244
1.4816666666667,1.2663888888889199,0.06651177386854089,-0.06712254959420023
1.4816666666667,1.2663888888889199,0.06601473454731617,-0.0693368628218778
1.4816666666667,1.2663888888889199,0.06515020598080787,-0.0927399630421225
1.4816666666667,1.2663888888889199,0.06606083354470883,-0.06457259724251245
1.4816666666667,1.2663888888889199,0.06678279392645159,-0.049022002678095124
1.4816666666667,1.2663888888889199,0.0672517104181523,-0.04377519355527567
1.4816666666667,1.2663888888889199,0.06686647207359522,-0.04447821242586965
1.4816666666667,1.2663888888889199,0.06670609232853891,-0.04197401615895894
1.4816666666667,1.2663888888889199,0.06667277712262344,-0.0393881788999323
1.4816666666667,1.2663888888889199,0.06669656942491171,-0.03773132025269356
1.4816666666667,1.2663888888889199,0.06661190882816322,-0.03933451065051075
1.4816666666667,1.2663888888889199,0.06678436577720594,-0.03877685683545886
1.4816666666667,1.2663888888889199,0.0664435889974321,-0.03325636723506502
1.4816666666667,1.2663888888889199,0.06690907917476212,-0.03821418344167033
1.4816666666667,1.2663888888889199,0.06686636236841025,-0.0381041435114946
1.4833333333333,1.2663888888889199,0.0664102468327927,-0.05804668905417254
1.4863888888889,1.2663888888889199,0.06635316301307347,-0.06735015590140807
1.4833333333333,1.2663888888889199,0.06635065435772947,-0.06391717324455483
1.4833333333333,1.2663888888889199,0.06632692713928982,-0.06631196869314901
1.4863888888889,1.2663888888889199,0.06642113662451102,-0.07892504095271735
1.4863888888889,1.2663888888889199,0.06647637475105235,-0.08040108149794642
1.4863888888889,1.2663888888889199,0.06643779090742884,-0.07752186467612518
1.4863888888889,1.2663888888889199,0.06655088776760074,-0.08446271655220101
1.4863888888889,1.2663888888889199,0.066665681289893,-0.08892695147165457
1.4863888888889,1.2663888888889199,0.06649267383396879,-0.08089225278924246
1.4863888888889,1.2663888888889199,0.06605904039669601,-0.07802746203858989
1.4863888888889,1.2663888888889199,0.06578611092850896,-0.0835994115335642
1.4863888888889,1.2663888888889199,0.06653408397775298,-0.06278592828344845
1.4863888888889,1.2663888888889199,0.06696140000438226,-0.05418776564309784
1.4863888888889,1.2663888888889199,0.06738142666208927,-0.054434540275183144
1.4863888888889,1.2663888888889199,0.06787514864371914,-0.05250553949881618
1.4863888888889,1.2663888888889199,0.06795538165739912,-0.05820420771280221
1.4863888888889,1.2663888888889199,0.06796300476779842,-0.05734630186034497
1.4863888888889,1.2663888888889199,0.06787776864766779,-0.06329387802421896
1.4863888888889,1.2663888888889199,0.06812479721196284,-0.06083155513859687
1.4863888888889,1.2663888888889199,0.0680171329275355,-0.062098669294702744
1.4863888888889,1.2663888888889199,0.06815274672987098,-0.05996477256937722
1.4863888888889,1.2663888888889199,0.06876330686376173,-0.05385082741051104
1.4863888888889,1.2663888888889199,0.06900691297599944,-0.04486252101359805
1.4897222222222,1.2663888888889199,0.0690000716575275,-0.04738295665180395
1.4897222222222,1.2663888888889199,0.06875705599778474,-0.03826934123327289
1.4897222222222,1.2663888888889199,0.06874804235507682,-0.040004400545388785
1.49,1.2663888888889199,0.06874748908149535,-0.0405374561043078
1.49,1.2663888888889199,0.0687793937241949,-0.0442694631950114
1.4941666666667,1.2663888888889199,0.06924632018398313,-0.057665441294859614
1.4941666666667,1.2663888888889199,0.06936075225353226,-0.06337910405757602
1.4994444444443995,1.2663888888889199,0.06937132981209886,-0.06689978723381075
1.5,1.2663888888889199,0.06939628216952638,-0.07499444262535078
1.5,1.2663888888889199,0.06937051329255428,-0.07336868609700607
1.5,1.2663888888889199,0.06878562117282379,-0.07070665469866526
1.5,1.2663888888889199,0.06783423676598854,-0.09016874645894693
1.5,1.2663888888889199,0.06741260100668035,-0.10133553785423277
1.5,1.2663888888889199,0.06811780782524504,-0.08722901902819753
1.5,1.2663888888889199,0.06823418651165124,-0.0864380017683139
1.5,1.2663888888889199,0.06798243839997921,-0.08222124188349865
1.5,1.2663888888889199,0.06793358025023302,-0.07969728635837683
1.5,1.2663888888889199,0.06792535385538465,-0.08092933842792652
1.5,1.2663888888889199,0.06770980650696772,-0.08671449044356903
1.5,1.2663888888889199,0.06764114620061194,-0.08646352496919264
1.5,1.2663888888889199,0.0681104231822441,-0.09090363581107136
1.5,1.2663888888889199,0.06812659981655583,-0.09113319111468539
1.5,1.2663888888889199,0.06904947323140286,-0.10810475311851672
1.5,1.2663888888889199,0.06951718991048654,-0.0991936330606028
1.5,1.2663888888889199,0.06961532845265268,-0.0949442106228283
1.5,1.2663888888889199,0.06966117321798992,-0.09285961702177063
1.5,1.2663888888889199,0.06969910011425284,-0.09023103511264838
1.5,1.2663888888889199,0.0698238961863358,-0.08193745885813974
1.5,1.2663888888889199,0.0698263522190475,-0.08140969757468651
1.5,1.2663888888889199,0.06984239556482436,-0.08330211164222562
1.5,1.2663888888889199,0.06984767521399797,-0.08259322673419206
1.5011111111111,1.2663888888889199,0.06977703973290872,-0.09442277626005179
1.5166666666667,1.2663888888889199,0.06978213842330791,-0.09747993349906567
1.5166666666667,1.2663888888889199,0.06977592561052141,-0.09845691260221785
1.5011111111111,1.2663888888889199,0.06981396469093235,-0.0853997280426561
1.5011111111111,1.2663888888889199,0.07049249020809512,-0.08629731477602484
1.5011111111111,1.2663888888889199,0.07103985821326907,-0.09131782549459615
1.5011111111111,1.2663888888889199,0.07106980154240149,-0.09428836381196772
1.5166666666667,1.2663888888889199,0.07095622350884781,-0.10467018666975013
1.5166666666667,1.2663888888889199,0.07078440108582958,-0.10758200644820824
1.5166666666667,1.2663888888889199,0.0704360888281095,-0.11311451479293635
1.5166666666667,1.2663888888889199,0.0703733239608604,-0.11262034889398347
1.5166666666667,1.2663888888889199,0.06987223208827358,-0.09787151841134872
1.5166666666667,1.2663888888889199,0.06903639530652547,-0.06897561674619113
1.5166666666667,1.2663888888889199,0.06941036393613255,-0.08243246034654715
1.5166666666667,1.2663888888889199,0.0698850019521829,-0.09758428821845708
1.5166666666667,1.2663888888889199,0.07064123765111127,-0.11337546774515277
1.5166666666667,1.2663888888889199,0.07144791017875511,-0.11421712578008197
1.5166666666667,1.2663888888889199,0.071325873093024,-0.11767675691483902
1.5166666666667,1.2663888888889199,0.07104725932920104,-0.12650621439034623
1.5166666666667,1.2663888888889199,0.07100450269343736,-0.1276991449984377
1.5166666666667,1.2663888888889199,0.07108147095695476,-0.12620210935817106
1.5166666666667,1.2663888888889199,0.07107300282446836,-0.12706796043824295
1.5166666666667,1.2663888888889199,0.07109701406125409,-0.12928795522256484
1.5166666666667,1.2663888888889199,0.07110342738231658,-0.1275984188565449
1.5166666666667,1.2663888888889199,0.07098256354335006,-0.1345035800064549
1.5166666666667,1.2663888888889199,0.07064473173302958,-0.14228568960317856
1.5166666666667,1.2663888888889199,0.07066948858990804,-0.14154244221123596
1.5011111111111,1.2663888888889199,0.07059365771672427,-0.12786502650134726
1.5011111111111,1.2663888888889199,0.07128066536034164,-0.13257478598819364
1.5011111111111,1.2663888888889199,0.07295446429164283,-0.11373967578638584
1.5166666666667,1.2663888888889199,0.07310023188265295,-0.12684109222253837
1.5166666666667,1.2663888888889199,0.07280538201707043,-0.13676547870887076
1.5166666666667,1.2663888888889199,0.07262487000937151,-0.13792468611470543
1.5166666666667,1.2663888888889199,0.07213564470084033,-0.1298690010268988
1.5166666666667,1.2663888888889199,0.0716366961242747,-0.11952896638184128
1.5166666666667,1.2663888888889199,0.07127812265245585,-0.10752734226253563
1.5166666666667,1.2663888888889199,0.07108039324987271,-0.10065723152120422
1.5166666666667,1.2252777777778099,0.07061320589028273,-0.08268872939839983
1.5166666666667,1.2252777777778099,0.07063298751797878,-0.08340618922581625
1.5166666666667,1.2252777777778099,0.07155759793343083,-0.10533632504889488
1.5011111111111,1.2252777777778099,0.07239473489260191,-0.09123442446750667
1.5,1.2252777777778099,0.0725757574228354,-0.07858220726316051
1.4994444444443995,1.2252777777778099,0.07259359762953668,-0.07396033467267969
1.4994444444443995,1.2252777777778099,0.07257955873017864,-0.07540607124008832
1.4941666666667,1.2252777777778099,0.07260718810217319,-0.06250896304993653
1.4941666666667,1.2252777777778099,0.07239943062975931,-0.05510682587182475
1.4941666666667,1.2252777777778099,0.07233309894958463,-0.052789772177414165
1.4941666666667,1.2252777777778099,0.07232299000911564,-0.052523983436783835
1.4941666666667,1.2252777777778099,0.07232324260881756,-0.05293183498703009
1.4994444444443995,1.2252777777778099,0.07233596978254729,-0.061876058608230006
1.4994444444443995,1.2252777777778099,0.07239729173279172,-0.06346301120623968
1.4994444444443995,1.2252777777778099,0.07171910408502238,-0.05753305013569907
1.4994444444443995,1.2252777777778099,0.07138804874172809,-0.06560994610637853
1.4994444444443995,1.2252777777778099,0.07153551900413116,-0.06087037738952742
1.4994444444443995,1.2252777777778099,0.07214999728310209,-0.05151424777960405
1.4994444444443995,1.2252777777778099,0.07292868292578869,-0.047863102948383834
1.4994444444443995,1.2252777777778099,0.07303360097835061,-0.048351888554564765
1.4994444444443995,1.2252777777778099,0.07298100202898833,-0.04757893407539403
1.5,1.2252777777778099,0.07298605648538935,-0.04969048882932533
1.5072222222222,1.2252777777778099,0.07292475925284181,-0.05785758786861072
1.5072222222222,1.2252777777778099,0.07286314221745151,-0.059778934803408935
1.5072222222222,1.2252777777778099,0.07292656566994768,-0.05856100534237506
1.5072222222222,1.2252777777778099,0.07337968810106676,-0.05810542015296974
1.5072222222222,1.2252777777778099,0.07390939169011834,-0.04754721763989603
1.5,1.2252777777778099,0.07423075078496937,-0.03289967961411182
1.4941666666667,1.2252777777778099,0.07419444239708778,-0.021773812836524038
1.5,1.2252777777778099,0.07447917535963898,-0.03393701263377961
1.5,1.2252777777778099,0.0744404355848085,-0.0370812926096314
1.5,1.2252777777778099,0.07443651900014683,-0.03575430787678056
1.5,1.2252777777778099,0.07235109871186991,-0.07131012726202127
1.5,1.2252777777778099,0.07115832249893744,-0.08987641918032933
1.5,1.2252777777778099,0.07050745112126705,-0.08544874811409368
1.5,1.2252777777778099,0.07036476935240284,-0.08073065927090788
1.5,1.2252777777778099,0.07031943088761583,-0.07966815015490164
1.5,1.2252777777778099,0.0702439577597974,-0.07686575694139243
1.5,1.2252777777778099,0.07124622516997586,-0.04762460741409939
1.5,1.1786111111111102,0.07090804006314337,-0.06107492044186784
1.5,1.21083333333331,0.07128689676535223,-0.046665254459393665
1.5,1.21083333333331,0.07264710691723751,-0.009893484628178413
1.5,1.21083333333331,0.07324743420677002,-0.008472465434404951
1.5,1.21083333333331,0.07347116965337513,-0.010157331139265348
1.5055555555556002,1.21083333333331,0.07369448410232159,-0.02828036788572658
1.5066666666667,1.21083333333331,0.07355768692156665,-0.037870874465467094
1.5066666666667,1.21083333333331,0.07327346033703327,-0.046889628991342365
1.5066666666667,1.21083333333331,0.07330476753855406,-0.046467490212582806
1.5066666666667,1.21083333333331,0.07305140458161159,-0.04631764410375736
1.5066666666667,1.21083333333331,0.07280027337761927,-0.046391047655083374
1.5066666666667,1.21083333333331,0.07296281461804807,-0.045383210230588646
1.5066666666667,1.21083333333331,0.07316444977089599,-0.03632648481884627
1.5066666666667,1.21083333333331,0.07316155635612871,-0.0368383594477414
1.5066666666667,1.21083333333331,0.07315187478226158,-0.038723607417161444
1.5066666666667,1.21083333333331,0.07314624428233882,-0.03921886829547721
1.5066666666667,1.21083333333331,0.07313995087558392,-0.037704218976489796
1.5066666666667,1.21083333333331,0.07302413305458351,-0.035262393488846314
1.5066666666667,1.21083333333331,0.07306377101087327,-0.03574284201514971
1.5066666666667,1.21083333333331,0.07273661082691649,-0.028031495444318436
1.5066666666667,1.21083333333331,0.07264443797036749,-0.024541599982317537
1.5066666666667,1.21083333333331,0.0728380395230837,-0.03333330452692182
1.5066666666667,1.21083333333331,0.0730351125759137,-0.034675880864975986
1.5066666666667,1.21083333333331,0.0724377307538403,-0.031976101714490564
1.5066666666667,1.21083333333331,0.07174871357860994,-0.05026905103657134
1.5066666666667,1.21083333333331,0.07190027824147768,-0.04621949334245797
1.5066666666667,1.21083333333331,0.07270067717747085,-0.027303699172289506
1.5066666666667,1.21083333333331,0.07326999881363966,-0.025812761045785258
1.5066666666667,1.21083333333331,0.07347943025016766,-0.02907402052348044
1.5066666666667,1.21083333333331,0.07352384350837067,-0.03241383929155418
1.5066666666667,1.21083333333331,0.07348566034929524,-0.03495576746357563
1.5072222222222,1.21083333333331,0.0733287345800752,-0.04554124392889048
1.5072222222222,1.21083333333331,0.07310518561457754,-0.04662090129674222
1.5072222222222,1.21083333333331,0.07280949382561162,-0.04544486092255502
1.5072222222222,1.21083333333331,0.07238122339818077,-0.041170022968248045
1.5072222222222,1.21083333333331,0.07294160532893003,-0.04696787942634092
1.5066666666667,1.21083333333331,0.07316856610022396,-0.027912161187109225
1.5055555555556002,1.21083333333331,0.07317326853279507,-0.023270767518896857
1.5055555555556002,1.21083333333331,0.07316958842904163,-0.025167894191230594
1.5055555555556002,1.21083333333331,0.0731698739082053,-0.025131780428195086
1.5038888888889,1.21083333333331,0.07308473237047793,-0.012779077914545828
1.5038888888889,1.21083333333331,0.07295243460185456,-0.0067664732709555786
1.5038888888889,1.21083333333331,0.07328510184111756,-0.015467461261466873
1.5038888888889,1.21083333333331,0.07330653054060483,-0.01605795482824508
1.5038888888889,1.21083333333331,0.07331747764174512,-0.016311707958243646
1.5038888888889,1.21083333333331,0.07337280411454807,-0.020976322498448254
1.5038888888889,1.21083333333331,0.07339157097205061,-0.021619411195421885
1.5038888888889,1.21083333333331,0.07278172756837216,-0.01994507988304411
1.5038888888889,1.21083333333331,0.07200974737705826,-0.036776685053746934
1.5038888888889,1.23722222222221,0.0733093529839858,0.0037873719758500218
1.5038888888889,1.23722222222221,0.07377701364846294,0.00972744891014642
1.5038888888889,1.23722222222221,0.07389201876796458,0.011038019359670305
1.5038888888889,1.23722222222221,0.07407066877002283,0.007199678740561962
1.5055555555556002,1.23722222222221,0.07447571297303385,-0.008555069575452625
1.5066666666667,1.23722222222221,0.07451092662756115,-0.015989936631011396
1.5072222222222,1.23722222222221,0.07410465616228204,-0.03176580764971347
1.5072222222222,1.23722222222221,0.07398435484874152,-0.0345883709877612
1.5072222222222,1.23722222222221,0.0740406060190556,-0.03421324636197265
1.5072222222222,1.23722222222221,0.07384093023201795,-0.033289446945333034
1.5072222222222,1.23722222222221,0.07424673704819251,-0.033313349348060205
1.5072222222222,1.23722222222221,0.0746013095620692,-0.021638153908884572
1.5066666666667,1.23722222222221,0.07462410652746419,-0.0161939201483943
1.5066666666667,1.23722222222221,0.0746245143666981,-0.0161031898501834
1.5066666666667,1.23722222222221,0.07463518562232392,-0.013876647738710229
1.5055555555556002,1.23722222222221,0.07462196588747558,-0.006158931419318995
1.5055555555556002,1.23722222222221,0.07417118237466098,0.003451842327664628
1.5055555555556002,1.23722222222221,0.07411242141465584,0.00553387620067594
1.5055555555556002,1.23722222222221,0.0742322503971875,-0.0005437405109772498
1.5055555555556002,1.23722222222221,0.07433292016543536,-0.004551483013812633
1.5055555555556002,1.23722222222221,0.07432688200888088,-0.004030001818094385
1.5055555555556002,1.23722222222221,0.07428514772960171,-0.0016904449679043109
1.5055555555556002,1.23722222222221,0.07382204178358728,0.006459453473473569
1.5055555555556002,1.23722222222221,0.07381941255546093,0.006418826075062125
1.5055555555556002,1.23722222222221,0.07418979374916175,0.015648450957836613
1.5055555555556002,1.23722222222221,0.0752021644114746,0.032590317359538344
1.5055555555556002,1.23722222222221,0.07607080630267563,0.03046989191560913
1.5055555555556002,1.23722222222221,0.07629040745300301,0.023699016561509807
1.5066666666667,1.23722222222221,0.07635408486641755,0.014560529242706047
1.5066666666667,1.23722222222221,0.07648047574733037,0.01830093091541023
1.5066666666667,1.23722222222221,0.07608952457692778,0.014941676417474441
1.5066666666667,1.23722222222221,0.07578152854304733,0.018566474220240527
1.5066666666667,1.23722222222221,0.07564045683859659,0.02028317782574703
1.5066666666667,1.23722222222221,0.07514299268506736,0.031620129165150904
1.5066666666667,1.23722222222221,0.0758950274489835,0.02110446360000017
1.5066666666667,1.23722222222221,0.07613919044257916,0.023657000534230633
1.5066666666667,1.23722222222221,0.0762791860999671,0.026304609738843587
1.5066666666667,1.23722222222221,0.07627703969417585,0.02621374673368594
1.5066666666667,1.23722222222221,0.07626733566577219,0.025981530260078958
1.5066666666667,1.23722222222221,0.07629352758776098,0.028218899461529917
1.5055555555556002,1.23722222222221,0.07630055206176706,0.03523650327881561
1.5066666666667,1.23722222222221,0.07633308564175718,0.025610226155308384
1.5055555555556002,1.23722222222221,0.07634456866373719,0.03281012130592739
1.5038888888889,1.23722222222221,0.07634613738258693,0.03605064681046694
1.5038888888889,1.23722222222221,0.07635034569915404,0.03657676702282282
1.5038888888889,1.23722222222221,0.07629850221380274,0.03435357392605968
1.5038888888889,1.23722222222221,0.0755791928728482,0.04395145743486382
1.5038888888889,1.23722222222221,0.07549021293186516,0.043790296992261044
1.5038888888889,1.23722222222221,0.07576666999777318,0.03663828551581765
1.5038888888889,1.23722222222221,0.0758461709260563,0.030567641534459608
1.5055555555556002,1.23722222222221,0.07571652520529995,0.01799065489578125
1.5055555555556002,1.23722222222221,0.07576985801074693,0.019563869726070885
1.5055555555556002,1.23722222222221,0.07555526864324111,0.02056411629956925
1.5055555555556002,1.23722222222221,0.07510005896944182,0.030109873895910962
1.5055555555556002,1.23722222222221,0.07520495242604157,0.027212277410060205
1.5055555555556002,1.22138888888888,0.07505364986372332,0.032515032137556736
1.5055555555556002,1.24888888888888,0.07531229483260131,0.02337237100689655
1.5055555555556002,1.24888888888888,0.07564991354062772,0.01329284948343703
1.5055555555556002,1.26166666666666,0.07705329484632417,-0.02453925590583209
1.5055555555556002,1.26166666666666,0.07791745759977078,-0.023225272917826795
1.5055555555556002,1.26166666666666,0.07813295483218542,-0.016010532873433653
1.5055555555556002,1.26166666666666,0.07812460765428572,-0.01625453021913592
1.5055555555556002,1.26166666666666,0.07793389251105252,-0.02125138478588231
1.5055555555556002,1.26166666666666,0.0780049233812261,-0.017198453120984475
1.5055555555556002,1.26166666666666,0.07798709154102533,-0.01565157542262692
1.5055555555556002,1.26166666666666,0.07798033371048992,-0.017070648560210983
1.5066666666667,1.26166666666666,0.07797307026001228,-0.02016855530892492
1.5066666666667,1.26166666666666,0.07793462409844325,-0.02535177975832097
1.5066666666667,1.26166666666666,0.07788770197462698,-0.02670505492867606
1.5066666666667,1.26166666666666,0.07791817279169762,-0.025215320875208447
1.5055555555556002,1.26166666666666,0.07736499932049828,-0.005330545156170796
1.5055555555556002,1.26166666666666,0.07565836866962447,-0.01753282760149917
1.5055555555556002,1.26166666666666,0.0754888451418297,-0.01075699112510547
1.5055555555556002,1.26166666666666,0.0755080391169311,-0.008438879302471336
1.5055555555556002,1.26166666666666,0.07528597407646427,-0.014826109076763412
1.5055555555556002,1.26166666666666,0.07490280242907385,-0.012978254023285158
1.5055555555556002,1.26166666666666,0.07470183377423424,-0.010374642375113898
1.5055555555556002,1.26166666666666,0.07424604963946524,0.0016682881008588967
1.5055555555556002,1.26166666666666,0.07383382745487008,0.013802623525491456
1.5055555555556002,1.26166666666666,0.07285183754247922,0.040674654174817554
1.5055555555556002,1.26166666666666,0.07280527796701933,0.04234292021404954
1.5055555555556002,1.26166666666666,0.07325593340376173,0.02659768176291416
1.5055555555556002,1.26166666666666,0.07419555467131753,0.005163384056058792
1.5055555555556002,1.26166666666666,0.07460302624956243,0.006969127716469735
1.5055555555556002,1.26166666666666,0.0746074319425012,0.007408014703046891
1.5055555555556002,1.26166666666666,0.07473689899531064,0.01403180929812082
1.5055555555556002,1.26166666666666,0.07470544855620219,0.01237360007512725
1.5041666666667,1.26166666666666,0.07469618143951517,0.01776916650320485
1.5041666666667,1.26166666666666,0.07465217331471351,0.020414022795311473
1.5041666666667,1.26166666666666,0.07456569329183625,0.02376685498289113
1.5041666666667,1.26166666666666,0.07456577798605395,0.02373034604069933
1.5041666666667,1.26166666666666,0.07453191235625783,0.02675428186226782
1.5041666666667,1.26166666666666,0.07437003167649968,0.03370652991013672
1.5041666666667,1.26166666666666,0.07438313947066963,0.03276110473705527
1.5041666666667,1.26166666666666,0.07340677868038481,0.029598295707840797
1.5041666666667,1.26166666666666,0.07306281462911261,0.019903103133438054
1.5041666666667,1.2713888888888598,0.0744018484377427,0.06104999990564237
1.5041666666667,1.2713888888888598,0.07493664205742297,0.07193172377341865
1.5041666666667,1.2713888888888598,0.0754047153364581,0.07443569395800767
1.5041666666667,1.2713888888888598,0.0761199197468877,0.07510579102769893
1.5041666666667,1.2713888888888598,0.07632501642312924,0.06675141534779623
1.5041666666667,1.2713888888888598,0.07634272691033846,0.06467515289035908
1.5041666666667,1.2713888888888598,0.07628184839568883,0.06101692856456043
1.5041666666667,1.2713888888888598,0.07634387920211765,0.06176325885298663
1.5041666666667,1.2713888888888598,0.07616012958004892,0.06280173254484
1.5041666666667,1.2713888888888598,0.0762361709437622,0.062410428938313535
1.5041666666667,1.2713888888888598,0.07643158514419242,0.06252021145618054
1.5041666666667,1.2713888888888598,0.07663034500969092,0.06845921700271632
1.5038888888889,1.2713888888888598,0.07633651761679436,0.08114771932944582
1.5038888888889,1.2713888888888598,0.07633871750842827,0.08146353946317371
1.4963888888889,1.2713888888888598,0.07633800408165572,0.08206029924843752
1.4963888888889,1.2713888888888598,0.07625517851522366,0.08720287074658374
1.4963888888889,1.2713888888888598,0.07602283811175485,0.09245655646126877
1.4963888888889,1.2713888888888598,0.07624054059213449,0.085962181404389
1.4963888888889,1.2713888888888598,0.07621195554665657,0.08876883010055944
1.4963888888889,1.2713888888888598,0.0761131654798617,0.09391008477032511
1.4963888888889,1.2713888888888598,0.07618664818843,0.09093972735041796
1.4963888888889,1.2713888888888598,0.07431451700170168,0.06821551346179616
1.4963888888889,1.2713888888888598,0.07261285606321047,0.036810527719502245
1.4963888888889,1.2713888888888598,0.07162968353047608,0.00572111811920146
1.4963888888889,1.2713888888888598,0.07182707822877028,0.01342114082228039
1.4963888888889,1.2713888888888598,0.07253428922261795,0.028607229276326116
1.4963888888889,1.2713888888888598,0.0726691652954888,0.028973777531407462
1.4963888888889,1.2713888888888598,0.07284610892431005,0.028564124476247052
1.4963888888889,1.2713888888888598,0.07317169864086277,0.01784340990330844
1.4963888888889,1.2713888888888598,0.07317149389400253,0.01780706778305805
1.4963888888889,1.2713888888888598,0.07301797109927254,0.014277449901943495
1.4963888888889,1.2713888888888598,0.0729197824134371,0.013358518082042487
1.4963888888889,1.2713888888888598,0.07314799347855434,0.01356276916289081
1.4963888888889,1.2713888888888598,0.07309620937211653,0.013385563194107287
1.4963888888889,1.2713888888888598,0.07355753588188263,0.014366919932271101
1.4963888888889,1.2713888888888598,0.07382326136150676,0.02430599679811202
1.4963888888889,1.2713888888888598,0.0738658661386458,0.029502065381475522
1.5038888888889,1.2713888888888598,0.07385512097893195,0.025515641833971748
1.4963888888889,1.2713888888888598,0.07386396026421145,0.029924148707260814
1.4869444444443998,1.2713888888888598,0.07375751258073618,0.04217706663413563
1.4869444444443998,1.2713888888888598,0.07348390351698293,0.050455395679590356
1.4869444444443998,1.2713888888888598,0.07351603700449891,0.04859255329637574
1.4869444444443998,1.2713888888888598,0.07353424556409291,0.0477410328649939
1.4869444444443998,1.2713888888888598,0.07351723691671701,0.048012163878488154
1.4869444444443998,1.2713888888888598,0.07326892807863787,0.049920386043806275
1.4869444444443998,1.2713888888888598,0.07378424320133084,0.046326211282305366
1.4869444444443998,1.2713888888888598,0.07343713007008619,0.0412146921026737
1.4869444444443998,1.4136111111111602,0.07573510039689779,0.12980451958903755
1.4869444444443998,1.4136111111111602,0.07731089157347192,0.1834813293184794
1.4869444444443998,1.4136111111111602,0.07826278319940187,0.19947023701216351
1.4869444444443998,1.4136111111111602,0.07880609098392156,0.19985744630619875
1.4869444444443998,1.4136111111111602,0.07925708763223083,0.1925584580828643
1.4963888888889,1.4136111111111602,0.07979266781916217,0.17571187722719997
1.4963888888889,1.4136111111111602,0.07979622756593609,0.17499996748269783
1.4963888888889,1.4136111111111602,0.07956947737370576,0.16814082131962468
1.4963888888889,1.4136111111111602,0.07934861982068134,0.16650609426485627
1.4986111111111,1.4136111111111602,0.07884299383047956,0.1560097315045547
1.4986111111111,1.4136111111111602,0.07865514358287098,0.159017104886682
1.4986111111111,1.4136111111111602,0.07883108706627467,0.15916474343048118
1.4986111111111,1.4136111111111602,0.07913386253109142,0.16720588623539043
1.4963888888889,1.4136111111111602,0.07916287612731877,0.17195126663312177
1.4963888888889,1.4136111111111602,0.07915408991841033,0.17004491200131822
1.4963888888889,1.4136111111111602,0.07915329233415991,0.1699797560420097
1.4963888888889,1.4136111111111602,0.07913808486376027,0.17274285316925736
1.4963888888889,1.4136111111111602,0.07881101777372201,0.18126080805099262
1.4963888888889,1.4136111111111602,0.0786929586933907,0.1865485560779532
1.4963888888889,1.4136111111111602,0.0785362364758166,0.19437700683400508
1.4963888888889,1.4136111111111602,0.07852110963258577,0.19515033344799945
1.4963888888889,1.4136111111111602,0.07859206459558063,0.19322770619501728
1.4963888888889,1.4136111111111602,0.07900627539553746,0.188241562892201
1.4963888888889,1.4136111111111602,0.07884112893640438,0.18748842376360864
1.4963888888889,1.4136111111111602,0.07884963662716604,0.1877555073112939
1.4963888888889,1.4136111111111602,0.08043245786647973,0.22485201365351695
1.4963888888889,1.4136111111111602,0.08134736907311937,0.23816480149923444
1.4963888888889,1.4136111111111602,0.08201198936679693,0.2370986708548505
1.4963888888889,1.4136111111111602,0.08202101655526771,0.2370417256225759
1.4963888888889,1.4136111111111602,0.08208361700307462,0.23427943435617757
1.4877777777778,1.4136111111111602,0.08209614165437082,0.24274008871799765
1.4877777777778,1.4136111111111602,0.08221470227099524,0.24514021155997232
1.4877777777778,1.4136111111111602,0.08217649580523964,0.24499960835974416
1.4877777777778,1.4136111111111602,0.08194931612158189,0.244353331731592
1.4877777777778,1.4136111111111602,0.0817832077694242,0.24552049776265786
1.4877777777778,1.4136111111111602,0.0822050153407974,0.2430035979458673
1.4877777777778,1.4136111111111602,0.08279007516127615,0.24858096836208304
1.4877777777778,1.4136111111111602,0.08288447568159281,0.2544541835286977
1.4877777777778,1.4136111111111602,0.08291168749216989,0.2567765856315588
1.4877777777778,1.4136111111111602,0.0829188537761466,0.2574835894876276
1.4877777777778,1.4136111111111602,0.08290810444978272,0.2599060432701526
1.4869444444443998,1.4136111111111602,0.08283665652173113,0.26759134997903095
1.4869444444443998,1.4136111111111602,0.08274171676053499,0.2713666935893106
1.4869444444443998,1.4136111111111602,0.08265547447464772,0.2745066837171002
1.4869444444443998,1.4136111111111602,0.08279194438800354,0.2686517025826258
1.4869444444443998,1.4136111111111602,0.08339540051079888,0.2586808518635375
1.4869444444443998,1.4136111111111602,0.08344634768498019,0.2557252362431847
1.4869444444443998,1.4136111111111602,0.0835415727925382,0.25649973893895145
1.4869444444443998,1.4136111111111602,0.08404808375044069,0.2670787986951028
1.4869444444443998,1.4136111111111602,0.0849424603000693,0.2865816953719159
1.4869444444443998,1.4136111111111602,0.08692144909559904,0.32401839305686503
1.4869444444443998,1.4136111111111602,0.0881765788892384,0.3263084745418844
1.4869444444443998,1.4136111111111602,0.08892870647040323,0.31792306341181087
1.4877777777778,1.4136111111111602,0.08877444175742508,0.305667593206299
1.4877777777778,1.4136111111111602,0.08872316581629343,0.304199171652461
1.4877777777778,1.4136111111111602,0.0884387868197954,0.3053762705941821
1.4877777777778,1.4136111111111602,0.08839734734345864,0.30580510495289626
1.4877777777778,1.4136111111111602,0.08758631398768185,0.3121737288776392
1.4877777777778,1.4136111111111602,0.08722728137094632,0.3187574804140216
1.4963888888889,11.14749999999956,0.7445274272091768,10.619693943076367
1.4986111111111,11.14749999999956,0.756947341522267,10.352577648612677
1.4991666666666998,44.65138888888856,12.249363553830236,11.783298519723157
1.4991666666666998,44.65138888888856,12.249358654115358,11.783301396553771
1.4991666666666998,44.65138888888856,12.24959182327272,11.783188049969139
1.4991666666666998,44.65138888888856,12.249892096976811,11.783049678597676
1.4991666666666998,44.65138888888856,12.250129855602385,11.783066415109394
1.5041666666667,44.65138888888856,12.24941717973434,11.783113190504372
1.5044444444443998,44.65138888888856,12.2489521274426,11.783137700511832
1.5044444444443998,44.65138888888856,12.248950835028541,11.783138157196905
1.5044444444443998,44.65138888888856,12.249351907025153,11.78292362207138
1.5041666666667,44.65138888888856,12.249753669147395,11.782812145466776
1.4991666666666998,44.65138888888856,12.250516274984733,11.78325073118178
1.4991666666666998,44.65138888888856,12.250460308303108,11.782417856638027
1.4991666666666998,44.65138888888856,12.25017523435032,11.78196101998704
1.4991666666666998,44.65138888888856,12.249930999046255,11.781889201713739
1.5041666666667,44.65138888888856,12.249087532065822,11.782234404072325
1.5041666666667,44.65138888888856,12.24784946951273,11.783022781377335
1.5041666666667,44.65138888888856,12.246564168181484,11.784085275106406
1.5041666666667,44.65138888888856,12.245093847744512,11.785452926496246
1.5041666666667,44.65138888888856,12.243578658506664,11.786930561480583
1.5041666666667,44.65138888888856,12.242420703093474,11.78809660401031
1.5041666666667,44.65138888888856,12.242590046237968,11.787924969468278
1.5041666666667,44.633888888888556,12.241250911168121,11.789277781563447
1.5041666666667,44.633888888888556,12.242647873979022,11.787951422188188
1.5041666666667,44.633888888888556,12.243718600124872,11.787123375529577
1.5041666666667,44.633888888888556,12.243759331895971,11.787099510145966
1.5041666666667,44.633888888888556,12.243686897755603,11.787133909640184
1.5041666666667,44.633888888888556,12.24371829415553,11.787116574231725
1.4991666666666998,44.633888888888556,12.244816826354823,11.786653469104076
1.4991666666666998,44.633888888888556,12.24488951731688,11.78663170542878
1.4991666666666998,44.633888888888556,12.244740055683483,11.786646671583188
1.4991666666666998,44.633888888888556,12.244742353759765,11.786646177695047
1.4991666666666998,44.633888888888556,12.244223918109439,11.786877701436214
1.4991666666666998,44.633888888888556,12.24421934905394,11.786880094091652
1.4991666666666998,44.633888888888556,12.243827748788073,11.787096970712899
1.4991666666666998,44.633888888888556,12.243758014902546,11.787097139238128
1.4991666666666998,44.633888888888556,12.243218757024424,11.7866563064848
1.5036111111111,44.633888888888556,12.242215778367633,11.786439224904214
1.5044444444443998,44.633888888888556,12.241474576097078,11.786583118766833
1.5044444444443998,44.633888888888556,12.239255004356773,11.787196199070072
1.5044444444443998,44.633888888888556,12.237820072739632,11.78830942968039
1.5044444444443998,44.633888888888556,12.235949991533673,11.789949808348533
1.5044444444443998,44.633888888888556,12.234784024465815,11.791044593982175
1.5044444444443998,44.633888888888556,12.235567863574023,11.790299912350273
1.5044444444443998,44.633888888888556,12.234680733553738,11.791188038740433
1.5044444444443998,44.60499999999967,12.233527320917926,11.792354982187577
1.5044444444443998,44.69861111111078,12.23504915411448,11.790774893890985
1.5044444444443998,44.69861111111078,12.237564045057807,11.78840820071015
1.5044444444443998,44.69861111111078,12.239654657578605,11.786914009022892
1.5044444444443998,44.69861111111078,12.239482273316305,11.787017695201822
1.5044444444443998,44.69861111111078,12.239884928169603,11.786793060176752
1.5044444444443998,44.69861111111078,12.241013245935273,11.786132173298787
1.5044444444443998,44.69861111111078,12.241969469217253,11.785764440314175
1.5036111111111,44.69861111111078,12.242424889486713,11.785690452247088
1.5036111111111,44.69861111111078,12.24191011242075,11.785610163271553
1.5036111111111,44.69861111111078,12.241279126482894,11.785038697116264
1.5036111111111,44.69861111111078,12.24114543102174,11.7850420581164
1.5036111111111,44.69861111111078,12.241346128761323,11.785026728243277
1.5036111111111,44.69861111111078,12.241246690246472,11.784957088548595
1.5036111111111,44.69861111111078,12.241440305909357,11.786464167800757
1.5036111111111,44.69861111111078,12.241170620120146,11.787329151965634
1.5036111111111,44.69861111111078,12.242056260621137,11.784688804510443
1.5036111111111,44.69861111111078,12.24245113008602,11.782903119840382
1.5036111111111,44.69861111111078,12.24244946918073,11.78293403941557
1.5036111111111,44.69861111111078,12.242269833475426,11.782240001165594
1.5036111111111,44.69861111111078,12.24194816060361,11.782146711971954
1.5044444444443998,44.69861111111078,12.2412062880834,11.782210705884825
1.5044444444443998,44.69861111111078,12.24059315335264,11.782608113128274
1.5044444444443998,44.69861111111078,12.23964759431547,11.783293892565686
1.5044444444443998,44.69861111111078,12.239131195310417,11.78370902879421
1.5044444444443998,44.69861111111078,12.239302920561405,11.783566824538456
1.5044444444443998,44.69861111111078,12.240455495069737,11.7826540319868
1.5044444444443998,44.69861111111078,12.241015636707065,11.782390102525207
1.5044444444443998,44.69861111111078,12.240837091795338,11.782452056388829
1.5044444444443998,44.69861111111078,12.240768321053388,11.782469485782668
1.5044444444443998,44.69861111111078,12.241092274444012,11.782378412860174
1.5036111111111,44.69861111111078,12.24158458443481,11.782312328477296
1.5036111111111,44.69861111111078,12.241827564481587,11.782457465780553
1.5036111111111,44.69861111111078,12.241226472553672,11.782157976440283
1.5036111111111,44.69861111111078,12.241225421600571,11.782158079148267
1.5036111111111,44.69861111111078,12.241301493010646,11.782184534137928
1.5036111111111,44.69861111111078,12.241350451796336,11.782200436265631
1.5036111111111,44.69861111111078,12.241351744636471,11.782202842548495
1.5036111111111,44.69861111111078,12.24132479084833,11.783091616521833
1.5036111111111,44.69861111111078,12.241243597147902,11.783349344462003
1.5036111111111,44.69861111111078,12.241767093778508,11.781632490227942
1.5036111111111,44.69861111111078,12.241813673650475,11.780704028716546
1.5036111111111,44.69861111111078,12.24204221088738,11.77883818010705
1.5036111111111,44.69861111111078,12.241931721608676,11.77811521477086
1.5044444444443998,44.69861111111078,12.2410897685111,11.77804124355467
1.5044444444443998,44.69861111111078,12.240219131569189,11.778376052599972
1.5125,44.69861111111078,12.238985769606053,11.779022728328982
1.5125,44.69861111111078,12.238359439332466,11.779517252883254
1.5125,44.69861111111078,12.238929890346604,11.779055786956597
1.5125,44.69861111111078,12.238166693420435,11.779677429803625
1.5125,44.69861111111078,12.238937733121908,11.77906328458421
1.5125,44.69861111111078,12.239539342577647,11.778687483944879
1.5125,44.69861111111078,12.239797829025687,11.778594655368318
1.5125,44.69861111111078,12.239545855245371,11.778689457569984
1.5125,44.69861111111078,12.239674883549373,11.778625278827857
1.5044444444443998,44.69861111111078,12.240098933868568,11.778491081596945
1.5044444444443998,44.69861111111078,12.239924372694835,11.778443627893628
1.5044444444443998,44.69861111111078,12.239550771139907,11.778128293724127
1.5044444444443998,44.69861111111078,12.239738828624402,11.778206193617157
1.5044444444443998,44.69861111111078,12.239647948314724,11.778116857996219
1.5044444444443998,44.69861111111078,12.23973349747588,11.778376751226366
1.5044444444443998,44.69861111111078,12.23987231317449,11.778847658145864
1.5044444444443998,44.69861111111078,12.239654892393961,11.779393837422232
1.5044444444443998,44.69861111111078,12.241349077061885,11.77553739635823
1.5044444444443998,44.69861111111078,12.242665182708206,11.771959610106796
1.5044444444443998,44.69861111111078,12.242775195417325,11.771133855650596
