12738.0,585.0,26789.610000000004,1.7749998740076307
12798.0,795.0,62040.56,1.3407489756960378
12870.5,795.0,61068.56,1.0336554337369896
12889.0,795.0,56019.45,0.9533693527718023
12921.5,795.0,51265.69,0.7832543104824009
12964.5,795.0,44668.24,0.7725598030050755
13007.5,1002.0,80682.64000000001,0.7585745508178048
13047.5,1002.0,82596.09,0.3499056297101397
13047.5,1002.0,92479.23999999999,0.2726254212918767
13047.5,1123.0,104624.01000000001,0.060825879719454364
13007.5,1207.0,137140.40999999997,0.16671723823372198
12964.5,1207.0,137591.21,0.5007430064511493
12843.0,1207.0,148818.75999999998,0.7424611860536432
12645.5,1207.0,158937.61000000002,0.9203023902730852
12645.5,1207.0,157744.0,0.9506058979478526
12645.5,1207.0,158010.49,0.9423579410301312
12645.5,911.0,87394.6,0.6860819002486035
12645.5,568.0,54723.6,0.2127250494070344
12769.0,568.0,60263.81,-0.015689606440328255
12986.5,609.0,63366.56,-0.3917646990256083
12995.5,589.0,53760.2,-0.8365273543221838
13006.5,566.0,40634.240000000005,-1.3877926730115373
13007.0,566.0,23577.6,-2.392485763993032
13024.5,112.0,1354.0100000000002,0.3772998218465962
13030.5,112.0,1273.1600000000003,0.28807075040512636
13035.5,112.0,1061.9600000000003,0.21343211381354976
13033.5,112.0,1062.7600000000002,0.24990677127994085
13041.0,112.0,1061.05,-0.14224710467736618
13052.5,93.0,686.5600000000001,-0.0008925234050897738
13047.5,93.0,591.8399999999999,0.22270039170305364
13052.0,792.0,51021.810000000005,2.6091935775711113
13052.0,792.0,65632.05,1.6779096813080163
13052.0,772.0,64771.03999999999,1.6887333446997823
13052.0,772.0,64240.490000000005,1.6824389119236207
13052.0,795.0,64964.759999999995,1.6709539306459174
13052.0,795.0,65695.01,1.6627454895735763
13052.0,817.0,67447.81,1.638461927250013
13052.0,817.0,67466.24,1.6388000538972989
13057.0,817.0,66946.85,1.6282160375317518
13049.5,817.0,67553.09,1.6273639204912396
13039.0,550.0,22935.16,2.419907090236301
13032.0,108.0,1150.8400000000001,0.03624054578484375
13027.5,108.0,1201.2400000000002,0.17583250038924947
13027.5,108.0,966.6100000000002,0.15474131623748008
13027.5,108.0,1133.5600000000002,0.028357192632818808
13028.5,108.0,1090.8899999999999,-0.10172554577481442
13028.5,107.0,865.5600000000002,0.06121879085336377
13028.5,107.0,740.01,0.2222457088900527
13028.5,72.0,422.24000000000007,-0.8770643207519158
13028.5,72.0,422.24000000000007,-0.8770643207519158
13024.0,72.0,375.2,-0.7942865718685137
13024.0,72.0,377.09000000000003,-0.8000707616559123
13024.5,72.0,363.41,-1.0150114756612723
13024.5,69.0,348.2,-1.1220704391729772
13029.0,733.0,45620.090000000004,2.653160564764347
13034.5,733.0,61755.04,1.6114072154919281
13034.5,1016.0,77147.41,1.1100387788601251
13038.0,1016.0,76657.81000000001,1.0862694895357687
13040.5,1016.0,75960.4,1.035434913794995
13040.5,1016.0,75916.76000000001,1.0344910425218747
13059.0,1016.0,75003.63999999998,1.0021552195248664
13072.0,1016.0,74224.4,0.9720741610016481
13076.5,1016.0,72720.4,0.8331247823453264
13092.5,1016.0,71397.64,0.699694486449046
13092.5,816.0,36333.009999999995,0.1917514663405741
13076.5,470.0,16626.44,-1.7074847613503437
13092.5,169.0,3601.2899999999995,0.13656414575188258
13110.0,169.0,3378.65,-0.030533443665606307
13096.5,169.0,3993.44,0.08357418364685061
13141.5,157.0,3429.8,-0.22164493669534463
13160.5,157.0,3134.96,-0.5766831659091556
13160.5,157.0,2976.2400000000002,-0.6404020313492073
13148.0,157.0,2747.44,-0.5627293428528444
13148.0,154.0,2508.4,-0.6393032067974482
13148.0,142.0,2236.09,-0.7514612597260419
13148.0,142.0,1737.2900000000002,-1.063714272371889
13136.5,142.0,1600.49,-0.9697349938824478
13148.0,349.0,7394.089999999999,1.564174921981668
13157.0,834.0,57578.009999999995,2.2468181913925434
13157.0,834.0,58624.490000000005,1.95201647431207
13153.0,834.0,59872.009999999995,1.929651604221785
13153.0,823.0,59298.890000000014,1.9448993688530647
13158.5,823.0,59045.56,1.946871672100077
13158.5,823.0,58763.96,1.9436508253380256
13153.0,823.0,59005.41000000001,1.9425148586969085
13155.5,823.0,57982.44,1.959649252784321
13155.5,1116.0,75855.4,1.2129851399253226
13153.0,1116.0,87861.65,1.2609386388450465
13132.0,572.0,30598.609999999997,-0.2040258677874065
13109.5,373.0,23682.85,-0.3725233324347118
13012.0,373.0,23770.6,-0.04188476525013953
12889.0,373.0,24309.89,0.34306792551557874
12886.0,373.0,20879.89,0.7474961193882652
12886.0,343.0,15080.24,0.9780906302808234
12886.0,343.0,10062.289999999999,1.2628349343649645
12886.0,226.0,5582.360000000001,0.5347860788179909
12908.0,501.0,20022.690000000002,1.6251651193508898
12942.5,769.0,55057.23999999999,1.506584857350754
12983.5,769.0,73581.85,0.892394682442857
13016.0,764.0,70285.69,0.5509303138814423
13180.5,764.0,67245.95999999999,0.19485072014009722
13331.5,701.0,57980.04,-0.10034963767498384
13350.5,1128.0,103717.41,0.7520859544554135
13405.0,1128.0,121392.04,0.46792812827980224
13405.0,1063.0,105712.84000000001,0.6795937999167717
13405.0,984.0,99079.20999999999,0.8055083232239608
13405.0,1149.0,124639.84,0.5222638861037033
13350.5,1248.0,154388.96000000002,0.5786727350442186
13251.5,1248.0,168054.56,0.8131759855348105
13140.0,1248.0,183603.56,0.9192973286962125
13035.5,2108.0,332197.04000000004,-0.03292694600212593
12952.5,2234.0,463344.83999999997,0.009333077119748501
12933.5,2158.0,399021.09,0.1020654107605687
12884.5,1294.0,280359.80999999994,-0.3415617371869483
12424.0,1250.0,272053.96,0.02926335194347163
11985.5,1085.0,238174.81,0.3991586511828215
11955.0,1108.0,209196.63999999998,0.8505295928125514
11950.5,1108.0,166154.75999999998,1.4524068155590546
11950.5,1071.0,90057.16,2.5181451808309414
11950.5,162.0,3202.2100000000005,-0.33814892446938993
11950.5,381.0,10624.24,1.418377659963577
11972.5,638.0,33207.159999999996,1.5657644325572486
11982.0,638.0,39172.6,0.9924649613432412
12001.0,638.0,37533.85,0.6600669681364917
12112.5,638.0,36910.240000000005,0.2722727489249412
12222.0,638.0,37248.759999999995,-0.12126902899204733
12253.5,1074.0,88834.64,1.3477659015544121
12285.5,1046.0,88005.21,0.9799756126683565
12285.5,1036.0,79794.8,1.148615928662367
12285.5,1019.0,78579.81000000001,1.1865955930206593
12285.5,1195.0,102605.49,0.7186980855285012
12250.5,1195.0,110517.00999999998,0.9690476376505064
12176.0,1195.0,116516.04,1.0832495293409738
12079.5,1195.0,131530.00999999998,1.0672066677139114
12079.5,1195.0,131483.21,1.174207204328272
12079.5,1195.0,128866.16,1.384344871701097
12079.5,818.0,49475.159999999996,1.271475734992857
12079.5,389.0,15886.560000000001,-0.44034608370823747
12069.5,389.0,15611.36,-0.41825847632321916
12130.5,389.0,16772.64,-0.6448442685678213
12130.5,384.0,11335.2,-0.9932346676179892
12150.0,384.0,10779.24,-1.4764871611136476
12153.5,387.0,11002.89,-1.8259337330502097
12165.0,295.0,6613.05,1.3819117763964095
12190.5,479.0,19771.05,1.4492617994417167
12221.0,602.0,37945.96,1.0730261029603954
12222.5,602.0,43582.69,0.6133795729293657
12318.5,602.0,42064.36,0.2700104317318681
12437.0,603.0,44987.85,-0.01516349319990183
12515.5,603.0,43370.89,-0.4050974336816072
12568.5,1071.0,82629.45,1.0123860079092566
12626.5,1038.0,68573.43999999999,1.023496910740249
12626.5,879.0,58053.159999999996,1.4678178434077966
12626.5,1029.0,67722.16,1.0555680130663232
12613.0,1121.0,88809.16,0.7127430892952473
12515.5,1121.0,99991.20999999999,0.8850937744423294
12438.5,1294.0,128373.85,0.7040829672071831
12387.5,1294.0,129565.20999999999,0.7762138251022827
12311.0,1294.0,128280.00999999998,1.1299435373068327
12239.0,1294.0,125609.43999999999,1.5084526302048318
12220.0,774.0,38931.64,1.1893233611535445
12205.0,418.0,13152.960000000001,-0.00435954154189371
12182.5,391.0,8999.36,-0.1124246661240169
12179.0,391.0,8558.81,0.023100862681954222
12179.0,391.0,8527.039999999999,-0.004972402349050719
12179.0,391.0,9912.6,-0.09137895671483723
12196.5,243.0,5614.36,0.7617791865996446
12196.5,238.0,5459.8099999999995,0.7261220899288177
12196.5,438.0,16704.44,1.355959650174395
12234.0,635.0,39808.56,1.220068943577478
12289.5,635.0,44328.36,0.7193082186053619
12336.5,601.0,43483.560000000005,0.3461998571574074
12469.0,601.0,40317.090000000004,-0.010911524133838746
12590.0,601.0,35148.689999999995,-0.38079985954840284
12614.5,846.0,54708.45,0.7214026525158361
12619.5,846.0,51380.159999999996,0.4178489448627022
12619.5,869.0,53130.69,0.345193090570595
12619.5,966.0,68975.25,-0.049349778319840824
12619.5,966.0,86198.76,0.03244915621219858
12614.5,966.0,95749.25,0.3601435275589663
12431.5,1012.0,109460.61000000003,0.562052511237771
12219.0,1012.0,116340.84,0.8298265040118666
12182.5,1012.0,118351.09,1.1518429079552772
12170.5,1012.0,114519.36000000002,1.5609188779169387
12163.5,762.0,45955.03999999999,2.537572858699886
12158.5,143.0,1389.0,1.033433544233871
12150.0,89.0,761.25,-0.3686391651574301
12143.5,89.0,948.29,-0.08267983946671344
12141.0,82.0,723.8099999999998,-0.07712946905029751
12141.0,91.0,807.96,0.10229117311438284
12143.5,91.0,744.6,-0.2689612562025463
12142.5,91.0,762.24,-0.12046158791826136
12148.5,93.0,984.0900000000001,-0.12518267575350625
12145.5,93.0,957.8,-0.03928841754665354
12145.5,117.0,1379.69,0.23045454179765168
12154.0,178.0,2687.69,0.6413812065264797
12160.5,176.0,2195.2400000000002,0.7280712203251043
12160.5,155.0,1934.2100000000003,1.0161689806758025
12176.0,573.0,25840.4,2.339780467838508
12177.0,573.0,39461.03999999999,1.3638442081757531
12177.0,573.0,39326.76,1.3646338703991219
12177.0,593.0,40204.84000000001,1.3359226247652767
12163.5,593.0,40720.04,1.3432943837311901
12163.5,593.0,41942.69,1.3206781925427473
12162.5,593.0,42803.409999999996,1.3529374954171607
12159.0,593.0,44385.96000000001,1.47519356469145
12159.0,593.0,46352.04,1.0861410736864967
12162.5,593.0,45594.69,0.760663883034085
12162.5,524.0,31619.76,0.6824700286628752
12162.5,350.0,20208.689999999995,0.3674951298385276
12272.0,350.0,20762.760000000002,-0.006582578931339805
12388.5,344.0,19498.64,-0.3929053103061647
12388.5,344.0,17402.21,-0.7916530750846553
12394.0,330.0,12262.039999999999,-1.3395438206117283
12397.0,330.0,7982.81,-2.2944379016104266
12408.0,93.0,826.01,0.0716122490462611
12408.0,93.0,907.85,-0.05391529453484135
12418.5,118.0,1321.2900000000002,0.0758862574256625
12415.5,118.0,1242.0900000000001,0.1783623094709516
12417.5,118.0,1210.89,0.1374007553544103
12419.0,118.0,1085.6100000000001,0.07741336882703002
12419.0,118.0,1217.6100000000001,0.0062271329340062905
12437.0,641.0,33593.36,2.5482186098190565
12449.0,635.0,42232.85,1.6206560809085653
12449.0,631.0,41292.85,1.6365171275768295
12452.0,631.0,40540.6,1.5624342220423526
12462.0,631.0,40156.6,1.5617106338920443
12450.5,640.0,42021.01,1.5467548376992584
12462.0,640.0,40902.76,1.514223320982078
12484.5,640.0,38815.409999999996,1.5109503883713367
12484.5,941.0,57191.64,0.5272782832414372
12484.5,941.0,66978.09,0.5178416395772899
12450.5,737.0,43700.009999999995,0.16555898965943253
12416.5,448.0,27496.809999999998,-0.3224828570633438
12295.5,448.0,29202.49,0.055618044084000576
12185.5,419.0,27186.640000000003,0.39977404669290906
12170.0,419.0,23918.8,0.8511735514802733
12170.0,419.0,21565.21,1.3075110470494928
12170.0,419.0,12886.960000000001,1.9722920217650821
12170.0,242.0,4562.65,0.8929084134227508
12180.5,460.0,15845.959999999997,1.6927984543790056
12180.5,556.0,31857.409999999996,1.1744492164630371
12216.5,556.0,41539.89,0.6748959724408472
12290.5,707.0,58516.6,0.4146401773657992
12445.5,707.0,55354.21,0.05915861197241766
12563.0,637.0,45897.64,-0.23428997435821378
12601.5,959.0,70907.24,0.4558569900905804
12639.5,900.0,66509.09,0.3008545989147843
12639.5,832.0,61320.68999999999,0.4500089119071637
12639.5,953.0,72504.60999999999,0.1540017662202109
12639.5,1019.0,97193.56,0.04343749535499881
12601.5,1019.0,116260.43999999999,0.22860489043721954
12442.0,1019.0,127871.64000000001,0.4724229288823601
12253.5,1019.0,126220.68999999999,0.8770436930016426
12253.5,1019.0,140994.76,0.6403345265406696
12253.5,1019.0,160603.24000000002,0.4503466677522943
12253.5,867.0,142019.28999999998,0.38612682554891664
12253.5,854.0,138522.25,0.3807847370089936
12527.0,854.0,149909.24,0.011353621373945954
12887.0,854.0,146970.0,-0.39400732788442994
12923.0,841.0,125482.04,-0.8522684089616454
12936.0,832.0,95362.56000000001,-1.4479476672106273
12948.0,911.0,58031.490000000005,-2.3789535852159673
12957.5,340.0,8523.2,1.1404860636169114
12969.5,607.0,31397.089999999997,1.7955414295736294
12993.5,762.0,64453.81000000001,1.23700857304684
13048.5,762.0,81023.2,0.690508180351728
13146.0,762.0,81388.95999999999,0.2926853205746092
13324.5,742.0,72823.61000000002,-0.03873194884562157
13457.0,742.0,61824.44,-0.397069145984543
13479.0,1117.0,91788.63999999998,0.4977764826161882
13506.0,1032.0,78335.68999999999,0.38863374317596683
13506.0,922.0,61543.61,0.8140032080859437
13506.0,927.0,61914.16000000001,0.7993476109534328
13479.0,1076.0,86666.25,0.4124308164567902
13457.0,1115.0,106229.36000000002,0.5249127972498537
13391.5,1360.0,145244.81,0.38983721895578943
13265.5,1360.0,159550.2,0.6092408611189813
13121.5,1360.0,165656.69,0.8529766766322832
13028.0,1360.0,165840.61000000002,1.16635287566049
13008.5,1076.0,81885.63999999998,1.5073314498125931
13008.0,572.0,21957.69,0.510065089441327
13006.0,433.0,11411.759999999998,-0.039453707122096046
12976.5,284.0,6372.44,-1.0420632947093171
12933.5,246.0,5395.64,-1.0299885985157675
12933.5,358.0,8140.410000000001,-0.13876590403448819
12976.5,231.0,5332.8,0.5478161958212421
13006.0,231.0,6366.21,0.17419041051590484
13006.0,449.0,17111.010000000002,1.0899815719291888
13040.0,745.0,50022.240000000005,1.3570852824231787
13086.0,725.0,58578.81000000001,0.8250226092486188
13108.5,725.0,61157.85,0.41221322580947267
13230.0,725.0,56372.44,0.06401111443276138
13360.5,720.0,45233.240000000005,-0.1832309231624014
13392.0,1123.0,97928.6,1.2816494689053388
13409.5,1123.0,112991.96,0.7799986447525102
13409.5,1103.0,99197.4,0.9630781998388868
13409.5,1129.0,101473.44000000002,0.9088264203143035
13409.5,1216.0,125724.15999999999,0.6281718047599942
13392.0,1216.0,137013.75999999998,0.8679608041677805
13333.0,1216.0,153148.03999999998,0.9819042338069609
13179.5,1216.0,166207.40999999997,1.0864813103778794
13098.0,1216.0,169339.09000000003,1.2575006660833654
13086.0,1216.0,172380.03999999998,1.4170820469507117
13086.0,990.0,78316.20999999999,2.2374496060945335
13076.5,301.0,7333.76,0.9082844139861768
13076.5,167.0,3445.7599999999998,-0.2864659179625539
13087.5,167.0,3539.2,-0.4208639649542177
13099.5,159.0,2704.8100000000004,-0.8228390499528419
13106.0,159.0,2927.2,-0.9906784665433275
13115.5,245.0,3428.6100000000006,-0.05868362977355012
13129.5,239.0,4860.6900000000005,1.4005950674172019
13139.0,434.0,16422.559999999998,1.5537564389714555
13145.0,591.0,35435.84,1.2281492576210356
13189.0,591.0,48466.85,0.7067962470532754
13277.5,567.0,49310.21,0.3032574534269388
13414.5,567.0,47192.85,-0.07762187242908954
13525.0,559.0,43446.6,-0.4329490239394193
13559.0,1045.0,76033.61,0.708156347328868
13615.5,945.0,81956.56,0.6452031229380971
13615.5,1017.0,88301.2,0.48684856408800337
13615.5,1017.0,91893.36,0.44210314303260145
13615.5,1098.0,118704.68999999999,0.27510450033179823
13559.0,1098.0,133563.88999999998,0.48793108530200957
13401.5,1098.0,143794.75999999998,0.7233490976100145
13217.5,1098.0,154045.0,0.9175057047747122
13168.5,1128.0,166347.00999999998,1.08402445389063
13166.5,1158.0,169772.45,1.415590124666516
13149.0,1092.0,92647.76000000001,2.4369907055781255
13108.5,240.0,5015.85,0.5357634654563971
13080.5,240.0,5315.84,0.8580169605685705
13080.5,145.0,2506.7599999999998,0.41503974930985865
13071.5,145.0,2551.04,0.5028060459932264
13071.5,158.0,2828.8,0.5858234131038927
13071.5,158.0,2468.44,0.5781468280743507
13071.5,158.0,2882.5600000000004,0.5325347093479925
13089.5,381.0,11527.69,1.6086091795686672
13123.5,509.0,25400.559999999998,1.3233631303939772
13155.0,573.0,40147.6,0.8601122396851976
13174.5,573.0,42929.56,0.4257445134409295
13294.5,541.0,43959.96,0.09210176061032156
13413.0,541.0,38371.25,-0.2046962524401035
13471.0,1019.0,81049.48999999999,1.0347958885740227
13533.0,1019.0,74183.84,0.7951902010527916
13533.0,997.0,65915.04,1.0302706229417176
13533.0,1092.0,73783.88999999998,0.724297365698505
13533.0,1159.0,98129.01000000001,0.3974477258851584
13471.0,1159.0,113161.09,0.5536013513525554
13346.0,1159.0,123749.04000000001,0.8124228376966333
13171.5,1159.0,132855.05,1.0422944237888374
13069.5,1165.0,133469.96000000002,1.4161077458017672
13049.5,1192.0,138305.69,1.6472079568931712
13022.0,707.0,42300.04,2.0527839086586446
13008.5,301.0,6749.639999999999,2.0566279221352977
13002.0,165.0,2013.6,-0.5701875581038556
12999.0,162.0,1623.9599999999998,-0.5087424467915379
12998.0,162.0,1708.0099999999998,-0.2238325449105649
12984.5,125.0,1288.16,-0.5583619308394995
12980.5,107.0,1006.49,-0.8744336288693105
12975.5,94.0,847.7599999999999,-1.0273495155099408
12975.5,94.0,783.76,-1.0693896967540606
12981.0,94.0,819.4,-1.1562084455866986
12981.0,167.0,1722.4100000000003,0.537925432208359
12974.5,167.0,1740.65,0.8344267964385879
12981.0,140.0,1241.69,1.3694274877273085
12985.5,140.0,1463.45,0.8188213242365961
12989.5,748.0,44198.810000000005,2.51461915779287
12990.0,731.0,47140.840000000004,1.9268793755475124
12989.5,731.0,47734.09,1.9150231229944308
12989.5,731.0,48073.45,1.9080095010676024
12989.5,738.0,49080.03999999999,1.8838292492942605
12978.0,738.0,49790.25,1.8739976665931877
12978.0,738.0,50390.01,1.926781491237114
12978.0,758.0,51156.0,1.9050836706598637
12965.5,869.0,57104.759999999995,1.7076181781233437
12961.5,878.0,63071.8,1.6429614245567628
12950.5,501.0,18023.29,1.4937470738797998
12933.0,208.0,5556.160000000001,-0.2830233081069043
12886.5,273.0,7515.69,-0.14890853301352078
12833.5,273.0,6918.2,0.21850515177836752
12817.5,273.0,6349.45,0.6062971221472742
12816.0,273.0,5143.960000000001,1.0969391954546603
12813.5,191.0,2031.9599999999998,0.6419901237809096
12808.5,147.0,1732.7600000000002,-1.1583593924231808
12804.0,147.0,1746.2899999999997,-0.8755590578672012
12810.0,147.0,2025.25,-0.8054837535489131
12810.0,169.0,2308.61,-0.5416219883265233
12815.0,169.0,2335.25,-0.6395883740365008
12816.0,169.0,1952.2100000000003,-1.15481326205888
12815.0,169.0,1947.8899999999999,-1.118161347139139
12815.0,769.0,41475.65,2.42521366308777
12829.5,769.0,44010.20999999999,1.9362519661753328
12838.5,769.0,43547.09000000001,1.9331363481380601
12843.0,701.0,39723.2,2.1076385213792417
12843.0,668.0,38857.61,2.1500190420438714
12843.0,668.0,38786.560000000005,2.1492977150684265
12843.0,668.0,38893.16,2.1545441802449865
12843.0,673.0,39251.56,2.1414638196699194
12837.5,683.0,40340.009999999995,2.115975656763989
12837.5,683.0,40260.090000000004,2.1177755841208925
12837.5,274.0,5669.039999999999,1.9743775680256284
12837.5,114.0,1304.2400000000002,0.3330317833590507
12847.0,114.0,1551.45,0.05343220691037694
12857.0,118.0,1899.2,-0.11632928280492824
12872.5,118.0,1718.2899999999997,-0.5220718052580293
12885.0,176.0,2711.56,-0.07846100358128821
12889.5,176.0,3037.7599999999998,-0.30793066141364495
12897.5,345.0,7898.609999999999,1.2227641406499588
12905.0,625.0,30195.360000000004,1.8476013508090499
12919.5,661.0,54580.409999999996,1.2649962507993242
12948.5,661.0,69204.96,0.7201085454129429
13049.5,661.0,70828.44,0.30482778097790086
13267.5,661.0,67150.64,-0.07695390290968973
13405.5,661.0,61785.89,-0.4804831537686129
13425.0,1192.0,104364.6,0.5917633591235448
13461.0,1192.0,90062.16,0.38684433430011195
13461.0,990.0,65086.43999999999,1.1179167980950784
13461.0,1032.0,68316.23999999999,0.9822256344810205
13446.0,1112.0,89545.04,0.6656261824040599
13405.5,1223.0,115001.40999999999,0.6006789185423391
13325.5,1276.0,138405.00999999998,0.6831050186613596
13171.0,1276.0,145210.61000000004,0.884253241134327
13058.5,2772.0,474819.89,-1.1349046468479638
13018.5,5363.0,2100118.56,-1.7574350352300236
12956.5,4942.0,2206234.81,-1.2913802965192083
12874.5,4489.0,2322963.1599999997,-0.8398287420103673
12100.0,4331.0,2564262.0100000002,-0.40188477522871946
10892.5,4264.0,2826209.2,-0.04702365510744026
10260.5,4264.0,2749606.96,0.3273320147759153
9786.5,4264.0,2432157.85,0.7349771142744093
9206.0,4264.0,1784369.44,1.2473335370932639
9069.0,2591.0,683420.2,1.1120363638615478
9069.0,1672.0,295714.64,1.043340147636213
9248.5,1635.0,279789.36,0.7345211377986647
9248.5,2252.0,444756.65,1.2753065961487067
9248.5,2723.0,816577.1599999999,1.2244873358998005
9248.5,2805.0,1180576.6400000001,0.7588252983024821
9505.5,2867.0,1367840.6400000001,0.3377330419846797
10387.5,3355.0,1564568.69,0.022666216977304025
11285.5,3226.0,1390634.2100000002,-0.3433997488377497
11320.0,2942.0,1053986.85,-0.6640039440656219
11322.5,2867.0,736945.36,-1.0512532258339315
11322.5,2428.0,402689.04,-1.0125639335725907
11562.0,1419.0,152680.41,-0.020426337734490416
11563.0,1419.0,137312.64,-0.3032443939552171
11607.5,1419.0,139496.00999999998,-0.37778170998303395
11622.0,2104.0,306233.36,0.6679892223020722
11622.0,2104.0,305980.24000000005,0.6839055763118271
11622.0,2104.0,362280.21,0.6389666415396315
11622.0,2104.0,413340.05,0.34517494589089603
11634.5,2104.0,410350.05,-0.05502664010900451
12015.5,2104.0,380566.05,-0.46284130601205886
12403.5,1315.0,215369.24,-0.19709548381413428
12416.0,1315.0,188078.36000000002,-0.6008837087535013
12429.5,1206.0,140456.21000000002,-1.0457115904195224
12462.0,1201.0,91257.64000000001,-1.641465247955066
12462.0,1352.0,105105.85,-1.1764821573691653
12513.0,806.0,66921.76,1.2176296450700945
12549.0,806.0,87060.04000000001,0.695594158151442
12653.5,787.0,81156.04,0.3863798448699708
12789.5,787.0,76025.81,0.020434710904485752
12937.5,787.0,71969.64,-0.38257037240450925
12994.5,1123.0,92462.64,0.16465992607075763
13035.5,949.0,72004.01,0.19354602894396583
13035.5,891.0,67299.05,0.3090104640584085
13035.5,1016.0,79685.68999999999,0.02913022366749732
13035.5,1274.0,130491.68999999999,-0.284728105027922
12943.0,1274.0,135924.81,0.10078650446714994
12779.0,1274.0,142815.69,0.442709694142042
12628.0,1274.0,159040.09000000003,0.6055094725687228
12565.5,1274.0,164276.09000000003,0.9099409243731091
12536.5,1274.0,158050.0,1.3369643515103098
12493.0,1044.0,74543.56,2.028098750344867
12455.0,383.0,10168.689999999999,0.1048329128010726
12440.0,295.0,6216.45,-0.2755084558916277
12433.5,295.0,5270.45,-0.10313299760428908
12443.5,168.0,2667.2,1.252518846123721
12433.5,146.0,1475.8400000000001,0.6527253861009846
12433.5,240.0,3839.0,1.8001905623603751
12443.5,294.0,7972.159999999999,1.254198253952309
12448.5,475.0,20482.610000000004,1.264448083482043
12460.5,673.0,45216.64,1.1192108853933855
12552.0,673.0,50916.28999999999,0.6157832173774925
12647.0,673.0,49070.56,0.25807904064590176
12741.5,673.0,49168.84,-0.1111421218939516
12832.0,673.0,44305.81,-0.5025779255801766
12876.5,1245.0,96369.63999999998,0.8630276275369175
12927.0,1005.0,78966.49,1.030716559985968
12927.0,951.0,73054.63999999998,1.1894305235469282
12927.0,988.0,75467.41,1.1156289798194707
12927.0,1090.0,92664.21,0.8315896577252576
12853.5,1113.0,107612.04000000001,0.926117013319235
12762.0,1113.0,118267.00999999998,1.0087074442120205
12676.0,1113.0,125943.25,1.0675389073392665
12602.0,1263.0,142967.81,1.1651655663398788
12558.0,1299.0,155794.61000000002,1.3509068194602634
12542.0,959.0,65331.36,1.776144047777111
12523.5,389.0,13396.41,0.11442944401409887
12481.0,311.0,9834.64,0.05054529625355896
12440.5,241.0,6789.959999999999,0.016325591752787062
12417.5,241.0,6701.639999999999,0.4137730392761591
12417.5,241.0,6982.6,0.3963562101443488
12417.5,241.0,7223.6,0.4129708312188466
12417.5,260.0,7761.490000000001,0.4756073661725254
12440.5,538.0,23022.289999999997,1.3219072336068947
12489.0,675.0,44708.29,1.1672108943842303
12543.5,675.0,52224.69,0.6481051504359792
12572.5,675.0,49339.8,0.3393152523660044
12664.5,675.0,43174.8,0.04044469059620239
12777.5,675.0,39075.81,-0.3443169975099569
12838.0,899.0,63285.81,0.988491414587306
12871.0,868.0,57374.23999999999,0.7558950977530833
12871.0,841.0,48119.89,1.0269420277938692
12871.0,833.0,47615.41,1.055213529223272
12845.0,920.0,62063.2,0.7325123739721427
12782.0,933.0,70936.96,0.9052107192261878
12747.5,940.0,79869.85,1.0175072403222374
12673.0,1023.0,92551.84,0.966478231388592
12550.5,2280.0,319274.88999999996,-1.195759069575859
12500.5,2280.0,484775.8,-0.7525151311384184
12490.5,1953.0,490086.48999999993,-0.6372867807983794
12445.5,1646.0,482917.23999999993,-0.36132626676990187
11775.5,1488.0,470230.49000000005,0.01078501982425584
11147.0,1463.0,444314.49000000005,0.40751960746746985
11137.5,1450.0,382720.76,0.8706960758955932
11137.5,1443.0,281269.56,1.4879141339750928
11121.5,1360.0,150717.24000000002,2.6147003239553244
11112.5,146.0,1701.36,0.07406742441511019
11112.5,146.0,1694.61,0.07691368322970119
11108.0,180.0,2444.0,-0.03286443806407843
11108.0,180.0,2518.6899999999996,-0.06584193428474196
11112.5,180.0,2542.56,-0.12676786924804803
11095.5,180.0,2552.76,0.06774858704647978
11113.5,180.0,2283.96,-0.2847763611023134
11122.5,710.0,36236.560000000005,2.353679865997649
11122.5,710.0,40508.439999999995,1.8261355508639483
11122.5,710.0,41803.090000000004,1.774019596715296
11122.5,710.0,41322.61,1.7744363677270605
11110.5,710.0,42148.45,1.8020364425922188
11111.5,702.0,39742.69000000001,1.8791092812349133
11105.0,702.0,41202.61,1.8775667541266448
11101.0,702.0,41473.36,1.8836625494629866
11101.0,702.0,42752.25,1.8489248850081592
11101.0,702.0,42590.490000000005,1.8254832566486279
11091.0,366.0,10293.84,1.9088787222815455
11069.5,137.0,1987.65,0.31137993619902554
11091.0,137.0,1937.36,-0.05753496847271734
11069.5,137.0,2023.61,0.29825627536149363
11076.5,137.0,2100.56,0.18597044892848524
11076.5,137.0,2065.6400000000003,0.21435258768439683
11099.0,155.0,2828.09,0.07487818729110318
11089.0,155.0,2812.4900000000002,0.18701376292444932
11101.5,155.0,2807.6099999999997,-0.20172669418646863
11101.5,155.0,2774.4,-0.20704310333045134
11101.5,186.0,3499.69,-0.43279672235020566
11101.5,186.0,3243.76,-0.4481737745684009
11089.0,186.0,3267.01,-0.10735661444137451
11101.0,186.0,2997.0,-0.4107725647438898
11101.0,759.0,41269.0,2.306394072404016
11125.5,759.0,44843.49,1.7566894013036982
11090.0,759.0,45846.28999999999,1.8165464463409167
11125.5,759.0,44964.45,1.673932519718639
11124.0,759.0,44996.69000000001,1.6775844764938452
11124.0,759.0,44830.69,1.6166969337233015
11163.5,709.0,40084.96,1.7298954505514321
11163.5,721.0,40527.04,1.7044758548524532
11163.5,721.0,39831.29,1.7343489835970856
11163.5,721.0,39457.61,1.7391727041621394
11133.0,363.0,10564.76,0.7372821032973911
11099.0,216.0,4883.49,0.09028199546584748
11120.5,216.0,4749.76,-0.08015077684371874
11099.0,191.0,3854.8900000000003,0.10638008614463827
11099.0,191.0,4105.6900000000005,0.07943821604309735
11099.0,205.0,4397.45,0.16704405717323872
11099.0,230.0,5584.76,0.36763505746351705
11120.5,265.0,6927.610000000001,0.2213036331093241
11144.5,471.0,16866.49,0.9859423962575004
11190.5,831.0,55642.159999999996,1.4645762104932891
11225.5,798.0,68633.65,0.9411066519362454
11255.5,798.0,66917.48999999999,0.5719849011964878
11376.0,798.0,61784.29,0.2717901358730376
11449.5,671.0,46810.0,0.3737342717267151
11505.0,1088.0,99120.61,1.0605101940066668
11552.5,1063.0,91170.05,0.8011139777192001
11552.5,1028.0,82349.09,0.9676421421159643
11552.5,931.0,76132.36,1.1221084034147428
11552.5,1104.0,92753.44,0.8075857109274062
11475.5,1130.0,103468.16,1.0158048234909778
11397.0,1130.0,109805.8,1.280846152297021
11372.0,1187.0,121857.8,1.3590758611894673
11372.0,1450.0,234217.21000000002,1.0725986923088568
11372.0,1450.0,303258.75999999995,0.5987018987512797
11372.0,1450.0,333685.68999999994,0.591266928978955
11372.0,1450.0,388609.56,0.3687264952503483
11904.0,1450.0,412230.36,-0.017921176413357442
12443.5,1450.0,413816.49,-0.4031900998978165
12443.5,1450.0,359744.01,-0.8568692663535263
12454.0,1480.0,285079.2,-1.4573440325742217
12461.5,1509.0,177473.24,-2.5158350872595463
12486.0,386.0,11542.09,0.7799276926281701
12486.0,468.0,20713.56,0.8152722626705654
12551.0,690.0,42457.56,0.9180624838399553
12608.5,690.0,55698.21,0.4855725291274803
12691.0,690.0,54883.409999999996,0.09813307301288639
12800.0,690.0,53671.44,-0.2754188194792608
12862.5,690.0,47156.61,-0.6764494172581792
12945.5,994.0,71808.96,1.0151785268456228
13011.5,965.0,66290.04,0.7933660026521983
13011.5,999.0,69009.36,0.694967528629577
13011.5,999.0,75355.43999999999,0.5854039166435007
13011.5,999.0,86769.68999999999,0.5069157812645426
12945.5,1096.0,105595.56000000001,0.5878027040669173
12767.5,1096.0,119008.56000000001,0.7727136911380847
12637.0,1096.0,123949.28999999996,0.918787140127426
12619.5,1107.0,130766.25,1.1827027142496815
12602.5,1154.0,134072.01,1.507938090301157
12543.0,838.0,52785.6,2.2267907986063844
12496.0,276.0,7334.610000000001,-0.06485245874270874
12493.5,294.0,9223.09,0.12545376710229322
12486.5,266.0,7008.210000000001,0.3693509328178487
12457.5,266.0,5061.49,0.6697301530468144
12433.5,266.0,5039.4400000000005,0.9234905013849186
12433.5,266.0,5749.0,0.726797057205904
12433.5,442.0,14239.240000000002,1.7631363517643541
12433.5,461.0,24622.210000000003,1.1331111196726693
12464.0,714.0,51166.0,1.0220724207574765
12492.0,714.0,59197.96000000001,0.5544365015953394
12675.0,714.0,61834.96,0.15714660716501083
12808.5,642.0,54769.04,-0.18128623177593228
12857.5,642.0,48579.090000000004,-0.5874773474119519
12911.0,1096.0,78909.84,0.5160003953045023
12943.0,974.0,55041.36,0.9387140924776796
12943.0,1156.0,72575.23999999999,0.14256722071992922
12943.0,1330.0,121547.56000000001,-0.35064132553166727
12943.0,1330.0,136663.36,-0.1402673455210417
12911.0,1330.0,141020.61000000002,0.2329616031618691
12700.0,1330.0,146894.85,0.4989102531808624
12478.5,1330.0,145845.84,0.8327892032596416
12472.5,1330.0,156884.56,1.1010550691723233
12467.0,1330.0,148853.49,1.5771524704917832
12416.5,798.0,46745.96,1.5528155670203143
12347.0,502.0,24064.89,-0.8257838363524874
12291.5,535.0,36286.009999999995,-0.5464332984628638
12308.0,535.0,35450.81,-0.7091743125847056
12292.0,535.0,32176.160000000003,-0.6225328081799795
12292.0,535.0,28622.21,-0.6616787453742656
12292.0,535.0,25639.560000000005,-0.8068181745394525
12292.0,664.0,33050.61,-0.1999949734302492
12309.0,790.0,52400.61,0.08561315937903753
12317.0,935.0,81180.8,0.22897614618762627
12365.5,944.0,102683.81000000001,-0.01233119290025538
12500.5,944.0,86061.88999999998,-0.3224114853802675
12674.0,600.0,58351.81000000001,-0.16012774184183767
12746.5,598.0,51068.21,-0.5557005073387341
12801.5,1177.0,95645.95999999999,0.82121525483003
12861.0,1128.0,86956.04000000001,0.6856658840426533
12861.0,907.0,69471.65,1.222876729743997
12861.0,927.0,70645.65,1.187370928745032
12861.0,1186.0,98084.4,0.552086102039944
12801.5,1186.0,115875.56000000001,0.6244375147398066
12688.5,1186.0,125380.16,0.8278255426576623
12606.0,1186.0,139237.56,0.9030533087284294
12524.0,2009.0,265701.83999999997,-0.15336402333540397
12430.5,2085.0,372006.36,-0.0690115631005056
12387.0,1900.0,335755.89,-0.258882430740158
12351.0,1304.0,277182.56,-0.3519283871446772
11920.5,1274.0,274831.21,0.021058347630269262
11471.0,1140.0,245260.24,0.3885709040346774
11399.0,1140.0,224286.01,0.8427154538302682
11399.0,1140.0,168952.56,1.4257822240070628
11399.0,1053.0,87824.89,2.4303024692877795
11399.0,245.0,6459.289999999999,0.3346315813556834
11399.0,541.0,23487.0,1.6360584554240303
11416.5,616.0,43587.0,1.1002711415303277
11486.5,585.0,46880.44,0.6369792378618421
11533.5,585.0,44977.20999999999,0.28209968139056285
11648.5,585.0,43025.05,-0.08613856447034286
11774.0,568.0,35822.8,-0.4181891642215318
11828.0,850.0,55044.81,0.6585355609123988
11844.5,850.0,46189.04,0.6077249413560781
11844.5,1252.0,89227.15999999999,-0.8241854087042568
11844.5,1398.0,154595.6,-0.9040822247590791
11828.0,1482.0,219983.15999999997,-0.5362375625029457
11774.0,1482.0,253099.84,-0.13599854780730622
11400.5,1522.0,284637.01,0.2064180839344342
10993.0,1533.0,303865.01000000007,0.5436870586361936
10899.5,2849.0,559012.76,-0.3337386698824386
10857.5,3040.0,757569.4099999999,-0.2515779241023607
10816.0,2568.0,645445.76,-0.37048941542893454
10790.5,1813.0,567681.6900000002,-0.3957374230162094
10127.0,1667.0,547408.3600000001,-0.014149054116008126
9452.0,1626.0,513188.0399999999,0.38838680144642806
9426.0,1626.0,448365.36,0.8484015659431905
9411.0,1543.0,326465.55999999994,1.4536630231639929
9380.5,1532.0,185433.76,2.553887260055921
9380.5,296.0,7202.56,0.2548337789587405
9380.5,296.0,7792.360000000001,0.25575985745119983
9388.0,296.0,6539.65,0.2315588759459672
9388.0,296.0,6906.4,0.0982164676238026
9420.0,223.0,5227.039999999999,0.233678011348303
9433.5,223.0,5388.2,0.10333958276075357
9465.5,223.0,5411.4400000000005,-0.2883854889485409
9484.0,559.0,20953.810000000005,1.616386074794751
9504.0,559.0,27619.439999999995,0.958193901789089
9504.0,514.0,23497.89,1.212579616834524
9484.0,514.0,25809.81,1.2469865490918028
9489.0,514.0,26483.96,0.9678121874437849
9489.0,492.0,24546.04,1.073400255799641
9514.0,492.0,23748.610000000004,1.0392042310403606
9505.5,492.0,23959.24,1.0530236970708267
9505.5,492.0,24173.85,1.051798736852805
9476.5,492.0,25895.61,1.073886408429792
9459.5,409.0,14085.210000000001,1.5366858873905336
9459.5,245.0,4274.639999999999,1.4657512815042057
9446.5,245.0,4676.49,1.439480922714046
9446.5,272.0,5130.360000000001,1.2037899868499997
9446.5,153.0,1881.36,-0.13738440052769885
9459.5,153.0,2262.16,-0.3222015119462927
9459.5,149.0,1946.0,-0.45088318408666317
9459.5,149.0,1988.25,-0.439633501771012
9474.0,150.0,2354.8100000000004,-0.4774346508102421
9487.5,150.0,2346.4100000000008,-0.8720457055886429
9487.5,150.0,2403.6,-0.8285936378252846
9492.5,177.0,2926.7599999999998,-0.7864615634321914
9492.5,177.0,3060.41,-0.7757963825950713
9492.5,191.0,3378.4900000000002,-0.8763541192139732
9500.5,532.0,18767.05,1.7637088116085187
9500.5,532.0,27352.8,1.0918531078805795
9500.5,532.0,28088.159999999993,1.1155235491405255
9510.0,532.0,27938.85,1.0129965456795933
9523.5,532.0,28016.960000000003,0.880294465325487
9551.5,532.0,27806.090000000004,0.7650313518336921
9551.5,532.0,25846.159999999996,0.6915021036495779
9550.5,532.0,26383.05,0.7570167702228238
9550.5,2724.0,551719.8,-2.4532781996228743
9550.5,2724.0,951172.49,-1.4314687382981193
9515.5,2660.0,1205686.01,-0.8492201841020781
9464.5,2429.0,1306651.76,-0.40582756016924765
8394.5,2429.0,1359638.16,-0.0016845859006682934
7272.0,2429.0,1312655.01,0.405947224425747
7239.0,2415.0,1133289.84,0.869334066507234
7230.5,2418.0,858175.4400000001,1.490446523337489
7213.5,2367.0,473291.16,2.6422065551824163
7184.0,176.0,2442.29,0.47586660105107753
7205.5,176.0,2281.0899999999997,0.25536524526292426
7202.5,176.0,2190.6400000000003,0.42106129940282666
7202.5,176.0,2337.0099999999998,0.39958532257186935
7202.5,176.0,2827.2400000000002,0.41653687767974806
7202.5,161.0,2282.56,0.20413814498126717
7209.0,161.0,2201.44,-0.08020480008326289
7209.0,465.0,15492.64,2.007563060375376
7216.5,439.0,16488.640000000003,1.4760470317941385
7216.5,439.0,16503.21,1.4756760004516594
7243.0,439.0,15295.85,1.4413837114144663
7243.0,439.0,15961.610000000004,1.3964474768072723
7262.0,439.0,15443.8,1.358864857641379
7262.0,422.0,15010.809999999998,1.4208954145520907
7240.0,422.0,16198.439999999999,1.4613924489399435
7209.5,705.0,30049.76,0.09912697830406061
7186.0,729.0,42944.2,-0.015608542609301453
7172.5,606.0,36614.29,-0.3812398496998488
7168.5,462.0,30673.810000000005,-0.3115004320343778
7024.5,494.0,35311.8,0.04222980097939452
6880.0,594.0,38295.84,0.1630180013492023
6868.0,594.0,35170.409999999996,0.5830978635768785
6861.0,506.0,23124.090000000004,0.8597900939551087
6861.0,506.0,15016.890000000003,1.0870047425056168
6861.0,339.0,7309.839999999999,-0.3572330142733282
6861.0,339.0,8177.490000000001,-0.38837043240356367
6870.0,597.0,23108.639999999996,1.0220885725444373
6901.5,696.0,41212.96,0.818147312971227
6938.0,696.0,50431.69,0.39418962616985026
6977.0,798.0,63883.21,0.1581674806790933
7096.0,658.0,47319.8,0.12676280653495045
7225.0,795.0,60601.009999999995,0.2955013053448638
7275.0,732.0,58764.05,0.04416274306444963
7275.0,708.0,56922.21,0.0774950727948104
7275.0,796.0,66299.88999999998,-0.06083636330667613
7275.0,796.0,69868.21,-0.09248206716306041
7238.0,796.0,77709.89,0.1333915771869471
7071.0,796.0,85611.41,0.4408644861555437
6954.0,796.0,90530.69,0.7174487221140537
6954.0,2880.0,709347.5599999999,2.174756114477009
6954.0,2880.0,1204071.6,1.2854272226154353
6954.0,2948.0,1640238.96,0.8044435814798234
6954.0,2948.0,1935065.85,0.4081686985940005
8321.0,2987.0,2060853.6,0.0016848410650031173
9709.0,2980.0,1967580.2100000002,-0.4062479070899295
9736.0,2980.0,1727826.6900000002,-0.8700658306046514
9753.5,3062.0,1360316.04,-1.4886270485871387
9787.5,3041.0,769504.05,-2.6319117751974606
9811.0,378.0,11519.89,0.7916440487047184
9830.5,496.0,21314.61,0.8249028411933921
9878.5,607.0,33738.96000000001,0.7122888729025901
9919.5,607.0,34681.29,0.31198317642462076
9998.5,530.0,31013.690000000002,0.12217716574058707
10089.5,557.0,35530.840000000004,-0.1659375905513883
10148.5,510.0,28515.159999999996,-0.4261927612396464
10201.0,873.0,54920.409999999996,1.0672245565911183
10243.5,873.0,51817.96,0.7808911364107735
10243.5,715.0,40629.16,1.3202380109119962
10243.5,788.0,44317.85,1.1077189804580867
10243.5,980.0,64758.55999999998,0.42651164381250456
10171.0,1021.0,84655.20999999999,0.39298305417326035
10171.0,1021.0,94266.16,0.462855025956154
10058.5,1021.0,100511.95999999998,0.6701935905960125
9938.5,3000.0,582920.8099999999,-1.8224736015890945
9871.0,3039.0,957851.8,-1.1133094620953494
9829.5,2804.0,1103225.8900000001,-0.7536782982206972
9780.5,2442.0,1113766.24,-0.38619191779403356
8795.5,2352.0,1133108.81,0.002404061347753214
7806.0,2243.0,1068522.8900000001,0.4022638670927874
7770.0,2243.0,937834.8899999999,0.8647604536493707
7753.5,2243.0,737962.8099999999,1.4837965366728645
7753.5,2243.0,419666.65,2.6257269556475453
7753.5,297.0,7192.49,0.5700282014650575
7753.5,390.0,14172.49,0.826721115356827
7767.5,476.0,24061.239999999998,0.6712016126460036
7803.5,476.0,28502.29,0.2840175087324175
7857.0,476.0,30207.159999999996,0.02133551752543437
7941.0,476.0,24277.45,-0.21293673477427336
7953.5,369.0,16575.21,-0.26737604384929603
7982.5,854.0,50404.8,1.4111237326740993
8016.5,826.0,46283.69,1.220939107531991
8016.5,731.0,41432.04,1.5162080787936068
8016.5,893.0,52820.21,0.94564828454583
7982.5,893.0,63004.159999999996,0.8553010571551924
7953.5,893.0,67331.84,1.0724964849596905
7907.5,893.0,70651.29,1.305728939928644
7826.0,910.0,76876.09,1.3936593749905135
7771.5,1994.0,234283.60999999996,-0.935187046288562
7744.0,2076.0,372796.04,-0.6535963805200254
7717.5,1743.0,366396.65,-0.6273397093135761
7700.5,1388.0,360038.49,-0.3966534903295195
7150.0,1298.0,352158.0,-0.0051159844409694325
6605.0,1298.0,341148.83999999997,0.40208546027915976
6605.0,1298.0,297133.8,0.8615729583673193
6605.0,1279.0,215297.88999999998,1.453745518487444
6605.0,1209.0,113941.35999999999,2.516926350864141
6605.0,276.0,6207.85,0.4450871041239855
6606.0,353.0,11182.809999999998,0.6176693819479188
6630.5,411.0,16136.09,0.466357472891986
6670.5,411.0,16809.04,0.0821036942907868
6724.5,339.0,12232.84,0.04495764072463987
6766.0,339.0,11056.84,-0.33372405131724747
6787.5,337.0,10272.84,-0.1340555178940963
6819.0,597.0,25138.239999999998,1.3791220144967624
6840.0,597.0,22538.890000000003,1.3433510614869195
6840.0,605.0,22885.29,1.2962144212184128
6840.0,688.0,30592.560000000005,0.6821466191474629
6823.0,694.0,38155.8,0.6013208171398556
6787.5,694.0,41289.84,0.8469287984981094
6708.0,723.0,46722.409999999996,0.9723385781036469
6621.5,723.0,50595.61,1.088422242432636
6621.5,2493.0,524154.80999999994,2.239026825934125
6621.5,2700.0,988775.6900000001,1.3588168115595023
6621.5,2700.0,1326793.45,0.8562420536520934
6621.5,2700.0,1584589.45,0.41141407609623454
7809.0,2700.0,1686519.9600000002,0.004641532254583027
9065.0,2700.0,1635903.96,-0.4025762954433207
9153.5,2883.0,1474995.44,-0.8544922757349975
9153.5,2883.0,1133124.76,-1.467529027417828
9181.5,2865.0,636531.49,-2.58931748207554
9200.5,390.0,10262.44,0.38964637088640763
9200.5,326.0,7221.639999999998,0.9796045524856881
9181.5,326.0,7508.089999999999,1.1782654718041379
9200.5,326.0,6741.05,1.1439381139968345
9196.0,326.0,6765.44,1.1696010993194996
9177.0,326.0,6975.05,1.2809935545771285
9171.0,326.0,6945.05,1.4641049772942232
9171.0,676.0,32985.05,2.394144415327794
9180.0,618.0,34427.840000000004,1.8624103317588108
9180.0,618.0,34740.28999999999,1.853824820437557
9180.0,618.0,34826.03999999999,1.8867229888918822
9196.0,618.0,33685.24,1.8507267000623824
9219.5,605.0,31881.610000000004,1.7525013424950941
9209.5,628.0,33652.409999999996,1.6851430231288682
9241.0,628.0,32816.4,1.6593223579623484
9241.0,1461.0,121722.36000000002,-1.2944666889904093
9241.0,1513.0,204449.81,-0.9153168151371793
9193.0,1206.0,206581.40999999997,-0.7630822064075904
9141.5,1072.0,219367.88999999998,-0.37897595413368607
8758.5,1072.0,224515.41,0.006401044427311736
8389.5,1072.0,209503.56000000003,0.403583617015217
8389.5,1072.0,174236.61,0.7962952812680116
8389.5,1004.0,119377.41,1.312975468144732
8365.5,1004.0,79291.41,2.2495633889559046
8321.0,286.0,7619.159999999999,0.7265845255127501
8336.0,286.0,7406.8099999999995,0.6667150014429095
8347.5,284.0,6228.09,0.6835794954142849
8365.5,284.0,5834.49,0.48339991887216105
8365.5,257.0,4443.04,0.9131296922792687
8358.5,257.0,4434.85,1.009492636042153
8354.0,257.0,4415.6,1.1705720597238165
8354.0,593.0,25395.439999999995,2.3732843988808088
8354.0,593.0,31313.96,1.6549484211858372
8361.5,593.0,30618.559999999998,1.5267609580797226
8363.0,539.0,28477.160000000003,1.630028447250149
8363.0,537.0,28430.4,1.6322006128543824
8363.0,569.0,29690.21000000001,1.5751219282580575
8363.0,569.0,29678.159999999996,1.5745525624864616
8373.5,569.0,28685.690000000002,1.573135722239002
8370.5,4869.0,1816508.0899999999,-2.5872311618068102
8370.5,5134.0,3420018.81,-1.4735146127893821
8345.0,4926.0,4436257.45,-0.8697076782362625
8314.0,4749.0,5033227.45,-0.4106575051173761
6148.0,4684.0,5219325.16,-0.002871719365925331
3890.0,4684.0,5008096.24,0.40518968040816183
3815.5,4684.0,4378829.41,0.8688141265889916
3791.5,4684.0,3379551.04,1.4933869926267904
3784.5,4684.0,1909379.1600000001,2.6510364367260912
3784.5,289.0,6231.84,1.38101817058795
3784.5,326.0,7832.089999999999,1.618271612988699
3794.0,464.0,19175.29,1.3711097233809466
3818.0,464.0,19482.090000000004,0.9453932240363506
3842.0,418.0,17950.16,0.6738199996975814
3922.0,391.0,17038.76,0.32715069704324923
4004.5,386.0,14913.64,0.03883541750130056
4015.0,476.0,21529.36,0.11292347070722099
4015.0,476.0,17810.96,0.14269834656128624
4019.5,428.0,12260.24,0.4266156566565439
4019.5,346.0,9595.239999999998,1.0358072290090896
4015.0,353.0,11191.49,0.9815401438926036
4004.5,353.0,9501.76,1.5941007216447154
3977.5,480.0,14021.6,0.7624713938162759
3937.5,480.0,15874.36,0.8956975324824883
3937.5,4915.0,2037492.0100000002,2.630375749999721
3937.5,5186.0,3833233.56,1.4894852941779169
3937.5,5186.0,5172135.210000001,0.8732507730273961
3978.5,5237.0,6018144.24,0.4095219575088326
6316.0,5237.0,6308954.76,0.0021138454178093293
8764.0,5237.0,6055493.09,-0.40569349196557575
8847.5,5237.0,5328975.6,-0.8695969696163415
8872.0,5337.0,4181521.2399999998,-1.489889186764227
8903.5,5286.0,2357214.04,-2.6352288913355753
8948.5,422.0,16536.89,-0.3319651001749545
8994.5,375.0,14209.76,0.15431824234989977
9045.5,525.0,25241.64,0.4401859808960349
9091.0,542.0,33180.36,0.1828735255511475
9115.5,562.0,40962.6,-0.06474411945667866
9162.5,586.0,40185.689999999995,-0.3842176219861753
9280.0,537.0,29887.05,-0.6140359675981931
9363.5,739.0,42260.03999999999,0.9159639958883192
9382.0,739.0,43084.8,0.5072055466071534
9382.0,804.0,49558.05,0.2695120825235356
9382.0,804.0,45977.64,0.3434645080801708
9382.0,885.0,62184.04,0.022596521617078938
9382.0,885.0,69822.44,0.23334652796783056
9266.0,885.0,76081.04,0.4737140388151799
9114.0,885.0,77309.2,0.7537899655466093
9067.5,1241.0,112908.61000000002,0.3718873573016885
9038.5,1241.0,131020.45,0.5853084452436209
9018.0,1097.0,95136.16,0.30401874722684896
8965.5,701.0,66711.61,-0.37259142551956026
8770.5,701.0,69104.16,0.01826015698557491
8655.0,649.0,55947.159999999996,0.2713558602177465
8655.0,649.0,52446.63999999999,0.4963605834706173
8655.0,649.0,41595.8,0.7461052482266977
8655.0,649.0,32241.559999999998,0.8399794049239351
8655.0,469.0,20498.36,0.1351228276102962
8716.5,614.0,32501.559999999998,0.2709322956908165
8750.0,907.0,66563.36,0.7155308942204567
8799.5,907.0,60088.63999999999,0.4431748119691744
8822.5,779.0,43248.96000000001,0.8712635758154839
8873.0,652.0,34247.85,0.9802150224891433
8948.5,607.0,29589.85,0.8660644629341889
9004.5,797.0,55478.44,1.0477762560810624
9027.0,751.0,47388.45,1.1294917853096476
9027.0,754.0,48998.689999999995,1.0667733026021868
9027.0,754.0,49727.560000000005,1.0584716774736842
9004.5,837.0,59700.840000000004,0.9621015457316765
8937.0,882.0,56498.23999999999,1.3517963131095776
8952.5,882.0,56925.44000000002,1.2891373710932792
8952.5,888.0,62741.090000000004,1.148728997490537
8844.5,1021.0,76385.84,1.0635343440710798
8762.5,1140.0,93486.0,1.0076875876703482
8698.5,624.0,41930.009999999995,0.14574115557123318
8673.0,611.0,33052.439999999995,0.42642016883540246
8603.5,611.0,32657.010000000002,0.8010858422712879
8536.0,611.0,29383.24,1.2938994640297465
8535.0,611.0,29724.489999999998,1.6451035173120898
8531.0,611.0,28775.359999999997,1.9689580790285974
8531.0,252.0,4648.64,0.7418381066371809
8531.0,217.0,3662.69,0.31304360032663553
8531.0,449.0,15252.289999999999,1.6325880056403506
8535.0,591.0,33929.840000000004,1.3679471413554773
8538.0,591.0,38177.159999999996,0.8238142802430685
8588.0,591.0,37106.28999999999,0.611300118039072
8588.0,591.0,39699.89,0.5875762795657952
8671.5,585.0,34867.96,0.42319340397424265
8710.5,578.0,33555.759999999995,0.10329381423900068
8729.0,578.0,29034.440000000002,-0.09137545615205667
8729.0,578.0,25051.09,-0.1457974020433144
8729.0,578.0,25874.4,-0.12793351410918335
8710.5,578.0,29862.890000000003,0.19213161586749153
8691.0,479.0,20918.64,0.22939428823904334
8640.0,479.0,18033.0,0.6235315942466959
8582.0,479.0,18769.96,0.9183813484227281
8582.0,2272.0,368781.49000000005,-2.4492554786568106
8543.5,2443.0,693993.4099999999,-1.4231842928519907
8524.5,2254.0,881516.6900000001,-0.8616553159535467
8514.0,2183.0,991229.8400000001,-0.4081124635227859
7585.0,2135.0,1022931.0100000001,-0.005040544122518031
6581.0,2204.0,996672.6900000001,0.3940053400847131
6546.0,2204.0,867649.25,0.8520196086419701
6526.0,2175.0,651883.89,1.4667325578547379
6499.0,2166.0,368557.56,2.5878462085715435
6499.0,308.0,6207.49,-0.22441959014396223
6499.0,423.0,10689.04,0.8562571542268769
6526.0,490.0,19122.21,0.7440401713382988
6564.5,490.0,22062.559999999998,0.31282540210564647
6584.5,490.0,21241.8,0.06757639987980671
6617.0,490.0,21487.489999999998,-0.32960212686308427
6678.5,352.0,12704.359999999999,-0.08559743535354894
6742.0,423.0,16783.85,-0.15214089654607535
6742.0,423.0,16284.560000000001,-0.14678650173231914
6742.0,429.0,16547.239999999998,-0.1699463512411833
6742.0,429.0,18933.61,-0.21799566771625534
6678.5,470.0,23760.890000000003,0.03443594888193364
6605.5,488.0,24657.44,0.34752392465920295
6536.5,550.0,27744.0,0.5869144352221521
6495.0,638.0,35573.25,0.5538193181947056
6465.5,1684.0,179645.64,-1.8246082044364835
6436.0,1749.0,295960.05,-1.1546919552119144
6396.0,1403.0,311725.41000000003,-0.8262736982208194
6321.0,1338.0,331087.2,-0.38904785130110575
5791.5,1338.0,330992.16000000003,0.012434985637390832
5304.5,1279.0,302415.83999999997,0.4095647915649801
5300.5,1261.0,254870.76,0.8672823348197808
5283.0,1199.0,185095.28999999998,1.468699051708831
5259.5,1111.0,96939.84,2.5654964162800997
5247.5,140.0,1955.4899999999998,-0.3349826694926684
5247.5,204.0,3920.16,-0.7855838906015843
5247.5,204.0,3372.6,-1.2129509733283788
5246.5,204.0,2997.84,-1.2755767856262765
5246.5,196.0,2573.4899999999993,-1.5628504727945929
5246.5,237.0,3248.7599999999998,-0.8355543096002345
5244.0,237.0,3153.45,-0.7442983057623624
5244.0,389.0,9081.45,1.0030212776081497
5246.5,389.0,9639.45,0.5493377319821792
5255.0,389.0,9845.289999999999,0.21213695407719124
5255.0,389.0,9968.41,0.23449115435242152
5255.0,274.0,6864.56,1.070688269704708
5259.5,274.0,6724.839999999999,1.0715677263910997
5259.5,274.0,6704.160000000001,1.07211240125844
5254.5,274.0,7144.2,1.0397818488037571
5246.0,1539.0,168910.00999999998,-2.4529655403488
5241.5,1542.0,298032.49000000005,-1.4133279547787776
5227.5,1425.0,357008.88999999996,-0.8526457776684846
5220.0,1539.0,422689.55999999994,-0.4151329669498922
4619.0,1443.0,437005.00999999995,-0.017896009484214236
3986.5,1443.0,423149.41,0.38907263793758656
3950.5,1443.0,371716.83999999997,0.8480159523431939
3948.5,1436.0,284341.83999999997,1.4587720778673396
3920.0,1408.0,160729.05,2.551043872996432
3876.0,206.0,4378.01,0.44363113270991783
3873.0,206.0,4008.41,0.7443318727867869
3873.0,206.0,4071.96,0.7269779227449895
3857.5,139.0,2219.2,0.6693996462092915
3873.0,133.0,2064.44,0.3522745141917909
3880.0,133.0,1999.65,0.2604305251520151
3880.0,175.0,3170.69,0.3885162070700691
3880.0,425.0,14447.010000000004,1.8065671047379857
3880.0,443.0,15454.2,1.6940776985145414
3880.0,652.0,24573.24,0.44225482787379977
3880.0,652.0,25362.29,0.47414677329941707
3856.5,652.0,27239.0,0.6163623741182148
3821.0,652.0,27824.810000000005,0.9153899388514337
3790.5,652.0,29319.8,1.0025488596706638
3762.5,652.0,29642.360000000004,1.283841604516605
3762.5,4919.0,2013046.81,2.5965182542413046
3762.5,5144.0,3760189.2900000005,1.4779674975701838
3762.5,5144.0,5092350.16,0.8730485909610581
3762.5,5144.0,5815792.6,0.4088243310804447
6145.5,5012.0,6033348.85,0.0017387175933676006
8557.0,5094.0,5878458.610000001,-0.4051935964473989
8637.5,5094.0,5147340.039999999,-0.869129572773833
8691.5,5133.0,3971375.56,-1.4918385825999056
8714.0,5176.0,2259975.0100000002,-2.639643335474269
8728.5,407.0,15646.16,-0.2510026270705447
8779.0,461.0,17210.81,0.41268635949229093
8839.5,538.0,26654.359999999997,0.3578392222161936
8862.5,538.0,24734.25,0.1590970982517757
8885.5,465.0,18612.089999999997,0.11457698536017087
8912.5,465.0,18954.64,-0.1371423029191096
8958.5,517.0,22705.45,-0.3296993472700872
9029.5,936.0,68655.23999999999,1.8067002543570072
9092.0,929.0,64821.959999999985,1.5988888143779398
9092.0,929.0,64017.69,1.6222187732206352
9092.0,929.0,60968.81,1.6824567838548388
9072.5,929.0,61685.240000000005,1.6935271587546352
9017.5,929.0,67609.4,1.6845176572368417
9017.5,995.0,71169.43999999999,1.5558502653771211
9017.5,1010.0,79556.16,1.4086290119674145
8968.0,1321.0,111671.04,0.8447682163017669
8899.5,1383.0,138616.65,0.815370328561419
8837.5,843.0,67496.48999999999,-0.08981575004117041
8792.5,632.0,56938.409999999996,-0.1750951649590851
8638.0,807.0,72981.69,-0.004647096596137718
8482.5,807.0,67207.29,0.313582532852701
8443.0,659.0,46297.16,0.4858797825996814
8443.0,584.0,31942.640000000003,0.6480543496048705
8443.0,569.0,20569.559999999998,0.7854968214227751
8443.0,400.0,11688.609999999999,-0.38349665453175874
8449.0,426.0,15730.690000000002,-0.16667350063914593
8488.5,607.0,28130.559999999998,0.3160587939867906
8497.5,607.0,35553.65,0.12068748143978755
8562.5,607.0,40921.03999999999,-0.20066405811889385
8613.5,531.0,27992.689999999995,-0.2231872084452676
8629.0,417.0,20180.05,-0.2059607179918172
8708.0,693.0,36621.759999999995,0.9814222406871386
8786.0,693.0,39997.439999999995,0.6011729106760082
8786.0,568.0,33310.409999999996,0.9133190224708263
8786.0,662.0,37722.840000000004,0.6972354995194231
8786.0,752.0,48006.29000000001,0.3744196027490858
8703.5,752.0,49399.89000000001,0.6088160184642907
8661.5,752.0,49499.009999999995,0.718729841486264
8624.0,752.0,56276.85,0.8701733876057323
8661.5,1961.0,310085.75999999995,1.8806080300567454
8661.5,2161.0,571175.1599999999,1.1946076792825708
8661.5,2161.0,770240.24,0.7754179329877475
8661.5,2161.0,896575.4400000001,0.3981716116507234
9518.5,2161.0,924582.2,-0.002401868526870536
10367.5,2161.0,876475.96,-0.4100104245579135
10392.5,2150.0,732437.5599999999,-0.8671060065183473
10401.0,2150.0,575129.4,-1.487915114832425
10408.0,2160.0,376163.16000000003,-2.5734055630569252
10457.0,345.0,11691.36,0.4715783960111296
10518.0,527.0,23403.96,0.8367262120511574
10518.0,696.0,46877.40999999999,0.947133954203328
10550.5,696.0,62766.29,0.5361834361144827
10645.0,696.0,59276.2,0.19320428532901068
10755.0,638.0,54695.36,-0.1129399859132223
10839.5,632.0,43423.04,-0.41104035240697195
10867.5,1779.0,220625.45,2.0279149810082058
10929.5,1684.0,200611.61000000004,1.9810934344303046
10929.5,1590.0,187830.43999999997,2.1467321491284115
10929.5,1594.0,188123.4,2.142511820837679
10923.0,1681.0,204768.21000000002,1.9727171950059228
10839.5,1681.0,218653.75999999995,1.9907449106285031
10796.5,1681.0,228973.85,2.0492489310585222
10731.5,1720.0,241707.28999999998,1.998094921134693
10667.0,1720.0,250042.75999999995,2.099768035965829
10640.0,1720.0,256679.09,2.1477106516240863
10635.0,663.0,33679.009999999995,2.268263795664308
10626.0,213.0,3273.8900000000003,1.2229330284014106
10615.5,126.0,1103.0900000000001,0.3290696480038997
10610.5,84.0,578.6400000000001,-0.4289365735300339
10610.5,84.0,578.6400000000001,-0.4289365735300339
10610.5,195.0,2520.8100000000004,1.6821739756477518
10610.5,253.0,5878.839999999999,1.3751813853738137
10615.5,232.0,7018.840000000001,0.8755714340883992
10627.0,499.0,22082.56,1.4237259302040044
10696.5,538.0,35618.29000000001,0.9223309562777748
10773.5,538.0,35648.759999999995,0.5593661148077206
10802.5,520.0,34356.29,0.19169446937586185
10864.0,534.0,36235.490000000005,-0.10663235397055962
10936.5,534.0,27778.159999999996,-0.33148405888147575
10982.0,929.0,64982.81,1.4819878147606314
11043.0,896.0,60098.2,1.2650766805626639
11043.0,896.0,55277.240000000005,1.3982609824107997
11043.0,875.0,54071.21,1.459240276244582
10982.0,1007.0,69228.04000000001,1.0928305831938965
10945.5,1038.0,82495.69,1.0660762691193792
10945.5,1038.0,87434.65,1.0818407874526483
10871.0,1038.0,94324.41,1.1821092115316856
10784.0,2609.0,401707.29,-1.463808618062206
10731.5,2850.0,718480.65,-0.9971707994390393
10692.5,2408.0,758255.4,-0.7657028919763795
10663.5,2095.0,778430.76,-0.39819822569980723
9862.5,1975.0,786705.0,-0.005810165789793961
9024.5,1921.0,733155.24,0.39742560965004303
8971.5,1921.0,645674.0900000001,0.8594351541567171
8971.5,1921.0,502501.05,1.4714967870595057
8969.0,1870.0,277610.89,2.5939396704163054
8969.0,241.0,4432.49,-0.27843031819289515
8969.0,404.0,10341.24,1.2078927632148806
8971.5,337.0,12417.45,1.0822988611931739
9000.0,337.0,15576.489999999996,0.5813872259401482
9036.0,337.0,15293.439999999999,0.27195449856276077
9059.5,309.0,12369.439999999999,0.21762759460014014
9096.0,309.0,10926.44,-0.03250260064176485
9121.0,631.0,27054.439999999995,1.1555121558281911
9176.0,631.0,27255.410000000003,0.7682764322493987
9176.0,597.0,25641.090000000004,0.9165029201717986
9176.0,700.0,33403.25,0.3927686744999211
9121.0,704.0,41226.61,0.48894106925060254
9096.0,742.0,48426.44,0.6514458696754171
9020.0,742.0,50009.45,0.9836900160053883
8920.5,765.0,55198.41000000001,1.1326130951536844
8920.5,765.0,55188.240000000005,1.134143488364111
8920.5,765.0,62579.01000000001,0.8555017714412029
8920.5,521.0,40824.69,0.5204542306603048
8920.5,523.0,41711.64,0.5283254395187805
8975.0,523.0,47328.090000000004,0.17659771597806057
9177.0,536.0,49668.96,-0.21331046431197995
9283.0,537.0,47384.159999999996,-0.6339873013984391
9302.0,540.0,37959.25,-1.1424123442574519
9319.0,608.0,29341.840000000004,-1.8050788750278517
9319.0,331.0,6815.4,-1.6499937356017647
9323.0,142.0,1392.3600000000001,0.6300371310666271
9329.5,158.0,2301.85,0.5698621426222901
9329.5,158.0,2410.6400000000003,0.5289632756378643
9329.5,158.0,2405.8100000000004,0.5126895388514473
9333.5,158.0,2143.84,0.3012285370194374
9333.5,158.0,2143.84,0.3012285370194375
9335.0,583.0,25491.04,2.2639928193281387
9340.0,583.0,26175.840000000004,1.912059596974136
9340.0,583.0,26213.239999999998,1.9485300857258951
9340.0,571.0,25312.29,2.023640789936623
9365.0,571.0,24672.840000000004,1.9950929727752518
9355.5,571.0,24855.809999999998,2.0788741446544434
9355.5,619.0,26317.889999999996,1.9154914432659773
9355.5,619.0,26553.65,1.9088003839027552
9348.5,3642.0,948615.5599999999,-2.521017689969284
9336.5,3798.0,1757021.2100000002,-1.44502941794934
9304.5,3548.0,2274815.6,-0.8712903272330098
9263.5,3440.0,2592802.6399999997,-0.4104625131666277
7715.5,3492.0,2733009.56,-0.004331722128670693
6126.0,3492.0,2625167.8400000003,0.4035314763333992
6071.0,3467.0,2252404.4899999998,0.8654076862321921
6043.0,3412.0,1684932.89,1.487207503227442
6043.0,3412.0,969013.04,2.631210765877475
6036.0,307.0,6916.289999999999,0.2537128664419076
6036.0,225.0,4195.04,-0.5093017489643344
6028.0,225.0,4204.039999999999,-0.28796528865742343
6028.0,225.0,3679.8900000000003,-0.4567298452854884
6028.0,225.0,4829.64,-0.4594783890251883
6028.0,214.0,3170.89,-0.5085369806914992
6022.0,214.0,3396.04,-0.23196915321688039
6022.0,491.0,15891.89,1.8037286674187996
6028.0,491.0,16061.640000000003,1.559000906910342
6028.0,491.0,15978.76,1.5869871215127243
6013.0,491.0,18010.09,1.4523780590516864
6013.0,491.0,19726.559999999998,1.1196045446394143
6021.5,491.0,19465.05,1.1007767139675377
6041.0,491.0,19036.090000000004,1.026094488226136
6087.0,1595.0,197114.40999999997,2.2964842582863523
6116.5,1645.0,345008.49000000005,1.345230773628057
6155.5,1645.0,434159.05,0.7755461381383941
6155.5,1645.0,509020.09,0.38219656854855
6822.0,1645.0,527402.1599999999,-0.020649149499833354
7467.5,1645.0,516190.2,-0.4272522008016463
7496.5,1551.0,429247.41,-0.8769538973723979
7511.0,1608.0,357383.04,-1.4780651317530948
7518.5,1569.0,196690.56,-2.6116400823994517
7527.0,177.0,2925.45,0.27876117383822424
7544.5,185.0,3627.7599999999998,-0.004139362525704639
7550.5,469.0,15919.809999999998,1.6150366600312056
7597.5,469.0,18885.16,0.9902743215558129
7626.0,469.0,19049.609999999997,0.5822662232651107
7633.0,409.0,17311.64,0.37797961325337215
7709.5,392.0,17709.44,0.12025242459386541
7786.0,510.0,23383.49,0.12378361578659025
7809.5,821.0,50110.96,0.8202777024201764
7865.5,727.0,45777.05,0.6448168740825149
7894.0,713.0,37353.159999999996,0.7632232079541144
7894.0,607.0,32199.439999999995,1.0925674198081154
7857.5,643.0,37065.8,1.0459065573243487
7857.5,643.0,39060.03999999999,1.0002940482581308
7857.5,643.0,41112.09,0.9610142139351834
7894.0,2624.0,566932.41,2.3338592310626773
7962.5,2808.0,1049579.6400000001,1.3697338556903955
8014.0,2808.0,1378703.16,0.7915015944097848
8014.0,2808.0,1628622.69,0.38567789098685834
9108.5,2808.0,1783803.9600000002,-0.00013400696837506939
10358.0,2808.0,1744194.81,-0.40452226301130134
10386.0,2808.0,1537411.6099999999,-0.868166804883509
10401.0,2799.0,1178842.76,-1.4904057134865132
10427.0,2870.0,677166.4099999999,-2.628562835358121
10455.0,256.0,6824.56,0.12037052325267297
10493.0,299.0,8706.05,0.5039922364645613
10493.5,495.0,21900.8,1.0844003964181343
10551.0,495.0,27441.05,0.6086590797693959
10586.5,495.0,26924.160000000003,0.2538177652711054
10635.5,495.0,28501.440000000002,-0.13449556609416372
10739.0,441.0,21747.84,-0.36315235464437357
10799.5,480.0,20995.89,-0.14834431053346514
10817.5,741.0,41895.36,1.0657664079627474
10836.5,741.0,39898.45,0.7750928889385164
10836.5,749.0,40380.21,0.7463187981309809
10836.5,799.0,48769.89,0.43304780710406215
10817.5,852.0,62487.240000000005,0.4029540216690085
10799.5,852.0,64854.4,0.5508939106570867
10734.5,852.0,72860.09,0.6428867366543198
10621.0,2255.0,333498.16000000003,-1.5814212759976967
10553.0,2258.0,535221.3600000001,-0.9797795462474328
10520.5,2258.0,647105.05,-0.5116028905209535
10494.0,2063.0,623415.05,-0.26603262442339914
9782.0,1695.0,570368.8400000001,0.006380789692329637
9081.0,1695.0,539561.49,0.4143380806293762
9072.5,1707.0,485157.75999999995,0.8747372109986775
9072.5,1707.0,383402.69000000006,1.487049349096559
9072.5,1556.0,193983.41,2.5904227569058444
9072.5,274.0,5683.25,0.3142813681647457
9081.0,411.0,13479.889999999996,0.9366509220355808
9105.5,501.0,24445.8,0.7923036985941019
9124.0,506.0,33070.240000000005,0.4303371412773019
9178.5,506.0,32784.01,0.037288352854569266
9285.5,506.0,27118.839999999997,-0.26861307028954234
9340.0,506.0,24115.09,-0.6747883107747444
9340.0,341.0,12915.0,-0.3721242523906254
9348.0,489.0,16431.25,0.1584186982612792
9362.0,380.0,12331.25,0.4221509287617417
9362.0,455.0,15335.0,-0.012311828334148907
9348.0,455.0,17895.84,0.12133193894767964
9340.0,455.0,17776.159999999996,0.462720944471993
9340.0,455.0,21179.559999999998,0.414171460262276
9336.5,455.0,21286.05,0.4569548492284478
9336.5,831.0,55531.76000000001,1.0898479461515553
9432.5,977.0,97663.85,0.8246792428925015
9552.5,977.0,111727.29,0.3728533302123519
9552.5,977.0,129637.43999999999,0.13692244403455714
9778.5,977.0,139563.36000000002,-0.1522957145626213
9985.5,911.0,118934.01000000001,-0.5240294778147784
9998.5,851.0,92618.01000000001,-0.9634565142280812
10017.5,800.0,58744.64,-1.5656600506797025
10026.5,800.0,47748.89,-2.428000316613542
10034.5,248.0,5432.960000000001,1.0394965386585235
10056.5,532.0,22599.010000000002,1.7760010439571592
10056.5,532.0,32679.409999999996,1.1182409647305604
10094.0,614.0,47649.89,0.7125278442646518
10174.0,614.0,45236.6,0.41341386499647126
10284.5,573.0,41865.85,0.07473166088651924
10381.5,573.0,36379.6,-0.2709046431204184
10437.5,573.0,32207.29,-0.678910770692623
10459.0,759.0,38599.29,0.3439220138449332
10481.5,643.0,25838.01,0.8481156984702518
10481.5,680.0,27890.4,0.6366794355038011
10459.0,957.0,56845.55999999998,-0.38672775574670226
10447.5,986.0,82851.95999999999,-0.2898076442136314
10381.5,986.0,91725.09,0.08641604360072953
10310.5,986.0,101308.29000000001,0.30256795564803235
10310.5,986.0,127777.40999999999,0.2791423992135777
10344.5,986.0,146073.24,0.12886802954522533
10344.5,986.0,152189.49000000002,0.06560290845050928
10340.0,946.0,125326.29000000001,0.10782557383180674
10340.0,946.0,135126.96,0.030046261492789893
10570.5,963.0,155605.65,-0.25012218018471677
10668.5,963.0,136489.65,-0.6803269398499808
10704.5,927.0,107087.4,-1.1431214301216996
10746.5,987.0,71421.20999999999,-1.6700012004463913
10800.0,499.0,20759.039999999997,-0.4713766010941509
10808.5,570.0,27429.440000000002,-0.26849021572164594
10863.0,748.0,43453.759999999995,0.05037405258372401
10919.0,748.0,46690.810000000005,-0.3002325291327522
10965.0,552.0,27426.76,0.03613094141069302
10975.0,505.0,23494.6,-0.05505520094081994
11019.5,505.0,23037.85,-0.4628244517024196
11108.0,493.0,20871.639999999996,0.22739625357214316
11164.0,40287.0,144952094.29000002,2.6661366675422613
11180.0,40285.0,143519279.4,2.5364664799371055
11213.0,159063.0,2265855520.65,2.400031346017505
11213.0,159074.0,2266270070.65,2.3998835057724106
11180.0,159074.0,2267296276.84,2.3995289908660467
11180.0,159074.0,2268109108.69,2.399247078772601
11180.0,159074.0,2268051119.01,2.3992675821165763
11075.5,159177.0,2269459090.96,2.3987786186940845
10982.0,159243.0,2271032975.29,2.398232501321774
10972.0,159243.0,2273187660.65,2.3975208080960737
10959.5,159267.0,2261272152.839999,2.6570825497684565
10903.5,159610.0,2280782048.56,2.6666106418589424
10846.5,565.0,37924.2,-0.9887314662077118
10813.5,565.0,42440.61,-0.5123804508524906
10774.0,561.0,40668.96,-0.14900612031428973
10670.5,561.0,34389.61,0.14614741825861227
10549.0,433.0,25384.090000000004,0.3071611127928907
10549.0,422.0,19915.760000000002,0.42462743728095587
10549.0,422.0,21174.0,0.444025610145179
10549.0,499.0,25311.21,0.6232284371282458
10549.0,499.0,29591.640000000003,0.5706315906233111
10620.0,451.0,26805.609999999997,0.2725335823808795
10717.5,416.0,23235.2,-0.022798639146620794
10785.0,416.0,22142.239999999998,-0.3692425271257867
10807.0,940.0,59200.69,1.2595176764838003
10844.5,940.0,58495.81,0.8828715872079806
10879.5,781.0,42777.89000000001,1.4524247429179116
10891.0,668.0,35692.36,1.7850921981346162
10891.0,668.0,34408.56,1.7995968444929327
10891.0,668.0,34585.0,1.8195510448486654
10891.0,668.0,36103.69,1.7788941224946992
10895.0,668.0,34018.810000000005,1.6618843064434994
10897.0,642.0,30206.04,1.7417872768514886
10940.5,642.0,29519.410000000003,1.6067914835037627
10895.0,313.0,7615.839999999999,0.5353880640567524
10891.0,217.0,4212.4400000000005,0.2905099168503702
10895.0,217.0,4647.05,-0.043604195888776225
10892.0,239.0,6472.889999999999,-0.14305469766398873
10926.5,239.0,6612.959999999999,-0.3713027315713028
10916.0,239.0,7235.039999999999,-0.19267150424381438
10926.5,239.0,5964.0,-0.3485285751227096
10908.0,239.0,5244.0,-0.22989481352817115
10899.0,239.0,4635.610000000001,-0.03769957066266418
10885.5,209.0,3244.84,-0.07845852269108879
10890.5,209.0,3181.04,-0.18982071921292956
10899.0,228.0,4343.009999999999,-0.17107509035606486
10890.5,228.0,3590.6100000000006,0.05944224941462582
10899.0,174.0,2164.69,0.7280722011921409
10899.0,737.0,42348.61,2.4611845545345354
10904.0,705.0,53915.48999999999,1.549045426625388
10913.0,705.0,52467.25,1.515962546454049
10944.0,705.0,51377.36,1.478119185449251
10944.0,705.0,52097.61000000001,1.4670844135580192
10969.5,696.0,49745.64,1.4863038253871477
10969.5,704.0,50408.04,1.469095861757879
10931.5,3954.0,1108094.85,-2.4291211929352756
10931.5,3954.0,1940550.2399999998,-1.404935978343715
10917.0,3983.0,2581044.6399999997,-0.8147836612669591
10871.0,3956.0,2868916.8899999997,-0.39258723838465664
9249.5,3598.0,2907653.6399999997,-0.004061817476865797
7624.5,3598.0,2796214.44,0.4030003673996752
7600.5,3570.0,2440879.2,0.8637721484993227
7527.5,3570.0,1877604.9600000002,1.4861929193999346
7478.0,3478.0,1031410.76,2.631135658354755
7478.0,247.0,7726.890000000001,0.24755583333616316
7478.0,461.0,18069.760000000002,1.2445509862120485
7478.0,29318.0,76734985.21,2.665586661682449
7478.0,29318.0,77537945.16,2.386188419608623
7519.5,29318.0,76290316.05,2.245128417310534
7700.0,29318.0,80422584.96,1.7359642385973602
10678.5,29318.0,119063911.65,1.0443741516367948
14300.0,76781.0,519794542.55999994,1.7635448652457093
17859.5,110313.0,1259545141.2900004,1.384561275335794
28013.5,145607.0,2378670281.29,1.0635474575058594
36052.0,145311.0,2454625270.8100004,0.6256358248132085
37209.5,139650.0,2227663979.6900005,0.653441236177455
36556.5,139650.0,2279776945.21,0.6645941315492245
36556.5,139650.0,2153874626.0899997,0.6912342641586148
42351.0,132531.0,1923361332.6,0.7285444893545019
