122.437232041494,3077.45124365212,882021.8551536517,-0.0024476297799770866
126.689615858025,3077.45124365212,882314.0264648217,-0.008027184945695457
126.689615858025,3077.45124365212,882331.2582135117,-0.008293180317933163
126.689615858025,3077.45124365212,882309.098885091,-0.007983377864518937
126.689615858025,3077.45124365212,882459.2722377443,-0.009744663554914474
198.103304187987,3077.45124365212,882813.0898562334,-0.015328908271728755
216.493345205948,3077.45124365212,882948.3117372243,-0.017843285794535587
216.493345205948,3077.45124365212,884001.095269244,-0.022700959925163484
216.493345205948,3077.45124365212,884450.0913838488,-0.02515559742179692
216.493345205948,3077.45124365212,883531.6067786684,-0.02040821939618307
216.493345205948,3077.45124365212,883505.5793509253,-0.02029546452055906
216.493345205948,3077.45124365212,885143.1025666199,-0.025102475890048
216.493345205948,3077.45124365212,885690.4835109162,-0.02773169122311285
216.493345205948,3077.45124365212,886491.070365303,-0.03005356521755749
216.493345205948,3077.45124365212,887442.1021745303,-0.03241105287603103
216.493345205948,3077.45124365212,887681.7525292754,-0.033158758965907295
216.493345205948,3077.45124365212,888835.2150098359,-0.034933356378028795
216.493345205948,3077.45124365212,890497.015891576,-0.03781703522924381
216.493345205948,3077.45124365212,892806.3287101341,-0.0394238748821227
216.493345205948,3077.45124365212,895295.6311771,-0.04244951100957944
216.493345205948,3077.45124365212,896669.2071004175,-0.04389907034437504
216.493345205948,3077.45124365212,897631.4967311857,-0.04465085819473033
216.493345205948,3077.45124365212,899370.6384323554,-0.045554837375869364
216.493345205948,3077.45124365212,899496.2576214091,-0.04562932998907906
216.493345205948,3077.45124365212,901063.0339537197,-0.04628841570013046
216.493345205948,3077.45124365212,902517.8883403847,-0.046477850624492965
216.493345205948,3077.45124365212,903750.1841524923,-0.0463211795374502
216.493345205948,3077.45124365212,904850.9756663821,-0.046860800380227816
216.493345205948,3077.45124365212,908984.4868452412,-0.046549451537388896
216.493345205948,3077.45124365212,911412.0804568859,-0.04596984290485886
216.493345205948,3077.45124365212,916307.5440161312,-0.043040298196890626
216.493345205948,3077.45124365212,916796.035058606,-0.043150529361614495
216.493345205948,3077.45124365212,918453.611219445,-0.042907870645833866
216.493345205948,3077.45124365212,919239.7793622613,-0.042930436115885096
216.493345205948,3077.45124365212,920097.7904478402,-0.04247823609538803
216.493345205948,3077.45124365212,921381.4785611724,-0.04147873080574423
216.493345205948,3077.45124365212,924657.0046296901,-0.03812333858026365
216.493345205948,3077.45124365212,926738.1985676072,-0.037044628635725566
216.493345205948,3077.45124365212,926273.4964763196,-0.037378270994707315
216.493345205948,3077.45124365212,928476.07758729,-0.03587794180084182
216.493345205948,3077.45124365212,929631.6221361913,-0.034536116849024426
216.493345205948,3077.45124365212,931654.7095702157,-0.032571379503290414
216.493345205948,3077.45124365212,936372.802665838,-0.027690857381385086
216.493345205948,3077.45124365212,939352.7732041378,-0.025431240834587768
216.493345205948,3077.45124365212,941073.9333408792,-0.024522258856457764
216.493345205948,3077.45124365212,946113.5061317962,-0.019596032224503034
216.493345205948,3077.45124365212,948944.0966761921,-0.017876606382345783
216.493345205948,3077.45124365212,951094.2226656381,-0.015178852089256617
216.493345205948,3077.45124365212,953540.7965453054,-0.012201197568694411
216.493345205948,3077.45124365212,957082.4472420241,-0.008396921328744098
216.493345205948,3221.65854242405,962132.1578933585,-0.0017065974616653889
216.493345205948,3221.65854242405,965116.1361220172,0.0012191783002164632
216.493345205948,3221.65854242405,963013.3670498729,-0.0013518002901144138
216.493345205948,3221.65854242405,966928.4370219744,0.0025718006195266595
216.493345205948,3221.65854242405,969606.6720468802,0.005399519431888735
216.493345205948,3221.65854242405,973209.7341298076,0.009754243140940774
216.493345205948,3264.3420459867903,977943.7050014305,0.016246012505164942
216.493345205948,3264.3420459867903,978734.675572766,0.01688687285655628
216.493345205948,3264.3420459867903,983908.6322254814,0.020847379634879717
216.493345205948,3264.3420459867903,988528.6348557122,0.02504646081797521
216.493345205948,3264.3420459867903,991996.861720157,0.02904024580167962
216.493345205948,3264.3420459867903,994136.8918983185,0.031032608266428847
216.493345205948,3264.3420459867903,998927.4732321526,0.03556427701758773
216.493345205948,3264.3420459867903,1002768.6489763197,0.03947634746704185
216.493345205948,3264.3420459867903,1006844.3751709644,0.04297747071888867
216.493345205948,3264.3420459867903,1009536.3417434972,0.04552988405905351
216.493345205948,3264.3420459867903,1016508.7140667639,0.05203242045916903
216.493345205948,3264.3420459867903,1020230.4630981942,0.05573786194480021
216.493345205948,3299.49466166089,1026097.7270956007,0.062232637856731166
216.493345205948,3299.49466166089,1028813.9425721109,0.06431918842910088
216.493345205948,3299.49466166089,1030285.3180616158,0.06521396528997271
216.493345205948,3299.49466166089,1032604.3290202974,0.06688361590835401
216.493345205948,3299.49466166089,1036605.2801041139,0.06944662547097143
216.493345205948,3299.49466166089,1039553.6682642706,0.07127851617791865
216.493345205948,3299.49466166089,1041370.8822792557,0.0724739254813383
216.493345205948,3299.49466166089,1041209.0867991226,0.0723880982751184
216.493345205948,3299.49466166089,1043110.7254582371,0.07329176000567443
216.493345205948,3299.49466166089,1044914.1305933717,0.07394012357957981
216.493345205948,3299.49466166089,1049284.9307013673,0.07572114964481816
216.493345205948,3299.49466166089,1054128.2771250254,0.07714223758118702
216.493345205948,3299.49466166089,1059983.8849005662,0.07996254967322956
216.493345205948,3299.49466166089,1061204.1097164834,0.08048077311563319
216.493345205948,3299.49466166089,1064571.1675517834,0.08210490097318784
216.493345205948,3299.49466166089,1067080.4301131458,0.08236221351547811
216.493345205948,3299.49466166089,1068595.5147707574,0.08214645377725817
216.493345205948,3299.49466166089,1072285.0370943223,0.0824894754369748
216.493345205948,3299.49466166089,1073508.0124600073,0.08258892646819913
216.493345205948,3299.49466166089,1075522.0930157197,0.082160738519586
216.493345205948,3299.49466166089,1076217.358882419,0.08213040608002124
216.493345205948,3299.49466166089,1079520.1600973404,0.08238380767922485
216.493345205948,3299.49466166089,1082759.731993295,0.08290323183011573
216.493345205948,3299.49466166089,1086963.7764452186,0.08165041185938691
216.493345205948,3299.49466166089,1089090.8801202397,0.080652331225751
216.493345205948,3299.49466166089,1090802.1287879923,0.07907835347068448
216.493345205948,3299.49466166089,1092872.8485527735,0.07812500930506035
216.493345205948,3299.49466166089,1096111.1703099557,0.0766060800373098
216.493345205948,3299.49466166089,1099213.0028210396,0.07448746651804017
216.493345205948,3299.49466166089,1100581.2809319068,0.07368829964059957
216.493345205948,3299.49466166089,1102622.1596129858,0.07179216763348209
216.493345205948,3299.49466166089,1103284.824720181,0.07104730422264509
216.493345205948,3299.49466166089,1105046.8451742455,0.06927510793682974
216.493345205948,3299.49466166089,1107159.9293642878,0.06588745160289086
216.493345205948,3299.49466166089,1109110.8564787507,0.0625196757567622
216.493345205948,3299.49466166089,1110517.6614368414,0.05998607528267432
216.493345205948,3299.49466166089,1111642.577584653,0.056753893106222385
216.493345205948,3299.49466166089,1112458.4265924098,0.054983103486346364
216.493345205948,3299.49466166089,1114551.1321223925,0.04961211481828678
216.493345205948,3299.49466166089,1115196.1069404345,0.04831034167399345
216.493345205948,3299.49466166089,1116417.7030120962,0.044348526444211146
216.493345205948,3299.49466166089,1116849.673903261,0.04323428369107927
216.493345205948,3299.49466166089,1118588.0346526878,0.03785850157935937
216.493345205948,3299.49466166089,1119493.670540622,0.03299699709989869
216.493345205948,3299.49466166089,1120311.6327189403,0.029139582011710817
216.493345205948,3299.49466166089,1120983.3470796202,0.025334860777959507
217.246640003551,3299.49466166089,1121130.68673295,0.020581945333253915
217.246640003551,3299.49466166089,1121476.4885265643,0.018313484438815267
217.681052747541,3299.49466166089,1122099.9649402213,0.01150372710180963
233.87169893846504,3299.49466166089,1122445.3747817024,0.007564047461324746
245.031000057876,3299.49466166089,1122434.283631738,0.006310962603346283
252.578823513284,3299.49466166089,1122475.9591479942,0.0025617164322822117
292.235943623349,3299.49466166089,1122444.2527321593,-0.0021486714896495314
302.204209516806,3299.49466166089,1122284.918173529,-0.005607922380030349
314.18385840930404,3299.49466166089,1121725.863389471,-0.011730242920612642
314.18385840930404,3299.49466166089,1121058.427403768,-0.016220347861386774
314.18385840930404,3299.49466166089,1120211.9753889118,-0.01982283654369509
314.18385840930404,3299.49466166089,1120033.8446676044,-0.02251144491792792
314.18385840930404,3299.49466166089,1119786.066260131,-0.024660535673384457
314.18385840930404,3299.49466166089,1119043.238289265,-0.028638050293444902
314.18385840930404,3299.49466166089,1117382.2740120948,-0.03471356237065379
314.18385840930404,3299.49466166089,1116347.0040125048,-0.03837142745246103
314.18385840930404,3299.49466166089,1116455.1342367316,-0.03804778120868283
314.18385840930404,3299.49466166089,1114959.9249667933,-0.04183932978850747
314.18385840930404,3299.49466166089,1114754.7836459589,-0.04227522405153035
314.18385840930404,3299.49466166089,1112915.491020017,-0.04536929602415164
314.18385840930404,3299.49466166089,1111589.4206577246,-0.0488240876618882
314.18385840930404,3299.49466166089,1110168.984368663,-0.05037239547018165
314.18385840930404,3299.49466166089,1107515.6485887389,-0.053781192302743565
314.18385840930404,3299.49466166089,1105321.7281400876,-0.05610713545977596
314.18385840930404,3299.49466166089,1102943.741570332,-0.058522594744223666
314.18385840930404,3299.49466166089,1099802.06574861,-0.062104098350887205
314.18385840930404,3299.49466166089,1098190.7173718864,-0.06420236153002083
314.18385840930404,3299.49466166089,1095530.9795919552,-0.06736547661722557
314.18385840930404,3299.49466166089,1093873.1982392112,-0.06825792418575241
314.18385840930404,3299.49466166089,1091197.3632294908,-0.0692098261135054
314.18385840930404,3299.49466166089,1088433.8158485088,-0.07003152503036672
314.18385840930404,3299.49466166089,1085395.4931455345,-0.07108609515031168
314.18385840930404,3299.49466166089,1082568.9413292645,-0.07131598650904557
314.18385840930404,3299.49466166089,1080278.2323825355,-0.07162305563414254
314.18385840930404,3299.49466166089,1079055.845739224,-0.07184337411208293
314.18385840930404,3299.49466166089,1074633.902822791,-0.07214846599346986
314.18385840930404,3299.49466166089,1073078.614302221,-0.07280990177124542
314.18385840930404,3299.49466166089,1068049.401396541,-0.07254854002176467
314.18385840930404,3299.49466166089,1063203.2265939037,-0.07408148829484587
314.18385840930404,3299.49466166089,1063087.0820918938,-0.07410799164441184
314.18385840930404,3299.49466166089,1060665.4348012381,-0.07425786975883213
314.18385840930404,3299.49466166089,1054917.0865464981,-0.0752362223763184
314.18385840930404,3299.49466166089,1050335.6641811663,-0.07365476546403034
314.18385840930404,3299.49466166089,1048156.3038637963,-0.07305127734153129
314.18385840930404,3299.49466166089,1046171.0598697762,-0.07201026443508973
314.18385840930404,3299.49466166089,1043220.6004918672,-0.07033107165927388
314.18385840930404,3299.49466166089,1042491.2487526077,-0.06984667571227837
314.18385840930404,3299.49466166089,1040543.4373483013,-0.0683055793407374
314.18385840930404,3299.49466166089,1041093.1082090044,-0.06845345981326356
314.18385840930404,3299.49466166089,1039762.4976735369,-0.06799885465236084
314.18385840930404,3299.49466166089,1037615.5526002025,-0.06684398121317027
314.18385840930404,3299.49466166089,1035866.310255228,-0.06573205758040032
314.18385840930404,3299.49466166089,1034160.909421463,-0.06403758477047165
314.18385840930404,3299.49466166089,1031459.7381460974,-0.06255721412588025
314.18385840930404,3299.49466166089,1027261.3427547336,-0.059315610789508075
314.18385840930404,3299.49466166089,1020843.0261849454,-0.05438586811297921
314.18385840930404,3299.49466166089,1022519.7997360952,-0.055795885790158206
314.18385840930404,3299.49466166089,1018299.4488668516,-0.0514870464563894
314.18385840930404,3299.49466166089,1012769.9392778656,-0.04741744090697782
314.18385840930404,3299.49466166089,1008544.3153485785,-0.04318367552797527
314.18385840930404,3299.49466166089,1002390.3810435232,-0.03744509750176804
314.18385840930404,3299.49466166089,999407.1102375359,-0.03491695099931454
314.18385840930404,3281.38456861699,993753.0329619948,-0.028111203258486456
314.18385840930404,3281.38456861699,989251.2844302071,-0.023759482409881138
314.18385840930404,3281.38456861699,987636.6002927707,-0.02157714302707464
314.18385840930404,3180.64673287359,982832.0340316012,-0.015331837793837117
314.18385840930404,3180.64673287359,978937.6703205715,-0.011312298535064292
314.18385840930404,3180.64673287359,973716.4218188769,-0.00604929249118879
314.18385840930404,3156.94275996039,968912.953560137,-0.0006869843186445907
314.18385840930404,3156.94275996039,967050.8192791452,0.001131924750460097
314.18385840930404,3156.94275996039,963528.4792133081,0.004354814345228263
314.18385840930404,3156.94275996039,960445.6486385214,0.007888812195549998
314.18385840930404,3156.94275996039,959150.3162473707,0.009505582898837593
314.18385840930404,3086.59909497796,955240.6415529692,0.014300309700588511
314.18385840930404,3074.0370688023695,952320.790438065,0.017703366472976094
314.18385840930404,3074.0370688023695,950583.206587669,0.01925842287378135
314.18385840930404,3074.0370688023695,948261.4877330431,0.02189667144048303
314.18385840930404,3074.0370688023695,945047.2632785807,0.024970715836198042
314.18385840930404,3074.0370688023695,942802.1287141272,0.025949721781070557
314.18385840930404,3070.21917791188,941402.9406493594,0.0278450629150931
314.18385840930404,3070.21917791188,939432.1971313368,0.029343662622567115
314.18385840930404,3070.21917791188,939922.2432987274,0.028958066113285996
314.18385840930404,3070.21917791188,936707.2544512136,0.032665381476023735
314.18385840930404,3070.21917791188,936418.1164466656,0.032990427461252435
314.18385840930404,3070.21917791188,933820.5097538045,0.03539312024433556
314.18385840930404,3070.21917791188,930534.7962533958,0.03808233419568208
314.18385840930404,3070.21917791188,928480.740471269,0.040359502290613865
314.18385840930404,3070.21917791188,923403.936588788,0.043231620631018604
314.18385840930404,3070.21917791188,923435.6174693544,0.04321383376385824
314.18385840930404,3070.21917791188,924452.4390489124,0.04236023526032416
314.18385840930404,3070.21917791188,923364.09476257,0.04278762621550537
314.18385840930404,3070.21917791188,921131.0941375153,0.04214674200345335
314.18385840930404,3070.21917791188,917501.4953052003,0.042774111324985986
314.18385840930404,3070.21917791188,915438.7293059921,0.042589154912704166
314.18385840930404,3070.21917791188,912920.169289814,0.04282319598568977
314.18385840930404,3070.21917791188,910264.2667607665,0.043233193984267164
314.18385840930404,3070.21917791188,909789.9745608715,0.04320700802997939
314.18385840930404,3070.21917791188,909453.8456515287,0.04328104625770912
314.18385840930404,3070.21917791188,908711.3046204575,0.043616171013750225
314.18385840930404,3070.21917791188,907878.4908190145,0.04362578916950014
314.18385840930404,3070.21917791188,908994.5953569232,0.04400064302954738
314.18385840930404,3070.21917791188,909212.5935326432,0.04412701524542668
314.18385840930404,3070.21917791188,906145.7817394403,0.04271512488147946
314.18385840930404,3070.21917791188,905509.2196444712,0.042324185533373845
314.18385840930404,3070.21917791188,905887.6339930326,0.04262264448163906
314.18385840930404,3070.21917791188,903987.448717722,0.041754884688896564
314.18385840930404,3070.21917791188,904782.506782749,0.042731955251995316
314.18385840930404,3070.21917791188,903040.523873145,0.03995522269542948
314.18385840930404,3070.21917791188,903019.6776241065,0.039927386705158496
314.18385840930404,3070.21917791188,902060.3255815537,0.038146131078773314
314.18385840930404,3070.21917791188,901775.7825869066,0.037145633436304344
314.18385840930404,3070.21917791188,899775.6742461141,0.03239052634555182
314.18385840930404,3070.21917791188,898594.2453802126,0.027495605660214802
314.18385840930404,3070.21917791188,898025.0442008676,0.02641789815660052
314.18385840930404,3070.21917791188,897420.2578921224,0.02331367910072394
314.18385840930404,3070.21917791188,897630.5117128053,0.024721090940052107
314.18385840930404,3070.21917791188,896536.4397677282,0.02087431860562427
332.561079027192,3070.21917791188,896024.6743504052,0.016181340747198066
332.561079027192,3070.21917791188,895717.9449761572,0.01435844581882779
346.892427170256,3070.21917791188,895679.7618681783,0.013000193223936668
346.892427170256,3070.21917791188,895202.0689120594,0.00921953605023196
346.892427170256,3070.21917791188,895133.4188458748,0.008059288546804176
346.892427170256,3070.21917791188,895297.3656542096,0.005875893057624308
393.31425776948896,3070.21917791188,895220.7724064944,0.003189342225048161
403.093380068915,3070.21917791188,895153.1125244354,-0.00017508415760077452
406.052451574147,3070.21917791188,895366.7919871546,-0.004044665426926964
406.052451574147,3070.21917791188,895721.8343402819,-0.007185522863858106
435.92585314805297,3070.21917791188,895762.5555609084,-0.009959182875383147
435.92585314805297,3070.21917791188,896158.5558061333,-0.011676789200145478
435.92585314805297,3070.21917791188,896340.9152011345,-0.013311882800622775
445.394894235502,3070.21917791188,896453.9102722752,-0.018889583909876342
445.394894235502,3070.21917791188,896499.7422321783,-0.019709720740552515
445.394894235502,3070.21917791188,896533.1921200955,-0.01981997815524656
445.394894235502,3070.21917791188,897451.628300015,-0.023833261471477574
445.394894235502,3070.21917791188,897835.7487804745,-0.025353544006654235
445.394894235502,3070.21917791188,899236.4359034627,-0.02849915516399858
445.394894235502,3070.21917791188,900770.8204843459,-0.03321853421214524
445.394894235502,3070.21917791188,901473.3395118299,-0.03463547347365585
445.394894235502,3070.21917791188,903441.0252838851,-0.0369860796411884
445.394894235502,3070.21917791188,902580.4622868543,-0.035594785916904605
445.394894235502,3070.21917791188,903260.7598176616,-0.03635321354866966
445.394894235502,3070.21917791188,904933.6430642273,-0.038088811707322326
445.394894235502,3070.21917791188,905460.7639380746,-0.03887148772013113
445.394894235502,3070.21917791188,906124.445279372,-0.039455930838227474
445.394894235502,3070.21917791188,907841.926070907,-0.04127550718066319
445.394894235502,3070.21917791188,908759.6158553555,-0.04196984821927754
445.394894235502,3070.21917791188,909980.8863119457,-0.042503447446983054
445.394894235502,3070.21917791188,910915.5607810774,-0.042805027802259345
445.394894235502,3070.21917791188,912455.0711620476,-0.043943916953441575
445.394894235502,3070.21917791188,913588.8929595891,-0.04366159621398787
445.394894235502,3070.21917791188,914130.4177737199,-0.0436895912944106
445.394894235502,3070.21917791188,912921.203106114,-0.04414290721153389
445.394894235502,3070.21917791188,916539.6180787114,-0.04457194700833733
445.394894235502,3070.21917791188,920752.4434323283,-0.04279085853207378
445.394894235502,3070.21917791188,922236.7569921215,-0.043386710029957844
445.394894235502,3070.21917791188,924751.0620852014,-0.042577878967025314
445.394894235502,3070.21917791188,926903.9776357416,-0.041410480395188035
445.394894235502,3070.21917791188,927244.1716420471,-0.041150693740172516
445.394894235502,3077.9707155902497,933073.5809647316,-0.035867710703429215
445.394894235502,3077.9707155902497,937884.9161602916,-0.03286720403915185
445.394894235502,3077.9707155902497,939762.8853120755,-0.03191868451986202
445.394894235502,3077.9707155902497,940630.5601154458,-0.031322202763844696
445.394894235502,3077.9707155902497,943933.2757585846,-0.02833068571616598
445.394894235502,3077.9707155902497,946149.6472505488,-0.02587284324650749
445.394894235502,3077.9707155902497,949823.3404106818,-0.022629338580012433
445.394894235502,3077.9707155902497,953155.5255485664,-0.02090524063835327
445.394894235502,3077.9707155902497,955300.7324531892,-0.01858323479305475
445.394894235502,3077.9707155902497,958922.7894628698,-0.01589195543521455
445.394894235502,3201.9948684236897,963474.1883144067,-0.010155246314737009
445.394894235502,3201.9948684236897,964405.8878688647,-0.00932277303538949
445.394894235502,3201.9948684236897,966711.4906566354,-0.00696276905221771
445.394894235502,3201.9948684236897,965939.2509155506,-0.00780180775394938
445.394894235502,3201.9948684236897,967635.8532136732,-0.006342324053412555
445.394894235502,3201.9948684236897,971907.5139241444,-0.002629193643015099
445.394894235502,3201.9948684236897,974356.911844058,-0.00013131076003917595
445.394894235502,3201.9948684236897,976821.3299449038,0.0022219095261610455
445.394894235502,3266.6753045872597,981300.6430960284,0.008193617008286198
445.394894235502,3266.6753045872597,982279.861679294,0.009433708073725377
445.394894235502,3266.6753045872597,989254.4755719508,0.016498215001580593
445.394894235502,3266.6753045872597,991153.5795222678,0.018170645290573405
445.394894235502,3266.6753045872597,993752.4673270214,0.02080335181300677
445.394894235502,3266.6753045872597,994200.4626777088,0.021216321955470723
445.394894235502,3287.74206850977,1000303.7330153332,0.028129968931974825
445.394894235502,3287.74206850977,1001551.680613498,0.029290508273952406
445.394894235502,3294.6289140365197,1006461.9150086155,0.03531228553518264
445.394894235502,3294.6289140365197,1008226.0795342105,0.03680450420395662
445.394894235502,3294.6289140365197,1011389.3289990245,0.03975876147672943
445.394894235502,3294.6289140365197,1008951.3473236576,0.03787451015290436
445.394894235502,3294.6289140365197,1010944.8239930678,0.0398573641618676
445.394894235502,3294.6289140365197,1011623.8177083395,0.04064657127530074
445.394894235502,3294.6289140365197,1012561.6967168481,0.04123276014424564
445.394894235502,3294.6289140365197,1016724.8607331717,0.04414017852449978
445.394894235502,3294.6289140365197,1019879.094844984,0.046541468353176685
445.394894235502,3294.6289140365197,1020525.2288886993,0.046927093032666345
445.394894235502,3294.6289140365197,1025280.4071336563,0.05113005698460896
445.394894235502,3294.6289140365197,1027291.7590753324,0.05222270050413318
445.394894235502,3294.6289140365197,1031785.1431189562,0.05445067915586269
445.394894235502,3294.6289140365197,1036565.8250962985,0.057573185375003715
445.394894235502,3294.6289140365197,1040122.2161149165,0.05906465652338143
445.394894235502,3294.6289140365197,1043916.7540512059,0.06178121088013998
445.394894235502,3294.6289140365197,1046795.2196824194,0.06348923927164236
445.394894235502,3294.6289140365197,1050189.37323124,0.066402821071234
445.394894235502,3294.6289140365197,1052707.631900233,0.06716320713804176
445.394894235502,3294.6289140365197,1053280.0078368636,0.06736554695448796
445.394894235502,3294.6289140365197,1057162.3837770184,0.0686404418700481
445.394894235502,3294.6289140365197,1061190.40094158,0.06885042744998417
445.394894235502,3294.6289140365197,1063292.3756218941,0.06934914156297857
445.394894235502,3294.6289140365197,1067209.401199365,0.07000260427240743
445.394894235502,3294.6289140365197,1071304.8151941348,0.07024100917453306
445.394894235502,3294.6289140365197,1074704.564514646,0.06999711998590447
445.394894235502,3294.6289140365197,1077144.5988148986,0.07048676086055593
445.394894235502,3294.6289140365197,1079216.542511033,0.0709334059667639
445.394894235502,3294.6289140365197,1081879.7336772834,0.07116217451059194
445.394894235502,3294.6289140365197,1085692.3533443785,0.07062257558847543
445.394894235502,3294.6289140365197,1090484.8965434567,0.06911230641395219
445.394894235502,3294.6289140365197,1092577.1347834058,0.06824066195524424
445.394894235502,3294.6289140365197,1093637.1397069262,0.0678058287566771
445.394894235502,3294.6289140365197,1094197.6409302116,0.06742136167105564
445.394894235502,3294.6289140365197,1095963.5830052826,0.06620347087681666
445.394894235502,3294.6289140365197,1097149.0119190377,0.06507561310377878
445.394894235502,3294.6289140365197,1100020.840275714,0.06224537875895573
445.394894235502,3294.6289140365197,1101564.3043603213,0.06072968684610901
445.394894235502,3294.6289140365197,1102982.301918418,0.05891975277912516
445.394894235502,3294.6289140365197,1104034.3841534548,0.05730986122609973
445.394894235502,3294.6289140365197,1105895.6636585298,0.05457947469249792
445.394894235502,3294.6289140365197,1107545.7095159627,0.05103766090612454
445.394894235502,3294.6289140365197,1108521.1812312722,0.04866010800998873
445.394894235502,3294.6289140365197,1108841.571296034,0.04795270841904102
445.394894235502,3294.6289140365197,1110960.6822679474,0.044195457664640315
445.394894235502,3294.6289140365197,1111855.7437873052,0.04175386165104688
445.394894235502,3294.6289140365197,1112690.9035135969,0.03907105831293113
445.394894235502,3294.6289140365197,1113206.2893659028,0.037782355394859704
445.394894235502,3294.6289140365197,1113932.940702602,0.03502387040363824
445.394894235502,3294.6289140365197,1114596.2838978413,0.032357690950618447
445.394894235502,3294.6289140365197,1115252.5570109624,0.029352963932494862
445.394894235502,3294.6289140365197,1115783.1709628277,0.025151042422023057
445.394894235502,3294.6289140365197,1116061.7995448518,0.022723744413131453
445.394894235502,3294.6289140365197,1116711.9766415176,0.019871351026062644
445.394894235502,3294.6289140365197,1117082.8471019994,0.016853275737904027
453.4245537232,3294.6289140365197,1116952.6245066656,0.013016684583292838
484.992627198496,3294.6289140365197,1117377.7531904408,0.008292111976396777
516.1802260885511,3294.6289140365197,1117362.8349718896,0.00750872101711941
518.367411521112,3294.6289140365197,1117303.0444717228,0.004101805824969871
520.80382661869,3294.6289140365197,1117289.4842431413,0.0016770211476144917
520.80382661869,3294.6289140365197,1117021.325061816,-0.0011054085475799922
588.683655178903,3294.6289140365197,1116414.3505268835,-0.006559630036372236
588.683655178903,3294.6289140365197,1116298.3387956342,-0.0073996503206725335
599.219633865194,3294.6289140365197,1115966.817151212,-0.01282901999643313
599.219633865194,3294.6289140365197,1115531.912127986,-0.016342595470515895
607.449726555587,3294.6289140365197,1115178.6490771438,-0.020990639933036254
607.449726555587,3294.6289140365197,1114400.729472714,-0.025177420568962716
607.449726555587,3294.6289140365197,1113032.1813355363,-0.028072100896811752
607.449726555587,3294.6289140365197,1111990.8796478603,-0.03218952128065252
607.449726555587,3294.6289140365197,1109793.5304414157,-0.03746947072413501
607.449726555587,3294.6289140365197,1108070.5677127931,-0.04247975503069938
607.449726555587,3294.6289140365197,1107048.800330487,-0.04603209190335451
607.449726555587,3294.6289140365197,1104285.8590966489,-0.05075145205543861
607.449726555587,3294.6289140365197,1102676.1496587582,-0.054303895893025526
607.449726555587,3294.6289140365197,1100924.9087180109,-0.05680022447520691
607.449726555587,3294.6289140365197,1098499.680606656,-0.061514617406322906
607.449726555587,3294.6289140365197,1098446.6125204905,-0.061580808055498565
607.449726555587,3294.6289140365197,1098103.7810189014,-0.06191588101505477
607.449726555587,3294.6289140365197,1097955.3407560843,-0.062089154593763955
607.449726555587,3294.6289140365197,1094496.111188805,-0.06538116216675503
607.449726555587,3294.6289140365197,1092360.8928983945,-0.0665322852767787
607.449726555587,3294.6289140365197,1089769.7660054644,-0.06804373511948107
607.449726555587,3294.6289140365197,1087401.2184112924,-0.06966395049780891
607.449726555587,3294.6289140365197,1084457.2643348402,-0.07066347099869004
607.449726555587,3294.6289140365197,1082968.8367718009,-0.07074239983182759
607.449726555587,3294.6289140365197,1078749.945839743,-0.0725277835097803
607.449726555587,3294.6289140365197,1076957.8167438442,-0.07328531816068358
607.449726555587,3294.6289140365197,1074606.0209160175,-0.07429327888092922
607.449726555587,3294.6289140365197,1072979.6246198064,-0.07482904756966383
607.449726555587,3294.6289140365197,1073399.4055135716,-0.07463542063057764
612.7492736250421,4485.75753620446,1099773.6186527023,-0.03422179514758736
623.170706199526,4485.75753620446,1126331.4664908622,0.0008788699031929833
624.143410564232,4485.75753620446,1154734.9981435796,0.031397408289428184
624.143410564232,4485.75753620446,1153665.3417599723,0.031757786142407526
624.143410564232,4485.75753620446,1149401.7724994542,0.0325217837273926
624.143410564232,4485.75753620446,1146039.6973227847,0.03452275887497025
624.143410564232,4485.75753620446,1142240.2736918959,0.03640113172913822
624.143410564232,4485.75753620446,1138373.5099553326,0.039607033149427824
624.143410564232,4485.75753620446,1132310.8367836014,0.04355168314731073
624.143410564232,4485.75753620446,1127978.0444520954,0.046014489070987256
624.143410564232,4485.75753620446,1125536.5599179205,0.047527168779042346
624.143410564232,4485.75753620446,1120787.0252189804,0.04986844694015663
624.143410564232,4485.75753620446,1117608.403759662,0.0524520141596111
624.143410564232,4485.75753620446,1111972.7616313833,0.05806976742078824
624.143410564232,4485.75753620446,1108426.2291067806,0.06017916600776012
624.143410564232,4485.75753620446,1105288.4058150814,0.06245981232149527
624.143410564232,4485.75753620446,1103248.6679218048,0.06362213247614382
624.143410564232,4485.75753620446,1095458.6170459331,0.07117506148681445
624.143410564232,4485.75753620446,1091465.6464901564,0.07496375801860145
624.143410564232,4485.75753620446,1089832.7199336186,0.07607984441819922
624.143410564232,4485.75753620446,1087532.7047464414,0.0784807156786662
624.143410564232,4485.75753620446,1085653.4974112762,0.07996743613268523
624.143410564232,4485.75753620446,1083613.822874283,0.08198992211429668
624.143410564232,4485.75753620446,1079071.633805803,0.08603514568781806
624.143410564232,4485.75753620446,1077210.7147990353,0.08782523859250216
624.143410564232,4377.45844501496,1071092.4099556864,0.0957303942739976
624.143410564232,4377.45844501496,1067374.8779115085,0.10000746156692168
624.143410564232,4377.45844501496,1067828.5125797663,0.09943084731199331
624.143410564232,4377.45844501496,1067858.0302609873,0.0993993498709456
624.143410564232,4377.45844501496,1063582.6669860596,0.10281900007022796
624.143410564232,4377.45844501496,1059899.2621533456,0.10659325293801651
624.143410564232,4377.45844501496,1058382.7858127232,0.1080902286049809
624.143410564232,4377.45844501496,1055543.545287986,0.11133790814030631
624.143410564232,4376.12078690016,1051030.7169986928,0.1171256015516991
624.143410564232,4376.12078690016,1047470.5260444073,0.12100661948706011
628.891192796444,4376.12078690016,1061900.4223573387,0.13942873222721067
630.892421116424,4376.12078690016,1076675.903309035,0.15466210544978232
638.994039733496,4376.12078690016,1089928.7648732883,0.16946739918588888
638.994039733496,4376.12078690016,1089571.7400841198,0.1698940554981385
638.994039733496,4376.12078690016,1089998.0006343634,0.16950388568919747
638.994039733496,4313.253381122556,1083769.5171528228,0.17730138724828337
638.994039733496,4313.253381122556,1083642.0133365633,0.17745106821986514
638.994039733496,4313.253381122556,1078660.624987856,0.18261588226521452
638.994039733496,4313.253381122556,1073716.0112396036,0.18754096151781316
638.994039733496,4251.547837981965,1068361.3175000465,0.19428471689566318
638.994039733496,4251.547837981965,1065074.2295202538,0.19764255022211255
638.994039733496,4251.547837981965,1061514.9976499383,0.20045518758352213
638.994039733496,4251.547837981965,1057652.0060245243,0.20514350519640692
638.994039733496,4251.547837981965,1058631.8214391756,0.2043615206538734
638.994039733496,4251.547837981965,1056527.262018396,0.20671501797070257
638.994039733496,4251.547837981965,1052076.0374572463,0.21230037287393044
638.994039733496,4251.547837981965,1050403.5234367896,0.21382969712545016
638.994039733496,4251.547837981965,1050400.3771597985,0.21383084598319999
638.994039733496,4251.547837981965,1051010.742766514,0.21346345294864186
638.994039733496,4251.547837981965,1050589.2205599686,0.21366862670651154
638.994039733496,4251.547837981965,1049259.9939220329,0.21424330172826944
638.994039733496,4251.547837981965,1049056.7520039454,0.21436905299857775
638.994039733496,4251.547837981965,1045425.5546666977,0.21548049340977937
638.994039733496,4251.547837981965,1040707.8162667078,0.21753545833821536
638.994039733496,4251.547837981965,1037982.2698442854,0.2199668042956833
638.994039733496,4251.547837981965,1035334.3440370711,0.2212958069541625
638.994039733496,4251.547837981965,1031969.5193033866,0.22301944923153502
638.994039733496,4251.547837981965,1029167.8369660961,0.2236530558498005
638.994039733496,4251.547837981965,1029194.3618363275,0.2236515291864553
638.994039733496,4251.547837981965,1027089.8405176571,0.22388826262873812
638.994039733496,4251.547837981965,1023615.2614963952,0.22370460094089292
638.994039733496,4251.547837981965,1020711.0688946331,0.22279447689294424
638.994039733496,4251.547837981965,1017638.0446478765,0.222410859977385
638.994039733496,4251.547837981965,1016760.1731140253,0.22165665953496602
638.994039733496,4251.547837981965,1014659.112553938,0.22115700389641538
638.994039733496,4251.547837981965,1013639.1626231143,0.22041662706267356
638.994039733496,4251.547837981965,1012403.3999572506,0.2184574396033286
638.994039733496,4251.547837981965,1012062.4217796851,0.21789248794566135
638.994039733496,4251.547837981965,1012431.4091884127,0.2185879388404398
638.994039733496,4251.547837981965,1009763.6006198381,0.21446888310081894
638.994039733496,4251.547837981965,1009634.1402073748,0.21420231913466906
638.994039733496,4251.547837981965,1008209.2133365102,0.2107249264947384
638.994039733496,4251.547837981965,1007227.5691441125,0.20805303486224128
638.994039733496,4251.547837981965,1007030.4655728412,0.20719215122976928
638.994039733496,4251.547837981965,1006230.9585963584,0.20500371786528776
638.994039733496,4251.547837981965,1005793.9441147587,0.20249721020948597
638.994039733496,4251.547837981965,1005713.0684739808,0.20224818703468966
638.994039733496,4251.547837981965,1005319.2475845682,0.20076124759713243
638.994039733496,4251.547837981965,1005303.5855400728,0.20060507653911838
664.092042870014,4251.547837981965,1004950.862047352,0.19777603629684917
684.091749152046,4251.547837981965,1004677.7708228076,0.19498004388723358
686.678968576526,4251.547837981965,1004624.1241622294,0.19389226080898617
711.2825466407099,4251.547837981965,1004612.1680594462,0.19310377854116775
716.2815009704981,4251.547837981965,1004477.9357000699,0.18872571955690207
716.2815009704981,4251.547837981965,1004476.2924293241,0.18878123569948996
716.2815009704981,4251.547837981965,1004455.5478759734,0.18848305824704142
748.9086340685981,4251.547837981965,1004566.5815976622,0.18472062098229036
769.136134994316,4251.547837981965,1004790.1112103736,0.1778250287175979
769.136134994316,4251.547837981965,1005369.9779719379,0.17378646213941804
769.136134994316,4251.547837981965,1005594.8336716669,0.17214219179414988
769.136134994316,4251.547837981965,1006043.7403848917,0.1687450673010007
769.136134994316,4251.547837981965,1006873.8165482569,0.16617095080069758
769.136134994316,4251.547837981965,1007028.0377814468,0.16545821055679394
769.136134994316,4251.547837981965,1007537.9719289683,0.16338972002569332
769.136134994316,4251.547837981965,1007768.3150927904,0.16283263026422856
769.136134994316,4251.547837981965,1008519.0554025376,0.1592531316110081
769.136134994316,4251.547837981965,1008962.8901404896,0.15794256712449495
769.136134994316,4251.547837981965,1009784.7896941435,0.15627254553026562
769.136134994316,4251.547837981965,1010627.0922289919,0.15366687220680694
769.136134994316,4251.547837981965,1011984.8972863284,0.150932314551347
769.136134994316,4251.547837981965,1012324.8797262097,0.15013720209240813
769.136134994316,4251.547837981965,1012448.8833495796,0.1498159798111665
769.136134994316,4251.547837981965,1014017.3276237906,0.14770318742575891
769.136134994316,4251.547837981965,1015205.5741737173,0.14597309967313157
769.136134994316,4251.547837981965,1016585.4890007161,0.14381450357228048
769.136134994316,4251.547837981965,1017011.2681145117,0.14336340587322474
769.136134994316,4251.547837981965,1019618.3715868201,0.14106477899261521
769.136134994316,4251.547837981965,1020581.2481607812,0.13985042466401418
769.136134994316,4251.547837981965,1022637.5897637119,0.13883635577971443
769.136134994316,4251.547837981965,1021941.7762454208,0.13921939353437443
769.136134994316,4251.547837981965,1024569.9826867167,0.13676708850146993
769.136134994316,4251.547837981965,1025885.7264156862,0.13611862617071832
769.136134994316,4251.547837981965,1027881.8725432906,0.13563377395230053
769.136134994316,4251.547837981965,1028005.9636680343,0.1355537963135326
769.136134994316,4251.547837981965,1027107.0970049701,0.13546647985062638
769.136134994316,4251.547837981965,1027702.3799284088,0.13545905805233152
769.136134994316,4251.547837981965,1030737.3338803152,0.13513803932444626
769.136134994316,4251.547837981965,1034598.3766002314,0.13523755745397434
769.136134994316,4251.547837981965,1034719.8450707124,0.13523477781558327
769.136134994316,4251.547837981965,1036219.8984417579,0.1355849243719584
769.136134994316,4251.547837981965,1038206.9446301648,0.1360971111258989
769.136134994316,4251.547837981965,1042471.1854328845,0.1370818313143343
769.136134994316,4251.547837981965,1044082.055366719,0.1374611451155861
769.136134994316,4251.547837981965,1047941.5738815835,0.13886306007763602
769.136134994316,4251.547837981965,1048346.435846517,0.13906324742275886
769.136134994316,4251.547837981965,1051231.4789338144,0.1394370640598281
769.136134994316,4251.547837981965,1054310.1652539491,0.14061677777259843
769.136134994316,4251.547837981965,1058196.8441065867,0.1415669326040091
769.136134994316,4251.547837981965,1062231.2156669642,0.1427137600819707
769.136134994316,4251.547837981965,1066160.7281031713,0.14467859158898452
769.136134994316,4251.547837981965,1068649.805979233,0.14547316952181816
769.136134994316,4251.547837981965,1071518.2604833932,0.1463617941093064
769.136134994316,4251.547837981965,1072099.1192083121,0.14669579188165943
769.136134994316,4251.547837981965,1076217.675499507,0.1490589105701823
769.136134994316,4251.547837981965,1080234.7266546702,0.15232510965643659
769.136134994316,4251.547837981965,1085412.7397124218,0.15461772719079667
769.136134994316,4251.547837981965,1089956.0059075276,0.15702546366597028
769.136134994316,4251.547837981965,1096829.4237520779,0.16038700935164282
769.136134994316,4251.547837981965,1097190.3621128069,0.1605726814276023
769.136134994316,4251.547837981965,1099223.3079710053,0.16081155499182992
769.136134994316,4251.547837981965,1098890.4888028025,0.16065835766792189
769.136134994316,4251.547837981965,1103223.768925483,0.16212940044984178
769.136134994316,4251.547837981965,1106293.5400513827,0.16335894920558916
769.136134994316,4251.547837981965,1108696.9140277556,0.1625637139830976
769.136134994316,4251.547837981965,1113618.4431223562,0.16502901415157964
769.136134994316,4251.547837981965,1116269.364535699,0.16593600649261417
769.136134994316,4251.547837981965,1121091.251798049,0.1665346458309562
769.136134994316,4251.547837981965,1124934.3598074752,0.167859087327889
769.136134994316,4251.547837981965,1126606.6215568641,0.1680333677806293
769.136134994316,4251.547837981965,1130473.3158552542,0.16796164250148307
769.136134994316,4251.547837981965,1133868.6677790096,0.1695917473679844
769.136134994316,4251.547837981965,1140854.0484566223,0.17197390849583935
769.136134994316,4251.547837981965,1144958.0123493983,0.17301146702680104
769.136134994316,4251.547837981965,1148282.26317605,0.1740491279458825
769.136134994316,4251.547837981965,1149679.1334264313,0.1738349065769427
769.136134994316,4251.547837981965,1153207.4840655564,0.17492050607915977
769.136134994316,4251.547837981965,1157451.458435411,0.1758243096295621
769.136134994316,4251.547837981965,1158301.5952360681,0.17595296003232427
769.136134994316,4251.547837981965,1161993.1460129814,0.17569656733399366
769.136134994316,4251.547837981965,1167004.903840789,0.17532715463700374
769.136134994316,4251.547837981965,1172273.5057454885,0.1763934053470642
769.136134994316,4251.547837981965,1173941.3734471637,0.17583660355091552
769.136134994316,4251.547837981965,1178162.8579351127,0.1754028399014101
769.136134994316,4251.547837981965,1182062.9507427702,0.17533436623611728
769.136134994316,4251.547837981965,1185337.1354044082,0.1749078992186135
769.136134994316,4251.547837981965,1188228.946204692,0.17396412582980675
769.136134994316,4251.547837981965,1190064.5129753149,0.17329199627246702
769.136134994316,4251.547837981965,1192103.3782473563,0.17254913831520324
769.136134994316,4251.547837981965,1194808.1015703687,0.1716945695091544
769.136134994316,4251.547837981965,1195389.1642875783,0.1713182866464553
769.136134994316,4251.547837981965,1195565.59396091,0.1711966301054268
769.136134994316,4251.547837981965,1197254.955017231,0.16965623681317316
769.136134994316,4251.547837981965,1198493.0859820158,0.16817885304127786
769.136134994316,4251.547837981965,1199933.5924407989,0.16598782738749063
769.136134994316,4251.547837981965,1203470.2993411138,0.1631370761183949
769.136134994316,4251.547837981965,1205200.6080722471,0.16051937234698105
769.136134994316,4251.547837981965,1206480.363123187,0.15892033147383494
769.136134994316,4251.547837981965,1207578.7691165379,0.1571022241847738
769.136134994316,4251.547837981965,1210018.6881764513,0.15355111657496104
769.136134994316,4251.547837981965,1212514.8495790148,0.14934391157061633
769.136134994316,4251.547837981965,1215024.9522399,0.14578508331025858
769.136134994316,4251.547837981965,1216457.5452288527,0.14258456256431276
769.136134994316,4251.547837981965,1219160.7132237034,0.13706493262770586
769.136134994316,4251.547837981965,1220952.0242085534,0.13210438560569152
769.136134994316,4251.547837981965,1221141.5797746214,0.1316095336840322
769.136134994316,4251.547837981965,1223179.6799384437,0.12645192131079006
769.136134994316,4251.547837981965,1225316.0403540032,0.12075322272512512
769.136134994316,4251.547837981965,1226777.7086186039,0.11618730982185485
769.136134994316,4251.547837981965,1227549.2490782565,0.11249763469029814
769.136134994316,4251.547837981965,1227906.6888465846,0.1100231640315274
769.136134994316,4251.547837981965,1228638.576861932,0.10604282299984154
769.136134994316,4251.547837981965,1228863.0451760509,0.10333164514073867
784.405474448335,4251.547837981965,1228908.1846775548,0.1005846213462429
784.405474448335,4251.547837981965,1229519.2821768462,0.09702489993583345
784.405474448335,4251.547837981965,1229741.373934341,0.0936052352440838
836.975271873955,4251.547837981965,1229631.9943997967,0.08866884114116005
871.8280826655589,4251.547837981965,1229692.5058355257,0.08683719047663874
934.67077008452,4251.547837981965,1229549.067428517,0.07948978120429465
934.67077008452,4251.547837981965,1229307.9401433305,0.0773842735200698
934.67077008452,4251.547837981965,1229004.9963790893,0.0739864396129
986.38147175394,4251.547837981965,1228443.8639957332,0.06859796237658708
986.38147175394,4251.547837981965,1228115.6197854737,0.06500253537216476
986.38147175394,4251.547837981965,1227018.6565561765,0.06069033301572528
986.38147175394,4251.547837981965,1226838.8588138463,0.05907024464872448
986.38147175394,4251.547837981965,1226281.6221876752,0.05630974496747061
986.38147175394,4251.547837981965,1225975.939723618,0.05273056659732824
986.38147175394,4251.547837981965,1225322.614566126,0.05001047938767885
986.38147175394,4251.547837981965,1223460.5077259282,0.04622127664347547
986.38147175394,4251.547837981965,1222463.0330059722,0.04229159040359085
986.38147175394,4251.547837981965,1221928.976193319,0.04114395052043717
986.38147175394,4251.547837981965,1221039.7398205027,0.03854821454734166
986.38147175394,4251.547837981965,1219926.3109562618,0.03524528763702281
986.38147175394,4251.547837981965,1219236.6009652463,0.03415365147117111
986.38147175394,4251.547837981965,1217949.8941343261,0.0317291710444097
986.38147175394,4251.547837981965,1215455.628778911,0.02797314598578026
986.38147175394,4251.547837981965,1214315.7016546973,0.02562612236385732
986.38147175394,4251.547837981965,1210229.0680068582,0.021364311694666526
986.38147175394,4251.547837981965,1205680.8901486595,0.016985021831154634
986.38147175394,4251.547837981965,1202325.5821452849,0.014711223292928658
986.38147175394,4251.547837981965,1201535.7174358557,0.014075786169202907
986.38147175394,4251.547837981965,1198759.3662296734,0.01302675533579109
986.38147175394,4251.547837981965,1195673.6116516092,0.011096744853830108
986.38147175394,4251.547837981965,1194631.5990378722,0.010809556279436477
986.38147175394,4251.547837981965,1191357.726215357,0.009497775186061177
986.38147175394,4251.547837981965,1187400.2317888844,0.009975136476942727
986.38147175394,4251.547837981965,1186788.4368067528,0.009799699909604918
986.38147175394,4251.547837981965,1183807.298820102,0.009192370158461917
986.38147175394,4251.547837981965,1182211.299651271,0.009038782525388379
986.38147175394,4251.547837981965,1180218.4534070673,0.009179434836921824
986.38147175394,4251.547837981965,1177386.690009349,0.009697154349917029
934.67077008452,4251.547837981965,1155002.9337273,-0.002204256858561437
930.463556236911,4251.547837981965,1134938.198182148,-0.01551871838209335
919.693707310526,3980.377186060565,1113183.6125679896,-0.0312747982342208
919.693707310526,3980.377186060565,1109253.9277674432,-0.029703751710572653
919.693707310526,3980.377186060565,1105445.063749601,-0.031017237313061944
919.693707310526,3980.377186060565,1101425.6414760894,-0.029218432436819906
919.693707310526,3980.377186060565,1096755.5756852792,-0.028543006128866292
919.693707310526,3980.377186060565,1090865.7846652535,-0.025496619875555206
919.693707310526,3980.377186060565,1090417.9617273728,-0.02523637612874404
919.693707310526,3980.377186060565,1087524.7383479162,-0.024115286192782456
919.693707310526,3980.377186060565,1083259.7430306084,-0.0218559779436057
919.693707310526,3980.377186060565,1082047.2429413088,-0.02134876723008943
919.693707310526,3980.377186060565,1080493.843918043,-0.019894497380458894
919.693707310526,3980.377186060565,1074567.2062275053,-0.0170259579736155
919.693707310526,3980.377186060565,1073026.3470842887,-0.016056370546584826
919.693707310526,3980.377186060565,1072133.3751241136,-0.015271587400197097
919.693707310526,3980.377186060565,1068659.0167257143,-0.013338367874639255
919.693707310526,3980.377186060565,1067677.7305795858,-0.01266300066426586
919.693707310526,3980.377186060565,1064447.1155717853,-0.010044316573115247
919.693707310526,3980.377186060565,1063051.0574441063,-0.008779622181407522
919.693707310526,3980.377186060565,1061132.9113165212,-0.0064990878525472365
919.693707310526,3980.377186060565,1058720.2452328785,-0.004312278688531302
919.693707310526,3980.377186060565,1054071.3871293124,-6.9141294539022735e-06
919.693707310526,3980.377186060565,1052622.3351320652,0.0012130750356436296
919.693707310526,3980.377186060565,1049241.147199499,0.004650651595635647
919.693707310526,3980.377186060565,1045746.750133486,0.008171549409527147
919.693707310526,3980.377186060565,1041999.1356751991,0.011967315635336286
919.693707310526,3863.9724557352356,1035823.5885906871,0.020337980484865528
919.693707310526,3831.5481793784807,1031446.0448181061,0.025872222219441996
919.693707310526,3831.5481793784807,1031939.2925512573,0.02539573051399829
919.693707310526,3831.5481793784807,1031630.4416112533,0.02576263029142851
919.693707310526,3831.5481793784807,1030456.6548550852,0.027253499976547222
919.693707310526,3831.5481793784807,1028113.5447087714,0.030113501735053023
919.693707310526,3831.5481793784807,1025733.8427233879,0.03301222869153908
919.693707310526,3831.5481793784807,1023805.593792003,0.0351394586613007
919.693707310526,3880.018223213191,1024707.2300237551,0.0373320431254177
919.693707310526,3880.018223213191,1025608.78117284,0.039517756522840765
919.693707310526,3880.018223213191,1026510.2472392577,0.041696623127654014
919.693707310526,3863.903873212817,1021245.7136170408,0.04789845314049694
919.693707310526,3863.903873212817,1017426.5056045189,0.05204300309193201
919.693707310526,3863.903873212817,1015328.6206084898,0.05411363402375011
919.693707310526,3707.255819873222,1011509.3193005866,0.05917561169450671
919.693707310526,3707.255819873222,1010847.0946436906,0.0598103063245514
919.693707310526,3707.255819873222,1010142.9401731383,0.06042930224704716
919.693707310526,3707.255819873222,1007366.7803317696,0.06306980112763659
919.693707310526,3707.255819873222,1005153.9418610304,0.0650674754976879
919.693707310526,3707.255819873222,1002435.5171402094,0.06634821112540842
919.693707310526,3707.255819873222,999511.1786861422,0.06926413466698168
919.693707310526,3707.255819873222,996621.5965499523,0.07234299598789748
919.693707310526,3707.255819873222,994556.6265103931,0.07476013730244416
919.693707310526,3707.255819873222,992018.4278348372,0.07738072325649169
919.693707310526,3707.255819873222,986445.3872601689,0.08010410500563298
919.693707310526,3707.255819873222,984334.990076304,0.08135102572595881
919.693707310526,3707.255819873222,980077.4269110209,0.08417253635026714
919.693707310526,3707.255819873222,977398.5093868593,0.08579937040930129
919.693707310526,3707.255819873222,975317.2776913532,0.08681157554821992
919.693707310526,3707.255819873222,971880.6552318672,0.08923849576878168
919.693707310526,3707.255819873222,970891.9961428753,0.08931475977190413
919.693707310526,3707.255819873222,969137.4305945021,0.08906001167646264
919.693707310526,3707.255819873222,964440.9550856567,0.09115069289139531
919.693707310526,3707.255819873222,962310.9505026194,0.0918282921256159
919.693707310526,3707.255819873222,960095.3691944664,0.09219108447646768
919.693707310526,3707.255819873222,959831.0360543119,0.09225520771284025
919.693707310526,3707.255819873222,956211.4251078415,0.09210126419136641
919.693707310526,3707.255819873222,953128.89247024,0.0907279766446588
919.693707310526,3707.255819873222,953487.7655812922,0.09077877983268509
919.693707310526,3707.255819873222,952872.2837038152,0.09039242330599079
919.693707310526,3707.255819873222,952294.3275429975,0.09016530086985984
919.693707310526,3707.255819873222,952059.1354822086,0.09005318837048394
919.693707310526,3707.255819873222,949712.6475403929,0.0879432829036414
919.693707310526,3707.255819873222,947600.1801124448,0.08552123635191437
919.693707310526,3707.255819873222,946379.3393596186,0.0827489756736424
919.693707310526,3707.255819873222,945119.1511242626,0.08086547656369733
919.693707310526,3707.255819873222,944657.4255965106,0.08049551528775176
919.693707310526,3707.255819873222,944385.2722818993,0.07976084046092054
919.693707310526,3707.255819873222,943443.3355848646,0.0783271542457083
919.693707310526,3707.255819873222,943253.1521762739,0.0778035024690208
919.693707310526,3707.255819873222,942703.2191579117,0.07611712283188496
919.693707310526,3707.255819873222,942164.9093268286,0.074368213657897
919.693707310526,3707.255819873222,941216.8884247473,0.07083812353073775
919.693707310526,3707.255819873222,941143.5275048887,0.0705362775160617
919.693707310526,3707.255819873222,940030.9464477942,0.06747033789183005
919.693707310526,3707.255819873222,939170.4257498812,0.06372985260833401
922.942903573229,3707.255819873222,938643.495248409,0.059754134135334945
922.942903573229,3707.255819873222,938407.8293637397,0.05806897072069486
922.942903573229,3707.255819873222,938233.4724446589,0.05667765438712833
922.942903573229,3707.255819873222,938048.0254640055,0.055221946291974244
922.942903573229,3707.255819873222,937879.8293459264,0.053359163808312446
930.463556236911,3707.255819873222,937851.2294625401,0.051878266641613956
930.463556236911,3707.255819873222,937726.9946581628,0.05006057999781371
934.67077008452,3707.255819873222,937512.6144808701,0.04344831913156607
930.463556236911,3707.255819873222,937524.2057547069,0.04387041351791944
930.463556236911,3707.255819873222,937630.3976087844,0.0427847317274838
930.463556236911,3707.255819873222,937555.5665261307,0.04372712228177598
930.463556236911,3707.255819873222,938287.7254846367,0.03921529091593914
930.463556236911,3707.255819873222,938525.6164707935,0.037335160282449875
930.463556236911,3707.255819873222,939060.2642915071,0.03561971128665964
930.463556236911,3707.255819873222,939507.4206085935,0.03284403630086749
930.463556236911,3707.255819873222,940010.103068125,0.030588909583787124
930.463556236911,3707.255819873222,940101.6718205384,0.030215394255960308
930.463556236911,3707.255819873222,939982.8192564183,0.031116877577046936
930.463556236911,3707.255819873222,941848.1135491336,0.026957212194128173
930.463556236911,3707.255819873222,941779.2778664199,0.02716100135617467
930.463556236911,3707.255819873222,944721.826689322,0.022752635398687125
930.463556236911,3707.255819873222,945655.5841756971,0.02115758793582719
930.463556236911,3707.255819873222,946764.7023634174,0.018428565392529454
930.463556236911,3707.255819873222,949063.4441975966,0.013894893501146728
930.463556236911,3707.255819873222,950499.2472858188,0.012508857771004238
930.463556236911,3707.255819873222,951579.5024271306,0.011091662123359098
930.463556236911,3707.255819873222,953156.0450143508,0.009316511405683663
930.463556236911,3707.255819873222,956385.4348473011,0.007458820863773205
930.463556236911,3707.255819873222,956015.7841031249,0.007785362061468319
930.463556236911,3707.255819873222,958036.9968967255,0.005954008839288291
930.463556236911,3707.255819873222,959540.2850769074,0.005672624314189478
930.463556236911,3707.255819873222,960575.1249926705,0.0046536641473096385
930.463556236911,3707.255819873222,960762.9003727674,0.004515113023852743
930.463556236911,3707.255819873222,963975.4273521892,0.004499219473675867
930.463556236911,3707.255819873222,964507.9153699032,0.004404696265170355
930.463556236911,3707.255819873222,966555.2473909267,0.0031809561273007402
930.463556236911,3707.255819873222,968553.1053886566,0.0031310119589995906
930.463556236911,3707.255819873222,969979.4819800896,0.0030986941347289332
930.463556236911,3707.255819873222,970819.9813888717,0.003237979215712847
930.463556236911,3707.255819873222,970266.23668034,0.003133828309482502
930.463556236911,3707.255819873222,972188.211084185,0.0031246056308317596
930.463556236911,3707.255819873222,974994.1509252074,0.004650712177520609
930.463556236911,3707.255819873222,977309.1924033926,0.005936172290322167
930.463556236911,3707.255819873222,977543.7505418374,0.006063156434402444
930.463556236911,3707.255819873222,983128.8430706898,0.010841040365563414
930.463556236911,3707.255819873222,986142.9716700574,0.013565473833211404
930.463556236911,3707.255819873222,987518.5659075817,0.014226956252095645
930.463556236911,3707.255819873222,990107.0901723214,0.015679875944014786
930.463556236911,3707.255819873222,988408.2166121628,0.015246606651384786
930.463556236911,3707.255819873222,991891.8296063469,0.0182495063981903
930.463556236911,3707.255819873222,994762.6771615664,0.02066400853052234
930.463556236911,3707.255819873222,995549.8845274021,0.021296053585284143
930.463556236911,3707.255819873222,998239.6673444964,0.023180775079165692
930.463556236911,3707.255819873222,1001293.2586302984,0.025511348474768446
930.463556236911,3707.255819873222,1005668.9982842887,0.02946769340798838
930.463556236911,3707.255819873222,1005860.7806231246,0.029623669038596527
930.463556236911,3707.255819873222,1007741.9916347375,0.03186613405648778
930.463556236911,3707.255819873222,1010479.4928557449,0.034726133248689325
930.463556236911,3707.255819873222,1011121.5494854564,0.035289526627681506
930.463556236911,3707.255819873222,1011389.644950054,0.03556615495976316
930.463556236911,3707.255819873222,1017716.1678458093,0.042051588815564755
930.463556236911,3707.255819873222,1022039.5200895033,0.04480851452968042
930.463556236911,3707.255819873222,1024377.3927992271,0.045993137348686375
930.463556236911,3707.255819873222,1025095.0482124166,0.046475114424605814
930.463556236911,3707.255819873222,1027976.9334543548,0.04884106338818573
930.463556236911,3707.255819873222,1034128.9960605347,0.05204113654566322
930.463556236911,3707.255819873222,1036069.1464120864,0.05390829741623327
930.463556236911,3707.255819873222,1039005.1983504087,0.05602235343779408
930.463556236911,3707.255819873222,1039555.6762528645,0.056300078531434906
930.463556236911,3707.255819873222,1041530.2603642024,0.05777434413418044
930.463556236911,3707.255819873222,1047369.291392773,0.0618644956503834
930.463556236911,3707.255819873222,1048276.3004339256,0.06214525424831674
930.463556236911,3707.255819873222,1051007.609485866,0.06454967965353907
930.463556236911,3707.255819873222,1049742.5371719743,0.06363686539258212
930.463556236911,3707.255819873222,1051735.978457444,0.06503227786891018
930.463556236911,3707.255819873222,1052152.3982370743,0.06525353143803174
930.463556236911,3707.255819873222,1058095.9628077308,0.06820870249772853
930.463556236911,3707.255819873222,1059175.565756882,0.06885825905638521
930.463556236911,3707.255819873222,1061525.7491375112,0.07051205698070617
930.463556236911,3707.255819873222,1063898.0211465782,0.07129170201890435
930.463556236911,3707.255819873222,1065232.247859262,0.07170227794180728
930.463556236911,3707.255819873222,1065387.374392065,0.07175238128387702
930.463556236911,3707.255819873222,1064516.3560651133,0.07132360427254546
930.463556236911,3707.255819873222,1068055.7976382605,0.07180834636032625
930.463556236911,3707.255819873222,1071738.0848117191,0.0739644439895914
930.463556236911,3707.255819873222,1073913.8470219735,0.07499080168384119
930.463556236911,3707.255819873222,1075095.5431919554,0.07523138657861593
930.463556236911,3707.255819873222,1077913.6466914087,0.07577016724004809
930.463556236911,3707.255819873222,1079683.5896156232,0.07557531929739318
930.463556236911,3707.255819873222,1081562.2123899313,0.07544888894859807
930.463556236911,3707.255819873222,1083630.8336279613,0.07561731705634181
930.463556236911,3707.255819873222,1090449.0702493521,0.07656182454894302
930.463556236911,3707.255819873222,1094169.7257401866,0.07526264909153262
930.463556236911,3707.255819873222,1097310.2298962371,0.07409379843805677
930.463556236911,3707.255819873222,1098607.3394782206,0.07273043111716514
930.463556236911,3707.255819873222,1103326.9823263069,0.0704373127626431
930.463556236911,3707.255819873222,1105896.1041807022,0.07014066798897615
930.463556236911,3707.255819873222,1107301.0426368085,0.06856724702831343
930.463556236911,3707.255819873222,1109796.7872247354,0.06657979378389053
930.463556236911,3707.255819873222,1111820.736884564,0.06411655415054676
930.463556236911,3707.255819873222,1113652.6451452035,0.06266846914013066
930.463556236911,3707.255819873222,1114897.3031294928,0.06139276187026064
930.463556236911,3707.255819873222,1116984.1599589163,0.05993409550242562
930.463556236911,3707.255819873222,1119189.3848197653,0.05701393427703362
930.463556236911,3707.255819873222,1120324.4560608254,0.055753416288589736
930.463556236911,3707.255819873222,1122202.561672453,0.053076753954973015
930.463556236911,3707.255819873222,1123100.9734024818,0.05040684874341337
930.463556236911,3707.255819873222,1123365.2421460568,0.04989285243239901
930.463556236911,3707.255819873222,1125089.7893962914,0.04767562850605612
930.463556236911,3707.255819873222,1126226.6037142028,0.04540348264118202
930.463556236911,3707.255819873222,1127784.808221713,0.04132423994209516
930.463556236911,3707.255819873222,1128472.1265804705,0.03780940669512674
930.463556236911,3707.255819873222,1130829.006655957,0.03266079103606607
930.463556236911,3707.255819873222,1131645.834402986,0.02803687149139793
930.463556236911,3707.255819873222,1132767.0241926205,0.021603150948571025
930.463556236911,3707.255819873222,1133291.169775845,0.019249323040835795
930.463556236911,3707.255819873222,1134314.6741394415,0.014193352497274464
930.463556236911,3707.255819873222,1134583.0205201535,0.011097792921264065
930.463556236911,3707.255819873222,1135325.6063011042,0.005365953610050632
930.463556236911,3707.255819873222,1135924.4630162823,0.0021504970474330175
984.58675030602,3707.255819873222,1135746.8245182626,-0.0026676926548011982
986.38147175394,3707.255819873222,1135631.3043558823,-0.00487338179162584
1046.6576694291198,3707.255819873222,1135785.7191758861,-0.008452349343610435
1046.6576694291198,3707.255819873222,1135752.0501533926,-0.008774573505897111
1095.6779216209698,3707.255819873222,1135507.9990438384,-0.01429455732163118
1126.79701706358,3707.255819873222,1135274.1540183877,-0.01914184626330177
1151.85373639966,3707.255819873222,1134872.3935556104,-0.02416905023792972
1151.85373639966,3707.255819873222,1134786.8184533415,-0.025299609107638777
1169.3099214306098,3707.255819873222,1134307.1691447303,-0.03125630108563758
1169.3099214306098,3707.255819873222,1133349.798442004,-0.03540024993351753
1169.3099214306098,3707.255819873222,1133160.382782231,-0.036298243036802985
1169.3099214306098,3707.255819873222,1131670.2173506394,-0.040532791358408995
1169.3099214306098,3707.255819873222,1131262.3250731484,-0.041770703339241225
1169.3099214306098,3707.255819873222,1131126.806575008,-0.0421858040711372
1169.3099214306098,3707.255819873222,1129174.167436662,-0.04665959539309061
1169.3099214306098,3707.255819873222,1128076.2500571385,-0.04953147146694901
1169.3099214306098,3707.255819873222,1127453.986299621,-0.05101242728186022
1169.3099214306098,3707.255819873222,1126753.388000957,-0.05264326292641294
1169.3099214306098,3707.255819873222,1126205.6454834528,-0.05389025174702492
1169.3099214306098,3707.255819873222,1125905.840264849,-0.05453378618885714
1169.3099214306098,3707.255819873222,1123692.9497820276,-0.05899367460420565
1169.3099214306098,3707.255819873222,1121495.881342556,-0.06115674388916542
1169.3099214306098,3707.255819873222,1118624.7325339234,-0.06442052807460134
1169.3099214306098,3707.255819873222,1117414.3000103212,-0.06578779765094546
1169.3099214306098,3707.255819873222,1114534.5204599595,-0.06707286509344415
1169.3099214306098,3707.255819873222,1113473.0744618704,-0.06786115699996707
1169.3099214306098,3707.255819873222,1110021.8258776662,-0.06966472753469027
1169.3099214306098,3707.255819873222,1107211.9626127996,-0.07067512337238167
1169.3099214306098,3707.255819873222,1105089.7787604893,-0.07196208278451639
1169.3099214306098,3707.255819873222,1101812.844968982,-0.07321139592560993
1169.3099214306098,3707.255819873222,1097897.8107262452,-0.07443993492628206
1169.3099214306098,3707.255819873222,1095476.4986813844,-0.07447945358285936
1169.3099214306098,3707.255819873222,1093310.0343265994,-0.07587093144936942
1169.3099214306098,3707.255819873222,1090802.8564194178,-0.07504638827114556
1169.3099214306098,3707.255819873222,1090060.2341979607,-0.07490073494848432
1169.3099214306098,3707.255819873222,1085791.1228378362,-0.07515077136153085
1169.3099214306098,3707.255819873222,1084989.1200771458,-0.07561091663805238
1169.3099214306098,3707.255819873222,1083076.8029979116,-0.0750119358216676
1169.3099214306098,3707.255819873222,1081773.59933945,-0.0751826273942389
1169.3099214306098,3707.255819873222,1081255.2506824832,-0.07502360240614878
1169.3099214306098,3707.255819873222,1074686.1014607989,-0.07279910553996796
1169.3099214306098,3707.255819873222,1072243.6033308785,-0.07208483101055393
1169.3099214306098,3707.255819873222,1070217.271447382,-0.07138721103862043
1169.3099214306098,3707.255819873222,1067523.8759598804,-0.07002812096564374
1169.3099214306098,3707.255819873222,1062996.9698492708,-0.06594599772454791
1169.3099214306098,3707.255819873222,1061752.4876139723,-0.06575675040830369
1169.3099214306098,3707.255819873222,1058323.9666669683,-0.06359796885023175
1169.3099214306098,3707.255819873222,1052547.495707093,-0.05910675446244807
1169.3099214306098,3707.255819873222,1051960.7059747544,-0.05873396298081068
1169.3099214306098,3707.255819873222,1048889.3115514873,-0.056246224762066366
1169.3099214306098,3707.255819873222,1045729.5041275601,-0.05400967726673778
1169.3099214306098,3707.255819873222,1043554.3799543848,-0.051634051712703084
1169.3099214306098,3699.587011121159,1038729.0605109517,-0.04603459046555918
1169.3099214306098,3699.587011121159,1036001.3511061141,-0.04340182713058045
1169.3099214306098,3699.587011121159,1033153.1283765389,-0.04129732606694714
1169.3099214306098,3699.587011121159,1031075.4066235819,-0.03914222253156079
1169.3099214306098,3699.587011121159,1029261.3406965042,-0.03720271297975199
1169.3099214306098,3699.587011121159,1025852.7761830984,-0.03415846509290894
1169.3099214306098,3699.587011121159,1024172.5888273275,-0.03243110973423804
1169.3099214306098,3699.587011121159,1019378.0246990272,-0.027987537966318667
1169.3099214306098,3699.587011121159,1017965.8986718154,-0.026209524554842017
1169.3099214306098,3699.587011121159,1014144.4231992177,-0.021709836376548233
1169.3099214306098,3699.587011121159,1009860.8221555894,-0.016034657468822152
1169.3099214306098,3623.768506360869,1005129.6406537378,-0.009773866403114733
1169.3099214306098,3614.847437992445,999945.1585694151,-0.003951345969952176
1169.3099214306098,3570.792098026728,994869.2979823062,0.0018261317599422202
1169.3099214306098,3566.79774319765,992185.9332610295,0.005249088130526837
1151.85373639966,3566.79774319765,985256.1657621206,0.0019113720808317184
1126.79701706358,3566.79774319765,976339.318398399,-0.0003975328820525677
1095.6779216209698,3142.0789028489303,964520.5589203422,-0.0018860007195061889
1095.6779216209698,3142.0789028489303,962202.0838734997,0.0004446338986403021
1095.6779216209698,3142.0789028489303,960812.1409764749,0.0020017752230605183
1095.6779216209698,3142.0789028489303,957983.3901766139,0.004918865250345338
1095.6779216209698,3094.655632199503,953015.1248687991,0.010128696824544065
1095.6779216209698,3094.655632199503,947545.4575550122,0.014863746315214926
1095.6779216209698,3094.655632199503,943768.1772766492,0.01862129494158309
1095.6779216209698,3094.655632199503,942422.970869413,0.020118054101583377
1095.6779216209698,3094.655632199503,937540.5382001409,0.023337862044275494
1095.6779216209698,3094.655632199503,937116.2272598404,0.023615287453457992
1095.6779216209698,3094.655632199503,932745.8563307532,0.026958944325085808
1095.6779216209698,3094.655632199503,928008.3909099004,0.030858870816079947
1095.6779216209698,3054.385283750409,925756.8465191631,0.03396214591346385
1095.6779216209698,3054.385283750409,920545.2734312648,0.037883516876639434
1095.6779216209698,3054.385283750409,921212.5765309719,0.03763661794013071
1095.6779216209698,3054.385283750409,920211.4218226098,0.03843912077287733
1095.6779216209698,3054.385283750409,918993.0433895717,0.03905074131214086
1095.6779216209698,3054.385283750409,917025.1634259447,0.040153525407293944
1095.6779216209698,3054.385283750409,915127.5742620145,0.04112798878730271
1095.6779216209698,3054.385283750409,913055.6388238317,0.0422416467712613
1095.6779216209698,3054.385283750409,910458.3730648847,0.04237375862225364
1095.6779216209698,3054.385283750409,909152.6013009199,0.042207085799434114
1095.6779216209698,3054.385283750409,907928.6621353056,0.042241379279560676
1095.6779216209698,3054.385283750409,906403.2680486456,0.0427363112987107
1095.6779216209698,3054.385283750409,903856.9417625513,0.04231371491770931
1095.6779216209698,3054.385283750409,900140.2880423368,0.04296639948626798
1095.6779216209698,3054.385283750409,899859.0827318945,0.04289552203317726
1095.6779216209698,3054.385283750409,900169.3597830362,0.04305326899437273
1095.6779216209698,3054.385283750409,897374.2113004124,0.043217033331058294
1095.6779216209698,3054.385283750409,896025.1029376833,0.0426778602522104
1095.6779216209698,3054.385283750409,893629.7946115963,0.04163422113756376
1095.6779216209698,3054.385283750409,890767.7856670698,0.03993031973839102
1095.6779216209698,3054.385283750409,890152.411224771,0.0391741291184332
1095.6779216209698,3054.385283750409,890830.3489994259,0.039770033157249425
1095.6779216209698,3054.385283750409,890749.3006975702,0.03960283173889821
1095.6779216209698,3054.385283750409,889529.7535048919,0.03719988467076183
1095.6779216209698,3054.385283750409,887852.7634805792,0.03609102127773812
1095.6779216209698,3054.385283750409,888186.383036899,0.036538966871888484
1095.6779216209698,3054.385283750409,886595.2565488637,0.033193610661446465
1095.6779216209698,3054.385283750409,885808.95671767,0.031534390866721065
1095.6779216209698,3054.385283750409,885016.9238495023,0.02904690180073418
1095.6779216209698,3054.385283750409,884426.5048437762,0.027288079862892854
1095.6779216209698,3054.385283750409,883819.6576999538,0.023481158294681448
1095.6779216209698,3054.385283750409,882753.7591895302,0.018702976966838036
1095.6779216209698,3054.385283750409,881854.3295443862,0.01457748383920834
1095.6779216209698,3054.385283750409,881367.9233618681,0.011124420256831222
1126.79701706358,3054.385283750409,881140.2906012953,0.008388227487651771
1129.19383965034,3054.385283750409,880660.5268052388,0.0036038178824535924
1129.19383965034,3054.385283750409,880307.144718066,0.0014803816336052284
1151.85373639966,3054.385283750409,879938.4792274534,-0.004921634534473604
1151.85373639966,3054.385283750409,879724.4972015051,-0.00651087094374364
1151.85373639966,3054.385283750409,879740.9123462249,-0.006371675931077159
1169.3099214306098,3054.385283750409,879522.3908471513,-0.010459227127298677
1186.5116337021302,3054.385283750409,879686.666628609,-0.013002858033113686
1187.05805133494,3054.385283750409,879579.1458591665,-0.019255473356577884
1219.39900015823,3054.385283750409,879877.4199222638,-0.022945562821384925
1226.08283139689,3054.385283750409,880078.7904979036,-0.027871202864082567
1226.08283139689,3054.385283750409,880070.6726752319,-0.02781283360775929
1227.85286781304,3054.385283750409,880514.1326296452,-0.03128719873326696
1227.85286781304,3054.385283750409,881473.2526624502,-0.03420350795183578
1227.85286781304,3054.385283750409,881924.6493268228,-0.03687121884122867
1227.85286781304,3054.385283750409,882722.7266675693,-0.04006839537715169
1227.85286781304,3054.385283750409,883750.5705139893,-0.044302244347555496
1230.0806695381698,3054.385283750409,885423.0924125807,-0.052085932986965226
1230.0806695381698,3054.385283750409,885014.7786998929,-0.05104397895492318
1230.0806695381698,3054.385283750409,885994.9317904394,-0.05454616957125575
1230.0806695381698,3054.385283750409,885703.1579371142,-0.05421275797679253
1230.0806695381698,3054.385283750409,886237.3293126717,-0.05525642054091561
1230.0806695381698,3054.385283750409,887567.772293888,-0.057649077166269824
1230.0806695381698,3054.385283750409,888085.8376403453,-0.05832391934307877
1230.0806695381698,3054.385283750409,888078.6419745539,-0.05831474547746305
1230.0806695381698,3054.385283750409,888316.7637974129,-0.05871285420754152
1230.0806695381698,3054.385283750409,890128.6703084172,-0.05984380997246258
1230.0806695381698,3054.385283750409,890220.449387349,-0.05986824602353946
1230.0806695381698,3054.385283750409,893009.8549296204,-0.06186135590949583
1230.0806695381698,3054.385283750409,892761.9084983717,-0.061595214679501555
1230.0806695381698,3054.385283750409,894655.751875727,-0.061452086591423996
1230.0806695381698,3054.385283750409,897414.0860862515,-0.06261908954091881
1230.0806695381698,3054.385283750409,899748.549375524,-0.06399121078784413
1230.0806695381698,3054.385283750409,900798.0118175924,-0.06361035186937632
1230.0806695381698,3054.385283750409,903355.3346372374,-0.06355646606485012
1230.0806695381698,3054.385283750409,906582.6698565942,-0.0631360916202451
1230.0806695381698,3054.385283750409,909007.4629054256,-0.0622504315228031
1230.0806695381698,3054.385283750409,911534.337502495,-0.06152991592866589
1230.0806695381698,3054.385283750409,914113.5401664956,-0.06061561700586451
1230.0806695381698,3054.385283750409,916641.505616479,-0.0602727127113155
1230.0806695381698,3054.385283750409,920030.667948278,-0.05861549092807951
1230.0806695381698,3054.385283750409,920682.5056485878,-0.05818502839362132
1230.0806695381698,3054.385283750409,923991.2573917721,-0.05501445130985444
1230.0806695381698,3054.385283750409,926950.3715052658,-0.05311298168627911
1230.0806695381698,3054.385283750409,928343.6819461546,-0.05126432041596651
1230.0806695381698,3054.385283750409,928589.8516318585,-0.05102128843773756
1230.0806695381698,3054.385283750409,931458.0710638571,-0.04892480252627467
1230.0806695381698,3054.385283750409,935106.5672504471,-0.045201864958565666
1230.0806695381698,3067.043127070949,942074.0512152781,-0.0405709693773949
1230.0806695381698,3067.043127070949,942070.1658802099,-0.04057455758765619
1230.0806695381698,3069.864004870839,945154.2178559656,-0.03692074268648013
1230.0806695381698,3114.982789582039,949853.8055964878,-0.03174166441844998
1230.0806695381698,3114.982789582039,952139.2366454453,-0.02960434097583382
1230.0806695381698,3114.982789582039,955731.6691803437,-0.02545685175786318
1230.0806695381698,3114.982789582039,956361.9291281403,-0.024758541303433825
1230.0806695381698,3114.982789582039,959502.3096045674,-0.021997848012519833
1230.0806695381698,3114.982789582039,960762.3639670543,-0.02047173523291952
1230.0806695381698,3114.982789582039,961735.1063877355,-0.01938350173826911
1230.0806695381698,3245.8709406682387,967657.272196256,-0.012065519962556243
1230.0806695381698,3245.8709406682387,970861.3904127935,-0.008635519781020068
1230.0806695381698,3245.8709406682387,970829.0842123361,-0.00867740272584504
1230.0806695381698,3245.8709406682387,971784.5598696864,-0.007827948672215848
1230.0806695381698,3245.8709406682387,976482.4322485955,-0.0032836319490075444
1230.0806695381698,3245.8709406682387,980102.7445860154,-0.00029285609217668634
1230.0806695381698,3245.8709406682387,982661.7975575089,0.0023867772209311814
1230.0806695381698,3245.8709406682387,984947.4945740713,0.004868768633574954
1230.0806695381698,3245.8709406682387,985452.182054787,0.005327132882292565
1230.0806695381698,3245.8709406682387,989581.8964843202,0.009938917543166078
1230.0806695381698,3245.8709406682387,995212.7216653583,0.01473162552937511
1230.0806695381698,3245.8709406682387,999497.6009372254,0.01915883868294091
1230.0806695381698,3245.8709406682387,1000299.6194581848,0.019975018232248946
1230.0806695381698,3245.8709406682387,1003445.0430117861,0.02136354112353991
1230.0806695381698,3333.231093889539,1008875.5197242341,0.028339227817401755
1230.0806695381698,3333.231093889539,1015809.8942055225,0.03486073200310664
1230.0806695381698,3333.231093889539,1018597.0046492588,0.03709192772473053
1230.0806695381698,3333.231093889539,1021359.3930009978,0.038437774958892904
1230.0806695381698,3333.231093889539,1023286.8195209962,0.04017978797593753
1230.0806695381698,3333.231093889539,1027048.009887221,0.04288415221757857
1230.0806695381698,3333.231093889539,1027046.5660340082,0.04288336675208413
1230.0806695381698,3333.231093889539,1030663.335010127,0.04503906756465378
1230.0806695381698,3333.231093889539,1035137.7000176341,0.047525122728232234
1230.0806695381698,3333.231093889539,1042216.9609684285,0.0523976423556295
1230.0806695381698,3333.231093889539,1045052.7942849318,0.053205227662599434
1230.0806695381698,3333.231093889539,1051991.394471183,0.05882730590252966
1230.0806695381698,3333.231093889539,1055224.444970973,0.06142240144651476
1230.0806695381698,3333.231093889539,1057551.764887839,0.06256176097437054
1230.0806695381698,3333.231093889539,1060679.2263811019,0.06332331033877603
1230.0806695381698,3333.231093889539,1063896.279238113,0.0646378813607026
1230.0806695381698,3333.231093889539,1069379.894377939,0.06639486011683006
1230.0806695381698,3333.231093889539,1074667.781888809,0.0681201035711912
1230.0806695381698,3333.231093889539,1077560.9307486645,0.06864778756163115
1230.0806695381698,3333.231093889539,1076649.717675229,0.06834980319818708
1230.0806695381698,3333.231093889539,1080516.55570278,0.06915676467747997
1230.0806695381698,3333.231093889539,1084354.8482363296,0.06960624766046328
1230.0806695381698,3333.231093889539,1087967.390463059,0.06752571114010975
1230.0806695381698,3333.231093889539,1088424.4315424042,0.06744051479416611
1230.0806695381698,3333.231093889539,1089743.804733107,0.0673018336627177
1230.0806695381698,3333.231093889539,1093648.9559387113,0.06520216059766773
1230.0806695381698,3333.231093889539,1095805.6647986618,0.06418530359806573
1230.0806695381698,3333.231093889539,1097699.157970272,0.0625431681977346
1230.0806695381698,3333.231093889539,1099093.739989568,0.06149841486985341
1230.0806695381698,3333.231093889539,1102381.8726101187,0.059417325050553874
1230.0806695381698,3333.231093889539,1104449.2264622373,0.0583779271799046
1230.0806695381698,3333.231093889539,1106651.4901872415,0.056596651563571305
1230.0806695381698,3333.231093889539,1108025.0812162699,0.05498903730058861
1230.0806695381698,3333.231093889539,1109562.4448976296,0.053274342157196675
1230.0806695381698,3333.231093889539,1111256.4368537904,0.04960969127217523
1230.0806695381698,3333.231093889539,1114149.3886373523,0.04531332555313578
1230.0806695381698,3333.231093889539,1113966.4104166888,0.04563281852270467
1230.0806695381698,3333.231093889539,1115261.682146604,0.0432997711044721
1230.0806695381698,3333.231093889539,1116400.1152573307,0.0411070230091066
1230.0806695381698,3333.231093889539,1117739.7289621194,0.036922311616896464
1230.0806695381698,3333.231093889539,1119901.5583096505,0.034642499142672395
1230.0806695381698,3333.231093889539,1122698.176893552,0.029097536933314166
1230.0806695381698,3333.231093889539,1123394.9276187243,0.02694412581413992
1230.0806695381698,3333.231093889539,1124652.8540619444,0.02277562064619911
1230.0806695381698,3333.231093889539,1125503.6059750353,0.020150509293455732
1230.0806695381698,3333.231093889539,1126558.6420383283,0.014918994996870738
1230.0806695381698,3333.231093889539,1127311.5050821102,0.012059033894959801
1230.0806695381698,3333.231093889539,1127578.2501427976,0.010531005722284072
1230.1450803533698,3333.231093889539,1127600.9800041874,0.008528737155275757
1252.71336702878,3333.231093889539,1127701.837802585,0.003155468138465416
1252.71336702878,3333.231093889539,1128192.6661660557,-0.0009113719434209055
1313.1112824968302,3333.231093889539,1127775.2184144354,-0.0069461307093961365
1359.30262887959,3333.231093889539,1127982.1413142593,-0.010208928215775327
1368.56524611297,3333.231093889539,1127970.9904287593,-0.011998996601508565
1371.85955328773,3333.231093889539,1127996.9064710306,-0.015070467832323835
1375.44914001788,3333.231093889539,1127738.142989519,-0.019931349872080787
1375.44914001788,3333.231093889539,1127723.7996054352,-0.021436345374170118
1375.44914001788,3333.231093889539,1127308.2928671823,-0.02397810901395795
1394.7603626145,3333.231093889539,1126446.6008754892,-0.030357130023857586
1394.7603626145,3333.231093889539,1125674.7920163926,-0.034367243204169076
1394.7603626145,3333.231093889539,1124573.5298461916,-0.03763823657157466
1394.7603626145,3333.231093889539,1123222.9398050758,-0.041583258397542046
1394.7603626145,3333.231093889539,1122379.5962893565,-0.0449463498486223
1394.7603626145,3333.231093889539,1121594.7474800972,-0.04721139209767235
1394.7603626145,3333.231093889539,1120793.1456393024,-0.04879589960062357
1394.7603626145,3333.231093889539,1119796.9376331118,-0.05093528624374889
1394.7603626145,3333.231093889539,1118438.9540618923,-0.05401984781629541
1394.7603626145,3333.231093889539,1116826.2597922317,-0.057326412389372486
1394.7603626145,3333.231093889539,1115933.7748205487,-0.06035908715075576
1394.7603626145,3333.231093889539,1114234.9607720638,-0.06272403097558746
1394.7603626145,3333.231093889539,1113499.431882067,-0.0638477261340599
1394.7603626145,3333.231093889539,1111853.4445515634,-0.0657730561683262
1394.7603626145,3333.231093889539,1108694.1094169386,-0.06963099670712981
1394.7603626145,3333.231093889539,1106478.9381467598,-0.0713277263308806
1394.7603626145,3333.231093889539,1104712.6128468087,-0.07313226175467975
1394.7603626145,3333.231093889539,1101125.172496577,-0.07737655706639206
1394.7603626145,3333.231093889539,1100025.5035861917,-0.07803127752153338
1394.7603626145,3333.231093889539,1098719.8758476204,-0.07882979535437526
1394.7603626145,3333.231093889539,1097457.3799662527,-0.07965772669183015
1394.7603626145,3333.231093889539,1095323.5419405045,-0.07987328088813314
1394.7603626145,3333.231093889539,1094077.3035907038,-0.0807487491002913
1394.7603626145,3333.231093889539,1091230.373078068,-0.08009957339069748
1394.7603626145,3333.231093889539,1086771.4801386788,-0.07969809042234872
1394.7603626145,3333.231093889539,1086123.7223891385,-0.0798495528172694
1394.7603626145,3333.231093889539,1085429.049404478,-0.07999224857959593
1394.7603626145,3333.231093889539,1080447.6370238164,-0.08010313555312136
1394.7603626145,3333.231093889539,1077686.3323467607,-0.08052748303164378
1394.7603626145,3333.231093889539,1071785.5472119187,-0.08018284323359173
1394.7603626145,3333.231093889539,1069843.1020882216,-0.08064601485464709
1394.7603626145,3333.231093889539,1066901.846890808,-0.08012230289223397
1394.7603626145,3333.231093889539,1064443.6340987764,-0.07923156863791851
1394.7603626145,3333.231093889539,1060833.1433450372,-0.0780159507986617
1394.7603626145,3333.231093889539,1055880.4704409055,-0.0754952490999195
1394.7603626145,3333.231093889539,1054226.538911892,-0.07492100105352209
1394.7603626145,3333.231093889539,1052852.9909137138,-0.07402926333521222
1394.7603626145,3333.231093889539,1049679.906338066,-0.07290500110637647
1394.7603626145,3333.231093889539,1046378.447178684,-0.07040031051077568
1394.7603626145,3333.231093889539,1044137.1564847294,-0.0686004192449651
1394.7603626145,3333.231093889539,1041287.6253841204,-0.06688527690066247
1394.7603626145,3333.231093889539,1036028.0836855647,-0.06187910731653753
1394.7603626145,3333.231093889539,1030462.1537233879,-0.05774687428786942
1394.7603626145,3333.231093889539,1026879.5090415886,-0.05452450682400002
1394.7603626145,3333.231093889539,1023256.1230549386,-0.05237281637738072
1394.7603626145,3333.231093889539,1018337.3152952207,-0.047792226309103604
1394.7603626145,3333.231093889539,1013291.3458836525,-0.04275318089347711
1394.7603626145,3333.231093889539,1010961.5856999202,-0.04069093060279301
1394.7603626145,3333.231093889539,1005302.4364479707,-0.03558226798794229
1394.7603626145,3333.231093889539,1004090.3317699534,-0.03450051622788971
1394.7603626145,3333.231093889539,999130.1877315512,-0.028135577498031198
1394.7603626145,3333.231093889539,995162.8553960723,-0.023994475094975685
1394.7603626145,3333.231093889539,990572.4152366224,-0.018828463069265295
1394.7603626145,3333.231093889539,984458.4640848654,-0.013313662897933806
1394.7603626145,3333.231093889539,982436.6405379889,-0.011287751161029603
1394.7603626145,3333.231093889539,979407.1084264896,-0.008550885983350314
1394.7603626145,3333.231093889539,975250.4669091082,-0.003482894719146906
1394.7603626145,3205.032807229587,967566.5122827074,0.005821500831007405
1394.7603626145,3195.451626267298,962735.8974241072,0.011598195905351301
1394.7603626145,3195.451626267298,960820.8186730215,0.013312594725220415
1394.7603626145,3195.451626267298,957497.4598699544,0.017072093988390772
1394.7603626145,3188.935378976405,954411.9953618315,0.02138704120647389
1394.7603626145,3188.935378976405,952282.351746038,0.024021736746961588
1394.7603626145,3188.935378976405,949915.9463209009,0.02629093497542657
1394.7603626145,3188.935378976405,950790.7567619531,0.025405840580478886
1394.7603626145,3188.935378976405,947404.6951232591,0.028330921462320614
1394.7603626145,3188.935378976405,944836.34963541,0.03191940287102494
1394.7603626145,3188.935378976405,946423.0628585916,0.030481424808966238
1394.7603626145,3188.935378976405,945265.4155286327,0.03183402978679109
1394.7603626145,3188.935378976405,944366.8260349436,0.03252682197623199
1394.7603626145,3188.935378976405,942310.0142059906,0.033770178236382585
1394.7603626145,2997.705123218627,938757.8008338728,0.03884723754358766
1394.7603626145,2997.705123218627,938731.2891727448,0.03886597848463622
1394.7603626145,2997.705123218627,936114.2644802484,0.04111972708398753
1394.7603626145,2952.234888553843,934460.1854456555,0.04303846520314061
1394.7603626145,2952.234888553843,932524.4618457044,0.04457471681657595
1394.7603626145,2952.234888553843,930581.1152096676,0.04600296803985298
1394.7603626145,2952.234888553843,927454.9830501777,0.047582356792251146
1394.7603626145,2952.234888553843,924522.662094053,0.049162767062117155
1394.7603626145,2952.234888553843,925384.105523569,0.04871818293809943
1394.7603626145,2952.234888553843,925590.8932727318,0.04861689830146191
1394.7603626145,2952.234888553843,924695.9807067935,0.0490353098777487
1394.7603626145,2952.234888553843,924229.6906027338,0.04939086385470147
1394.7603626145,2952.234888553843,924681.6105145211,0.049290572226238866
1394.7603626145,2952.234888553843,922949.1185638095,0.04906403446369445
1394.7603626145,2952.234888553843,921128.4852930316,0.049463791374735125
1394.7603626145,2952.234888553843,918412.596262729,0.04929190834143256
1394.7603626145,2952.234888553843,916003.2641800295,0.0487538264919699
1394.7603626145,2952.234888553843,914887.3802694622,0.048706073031668226
1394.7603626145,2952.234888553843,914067.4686627584,0.0484365288870118
1394.7603626145,2952.234888553843,912282.708573663,0.04634580415018294
1394.7603626145,2952.234888553843,911325.5875327557,0.04580512438860273
1394.7603626145,2952.234888553843,908386.2234287749,0.04475021271172445
1394.7603626145,2952.234888553843,906811.9272769253,0.04270959293734309
1394.7603626145,2952.234888553843,906451.23118425,0.04222718724716953
1394.7603626145,2952.234888553843,904229.5594142054,0.040313752524181366
1394.7603626145,2952.234888553843,902379.086492241,0.03933588245447049
1394.7603626145,2952.234888553843,901148.820453341,0.035864892110375315
1394.7603626145,2952.234888553843,900319.9262573075,0.03468401285581613
1394.7603626145,2952.234888553843,900260.3319329643,0.034574872542445165
1394.7603626145,2952.234888553843,899530.7436805652,0.03309851717129376
1394.7603626145,2952.234888553843,899101.2713482381,0.030614964788394063
1394.7603626145,2952.234888553843,899594.8697474467,0.031976644766682875
1394.7603626145,2952.234888553843,899292.0850622578,0.030799080743714964
1394.7603626145,2952.234888553843,899389.2087160222,0.03116347679692445
1394.7603626145,2952.234888553843,899448.2464038442,0.0314386788682479
1394.7603626145,2952.234888553843,899324.376461215,0.030487081483393824
1394.7603626145,2952.234888553843,898578.5379133499,0.026153340181600475
1405.27620266401,2952.234888553843,898568.587663407,0.023398779873920354
1405.27620266401,2952.234888553843,897907.7654056209,0.019575590206174692
1415.7302694993,2952.234888553843,897049.5797801061,0.013541478564248064
1415.7302694993,2952.234888553843,897234.0059484788,0.014674494502868639
1430.8213082928698,2952.234888553843,897240.0687351425,0.01276574555822122
1436.57589903151,2952.234888553843,897561.6645176802,0.008361761188450967
1443.91230329827,2952.234888553843,897716.433084388,0.005871323703107442
