45.0,153.0,1251.588864,0.6925070775594233
45.0,153.0,1256.8936959999999,0.6922564923456573
45.0,153.0,1261.0396160000003,0.691949592214141
44.0,153.0,1263.800064,0.713877188923919
44.0,153.0,1262.9859840000001,0.7183804326270326
44.0,153.0,1239.030656,0.7009579713306229
44.0,153.0,1254.6658559999998,0.6923934026288237
44.0,153.0,1174.3183359999998,0.641703140688252
44.0,153.0,1151.524096,0.6430749077404262
44.0,153.0,1160.6960640000002,0.6417986631855945
44.0,153.0,1152.459264,0.6691609370688535
44.0,153.0,1146.2768640000006,0.687852964854264
44.0,153.0,1143.3533440000006,0.7032564154920088
44.0,153.0,1142.4215040000001,0.6972760978099045
44.0,153.0,1137.977856,0.7271954667954492
42.0,153.0,1137.309696,0.7589324725873173
42.0,153.0,1125.617664,0.794120764026875
41.0,153.0,1098.8864,0.8246502485159471
40.0,153.0,1106.928896,0.8419030413733106
39.0,153.0,1117.6701440000004,0.8489443940735467
39.0,153.0,1122.0930559999997,0.8493556040516873
39.0,153.0,1117.0127360000001,0.8544943039787325
39.0,153.0,1113.5048960000001,0.8579464782598704
39.0,153.0,1104.56,0.8657411739774088
40.0,153.0,1095.3824,0.8635484232300195
40.0,153.0,1095.4504959999997,0.8627548434710964
40.0,153.0,1095.314304,0.8614897508173506
40.0,153.0,1093.7603840000002,0.861989555824793
40.0,153.0,1096.186496,0.8609280136257387
39.0,153.0,1100.0879359999997,0.8752381185282228
38.0,153.0,1094.0703999999998,0.908519268313113
38.0,153.0,1091.7973760000002,0.9287716922423861
38.0,153.0,1090.8976640000003,0.9376519131792526
38.0,153.0,1090.556416,0.9393937728473336
38.0,153.0,1100.0880640000003,0.9174833319242607
38.0,153.0,1111.0831360000002,0.8914693114087323
38.0,153.0,1132.6336,0.8710004753848942
38.0,153.0,1152.3679999999997,0.8530479850968136
38.0,153.0,1171.2040959999995,0.839243017602737
38.0,153.0,1191.7987840000003,0.8273236406320582
38.0,153.0,1204.691456,0.8113708527212319
38.0,153.0,1199.4229759999998,0.8173551420484109
38.0,153.0,1188.6627839999999,0.8229130773055798
38.0,153.0,1184.5504000000003,0.8279041513892573
38.0,153.0,1181.7487360000002,0.8320142836861051
39.0,153.0,1178.2640639999997,0.8062022712746528
39.0,153.0,1183.117824,0.7784437597074852
40.0,151.0,1179.998976,0.7563972314634367
41.0,147.0,1175.9776,0.7332688825535403
42.0,147.0,1185.7885439999995,0.6989963543236374
43.0,147.0,1204.9589760000001,0.662403352377953
43.0,147.0,1221.573376,0.6328128337394178
43.0,147.0,1235.548544,0.6253820721250208
43.0,147.0,1313.1964159999998,0.676626794856939
43.0,147.0,1307.2234239999998,0.7023674419554654
43.0,147.0,1305.856,0.7042250267257438
44.0,147.0,1319.095296,0.6702859302863922
44.0,147.0,1351.6112640000001,0.6578027719991323
44.0,147.0,1394.780544,0.6475999516127664
44.0,147.0,1426.8618240000003,0.6359997851038063
44.0,351.0,2156.3952639999998,2.416528166706367
44.0,411.0,3175.644416,3.3140840534684477
44.0,411.0,3176.3456,3.312818426381487
44.0,411.0,3189.8877440000006,3.2770299047200284
44.0,411.0,3202.572416,3.243861593373752
44.0,411.0,3204.9583360000006,3.237223036310104
44.0,411.0,3196.206464,3.255363073944839
44.0,411.0,3200.288896,3.2223547979280265
44.0,411.0,3195.8063360000006,3.203881714892168
44.0,411.0,3188.1536,3.185405189292148
44.0,411.0,3170.538495999999,3.1858085283971764
45.0,411.0,3168.594943999999,3.157016577535777
45.0,410.0,3169.4339840000007,3.1237936927631758
46.0,410.0,3168.6944000000003,3.0929999588057275
49.0,410.0,3167.0624,3.0660395453937506
49.0,410.0,3183.2656640000005,3.016852129464588
50.0,1699.0,24528.557696000014,9.077274882453107
52.0,1699.0,24525.058943999997,9.067370135860305
53.0,1699.0,24520.607104000006,9.055869032920299
54.0,1699.0,24502.124416,9.059913056051501
56.0,1699.0,24486.816,9.06229597266945
56.0,1699.0,24481.478399999996,9.069824672612626
56.0,1699.0,24472.895999999986,9.081413350954325
56.0,1699.0,24500.660096000007,9.06185408730262
56.0,1699.0,24502.559104000007,9.06053807890924
56.0,1699.0,24518.395264000002,9.048346350791782
56.0,1699.0,24514.90854400001,9.054851693216035
54.0,1699.0,24544.973184,9.047537627674135
53.0,1699.0,24564.185983999996,9.048211970308637
52.0,1699.0,24550.050944000002,9.075396761335218
50.0,1699.0,24569.276544000008,9.079442661498057
50.0,1699.0,24589.444223999995,9.071527341110817
50.0,1699.0,24592.175999999985,9.070414460630781
50.0,1699.0,24574.55129600001,9.07766559618746
50.0,1699.0,24546.608896,9.08803990806148
50.0,1699.0,24520.50918399999,9.098183470608804
50.0,1699.0,24491.056000000004,9.109522995174656
52.0,1699.0,24482.08870399999,9.112038687081629
52.0,1699.0,24475.034623999993,9.114402030353988
52.0,1699.0,24474.264576000005,9.114693297653007
52.0,1699.0,24479.540224,9.11272310255404
52.0,1699.0,24477.375999999993,9.113509724653838
52.0,1699.0,24466.537599999996,9.117457739664562
53.0,1699.0,24461.209599999995,9.113593775772404
54.0,1699.0,24449.898496000005,9.116849016857584
53.0,1699.0,24462.55769600001,9.113443038432347
54.0,1699.0,24434.52262399999,9.118534528174651
55.0,1699.0,24414.055936,9.12320950824591
56.0,1699.0,24403.279103999994,9.12275399609865
56.0,1699.0,24402.705663999997,9.122930011875741
56.0,1699.0,24399.214336,9.12401634717322
56.0,1699.0,24399.214336,9.124016347173221
56.0,1699.0,24419.504896000002,9.116901036170598
56.0,1699.0,24441.339903999997,9.108386195183806
56.0,1699.0,24449.893503999996,9.104788285012479
56.0,1699.0,24447.785600000003,9.105713330297377
56.0,1699.0,24456.086144,9.102094077373916
56.0,1699.0,24440.749695999995,9.108394146514117
56.0,1699.0,24406.608383999996,9.121610591137797
56.0,1697.0,24369.020416,9.136287115539378
56.0,1697.0,24348.315263999997,9.144870740987773
57.0,1697.0,24310.322303999998,9.159230560672931
57.0,1697.0,24281.510655999995,9.167836395284878
57.0,1697.0,24260.025600000004,9.175955189575966
57.0,1697.0,24250.439936000006,9.179908754425966
57.0,1697.0,24237.103616,9.18546993642252
57.0,1697.0,24211.026944000005,9.195252952887119
57.0,1697.0,24190.426623999992,9.203403650804738
61.0,1697.0,24170.320383999995,9.202352728585483
66.0,1697.0,24167.032576,9.202871513475914
66.0,1697.0,24163.625344000004,9.207732870409476
66.0,1697.0,24160.813696,9.212568524526702
71.0,1697.0,27401.016704,7.992868033598132
71.0,1697.0,27402.80217599999,7.987895551226335
71.0,1697.0,27416.67942399999,7.97733322390144
71.0,1697.0,27404.715135999995,7.9796576474434024
71.0,1697.0,27432.994816000002,7.971585374408372
71.0,1697.0,27455.385600000005,7.96519500709634
71.0,1697.0,27483.209216000003,7.957060953240752
71.0,1697.0,27493.932543999992,7.9537825140031275
71.0,1697.0,27482.857216000004,7.957228188305598
71.0,1697.0,27458.913664,7.964824527274629
71.0,1697.0,27436.82777600001,7.971716817636979
71.0,1697.0,27416.031744000007,7.978506848171981
71.0,1695.0,27385.593344000008,7.98827593541101
71.0,1695.0,27361.332223999998,7.995605666213032
71.0,1695.0,27346.216064,8.000375892560918
71.0,1695.0,27315.291776000005,8.009307510958736
71.0,1695.0,27301.757695999997,8.01333981683458
71.0,1695.0,27301.757695999993,8.01333981683458
71.0,1695.0,27296.31897599999,8.014344036847811
71.0,1695.0,27285.81977599999,8.01663680138812
71.0,1695.0,27257.512704000004,8.024220292278905
71.0,1695.0,27224.914176000006,8.033714112647239
71.0,1695.0,27220.704000000005,8.035088648182933
71.0,1695.0,27200.135424000007,8.040453921478914
71.0,1695.0,27183.442176000004,8.044307642674712
71.0,1695.0,27174.132095999994,8.046380273863146
71.0,1695.0,27189.846144,8.042211445410803
66.0,1695.0,27235.169663999997,8.03095768022752
65.0,1695.0,27272.17177599999,8.022909995551384
65.0,1695.0,27321.032064,8.013439717192938
62.0,1695.0,27366.59417599999,8.005121384964486
62.0,1698.0,27417.230975999995,7.995358610730965
61.0,1698.0,27463.597056000006,7.987747038650798
61.0,1698.0,27503.782655999996,7.980465380620381
61.0,1698.0,27532.973056,7.974601117303186
60.0,1698.0,27557.9296,7.970832479636367
57.0,1698.0,27581.833599999998,7.966673253199168
57.0,1698.0,27603.387136,7.96300278709675
56.0,1698.0,27625.8304,7.960836183997043
55.0,1698.0,27634.852096000002,7.964209600988917
55.0,1698.0,27638.713216000007,7.960397233899079
55.0,1698.0,27638.932096000004,7.9624665493526585
55.0,1698.0,27656.71014399999,7.964229294939116
55.0,1698.0,27665.846655999998,7.969237566623904
53.0,1698.0,27673.083904,7.972823624527458
51.0,1698.0,27678.985215999997,7.977558785371071
51.0,1698.0,27650.33638399999,8.00419652597297
51.0,1698.0,27638.286976,8.00361353622572
51.0,1698.0,27639.01542399999,8.004305943957444
51.0,1698.0,27650.263296,8.006956917031935
51.0,1698.0,27669.330176,8.012332208536517
50.0,1698.0,27688.139263999998,8.019899918966884
49.0,1700.0,27718.701696,8.022126696453821
49.0,1700.0,27133.79289599999,8.29477004002919
48.0,1702.0,26235.104895999997,8.710554400367489
48.0,1702.0,26262.97881599999,8.710443080601442
47.0,1702.0,26290.060416,8.71019530848583
46.0,1702.0,26307.983104000006,8.713220047881478
45.0,1702.0,26328.054399999997,8.712315593943059
45.0,1702.0,26349.06457599999,8.711370497771926
44.0,1702.0,26349.951616000006,8.720127823325871
44.0,1702.0,26359.752575999995,8.724282842851782
43.0,1702.0,26361.801600000006,8.733309829355766
43.0,1702.0,26366.505599999997,8.738294232590167
43.0,1702.0,26354.633600000005,8.754345883638267
43.0,1702.0,26333.431296,8.77511928897486
43.0,1702.0,26316.455423999996,8.7940041319807
43.0,1702.0,26307.976704000004,8.807579697910127
43.0,1702.0,26288.354816000003,8.827096371022156
42.0,720.0,4571.380224,7.934351375061384
42.0,720.0,4537.915904,8.038083705934369
42.0,720.0,4495.353216,8.166202887227604
42.0,720.0,4492.856704000001,8.175629619341795
42.0,720.0,4487.419776,8.203170373774629
42.0,720.0,4487.814016000002,8.220685092713156
39.0,720.0,4493.981056,8.222126598580607
38.0,721.0,4425.302784,8.435891291248899
38.0,721.0,4366.765696000001,8.62990297149244
38.0,721.0,4316.861696000001,8.805547610236152
38.0,721.0,4318.065536,8.821367067851128
38.0,721.0,4324.313984,8.80554585772339
38.0,721.0,4326.471296,8.800892259163058
38.0,721.0,4323.161599999999,8.808120943573252
38.0,721.0,4316.3136,8.820681377703968
38.0,721.0,4310.246399999999,8.834661812684303
38.0,721.0,4304.466815999999,8.842400731250953
38.0,721.0,4303.299456000002,8.84426087327648
38.0,721.0,4304.208,8.846542612997306
38.0,721.0,4308.715776000001,8.839951281075349
38.0,721.0,4308.7424,8.839503965330767
37.0,721.0,4309.937664,8.84412753234009
37.0,721.0,4310.170623999999,8.844867790050692
38.0,721.0,4308.446464,8.844781551325445
38.0,721.0,4318.676735999999,8.794186473227008
38.0,721.0,4331.464576000002,8.738030863531844
38.0,721.0,4342.263424000001,8.69125764526473
38.0,721.0,4361.563264,8.631856136866425
38.0,721.0,4390.390399999999,8.534324861394683
38.0,721.0,4391.5936,8.532534197143029
38.0,721.0,4385.613184,8.574864445537774
38.0,721.0,4389.914624000002,8.583817820116732
37.0,721.0,4386.457344,8.61795254778727
36.0,721.0,4393.9760639999995,8.605902830841925
36.0,721.0,4403.978495999998,8.5887524185462
36.0,721.0,4403.726463999999,8.58914846380475
36.0,721.0,4400.073855999998,8.589663794448693
37.0,721.0,4393.074304,8.59968050230164
37.0,721.0,4387.279616000001,8.61123094430556
38.0,721.0,4379.801600000001,8.6246744538177
38.0,721.0,4372.269823999999,8.64149306080231
38.0,721.0,4372.269823999999,8.641493060802311
37.0,721.0,4374.622975999999,8.643057513724736
37.0,721.0,4374.235903999999,8.648543495631268
38.0,721.0,4373.567744,8.64837347070644
38.0,721.0,4372.644864,8.652870387673707
38.0,721.0,4367.697024,8.672474713635172
38.0,721.0,4367.697024000001,8.672474713635172
38.0,721.0,4368.962816,8.657674782374487
38.0,721.0,4370.908416,8.640546041472687
38.0,721.0,4370.314495999999,8.645919741635735
38.0,721.0,4370.318464,8.645544938646603
38.0,721.0,4338.156415999999,8.761193515887749
38.0,721.0,4335.145856,8.777409306112004
38.0,721.0,4329.3344,8.817806245792985
38.0,721.0,4331.985664,8.83454919461999
36.0,129.0,614.284544,1.1587924465667758
36.0,129.0,583.275776,1.1534751363957456
35.0,112.0,517.157504,0.9282202398402816
35.0,112.0,514.9372159999999,0.9652232364103005
35.0,112.0,517.681536,0.9583944657124878
35.0,112.0,516.0258560000001,0.9513152555118733
35.0,112.0,513.5520000000001,0.9512302912351364
36.0,112.0,512.516736,0.9313887662794199
36.0,112.0,512.3836160000001,0.9213345043990327
36.0,112.0,512.4896000000001,0.914740816127309
36.0,112.0,512.621696,0.9101940070650489
38.0,112.0,537.112064,0.8967764230288049
38.0,118.0,592.5056,1.0155897340069184
38.0,118.0,595.7024,0.9975725687747473
38.0,118.0,595.616384,0.9909584188980337
38.0,118.0,594.558464,0.9970654622997244
38.0,118.0,595.2546560000001,0.9889291399723367
38.0,118.0,596.8639999999999,0.9758369765223249
38.0,118.0,592.770176,1.0002682819685906
38.0,118.0,589.1517439999999,1.0303446702894095
38.0,118.0,587.2309759999999,1.0372747820721289
38.0,118.0,584.9116160000001,1.0521672104244657
38.0,118.0,586.518144,1.052292873783654
36.0,118.0,586.2816,1.0841221173679016
36.0,118.0,584.1987839999999,1.1214085716736801
35.0,118.0,583.778304,1.1543893999223727
35.0,118.0,587.1375360000001,1.1573230708360578
35.0,118.0,585.882624,1.1596847402271795
35.0,118.0,585.882624,1.1596847402271795
35.0,118.0,581.3544960000002,1.1664272703175806
35.0,118.0,577.187456,1.1696520440534315
36.0,118.0,578.024576,1.1384233563451267
36.0,118.0,573.411584,1.1245126654262212
38.0,118.0,575.0336,1.0881975091510887
38.0,118.0,573.6591359999999,1.0793855463198718
38.0,118.0,573.1584,1.0750998632718995
38.0,118.0,576.0092159999998,1.0436290179144931
38.0,118.0,576.004224,1.0309604185257166
40.0,118.0,580.369024,0.9969669780496753
40.0,118.0,585.582976,0.97672375798074
40.0,118.0,578.240256,0.9504376141146932
40.0,144.0,660.3776000000001,1.2836772950460202
41.0,144.0,681.163904,1.2345597825226093
41.0,144.0,692.601344,1.196378784675539
41.0,144.0,693.1424000000001,1.192748803448108
40.0,144.0,692.4535040000001,1.2059627008048
38.0,144.0,697.771264,1.2151199389061875
38.0,144.0,689.9304960000001,1.2531010817466746
38.0,144.0,689.3980160000001,1.2836261237447038
38.0,144.0,696.7920639999999,1.2815278095463651
38.0,144.0,701.4783999999997,1.2701237161285612
38.0,144.0,702.767104,1.2665565325230532
38.0,144.0,698.7535359999999,1.27845335563978
38.0,144.0,690.9045759999999,1.288365302792119
38.0,144.0,681.611264,1.3076057424373235
38.0,144.0,698.580224,1.2747261709075766
38.0,144.0,733.6693759999998,1.2694066316817187
38.0,144.0,784.0163840000001,1.2745081308017026
40.0,144.0,842.1981440000001,1.285001566735629
41.0,144.0,898.000256,1.2826509228878717
41.0,144.0,932.1271039999999,1.2368128112448753
42.0,144.0,957.970304,1.1863429337635842
42.0,144.0,969.8626559999998,1.1421358351595543
42.0,144.0,970.2197760000001,1.128046649047938
42.0,144.0,971.1263999999999,1.133064320488315
42.0,144.0,971.0815999999998,1.1407778421825148
42.0,144.0,972.7087359999999,1.1279176498520342
42.0,144.0,974.0255999999998,1.1139390862789442
42.0,144.0,978.8256,1.0944997781617345
42.0,144.0,993.5619839999998,1.0524210023104958
42.0,144.0,994.449664,1.064904502119967
41.0,144.0,1003.2149759999999,1.0750788959814548
41.0,144.0,1012.2176000000001,1.0886157821490432
41.0,144.0,1025.1421440000001,1.079671998356502
41.0,144.0,1031.0976,1.0721619437482934
41.0,144.0,1034.743424,1.066345007573972
41.0,143.0,1030.0002560000003,1.0757295683843429
41.0,143.0,1024.598144,1.0822842312757526
41.0,143.0,1016.2760959999999,1.0898456840259758
41.0,143.0,1013.4895359999999,1.0923035282010998
41.0,143.0,1017.771904,1.0584644895279602
41.0,143.0,1025.2349439999998,1.017562397928881
42.0,143.0,1049.392,0.9739968492536811
42.0,143.0,1063.0122239999998,0.9376294262144687
42.0,143.0,1073.1016959999997,0.8976999732330888
42.0,143.0,1097.0656,0.8658506609009449
42.0,143.0,1123.611904,0.8283833339345302
42.0,143.0,1167.869824,0.8074468327781678
42.0,143.0,1169.234176,0.7753904235700907
42.0,143.0,1169.334016,0.7717929639628808
43.0,143.0,1167.5299839999998,0.7546838435891938
43.0,143.0,1166.8479999999997,0.7470898502568761
43.0,143.0,1188.509696,0.7158722811842407
43.0,143.0,1178.349056,0.7452824779499889
43.0,143.0,1172.929024,0.7815177269409062
42.0,143.0,1170.241664,0.8158865753649609
42.0,143.0,1145.6810239999998,0.8447618146478714
42.0,144.0,1132.079744,0.8702624313918025
42.0,144.0,1145.202176,0.8579422859082351
42.0,144.0,1150.0323839999999,0.8511559138155962
42.0,144.0,1151.238656,0.8494858695743485
42.0,144.0,1150.6915839999997,0.8501029439060561
42.0,144.0,1144.1344,0.850701185644649
42.0,144.0,1142.437504,0.8527971827796766
42.0,144.0,1148.2704640000002,0.8512657559333674
42.0,144.0,1157.604224,0.8606589558534906
42.0,144.0,1164.011136,0.8693371809386168
42.0,144.0,1168.9628160000007,0.8703232200969918
41.0,144.0,1175.9516160000003,0.8747039123086645
41.0,144.0,1178.2301439999999,0.8753212180316734
42.0,144.0,1176.7202559999998,0.8691322686735662
42.0,144.0,1177.0147839999997,0.8693040797133669
42.0,144.0,1177.0851839999998,0.8699140484975577
41.0,144.0,1178.091776,0.8740718771117818
41.0,144.0,1177.453824,0.8795277359280896
41.0,144.0,1176.1315839999997,0.8875574830043804
41.0,144.0,1177.1904000000002,0.8811174329238318
41.0,144.0,1175.401216,0.9019792605216138
40.0,144.0,1175.312,0.9273642505713358
38.0,144.0,1182.5503999999999,0.9343818973644216
38.0,144.0,1189.6323839999998,0.9430728466941988
37.0,144.0,1196.1852159999999,0.9456209624848837
36.0,144.0,1201.3536000000004,0.9543324208725408
36.0,144.0,1201.3536000000004,0.9543324208725409
36.0,144.0,1195.2175359999999,0.9618653320329038
36.0,144.0,1191.5287039999996,0.9659086351137677
37.0,144.0,1181.5650560000001,0.9652752942716465
38.0,144.0,1172.399744,0.9604198628649696
38.0,144.0,1166.755456,0.9610176866780673
38.0,144.0,1158.589056,0.9633758912284223
38.0,144.0,1164.1232640000003,0.9648358422790092
38.0,144.0,1168.1008639999998,0.9641788905057287
37.0,144.0,1170.973184,0.9732789518685239
36.0,144.0,1177.040384,0.9782636979979971
36.0,144.0,1177.6111360000002,0.9686297645724549
36.0,144.0,1177.68,0.9692330902701024
36.0,144.0,1161.128064,0.9907880319329357
36.0,144.0,1120.2408959999998,0.9897190130334643
36.0,144.0,1118.5879040000002,0.9991193612738708
36.0,144.0,1118.6336000000001,0.9940543003453232
36.0,144.0,1118.839424,1.0022881421815149
36.0,144.0,1124.0733440000001,1.0130168467763971
35.0,144.0,1134.0829440000002,1.0218295287281773
35.0,144.0,1145.7175040000002,1.0194343833514885
35.0,144.0,1155.2988160000004,1.0157365799675615
34.0,144.0,1166.7138559999999,1.0242734757290886
34.0,144.0,1175.6021759999996,1.0297084745905831
34.0,144.0,1183.325184,1.0219840461248089
34.0,144.0,1184.6016,1.0211734225721423
34.0,144.0,1184.1922559999998,1.0213909481928347
34.0,144.0,1180.4864000000002,1.0003427189656224
34.0,144.0,1178.2338559999998,1.0009845816097904
35.0,144.0,1174.1386240000002,0.9968413832078312
35.0,144.0,1172.945664,0.996391568771346
35.0,144.0,1172.9456639999999,0.9963915687713466
35.0,144.0,1171.9170559999998,0.9931643210026867
35.0,144.0,1166.8098559999996,1.0161154953533682
35.0,144.0,1167.875584,1.0301444592087832
35.0,144.0,1164.0796160000002,1.0486058479317428
35.0,144.0,1164.000896,1.046608031737854
35.0,144.0,1164.0624639999999,1.037491921432454
35.0,144.0,1162.7407360000002,1.0427874969536763
35.0,144.0,1166.4543999999999,1.0265337245368833
35.0,144.0,1164.5315839999998,1.032741050705149
35.0,144.0,1160.2784,1.0484514629218609
34.0,144.0,1134.3104,1.0945682841808124
34.0,127.0,1049.497856,1.047224729947829
34.0,127.0,1033.5522559999997,1.0930175156095627
33.0,127.0,1026.657536,1.1340419035917733
32.0,127.0,1031.979904,1.1506631268114875
31.0,127.0,1037.765504,1.1549379094187744
31.0,127.0,1037.3596160000002,1.155332837813443
31.0,127.0,1031.488,1.1595663764092587
31.0,127.0,1025.5936000000002,1.16512068380723
32.0,127.0,1017.7845760000001,1.162659711147496
33.0,127.0,1010.197376,1.1645307152626019
34.0,127.0,1004.1411840000002,1.150903087863002
34.0,127.0,999.6384,1.1376782576441742
34.0,127.0,1001.2576,1.1416592880189946
34.0,127.0,1000.9411839999999,1.1400250557287765
34.0,127.0,976.766464,1.171739445018784
34.0,127.0,932.672,1.1943243108863237
34.0,127.0,876.352,1.2032520730354184
34.0,127.0,808.774656,1.164974466555701
34.0,121.0,763.2426239999999,1.0636801447705657
32.0,121.0,722.3543040000001,1.0750633847377762
32.0,121.0,694.968064,1.0573904128927838
32.0,121.0,680.510464,1.0685957744150671
32.0,121.0,678.3050240000001,1.0803472873815554
31.0,121.0,680.3479040000001,1.086463321225921
30.0,121.0,681.3719039999999,1.097908894086612
29.0,121.0,682.344064,1.127249532309295
28.0,121.0,679.9144960000001,1.16085580331843
28.0,121.0,672.737024,1.2065006658857904
27.0,121.0,649.766656,1.2540460859473137
27.0,121.0,650.9578240000003,1.2600550167521196
27.0,121.0,647.4496000000001,1.2650074723248672
27.0,121.0,641.768064,1.277220130113856
27.0,121.0,634.396416,1.2879417289263961
28.0,121.0,629.1095040000001,1.2898216347793794
28.0,121.0,624.447744,1.2989688754068112
28.0,121.0,619.814144,1.29661470272884
29.0,121.0,619.694336,1.2742035859615244
28.0,121.0,621.8723840000001,1.2764312929154897
29.0,121.0,620.9024,1.263143668914262
29.0,121.0,600.3368959999999,1.2832482217107302
29.0,121.0,588.551936,1.288490484188398
29.0,121.0,554.5664,1.2618941718293026
29.0,121.0,532.365056,1.2890027885337636
29.0,121.0,518.671616,1.2859753967134107
29.0,121.0,487.48800000000006,1.237923594352484
29.0,121.0,445.037056,1.158476958077401
29.0,99.0,379.5424000000001,0.7641451581442456
28.0,99.0,362.521344,0.7695840648907983
28.0,99.0,360.834816,0.8058828035293969
27.0,99.0,357.560064,0.842371261060274
27.0,99.0,356.062464,0.8788188678801134
27.0,88.0,317.6544,0.6537797689675947
27.0,88.0,318.89958399999995,0.6805720300112263
27.0,88.0,318.7586560000001,0.680006389769772
27.0,88.0,317.829376,0.6649119081556633
27.0,88.0,314.837376,0.6619053454614541
27.0,88.0,309.381504,0.6610354886453066
28.0,88.0,303.18745599999994,0.67149454313499
28.0,88.0,298.23846399999996,0.6900875811400019
28.0,88.0,296.60953600000005,0.6672552560403301
29.0,88.0,296.18559999999997,0.6368457462042966
29.0,88.0,296.69990400000006,0.6262731494379671
29.0,88.0,293.92960000000005,0.6138354242796485
30.0,88.0,292.8544,0.5865636261368625
32.0,88.0,289.84422400000005,0.5718182685535707
32.0,88.0,294.94681599999996,0.5406707058799248
34.0,88.0,298.914304,0.5074954172288364
34.0,88.0,299.87737599999997,0.47404455991749156
34.0,88.0,303.89350399999995,0.44091194806179607
34.0,88.0,309.383936,0.4358794127249106
35.0,88.0,309.77126400000003,0.4138491311269283
35.0,88.0,309.5136,0.4180693336274758
34.0,88.0,309.7216,0.42426988902563784
34.0,88.0,311.32313600000003,0.4515314756207932
34.0,88.0,313.54598400000003,0.47609938792038503
32.0,88.0,314.19878399999993,0.4958236837617251
32.0,88.0,317.69625599999995,0.5053554194255858
32.0,88.0,318.32959999999997,0.5075454411477603
32.0,88.0,315.759744,0.4989421807858603
32.0,88.0,313.27961600000003,0.4942383463985506
33.0,88.0,310.6300159999999,0.4847689250796395
34.0,88.0,311.736704,0.4511020117852964
34.0,88.0,310.3389440000001,0.45162330653218485
34.0,88.0,307.865344,0.43277652999293587
34.0,88.0,307.067904,0.4027168479970937
34.0,88.0,311.348736,0.3896217840382139
34.0,88.0,311.725824,0.38741197910420255
34.0,88.0,313.86854400000004,0.3631979745281801
35.0,88.0,315.545856,0.34314846856462944
35.0,88.0,315.4607360000001,0.3112937992854217
36.0,88.0,315.21881600000006,0.2796709129563725
37.0,88.0,331.9776,0.32265731064206477
37.0,88.0,338.027904,0.30262701619105986
37.0,88.0,340.047744,0.30238366770411473
37.0,88.0,341.71481600000004,0.29009802235542903
37.0,88.0,337.0016,0.3012838170563741
37.0,88.0,337.0016,0.3012838170563741
37.0,88.0,338.1664,0.2973452238258183
37.0,88.0,338.815744,0.2947044556811245
37.0,88.0,346.946176,0.28508477518851477
37.0,88.0,353.777664,0.2670428028207488
38.0,88.0,349.00697599999995,0.2505524362198492
38.0,88.0,340.878464,0.26486267944146513
38.0,88.0,333.59321600000004,0.2744269652999686
39.0,87.0,329.069696,0.27789823765060406
40.0,87.0,323.4176,0.26627787175471784
40.0,84.0,314.38054400000004,0.279458150275576
40.0,84.0,309.556736,0.27788804086530966
40.0,84.0,305.79686399999997,0.27240135556944006
40.0,84.0,302.59199999999987,0.28932739614691916
40.0,84.0,300.69759999999997,0.28501784149482073
41.0,84.0,301.792,0.2654988685208307
41.0,84.0,300.704896,0.2443449414458046
41.0,84.0,299.5541760000001,0.23464103985264712
41.0,84.0,299.6256,0.2263377578848281
41.0,84.0,312.14553599999994,0.2507773959092881
42.0,84.0,311.48646399999996,0.2285942889598201
42.0,84.0,313.0624,0.21476096054206056
42.0,84.0,313.43359999999996,0.2081161014871664
42.0,84.0,312.774144,0.2185360632146103
41.0,84.0,316.617984,0.23949084920277378
41.0,84.0,316.467456,0.2639836971234774
41.0,84.0,317.9999999999999,0.29252414903044527
40.0,84.0,320.7264,0.31538990566636765
40.0,84.0,322.5219839999999,0.3145150177435732
40.0,84.0,321.51321599999994,0.3175001502270784
40.0,84.0,318.0224,0.3191533522613986
41.0,84.0,313.727616,0.3056738513079421
41.0,84.0,314.58009599999997,0.30097781140026997
41.0,84.0,311.54201599999993,0.28227928582342926
41.0,84.0,306.32678400000003,0.2846841579228901
41.0,84.0,304.35993600000006,0.275587977042523
42.0,84.0,301.809024,0.2590283450751253
42.0,84.0,302.79078400000003,0.2694450281585788
42.0,84.0,305.8336000000001,0.2412032282678804
42.0,84.0,305.22214399999996,0.2630760678529442
42.0,84.0,305.355136,0.26184220904462946
42.0,104.0,343.14559999999994,0.5595471433032269
42.0,113.0,392.4864,0.8641988646482293
42.0,113.0,432.356864,0.9995866854143176
42.0,128.0,500.83417600000007,1.279313530165531
42.0,128.0,524.764544,1.247928368513574
43.0,128.0,562.0616959999999,1.2478674180249532
43.0,128.0,564.3914240000001,1.2497784338294662
44.0,128.0,575.218944,1.1987411429569135
44.0,128.0,580.889856,1.1875313269284804
44.0,128.0,583.0133759999999,1.178442926044811
44.0,128.0,587.0064639999999,1.150995086587367
44.0,128.0,586.2876160000001,1.121157237332319
44.0,128.0,583.2885760000001,1.1057547793376157
44.0,128.0,577.2732159999999,1.1291605491689294
44.0,128.0,573.5242240000001,1.1348790288438169
44.0,128.0,567.0013440000001,1.1421293946017328
44.0,128.0,563.808,1.1300639941247081
44.0,128.0,559.3023999999999,1.131772274072506
45.0,128.0,559.032064,1.1006022172680372
45.0,128.0,554.3523839999999,1.1031859256624545
45.0,128.0,554.8866560000001,1.1026048275189488
45.0,128.0,553.7424639999999,1.1002755927436307
45.0,128.0,549.202816,1.098711257960221
45.0,128.0,549.5775999999998,1.0752141729449503
45.0,128.0,550.6927360000001,1.0617374703270779
46.0,128.0,543.913216,1.0634380115825537
46.0,128.0,557.893504,1.0207844437275035
46.0,128.0,576.8733440000001,0.9952720198634923
46.0,128.0,591.5103999999999,0.9841850611138888
46.0,128.0,634.9823999999999,1.0297494042333717
47.0,128.0,669.353216,1.0186979207196554
47.0,150.0,758.7944960000002,1.2386317171211128
47.0,150.0,770.4576,1.208571502808616
47.0,150.0,779.430144,1.1669323482247114
48.0,150.0,787.1255040000001,1.1278919061938562
48.0,150.0,789.9855359999998,1.0904747835888005
48.0,150.0,795.7898240000002,1.0573036985761122
50.0,150.0,805.4154239999998,1.0361012931492724
50.0,150.0,834.0864,1.0291381052435595
50.0,150.0,860.637056,1.0206790048525467
51.0,150.0,880.4349439999999,1.011315101359167
51.0,150.0,872.7103999999998,0.9990896005435946
51.0,150.0,899.192576,0.9620281854846974
52.0,150.0,911.7424640000002,0.9220125131243806
52.0,150.0,910.0732159999999,0.9048367377651091
52.0,150.0,905.6735999999999,0.8945033496011202
52.0,150.0,896.7615999999998,0.8999896125698061
52.0,150.0,898.278144,0.9030730208531043
52.0,150.0,902.179584,0.9054212317548708
52.0,150.0,900.1418239999999,0.9020046537966664
52.0,150.0,898.6242560000002,0.8776496185083191
52.0,150.0,897.610496,0.863880589991031
53.0,150.0,894.6762239999999,0.852619527537147
53.0,150.0,894.6186240000001,0.8574983617961611
52.0,150.0,901.9136,0.8644098430630694
52.0,150.0,915.2170239999999,0.8549159624614143
52.0,150.0,933.349376,0.8379319115990027
52.0,150.0,938.710144,0.8498849046491296
52.0,150.0,953.5868160000001,0.8305065543396576
52.0,150.0,961.6093440000003,0.8223754706048422
52.0,150.0,958.5608960000001,0.8237943457288364
52.0,150.0,947.6637440000002,0.8403846996224228
52.0,150.0,936.113024,0.8625960291530291
52.0,147.0,915.9112960000001,0.8904667899819806
52.0,147.0,900.9824000000001,0.8929630802043349
52.0,147.0,897.2227839999999,0.9000305630744383
52.0,147.0,896.4194559999999,0.9007644598654588
52.0,147.0,890.6064639999998,0.9021353150860192
52.0,147.0,888.4675840000001,0.9032735661484563
52.0,147.0,892.475776,0.9071304439488991
52.0,147.0,885.581056,0.9171303146486616
52.0,147.0,889.3007360000001,0.9144468180115994
52.0,147.0,889.116416,0.9029193132927564
52.0,147.0,933.3628160000001,0.8973680971482444
52.0,147.0,985.5455999999997,0.8985539423357567
53.0,147.0,1004.1872639999998,0.8600440233804983
53.0,147.0,1023.6383999999999,0.8216021500610212
53.0,147.0,1038.603904,0.7854542186242817
54.0,147.0,1039.938304,0.7664799757699934
53.0,147.0,1037.127424,0.7896296689451422
53.0,147.0,1054.868224,0.7851963768049594
52.0,147.0,1074.3741440000001,0.7721096921302695
52.0,153.0,1098.811136,0.7417437017816422
52.0,153.0,1115.2703999999997,0.7239018456304009
52.0,153.0,1132.720896,0.7050134400928908
52.0,153.0,1132.720896,0.7050134400928908
52.0,153.0,1139.1936,0.7085573238360269
52.0,153.0,1156.455936,0.6866640176977901
52.0,153.0,1164.6005759999998,0.702947251453435
52.0,153.0,1170.7107839999999,0.6781969520889071
52.0,153.0,1171.0416639999999,0.6476491915971719
53.0,153.0,1167.3376,0.6256674974573558
53.0,153.0,1182.895744,0.6011716396804397
53.0,153.0,1197.9127039999996,0.5688909370979727
54.0,153.0,1205.935616,0.5372538425385252
55.0,153.0,1218.0080639999999,0.502039272878763
55.0,153.0,1218.2914560000002,0.47214686663879435
55.0,153.0,1229.7469440000002,0.43826055209047854
57.0,153.0,1256.704,0.41645425875386544
60.0,153.0,1267.8026240000002,0.38685225059769096
60.0,153.0,1283.9210239999998,0.35561788251634774
60.0,153.0,1282.2447360000003,0.3550699067406717
60.0,153.0,1302.6128640000004,0.3419493998776645
60.0,153.0,1329.4280959999996,0.34436170669165134
60.0,153.0,1350.5648639999997,0.33543528623810814
60.0,153.0,1378.449664,0.323930986651973
60.0,154.0,1405.5395839999996,0.30960044856578345
60.0,155.0,1431.527936,0.29355643883915805
60.0,155.0,1431.527936,0.29355643883915794
60.0,155.0,1428.5834240000002,0.2956877331143355
60.0,155.0,1427.1424,0.29667018958381763
60.0,155.0,1411.0144000000003,0.2899852078113816
60.0,155.0,1408.669696,0.25984374437930624
61.0,155.0,1397.9146239999998,0.23361659258451895
61.0,155.0,1395.9208960000003,0.20282335237394453
62.0,155.0,1408.8706559999998,0.17320158698782234
61.0,155.0,1414.789376,0.18933121117678448
61.0,155.0,1419.2130559999996,0.197771618544185
61.0,155.0,1413.9695359999998,0.19264014645291588
61.0,155.0,1409.401856,0.18817985574136653
61.0,155.0,1408.088064,0.1866518158069549
61.0,155.0,1399.568384,0.1822929800454845
61.0,155.0,1405.4976,0.19265224191612784
61.0,155.0,1399.3251840000003,0.16912587811617683
62.0,155.0,1422.777856,0.14635018277760378
62.0,155.0,1413.880576,0.1479047453811268
61.0,155.0,1396.4416,0.17591852880288758
61.0,155.0,1383.1152640000003,0.2061477910392914
60.0,155.0,1360.980736,0.2163181335976493
59.0,155.0,1368.2812159999999,0.24416438133538282
57.0,155.0,1372.5923839999996,0.26632723714899953
55.0,155.0,1384.893696,0.2906826682911252
55.0,155.0,1403.1912960000002,0.30874115130670066
54.0,155.0,1412.6717440000004,0.3324646087295411
53.0,155.0,1417.718016,0.34842659670419907
53.0,155.0,1423.0487039999998,0.364583680079606
52.0,155.0,1424.9943039999998,0.3788760450885593
52.0,155.0,1426.790144,0.38391261241927843
52.0,155.0,1425.0767359999998,0.38440313778716106
52.0,155.0,1424.6653440000002,0.3842288099125766
52.0,155.0,1429.587456,0.38717014721413534
52.0,155.0,1435.1999999999998,0.3653642515145167
52.0,155.0,1435.8205440000002,0.36606183180311935
51.0,155.0,1436.934144,0.3807994381440144
51.0,155.0,1435.474176,0.3781982003334024
51.0,155.0,1429.764096,0.37482055478058524
52.0,155.0,1436.4160000000002,0.34465233399629847
52.0,155.0,1453.766656,0.31586977917596115
52.0,155.0,1457.0303999999999,0.3255502226686662
52.0,155.0,1457.3621759999996,0.31982842543147844
51.0,155.0,1459.1797760000004,0.32354124249811383
51.0,155.0,1458.2335999999998,0.3527290365138672
50.0,155.0,1467.0069760000001,0.3791646791298523
49.0,155.0,1480.9346559999997,0.40056624161836657
49.0,155.0,1472.9320960000002,0.4170629032811813
48.0,155.0,1468.4256000000003,0.4410197099222239
48.0,139.0,1404.3936,0.40028809788781516
46.0,139.0,1405.5584000000001,0.4315312251497769
45.0,139.0,1407.582464,0.46128806218071483
45.0,139.0,1404.8855039999999,0.48928990072594797
45.0,139.0,1398.556544,0.509099280703583
44.0,139.0,1385.7551359999998,0.53910683094606
44.0,139.0,1364.114176,0.5643474148399954
44.0,139.0,1330.9173759999999,0.5598537817371498
44.0,139.0,1291.6938239999997,0.5794951459598727
44.0,139.0,1254.24,0.5972408655424137
44.0,139.0,1252.1674239999998,0.6127641018207687
44.0,139.0,1222.227584,0.6127133932348902
44.0,139.0,1225.8300159999997,0.6143664454444424
44.0,139.0,1248.3016960000002,0.6006621032603686
44.0,139.0,1248.5879040000002,0.5991847218582272
44.0,139.0,1248.832896,0.5916105140307186
44.0,139.0,1250.5066240000003,0.5726375699161463
44.0,139.0,1249.2349439999998,0.5708077010825331
44.0,139.0,1254.3221760000001,0.5799706724436706
44.0,139.0,1261.6304639999998,0.6040746323118904
43.0,139.0,1273.318656,0.6197781206742077
42.0,139.0,1284.7776000000001,0.6336031442344388
42.0,139.0,1302.0099839999998,0.6380427631023617
42.0,139.0,1312.3856640000004,0.632738090548638
42.0,139.0,1320.6623999999997,0.6249727854324627
42.0,139.0,1310.301056,0.6053840145644596
43.0,139.0,1307.355776,0.5987529683320004
44.0,139.0,1296.506496,0.5820486726502331
44.0,139.0,1290.300544,0.5613381378102896
44.0,139.0,1288.5820159999998,0.5536412488481212
45.0,139.0,1289.5434239999997,0.5305411990067488
45.0,139.0,1286.462464,0.5147422374213644
45.0,139.0,1286.4501760000003,0.5167557593077066
45.0,139.0,1283.9434239999998,0.537899485670982
45.0,139.0,1285.604864,0.538126495110533
45.0,139.0,1294.4143359999998,0.5057445143799321
45.0,139.0,1297.2175360000003,0.488764742949721
46.0,139.0,1298.6832640000002,0.46763871734346985
47.0,139.0,1296.6199040000001,0.45249407898440963
48.0,139.0,1329.9580160000003,0.43110911456078166
48.0,139.0,1361.1280640000002,0.40780894056666483
48.0,1023.0,8836.901504000001,8.583115610585402
48.0,4510.0,165979.80377600002,10.271110365871957
48.0,5390.0,388481.72902399994,7.570381716752445
48.0,5390.0,389932.080896,7.513134283629105
48.0,5390.0,391383.7367039999,7.456271347098244
48.0,5390.0,393153.82310400007,7.389690485194053
48.0,5390.0,394722.4055040002,7.3286089535289305
48.0,5390.0,398055.41286399984,7.216918633925784
49.0,5390.0,398245.27526400005,7.198339072558946
50.0,5390.0,400500.553216,7.116275887802878
50.0,5390.0,400288.6895360001,7.117023358875195
51.0,5390.0,400126.6050559999,7.118163764130456
51.0,5390.0,400352.00640000013,7.103092510367194
51.0,5390.0,400264.7395839999,7.098573808472238
52.0,5390.0,400099.6866560001,7.098357416319099
52.0,5390.0,400601.244416,7.073090663986008
52.0,5390.0,400562.10470400006,7.073516056815747
51.0,5390.0,400643.30918399995,7.073016813984147
50.0,5390.0,400770.546944,7.072018354243687
50.0,5390.0,400857.42617599986,7.071323040507084
49.0,5390.0,400984.084096,7.07065501665645
49.0,5390.0,401056.626304,7.070514285891788
49.0,5390.0,401112.56742399995,7.070366870548259
49.0,5390.0,401135.79302400013,7.070462248925152
49.0,5390.0,401182.28953599994,7.070304188202252
48.0,5390.0,401325.6439040001,7.069525467796352
48.0,5390.0,401520.9839359999,7.068703247116023
47.0,5390.0,401709.6320000001,7.0673324159912605
46.0,5390.0,401899.20409599994,7.06621047121801
46.0,5390.0,401959.211264,7.065561256637577
46.0,5390.0,401967.06560000003,7.0654601659288705
46.0,5390.0,401943.643136,7.065759485581313
46.0,5390.0,401890.3925759999,7.066378434920146
46.0,5390.0,401825.716224,7.06715945719384
46.0,5390.0,401738.3255040001,7.068180755767482
46.0,5389.0,401656.75161600014,7.069158860364281
46.0,5389.0,401602.390656,7.069770552070236
46.0,5389.0,401580.812544,7.070018581189743
46.0,5389.0,401545.54598399997,7.070412447524063
45.0,5389.0,401603.5136,7.0698976296686435
45.0,5389.0,401705.938176,7.069554582232727
44.0,5389.0,401815.2736,7.0689046254781545
44.0,5389.0,401912.75814399996,7.068466539191848
44.0,5389.0,402013.5776,7.068285314665327
44.0,5389.0,401997.02566399996,7.068431636908814
45.0,5389.0,401951.5447040001,7.068754606131151
45.0,5389.0,401906.7664639999,7.0689801528788045
45.0,5389.0,401841.5479039999,7.069226261302737
45.0,5389.0,401756.63398399996,7.0694730782488
44.0,5389.0,401783.662336,7.069231234616055
44.0,5389.0,401852.69440000015,7.068446908615173
44.0,5389.0,403802.3868159999,6.998840269307463
44.0,5389.0,403960.752896,6.998285569901819
44.0,5389.0,422104.6562559999,6.594438763501362
44.0,5408.0,638239.5554560001,5.619608832298542
45.0,5408.0,663021.588096,5.332979354858429
45.0,5408.0,662629.2957439999,5.332968199035545
45.0,5408.0,663326.291456,5.307500865185835
46.0,5408.0,662968.927616,5.301047151101917
47.0,5408.0,664913.606016,5.257002411999361
47.0,5408.0,664798.697856,5.257558545069656
47.0,5408.0,664371.1356159999,5.257831804678498
48.0,5408.0,664221.6981760002,5.258367248389424
48.0,5408.0,664178.4444159999,5.258554534447109
48.0,5408.0,664264.4592639998,5.258154669837968
49.0,5408.0,664229.869824,5.258291637016155
50.0,5408.0,663971.9036159999,5.259114490097413
52.0,5408.0,663747.0792959997,5.259788487380221
52.0,5408.0,663510.5824,5.26055278092403
52.0,5408.0,663482.7296,5.2606028507872775
53.0,5408.0,663306.8704,5.261172295058262
54.0,5408.0,663075.0831360002,5.261722315068746
55.0,5408.0,662835.1415040002,5.262224237607282
55.0,5408.0,662842.3688960002,5.262192591310118
54.0,5408.0,663044.3400960001,5.261500368262287
53.0,5408.0,663324.8336639999,5.260567194055286
53.0,5408.0,663400.537984,5.260206292015477
52.0,5408.0,663579.9747840002,5.259433603945639
52.0,5408.0,663702.8383999999,5.258833946633026
52.0,5408.0,663760.5056,5.2585520401917645
53.0,5408.0,663453.8952959998,5.259697840710171
53.0,5408.0,663346.3031040002,5.260256333831615
53.0,5407.0,663175.3437440003,5.261109246264245
53.0,5407.0,663098.5557759999,5.261517031045007
53.0,5407.0,663019.7564159998,5.261919465374078
53.0,5407.0,662958.2160640002,5.262221641022967
53.0,5407.0,662900.8522239999,5.2625006417059295
53.0,5407.0,662927.5135999998,5.262371870495294
52.0,5407.0,662999.9744000001,5.262053037142708
54.0,5407.0,662842.346496,5.262574075776113
52.0,5407.0,662870.4706559998,5.262457801351173
52.0,5407.0,662768.423936,5.26260072692797
55.0,5407.0,662654.1143039999,5.2630269437072
59.0,5407.0,662517.2463359998,5.263465956248651
60.0,5407.0,662414.4592640001,5.263836277974562
60.0,5407.0,662459.2144640001,5.263690774580475
60.0,5407.0,662593.578624,5.263377307761561
59.0,5407.0,662859.9776000001,5.262468987299515
55.0,5407.0,663049.302656,5.261595630893754
52.0,5407.0,663228.338816,5.26076330004675
52.0,5407.0,663446.9192959999,5.259792354492669
52.0,5407.0,663572.0111359999,5.259162891756431
52.0,5409.0,663673.047936,5.258627548665573
52.0,5409.0,663685.2629760002,5.258562127613112
52.0,5409.0,663681.1754240001,5.258584145262028
52.0,5409.0,663629.4816,5.258851234049817
52.0,5409.0,663533.0300159998,5.259358036913928
52.0,5409.0,663154.0253440001,5.260606177476224
55.0,5409.0,662846.304256,5.261896193552741
55.0,5409.0,662872.4008960001,5.261806491675173
56.0,5409.0,662840.9535999999,5.261934729623651
56.0,5409.0,662840.9535999999,5.261934729623652
56.0,5409.0,662831.2848639999,5.26196684064895
59.0,5409.0,662767.8947840001,5.262198397100607
56.0,5409.0,662906.733824,5.261640331425806
55.0,5409.0,662984.0639999999,5.261320961162349
56.0,5409.0,662835.2317439998,5.261758560721903
59.0,5409.0,662575.6866559999,5.262391027292701
62.0,5409.0,662281.204224,5.263354361008956
62.0,5409.0,662169.549824,5.263437458160777
59.0,5409.0,662279.4496,5.263005238642367
56.0,5409.0,662400.3424000001,5.262523725946362
55.0,5409.0,662515.5997440001,5.262021681016201
48.0,5409.0,662855.067264,5.260879424754049
47.0,5409.0,663236.8093439998,5.259531722233415
47.0,5409.0,659150.9024,5.331965315438204
46.0,5409.0,513713.78239999997,6.229912181773321
45.0,5409.0,298575.0536959999,7.52838158363381
44.0,5409.0,297579.94560000004,7.587462852826079
44.0,5409.0,296479.38713600003,7.650378330215021
43.0,5409.0,295014.02239999996,7.729030585004441
42.0,5409.0,293627.155456,7.804807824191847
42.0,5409.0,290328.1344,7.958267007238759
42.0,5409.0,289950.289664,7.984998896095419
42.0,5409.0,287373.735936,8.109256375280927
42.0,5409.0,287435.392,8.110012980690513
42.0,5409.0,287497.97593600006,8.10959908933381
42.0,5409.0,287191.7251840001,8.133862196019692
42.0,5409.0,287132.04697600007,8.141199406311527
42.0,5409.0,287146.1866240001,8.142878089402506
42.0,5409.0,286482.37350399996,8.185367613331865
42.0,5409.0,286407.17670400004,8.185279213954177
42.0,5409.0,286336.22374399996,8.185457112702766
43.0,5409.0,286219.515264,8.185666816310675
45.0,5409.0,286180.74969599996,8.186291830242507
45.0,5409.0,286171.90425600007,8.186456646118579
43.0,5409.0,286215.31161599996,8.185762542296976
42.0,5409.0,286281.68729600013,8.184641608255784
41.0,5409.0,286402.3042559999,8.182940773854762
40.0,5409.0,286497.08160000003,8.181197687184815
40.0,5409.0,286512.754944,8.180866292838651
40.0,5409.0,286492.52198400005,8.181309580290513
41.0,5409.0,286342.17600000004,8.180582707263941
41.0,5409.0,286317.05318399996,8.181153388465038
42.0,5409.0,286421.407104,8.163399690638068
43.0,5409.0,286442.4124160001,8.149733847940972
45.0,5409.0,286338.33177600004,8.151506504263532
46.0,5409.0,286228.85760000005,8.150034714788536
47.0,5409.0,286125.4223359999,8.1471043891971
47.0,5409.0,286132.82022399997,8.146959513806605
47.0,5409.0,286106.38758400007,8.147444065940094
47.0,5409.0,286102.717056,8.147515244298283
47.0,5409.0,286042.59993599996,8.148576984370656
48.0,5409.0,285932.96640000003,8.14904274782328
48.0,5409.0,285848.0640000001,8.150286944828403
51.0,5409.0,285815.01440000004,8.150836367946816
55.0,5409.0,285740.27801600005,8.152044628885374
55.0,5409.0,285715.6863999999,8.152495052599031
56.0,5409.0,285680.511744,8.153047525251948
56.0,5409.0,285691.262976,8.152844876983503
55.0,5409.0,285765.72057600005,8.151462094142754
53.0,5409.0,285851.769344,8.150026364934746
51.0,5409.0,285973.468544,8.148063089720388
48.0,5409.0,286100.180864,8.146293952370089
48.0,5409.0,286113.66745600005,8.146016119730533
48.0,5409.0,286089.30342400004,8.146596225536495
48.0,5409.0,283981.105024,8.25878786449003
48.0,5409.0,283935.79097599996,8.259643033290683
48.0,5409.0,264786.46169599995,9.032201733336526
48.0,2009.0,40299.222016,7.534349331090385
48.0,810.0,10612.372096,4.521083636904776
48.0,810.0,13282.329984000002,4.191814452961426
48.0,810.0,10863.729024,4.635241407124697
47.0,810.0,10113.669504000001,5.014571057758001
47.0,664.0,5711.273344,4.575965928765796
48.0,664.0,5707.887999999999,4.5653497305725494
48.0,664.0,5583.335296,4.724121586982685
48.0,664.0,5582.111999999999,4.731727964816972
48.0,664.0,5582.111999999998,4.731727964816973
48.0,664.0,5565.014016,4.742282812305119
48.0,664.0,5563.744896000002,4.739119134378472
48.0,664.0,5550.985600000001,4.769030185497676
48.0,664.0,5537.771775999999,4.797396171112577
48.0,664.0,5526.852736000002,4.825723853559491
48.0,664.0,5529.0783999999985,4.843462216551727
47.0,664.0,5536.609663999999,4.855047432788878
47.0,664.0,5528.994175999999,4.8941615301696615
47.0,664.0,5513.924735999999,4.944428311639723
47.0,664.0,5527.201536000001,4.932999703612746
47.0,664.0,5538.007295999999,4.922864309396019
47.0,664.0,5539.301375999999,4.921593717664041
47.0,664.0,5536.185216,4.924579011019442
47.0,664.0,5525.948544000002,4.933809575165852
47.0,664.0,5510.262143999999,4.949130554437196
47.0,664.0,5498.336,4.959270926553526
47.0,664.0,5487.781375999999,4.989846187699753
47.0,664.0,5481.9875839999995,4.993074436766027
47.0,664.0,5480.618496000001,4.992739464250951
47.0,664.0,5469.154816000001,4.996528584202086
48.0,664.0,5461.722624000002,4.994991471184941
49.0,664.0,5455.910400000001,4.992663783802806
49.0,664.0,5452.255744,4.9841708302285745
51.0,664.0,5442.718336,4.981748924872653
53.0,664.0,5440.6336,4.965908554404587
53.0,664.0,5440.207616,4.966774833619266
53.0,664.0,5439.0464,4.956890340611107
53.0,664.0,5428.317695999998,4.974217005256968
53.0,664.0,5429.371776,4.981453891239977
51.0,664.0,5427.126399999999,4.999899670004145
50.0,664.0,5439.2,4.999690566473607
49.0,664.0,5452.537600000001,4.992988485650964
49.0,664.0,5472.918015999999,4.979097994253671
49.0,664.0,5479.071999999999,4.972651877734745
49.0,664.0,5465.542400000001,4.986789935574151
49.0,664.0,5449.5584,5.003065562359161
49.0,664.0,5428.7152639999995,5.022836514862605
49.0,664.0,5405.416704000001,5.034377200073998
50.0,663.0,5375.513599999999,5.056247223843233
51.0,663.0,5385.9583999999995,5.011299854869325
53.0,663.0,5363.642624,5.032021916186358
53.0,663.0,5356.187904,5.021499466777098
55.0,663.0,5358.465536,4.994245499724151
55.0,663.0,5358.465536000001,4.99424549972415
55.0,663.0,5388.194816,4.9446373906559185
55.0,663.0,5399.277056000001,4.91584302593942
55.0,663.0,5399.113984000001,4.907662194190202
55.0,663.0,5399.109376,4.904732521128569
55.0,663.0,5399.689984,4.906868251471739
55.0,663.0,5419.1296,4.867272518439956
55.0,663.0,5408.161023999998,4.871021280964469
55.0,663.0,5405.453824,4.873011190731863
55.0,663.0,5403.2573440000015,4.893085605871867
53.0,663.0,5376.1237759999985,4.950853090097893
53.0,663.0,5369.0016000000005,4.985520775716602
53.0,663.0,5347.278336,5.044117614720344
53.0,663.0,5361.268224,5.029821857975039
53.0,663.0,5375.466496000001,5.01486535912012
53.0,663.0,5378.644736,5.011576068936221
53.0,663.0,5368.7296000000015,5.022563345034969
53.0,663.0,5353.640704000001,5.04095643452114
53.0,660.0,5328.774015999999,5.070108831981737
53.0,660.0,5310.916864000001,5.089757201162121
53.0,659.0,5286.509824,5.11784051318116
53.0,659.0,5269.733375999999,5.136434475264262
53.0,659.0,5265.5779840000005,5.140401182345468
53.0,659.0,5260.902399999999,5.145281212560544
53.0,659.0,5260.9024,5.145281212560541
53.0,659.0,5266.728063999999,5.140391537991303
51.0,659.0,5253.126783999999,5.180860585811427
51.0,659.0,5211.433600000001,5.261116698163475
51.0,659.0,5213.071999999999,5.261887972818929
52.0,659.0,5210.154624,5.259144218355592
52.0,659.0,5215.833216,5.247250291775802
52.0,659.0,5186.287744,5.307732611911086
51.0,659.0,5177.1903999999995,5.338230415347293
51.0,659.0,5180.377599999999,5.352104415971474
50.0,659.0,5168.4544000000005,5.396392952796223
49.0,659.0,5169.8944,5.420247385078855
49.0,659.0,5143.721344,5.489299248550907
48.0,659.0,5155.945600000003,5.479464927721501
48.0,659.0,5167.2864,5.466439886113509
48.0,659.0,5175.150464,5.457108560649238
48.0,659.0,5171.475584,5.461491796089045
48.0,659.0,5158.983295999999,5.477544160084165
49.0,656.0,5136.790400000001,5.4921428556252865
49.0,656.0,5129.747584000001,5.479116507616385
50.0,656.0,5119.216,5.476694887781559
50.0,656.0,5041.304575999999,5.603937108684804
51.0,656.0,5026.077696,5.617745284050999
51.0,656.0,4504.089599999999,6.260263320000717
51.0,656.0,4060.6335999999997,6.980565912861179
51.0,656.0,4092.8895999999995,6.887929963472796
51.0,656.0,4014.1565440000004,7.076555205941392
51.0,656.0,3899.067136,7.346353428694248
51.0,656.0,3917.238399999999,7.270692244276454
52.0,656.0,3936.5788160000006,7.198065848291227
53.0,656.0,3987.234176,7.039971898404698
53.0,656.0,4056.217984,6.851570756636431
53.0,656.0,4060.664703999999,6.840605199407688
52.0,656.0,4058.2304,6.860254748770507
51.0,656.0,4072.384255999999,6.837620607259789
50.0,656.0,4092.0765439999996,6.808724606298128
49.0,656.0,4110.779904,6.7736522520274995
49.0,659.0,4133.745536,6.734546599106681
49.0,659.0,4150.772096,6.700714178325949
49.0,659.0,4157.542016,6.6864630499029305
49.0,659.0,4156.445056,6.688576168769488
49.0,659.0,4142.105600000001,6.715182167664671
49.0,659.0,4846.457600000001,5.83850376401208
49.0,659.0,4841.7663999999995,5.844158765696372
49.0,659.0,4831.849984,5.857497401085411
50.0,659.0,4825.100415999999,5.863193610422693
50.0,659.0,4827.924864,5.846608693809628
49.0,659.0,4830.9184000000005,5.84545711150868
49.0,659.0,4830.820095999999,5.853840453022281
49.0,659.0,4832.276223999999,5.854231415709007
49.0,355.0,2143.8371840000004,2.801455769835823
50.0,667.0,5131.637504000001,5.580352694039919
50.0,667.0,5136.168704,5.557016734185059
50.0,667.0,5168.864,5.490773691928372
50.0,667.0,5166.8256,5.505450823608927
50.0,667.0,5168.037503999999,5.497557824156144
50.0,667.0,5173.590656,5.4956352779440385
50.0,667.0,5183.705599999999,5.48527763224243
49.0,667.0,5197.913343999999,5.4738138708567305
49.0,667.0,5216.223999999999,5.459915323438038
49.0,674.0,5249.462656000001,5.422625053686125
48.0,674.0,5268.627455999999,5.408079448459545
46.0,674.0,5288.040064,5.389942346165386
46.0,674.0,5295.080064,5.381719154788548
46.0,674.0,5291.385984,5.385930644704531
48.0,674.0,5271.4464,5.405314723693676
49.0,674.0,5248.128384,5.425780147114308
49.0,674.0,5237.8748160000005,5.418427044006192
49.0,674.0,5222.6499840000015,5.420969126779606
50.0,674.0,5206.813184,5.431301283863999
50.0,674.0,5209.892224,5.401526472125561
51.0,674.0,5211.088256,5.3797908025988
52.0,674.0,5209.366400000003,5.363941262001058
53.0,674.0,5220.335615999999,5.325803251981499
53.0,674.0,5217.2444160000005,5.322406040277405
53.0,674.0,5220.822016000001,5.301060360442378
53.0,674.0,5261.541375999999,5.218837279857028
53.0,674.0,5327.871999999999,5.105911076220215
53.0,3516.0,99556.178176,10.220193516966853
53.0,5087.0,297077.5042559999,7.897359354352954
53.0,5087.0,449549.68729599996,6.3197972665903475
53.0,5087.0,621203.9413760002,5.391494571351415
53.0,5087.0,762794.4911359999,4.749530659926216
53.0,5736.0,1001666.3240959999,4.341177220947458
53.0,5736.0,1182479.0140160003,3.953774647712355
53.0,5736.0,1235383.8410240004,3.7433856121266316
53.0,5736.0,1235558.839296,3.7432628609792
53.0,5736.0,1235650.849536,3.743201271991542
53.0,5736.0,1235614.2327040003,3.743229601522266
53.0,5736.0,1235541.764224,3.7432822560877836
53.0,5736.0,1235351.0076160002,3.743417532421349
55.0,5736.0,1235147.4671359998,3.7435498494548063
55.0,5736.0,1235042.3743999999,3.743610085658045
55.0,5736.0,1234958.0739839997,3.743654819379482
55.0,5736.0,1234900.1775360003,3.743678010243856
55.0,5736.0,1234674.8368640002,3.743510196625263
55.0,5736.0,1234510.8586239999,3.7434380500207176
55.0,5736.0,1234112.084864,3.741083997653788
56.0,5736.0,1233893.6311039997,3.741085552347245
56.0,5736.0,1233673.6111360001,3.740867865307715
56.0,5736.0,1233544.5602560004,3.740731193587313
56.0,5736.0,1233515.360896,3.740698436441392
56.0,5736.0,1233555.9479039998,3.7407412649357465
56.0,5736.0,1233400.5600000003,3.7405799614890087
56.0,5736.0,1233270.5960959997,3.740538611512311
55.0,5736.0,1233394.7904,3.7404948672767984
54.0,5736.0,1233493.4656,3.7404448795288214
53.0,5736.0,1233919.640704,3.7403814459260145
53.0,5736.0,1234122.2607360003,3.7402774459712087
53.0,5736.0,1234092.4784639997,3.7402933255173276
53.0,5736.0,1234014.3165439998,3.7403291247255885
53.0,5736.0,1234089.3943040003,3.7402861577622843
54.0,5736.0,1233934.6978560002,3.74037257994156
54.0,5736.0,1233796.8380159996,3.740464266580906
55.0,5736.0,1233548.7616000003,3.7406198501148116
55.0,5736.0,1233371.2783360004,3.74075595674107
56.0,5736.0,1232864.4835839998,3.740754622314167
57.0,5736.0,1232456.9917440007,3.7408145102532626
60.0,5736.0,1231993.3290239999,3.7408896480534155
61.0,5736.0,1231825.7987840003,3.740974219839456
61.0,5736.0,1231755.204736,3.741017488802703
61.0,5736.0,1231724.750464,3.741037084289821
61.0,5736.0,1231610.7264000005,3.7410979925960905
62.0,5736.0,1231501.068544,3.741159385841355
62.0,5736.0,1231043.4152959997,3.741135647323117
62.0,5736.0,1230573.8403840002,3.7411280782502807
64.0,5736.0,1230316.0415999996,3.741243473309172
64.0,5736.0,1230255.990144,3.741278392668985
64.0,5736.0,1230356.0656640003,3.741220246144761
64.0,5736.0,1230475.3212159998,3.7411314830466096
62.0,5736.0,1230708.8451839997,3.740980243870007
62.0,5736.0,1231110.2624000001,3.7408116550317656
61.0,5736.0,1231367.2544000002,3.7406311088700073
61.0,5736.0,1231518.7151360002,3.7405138935710966
61.0,5736.0,1231566.850304,3.7404715743841197
61.0,5736.0,1231577.5616,3.74046209428047
61.0,5736.0,1231523.36,3.74051291637872
61.0,5736.0,1231439.170816,3.740580857961219
61.0,5736.0,1231268.8591359998,3.7407035550021783
62.0,5736.0,1230984.4544000002,3.740887903931138
62.0,5736.0,1230447.924224,3.7409743259425565
64.0,5736.0,1229962.5653760005,3.7410260274223748
67.0,5736.0,1229499.8464000004,3.741098900057381
67.0,5736.0,1229262.768384,3.74099254946624
67.0,5736.0,1229104.7754240003,3.7408909453672665
67.0,5736.0,1228933.7640960002,3.740833309909134
67.0,5736.0,1228858.761984,3.7408075941175225
68.0,5736.0,1228569.6714239998,3.7407863808262616
68.0,5736.0,1228444.322304,3.7407454103157916
68.0,5736.0,1228368.1935359999,3.7407255562116575
68.0,5736.0,1228544.4188160002,3.7407790583173544
68.0,5736.0,1228442.4256000004,3.7407094965726597
68.0,5736.0,1228566.3424000002,3.740757832771711
67.0,5736.0,1228822.898944,3.7407405868795434
64.0,5736.0,1229271.8464000002,3.740554015792309
62.0,5736.0,1229861.7871359996,3.7404653966116435
62.0,5736.0,1230509.7456640003,3.74042139739775
61.0,5736.0,1231076.1535999998,3.740295472168789
61.0,5736.0,1231245.396224,3.740154921498899
61.0,5736.0,1231289.7344,3.7401090659336167
61.0,5736.0,1231174.841216,3.740221524210346
61.0,5736.0,1231018.8703999994,3.7403626516340807
61.0,5736.0,1230855.248,3.740520794600679
61.0,5736.0,1230682.638464,3.740679406193198
61.0,5736.0,1230496.216704,3.7408404693864337
61.0,5736.0,1230406.972416,3.7409118298678705
62.0,5736.0,1230132.827264,3.7409734312904854
62.0,5736.0,1230139.3903360004,3.7402728296534185
62.0,5736.0,1229793.5599359996,3.7403375128566383
64.0,5736.0,1229583.263104,3.740437198797734
67.0,5736.0,1229269.5907839998,3.740427709292353
67.0,5736.0,1229208.447744,3.7404221037014715
68.0,5736.0,1229037.2803840002,3.740503428549268
68.0,5736.0,1228973.248,3.7405360260071308
71.0,5736.0,1228490.940416,3.7403671344392375
71.0,5736.0,1228893.9266560003,3.741185508936771
71.0,5736.0,1228703.9775999999,3.754300956825104
68.0,5736.0,1228857.6815359998,3.754284784696609
67.0,5736.0,1229355.5447039998,3.7542050098172766
67.0,5736.0,1229571.284736,3.7540261469189358
66.0,5736.0,1229913.9351040004,3.7538097025079513
66.0,5736.0,1230074.9962239997,3.7536621433804642
66.0,5736.0,1230145.8975999998,3.753592348062399
66.0,5736.0,1230222.7887360002,3.7535143493934333
66.0,5736.0,1230222.7887360004,3.753514349393432
66.0,5727.0,1230031.3538560001,3.7537052137432605
66.0,5727.0,1229804.1983999996,3.7538736865567324
67.0,5727.0,1229188.381696,3.7538769558653278
68.0,5727.0,1228578.987904,3.753847688626918
71.0,5727.0,1228345.3024000004,3.753981260641104
71.0,5727.0,1228400.372096,3.7539480288265414
71.0,5727.0,1228570.2175999996,3.753847270631079
67.0,5727.0,1228859.441536,3.7537478855459327
66.0,5727.0,1229027.315584,3.7537041853387523
64.0,5727.0,1229133.695616,3.7536577019835713
63.0,5727.0,1229392.5111040003,3.753648002217434
63.0,5727.0,1229538.7839999998,3.7536477671351203
63.0,5727.0,1229325.8728959998,3.75346662371467
63.0,5727.0,1229268.174976,3.7534214562440975
63.0,5727.0,1228874.8319999995,3.753075789266338
63.0,5727.0,1228540.0842239999,3.752590082933431
63.0,5727.0,1228591.048704,3.75264693973779
63.0,5727.0,1228282.7136000004,3.7486517638680406
62.0,5727.0,1148968.087296,4.0180400181289295
62.0,5727.0,967614.7914240003,4.421539233106713
61.0,5727.0,824072.1055999999,4.937598441624627
60.0,5727.0,656284.610944,5.657456408122837
60.0,5727.0,513120.6656,6.699557772854575
58.0,5062.0,264808.60160000005,8.30133177495113
58.0,2916.0,68784.630016,10.015699178684761
57.0,404.0,4452.155263999999,2.3306843947518856
57.0,404.0,4432.257664000001,2.342501378552966
58.0,404.0,4410.470143999998,2.3424837047484153
58.0,404.0,4392.298496000001,2.340491243424624
60.0,404.0,4383.309823999999,2.326121288959067
60.0,404.0,4381.2,2.309633748516337
61.0,404.0,4388.691584,2.28321148595606
62.0,404.0,4402.409600000001,2.248401539579304
62.0,404.0,4427.3504,2.2042067401989867
63.0,404.0,4430.952704,2.183505315099918
63.0,404.0,4403.012864,2.217006879756161
63.0,404.0,4393.370624,2.2422478997395086
63.0,404.0,3903.9351039999992,2.280512763852092
63.0,404.0,3902.504576,2.2831065738940968
62.0,404.0,3863.3807359999996,2.343291326858512
62.0,404.0,3845.429504,2.390535820886621
61.0,404.0,3845.2528640000005,2.4224545168680844
60.0,404.0,3858.2335999999996,2.440776167535381
58.0,404.0,3843.4397439999993,2.48607534221974
58.0,404.0,3859.1583999999993,2.4996906301991855
58.0,404.0,3881.655424,2.4844235048294423
58.0,404.0,3892.9184,2.4772585238594607
58.0,404.0,3887.949184,2.4806803018184147
58.0,404.0,3880.4719359999995,2.4850472713372964
58.0,404.0,3876.3933439999996,2.478583981431008
58.0,404.0,3875.0416640000003,2.473789523455326
60.0,404.0,3864.4106239999996,2.472090631473404
60.0,404.0,3863.1843839999997,2.4694728305361475
62.0,404.0,3860.505344,2.4684686861948104
62.0,404.0,3860.7861760000005,2.468956361231727
62.0,404.0,3857.616895999999,2.4685352445061586
60.0,404.0,3826.5439999999994,2.521007077977376
60.0,404.0,3814.8680959999997,2.5558678835462136
58.0,404.0,3798.654976,2.597029587856745
58.0,404.0,3798.823936,2.5980204362077033
60.0,404.0,4030.2487040000005,2.464563532829798
60.0,563.0,5994.706304,3.3307206446485895
60.0,563.0,6001.1554559999995,3.3114249284640516
60.0,563.0,5999.7984000000015,3.3107520501218897
60.0,563.0,5973.017856,3.354152489355326
59.0,563.0,5956.5376,3.3950416013828324
58.0,563.0,5989.993600000001,3.384992252305997
58.0,563.0,6022.931583999999,3.3670595564667165
58.0,564.0,6049.893376,3.350194667386796
58.0,567.0,6071.546496,3.3352693612444932
58.0,567.0,6085.871616,3.325393903157027
58.0,567.0,6085.871615999999,3.3253939031570283
58.0,567.0,6078.811136,3.3299599445146164
59.0,567.0,6055.142400000001,3.3349338360732226
60.0,567.0,6048.114944,3.3147779559111408
60.0,567.0,6027.617023999999,3.3181260045642387
63.0,567.0,6008.574464,3.319194312577257
63.0,599.0,8197.446399999999,3.5093969772924125
65.0,599.0,8268.362496000002,3.4418856169691776
63.0,599.0,8285.000064000002,3.440204764279702
63.0,599.0,8274.214016000002,3.468797708510564
60.0,599.0,8262.639743999996,3.497538914446506
60.0,599.0,9472.093824000001,3.2901414585484
60.0,810.0,13695.958143999998,3.704179421364047
60.0,810.0,13691.860223999996,3.7242499959182203
60.0,1164.0,22952.098175999996,4.453245045704756
60.0,1164.0,24049.872,4.207667582406576
60.0,1164.0,29732.406399999996,3.8929745796445774
60.0,1176.0,38900.98240000001,3.76693917716476
60.0,1176.0,42628.379264,3.496457033328176
60.0,1176.0,49504.803456,3.2771552494024743
60.0,1176.0,49525.994496,3.2703016341251874
60.0,1489.0,64313.399296,3.3269561324394665
60.0,1599.0,81265.15302399998,3.2969668035448314
63.0,1599.0,89821.84960000003,3.0855116821056754
63.0,1599.0,94143.57759999999,2.924547518701049
65.0,1599.0,105224.28505600001,2.774375781266194
