167.343702945231,3781.49798555247,930782.8490173371,-0.013279757661305448
182.333567357255,3781.49798555247,932175.6372654146,-0.02277877444487303
182.333567357255,3781.49798555247,931759.6106685004,-0.019665760281597725
167.343702945231,3781.49798555247,931257.5281003049,-0.01509786926470642
167.343702945231,3781.49798555247,931320.6299539827,-0.01570520265519022
182.333567357255,3781.49798555247,931355.9840429423,-0.025778846029028416
182.333567357255,3781.49798555247,931209.4342195878,-0.02827479730010928
184.674044376267,3781.49798555247,933966.5038531597,-0.03585543983504609
184.674044376267,3781.49798555247,934458.109699876,-0.03849180723938123
167.343702945231,3781.49798555247,931847.1780595691,-0.02483470345419424
167.343702945231,3781.49798555247,931025.2061245814,-0.020972974564922923
167.343702945231,3781.49798555247,934772.0738744043,-0.028802795449378332
203.49089001890096,3781.49798555247,935012.22419698,-0.03225230213781233
203.49089001890096,3781.49798555247,935924.4787274527,-0.03518145935339962
203.49089001890096,3781.49798555247,937136.0426566114,-0.03836739124435128
203.49089001890096,3781.49798555247,936891.1357253288,-0.03681619991482324
203.49089001890096,3781.49798555247,938524.7403051176,-0.038707971332397346
203.49089001890096,3781.49798555247,941194.894798482,-0.04392106265716681
203.49089001890096,3781.49798555247,946405.0650488945,-0.0434988188872826
203.49089001890096,3781.49798555247,951084.8951437757,-0.04920353591140209
203.49089001890096,3781.49798555247,952842.7480691358,-0.05122405992009534
203.49089001890096,3781.49798555247,953420.7438312417,-0.05163898126555909
203.49089001890096,3781.49798555247,956055.1243985108,-0.052470711620831986
203.49089001890096,3781.49798555247,954308.1745977848,-0.05130086271637889
203.49089001890096,3781.49798555247,956213.2846927823,-0.052185088800804684
203.49089001890096,3781.49798555247,957720.0198637357,-0.05210965079045906
203.49089001890096,3781.49798555247,958401.9965099666,-0.05178341017194031
203.49089001890096,3781.49798555247,958943.557664944,-0.05249054951526977
203.49089001890096,3781.49798555247,967310.3895832292,-0.05129687021048505
203.49089001890096,3781.49798555247,971129.7842712086,-0.04999726720024425
203.49089001890096,3781.49798555247,982620.8024835809,-0.037934030380212036
203.49089001890096,3781.49798555247,981741.838470859,-0.036828370983145536
203.49089001890096,3781.49798555247,983163.1469501543,-0.03724286789808434
203.49089001890096,3781.49798555247,982713.3824372988,-0.036809397520140494
203.49089001890096,3781.49798555247,981783.7190838598,-0.0372307411945337
203.49089001890096,3781.49798555247,981710.2045414762,-0.037300368643268564
203.49089001890096,3781.49798555247,987496.0563071975,-0.02912767292816587
203.49089001890096,3781.49798555247,989563.8787733492,-0.028830567396290613
203.49089001890096,3781.49798555247,984875.0478341891,-0.03162368374420913
203.49089001890096,3781.49798555247,987103.2147023187,-0.030740461787293127
203.49089001890096,3781.49798555247,985964.6106904271,-0.03241910788421183
203.49089001890096,3781.49798555247,987524.744475041,-0.030885265087252575
203.49089001890096,3781.49798555247,996483.3896790923,-0.02108874665878736
203.49089001890096,3781.49798555247,1000284.2579639794,-0.019765065615878277
203.49089001890096,3781.49798555247,1001109.4216993873,-0.02007291562422581
203.49089001890096,3781.49798555247,1010264.5676104827,-0.012466283725268213
203.49089001890096,3781.49798555247,1013283.9930966995,-0.013139532007011708
203.49089001890096,3781.49798555247,1014611.311798851,-0.011280240588783463
203.49089001890096,3781.49798555247,1016755.9844448592,-0.00851240966687417
203.49089001890096,3781.49798555247,1021790.804525326,-0.0038099977036852987
203.49089001890096,3814.6924481806,1031380.2298162399,0.01060856212621503
203.49089001890096,3814.6924481806,1034774.1233863804,0.012874224040883495
203.49089001890096,3814.6924481806,1023908.4885164436,-0.001203754241396849
203.49089001890096,3814.6924481806,1029510.9164317625,0.0027650620452561413
203.49089001890096,3814.6924481806,1031981.4991720598,0.004832183717962978
203.49089001890096,3814.6924481806,1036917.5279141932,0.010787346035410922
203.49089001890096,3841.77789430499,1045234.7973260931,0.023968619118012062
203.49089001890096,3841.77789430499,1043295.4520548081,0.023539139401344063
203.49089001890096,3841.77789430499,1050971.2198505935,0.024488534238618173
203.49089001890096,3841.77789430499,1057920.8227709946,0.028126593766839653
203.49089001890096,3841.77789430499,1062264.9597252666,0.03303069459091089
203.49089001890096,3841.77789430499,1063136.145205156,0.03356854821530669
203.49089001890096,3841.77789430499,1070646.061295751,0.03874553391466217
203.49089001890096,3841.77789430499,1075860.3350056815,0.04338083383302324
203.49089001890096,3841.77789430499,1081463.6972882317,0.046371244399162966
203.49089001890096,3841.77789430499,1083595.9584943017,0.048047874437383085
203.49089001890096,3841.77789430499,1096928.9312062259,0.059017469361612174
203.49089001890096,3841.77789430499,1101832.7596434976,0.06379472965111826
203.49089001890096,3935.78491534355,1113124.7522634799,0.07812292126858258
203.49089001890096,3935.78491534355,1115315.0080616975,0.07925863977598617
203.49089001890096,3935.78491534355,1114569.0916077376,0.07913151448769652
203.49089001890096,3935.78491534355,1115740.732067918,0.07971411640031262
203.49089001890096,3935.78491534355,1121189.5107566386,0.08167175848540487
203.49089001890096,3935.78491534355,1124015.2551320202,0.08271243050029066
203.49089001890096,3935.78491534355,1123855.2407875077,0.08262925144996823
203.49089001890096,3935.78491534355,1118876.7719261923,0.08116400632778978
203.49089001890096,3935.78491534355,1119161.3382319184,0.08121876125508765
203.49089001890096,3935.78491534355,1119335.7517246187,0.08121249132384799
203.49089001890096,3935.78491534355,1125847.5638788203,0.08232159248520961
203.49089001890096,3935.78491534355,1133350.0840754847,0.08210285184361754
203.49089001890096,3935.78491534355,1144400.4138935783,0.08781649242432615
203.49089001890096,3935.78491534355,1142697.4921278323,0.08705795582631307
203.49089001890096,3935.78491534355,1147064.451817239,0.08985294378120588
203.49089001890096,3935.78491534355,1149166.586980666,0.08947727562855569
203.49089001890096,3935.78491534355,1149139.416695605,0.089497676237161
203.49089001890096,3935.78491534355,1154433.9234469458,0.08943419465261959
203.49089001890096,3935.78491534355,1153208.768977982,0.08936033119291109
203.49089001890096,3935.78491534355,1154386.8423349727,0.0886651697269198
203.49089001890096,3935.78491534355,1151872.1766225295,0.08874676930991003
203.49089001890096,3935.78491534355,1156686.3309649816,0.09027764487943912
203.49089001890096,3935.78491534355,1161454.4307698372,0.0930408298730092
203.49089001890096,3935.78491534355,1168650.39900595,0.09081318220450321
203.49089001890096,3935.78491534355,1170468.701394709,0.089678051767717
203.49089001890096,3935.78491534355,1171448.9901775257,0.08789151922289123
203.49089001890096,3935.78491534355,1173267.232567925,0.08726491409616845
203.49089001890096,3935.78491534355,1178594.6777444885,0.08600094605468166
203.49089001890096,3935.78491534355,1183523.8928858952,0.08314174993902905
203.49089001890096,3935.78491534355,1183488.0874931635,0.08315022400832059
203.49089001890096,3935.78491534355,1185743.378040713,0.08123502254183206
203.49089001890096,3935.78491534355,1184454.9933607269,0.08267019121911172
203.49089001890096,3935.78491534355,1186157.4971985503,0.08148408239450462
203.49089001890096,3935.78491534355,1188817.181790475,0.07633239666549166
203.49089001890096,3935.78491534355,1191238.4505288869,0.07151132442265541
203.49089001890096,3935.78491534355,1192477.2033775193,0.06916685044872592
203.49089001890096,3935.78491534355,1193070.563129001,0.06548612102153135
203.49089001890096,3935.78491534355,1193043.9186665595,0.06554426090120209
216.619413633475,3935.78491534355,1196233.7559200623,0.05656529509775444
216.619413633475,3935.78491534355,1195497.839641891,0.05751385149139418
216.619413633475,3935.78491534355,1196888.7171873676,0.05237762646837634
216.619413633475,3935.78491534355,1195854.200747746,0.05414909168064129
216.619413633475,3935.78491534355,1199382.4075198567,0.04630570068050638
261.493652663548,3935.78491534355,1200228.3281852007,0.039323293775972656
261.493652663548,3935.78491534355,1201256.9644933767,0.034990921461412194
261.493652663548,3935.78491534355,1202047.5619287426,0.030879340687700745
274.548694179171,3935.78491534355,1201122.4813048383,0.0248876312231284
274.548694179171,3935.78491534355,1201152.737102607,0.024755211672762224
286.087098445325,3935.78491534355,1202347.4675269036,0.01372041929084295
296.427016827286,3935.78491534355,1202944.1048486477,0.009526751892016622
274.548694179171,3935.78491534355,1203145.1828139087,0.012144930061981418
302.340512504777,3935.78491534355,1203229.3871990114,0.008439320046692643
316.049624318056,3935.78491534355,1203347.420639205,0.002328298239092958
322.225535261912,3935.78491534355,1203219.307901212,-0.0006645118612467888
353.684394446343,3935.78491534355,1202055.6114397072,-0.010131925811759743
353.684394446343,3935.78491534355,1200745.4760123123,-0.015673943181485968
353.684394446343,3935.78491534355,1199212.473899991,-0.018936775853460135
353.684394446343,3935.78491534355,1199296.01670336,-0.01997569750639532
353.684394446343,3935.78491534355,1199297.2687473465,-0.019720037495109994
353.684394446343,3935.78491534355,1198649.526850437,-0.024428351370314714
360.32820548237,3935.78491534355,1195547.7843156566,-0.03408765643723834
360.32820548237,3935.78491534355,1194382.392650257,-0.038239019003898006
360.32820548237,3935.78491534355,1196479.6214632273,-0.03257878791050845
360.32820548237,3935.78491534355,1194335.3869732148,-0.03729226458414733
360.32820548237,3935.78491534355,1196242.815869424,-0.03419830026156096
360.32820548237,3935.78491534355,1193362.9558983748,-0.037241266013060735
360.32820548237,3935.78491534355,1192288.0632472425,-0.041657804998437506
360.32820548237,3935.78491534355,1191375.2550895545,-0.04197677842833532
360.32820548237,3935.78491534355,1186591.6849893795,-0.04607460751578339
360.32820548237,3935.78491534355,1183358.3873128,-0.04797982301071493
360.32820548237,3935.78491534355,1179752.4443163613,-0.050338617981182915
360.32820548237,3935.78491534355,1174456.4988470995,-0.05607419625814261
360.32820548237,3935.78491534355,1173248.8753761172,-0.05823093987703157
360.32820548237,3935.78491534355,1169842.1757877166,-0.06395389155362897
360.32820548237,3935.78491534355,1169039.596435958,-0.06412784231400666
360.32820548237,3935.78491534355,1165296.8511585002,-0.06396610773598699
360.32820548237,3935.78491534355,1161429.768307081,-0.0637493969249775
360.32820548237,3935.78491534355,1156937.6133513055,-0.06447302525160145
360.32820548237,3935.78491534355,1153156.7363233527,-0.06332413001064818
360.32820548237,3935.78491534355,1151068.727763453,-0.06313416533736826
360.32820548237,3935.78491534355,1151967.7658742943,-0.0630329610169271
360.32820548237,3935.78491534355,1144124.8923462357,-0.06266825637836569
360.32820548237,3935.78491534355,1143802.4208288512,-0.06300525736053711
360.32820548237,3935.78491534355,1134562.7592778031,-0.06171825494561965
360.32820548237,3935.78491534355,1127698.5016062951,-0.06833422924407641
360.32820548237,3935.78491534355,1130602.11151229,-0.0659170247623701
360.32820548237,3935.78491534355,1128635.2568315684,-0.06689156860470974
360.32820548237,3935.78491534355,1120393.3928585052,-0.07411351282226289
360.32820548237,3935.78491534355,1112778.6551009247,-0.071359799488182
360.32820548237,3935.78491534355,1111618.837407628,-0.07124296942227457
360.32820548237,3935.78491534355,1111279.6937748075,-0.0710325746364362
360.32820548237,3935.78491534355,1108262.4742692576,-0.06907746403712413
360.32820548237,3935.78491534355,1111724.5714507038,-0.07188380807904836
360.32820548237,3935.78491534355,1111875.362315534,-0.07203740175773347
360.32820548237,3935.78491534355,1116700.7770367796,-0.07056124141447892
360.32820548237,3935.78491534355,1117518.7702078393,-0.07038970188725309
360.32820548237,3935.78491534355,1116658.1409131535,-0.07018210390686273
360.32820548237,3935.78491534355,1116908.999850629,-0.07028919344707775
360.32820548237,3935.78491534355,1117982.278080287,-0.0715767331263986
360.32820548237,3935.78491534355,1115788.9863102199,-0.07140577545923013
360.32820548237,3935.78491534355,1109738.6758598064,-0.06783701565545197
360.32820548237,3935.78491534355,1098200.1849967474,-0.06143144125828786
360.32820548237,3935.78491534355,1107552.311795871,-0.06805293888965618
360.32820548237,3935.78491534355,1101225.414821515,-0.061499966022259864
360.32820548237,3935.78491534355,1092343.9033606355,-0.05861955792029603
360.32820548237,3935.78491534355,1086089.6568656554,-0.05290282283695574
360.32820548237,3935.78491534355,1075070.3779037064,-0.04481927026095057
360.32820548237,3935.78491534355,1072160.7480779958,-0.04348485962536673
360.32820548237,3893.4205727241897,1061632.5212489755,-0.029814903033068628
360.32820548237,3893.4205727241897,1054843.4979517157,-0.025029793396303082
360.32820548237,3893.4205727241897,1056044.4279102278,-0.026932121158167954
360.32820548237,3737.96435999426,1047764.546102815,-0.014945794286257343
360.32820548237,3737.96435999426,1042378.3560023665,-0.010652602850773562
360.32820548237,3737.96435999426,1033733.5214572198,-0.004318081130434786
360.32820548237,3737.96435999426,1025824.1493052942,0.0034356865246054804
360.32820548237,3737.96435999426,1025402.2835301447,0.0036954002146204565
360.32820548237,3737.96435999426,1020985.6900791571,0.005686063846732381
360.32820548237,3737.96435999426,1017415.7146800746,0.009383841330574306
360.32820548237,3737.96435999426,1018763.9764317187,0.007646365783341002
360.32820548237,3737.96435999426,1012765.5240852248,0.01509454508189943
360.32820548237,3737.96435999426,1009447.6924458062,0.018768638577270253
360.32820548237,3737.96435999426,1008992.761774868,0.018972569222909203
360.32820548237,3737.96435999426,1007162.8034701633,0.0209439788592317
360.32820548237,3737.96435999426,1002989.5571101821,0.023702308529268714
360.32820548237,3737.96435999426,1001318.4752241081,0.02224690108589809
360.32820548237,3737.96435999426,1002250.0168701867,0.020698461556161254
360.32820548237,3737.96435999426,1000945.4473108756,0.021040428588627678
360.32820548237,3737.96435999426,1005582.8746887138,0.019080684340690712
360.32820548237,3737.96435999426,1000742.1526410321,0.02547269956414111
360.32820548237,3737.96435999426,1004432.178133996,0.02063039253195705
360.32820548237,3737.96435999426,1001229.0315854859,0.023491155466495918
360.32820548237,3737.96435999426,996130.87131469,0.02709131164219884
360.32820548237,3737.96435999426,994386.9165678504,0.029574618936270437
360.32820548237,3737.96435999426,985100.8015008965,0.03210796652921884
360.32820548237,3737.96435999426,988318.7146027699,0.03109165701072422
360.32820548237,3737.96435999426,995297.9423088018,0.023670340105305093
360.32820548237,3737.96435999426,995480.7533647418,0.023658962388515697
360.32820548237,3737.96435999426,993451.7989015635,0.01941495273153065
360.32820548237,3737.96435999426,987438.9275578181,0.017833131786396873
360.32820548237,3737.96435999426,985161.8015151658,0.0157509414562998
360.32820548237,3737.96435999426,981483.9286330031,0.01487383083354679
360.32820548237,3737.96435999426,977187.606521964,0.01507813520368184
360.32820548237,3737.96435999426,978437.6002273365,0.015483652660100178
360.32820548237,3737.96435999426,980568.0246885659,0.01451531614143905
360.32820548237,3737.96435999426,981831.8596527756,0.01320913642801563
360.32820548237,3737.96435999426,982252.8243074302,0.013104487779999459
360.32820548237,3737.96435999426,987644.657890925,0.014725813718169676
360.32820548237,3737.96435999426,990280.4278419152,0.016680663385784042
360.32820548237,3737.96435999426,983909.7370104268,0.014941916313587303
360.32820548237,3737.96435999426,984353.5182357788,0.015145303033644716
360.32820548237,3737.96435999426,987559.7249252261,0.017091818660131066
360.32820548237,3737.96435999426,983907.5219086908,0.017805012745931544
360.32820548237,3737.96435999426,987862.3000668576,0.022095242270788906
360.32820548237,3737.96435999426,984961.9902126677,0.017036382156976386
360.32820548237,3737.96435999426,986836.9847823674,0.01867008806795978
360.32820548237,3737.96435999426,985696.6378981448,0.016719090317480506
360.32820548237,3737.96435999426,985803.6392035226,0.017606026392451197
361.183468254377,3737.96435999426,981601.2308852281,0.00913902347648818
386.88723251083,3737.96435999426,980440.4630415117,-0.0004174733000200209
386.88723251083,3737.96435999426,980320.4190402089,-0.0004963410815650031
406.908942146726,3737.96435999426,979826.8725039973,-0.005060396228246949
386.88723251083,3737.96435999426,980183.0648004712,0.002337178655012832
386.88723251083,3737.96435999426,977494.8268798945,-0.0030386098203410198
406.908942146726,3737.96435999426,977273.8190830449,-0.011172633457152949
406.908942146726,3737.96435999426,977055.5754998059,-0.012121412277701632
406.908942146726,3737.96435999426,977007.9765042815,-0.011671047588836685
406.908942146726,3737.96435999426,975854.2773826192,-0.017181868317353518
406.908942146726,3737.96435999426,975910.6656827552,-0.016253897545601217
406.908942146726,3737.96435999426,976355.418922928,-0.01766209089980552
435.857821092483,3737.96435999426,976187.9126094726,-0.020540761712910315
436.228963674404,3737.96435999426,975842.376341232,-0.02507018547450048
441.78005297427,3737.96435999426,976374.7063069714,-0.030823831966411842
441.78005297427,3737.96435999426,977229.2508651199,-0.03467131711679346
441.78005297427,3737.96435999426,976918.5766092843,-0.03771434428427057
441.78005297427,3737.96435999426,977301.2230557888,-0.038372138783574705
441.78005297427,3737.96435999426,977328.9744236177,-0.03873504168610687
451.839256658348,3737.96435999426,975211.4183249057,-0.047658218315087424
451.839256658348,3737.96435999426,975478.2581542217,-0.04591322979797315
451.839256658348,3737.96435999426,974253.6799841231,-0.043439232823357196
477.473248442984,3737.96435999426,975551.0274172554,-0.05026368406294936
477.473248442984,3737.96435999426,975644.8719602191,-0.050742593650865246
477.473248442984,3737.96435999426,978591.5705726185,-0.05482365024273839
483.629699090702,3737.96435999426,980909.3134086616,-0.06390834600239487
483.629699090702,3737.96435999426,981424.3890803453,-0.06474744641869438
483.629699090702,3737.96435999426,985929.3821500522,-0.06615789419733993
483.629699090702,3737.96435999426,981932.6291498509,-0.06099510967185158
483.629699090702,3737.96435999426,981949.8377608112,-0.06100549471228057
483.629699090702,3737.96435999426,984844.5837745748,-0.0629310645343538
483.629699090702,3737.96435999426,984655.5746850782,-0.06253486860098204
483.629699090702,3737.96435999426,984474.5374450822,-0.06239568181440609
483.629699090702,3737.96435999426,986828.966956301,-0.06589810333710817
483.629699090702,3737.96435999426,987219.3520494213,-0.06625839670501507
483.629699090702,3737.96435999426,988261.0938329587,-0.06662335689946361
483.629699090702,3737.96435999426,988419.9743101909,-0.06666424877886575
483.629699090702,3737.96435999426,989951.3660821562,-0.06919006171126398
483.629699090702,3737.96435999426,990202.129532609,-0.06901442486777762
483.629699090702,3737.96435999426,989066.9488654549,-0.06892072665961922
483.629699090702,3737.96435999426,981987.2954180691,-0.07452547942147336
483.629699090702,3737.96435999426,988028.1024702432,-0.07768918149853254
483.629699090702,3737.96435999426,996889.6551536147,-0.07181768250590968
483.629699090702,3737.96435999426,997861.0114658235,-0.07375741629200225
483.629699090702,3737.96435999426,1001453.0521090801,-0.07310658056057452
483.629699090702,3737.96435999426,1004072.4641745755,-0.0715377043666895
483.629699090702,3737.96435999426,1001206.7768276486,-0.07446856909823625
483.629699090702,3870.28365950203,1014737.6853709099,-0.05719375073575106
483.629699090702,3870.28365950203,1024066.9306161158,-0.0520069011170265
483.629699090702,3870.28365950203,1025615.4255132742,-0.05177336861970592
483.629699090702,3870.28365950203,1024411.5161057687,-0.0524113446334797
483.629699090702,3870.28365950203,1029708.6702276331,-0.047297042503205364
483.629699090702,3870.28365950203,1031766.7777562292,-0.04450724741539836
483.629699090702,3870.28365950203,1037776.8571664229,-0.03966816130600568
483.629699090702,3870.28365950203,1042131.9773975828,-0.04045266524831352
483.629699090702,3870.28365950203,1043777.9959712939,-0.03853448370912175
483.629699090702,3870.28365950203,1049015.2167337383,-0.03682070364214286
483.629699090702,3870.28365950203,1057648.2944998764,-0.023972719671056304
483.629699090702,3870.28365950203,1056104.426790427,-0.024938054177236685
483.629699090702,3870.28365950203,1057968.4509607116,-0.023269952078918885
483.629699090702,3870.28365950203,1051313.0952726938,-0.03023180828770587
483.629699090702,3870.28365950203,1051648.9042850116,-0.030081805607182863
483.629699090702,3870.28365950203,1058080.4967994413,-0.02712636856038717
483.629699090702,3870.28365950203,1060098.50353755,-0.025489079862472216
483.629699090702,3870.28365950203,1062118.8233888089,-0.024190425124267185
483.629699090702,3878.48811589933,1069834.0642268052,-0.012497905397691017
483.629699090702,3878.48811589933,1067275.0076663194,-0.016008161515697412
483.629699090702,3878.48811589933,1080579.5259447983,-0.0049904699348059505
483.629699090702,3878.48811589933,1081072.655317708,-0.004760207422635626
483.629699090702,3878.48811589933,1083186.889620806,-0.0030720947853007476
483.629699090702,3878.48811589933,1079969.1335996364,-0.005002731845539751
483.629699090702,3880.43422770214,1091554.484003268,0.007953345253071386
483.629699090702,3880.43422770214,1090180.5036953876,0.007066745138005452
483.629699090702,3893.48002764765,1098700.130224281,0.01855487112761242
483.629699090702,3893.48002764765,1098652.6486332577,0.01853212508436079
483.629699090702,3893.48002764765,1102046.3971218946,0.020973506028443934
483.629699090702,3893.48002764765,1092062.7292824173,0.01669816981392134
483.629699090702,3893.48002764765,1092278.894649317,0.016896632939175434
483.629699090702,3893.48002764765,1088294.627523741,0.011516805781144918
483.629699090702,3893.48002764765,1086543.6697255748,0.01139654191617351
483.629699090702,3893.48002764765,1092165.88943385,0.01313708359194565
483.629699090702,3893.48002764765,1095467.2471383912,0.01485148434147596
483.629699090702,3893.48002764765,1092905.57615707,0.014445110540119589
483.629699090702,3893.48002764765,1100643.8582878863,0.02153634476425342
483.629699090702,3893.48002764765,1101242.06789169,0.021608919250157704
483.629699090702,3893.48002764765,1107560.9966321208,0.022051063327881072
483.629699090702,3893.48002764765,1115159.9257936948,0.026168548173397442
483.629699090702,3893.48002764765,1119397.1410376953,0.026204004698164217
483.629699090702,3893.48002764765,1124656.6127193517,0.030450594461577336
483.629699090702,3893.48002764765,1127404.8165701602,0.032063179145549826
483.629699090702,3893.48002764765,1131592.0325311504,0.03726009584487666
483.629699090702,3893.48002764765,1133541.238729442,0.03729767762566063
483.629699090702,3893.48002764765,1130457.8365408822,0.03652994688518688
483.629699090702,3893.48002764765,1136023.3583123689,0.03793899428970761
483.629699090702,3893.48002764765,1141515.0838291137,0.03593893142668503
483.629699090702,3893.48002764765,1142517.004298689,0.036143292319344204
483.629699090702,3893.48002764765,1148376.536454139,0.03688654398976242
483.629699090702,3893.48002764765,1154669.0813167782,0.036640450389787894
483.629699090702,3893.48002764765,1159172.234459908,0.03543072193618975
483.629699090702,3893.48002764765,1161238.2063574512,0.03639111381959781
483.629699090702,3893.48002764765,1162183.0264109613,0.03694306177273245
483.629699090702,3893.48002764765,1165111.9088990004,0.038097609244070844
483.629699090702,3893.48002764765,1171392.9933803077,0.03808232281191864
483.629699090702,3893.48002764765,1180122.6068995125,0.035762090709185054
483.629699090702,3893.48002764765,1181865.2041079882,0.035025124838870186
483.629699090702,3893.48002764765,1180786.8303913067,0.03531882774255771
483.629699090702,3893.48002764765,1178885.709926192,0.03681845814975808
483.629699090702,3893.48002764765,1180086.9781841238,0.0360144203206607
483.629699090702,3893.48002764765,1180045.3895839632,0.03606298568192155
483.629699090702,3893.48002764765,1184274.5806243399,0.03155069768683423
483.629699090702,3893.48002764765,1185222.7015208236,0.030710801736062932
483.629699090702,3893.48002764765,1186052.866457344,0.02952419151254723
483.629699090702,3893.48002764765,1186178.8304206093,0.029286158871396274
483.629699090702,3893.48002764765,1188372.0944953617,0.026089229822967686
483.629699090702,3893.48002764765,1189901.2776827908,0.020982866799144285
483.629699090702,3893.48002764765,1190274.1406964997,0.019481498362394153
483.629699090702,3893.48002764765,1189107.5270164355,0.022378064859344505
483.629699090702,3893.48002764765,1192849.751955407,0.01792425217205346
483.629699090702,3893.48002764765,1193288.273627688,0.016549720598856905
483.629699090702,3893.48002764765,1193730.390848074,0.014740170390632324
483.629699090702,3893.48002764765,1192965.3531793726,0.016075100581474797
483.629699090702,3893.48002764765,1193379.6472814328,0.014299933377733054
483.629699090702,3893.48002764765,1193741.4508129207,0.012847871153011498
483.629699090702,3893.48002764765,1194230.593840682,0.010637530903705653
516.787418899073,3893.48002764765,1194391.0826206254,0.00554731920933614
516.787418899073,3893.48002764765,1194412.6023166894,0.005095835338862348
516.787418899073,3893.48002764765,1195126.619572541,0.003494433541037635
516.787418899073,3893.48002764765,1195439.6457128495,0.001551383729338911
516.787418899073,3893.48002764765,1194579.0845721005,-0.002102563910051065
551.710840607368,3893.48002764765,1195587.9278253824,-0.008139548872066065
516.787418899073,3893.48002764765,1195929.4230852672,-0.004352888760125062
551.710840607368,3893.48002764765,1195815.9694748595,-0.007177866851417474
551.710840607368,3893.48002764765,1195827.4844010493,-0.007492682931753667
551.710840607368,3893.48002764765,1195611.1705113573,-0.008788441622207101
552.0966596585749,3893.48002764765,1194328.5802777717,-0.01669085465093605
552.0966596585749,3893.48002764765,1194980.923600405,-0.013240906476847945
601.831613147121,3893.48002764765,1195520.6665049482,-0.021105803499108376
604.723680859262,3893.48002764765,1195339.690186593,-0.024420404477686106
613.139640885033,3893.48002764765,1196037.0323171357,-0.03032921086118031
617.8298861582521,3893.48002764765,1195405.7753306373,-0.03561002238021871
617.8298861582521,3893.48002764765,1193227.0495630451,-0.03741368218791538
617.8298861582521,3893.48002764765,1192216.373819483,-0.04280855278251621
617.8298861582521,3893.48002764765,1187682.9485442392,-0.05046307846698228
617.8298861582521,3893.48002764765,1185281.715129226,-0.05846875089382452
617.8298861582521,3893.48002764765,1184742.8961370054,-0.06270091980427907
617.8298861582521,3893.48002764765,1179087.166462232,-0.06926135782838
617.8298861582521,3893.48002764765,1177300.5217603066,-0.07414502220739604
617.8298861582521,3893.48002764765,1175133.2861203204,-0.07643261727702523
617.8298861582521,3893.48002764765,1171970.845970828,-0.08499298253692089
617.8298861582521,3893.48002764765,1174968.7872021592,-0.08194118018290947
617.8298861582521,3893.48002764765,1177580.1169075163,-0.08029234837341108
617.8298861582521,3893.48002764765,1180098.9732860832,-0.07719937831855192
617.8298861582521,3893.48002764765,1174089.2826915493,-0.08262378061960347
617.8298861582521,3893.48002764765,1171771.8839974387,-0.0830250875327681
617.8298861582521,3893.48002764765,1168212.28494482,-0.084416929304097
617.8298861582521,3893.48002764765,1165461.4843771583,-0.08652817154385135
617.8298861582521,3893.48002764765,1161117.455530328,-0.08698565270805937
617.8298861582521,3893.48002764765,1161606.1803735697,-0.08717641232300447
617.8298861582521,3893.48002764765,1154470.8100057677,-0.0908951500465679
617.8298861582521,3893.48002764765,1153558.687171488,-0.0915170011965887
617.8298861582521,3893.48002764765,1151377.6583574715,-0.093356505505745
617.8298861582521,3893.48002764765,1150978.7502307028,-0.09363552746405437
617.8298861582521,3893.48002764765,1154656.9385700987,-0.08929308042507418
622.759318865551,5035.69475042016,1186422.3152804186,-0.038793485908165205
644.6005712911721,5035.69475042016,1219818.5733482605,0.004918154494969355
669.7631257609829,5035.69475042016,1257022.0142036043,0.04723740337572738
669.7631257609829,5035.69475042016,1258993.9219484192,0.04663924891886802
669.7631257609829,5035.69475042016,1252954.3850284172,0.045569702436393106
669.7631257609829,5035.69475042016,1248816.0788219639,0.04859658766421433
669.7631257609829,5035.69475042016,1243594.3357150126,0.050886123292202594
669.7631257609829,5035.69475042016,1238062.9088616902,0.05705761527498732
669.7631257609829,5035.69475042016,1226666.238865829,0.06486467058060759
669.7631257609829,5035.69475042016,1220316.6324250095,0.0674821287325589
669.7631257609829,5035.69475042016,1218867.703512311,0.06815975029491
669.7631257609829,5035.69475042016,1212034.9072482262,0.06873299312413476
669.7631257609829,5035.69475042016,1208736.261647279,0.07137921332299901
669.7631257609829,5035.69475042016,1198288.1858830543,0.08366605813457041
669.7631257609829,5035.69475042016,1194290.327061577,0.08422614743882725
669.7631257609829,5035.69475042016,1191176.9948080073,0.08555845945708032
669.7631257609829,5035.69475042016,1190551.632850378,0.08552329342482781
669.7631257609829,5035.69475042016,1175005.5901980023,0.10051247526371627
669.7631257609829,5035.69475042016,1169652.4168339637,0.10496412749251843
669.7631257609829,5035.69475042016,1169930.69120301,0.10493835514485245
669.7631257609829,5035.69475042016,1169070.45460774,0.10578317304111047
669.7631257609829,5035.69475042016,1168886.127336913,0.10583979183259144
669.7631257609829,5035.69475042016,1168558.3557312852,0.10609843975896442
669.7631257609829,5035.69475042016,1162132.5526601141,0.10932645348322308
669.7631257609829,5035.69475042016,1162114.5836787485,0.10933813148736236
669.7631257609829,4924.1380658199005,1150370.9638038017,0.1259993332189139
669.7631257609829,4924.1380658199005,1145591.8929536813,0.1310692967149342
669.7631257609829,4924.1380658199005,1152499.7792375807,0.12180340342309424
669.7631257609829,4924.1380658199005,1157275.0102951722,0.11779541633398648
669.7631257609829,4924.1380658199005,1151779.0423674025,0.11836578441854052
669.7631257609829,4924.1380658199005,1147108.083998144,0.12156411739645576
669.7631257609829,4924.1380658199005,1147647.7970034445,0.1212487967550066
669.7631257609829,4924.1380658199005,1144960.539402427,0.123839340666332
669.7631257609829,4924.1380658199005,1137566.3934087756,0.13336500719520086
669.7631257609829,4924.1380658199005,1132951.0896801495,0.13720854582132072
697.3020916430111,4924.1380658199005,1154606.5846793377,0.16840239611207158
699.974157634961,4924.1380658199005,1177745.6982892917,0.1936303816559587
719.111419734635,4924.1380658199005,1197460.9100879345,0.21905394006006787
719.111419734635,4924.1380658199005,1201297.545979238,0.21479810885936998
719.111419734635,4924.1380658199005,1205990.4888739223,0.2126187597139768
719.111419734635,4874.99847512343,1193437.3040626165,0.2287404222536387
719.111419734635,4874.99847512343,1197787.9600678359,0.2238341754592436
719.111419734635,4874.99847512343,1189162.8715925966,0.2310210118799671
719.111419734635,4874.99847512343,1180666.183079871,0.23750918229147963
719.111419734635,4874.99847512343,1170001.0269033376,0.2524038953259035
719.111419734635,4874.99847512343,1165439.1028883706,0.2564399000804984
719.111419734635,4874.99847512343,1160500.3007575953,0.25817279094901086
719.111419734635,4874.99847512343,1153842.8013448925,0.2675083461443208
719.111419734635,4874.99847512343,1159572.3889236604,0.26454929574457664
719.111419734635,4874.99847512343,1157895.9930085859,0.2667060462337456
719.111419734635,4825.11626071714,1148857.9687165655,0.28149283693044086
719.111419734635,4825.11626071714,1148108.235937167,0.28220577909204486
719.111419734635,4825.11626071714,1150397.164167493,0.28313092546890006
719.111419734635,4825.11626071714,1154974.1016909524,0.281366124507998
719.111419734635,4825.11626071714,1156798.225269304,0.28106519716813133
719.111419734635,4825.11626071714,1156382.7777944605,0.28111207604908284
719.111419734635,4825.11626071714,1159214.995254097,0.2792242814594072
719.111419734635,4825.11626071714,1153183.9588621522,0.27930328395139375
719.111419734635,4825.11626071714,1143664.986019004,0.28364331486328753
719.111419734635,4825.11626071714,1138888.3533607398,0.2906599203480022
719.111419734635,4825.11626071714,1134397.3149730884,0.29410535174499
719.111419734635,4825.11626071714,1127510.7940827624,0.300280057970924
719.111419734635,4825.11626071714,1122496.175469303,0.30225999362543704
719.111419734635,4825.11626071714,1125171.164348989,0.30185834184420324
719.111419734635,4825.11626071714,1121846.4889766497,0.3031404113872273
719.111419734635,4825.11626071714,1114617.6184833115,0.3045369482907996
719.111419734635,4825.11626071714,1109192.921204529,0.30316218425348296
719.111419734635,4825.11626071714,1102533.6728468984,0.3052958202545616
719.111419734635,4825.11626071714,1102112.2775497283,0.30474280023241884
719.111419734635,4825.11626071714,1098025.9007585612,0.30625595093881197
719.111419734635,4825.11626071714,1097159.4912035258,0.3058534865804887
719.111419734635,4825.11626071714,1095872.0618577509,0.3023548247559245
719.111419734635,4825.11626071714,1096274.3133808873,0.3033271055792767
719.111419734635,4825.11626071714,1098054.5656652008,0.30800537438319076
786.455614960883,4825.11626071714,1092375.7844904643,0.3014078937156804
786.455614960883,4825.11626071714,1093227.9261119456,0.30324904211729964
786.455614960883,4825.11626071714,1090930.9610356616,0.2970332575539123
786.455614960883,4825.11626071714,1089544.3670506508,0.2929973239514484
786.455614960883,4825.11626071714,1089647.367811366,0.29409631463844305
786.455614960883,4825.11626071714,1088388.1031123044,0.2917501269956687
796.010024847612,4825.11626071714,1088172.1047778537,0.28850854422778843
796.010024847612,4825.11626071714,1089242.7598530953,0.29019317993966764
796.010024847612,4825.11626071714,1088969.6234155528,0.2896122207431034
786.455614960883,4825.11626071714,1089049.7655289355,0.29282062927600727
786.455614960883,4825.11626071714,1088559.6763616619,0.28918163907591476
789.824605245542,4825.11626071714,1088179.0541286736,0.2856859371807822
789.824605245542,4825.11626071714,1088198.9757678076,0.2865538803737159
767.2779284520889,4825.11626071714,1088155.7039449238,0.2882429580657623
789.824605245542,4825.11626071714,1087722.2552651856,0.2810950215746351
767.2779284520889,4825.11626071714,1087478.241585783,0.2849482772807188
767.2779284520889,4825.11626071714,1088186.129939331,0.2872344251535449
789.824605245542,4825.11626071714,1088065.1908064468,0.2815830554787702
796.010024847612,4825.11626071714,1087276.1050261448,0.2693558221265258
796.010024847612,4825.11626071714,1088610.5548154637,0.2628769556371501
796.010024847612,4825.11626071714,1088679.059398796,0.26239577841078776
823.426060060246,4825.11626071714,1089120.5141998809,0.25742650908178355
823.426060060246,4825.11626071714,1090820.1807623531,0.25475734178198817
823.426060060246,4825.11626071714,1090424.1891488591,0.2565729292421747
823.426060060246,4825.11626071714,1090865.4799468254,0.2547816566373014
823.426060060246,4825.11626071714,1089845.5721305395,0.2562069956203094
827.8018389787919,4825.11626071714,1090277.4821170007,0.2504890220811709
827.8018389787919,4825.11626071714,1090282.0177697325,0.2504748594108727
827.8018389787919,4825.11626071714,1091105.4826063209,0.24925026133773634
827.8018389787919,4825.11626071714,1091805.7931468317,0.2456261110699414
827.8018389787919,4825.11626071714,1093945.9796350724,0.24139499298583056
827.8018389787919,4825.11626071714,1093563.2519465503,0.24266016008912106
827.8018389787919,4825.11626071714,1093030.4636952304,0.24550648041035494
827.8018389787919,4825.11626071714,1095507.487742509,0.24250593959576963
827.8018389787919,4825.11626071714,1096780.331837418,0.2403556940204955
827.8018389787919,4825.11626071714,1098334.515285796,0.23681627003239986
827.8018389787919,4825.11626071714,1097352.7981727049,0.23791470459863182
827.8018389787919,4825.11626071714,1102249.4238609732,0.23366306594477107
827.8018389787919,4825.11626071714,1102702.4586285166,0.2326932104603991
827.8018389787919,4825.11626071714,1105991.2136677317,0.23167250858606195
827.8018389787919,4825.11626071714,1101363.4891306357,0.2340732002356826
827.8018389787919,4825.11626071714,1105072.712100526,0.22764059133285028
827.8018389787919,4825.11626071714,1105955.827059585,0.2270447833049561
827.8018389787919,4825.11626071714,1108601.0328148347,0.226495219895615
827.8018389787919,4825.11626071714,1106826.3988337074,0.22889564065522622
827.8018389787919,4825.11626071714,1100199.113049123,0.2263932738820061
827.8018389787919,4825.11626071714,1098496.528008819,0.22632626014915627
827.8018389787919,4825.11626071714,1103491.184107997,0.22500322887698027
827.8018389787919,4825.11626071714,1110777.016440225,0.22479848964639207
827.8018389787919,4825.11626071714,1107924.7815944129,0.22543277162158795
827.8018389787919,4825.11626071714,1108429.8652666437,0.22557795283474422
827.8018389787919,4825.11626071714,1110269.1912953514,0.22609063716181227
827.8018389787919,4825.11626071714,1118334.864816468,0.2274806754069595
827.8018389787919,4825.11626071714,1119017.4021265267,0.2275572194438271
827.8018389787919,4825.11626071714,1125927.743422602,0.23004442638914377
827.8018389787919,4825.11626071714,1122611.679921967,0.22800903147283672
827.8018389787919,4825.11626071714,1126324.08209935,0.22685962707314372
827.8018389787919,4825.11626071714,1130712.3105780375,0.22806293328097196
827.8018389787919,4825.11626071714,1136862.812939678,0.2274985398549662
827.8018389787919,4825.11626071714,1143369.8874954123,0.22734058741604354
827.8018389787919,4825.11626071714,1149973.4542031656,0.23035005174496406
827.8018389787919,4825.11626071714,1152470.3334767956,0.23034243528188084
827.8018389787919,4825.11626071714,1155853.5581618547,0.23017349076498658
827.8018389787919,4825.11626071714,1152717.1542630107,0.22837862294051725
827.8018389787919,4825.11626071714,1159620.7865952507,0.23217333994886916
827.8018389787919,4825.11626071714,1166453.9154980695,0.23942611417576712
827.8018389787919,4825.11626071714,1175754.673881235,0.24163332531892645
827.8018389787919,4825.11626071714,1183586.4416000831,0.24499173907533692
827.8018389787919,4825.11626071714,1197509.324210553,0.25009082652161285
827.8018389787919,4825.11626071714,1193660.7589289465,0.2485413165183276
827.8018389787919,4825.11626071714,1194746.089008512,0.24786584136164458
827.8018389787919,4825.11626071714,1189163.6893482113,0.24621491457721315
827.8018389787919,4825.11626071714,1195800.6867459505,0.2462039081540601
827.8018389787919,4825.11626071714,1199305.3111266596,0.24675585053995092
827.8018389787919,4825.11626071714,1200719.2548262672,0.24335603135032316
827.8018389787919,4825.11626071714,1209370.5894810972,0.24711643316472764
827.8018389787919,4825.11626071714,1211727.7056797543,0.2473003543610669
827.8018389787919,4825.11626071714,1218903.4921918423,0.24417097536006155
827.8018389787919,4825.11626071714,1224384.6894554996,0.24497390527588805
827.8018389787919,4825.11626071714,1224464.4507380538,0.24493979976881328
827.8018389787919,4825.11626071714,1229283.645460071,0.2413993343432066
827.8018389787919,4825.11626071714,1233671.9073007465,0.2438036025851861
827.8018389787919,4825.11626071714,1247927.584578199,0.24819899403826276
827.8018389787919,4825.11626071714,1254191.6781540234,0.24891977896371506
827.8018389787919,4825.11626071714,1258407.4821796196,0.2501351575025273
827.8018389787919,4825.11626071714,1258058.5443251382,0.2504255990307078
827.8018389787919,4825.11626071714,1262939.8961844097,0.252191414075677
827.8018389787919,4825.11626071714,1269863.7370623,0.25360090211944736
827.8018389787919,4825.11626071714,1267195.7102974989,0.2532680578017169
827.8018389787919,4825.11626071714,1272339.7660564338,0.2515066777258327
827.8018389787919,4825.11626071714,1280960.9216520055,0.24917149051736429
827.8018389787919,4825.11626071714,1291474.3175594322,0.253270514796341
827.8018389787919,4825.11626071714,1291806.1829068745,0.25300405637596574
827.8018389787919,4825.11626071714,1298857.7366697926,0.2519250069843879
827.8018389787919,4825.11626071714,1305307.2398708134,0.2525182293584234
827.8018389787919,4825.11626071714,1309942.0111729277,0.2521255747792471
827.8018389787919,4825.11626071714,1313505.8633260147,0.25052919208719465
827.8018389787919,4825.11626071714,1314291.1222336246,0.25017164134372405
827.8018389787919,4825.11626071714,1315656.7781554142,0.24966731927132516
827.8018389787919,4825.11626071714,1318992.4192560571,0.24904496849651028
827.8018389787919,4825.11626071714,1316869.123948609,0.25079061536140534
827.8018389787919,4825.11626071714,1313683.2615049754,0.25336029959357503
827.8018389787919,4825.11626071714,1314668.81054036,0.2520964403956763
827.8018389787919,4825.11626071714,1314847.3079659324,0.2517420434282262
827.8018389787919,4825.11626071714,1315509.0682169776,0.2496477269482002
827.8018389787919,4825.11626071714,1321982.9486891306,0.2454690664431894
827.8018389787919,4825.11626071714,1323353.7675043375,0.24213822316615566
827.8018389787919,4825.11626071714,1323722.0099460862,0.24162753004884613
827.8018389787919,4825.11626071714,1323961.1542740455,0.24106634061699128
827.8018389787919,4825.11626071714,1327572.9784068414,0.23553106255871173
827.8018389787919,4825.11626071714,1331301.5081081805,0.2284531227474507
827.8018389787919,4825.11626071714,1335695.0061761593,0.22360866544528035
827.8018389787919,4825.11626071714,1337002.3129679589,0.2197527585969504
827.8018389787919,4825.11626071714,1341792.1313125815,0.21019150796749872
827.8018389787919,4825.11626071714,1343873.6567176206,0.20204273624563981
827.8018389787919,4825.11626071714,1342520.482835815,0.20577420219551285
827.8018389787919,4825.11626071714,1346198.1855708675,0.19761957401228786
827.8018389787919,4825.11626071714,1350455.4180031759,0.18846645306593698
827.8018389787919,4825.11626071714,1352843.9466579326,0.1819683389204056
827.8018389787919,4825.11626071714,1353398.7919218107,0.1778398112268459
827.8018389787919,4825.11626071714,1353413.4697773263,0.1770254574705718
827.8018389787919,4825.11626071714,1354188.6220152641,0.17227559656126476
833.3663353650329,4825.11626071714,1354114.7228473208,0.17097051830180904
833.3663353650329,4825.11626071714,1353846.0508326194,0.16968426940165482
833.3663353650329,4825.11626071714,1354831.2863294363,0.16618158521975432
916.824364621205,4825.11626071714,1354935.8861580219,0.1630837094474617
948.478862363582,4825.11626071714,1353827.095493836,0.15662889603235514
944.451884517269,4825.11626071714,1353790.159745096,0.15754966879117743
948.478862363582,4825.11626071714,1353040.4925710117,0.14550660865858417
948.478862363582,4825.11626071714,1353057.6581338674,0.145563890622798
948.478862363582,4825.11626071714,1352579.9848868905,0.14253021510633798
965.3381564612,4825.11626071714,1351406.8450036102,0.13470246063326513
984.023516288812,4825.11626071714,1351182.6874890074,0.13105307463232402
984.023516288812,4825.11626071714,1348598.894614242,0.12625979466542556
965.3381564612,4825.11626071714,1348624.3126048292,0.12759453116852212
965.3381564612,4825.11626071714,1348256.2341685833,0.1258120844471813
986.3156953965248,4825.11626071714,1348775.0673827343,0.12219590413977517
986.3156953965248,4825.11626071714,1348411.8828810414,0.12035279042270076
986.3156953965248,4825.11626071714,1344483.104762786,0.11676034265992272
991.0052774544972,4825.11626071714,1343837.9967389174,0.1115830840177317
991.0052774544972,4825.11626071714,1344643.2172571162,0.11284204882286515
991.0052774544972,4825.11626071714,1344208.6424936405,0.11087486061518655
991.0052774544972,4825.11626071714,1343589.64466256,0.10690591174915687
991.0052774544972,4825.11626071714,1344366.337925596,0.1078282045541109
991.0052774544972,4825.11626071714,1343415.0735063143,0.1056697934157028
991.0052774544972,4825.11626071714,1339588.2594107059,0.09997227985856634
991.0052774544972,4825.11626071714,1339129.7996307993,0.09797061311472643
991.0052774544972,4825.11626071714,1331046.4257859916,0.09185414150096835
991.0052774544972,4825.11626071714,1322064.1251440053,0.0853654300770258
991.0052774544972,4825.11626071714,1315973.7146484372,0.08339649985829066
991.0052774544972,4825.11626071714,1317204.606214503,0.08430938755269933
991.0052774544972,4825.11626071714,1313121.0610374208,0.08446803945780468
991.0052774544972,4825.11626071714,1308593.8268849622,0.08166460508509815
991.0052774544972,4825.11626071714,1310062.5095894842,0.08159514384997248
991.0052774544972,4825.11626071714,1305200.6236984867,0.07990717931866825
991.0052774544972,4825.11626071714,1297908.240337973,0.08465945774233653
991.0052774544972,4825.11626071714,1300226.6808661674,0.08534619221812018
991.0052774544972,4825.11626071714,1296497.4247037577,0.08450049880245583
991.0052774544972,4825.11626071714,1296526.3050079746,0.08450257615178575
991.0052774544972,4825.11626071714,1295721.2300720098,0.0846732418354045
991.0052774544972,4825.11626071714,1292663.1427424648,0.08580651035207348
986.3156953965248,4825.11626071714,1264746.0788420464,0.07075608797041706
955.599063914724,4825.11626071714,1243188.9730803831,0.054811143897896306
954.365549322736,4675.29206836981,1217098.4850368395,0.036930253786537075
954.365549322736,4675.29206836981,1210992.032245312,0.04086180906644402
954.365549322736,4675.29206836981,1207210.2397739599,0.03456434409242578
954.365549322736,4675.29206836981,1201086.1103864396,0.03821780033976332
954.365549322736,4675.29206836981,1194268.091760405,0.036726480562433016
954.365549322736,4675.29206836981,1183207.116283683,0.04363783980322502
954.365549322736,4675.29206836981,1187330.7773841056,0.040763573396972425
954.365549322736,4675.29206836981,1184608.5604855635,0.041141797242642025
954.365549322736,4675.29206836981,1178399.0188037567,0.043757130747489624
954.365549322736,4675.29206836981,1179702.0140735991,0.04366511043984465
954.365549322736,4675.29206836981,1181378.2027810076,0.04161778677086728
954.365549322736,4675.29206836981,1171926.1577552739,0.042687752396955186
954.365549322736,4675.29206836981,1172714.920987823,0.0423786051352997
954.365549322736,4675.29206836981,1175847.1932588185,0.03946216819062023
954.365549322736,4675.29206836981,1172036.5704350981,0.03973408456998239
954.365549322736,4675.29206836981,1174154.159619476,0.0389519697268195
954.365549322736,4675.29206836981,1170794.3322609907,0.040998211851047066
954.365549322736,4675.29206836981,1172305.5464100828,0.03979811100449109
954.365549322736,4675.29206836981,1172971.3074383738,0.03887990757013975
954.365549322736,4675.29206836981,1171724.6833060377,0.039754814273721
954.365549322736,4675.29206836981,1164730.9512104045,0.04472870222826289
954.365549322736,4675.29206836981,1165705.059408866,0.04427105916415102
954.365549322736,4675.29206836981,1161911.064185687,0.0474986346518434
954.365549322736,4675.29206836981,1157817.6073634108,0.0507645715530953
954.365549322736,4675.29206836981,1153062.8243332282,0.05447760842002738
954.365549322736,4403.476322059532,1140888.0567099475,0.07319231998932664
954.365549322736,4403.476322059532,1134146.4177236725,0.08205563531319614
954.365549322736,4403.476322059532,1139722.1610354984,0.07856103499364643
954.365549322736,4403.476322059532,1144150.0044966703,0.0735734233183012
954.365549322736,4403.476322059532,1146390.302728596,0.0706888961735568
954.365549322736,4403.476322059532,1145192.5227551896,0.07207893580532743
954.365549322736,4403.476322059532,1143838.269690053,0.0736322144740285
954.365549322736,4403.476322059532,1143515.844382366,0.0739170743504514
954.365549322736,4403.476322059532,1137784.2613147846,0.061375906370968895
954.365549322736,4403.476322059532,1132049.6652738717,0.04860773342164223
954.365549322736,4115.039628617542,1126312.056259627,0.03560789931723302
954.365549322736,4115.039628617542,1116693.4539363475,0.04630412662065842
954.365549322736,4115.039628617542,1111107.6708994298,0.051343271839102554
954.365549322736,4115.039628617542,1109950.808416067,0.05213360275837074
954.365549322736,4003.657643718594,1103931.2105448358,0.06102952622152082
954.365549322736,4003.657643718594,1106302.1965115608,0.05943445547404303
954.365549322736,4003.657643718594,1108371.8960005264,0.058373275778040454
954.365549322736,4003.657643718594,1105211.6872899742,0.060630072874544486
954.365549322736,4003.657643718594,1103436.9116956512,0.06175820675615905
954.365549322736,4003.657643718594,1100674.1359741427,0.06039478635612559
954.365549322736,4003.657643718594,1096823.6640482543,0.0639988989962664
954.365549322736,4003.657643718594,1092946.6601070792,0.06839062869280599
954.365549322736,4003.657643718594,1091494.7459858828,0.07043095289484608
954.365549322736,4003.657643718594,1088450.0955388576,0.07395239748050025
954.365549322736,4003.657643718594,1078844.4745120495,0.07378253790983488
954.365549322736,4003.657643718594,1076790.8242221822,0.0743027190013466
954.365549322736,4003.657643718594,1069000.992568094,0.07835845807914078
954.365549322736,4003.657643718594,1065268.8155839778,0.0800378581382049
954.365549322736,4003.657643718594,1063034.7815169764,0.08058058065762659
954.365549322736,4003.657643718594,1056747.46139792,0.08587958053993695
954.365549322736,4003.657643718594,1056858.973092877,0.08595039515565774
954.365549322736,4003.657643718594,1055348.741476337,0.08412181786586181
954.365549322736,4003.657643718594,1045305.601407758,0.08991823649991773
954.365549322736,4003.657643718594,1042422.5008924948,0.0909593010132901
954.365549322736,4003.657643718594,1039242.9486340133,0.091352480777029
954.365549322736,4003.657643718594,1041572.9785988113,0.09034398562268846
954.365549322736,4003.657643718594,1034525.0381106893,0.0899106477275159
954.365549322736,4003.657643718594,1029535.6741556444,0.08518756814896225
954.365549322736,4003.657643718594,1033158.203805591,0.08520957083377699
954.365549322736,4003.657643718594,1033558.7109768604,0.08563502859653065
954.365549322736,4003.657643718594,1034305.1087363292,0.08584048368784368
954.365549322736,4003.657643718594,1035983.9673489819,0.08631295935842813
954.365549322736,4003.657643718594,1031908.1203216836,0.08199126179132922
954.365549322736,4003.657643718594,1028451.0721559895,0.07696756299783104
955.599063914724,4003.657643718594,1027654.8642404863,0.07142853791229388
955.599063914724,4003.657643718594,1026042.1835780784,0.06853978813493475
955.599063914724,4003.657643718594,1026959.5653973148,0.06859494469223723
955.599063914724,4003.657643718594,1027202.128702976,0.0699239708488554
955.599063914724,4003.657643718594,1026078.4401894115,0.06884260951988148
955.599063914724,4003.657643718594,1026582.4685989533,0.0706621276389282
955.599063914724,4003.657643718594,1026250.6155207381,0.0693627451719244
955.599063914724,4003.657643718594,1025875.9584390587,0.06799173044797192
979.676631944986,4003.657643718594,1024473.4248449944,0.062124372917780245
979.676631944986,4003.657643718594,1025080.086517741,0.06472076976181192
979.676631944986,4003.657643718594,1022375.4306089553,0.06134244219929231
979.676631944986,4003.657643718594,1020554.707051839,0.055663739140393055
986.3156953965248,4003.657643718594,1019911.8268303981,0.04916314661279952
986.3156953965248,4003.657643718594,1019803.7454166851,0.0485068459712783
986.3156953965248,4003.657643718594,1019823.1998331407,0.04861945165756931
986.3156953965248,4003.657643718594,1019811.674598583,0.04856972626582283
986.3156953965248,4003.657643718594,1019650.6115420852,0.04760617915320387
986.3156953965248,4003.657643718594,1019651.1917071678,0.04766300667440308
986.3156953965248,4003.657643718594,1019494.3929803398,0.04687335973009287
991.0052774544972,4003.657643718594,1017825.0712573449,0.03531459578952109
986.3156953965248,4003.657643718594,1018577.9621117049,0.039828479038659895
986.3156953965248,4003.657643718594,1018432.5612534992,0.04081602839907001
979.676631944986,4003.657643718594,1018100.5774177451,0.04688198429263621
979.676631944986,4003.657643718594,1019877.9617358174,0.0396118583337251
979.676631944986,4003.657643718594,1019977.237993781,0.03855533704442675
979.676631944986,4003.657643718594,1020548.5945851185,0.03773742336656055
979.676631944986,4003.657643718594,1020883.8727076534,0.03425233039649679
979.676631944986,4003.657643718594,1021345.0913871139,0.03198635022351828
979.676631944986,4003.657643718594,1020800.5185738773,0.03456293467270003
955.599063914724,4003.657643718594,1021372.0657718577,0.04050341665501738
955.599063914724,4003.657643718594,1025716.4004308133,0.03421346755586213
955.599063914724,4003.657643718594,1024643.5833638166,0.0381742279872888
955.599063914724,4003.657643718594,1032432.8807834957,0.033332438216275205
955.599063914724,4003.657643718594,1033450.7179326833,0.03195395693395167
955.599063914724,4003.657643718594,1034550.6389529954,0.027390313524647072
979.676631944986,4003.657643718594,1038126.7823101056,0.017734945713514187
979.676631944986,4003.657643718594,1040301.9006031528,0.016608102809719423
979.676631944986,4003.657643718594,1041331.0483445355,0.01504190499588263
979.676631944986,4003.657643718594,1043519.2709202721,0.012208331995099183
979.676631944986,4003.657643718594,1050700.9756182095,0.010741765288827957
979.676631944986,4003.657643718594,1047880.946392241,0.013802102943486362
979.676631944986,4003.657643718594,1050708.2463355637,0.009793875845480275
979.676631944986,4003.657643718594,1052357.213509128,0.010011438983962034
979.676631944986,4003.657643718594,1052862.4040986458,0.008862480093699743
979.676631944986,4003.657643718594,1051579.3252482743,0.010912733012676642
979.676631944986,4003.657643718594,1057874.60208408,0.011956430713628646
979.676631944986,4003.657643718594,1056693.719459682,0.012378908110847457
979.676631944986,4003.657643718594,1058808.2244139605,0.00848386006817707
979.676631944986,4003.657643718594,1061213.1505962787,0.007904452338898924
979.676631944986,4003.657643718594,1062105.5459716257,0.007589726483427339
979.676631944986,4003.657643718594,1061329.6550608738,0.007580119845716033
979.676631944986,4003.657643718594,1056972.4935940541,0.007600491376528195
979.676631944986,4003.657643718594,1058781.882751544,0.006386103196172011
979.676631944986,4003.657643718594,1063061.9417184927,0.00905852645456718
979.676631944986,4003.657643718594,1065841.5185085135,0.010667276435385991
979.676631944986,4003.657643718594,1062841.0700730432,0.009181009392153855
979.676631944986,4003.657643718594,1075353.7315789694,0.023391649998220042
979.676631944986,4003.657643718594,1079948.0992344853,0.028708561641395253
979.676631944986,4003.657643718594,1080021.6627727195,0.028719265979961345
979.676631944986,4003.657643718594,1083067.1421820938,0.029590320700658788
979.676631944986,4003.657643718594,1077029.934210613,0.03279205776552322
979.676631944986,4003.657643718594,1082521.5782862937,0.037657451213025606
979.676631944986,4003.657643718594,1086177.6162354443,0.04058985087832591
979.676631944986,4003.657643718594,1084076.886231286,0.03913678934460951
979.676631944986,4003.657643718594,1087045.7896862675,0.040353697809672594
979.676631944986,4003.657643718594,1090912.8304887128,0.04242844074581095
979.676631944986,4003.657643718594,1098443.412121797,0.04883624986127283
979.676631944986,4003.657643718594,1094642.4224617714,0.04643139639423853
979.676631944986,4003.657643718594,1094737.6522109555,0.04657024034880538
979.676631944986,4003.657643718594,1097514.9507417462,0.04970155117746012
979.676631944986,4003.657643718594,1094647.830914241,0.04754776518212183
979.676631944986,4003.657643718594,1090218.3411467944,0.04263517950973194
979.676631944986,4003.657643718594,1103052.3180877175,0.056766749779963044
979.676631944986,4003.657643718594,1109346.054394843,0.05777396859270639
979.676631944986,4003.657643718594,1110989.2659464828,0.05744591521555875
979.676631944986,4003.657643718594,1108672.8360354358,0.05682297594339801
979.676631944986,4003.657643718594,1111576.4959810507,0.05867793817482856
979.676631944986,4003.657643718594,1121372.2367804854,0.05808382578706288
979.676631944986,4003.657643718594,1121477.1648274763,0.05819057684251068
979.676631944986,4003.657643718594,1124439.9883306718,0.05958245599684285
979.676631944986,4003.657643718594,1121935.9514820743,0.059704951452189195
979.676631944986,4003.657643718594,1122346.1008680642,0.05994546366038072
979.676631944986,4003.657643718594,1132713.3498533845,0.0654315166845581
979.676631944986,4003.657643718594,1131310.391098832,0.06613817898141444
979.676631944986,4003.657643718594,1133565.2856893677,0.06837464470764723
979.676631944986,4003.657643718594,1125030.1773516275,0.06230716345124155
979.676631944986,4003.657643718594,1125375.4428358062,0.06253602562823117
979.676631944986,4003.657643718594,1121947.5180702966,0.06145998499572415
979.676631944986,4003.657643718594,1132319.8246040123,0.06451568053127817
979.676631944986,4003.657643718594,1130214.9599508187,0.0632841380847255
979.676631944986,4003.657643718594,1131436.3432042934,0.0643425701753414
979.676631944986,4003.657643718594,1133043.096061809,0.0643686765408879
979.676631944986,4003.657643718594,1132123.6726634821,0.06433515697043318
979.676631944986,4003.657643718594,1128130.5066018903,0.0636906904155707
979.676631944986,4003.657643718594,1120422.5190023298,0.05863012874082542
979.676631944986,4003.657643718594,1124912.9500362794,0.05774963193460601
979.676631944986,4003.657643718594,1130334.5339400978,0.06294255932949179
979.676631944986,4003.657643718594,1131259.0682391247,0.06365726275276465
979.676631944986,4003.657643718594,1129817.4064666799,0.06331553150210766
979.676631944986,4003.657643718594,1132885.989664083,0.064173998834503
979.676631944986,4003.657643718594,1133422.326655938,0.06396643918586499
979.676631944986,4003.657643718594,1134191.292054163,0.06383487859958693
979.676631944986,4003.657643718594,1135327.0788281364,0.0641548955743445
979.676631944986,4003.657643718594,1150719.3135221193,0.07256357568236708
979.676631944986,4003.657643718594,1156234.0674573844,0.0694357507074681
979.676631944986,4003.657643718594,1160505.951739908,0.06725161124735206
979.676631944986,4003.657643718594,1160740.904345111,0.06657803815081142
979.676631944986,4003.657643718594,1169210.5199013557,0.06230453832893695
979.676631944986,4003.657643718594,1172339.7238032506,0.06348921285729531
979.676631944986,4003.657643718594,1172857.9063207144,0.06235316289335148
979.676631944986,4003.657643718594,1175974.4851095506,0.05950147722321509
979.676631944986,4003.657643718594,1177849.6502804942,0.055741187280582846
979.676631944986,4003.657643718594,1179445.757093012,0.05478878164332215
979.676631944986,4003.657643718594,1179632.2073804825,0.05460587708394142
979.676631944986,4003.657643718594,1182153.2001261294,0.05424205313877104
979.676631944986,4003.657643718594,1185126.628026899,0.050267939973267624
979.676631944986,4003.657643718594,1185085.8583191806,0.050295272743364046
979.676631944986,4003.657643718594,1187527.817391467,0.04747004485689106
979.676631944986,4003.657643718594,1187753.8229498295,0.04537448298760093
979.676631944986,4003.657643718594,1186101.3825079654,0.0483872466647991
979.676631944986,4003.657643718594,1188463.2012264815,0.047470175377850664
979.676631944986,4003.657643718594,1189321.3792587295,0.046234436739612715
979.676631944986,4003.657643718594,1191598.5005568739,0.040715465435135746
979.676631944986,4003.657643718594,1191679.3554532062,0.03702636728848886
979.676631944986,4003.657643718594,1197500.3126151878,0.031092624644516696
1007.24191180925,4003.657643718594,1197894.3182558503,0.02460730550478408
1036.54219328924,4003.657643718594,1198957.8380559199,0.013824691739772554
1036.54219328924,4003.657643718594,1199122.2314165253,0.013232868823732168
1036.54219328924,4003.657643718594,1201092.6763213912,0.006152639057441291
1036.54219328924,4003.657643718594,1201117.341973422,0.003960432871465437
1047.37438309857,4003.657643718594,1202621.3661914722,-0.004683440021142323
1047.37438309857,4003.657643718594,1203605.2119329663,-0.007018030014869534
1052.4183679643302,4003.657643718594,1202379.5831177442,-0.013159678023818221
1052.4183679643302,4003.657643718594,1202410.9443197073,-0.012996653867998269
1052.4183679643302,4003.657643718594,1202806.1094664328,-0.016278563535868457
1052.4183679643302,4003.657643718594,1203960.1818282458,-0.011741241806443285
1154.23599696128,4003.657643718594,1203733.848674837,-0.019918605028176873
1168.15990416136,4003.657643718594,1203777.9220932503,-0.026467864795345266
1198.10830325141,4003.657643718594,1203546.256142482,-0.0335286650566691
1168.15990416136,4003.657643718594,1203486.076236214,-0.030623297268972748
1198.10830325141,4003.657643718594,1204031.0788654566,-0.03983754611687712
1198.10830325141,4003.657643718594,1202547.6681153057,-0.044865118942411825
1198.10830325141,4003.657643718594,1203158.310745844,-0.04164182579767428
1198.10830325141,4003.657643718594,1200346.9496316346,-0.04676756814970819
1198.10830325141,4003.657643718594,1201074.0491431528,-0.04492480973161777
1198.10830325141,4003.657643718594,1202383.031433745,-0.04090103195052905
1198.10830325141,4003.657643718594,1198888.3788924816,-0.04710477662723761
1198.10830325141,4003.657643718594,1198018.0590936234,-0.04971457998611803
1198.10830325141,4003.657643718594,1198378.5028289647,-0.04872125261714551
1198.10830325141,4003.657643718594,1198560.253640319,-0.04815724382879845
1198.10830325141,4003.657643718594,1199030.7186268517,-0.046518309553265046
1198.10830325141,4003.657643718594,1199975.747297303,-0.04321004300406082
1205.6370376297198,4003.657643718594,1197726.295422702,-0.0512834946022839
1205.6370376297198,4003.657643718594,1194737.382731414,-0.05319317497862379
1205.6370376297198,4003.657643718594,1190257.699879398,-0.05833637657005631
1205.6370376297198,4003.657643718594,1190092.611954856,-0.0585584688212103
1205.6370376297198,4003.657643718594,1185461.11269669,-0.058301892202822905
1205.6370376297198,4003.657643718594,1186115.4342732534,-0.05783978265472302
1205.6370376297198,4003.657643718594,1180308.15806531,-0.05978962464721616
1205.6370376297198,4003.657643718594,1176412.009890363,-0.060199322737202444
1205.6370376297198,4003.657643718594,1174546.5464525542,-0.061762412668866666
1205.6370376297198,4003.657643718594,1169762.6631751908,-0.0636482371459466
1205.6370376297198,4003.657643718594,1163455.9613159688,-0.0658301237964144
1205.6370376297198,4003.657643718594,1161213.3703085291,-0.06532857168589956
1205.6370376297198,4003.657643718594,1159678.7980739654,-0.06797447527260445
1205.6370376297198,4003.657643718594,1157614.2874581013,-0.06634905947580969
1205.6370376297198,4003.657643718594,1160650.9047677019,-0.06764752368785075
1205.6370376297198,4003.657643718594,1154163.0044420052,-0.06951630464534246
1205.6370376297198,4003.657643718594,1154919.5667202992,-0.06770674587800224
1205.6370376297198,4003.657643718594,1154649.6550282242,-0.06759205219798425
1205.6370376297198,4003.657643718594,1155133.8909738632,-0.06717422917119441
1205.6370376297198,4003.657643718594,1158538.4614601142,-0.06806179178447366
1205.6370376297198,4003.657643718594,1146227.3776338978,-0.06460649915445117
1205.6370376297198,4003.657643718594,1144535.8753219259,-0.06455282381475685
1205.6370376297198,4003.657643718594,1143921.1319784664,-0.06450139050183504
1205.6370376297198,4003.657643718594,1141738.977486004,-0.06361880270100918
1205.6370376297198,4003.657643718594,1134255.731607508,-0.05427072554764347
1205.6370376297198,4003.657643718594,1134984.292762866,-0.05371938820913963
1205.6370376297198,4003.657643718594,1130989.2689871015,-0.05169424840769937
1205.6370376297198,4003.657643718594,1120565.3676883776,-0.04323583621035264
1205.6370376297198,4003.657643718594,1123779.1432577146,-0.04454401503928733
1205.6370376297198,4003.657643718594,1120801.122740292,-0.04227881931213626
1205.6370376297198,4003.657643718594,1117615.288300238,-0.040838642997554346
1205.6370376297198,4003.657643718594,1117453.0650729823,-0.04062608712783294
1205.6370376297198,3932.277039354789,1109384.698425649,-0.029187024199157394
1205.6370376297198,3932.277039354789,1107385.6345975422,-0.02733804252901449
1205.6370376297198,3932.277039354789,1104996.6609015777,-0.02659787069512865
1205.6370376297198,3932.277039354789,1104786.6631935518,-0.026385586418826906
1205.6370376297198,3932.277039354789,1105309.5315998124,-0.026933225655216043
1205.6370376297198,3932.277039354789,1101516.7534801392,-0.024741710510003498
1205.6370376297198,3932.277039354789,1102203.116915038,-0.02534489689268386
1205.6370376297198,3932.277039354789,1094994.183772774,-0.02103153719980723
1205.6370376297198,3932.277039354789,1096817.1348942688,-0.02350436213030817
1205.6370376297198,3932.277039354789,1091714.160937754,-0.01770275986842933
1205.6370376297198,3932.277039354789,1085165.7451399027,-0.008175072919643065
1205.6370376297198,3786.204660497868,1077312.987254022,0.003117815492068608
1205.6370376297198,3786.204660497868,1068687.082782333,0.011392429068300411
1205.6370376297198,3786.204660497868,1060309.8092478246,0.01958981507398718
1205.6370376297198,3786.204660497868,1058147.4460968992,0.022371624599332462
1198.10830325141,3786.204660497868,1055771.814518117,0.0165044992595391
1168.15990416136,3786.204660497868,1048353.1914147504,0.01666083783922526
1154.23599696128,3728.414500652118,1034506.9410644375,0.018527160625521958
1154.23599696128,3728.414500652118,1032857.2382566126,0.019737597685104958
1154.23599696128,3728.414500652118,1033708.630468844,0.018861951650094157
1154.23599696128,3728.414500652118,1030652.1583624623,0.021375895007923744
1154.23599696128,3728.414500652118,1021983.5957950098,0.029140321158063132
1154.23599696128,3728.414500652118,1012716.8156545593,0.03350295218940543
1154.23599696128,3728.414500652118,1007063.8454023744,0.03796503129946324
1154.23599696128,3728.414500652118,1007777.5514077966,0.03717804037839506
1154.23599696128,3728.414500652118,1000323.7691802636,0.037149305133187864
1154.23599696128,3728.414500652118,1002401.0983127943,0.03713257615917489
1154.23599696128,3728.414500652118,995358.2053697703,0.03975469055065882
1154.23599696128,3728.414500652118,987099.777330517,0.044501850559775465
1154.23599696128,3713.7838345006758,985150.9625211766,0.0481716902585407
1154.23599696128,3713.7838345006758,975635.3868930992,0.05317818038461229
1154.23599696128,3713.7838345006758,979399.2602213946,0.05494488777067523
1154.23599696128,3713.7838345006758,980334.1675712742,0.05423583759556293
1154.23599696128,3713.7838345006758,980344.3303946147,0.05423504152581497
1154.23599696128,3713.7838345006758,978497.0220935723,0.05482708618208983
1154.23599696128,3713.7838345006758,976746.6406540533,0.05534351210473117
1154.23599696128,3713.7838345006758,974454.7809631855,0.05637618689229229
1154.23599696128,3713.7838345006758,971230.779184012,0.053910884886378345
1154.23599696128,3713.7838345006758,970588.5680746834,0.05313468982912528
1154.23599696128,3713.7838345006758,970108.0900421676,0.0528812769601529
1154.23599696128,3713.7838345006758,968930.6681072516,0.05331780682132511
1154.23599696128,3713.7838345006758,965384.6235866444,0.05063515585554744
1154.23599696128,3713.7838345006758,957967.0248150046,0.05288173160574499
1154.23599696128,3713.7838345006758,959446.691856593,0.053817097002515545
1154.23599696128,3713.7838345006758,961927.9497409837,0.05665639055916453
1154.23599696128,3713.7838345006758,956459.8376190552,0.059020926735720576
1154.23599696128,3713.7838345006758,955158.5656328698,0.05841399566200746
1154.23599696128,3713.7838345006758,950934.7995653081,0.05693545399867174
1154.23599696128,3713.7838345006758,945424.2101787969,0.054143657337792056
1154.23599696128,3713.7838345006758,945520.1884599767,0.05434271629349253
1154.23599696128,3713.7838345006758,949346.6186491705,0.05706796399629867
1154.23599696128,3713.7838345006758,949986.1878551199,0.06015026194816165
1154.23599696128,3713.7838345006758,948750.3816517743,0.05584528244430283
1154.23599696128,3713.7838345006758,945528.8437054086,0.056679205214919696
1154.23599696128,3713.7838345006758,948476.6427687958,0.05895794224997574
1154.23599696128,3713.7838345006758,945808.5398310346,0.05304883139647211
1154.23599696128,3713.7838345006758,945043.5775240812,0.05163864598670204
1154.23599696128,3713.7838345006758,944243.7445430872,0.04823882337965872
1154.23599696128,3713.7838345006758,943792.0323011037,0.0469007747862972
1168.15990416136,3713.7838345006758,943850.0912993471,0.04056246934562683
1198.10830325141,3713.7838345006758,942296.7963323791,0.03180926811073082
1205.6370376297198,3713.7838345006758,940808.2477781838,0.02489137159955107
1208.31146143856,3713.7838345006758,940454.8565915009,0.019689614611640413
1209.7383244599198,3713.7838345006758,940561.7441802596,0.01656415701079795
1211.31243778901,3713.7838345006758,940165.6233718044,0.00826536228153679
1211.31243778901,3713.7838345006758,939718.3957803382,0.006701647720099437
1230.39378360822,3713.7838345006758,939538.3086846852,-0.005025833681408101
1230.39378360822,3713.7838345006758,939468.6522551854,-0.005261521591896755
1230.39378360822,3713.7838345006758,940544.7339671582,-0.0016605658728874025
1239.95372302831,3713.7838345006758,939735.2865493472,-0.007851279328774333
1239.95372302831,3713.7838345006758,940132.9194224228,-0.010288790923132557
1288.9104749360902,3713.7838345006758,938853.7801219552,-0.021291798531608744
1303.91239214767,3713.7838345006758,939505.8348975304,-0.026659938322500975
1310.22321239596,3713.7838345006758,939255.9278736269,-0.035093058405299395
1310.22321239596,3713.7838345006758,938516.6817218263,-0.03138630074579726
1321.0755079941698,3713.7838345006758,939115.9399853466,-0.03647123514314916
1321.0755079941698,3713.7838345006758,941546.825685267,-0.0389390850372019
1348.31498280649,3713.7838345006758,941982.1826275125,-0.04215793868687733
1348.31498280649,3713.7838345006758,943337.4577565404,-0.046710101047836315
1352.83610474231,3713.7838345006758,944977.8589195746,-0.0541113161245612
1360.32265833327,3713.7838345006758,946627.7954395342,-0.06922639212424114
1360.32265833327,3713.7838345006758,944080.6099845648,-0.06427483951865591
1393.34718840665,3713.7838345006758,945026.2452649294,-0.07051701129908233
1393.34718840665,3713.7838345006758,941540.5974823219,-0.07046269996793783
1393.34718840665,3713.7838345006758,941553.1189680676,-0.07048672624336817
1393.34718840665,3713.7838345006758,943509.7082240448,-0.07424199173480452
1393.34718840665,3713.7838345006758,943186.4409060866,-0.07390518911591229
1393.34718840665,3713.7838345006758,941479.3262720448,-0.07179336822254936
1393.34718840665,3713.7838345006758,940830.3218949427,-0.06990564918849465
1393.34718840665,3713.7838345006758,943913.8230684345,-0.07069187501245008
1393.34718840665,3713.7838345006758,941436.4629430062,-0.07150314384370701
1393.34718840665,3713.7838345006758,946447.8851075778,-0.07577872347119892
1393.34718840665,3713.7838345006758,944717.7782150966,-0.07173930712599749
1393.34718840665,3713.7838345006758,947613.3638200659,-0.07011451284377007
1393.34718840665,3713.7838345006758,952131.7381325678,-0.07355190643369214
1393.34718840665,3713.7838345006758,955153.1040080067,-0.07818618365171635
1393.34718840665,3713.7838345006758,955068.1291406649,-0.07825315438565235
1393.34718840665,3713.7838345006758,959080.9172831532,-0.07877353835669233
1393.34718840665,3713.7838345006758,964730.3764858126,-0.07868549039617183
1393.34718840665,3713.7838345006758,968388.7969995225,-0.07708451031722341
1393.34718840665,3713.7838345006758,972083.0341228825,-0.07661917471134809
1393.34718840665,3713.7838345006758,975820.5154003942,-0.07593947375803524
1393.34718840665,3713.7838345006758,978997.5038329094,-0.0776662721313905
1393.34718840665,3713.7838345006758,984618.5432222836,-0.07588375201700055
1393.34718840665,3713.7838345006758,982986.047984894,-0.07692718796500242
1393.34718840665,3713.7838345006758,988732.102823313,-0.06982991420640881
1393.34718840665,3713.7838345006758,993005.091432578,-0.0680363162819029
1393.34718840665,3713.7838345006758,992413.2309057065,-0.06916595336292063
1393.34718840665,3713.7838345006758,989024.8276194042,-0.07297008624903117
1393.34718840665,3713.7838345006758,992779.6004735027,-0.07136924325216527
1393.34718840665,3713.7838345006758,998815.1881494819,-0.0648612853354274
1393.34718840665,3713.7838345006758,1011250.3649447378,-0.06154772996396882
1393.34718840665,3713.7838345006758,1007417.8980489668,-0.0645210516341315
1393.34718840665,3713.7838345006758,1011677.4753609728,-0.058862877335085675
1393.34718840665,3713.7838345006758,1020223.8896010161,-0.049363857827186566
1393.34718840665,3713.7838345006758,1022141.7781601337,-0.04809332041498303
1393.34718840665,3713.7838345006758,1027533.7099073667,-0.04182816385156321
1393.34718840665,3713.7838345006758,1024812.902283431,-0.04465179671962509
1393.34718840665,3713.7838345006758,1028581.1923642455,-0.04301604794432621
1393.34718840665,3713.7838345006758,1027290.7009305683,-0.044617399145648017
1393.34718840665,3713.7838345006758,1025390.5991169772,-0.046540191893042426
1393.34718840665,3857.536425064526,1036876.3415517893,-0.03171103556079062
1393.34718840665,3857.536425064526,1040734.1286926584,-0.028350015142278574
1393.34718840665,3857.536425064526,1035361.2025401574,-0.03601087786821376
1393.34718840665,3857.536425064526,1033772.2833856284,-0.036664708038173933
1393.34718840665,3857.536425064526,1040991.8808499018,-0.032138705450320056
1393.34718840665,3857.536425064526,1045388.5025285633,-0.031018127059887775
1393.34718840665,3857.536425064526,1047372.6264167831,-0.029336665438921952
1393.34718840665,3857.536425064526,1048586.3071632772,-0.02817166895852785
1393.34718840665,3857.536425064526,1045641.4662551493,-0.029766762107686067
1393.34718840665,3857.536425064526,1051675.6998207888,-0.023291800064779336
1393.34718840665,3857.536425064526,1060707.3866527758,-0.019140757590247578
1393.34718840665,3857.536425064526,1067052.4021248955,-0.013207337629139686
1393.34718840665,3857.536425064526,1064192.6734053495,-0.015890720624312727
1393.34718840665,3857.536425064526,1067009.8331222204,-0.017831843230374567
1393.34718840665,4029.297421391366,1077143.3941740743,-0.001438713818265505
1393.34718840665,4029.297421391366,1090367.898161189,0.01029188278388279
1393.34718840665,4029.297421391366,1092749.3835552556,0.011611938407506855
1393.34718840665,4029.297421391366,1095012.7109469436,0.011046590585759757
1393.34718840665,4029.297421391366,1094988.8785196696,0.011025044114855016
1393.34718840665,4029.297421391366,1099833.510764985,0.013482084700022151
1393.34718840665,4029.297421391366,1095774.4011010393,0.012930755328729733
1393.34718840665,4029.297421391366,1100217.7696081018,0.014297242454708908
1393.34718840665,4029.297421391366,1106752.263489091,0.016125134234307413
1393.34718840665,4029.297421391366,1120614.810632206,0.02598402991233047
1393.34718840665,4029.297421391366,1123158.896957656,0.025198382302354997
1393.34718840665,4060.247617758386,1137878.4247233323,0.04117114634624884
1393.34718840665,4060.247617758386,1141591.9610240324,0.04524067821266978
1393.34718840665,4060.247617758386,1142931.210298861,0.0458595707528001
1393.34718840665,4060.247617758386,1146395.97560402,0.04563263309925624
1393.34718840665,4060.247617758386,1150265.6991702104,0.047261962481404
1393.34718840665,4060.247617758386,1160235.443444459,0.05041880915283502
1393.34718840665,4060.247617758386,1169995.7957295899,0.0543576864181094
1393.34718840665,4060.247617758386,1173172.4276016494,0.05479283456624114
1393.34718840665,4060.247617758386,1165026.6487846435,0.04997334055565963
1393.34718840665,4060.247617758386,1171177.2875917892,0.05229530115046411
1393.34718840665,4060.247617758386,1177308.7264401736,0.053893154426934285
1393.34718840665,4060.247617758386,1181492.109266069,0.04745323743193724
1393.34718840665,4060.247617758386,1178624.6842683046,0.048082259918899105
1393.34718840665,4060.247617758386,1177836.0896447196,0.048035922912424645
1393.34718840665,4060.247617758386,1183643.578393909,0.04295031372731146
1393.34718840665,4060.247617758386,1185568.1025598743,0.04184099968122527
1393.34718840665,4060.247617758386,1186945.227597055,0.03969056202963186
1393.34718840665,4060.247617758386,1187218.9321281172,0.03941757785111879
1393.34718840665,4060.247617758386,1192518.5114216404,0.036527527589781124
1393.34718840665,4060.247617758386,1194544.5383853638,0.03623705362520477
1393.34718840665,4060.247617758386,1197159.5523772598,0.034487999120566076
1393.34718840665,4060.247617758386,1197782.3729212685,0.03362573984059926
1393.34718840665,4060.247617758386,1198852.4816029237,0.03250993787329569
1412.11081336641,4060.247617758386,1199963.1050223946,0.026712970227813396
1412.11081336641,4060.247617758386,1204722.1901971737,0.0196076492139814
1412.11081336641,4060.247617758386,1201997.9989861432,0.024670471807101014
1412.11081336641,4060.247617758386,1202988.154257022,0.022897361186278182
1412.11081336641,4060.247617758386,1203681.3140681337,0.02164915659126649
1438.37793147026,4060.247617758386,1204670.394852007,0.015526365605914666
1438.37793147026,4060.247617758386,1208756.7310980163,0.01593010755603687
1438.37793147026,4060.247617758386,1215305.4924269565,0.00880887933989427
1438.37793147026,4060.247617758386,1215451.4063845,0.008365724376960688
1438.37793147026,4060.247617758386,1217237.8491640491,0.002984923793006308
1438.37793147026,4060.247617758386,1217943.6581443953,0.0014929798431422355
1443.22253577461,4060.247617758386,1219315.716614913,-0.006322103617061499
1443.22253577461,4060.247617758386,1220081.8990703933,-0.008151142079562376
1443.22253577461,4060.247617758386,1219746.277623158,-0.00652249824999384
1443.22253577461,4060.247617758386,1219879.7818995074,-0.005835267726632127
1467.1545087678198,4060.247617758386,1218917.881457381,-0.013388163096215922
1472.38271535719,4060.247617758386,1219840.8155482023,-0.017860701165135686
1472.38271535719,4060.247617758386,1217226.9881218083,-0.02624858422934211
1480.59308354046,4060.247617758386,1217566.427864933,-0.028707340095541618
1480.59308354046,4060.247617758386,1217578.5106391376,-0.02743619002865893
1482.62647261115,4060.247617758386,1217727.9947466936,-0.029404623727703135
1509.8607616125198,4060.247617758386,1217421.1295626445,-0.035915256672373726
1482.62647261115,4060.247617758386,1217191.6477096386,-0.03397820126134496
1482.62647261115,4060.247617758386,1216973.3494309064,-0.0348135656237161
1509.8607616125198,4060.247617758386,1215633.1521227295,-0.045045210659010196
1509.8607616125198,4060.247617758386,1214542.962781722,-0.04965754985859996
1509.8607616125198,4060.247617758386,1212742.702165992,-0.05228950485588777
1509.8607616125198,4060.247617758386,1210184.045082598,-0.05655449937326204
1509.8607616125198,4060.247617758386,1209412.0991408674,-0.05985290511869185
1509.8607616125198,4060.247617758386,1209086.9027487938,-0.06059564199615676
1509.8607616125198,4060.247617758386,1209360.9745476362,-0.060316026930395845
1509.8607616125198,4060.247617758386,1208834.5130112267,-0.06112506184567566
1509.8607616125198,4060.247617758386,1207299.661797242,-0.06433586188759424
1509.8607616125198,4060.247617758386,1205224.1475592293,-0.06828477924197277
1509.8607616125198,4060.247617758386,1205057.0159784658,-0.07113031837524987
1509.8607616125198,4060.247617758386,1203058.0154318453,-0.07307688146757452
1509.8607616125198,4060.247617758386,1203786.4010500684,-0.07201546997102452
1509.8607616125198,4060.247617758386,1202256.0287864374,-0.07335730249949046
1509.8607616125198,4060.247617758386,1196790.7096393106,-0.0796199066103994
1509.8607616125198,4060.247617758386,1193900.9716114465,-0.0806500359222177
1509.8607616125198,4060.247617758386,1192373.1264865382,-0.08228442525167273
1509.8607616125198,4060.247617758386,1187107.4940870814,-0.09117401081236667
1509.8607616125198,4060.247617758386,1187909.099447218,-0.09086578076228985
1509.8607616125198,4060.247617758386,1188060.1459386593,-0.09078178623810348
1509.8607616125198,4060.247617758386,1188243.571513426,-0.09063419468054902
1509.8607616125198,4060.247617758386,1186609.578531478,-0.09013765179570639
1509.8607616125198,4060.247617758386,1186732.7454469523,-0.08998183634764972
1509.8607616125198,4060.247617758386,1183206.702560958,-0.08722534796899323
1509.8607616125198,4060.247617758386,1174651.6104167523,-0.08350557445448444
1509.8607616125198,4060.247617758386,1176885.1012486217,-0.08265592877122661
1509.8607616125198,4060.247617758386,1178967.2830151892,-0.08177688065728476
1509.8607616125198,4060.247617758386,1170131.7020576214,-0.08238947992897534
1509.8607616125198,4060.247617758386,1167267.711345806,-0.08393156300667264
1509.8607616125198,4060.247617758386,1156486.1000709422,-0.0844499914436306
1509.8607616125198,4060.247617758386,1155554.5464668449,-0.08543682140549834
1509.8607616125198,4060.247617758386,1152355.5340811883,-0.08539317507577271
1509.8607616125198,4060.247617758386,1150542.2480475372,-0.08472310040004635
1509.8607616125198,4060.247617758386,1145679.428958482,-0.08359707323988828
1509.8607616125198,4060.247617758386,1137017.848088394,-0.07868678427884536
1509.8607616125198,4060.247617758386,1137269.6492455662,-0.07871268681465081
1509.8607616125198,4060.247617758386,1138885.491167599,-0.07992368137040518
1509.8607616125198,4060.247617758386,1135455.5409960581,-0.08006008600744796
1509.8607616125198,4060.247617758386,1131599.2437120972,-0.07673065345134018
1509.8607616125198,4060.247617758386,1130857.7884382769,-0.07605799677387602
1509.8607616125198,4060.247617758386,1128265.406993421,-0.07507854640142306
1509.8607616125198,4060.247617758386,1118695.6999960141,-0.06419865376565109
1509.8607616125198,4060.247617758386,1109031.1880256373,-0.05822880011779676
1509.8607616125198,4060.247617758386,1104501.20834378,-0.05406833474369256
1509.8607616125198,4060.247617758386,1100190.2752528165,-0.05358961878721048
1509.8607616125198,4060.247617758386,1092040.6983800326,-0.04622505935203487
1509.8607616125198,4060.247617758386,1083474.6825391543,-0.037495878672657176
1509.8607616125198,4060.247617758386,1082288.2288854509,-0.03666311172233678
1509.8607616125198,4060.247617758386,1072570.6427202343,-0.029674857198772837
1509.8607616125198,4060.247617758386,1074154.6767949522,-0.03069634533527295
1509.8607616125198,4060.247617758386,1065451.1632559989,-0.017384751571066708
1509.8607616125198,4060.247617758386,1059904.124355938,-0.012135139567866129
1509.8607616125198,4060.247617758386,1052572.2727878338,-0.003949637374047568
1509.8607616125198,4060.247617758386,1042211.1587801469,0.0018654748568439168
1509.8607616125198,4060.247617758386,1041626.605586497,0.0023082846268157593
1509.8607616125198,4060.247617758386,1038521.4731863098,0.0038010324664915795
1509.8607616125198,4060.247617758386,1032198.1145954286,0.011729825367985487
1509.8607616125198,3943.804991266949,1016418.6639927514,0.03183698007455818
1509.8607616125198,3943.804991266949,1008308.9114608679,0.04147705952396244
1509.8607616125198,3943.804991266949,1007648.5187285203,0.04173959396829357
1509.8607616125198,3943.804991266949,1003506.7238954619,0.045953466953508104
1509.8607616125198,3943.804991266949,999892.3353424864,0.05195993991403811
1509.8607616125198,3943.804991266949,998838.5732063561,0.0533159818150832
1509.8607616125198,3943.804991266949,996979.4955722962,0.054419862015305166
1509.8607616125198,3943.804991266949,1003150.6218377815,0.04951384074423749
1509.8607616125198,3943.804991266949,998842.5441473055,0.05119826405442034
1509.8607616125198,3943.804991266949,996419.4770723637,0.05536640117205607
1509.8607616125198,3943.804991266949,1003942.0254508487,0.05064832220807053
1509.8607616125198,3943.804991266949,1005252.0430932837,0.04900768066253015
1509.8607616125198,3943.804991266949,1006488.0244820382,0.04863206759931778
1509.8607616125198,3943.804991266949,1004965.4014376443,0.04844844201529779
1509.8607616125198,3555.881580308797,999038.2078908345,0.05995797400450576
1509.8607616125198,3555.881580308797,1002214.1902600945,0.05895287391089601
1509.8607616125198,3555.881580308797,999047.5532097847,0.06132377901446147
1509.8607616125198,3555.881580308797,998678.1190542823,0.06187527706013189
1509.8607616125198,3555.881580308797,997149.3906862333,0.062957360856166
1509.8607616125198,3555.881580308797,995513.4821147844,0.06399843501630544
1509.8607616125198,3555.881580308797,990953.3096102098,0.06465281134259346
1509.8607616125198,3555.881580308797,986656.6499127258,0.06601124626196352
1509.8607616125198,3555.881580308797,991998.0304040496,0.06390809165707603
1509.8607616125198,3555.881580308797,995693.2757059714,0.062396886229214917
1509.8607616125198,3555.881580308797,996455.3167090041,0.06206534022321435
1509.8607616125198,3555.881580308797,999014.8008743578,0.05904118725190143
1509.8607616125198,3555.881580308797,1002975.597531425,0.05868589203579466
1509.8607616125198,3555.881580308797,1001266.2971500272,0.057408980898326176
1509.8607616125198,3555.881580308797,999141.6153034644,0.05802502458782986
1509.8607616125198,3555.881580308797,994696.4126388833,0.05697591121152072
1509.8607616125198,3555.881580308797,991019.2530717534,0.05517552929268496
1509.8607616125198,3555.881580308797,990581.0088383198,0.05521548552531406
1509.8607616125198,3555.881580308797,990730.9227262771,0.05527771650308836
1509.8607616125198,3555.881580308797,988967.1129269566,0.04995310707693462
1509.8607616125198,3555.881580308797,988575.6422285197,0.04970985840591461
1509.8607616125198,3555.881580308797,982260.1161735979,0.04996704271401812
1509.8607616125198,3555.881580308797,980361.5869506143,0.045833087415256935
1509.8607616125198,3555.881580308797,980984.3240167451,0.0470272980813937
1509.8607616125198,3555.881580308797,976507.1059890405,0.04497787456113688
1509.8607616125198,3555.881580308797,972778.318864275,0.04624658215119904
1527.6870459963,3555.881580308797,971922.9875828595,0.03933422829119713
1527.6870459963,3555.881580308797,971270.6650882246,0.038723577649254694
1527.6870459963,3555.881580308797,972691.8603899946,0.04080425679045925
1527.6870459963,3555.881580308797,972076.5192663872,0.039841250419274894
1536.49678802396,3555.881580308797,972203.8170808033,0.036988648943891984
1536.49678802396,3555.881580308797,974896.025714805,0.04287854990849328
1536.49678802396,3555.881580308797,974985.6922060713,0.04328381127796569
1536.49678802396,3555.881580308797,976252.9849706102,0.04737273266998533
1536.49678802396,3555.881580308797,977175.922536083,0.05150715196576678
1536.49678802396,3555.881580308797,977249.4257601321,0.052871771570703434
1543.99631109416,3555.881580308797,975770.767227861,0.0458382913786797
1543.99631109416,3555.881580308797,976372.056899108,0.04302310787312523
1543.99631109416,3555.881580308797,974610.3899671265,0.037771659671200206
1565.55206996151,3555.881580308797,971690.0659824769,0.028026784315217313
1565.55206996151,3555.881580308797,973965.7187799005,0.03292548990197071
1569.3154878233802,3555.881580308797,974017.0300390716,0.0320010856102944
1569.93090868557,3555.881580308797,975520.8422480621,0.025402467068094205
1569.93090868557,3555.881580308797,975852.1552037764,0.023036842643617942
