337.704128996756,3736.1124395853103,832081.1887438634,0.04667889508963796
337.704128996756,3736.1124395853103,831134.7531438033,0.038981669895835215
337.704128996756,3736.1124395853103,836069.1783936231,0.030604348171487085
337.704128996756,3736.1124395853103,836882.220500459,0.02750197682812482
337.704128996756,3736.1124395853103,836960.2008315787,0.025969637958461942
337.704128996756,3736.1124395853103,834877.4080769658,0.01608984166796045
375.0291818698671,3736.1124395853103,836054.5218291881,-0.0002270103032428919
413.73797537692,3736.1124395853103,836955.9811300851,-0.008435432938366141
413.73797537692,3736.1124395853103,837465.9389972803,-0.012080040513177263
413.73797537692,3736.1124395853103,833165.4844476304,-0.010320257375786082
413.73797537692,3736.1124395853103,832480.994321899,-0.008416905241584434
456.81696811073,3736.1124395853103,847711.6619764086,-0.010548314174915294
461.325457722606,3736.1124395853103,857763.6964481359,-0.02212677079324823
461.325457722606,3736.1124395853103,863550.789130158,-0.029082104732471165
461.325457722606,3736.1124395853103,869564.0769280129,-0.035051930743247806
461.325457722606,3736.1124395853103,871461.3246608282,-0.03940627849014137
461.325457722606,3736.1124395853103,878118.2127046577,-0.039575243143061586
461.325457722606,3736.1124395853103,881958.14525798,-0.04660351160363557
461.325457722606,3736.1124395853103,880728.4949818527,-0.045477558561867984
461.325457722606,3736.1124395853103,898881.8595814427,-0.037554122311528756
461.325457722606,3736.1124395853103,900143.9615939549,-0.0388093449227771
461.325457722606,3736.1124395853103,902135.4033516195,-0.0386647095745172
461.325457722606,3736.1124395853103,903825.7888732834,-0.03886080503491058
461.325457722606,3736.1124395853103,901308.8432458182,-0.03947985231627893
461.325457722606,3736.1124395853103,911169.5019352979,-0.031903708775846015
461.325457722606,3736.1124395853103,907931.5150801352,-0.0318794287661209
461.325457722606,3736.1124395853103,907938.4814477575,-0.031871835036932604
461.325457722606,3736.1124395853103,914258.3260512111,-0.031014942325821426
461.325457722606,3736.1124395853103,918585.7399055216,-0.03391072213029914
461.325457722606,3736.1124395853103,925804.4686005617,-0.027234977577237834
461.325457722606,3736.1124395853103,932348.1793569011,-0.02280747049741785
461.325457722606,3736.1124395853103,939525.131321689,-0.019134695912159695
461.325457722606,3776.55299883348,958367.313490284,0.005963150827107921
461.325457722606,3776.55299883348,974820.9183325473,0.022671188578155095
461.325457722606,3776.55299883348,980041.1020571652,0.02912169068611147
461.325457722606,3776.55299883348,984743.4552023751,0.036189218601954405
461.325457722606,3776.55299883348,984435.3773156984,0.03583852548075348
461.325457722606,3776.55299883348,996074.6180179865,0.04569178483314654
461.325457722606,3988.88067640963,1009622.6738224038,0.0709449035730679
461.325457722606,3988.88067640963,1022720.7929234003,0.08290729852336844
461.325457722606,3988.88067640963,1024809.0439866047,0.0863134760637324
461.325457722606,4361.10819495494,1053731.245945142,0.13957412348989226
461.325457722606,4361.10819495494,1063419.8651055065,0.14369821992258758
461.325457722606,4361.10819495494,1088787.7363941898,0.16734273041167066
461.325457722606,4361.10819495494,1124011.2014825768,0.20432340090599055
461.325457722606,4361.10819495494,1134202.7800179913,0.20266958144639938
461.325457722606,4361.10819495494,1153895.8237579504,0.20513512159737526
461.325457722606,4361.10819495494,1158244.8975325092,0.20831252648090245
461.325457722606,4361.10819495494,1164160.4003104924,0.21172262938681616
461.325457722606,4361.10819495494,1171900.5844288617,0.21183174962229992
461.325457722606,4361.10819495494,1178501.2694077026,0.2131321627534915
461.325457722606,4361.10819495494,1206122.3909927288,0.2327901405418886
461.325457722606,4361.10819495494,1210599.3131377911,0.23776594388541425
461.325457722606,4361.10819495494,1234736.874374116,0.24517891798926186
461.325457722606,4361.10819495494,1263631.4100435227,0.2636921764254412
461.325457722606,4361.10819495494,1274408.4495830818,0.2637032947376389
461.325457722606,4361.10819495494,1292996.8711904164,0.271372884701315
461.325457722606,4361.10819495494,1307442.1034126743,0.26921330546129935
461.325457722606,4361.10819495494,1321787.1197699888,0.25336178505320334
461.325457722606,4361.10819495494,1345851.0186862478,0.2488634899313629
461.325457722606,4361.10819495494,1358510.073119273,0.24657670196803266
461.325457722606,4361.10819495494,1365262.4981019888,0.2410934573944766
461.325457722606,4361.10819495494,1378441.9282784015,0.22986222186075506
461.325457722606,4361.10819495494,1402998.961481206,0.2298027612385445
461.325457722606,4361.10819495494,1425053.693907378,0.22156999921777076
461.325457722606,4361.10819495494,1428670.4726790276,0.21661703334509275
461.325457722606,4361.10819495494,1441374.7621671068,0.19940996056897475
461.325457722606,4361.10819495494,1456994.1900189605,0.19251683365151837
461.325457722606,4361.10819495494,1459519.882727404,0.18740267733212193
461.325457722606,4361.10819495494,1478374.6168200125,0.17836637296828214
461.325457722606,4361.10819495494,1484693.5981444642,0.16750668779749642
461.325457722606,4361.10819495494,1494355.6894720604,0.1559654738073625
461.325457722606,4361.10819495494,1500987.9686893267,0.1396751819392331
461.325457722606,4361.10819495494,1517184.703788204,0.12527133531148782
461.325457722606,4361.10819495494,1518470.6395727377,0.12060394545371564
461.325457722606,4361.10819495494,1523101.1185277088,0.11254307290884155
461.325457722606,4361.10819495494,1524732.1525675908,0.10279145780462134
655.5333344584191,4361.10819495494,1530394.8246848707,0.08579478773887739
676.644445730843,4361.10819495494,1543416.765421266,0.0639186461186185
718.890557471228,4361.10819495494,1539027.5841655687,0.04984107477213388
736.655362794944,4361.10819495494,1538590.382761735,0.030940623876798506
749.6412006789329,4361.10819495494,1540511.2423901309,0.022254528613913693
786.770512086985,4361.10819495494,1547503.130157309,0.005304033973358307
861.609502101336,4361.10819495494,1544825.6706094418,-0.006385200056202335
864.095295811102,4361.10819495494,1543087.5452574005,-0.025912861092105798
883.5207533726069,4361.10819495494,1544227.1906356062,-0.049353154753986744
951.845580666618,4361.10819495494,1543391.2101698958,-0.059019469003150464
951.845580666618,4361.10819495494,1538037.135195697,-0.07122174832739954
951.845580666618,4361.10819495494,1536924.8921137433,-0.07997334803193472
956.431027991445,4361.10819495494,1534365.4097914263,-0.09480875092168704
956.431027991445,4361.10819495494,1533081.4881007245,-0.09845325587644528
1011.67297048658,4361.10819495494,1523824.9549178837,-0.12108975633755699
1011.67297048658,4361.10819495494,1516333.4828112137,-0.134256402263806
1011.67297048658,4361.10819495494,1510900.9814089146,-0.134765035360115
1011.67297048658,4361.10819495494,1506675.0732422534,-0.1396999485143634
1021.24446077349,4361.10819495494,1498372.0497601798,-0.1592865513614992
1021.24446077349,4361.10819495494,1488607.5179205013,-0.16504977327446493
1021.24446077349,4361.10819495494,1485148.175606013,-0.17137395221178287
1021.24446077349,4361.10819495494,1475425.9080193462,-0.18088704990626087
1021.24446077349,4361.10819495494,1474283.1198097842,-0.18156981532966307
1021.24446077349,4361.10819495494,1466121.4417678674,-0.19175524179075748
1021.24446077349,4361.10819495494,1447450.3226956856,-0.1990298861380116
1021.24446077349,4361.10819495494,1428313.8475166329,-0.2138706371254376
1021.24446077349,4361.10819495494,1413523.4496876337,-0.2248905937288018
1021.24446077349,4361.10819495494,1390841.8575645231,-0.22400753978735313
1021.24446077349,4361.10819495494,1381261.7084617452,-0.2282271076263836
1021.24446077349,4361.10819495494,1354870.991032154,-0.22513304755425506
1021.24446077349,4361.10819495494,1354489.0508138079,-0.2252870419571354
1021.24446077349,4361.10819495494,1335823.8610430744,-0.22361712679455292
1021.24446077349,4361.10819495494,1330865.5912317147,-0.22733005458331298
1021.24446077349,4361.10819495494,1311107.9777821184,-0.2261066368269369
1021.24446077349,4361.10819495494,1293842.3293228932,-0.21419297272438678
1021.24446077349,4361.10819495494,1274938.1876248966,-0.2180717706836639
1021.24446077349,4361.10819495494,1257910.2095634511,-0.21712315299427865
1021.24446077349,4175.76276845895,1221158.2156819452,-0.20295634468681867
1021.24446077349,4175.76276845895,1225872.0559811837,-0.20578760789186054
1021.24446077349,4122.72330342831,1204523.2948285784,-0.18591873529684014
1021.24446077349,4122.72330342831,1203499.8343643432,-0.18505705862992186
1021.24446077349,4122.72330342831,1195599.2248238937,-0.1815035278529982
1021.24446077349,4122.72330342831,1181561.655690618,-0.1759522381480609
1021.24446077349,4122.72330342831,1160862.2155613077,-0.17286650825611355
1021.24446077349,4122.72330342831,1151589.8122149773,-0.1666440916999036
1021.24446077349,4108.55490929412,1136298.5759621481,-0.14654671927161633
1021.24446077349,4108.55490929412,1118335.5685572112,-0.12747224104315105
1021.24446077349,4064.33614607407,1093243.7599401076,-0.10224968540315553
1021.24446077349,4064.33614607407,1090977.807565893,-0.10198405051570403
1021.24446077349,4064.33614607407,1084010.2989301714,-0.10439561413176963
1021.24446077349,4064.33614607407,1076334.9585879962,-0.09844277770806864
1021.24446077349,3824.074047544738,1065246.5222746797,-0.07960077981877592
1021.24446077349,3824.074047544738,1050646.4827952776,-0.07250149664823355
1021.24446077349,3824.074047544738,1056573.315655466,-0.07607228764759884
1021.24446077349,3824.074047544738,1040505.6836372268,-0.0643317657957794
1021.24446077349,3824.074047544738,1034210.1729682602,-0.0632166927634336
1021.24446077349,3798.205482550502,1016050.1099473204,-0.04511506399576576
1021.24446077349,3798.205482550502,1006176.2204770573,-0.04884770013662516
1021.24446077349,3798.205482550502,991858.0303074329,-0.03237358003639212
1021.24446077349,3663.1190789079637,982058.4203372106,-0.016490020803510533
1021.24446077349,3662.010422804609,967579.9047026342,-0.0014948819621480734
1021.24446077349,3662.010422804609,955627.1473704437,0.011440756383921584
1021.24446077349,3662.010422804609,940542.6281685462,0.022794146384789663
1021.24446077349,3662.010422804609,933822.9601462098,0.016482499733169842
1021.24446077349,3662.010422804609,937896.9959329321,0.011861312991070494
1021.24446077349,3662.010422804609,931427.8381218871,0.015023370317112138
1021.24446077349,3662.010422804609,919439.357222775,0.023273310080431837
1021.24446077349,3662.010422804609,907111.5763279977,0.027699941909545736
1021.24446077349,3662.010422804609,901094.1999658528,0.03179257313799287
1021.24446077349,3662.010422804609,889773.6715363071,0.034745446615037937
1021.24446077349,3662.010422804609,882888.09622684,0.032219397076238165
1021.24446077349,3662.010422804609,881246.8240729736,0.030434313268712324
1021.24446077349,3662.010422804609,872648.5843550643,0.031224262159034004
1062.9918072458502,3662.010422804609,871979.4459130531,0.024419347916645833
1062.9918072458502,3662.010422804609,862515.2525113194,0.0178828399295312
1083.36431242112,3662.010422804609,859320.949892532,-0.0003428123876238474
1062.9918072458502,3662.010422804609,860397.1798898749,0.011420214871286631
1062.9918072458502,3662.010422804609,863130.1837032585,0.01752600932541582
1062.9918072458502,3662.010422804609,861440.1303318364,0.01358172375332618
1062.9918072458502,3662.010422804609,857617.4437326144,0.003842551016266941
1062.9918072458502,3662.010422804609,857552.5432040214,0.003364288909750332
1062.9918072458502,3662.010422804609,856937.9896716112,0.000158949990827702
1062.9918072458502,3662.010422804609,857642.696572668,0.001879910568567913
1062.9918072458502,3662.010422804609,857827.4197047991,0.0035683689418014347
1062.9918072458502,3662.010422804609,857465.4469238437,0.001821025534453353
1062.9918072458502,3662.010422804609,853885.4036291679,0.008745058226020935
1062.9918072458502,3662.010422804609,852978.4767164678,0.011353680399703789
1062.9918072458502,3662.010422804609,857033.9170744224,0.00384591386231898
1062.9918072458502,3662.010422804609,856841.5653791955,0.004882952820847354
1083.36431242112,3662.010422804609,860447.2026955355,-0.00915588539337509
1083.36431242112,3662.010422804609,859633.744589655,-0.00640806620561122
1083.36431242112,3662.010422804609,859562.6568479696,-0.004584973403160717
1105.34560266365,3662.010422804609,863177.8786199482,-0.018433017456125925
1105.34560266365,3662.010422804609,858405.1994244173,-0.01464943181206799
1105.34560266365,3662.010422804609,859578.7985230407,-0.021665736584122887
1105.34560266365,3662.010422804609,860556.746172251,-0.024590885450528642
1105.34560266365,3662.010422804609,869485.548445819,-0.030036358875374484
1105.34560266365,3662.010422804609,882326.0868375798,-0.03250815785021249
1105.34560266365,3662.010422804609,888976.4092045898,-0.030147924085133008
1105.34560266365,3662.010422804609,894035.176725945,-0.04110591470737921
1105.34560266365,3662.010422804609,893992.4391862381,-0.0410357828975386
1105.34560266365,3662.010422804609,901104.8143411165,-0.04331873819456152
1105.34560266365,3662.010422804609,915556.83172706,-0.042553833165022856
1105.34560266365,3662.010422804609,925837.4677967761,-0.03678861762646291
1105.34560266365,3662.010422804609,934489.9810978151,-0.03519027972663321
1105.34560266365,3662.010422804609,943542.8812967491,-0.03378550792285815
1105.34560266365,3662.010422804609,940759.0474394055,-0.03509867543635934
1105.34560266365,3662.010422804609,947799.9870982122,-0.0282667971676753
1105.34560266365,3662.010422804609,955486.7299319298,-0.023756155466484637
1105.34560266365,3662.010422804609,962589.4227715656,-0.018360488505290075
1105.34560266365,3662.010422804609,971872.4322318162,-0.015537598540822699
1105.34560266365,3662.010422804609,974122.1554548267,-0.015281830229966696
1105.34560266365,3662.010422804609,972840.3745104804,-0.01661208553362257
1105.34560266365,3717.027952783859,987749.4830114475,0.0015280587616472187
1105.34560266365,3717.027952783859,996605.2776498344,0.010079089522790496
1105.34560266365,3717.027952783859,993528.5831023261,0.004963387562395158
1105.34560266365,3717.027952783859,1005418.5443011605,0.01247271904840953
1105.34560266365,4053.734305966289,1022597.1496980482,0.043071449648839646
1105.34560266365,4053.734305966289,1022309.7795166282,0.04262844150002982
1105.34560266365,4053.734305966289,1040043.4694921118,0.05486675354661245
1105.34560266365,4053.734305966289,1052791.4236418249,0.06709607000469157
1105.34560266365,4053.734305966289,1059755.414049726,0.06952508001236325
1105.34560266365,4053.734305966289,1073818.1317212654,0.07905890294123409
1105.34560266365,4133.622345999319,1102272.3597938896,0.10740677765333141
1105.34560266365,4133.622345999319,1122710.710883126,0.12013517268083103
1105.34560266365,4133.622345999319,1118425.7231699468,0.1176062480222736
1105.34560266365,4133.622345999319,1129320.0665783253,0.12711903337476788
1105.34560266365,4133.622345999319,1143536.0552612457,0.14179086800341956
1105.34560266365,4133.622345999319,1147589.3583045101,0.145873930197556
1105.34560266365,4133.622345999319,1169944.6138802166,0.16182542974048214
1105.34560266365,4133.622345999319,1178519.5488545448,0.1673295501448963
1105.34560266365,4133.622345999319,1185521.5658548733,0.16747581427625444
1105.34560266365,4133.622345999319,1208022.3495342736,0.17870412723117016
1105.34560266365,4133.622345999319,1219964.5586469825,0.1862790838532464
1105.34560266365,4133.622345999319,1238651.8062871182,0.19428404592281867
1105.34560266365,4133.622345999319,1265106.6008742438,0.20111998885955698
1105.34560266365,4133.622345999319,1281691.651313423,0.20232858082066138
1105.34560266365,4133.622345999319,1278505.824090484,0.2025840090360123
1105.34560266365,4133.622345999319,1288343.6495827835,0.2057374674338055
1105.34560266365,4133.622345999319,1295460.1750960862,0.19491617100349015
1105.34560266365,4133.622345999319,1305217.355855574,0.1916145969256526
1105.34560266365,4133.622345999319,1323031.5551195825,0.19718332946698816
1105.34560266365,4133.622345999319,1328929.3435263413,0.18414632622642158
1105.34560266365,4133.622345999319,1337358.150046348,0.18461660404185004
1105.34560266365,4133.622345999319,1347101.7771175997,0.1751003914517381
1105.34560266365,4133.622345999319,1356625.408263493,0.16933521554060638
1105.34560266365,4133.622345999319,1375412.9802184163,0.1636241996664364
1105.34560266365,4133.622345999319,1384914.5250175868,0.16267808983827423
1105.34560266365,4133.622345999319,1404826.512959236,0.14822275764525028
1105.34560266365,4133.622345999319,1409538.809230424,0.1390692666714958
1105.34560266365,4133.622345999319,1414921.7474391016,0.12343530403261065
1105.34560266365,4133.622345999319,1419807.1500575796,0.11542565408493391
1105.34560266365,4133.622345999319,1422527.1229220876,0.11392102255301083
1123.42290961175,4133.622345999319,1424645.3352962977,0.0956798621404907
1123.42290961175,4133.622345999319,1428302.0215465603,0.08414024570133784
1123.42290961175,4133.622345999319,1430940.2475998804,0.07247808929976697
1123.42290961175,4133.622345999319,1438250.9050787443,0.06531850564096936
1317.17037701137,4133.622345999319,1443907.2979506894,0.04412498485629199
1329.4905439707002,4133.622345999319,1452234.010081037,0.029590055700484494
1329.4905439707002,4133.622345999319,1469970.5256841688,0.023596715994455324
1341.79288165276,4133.622345999319,1471349.0824086617,0.007210428229883211
1354.9091461971,4133.622345999319,1473554.8505513892,-0.014259717818511583
1366.56782617039,4133.622345999319,1490586.157886041,-0.03185260021308181
1398.65985273488,4133.622345999319,1492987.2929850577,-0.04773982604262654
1439.04180403072,4133.622345999319,1488341.2631858059,-0.0670241156998044
1510.17217511257,4133.622345999319,1488303.1866513242,-0.06976395821689933
1514.6754294819,4133.622345999319,1485193.474479165,-0.08274537041240591
1514.6754294819,4133.622345999319,1465412.1921425338,-0.08857596179182713
1514.6754294819,4133.622345999319,1456577.494532005,-0.09767856415947465
1514.6754294819,4133.622345999319,1455806.9022204746,-0.10378754764480574
1563.43402237488,4133.622345999319,1445676.4248639445,-0.1218078003524757
1563.43402237488,4133.622345999319,1438913.5644264976,-0.13663309737325882
1563.43402237488,4133.622345999319,1432205.8355604098,-0.1482110635621374
1563.43402237488,4133.622345999319,1417769.6669973035,-0.15075741376421062
1599.34377638438,4133.622345999319,1411717.2841952147,-0.16619775700063455
1599.34377638438,4133.622345999319,1404625.6006360997,-0.1802392424379755
1604.15036769918,4133.622345999319,1403060.9263644295,-0.1949518647254411
1604.15036769918,4133.622345999319,1402947.5400076592,-0.19504004037877548
1604.15036769918,4133.622345999319,1393250.5071110793,-0.20346520557362177
1611.3900607438095,4133.622345999319,1380943.1763695176,-0.22262096323915823
1611.3900607438095,4133.622345999319,1372570.1152321259,-0.23162014159953406
1611.3900607438095,4133.622345999319,1352520.3376139943,-0.2444563960785242
1611.3900607438095,4133.622345999319,1339477.3538280476,-0.25451192037284015
1611.3900607438095,4133.622345999319,1328456.6081277358,-0.26157915429369943
1611.3900607438095,4133.622345999319,1316817.387225937,-0.272426587290278
1611.3900607438095,4133.622345999319,1301995.254371911,-0.2645131185614904
1611.3900607438095,4133.622345999319,1298283.471540217,-0.26706437309376824
1611.3900607438095,4133.622345999319,1287286.720392759,-0.27400367970203604
1611.3900607438095,4133.622345999319,1283684.6196520517,-0.2814204910330954
1611.3900607438095,4104.392856762227,1249782.7751386415,-0.2657758590402792
1611.3900607438095,4104.392856762227,1229699.1940895054,-0.26101201091258047
1611.3900607438095,4095.765237066068,1195744.5026027516,-0.24306998877749245
1611.3900607438095,4095.765237066068,1177485.067648824,-0.2352838385774292
1611.3900607438095,4095.765237066068,1170901.1896015478,-0.23163877591354654
1611.3900607438095,4095.765237066068,1167842.5986981797,-0.23244105394472614
1611.3900607438095,4095.765237066068,1150327.2643473074,-0.22134469124149067
1611.3900607438095,4095.765237066068,1123398.2547165595,-0.19823392154143082
1611.3900607438095,4095.765237066068,1108395.664017553,-0.18577148710552352
1611.3900607438095,4095.765237066068,1096181.5760624602,-0.18308953345716963
1611.3900607438095,4095.765237066068,1076778.8542408105,-0.18281008991146314
1611.3900607438095,4095.765237066068,1083914.0233716483,-0.18902513558795886
1611.3900607438095,4095.765237066068,1065237.4013938012,-0.17592869035116596
1611.3900607438095,3887.16110703645,1040525.9133858215,-0.13507209905407794
1611.3900607438095,3887.16110703645,1038127.1718818159,-0.13325171737526165
1611.3900607438095,3830.47372164918,1027417.8077619358,-0.11314550715485515
1611.3900607438095,3830.47372164918,1021171.7827372553,-0.1081648220014555
1611.3900607438095,3830.47372164918,1011497.845494656,-0.1020321001897668
1611.3900607438095,3830.47372164918,1011600.2091767723,-0.10216558461913738
1611.3900607438095,3830.47372164918,1004575.4035440505,-0.10767852946737703
1611.3900607438095,3830.47372164918,996463.0792629557,-0.09747060682941323
1611.3900607438095,3830.47372164918,990227.5638380508,-0.084085575842472
1611.3900607438095,3830.47372164918,981295.8900584496,-0.07590456519388579
1611.3900607438095,3830.47372164918,962709.1657836196,-0.07286434495255624
1611.3900607438095,3830.47372164918,951982.6014717233,-0.07389970649353012
1611.3900607438095,3830.47372164918,947818.6166781199,-0.07668747257883964
1611.3900607438095,3590.544486591369,921128.1126450635,-0.03802181509645095
1611.3900607438095,3590.544486591369,909630.8524178354,-0.02876651683474605
1611.3900607438095,3590.544486591369,904561.6502744743,-0.023730648799025932
1611.3900607438095,3590.544486591369,908963.237430289,-0.028849317617351537
1611.3900607438095,3590.544486591369,910617.7648579294,-0.03192597813063435
1611.3900607438095,3590.544486591369,912306.6152747984,-0.03335947121215029
1611.3900607438095,3590.544486591369,917806.4742944891,-0.03890995885613046
1611.3900607438095,3590.544486591369,916559.2743934089,-0.03805215380583861
1611.3900607438095,3590.544486591369,908435.343093998,-0.0399210808171002
1611.3900607438095,3590.544486591369,913047.2649228636,-0.037930376111160666
1611.3900607438095,3590.544486591369,918210.6554666153,-0.03917105698589265
1611.3900607438095,3590.544486591369,923830.3006584471,-0.0327778320315067
1611.3900607438095,3590.544486591369,925794.4803623747,-0.033715434411552815
1611.3900607438095,3590.544486591369,914356.4658225179,-0.03807225566329677
1611.3900607438095,3590.544486591369,914760.7682626222,-0.03813206001341742
1611.3900607438095,3590.544486591369,912539.1312254474,-0.04110399358140206
1611.3900607438095,3590.544486591369,908204.4682317899,-0.04974180059938614
1689.87280103794,3590.544486591369,903463.6736123224,-0.06384501348081782
1694.94833539385,3590.544486591369,894678.5922614248,-0.08303021804328702
1694.94833539385,3590.544486591369,894811.158844503,-0.08297909715749444
1749.5365752839402,3590.544486591369,889263.8394538407,-0.09879324431021054
1749.5365752839402,3590.544486591369,889194.6294143784,-0.09905046598505932
1749.5365752839402,3590.544486591369,888778.8203802884,-0.10159564496759861
1749.5365752839402,3590.544486591369,889823.2988835088,-0.10654956378999689
1749.5365752839402,3590.544486591369,888946.8570853194,-0.1105337143349971
1749.5365752839402,3590.544486591369,889426.5733419077,-0.11465072910844101
1761.59520156693,3590.544486591369,888610.3785941149,-0.12351043802289567
1761.59520156693,3590.544486591369,885767.7556887578,-0.1355666417869111
1761.59520156693,3590.544486591369,888950.8986075376,-0.14545620629124661
1828.73084317052,3590.544486591369,888925.9680006393,-0.15376724616856666
1829.49439872454,3590.544486591369,888926.278653276,-0.16431427952933794
1841.7523899715,3590.544486591369,891286.3926277838,-0.17850621250197568
1841.7523899715,3590.544486591369,893344.5616348246,-0.18072930326711092
1841.7523899715,3590.544486591369,890052.0628132331,-0.17331219773846665
1841.7523899715,3590.544486591369,893748.1808189843,-0.17463186155869745
1841.7523899715,3590.544486591369,894536.0764663415,-0.17802776959472064
1869.35151617376,3590.544486591369,895412.9670362921,-0.18714418724647508
1841.7523899715,3590.544486591369,893884.0827560922,-0.1770863939935705
1841.7523899715,3590.544486591369,892883.7017339511,-0.1767981544399565
1841.7523899715,3590.544486591369,894787.923709074,-0.1766847000103278
1841.7523899715,3590.544486591369,894784.0636189943,-0.17668125866786183
1841.7523899715,3590.544486591369,904425.6782924777,-0.17041623308631196
1841.7523899715,3590.544486591369,913484.1663319236,-0.1721897648939686
1841.7523899715,3590.544486591369,916762.1374033026,-0.17109883085975386
1841.7523899715,3718.6972364069693,932819.62003691,-0.1518485027408049
1841.7523899715,3718.6972364069693,931447.3449765029,-0.15087177187041023
1841.7523899715,3718.6972364069693,939137.9960376411,-0.14732506952094054
1841.7523899715,3718.6972364069693,953548.269930325,-0.14072462526977772
1841.7523899715,3718.6972364069693,956627.4843054692,-0.14178669331199725
1841.7523899715,3718.6972364069693,958000.8055151224,-0.14055982273584888
1841.7523899715,3718.6972364069693,964347.8165424148,-0.1357574571185836
1841.7523899715,3718.6972364069693,968829.7263024279,-0.13293183957931265
1841.7523899715,3718.6972364069693,977758.8834579876,-0.1252438692104086
1841.7523899715,3718.6972364069693,976846.0245758195,-0.1265659714383867
1841.7523899715,3718.6972364069693,980002.4354442386,-0.12446116328732416
1841.7523899715,3850.732948177109,993512.4654260122,-0.1044614488798392
1841.7523899715,3850.732948177109,998153.3695616387,-0.1003169706539242
1841.7523899715,3850.732948177109,1007601.0372888872,-0.09598281513125104
1841.7523899715,3852.917265081069,1021822.2367549397,-0.07771583520907606
1841.7523899715,4295.5438859179985,1039646.1777069016,-0.04065531173374565
1841.7523899715,4295.5438859179985,1036848.9031322073,-0.04213070567080081
1841.7523899715,4295.5438859179985,1055525.6371812006,-0.029362020884423256
1841.7523899715,4295.5438859179985,1070012.035279798,-0.012041994690016542
1841.7523899715,4295.5438859179985,1079117.89260961,-0.001311341669768107
1841.7523899715,4702.949263091648,1117373.8833068176,0.06669336673757811
1841.7523899715,4702.949263091648,1136860.2949736528,0.09413208171501808
1841.7523899715,4702.949263091648,1146522.3610373037,0.09885908236714383
1841.7523899715,4702.949263091648,1159387.3136032259,0.10085648599421357
1841.7523899715,4702.949263091648,1176886.934344019,0.12098319237318086
1841.7523899715,4702.949263091648,1198224.171718666,0.14210809201769403
1841.7523899715,4702.949263091648,1215515.6676616855,0.1576071603746289
1841.7523899715,4702.949263091648,1219158.293332684,0.15974176770993773
1841.7523899715,4702.949263091648,1237088.2280050959,0.1718133264696195
1841.7523899715,4702.949263091648,1256317.2947691758,0.1704011731877258
1841.7523899715,4702.949263091648,1287719.2272137073,0.19884875311522232
1841.7523899715,4702.949263091648,1301016.824277587,0.1912816364644234
1841.7523899715,4702.949263091648,1317804.9441753863,0.1923591111362821
1841.7523899715,4702.949263091648,1320488.7826693025,0.19257774480369613
1841.7523899715,4702.949263091648,1332631.242901294,0.18252052302833258
1841.7523899715,4702.949263091648,1346662.029064555,0.18363788555310814
1841.7523899715,4702.949263091648,1361165.9611408217,0.17989406134544797
1841.7523899715,4702.949263091648,1372756.436368552,0.176032912285285
1841.7523899715,4702.949263091648,1395973.3968232805,0.18873909714842285
1841.7523899715,4702.949263091648,1408748.9646812945,0.18779731828478324
1841.7523899715,4702.949263091648,1427795.0758596403,0.19551718594094175
1841.7523899715,4702.949263091648,1436994.7923687985,0.18401177376422465
1841.7523899715,4702.949263091648,1449785.5285432762,0.1733012640960186
1841.7523899715,4702.949263091648,1455757.5915123555,0.1637691447548759
1841.7523899715,4702.949263091648,1478860.7330868067,0.16124114532470182
1841.7523899715,4702.949263091648,1486080.087124579,0.14836743609059655
1841.7523899715,4702.949263091648,1508454.0806070147,0.13904989244344357
1841.7523899715,4702.949263091648,1514468.6809212842,0.12547637757061314
1841.7523899715,4702.949263091648,1522865.0424898209,0.11826496255427556
1841.7523899715,4702.949263091648,1522196.3487955173,0.12081530918603109
1841.7523899715,4702.949263091648,1528482.704809862,0.11428422266802955
1841.7523899715,4702.949263091648,1530103.8529423962,0.1136348914990555
1841.7523899715,4702.949263091648,1531273.7985457478,0.10685873877687395
1841.7523899715,4702.949263091648,1536629.7416499648,0.09789137026039467
1841.7523899715,4702.949263091648,1534103.5023438563,0.09939665643320941
1841.7523899715,4702.949263091648,1534674.6050636652,0.09592072475148153
1841.7523899715,4702.949263091648,1543789.3693206424,0.07900888416584766
1963.55942363367,4702.949263091648,1542902.2846956507,0.06449216668393351
1965.8441728989496,4702.949263091648,1544675.870478784,0.04736626060995383
2027.86622840758,4702.949263091648,1544536.1861698995,0.023494396019583603
2033.10728153446,4702.949263091648,1540192.1860208046,0.004236402339060348
2050.7941246834303,4702.949263091648,1542532.8961323805,-0.016022829719256296
2156.70979430655,4702.949263091648,1543607.0531390132,-0.030882517152337786
2178.13309890352,4702.949263091648,1547848.4475078918,-0.05153930545357611
2183.11405425924,4702.949263091648,1544148.2906856106,-0.06544833936954418
2183.11405425924,4702.949263091648,1532709.7078792157,-0.07875860027486345
2262.93062986025,4702.949263091648,1532032.786112576,-0.09320492115961078
2309.7323638482003,4702.949263091648,1529443.6114375687,-0.10566323488197663
2309.7323638482003,4702.949263091648,1528870.1960418997,-0.11186383340518581
2315.5281737332,4702.949263091648,1513654.3824424392,-0.1302138939963565
2354.3610303518103,4702.949263091648,1506487.9274686165,-0.14778456379151808
2354.3610303518103,4702.949263091648,1505313.5127128225,-0.15475971466996716
2354.3610303518103,4702.949263091648,1498508.4952361528,-0.17136507192168013
2354.3610303518103,4702.949263091648,1495913.9575049754,-0.18383848788987237
2354.3610303518103,4702.949263091648,1489804.1286820006,-0.19953942428541074
2354.3610303518103,4702.949263091648,1480885.7509861868,-0.21653172400859963
2379.84324694169,4702.949263091648,1475135.4554568818,-0.23303245306547044
2379.84324694169,4702.949263091648,1451611.254105399,-0.23790727771853526
2379.84324694169,4702.949263091648,1439192.1587224093,-0.2451234416615494
2379.84324694169,4702.949263091648,1434612.7337137938,-0.2478957013262032
2379.84324694169,4702.949263091648,1430408.3728139498,-0.25309638837499326
2379.84324694169,4702.949263091648,1425456.653114604,-0.2561115490807818
2379.84324694169,4702.949263091648,1413131.2101034534,-0.26528702759276274
2379.84324694169,4702.949263091648,1407534.2666643937,-0.2701058064343733
2379.84324694169,4702.949263091648,1396196.5806755507,-0.27290915419772815
2379.84324694169,4702.949263091648,1377555.483620345,-0.26800003969133407
2379.84324694169,4702.949263091648,1363419.722192209,-0.2716415693868035
2379.84324694169,4702.949263091648,1350579.3703490356,-0.27135768436690616
2379.84324694169,4702.949263091648,1344930.9651355187,-0.2708687361498542
2379.84324694169,4702.949263091648,1334602.5538990037,-0.26689302601051995
2379.84324694169,4702.949263091648,1321766.0795353218,-0.2745594910347095
2379.84324694169,4702.949263091648,1323298.273096567,-0.27380756809619505
2379.84324694169,4702.949263091648,1296256.0609631247,-0.25295507030997
2379.84324694169,4702.949263091648,1287754.2195184194,-0.25283565844627687
2379.84324694169,4702.949263091648,1270365.4933805154,-0.24344964502047395
2379.84324694169,4702.949263091648,1253258.9820165713,-0.23421614529350462
2379.84324694169,4702.949263091648,1223930.6101786296,-0.20640593774856872
2379.84324694169,4702.949263091648,1211210.1570752352,-0.19853599839514538
2379.84324694169,4702.949263091648,1206396.8971846923,-0.19564445784774914
2379.84324694169,4702.949263091648,1177165.3555925917,-0.1731630284191612
2379.84324694169,4702.949263091648,1177223.8966885582,-0.17315268682190643
2379.84324694169,4702.949263091648,1166652.2173089564,-0.16110462013658297
2379.84324694169,4475.865805736342,1128741.7375006254,-0.11585339743932307
2379.84324694169,4475.865805736342,1126567.3411989685,-0.1132405363592986
2379.84324694169,4475.865805736342,1130895.9763110091,-0.11274343814120258
2379.84324694169,4475.865805736342,1131252.9216726548,-0.11278037912197846
2379.84324694169,4475.865805736342,1133894.9778389107,-0.11391202020195425
2379.84324694169,4475.865805736342,1127346.5408729916,-0.11298255015878084
2379.84324694169,4475.865805736342,1129271.890838243,-0.11458329994661763
2379.84324694169,4475.865805736342,1110626.2736151365,-0.11082848281746524
2379.84324694169,4475.865805736342,1086893.87350457,-0.08743756335421549
2379.84324694169,4257.42414346408,1052431.22804059,-0.05194595917871029
2379.84324694169,4257.42414346408,1031634.0045739512,-0.0327302695865464
2379.84324694169,4015.9070173961168,1018423.1844273882,-0.008020104952746071
2379.84324694169,4015.9070173961168,1000404.7108088499,0.007632408757172048
2379.84324694169,4015.9070173961168,995272.3160212885,0.007948543616114426
2379.84324694169,4015.9070173961168,978137.40443969,0.018629003073668812
2379.84324694169,3988.206458439413,956177.7329177853,0.039350126597913995
2379.84324694169,3988.206458439413,941263.1098682233,0.05221068389634806
2379.84324694169,3855.3262997554057,920442.2754723012,0.07682694728914408
2379.84324694169,3855.3262997554057,921149.4873799421,0.07660775221357811
2379.84324694169,3855.3262997554057,901771.7366173017,0.08821610864325798
2379.84324694169,3855.3262997554057,904420.0127982858,0.08501876150644394
2379.84324694169,3855.3262997554057,911280.9988807933,0.07962959653738631
2379.84324694169,3855.3262997554057,916855.7123645248,0.07995469672096163
2379.84324694169,3855.3262997554057,916697.8362065207,0.0793617201157451
2379.84324694169,3855.3262997554057,906890.5876241848,0.09039899573100162
2379.84324694169,3855.3262997554057,907677.3810179938,0.09135011901749457
2379.84324694169,3855.3262997554057,902002.3498319932,0.08828681591885935
2379.84324694169,3855.3262997554057,899690.9318802652,0.08673542437930098
2379.84324694169,3855.3262997554057,907560.2315799673,0.09315456135256141
2395.0017248578897,3855.3262997554057,902356.5764092825,0.0798279790444554
2395.0017248578897,3855.3262997554057,902054.9561136748,0.07874322941258302
2395.0017248578897,3855.3262997554057,899706.4351307359,0.0696337337454884
2395.0017248578897,3855.3262997554057,896915.9930391047,0.06224016608890764
2379.84324694169,3855.3262997554057,897609.6821012829,0.06931752360943798
2379.91340254351,3855.3262997554057,896172.105583694,0.06154283253983363
2395.0017248578897,3855.3262997554057,895466.2095347588,0.04854737378434622
2379.91340254351,3855.3262997554057,897041.9707266878,0.05695257290206917
2379.84324694169,3855.3262997554057,897607.4260360622,0.06520534660251663
2379.91340254351,3855.3262997554057,898426.1495793175,0.045349196571864335
2379.84324694169,3855.3262997554057,897933.2579325986,0.05360244005948439
2379.91340254351,3855.3262997554057,897968.1747272614,0.04295355873556264
2379.91340254351,3855.3262997554057,897622.9700786029,0.04070379860692517
2395.0017248578897,3855.3262997554057,896606.5434805107,0.017524642326435972
2395.0017248578897,3855.3262997554057,899200.1880426557,0.007757976816727343
2395.0017248578897,3855.3262997554057,899679.1954653709,0.005814376727887673
2395.0017248578897,3855.3262997554057,907281.866068855,-0.007288365503384313
2395.0017248578897,3855.3262997554057,905153.4646816495,-0.0035253131162269694
2395.0017248578897,3855.3262997554057,905209.2131028175,-0.003629227452729691
2395.0017248578897,3855.3262997554057,911893.1800568867,-0.008085038536104181
2395.0017248578897,3855.3262997554057,910173.4617683754,-0.008342296660170442
2395.0017248578897,3855.3262997554057,918437.1794996818,-0.0212321210628977
2395.0017248578897,3855.3262997554057,928355.3329774627,-0.018689435975005376
2395.0017248578897,3855.3262997554057,930158.2348025325,-0.01876369265552751
2395.0017248578897,3855.3262997554057,939224.6890156692,-0.024684913046062403
2395.0017248578897,3855.3262997554057,941395.2347648487,-0.026892149112245817
2395.0017248578897,3855.3262997554057,948467.7580864155,-0.02640429800454168
2395.0017248578897,3855.3262997554057,953103.8894801605,-0.028726227938868407
2395.0017248578897,3855.3262997554057,966047.7281717947,-0.018585349900915087
2395.0017248578897,3855.3262997554057,971827.6011608784,-0.018156741669490974
2395.0017248578897,3855.3262997554057,980536.2578937155,-0.018968784370492518
2395.0017248578897,3855.3262997554057,983226.445407646,-0.017075565332218087
2395.0017248578897,3855.3262997554057,982670.086206833,-0.01648328980425797
2395.0017248578897,3855.3262997554057,986553.9575172941,-0.01741308166273581
2395.0017248578897,3971.891888079226,1007431.2152337846,0.016172193566104023
2395.0017248578897,3971.891888079226,1010420.6605759034,0.020717412317985948
2395.0017248578897,3971.891888079226,1024713.1824341938,0.021229653802777453
2395.0017248578897,3971.891888079226,1031256.4817456398,0.025992167899469783
2395.0017248578897,3971.891888079226,1037090.1978227005,0.030887586745088038
2395.0017248578897,3971.891888079226,1049718.8125153875,0.04314902775694152
2395.0017248578897,8989.489089897077,1357569.6972378185,1.4149857985104202
2395.0017248578897,8989.489089897077,1672714.413001901,2.023559672880626
2395.0017248578897,8989.489089897077,1684166.2754518378,2.0021605494504295
2395.0017248578897,8989.489089897077,1689238.2861603783,1.9911705198613427
2395.0017248578897,8989.489089897077,1691945.1311512596,1.9869484650421363
2395.0017248578897,8989.489089897077,1701605.5103176138,1.974143866834166
2395.0017248578897,8989.489089897077,1699728.9790552582,1.977485306656113
2395.0017248578897,8989.489089897077,1723141.2887157516,1.943527731616084
2395.0017248578897,8989.489089897077,1742866.2224247411,1.9198795455957343
2395.0017248578897,8989.489089897077,1755701.2632018235,1.9002539244401233
2395.0017248578897,8989.489089897077,1759179.4757027617,1.8963640416384777
2395.0017248578897,8989.489089897077,1787808.1095834782,1.8584663293748425
2395.0017248578897,8989.489089897077,1796575.3866821255,1.8445937440851767
2395.0017248578897,8989.489089897077,1807249.9656351758,1.82431157831925
2395.0017248578897,8989.489089897077,1816541.857912675,1.806216113286347
2395.0017248578897,8989.489089897077,1823372.384857374,1.7948626475053446
2395.0017248578897,8989.489089897077,1833096.8817470504,1.77881379519676
2395.0017248578897,8989.489089897077,1852105.1261846127,1.7514760805061693
2395.0017248578897,8989.489089897077,1851247.1971425572,1.752627014433749
2395.0017248578897,8989.489089897077,1862987.2220129014,1.7350422489124784
2395.0017248578897,8989.489089897077,1871849.6941921348,1.7244531171037583
2395.0017248578897,8989.489089897077,1880435.749293258,1.7065711332979407
2395.0017248578897,8989.489089897077,1907517.5862585595,1.6738965696466226
2395.0017248578897,8989.489089897077,1935655.8189684828,1.6341525569573288
2395.0017248578897,8989.489089897077,1932403.6353712627,1.6394400722849236
2395.0017248578897,8989.489089897077,1944952.5819722023,1.6153566015477023
2395.0017248578897,8989.489089897077,1949729.6096283994,1.6088722891186729
2395.0017248578897,8989.489089897077,1965916.697125513,1.5800161381968485
2395.0017248578897,8989.489089897077,1971997.379318135,1.5675342127952197
2449.4721266361,8989.489089897077,1982311.4585082128,1.5358910113271145
2449.4721266361,8989.489089897077,2000170.307531811,1.5082169810198376
2449.4721266361,8989.489089897077,2018505.9505814593,1.4811772968537338
2449.4721266361,8989.489089897077,2031159.1918786254,1.4501737986429695
2449.4721266361,8989.489089897077,2043931.2454808697,1.4263166097081845
2449.4721266361,8989.489089897077,2050766.6501540146,1.4093272343034327
2467.03686840519,8989.489089897077,2056853.6190219414,1.3854501243284842
2467.03686840519,8989.489089897077,2071362.0567104532,1.363889146477144
2467.03686840519,8989.489089897077,2079043.0756047498,1.3396394633982953
2467.03686840519,8989.489089897077,2083481.699845771,1.3247416524796272
2467.03686840519,8989.489089897077,2099384.550628084,1.2989755119128472
2467.03686840519,8989.489089897077,2102659.0928687872,1.2830742137760363
2467.03686840519,8989.489089897077,2113449.1822416903,1.2619006204571648
2467.03686840519,8989.489089897077,2120461.2828395595,1.2418188923003322
2467.03686840519,8989.489089897077,2125615.044907544,1.2298828585254453
2555.51889402457,8989.489089897077,2126321.110645433,1.2142551520505367
2680.81170805781,8989.489089897077,2128755.5373491845,1.1913730178613944
2704.02037400587,8989.489089897077,2128151.611389184,1.1869373365685756
2847.18778086336,8989.489089897077,2126482.9184180396,1.178083401606368
2884.8807160321803,8989.489089897077,2124946.8618218494,1.1655183825806932
2923.0078852836305,8989.489089897077,2125409.6761518284,1.1528354702454977
3018.89499419238,8989.489089897077,2125034.8350699507,1.141015054960085
3022.9824215282,8989.489089897077,2122111.3105120272,1.1312522985718765
3053.62069375204,8989.489089897077,2120314.7217375427,1.1230723493586796
3078.38661442121,8989.489089897077,2119176.493599255,1.11153298452864
3078.38661442121,8989.489089897077,2116884.4586136043,1.1065017502290004
3078.38661442121,8989.489089897077,2117182.1278928714,1.1066795271914764
3078.38661442121,8989.489089897077,2115335.3797970377,1.1003133483035976
3081.85273682476,8989.489089897077,2108320.8720472357,1.0897314482282934
3095.8371453641,8989.489089897077,2098825.9250325854,1.0804776880156253
3095.8371453641,8989.489089897077,2083187.6331129523,1.0823678098529377
3095.8371453641,8989.489089897077,2072841.8664491533,1.0800945009065557
3131.6100312302697,8989.489089897077,2057476.2590939284,1.0750715935227482
3131.6100312302697,8989.489089897077,2050508.9058786638,1.0747387995717093
3131.6100312302697,8989.489089897077,2038589.1276571979,1.0760598095960012
3131.6100312302697,8989.489089897077,2022770.7895037616,1.0786712159829563
3131.6100312302697,8989.489089897077,2005420.8679986356,1.0891641078126828
3131.6100312302697,8989.489089897077,1994576.6357423833,1.0932708639016964
3131.6100312302697,8989.489089897077,1976265.4022833745,1.1008824555919887
3131.6100312302697,8989.489089897077,1955367.5854032987,1.1193827325806673
3131.6100312302697,8989.489089897077,1929006.0966601348,1.1408854138690592
3131.6100312302697,8989.489089897077,1926869.8215426214,1.1421819411607963
3131.6100312302697,8989.489089897077,1917025.7539073655,1.153611637367694
3131.6100312302697,8989.489089897077,1894585.4582412585,1.1718480146247363
3131.6100312302697,8989.489089897077,1878131.1028326342,1.186755295967873
3131.6100312302697,8989.489089897077,1860396.2431554613,1.205982467053405
3131.6100312302697,8989.489089897077,1844092.1761130749,1.224503355743564
3131.6100312302697,8989.489089897077,1823155.726147218,1.2435489512609625
3131.6100312302697,8989.489089897077,1808472.941449009,1.263935178031288
3131.6100312302697,8989.489089897077,1779999.4804916105,1.299392424289764
3131.6100312302697,8989.489089897077,1775922.0160041538,1.3045330881263542
3131.6100312302697,8989.489089897077,1760653.950905497,1.3245075367399892
3131.6100312302697,8989.489089897077,1733194.2630177464,1.3703507303392826
3131.6100312302697,8989.489089897077,1722043.7451698014,1.3825895717022707
3131.6100312302697,8877.961783717707,1701766.3344309747,1.4247970876505962
3131.6100312302697,8877.961783717707,1685151.1844021957,1.4524195610314563
3131.6100312302697,8877.961783717707,1669137.5992465247,1.4792564496229248
3131.6100312302697,8877.961783717707,1643900.3867721276,1.5240201910670035
3131.6100312302697,8877.961783717707,1627519.5456674546,1.5475630898224768
3131.6100312302697,8853.739150740761,1605622.9503387832,1.5975909184496315
3131.6100312302697,8853.739150740761,1601600.5003356433,1.60318625089979
3131.6100312302697,8853.739150740761,1589421.2929975288,1.6237010413099957
3131.6100312302697,8853.739150740761,1583353.6790836395,1.63052480447653
3131.6100312302697,8853.739150740761,1576589.6839117787,1.6424112543028977
3131.6100312302697,8595.382035039771,1543906.6419757581,1.7130462916940394
3131.6100312302697,8595.382035039771,1536854.9104532572,1.7260275152189026
3131.6100312302697,8595.382035039771,1530824.9854206943,1.7379650229875645
3131.6100312302697,8595.382035039771,1524871.9780949426,1.7476065138598937
3131.6100312302697,8595.382035039771,1520575.900383652,1.7546934197870565
3131.6100312302697,8595.382035039771,1512217.0807915137,1.7696363118200595
3131.6100312302697,8595.382035039771,1502908.941446581,1.7841637900870069
3131.6100312302697,8595.382035039771,1490973.3215835907,1.810678821403935
3131.6100312302697,8595.382035039771,1492873.3940436328,1.8076633117264693
3131.6100312302697,8594.336008468441,1471188.6749949825,1.8616803523357421
3131.6100312302697,8351.04948286906,1443926.1673920897,1.926125147717477
3131.6100312302697,8335.45565616186,1420764.8982940514,1.9739809832422976
3131.6100312302697,8335.45565616186,1415396.2233671306,1.981878103576718
3131.6100312302697,8335.45565616186,1397247.7358521451,2.022027536971049
3131.6100312302697,8335.45565616186,1383533.1382178434,2.045549547238285
3131.6100312302697,8335.45565616186,1380670.3361104338,2.0519456956736573
3131.6100312302697,8335.45565616186,1379575.743231225,2.0547843484308617
3131.6100312302697,8251.62814899103,1364786.6814561803,2.09800078579703
3131.6100312302697,8251.62814899103,1364161.8281452847,2.098756009899198
3131.6100312302697,8251.62814899103,1359229.834125897,2.107719823167804
3131.6100312302697,8251.62814899103,1371495.1133827139,2.077517637155033
3131.6100312302697,8251.62814899103,1365386.584059542,2.0825852236808124
3131.6100312302697,8251.62814899103,1360059.423219549,2.0917530489625396
3131.6100312302697,8251.62814899103,1357408.9237407958,2.094855123394661
3131.6100312302697,8251.62814899103,1356259.1142725744,2.0947574879814734
3131.6100312302697,8251.62814899103,1350604.1491992194,2.1071573247504483
3131.6100312302697,8251.62814899103,1345130.8755017454,2.1166148375763005
3172.91840770712,8251.62814899103,1344827.123468807,2.1135411569874276
3208.1045417982,8251.62814899103,1340270.2149308731,2.1055888984957782
3218.0582648436894,8251.62814899103,1338307.8757353511,2.101692707434972
3240.44114317713,8251.62814899103,1331949.2011494108,2.102840808044532
3240.44114317713,8251.62814899103,1335083.8232447095,2.102740376162481
3243.04954826002,8251.62814899103,1335415.6172388603,2.0942296756216905
3246.66943315093,8251.62814899103,1335159.0887443838,2.0820252507384653
3243.04954826002,8251.62814899103,1334727.9546967705,2.08901120835055
3246.66943315093,8251.62814899103,1333959.823566941,2.0818277753326724
3287.19055039282,8251.62814899103,1335001.3198255766,2.06762983994357
3287.19055039282,8251.62814899103,1340342.6119778363,2.0474689433217077
3246.66943315093,8251.62814899103,1340329.1808430892,2.051482810610542
3246.66943315093,8251.62814899103,1342720.0588783533,2.040947455554959
3246.66943315093,8251.62814899103,1345343.3477865949,2.0320683326687727
3246.66943315093,8251.62814899103,1348798.5644643756,2.0168110714614933
3246.66943315093,8251.62814899103,1350085.5497989082,2.011243838392182
3246.66943315093,8251.62814899103,1351764.4004280497,1.9997280709228848
3246.66943315093,8251.62814899103,1353407.4594361153,1.9931688382431478
3246.66943315093,8251.62814899103,1359199.962421355,1.9716719077433362
3246.66943315093,8251.62814899103,1355566.488206663,1.9854203746203385
3246.66943315093,8251.62814899103,1355271.1382041755,1.9869242425828926
3246.66943315093,8251.62814899103,1355984.949532551,1.9840462214755765
3246.66943315093,8251.62814899103,1355205.0613793181,1.9875419315924596
3287.19055039282,8251.62814899103,1356064.722041717,1.9774878440792838
3287.19055039282,8251.62814899103,1369766.5330596357,1.9407728717978243
3287.19055039282,8251.62814899103,1361617.6327390862,1.9602711761205915
3287.19055039282,8251.62814899103,1361407.394174989,1.960828814067009
3287.19055039282,8251.62814899103,1361465.688406212,1.9606458065621508
3287.19055039282,8251.62814899103,1370417.83920429,1.9395761547840806
3287.19055039282,8251.62814899103,1379957.6354662136,1.9181959786978835
3287.19055039282,8251.62814899103,1392258.9216533971,1.8965196077332518
3287.19055039282,8251.62814899103,1134240.1337054837,1.2903443621224926
3287.19055039282,3702.1672052363597,886591.5780229645,-0.03898899503674151
3287.19055039282,3702.1672052363597,895877.0312018965,-0.029799400912152663
3287.19055039282,3702.1672052363597,901037.3787469824,-0.0318089783169093
3287.19055039282,3788.852481992401,920427.9354047613,-0.0037281889269267262
3287.19055039282,3947.8269894732407,939189.6512002565,0.03112212747680129
3287.19055039282,3947.8269894732407,960052.1903304217,0.048357458202563965
3287.19055039282,3947.8269894732407,960993.652401315,0.04945729184523068
3287.19055039282,3947.8269894732407,955621.5871292317,0.04443270778255769
3287.19055039282,3947.8269894732407,966477.0648051244,0.05608720942544949
3287.19055039282,3947.8269894732407,967061.9941527413,0.05643243080278154
3287.19055039282,3947.8269894732407,958620.8147447677,0.04856543604090979
3287.19055039282,3947.8269894732407,978959.2718505539,0.07393641668833911
3287.19055039282,3947.8269894732407,992779.2324296252,0.08239014403919355
3287.19055039282,3947.8269894732407,1006888.7685470715,0.08884055013727447
3287.19055039282,3947.8269894732407,1018889.9925669011,0.09336759602831632
3287.19055039282,4139.15998536816,1046918.6894439644,0.12815838034160684
3287.19055039282,4139.15998536816,1047304.4117156204,0.12829820752550086
3287.19055039282,4139.15998536816,1061285.480925828,0.13312087118152793
3287.19055039282,4139.15998536816,1081086.5593837686,0.15112716257529848
3287.19055039282,4139.15998536816,1096630.480458904,0.16435759457883004
3287.19055039282,4139.15998536816,1110764.675650739,0.16393006726900874
3287.19055039282,4139.15998536816,1116387.773628482,0.1695220001770564
3287.19055039282,4139.15998536816,1121994.6157565508,0.17445374259116958
3287.19055039282,4288.46658628928,1157464.526270153,0.1984966086592763
3287.19055039282,4288.46658628928,1174581.974698009,0.2030222586608328
3287.19055039282,4288.46658628928,1185638.7405438647,0.20227240771816268
3287.19055039282,4288.46658628928,1209635.9736540946,0.2186454971578841
3287.19055039282,4288.46658628928,1218892.4642932783,0.21105953134703564
3287.19055039282,4288.46658628928,1238690.9466221866,0.21460320298600055
3287.19055039282,4288.46658628928,1259897.0167433936,0.22748262385788018
3287.19055039282,4288.46658628928,1262223.884303202,0.22701369920091072
3287.19055039282,4288.46658628928,1277632.3483871056,0.2275353827848687
3287.19055039282,4288.46658628928,1297484.481122163,0.23144670549345758
3287.19055039282,4288.46658628928,1320868.3864644156,0.2298188119891104
3287.19055039282,4288.46658628928,1346778.1119732042,0.23069148320225458
3287.19055039282,4288.46658628928,1370929.6054890973,0.2404015265333782
3287.19055039282,4288.46658628928,1384097.3532913765,0.23321577230965942
3287.19055039282,4288.46658628928,1391840.1130551337,0.22131699729027574
3287.19055039282,4288.46658628928,1393968.8627136054,0.22010446921074914
3287.19055039282,4288.46658628928,1409674.6685328167,0.20740026742319925
3287.19055039282,4288.46658628928,1410317.7623260072,0.20648981434539312
3287.19055039282,4288.46658628928,1422013.2377523019,0.1981187692998604
3287.19055039282,4288.46658628928,1425494.8307353433,0.19113289575731646
3287.19055039282,4288.46658628928,1429926.0478913465,0.1790264386708544
3287.19055039282,4288.46658628928,1438601.7643959103,0.17011017256801553
3299.3467221393,4288.46658628928,1441193.6032498572,0.14961614434589598
3314.87256758175,4288.46658628928,1443443.449939511,0.13285540339878504
3315.61180180944,4288.46658628928,1446479.9910007084,0.119059638375758
3315.61180180944,4288.46658628928,1458609.8418100919,0.10292477821179827
3421.58959024896,4288.46658628928,1459202.5945833188,0.09416249451845866
3538.32212308964,4288.46658628928,1462540.1937154594,0.07660461144717286
3621.34331044048,4288.46658628928,1463285.8098802294,0.06124607946962671
3622.33932454129,4288.46658628928,1481191.3687461426,0.046211211581586135
3644.05999833734,4288.46658628928,1479987.3060520007,0.028039616357299003
3651.82749902304,4288.46658628928,1478049.6269043596,0.001677084419570013
3665.261024787871,4288.46658628928,1479607.542707465,-0.017928740581235038
3665.261024787871,4288.46658628928,1478910.9648482674,-0.021430568786795216
3694.54806877493,4288.46658628928,1479906.9826537378,-0.035238078754311
3732.38267158596,4288.46658628928,1476980.6224964983,-0.0551634673406654
3785.1186179311,4288.46658628928,1472812.5668748312,-0.07084506964425284
3785.1186179311,4288.46658628928,1473574.0787295925,-0.06878733193036518
3829.69382745103,4288.46658628928,1470311.3087451423,-0.09418183210968253
3829.69382745103,4288.46658628928,1463483.430559513,-0.10763733762500642
3829.69382745103,4288.46658628928,1460093.3452119406,-0.11241223836922767
3856.22979330226,4288.46658628928,1449980.5159109493,-0.1328537153171461
3856.22979330226,4288.46658628928,1439319.4224575714,-0.1444193899953353
3856.22979330226,4288.46658628928,1432996.4865019673,-0.15675358722763083
3856.22979330226,4288.46658628928,1420266.7484019466,-0.16345208912732245
3856.22979330226,4288.46658628928,1417219.744966008,-0.16514553772503968
3856.22979330226,4288.46658628928,1398639.2956198181,-0.17108770004453858
3856.22979330226,4288.46658628928,1371066.0355717614,-0.17405907719400818
3856.22979330226,4288.46658628928,1362954.5927577026,-0.18185509499117397
3856.22979330226,4288.46658628928,1349800.7164508838,-0.1886130357579975
3856.22979330226,4288.46658628928,1333609.3279987324,-0.19429854685651843
3856.22979330226,4288.46658628928,1315854.354927578,-0.19915191741718674
3856.22979330226,4288.46658628928,1309435.0099729332,-0.20307645953413933
3856.22979330226,4288.46658628928,1288039.2758154825,-0.19735157238485165
3856.22979330226,4288.46658628928,1283116.2418175212,-0.1985794641492213
3856.22979330226,4288.46658628928,1266531.7140773425,-0.18779516239743443
3856.22979330226,4288.46658628928,1257828.4307816518,-0.1836593950185338
3856.22979330226,4288.46658628928,1245062.1601538153,-0.1786265946287127
3856.22979330226,4288.46658628928,1237949.7095205516,-0.17730161904047453
3856.22979330226,4068.23831379256,1208674.2709075855,-0.1496424637568274
3877.70554356331,6012.926144313619,1285322.7284958062,0.05936088060462874
3882.22509503123,6012.926144313619,1359832.5276076829,0.22287875707294608
3882.22509503123,6012.926144313619,1343539.484470416,0.22620315757937962
3882.22509503123,6012.926144313619,1334986.155849341,0.22936631904844254
3882.22509503123,6012.926144313619,1309509.9999931762,0.25782981582125697
3882.22509503123,6012.926144313619,1297237.3626718263,0.26852909434804084
3882.22509503123,6012.926144313619,1291327.560877654,0.27504547517000705
3882.22509503123,6012.926144313619,1288957.950787824,0.2770119221471731
3882.22509503123,6012.926144313619,1275833.0765965155,0.2923858267905045
3882.22509503123,6012.926144313619,1269909.1495974837,0.296583873845934
3882.22509503123,6012.926144313619,1256956.4017930338,0.3108581506545681
3882.22509503123,6012.926144313619,1233629.6698522756,0.3302503682993748
3882.22509503123,6012.926144313619,1226361.4738760586,0.3386610160838209
3882.22509503123,6012.926144313619,1220208.6935906308,0.3469648459583683
3882.22509503123,6012.926144313619,1221634.4478185105,0.34474881273392693
3882.22509503123,6012.926144313619,1223046.6660429821,0.3430873302733904
3882.22509503123,6012.926144313619,1200153.4559724308,0.3575427687878367
3882.22509503123,6012.926144313619,1185235.878490468,0.3762354066490095
3882.22509503123,6012.926144313619,1168346.1178684526,0.3949618941452834
3882.22509503123,6012.926144313619,1164115.0506257308,0.39856052470016756
3882.22509503123,6012.926144313619,1165013.1521904657,0.3981354028083509
3882.22509503123,6012.926144313619,1162648.5786762221,0.4003265114797558
3882.22509503123,6012.926144313619,1157553.649872559,0.40334019383760444
3882.22509503123,6012.926144313619,1153432.3987762474,0.40236888099636486
3882.22509503123,6012.926144313619,1136864.416049081,0.41989842552797135
3882.22509503123,6012.926144313619,1118009.15573055,0.4524213543746466
3882.22509503123,6012.926144313619,1101341.1331795948,0.478064734501886
3882.22509503123,6012.926144313619,1103850.951371918,0.4742681347274928
3882.22509503123,6012.926144313619,1093058.6578583468,0.4806135671974031
3882.22509503123,5522.62752750391,1058668.0121508779,0.5395940075011592
3882.22509503123,5522.62752750391,1066575.7886807364,0.5303525921758735
3882.22509503123,5522.62752750391,1059538.0653787083,0.5375313176258861
3882.22509503123,5522.62752750391,1057742.8867736598,0.5396899155454062
3882.22509503123,5522.62752750391,1060179.421930175,0.5371862389134175
3882.22509503123,5522.62752750391,1044625.6768795921,0.5502361270598914
3882.22509503123,5522.62752750391,1033593.1391519115,0.5539845181400648
3943.8829026278295,5522.62752750391,1030450.503208732,0.5449242488974907
3943.8829026278295,5522.62752750391,1031240.3970207019,0.5468308918384318
3943.8829026278295,5522.62752750391,1037713.1214936478,0.5427561725118069
3943.8829026278295,5522.62752750391,1036072.451781189,0.5403263690922625
3943.8829026278295,5522.62752750391,1026579.7999495307,0.5495540132004738
3943.8829026278295,5522.62752750391,1027197.8605020898,0.5506742204358199
3943.8829026278295,5522.62752750391,1027124.0858114302,0.5504125605020644
3943.8829026278295,5522.62752750391,1023876.2258049131,0.5466761821483738
3943.8829026278295,5522.62752750391,1022070.4254747448,0.5388770836528964
3943.8829026278295,5522.62752750391,1023079.0127678888,0.5421337748607737
3938.197142160539,5522.62752750391,1023612.4098420155,0.554184234288231
3938.197142160539,5522.62752750391,1019565.3360922938,0.5459318355825878
3938.197142160539,5522.62752750391,1019984.824584668,0.5408186523478089
3901.88107968563,5522.62752750391,1019863.0578861696,0.5468573566330237
3882.22509503123,5522.62752750391,1019972.9941465119,0.5514963501618533
3882.22509503123,5522.62752750391,1020239.0009029589,0.5540966506674727
3882.22509503123,5522.62752750391,1020101.6116654746,0.5523654030540226
3882.22509503123,5522.62752750391,1020263.8823312428,0.5493559693758938
3879.995503866311,5522.62752750391,1019680.0835690005,0.5573368887299346
3882.22509503123,5522.62752750391,1021539.7026606963,0.5395976699314426
3882.22509503123,5522.62752750391,1021451.3816138407,0.5392409150326586
3901.88107968563,5522.62752750391,1022678.5934696036,0.5289503884886353
3938.197142160539,5522.62752750391,1022260.8004913299,0.5233138228811087
3943.8829026278295,5522.62752750391,1028502.4701751675,0.4998420291102729
3943.8829026278295,5522.62752750391,1025806.2160799921,0.505529435750683
3943.8829026278295,5522.62752750391,1033718.421148393,0.4879456224043194
3943.8829026278295,5522.62752750391,1035841.5094704577,0.4806747192485738
3943.8829026278295,5522.62752750391,1039459.3949819488,0.46789679790275196
3943.8829026278295,5522.62752750391,1038093.2174563826,0.47094819763412094
3938.197142160539,5522.62752750391,1034484.2103852606,0.48779002159518225
3938.197142160539,5522.62752750391,1043420.8351074014,0.4877145273789408
3938.197142160539,5522.62752750391,1043805.4719312013,0.48665901145295115
3938.197142160539,5522.62752750391,1060930.5479509227,0.4959448421004482
3938.197142160539,5522.62752750391,1067124.3089969112,0.49143290368395304
3938.197142160539,5522.62752750391,1072838.6049922449,0.4803824042254257
3938.197142160539,5522.62752750391,1077501.7907307479,0.4805357357582177
3938.197142160539,5522.62752750391,1081657.9474385558,0.48177795018254144
3938.197142160539,5522.62752750391,1083091.474495931,0.4813522673665243
3938.197142160539,5522.62752750391,1092315.8657756895,0.4764394446157131
3938.197142160539,5522.62752750391,1117820.970742909,0.47673721978906775
3938.197142160539,5522.62752750391,1117660.2880710182,0.4768861945587977
3938.197142160539,5522.62752750391,1129722.9943876362,0.4677091221338887
3938.197142160539,5522.62752750391,1149329.1992348388,0.4591397456107602
3938.197142160539,5522.62752750391,1146264.191339385,0.46048314993349915
3938.197142160539,5522.62752750391,1146564.4847703273,0.46019146424116586
3938.197142160539,5522.62752750391,1168847.9543163434,0.4671024259361276
3938.197142160539,5522.62752750391,1176407.6831745594,0.46285812037745744
3938.197142160539,5522.62752750391,1172227.3790471235,0.46262611756633926
3938.197142160539,5522.62752750391,1188241.5399299504,0.454906861564631
3938.197142160539,5522.62752750391,1197238.9735461636,0.4521005317447842
3938.197142160539,5522.62752750391,1201549.009758482,0.45219764601087287
3938.197142160539,5522.62752750391,1202358.8616891457,0.45191901644372223
3938.197142160539,5522.62752750391,1210636.4936023753,0.44821208808069507
3938.197142160539,5522.62752750391,1230423.0319133135,0.4545953927443461
3938.197142160539,5522.62752750391,1248002.382589806,0.45720261603598084
3938.197142160539,5522.62752750391,1245971.4454489343,0.45660016012730387
3938.197142160539,5522.62752750391,1282142.9186747458,0.4834760656647865
3938.197142160539,5522.62752750391,1311446.7051375185,0.49040985129151005
3938.197142160539,5522.62752750391,1313026.5517139153,0.4903839047747228
3938.197142160539,5522.62752750391,1330299.8079480263,0.48185206673656666
3938.197142160539,5522.62752750391,1324160.896635454,0.48863604204269423
3938.197142160539,5522.62752750391,1339823.7413604402,0.49466921039657286
3938.197142160539,5522.62752750391,1362204.8798525669,0.48766889693843024
3938.197142160539,5522.62752750391,1371153.6404231912,0.4847222311821303
3938.197142160539,5522.62752750391,1379279.4232299055,0.48382279231624914
3938.197142160539,5522.62752750391,1388737.9343237085,0.48353627982868785
3938.197142160539,5522.62752750391,1403763.9751503114,0.4874097414884441
3938.197142160539,5522.62752750391,1401584.5748989691,0.48784889806074705
3938.197142160539,5522.62752750391,1423349.9998547416,0.48581726116378265
3938.197142160539,5522.62752750391,1444936.1374811041,0.4753727765181622
3938.197142160539,5522.62752750391,1455486.6979837094,0.46363837212495956
3938.197142160539,5522.62752750391,1464304.036884658,0.4587305964376195
3938.197142160539,5522.62752750391,1494330.7964493646,0.4463689739569233
3938.197142160539,5522.62752750391,1504290.774249255,0.43930773475988183
3938.197142160539,5522.62752750391,1510296.4297145442,0.42581897307858446
3938.197142160539,5522.62752750391,1515463.1337498375,0.4137377467503349
3938.197142160539,5522.62752750391,1525523.2023496935,0.40425028589131007
3938.197142160539,5522.62752750391,1538305.0559092935,0.3885735370075076
3938.197142160539,5522.62752750391,1550467.51860328,0.3710447453931054
3938.197142160539,5522.62752750391,1558982.5930910734,0.3550454390048309
3938.197142160539,5522.62752750391,1557775.5616486494,0.3573852119917184
3943.8829026278295,5522.62752750391,1563435.8296231912,0.33783101932538784
3943.8829026278295,5522.62752750391,1576402.1108447884,0.322527903549211
3943.8829026278295,5522.62752750391,1576677.9196465907,0.31634372010987427
3943.8829026278295,5522.62752750391,1579943.797040435,0.31448715944845324
3943.8829026278295,5522.62752750391,1581115.2799656773,0.3052215433930955
3943.8829026278295,5522.62752750391,1584060.0019930175,0.3004628555250027
3943.8829026278295,5522.62752750391,1584893.9622283794,0.2961714086056109
3993.8179339995295,5522.62752750391,1588436.4950882697,0.27161274459057644
3993.8179339995295,5522.62752750391,1590205.7759123365,0.2611416630028612
3993.8179339995295,5522.62752750391,1594609.1184584906,0.24691086531670137
4003.3891829062,5522.62752750391,1594294.6857386217,0.2352664999540737
4099.49580756447,5522.62752750391,1585755.777526591,0.22141842660512032
4099.49580756447,5522.62752750391,1585408.1052671955,0.22506025367630703
4197.04369789452,5522.62752750391,1582616.522826029,0.2151801079622772
4255.90143857759,5522.62752750391,1574782.0741466011,0.19928321351204364
4325.61783387988,5522.62752750391,1578693.5468753944,0.18312876305900772
4383.95414538246,5522.62752750391,1575480.8413004146,0.16507851987983282
4383.95414538246,5522.62752750391,1571919.3746440455,0.1551731430743679
4417.741648268629,5522.62752750391,1563765.6020512523,0.1393045335724051
4417.741648268629,5522.62752750391,1548436.9229033967,0.13288610594123926
4417.741648268629,5522.62752750391,1541454.8598047032,0.12352835288840787
4417.741648268629,5522.62752750391,1537476.8596664837,0.11237771699471907
4439.6994444363,5522.62752750391,1534391.2057176789,0.08819499657351026
4439.6994444363,5522.62752750391,1525948.3839450039,0.07648043537076454
4439.6994444363,5522.62752750391,1517889.6983597784,0.06628489917485007
4439.6994444363,5522.62752750391,1516736.5368717625,0.06600642095273251
4456.85699613221,5522.62752750391,1504473.7518916465,0.051799177592948505
4456.85699613221,5522.62752750391,1491018.308919967,0.03830666082023483
4456.85699613221,5522.62752750391,1479552.5147176506,0.04019313954638702
4456.85699613221,5522.62752750391,1457392.4657941256,0.041981814559842304
4456.85699613221,5522.62752750391,1436364.238354011,0.04988337661672623
4456.85699613221,5522.62752750391,1417505.0053177495,0.050639400315454115
4456.85699613221,5522.62752750391,1400282.2612509488,0.05519675237502346
4456.85699613221,5522.62752750391,1381704.2310641601,0.052194278774903693
4449.64732090123,5522.62752750391,1315219.041721964,-0.023979305419420595
4439.6994444363,4529.88932447245,1248096.6859137283,-0.11893819411433364
4439.6994444363,4529.88932447245,1242454.5147188504,-0.1237511246410891
4439.6994444363,4529.88932447245,1239901.844866185,-0.12260297502513895
4439.6994444363,4529.88932447245,1233065.887050859,-0.12019521538227351
4439.6994444363,4529.88932447245,1215385.7435508152,-0.12421795015675689
4439.6994444363,4529.88932447245,1192979.6470479043,-0.11210292841691517
4439.6994444363,4529.88932447245,1172519.170596891,-0.10270731797425597
4439.6994444363,4529.88932447245,1162622.5995101316,-0.09334244572461167
4439.6994444363,4529.88932447245,1143641.6962714333,-0.09726622396666385
4439.6994444363,4529.88932447245,1131817.0713402894,-0.08865277910219671
4439.6994444363,4529.88932447245,1127639.9587652527,-0.09004829322957525
4439.6994444363,4529.88932447245,1112222.7950880125,-0.07691878703605028
4439.6994444363,4529.88932447245,1088491.7738074602,-0.05869730051822092
4439.6994444363,4307.261709572091,1064671.9404913532,-0.018451490797806933
4439.6994444363,4229.6970008437,1038537.7073756618,0.010139030068093767
4439.6994444363,4229.6970008437,1036869.2168007264,0.009035703017903839
4439.6994444363,4229.6970008437,1030673.3212816258,0.016411743711283285
4439.6994444363,4229.6970008437,1034888.635754709,0.011040089879820887
4439.6994444363,4229.6970008437,1022414.7550391642,0.02127862218128795
4439.6994444363,4229.6970008437,1027636.6795955056,0.012097433800566186
4439.6994444363,4229.6970008437,1011624.1524866797,0.025868030828071178
4439.6994444363,4229.6970008437,1001177.715649355,0.03149397202626675
4439.6994444363,4229.6970008437,996280.0853292232,0.0317653749166688
4439.6994444363,4229.6970008437,993661.0568582932,0.033801702502265864
4439.6994444363,4229.6970008437,975696.6301344301,0.04257433733665539
4439.6994444363,4229.6970008437,967460.3372124144,0.05123727537088509
4439.6994444363,4147.36207008943,951471.2095654547,0.08331000152464273
4439.6994444363,4147.36207008943,951430.9895253746,0.08333736848170098
4439.6994444363,4147.36207008943,959751.5457501045,0.0774152292903067
4439.6994444363,4068.7248883434304,946749.7333904806,0.10359963423401834
4439.6994444363,4068.7248883434304,938087.4119368395,0.1105488791777019
4439.6994444363,4068.7248883434304,924394.1838334964,0.12791033385066303
4439.6994444363,4068.7248883434304,911391.817672931,0.14917059338653343
4439.6994444363,4068.7248883434304,911300.0314543638,0.14919532727076865
4439.6994444363,4068.7248883434304,911493.5709665077,0.14918881585567795
4439.6994444363,4068.7248883434304,915114.2628240506,0.1514072230517355
4439.6994444363,4068.7248883434304,908419.9731756074,0.14349674203187804
4439.6994444363,4068.7248883434304,893645.3959769394,0.16640200631237353
4439.6994444363,4068.7248883434304,889352.679008777,0.16350051673341362
4439.6994444363,4068.7248883434304,882440.3326369147,0.1679982938644072
4439.6994444363,4068.7248883434304,881367.0166448604,0.16864765284022307
4439.6994444363,4068.7248883434304,881821.8228843572,0.1686076846389841
4439.6994444363,4068.7248883434304,878359.898334601,0.16581615700246205
4439.6994444363,4068.7248883434304,879339.5203232231,0.16690913341650437
4439.6994444363,4068.7248883434304,873609.8655360237,0.16321141924745675
4439.6994444363,4068.7248883434304,867990.5205925294,0.15735871369001167
4439.6994444363,4068.7248883434304,865546.0700991827,0.14889841298599416
4439.6994444363,4068.7248883434304,867638.5188317512,0.15335870025105972
4449.64732090123,4068.7248883434304,864738.5779086126,0.13740023600700116
4449.64732090123,4068.7248883434304,865910.4330904551,0.13778159155848088
4449.64732090123,4068.7248883434304,865935.4964178689,0.1377896669476138
4456.85699613221,4068.7248883434304,863786.6365480712,0.12043796812283049
4471.000044597589,4068.7248883434304,863565.0477254164,0.10404291294859402
4471.000044597589,4068.7248883434304,861454.6581163815,0.10004633035941343
4471.000044597589,4068.7248883434304,861862.3281579409,0.09511338985045281
4471.000044597589,4068.7248883434304,857588.8825452473,0.08919931390705434
4494.46287638025,4068.7248883434304,860983.2799585186,0.07287692997458933
4523.63318512,4068.7248883434304,859473.5131056544,0.057156890167768586
4523.63318512,4068.7248883434304,858740.1770909627,0.060297508836630306
4545.61904295305,4068.7248883434304,859053.1257653378,0.05272710214836082
4545.61904295305,4068.7248883434304,857365.4176723792,0.0627030825567149
4545.61904295305,4068.7248883434304,861283.4054491015,0.050331075343790846
4545.61904295305,4068.7248883434304,863035.8543543217,0.04330007754967125
4547.69727207486,4068.7248883434304,866854.134277671,0.029012325044053214
4549.810612370739,4068.7248883434304,864323.3171867856,0.009301567747299911
4549.810612370739,4068.7248883434304,860483.4561905054,0.012117663646274781
4587.68437634047,4068.7248883434304,865163.3678518042,-0.0020120737753032843
4587.68437634047,4068.7248883434304,853215.8774673141,0.0015146725612457917
4587.68437634047,4068.7248883434304,852448.471930134,0.002693451530990559
4587.68437634047,4068.7248883434304,854864.8844543479,-0.0016640594622285409
4587.68437634047,4068.7248883434304,859068.6187973291,-3.8908369854122224e-05
4587.68437634047,4068.7248883434304,856107.9668498192,0.0007889220211105589
4587.68437634047,4068.7248883434304,856802.8781274299,6.137808586314204e-05
4587.68437634047,4068.7248883434304,863432.8654698195,0.0032418948188833265
4587.68437634047,4068.7248883434304,855549.5332009026,-0.004005316448106065
4587.68437634047,4068.7248883434304,871476.3664814761,0.002907694931550979
4587.68437634047,4068.7248883434304,869883.0082250166,0.0038031118533807047
4587.68437634047,4068.7248883434304,870204.3033067022,0.004087126449579758
4587.68437634047,4068.7248883434304,876930.653613234,0.0008053585832351058
4587.68437634047,4068.7248883434304,886359.2372557751,-0.0024980288705335127
4587.68437634047,4068.7248883434304,891401.165980984,0.0068567963657068945
4587.68437634047,4068.7248883434304,907541.5526382872,0.023876814000977433
4587.68437634047,4068.7248883434304,915086.7689834405,0.024909837321081183
4587.68437634047,4068.7248883434304,913321.2674252024,0.024688521221295213
4587.68437634047,4068.7248883434304,919851.9755256338,0.028200446642182818
4587.68437634047,4140.74261145414,943276.3741305439,0.06454459018894709
4587.68437634047,4140.74261145414,958785.7067362901,0.07306912509351635
4587.68437634047,4140.74261145414,967036.2688627223,0.07570682159477307
4587.68437634047,4140.74261145414,972874.3270019715,0.0839432668825554
4587.68437634047,4140.74261145414,988210.5671010789,0.10824949683936975
4587.68437634047,4460.26537323326,1020122.3072596905,0.15780818497660762
4587.68437634047,4460.26537323326,1019302.7130012425,0.15624715108729587
4587.68437634047,4460.26537323326,1014714.3146957826,0.1510395759295673
4587.68437634047,4668.521958202039,1053535.3761763265,0.21293002316412785
4587.68437634047,4668.521958202039,1067723.7586567663,0.22444178849104673
4587.68437634047,4668.521958202039,1103136.5552561663,0.24247940452081876
4587.68437634047,4668.521958202039,1122998.3770073398,0.2688430167928806
4587.68437634047,4668.521958202039,1119914.757985701,0.2686532171774203
4587.68437634047,4668.521958202039,1151999.7773398117,0.30060684045276986
4587.68437634047,4668.521958202039,1166260.1766398975,0.3060417393118682
4587.68437634047,4668.521958202039,1173835.9726668913,0.3073502356007292
4587.68437634047,4668.521958202039,1183319.558884916,0.3140247365585304
4587.68437634047,4668.521958202039,1202672.2312397328,0.3164424242407268
4587.68437634047,4668.521958202039,1211891.2360482302,0.3219281987044793
4587.68437634047,4668.521958202039,1221774.2267732131,0.326014006013811
4587.68437634047,4668.521958202039,1253465.1606372523,0.34255725451793484
4587.68437634047,4668.521958202039,1278712.4239951964,0.35169467203510724
4587.68437634047,4668.521958202039,1286167.546925951,0.35606273257798926
4587.68437634047,4668.521958202039,1297361.7773433304,0.3530577790450838
4587.68437634047,4668.521958202039,1326848.676325371,0.3536698033887824
4587.68437634047,4668.521958202039,1350765.1295704902,0.346861812698643
4587.68437634047,4668.521958202039,1362373.8088967972,0.34218517880766497
4587.68437634047,4668.521958202039,1372275.2805640302,0.338205981850805
4587.68437634047,4668.521958202039,1383661.1199707203,0.33391824854185465
4587.68437634047,4668.521958202039,1396942.443845565,0.32643307295075097
4587.68437634047,4668.521958202039,1415358.4021702597,0.30941562993514393
4587.68437634047,4668.521958202039,1435781.240440274,0.30188142365902415
4587.68437634047,4668.521958202039,1446983.2949785255,0.2982192572722148
4598.513608354289,4668.521958202039,1450939.4355403853,0.2798790476478832
4598.513608354289,4668.521958202039,1463379.8059311947,0.27349926521168105
4598.513608354289,4668.521958202039,1482559.6849874118,0.25626369754853445
4598.513608354289,4668.521958202039,1486919.5067605542,0.2471025474598967
4739.195206772621,4668.521958202039,1488895.7519791771,0.23380894608342295
4739.195206772621,4668.521958202039,1501678.3161403774,0.22562417341761934
4739.195206772621,4668.521958202039,1508454.394190922,0.21028389343034598
4739.195206772621,4668.521958202039,1518838.6255436887,0.19841818236615746
4760.44975971471,4668.521958202039,1524536.0283694286,0.18091077838784733
4785.48421525706,4668.521958202039,1539763.4806320951,0.1599080201528082
4792.13761251558,4668.521958202039,1549054.8451921716,0.13631040812948636
4797.66335722229,4668.521958202039,1554839.9834274433,0.11424290423539615
4804.93034480318,4668.521958202039,1561979.7460225136,0.09506794678625659
4804.93034480318,4668.521958202039,1569511.1414290988,0.08436186989652271
4815.77383914213,4668.521958202039,1577152.8994215592,0.06843544655833615
4829.198984118921,4668.521958202039,1575250.0235089145,0.05441195319939113
4922.6287826323705,4668.521958202039,1582658.3744866694,0.035134013670436254
4937.01207448698,4668.521958202039,1577670.1281348,0.023073912309252802
4937.01207448698,4668.521958202039,1573970.148076787,0.016383814791176354
4981.8463575225205,4668.521958202039,1572518.3236266363,0.00242091962312776
4981.8463575225205,4668.521958202039,1574363.7074310814,-0.0025260271521595924
5094.57088109676,4668.521958202039,1572682.140783767,-0.01877607199756145
5122.80410434749,4668.521958202039,1570075.1671927625,-0.03621966193242305
5126.89456681511,4668.521958202039,1552463.278291793,-0.051431738865258064
5126.89456681511,4668.521958202039,1550759.795820914,-0.05795257493839526
5126.89456681511,4668.521958202039,1548932.1093376311,-0.06801639242804154
5194.92768188518,4668.521958202039,1535156.1924827916,-0.08995795157743261
5194.92768188518,4668.521958202039,1527651.5663303905,-0.10127722639369376
5194.92768188518,4668.521958202039,1514517.76381261,-0.11651005508024742
5194.92768188518,4668.521958202039,1506002.5072955508,-0.13075354027245495
5230.75419312279,4668.521958202039,1493376.295672059,-0.14852944624088868
5230.75419312279,4668.521958202039,1490543.7461052844,-0.15155564085521123
5230.75419312279,4668.521958202039,1481773.4334779116,-0.1591565628225412
5230.75419312279,4668.521958202039,1470679.2760365368,-0.16966150196089166
5230.75419312279,4668.521958202039,1462285.7724740165,-0.17572887106231383
5230.75419312279,4668.521958202039,1435486.3846484714,-0.17507376873405617
5230.75419312279,4668.521958202039,1414680.7393555467,-0.1751627558495908
5230.75419312279,4668.521958202039,1412820.8797634908,-0.17631387969846035
5230.75419312279,4668.521958202039,1407418.6134002174,-0.17609299856216565
5230.75419312279,4668.521958202039,1394800.5823567205,-0.18481118607666058
5230.75419312279,4668.521958202039,1369029.451585058,-0.17837202842944247
5230.75419312279,4668.521958202039,1365315.7693647633,-0.18363201055861378
5230.75419312279,4668.521958202039,1359093.620716368,-0.1796037365535409
5230.75419312279,4668.521958202039,1345342.0509017003,-0.18648804759615448
5230.75419312279,4668.521958202039,1327705.1904313462,-0.18559072732301662
5230.75419312279,4668.521958202039,1321742.6705342624,-0.18604651236578285
5230.75419312279,4668.521958202039,1297537.5719640686,-0.17794689154770107
5230.75419312279,4668.521958202039,1288985.0013967906,-0.1796725139299797
5230.75419312279,4668.521958202039,1279343.991983581,-0.1823781519543288
5230.75419312279,4668.521958202039,1256034.1007165448,-0.17194438466666412
5230.75419312279,4668.521958202039,1225532.3040349341,-0.1446011530697758
5230.75419312279,4668.521958202039,1213841.8958388614,-0.14107605570369472
5230.75419312279,4189.188357810949,1179693.4886813825,-0.09170639989674026
5230.75419312279,4189.188357810949,1169338.7431677547,-0.0890766757460846
5230.75419312279,4189.188357810949,1164289.3410384736,-0.08615739088995227
5230.75419312279,4189.188357810949,1151676.0131301426,-0.08629069502928786
5230.75419312279,4189.188357810949,1135213.7986607212,-0.07261590267018567
5230.75419312279,4189.188357810949,1128868.4910630728,-0.0759922638238125
5230.75419312279,4189.188357810949,1117058.5577754858,-0.0649392704938171
5230.75419312279,4189.188357810949,1097517.0122396387,-0.04093472517413803
5230.75419312279,4189.188357810949,1078754.4369298602,-0.026258968595055176
5230.75419312279,4171.187544869459,1051321.1357209987,0.004717057867194755
5230.75419312279,3837.7319545098194,1035749.4065457685,0.03329816185749981
5230.75419312279,3837.7319545098194,1022791.5799411093,0.042205125195031085
5230.75419312279,3837.7319545098194,1008133.9133746405,0.052138231543289164
5230.75419312279,3715.999737227419,996217.0684867868,0.06955458855531574
5230.75419312279,3715.999737227419,981850.8009125087,0.08326679824020096
5230.75419312279,3715.999737227419,974981.0358181621,0.09291728753051076
5230.75419312279,3715.999737227419,966683.1587370994,0.10457276060926582
5230.75419312279,3715.999737227419,968961.6002933454,0.10399815171278039
5230.75419312279,3715.999737227419,960285.5778377812,0.11686363643853051
5230.75419312279,3715.999737227419,951970.9841714213,0.11551189859237235
5230.75419312279,3715.999737227419,942712.2421386025,0.12514629969846883
5230.75419312279,3688.648776030359,930371.1165390165,0.14357971155821375
5230.75419312279,3688.648776030359,926376.1258168604,0.15101017777813236
5230.75419312279,3688.648776030359,920992.4645026724,0.1538982393731528
5230.75419312279,3688.648776030359,915277.8940367732,0.16079809203546244
5230.75419312279,3688.648776030359,912466.6095592385,0.16236640296596433
5230.75419312279,3688.648776030359,910550.7165348072,0.16290534358739459
5230.75419312279,3688.648776030359,916834.7825672916,0.1587873722200296
5230.75419312279,3688.648776030359,905735.2518830469,0.16307619408655383
5230.75419312279,3688.648776030359,905978.2161834893,0.1634814477740686
5230.75419312279,3688.648776030359,890468.3619209693,0.17476090292773977
5230.75419312279,3688.648776030359,879257.1529345566,0.18807963595272384
5230.75419312279,3688.648776030359,886459.2463956998,0.1893262817195777
5249.88453679943,3688.648776030359,885932.214537493,0.17788612129185122
5277.8965009343,3688.648776030359,877656.4251482404,0.1661780003021127
5277.8965009343,3688.648776030359,877702.2527131798,0.1662679314245887
5277.8965009343,3688.648776030359,874308.3826666789,0.1671968051425135
5249.88453679943,3688.648776030359,874933.6787620141,0.17309108526286004
5249.88453679943,3688.648776030359,873729.3562839153,0.1685098502544029
5249.88453679943,3688.648776030359,876847.8893285786,0.17129861275719757
5249.88453679943,3688.648776030359,875449.9522983128,0.16582966721630157
5289.89709299682,3688.648776030359,871809.6829762683,0.15419016735821175
5289.89709299682,3688.648776030359,874284.1501397518,0.14298521621511784
5289.89709299682,3688.648776030359,874547.5970634597,0.14453616537698857
5289.89709299682,3688.648776030359,880808.4897993003,0.13032919135411627
5289.9807777408505,3688.648776030359,882570.2796273273,0.11116657317891136
5293.9050097347,3688.648776030359,882720.3754610734,0.10235894622013485
5293.9050097347,3688.648776030359,882894.8840685589,0.10045756065561907
5295.71993349411,3688.648776030359,882801.7065063174,0.08078855723571352
5299.562782401839,3688.648776030359,887451.3583428421,0.06293382808888791
5299.97556976916,3688.648776030359,893687.4904447399,0.048263972081062
5299.97556976916,3688.648776030359,894910.0775164664,0.04546607023852369
5362.87335421581,3688.648776030359,895605.195773447,0.03784394219728513
5397.31168090878,3688.648776030359,902544.1071559668,0.02342362365039631
5397.31168090878,3688.648776030359,908207.7502067274,0.019948431004924546
5397.31168090878,3688.648776030359,910068.7895301123,0.013001388171720465
5397.31168090878,3688.648776030359,907003.5901095046,0.0172026844220255
5409.726784363621,3688.648776030359,911482.98847263,0.0030322422364746264
5409.726784363621,3688.648776030359,917390.5844804738,-0.0016722173793165466
5409.726784363621,3688.648776030359,921931.2173016159,-0.008192905837961836
5409.726784363621,3688.648776030359,923396.4461061271,-0.010776015160679064
5409.726784363621,3688.648776030359,921665.1573964669,-0.01019329408391626
5409.726784363621,3688.648776030359,928455.0367077191,-0.005260080287266479
5409.726784363621,3688.648776030359,939805.486150594,-0.004264320347691629
5409.726784363621,3688.648776030359,951302.062099257,-0.011145484719148164
5409.726784363621,3688.648776030359,956190.742594444,-0.013963187305019381
5409.726784363621,3688.648776030359,954922.1918522071,-0.015089109897224087
5409.726784363621,3688.648776030359,955768.3805881415,-0.015212621696217489
5409.726784363621,3688.648776030359,972092.168428847,-0.00446412767755594
5409.726784363621,3688.648776030359,970421.9799590912,-0.003910570009174365
5409.726784363621,3688.648776030359,972508.9399503758,-0.0019964088269275354
5409.726784363621,3688.648776030359,968154.043498928,-0.008127816060932125
5409.726784363621,3688.648776030359,969959.0767311665,-0.006689456297037999
5409.726784363621,4258.214267851659,1005006.880929984,0.049725984973057184
5409.726784363621,4258.214267851659,1019295.737275146,0.08227556643475276
5409.726784363621,4258.214267851659,1025120.256149699,0.08554292591243573
5409.726784363621,4258.214267851659,1030324.9321397034,0.09288501063138915
5409.726784363621,4258.214267851659,1035807.1182139831,0.10023628588737908
5409.726784363621,4258.214267851659,1057207.0154308483,0.10723150274513125
5409.726784363621,4258.214267851659,1062310.3335402114,0.11460148712243937
5409.726784363621,4258.214267851659,1069652.7388880688,0.11795205220011881
5409.726784363621,4258.214267851659,1071905.002777513,0.1167557600107487
5409.726784363621,4258.214267851659,1080510.8071476687,0.12208688860068531
5409.726784363621,4258.214267851659,1098460.1958223493,0.14004211112093748
5409.726784363621,4258.214267851659,1106901.9843135148,0.14407576800764033
5409.726784363621,4258.214267851659,1123495.7103205028,0.15614203920136907
5409.726784363621,4258.214267851659,1122173.9812316275,0.15505755955279302
5409.726784363621,4258.214267851659,1131954.8277695626,0.1646153813163913
5409.726784363621,4258.214267851659,1148200.9274177286,0.17784537694303343
5409.726784363621,4258.214267851659,1165218.5714850107,0.18381109303206275
5409.726784363621,4258.214267851659,1165127.5017449984,0.18376791933365294
5409.726784363621,4258.214267851659,1186361.2365477488,0.20430182792683224
5409.726784363621,4258.214267851659,1201791.1297639944,0.20701690132335093
5409.726784363621,4258.214267851659,1209213.9410745872,0.2040742613980956
5409.726784363621,4258.214267851659,1219541.0802900156,0.2029247138457928
5409.726784363621,4258.214267851659,1235174.2758958328,0.20529799022361037
5409.726784363621,4258.214267851659,1242007.7913526427,0.20466738392245198
5409.726784363621,4258.214267851659,1241159.8280989535,0.20495896794969679
5409.726784363621,4258.214267851659,1247591.1265146493,0.20281731640836237
5409.726784363621,4258.214267851659,1264001.128798629,0.19220053557065084
5409.726784363621,4258.214267851659,1276929.4264983127,0.19201837979871345
5409.726784363621,4258.214267851659,1298161.2477606055,0.2037199909590336
5409.726784363621,4258.214267851659,1309032.986168441,0.1909443041424007
5409.726784363621,4258.214267851659,1318201.3146226075,0.1741460865953324
5409.726784363621,4258.214267851659,1323973.7539721865,0.1711685278073396
5409.726784363621,4258.214267851659,1343431.773968907,0.16569344083074952
5409.726784363621,4258.214267851659,1348836.8975041301,0.1606755905342328
5409.726784363621,4258.214267851659,1359267.0206217098,0.15044893471388088
5409.726784363621,4258.214267851659,1380345.2506351296,0.15812111280544588
5409.726784363621,4258.214267851659,1381748.7610073679,0.1564018054868174
5409.726784363621,4258.214267851659,1386134.623828092,0.15020574427476385
5409.726784363621,4258.214267851659,1391522.6648177449,0.14357345352421644
5409.726784363621,4258.214267851659,1392423.0435967701,0.14154055733535265
5409.726784363621,4258.214267851659,1399694.6154015104,0.13425379790249034
5493.03993608404,4258.214267851659,1399649.4425058416,0.12392146680447912
5493.03993608404,4258.214267851659,1402718.6221238186,0.11950805721332569
5503.697153962769,4258.214267851659,1402902.4690304855,0.10086787954350261
5527.56813808423,4258.214267851659,1399982.440616432,0.07947955954873545
5549.57327831812,4258.214267851659,1408758.2277795083,0.06067899343967102
5624.088543419979,4258.214267851659,1415145.1044669463,0.04629969574821042
5663.761391448921,4258.214267851659,1425885.5195600144,0.029181433632388717
5803.12976044321,4258.214267851659,1431972.5176051992,0.012871945252576499
5827.98725618724,4258.214267851659,1433302.9114249574,-0.0034994195254334248
5880.46996725431,4258.214267851659,1430319.7663003674,-0.019086439193484652
5904.163671736121,4258.214267851659,1430297.265614277,-0.03571881404170072
5907.554031665811,4258.214267851659,1431946.8409317427,-0.043909677538912124
5907.554031665811,4258.214267851659,1428203.7055043757,-0.05939961151409192
5907.554031665811,4258.214267851659,1426269.2932733728,-0.06488121708599626
5933.67114797327,4258.214267851659,1425133.7547471595,-0.08216168256826101
5933.67114797327,4258.214267851659,1423921.2577223356,-0.08758532937860677
5933.67114797327,4258.214267851659,1413674.0788790327,-0.09671364025109978
5933.67114797327,4258.214267851659,1405857.402115375,-0.11203752344861267
5933.67114797327,4258.214267851659,1400431.884690072,-0.12283510851429028
5938.67353100401,4258.214267851659,1391286.6167421658,-0.14197604867246577
5938.67353100401,4258.214267851659,1384349.1771887722,-0.15202940056895545
5938.67353100401,4258.214267851659,1374334.4012962326,-0.1706937933264272
5938.67353100401,4258.214267851659,1358689.7982585428,-0.18279349280780224
5938.67353100401,4258.214267851659,1337132.0056335875,-0.1895798710499234
5938.67353100401,4258.214267851659,1331207.183825736,-0.197262984403101
5938.67353100401,4258.214267851659,1319797.2185822383,-0.21330291808704693
5938.67353100401,4258.214267851659,1313553.2327150062,-0.2188928225847738
5938.67353100401,4100.0787134474895,1284259.0801189954,-0.20533078099721191
5938.67353100401,4100.0787134474895,1277512.9644325601,-0.2127233605224946
5938.67353100401,4100.0787134474895,1266446.8476018524,-0.21946487813857116
5938.67353100401,4100.0787134474895,1247479.8897448105,-0.23295935168628623
5938.67353100401,4100.0787134474895,1237755.7726891052,-0.23705857889135132
5938.67353100401,4100.0787134474895,1223930.6132754183,-0.24424280396114187
5938.67353100401,4100.0787134474895,1214468.3885148654,-0.24716465534213103
5938.67353100401,4100.0787134474895,1200497.814064709,-0.2576616904456791
5938.67353100401,4100.0787134474895,1185608.8481367945,-0.2601741784858066
5938.67353100401,4100.0787134474895,1170128.8199617213,-0.26190883953559024
5938.67353100401,4100.0787134474895,1149577.6442155552,-0.25429962668695816
5938.67353100401,4100.0787134474895,1142949.3741831633,-0.25164275131562125
5938.67353100401,4100.0787134474895,1126927.4080529446,-0.2401340354161068
5938.67353100401,4100.0787134474895,1119460.519445363,-0.2425475821148995
5938.67353100401,4100.0787134474895,1111465.5696987782,-0.23673254469572438
5938.67353100401,4100.0787134474895,1102836.351692932,-0.24170546871427748
5938.67353100401,4100.0787134474895,1093212.9091910843,-0.23169794402206703
5938.67353100401,4100.0787134474895,1084403.7755561282,-0.22280613015897482
5938.67353100401,4100.0787134474895,1083533.6874681783,-0.22222289108819157
5938.67353100401,4100.0787134474895,1077869.1364845757,-0.22144797700459518
5938.67353100401,4005.4404499650195,1050253.9507423919,-0.19880473672919013
5938.67353100401,4005.4404499650195,1053168.5798153148,-0.2015286133252055
5938.67353100401,4005.4404499650195,1050579.2738537528,-0.20045883649447446
5938.67353100401,4005.4404499650195,1034413.2102370168,-0.1863097917683378
5938.67353100401,4005.4404499650195,1037486.5956853197,-0.18941796419030424
5938.67353100401,4005.4404499650195,1021971.647999934,-0.1728416263505021
5938.67353100401,4005.4404499650195,1007563.0598846169,-0.1577879722779457
5938.67353100401,4005.4404499650195,991130.376094108,-0.14931072221734645
5938.67353100401,4005.4404499650195,972165.691205975,-0.13201922680539788
5938.67353100401,4005.4404499650195,979019.734393333,-0.1370031190999783
5938.67353100401,4005.4404499650195,975536.4381824184,-0.13287239471726145
5938.67353100401,4005.4404499650195,967123.8162547838,-0.12300432587010077
5938.67353100401,3825.584995992789,958063.1247247228,-0.10403200995977113
5938.67353100401,3825.584995992789,956477.108040675,-0.10229678692977086
5938.67353100401,3825.584995992789,939741.4419800991,-0.09056275121113999
5938.67353100401,3825.584995992789,931187.7856610349,-0.08236235515759538
5938.67353100401,3825.584995992789,918821.8034818982,-0.07722543750252013
5938.67353100401,3656.6995243560486,896560.0391492302,-0.05248620477690752
5938.67353100401,3656.6995243560486,896158.4485730927,-0.052244014215687154
5938.67353100401,3656.6995243560486,893158.7360431013,-0.050817082646995464
5938.67353100401,3656.6995243560486,885257.9094970506,-0.06051428632512866
5938.67353100401,3656.6995243560486,875982.1788021529,-0.05309661356859693
5938.67353100401,3649.9729701954193,857755.0419758694,-0.03336017855887661
5938.67353100401,3649.9729701954193,857152.0901742853,-0.03545407673106951
5938.67353100401,3649.9729701954193,858382.805167737,-0.03382845048940093
5938.67353100401,3649.9729701954193,851684.8312904183,-0.03512544315728969
5938.67353100401,3649.9729701954193,844628.2505619054,-0.02795745441913631
5941.28350098667,3649.9729701954193,838507.7118804934,-0.04435985873292597
5941.28350098667,3649.9729701954193,837425.3636157383,-0.04487017828988671
5941.28350098667,3649.9729701954193,827267.3424724757,-0.03532109877056607
5941.28350098667,3649.9729701954193,824988.4735826512,-0.03733449782825671
5974.756452647839,3649.9729701954193,822433.5133164357,-0.05453179111020224
5974.756452647839,3649.9729701954193,827956.7884942594,-0.04204411289936365
5974.756452647839,3649.9729701954193,822674.7433019213,-0.048860612102363005
5941.28350098667,3649.9729701954193,824572.8874864854,-0.03074975896402675
5938.67353100401,3649.9729701954193,826150.8613560359,-0.021387585022218564
5938.67353100401,3649.9729701954193,825081.5565279452,-0.028220906653663086
5974.756452647839,3649.9729701954193,823824.1958182628,-0.040437957368294995
6028.18251518245,3649.9729701954193,826072.0115808288,-0.05441523713922404
5974.756452647839,3649.9729701954193,825770.0844623041,-0.04869333230319104
5974.756452647839,3649.9729701954193,825599.2762590343,-0.04792402784673144
5974.756452647839,3649.9729701954193,829170.3630410883,-0.03573578301533236
6028.18251518245,3649.9729701954193,829247.7857458892,-0.048674326998079734
6028.18251518245,3649.9729701954193,833408.6221383824,-0.05337548639168325
6028.18251518245,3649.9729701954193,834197.0162710224,-0.05512984443816284
