14291.5,9564.0,10671470.5,-0.876559172221255
14291.5,9564.0,10544313.289930554,-0.8683133873762792
14291.5,9344.0,10425008.359375,-0.857226081636628
14291.5,9344.0,10751921.555555556,-0.8765717332794571
14291.5,9344.0,11346434.081597224,-0.8594401327005661
14291.5,9344.0,11704230.9375,-0.78223933509531
14291.5,9344.0,11668921.956597222,-0.7516834075653168
14291.5,9344.0,11576096.956597224,-0.7529187102780326
14291.5,9831.0,11714366.909722222,-0.7396540262948978
14291.5,9870.0,11878629.07638889,-0.7250349757883644
14291.5,9870.0,12033995.13888889,-0.7147309016894092
14291.5,9870.0,11997284.854166666,-0.7162392402493947
14291.5,9870.0,11892038.916666666,-0.7167668707526355
14236.5,9870.0,11771312.026041666,-0.7152849389204867
14061.0,9870.0,11575345.956597224,-0.7127981192274574
13852.0,9870.0,11420345.151041666,-0.7039091313499117
13683.5,9870.0,11162566.055555556,-0.6909620041538005
13439.0,9870.0,10938987.984375,-0.6789880441032715
13363.0,9870.0,10805629.234375,-0.6703597396250917
13281.5,9870.0,10646604.859375,-0.6592318252088256
13273.0,9870.0,10541214.6875,-0.6425320493725427
13273.0,9870.0,10529365.87326389,-0.6255743447982234
13273.0,9870.0,10577190.493055554,-0.6107274749259596
13273.0,9870.0,10624552.32638889,-0.607483583809548
13273.0,9870.0,10949646.484375,-0.6128269908275665
13273.0,10016.0,11222018.914930554,-0.6305702719004553
13273.0,10414.0,11495282.581597224,-0.6518402800672569
13273.0,10414.0,11745817.1875,-0.6676162328349512
13273.0,10414.0,12117015.109375,-0.6745002063965198
13273.0,10414.0,12355917.25,-0.6473525805790599
13273.0,10414.0,12363260.359375,-0.6028018570496385
13270.5,10414.0,12144609.25,-0.595638680725654
13270.5,10414.0,11732561.6875,-0.6332021328030232
13270.5,10207.0,11540422.109375,-0.6585279791059869
13270.5,9853.0,11350483.984375,-0.6825836497533334
13270.5,9853.0,11425898.472222224,-0.6740442799475816
13270.5,9853.0,11542984.192708334,-0.6655288212751476
13270.5,9853.0,11684796.831597222,-0.6580907163076255
13270.5,9853.0,11990415.972222224,-0.642491112609878
13270.5,9853.0,12193574.972222222,-0.6426174695808299
13277.5,9853.0,12292216.638888888,-0.6493783144879466
13277.5,9853.0,12650764.972222224,-0.6504834819799593
13277.5,9923.0,13083480.354166666,-0.6455948086016656
13570.5,10052.0,13562498.805555558,-0.6462838985178853
14164.5,10052.0,13843619.222222222,-0.6689167914962769
14164.5,10052.0,13859741.583333334,-0.6891658651808257
14164.5,10052.0,13706751.62326389,-0.7576587356117335
14164.5,10052.0,13512604.539930558,-0.7771826317301934
14164.5,10052.0,12989574.6875,-0.7921373296949744
14164.5,10052.0,12480268.25,-0.779462135727471
14164.5,9913.0,11881559.623263888,-0.7474028375999286
14164.5,9374.0,11180969.039930556,-0.7056565755797801
14164.5,8883.0,10225395.817708334,-0.6748384329929996
14164.5,8883.0,9569453.555555554,-0.7532349046968978
14293.5,8883.0,9565470.805555554,-0.8716623310827514
14513.0,9526.0,10054935.354166666,-0.864342151323837
14620.0,10819.0,10839658.748263888,-0.7689939900759403
14620.0,11518.0,11740339.37326389,-0.6476762692863437
14620.0,11518.0,12545660.206597222,-0.5830079116397365
14620.0,11518.0,13235866.206597222,-0.5450734960563994
14620.0,11518.0,13740334.083333334,-0.545250051482511
14620.0,11518.0,14094074.305555558,-0.5595897076192367
14620.0,11518.0,14417807.638888888,-0.5677237392989091
14840.0,11518.0,14725507.659722224,-0.591244706857347
15188.0,11518.0,15124067.789930558,-0.6353608460526815
15437.5,11518.0,15598428.664930558,-0.6470739705736628
15823.5,11518.0,16175281.805555558,-0.6471539985170909
16267.0,11518.0,16699445.326388888,-0.6512291729262216
16477.5,11518.0,16968664.039930556,-0.682449547077588
16477.5,11518.0,16881981.83159722,-0.7265830434440295
16477.5,11518.0,16983364.409722224,-0.7096655978914815
16477.5,11518.0,16810697.026041668,-0.715466322520626
16477.5,11518.0,17080276.45659722,-0.7188463443362854
16477.5,11518.0,17245374.776041668,-0.7253465784974721
16477.5,11919.0,17498373.055555556,-0.737038074600205
16477.5,11919.0,17437198.909722224,-0.7353710509190348
16477.5,11919.0,17052986.88888889,-0.7454172747019189
16477.5,11919.0,16816754.567708332,-0.7794062153313579
16477.5,11919.0,16818524.270833332,-0.7841235318486243
16477.5,11919.0,16791763.331597224,-0.7822478774147713
16477.5,11919.0,16585864.32638889,-0.7848782238288889
16477.5,11657.0,16272761.416666666,-0.8010177211545172
16477.5,11594.0,15970264.651041666,-0.8140428857491279
16477.5,11594.0,15689457.539930558,-0.8258738129310599
16305.0,11594.0,15491355.13888889,-0.8279062488049382
16237.5,11594.0,15425020.472222222,-0.8274968034232173
16237.5,11594.0,15405729.456597222,-0.8277414066618314
16237.5,11594.0,15481604.1875,-0.8272891975885941
16237.5,11594.0,15538065.831597224,-0.826136210230186
16237.5,11594.0,15558481.659722222,-0.8250372774843533
16237.5,11803.0,15628788.026041666,-0.819178203482027
16237.5,11803.0,15707316.206597222,-0.8129098811415707
16237.5,11803.0,15777466.472222224,-0.8120566493799057
16237.5,11803.0,15777543.87326389,-0.8110122397635231
16237.5,11803.0,15858222.109375,-0.7986298892333359
16237.5,11803.0,16057238.076388888,-0.7902835161141939
16237.5,11803.0,16494471.409722224,-0.8013107937065663
16237.5,12257.0,17048064.243055556,-0.8265980369554384
16237.5,12450.0,17473580.192708332,-0.8464801182210108
16237.5,12450.0,17993683.743055556,-0.8569623177732495
16237.5,12450.0,18390797.45659722,-0.8385460930325815
16237.5,12450.0,18662959.067708332,-0.7948797900034686
16237.5,12450.0,18697340.083333332,-0.7411823229671922
16237.5,12450.0,18443580.38888889,-0.6942261435899397
15104.5,12450.0,18031765.373263888,-0.6578305097830257
14204.0,12450.0,17484017.32638889,-0.6381023951096636
14204.0,12450.0,17027393.748263888,-0.6227757444237414
14204.0,12450.0,16563568.493055558,-0.6060509613874132
14204.0,12450.0,16267870.722222222,-0.5949985301172455
14160.5,12450.0,15894259.567708334,-0.5769659379539998
14160.5,12450.0,15409394.020833334,-0.5656047810802934
14160.5,12450.0,14921395.789930554,-0.5670703049985636
14160.5,12450.0,14310757.993055554,-0.5733292172294242
14160.5,12450.0,13573517.539930558,-0.6138697991939676
14160.5,12429.0,12619454.164930558,-0.7224061357056247
14160.5,11312.0,11749187.192708334,-0.863231281861948
14153.0,10085.0,11037386.333333334,-0.9501958715612148
14153.0,10085.0,10919892.888888888,-0.9050260933552075
14325.5,14138.0,13122950.99826389,-0.6064928786168494
14351.0,15108.0,15116879.57638889,-0.451056998595149
14394.0,15108.0,13851727.276041666,-0.6106539955326219
14394.0,15108.0,12119656.104166666,-0.5014393991453096
14394.0,14449.0,11005680.664930554,-0.32845837683483226
14394.0,13689.0,10559985.526041666,-0.2420881021522711
14394.0,13689.0,10418736.854166666,-0.2271096285312053
14394.0,13689.0,10311862.456597222,-0.233656783683843
14394.0,13689.0,10282847.743055554,-0.24590829392103525
14394.0,13689.0,10285394.909722222,-0.26168718505165556
14419.5,13689.0,10330350.88888889,-0.29037304079192383
14431.5,13689.0,10346077.123263888,-0.2985924804436386
14431.5,13689.0,10341755.123263888,-0.2964495406919604
14422.0,13689.0,10340698.083333334,-0.2957882294662633
14422.0,13689.0,10663196.659722222,-0.32716680413914945
14486.0,13689.0,10793446.555555554,-0.366033671856138
14573.5,13689.0,10804496.456597224,-0.37398084864832126
14573.5,13689.0,10802473.12326389,-0.3730140513829557
14631.5,13689.0,10858032.576388888,-0.39694021992471185
14631.5,13689.0,10860306.222222222,-0.3978667011683546
14631.5,13689.0,10863661.743055558,-0.39863126345119976
14631.5,13689.0,10834913.331597222,-0.3939864032840233
14631.5,13689.0,10832087.805555554,-0.390267581905905
14631.5,13689.0,10914451.833333334,-0.37464410377672275
14573.5,13689.0,10137307.805555556,-0.3765281368530508
14486.0,9767.0,9013845.722222222,-0.7549038337780476
14320.0,10103.0,9949116.99826389,-0.6511152271134283
14320.0,11090.0,11442751.164930558,-0.7069756070260917
14320.0,11362.0,12462176.416666666,-0.7598871480076262
14320.0,11362.0,12679304.993055558,-0.7641091381995223
14320.0,11362.0,12784382.993055558,-0.7562532490842148
14320.0,11362.0,12879916.770833334,-0.7285522688440152
14320.0,11362.0,12867451.37326389,-0.7057517214083854
14320.0,11362.0,12819616.472222224,-0.6997425990187891
14222.5,11362.0,12707003.833333334,-0.6973700889091575
14222.5,11362.0,12640133.32638889,-0.6959003616106567
14222.5,11362.0,12586418.984375,-0.6942841844808528
14080.0,11362.0,12504683.984375,-0.6897710946903419
13856.5,10308.0,11709324.57638889,-0.7503430561853905
13835.5,10046.0,11284312.07638889,-0.7741427067162518
13835.5,10046.0,11233253.743055558,-0.7756525009028518
13835.5,10046.0,11119864.638888888,-0.7789211449087764
13835.5,10046.0,10836848.998263888,-0.7932611958339044
13726.5,10046.0,10594122.567708334,-0.8010442253056579
13662.0,10046.0,10217499.38888889,-0.8275902397547865
13639.5,8965.0,9789733.748263888,-0.8705867230285105
13637.5,8965.0,9556434.333333334,-0.8629226772758022
13637.5,8965.0,9559287.067708334,-0.8493454478606592
13637.5,8965.0,9612874.692708334,-0.8363410357642427
13637.5,8965.0,9608273.520833334,-0.8366938977529693
13637.5,8965.0,9583059.972222222,-0.8362834085099498
13637.5,8965.0,9427504.026041666,-0.8240962126839088
13637.5,8740.0,9313559.104166666,-0.8119905964211557
13637.5,8740.0,9704424.159722222,-0.8362576181506055
13637.5,8740.0,10370586.74826389,-0.8113375533734601
13637.5,8740.0,10625155.706597222,-0.7454840359275156
13637.5,8740.0,10605154.75,-0.7138843862363923
13476.5,8740.0,10548436.909722222,-0.7124827560464363
13476.5,8960.0,10637107.222222222,-0.70528265191384
13476.5,9140.0,10753656.984375,-0.6949654878628562
13476.5,9140.0,10791176.25,-0.6924831418786365
13476.5,9140.0,10849781.87326389,-0.6902507781240453
13405.5,9140.0,10798892.081597222,-0.6894889071008253
13259.0,9140.0,10671942.206597222,-0.6867637162684659
12969.0,9140.0,10372360.638888888,-0.6839560434498955
12710.5,9140.0,10077716.166666666,-0.6748645746416118
12561.5,9140.0,9832458.305555554,-0.6647106657831482
12431.0,9140.0,9621565.083333334,-0.6523055825142894
12378.0,9140.0,9400268.067708334,-0.6379096330680456
12279.5,9140.0,9174754.706597222,-0.6268566409220356
12206.5,9140.0,9110843.75,-0.616387145181266
12206.5,9140.0,9105725.74826389,-0.6040869452111028
12206.5,9140.0,9079813.083333334,-0.6122938575142715
12206.5,9140.0,9113506.942708334,-0.6093284541225314
12206.5,9140.0,9134856.317708334,-0.6096677490332458
12206.5,9140.0,9173662.020833334,-0.6124634466785777
12206.5,9360.0,9273325.076388888,-0.6224167179870005
12206.5,9360.0,9318599.972222222,-0.6264363002453233
12206.5,9360.0,9358785.623263888,-0.6277944898844288
12206.5,9360.0,9477118.854166666,-0.6083622337173843
12206.5,9360.0,9474318.914930554,-0.5884991548212327
12206.5,9360.0,9337838.805555554,-0.5832997111217038
12206.5,9360.0,9072225.567708334,-0.6157060100821293
12206.5,9013.0,8824992.333333334,-0.6564207171799032
12206.5,8808.0,8623280.020833334,-0.6871598487979562
12206.5,8586.0,8561251.833333334,-0.6975809341201261
12206.5,8586.0,8616406.692708334,-0.6913219124861496
12206.5,8586.0,8742105.520833334,-0.6798662667852929
12206.5,8586.0,8796510.442708334,-0.6799309454402064
12206.5,8586.0,8941892.993055558,-0.6815000074627406
12206.5,8586.0,9122674.25,-0.6826466672591607
12206.5,8586.0,9418331.4375,-0.6788188524716446
12371.0,9076.0,9867368.859375,-0.6668486876234007
12781.0,9234.0,10339880.331597222,-0.6585700945916259
13166.0,9234.0,10596375.833333334,-0.6767171593866074
13166.0,9234.0,10618942.12326389,-0.7115223677812142
13166.0,9234.0,10563330.99826389,-0.729174924476509
13166.0,9234.0,10432071.555555556,-0.7426997337178982
13166.0,9234.0,10308000.993055554,-0.7441524270588318
13166.0,9234.0,10205540.456597222,-0.7396700227647561
13166.0,9072.0,9987926.914930556,-0.7236301760093822
13166.0,8774.0,9442183.416666666,-0.6946586621293571
13166.0,8774.0,8695833.493055554,-0.7051951691686389
13166.0,8774.0,8247274.914930555,-0.8122229893218954
13166.0,8774.0,8273365.222222223,-0.894869988410023
13371.5,8774.0,8574581.567708334,-0.8958002036995549
13371.5,9443.0,8954151.206597222,-0.8502589994616819
13371.5,9443.0,9266480.305555554,-0.8156267252877667
13371.5,9443.0,9615241.555555554,-0.7889642174631831
13371.5,9443.0,9889891.581597222,-0.7694169294809988
13371.5,9443.0,10185393.859375,-0.7581799088228965
13371.5,9443.0,10451583.13888889,-0.7525011758114161
13644.5,9443.0,10692724.472222222,-0.7707213591785574
13877.5,9443.0,10888035.567708334,-0.785284620084379
14199.5,9443.0,11101021.956597222,-0.7963871484974859
14492.5,9443.0,11363345.498263888,-0.7949888011009836
14566.0,9804.0,11630847.623263888,-0.7829903220843297
14566.0,9888.0,11888467.859375,-0.7711144873914435
14645.5,9888.0,12013412.12326389,-0.7808906473142222
14645.5,9888.0,12003173.472222222,-0.7972492524125707
14645.5,9888.0,12004500.82638889,-0.7970276533559753
14645.5,9888.0,11634150.659722224,-0.8287110974991776
14645.5,9888.0,11443869.526041666,-0.825928456936502
14645.5,9888.0,11293937.998263888,-0.8158561831525093
14645.5,9802.0,11246132.151041666,-0.8115928030647918
14645.5,9802.0,11272562.993055558,-0.8127356738833096
14645.5,9802.0,11289192.62326389,-0.811797177505666
14645.5,9802.0,11246091.123263888,-0.8248972759686195
14645.5,9802.0,11284947.805555554,-0.8485272583236307
14689.0,9802.0,11393758.859375,-0.8491681490876695
14689.0,10162.0,11598202.305555554,-0.8323025910988501
14689.0,10162.0,11708810.581597224,-0.8258424801447688
14689.0,10162.0,11877367.039930558,-0.8149841354916577
14689.0,10162.0,12027744.972222222,-0.8074179982113369
14689.0,10162.0,12093709.99826389,-0.8057523128002244
14689.0,10162.0,12157997.555555554,-0.8047317605799837
14742.5,10162.0,12311631.083333334,-0.8054193579014781
14962.5,10162.0,12538815.083333334,-0.8054060447129241
15201.5,10162.0,12669463.37326389,-0.8068917834163494
15264.0,10162.0,12806827.748263888,-0.8029371411528282
15264.0,11117.0,13205996.9375,-0.7708919924961757
15264.0,11117.0,13504931.37326389,-0.7519173295760103
15454.0,11117.0,13749180.331597224,-0.7583053578456695
15454.0,11117.0,13732032.539930554,-0.7893719206027076
15454.0,11117.0,13569757.222222224,-0.8116208452267472
15454.0,11117.0,13816128.909722224,-0.7946101156639993
15454.0,11117.0,14021118.722222224,-0.7978763377638761
15454.0,11117.0,14014458.305555554,-0.7975776530246236
15454.0,10885.0,13878593.305555554,-0.7894380248523795
15454.0,10885.0,13775972.243055554,-0.7862431636062648
15454.0,10885.0,13553238.456597224,-0.7977704614141086
15454.0,10885.0,13471426.831597224,-0.8186102310704921
15454.0,10885.0,13469446.373263888,-0.8168398648895722
15454.0,10885.0,13434718.638888888,-0.8142876683084709
15394.0,10885.0,13273475.722222222,-0.8167914999483281
15365.5,10885.0,13194467.6875,-0.816901913552183
15365.5,10885.0,13073742.24826389,-0.8192155166294752
15365.5,10885.0,12968865.234375,-0.8207735704414858
15123.0,10885.0,12832477.1875,-0.8152807751753869
14865.5,10885.0,12730915.409722224,-0.8121257959542226
14865.5,10885.0,12657232.151041666,-0.8116114907296559
14865.5,10885.0,12602688.831597222,-0.8131847222522591
14865.5,10885.0,12580731.37326389,-0.8134106822760033
14865.5,10885.0,12555175.067708334,-0.8146456027022317
14865.5,10657.0,12394058.748263888,-0.8341605360806293
14865.5,10425.0,12320823.276041666,-0.8429476419584225
14865.5,10425.0,12244062.164930554,-0.8471638126891562
14865.5,10425.0,12238392.581597224,-0.8383730013840323
14865.5,10425.0,12232010.026041666,-0.8396376280437978
14865.5,10425.0,12205760.206597224,-0.8412426480212832
14865.5,10425.0,12193478.305555558,-0.840858577911316
14865.5,10425.0,12306367.020833334,-0.8478041851987473
14865.5,10620.0,12417097.567708334,-0.8554710877413658
14865.5,10620.0,12482328.972222222,-0.8574095537358691
14865.5,10620.0,12535901.4375,-0.8530837634692745
14865.5,10620.0,12555730.638888888,-0.8460082596192479
14865.5,10620.0,12552033.831597222,-0.8439546396377093
14770.5,10620.0,12492626.539930554,-0.8398592971912966
14770.5,10620.0,12428517.734375,-0.8399645713404154
14770.5,10620.0,12379751.9375,-0.8403302017893549
14770.5,10620.0,12310918.472222224,-0.8411633330219248
14770.5,10620.0,12211825.13888889,-0.8411561593033253
14827.0,10620.0,12230228.248263888,-0.8420325801942379
14736.0,10620.0,12200452.289930558,-0.8406549836906233
14736.0,10620.0,12440368.409722224,-0.8287963460361963
14736.0,10620.0,12439469.520833334,-0.82882728671023
14736.0,10620.0,12451558.909722224,-0.8285340454153755
14736.0,10620.0,12434462.13888889,-0.8294746134328493
14736.0,10620.0,12393812.859375,-0.8339544831093678
14736.0,10587.0,12383469.9375,-0.8351658235548132
14736.0,10587.0,12271781.289930554,-0.8378678335412224
14736.0,10587.0,12274204.484375,-0.8168375875486427
14736.0,10587.0,12325523.805555558,-0.8067729679837532
14736.0,10587.0,12495733.493055558,-0.7975955142161626
14736.0,10587.0,12369863.805555558,-0.7951630017302325
14736.0,10587.0,12320638.651041666,-0.7920971899648145
14736.0,10515.0,12280167.901041666,-0.7890733404741085
14736.0,10515.0,12313891.414930554,-0.7903820364444106
14736.0,10515.0,12441155.789930554,-0.7823834533116806
14736.0,10515.0,12442290.581597224,-0.7819748791990893
14736.0,10515.0,12422587.456597222,-0.7664381742666747
14770.5,10515.0,12460566.331597224,-0.7690507575384746
14770.5,10515.0,12550135.734375,-0.7682732370904296
14770.5,10515.0,12732666.722222222,-0.7628537914573323
14770.5,10515.0,12809332.520833334,-0.7626506290511901
14770.5,10515.0,12882607.833333334,-0.7643239370663605
14700.5,10515.0,12855453.567708334,-0.7624640673442615
14685.0,10515.0,12834026.067708334,-0.7605946343516994
14685.0,10515.0,12573079.692708334,-0.769604541676119
14685.0,10515.0,12423901.623263888,-0.7694605430926889
14603.0,10515.0,12254904.104166666,-0.7675243300074677
14603.0,10515.0,12200909.12326389,-0.7702732228039815
14603.0,10515.0,11986350.722222224,-0.7896753377940118
14603.0,9862.0,11571751.276041666,-0.8247875620010906
14546.5,9862.0,11384485.164930558,-0.8179474850792161
14546.5,9862.0,11384456.206597224,-0.8180986961786125
14546.5,9862.0,11373978.956597224,-0.820386019158162
14546.5,9862.0,11287720.581597222,-0.8252009055509777
14546.5,9862.0,11254658.206597224,-0.8248187096192012
14546.5,9862.0,11242203.289930554,-0.823998511680533
14546.5,10047.0,11343777.604166666,-0.8323967971619783
14546.5,10047.0,11807635.13888889,-0.8582888090215657
14546.5,10047.0,12477130.388888888,-0.8419817187555958
14546.5,10047.0,12865458.859375,-0.7576442810770839
14546.5,10047.0,12851054.734375,-0.7294280807151965
14401.5,10047.0,12767629.081597224,-0.7267248168516608
14401.5,10047.0,12726801.442708334,-0.7288630907613155
14401.5,9799.0,12611104.539930558,-0.7379627090539135
14401.5,9799.0,12522780.581597222,-0.742440530637234
14401.5,9799.0,12389160.409722222,-0.7460149913149565
14201.5,9799.0,12296894.331597224,-0.7430314792400357
14201.5,9799.0,12335781.901041666,-0.7431740438334091
14053.5,9799.0,12128799.166666666,-0.740245700078139
13966.0,9799.0,11916713.57638889,-0.729713785246413
13731.0,9799.0,11733250.722222224,-0.7175386385107142
13462.0,9799.0,11301376.972222224,-0.7210905768288407
13380.5,9643.0,10798889.942708334,-0.7384332512325893
13380.5,9643.0,10494265.942708334,-0.7437851026883883
13332.0,9643.0,10357588.456597222,-0.7317087469917294
13332.0,9643.0,10337864.206597222,-0.7058843792693751
13332.0,9643.0,10387469.354166666,-0.6900613363779396
13332.0,9643.0,10419189.63888889,-0.6869140532306534
13332.0,9643.0,10680038.081597222,-0.6891677436373393
13332.0,9643.0,10771918.623263888,-0.6939888383080105
13332.0,10156.0,11031319.388888888,-0.7150531623524471
13332.0,10156.0,11193357.539930558,-0.7260572109386668
13332.0,10156.0,11439442.498263888,-0.7299375758148601
13332.0,10156.0,11610641.539930558,-0.7055180048165711
13332.0,10156.0,11601950.388888888,-0.6781712498479778
13330.0,10156.0,11425942.206597224,-0.6748269168009179
13330.0,10156.0,11256371.909722224,-0.6919658613379146
13330.0,9759.0,11120509.24826389,-0.7094133686028984
13330.0,9727.0,11109082.067708334,-0.7107529053804915
13330.0,9727.0,11189083.38888889,-0.7032474630231521
13330.0,9727.0,11401678.914930554,-0.6893577950227617
13330.0,9727.0,11425589.166666666,-0.6874887516271196
13330.0,9727.0,11602237.638888888,-0.6809508954101582
13330.0,9727.0,11698118.722222222,-0.6837381039359698
13167.5,9727.0,11616577.576388888,-0.6717499684617022
13167.5,9727.0,11663119.555555554,-0.6749444792335654
13185.5,9727.0,11788313.854166666,-0.6806161036558473
13185.5,9727.0,12067762.055555558,-0.6792576922845985
13495.0,9727.0,12428544.581597222,-0.6867510614368877
13623.5,9727.0,12566926.942708334,-0.7356982301751889
13623.5,9727.0,12473968.583333334,-0.7651503881542738
13623.5,9727.0,12411871.159722222,-0.7719121212802347
13623.5,9727.0,12222523.659722224,-0.7736378456505453
13623.5,9727.0,12153033.74826389,-0.7716115545105113
13623.5,9530.0,11816238.956597224,-0.7514040350062837
13623.5,9077.0,11184594.414930556,-0.7211754156872193
13623.5,9077.0,10321629.666666666,-0.7208738067757012
13623.5,9077.0,9783477.104166666,-0.8331101414870531
13789.5,9077.0,9870082.276041666,-0.9176282160829594
13985.5,9853.0,10343288.99826389,-0.8975915934523914
13985.5,10899.0,10955441.993055554,-0.8147913789135343
13985.5,11380.0,11665745.567708334,-0.7210815025255362
13985.5,11425.0,12376571.831597224,-0.6492499754155961
13985.5,11425.0,12988117.38888889,-0.6107722596325138
13985.5,11425.0,13418634.909722224,-0.5985014900980684
13985.5,11425.0,13886013.243055558,-0.5918854052605053
13985.5,11425.0,14418553.909722224,-0.5878245764719153
13985.5,11425.0,14952168.055555558,-0.6076592899916531
14419.5,11535.0,15717057.776041666,-0.6573868536566022
14866.5,11837.0,16530961.831597222,-0.6817473357702672
15394.0,11837.0,17133297.039930556,-0.7132240165438992
16269.5,11837.0,17698818.289930556,-0.7284821177363806
16376.5,11837.0,17862704.248263888,-0.7464228264576374
16376.5,11837.0,17862554.63888889,-0.7466977953744331
16376.5,11837.0,17907405.972222224,-0.7417828247504956
16376.5,11837.0,17771477.305555556,-0.7465333211157422
16376.5,11837.0,17867476.289930556,-0.7483268285122896
16376.5,11837.0,17511411.289930556,-0.7362569159945613
16376.5,11809.0,17493181.248263884,-0.7353253516508598
16376.5,11809.0,17503047.770833332,-0.7356035040177522
16376.5,11809.0,17326330.539930556,-0.7406207461713691
16376.5,11809.0,17292344.956597224,-0.7461385156833019
16376.5,11809.0,17295730.416666668,-0.7343644753389128
16376.5,11809.0,17191310.414930556,-0.7218748259993468
15703.0,11809.0,16884205.526041668,-0.7094720994914427
15541.0,11809.0,16494363.638888888,-0.7094200916891018
15541.0,11809.0,16230973.289930558,-0.7168153571791681
15278.0,11809.0,15811912.083333334,-0.7109597209498496
15163.5,11809.0,15487014.192708334,-0.6987679286637013
15127.0,11809.0,15155550.74826389,-0.6918173760547703
15092.5,11809.0,14746199.4375,-0.6890241248747314
15039.0,11809.0,14355577.74826389,-0.6849535600331658
14974.0,11809.0,13697163.289930558,-0.7071774856098151
14974.0,11514.0,13103230.4375,-0.7618596938785973
14974.0,11514.0,12875230.4375,-0.7878300502492434
14974.0,11834.0,12999299.326388888,-0.7691378773383839
14974.0,11834.0,12949306.416666666,-0.7711151943898201
14974.0,11834.0,12935773.88888889,-0.7506563370717667
14974.0,11834.0,12943568.748263888,-0.7493279664586849
14974.0,11834.0,13062277.151041666,-0.7432419363401384
14974.0,11834.0,12981041.914930554,-0.7404497935200682
14974.0,11834.0,13293180.722222224,-0.7568793658298721
14974.0,11907.0,13335734.526041666,-0.7599333669846973
14974.0,11907.0,13431622.659722224,-0.7636976799405781
14974.0,11907.0,13430611.914930558,-0.763761686189709
14974.0,11907.0,13421860.659722224,-0.7666162076347938
14974.0,11907.0,13422287.206597222,-0.7668793309042851
14941.0,11907.0,13388313.331597224,-0.7649919466334942
14941.0,11907.0,13417163.333333334,-0.7652682436394348
14941.0,11907.0,13389651.909722224,-0.7657357491215785
14941.0,11907.0,13113766.354166666,-0.7770258500545725
14941.0,11907.0,13112242.07638889,-0.7769952716779265
14915.5,11907.0,13092353.581597224,-0.7759156750649605
14915.5,11907.0,13116128.972222224,-0.7764033278829422
14915.5,11907.0,13179145.972222222,-0.7775455375445661
14915.5,11907.0,13233812.456597224,-0.7795216125316576
15058.5,11907.0,13385700.748263888,-0.7817226458852233
15058.5,11907.0,13419050.456597224,-0.7802231456955393
15058.5,11907.0,13409776.289930554,-0.7810592070452593
15058.5,10730.0,12949427.331597222,-0.8405763022490821
15045.0,10730.0,12802304.770833334,-0.8438476508659394
15045.0,10730.0,12802101.82638889,-0.8420513891808041
15045.0,10730.0,12868060.456597222,-0.8304476187120371
15045.0,10730.0,12905956.192708334,-0.8283697836706652
15045.0,10730.0,13024068.99826389,-0.8308624804861363
15045.0,10789.0,13243279.567708334,-0.8433704977376472
15045.0,10905.0,13345224.055555554,-0.8496878476920318
15045.0,10905.0,13315973.456597224,-0.8488833066110949
15045.0,10905.0,13439125.222222224,-0.8403481724295085
15045.0,10905.0,13437241.159722224,-0.8410666964180259
15045.0,10905.0,13451302.82638889,-0.8464848483103767
15149.0,10905.0,13488440.9375,-0.8476495948266217
15149.0,10905.0,13565003.82638889,-0.845350469120187
15149.0,10905.0,13543171.24826389,-0.8458729557922293
15088.5,10905.0,13487598.722222222,-0.8453284250365708
14972.5,10905.0,13379274.99826389,-0.8406781868791622
14824.5,10905.0,13299935.206597224,-0.8342613824304818
14728.0,10905.0,13224149.6875,-0.8329948145617696
14682.0,10905.0,13103435.859375,-0.8316544845838952
14637.5,10905.0,12999557.472222222,-0.8294463984980028
14637.5,10905.0,12889384.164930558,-0.8329058630281357
14637.5,10905.0,12727727.37326389,-0.8428676069806834
14637.5,10782.0,12459337.456597224,-0.870535767615741
14637.5,10227.0,12291090.555555558,-0.8898941926513202
14578.0,10227.0,12175831.243055554,-0.88968386287246
14578.0,10227.0,12173651.75,-0.8696913561207458
14578.0,10227.0,12192117.6875,-0.8660989587186498
14578.0,10227.0,12288328.539930554,-0.8600773944305116
14578.0,10227.0,12154765.414930554,-0.8586122414103433
14578.0,10227.0,11929866.859375,-0.8450719097720452
14578.0,9766.0,11676346.472222224,-0.8268668683191627
14578.0,9766.0,11532606.88888889,-0.8218250386092707
14578.0,9766.0,11257764.831597222,-0.846735689928797
14578.0,9766.0,11220310.12326389,-0.8705059698989313
14608.5,9766.0,11327563.743055558,-0.8837777360648846
14608.5,9766.0,11523964.07638889,-0.8711487687231634
14608.5,10466.0,11786252.414930558,-0.8409553154525462
14608.5,10466.0,12057300.24826389,-0.8174420731805083
14608.5,11236.0,12736640.859375,-0.7564170281744468
14665.0,11236.0,13233212.326388888,-0.7449527550056625
14738.5,11236.0,13542400.659722224,-0.7570722668221843
14738.5,11236.0,13860567.270833334,-0.7582281834081411
14958.5,11236.0,14276535.831597222,-0.7584563467507345
15341.0,11236.0,14645978.583333334,-0.7666624281034782
15622.5,11236.0,14830967.993055558,-0.7714976946390047
15871.5,11236.0,15010628.192708334,-0.7737639618369809
15922.5,11236.0,15031179.067708334,-0.7741849123634587
15764.0,11236.0,14955960.914930552,-0.7726309955410614
15764.0,11236.0,15006032.789930558,-0.7810171470350834
15764.0,11236.0,14970840.472222224,-0.7999943927458552
15764.0,11236.0,14823657.722222222,-0.8186231202778474
15764.0,11236.0,14569187.055555558,-0.8271421597019898
15764.0,11236.0,14722452.270833334,-0.8311664107388026
15764.0,11236.0,14673761.63888889,-0.8287285241123257
15764.0,11690.0,14955873.770833334,-0.8454278687796175
15764.0,11690.0,15658163.138888888,-0.8715688020901683
15764.0,11690.0,16662837.166666666,-0.8375542291217818
15764.0,11690.0,17152205.276041668,-0.7544054315295623
15764.0,11690.0,17071283.076388888,-0.7041361502448673
15325.5,11690.0,16829780.722222224,-0.6904719158075727
15325.5,11690.0,16570524.055555554,-0.6946617042322019
15325.0,11690.0,16338660.409722222,-0.6975746128630238
15075.5,11002.0,15682584.576388888,-0.7216473108897127
14846.5,10952.0,15175466.805555554,-0.7278557517595062
14656.5,10952.0,14798815.243055558,-0.7168628860694424
14392.0,10952.0,14253251.831597224,-0.7026879320459859
13867.5,10795.0,13540165.081597224,-0.6994330207487278
13427.0,10530.0,12825875.498263888,-0.6977586902193775
13155.5,10530.0,12191690.916666666,-0.6822075282855583
12966.0,10094.0,11465425.159722222,-0.691273147009195
12874.5,9936.0,10857319.659722222,-0.7013789126041649
12844.5,9936.0,10297581.442708334,-0.714781433883424
12786.0,9936.0,9860789.289930554,-0.6986955096169494
12730.5,9936.0,9814313.916666666,-0.6286478052638702
12730.5,9936.0,10012034.776041666,-0.5694834219079
12730.5,9936.0,10314817.414930558,-0.5447343939943405
12730.5,9936.0,10315578.442708334,-0.5447536053104094
12730.5,9936.0,10384771.82638889,-0.5490900587344566
12730.5,10100.0,10463478.159722222,-0.5566819293906927
12730.5,10107.0,10562906.493055556,-0.5658013010311836
12730.5,10107.0,10854456.32638889,-0.5729359163216402
12730.5,10107.0,11020991.12326389,-0.5412546285823939
12683.0,10107.0,10946004.331597222,-0.508595792554343
12683.0,10107.0,10682249.333333334,-0.5140836912501767
12683.0,10016.0,10271563.805555554,-0.56588387029787
12683.0,9517.0,9861989.734375,-0.6241255742048172
12683.0,9059.0,9655978.373263888,-0.6539197938780691
12683.0,8918.0,9615388.243055556,-0.6594240482434577
12683.0,8918.0,9631291.039930554,-0.6579094119497015
12683.0,8918.0,9684313.609375,-0.6558060282797405
12683.0,8918.0,9774086.576388888,-0.6549314222469949
12683.0,8918.0,9896696.076388888,-0.6565321563023478
12777.5,8918.0,10033580.0,-0.6656630865993182
12844.5,8923.0,10389944.0,-0.6619268829737075
13152.5,9756.0,10965490.234375,-0.6335590593185706
13501.0,9756.0,11393784.722222222,-0.6323913703447737
13622.5,9756.0,11628058.651041666,-0.6617825228485041
13622.5,9756.0,11672890.354166666,-0.7266804104533219
13622.5,9756.0,11526999.416666666,-0.7601320634290963
13622.5,9756.0,11367609.166666666,-0.7722795683991757
13622.5,9756.0,11377269.166666666,-0.7722309001995983
13622.5,9756.0,11416455.789930554,-0.7735493965675274
13622.5,9756.0,11378066.026041666,-0.7711939742257766
13622.5,9673.0,10896574.416666666,-0.74963599471199
13622.5,9673.0,9998340.722222224,-0.7765947851886034
13622.5,9673.0,9587268.456597222,-0.8923702745042048
13656.5,9673.0,9683171.13888889,-0.9515255993429325
13725.0,9673.0,9964941.222222222,-0.9426378002400633
13725.0,10033.0,10281687.289930554,-0.9065531440079779
13725.0,10033.0,10584892.270833334,-0.8803241082187223
13725.0,10033.0,10872881.305555554,-0.8574521540114223
13725.0,10033.0,11103823.75,-0.84272517263533
13725.0,10033.0,11333452.87326389,-0.8368633968098985
13725.0,10033.0,11537537.909722222,-0.8426599933497748
13874.5,10033.0,11789204.576388888,-0.8502041990765323
14290.0,10033.0,11984932.831597224,-0.8620154241012926
14752.0,10033.0,12255188.0,-0.8778056414610567
14979.0,10033.0,12361203.138888888,-0.8789971900359127
14979.0,10139.0,12475669.243055558,-0.8718343374938391
15021.5,10284.0,12714613.076388888,-0.8609942962426156
15021.5,10284.0,12796256.081597224,-0.8696249797060076
15021.5,10284.0,12806642.609375,-0.8449584841119796
15021.5,10284.0,12922006.581597222,-0.8279347181568025
15021.5,10284.0,13013506.109375,-0.8241301365818583
15021.5,10284.0,13003865.206597224,-0.8239564387289438
15021.5,10284.0,13005498.055555558,-0.8240383706949501
15021.5,10126.0,12914606.909722222,-0.8179885086734904
15021.5,10126.0,12918131.859375,-0.8180984571246488
15021.5,10126.0,12963769.359375,-0.8143701377768823
15021.5,10126.0,12975522.234375,-0.8100107074470327
15021.5,10126.0,12962622.805555558,-0.8050691172832819
14919.0,10126.0,12923612.270833334,-0.8044075364368557
14919.0,10126.0,12934444.333333334,-0.8037754109720259
14919.0,10126.0,12813705.442708334,-0.8073403722176801
14919.0,10126.0,12659442.24826389,-0.8121645638047507
14821.0,10126.0,12497506.722222222,-0.8154918810306435
14809.0,10126.0,12384275.234375,-0.8172234277890358
14723.5,10126.0,12288704.9375,-0.8158837345526418
14723.5,10126.0,12288480.414930558,-0.8158915007108041
14723.5,10126.0,12294251.234375,-0.8158184343671546
14723.5,10126.0,12200185.039930558,-0.8178700524367836
14723.5,10126.0,12341803.75,-0.8104852274935838
14723.5,10606.0,12529146.414930554,-0.7914321717787396
14723.5,10704.0,12707045.984375,-0.7731938965564131
14809.0,10704.0,12766659.222222224,-0.7748053407829486
14809.0,10704.0,12759855.88888889,-0.7935593227829142
14809.0,10704.0,12669050.57638889,-0.8067089383669656
14809.0,10704.0,12570610.498263888,-0.810627005958623
14809.0,10704.0,12613569.222222222,-0.8116940059613997
14809.0,10704.0,12710195.666666666,-0.8173822296145128
14809.0,10707.0,12711892.151041666,-0.8174944457512213
14809.0,10707.0,12705395.243055558,-0.8172870633512451
14809.0,10707.0,12721154.442708334,-0.8160633678756518
14809.0,10707.0,12741808.164930558,-0.8088822165584697
14809.0,10707.0,12717450.526041666,-0.7902432068286823
14667.0,10707.0,12604462.539930558,-0.7825580622769481
14667.0,10707.0,12414060.026041666,-0.7899872157485104
14539.5,10707.0,12305227.909722224,-0.7888501204355242
14539.5,10707.0,12265016.583333334,-0.7888674266148918
14477.5,10707.0,12198552.74826389,-0.7866597933041803
14307.0,10707.0,12093744.805555554,-0.7819280166616738
14192.0,10707.0,12040889.831597224,-0.7785899811147465
14192.0,10707.0,11854100.456597222,-0.7775627801539918
14192.0,10707.0,11799741.1875,-0.7783438144502274
14192.0,10707.0,11749816.706597224,-0.7782566880350306
14192.0,10707.0,11486049.234375,-0.7910606341407402
14192.0,10707.0,11140991.576388888,-0.8338614697857775
14192.0,10018.0,10915117.998263888,-0.8705953312161768
14192.0,10018.0,10965451.248263888,-0.866925783845654
14192.0,10018.0,10957426.805555556,-0.8544948316142643
14192.0,10018.0,10966610.817708334,-0.8525378265925743
14192.0,10018.0,10871177.38888889,-0.8598697461841833
14192.0,10018.0,10846729.076388888,-0.8592530166786839
14192.0,10123.0,10964273.243055558,-0.8683523848697146
14192.0,10346.0,11143828.1875,-0.8828370310566418
14192.0,10346.0,11301224.909722222,-0.8881415018325913
14192.0,10346.0,11479237.942708334,-0.8725568506241634
14192.0,10346.0,11540448.583333334,-0.8486539684301169
14192.0,10346.0,11526212.956597222,-0.8345112458431787
14192.0,10346.0,11484192.539930558,-0.8316712052494359
14192.0,10346.0,11345911.984375,-0.8354302362665696
14094.0,10346.0,11247641.49826389,-0.8342381558556873
13917.5,10346.0,11060976.192708334,-0.8340138559812559
13815.0,10346.0,10911901.972222222,-0.827245734847205
13693.5,10346.0,10819195.0,-0.8225103651360499
13590.5,10346.0,10723483.956597222,-0.8180750647405924
13590.5,10346.0,10633472.993055554,-0.8157966937584192
13590.5,10346.0,10512292.993055556,-0.821130723130343
13590.5,10346.0,10352497.993055556,-0.8234789995569396
13590.5,10346.0,10209802.748263888,-0.8269036700651373
13590.5,10346.0,10034437.416666666,-0.8475518462546081
13590.5,9651.0,9668738.166666666,-0.9065875382283579
13590.5,9097.0,9321873.305555556,-0.9413664975089421
13590.5,9097.0,9310794.076388888,-0.8992318751860461
13590.5,9097.0,9420175.638888888,-0.8700195020117624
13590.5,9097.0,9662713.972222224,-0.8462865355469613
13590.5,9097.0,10000952.972222224,-0.8553178053799843
13590.5,9325.0,10228235.831597222,-0.872592519711041
13590.5,9739.0,10567595.248263888,-0.9006817614951567
13590.5,9739.0,10858516.993055558,-0.908373346451319
13590.5,9739.0,11251041.493055558,-0.8783417240258492
13590.5,9739.0,11480611.166666666,-0.8075006846584621
13590.5,9739.0,11474198.826388888,-0.7383278921605156
13535.0,9739.0,11206040.138888888,-0.7013928483002148
13203.5,9739.0,10929877.5,-0.7040461590283172
13203.5,9739.0,10878363.081597222,-0.7062978987164789
12484.0,9739.0,10616086.993055554,-0.6866848436517144
11982.0,9739.0,10401522.664930554,-0.6639202387774422
11789.5,9739.0,10126342.24826389,-0.6297855771128416
11565.5,9739.0,9828622.472222222,-0.592455972917961
11565.0,9739.0,9500965.909722222,-0.5730008685546367
11433.5,9739.0,9011768.123263888,-0.5661073098892867
11344.5,9739.0,8601871.1875,-0.5445829424155848
11290.5,9739.0,8139194.734375,-0.5300539710120715
11200.5,9704.0,7385770.472222221,-0.601868191918167
11051.0,8881.0,6593034.956597221,-0.7344494730416578
10967.0,8881.0,6069839.123263888,-0.793029654110592
10921.5,8881.0,6005565.159722221,-0.7153727416134594
10921.5,8881.0,6108781.604166667,-0.6553191080342552
10921.5,8881.0,6321252.555555555,-0.6260498886472401
10921.5,8881.0,6329645.664930555,-0.6264135832710148
10921.5,8881.0,6337904.373263889,-0.6275954509001426
10921.5,8829.0,6316747.414930556,-0.6235819296582485
10921.5,8873.0,6615055.331597221,-0.6622592543336854
10921.5,8873.0,6949921.289930556,-0.6524745940589455
10921.5,8873.0,7067511.666666667,-0.5984712363912141
10921.5,8873.0,7053919.276041667,-0.5885961550702983
10921.5,8873.0,7103832.388888888,-0.5870951707469533
10921.5,8873.0,7057627.831597223,-0.5963234116403722
10921.5,7893.0,6760616.373263888,-0.6806326446411524
10921.5,7893.0,6817492.859375,-0.6726925444096258
10921.5,7893.0,6869069.993055555,-0.6669825677817057
10921.5,7893.0,6881819.0,-0.6670569911336375
10921.5,7893.0,6892181.826388889,-0.6676299929807177
10921.5,7893.0,6809362.859375,-0.6643307752520471
10814.5,7893.0,6729594.159722223,-0.6542358043395576
10635.5,7893.0,6670118.081597221,-0.6414765112408968
10511.0,7893.0,6622228.6875,-0.6283580636079619
10511.0,7893.0,6591298.956597221,-0.6223398869801552
10460.0,7893.0,6543238.331597221,-0.6083389032410736
10404.0,7893.0,6509504.076388888,-0.5857408088247201
10404.0,7893.0,6518196.409722223,-0.5674089510729866
10404.0,7893.0,6595265.081597221,-0.5400976736562327
10404.0,7893.0,6644262.164930555,-0.5360088586593607
10404.0,7893.0,6859072.901041667,-0.5455240396286906
10404.0,7928.0,7010555.222222221,-0.5615197620934019
10404.0,8011.0,7071815.409722223,-0.5688324411413733
10404.0,8270.0,7218784.539930555,-0.5873898615038561
10404.0,8270.0,7417962.326388889,-0.593636154771531
10404.0,8270.0,7586770.055555556,-0.5528856906622795
10404.0,8270.0,7555893.748263889,-0.5126216478235274
10404.0,8270.0,7394412.1875,-0.5170900855517785
10404.0,8270.0,7142341.1875,-0.5579938339619446
10404.0,7789.0,6929700.164930556,-0.6021874037339643
10404.0,7656.0,6863429.1875,-0.6150482915813262
10404.0,7526.0,6727439.664930556,-0.6370141268422194
10404.0,7526.0,6727642.166666667,-0.6369912580447976
10404.0,7526.0,6743241.243055555,-0.6356741525548154
10404.0,7526.0,6754325.206597221,-0.6354495037388801
10404.0,7526.0,6754725.888888889,-0.6354823755560084
10404.0,7526.0,6763246.998263889,-0.6366454721357171
10490.5,7526.0,6808145.166666667,-0.6421616595759366
10490.5,7526.0,6847290.901041667,-0.6444219877732744
10672.5,7526.0,6973883.539930555,-0.6526423811790687
10768.5,7526.0,7084811.664930556,-0.6772169712536619
10768.5,7526.0,7086298.401041667,-0.7023602184120692
10768.5,7526.0,7038702.401041667,-0.7219318433364456
10768.5,7526.0,6982342.472222223,-0.7310171111187833
10768.5,7526.0,6970600.722222223,-0.7308251055307322
10768.5,7526.0,6932977.289930556,-0.7281335296288661
10768.5,7526.0,6901989.326388888,-0.7255156761528374
10768.5,7184.0,6648761.305555555,-0.7021362424922449
10768.5,7184.0,6331781.526041667,-0.6984367784036674
10768.5,7184.0,6124191.664930556,-0.7599911143515145
10768.5,7184.0,6131790.972222223,-0.7974663847558291
10768.5,7184.0,6133278.359375,-0.7974931158737639
10768.5,7233.0,6203456.993055556,-0.7843605462668642
10768.5,7383.0,6258025.604166667,-0.7726462004510795
10768.5,7383.0,6227525.401041667,-0.7782799271354269
10768.5,7383.0,6303753.104166667,-0.767346141279132
10768.5,7383.0,6271210.039930555,-0.7694728412072247
10768.5,7383.0,6256513.359375,-0.7702835853557196
10744.5,7383.0,6207900.234375,-0.766391093401779
10777.0,7383.0,6247602.164930555,-0.7702829468804027
10777.0,7383.0,6235419.831597221,-0.7668716246410902
10765.5,7383.0,6232904.805555555,-0.7665021514939019
10765.5,7383.0,6224218.276041667,-0.765779632934911
10738.0,7383.0,6150936.805555555,-0.7619181603989115
10597.0,7383.0,6061280.138888889,-0.7357986709140169
10597.0,7383.0,6080439.916666667,-0.6891547633392975
10597.0,7383.0,6172742.901041667,-0.6567943718557189
10597.0,7383.0,6289874.873263888,-0.6445733198502719
10597.0,7383.0,6362683.270833333,-0.650253645932636
10597.0,7550.0,6463384.833333333,-0.6630993929543103
10597.0,7578.0,6537020.692708333,-0.6723981514909251
10597.0,7578.0,6630867.020833333,-0.6800893872677235
10597.0,7578.0,6574617.520833333,-0.6851737757747476
10597.0,7578.0,6585938.076388889,-0.6791767716614443
10597.0,7578.0,6585497.020833333,-0.6788812119568857
10484.5,7578.0,6510403.248263888,-0.6718769787163321
10484.5,7578.0,6328196.414930556,-0.6967895529780637
10484.5,7313.0,6099617.770833333,-0.7373782515704087
10484.5,7313.0,5963131.270833333,-0.7613189671049012
10484.5,6690.0,5822402.998263888,-0.7917296119184657
10484.5,6690.0,5743100.164930555,-0.8007228969677006
10484.5,6640.0,5633960.998263889,-0.8119408129731336
10484.5,6640.0,5634942.25,-0.8119122155136363
10355.0,6640.0,5524328.359375,-0.8126529648061869
10368.5,6640.0,5574367.993055556,-0.8121721886702645
10331.5,6640.0,5528555.722222222,-0.8116356625550988
10331.5,6640.0,5477964.604166667,-0.8137714775032223
10331.5,6640.0,5480095.151041667,-0.8136731511772636
10331.5,6640.0,5474309.909722222,-0.8113362919854253
10331.5,6640.0,5495630.359375,-0.7835427286814503
10331.5,6640.0,5550517.25,-0.7647533376182598
10331.5,6640.0,5661447.076388888,-0.7545375355671168
10331.5,6640.0,5445437.914930556,-0.753563854876377
10331.5,6640.0,5280538.789930556,-0.7328915204196816
10331.5,6388.0,5191667.664930555,-0.7180286953954793
10331.5,6388.0,4995139.493055555,-0.6957310810904447
10331.5,6388.0,4849167.067708333,-0.7259277836834882
10331.5,6388.0,4800128.638888889,-0.8034824405817838
10461.0,6388.0,4908539.081597222,-0.8131926728331931
10487.0,7159.0,5181598.873263889,-0.758934075807902
10487.0,7616.0,5472518.289930555,-0.6795273942156019
10487.0,9215.0,6287422.664930556,-0.41975818015029576
10487.0,9215.0,6900273.055555555,-0.31824662743032256
10487.0,9215.0,7414631.914930556,-0.2693875277306323
10487.0,9215.0,7721485.743055555,-0.2832388248294866
10487.0,9215.0,7999076.243055556,-0.3102877937080462
10487.0,9215.0,8185050.722222223,-0.3379634977404614
10644.0,9215.0,8350382.289930555,-0.38449046307507045
10644.0,9215.0,8471710.743055554,-0.4086140070034327
10847.0,9215.0,8666804.243055554,-0.45149229458484347
11408.5,9215.0,8932613.472222222,-0.4908756865370057
11876.5,9215.0,9136934.576388888,-0.5258800105865743
11903.0,9215.0,9251969.472222222,-0.5925123225488895
11903.0,9215.0,9076277.748263888,-0.6726313783051178
11903.0,9215.0,8815714.581597222,-0.7070118601243016
11903.0,9215.0,8498694.373263888,-0.708708981675414
11903.0,9215.0,8907344.373263888,-0.7345819479853736
11903.0,9754.0,9279710.638888888,-0.7690187972416613
11903.0,9902.0,9609042.456597222,-0.7981126437163397
11903.0,9902.0,10083328.520833334,-0.8186010989481487
11903.0,9902.0,10617039.067708334,-0.7857921773314854
11903.0,9902.0,11026874.317708334,-0.6931760737087964
11903.0,9902.0,11168823.317708334,-0.5800073092462034
11876.5,9902.0,11017278.873263888,-0.48352712027608236
10955.0,9902.0,10704338.317708334,-0.4119403206973301
9773.0,9458.0,9857125.972222222,-0.3913906115758804
9422.0,9262.0,9101672.206597222,-0.36217867750650307
9262.5,8404.0,8346651.914930555,-0.3504049302993356
9153.5,8398.0,7817340.039930555,-0.30557625161983876
9073.5,8398.0,7289435.526041667,-0.2669318036450752
9073.5,8398.0,6846195.151041667,-0.24618582289544236
9001.5,8398.0,6414974.576388889,-0.19514024531641688
8932.5,8398.0,5955190.401041667,-0.14580220411056946
8801.5,8398.0,5356809.243055556,-0.1480546912719482
8720.0,8198.0,4561690.414930555,-0.30169531985532416
8703.0,7680.0,3787298.8055555555,-0.5990680935537451
8630.0,5815.0,3131419.1041666665,-0.9941055475460225
8548.5,5263.0,2926299.581597222,-0.9959203465280042
8548.5,5263.0,3037022.5763888895,-0.8346936746481726
8548.5,5263.0,3166573.3732638895,-0.7591851928060319
8548.5,5263.0,3123238.1597222225,-0.7593143981406377
8548.5,5263.0,3063087.1232638885,-0.7458362252194836
8548.5,5018.0,2975153.1510416665,-0.7198530289727535
8548.5,4937.0,2839476.993055556,-0.6914299087559246
8548.5,4937.0,2725793.8732638895,-0.7294647295272928
8548.5,4937.0,2707043.4565972225,-0.8312430745427419
8630.0,4998.0,2836461.3732638885,-0.840907671324674
8630.0,5753.0,3045313.6597222225,-0.7461704677277332
8630.0,5999.0,3233682.2222222225,-0.6480370181389643
8630.0,6087.0,3455575.9722222225,-0.5615543776477147
8630.0,6087.0,3661353.4375,-0.5181854477748895
8630.0,6087.0,3808284.609375,-0.5046016822268337
8630.0,6087.0,3978242.409722222,-0.49934065049475257
8630.0,6087.0,4068669.0555555555,-0.5136634487998839
8630.0,6087.0,4133405.409722222,-0.5149892506850015
8630.0,6087.0,4206426.026041667,-0.5431302151007882
8703.0,6087.0,4358256.651041667,-0.5800903489534132
9137.5,6087.0,4425121.151041667,-0.6186282131437
9541.0,6087.0,4476571.604166667,-0.6485861538899014
9541.0,6087.0,4523786.972222222,-0.6798402259356658
9541.0,6087.0,4539937.164930556,-0.7168997672958008
9541.0,6087.0,4504021.409722222,-0.7544071363442646
9541.0,6087.0,4375580.123263888,-0.788551630879917
9541.0,6087.0,4330851.888888889,-0.7924023250908738
9541.0,6087.0,4159531.914930556,-0.7926210272704759
9541.0,6087.0,4021730.972222222,-0.7671207122844687
9541.0,5953.0,3977946.9375,-0.7558047576183708
9541.0,5953.0,4026057.7065972225,-0.7643671069171394
9541.0,5953.0,4141839.243055556,-0.7495105813059371
9541.0,5953.0,4158505.109375,-0.7220277337136818
9566.5,5953.0,4231080.664930556,-0.7247544105732373
9566.5,6944.0,4497996.854166667,-0.6329945282191572
9566.5,7879.0,4991140.138888889,-0.4461174665431989
9566.5,8209.0,5566106.805555556,-0.2822144241892448
9566.5,8209.0,5960958.333333333,-0.23448156070826787
9566.5,8209.0,6280257.222222221,-0.2292872462302448
9566.5,8209.0,6510511.414930556,-0.23772307267026827
9566.5,8209.0,6740258.326388888,-0.26837373062175335
9566.5,8209.0,6895660.916666667,-0.29689823070070387
9566.5,8209.0,7009759.604166667,-0.33533693356662386
9566.5,8209.0,7033803.081597221,-0.3429739574227593
9803.0,8209.0,7060886.4375,-0.36166406506780596
10140.0,8209.0,7113096.609375,-0.39306726906474554
10276.5,8209.0,7180319.956597223,-0.4305908767954223
10276.5,8209.0,7201323.055555555,-0.47241097808777616
10276.5,8209.0,7133591.25,-0.5178886378336801
10276.5,8209.0,6997929.9375,-0.5437577451207601
10276.5,8209.0,6820202.222222223,-0.5502907244036038
10276.5,8209.0,7051743.993055555,-0.562731301769229
10276.5,8424.0,7273103.984375,-0.5882170981101444
10276.5,8706.0,7474948.972222221,-0.6144002018253697
10276.5,8706.0,7718642.609375,-0.6387687908480243
10276.5,8706.0,8010934.222222223,-0.6416877498459663
10276.5,8706.0,8357053.151041667,-0.5776574552396974
10218.5,8706.0,8383127.604166667,-0.4771080170718115
10045.0,8706.0,8099388.826388889,-0.4273781585052947
9975.5,8706.0,7585835.666666667,-0.44355010292516317
9975.5,8118.0,6952939.651041667,-0.5176214807178323
9975.5,7766.0,6505258.972222223,-0.5758551053421047
9975.5,7469.0,6133401.039930556,-0.6267378204778058
9975.5,7299.0,5823208.831597223,-0.6718798164149675
9881.5,6993.0,5518578.373263889,-0.7172857554408203
9754.0,6649.0,5264698.651041667,-0.7528522516004452
9555.5,6326.0,5053054.576388889,-0.7723771683473665
9328.5,6326.0,4894609.289930556,-0.7731187644157109
9328.5,6326.0,4872968.333333333,-0.7750814263164185
9328.5,6326.0,4820487.039930556,-0.7836164449336906
9328.5,6029.0,4747592.401041667,-0.7993231671678067
9328.5,6029.0,4693223.388888889,-0.802028265192863
9328.5,6029.0,4674445.026041667,-0.7786292620435685
9328.5,6029.0,4677231.326388889,-0.7755119278445296
9328.5,6029.0,4724776.373263889,-0.75822819469388
9328.5,6029.0,4786568.623263889,-0.7583698339342603
9328.5,6029.0,4737829.123263889,-0.7538543535408867
9328.5,5964.0,4683600.222222223,-0.7454102772172104
9328.5,5862.0,4486837.539930556,-0.7222245487486785
9328.5,5862.0,4230818.722222223,-0.7329629623766089
9328.5,5862.0,4071796.914930556,-0.7950905535319416
9328.5,5862.0,4060181.1666666665,-0.8324791369699744
9300.5,5862.0,4034526.7222222215,-0.8163946079863272
9260.0,5862.0,3966921.5260416665,-0.8169237485526368
9112.0,5862.0,3854524.2899305555,-0.8167017757453292
9033.0,5760.0,3712710.414930556,-0.8287165738012433
8907.0,5737.0,3557540.2482638885,-0.8240134588333654
8840.5,5737.0,3422964.9722222225,-0.83880699725516
8840.5,5737.0,3341757.039930556,-0.850857148555765
8672.0,5737.0,3227769.7222222225,-0.8295580470986427
8469.0,5737.0,3145131.956597222,-0.8086854427536175
8369.0,5737.0,3079511.3315972225,-0.7686396153116654
8346.0,5737.0,2904985.3888888895,-0.7834117067306389
8346.0,5737.0,2727271.1666666665,-0.8514181271563879
8346.0,5231.0,2539542.576388889,-0.9645257140786955
8306.5,4978.0,2392511.706597222,-1.0062440313412073
8238.5,4978.0,2392312.8315972225,-0.8916848213433838
8238.5,4978.0,2505500.0208333335,-0.7588480074501817
8238.5,4978.0,2705411.748263889,-0.7162510107104637
8238.5,4978.0,2542806.581597222,-0.7291728293546351
8238.5,4978.0,2419373.8263888885,-0.7052020048791885
8238.5,4425.0,2221049.081597222,-0.6289530669033668
8238.5,4382.0,2070368.5260416667,-0.5976057584764777
8238.5,4382.0,1960468.0399305557,-0.7165127675328513
8306.5,4382.0,2054472.8732638888,-0.7928564491129663
8310.5,5906.0,2434203.414930556,-0.4864170034874277
8310.5,6845.0,3032780.8055555555,-0.08527212707728074
8310.5,7435.0,3752329.4427083335,0.22059594859256174
8310.5,7435.0,4438071.317708333,0.307585225534052
8310.5,7435.0,5069688.817708333,0.30791249010026844
8310.5,7506.0,5738930.498263888,0.2584006522144703
8310.5,7506.0,6132729.567708333,0.17790607396078334
8310.5,7506.0,6692869.289930556,0.12483170083895279
8502.0,7506.0,7050647.498263888,0.010854742724208482
8716.5,7506.0,7359734.159722221,-0.09966830691773981
9045.0,7506.0,7585533.706597223,-0.22356682792745805
10088.5,7506.0,7854789.555555555,-0.3396764507309663
11275.5,7607.0,8222224.331597221,-0.4311642993159867
11715.0,7607.0,8518005.222222222,-0.5252117630281145
11775.0,7607.0,8658481.081597222,-0.6573820682245775
11775.0,7607.0,8254989.659722223,-0.8056787375745956
11775.0,7607.0,7661214.138888888,-0.8795102521705264
11775.0,7353.0,6960685.770833333,-0.8684255213255812
11775.0,7353.0,7082320.581597223,-0.8756057854182209
11775.0,7539.0,7161100.623263888,-0.883901345898368
11775.0,7867.0,7392224.826388888,-0.9089156469468755
11775.0,7867.0,7559039.539930556,-0.9159255486962549
11775.0,7867.0,7835748.664930555,-0.8835719724799703
11775.0,7867.0,8004784.539930556,-0.8129636382371641
11775.0,7867.0,7995746.659722221,-0.7480717755286491
11715.0,7867.0,7865896.484375,-0.7185088354415725
11110.5,7867.0,7623513.222222221,-0.6977460613751245
10605.0,7867.0,7394143.666666667,-0.6844253664968947
10605.0,7867.0,7170876.916666667,-0.6754468659519881
10605.0,7867.0,6893226.706597223,-0.6779468391574203
10605.0,7867.0,6764586.539930555,-0.6667633909984357
10605.0,12981.0,9101365.24826389,0.11739171416930669
10605.0,17748.0,15365996.909722222,1.097071066097164
10605.0,19228.0,22779043.289930556,1.2633908359160038
10605.0,19228.0,22821016.067708332,1.2493498343418699
10605.0,19228.0,22752580.47222222,1.2804434526693536
10605.0,19228.0,22623293.805555552,1.3236642884178602
10605.0,19228.0,22500112.081597224,1.3681686244681783
10507.0,19228.0,22378611.664930556,1.4313124010621578
10507.0,19228.0,22433645.993055556,1.4495847879171415
10507.0,19228.0,22464528.706597224,1.449772626365866
10507.0,19228.0,22597338.222222224,1.4411062352862114
10507.0,19228.0,22572803.74826389,1.4436156518659566
10507.0,19228.0,22570980.456597224,1.443824839454609
10507.0,19159.0,22537820.805555552,1.447875217009145
10507.0,19159.0,22530444.664930556,1.448677211454348
10507.0,19159.0,22421415.493055556,1.4565006647696737
10507.0,19159.0,22299886.789930556,1.4554390802470583
10507.0,19159.0,22246038.638888888,1.4412858883325916
10605.0,19159.0,22247403.123263888,1.4328626402281959
10682.5,19159.0,22257505.993055556,1.4170752504666904
10699.0,19159.0,22269139.20659722,1.4033395560475126
10699.0,19159.0,22273452.833333332,1.396298823726961
10741.0,19159.0,22282368.90972222,1.3846459176343315
10683.0,19159.0,22282602.520833332,1.3876956359870305
10569.5,19159.0,20138000.83159722,1.6537709654085169
10569.5,19159.0,13817653.305555558,1.871451166145626
10569.5,7406.0,5313289.5,-0.8692965587177538
10559.5,6486.0,5032860.75,-0.931480035336926
10559.5,6486.0,4992927.039930556,-0.9360718577620989
10559.5,6623.0,5016654.916666667,-0.9304805159616069
10559.5,6623.0,5017884.805555556,-0.9302820207777448
10559.5,6623.0,5006128.805555555,-0.9270515820320202
10559.5,6623.0,5010125.706597222,-0.9001331732868842
10559.5,6623.0,5123792.123263889,-0.8452179966626983
10559.5,6623.0,5205241.484375,-0.8357461473479262
10559.5,6623.0,5356038.826388889,-0.8462201070499747
10559.5,6762.0,5500514.555555555,-0.8644568457718906
10559.5,7075.0,5673137.75,-0.8898343200625259
10559.5,7075.0,5731604.0,-0.8918191787684914
10559.5,7075.0,5717072.359375,-0.8954396341961798
10559.5,7075.0,5708755.623263889,-0.909032553467023
10559.5,7075.0,5698892.1875,-0.9055125273083614
10559.5,7075.0,5697500.555555556,-0.9055768906836734
10559.5,7075.0,5697996.206597221,-0.9055074514956023
10559.5,7075.0,5643332.222222223,-0.9116013412245988
10559.5,7075.0,5648037.326388889,-0.9110501325337256
10408.0,7075.0,5533600.826388889,-0.9151565722255921
10347.0,7075.0,5516560.333333333,-0.9146743864156863
10347.0,7075.0,5507988.493055555,-0.9145411023723817
10291.0,7075.0,5452991.722222223,-0.9143759375442887
10291.0,7075.0,5417586.388888889,-0.9152940327982836
10207.0,7075.0,5358864.166666667,-0.9090574449616697
10074.0,7075.0,5256878.805555555,-0.905144611532425
9976.0,6783.0,5021757.25,-0.9200093727774082
9943.0,6783.0,4835783.472222222,-0.9287047171095363
9761.0,6783.0,4772851.104166667,-0.9097173307325522
9761.0,6783.0,4790650.039930555,-0.8613008124889724
9761.0,6783.0,4904597.081597223,-0.8211528152277902
9761.0,6783.0,5044516.692708333,-0.8074648959872568
9761.0,6783.0,5171564.373263889,-0.8184123393598027
9761.0,6919.0,5331611.826388889,-0.8413868645931314
9761.0,7145.0,5468268.083333333,-0.8635928542563223
9761.0,7145.0,5838195.826388888,-0.888602873438921
9761.0,7145.0,6276328.873263889,-0.8223792345830239
9761.0,7145.0,6410622.664930555,-0.7081093228013883
9584.5,7145.0,6311348.243055555,-0.6598912678645857
9584.5,7145.0,6136484.567708333,-0.6635703371265943
9584.5,7044.0,5925086.873263889,-0.6894353983107782
9584.5,7044.0,5751553.331597221,-0.7053529342420412
9584.5,6539.0,5521816.873263889,-0.7382558482206221
9461.5,6539.0,5396543.659722223,-0.7389337960857171
9342.5,6539.0,5208485.805555555,-0.7417457084475978
9184.5,6505.0,4981381.104166667,-0.7464426152198375
8893.5,6505.0,4771588.493055555,-0.7473172136487314
8694.5,6040.0,4519965.901041667,-0.7678216111213993
8610.0,6001.0,4327498.956597222,-0.748290368335704
8527.5,6001.0,4130941.3263888885,-0.7271033473776353
8292.0,6001.0,3981652.9149305555,-0.6955295422104284
8150.0,6001.0,3831313.1041666665,-0.6875026458580469
8094.5,6001.0,3701353.6666666665,-0.6614415240405588
7996.5,6001.0,3696355.159722222,-0.5909569910939383
7996.5,6001.0,3746258.206597222,-0.5600961089252003
7996.5,6001.0,3828930.4722222225,-0.5467559513076866
7996.5,6001.0,3849947.659722222,-0.5482628828050123
7996.5,6001.0,3864393.7482638895,-0.5511576824103857
7996.5,5984.0,3859490.5763888885,-0.5499334228313927
7996.5,5984.0,3819591.5763888885,-0.5411698943257583
7996.5,5984.0,3863342.9010416665,-0.5422311142098828
7996.5,5984.0,3899604.456597222,-0.5134412293431178
7904.5,5984.0,3861188.9010416665,-0.48961958353119106
7904.5,5984.0,3776329.4166666665,-0.5090610669869503
7904.5,5800.0,3698169.4565972225,-0.5395656923900676
7904.5,5737.0,3660391.9982638885,-0.5541185765312532
7904.5,5606.0,3611637.484375,-0.5721622491043322
7904.5,5606.0,3589386.6388888895,-0.5779933598243263
7904.5,5606.0,3658518.6388888885,-0.5610766313002966
7904.5,5606.0,3736508.664930556,-0.5515587782858933
7904.5,5606.0,3802226.3177083335,-0.5498036159466992
7904.5,5606.0,3811384.1232638895,-0.5511445589588898
7904.5,5606.0,3861795.972222222,-0.5691319044848968
8036.5,5606.0,3946222.75,-0.5967128666686391
8429.5,5606.0,4087419.789930556,-0.6236462118093432
8681.5,5606.0,4169608.972222222,-0.6428648045019059
8681.5,5606.0,4194538.456597222,-0.6656575273126006
8681.5,5606.0,4191484.0208333335,-0.6700539423514675
8681.5,5606.0,4195451.833333333,-0.668372936741196
8681.5,5606.0,4171421.8333333335,-0.6713534126995315
8681.5,5606.0,3946825.3888888895,-0.6917297668686692
8681.5,5606.0,3692399.409722222,-0.6691948809140895
8681.5,5403.0,3441735.6510416665,-0.6154321606516118
8681.5,4889.0,3115082.6510416665,-0.554983798343078
8681.5,4681.0,2726684.5260416665,-0.5976396070079263
8812.0,4681.0,2662541.8055555555,-0.7795339569464107
9008.5,5860.0,2967880.7482638895,-0.6979962173176555
9008.5,7113.0,3543527.493055556,-0.36025215384952586
9008.5,7601.0,4214609.456597223,-0.09207642502244781
9008.5,7927.0,4968583.123263889,0.07659414660412968
9008.5,7941.0,5700495.333333333,0.13507658567766562
9008.5,7941.0,6352161.498263889,0.11560397874612921
9008.5,7941.0,6739943.817708333,0.06160502629765005
9008.5,7941.0,7136709.331597223,-0.001896553702943186
9008.5,7941.0,7520730.067708333,-0.07537921397693575
9089.0,7941.0,7845882.583333333,-0.1731132687559512
9230.5,7941.0,8125896.206597221,-0.2716215027317079
10060.5,7941.0,8415444.583333334,-0.3599283909939352
11347.0,7941.0,8735685.99826389,-0.4299711738320981
11959.0,7941.0,9059934.63888889,-0.513441523624986
11959.0,7941.0,9075098.62326389,-0.6266799669955242
11959.0,7941.0,8719642.914930556,-0.7435618572563318
11959.0,7941.0,8150134.972222221,-0.8146653830399312
11959.0,7941.0,7626226.414930555,-0.8135295862576233
11959.0,7941.0,7609740.623263888,-0.8128741237575192
11959.0,7941.0,7595071.916666667,-0.8115324089530505
11959.0,7736.0,7506336.456597221,-0.8017510061601569
11959.0,7736.0,7435471.748263888,-0.7978344681785244
11959.0,7736.0,7367742.067708333,-0.8068591190441285
11959.0,7736.0,7364161.583333333,-0.8089484063234532
11959.0,7736.0,7355624.942708333,-0.7994289310438885
11834.0,7736.0,7316857.020833333,-0.79777445795275
11733.5,7736.0,7193944.833333333,-0.8012247711116433
11733.5,7736.0,7059759.305555555,-0.8164639882485591
11733.5,7580.0,6860178.6875,-0.8359781255652332
11590.5,7472.0,6654751.243055555,-0.8514137961851516
11433.5,7472.0,6575464.276041667,-0.849494520619792
11433.5,7472.0,6587455.664930556,-0.8483949474516541
11433.5,7472.0,6675071.289930555,-0.8363791448126776
11382.5,7472.0,6558212.123263889,-0.830569579566261
11382.5,7472.0,6486617.581597221,-0.8315039783932083
11382.5,7472.0,6398100.493055556,-0.8363980599525028
11382.5,7472.0,6356692.993055555,-0.8427616547021238
11382.5,7441.0,6309843.248263889,-0.8522119698863455
11252.5,7441.0,6280471.373263888,-0.8490047957708782
11252.5,7441.0,6292149.248263889,-0.8262519719410183
11252.5,7441.0,6375558.664930555,-0.7983420927229993
11252.5,7441.0,6405938.081597221,-0.7960416484990529
11252.5,7441.0,6277802.164930555,-0.7912771961267547
11252.5,7441.0,6246974.472222221,-0.7872337201593179
11252.5,7468.0,6257800.956597221,-0.7888353915235721
11252.5,7468.0,6352471.539930555,-0.7964503989479851
11252.5,7468.0,6468464.206597223,-0.7788135445113528
11252.5,7468.0,6482789.972222223,-0.7671689368461991
11252.5,7468.0,6471737.151041667,-0.7575384121327884
11168.0,7468.0,6397303.401041667,-0.7546324187146608
11168.0,7468.0,6370808.276041667,-0.7552293641228628
11168.0,7468.0,6264608.873263888,-0.7631738670074188
11168.0,7468.0,6248959.826388889,-0.7639368516897106
11168.0,7468.0,6236946.526041667,-0.7635605386127741
11130.5,7468.0,6153166.248263888,-0.7444321876984986
10835.0,7468.0,5944952.0,-0.7410570529855932
10825.0,7276.0,5682223.081597223,-0.7800224649761588
10741.0,7276.0,5660419.651041667,-0.7780221569222802
10741.0,7276.0,5652252.222222221,-0.7786065247550376
10741.0,7276.0,5643072.748263888,-0.7794904641790849
10741.0,7276.0,5630550.456597221,-0.7824491857545508
10741.0,7186.0,5610296.081597223,-0.7881069092392446
10741.0,7186.0,5646803.909722221,-0.7872973663989903
10741.0,7186.0,5647247.789930556,-0.8147062040682421
10741.0,7186.0,5560319.456597222,-0.854109201399684
10741.0,7186.0,5457191.748263889,-0.867739592174181
10741.0,7186.0,5474949.826388889,-0.8678846496683109
10741.0,7186.0,5461363.567708333,-0.8660708265463103
10741.0,6995.0,5389498.159722223,-0.8548975039867934
10741.0,6995.0,5185055.826388888,-0.8385530175546798
10741.0,6995.0,5030104.567708333,-0.8701598179918085
10741.0,6995.0,5001192.289930556,-0.9193876896980508
11000.0,6995.0,5110002.854166667,-0.9401024425140909
11000.0,7621.0,5418391.743055556,-0.8665327807522952
11000.0,7783.0,5712396.942708333,-0.7971295095257056
11000.0,7826.0,6017636.873263889,-0.7422922987546903
11000.0,8122.0,6374509.520833333,-0.68028616008865
11000.0,8122.0,6628573.123263889,-0.6678040946152771
11251.0,8122.0,6825893.833333333,-0.7055595183421066
11427.0,8122.0,6986576.317708333,-0.7433102383319493
11461.0,8122.0,7157691.248263889,-0.7614309434775565
11500.5,8122.0,7298931.993055556,-0.7891831404126173
11799.0,8122.0,7428961.206597223,-0.8008607147751947
12172.0,8122.0,7535992.0,-0.8120335343492153
12264.0,8122.0,7649584.9375,-0.8104889538281926
12292.0,8122.0,7732318.359375,-0.808819695673395
12292.0,8122.0,7791041.25,-0.8223779428705909
12292.0,8122.0,7779373.993055555,-0.8346089928891379
12292.0,8122.0,7807187.067708333,-0.8277846609306514
12292.0,8122.0,7783625.770833333,-0.8294996378294519
12292.0,8122.0,8003845.659722221,-0.8420465359082178
12292.0,8345.0,8116422.916666667,-0.8531650474339654
12292.0,8488.0,8283437.104166667,-0.869320089745386
12292.0,8488.0,8587325.914930556,-0.8796197260156225
12292.0,8488.0,8773658.75,-0.856742045683854
12292.0,8488.0,8858788.4375,-0.8145768779580417
12292.0,8488.0,8813377.32638889,-0.7712641393888168
12150.0,8488.0,8575668.87326389,-0.7548244562860634
11734.5,8488.0,8314388.076388891,-0.7532569364069986
11389.5,8488.0,8024512.581597221,-0.7563583365942523
11270.0,7992.0,7632700.159722221,-0.7786588637670147
11182.5,7897.0,7310121.206597223,-0.7710003187170105
10896.5,7897.0,7082026.692708333,-0.7549682364880493
10657.5,7897.0,6874489.659722223,-0.7426329207869703
10657.5,7897.0,6613827.901041667,-0.7460171422142824
10657.5,7897.0,6384442.039930556,-0.7492245264873552
10620.0,7897.0,6087173.914930556,-0.7603076854343961
10552.0,7897.0,5790380.222222221,-0.7775020609093417
10454.0,7868.0,5371803.138888889,-0.8503572705688072
10454.0,7133.0,4955060.748263889,-0.9656063174678088
10394.0,6536.0,4672692.25,-1.016826021431539
10394.0,6536.0,4641993.555555556,-0.9694180544258892
10394.0,6536.0,4693051.734375,-0.9336336590036921
10394.0,6536.0,4833467.0,-0.9021942196782194
10394.0,6536.0,4708451.484375,-0.8991403432576828
10394.0,6536.0,4641222.234375,-0.8892171397379774
10394.0,6694.0,4699107.289930555,-0.9012602351687494
10394.0,6694.0,4787728.166666667,-0.9122945721432616
10394.0,6694.0,5016686.138888889,-0.879308491174102
10394.0,6694.0,5050932.401041667,-0.8369362587998693
10454.0,6694.0,5106101.993055555,-0.8401998693687306
10454.0,7472.0,5325380.638888889,-0.7760374794303577
10454.0,8725.0,5869015.164930555,-0.5803472862291027
10454.0,8905.0,6476735.164930555,-0.42570253509882316
10454.0,8905.0,6791270.026041667,-0.39681408172282484
10454.0,8905.0,6938116.901041667,-0.41269768612893887
10454.0,8905.0,7044408.805555556,-0.4287032858321822
10454.0,8905.0,7053416.192708333,-0.43119223443614546
10454.0,8905.0,7050421.388888888,-0.43039887415217026
10394.0,8905.0,7014776.805555555,-0.4176518192207801
10369.0,8905.0,6996130.833333333,-0.40832958594577
10299.0,8905.0,6976468.326388889,-0.3970107769730002
10173.0,8905.0,6953153.722222221,-0.38128506690613345
10173.0,8905.0,6937717.539930555,-0.37471669432427096
10173.0,8905.0,6928025.638888888,-0.36463901345117467
10173.0,8905.0,6939903.998263888,-0.3502030690439777
10173.0,8905.0,6964085.076388889,-0.34391604881187654
10173.0,8905.0,6923525.909722221,-0.34526920148028517
10173.0,9233.0,7455332.081597221,-0.4101566358966204
10173.0,9510.0,7883940.914930555,-0.46529216276111085
10173.0,9809.0,8261809.776041667,-0.5153694976314876
10173.0,9809.0,8714552.388888888,-0.5552712830313288
10173.0,9809.0,9204429.081597222,-0.558449555868946
10173.0,9809.0,9660165.776041666,-0.47623492113024934
10042.0,9809.0,9728153.416666666,-0.3357262539765025
9895.0,9809.0,9286183.63888889,-0.23605117289588698
9316.0,9809.0,8310587.067708333,-0.25428129371634767
8725.5,8849.0,7171216.581597221,-0.3608600800629844
8517.0,7827.0,6340216.104166667,-0.43978194031143636
8417.0,7616.0,5805091.789930555,-0.46628763253496813
8374.5,6941.0,5291837.623263889,-0.5042499356800108
8331.0,6908.0,4934705.414930555,-0.5147349674878404
8287.5,6531.0,4554089.984375,-0.5374667470837706
8166.0,6496.0,4233333.222222222,-0.5353915960605001
7962.0,6496.0,3918394.4097222225,-0.5342924803231553
7891.0,6496.0,3617889.8177083335,-0.5753838465775809
7891.0,6496.0,3385676.1927083335,-0.6492141498057993
7891.0,5985.0,3013525.3732638885,-0.8352517961331247
7793.0,4971.0,2709480.9375,-0.9385001974417027
7666.5,4804.0,2608633.159722222,-0.8445068353241406
7617.5,4804.0,2703871.8055555555,-0.6694227337298178
7617.5,4804.0,2832396.331597222,-0.558669202677694
7617.5,4804.0,2772630.7065972225,-0.5583553552407252
7617.5,4804.0,2678770.9149305555,-0.5453391212010683
7617.5,4718.0,2423398.0815972225,-0.4987560253638093
7617.5,4156.0,2068321.498263889,-0.4804357334772421
7625.5,4043.0,1808912.5833333333,-0.6063806749315309
7793.0,4339.0,1850279.4722222222,-0.7359611512060247
7891.0,5577.0,2185578.1041666665,-0.5270480027628895
7991.0,6076.0,2617173.3732638885,-0.2654515349377835
7991.0,6378.0,3059830.1875,-0.05782917482560827
7991.0,6602.0,3566180.6875,0.055628708656237744
7991.0,6602.0,4023846.7899305555,0.0822641938986732
7991.0,6602.0,4394824.234375,0.05735916836001668
7991.0,6602.0,4713485.456597222,0.0010706984692126697
7991.0,6602.0,5105777.909722223,-0.04572467499598371
8001.0,6602.0,5316492.276041667,-0.13072265682416961
8310.5,6602.0,5562006.206597222,-0.2316380576685185
8738.5,6602.0,5769038.0,-0.34538382281944513
9557.0,6658.0,6050313.498263889,-0.43258018421931854
10309.5,6688.0,6327222.206597221,-0.4929500618734521
10559.0,6688.0,6462524.270833333,-0.5883192813645866
10559.0,6688.0,6314983.659722223,-0.7037560744176369
10559.0,6688.0,6069931.805555556,-0.757507062366742
10559.0,6688.0,5814812.472222221,-0.7640386304381779
10559.0,6688.0,5467662.081597222,-0.7638545573094797
10559.0,6688.0,5234386.972222222,-0.735873494415286
10559.0,6147.0,4967738.623263889,-0.6889547433001892
10559.0,5921.0,4736927.520833333,-0.6607072281414
10559.0,5921.0,4544232.722222222,-0.6827114936196116
10559.0,5921.0,4419075.638888889,-0.7809914719424688
10711.0,5921.0,4494522.873263889,-0.8547704254766602
10749.5,6770.0,4777981.067708333,-0.810454886367001
10757.5,7297.0,5136849.581597223,-0.7256643238897879
10757.5,8071.0,5672215.623263889,-0.5817096699642471
10757.5,8071.0,6087233.0,-0.5111606721002693
10757.5,8071.0,6550167.076388889,-0.45394633518850247
10757.5,8071.0,6858101.6875,-0.45623033525478246
10781.5,8071.0,7180781.722222221,-0.4695917198479223
10781.5,8071.0,7393267.373263888,-0.48193906225682714
10826.0,8071.0,7639288.956597223,-0.523258253287508
11054.5,8071.0,7868072.638888889,-0.5530281028727708
11272.0,8071.0,8055414.222222223,-0.5841597188953157
11711.5,8071.0,8325183.651041667,-0.5981690381150429
12292.0,8139.0,8695112.164930556,-0.6046878546843639
12453.0,8139.0,8855345.576388888,-0.6466370160204649
12453.0,8139.0,8792140.498263888,-0.7209668279201701
12453.0,8139.0,8531869.083333334,-0.7644709597632784
12453.0,8139.0,8218575.123263888,-0.7688054180391285
12453.0,8139.0,8485909.581597222,-0.7810141195555427
12453.0,8633.0,8741107.638888888,-0.8049891860258108
12453.0,8702.0,9000178.539930554,-0.826905179086295
12453.0,8702.0,9396613.305555558,-0.8446671127769562
12453.0,8702.0,9850270.192708334,-0.8239484728025185
12453.0,8702.0,10170448.270833334,-0.7544166938933367
12453.0,8702.0,10279808.82638889,-0.6699095968191219
12453.0,8702.0,10156466.638888888,-0.5916925926776598
11689.5,8702.0,9901856.222222222,-0.5283042305662772
10493.5,8702.0,9426467.664930554,-0.48310444399409025
10043.0,8702.0,8982768.664930554,-0.43821853725452775
10020.5,8702.0,8445093.706597222,-0.39251466396868934
9820.5,8702.0,8034422.123263889,-0.3367562654574102
9687.0,8702.0,7572604.984375,-0.2973141641699334
9687.0,8702.0,7347897.734375,-0.3075294901936959
9687.0,8702.0,7151409.623263889,-0.3219480294811998
9687.0,8702.0,6806599.972222223,-0.3358627683943647
9687.0,8702.0,6571558.539930556,-0.35735340282206146
9687.0,8702.0,6152567.493055555,-0.4318594332746383
9687.0,7655.0,5602945.151041667,-0.6066824049132824
9687.0,6880.0,5320332.998263889,-0.6853515664356408
9623.0,6880.0,5172106.609375,-0.6530865771286175
9623.0,6880.0,5236064.734375,-0.5983256341036839
9623.0,6880.0,5333116.234375,-0.5781327004319842
9623.0,6880.0,5201671.243055555,-0.5771269775409451
9623.0,6880.0,5080844.498263889,-0.5572036466117836
9623.0,6713.0,5011289.456597221,-0.542736630539366
9623.0,6674.0,4777995.104166667,-0.5064438752724575
9623.0,6674.0,4527927.826388889,-0.5142950141069188
9623.0,6674.0,4409497.623263889,-0.5981987485912116
9687.0,6674.0,4453845.206597222,-0.6721875243134419
9877.5,6674.0,4657150.039930556,-0.6850001420835815
9887.0,7104.0,4968640.164930555,-0.652046874418395
9887.0,7377.0,5326861.484375,-0.6180087673219908
9992.5,7377.0,5596163.638888888,-0.6241991362476305
10562.5,7377.0,5780425.623263889,-0.6714213572845521
11061.0,7377.0,6011357.354166667,-0.7153853394694046
11285.5,7377.0,6172078.039930555,-0.7641319661276804
11285.5,7377.0,6275543.888888888,-0.7553372879799951
11285.5,7377.0,6355936.623263889,-0.7477861918823925
11358.0,7377.0,6468058.498263888,-0.756532995407071
11392.5,7377.0,6537110.75,-0.7566580674745644
11509.0,7377.0,6693329.109375,-0.7503071829352864
11554.0,7414.0,6840341.805555555,-0.7410287003310683
11634.5,7414.0,6886087.248263889,-0.7458713918678614
11634.5,7414.0,6871646.539930555,-0.7697693311722972
11634.5,7414.0,6816494.817708333,-0.7836076935110806
11634.5,7414.0,6822018.243055555,-0.7833693487961518
11634.5,7414.0,6953565.166666667,-0.7871617373877582
11634.5,7414.0,7012893.638888889,-0.7932904450989284
11634.5,7697.0,7133285.081597221,-0.8085601166079381
11634.5,7697.0,7340527.248263889,-0.819617529111424
11634.5,7697.0,7427551.826388889,-0.8103133884310973
11634.5,7697.0,7502888.317708333,-0.7779532444442308
11634.5,7697.0,7498413.576388888,-0.7576872360987605
11634.5,7697.0,7436332.984375,-0.7466632130262149
11513.0,7697.0,7324495.831597221,-0.7476563623747775
11513.0,7697.0,7219142.414930556,-0.7569641623347882
11513.0,7697.0,7148075.583333333,-0.760431858159709
11391.0,7697.0,7106760.039930555,-0.7592401227107867
11122.0,7697.0,6946822.192708333,-0.7531740275516912
11097.0,7697.0,6890272.123263889,-0.7527021322612607
11043.0,7697.0,6739886.472222223,-0.7593686706983301
11043.0,7697.0,6603251.498263888,-0.7700036326684883
10942.0,7697.0,6489056.055555555,-0.7706704147452903
10942.0,7697.0,6368125.109375,-0.7754109471384507
10862.0,7697.0,6116095.373263889,-0.7985228783343112
10862.0,7108.0,5855070.234375,-0.8422382723564764
10824.5,7108.0,5694009.873263888,-0.8416671263831956
10824.5,7108.0,5686208.243055555,-0.8235632484125481
10824.5,7108.0,5678453.109375,-0.8275735955224583
10824.5,7108.0,5645279.1875,-0.8318424954608585
10824.5,7108.0,5581307.305555555,-0.8314594775924555
10824.5,7108.0,5559183.854166667,-0.8288800621144127
10824.5,6992.0,5514430.409722223,-0.8211891560553588
10824.5,6992.0,5635402.289930556,-0.8371632637936239
10824.5,6992.0,6030822.638888888,-0.8273681410016525
10824.5,6992.0,6217241.909722221,-0.7623026675765014
10824.5,6992.0,6208197.576388889,-0.729785614069504
10824.5,6992.0,6218071.076388888,-0.7300824050270447
10824.5,7139.0,6332534.909722223,-0.7121617520422243
10824.5,7638.0,6486119.166666667,-0.6783904395893138
10824.5,7638.0,6561732.998263889,-0.6672230548377477
10824.5,7638.0,6638024.317708333,-0.6605480694978936
10873.5,7638.0,6744150.576388889,-0.6613532090329314
10873.5,7638.0,6723199.583333333,-0.6613607639629502
10873.5,7638.0,6703107.472222221,-0.6608408052319528
10866.0,7638.0,6639852.567708333,-0.6595428277728976
10587.5,7638.0,6568144.972222221,-0.6480496159304844
10374.5,7638.0,6481262.305555556,-0.6356766338209593
10355.5,7638.0,6424971.067708333,-0.6238277172470212
10355.5,7638.0,6369931.805555555,-0.6186844030896385
10309.5,7638.0,6361572.623263889,-0.6161355812465081
10309.5,7638.0,6361187.539930556,-0.6150089687287198
10309.5,7638.0,6365597.055555556,-0.612747234028339
10309.5,7638.0,6355923.539930556,-0.6140435161074947
10309.5,7638.0,6443195.248263889,-0.614612795909445
10309.5,7638.0,6497500.076388889,-0.6196733658814174
10309.5,7716.0,6526251.472222221,-0.6232170114296302
10309.5,7855.0,6613205.373263888,-0.63406859540904
10309.5,7855.0,6703898.442708333,-0.6405678158304453
10309.5,7855.0,6806244.388888889,-0.6250707188896337
10309.5,7855.0,6814242.326388888,-0.6068528409863845
10309.5,7855.0,6781103.067708333,-0.6044982443301475
10309.5,7855.0,6751651.956597223,-0.6092406620198033
10309.5,7613.0,6686901.831597223,-0.6243993017953031
10309.5,7626.0,6744649.692708333,-0.6127373726606065
10309.5,7626.0,6856839.831597223,-0.5933137265595
10309.5,7747.0,7047846.206597221,-0.565111980381576
10309.5,7810.0,7316275.026041667,-0.5375483494952734
10309.5,7883.0,7615117.722222221,-0.5150169898270336
10309.5,7883.0,7911707.722222223,-0.5041621533412318
10309.5,9426.0,8755496.234375,-0.42642830902567735
10438.0,9581.0,9611680.409722222,-0.38512707189584405
10651.0,9954.0,10559350.409722222,-0.35969594596315985
11280.5,9954.0,11421145.164930558,-0.35637924485440936
12045.5,9954.0,12064565.493055554,-0.3998813463544996
12045.5,9954.0,12142627.039930558,-0.47791245956280226
12045.5,9954.0,11975619.1875,-0.5183665528504181
12045.5,9954.0,11778339.5,-0.5333016990737851
12045.5,9954.0,11841528.456597224,-0.5345860881127757
12045.5,9954.0,11754954.138888888,-0.5307172051064123
12045.5,9954.0,11599620.82638889,-0.5218940696625017
12045.5,9594.0,11105948.888888888,-0.49562583112320163
12045.5,9473.0,10269269.109375,-0.48143221043902934
12045.5,9473.0,9581292.1875,-0.5661588482108547
12063.5,9473.0,9469394.484375,-0.6916050362790878
12244.5,9473.0,9698565.373263888,-0.7482682787582755
12251.0,9473.0,10106472.414930556,-0.7503966426230942
12311.5,9473.0,10480034.706597222,-0.7485849510438171
12403.5,9473.0,10841746.638888888,-0.7523312745068461
12443.5,9473.0,11086140.75,-0.7672675740221476
12480.0,9473.0,11252119.07638889,-0.782142728599212
12855.0,9473.0,11467447.192708334,-0.7960105768362926
13374.0,9473.0,11641738.083333334,-0.8100457889805696
13583.0,9473.0,11798996.305555558,-0.826313806250176
13583.0,14074.0,13963425.401041666,-0.45812907128180896
13583.0,21689.0,22964407.409722224,0.759919375177608
13583.0,21689.0,28618427.151041668,0.7931684393587646
13583.0,21689.0,33005943.123263884,0.7120933413367952
13583.0,21689.0,35228232.05555556,0.5948904785667217
13665.5,21689.0,35488055.25,0.5028339972531741
13665.5,21689.0,34768862.722222224,0.4676886393793844
13665.5,21689.0,33695166.83159722,0.4729475298805578
