1087.9187166233,3667.556419744004,461201.06823639857,0.01802352018233634
1087.9187166233,3667.556419744004,464159.2331294457,0.010403868380350009
1087.9187166233,3667.556419744004,457177.11057956965,0.0417411339719841
1087.9187166233,3667.556419744004,475121.8885540535,0.008089341504926304
1087.9187166233,3667.556419744004,485261.38187669334,-0.017230111338136064
1087.9187166233,3667.556419744004,481918.1399993229,-0.005101097054075236
1087.9187166233,3667.556419744004,498561.04040501366,-0.04930514022107312
1087.9187166233,3667.556419744004,504451.1089004368,-0.045009377706424235
1087.9187166233,4005.37916000142,539006.348817049,-0.17478226700086866
1087.9187166233,4005.37916000142,543099.5908699889,-0.17897252687793194
1060.69284368135,4079.18449063996,580086.0729142822,-0.2724067421897302
1060.69284368135,4079.18449063996,596684.8542180582,-0.2812492554397937
1060.69284368135,4079.18449063996,612027.4901452006,-0.3091543719288496
1060.69284368135,4079.18449063996,611990.9246193884,-0.30902461174170376
1058.9477039363,4079.18449063996,627531.8983138365,-0.2941732646719342
1058.9477039363,4445.91002302752,675730.7682801287,-0.4248209399964
1058.9477039363,4445.91002302752,679226.4833913611,-0.4149732956052977
1053.54783176881,4445.91002302752,723921.4490766359,-0.4798799843917238
1048.59865925727,4445.91002302752,746590.8564949404,-0.46614526179669974
1039.70100453761,4445.91002302752,781108.4808062362,-0.48069540463696625
1001.5472841898,4445.91002302752,808164.653429033,-0.4709509996908351
1001.46455149306,4445.91002302752,807649.5463630869,-0.45477877352245105
1001.46455149306,4445.91002302752,825063.1617295565,-0.43580823149137404
1001.46455149306,4445.91002302752,854922.4887629035,-0.4833372010114304
995.890849181602,4525.74876823874,901309.2941031794,-0.5131758423902295
995.890849181602,4525.74876823874,913880.4772947432,-0.48747489412794137
995.890849181602,4525.74876823874,932675.2007835468,-0.46553241056005307
995.890849181602,4525.74876823874,952912.0447047201,-0.46586098811383303
995.890849181602,4525.74876823874,987286.4599082003,-0.46603138384469434
965.548491190152,4545.3111034977,1030842.3838558467,-0.47500025472998536
942.03622446142,4545.3111034977,1057878.8151065535,-0.46502411474668554
939.5864759251648,4545.3111034977,1064480.8497789302,-0.4375198690475481
931.8378101905548,4545.3111034977,1089782.5659297495,-0.4142445760923226
878.273989048389,4557.77944582482,1131425.5178591085,-0.4143221055440289
878.273989048389,4557.77944582482,1132606.8935719165,-0.4097504833082079
875.0410769178129,4557.77944582482,1145421.2835790615,-0.3815627294115566
857.777562943515,4557.77944582482,1166997.529225282,-0.35654967859353814
851.300460200382,4557.77944582482,1171282.2935680305,-0.32728431329742164
843.6171420862539,4557.77944582482,1166553.463153254,-0.29816731388008816
745.5746958971561,4557.77944582482,1184561.6185995508,-0.275903517903122
644.122384344322,4557.77944582482,1181782.818664247,-0.2585239479890355
641.882000079126,4557.77944582482,1200860.7758974496,-0.23219100890780744
583.8362212518019,4689.84248381191,1232146.1214481662,-0.23147121072322685
562.021611839994,4689.84248381191,1240830.4494639526,-0.20193334451247866
527.5947239970379,4689.84248381191,1253590.5041599306,-0.17420836178508944
496.975100513043,4689.84248381191,1251644.9181195088,-0.16100400883239402
447.803766255009,4689.84248381191,1256696.8501569645,-0.1298257674501208
443.61980052817705,4689.84248381191,1251751.5284636023,-0.10051128627625412
382.197095259818,4689.84248381191,1261849.739321452,-0.07061222410743784
329.836989449174,4689.84248381191,1262952.7744577648,-0.04747158260126807
309.153293472104,4689.84248381191,1264925.5371847788,-0.017764511933354262
300.753395288962,4689.84248381191,1266969.6143011216,0.011314281194003538
299.587265675801,4689.84248381191,1252963.630265553,0.030353192270723865
271.371354303134,4689.84248381191,1255402.580881852,0.05419826855234757
258.967015717221,4689.84248381191,1226579.7062469563,0.06520040759846359
242.825122367899,4689.84248381191,1214258.1217003744,0.03648550570922646
198.42886655013805,4689.84248381191,1209550.3947842317,0.06589602772383076
193.679370990612,4689.84248381191,1215899.9101180537,0.0940671595235902
192.45552312522705,4717.4417771785,1228567.0327449262,0.09619298629595988
185.140785991872,4717.4417771785,1222478.0285366194,0.12774287401984483
166.910156485418,4559.8122944177,1175726.594430574,0.08711045960175982
160.147217065287,4559.8122944177,1161868.6241824592,0.10934496587892527
155.376843743671,4559.8122944177,1154997.8698343278,0.12519364202241937
143.665172449946,4559.8122944177,1152101.0310801305,0.1537907348725581
105.507627626834,4559.8122944177,1163050.7387985815,0.1781740792188117
82.23417256715959,4559.8122944177,1153040.3957455948,0.20721947931101362
17.8479214060907,4559.8122944177,1155717.3901435225,0.2291754726114049
13.901000503622,4559.8122944177,1127245.6844575927,0.22315655057928446
3.1535928889883302,4559.8122944177,1108647.2116956648,0.24694894125218034
-39.5667821062571,3819.14388373734,1066784.0381522968,0.18657572065254327
-53.1000155584618,3819.14388373734,1056135.083581461,0.20161388063588048
-53.1000155584618,3819.14388373734,1045930.2081784351,0.21864883317854475
-78.8825669794427,3819.14388373734,1030579.5105372411,0.2310557462170035
-87.2008999971241,3819.14388373734,1023789.5481266631,0.25916777190884605
-97.9557734980697,3819.14388373734,1024010.9381318889,0.28985534339129737
-107.944870952461,3819.14388373734,1001337.5758993311,0.3091912585814953
-107.944870952461,3819.14388373734,989071.9186669855,0.31941340504246557
-107.944870952461,3819.14388373734,970994.6109480093,0.326574693525257
-254.187535343182,3819.14388373734,954477.2769456846,0.35416488525392864
-284.167502759768,3921.4945452188394,967139.5577555286,0.35897180035386683
-284.167502759768,3921.4945452188394,963501.727612991,0.35947792072182216
-284.167502759768,3921.4945452188394,946451.8858502583,0.3783021557731555
-284.167502759768,3874.1236000524095,907524.7704990263,0.3608352371871572
-304.62682631988,3874.1236000524095,904769.1586789041,0.38365407349597397
-304.62682631988,3874.1236000524095,877206.0891581298,0.3867105527388557
-312.394099772559,3874.1236000524095,854726.809474151,0.40441180409375493
-312.394099772559,3874.1236000524095,819055.9180348818,0.3841876496725879
-372.972769697599,3874.1236000524095,805917.182880269,0.4122595660027893
-410.935545221882,3874.1236000524095,788363.1392057721,0.43234939508131415
-410.935545221882,3874.1236000524095,769402.3748195288,0.4285747345742703
-410.935545221882,3874.1236000524095,765146.6951338383,0.4294796694241451
-418.763444233396,3874.1236000524095,728657.9251967749,0.4010569733303844
-422.80601686270205,3874.1236000524095,696004.719371122,0.3776319460148616
-422.80601686270205,3874.1236000524095,671509.3408852656,0.3499139062093259
-422.80601686270205,3644.3595008144,628595.8094962949,0.25141651621264594
-423.113556400541,3644.3595008144,608766.7595540119,0.24710901477598288
-423.113556400541,3644.3595008144,606101.7821231466,0.25479749407672936
-423.113556400541,3644.3595008144,597430.8780294289,0.2731632671060927
-423.113556400541,3644.3595008144,594464.4919147089,0.284133647517067
-446.734346158301,3644.3595008144,585962.5388101329,0.3091934206952504
-446.734346158301,3644.3595008144,597454.0135228037,0.32920771407482846
-446.734346158301,3644.3595008144,585110.9428757974,0.3321082490885107
-448.017076185823,3644.3595008144,581861.5141076564,0.36085421973213305
-448.017076185823,3644.3595008144,572541.4036691842,0.3541193751447312
-448.017076185823,3644.3595008144,572567.5192567181,0.3541051095864015
-448.017076185823,3462.8242884682895,535027.6267260084,0.25153354694911034
-454.66340137175,3462.8242884682895,521862.995079909,0.24858180767206942
-454.66340137175,3462.8242884682895,501789.3525570132,0.20618668045797864
-454.66340137175,3462.8242884682895,499216.9866249432,0.19839129244458686
-454.66340137175,3217.8043469350696,472312.6139146566,0.06674930779957942
-454.66340137175,3217.8043469350696,475071.30127060274,0.06859930797030771
-454.66340137175,3217.8043469350696,484410.3174665675,0.09089460421245295
-454.66340137175,3022.5124850351694,459742.061744654,0.004080332871835898
-454.66340137175,3124.6707136316795,480263.57472687075,0.0790957233059074
-454.66340137175,3124.6707136316795,485124.79287183704,0.08740486483406508
-454.66340137175,3124.6707136316795,500989.46684477583,0.13038045100374984
-454.66340137175,3206.7887151841096,522629.0100492506,0.1962822052631373
-454.66340137175,3206.7887151841096,533783.9267197112,0.21055217906128365
-454.66340137175,3206.7887151841096,529825.3492372005,0.20855148990615235
-454.66340137175,3397.2492341293196,557072.2574319019,0.2877142263504839
-454.66340137175,3397.2492341293196,556196.4902759158,0.2940418000808498
-454.66340137175,3397.2492341293196,549292.046929234,0.2799825531751255
-454.66340137175,3397.2492341293196,559860.7928110864,0.28208754163543626
-454.66340137175,3397.2492341293196,572276.583632665,0.2866461103081729
-454.66340137175,3506.5307502406495,603601.6913284893,0.35799072139730187
-454.66340137175,3506.5307502406495,616840.0051477749,0.37679511113853525
-454.66340137175,3506.5307502406495,639801.6138507483,0.397564008109027
-454.66340137175,3506.5307502406495,656561.0376639187,0.39829037873418843
-448.017076185823,3506.5307502406495,672531.0756053246,0.38262899991527227
-448.017076185823,3506.5307502406495,703659.0180807323,0.40943280455951886
-448.017076185823,3796.39550081808,743658.9389502106,0.4654304469455767
-446.734346158301,3796.39550081808,743998.0514733596,0.4543734360788745
-446.734346158301,3796.39550081808,773599.4489168496,0.47755715085328054
-423.113556400541,3796.39550081808,797241.252191144,0.46623963817910474
-423.113556400541,3796.39550081808,813452.166969059,0.45303840539816265
-422.80601686270205,3854.1809048556997,847662.0705748209,0.4688658989928161
-418.763444233396,3854.1809048556997,865080.4801423914,0.4442583574941269
-410.935545221882,3854.1809048556997,883532.2751076482,0.4186469992485841
-390.173572478142,3895.58874382229,921313.107780499,0.4278157517050883
-372.972769697599,4418.290540109249,980631.1704630742,0.48823838074360215
-312.394099772559,4418.290540109249,995491.0005237658,0.4751505938905838
-312.394099772559,4418.290540109249,1012943.6656194845,0.46330232106954505
-304.62682631988,4418.290540109249,1009483.417968873,0.43583218648264943
-290.233656509983,4418.290540109249,1026677.2583439715,0.40581872033441313
-281.998661277446,4418.290540109249,1030412.8942814573,0.3732958228687232
-254.187535343182,4418.290540109249,1045933.297605537,0.3449567519520669
-254.187535343182,4418.290540109249,1075522.6039549652,0.35843758102345546
-215.56218580662105,4418.290540109249,1087569.2425371935,0.3275763619993484
-188.148513941013,5190.751022065309,1162418.338112514,0.4481532384090993
-175.07233666272498,5190.751022065309,1171124.5478538221,0.43495334986230244
-171.88372752950298,5190.751022065309,1217803.0494153795,0.43702629174832436
-165.166956708769,5190.751022065309,1215331.1259860839,0.4141913864693544
-163.907346705238,5190.751022065309,1248098.0535820902,0.39979083360585493
-130.176951024666,5190.751022065309,1242444.3926851002,0.3716588663609497
-107.944870952461,5190.751022065309,1262332.7751867168,0.3774043051395069
-107.118842980736,5190.751022065309,1276240.695023065,0.36208494630852833
-70.07940940532549,5190.751022065309,1294447.292890346,0.33453832425379804
-65.4968478753606,5190.751022065309,1331326.7683801532,0.33912071310507114
-15.058685628663198,5190.751022065309,1319334.7534051214,0.3227453371058651
-15.058685628663198,5190.751022065309,1335791.167657753,0.30220569494974725
31.1486174552579,5190.751022065309,1341169.116601732,0.26988443922371996
185.140785991872,5190.751022065309,1343249.8615306763,0.23846750221270147
193.166464461519,5190.751022065309,1382479.959103969,0.23065585757610374
248.039331124887,5190.751022065309,1409969.8225588123,0.20908526663018762
254.721938163308,5190.751022065309,1431465.1095021025,0.20239085431168025
254.721938163308,5190.751022065309,1449060.369509478,0.18384956697659569
280.935180706036,5190.751022065309,1461243.8414126334,0.1605088691467588
282.085017422832,5190.751022065309,1450078.2922910545,0.15636845834586224
307.982655321005,5190.751022065309,1438549.218239447,0.12928482163292537
329.836989449174,5190.751022065309,1481188.9609437075,0.13903680932633708
384.202864584119,5190.751022065309,1503874.941453529,0.12160026014471349
395.025004431397,5190.751022065309,1521032.5432479982,0.10060479127671249
412.4199932086,5190.751022065309,1544519.5993488769,0.08132655801756053
525.829279493627,5190.751022065309,1543129.174264563,0.05245661712079646
587.417190031004,5190.751022065309,1533248.8915269538,0.025478411856379078
591.602869395746,5190.751022065309,1544768.0522419477,0.006322740377705475
623.01544596829,5190.751022065309,1540153.5084697476,-0.023623290228205154
715.6035911743829,5190.751022065309,1591342.7179339374,-0.010976414428753509
790.6599086087109,5190.751022065309,1593931.6944035199,-0.042227547071554634
828.105398400948,5190.751022065309,1629962.5915468226,-0.04991103133205877
845.985327402742,5190.751022065309,1623516.2600925071,-0.04238132195803196
871.3148260680631,5190.751022065309,1627830.1191915018,-0.07380378038589601
879.680645696273,5190.751022065309,1628021.090054082,-0.10234160785553716
932.805946361967,5190.751022065309,1578197.97156187,-0.09955666622764654
1017.67760301562,5190.751022065309,1576723.835062376,-0.1307058110204952
1069.25070993465,5190.751022065309,1573958.1029335705,-0.15175887697464344
1083.14210447113,5190.751022065309,1578171.3584721556,-0.18177555946077542
1110.7978327307,5190.751022065309,1543866.657981567,-0.19885434858367684
1121.47257815593,5190.751022065309,1513879.2086665917,-0.22018417146503733
1123.81788571624,5190.751022065309,1477801.1473878738,-0.2329411446683553
1127.19201658532,5190.751022065309,1468222.0411290375,-0.25436177550741385
1129.70190917461,5190.751022065309,1450951.8868687465,-0.28408818116478896
1209.40280860636,5190.751022065309,1415417.3841174273,-0.30003788902777523
1209.40280860636,5190.751022065309,1400340.7570499335,-0.32311116850002414
1212.95606132721,5190.751022065309,1358451.1876382376,-0.32428877451093774
1242.40910166741,5190.751022065309,1328521.1956807142,-0.3222647183228488
1256.12490015419,5190.751022065309,1339945.2343637713,-0.3459098017342444
1295.07406287964,5190.751022065309,1302198.9235728006,-0.34966491299985764
1295.07406287964,5190.751022065309,1281963.6969542806,-0.36009621835044947
1300.92972281576,5190.751022065309,1253240.2607047413,-0.3809599099389883
1318.83809880313,5190.751022065309,1237198.270243807,-0.4130445311410608
1342.36902050657,5190.751022065309,1231561.8769227138,-0.43797656927697065
1413.66298885094,5190.751022065309,1227185.2747504942,-0.46744301434315255
1413.66298885094,5190.751022065309,1194260.0522774865,-0.4799466175157115
1437.05455884805,4617.01913694622,1120232.2160331758,-0.40764851306825944
1437.05455884805,4617.01913694622,1119164.4991238532,-0.4207755102224339
1437.05455884805,4617.01913694622,1105495.0820017417,-0.42953862228511464
1437.05455884805,4617.01913694622,1088017.7594042553,-0.4531823727770138
1450.4118942502698,4617.01913694622,1070835.4862063709,-0.48097160263476846
1450.4118942502698,4617.01913694622,1053450.703310592,-0.5040660266146212
1467.58365744702,4617.01913694622,1028807.4945169439,-0.530527937118474
1485.53458182485,4617.01913694622,1014149.2194968237,-0.5650329032069059
1485.53458182485,4617.01913694622,983694.2594553442,-0.5798474209818928
1485.53458182485,4617.01913694622,934359.5251977957,-0.5480354382182853
1485.53458182485,4617.01913694622,925174.5190036341,-0.5634543074628235
1507.6367416319,4617.01913694622,921069.2947673978,-0.5908775537335367
1507.6367416319,4617.01913694622,898947.8281664713,-0.5882454824387116
1507.6367416319,4617.01913694622,855407.0353190299,-0.5667564056456849
1507.6367416319,4617.01913694622,844458.1453726724,-0.5816660049688351
1507.6367416319,4617.01913694622,843228.8199976641,-0.5804959462484655
1507.6367416319,4617.01913694622,801792.555569037,-0.5008116292105228
1544.6599372018802,4617.01913694622,783856.4734371933,-0.5249836185166129
1544.6599372018802,4617.01913694622,758491.9456980445,-0.5147791689705637
1544.6599372018802,4617.01913694622,736549.9001220928,-0.5283923075842463
1547.2698491510998,4617.01913694622,704068.463064502,-0.515676295380197
1557.4084742128698,4617.01913694622,703659.6357172827,-0.5350762357246305
1557.4084742128698,4617.01913694622,684002.9692732283,-0.5439252265001152
1557.4084742128698,4617.01913694622,643665.2831462998,-0.47109434486685836
1557.4084742128698,4617.01913694622,636461.3831282797,-0.47121542836446806
1588.36153768798,4617.01913694622,626134.046703626,-0.49936005714632276
1588.36153768798,4617.01913694622,600412.9886755066,-0.4712891336439753
1588.36153768798,3561.035031038286,550390.6999858231,-0.1701372421208209
1588.36153768798,3561.035031038286,537204.8713256974,-0.13370325099271937
1588.36153768798,3679.272898888571,562360.4750398203,-0.2225803926395358
1588.36153768798,3679.272898888571,559669.7165526132,-0.2186138357400453
1588.36153768798,4133.208349745103,595727.4438187163,-0.379009869192328
1588.36153768798,4133.208349745103,591860.8727628039,-0.3922207546949914
1588.36153768798,4133.208349745103,583935.8137991055,-0.3696660491342824
1588.36153768798,4133.208349745103,596076.1916364047,-0.36529840867398655
1588.36153768798,4133.208349745103,599929.7130391482,-0.3676979750741546
1588.36153768798,4133.208349745103,602521.5247137665,-0.36234123205072155
1588.36153768798,4133.208349745103,606367.02365056,-0.3504969260293721
1588.36153768798,4133.208349745103,608273.4366899738,-0.3485317374537696
1588.36153768798,4133.208349745103,613872.2617737481,-0.36038013975555905
1588.36153768798,4133.208349745103,645501.9286984837,-0.3990348870010591
1588.36153768798,4133.208349745103,636327.660029457,-0.37386640767496937
1588.36153768798,4133.208349745103,639110.7194705551,-0.3747429325348352
1588.36153768798,4133.208349745103,659753.5796387615,-0.40353315346544727
1588.36153768798,4133.208349745103,671282.8554487539,-0.4049459505872869
1557.4084742128698,4133.208349745103,703393.402054556,-0.4283310323343313
1557.4084742128698,4133.208349745103,717147.5963437489,-0.42069478166752905
1557.4084742128698,4133.208349745103,730529.5820956321,-0.4058493956490618
1557.4084742128698,4133.208349745103,746843.6424272822,-0.4022186151495615
1557.4084742128698,4133.208349745103,763497.5369066736,-0.4005593140387046
1547.2698491510998,4133.208349745103,764850.0486708091,-0.38502756615859784
1544.6599372018802,4133.208349745103,771718.3477778058,-0.35389038297528513
1544.6599372018802,4133.208349745103,758090.0568704633,-0.3448963881662415
1507.6367416319,4133.208349745103,790757.1757420158,-0.3603725436669129
1501.72933897721,4133.208349745103,806740.637297484,-0.3405615144228445
1501.72933897721,4133.208349745103,812086.5461183212,-0.32887547716501175
1467.58365744702,4133.208349745103,829635.583756771,-0.3064545936915331
1467.58365744702,4651.597382058289,890427.767820774,-0.4128590739271833
1467.58365744702,4651.597382058289,905115.3921478492,-0.39394754700583745
1450.4118942502698,4651.597382058289,957945.5760752029,-0.44381925129923155
1437.05455884805,4651.597382058289,979394.9180728355,-0.43381045014807373
1419.61159854871,4651.597382058289,983258.5222411613,-0.4070843136388378
1419.61159854871,4651.597382058289,995036.3820200384,-0.3843236502692507
1419.61159854871,4651.597382058289,1001257.5125201346,-0.3731661465279724
1413.66298885094,4651.597382058289,1016975.3840466056,-0.34932077725526217
1413.66298885094,4651.597382058289,1038691.6169188867,-0.33742996872911574
1406.01389619538,4651.597382058289,1073976.200831531,-0.33475591997270027
1385.1243512110998,4651.597382058289,1073790.7535446123,-0.30758308419516717
1385.1243512110998,4651.597382058289,1093478.1225755317,-0.29010004662687594
1341.81831519805,4560.462612591869,1091018.7966105815,-0.31548879822208753
1341.32359628211,4560.462612591869,1096532.3680194255,-0.2836824538920795
1326.22872241834,4560.462612591869,1090614.8826442698,-0.25541070212275463
1326.22872241834,4560.462612591869,1089310.1640919612,-0.2582250183155133
1302.75240564928,4560.462612591869,1108530.3916092594,-0.24080187560474808
1302.75240564928,4560.462612591869,1134014.7887914914,-0.2308287973498428
1242.40910166741,4560.462612591869,1145949.028099746,-0.2100247005087108
1171.34634256119,4560.462612591869,1161596.2557010043,-0.18544983366091794
1165.83903839886,4560.462612591869,1182364.9238681607,-0.16273378491176466
1142.4816305564698,4560.462612591869,1182801.4452545047,-0.14644827314321926
1140.5547609827,4560.462612591869,1184082.2723262704,-0.12259867159819668
1121.70788490698,4560.462612591869,1209045.0190523465,-0.1058984605143566
1046.34214979507,4560.462612591869,1230272.554631951,-0.0864091713617048
1038.65602393292,4560.462612591869,1236244.8642038973,-0.057635186613047444
1028.14272817267,4560.462612591869,1221064.9663624787,-0.03340701404302241
968.019556404342,4560.462612591869,1234308.2892187464,-0.015141937665398501
809.096852075554,4560.462612591869,1233790.0566547236,0.002098157543017456
804.825992936776,4560.462612591869,1235921.6257138557,0.03334661647334854
759.823562747521,4560.462612591869,1225150.0983969006,0.06219026894721187
712.8644573017481,4560.462612591869,1227834.9802370856,0.09023943511826332
711.919685634305,4560.462612591869,1261844.662568876,0.0867306926793144
683.109706824035,4560.462612591869,1221522.287224598,0.07846089141592806
670.574227447755,4560.462612591869,1208427.3740832433,0.1032812493060864
669.861622602827,4560.462612591869,1205286.9706882632,0.12030628679843072
641.426817446688,4560.462612591869,1189157.6163615563,0.1400225082181945
601.728254426896,4601.30268851404,1211872.0426427643,0.1384262779951954
561.503640164726,4601.30268851404,1205317.4646789848,0.16962310345643417
550.187046115475,4601.30268851404,1176886.2168428155,0.17913377199436084
549.208954686929,4601.30268851404,1202953.7324641314,0.1836226444426248
535.584986680485,4410.62418680377,1167712.519516142,0.15812174750740202
531.362463042996,4410.62418680377,1169723.1002161284,0.18794384331923056
513.172684863515,4323.35170057081,1136964.3114379826,0.17412624209732308
429.260789798944,4147.9270254640205,1125563.8972695095,0.13327932242568483
417.786979104819,4147.9270254640205,1108512.6195979277,0.1575694172998443
392.312343619704,4147.9270254640205,1103191.1600422778,0.16412214132335728
382.371589026203,4147.9270254640205,1100551.1136298648,0.19484470678995958
361.221670587413,4147.9270254640205,1077859.3675888237,0.21290307876703213
342.117569996233,4147.9270254640205,1045909.9887389198,0.2150952433013761
340.50714311694003,4147.9270254640205,1025234.4705931946,0.23067844936458493
320.168996930123,4147.9270254640205,1014651.3939290352,0.26096310280755003
277.452415069395,4147.9270254640205,1010133.372115501,0.29383331003342106
251.36856479818,4147.9270254640205,991331.4203811339,0.31344896680243545
212.605096449012,4147.9270254640205,957593.0234588345,0.31146640516175506
212.605096449012,4147.9270254640205,947185.0590284384,0.31723049200762665
194.260492969476,4147.9270254640205,930803.6619998352,0.34312098803765023
194.260492969476,4147.9270254640205,925750.8291805766,0.357924848747763
180.159538525054,4147.9270254640205,899541.1237951376,0.3687099943415931
172.772381863914,4349.24018106395,888678.6695727363,0.29678980675848954
157.399759511494,3973.52197552276,849863.4378704178,0.25536313025964646
133.922096780743,3973.52197552276,818367.7287468407,0.2454651449583617
133.922096780743,3973.52197552276,816556.6795589932,0.25679727766821425
131.38821259583298,3973.52197552276,805727.8075915958,0.2526942443757655
131.38821259583298,3973.52197552276,782446.0686687127,0.23373235089140987
119.997391128146,3973.52197552276,769306.2947705275,0.2570333913370868
105.885372846833,3973.52197552276,749610.193974294,0.27036967086049923
105.003394871431,3973.52197552276,746036.7433326271,0.3033619043211625
95.0763651411056,3973.52197552276,721149.041863683,0.30183661974350984
95.0763651411056,3973.52197552276,708446.5679755267,0.310795705436998
95.0763651411056,3973.52197552276,708564.5189221499,0.31051189661288503
89.096102511052,3973.52197552276,702722.0178250192,0.34076633596810446
68.9544680966939,3758.2100724046195,664257.9821443551,0.2856705057733608
68.9544680966939,3758.2100724046195,656742.7350332608,0.2839502308843487
68.9544680966939,3758.2100724046195,631122.25868521,0.2572156675829218
68.9544680966939,3758.2100724046195,626739.036370529,0.2402718277080657
68.9544680966939,3758.2100724046195,625304.6619232096,0.23754292445503639
68.9544680966939,3758.2100724046195,622578.119346027,0.23574233809389036
68.9544680966939,3758.2100724046195,618290.6227366084,0.23767116094176158
68.9544680966939,3758.2100724046195,601642.6761726339,0.20431153967336535
68.9544680966939,3758.2100724046195,599466.5488927428,0.21120038621830722
68.9544680966939,3758.2100724046195,595379.7364401086,0.2035531820518306
68.9544680966939,3758.2100724046195,609155.7820893507,0.23504805472074533
89.096102511052,3758.2100724046195,625585.5705944143,0.22593622747489844
89.096102511052,3758.2100724046195,626269.8535701054,0.22231712391399575
68.9544680966939,3758.2100724046195,606712.9225016296,0.2180407364676191
68.9544680966939,3758.2100724046195,606467.7026967759,0.21800341161043923
68.9544680966939,3758.2100724046195,602243.1195352717,0.20821751570353939
68.9544680966939,3535.52603169521,595425.6501816316,0.17613343661404207
68.9544680966939,3535.52603169521,571462.9475554567,0.1334483286134737
68.9544680966939,3535.52603169521,572566.3577062384,0.13636517841752754
68.9544680966939,3535.52603169521,576765.0018689089,0.14493580862577646
68.9544680966939,3603.07731922627,600933.2229779371,0.20798621949063614
68.9544680966939,3603.07731922627,590218.7690995501,0.17661283979307793
68.9544680966939,3603.07731922627,589925.7643167992,0.17623414707508087
68.9544680966939,3603.07731922627,593316.3047759238,0.16042627229271256
68.9544680966939,3603.07731922627,599392.9403051938,0.15994325572428958
89.096102511052,3603.07731922627,608449.2319642804,0.13477563167698525
89.096102511052,4495.15476823489,666610.9492526348,0.35303261799429725
105.003394871431,4587.75084379822,722038.8960846565,0.5099683231171088
105.003394871431,4587.75084379822,724474.575611548,0.5115886500806522
105.003394871431,4587.75084379822,730448.6204264598,0.4911872117135853
105.003394871431,4587.75084379822,731373.7063415261,0.48450717209854116
105.003394871431,4587.75084379822,757321.9768109651,0.49007822492388114
105.003394871431,4587.75084379822,760814.6759330753,0.48546649580531986
105.003394871431,4714.90413600798,823943.4136495739,0.6273746804574023
105.003394871431,4714.90413600798,831221.657474288,0.6168559072206309
105.885372846833,4714.90413600798,853916.9207921596,0.5942647796148474
119.997391128146,5690.12579547473,966688.7562443607,0.8593314264717482
131.38821259583298,5690.12579547473,974719.8340941666,0.82902137607627
131.38821259583298,5690.12579547473,1001704.5789104857,0.8063891325823244
133.922096780743,5690.12579547473,1008685.4547364669,0.7713544283325598
133.922096780743,5690.12579547473,1037638.1684338747,0.7448567164105577
172.772381863914,5690.12579547473,1044704.0689455839,0.7076700486425125
180.159538525054,5690.12579547473,1069868.7948762262,0.6790619230637552
212.605096449012,5690.12579547473,1089781.6159095431,0.649352940562981
251.36856479818,5690.12579547473,1098476.8112211407,0.6184854274225812
272.142530419109,5690.12579547473,1122940.4730324703,0.5886247226149862
272.142530419109,5690.12579547473,1163999.4176233828,0.6029250007232416
272.142530419109,5690.12579547473,1223030.3173317527,0.6220708412842778
272.142530419109,5690.12579547473,1231245.190524769,0.6045948131056045
292.116678164985,5690.12579547473,1246262.1858950295,0.5697450255397407
320.168996930123,5690.12579547473,1294740.3369255136,0.5626586638922416
320.168996930123,5690.12579547473,1306285.8491436003,0.5417019477490966
342.117569996233,5690.12579547473,1304640.8541959482,0.5227392082344131
361.221670587413,5690.12579547473,1291758.4109932324,0.5099828837853448
375.655951228395,5690.12579547473,1303812.1607735248,0.4783937193355028
378.804097419462,5690.12579547473,1306651.538948328,0.4667839647166144
382.371589026203,5690.12579547473,1315987.7994458508,0.4349454469852567
382.371589026203,5690.12579547473,1347689.0344260554,0.418567609468348
402.191190967402,5690.12579547473,1366831.8252339435,0.38882959380933446
470.471379718174,5690.12579547473,1400775.1234412927,0.37146791994812556
475.37789274283,5690.12579547473,1418285.211265534,0.3400579703524365
503.936403572252,5690.12579547473,1461365.0587630647,0.3339063398251339
531.362463042996,5690.12579547473,1459091.3433826438,0.3050989504301236
531.362463042996,5690.12579547473,1490963.1125043426,0.289401889167046
535.584986680485,5690.12579547473,1496481.1410399957,0.2566188748318642
670.574227447755,5690.12579547473,1508444.6210701282,0.23260657786200914
696.201799515864,5690.12579547473,1530500.9100420834,0.2059484125111849
704.506487238035,5690.12579547473,1533765.6072148238,0.1817240765034756
711.449726913535,5690.12579547473,1557185.549138564,0.16380137935486688
749.901007359237,5690.12579547473,1586001.576172969,0.15796416685718062
819.79042528183,5690.12579547473,1605449.8453036726,0.13844224354947923
862.25604851013,5690.12579547473,1613253.120242062,0.11172974822478898
899.629653482211,5690.12579547473,1603033.2509311475,0.08253145400855198
946.0267011346068,5690.12579547473,1628229.0402700913,0.07284929103122348
950.900395669316,5690.12579547473,1632444.0028056777,0.04498834928203394
997.731516260101,5690.12579547473,1645216.7380661971,0.01857018484814772
1003.59166304011,5690.12579547473,1670817.542443219,0.022508189795237638
1080.25018148548,5690.12579547473,1658644.6721802792,-0.0065896416458430624
1109.3778711910002,5690.12579547473,1673007.427326087,-0.03456605182118897
1123.51913377807,5690.12579547473,1708466.5959085226,-0.045958303730229015
1176.13073580977,5690.12579547473,1704590.8490603687,-0.06552020403629312
1236.37162991743,5690.12579547473,1690557.3325199254,-0.09342186391611547
1243.19410046262,5690.12579547473,1689056.8157805796,-0.1254798266131811
1268.0758562165402,5690.12579547473,1701974.6233017521,-0.1532031899505369
1272.68263869409,5690.12579547473,1699770.6021338815,-0.1796650161985864
1304.6670683131,5690.12579547473,1666054.2808567511,-0.19157553935266344
1310.11073347846,5690.12579547473,1696854.0384825116,-0.2032300903996183
1336.99576157379,5690.12579547473,1703603.8794964536,-0.23152352205850218
1343.69484389547,5690.12579547473,1674235.7622698576,-0.2564538021500866
1379.1467764508402,5690.12579547473,1668682.200411346,-0.2854891345106695
1379.1467764508402,5690.12579547473,1608976.6855011317,-0.273069304359324
1420.4212814812602,5690.12579547473,1608386.1976378649,-0.30468964181609076
1423.23719507563,5690.12579547473,1618896.0319664774,-0.3306761820494653
1461.3112193995598,5690.12579547473,1568349.0189524635,-0.33490078535643336
1506.95971761039,5690.12579547473,1530540.5851397556,-0.3528669878648929
1514.25010143672,5690.12579547473,1498814.9968335722,-0.37722000265754274
1592.6552637034602,5690.12579547473,1488358.2205796365,-0.38741660456764543
1646.2508375047,5690.12579547473,1420197.648616643,-0.3636713289498393
1646.2508375047,5690.12579547473,1403503.4482321048,-0.37559164338519724
1701.7048311812302,5690.12579547473,1359841.3544417259,-0.36924041615320546
1794.3718841950897,5690.12579547473,1335386.8272380186,-0.3962698370460983
1798.3905328773603,5690.12579547473,1319955.4661949885,-0.4266691724523177
1798.3905328773603,5690.12579547473,1290768.0150155155,-0.4445257792035913
1821.51535133196,5690.12579547473,1281197.5803496963,-0.47774087689945943
1824.50437764092,5690.12579547473,1263853.3038075492,-0.5094365693212211
1863.75096923556,5690.12579547473,1227277.5207278542,-0.526500164098672
1863.75096923556,5690.12579547473,1211794.344374391,-0.5552329954819759
1871.91093688572,5690.12579547473,1189517.796684142,-0.5813294870585156
1897.04242062113,5690.12579547473,1185876.364423743,-0.6048095372750152
1897.6970219045,5690.12579547473,1162099.534767377,-0.635628510209522
1897.6970219045,5690.12579547473,1149723.313254721,-0.6619824598034372
1909.51997120054,5690.12579547473,1135060.1522063701,-0.6992580865239082
1909.51997120054,5187.49270498389,1041647.9511244349,-0.5696719125289492
1931.30225676662,5187.49270498389,996310.5621525231,-0.5611431504454805
1960.8018115696304,5187.49270498389,969438.781385279,-0.5849094609885073
1960.8018115696304,5187.49270498389,950380.327715971,-0.6057368022879792
1982.6200525451893,4775.125676008458,880463.3916542798,-0.5085197560012037
2014.84731642146,4775.125676008458,873394.3792916996,-0.5431746511066496
2016.1421077737805,4775.125676008458,842495.0715415665,-0.5527996025099737
2034.45586982463,4775.125676008458,817881.5765528178,-0.5539227851600614
2034.45586982463,4775.125676008458,779970.9818461142,-0.4695245275397882
2034.45586982463,4775.125676008458,738448.2445382337,-0.38302701032319997
2034.45586982463,4775.125676008458,727443.3889464926,-0.3730463187552031
2034.45586982463,4775.125676008458,715156.2954721462,-0.3884664107679463
2037.94376989763,4114.546256858428,658973.4303370056,-0.23778562178354903
2061.34204247608,3968.5861309131556,627195.6007488274,-0.19056101310089069
2061.34204247608,3968.5861309131556,616153.5127661255,-0.2010634178463867
2065.24526284384,3968.5861309131556,592496.6506365451,-0.18028752937470055
2065.24526284384,3968.5861309131556,594811.9275964797,-0.17062480573087274
2065.24526284384,3968.5861309131556,591622.6443100863,-0.18004799274472036
2065.24526284384,3968.5861309131556,584282.9732611262,-0.1864499452415578
2065.24526284384,3968.5861309131556,578887.9463615016,-0.17635650585151152
2065.24526284384,3968.5861309131556,573885.0016162787,-0.17208734351884686
2065.24526284384,3968.5861309131556,556454.7596282879,-0.13016999755635625
2073.5402111676003,3968.5861309131556,550512.4498129676,-0.15016818166163076
2073.5402111676003,3968.5861309131556,564120.4857899414,-0.1584078967049941
2073.5402111676003,3975.052017713867,593593.0908912213,-0.23704525518254724
2073.5402111676003,3975.052017713867,575266.1553650022,-0.21796297314701782
2073.5402111676003,3975.052017713867,557651.2883974428,-0.14367280423144138
2073.5402111676003,3975.052017713867,558606.0393213639,-0.1454159469211574
2073.5402111676003,3975.052017713867,555630.4229851865,-0.15068904445632728
2073.5402111676003,3975.052017713867,570964.8752708988,-0.15664793109315137
2073.5402111676003,3975.052017713867,560283.8100565613,-0.12160151704588316
2073.5402111676003,3975.052017713867,557043.1617987687,-0.13300441898659965
2073.5402111676003,3975.052017713867,557813.8784249026,-0.13263184218781174
2073.5402111676003,3975.052017713867,562649.7885853059,-0.11842276440107337
2073.5402111676003,3975.052017713867,569570.2944838158,-0.1263959122925159
2073.5402111676003,3975.052017713867,588941.6203505305,-0.18271567016592366
2073.5402111676003,4028.6795959659844,608226.4996928908,-0.2556570733957129
2073.5402111676003,4028.6795959659844,615830.637544556,-0.26475137992033
2073.5402111676003,4028.6795959659844,611026.3124378921,-0.2811070008773645
2065.24526284384,4028.6795959659844,616083.6475811865,-0.2514435839670539
2061.34204247608,4028.6795959659844,620512.4822209647,-0.22477133452127215
2061.34204247608,4028.6795959659844,628122.4762121921,-0.22263306304120492
2061.34204247608,4028.6795959659844,639424.6754094028,-0.2426532532240548
2061.34204247608,4188.286048929506,658923.0915081822,-0.3123651829917314
2065.24526284384,4188.286048929506,659112.4074498232,-0.3171102757414757
2065.24526284384,4188.286048929506,674317.147747648,-0.3384320296258388
2061.34204247608,4188.286048929506,684959.1243225073,-0.3279029348570931
2061.34204247608,4525.025054080111,729225.9404037402,-0.4343160024995045
2061.34204247608,4525.025054080111,749117.6487604122,-0.42391476782636794
2037.94376989763,4045.5675800744416,733437.9424775005,-0.5034972178183557
2037.94376989763,4045.5675800744416,750442.220461311,-0.5069926157798446
2034.45586982463,4144.655779045524,799210.4111311883,-0.5617773471108591
2034.45586982463,4144.655779045524,798409.8467091104,-0.5644525221836867
2016.1421077737805,4144.655779045524,799503.057218485,-0.5435064429698717
2016.1421077737805,4144.655779045524,808474.2649601591,-0.528858930693373
2014.84731642146,4144.655779045524,844834.7624615828,-0.5360099314314232
2014.84731642146,4144.655779045524,854749.4129389892,-0.510145277365184
2014.84731642146,4144.655779045524,875927.761139548,-0.5045751310752675
1982.6200525451893,4144.655779045524,898797.491457587,-0.48248669978697845
1923.46832118278,4144.655779045524,896543.8663548446,-0.45308530327253427
1909.51997120054,4144.655779045524,922706.2903284192,-0.46867040896480766
1909.51997120054,4144.655779045524,948615.4798371047,-0.46565625970079216
1897.6970219045,4144.655779045524,978152.816265143,-0.45157168308860657
1876.58909125736,4144.655779045524,984965.3002547255,-0.4243599715052395
1876.58909125736,4272.350872052542,1031961.4950558272,-0.4494712024439321
1876.58909125736,4272.350872052542,1056362.7288427898,-0.457055601038458
1876.58909125736,4272.350872052542,1066262.933483865,-0.43207568074707453
1876.58909125736,4272.350872052542,1078879.4763332845,-0.4066627149890636
1867.50748398444,4272.350872052542,1108852.7372134444,-0.39104739732441324
1861.70439087557,4272.350872052542,1117947.4046260787,-0.35967864309586384
1821.51535133196,4829.7860573220405,1177630.6548677017,-0.4064042556242011
1794.96458901307,4829.7860573220405,1197159.6475153523,-0.3769263330823172
1762.31267258233,4829.7860573220405,1196499.7010954998,-0.34524147491070994
1744.39961562316,4829.7860573220405,1219371.3689756459,-0.3195889169769854
1688.809737353,4829.7860573220405,1214880.5805644537,-0.2988436386413666
1674.6678628783,4829.7860573220405,1255683.0201744838,-0.29623500335362984
1654.45648694177,4829.7860573220405,1250886.7162716074,-0.26669636702254923
1628.54020556289,4829.7860573220405,1296088.3363100085,-0.27060735999925406
1610.02848260919,4829.7860573220405,1303294.8080600072,-0.2400852517373376
1592.6552637034602,4829.7860573220405,1311151.4855868516,-0.20849559802888976
1477.25861142141,4829.7860573220405,1324158.4770853159,-0.18576166952112994
1446.37670231609,4829.7860573220405,1339567.623722138,-0.15904717857185952
1409.76302782059,4829.7860573220405,1311330.6896735674,-0.15529331781864794
1374.58124935513,4829.7860573220405,1324196.2061520375,-0.14587484038534493
1278.29492932113,4829.7860573220405,1318692.0145005179,-0.11565225485956614
1277.62657008897,5134.59616234892,1381680.537332118,-0.15626729109008633
1259.78038364504,5134.59616234892,1360201.9698035324,-0.14300896188091364
1252.16122855986,5134.59616234892,1349951.4546952965,-0.11529125786966354
1222.7196180641802,5134.59616234892,1363503.0994262754,-0.08820736700789826
1113.05608508324,4926.74342800408,1322859.0961894584,-0.0982272284805819
1100.3451565018402,4926.74342800408,1320768.5859512186,-0.06831164560327115
1056.69602995151,4926.74342800408,1301400.0754314216,-0.049286253896438856
1022.66693127464,4908.67270628602,1279679.5337692443,-0.048362874714842886
990.495116777352,4908.67270628602,1270417.0129304463,-0.030983298678012184
946.525083069588,4908.67270628602,1285114.381471685,-0.013438646250521115
897.411325691651,4908.67270628602,1280361.588088806,0.017900345363111095
877.944486291097,4908.67270628602,1275778.351459105,0.03700296471002804
875.810134829238,4908.67270628602,1249254.8556775711,0.04968839808943649
848.7760375550521,4908.67270628602,1232990.9440530103,0.07505030989580516
848.7760375550521,4906.07018014399,1191554.812804451,0.04141123498172205
831.4290025286509,4906.07018014399,1186278.0502153444,0.06747176064932447
831.4290025286509,4906.07018014399,1174731.4798209546,0.08335728044139458
812.243003611392,4906.07018014399,1151861.1630886411,0.09931143232913663
738.917414480129,4906.07018014399,1166212.7966648857,0.11875391579382634
715.014654787793,4906.07018014399,1139456.766868071,0.12815449442637697
710.562099616286,4906.07018014399,1123708.5927241175,0.14284913044094524
700.770422613651,4906.07018014399,1114090.935328394,0.1720511165610978
696.006542006444,4906.07018014399,1111299.588295197,0.20337619547372943
693.339087562706,4906.07018014399,1095943.6933917804,0.22579693924420477
684.617406647237,4582.39623334264,1051268.962119824,0.19816414445999855
684.617406647237,4582.39623334264,1040734.3073111462,0.208174623966882
677.683195300583,4582.39623334264,1046496.5425812079,0.22858506934070794
677.683195300583,4582.39623334264,1012046.5589471877,0.22154558348642744
677.683195300583,4582.39623334264,998145.9148432072,0.24073467478221794
641.921755313522,4582.39623334264,988315.9610263094,0.2719534162236924
621.241372222886,4582.39623334264,982561.8943258853,0.29684333614859965
595.087614214754,4582.39623334264,964066.0285638424,0.3203288745089119
595.087614214754,4582.39623334264,935994.6031015182,0.3039189094021435
595.087614214754,4582.39623334264,931910.7077624094,0.3042179132618418
549.723406659683,4582.39623334264,922379.6770596409,0.33438175568297795
549.723406659683,4582.39623334264,889643.7601074995,0.29959141413893936
549.723406659683,4582.39623334264,875093.1526108322,0.31303464259059727
547.60802445631,4582.39623334264,865246.2181071737,0.3434767964779067
518.577674660815,4582.39623334264,855342.5627285816,0.36733875709016317
518.577674660815,4582.39623334264,827442.7056481323,0.3432374869131194
518.577674660815,4582.39623334264,823375.5021870111,0.34997215869359966
517.5098779643849,4582.39623334264,801332.5155759051,0.3555703111476995
517.5098779643849,4582.39623334264,779223.8130434041,0.33050475017276587
517.5098779643849,4582.39623334264,776244.6765424245,0.3306928107320379
517.5098779643849,4582.39623334264,750623.2661997629,0.31194483549642316
517.5098779643849,4582.39623334264,722234.2106691578,0.28894394405065316
517.5098779643849,4582.39623334264,727244.89419661,0.3018699424734431
517.5098779643849,4185.59856826344,683353.9720100742,0.1825174109907761
517.5098779643849,4185.59856826344,688004.2164148596,0.1687551688039955
517.5098779643849,4185.59856826344,685766.3089535302,0.17822492026083103
517.5098779643849,4185.59856826344,684510.9487703402,0.18684910240478023
517.5098779643849,4185.59856826344,671783.6342774687,0.1991743900919272
517.5098779643849,4185.59856826344,642343.6541841871,0.12610944061882212
517.5098779643849,3967.8664818733596,633291.4452274905,0.08573078229735674
517.5098779643849,4155.67118438846,651883.2818864008,0.1533728549728505
517.5098779643849,4155.67118438846,663922.3881212703,0.19566276849836256
517.5098779643849,4155.67118438846,684552.6772002246,0.2387601111831103
517.5098779643849,4155.67118438846,680584.6570193858,0.23538295459085995
517.5098779643849,4155.67118438846,671970.5026671343,0.2390609000186212
517.5098779643849,4155.67118438846,678925.8180722923,0.2333804122358955
490.596990110911,4155.67118438846,675136.2439716595,0.25405087996986553
490.596990110911,4155.67118438846,680804.7981240533,0.2544421787481448
490.596990110911,4415.87067132263,702650.9705325259,0.3319303246589565
490.596990110911,4415.87067132263,719258.9682182401,0.32422354441500584
517.5098779643849,4415.87067132263,749946.8686087187,0.3394680978296272
517.5098779643849,4415.87067132263,763637.1761749508,0.35736603815845097
517.5098779643849,4415.87067132263,771641.9063592154,0.34043250722509455
517.5098779643849,4654.71884895688,819917.4870444048,0.4185563256528509
517.5098779643849,4654.71884895688,828465.1038123658,0.42233404816975556
517.5098779643849,4654.71884895688,836174.3394835757,0.40190356015451373
517.5098779643849,4654.71884895688,856380.651205061,0.3945399673442595
517.5098779643849,4654.71884895688,848044.0895049651,0.3977910932989399
517.5098779643849,4654.71884895688,880667.3399661538,0.42930992876681656
517.5098779643849,4654.71884895688,907729.2407108883,0.4431649125666679
517.5098779643849,4654.71884895688,924914.9509718462,0.4281519540332761
518.577674660815,4654.71884895688,939727.5741404028,0.3987741800942528
547.60802445631,4654.71884895688,976651.3041420247,0.40389168492758637
547.60802445631,4654.71884895688,986845.576372399,0.38227321902408845
547.60802445631,4654.71884895688,986205.0058722497,0.382244122067317
547.60802445631,4654.71884895688,1018959.7495892723,0.38581361844997963
547.60802445631,4654.71884895688,1038097.758106296,0.3695962976642053
547.60802445631,4671.76226444679,1082188.5022896316,0.39007672395846094
549.723406659683,4671.76226444679,1105256.992220015,0.3676553634243319
570.857519368202,4886.32948112642,1149449.5580102212,0.3808656226256128
570.857519368202,4886.32948112642,1171585.2611095882,0.3991838820245719
595.087614214754,4886.32948112642,1172772.4663830255,0.3771641294109699
621.241372222886,4886.32948112642,1181634.2475842522,0.3482240060249385
633.931555550452,5049.43334560197,1223101.2686752884,0.3681087372193479
696.006542006444,5049.43334560197,1263293.3824284784,0.36086604210445206
699.202638897308,5049.43334560197,1275660.389946291,0.33022924049417585
700.770422613651,5049.43334560197,1283497.2825573112,0.30001670170228745
710.562099616286,5049.43334560197,1315703.0351204935,0.30803502435945224
710.562099616286,5049.43334560197,1330847.780600676,0.29828064446707503
710.562099616286,5492.56241884018,1399425.9920084318,0.35168330718519514
710.562099616286,5496.959777463981,1468286.084747233,0.38062747832277016
711.2584658159429,5496.959777463981,1464702.090216957,0.35026171127252664
720.916930696259,5496.959777463981,1480855.4435927623,0.3241070949353698
804.135829281985,5496.959777463981,1486732.246063837,0.2920360974900294
835.5553532495979,5496.959777463981,1522288.7915039447,0.2755112469789619
835.5553532495979,5496.959777463981,1533711.3754258025,0.25597686329539227
980.962835711154,5496.959777463981,1519489.8641812662,0.23192147377442396
996.302966938561,5766.57318302559,1584234.724184577,0.26189954390904163
1017.10197892849,5766.57318302559,1618895.7451887573,0.2508680354243189
1104.20376853356,5766.57318302559,1655925.45866184,0.23379639968822818
1113.05608508324,5766.57318302559,1644547.104284738,0.21150056529382963
1145.15116135403,5766.57318302559,1655064.5364742405,0.1835027859486298
1233.47890460175,5766.57318302559,1690070.2960761744,0.16510076592806694
1238.8898113318598,5766.57318302559,1693953.0287702458,0.13554828988187773
1248.35222033133,5766.57318302559,1695078.5156660748,0.1093023151664966
1291.35958521411,5766.57318302559,1718108.911738517,0.08357313220510654
1315.54448737871,5766.57318302559,1723529.6207935116,0.12228545070117534
1343.76898522224,5766.57318302559,1742116.1700023222,0.09956298026223359
1375.44765565512,5766.57318302559,1784025.2336768834,0.0888367767445075
1384.2446192515602,5766.57318302559,1785829.2920773395,0.06192765570386416
1426.45713632668,5766.57318302559,1779079.432447379,0.031262269935048596
1506.5165019034698,5766.57318302559,1753534.0355915716,0.016420672705493564
1515.86221451641,5766.57318302559,1750229.0392794372,-0.00915435084016209
1541.0915478199802,5766.57318302559,1736629.028633341,-0.004533487588043267
1568.16486085762,5766.57318302559,1759823.667497989,-0.014679402670649785
1580.84180307491,5766.57318302559,1755952.7535274057,-0.04457582047733565
1580.99007414738,5766.57318302559,1745222.542662015,-0.07502830127368998
1654.33879333992,5766.57318302559,1747798.3624456332,-0.0882486920687467
1665.02986166919,5766.57318302559,1764468.7120204517,-0.11142796876786389
1812.7663707603897,5766.57318302559,1729279.377020408,-0.12556381689238963
1839.25519508796,5766.57318302559,1744923.663027618,-0.14680959535798396
1890.61822354064,5003.170459729793,1662844.6803220224,-0.09781508134849622
1931.6109467902,5003.170459729793,1671498.4393235277,-0.11867453094389634
1985.83143505753,5003.170459729793,1660888.05609144,-0.14878304921439095
2029.77738942633,5003.170459729793,1634829.1849344627,-0.16363165158398865
2056.07105900438,5003.170459729793,1644451.1483197052,-0.19087425033355016
2072.94166066905,5003.170459729793,1626642.4391716751,-0.21660489144513037
2079.86115769119,5003.170459729793,1630502.0334673934,-0.2475179597484547
2114.71024677626,5003.170459729793,1599235.8688097992,-0.26892714407666723
2182.8207461950697,5003.170459729793,1572906.0152395812,-0.2852389178232713
2214.92424358276,4724.2856852161585,1512998.6434228155,-0.2746294570625033
2221.14857835357,4724.2856852161585,1488632.8467586036,-0.3014510789828122
2235.4355285098604,4652.286657641332,1459522.6188506144,-0.296376102599739
2247.85605586683,4652.286657641332,1451086.5626948064,-0.32951958901615297
2258.91818851882,4652.286657641332,1439653.2481331038,-0.358973011692352
2267.18176217077,4652.286657641332,1440814.995015482,-0.38122455020979495
2282.2138032747603,4652.286657641332,1392094.079191281,-0.38261882659967217
2284.65805843008,4652.286657641332,1385996.178989837,-0.4141421592410656
2284.65805843008,4652.286657641332,1350501.0784670154,-0.42692191351709546
2284.65805843008,4591.629166764462,1300616.2153533164,-0.3953214896909641
2296.25422745821,4591.629166764462,1296566.0031031792,-0.4266956293096932
2296.25422745821,4507.387696766606,1242135.329279437,-0.408698849576608
2296.25422745821,4507.387696766606,1198737.138820906,-0.3908654816161844
2357.9803329349897,4507.387696766606,1168914.1614403056,-0.4044808029807973
2372.16357853385,4507.387696766606,1148510.8297362023,-0.43241195200448673
2372.16357853385,4507.387696766606,1104945.7867548245,-0.4260302151935454
2377.8213719396804,4507.387696766606,1095103.7897014539,-0.4532072636816175
2377.8213719396804,4507.387696766606,1048192.5340996374,-0.43744340052015807
2382.0827908914603,4507.387696766606,1032992.7984379544,-0.4691470671162825
2447.54313601357,4507.387696766606,1014672.416951062,-0.5000336615051346
2447.54313601357,4507.387696766606,977471.1906047342,-0.4682164806645243
2465.01293857159,4507.387696766606,948482.0550229738,-0.483524766859657
2493.4989462465696,4507.387696766606,916802.2598859648,-0.4940615856802916
2495.31163115553,4507.387696766606,908247.8738109157,-0.5260033530988587
2495.31163115553,4507.387696766606,919646.4414644483,-0.5211211630921755
2495.31163115553,4507.387696766606,881490.2302037752,-0.5058190393104396
2522.70961403634,4507.387696766606,881099.9592927874,-0.5376139022938253
2535.5900676792003,4507.387696766606,861226.5139406899,-0.5645565613788325
2535.5900676792003,4507.387696766606,815548.9720068868,-0.46573365005495876
2535.5900676792003,4507.387696766606,796658.518660644,-0.4391487761176979
2535.5900676792003,4507.387696766606,784707.1044517537,-0.46146564697401715
2535.5900676792003,4507.387696766606,771033.892288205,-0.47015010962659526
2559.96828104895,3753.8838775735476,707126.3142739629,-0.3193875442022708
2559.96828104895,3753.8838775735476,698261.8565593954,-0.3321176370962559
2559.96828104895,3753.8838775735476,691521.5981521808,-0.34079242349778444
2559.96828104895,3753.8838775735476,674177.3764315451,-0.3368167393772546
2559.96828104895,3753.8838775735476,651953.1939436065,-0.3155968753918491
2559.96828104895,3753.8838775735476,665529.2108337154,-0.3057106476665912
2567.19887538147,3753.8838775735476,656043.8541285642,-0.33379029826022105
2567.19887538147,3753.8838775735476,661367.1173584427,-0.3426446461476599
2567.19887538147,3753.8838775735476,638792.4546164344,-0.3052294250592552
2567.19887538147,3753.8838775735476,618260.1674296844,-0.2502254775669611
2568.66488537056,3753.8838775735476,586804.9040512257,-0.20046217646804548
2568.66488537056,3753.8838775735476,572976.3756517431,-0.19806482936532033
2568.66488537056,3753.8838775735476,583877.3629234824,-0.1947105357883445
2568.66488537056,3753.8838775735476,588870.8211765779,-0.1768115613000122
2568.66488537056,3753.8838775735476,589417.6945195962,-0.17080304497502516
2575.2818454112303,3753.8838775735476,589853.9773538449,-0.18552515874096245
2575.2818454112303,3753.8838775735476,586926.1446987218,-0.18388780932770854
2575.2818454112303,3753.8838775735476,589026.1489495604,-0.19148558755869602
2575.2818454112303,3753.8838775735476,602399.9943491581,-0.2235226807489121
2598.25342360214,3235.86162082373,565039.8738332146,-0.12820416566544118
2598.25342360214,3922.756239002347,601717.3230519117,-0.2785388348588283
2598.25342360214,3922.756239002347,603803.059515826,-0.28419827247232515
2598.25342360214,3922.756239002347,615800.0726904157,-0.29079106796951354
2598.25342360214,3922.756239002347,633611.3892089684,-0.2866842256968514
2598.25342360214,3922.756239002347,643794.4152913275,-0.2780319575906081
2598.25342360214,3922.756239002347,640723.1612766526,-0.27894569264652286
2568.66488537056,3922.756239002347,648948.4586054531,-0.24936256001508073
2568.66488537056,4077.927265571094,694788.4058159409,-0.36983574383215034
2568.66488537056,4077.927265571094,698108.3399992987,-0.37044288523005414
2568.66488537056,4077.927265571094,707269.0366331992,-0.35855591590170455
2568.66488537056,4077.927265571094,704545.1293809933,-0.3574881281190802
2567.19887538147,4077.927265571094,736284.8898538699,-0.375686198135025
2535.5900676792003,4458.04662728643,797934.9494245986,-0.4996311652737652
2535.5900676792003,4458.04662728643,817876.3351440028,-0.49383706673716754
2535.5900676792003,4458.04662728643,848275.9963883666,-0.5064411328513306
2522.70961403634,4458.04662728643,875226.2350651522,-0.4909695680723203
2522.70961403634,4458.04662728643,904583.1458536618,-0.5062881008637714
2522.70961403634,4458.04662728643,925716.9066723426,-0.5035095016411063
2495.31163115553,4458.04662728643,947241.8742165798,-0.47870255849309296
2495.31163115553,4458.04662728643,955911.1050317447,-0.45979718948962617
2466.72584529794,4458.04662728643,959375.5501756546,-0.4272908441573096
2466.72584529794,4458.04662728643,990567.5751849387,-0.4208188105045993
2447.54313601357,4458.04662728643,1006683.3932683726,-0.39366260497036915
2382.0827908914603,4458.04662728643,1017878.9017713448,-0.3615800065573357
2382.0827908914603,4458.04662728643,1015141.8164367935,-0.36449536802488913
2382.0827908914603,4458.04662728643,1034014.3372743083,-0.3565065647641284
2357.9803329349897,4458.04662728643,1074293.8218358345,-0.3792874475017767
2352.7853559021,4458.04662728643,1084293.043166285,-0.3463597466369866
2352.7853559021,4458.04662728643,1105072.8241119965,-0.3300270989325187
2352.7853559021,4458.04662728643,1106986.2345523762,-0.32306467157558083
2313.62030102323,4458.04662728643,1110859.324440655,-0.291948216771872
2309.65442854048,4458.04662728643,1139692.3408093976,-0.28069685485607926
2297.88130950385,4458.04662728643,1142442.9732156384,-0.2708662890216621
2284.65805843008,4458.04662728643,1144904.5037389342,-0.2630052941472698
2284.65805843008,4458.04662728643,1160687.8813386818,-0.2460748302389551
2282.2138032747603,4458.04662728643,1175854.590459321,-0.22144544669895627
2282.2138032747603,4458.04662728643,1183528.7139501646,-0.20136976640259696
2251.74675697959,4458.04662728643,1185349.0071841737,-0.17049446182897535
2251.74675697959,4458.04662728643,1208269.8446128452,-0.15533940994066842
2251.74675697959,4458.04662728643,1240342.9795901238,-0.15921498687784377
2217.29103399228,4366.76767340919,1214712.5685589043,-0.1572918575570684
2182.8207461950697,4366.76767340919,1212705.5445261523,-0.1335757002056756
2136.16966014104,4366.76767340919,1208828.736860922,-0.1065482590139663
2128.88197131334,4366.76767340919,1210019.5845191278,-0.07938257408648691
2119.7539088626104,4366.76767340919,1202095.1504902665,-0.05577360887371288
2095.74762360965,4366.76767340919,1214550.4969118014,-0.04270093765769323
2075.08736672365,4366.76767340919,1214665.616193044,-0.025601769619757127
2053.01440067224,4366.76767340919,1232198.9465925137,-0.0060485910390794834
1830.95106218577,4366.76767340919,1229787.8022836044,0.025265496096737627
1803.7603768259,4228.495059341902,1202437.60390249,0.027459960902809
1784.1203846342398,4228.495059341902,1197620.563213844,0.051157328361675844
1736.69765158018,4228.495059341902,1166877.6465866738,0.056276818521221794
1736.69765158018,6540.48446112977,1307222.5482675927,0.4304500850050552
1718.05377007256,6540.48446112977,1309699.8223626728,0.4557249050194183
1688.87538520637,6540.48446112977,1311737.0800025687,0.4865129897097844
1594.76761258713,6540.48446112977,1333944.9234745575,0.4909843440636377
1587.46826621453,6540.48446112977,1307972.3395015772,0.5198383352598791
1534.66102363434,6771.216307636913,1312802.3913628317,0.49198808080123424
1522.00288998645,6771.216307636913,1313234.3891117652,0.5220605295130721
1498.9185392012805,6771.216307636913,1336727.047225956,0.5258737993079928
1494.92799027936,6771.216307636913,1309688.3961251678,0.5552538643680763
1433.0038512319,6771.216307636913,1296535.943489531,0.5912143872418546
1413.10277084808,6771.216307636913,1303840.6161910724,0.6144309293419575
1413.03043955969,6771.216307636913,1270477.9654389923,0.6423432763546014
1408.17458947676,6771.216307636913,1278130.2240518958,0.6664704272725344
1391.8884188639902,6771.216307636913,1242849.049409501,0.6938577755438801
1382.0556418105898,6771.216307636913,1237790.4290917532,0.7260797205618506
1379.51341485962,6771.216307636913,1214910.421079054,0.7608619990894627
1356.12231856259,6771.216307636913,1194292.6552497467,0.7909977840599964
1346.49295501349,6771.216307636913,1192553.6167823847,0.8183126975186449
1322.82520318688,6771.216307636913,1174281.5278532624,0.8583780307805855
1277.35870212372,6771.216307636913,1172829.372810984,0.8865992964723993
1270.00766502051,6771.216307636913,1144953.6860450222,0.9259547106179536
1270.00766502051,6771.216307636913,1138064.2285572689,0.9393076575120527
1253.66366830037,6771.216307636913,1126003.2116918587,0.981446264650441
1225.2438880088198,6771.216307636913,1085326.5467343193,1.0150143907678644
1225.2438880088198,6771.216307636913,1064457.3652391098,1.0510206686417443
1220.40021435682,6771.216307636913,1033526.1522159278,1.0929967486190186
1220.40021435682,6771.216307636913,1024091.6792035854,1.105185706014611
1220.40021435682,6771.216307636913,1017884.6562091269,1.1264377364472455
1220.40021435682,6771.216307636913,1011033.4144804785,1.13254123640754
1220.40021435682,6771.216307636913,1006485.2852178436,1.1537839596529182
1216.1856545690598,6771.216307636913,1011106.682160148,1.1594731769969842
1216.1856545690598,6771.216307636913,976332.8857540615,1.1936214343287046
1180.36681975338,6771.216307636913,973754.9569500283,1.225567841518845
1150.28627065062,6771.216307636913,975233.8740913902,1.2430940036799933
1150.28627065062,6771.216307636913,944811.5849084014,1.2890114644882278
1150.28627065062,6771.216307636913,933324.6765235025,1.310849904282837
1150.28627065062,6771.216307636913,926244.6735202242,1.3336583762961889
1150.28627065062,6771.216307636913,917765.6188420956,1.3524220652033627
1150.28627065062,6771.216307636913,913412.6172983109,1.3628608162990532
1150.28627065062,6771.216307636913,886417.4210953363,1.4085910886971456
1137.85822522197,6771.216307636913,872536.0201414266,1.4551844286133888
1137.85822522197,6771.216307636913,877506.9648387019,1.4336093584285594
1137.85822522197,6771.216307636913,883286.0973317239,1.429555263669618
1137.85822522197,6771.216307636913,864746.1289474615,1.4654070631193012
1120.51185121063,6771.216307636913,846265.0130047147,1.5235579566434934
1137.85822522197,6771.216307636913,846661.6657625407,1.507854975598867
1137.85822522197,6771.216307636913,839140.0120452977,1.5428946408113868
1137.85822522197,6771.216307636913,802909.7494709344,1.5743900950127556
1137.85822522197,6771.216307636913,793666.5672200747,1.5885773114287287
1137.85822522197,6771.216307636913,805365.6666394669,1.542808937846645
1137.85822522197,6771.216307636913,811565.3665411179,1.5100884912301613
1137.85822522197,6771.216307636913,800008.9411502447,1.548748030213986
1137.85822522197,6771.216307636913,808030.9432978886,1.5308704827614505
1137.85822522197,6771.216307636913,813084.9684348328,1.5270011831462142
1137.85822522197,6771.216307636913,843134.5274287849,1.5129894384643061
1137.85822522197,6771.216307636913,840793.6259453816,1.5209961935110297
1137.85822522197,6771.216307636913,847095.8014072486,1.5073166006303351
1137.85822522197,6771.216307636913,864511.0159250159,1.482227097477327
1137.85822522197,6771.216307636913,872055.3816718177,1.4461223181549105
1137.85822522197,6771.216307636913,855559.7055587202,1.4510265096966832
1150.28627065062,6771.216307636913,867431.6487130907,1.4033906372850358
1150.28627065062,6771.216307636913,874044.1179464038,1.3846357184097233
1150.28627065062,6771.216307636913,886606.033652935,1.3481531646961173
1150.28627065062,6771.216307636913,893053.6615075256,1.346128907652936
1150.28627065062,6771.216307636913,902103.4398477139,1.3345898933993436
1150.28627065062,6771.216307636913,910200.1809405838,1.303146406630162
1150.28627065062,6771.216307636913,908303.9258155609,1.3176306863953466
1150.28627065062,6771.216307636913,906680.4844367879,1.321179771057388
1150.28627065062,6771.216307636913,901838.9372592014,1.324441721090068
1150.28627065062,6771.216307636913,900243.2793103483,1.3386190353421636
1180.36681975338,6771.216307636913,958218.6391892716,1.3171298278227848
1216.1856545690598,6771.216307636913,960163.4313427357,1.2910653183619774
1216.1856545690598,6771.216307636913,952558.5381366251,1.304278135874914
1225.2438880088198,6771.216307636913,987807.2945096148,1.2711123267053785
1225.2438880088198,6771.216307636913,962530.3834354889,1.3091682304698236
1253.66366830037,6771.216307636913,994711.1333858521,1.2610669618709627
1279.26635787218,6771.216307636913,1009957.1576498715,1.214752205715286
1279.26635787218,6771.216307636913,1038363.1046836638,1.172552535912971
1279.26635787218,6771.216307636913,1073716.520231503,1.1461039146595176
1279.26635787218,6771.216307636913,1083661.3216165025,1.114981494353223
1282.89345479841,6771.216307636913,1082770.454272979,1.0875117195106154
1282.89345479841,6771.216307636913,1082759.0566397372,1.0869049597452483
1282.89345479841,6771.216307636913,1093792.9606296248,1.0545891462366699
1282.89345479841,6771.216307636913,1124405.9954052789,1.0197514442478994
1296.03522952748,6771.216307636913,1150335.088455398,0.9797400893244357
1328.93032356476,6771.216307636913,1192515.0132958954,1.0119510042222228
1346.49295501349,6771.216307636913,1214371.58867505,0.9675149084917612
1356.12231856259,6771.216307636913,1237702.8876028212,0.9289177052830485
1409.12584460239,6771.216307636913,1255206.1525991003,0.8885618295732399
1413.10277084808,6771.216307636913,1261712.6860204712,0.8524768317332728
1420.98150167959,6771.216307636913,1293348.1687931628,0.8176084626724687
1433.0038512319,6771.216307636913,1319518.820809534,0.7803038016423496
1464.61327362662,6771.216307636913,1345527.724237794,0.7455471990247678
1467.3155484622598,6771.216307636913,1358526.7214761106,0.7145809991312572
1491.54524568942,6771.216307636913,1369449.24232021,0.6811937098975595
1526.9639221584805,6771.216307636913,1399355.5280308502,0.6514839403616456
1534.66102363434,6771.216307636913,1431797.5804344495,0.6201975618893343
1534.66102363434,6771.216307636913,1449027.4532843754,0.5914137025557192
1580.47949448403,6771.216307636913,1455571.192598039,0.5564892007207514
1581.22891140794,6771.216307636913,1456362.5073418135,0.5510458232822704
1594.76761258713,6771.216307636913,1492426.376248947,0.5266650300349646
1644.7252601160098,6771.216307636913,1506536.2400024883,0.49332862204334144
1644.7252601160098,6771.216307636913,1525184.7781632426,0.4671308216976573
1653.70937695879,6771.216307636913,1528911.0851195264,0.4343420081630547
1748.0491583040805,6771.216307636913,1525976.7631838336,0.40644372622604863
1844.61259150137,6771.216307636913,1513405.531798275,0.38280024075005414
1900.5360257051104,6771.216307636913,1506531.1973126894,0.3555071937784048
1940.4902642769896,6771.216307636913,1537238.8253010514,0.3365481018685664
1955.42831146,6771.216307636913,1565844.150017678,0.3164121714503298
1957.76324592487,6771.216307636913,1569910.9794090714,0.2854551864839511
2001.68848614818,6771.216307636913,1581552.3773884603,0.25433232516959164
2051.66076928797,6771.216307636913,1580628.2840890489,0.22762059090550796
2093.88938621548,6771.216307636913,1551025.9794892261,0.21796420824907378
2119.84386697072,6771.216307636913,1572825.525345337,0.1925410541852944
2163.11033230334,6771.216307636913,1554593.8520131733,0.1734078126552903
2191.14343365588,6771.216307636913,1542875.4426061648,0.14660887391232483
2233.85192884396,6771.216307636913,1569676.5245729904,0.12480968796305074
2239.13018486607,6771.216307636913,1577622.3845176813,0.09752190317846081
2293.36608825502,6771.216307636913,1554199.0510557105,0.08348725644590632
2303.91473356298,6771.216307636913,1552300.7493819592,0.062485028744701375
2340.42633288549,6771.216307636913,1518164.1092987405,0.05400626335686353
2441.10660310052,6771.216307636913,1519640.909612152,0.025389583312050937
2492.48895696974,6771.216307636913,1512565.1533683327,-0.004644562024439179
2500.82709020105,6771.216307636913,1492422.7878590315,-0.028417892096562744
2511.71482745892,6771.216307636913,1487878.227852414,-0.0530532228741585
2511.71482745892,4910.504094205883,1368106.354689699,-0.2913244268680122
2515.81327448702,5288.293369536413,1401830.36812768,-0.27501511332624534
2528.56224029192,5288.293369536413,1387013.872493302,-0.30557393964723517
2552.02941667524,5288.293369536413,1367689.6284378942,-0.31263785393934496
2572.8451381063896,5288.293369536413,1379609.4819710697,-0.33637318539001565
2601.34380130871,4949.154903360193,1329133.7316335698,-0.2969843379372877
2639.11694123376,4949.154903360193,1306839.2850306546,-0.31642262006019894
2670.66622198344,4671.304354190855,1250506.7939350305,-0.29429485650509146
2686.97089805034,4671.304354190855,1229153.5160201387,-0.3194051668562986
2711.25600213163,4671.304354190855,1222757.5055384224,-0.3455569059506437
2730.08091379196,4671.304354190855,1175060.2972160056,-0.33385118876405856
2731.8569552862,4671.304354190855,1169612.0472379713,-0.3651729203782005
2765.7758401724,4671.304354190855,1125575.8860527843,-0.3602815632518968
2765.93194462539,4671.304354190855,1111582.1369423233,-0.3915015953553271
2768.42196574922,4671.304354190855,1089860.0760732172,-0.41603576063207065
2813.45340010788,4671.304354190855,1077002.6308077148,-0.4487363945881904
2825.1862646934696,4671.304354190855,1044192.3076449139,-0.4453236119859954
2865.13861553591,4671.304354190855,1025878.0238751688,-0.47349119677805046
2873.48185407666,4671.304354190855,993212.241535848,-0.4862942203121122
2915.4841614528004,4539.799399401881,945743.5765401247,-0.44577110078703286
2935.83344726364,4539.799399401881,938347.8756659686,-0.45882974711402
2942.6894569400297,4539.799399401881,934900.5504814507,-0.48673569101529623
2946.36195376578,4539.799399401881,901105.2574098494,-0.49011181095474393
2953.5018431279304,4539.799399401881,874347.9661487916,-0.5072914394448601
2953.5018431279304,4539.799399401881,859706.7902081698,-0.5236492224598379
2953.5018431279304,4539.799399401881,836294.7704591317,-0.5308461522350643
2963.00623665139,4539.799399401881,847117.7510601474,-0.544985015287704
2991.22949321997,4539.799399401881,837323.3379088315,-0.5806177854147553
3045.0703107121503,4539.799399401881,838710.2846740561,-0.6013335500738451
3060.2670057763203,4539.799399401881,821410.5919083656,-0.6299046995937803
3083.48184647578,4539.799399401881,779440.7570998736,-0.6107836317107239
3083.48184647578,4539.799399401881,763610.7394010586,-0.637832698702318
3083.48184647578,4539.799399401881,726315.3899076658,-0.619212309228017
3083.48184647578,4539.799399401881,687951.0023241092,-0.5905369642778973
3083.48184647578,4539.799399401881,668902.5662402898,-0.5785549547204089
3090.4437535118605,4539.799399401881,671498.0724940072,-0.5997422318163762
3134.10805194815,4539.799399401881,657197.2128301741,-0.6290997679712035
3134.10805194815,4539.799399401881,649620.235699035,-0.6422170762387053
3140.2804158310805,4539.799399401881,643141.5549399392,-0.6773303312221547
3140.2804158310805,4539.799399401881,627633.0846696175,-0.6726235116068812
3149.77089843319,3791.260264306603,566509.0970292084,-0.47352365888763476
3149.77089843319,3791.260264306603,562720.7023414295,-0.47619160229628316
3149.77089843319,3791.260264306603,588950.2551706012,-0.49968028151116073
3172.40647322925,3791.260264306603,575686.4734419525,-0.5254595219025371
3172.40647322925,3526.0782081556004,540573.7299786253,-0.4651278019222474
3172.40647322925,3526.0782081556004,531491.8083032778,-0.44621445487046824
3172.40647322925,3526.0782081556004,522911.30734442227,-0.4126555398108126
3172.40647322925,3526.0782081556004,534757.2938996694,-0.4513210962931407
3172.40647322925,3526.0782081556004,535907.9479394633,-0.4507289287285739
3172.40647322925,3526.0782081556004,558612.6202235294,-0.4940810999502711
3172.40647322925,3526.0782081556004,563792.1065421613,-0.49828890698117256
3172.40647322925,3526.0782081556004,547908.5373624476,-0.4772780348946121
3172.40647322925,3526.0782081556004,546565.1615035341,-0.48261056065128144
3172.40647322925,3526.0782081556004,560997.416818572,-0.4751699649853362
3149.77089843319,3526.0782081556004,567720.1429881889,-0.4428886195078871
3149.77089843319,3526.0782081556004,562009.5435316936,-0.44118093403418324
3149.77089843319,3526.0782081556004,559365.2028488327,-0.459133223443334
3149.77089843319,3526.0782081556004,578724.3683606816,-0.460643245099148
3149.77089843319,3668.96652727423,603837.8611612468,-0.5154221036361404
3149.77089843319,3839.9490774668266,638217.3485659111,-0.5711498904537329
3149.77089843319,3839.9490774668266,640630.490188076,-0.5656146550871707
3149.77089843319,3839.9490774668266,647336.7986022145,-0.5614384603871903
3149.77089843319,3839.9490774668266,649453.9564686869,-0.5556383011241426
3149.77089843319,3839.9490774668266,661924.0021679216,-0.5318032120269218
3149.77089843319,3839.9490774668266,668911.5289406733,-0.515542272098896
3149.77089843319,3839.9490774668266,674424.4697344158,-0.5116926185695532
3149.77089843319,3839.9490774668266,664004.594894489,-0.4945654961745012
3149.77089843319,3839.9490774668266,679990.0363161516,-0.5081389872864314
3149.77089843319,3839.9490774668266,681807.4860812656,-0.5011909632932333
3149.77089843319,3839.9490774668266,677636.9465052753,-0.49202919669383277
3146.96722240403,3839.9490774668266,676877.8652099578,-0.46314664279452666
3146.96722240403,3839.9490774668266,681150.4652218025,-0.4654413317209664
3146.96722240403,3839.9490774668266,676858.5786824864,-0.4755559862855829
3140.2804158310805,3839.9490774668266,681090.1884298512,-0.4411146718883573
3140.2804158310805,3839.9490774668266,688223.3652166808,-0.45348551542956467
3134.10805194815,3839.9490774668266,704140.152140762,-0.4290681525803799
3134.10805194815,3839.9490774668266,722827.1998587596,-0.4223497343035523
3090.4437535118605,4501.852900071853,779010.1380543163,-0.5208049188157645
3083.48184647578,4501.852900071853,778161.4731087397,-0.49534104368950493
3083.48184647578,4501.852900071853,783211.7138997954,-0.48477533562959163
3083.48184647578,4501.852900071853,813222.3333195938,-0.4936581486684333
3083.48184647578,4501.852900071853,809141.1897229315,-0.49048637530118966
3083.48184647578,4501.852900071853,824237.9402073231,-0.4773636324064796
3066.21524723617,4501.852900071853,860627.5548855314,-0.486009956118184
3060.2670057763203,4501.852900071853,861350.4005160847,-0.4569426617775408
3023.53715496745,4501.852900071853,865109.265495051,-0.45547493311609377
3000.38514370153,4501.852900071853,879938.5151769313,-0.42548611448458473
2991.22949321997,4501.852900071853,889362.8121229459,-0.3922536726211614
2963.00623665139,4501.852900071853,922447.2023521014,-0.39221289187480995
2953.5018431279304,4501.852900071853,958994.7403361415,-0.3968730986145857
2946.36195376578,4501.852900071853,969777.6531090896,-0.3684219130292416
2935.83344726364,4501.852900071853,974459.3293593822,-0.33515047441398116
2928.99178483245,4501.852900071853,987197.8554754959,-0.3047815084393729
2865.13861553591,4501.852900071853,996541.085037695,-0.2787944597926654
2825.1862646934696,4501.852900071853,1006102.569652581,-0.24721988535494022
2813.45340010788,4501.852900071853,1005011.494073983,-0.21804296983181198
2768.42196574922,4501.852900071853,1034795.5586289545,-0.23207647296225029
2731.8569552862,4501.852900071853,1041299.9877271468,-0.20154304896653877
2730.08091379196,4501.852900071853,1068330.4135509515,-0.18972882222442575
2711.25600213163,4501.852900071853,1079368.0865164094,-0.1684709501531574
2710.2637920842103,4501.852900071853,1076780.2990307722,-0.15019816481244355
2606.7895630501,4580.973680979036,1111053.3650598547,-0.16326048880881125
2597.2362057096,4580.973680979036,1121299.883276504,-0.1333265587267448
2589.28907813742,4580.973680979036,1139382.2502349617,-0.11000692033964668
2588.47059547266,4580.973680979036,1157741.2659111896,-0.0882029436513362
2572.8451381063896,4580.973680979036,1178608.4166628635,-0.07099231727838073
2422.9056572891395,4580.973680979036,1176588.0262387977,-0.04486129389998941
2408.23102852568,4580.973680979036,1181186.6671821377,-0.04994486125310745
2379.2149893583,4580.973680979036,1168072.8429954725,-0.03689398241439462
2349.81663443284,5042.751990212717,1218825.51985076,-0.07377441661688554
2327.49134616065,5042.751990212717,1222374.0024781402,-0.048911844371726396
2314.79066678969,5042.751990212717,1223991.0510711353,-0.02102520639883356
2268.71333911089,5042.751990212717,1223208.3046578052,-0.006971530642843593
2264.26097148197,5042.751990212717,1218367.1869222524,0.004738306612239046
2263.2775921819502,5042.751990212717,1237717.8838307757,0.02184252956609945
2207.29726495891,5042.751990212717,1261316.2867928492,0.037340194826861434
2165.22692632007,5042.751990212717,1235795.0976861962,0.05058355073832998
2082.29356735125,5042.751990212717,1226157.4160255578,0.07435367859704503
2047.85961830074,5042.751990212717,1233356.0159261709,0.09777385149136718
2039.3300848954104,5042.751990212717,1241868.7777227229,0.12364957516996154
2033.40674366894,5042.751990212717,1238452.8792744104,0.13953793439107423
2025.5095013004504,5042.751990212717,1228042.0654994883,0.16489406677626608
2023.83242023462,5042.751990212717,1213575.806345227,0.19115017210425148
2023.49204263938,5042.751990212717,1205042.4808868843,0.22072694869777082
1968.91947769718,5042.751990212717,1218701.6189711299,0.24300250592650444
1968.91947769718,5042.751990212717,1212096.7810872586,0.26132836270455717
1920.45193568228,4472.863711925497,1154078.241293029,0.22117997273320197
1884.50150075768,4472.863711925497,1146218.6610035636,0.25330241475446796
1869.63668667237,4472.863711925497,1124361.0021373092,0.26866841613945497
1839.6099916305104,4472.863711925497,1096707.7066527822,0.2832158145983781
1839.6099916305104,4472.863711925497,1064269.0350094887,0.28571972895406855
1826.1149362643696,4472.863711925497,1044927.3295278839,0.31014077246735844
1817.05065831342,4472.863711925497,1057042.1996759044,0.3299341265591939
1775.33952707649,4472.863711925497,1050711.8807584369,0.3594010204071017
1775.33952707649,4472.863711925497,1018389.7144001046,0.3598193454750518
1774.39391614725,4472.863711925497,1020449.531372444,0.38996176009991507
1719.0393290181698,4472.863711925497,993526.0826901462,0.4075469728073318
1710.87868855773,4472.863711925497,987366.5742347447,0.441359359810832
1710.87868855773,4472.863711925497,973049.5582478923,0.4665764786064071
1677.68683595952,4472.863711925497,963570.258184582,0.49430753575227054
1677.68683595952,4472.863711925497,947590.3646072858,0.5201855473346412
1625.97497003228,4472.863711925497,915476.8367482063,0.531683994426246
1625.4124619012698,4472.863711925497,890932.3300449305,0.5546490505287912
1625.4124619012698,4472.863711925497,877806.8371219675,0.5642607830322492
1625.4124619012698,4472.863711925497,845723.8047307577,0.5626827575401481
1625.4124619012698,4457.898010589817,797757.5102964388,0.5160181783790431
1591.39697991323,4457.898010589817,801199.1479639815,0.5104869326700936
1586.96546933247,4457.898010589817,778111.4134379007,0.5299836773255114
1586.96546933247,4457.898010589817,761037.5481840322,0.5248034234840964
1586.96546933247,4457.898010589817,754668.4014834556,0.5443407431972495
1536.04597348583,4457.898010589817,748773.9068813456,0.5747832376078249
1536.04597348583,4450.826119851197,698309.9536346459,0.48843611932289754
1536.04597348583,4450.826119851197,669690.4611599625,0.4671907338360208
1536.04597348583,4450.826119851197,643862.6502895463,0.4506783454385972
1536.04597348583,4450.826119851197,633081.5793582469,0.4416773643316456
1536.04597348583,4450.826119851197,630144.2658299049,0.43459018430853436
1536.04597348583,4450.826119851197,626732.6697020574,0.4294647388442174
1536.04597348583,4450.826119851197,629313.6968910703,0.4338262805630716
1536.04597348583,4450.826119851197,616668.1114165486,0.43213274377116745
1536.04597348583,4450.826119851197,626350.8102911351,0.43220151075862717
1536.04597348583,3888.2081418559474,574405.0945460482,0.25875719184685997
1536.04597348583,3888.2081418559474,558405.8456663712,0.22392054038046486
1536.04597348583,4050.800906392067,588333.0371290945,0.3358622169380419
1536.04597348583,4050.800906392067,569915.6681371973,0.2882768437694723
1536.04597348583,4050.800906392067,571399.2646783458,0.28733207474049965
1536.04597348583,4050.800906392067,542941.2044725737,0.19679597369710636
1536.04597348583,4050.800906392067,556822.089180595,0.22573585554892495
1586.96546933247,4202.4462501764465,598830.0048304282,0.3385641444649928
1586.96546933247,4202.4462501764465,591147.3934792309,0.3158333021274949
1586.96546933247,4202.4462501764465,581063.6801369834,0.29520660221440354
1586.96546933247,4301.766275978136,626139.1153092276,0.4294994133890808
1586.96546933247,4301.766275978136,631340.2905761596,0.4080720636671484
1591.39697991323,4301.766275978136,660246.7584379023,0.42398794299701614
1591.39697991323,4301.766275978136,666893.2078019036,0.4179219435438679
1625.97497003228,4301.766275978136,670262.9414882759,0.3885688745007084
1625.97497003228,4301.766275978136,704008.534810043,0.4259246328431205
1625.97497003228,4301.766275978136,701517.7351457995,0.4334364815859279
1625.97497003228,4301.766275978136,705696.3027873721,0.4352122885741723
1625.97497003228,4301.766275978136,723048.8421037701,0.42102087510745995
1625.97497003228,4301.766275978136,734156.2731262883,0.4112492424258525
1625.97497003228,4301.766275978136,734402.1148971521,0.4106350652167037
1625.97497003228,4301.766275978136,730921.0292380789,0.4076291247184609
1677.68683595952,4301.766275978136,734596.7388545064,0.38385041829516936
1710.87868855773,4704.797056026637,790393.7726362477,0.48706586466210217
1713.40882804144,4704.797056026637,787768.3846672373,0.46032514156261295
1713.40882804144,4704.797056026637,787240.9993825015,0.46204699876011174
1713.40882804144,4704.797056026637,821881.824274129,0.47986174314714575
1713.40882804144,4704.797056026637,858935.5422824832,0.5158116952452959
1713.40882804144,4704.797056026637,879778.827532098,0.49742635504104415
1713.40882804144,4704.797056026637,900470.1997782406,0.486363257144597
1713.40882804144,4704.797056026637,938346.5926975681,0.4981614608987393
1713.40882804144,4704.797056026637,991426.7342338796,0.5357012309132674
1737.9530134358802,4704.797056026637,995965.1236515138,0.5060730571576398
1737.9530134358802,4704.797056026637,1045559.2557983792,0.5483389117192816
1789.75609798099,4704.797056026637,1073993.7687850697,0.5252405888173102
1789.75609798099,4704.797056026637,1095382.9306584706,0.5066631863085178
1804.53997687615,4743.467993420747,1147858.7701205432,0.5221514383361218
1804.53997687615,4743.467993420747,1189868.5996491124,0.5402472419436236
1804.53997687615,4804.848211768097,1243723.2421335548,0.5523262069460979
1817.05065831342,4804.848211768097,1263974.9897410988,0.5192177530479073
1839.6099916305104,4804.848211768097,1305230.182349897,0.50458842906607
1858.7267315366,4804.848211768097,1336041.3679174539,0.47872313120595833
1869.63668667237,4804.848211768097,1331460.3335334673,0.4604436200360343
1869.63668667237,5200.234313526487,1396824.2924507756,0.49420810421769173
1869.63668667237,5200.234313526487,1427981.7896530705,0.4741530086000033
1892.02360046518,5200.234313526487,1445223.4931199423,0.4423960558704656
1897.47055221303,5200.234313526487,1481188.7287894245,0.4205423890965674
1918.22027621047,5200.234313526487,1513219.7095174824,0.39533049779114365
1922.6569618519893,5200.234313526487,1513338.1049183814,0.36519442796494733
1922.6569618519893,5200.234313526487,1540469.2771271176,0.346312310389836
1932.0594443051896,5820.348234955347,1621678.3330789637,0.39016275672803113
1997.25083023495,5820.348234955347,1642235.3902187534,0.35832935958371237
2033.40674366894,5820.348234955347,1660219.2153759175,0.32676718622127565
2037.3516435177496,5820.348234955347,1680643.3143476427,0.30689149509381386
2039.3300848954104,5820.348234955347,1691389.7256960806,0.2839149506118587
2049.26503712292,5820.348234955347,1699021.3450752725,0.2510531085732544
2186.0893014931103,5820.348234955347,1704898.554281827,0.22108208255927
2201.59073551469,5820.348234955347,1735897.4644011992,0.19973534494885123
2290.89503219227,5820.348234955347,1757761.3490653334,0.17160100207178236
2309.2289691264605,5820.348234955347,1781969.2763052213,0.14517224249385183
2315.04854822557,5820.348234955347,1794423.877768214,0.1143511424650708
2326.87494276489,5820.348234955347,1763992.8022976622,0.09808665134478492
2409.61548445529,5820.348234955347,1781291.2791215037,0.0692853739705858
2411.83139719563,5827.653998122957,1829126.4758131679,0.09222197611190348
2417.12241578022,5827.653998122957,1812297.410167084,0.06595198127621886
2434.89760008638,5827.653998122957,1803903.2351699015,0.0354756153836936
2436.68657255673,5827.653998122957,1763927.3071566366,0.026261110623690565
2439.6223719338395,5827.653998122957,1760357.820540692,-0.005047424135244479
2504.9553889428303,5827.653998122957,1779814.3697044519,-0.01638930120979516
2562.53368610644,5827.653998122957,1766091.6997168364,-0.04261106773080615
2656.89938940682,5827.653998122957,1752482.5714279476,-0.0704782703573435
2721.40772723989,5827.653998122957,1750823.5828329108,-0.09615883189331782
2723.90311978784,5827.653998122957,1725503.5492811764,-0.11266431180579332
2861.63309697055,5827.653998122957,1733208.3804060395,-0.13310660511711142
2895.3689698974104,5459.141565211722,1714363.9379447158,-0.07038387950360339
2896.39944543464,5459.141565211722,1714191.2364931253,-0.08263601395996814
2936.81740334416,5459.141565211722,1687110.5664861256,-0.10553945986203603
2938.71084775417,5459.141565211722,1688946.3735846633,-0.13338624914697925
3002.14003885018,5459.141565211722,1666773.3249941855,-0.1491802166881269
3047.3658105646696,5459.141565211722,1637084.2939745928,-0.16802644311116158
3127.70049805362,5459.141565211722,1597465.4536710442,-0.17224441181296987
3128.44291807268,5459.141565211722,1575643.9737579466,-0.19557229516404523
3161.0731926757503,5459.141565211722,1570866.5865441926,-0.2259470818015985
3237.4883277497497,5459.141565211722,1523480.3408076903,-0.22978700945620162
3350.3209143892104,5459.141565211722,1491530.1472978136,-0.24891461292529118
3358.83036074036,5459.141565211722,1485532.869766169,-0.27624045898822447
3393.34981685291,5459.141565211722,1450554.3218216149,-0.29421340416205083
3419.76817523492,5459.141565211722,1440670.8985733462,-0.327074675556232
3434.12365812752,5459.141565211722,1432135.5657270656,-0.3591521647328798
3452.75793981838,5459.141565211722,1381436.8330230229,-0.35899402161634775
3453.9537028398804,5459.141565211722,1371887.4198101833,-0.38458287526117435
3521.9148669158203,5459.141565211722,1378966.748255432,-0.40811037071150913
3524.9127205219897,5459.141565211722,1356166.8950714914,-0.4310236917222905
3526.82035313182,5459.141565211722,1320712.563564944,-0.44610493431846643
3541.85796271567,5459.141565211722,1306241.2146973822,-0.462881190942564
3541.85796271567,5459.141565211722,1291294.4571036177,-0.48574320643458985
3569.35704152193,5459.141565211722,1276568.1856966557,-0.4948834798774466
3606.42419280205,5459.141565211722,1219518.1385715357,-0.4656748901434488
3622.48099746314,5459.141565211722,1192710.3542835363,-0.49229868131333504
3628.05415012445,5459.141565211722,1181295.4507492478,-0.5270295132630333
3633.42508665188,5459.141565211722,1133011.357529673,-0.5244968785856454
3633.42508665188,5459.141565211722,1103041.2079478472,-0.5445354069754357
3633.42508665188,5459.141565211722,1057195.508025836,-0.5116381303476547
3659.0673061391694,5459.141565211722,1036375.7914023392,-0.5420884508002443
3662.4313866390494,5459.141565211722,1023176.7540509175,-0.5614806656038261
3673.2126319120703,5459.141565211722,1010045.9174057631,-0.585193653630187
3673.2126319120703,5459.141565211722,974441.3840691623,-0.5939017755017006
3673.2126319120703,5459.141565211722,937683.804212854,-0.5935291859135343
3673.2126319120703,5459.141565211722,925699.7856311696,-0.6196331165730362
3732.4601571709495,5459.141565211722,906267.5340031489,-0.6523465745640764
3734.51187206258,5459.141565211722,883973.9385160238,-0.6822574226372546
3734.51187206258,4317.92455352685,785387.0032885165,-0.4181140194089292
3778.43409160827,4172.22627477423,740417.4210452422,-0.3623704791563363
3778.43409160827,4172.22627477423,729795.1557826607,-0.372107965335722
3778.43409160827,4172.22627477423,702465.3600472303,-0.3586188891415506
3784.28393293124,3696.5604518025602,660935.656355331,-0.2907114902780007
3803.6904974482095,3663.2635828739803,653742.1710600507,-0.24428525184558855
3803.6904974482095,3663.2635828739803,631056.7789187022,-0.20709183294611086
3803.6904974482095,3663.2635828739803,612067.4240121929,-0.15716071760191605
3803.6904974482095,3663.2635828739803,601244.7456590056,-0.15706520657531084
3803.6904974482095,3663.2635828739803,604923.6416949793,-0.15528042678445533
3803.6904974482095,3663.2635828739803,599824.0285082858,-0.1628375437950109
3803.6904974482095,3663.2635828739803,598496.7989305552,-0.16483822170035345
3803.6904974482095,3663.2635828739803,579129.746910181,-0.15336096669397328
3803.6904974482095,3663.2635828739803,588535.0977419257,-0.16881710245382783
3803.6904974482095,3506.02214621624,580338.9877627329,-0.13446301061949614
3803.6904974482095,3506.02214621624,565969.4995822747,-0.13733604450554815
3803.6904974482095,3506.02214621624,571264.6645978179,-0.11892593564289249
3803.6904974482095,3506.02214621624,577979.8622642076,-0.13798109411205237
3803.6904974482095,3506.02214621624,585149.7553086884,-0.16124311531033161
3803.6904974482095,3506.02214621624,583429.3271141306,-0.15632152345253164
3803.6904974482095,3506.02214621624,584705.6645383805,-0.1550164028779013
3784.28393293124,3506.02214621624,600113.8973063654,-0.14782840562487007
3784.28393293124,3506.02214621624,596878.9766915403,-0.1545599560740328
3784.28393293124,3506.02214621624,595969.8469479781,-0.15347552802646727
3741.3834976762,3506.02214621624,604594.1390706731,-0.12985100137938724
3741.3834976762,3506.02214621624,603453.5017919566,-0.127383033360473
3741.3834976762,3506.02214621624,619355.5861699848,-0.1311043842276006
3741.3834976762,3506.02214621624,626483.2979037645,-0.1431827067129768
3741.3834976762,3506.02214621624,616354.3111859055,-0.13512573507689732
3741.3834976762,3943.51959373924,651538.5154783571,-0.20324933973499318
3741.3834976762,3943.51959373924,633993.0986464202,-0.17429741792621548
3741.3834976762,3943.51959373924,649544.1327810774,-0.1984557114210994
3741.3834976762,3943.51959373924,655164.7169815451,-0.19495178468013794
3741.3834976762,3943.51959373924,667956.8765977576,-0.20912173165154635
3741.3834976762,4099.27792167881,692203.6161911709,-0.2912202740218129
3741.3834976762,4099.27792167881,700553.80804816,-0.29431048336643284
3741.3834976762,4099.27792167881,715822.2549186221,-0.32812154174597546
3732.4601571709495,4099.27792167881,717479.1066063372,-0.2953262615455776
3732.4601571709495,4099.27792167881,735536.166451544,-0.3393561433442013
3732.4601571709495,4490.15724529968,772264.6283912457,-0.4534363689539059
3702.535938132021,4490.15724529968,806140.9409343834,-0.4636258003949762
3673.2126319120703,4490.15724529968,834336.938620131,-0.4554183269424883
3673.2126319120703,4490.15724529968,868133.2965501945,-0.4693931060655958
3673.2126319120703,4490.15724529968,892131.3930315969,-0.46125457672926046
3662.4313866390494,4490.15724529968,921284.2425605669,-0.449363277351167
3659.0673061391694,4490.15724529968,942925.2114308567,-0.42866122529547435
3659.0673061391694,4490.15724529968,954057.0601854303,-0.426794987943701
3633.42508665188,4490.15724529968,989922.1845308584,-0.43211955967476395
3628.05415012445,4490.15724529968,1000667.0221285851,-0.4034653704321927
3628.05415012445,4490.15724529968,1022128.9356523324,-0.38564571963223965
3622.48099746314,4490.15724529968,1036283.2029347111,-0.35775649500420986
3617.79771017577,4895.361889982138,1092784.4653166167,-0.4057256100057408
3606.42419280205,4895.361889982138,1108727.0836522328,-0.3801760737249582
3606.0440435687897,4895.361889982138,1138126.6885308248,-0.3646840716182681
3594.16631573137,4895.361889982138,1141775.5788919895,-0.33161179499300597
3562.089660775129,4895.361889982138,1143559.0990739502,-0.30296625295213536
3545.56001197582,4895.361889982138,1149787.7562267778,-0.27975480118219426
3541.85796271567,4895.361889982138,1170102.7761243791,-0.28496995630319055
3524.9127205219897,4895.361889982138,1199576.8202100918,-0.2693113216009664
3521.9148669158203,4895.361889982138,1217763.3020693706,-0.24185761154934574
3453.9537028398804,4895.361889982138,1247531.699119718,-0.23084226930591178
3452.75793981838,4895.361889982138,1288744.6886398091,-0.23580038798595976
3434.12365812752,4895.361889982138,1297057.7033705993,-0.20973635166278704
3428.1210034328,4895.361889982138,1309895.0878028055,-0.1793869531122582
3383.51098609496,4895.361889982138,1276389.3418072928,-0.19205401298964705
3371.53243118419,4895.361889982138,1308516.9011840266,-0.18094840104307547
3358.83036074036,4895.361889982138,1326083.9679575488,-0.15363376336804704
3350.3209143892104,4895.361889982138,1346507.2137018575,-0.14110858020070907
3344.80133800265,4895.361889982138,1363029.1098447973,-0.11873897100880557
3279.47423624906,4895.361889982138,1371696.9402253397,-0.08870599795878609
3270.57380450983,4895.361889982138,1397675.628887053,-0.07113418170830103
3237.4883277497497,4895.361889982138,1407193.7852122702,-0.05367905172644431
3180.75905788028,4895.361889982138,1430106.9687791103,-0.037630056758965455
3128.40254457623,4895.361889982138,1449220.9043509122,-0.024475065126322176
3068.23507500034,4895.361889982138,1465472.3941360596,0.0012261479682823284
3010.51266915836,4895.361889982138,1465425.1586260458,0.012726450504206732
2965.47742318222,4895.361889982138,1472793.290029189,0.04138969696713875
2940.1230127663,4802.465906411878,1443255.4278438133,0.017637071806692956
2823.82638650219,4802.465906411878,1472482.9739331522,0.030457148331039612
2781.6263550873,4802.465906411878,1479656.3222149683,0.059491341279623536
2743.3033341834303,4802.465906411878,1491203.7554602092,0.08528981843933423
2740.62900767139,4802.465906411878,1487373.3645889,0.11654175375132485
2710.9133459606896,4802.465906411878,1460815.4226838076,0.13212444061876333
2703.25857501484,4802.465906411878,1448782.7259241238,0.15950241737628773
2650.13309207243,4802.465906411878,1438215.0872423963,0.18804101975971363
2645.632613229,4802.465906411878,1435282.51910378,0.2082903450912466
2554.52139080013,4802.465906411878,1422670.1810367107,0.2393637317560175
2496.32292033651,4802.465906411878,1389414.7531798084,0.25335687305195037
2450.03562336515,4611.758120724067,1334478.716760391,0.23262730523938707
2443.0560951356,4611.758120724067,1294610.4496534835,0.23578253434097254
2393.70276928722,4611.758120724067,1292532.5360754621,0.2669347127176255
2392.27224838282,4611.758120724067,1290777.0212302585,0.29934647983410345
2377.97515917421,4611.758120724067,1278323.5914657158,0.32185199759303346
2374.88135442248,4611.758120724067,1268512.3103478006,0.3541767744581393
2368.05291900555,4611.758120724067,1253875.2327565497,0.3848448810250308
2344.2156459527105,4611.758120724067,1249199.6158731761,0.4065776348888413
2338.16622014284,4611.758120724067,1238136.3395801934,0.4386808322372199
2312.22640328964,4611.758120724067,1235714.582618807,0.4707350302294461
2302.48489378944,4611.758120724067,1234958.0362624563,0.5026713142639142
2302.48489378944,4611.758120724067,1226213.4288840485,0.5150512297857744
2298.26151823034,4611.758120724067,1214847.9018636548,0.5481567137172059
2258.4272081724102,4611.758120724067,1204904.3093068688,0.5828616063592447
2250.0610805779897,4611.758120724067,1178338.684428377,0.6133171935692059
2242.30951173092,4611.758120724067,1166278.0960337196,0.6427034695604846
2242.30951173092,4611.758120724067,1158321.0694103686,0.6595149555042402
2236.54789368707,4611.758120724067,1111171.0326768437,0.6646225423253406
2236.54789368707,4611.758120724067,1076626.5941066605,0.6825708381050637
2220.49177014687,4611.758120724067,1051047.5328993557,0.7149177261723098
2220.49177014687,4611.758120724067,1003713.2664728033,0.6963144781729279
2220.49177014687,4611.758120724067,996849.5388783917,0.7173397381137434
2220.49177014687,4611.758120724067,942840.9233993848,0.6737031048815186
2220.49177014687,4611.758120724067,913522.1103932095,0.6524594281713518
2220.49177014687,4611.758120724067,893055.8979119825,0.669423837059689
2220.49177014687,4611.758120724067,867477.435860513,0.6878868046458338
2195.30817541698,4611.758120724067,850815.9718364852,0.7195583272827992
2195.30817541698,4611.758120724067,836476.4874680374,0.748887520756686
2192.7913804205104,4611.758120724067,834838.1479196396,0.7668595201224645
2192.7913804205104,4611.758120724067,812395.3908213597,0.7709792607561403
2171.61955172114,4611.758120724067,760742.7555650382,0.7295712288048299
2137.89955634472,4611.758120724067,711245.6934578808,0.6774811474180206
2137.89955634472,4611.758120724067,695329.8583312586,0.6970837083106066
2137.89955634472,4611.758120724067,695228.5039441673,0.697059528183619
2137.89955634472,4611.758120724067,684308.978374856,0.7014574887425391
2137.89955634472,4611.758120724067,656775.3218784732,0.6885173769729619
2137.89955634472,4611.758120724067,632806.3952049381,0.6391871644898628
2137.89955634472,4611.758120724067,619229.4594639104,0.6413340358067428
2137.89955634472,4611.758120724067,597845.6535931904,0.6141413768186511
2137.89955634472,4611.758120724067,594526.572597492,0.6143646552574138
2137.89955634472,4611.758120724067,598099.763697239,0.6212501492739211
2137.89955634472,4611.758120724067,596672.1096827606,0.6170508267618166
2137.89955634472,3226.655276674818,542699.0491212844,0.2522510221920178
2137.89955634472,3226.655276674818,555683.8156037481,0.28589206348064383
