1.380941,0.08904200000000007,0.0005207646187334596,0.7353699599821041
1.380941,0.08904200000000007,0.0005780145713837429,0.7086413004470442
1.380941,0.08904200000000007,0.0005795642618185255,0.6826241048359816
1.3824809999999998,0.08904200000000007,0.0005785495643327033,0.6768403085624901
1.380941,0.08904200000000007,0.0005822668858449906,0.7072459047794416
1.380941,0.08904200000000007,0.0005832381758827976,0.7151141234449989
1.380941,0.08904200000000007,0.0005820901605784497,0.7252592267742322
1.380941,0.08904200000000007,0.0005817159192551982,0.733567004111722
1.382082,0.08904200000000007,0.0005783206437920602,0.6628529241191569
1.3824809999999998,0.08904200000000007,0.0005747728961247638,0.5992431819340367
1.388519,0.08904200000000007,0.000566938484215501,0.5544147904815705
1.388519,0.08904200000000007,0.000541877666597354,0.5432269549069262
1.388519,0.08904200000000007,0.000487098638071834,0.6474377953900097
1.388519,0.08187000000000011,0.0004403169667674865,0.864252515936123
1.388519,0.07443500000000025,0.0004043364598638947,1.0239155471455457
1.388519,0.07443500000000025,0.0003911619368393203,1.0618620755429813
1.388519,0.07528800000000002,0.00039308443436673,1.0500882176137374
1.388519,0.08044099999999998,0.0004222720475614366,0.9021783171062888
1.388519,0.0830550000000001,0.00046301938935727776,0.7561116836748875
1.388519,0.18906500000000004,0.001483040992635161,2.539677754345518
1.388519,0.18906500000000004,0.0014763905180793953,2.6370517935596847
1.388519,0.18906500000000004,0.0014464431227674862,2.785162310820134
1.388519,0.18906500000000004,0.0014163288277807189,2.8978319893584423
1.388519,0.18906500000000004,0.0014017367213686204,2.937580953676582
1.388519,0.18906500000000004,0.0015631171003856338,2.5859510143605076
1.388519,0.18906500000000004,0.0016006506487599242,2.4063547604921602
1.389691,0.18906500000000004,0.001589055442767485,2.35651765709046
1.389691,0.18906500000000004,0.0015809481340718335,2.3618882980500184
1.389691,0.18906500000000004,0.0016068991457920609,2.3288554152044076
1.388519,0.18906500000000004,0.0016350489686086957,2.3274671166566443
1.384608,0.18906500000000004,0.0016580827370321362,2.3222029346694613
1.384608,0.18906500000000004,0.001697679819708884,2.3057981801663114
1.383788,0.18906500000000004,0.0017310484992703215,2.3014032837293286
1.3814879999999998,0.18906500000000004,0.0017756584852060486,2.2725376965442234
1.379283,0.18906500000000004,0.0018015531112703213,2.2610705449865356
1.374702,0.18906500000000004,0.0018317067351568993,2.249146360618135
1.374702,0.19164899999999996,0.0018684941951871447,2.207651457854482
1.374149,0.19532799999999995,0.001925645884714555,2.1554180258375726
1.371962,0.19532799999999995,0.0019382936395500934,2.158981614418441
1.373626,0.19532799999999995,0.0019281879276899807,2.1633169780764274
1.373626,0.19532799999999995,0.001915036882245746,2.1746820856411597
1.374149,0.19532799999999995,0.0018806894929981088,2.200598964880559
1.374149,0.11216199999999987,0.0007749663681134205,1.329471687777158
1.374149,0.11216199999999987,0.0008179098631304338,1.156104318027185
1.374149,0.11216199999999987,0.0008900577401625699,1.0167707559580714
1.374149,0.11216199999999987,0.0010394640410623802,0.9876134728276037
1.374149,0.11216199999999987,0.0011471890948582207,1.0230981431816504
1.374149,0.10654799999999987,0.000964176257553873,0.9557912956931596
1.374149,0.10654799999999987,0.0009381434567599224,0.9863719423428727
1.374149,0.10654799999999987,0.0009708959815916804,0.9154002081526941
1.374149,0.10654799999999987,0.0009706718687599225,0.8692803205219511
1.374702,0.10654799999999987,0.0009575944681701302,0.8591363908147893
1.374702,0.10654799999999987,0.0009574388000567087,0.8590321715627091
1.376724,0.10654799999999987,0.0009511478625141759,0.8500108722725502
1.379173,0.10654799999999987,0.0009285439090321344,0.8304644350968489
1.379173,0.10654799999999987,0.0009162035546465009,0.8287882794525904
1.379906,0.10654799999999987,0.000884334666366728,0.8357405521224566
1.380647,0.10654799999999987,0.0008587713861398849,0.8192362542371326
1.380647,0.10654799999999987,0.0008384264984877108,0.831287881401435
1.380647,0.10654799999999987,0.0008198534227221159,0.8703051744651303
1.380647,0.11753999999999998,0.0008636390261701314,0.7334052806610681
1.380647,0.11753999999999998,0.0009300940093232502,0.6298455489938846
1.380647,0.11753999999999998,0.0009736532369111522,0.5986380050044336
1.380647,0.11753999999999998,0.0010361858108620032,0.5305010591929293
1.380647,0.11753999999999998,0.0011105916988015114,0.4954081685699789
1.379906,0.11753999999999998,0.0011862256108241956,0.5553434300705828
1.379173,0.11753999999999998,0.0012011761588468796,0.7161253842251489
1.37657,0.11753999999999998,0.0011139882314971632,0.929177585564001
1.37657,0.11753999999999998,0.0008799785459092619,0.9942542145826292
1.37657,0.08628499999999995,0.0006076759129565213,0.5122561374447533
1.37657,0.07909300000000008,0.0005254246772438564,0.33584811339970455
1.37657,0.08057899999999996,0.0005408546806465028,0.38487713852074706
1.37657,0.08464099999999997,0.0005644861192098292,0.46074610556440126
1.37657,0.08464099999999997,0.0006352660415311902,0.4842818744662655
1.37657,0.08464099999999997,0.0006577075107485814,0.3838732283745089
1.3771129999999998,0.08464099999999997,0.0006570873301512281,0.3700201552054994
1.37657,0.08464099999999997,0.000657148493062381,0.3895749505158934
1.37657,0.08464099999999997,0.0006647752671568991,0.3467802256927506
1.3771129999999998,0.10707500000000003,0.0008778699625066158,0.5188666642428726
1.3771129999999998,0.10707500000000003,0.000893178230124763,0.42873650414126374
1.3769209999999998,0.10707500000000003,0.0008937946198223058,0.4685138163982837
1.3771129999999998,0.10707500000000003,0.0008928316592173908,0.42998465995051816
1.3771129999999998,0.10707500000000003,0.0008925797737655949,0.4297365403532845
1.3771129999999998,0.10510599999999992,0.0008859859910321351,0.4403290253822967
1.3771129999999998,0.12022600000000017,0.0009566886729981094,0.313821329070246
1.3771129999999998,0.12022600000000017,0.0010153227604536858,0.26520250371057014
1.3771129999999998,0.12022600000000017,0.0010325532278790167,0.2524576953401221
1.3771129999999998,0.12022600000000017,0.0010107657811871452,0.25579150955844926
1.3771129999999998,0.12022600000000017,0.0009971329731568994,0.26207874582937574
1.3771129999999998,0.12022600000000017,0.0009838242818525516,0.2649301929837834
1.3771129999999998,0.12022600000000017,0.0009790006821285442,0.24955785747694817
1.3771129999999998,0.6616710000000001,0.01645804161364461,4.051331708645299
1.3771129999999998,0.9752760000000003,0.04991145691703971,3.0502172030316146
1.3771129999999998,0.9752760000000003,0.07347072310823063,2.264985946715987
1.3771129999999998,0.9752760000000003,0.08281660770995462,1.850704603309126
1.3771129999999998,0.9752760000000003,0.08339267945294519,1.7368199162556295
1.3771129999999998,0.9752760000000003,0.0831246885714102,1.7275723063281374
1.3771129999999998,0.9752760000000003,0.08285604154318338,1.7239677766438815
1.38565,0.9752760000000003,0.08252357071514935,1.7233406328848608
1.38565,0.9752760000000003,0.08249590518854821,1.7234423432056782
1.378279,0.9752760000000003,0.08282768633947447,1.722501529029104
1.3769209999999998,0.9752760000000003,0.0835910254963743,1.730340912139941
1.3769209999999998,0.9752760000000003,0.08380283789212477,1.731047370532552
1.372499,0.9752760000000003,0.08390670175982229,1.7307371561410787
1.372499,0.9752760000000003,0.08391533102623062,1.7307498790836942
1.378279,0.9752760000000003,0.08291829774955765,1.7065021401337082
1.381178,0.9752760000000003,0.0821610019792363,1.7100099208911925
1.381178,0.9685970000000002,0.08179664254469567,1.7151128258354247
1.381178,0.963246,0.08150211464854822,1.7190506568595665
1.381178,0.9602320000000002,0.08145479022214368,1.7197225243096408
1.381178,0.9602320000000002,0.08147862408121362,1.7194474700779894
1.384877,0.9602320000000002,0.08097218001596598,1.7234460059052819
1.384877,0.9602320000000002,0.08081531913539132,1.7251778438786385
1.384877,0.9602320000000002,0.08109644796367109,1.7222951349112863
1.381178,0.9602320000000002,0.07211561714077128,2.1248934130773596
1.381178,0.8580080000000001,0.042734771353988656,2.6487032456201067
1.381178,0.6175330000000001,0.017520909906548202,3.1372733870587055
1.381178,0.30684900000000015,0.004253233553905482,2.6712855769154764
1.381178,0.15531800000000007,0.001347081119584119,1.4829130991763009
1.381178,0.15531800000000007,0.0011684259653686184,1.5716853914021072
1.381178,0.15531800000000007,0.0011872248859848753,1.54963957616998
1.381178,0.15531800000000007,0.0012016854514669173,1.5090857460676323
1.38178,0.15531800000000007,0.0011988578545141764,1.4748549609611852
1.38178,0.15531800000000007,0.0011844270037240062,1.4729589929936675
1.38178,0.15531800000000007,0.0011729165558979195,1.466402385917084
1.38178,0.15531800000000007,0.0011741314763440444,1.4709332440301082
1.38178,0.15531800000000007,0.0011608617338979197,1.461471494056486
1.381767,0.15531800000000007,0.001162139256052929,1.470718413184133
1.379826,0.09034500000000012,0.0005891455736030238,0.42273663286998603
1.379402,0.09034500000000012,0.000575365721035916,0.59539333593687
1.379402,0.09034500000000012,0.0005495540399886569,0.6257337836414512
1.379402,0.09034500000000012,0.0005715057735841198,0.5620948560254226
1.379402,0.10659900000000011,0.0006339323178109629,0.2991630585341045
1.379402,0.10659900000000011,0.0007126725866805277,0.11671336857011544
1.3793,0.10659900000000011,0.0007908754063402627,0.17317733896707863
1.3793,0.10659900000000011,0.0008326654433837411,0.19257769425971852
1.3793,0.10659900000000011,0.0008460333434480138,0.1922571427919319
1.3793,0.10659900000000011,0.0008601973779546302,0.19960274271145068
1.3774879999999998,0.10659900000000011,0.0008727946788620024,0.2931886077186679
1.375456,0.10659900000000011,0.0008616077536068041,0.3713343565610297
1.375456,0.10659900000000011,0.0008196818125860105,0.4604194224774275
1.375456,0.10659900000000011,0.0008096535210623811,0.4605457504278506
1.375456,0.10659900000000011,0.0007448139318827966,0.36689888491064504
1.375456,0.0940930000000002,0.0006824741932967858,0.18174629891226743
1.375456,0.0940930000000002,0.0006986744578109629,0.2138772810612761
1.375456,0.101491,0.0008315616586502821,0.3325401688741831
1.3774879999999998,0.101491,0.0008510938089073708,0.2510186743380341
1.378896,0.101491,0.0008515665402495257,0.24462940145876977
1.378586,0.101491,0.0008512811265103955,0.2478655206884571
1.378586,0.101491,0.000859916231553874,0.2051659394600936
1.378586,0.101491,0.0008645314405633259,0.18184705029330098
1.378586,0.101491,0.0008792070690207931,0.12558348864514213
1.378896,0.101491,0.0009051415733005661,0.001237577660262829
1.379661,0.101491,0.0009156479691493376,-0.1140507906253272
1.386653,0.101491,0.0008735097880378065,-0.24450406965987442
1.386653,0.10003299999999982,0.000753720526052929,-0.2600470440060149
1.386653,0.09540099999999985,0.0006386866124272206,-0.16299382147443672
1.386653,0.0864729999999998,0.0005640140588393189,0.005605456757156201
1.386653,0.083345,0.0005219904945595459,0.1090449437731619
1.386653,0.08067599999999997,0.0004820879363137987,0.21746276744445892
1.386653,0.09183299999999983,0.0005229199410623803,0.03681928751267477
1.386653,0.09678399999999998,0.0006050914941663505,-0.19524060845041963
1.386653,0.09678399999999998,0.0006751528554442332,-0.1981567051695008
1.386653,0.09678399999999998,0.0007023607652967852,-0.11843432153343389
1.379289,0.09678399999999998,0.0006758613479924376,-0.01655706241626394
1.379289,0.09678399999999998,0.0006370616434328919,0.007573277072696436
1.379289,0.09678399999999998,0.0005670289971871447,-0.07601081714512373
1.379289,0.09678399999999998,0.0005265903133875229,-0.16415093926480356
1.379289,0.08785200000000026,0.0004897703130699438,-0.3706530343462172
1.379289,0.10374000000000017,0.0006253519356030254,0.08146232850347315
1.386653,0.10374000000000017,0.0006605099115841219,-0.015056259262097381
1.387276,0.10374000000000017,0.0006700714775576567,-0.09724054186639762
1.387276,0.10374000000000017,0.0006690520446654072,-0.08895824641130812
1.386653,0.10374000000000017,0.0006679651359924393,-0.07212803834595702
1.386653,0.10374000000000017,0.0006757261668204167,-0.08999853709097323
1.386653,0.10374000000000017,0.0006632066976181481,-0.0640179569543697
1.386653,0.10374000000000017,0.0006613132143667305,-0.058967206478972634
1.3876540000000002,0.10374000000000017,0.0006799803237277892,-0.11516684345785712
1.392114,0.10374000000000017,0.0006864172188393203,-0.18819889961149192
1.392114,0.10374000000000017,0.0006790053488695659,-0.25648381558903205
1.392114,0.10374000000000017,0.000651508586026466,-0.3132264776624257
1.392114,0.10374000000000017,0.0006272551938449919,-0.35685431767363285
1.392114,0.10374000000000017,0.000617079088000001,-0.37386504843740226
1.392114,0.10374000000000017,0.0005452360385746703,-0.27321180275761675
1.392114,0.0948,0.00045476039860491537,0.05558537159924767
1.392114,0.07941900000000013,0.00039593498319470737,0.348957696455325
1.392114,0.078098,0.0003838336678525525,0.4000309015384587
1.392114,0.078098,0.00038076465248771307,0.38197257125602546
1.393217,0.078098,0.00041015990134215526,0.2915258012957586
1.393217,0.078098,0.00048047346215122916,0.3079271479103957
1.393217,0.078098,0.000540771419553876,0.31606533016118643
1.393217,0.078098,0.0005480370543364837,0.3202591467706522
1.393217,0.09990599999999983,0.000652623275342154,0.669724031100137
1.393217,0.09990599999999983,0.0007931329597580326,0.7023625328878078
1.393217,0.09990599999999983,0.0008186260994669168,0.5920479029653682
1.395245,0.09990599999999983,0.0008152465501285428,0.5517210173196853
1.395358,0.09990599999999983,0.0008078013920529286,0.5098493946728584
1.395358,0.09990599999999983,0.0008075748710699417,0.5151794586435089
1.395358,0.09990599999999983,0.0008071882906843087,0.5095463707489309
1.395358,0.09990599999999983,0.0008073086974555751,0.5121729076088161
1.395358,0.09990599999999983,0.0008107151796030231,0.48917914703373516
1.394644,0.09990599999999983,0.0008114530687523617,0.500080642564725
1.394644,0.09990599999999983,0.0008060217109829852,0.4800884010023049
1.394644,0.09990599999999983,0.0008026100843856316,0.480239434294555
1.394644,0.10737099999999988,0.0008645028438979187,0.3813494538771381
1.394644,0.10737099999999988,0.0008976921487523617,0.34101946675969613
1.394644,0.10882299999999989,0.0009371522961058594,0.2829530675624137
1.394644,0.11212399999999989,0.0009824355299886572,0.21862964566958856
1.394644,0.11752600000000002,0.0010570768584196601,0.12766312669643526
1.394644,0.11775399999999991,0.001135594258846881,0.06276419921957962
1.394644,0.11775399999999991,0.0012390456094328924,0.07248008163806616
1.394543,0.1211549999999999,0.0013305125066729684,0.19031941994646095
1.392794,0.1211549999999999,0.0012614956061663518,0.35277469717535226
1.390563,0.1211549999999999,0.0012073954625633266,0.5381928301201496
1.375893,0.1211549999999999,0.0011346899177315693,0.7216103889685298
1.371991,0.11526499999999995,0.0008516058337391313,0.6364646176636265
1.371991,0.08222599999999991,0.000584268760998111,0.12188120844046874
1.371991,0.07015800000000016,0.0004849054040831777,-0.007478640890694716
1.371883,0.07015800000000016,0.0004531685748620052,0.06533759362625377
1.368901,0.07015800000000016,0.0004237513971682433,0.17484802595131113
1.368263,0.07015800000000016,0.000387022285187147,0.3143744241833252
1.3661709999999998,0.07015800000000016,0.0003520641997807196,0.4254339678513592
1.3661709999999998,0.07015800000000016,0.00032642420038563454,0.41921829338214434
1.3661709999999998,0.062219000000000024,0.0002993622954669194,0.23161951937527245
1.3661709999999998,0.10513799999999995,0.000526844940593573,1.4604675668509681
1.3661709999999998,0.13564299999999996,0.0009838348732967865,1.9161363683571828
1.3661709999999998,0.13564299999999996,0.001168926889194707,1.5682324025189893
1.368263,0.13564299999999996,0.0011665243036370512,1.4290591154987002
1.368263,0.13564299999999996,0.0011729899185746696,1.4258455617479195
1.368263,0.13564299999999996,0.0011727950430207939,1.4260335743229304
1.368263,0.13564299999999996,0.001175713368162571,1.4220960877951505
1.368263,0.13564299999999996,0.0011792807821134216,1.415756446014453
1.368263,0.135845,0.0011903169413875236,1.3954593794043921
1.368263,0.13676299999999997,0.0012086650132136106,1.363668997333728
1.368263,0.14659,0.0012483762593610587,1.2822300127357487
1.3661709999999998,0.14659,0.0012995276453799623,1.2765030176757077
1.3661709999999998,0.14659,0.0013212595535538757,1.265222176544363
1.365313,0.14659,0.0013287883252438564,1.288140982867472
1.365313,0.14659,0.001328954473069943,1.2820030813083945
1.365313,0.14659,0.001328411062510397,1.2860016805486933
1.365313,0.14659,0.001349948838601134,1.2022109316497864
1.365313,0.14659,0.0013709270201134219,1.1032661129595656
1.365313,0.14659,0.0013719598523440455,1.04430711137301
1.373641,0.14659,0.0013714227835349715,0.9251606034040872
1.377936,0.14659,0.0013763105849565215,0.8319849728630003
1.377936,0.14659,0.0013800578105746693,0.8095786343968219
1.377936,0.14659,0.0013627060912930055,0.8565967340630177
1.377936,0.14659,0.0011637749404045368,1.0150310282799302
1.377936,0.11025700000000005,0.0007172305744310023,0.3208753222769233
1.377936,0.06831699999999996,0.0005209111592551989,-0.2768930065872262
1.377936,0.0680550000000002,0.0004965776915047266,-0.29329647680836046
1.377936,0.0680550000000002,0.0004870866072703222,-0.375443703886929
1.377936,0.0680550000000002,0.0004759712286843109,-0.43130323537199144
1.377936,0.0680550000000002,0.00046034714649905546,-0.47567994442638195
1.377936,0.0680550000000002,0.0004247707406654069,-0.5937616826825879
1.377936,0.0680550000000002,0.0003813411768090742,-0.6785728351602253
1.377936,0.0680550000000002,0.0003376808697051043,-0.70586780612944
1.377936,0.05632500000000018,0.0002471370201436674,-0.5115428981442252
1.377936,0.05200600000000022,0.0001918251547599244,-0.38891990372589014
1.378068,0.03883600000000009,0.00014829112170888447,-0.20626469817449303
1.379739,0.03883600000000009,0.00013438918390926285,-0.3423115047639337
1.382148,0.03883600000000009,0.00013896363805293016,-0.4591509867776091
1.3822450000000002,0.04292899999999977,0.00015597425077504707,-0.4205933086546417
1.3822450000000002,0.04292899999999977,0.00015170763823062368,-0.4452881629797583
1.3822450000000002,0.04292899999999977,0.0001489435497920602,-0.4667225459803422
1.3822450000000002,0.04292899999999977,0.00016395324068052908,-0.41922327907562484
1.382148,0.04292899999999977,0.00015657917489602996,-0.31795109206718974
1.379739,0.04292899999999977,0.00015586996264650265,-0.14563252023816559
1.378068,0.04292899999999977,0.00015976534706994326,0.0237419517133693
1.375628,0.04292899999999977,0.00015593153212854443,0.1796284693014646
1.375628,0.13280000000000003,0.0006828730459886587,2.9293636634717832
1.375628,0.13280000000000003,0.000684034311780719,2.941303838465148
1.375628,0.13280000000000003,0.0006842242794291124,2.9337706630786085
1.374156,0.13280000000000003,0.0006873427987788287,2.9616793214981034
1.374156,0.13280000000000003,0.0006817209523175812,2.9741752337205827
1.375628,0.13280000000000003,0.0007244493988960308,2.5794630035062798
1.375773,0.13111300000000004,0.000690351438253309,2.685512709900736
1.375773,0.14293600000000017,0.0007406787906918726,2.403040575105771
1.375773,0.14293600000000017,0.0007540231091266548,2.3461053174044486
1.375773,0.14293600000000017,0.0007602962564612491,2.3175697269654787
1.375773,0.14293600000000017,0.0007972529251947082,2.1953743014081426
1.375773,0.14293600000000017,0.0008486423945973548,2.042183765962985
1.375628,0.15755600000000003,0.0009509652554669196,1.7658930229217187
1.372754,0.15755600000000003,0.00098251442389036,1.7908496769531823
1.372297,0.15755600000000003,0.0009862554662797742,1.8910205660566557
1.372297,0.15755600000000003,0.000963506556071835,2.0223753093122787
1.372297,0.15755600000000003,0.00095384205278261,2.09095629266944
1.372297,0.15755600000000003,0.0009396560092892263,2.2007406843340833
1.372297,0.15755600000000003,0.0009160514763440466,2.3354773031487635
1.372297,0.15755600000000003,0.000928395704540644,2.2320613410817054
1.372754,0.15755600000000003,0.0009265121633761826,2.187155207507352
1.372754,0.15755600000000003,0.000928475542431003,2.187400454177743
1.372754,0.15755600000000003,0.0009326181584763714,2.197043316927502
1.372297,0.08887599999999996,0.0003364681946956522,0.4403488659802484
1.372297,0.08887599999999996,0.00033813518562192824,0.42306653777596126
1.372297,0.08887599999999996,0.0003295511308015124,0.4976207202538948
1.3724690000000002,0.08887599999999996,0.00033092348450661636,0.4741339052646722
1.3724690000000002,0.08887599999999996,0.0003309514272098299,0.47352074296501506
1.3724690000000002,0.06313400000000002,0.00024349237393950874,-0.39359924448745937
1.3724690000000002,0.06313400000000002,0.00023485495950472619,-0.38802893965051
1.3724690000000002,0.06313400000000002,0.0002157729099319472,-0.45017910466860084
1.3724690000000002,0.06313400000000002,0.00021017945347448036,-0.5878944270237335
1.372835,0.07247899999999996,0.00025113650381096414,-0.3540558326843825
1.372835,0.07247899999999996,0.0002350046546616258,-0.46553924439301636
1.372835,0.07247899999999996,0.00020751177314933845,-0.5307486559946868
1.372835,0.05328200000000005,0.0001322881141436676,0.5477446860345762
1.372835,0.04279500000000014,0.00011430785172778855,0.9463846338043763
1.372835,0.04295800000000005,0.00011450205467296805,0.942705563438846
1.3724690000000002,0.04785600000000012,0.00012747834551606838,0.8769705263060915
1.3723040000000002,0.04785600000000012,0.00012633883886200423,1.023693489979985
1.3723040000000002,0.04785600000000012,0.00012613871756143706,1.035640209692149
1.3723040000000002,0.04785600000000012,0.00013663294090737282,0.9593096055269643
1.3723040000000002,0.04785600000000012,0.00012419306264650323,1.0920406605097968
1.3723040000000002,0.04785600000000012,0.00012689902272211757,1.0347185576344566
1.3724690000000002,0.04785600000000012,0.00013078576334593612,0.8318138092016598
1.372835,0.04785600000000012,0.00012613155570888505,0.7522346817799643
1.372835,0.04785600000000012,0.00012478798030245782,0.7458278550859069
1.3724690000000002,0.04785600000000012,0.00012514848528922528,0.8322018722510953
1.372835,0.04785600000000012,0.0001257936859017017,0.7519954234287163
1.372835,0.04785600000000012,0.00013480786280907419,0.6075253679180296
1.375233,0.04785600000000012,0.00014304780918336527,0.446923553731139
1.375233,0.04785600000000012,0.0001377742245935731,0.43296251448139267
1.375233,0.04785600000000012,0.00013981919251417803,0.3469521385902582
1.377661,0.04785600000000012,0.00014463840970888527,0.2153381121621365
1.3782370000000002,0.04785600000000012,0.00014338306419281734,0.1416369336939506
1.3782370000000002,0.03958000000000017,0.00011347559956143725,-0.09749831398315947
1.3782370000000002,0.03958000000000017,0.0001114852341928172,-0.15763585706590474
1.3782370000000002,0.03958000000000017,0.00011915554999621989,-0.1732819798997667
1.3782370000000002,0.03958000000000017,0.00012739446656332746,-0.19110007459554582
1.3782370000000002,0.03958000000000017,0.00013546679980340292,-0.24981855699205327
1.3782370000000002,0.045427000000000106,0.00015479707511531222,-0.417360959009598
1.3782370000000002,0.045427000000000106,0.0001409290878790173,-0.4117594665638043
1.3782370000000002,0.045427000000000106,0.00013900426170888492,-0.44166165308881333
1.3782370000000002,0.045427000000000106,0.00014351304904347846,-0.35025196466373004
1.377661,0.045427000000000106,0.00014416582755387552,-0.2046739419214639
1.375828,0.045427000000000106,0.00014852304099432912,-0.07360865521036619
1.370801,0.045427000000000106,0.00014715211306238213,0.07208556487666028
1.370801,0.045427000000000106,0.00013887599616257122,0.09374584357759184
1.370801,0.045427000000000106,0.00014211867457466948,0.055229834537742876
1.375828,0.045427000000000106,0.00014216719303213635,-0.028639979608449988
1.375828,0.045427000000000106,0.00014161878964461273,-0.06972316921022663
1.375828,0.045427000000000106,0.00014081651699810992,-0.04961452172527005
1.375828,0.045427000000000106,0.00014431565836672976,-0.021883946042565577
1.375828,0.045427000000000106,0.00015095731176559566,0.033288314022294915
1.375828,0.0524960000000001,0.00017401103199243893,0.2641872078788212
1.375828,0.05753199999999992,0.00021743758020037812,0.4567681070382393
1.375828,0.05753199999999992,0.0002308498633761813,0.49578412544130457
1.375828,0.05753199999999992,0.00024009619778071813,0.41241026453165397
1.375828,0.05753199999999992,0.00024254746712665392,0.3634273317312802
1.375421,0.05753199999999992,0.00024258170590548192,0.3667452715004274
1.3769280000000002,0.05753199999999992,0.00023264130308128526,0.25953375832456044
1.3769280000000002,0.05753199999999992,0.0002222973127334593,0.25959832806138894
1.3769280000000002,0.05753199999999992,0.00021175430408317596,0.31201505098779575
1.3769280000000002,0.06120999999999999,0.00022129192125519884,0.19385172156268762
1.3769280000000002,0.06932399999999972,0.00028271394910018855,-0.2039867803542642
1.3769280000000002,0.06932399999999972,0.00029991082547826053,-0.14925202763590922
1.3769280000000002,0.06932399999999972,0.0002961107444196595,-0.19083993310461228
1.3769280000000002,0.06932399999999972,0.0002832481760718333,-0.27375618717963773
1.377502,0.06932399999999972,0.0002820469151077501,-0.4395974723512002
1.377502,0.06932399999999972,0.0002850459780756139,-0.42378093800741806
1.3769280000000002,0.06932399999999972,0.0003053277692741018,-0.2947123408279043
1.376888,0.06932399999999972,0.000303775346801512,-0.25361115562630143
1.376888,0.06932399999999972,0.0003042405782495271,-0.27279863057308057
1.3769280000000002,0.06932399999999972,0.00030384980709640796,-0.29534213793399344
1.376948,0.06932399999999972,0.0003167230494102078,-0.3653672384940344
1.376948,0.06932399999999972,0.0003184792356181473,-0.36550962503919654
1.376948,0.06932399999999972,0.00031841866511909245,-0.3655586065521662
1.376948,0.06932399999999972,0.00031130764988279746,-0.3964542079671158
1.376948,0.0638789999999998,0.0002878499244234403,-0.5394447747658606
1.376948,0.06378899999999987,0.0002876549258979207,-0.540794842932156
1.376948,0.06378899999999987,0.00029649538614366725,-0.517889215015615
1.376948,0.06378899999999987,0.000296119307637051,-0.5144837306305057
1.376948,0.06378899999999987,0.0002963971361058601,-0.5047782214603921
1.376888,0.06378899999999987,0.0002961174258903591,-0.4412983010194559
1.376948,0.06378899999999987,0.000293363558389414,-0.5114278047045435
1.376948,0.06378899999999987,0.0002843527585935727,-0.6096989797813603
1.376948,0.06378899999999987,0.0002529031883327029,-0.5595554938660623
1.376948,0.04633100000000012,0.00019634415559168267,-0.08664028111364434
1.376948,0.047184000000000115,0.00019813967060491514,-0.10097482311673296
1.376948,0.047184000000000115,0.00020356230758412122,-0.07116957138072687
1.376948,0.047184000000000115,0.00020469546960302486,-0.05484400431489003
1.376948,0.047184000000000115,0.00020155219611342189,-0.03653910557873115
1.378157,0.22130500000000008,0.0017977746677051046,3.712663391311274
1.380188,0.22130500000000008,0.0017509963882268444,3.7633855545343633
1.383574,0.22130500000000008,0.0017453110836370518,3.71914604215945
1.386645,0.22130500000000008,0.0017532827693837439,3.608265888215903
1.393257,0.22130500000000008,0.0017442242746049156,3.571778842405839
1.391055,0.22130500000000008,0.0017442413524877145,3.5829158723082695
1.391055,0.22130500000000008,0.0017731835233610598,3.4258799363654493
1.391055,0.22130500000000008,0.0017773940491304357,3.3834787676103373
1.391055,0.22130500000000008,0.0018658357063440466,3.0734426268243054
1.391055,0.22130500000000008,0.002022125769708886,2.6577400159232902
1.391055,0.22130500000000008,0.0022782400989565226,2.20947731101275
1.391055,0.22130500000000008,0.0025370079285141805,1.8313530914833096
1.394125,0.22130500000000008,0.0027935815717655983,1.4959679141363829
1.397452,0.22130500000000008,0.0028316400745066195,1.3041253255566883
1.3983450000000002,0.22130500000000008,0.0028164590493005705,1.1541980163490284
1.40401,0.22130500000000008,0.0028255965296030273,0.9848226051042253
1.409018,0.22130500000000008,0.0028148573066465055,0.8208054651766478
1.419189,0.22130500000000008,0.002662046144998112,0.7436690976552442
1.440546,0.22130500000000008,0.002482008975432895,0.6863774183768973
1.454056,0.2100740000000001,0.002222515379584123,0.7273219695361053
1.456656,0.20419500000000013,0.002011058840385635,0.7444238006072452
1.45747,0.18958500000000011,0.002062502161096409,0.7177810952357278
1.460351,0.1851750000000001,0.0022829221336294904,0.6765184181212125
1.460351,0.17025400000000013,0.0021372666035311917,0.5417773181090989
1.461466,0.21392800000000012,0.002848416897020796,0.8423343332513139
1.461466,0.21392800000000012,0.0027370016431153134,0.904882802719782
1.461466,0.21392800000000012,0.002834884012922497,0.835680125824666
1.461466,0.21392800000000012,0.002803092911652176,0.8566455707491186
1.461466,0.21893399999999996,0.0028366832473572796,0.8279187414502613
1.461466,0.21893399999999996,0.002982442874563329,0.7514960459920061
1.461466,0.21893399999999996,0.0030552197914707016,0.7111347748130031
1.461466,0.21893399999999996,0.003162404798896032,0.7112771343798527
1.461466,0.21893399999999996,0.003304284203648396,0.7416710226924512
1.460351,0.21893399999999996,0.003401033262476373,0.8331185028735172
1.456656,0.21893399999999996,0.003469838657323253,0.9427816862298545
1.454056,0.21893399999999996,0.0034244189837655983,1.0660386949728964
1.454056,0.21893399999999996,0.003441897697474483,1.0303802681422394
1.4476129999999998,0.21893399999999996,0.0034426278391833666,1.0443526204994555
1.437306,0.21893399999999996,0.0034553896177315717,1.1088015347207014
1.430431,0.21893399999999996,0.003461391295792062,1.1901076478874024
1.430431,0.21893399999999996,0.0034680448579848797,1.2372065977387354
1.430431,0.21893399999999996,0.003458860507429114,1.288789977418917
1.430431,0.21893399999999996,0.0034587179577277908,1.3546073456876435
1.430431,0.21893399999999996,0.003439346404105863,1.4000386478894609
1.430431,0.21893399999999996,0.003255106978332706,1.4897320310353208
1.430431,0.21893399999999996,0.0030035443205595476,1.5450953988693876
1.430431,0.21893399999999996,0.0027252352483667303,1.559420054999613
1.430431,0.15073999999999987,0.0019453524215614362,0.9945577694442247
1.431157,0.15073999999999987,0.0022837936688393187,0.8004138406040565
1.433451,0.15073999999999987,0.0023460092408620035,0.6183367497374906
1.437306,0.15073999999999987,0.002367962822226842,0.4376316244852703
1.441622,0.145621,0.002197501904064272,0.35647499475981576
1.4476129999999998,0.1453819999999999,0.002105024599213611,0.23335957723271195
1.450869,0.13274999999999992,0.0018881488105860118,0.20339678705601877
1.458139,0.13274999999999992,0.0017472248482797736,0.180397348057543
1.466267,0.128876,0.0015667445916899819,0.18333565321226244
1.466267,0.12870500000000007,0.0014066535602873349,0.2473743392709758
1.466267,0.10858400000000001,0.001243221435863894,0.3846279575336567
1.466267,0.10858400000000001,0.001192995148994329,0.37268882306106854
1.464133,0.10858400000000001,0.0011976793343175805,0.405353604031745
1.464133,0.10858400000000001,0.0011779070263024573,0.3917185082306071
1.464133,0.10858400000000001,0.001183476583648393,0.3850921164209031
1.464133,0.15164599999999995,0.0014348129529111527,-0.05776715246355965
1.464133,0.16001200000000004,0.0017626001558525522,-0.351346084066374
1.464133,0.16632399999999992,0.0021512069610359163,-0.4846388777264585
1.464133,0.17388500000000007,0.0025594597645935734,-0.563456172689089
1.464133,0.17388500000000007,0.0029633271250321365,-0.507514316452639
1.459745,0.18031200000000003,0.003339238958635161,-0.37096232011825786
1.458139,0.18493999999999988,0.003561135681644613,-0.24601761180503465
1.458083,0.18796900000000005,0.003616699813455576,-0.15030384285268733
1.45411,0.182045,0.0033698438402533083,-0.07213200766642133
1.452033,0.16196900000000003,0.003034174196170133,-0.013073357920151813
1.429009,0.15940900000000013,0.002770610700487713,0.09573841048261211
1.385143,0.15940900000000013,0.002550132829383744,0.22388583187941766
1.380645,0.15940900000000013,0.0023884059385860124,0.3919552096149171
1.380645,0.12702900000000006,0.001953525149274103,0.38947660443979315
1.378883,0.11744700000000008,0.0017624586382268437,0.5467697434560811
1.376777,0.11744700000000008,0.0016414107657655957,0.7477089976767776
1.376777,0.115313,0.0014218359566351608,0.9370881425532033
1.376777,0.115313,0.0012488254772589791,1.161675901819918
1.376777,0.115313,0.0010709626649754258,1.3943008796659295
1.376777,0.115313,0.0008490630364914934,1.5425580751788053
1.376777,0.10926300000000011,0.0005851976489224958,1.4787417999433092
1.376777,0.08018900000000007,0.00036877223127410253,0.7128546487766196
1.376777,0.06359700000000013,0.00027059570530056745,0.2725992182212638
1.376777,0.06616100000000014,0.00032548611877504784,0.35481194164414803
1.378883,0.06616100000000014,0.0003741647825179592,0.2821665678792904
1.380645,0.07429700000000006,0.0004404246869413996,0.24526959962400455
1.381472,0.1021700000000001,0.0006056330604536868,0.6050330169564724
1.384669,0.1021700000000001,0.0006416125481436682,0.4219407784222229
1.391146,0.1021700000000001,0.0006634397718109649,0.3122669272247391
1.39224,0.1021700000000001,0.0006103115941663526,0.25181600825013134
1.394569,0.08282499999999993,0.0005255018077958419,0.3400116344789378
1.405632,0.08222400000000007,0.0004859031596710783,0.2576872736358197
1.405831,0.08222400000000007,0.0004599043777655964,0.15055909036640103
1.4082290000000002,0.08222400000000007,0.0004391473395500953,0.03963214651173018
1.408867,0.08222400000000007,0.00039446709395463207,-0.03638501878960321
1.408867,0.08222400000000007,0.000362998982896031,-0.08514776180806496
1.409549,0.08222400000000007,0.00035247935497542606,-0.1928575007610391
1.410748,0.08222400000000007,0.0003050000708620044,-0.17290567053110273
1.412417,0.06951799999999997,0.00023439406162192847,0.14529689179839267
1.412908,0.06632100000000007,0.00019866277127032175,0.2659458312506503
1.414017,0.05875000000000008,0.00018152633293383756,0.5023846692186608
1.414981,0.056421000000000054,0.0001694230971001891,0.5536525148115465
1.418665,0.058787000000000145,0.00021074163755387546,0.5971424851988895
1.41953,0.07339700000000016,0.00029104644727032184,0.8457164901520635
1.423117,0.07610300000000003,0.0003768557319017017,0.8183440699755355
1.42401,0.0681179999999999,0.00036737161771644604,0.7910259366103216
1.425558,0.0681179999999999,0.000375972938404537,0.6009504688943033
1.427054,0.0681179999999999,0.0003734082605217392,0.4411192019373347
1.428825,0.0681179999999999,0.00037092809268431,0.3637729589272308
1.428825,0.0681179999999999,0.0003545474065482041,0.4901222615263828
1.429526,0.0681179999999999,0.0003533031347599243,0.4662454166133014
1.428825,0.0681179999999999,0.00037155737875236314,0.5315281526785288
1.429526,0.0681179999999999,0.0003664339587145558,0.4646855899478801
1.429526,0.0681179999999999,0.0003647429889262762,0.46024351597432067
1.429526,0.0681179999999999,0.0003713419539773157,0.44123896999895523
1.429526,0.0681179999999999,0.00035140973057466924,0.4329510736606845
1.429526,0.069801,0.0003684933374631385,0.3546951832237186
1.429526,0.069801,0.0003837429886049154,0.3181343316800759
1.429526,0.069801,0.0003526395372022691,0.3737338140260079
1.429526,0.069801,0.00033126929464650324,0.34998255574721765
1.429526,0.069801,0.0003516878476294903,0.3775918424286334
1.429526,0.069801,0.0003493343879508513,0.34587574022305173
1.429977,0.069801,0.00034832679254820484,0.3089026407615739
1.429977,0.069801,0.0003470844669527417,0.32636281275243684
1.429977,0.069801,0.00034747053379584184,0.32026728923242903
1.429977,0.069801,0.00034043931588279816,0.3273552997577875
1.429977,0.069801,0.0002991268279092628,0.1873622300281387
1.429977,0.05545599999999995,0.00025438230028733487,-0.15647957289635744
1.429977,0.05447000000000002,0.00025219607547826133,-0.17126601997001425
1.429977,0.05772299999999997,0.0002710044304877127,-0.07389306409971463
1.429977,0.05772299999999997,0.0002882085504877127,-0.036222776329414154
1.429977,0.05772299999999997,0.00029676043283553876,-0.08522743572439562
1.432098,0.05772299999999997,0.00029922180145557656,-0.15212492623343607
1.432098,0.05772299999999997,0.0002994471268241966,-0.1454464356316634
1.432098,0.05772299999999997,0.0002805139705973534,-0.1808527732735247
1.429505,0.05772299999999997,0.00031706997205292986,-0.1371789802800394
1.429505,0.06073499999999998,0.00035964663054820407,-0.18946922873906838
1.429505,0.0636429999999999,0.00039068426733081273,-0.2667502091607217
1.429505,0.0636429999999999,0.0004267399586729678,-0.20323303922596303
1.429505,0.0636429999999999,0.00040422104751984886,-0.2029298606561907
1.429505,0.0636429999999999,0.0004183614318223063,-0.22284391842995782
1.429505,0.0636429999999999,0.0004229919134706996,-0.19535680718415882
1.429505,0.0636429999999999,0.0004237481771871457,-0.1688534343761917
1.429505,0.0636429999999999,0.00041509920372778827,-0.19185183630738262
1.432662,0.07025199999999998,0.00047008492085444246,-0.1696247853300513
1.436479,0.15941000000000005,0.0011097909982306247,1.7119138669721614
1.437549,0.15941000000000005,0.0015292124240831764,1.4604034782120252
1.439551,0.15941000000000005,0.0017061814251568997,1.1970099306895459
1.439551,0.15941000000000005,0.0018723663531568999,1.0047671194302719
1.439551,0.15941000000000005,0.002101041796124764,0.8337423058270075
1.439551,0.15941000000000005,0.0023986855832022693,0.6978477054498223
1.439551,0.15941000000000005,0.002605175550888469,0.5594090357016078
1.439551,0.15941000000000005,0.0026690303413308136,0.46906296596421754
1.439551,0.15941000000000005,0.0026741898987523633,0.4382288077876635
1.439551,0.15941000000000005,0.002669340324661626,0.4035478725670886
1.448751,0.15941000000000005,0.002658538202922496,0.38434693252055496
1.448751,0.15941000000000005,0.00265703629989036,0.38363766692056545
1.448751,0.15941000000000005,0.002638340023410209,0.3754586591604057
1.448751,0.15941000000000005,0.002528257124317582,0.3714037033061479
1.448751,0.15941000000000005,0.002433903866487713,0.3983327876466674
1.448751,0.15541000000000005,0.002280432998086958,0.44146722115977305
1.448751,0.15541000000000005,0.0021924877695538763,0.48221608523995124
1.448751,0.15541000000000005,0.0021850872819546316,0.48526805125299427
1.448751,0.14017499999999994,0.0020729500625973536,0.5473423232087068
1.448751,0.14017499999999994,0.001986987102563327,0.5503240498697446
1.460446,0.14017499999999994,0.0019119277765935728,0.5027593436149324
1.463247,0.14017499999999994,0.0017961981953308129,0.46748132257073316
1.460446,0.14017499999999994,0.001819955833516068,0.5119108751676763
1.451625,0.12191499999999977,0.0014905780028620032,0.5551213350872073
1.451625,0.11882799999999993,0.001254885351345935,0.6494291089915432
1.448751,0.11882799999999993,0.001174413504691871,0.8552485671548703
1.448751,0.11882799999999993,0.001093495335693762,0.9288592604090533
1.448751,0.11882799999999993,0.001119035078593573,0.9467364554771207
1.448751,0.11025899999999988,0.0010651984975652172,0.8864953950747311
1.448751,0.12727999999999984,0.0011906886856786396,1.0275425312824262
1.448751,0.12727999999999984,0.0014204650570964097,1.040000282879095
1.448751,0.12727999999999984,0.0016424165012060511,0.8834308180458456
1.448751,0.12727999999999984,0.0016879523812741045,0.7607836539073674
1.451625,0.12727999999999984,0.001683322556211722,0.682821239167706
1.454958,0.12727999999999984,0.0016276023661134233,0.6439167487602289
1.454958,0.12727999999999984,0.0015840055185141792,0.6278627407303167
1.454958,0.12727999999999984,0.0015648660406011364,0.6272996253341715
1.454958,0.12727999999999984,0.0015158277238525538,0.6648308612765781
1.454958,0.12727999999999984,0.0015448653032589812,0.6448397554727068
1.454958,0.12727999999999984,0.0015275342962268457,0.6613065305698717
1.454958,0.11802800000000002,0.0014607825667750497,0.7302459794202897
1.454958,0.11802800000000002,0.0014129394102003808,0.7678013140108286
1.454958,0.11802800000000002,0.0014008439148355417,0.7621707473198723
1.454958,0.11802800000000002,0.0014075301581928188,0.7820650478092982
1.454958,0.11802800000000002,0.001407707759939511,0.7698244122649186
1.455383,0.11802800000000002,0.0013816866266843125,0.7138792709446649
1.461217,0.11802800000000002,0.001369805420434785,0.693288699844777
1.461504,0.11802800000000002,0.0013818198634102106,0.5593590223238728
1.470612,0.15502400000000005,0.0017942822315652196,0.653709572287675
1.470612,0.15502400000000005,0.002025956942907374,0.5331713570997527
1.470612,0.15502400000000005,0.0020798535120831766,0.5184575977654272
1.470612,0.15502400000000005,0.0021206991084914946,0.5053666567649189
1.470612,0.15502400000000005,0.0020795274775198508,0.5095185776374619
1.470612,0.15502400000000005,0.0021094159917240092,0.5102659418271125
1.470612,0.15502400000000005,0.002224131912801514,0.5126898286643089
1.470612,0.15502400000000005,0.002429472426586012,0.4212262748342709
1.470612,0.15502400000000005,0.0026178477601512297,0.27971723267908466
1.471325,0.15502400000000005,0.002679442002865785,0.1193499461670192
1.494915,0.15502400000000005,0.002640621919039699,-0.026753008387836414
1.502198,0.15502400000000005,0.002511389737028356,-0.13220801895455747
1.522751,0.15502400000000005,0.0023399314338903607,-0.28258822448085097
1.526462,0.15472400000000008,0.0020887091577164478,-0.41289331667861895
1.532844,0.14733799999999997,0.0018103161937655962,-0.5234091470210355
1.533741,0.222831,0.0023862059836786396,0.45913111742064305
1.5343950000000002,0.20983200000000002,0.0025411730249489607,0.5723467897575183
1.536816,0.20567199999999985,0.0026301339525784495,0.5593214878572859
1.53892,0.21469800000000006,0.003061823827043478,0.7368958139475958
1.541233,0.21469800000000006,0.003319855330200378,0.6705701032617564
1.5449190000000002,0.22071100000000032,0.0036017897273232543,0.6570114650714529
1.552876,0.1875580000000001,0.0036304881284121016,0.7081774035645568
1.554064,0.32311,0.005860797018771266,1.340352268875982
1.554064,0.32311,0.0065400978476030285,1.0866990537737844
1.554122,0.32311,0.006523369575357279,1.0851582603046017
1.554122,0.32311,0.0064610027560831765,1.088217886867902
1.554122,0.32311,0.006421998599009456,1.0922852928101434
1.554508,0.32311,0.006237627078767488,1.0652223290489167
1.557613,0.32311,0.006104009848737243,1.0091529649192736
1.59278,0.32311,0.005998958139368624,0.9655651058059448
1.601998,0.32311,0.005884207660105862,0.913916785308376
1.608313,0.32311,0.005760729295009453,0.859132267663904
1.608313,0.32311,0.005540664402200381,0.8364916785847943
1.608313,0.32311,0.00521495849630246,0.8806350599588512
1.608313,0.29884599999999995,0.004746853383107751,1.0641420329046336
1.608313,0.2915669999999999,0.004508189245187147,1.1635126417659871
1.608313,0.28407499999999986,0.004264746263735351,1.2640529763840207
1.608456,0.28324399999999983,0.003979220767236295,1.3396568756864187
1.608313,0.28324399999999983,0.003973003366434784,1.4796241544826403
1.602158,0.28324399999999983,0.004122114088650285,1.5111845519384306
1.601998,0.28324399999999983,0.004264137734775048,1.545714413643937
1.59278,0.3000539999999998,0.004404553616287336,1.6289722123029864
1.586641,0.3000539999999998,0.0044291449209981106,1.7866780666410693
1.586196,0.3000539999999998,0.004189535641202269,2.088988247571705
1.577951,0.3000539999999998,0.003874153843130435,2.4576977149253527
1.577951,0.19325900000000007,0.0014283278450964102,1.7446151994074013
1.577951,0.08900299999999994,0.0006270757515614368,-0.26408425076926106
1.586196,0.08900299999999994,0.0006253466334442343,-0.43275131658258154
1.586641,0.19537799999999983,0.001394065548431001,1.6175101135453365
1.589888,0.19537799999999983,0.00172192303684688,1.4242131913464073
1.589888,0.19537799999999983,0.0019350957429338366,1.1677097353903452
1.589888,0.19537799999999983,0.00210554007790548,0.998673337020006
1.589888,0.19537799999999983,0.0024845037431153088,0.8409723190489158
1.589888,0.19537799999999983,0.0027759511211947045,0.691311354367402
1.589888,0.19537799999999983,0.0027814849491682404,0.6716366291484962
1.589888,0.19537799999999983,0.0027810308869829848,0.6687386488536776
1.589888,0.19537799999999983,0.0027766302269829845,0.6646244260382069
1.589888,0.19537799999999983,0.00272723532906238,0.6481381394520449
1.589888,0.19537799999999983,0.0026794929094971624,0.6470589454536646
1.589888,0.19537799999999983,0.0027247266415916806,0.6463022983817763
1.589292,0.2014610000000001,0.0030492761899546307,0.589686203118034
1.589292,0.2014610000000001,0.0031934523336219272,0.5968622048760966
1.589292,0.2014610000000001,0.003408718778839318,0.5239516422103064
1.589292,0.20635399999999993,0.0036475561028544417,0.4567355591465889
1.589292,0.22207699999999986,0.0038470130768884685,0.3677827844224335
1.589292,0.22207699999999986,0.003935875195194706,0.3548176341028815
1.589292,0.22207699999999986,0.004167449847304347,0.3472208630728587
1.589292,0.22207699999999986,0.004331688619931946,0.3826812404748117
1.589292,0.22207699999999986,0.004456473008340264,0.2788273540309828
1.589292,0.22207699999999986,0.004533005850604914,0.21888692532127288
1.589292,0.22207699999999986,0.005025993914506617,0.14994546633292918
1.589292,0.300929,0.006105898735996222,0.537860983108693
1.589292,0.300929,0.006946036891172023,0.6051566531936926
1.588954,0.300929,0.006805593159368621,0.7294976344170009
1.588954,0.300929,0.006657403265795842,0.8383473246535944
1.588954,0.300929,0.006265809408453689,1.0013706799354696
1.588954,0.300929,0.005933705396302459,1.1327318710158327
1.588954,0.300929,0.005963635225716447,1.1077743400467575
1.588954,0.300929,0.0060519302238449925,1.028598473271121
1.588954,0.300929,0.006124844101735352,0.9332211352870515
1.599411,0.300929,0.006287159144400758,0.798256845176728
1.601491,0.300929,0.006666083093905484,0.6142213981214503
1.620385,0.300929,0.007127067994975428,0.4278481213646646
1.630636,0.300929,0.006740734611765597,0.33542513917390193
1.630636,0.300929,0.006619704712124767,0.33405560309899035
1.630636,0.300929,0.0063176581678903625,0.3616444541331079
1.630636,0.300929,0.00618926063503592,0.3889244275313642
1.630636,0.2828280000000001,0.005913560807368622,0.4688628143346099
1.630636,0.2970780000000002,0.006139330428737245,0.40399725617959026
1.630636,0.3120550000000002,0.006447053058559551,0.3132780194972573
1.630636,0.3120550000000002,0.006842514658366733,0.23014169100544338
1.620385,0.32269900000000007,0.007657732863606811,0.25439759096708464
1.601491,0.32269900000000007,0.00814733013038942,0.34580605757471583
1.599411,0.32269900000000007,0.00800321510729301,0.5286501172012793
1.588954,0.2915939999999999,0.006596794266839326,0.45067471497150535
1.5636709999999998,0.24794400000000016,0.00543277395064651,0.3377557372035727
1.561977,0.24794400000000016,0.005589331329126662,0.4348287680043012
1.528798,0.24794400000000016,0.005737562485330823,0.5521314923990512
1.527022,0.24794400000000016,0.005774592210139895,0.6766294450237538
1.527022,0.24794400000000016,0.005657877227965984,0.8320194962718199
1.527022,0.24794400000000016,0.005422482956086966,0.9963322202533165
1.527022,0.24794400000000016,0.005076148652593583,1.1819395966668178
1.527022,0.24794400000000016,0.0047224375177164525,1.3714904370722298
1.527022,0.24794400000000016,0.004148152938200384,1.6017636103792043
1.527022,0.24794400000000016,0.003057640063867681,1.8135888002229048
1.527022,0.16833700000000018,0.0015344178072552016,0.8988983585224115
1.527022,0.09582500000000005,0.0009933593676483949,0.03732349922389362
1.527022,0.09582500000000005,0.0009618372514291137,0.0396509387298388
1.527022,0.09582500000000005,0.0009054097641134239,0.1200615172342541
1.527022,0.09582500000000005,0.0009094799464347847,0.09162195816629574
1.519349,0.09582500000000005,0.000919169985062384,0.15761040906375492
1.519349,0.09582500000000005,0.0009201617775841229,0.15832880966048457
1.519349,0.09582500000000005,0.000891805731081287,0.17358099630923945
1.519349,0.09582500000000005,0.0009165439070207956,0.14481379356707175
1.5264719999999998,0.090503,0.0008117430346465045,0.15400475229202806
1.528056,0.090503,0.0007875118816483947,0.01210987326713987
1.52922,0.090503,0.0007841937839924401,-0.050983683756301586
1.52922,0.090503,0.000742701253905483,-0.02743216066692904
1.52922,0.090503,0.0007434530438790182,-0.02894212569124756
1.52922,0.090503,0.0007372015445973546,-0.03885026189503494
1.533303,0.12478499999999992,0.0009365424653837433,0.24126949079171134
1.535586,0.12478499999999992,0.0010466146476899808,0.13487370995812523
1.541716,0.12478499999999992,0.0010607884369489599,0.025463167092974297
1.541716,0.12478499999999992,0.0010633508331304344,0.011175854620872743
1.541716,0.12478499999999992,0.0010735835469111526,-0.008552377380971685
1.541716,0.12478499999999992,0.001114648185678638,-0.020791220119324057
1.541716,0.12478499999999992,0.001090347515357277,-0.0033968991059921973
1.541716,0.12478499999999992,0.0010680905502154997,0.005586827900133364
1.541716,0.12478499999999992,0.0010741487777315684,0.004932861879740524
1.541716,0.12478499999999992,0.0010746845276219273,0.004305795968781514
1.541716,0.12478499999999992,0.0010776431625784486,-0.004021572792649434
1.546793,0.12478499999999992,0.0010731468492930047,-0.07624800730014983
1.546793,0.12478499999999992,0.0010720346770132314,-0.09386764028658418
1.546793,0.12478499999999992,0.0010303306192136097,-0.16930700086287162
1.546793,0.12478499999999992,0.0009890029909338366,-0.1734892464194786
1.546793,0.12478499999999992,0.0009306808810964081,-0.15763994612016044
1.546793,0.12155000000000005,0.0008208585421663516,0.03478539939033944
1.546793,0.12155000000000005,0.0009142284092967858,-0.021021594390156863
1.546793,0.12155000000000005,0.0010128999645784497,0.02060205363969674
1.546793,0.12155000000000005,0.0010932656873837428,0.058591960456818304
1.546793,0.12155000000000005,0.0010773485737958408,0.058382595277474504
1.546793,0.11257399999999995,0.0009834364265179577,0.15320715794595247
1.546793,0.11257399999999995,0.0009969696793421543,0.1518033402878207
1.540018,0.09619499999999981,0.0008720347289073715,0.032858950908373194
1.536552,0.0829979999999999,0.0007550840434631379,0.04327809656520098
1.51622,0.0829979999999999,0.0007343075723856332,0.20604677866773088
1.51622,0.0829979999999999,0.0007213225924234402,0.33070382805157655
1.51622,0.0829979999999999,0.0006776103547372402,0.4466173049959349
1.51622,0.07796000000000003,0.0005881882195198495,0.36388868875728014
1.51622,0.07905399999999996,0.0006346235204990555,0.43308521717337717
1.51622,0.07905399999999996,0.0006567122332589802,0.45727661496113986
1.51622,0.08658900000000003,0.0006934874979395095,0.5282055110398505
1.51622,0.08658900000000003,0.0007478986910396981,0.5678232074738039
1.51622,0.09267999999999987,0.0008655471598638945,0.6246268017263287
1.51622,0.09267999999999987,0.000909886644896031,0.5640454630268169
1.51622,0.09267999999999987,0.0009100671230812859,0.563019593276431
1.51622,0.09267999999999987,0.0009114249623138001,0.5525526112907243
1.52117,0.09267999999999987,0.0009188605386465032,0.4120754453915025
1.526969,0.09267999999999987,0.0009082679309489604,0.37849029736638445
1.526969,0.09267999999999987,0.0008890182298676747,0.3622840962214518
1.526969,0.09257599999999999,0.0008402198826729683,0.40114645616400757
1.526969,0.09187199999999995,0.0008294357318449906,0.42002409024162435
1.526969,0.09923399999999982,0.0008619112592551979,0.3545546672239193
1.526969,0.103051,0.0009454887158676748,0.25449296405215066
1.526969,0.103051,0.000939619528563327,0.24870570820469814
1.526969,0.103051,0.0009360708906616257,0.24735814009688306
1.526969,0.103051,0.0009348600674102081,0.24865071174000847
1.526969,0.103051,0.0009505822792816633,0.252896073502504
1.526969,0.103051,0.0009590044300869566,0.26062173240714126
1.526969,0.103051,0.001006901554427221,0.28307615425963184
1.519316,0.103051,0.0010396067874706995,0.34453096956347057
1.516722,0.103051,0.0010310832312703212,0.4669945678439052
1.516722,0.103051,0.0009439115049943289,0.5643857538311194
1.516722,0.10362100000000019,0.001022090032782609,0.6174516681096702
1.516722,0.11905600000000005,0.0011440823411682417,0.7439655349580083
1.516722,0.11905600000000005,0.0012744234426086954,0.8071000295366364
1.516722,0.11905600000000005,0.0012364340521701324,0.8059737975603983
1.516722,0.11905600000000005,0.0012310661655311912,0.8110282928568607
1.516722,0.11905600000000005,0.001240607155383743,0.7781976147161352
1.516722,0.11905600000000005,0.001366635449085067,0.6545685346723421
1.516722,0.11905600000000005,0.0015136572289111542,0.5904037843809126
1.516722,0.1619940000000002,0.0020316995498790187,0.7036755898224554
1.516722,0.1738010000000001,0.0025921199127674874,0.6866082186052116
1.535046,0.2259660000000001,0.0036569301199508527,0.8706036871129639
1.547907,0.2259660000000001,0.004285177043504728,0.7365632561219242
1.564496,0.2259660000000001,0.004490752029644614,0.5716220421392753
1.578759,0.21441700000000008,0.004439282795913045,0.43125933131648964
1.5853540000000002,0.21441700000000008,0.0043887513059924395,0.2661720264168519
1.587568,0.21441700000000008,0.0042494019763138005,0.11100838021419583
1.594007,0.21289099999999994,0.004001730834158791,-0.020956493018549287
1.601886,0.21289099999999994,0.003767051698752364,-0.1636346193255806
1.603003,0.21289099999999994,0.003463245371954632,-0.30760887745428667
1.635901,0.2065840000000001,0.0029450026405066164,-0.3641569596420001
1.6362709999999998,0.1931910000000001,0.002408054798661626,-0.35394701584203103
1.641373,0.1748670000000001,0.001939722229172022,-0.3019929696562353
1.64329,0.1620060000000001,0.0016296888487788268,-0.28244520372093435
1.645168,0.1620060000000001,0.0016442024356937601,-0.4422823879347123
1.645941,0.16220000000000012,0.0018173634857051029,-0.45831083190370975
1.6498259999999998,0.16220000000000012,0.0019228911579546291,-0.554709692236645
1.651116,0.166423,0.00190827614285444,-0.642831126471861
1.656564,0.17501300000000009,0.001764076761289224,-0.6225733747784267
1.656952,0.13756599999999986,0.0013623333413459349,-0.1704961975879606
1.657748,0.12891300000000006,0.0010805869547145567,-0.00023704326810365393
1.657748,0.08701899999999996,0.000835132165867676,0.4896817432234936
1.663358,0.08701899999999996,0.0008081841488657858,0.46693156903289396
1.6678540000000002,0.08701899999999996,0.0007991854913686214,0.4345627201507624
1.663358,0.08701899999999996,0.0007483841790207951,0.6220791534713543
1.656952,0.08701899999999996,0.0007362620421587909,0.7844012824243729
1.656564,0.08701899999999996,0.000762979516385634,0.8334291283240255
1.655886,0.08701899999999996,0.0007866539046011345,0.8315678231192768
1.655886,0.08701899999999996,0.0007814182400831756,0.8415555534363356
1.655886,0.10572499999999985,0.0008475961076446118,0.6589403763660736
1.655886,0.10572499999999985,0.0009106957155198481,0.5960123983724857
1.655715,0.10572499999999985,0.0009532040263024566,0.607060941201603
1.655715,0.10572499999999985,0.0009588426049565203,0.613260029200658
1.655715,0.10572499999999985,0.0009613381219697528,0.6136568803813941
1.655715,0.10572499999999985,0.0009633197910812836,0.6134938620035663
1.655715,0.10572499999999985,0.0009683001864234383,0.6153158897502444
1.6551919999999998,0.10572499999999985,0.0009839125720567082,0.6917070679868371
1.6551919999999998,0.10572499999999985,0.0009659968675576536,0.7870760192662485
1.6551919999999998,0.10572499999999985,0.0008777790942797708,0.869033954885774
1.6551919999999998,0.10572499999999985,0.000860665209648391,0.8713972996090155
1.6551919999999998,0.10572499999999985,0.0008196407684536842,0.8538247650835775
1.6551919999999998,0.10453699999999988,0.0007604953798525505,0.7727231980286944
1.6551919999999998,0.10587499999999994,0.0007677729110812839,0.7875913015877503
1.6551919999999998,0.10587499999999994,0.0008364116953686164,0.7415178054462677
1.655715,0.10587499999999994,0.0008641065899395048,0.5951328045448425
1.655715,0.10587499999999994,0.0008802070757315652,0.5097057858501637
1.655715,0.10587499999999994,0.0008922936133799583,0.4521204294982524
1.655715,0.10587499999999994,0.0009022196383326993,0.343290251134242
1.662232,0.10587499999999994,0.0009009378021663479,0.27146455779016454
1.671375,0.10587499999999994,0.000880718277035913,0.17727634586961633
1.671375,0.10587499999999994,0.0008571601503364804,0.13985999917931755
1.671375,0.10587499999999994,0.0008523757202797693,0.14044317730280814
1.671375,0.09780300000000008,0.000782976760260866,0.26308904754760426
1.671375,0.09022400000000008,0.0007142081640415844,0.3465496265422434
1.671375,0.08640000000000003,0.000653330377671074,0.33293211086414776
1.671375,0.08640000000000003,0.0006247064468960272,0.27108948682099665
1.671375,0.08640000000000003,0.000594562338820413,0.2833112839123708
1.671375,0.08640000000000003,0.0005828364976181447,0.3055106472338258
1.671375,0.08640000000000003,0.0005890041717807161,0.2921697536640853
1.671375,0.08640000000000003,0.000575072732083174,0.30801667489559637
1.671375,0.08640000000000003,0.0005800281998638925,0.32065405030010996
1.671375,0.08640000000000003,0.0005840789126049131,0.29359979494298655
1.671375,0.08640000000000003,0.0005671576639999985,0.302840157477904
1.671375,0.09448199999999995,0.0006694853044007551,0.5186495937259876
1.671375,0.09448199999999995,0.0006911798242155006,0.5355500410429144
1.671375,0.09448199999999995,0.0006851583376370503,0.5256123599998294
1.671375,0.09448199999999995,0.0007533808028582242,0.5745798170327616
1.671375,0.10719599999999985,0.0009463354983175811,0.6526433061655804
1.671375,0.10719599999999985,0.0010245171502986782,0.5288083065732534
1.671375,0.10719599999999985,0.0010327582178979219,0.474829580971296
1.671375,0.10719599999999985,0.001040200402759926,0.4255960250304971
1.671375,0.10719599999999985,0.001055716772332705,0.3141943672350611
1.6706849999999998,0.10719599999999985,0.0010581259434480168,0.32175185491920105
1.6706849999999998,0.10719599999999985,0.0010779458145406446,0.3218385685689423
1.6706849999999998,0.10719599999999985,0.0010506629179886603,0.34400946516023645
1.6706849999999998,0.10372300000000001,0.001021062527062385,0.3801160096239835
1.6706849999999998,0.11246,0.0010893521003251454,0.30310540782940265
1.6706849999999998,0.11286699999999983,0.0011898109792967896,0.28340178178369246
1.668923,0.11286699999999983,0.001263344113304351,0.30986564831171065
1.668923,0.11286699999999983,0.0013023197641134244,0.31648875106998886
1.668923,0.11286699999999983,0.0012981346964007592,0.31669551052877926
1.668923,0.11286699999999983,0.0012734537724234428,0.32094989726840534
1.6714189999999998,0.11286699999999983,0.0012421190359395114,0.2747606745486524
1.6714189999999998,0.11286699999999983,0.0012292956302533112,0.2524224443845686
1.668923,0.11286699999999983,0.0012387368756219311,0.32808870515526434
1.668923,0.11286699999999983,0.0012272038686880937,0.40503893527826623
1.668923,0.11286699999999983,0.001093653107553878,0.5196310340628862
1.668923,0.11286699999999983,0.0010425824307372421,0.5477328456064454
1.668923,0.11286699999999983,0.0010311707293761843,0.5442406423885112
1.668923,0.11286699999999983,0.0010244435526729698,0.5401892923962676
1.668923,0.0981599999999998,0.0009434184360415897,0.40946495780618225
1.668923,0.11156699999999997,0.0010534316282117214,0.5498086657465456
1.668923,0.11374899999999988,0.0012508559673572795,0.5789235100796586
1.668923,0.11374899999999988,0.001311823448018903,0.5121396758897496
1.668923,0.11374899999999988,0.0013243068289981092,0.49633991279979744
1.6714189999999998,0.11374899999999988,0.0013489808469413986,0.3760861859645783
1.6714189999999998,0.11374899999999988,0.0013228912519017012,0.3599295373160502
1.6714189999999998,0.11374899999999988,0.0013162085439092622,0.3594160952990349
1.6714189999999998,0.11374899999999988,0.0013627238896181462,0.32977737745209307
1.6714189999999998,0.13190900000000005,0.0014537655069489592,0.22063761657699216
1.6714189999999998,0.14084799999999986,0.0015953153148960287,0.07295197034045944
1.6714189999999998,0.14084799999999986,0.0017231419546616235,0.0017235076678423777
1.6714189999999998,0.14084799999999986,0.0017804414171947048,0.0006959104666154208
1.6714189999999998,0.14084799999999986,0.0019054448673913023,-0.009562953977015072
1.6714189999999998,0.14084799999999986,0.002036548035387522,-0.0036289328544692892
1.666969,0.14084799999999986,0.002145935344975423,0.08031715081018315
1.662293,0.14084799999999986,0.0021872416333686175,0.14458000314662686
1.662293,0.14084799999999986,0.0022290792231153085,0.19805671654722318
1.65136,0.14084799999999986,0.0022457740352892215,0.2668608630591351
1.65136,0.14084799999999986,0.002243773757028352,0.2850928589093943
1.65136,0.14084799999999986,0.0022169393036899775,0.3083776783423245
1.65136,0.14084799999999986,0.002154322887206045,0.32350902057107045
1.65136,0.14084799999999986,0.0020922400048241922,0.3266396929689951
1.65136,0.14084799999999986,0.0020518428124763665,0.3184313288965478
1.65136,0.14084799999999986,0.001955338051009447,0.26989579575377254
1.65136,0.15393999999999997,0.0020551921456786353,0.35498071325302966
1.65136,0.15393999999999997,0.0020181588699054805,0.35955786064137263
1.65136,0.15393999999999997,0.001982997070238184,0.3775104973510871
1.65136,0.15393999999999997,0.0019545420806918695,0.3946520386854672
1.65136,0.15393999999999997,0.002236596417882795,0.32354933354720017
1.666441,0.22545899999999985,0.003323996683149335,0.7589572567086524
1.689714,0.23421499999999984,0.004338001863792057,0.7824314014750205
1.694537,0.23421499999999984,0.004751957381361054,0.6250991073561836
1.696147,0.22899199999999986,0.0047189672403440425,0.4825389765190838
1.703055,0.22521299999999989,0.004524308985156897,0.35592189732822227
1.70892,0.22521299999999989,0.0042881420163402625,0.2341563639049062
1.7098799999999998,0.22521299999999989,0.003893285149792058,0.16708991687493138
1.721571,0.21729699999999985,0.0034281842834328895,0.151356195599793
1.726963,0.20160299999999975,0.0029567028409565196,0.19663363263840639
1.738623,0.20160299999999975,0.0026221719135500923,0.16939928655708622
1.74501,0.1918629999999999,0.0022843122070964074,0.21929930676035825
1.746361,0.17167399999999988,0.0019498284849943286,0.3285299000135386
1.7477330000000002,0.148401,0.001737722672650283,0.35682062184200003
1.748894,0.14357799999999998,0.001781852367376181,0.2998260658774202
1.75784,0.16343799999999997,0.0020465178125179573,0.34574210943073747
1.7606959999999998,0.182299,0.002416612870317578,0.4044968499944755
1.768216,0.204723,0.0029582942599092605,0.46685226625156867
1.782647,0.21796499999999996,0.0035468281767334566,0.46347228048196837
1.7840599999999998,0.21796499999999996,0.003976173529996218,0.32622650188491453
1.784775,0.21796499999999996,0.004117647360491492,0.2281531379825843
1.792452,0.21796499999999996,0.003822951793716446,0.16700627477181482
1.809922,0.1738789999999999,0.003389308263417769,0.19271223767925694
1.826737,0.1738789999999999,0.0032537876470850663,0.041161582283115256
1.826737,0.1738789999999999,0.003419472017028355,-0.03389145820836167
1.826737,0.1738789999999999,0.0034299569387674857,-0.049018348504612716
1.845567,0.1738789999999999,0.0034399090944120976,-0.13266137693923266
1.845567,0.1738789999999999,0.0033491717190094515,-0.23369574808702157
1.845567,0.1738789999999999,0.0032024772805784507,-0.2877870808016368
1.845567,0.1738789999999999,0.002939018596192819,-0.299465924269031
1.845567,0.1738789999999999,0.002636009782994331,-0.29555683670738614
1.845567,0.1738789999999999,0.002385654310056713,-0.24194077775087733
1.845567,0.1518060000000001,0.0020606373563327065,-0.04393858214714493
1.845567,0.12844200000000017,0.0018915541560415906,0.061793459943765255
1.845567,0.12844200000000017,0.0018314305811947095,0.08034913428597192
1.845567,0.12469900000000012,0.0016788139646918732,0.03676853552893192
1.845567,0.12469900000000012,0.0015683390604196612,0.01650023670888607
1.845567,0.12469900000000012,0.0015672313715538772,0.014838962546277291
1.845567,0.12469900000000012,0.0015930333785406448,-0.023464023178687135
1.845567,0.12469900000000012,0.0016197427535500964,-0.030590762511255153
1.845567,0.13221300000000014,0.0017314338892173932,0.05460741431361813
1.845567,0.14015800000000023,0.0018278031911569028,0.1375529542313733
1.845567,0.15098900000000026,0.002083980173818528,0.27516818693744777
1.845567,0.15098900000000026,0.0022770123168884718,0.338935143325613
1.845567,0.9823200000000001,0.03737599536112286,4.048338018975878
1.845567,1.2364120000000005,0.09071906144813992,2.8853130746980127
1.845567,1.2689400000000002,0.14198819879241212,2.189955798927133
1.845567,1.2689400000000002,0.14174653088899436,2.1856785927307114
1.849253,1.2689400000000002,0.14131817198928925,2.184043069520291
1.873472,1.2689400000000002,0.14089373381525522,2.1821838329489287
1.883451,1.2689400000000002,0.14012106228317203,2.179386499398873
1.885813,1.2689400000000002,0.13898113900943293,2.180770108028382
1.88743,1.2689400000000002,0.1377080002269452,2.1853020660716123
1.88743,1.2689400000000002,0.13687496632008697,2.1904816518323877
1.88743,1.2689400000000002,0.13608498189445375,2.197779425532274
1.88743,1.266296,0.13511346747970893,2.2071741560407294
1.88743,1.258199,0.1343016386117921,2.2157373053453635
1.88743,1.234675,0.13387868518511534,2.220527287919078
1.88743,1.245963,0.13436803000068057,2.2159884271103096
1.88743,1.245963,0.1344253618547146,2.2154834943231845
1.88743,1.245963,0.13446474388543292,2.215130985669191
1.88743,1.245963,0.13483721565953502,2.213953531245463
1.88743,1.245963,0.13524377850259736,2.2136561454644412
1.88743,1.245963,0.1355184477367524,2.2164382047746645
1.88743,1.245963,0.1356163851998828,2.2181938832019004
1.88743,1.245963,0.13568111904249153,2.21985954433353
1.88743,1.245963,0.13559886578683936,2.2171992057988112
1.88743,1.245963,0.10949086829097546,2.8566244432329055
1.88743,1.245963,0.05958118944773914,4.255821468771944
1.88743,0.13946400000000003,0.001950553648635162,0.10369148650693234
1.88743,0.13946400000000003,0.0019455621911682425,0.10587792615902367
1.889359,0.13946400000000003,0.0020505216532741024,0.02061962644796955
1.890629,0.13946400000000003,0.002114312905882798,-0.051139274419060285
1.889359,0.13946400000000003,0.0020995258922570895,-0.0044990799626236
1.884723,0.13946400000000003,0.002095290674079396,0.04738799205988377
1.876363,0.13946400000000003,0.0021189039782797737,0.12989471491633015
1.876363,0.13946400000000003,0.0021561440670359176,0.1515131837702094
1.876363,0.13946400000000003,0.002201362809758035,0.14581128786835568
1.876363,0.14033400000000018,0.002357999370423442,0.11036942316351718
1.876363,0.144806,0.0025123371355614374,0.07200619586944527
1.876363,0.144806,0.0025818242312703214,0.05315181409498082
1.876363,0.16409200000000013,0.0027481023381134223,-0.027724312193785405
1.876363,0.16409200000000013,0.002909528621652175,-0.05720754466764
1.876363,0.16409200000000013,0.002989548132604917,-0.05907934006744152
1.876363,0.16409200000000013,0.003108666402926278,-0.02873203337679838
1.876363,0.16409200000000013,0.0031974189811871468,0.015709550941682828
1.876363,0.16409200000000013,0.003181588808302459,0.04618350305169088
1.876363,0.16409200000000013,0.0031367109051228747,0.06332903127311176
1.876363,0.16409200000000013,0.003136654024933839,0.06332749115557744
1.876363,0.16409200000000013,0.0029973615398223076,0.03702948526853469
1.876363,0.16358899999999998,0.0028697146925935725,0.0004335101815068893
1.876363,0.1486940000000001,0.002740438410778828,-0.04502206841959533
1.876363,0.144636,0.00266992753047637,-0.06062525620192022
1.876363,0.144636,0.002636140988775047,-0.056059594492307546
1.876363,0.14364,0.0025018482329943292,-0.061260835832874734
1.876363,0.14364,0.002437533677130434,-0.06490293234030091
1.876363,0.14364,0.002562562479550095,-0.09379605769074023
1.876717,0.14364,0.002587586813081286,-0.12703710265648668
1.887567,0.14364,0.002602171347648394,-0.19969269398893136
1.887567,0.14364,0.0025783019454177704,-0.2565351969446956
1.887567,0.14364,0.0025408741764007567,-0.2783881103609756
1.887567,0.14364,0.0024673698894442354,-0.2882733676097297
1.887567,0.14364,0.0024141522056483947,-0.28537629029983486
1.887567,0.14364,0.0024929218505179603,-0.3019149717387034
1.887567,0.14310599999999996,0.0024890551615652187,-0.3001266179304463
1.887567,0.14310599999999996,0.002415094705553876,-0.28533995792409067
1.887567,0.14310599999999996,0.0023777967016521745,-0.2841328275397001
1.887567,0.14310599999999996,0.00234550053015879,-0.28623667375924544
1.887567,0.14310599999999996,0.002297291994226844,-0.30435062927157713
1.887567,0.14310599999999996,0.0022990559169489616,-0.2661822352400084
1.887567,0.14310599999999996,0.002277467302113423,-0.2527506049299467
1.887567,0.14310599999999996,0.002213858986499056,-0.27206786658103643
1.887567,0.160126,0.0023342814791266547,-0.19979565884229544
1.887567,0.160126,0.0024256877890321362,-0.15284233686781284
1.887567,0.160126,0.002517881810128546,-0.11389191951918975
1.887567,0.160126,0.0026315605168204166,-0.08422092955655801
1.887567,0.160126,0.0027873083077277895,-0.08015351637864004
1.887567,0.160126,0.0028434840389829873,-0.10382721389412618
1.887567,0.160126,0.002842247615236296,-0.103177204161043
1.887567,0.160126,0.0027603295197920607,-0.06509173165056743
1.887567,0.160126,0.0028783359313005676,-0.10602778032002011
1.890906,0.160126,0.0028822065960415876,-0.11341835636553922
1.890906,0.160126,0.0028805415502381852,-0.11958085717348689
1.890906,0.160126,0.0028688798898525514,-0.12582594309436182
1.890906,0.160126,0.002872481573603024,-0.12534925736548677
1.890906,0.160126,0.0027709242522873344,-0.14000434685420135
1.890906,0.160126,0.002663568721270322,-0.10524741649504235
1.890906,0.1629339999999999,0.002686189385376181,-0.11946409987232667
1.890906,0.1629339999999999,0.0026944511803402636,-0.12160888791069144
1.890906,0.1629339999999999,0.0027888496316219283,-0.14395772854727323
1.890906,0.1629339999999999,0.0029905490025103946,-0.18966760333288457
1.890906,0.1629339999999999,0.0031859024646880897,-0.18381676857835774
1.890906,0.1629339999999999,0.0033901202512438542,-0.11173977839348061
1.869782,0.1629339999999999,0.003401140469183363,-0.0061549023730845965
1.869782,0.1629339999999999,0.0033103055065973512,0.05646539689241931
1.869782,0.16169899999999982,0.003065210888948958,0.06365805239659884
1.869782,0.16144099999999995,0.003055359112389414,0.06037723491062254
1.869782,0.17596899999999982,0.003165189803716445,0.1047835427276905
1.869782,0.17596899999999982,0.0032574400585746676,0.1341152479090969
1.869782,0.180531,0.003426386259330812,0.18473878213842593
1.869782,0.180531,0.003678266255882798,0.20447739405596427
1.869782,0.180531,0.00382585287873346,0.17728856571051563
1.869782,0.180531,0.0038950005032551997,0.13897207092844738
1.869782,0.180531,0.0037601247012136125,0.194734198188303
1.869782,0.180531,0.0037430533323856347,0.22340661298013761
1.843511,0.180531,0.0037950424815198507,0.2863749445508685
1.842716,0.180531,0.003855581960083178,0.30891772053584754
1.842716,0.180531,0.0038777615872930076,0.3122516182026044
1.842716,0.180531,0.003949583249217394,0.33206944748229394
1.842716,0.180531,0.00403871365873724,0.3229531034482886
1.842716,0.17578499999999986,0.003967951358858224,0.3415912193193034
1.842716,0.17578499999999986,0.004001024477988659,0.3383743883572736
1.842716,0.1931480000000001,0.0042014351932552,0.28420636949470973
1.842716,0.21880699999999997,0.00456009667625709,0.1608732806725153
1.842716,0.21880699999999997,0.004676379434510398,0.14909881311758758
1.842716,0.21880699999999997,0.004650972003977316,0.14682490853246874
1.834,0.21880699999999997,0.0046866197542306245,0.17030192425958277
1.834,0.21880699999999997,0.004674512579062382,0.19507897932941407
1.834,0.21880699999999997,0.0047424849549414,0.17072975047789818
1.834,0.22009199999999995,0.004917496153708886,0.19378009306186894
1.834,0.255107,0.005334738112952744,0.29189270730744016
1.834,0.2699489999999998,0.005958572666548204,0.40297344520569495
1.834,0.2699489999999998,0.006343852966245746,0.4405504247612305
1.834,0.2699489999999998,0.006453392453882796,0.4397125624603826
1.834,0.2699489999999998,0.006358741936998107,0.46107614277599057
1.834,0.2699489999999998,0.006349469908627596,0.4644114275055598
1.834,0.2699489999999998,0.00642530043906238,0.42352402707826764
1.834,0.2699489999999998,0.006479363969708884,0.3765849326178201
1.86247,0.2699489999999998,0.006423957044226841,0.33903475418119294
1.86247,0.2699489999999998,0.0063396177841436654,0.30910378077167716
1.86247,0.2699489999999998,0.006229614917640831,0.2712706936179704
1.86247,0.2699489999999998,0.006260038848559545,0.27354797645977513
1.86247,0.2699489999999998,0.006220811229429111,0.2751977763773586
1.86247,0.2699489999999998,0.006363042854782608,0.2587479381029172
1.86247,0.2699489999999998,0.006452155168105859,0.25450258583972957
1.86247,0.2699489999999998,0.006451036585236291,0.2546905236210027
1.86247,0.2771849999999998,0.006533133697009449,0.23107337937609207
1.86247,0.2771849999999998,0.006846065569466916,0.1754210551312462
1.86247,0.2771849999999998,0.007032573759954629,0.175685810426513
1.86247,0.2771849999999998,0.007210226527629485,0.1952535471321196
1.855187,0.2771849999999998,0.007321415213300564,0.25489819379812095
1.855187,0.2771849999999998,0.00722115869807939,0.33021799847114813
1.855187,0.2771849999999998,0.006813143325013227,0.3883273687834419
1.855187,0.2771849999999998,0.006185344203795836,0.35037223191741906
1.855187,0.264138,0.005485075854759921,0.20216400859385908
1.855187,0.23417699999999986,0.004907302304143662,0.03689956613857595
1.855187,0.21392499999999992,0.004571457552404531,-0.05018593703747631
1.855187,0.21392499999999992,0.0046216422786502795,-0.04658211152545448
1.855187,0.21916499999999983,0.004933924019640827,-0.004070213309778778
1.855187,0.21916499999999983,0.004817353078604909,0.021576131639436672
1.855187,0.21916499999999983,0.004781955832139882,0.02948546238763323
1.855187,0.21916499999999983,0.004879812670775042,-0.028504207134268187
1.862631,0.21916499999999983,0.004895224398559541,-0.06877081378932436
1.862631,0.21916499999999983,0.004897506311330808,-0.05358166305741628
1.862631,0.21916499999999983,0.004830877354926271,-0.09267593916375737
1.862631,0.21916499999999983,0.004777851884453682,-0.10716254841134742
1.862631,0.21916499999999983,0.0046101023237655895,-0.11678544214792409
1.862631,0.21916499999999983,0.00461186038596597,-0.11673312122595596
1.862631,0.21916499999999983,0.004683581271621926,-0.1269955267259016
1.862631,0.2113459999999998,0.0044999769132589755,-0.07351628650575467
1.862631,0.2069329999999998,0.004458065509383741,-0.060146291056193936
1.862631,0.2069329999999998,0.004540298175992437,-0.07002014013462167
1.862631,0.2069329999999998,0.004568821054661626,-0.06924440462229396
1.862631,0.2069329999999998,0.004668612589996218,-0.04917842626301122
1.847035,0.2069329999999998,0.004743618169429109,0.035720419473003584
1.836841,0.2069329999999998,0.004670212845950849,0.14985356938761116
1.836841,0.2069329999999998,0.004372503333542531,0.21586944679303627
1.836841,0.2069329999999998,0.003986635116922493,0.1889323844856445
1.836841,0.2069329999999998,0.0036733663439546295,0.13881708224306552
1.836841,0.2069329999999998,0.0034970934804763702,0.10632371028724695
1.836841,0.2069329999999998,0.003400004123531189,0.08363063217210254
1.836841,0.16455999999999982,0.0030055586834480145,-0.11353458994081689
1.836841,0.16455999999999982,0.002931679000846881,-0.08984244845776235
1.836841,0.16455999999999982,0.0027975748821134207,-0.05858624810834295
1.836841,0.16455999999999982,0.002644779841863894,-0.04512666465344341
1.836841,0.16455999999999982,0.0026257739588393192,-0.036931292734797554
1.836841,0.16455999999999982,0.0026215176759659736,-0.024338244044650705
1.841776,0.16455999999999982,0.002623384206778828,-0.03677498833803516
1.841776,0.16455999999999982,0.0026049515865103966,-0.07905675996622923
1.841776,0.16455999999999982,0.002614621095387524,-0.07327407620587463
1.841776,0.16455999999999982,0.0026011736522797723,-0.07549892289189071
1.841776,0.16455999999999982,0.0024790272357391287,-0.04671042124512121
1.841776,0.16455999999999982,0.0022802835542381837,0.013358052551463058
1.841776,0.14617199999999997,0.002023448839984876,0.1715840616394159
1.841776,0.1354359999999999,0.0019616245793875223,0.21848525317089335
1.841776,0.1354359999999999,0.0019437067985633245,0.2256566146685853
1.841776,0.1354359999999999,0.0019076849983327019,0.23001779665240357
1.841776,0.1354359999999999,0.001892848600026464,0.21953960287775096
1.841776,0.1354359999999999,0.0018957871960378063,0.22747774560162282
1.841776,0.1354359999999999,0.0018885963690434772,0.2372929412073046
1.841776,0.1354359999999999,0.0019512888950434775,0.2547273149410594
1.841776,0.160447,0.0022060952481285433,0.41081184929203685
1.841776,0.179284,0.0025962930516786374,0.6077887424025227
1.841776,0.18320599999999998,0.00297953884842722,0.7209527007121194
1.841776,0.18320599999999998,0.0033162622163024564,0.7384541483105095
1.841776,0.18320599999999998,0.0036894663215425324,0.6256689265263299
1.841776,0.18320599999999998,0.003916047907410206,0.5013318210911266
1.841776,0.18320599999999998,0.004024448810128542,0.41198647061185306
1.841776,0.18320599999999998,0.004093872229550093,0.34627571040294414
1.841776,0.18320599999999998,0.004082201206385631,0.2944411676289308
1.84849,0.18320599999999998,0.004072961422431,0.28256252400135135
1.851324,0.18320599999999998,0.0040397610207674834,0.2505212123724901
1.851324,0.18320599999999998,0.003908755896427219,0.22632724309756996
1.851324,0.18320599999999998,0.0037313738494328917,0.2251167591507229
1.851324,0.18320599999999998,0.0035026403920567096,0.24942911077537427
1.851324,0.18320599999999998,0.0034770057500718337,0.25595560299353054
1.851324,0.18320599999999998,0.003461541904952741,0.2602095642004041
1.851324,0.17128999999999994,0.0033614347991001887,0.3017848484401934
1.851324,0.17156700000000003,0.0033632758688657838,0.30107772261254584
1.851324,0.17156700000000003,0.003338305388124764,0.30595239726665396
1.851324,0.17156700000000003,0.0032798287788620042,0.2957187131810346
1.851324,0.17156700000000003,0.003258590665591683,0.2896707231856014
1.84849,0.17156700000000003,0.003290726838461249,0.3276492065098574
1.84849,0.17156700000000003,0.003225741423724009,0.40047526959598506
1.84849,0.17156700000000003,0.003054556275519849,0.4295851332830511
1.84849,0.17156700000000003,0.0028737929663327027,0.39005790877096347
1.84849,0.16370200000000001,0.002623385980809074,0.3083664312472408
1.84849,0.15391500000000002,0.002459072415289226,0.2374986361081503
1.84849,0.14215,0.0023360635062986772,0.18651706275425195
1.84849,0.14215,0.0023428019936446135,0.1885540480501728
1.84849,0.14215,0.002362272242423442,0.18639972972122856
1.84849,0.14215,0.0023785681306351613,0.18085689377300979
1.84849,0.14215,0.0024668685747334606,0.10371922046509686
1.851324,0.14215,0.002511007372083177,-0.013992156583432402
1.873412,0.14215,0.0025128972912362964,-0.0907319634345313
1.881775,0.14215,0.0024838495271266555,-0.20604325824685193
1.881775,0.14215,0.00246205674025331,-0.21768886336997037
1.881775,0.14215,0.002522175937844992,-0.20597935932618766
1.881775,0.14215,0.0023837407332098328,-0.20290998838133925
1.881775,0.14215,0.0023884950010359188,-0.20471556585150566
1.881775,0.14215,0.00230809943599244,-0.1770978278790069
1.881775,0.1368259999999999,0.002064626190018905,-0.14187514885739375
1.881775,0.1368259999999999,0.001995022095296788,-0.12380593153497683
1.881775,0.1368259999999999,0.0020189152893005688,-0.11793624577726856
1.881775,0.1368259999999999,0.002018289110018905,-0.11817483833279459
1.881775,0.1368259999999999,0.0019753468116068063,-0.1761561562420031
1.884421,0.1368259999999999,0.002034804858105862,-0.2530222933729126
1.884421,0.1368259999999999,0.0021241135539395105,-0.2461392101679277
1.884421,0.164555,0.0022938212192362977,-0.12686686528846502
1.884421,0.26307599999999987,0.003594142834245749,0.84155955430512
1.884421,0.26307599999999987,0.004712410619085068,0.9687025267491023
1.884421,0.26307599999999987,0.005449257029640836,0.8759955483812752
1.884421,0.26307599999999987,0.005854303946994331,0.774172087888292
1.884421,0.26307599999999987,0.0060688577157807224,0.6736956369455064
1.884421,0.26307599999999987,0.006172100089776941,0.5948827683220437
1.884421,0.26307599999999987,0.0062009515764121,0.5597496863613571
1.884421,0.26307599999999987,0.006200856959724011,0.5582025031391327
1.900471,0.26307599999999987,0.0061967595014631414,0.49705392999539905
1.900471,0.26307599999999987,0.0061939077120264675,0.49444613883250577
1.900471,0.26307599999999987,0.006081456451705106,0.4886494460955144
1.900471,0.26307599999999987,0.005839500998336487,0.5102687542125731
1.900471,0.26307599999999987,0.0058811659031569015,0.5038295789399071
1.900471,0.2524059999999999,0.0057617249028090785,0.5382083957916046
1.900471,0.2659719999999999,0.005885691267255201,0.500779943142186
1.900471,0.2669109999999999,0.006264427998385635,0.4353572327715803
1.900471,0.2692810000000001,0.00653193049498299,0.38595388708081424
1.900471,0.2762629999999999,0.0069061008126729715,0.3303110043441296
1.900471,0.2762629999999999,0.007024291025069946,0.3286996499508981
1.900471,0.2762629999999999,0.007502240926922497,0.3237267242229941
1.886294,0.2762629999999999,0.007777496431376186,0.4166475077328987
1.859878,0.2762629999999999,0.007877254733383745,0.5408351920101152
1.853368,0.2762629999999999,0.007678506964661629,0.7007322924108977
1.853368,0.26926800000000006,0.0062541448849073745,0.7349756628564664
1.853368,0.242205,0.0049501753455198525,0.5912632134841446
1.853368,0.21319299999999997,0.004076338801739134,0.3825810180156956
1.853368,0.18544699999999992,0.0037245814804536905,0.2488299025979957
1.853368,0.17790499999999998,0.003583531231069948,0.20446605418080094
1.853368,0.17790499999999998,0.003465493557780723,0.18769177654650374
1.853368,0.17790499999999998,0.0034042790852363,0.1918023666241234
1.853368,0.17790499999999998,0.0034905447709829914,0.17116110906712123
1.853368,0.17790499999999998,0.0034853517850359224,0.17172496417693206
1.853368,0.17790499999999998,0.0034630395033572827,0.20557761014316317
1.847607,0.17790499999999998,0.0034861048521663564,0.24857164045095614
1.838248,0.17790499999999998,0.0035276330306654126,0.29165344238828755
1.838248,0.17790499999999998,0.003560447898344052,0.2974843722134465
1.838248,0.17790499999999998,0.0035781452927334642,0.29758050986209694
1.838248,0.19058700000000006,0.0037307946676408367,0.25020011336167647
1.838248,0.19520500000000007,0.003911829158559553,0.19979189154636087
1.838248,0.19520500000000007,0.003941871966427228,0.19531395392795706
1.838248,0.19520500000000007,0.003958267019258988,0.19197107679678807
1.838248,0.19520500000000007,0.004088744583735359,0.19890193165384923
1.838248,0.19520500000000007,0.004013893530491503,0.20254732950539586
1.838248,0.19520500000000007,0.004006644395330823,0.20098402755585387
1.838248,0.19520500000000007,0.004013383237032146,0.20431126371786584
1.838248,0.19520500000000007,0.004019658801950861,0.2163141199417168
1.838248,0.19520500000000007,0.003971976986298686,0.25462747890275944
1.838248,0.19520500000000007,0.0038547318768242045,0.27209474020470353
1.838248,0.19520500000000007,0.0037223487596068127,0.26559601333931976
1.838248,0.18845900000000015,0.0036606728998790253,0.24307018099931432
1.838248,0.18845900000000015,0.003594747991107757,0.22321501163037472
1.838248,0.18845900000000015,0.0037238475008620113,0.24957134249777752
1.838248,0.18845900000000015,0.003790118304559552,0.24839125913035667
1.838248,0.18845900000000015,0.0036675991783742977,0.27071020085234443
1.838248,0.18845900000000015,0.003619266800646509,0.27511890018361923
1.838248,0.18845900000000015,0.0037486918753610646,0.212337682412556
1.841324,0.18845900000000015,0.003737962200759932,0.1729828437865886
1.857466,0.18845900000000015,0.0037967526444725973,0.03624566256287324
1.857466,0.4020910000000002,0.007634810377122881,-1.4454475024402202
1.857466,0.476391,0.013258174252124772,-1.6792913361601631
1.857466,0.5023190000000002,0.01917940753379585,-1.5584057997849974
1.857466,0.5113570000000001,0.024983044340865797,-1.3609096017814861
1.857466,0.5113570000000001,0.02963431576364085,-1.1320320586143793
1.857466,0.5113570000000001,0.033863977820911155,-0.9330801686513633
1.857466,0.5113570000000001,0.038050360777243865,-0.7510346594776217
1.857466,0.5113570000000001,0.04201349515310776,-0.578378067221344
1.857466,0.5113570000000001,0.04549907132074859,-0.4115426039853835
1.857466,0.5113570000000001,0.04828113954947449,-0.24853760373949166
1.857466,0.5113570000000001,0.05027667112909641,-0.08476364704841582
1.552566,0.5113570000000001,0.05118111983655954,0.08470836311623746
1.478266,0.5113570000000001,0.05103786767219283,0.2594403616400209
1.472091,0.5113570000000001,0.04953505260555766,0.4415628691821649
1.470273,0.5045249999999999,0.04636309719694519,0.6296971196903746
1.468626,0.5045249999999999,0.04232075262057467,0.8358539202768572
1.459668,0.4843360000000001,0.03758811029697544,1.0629303389417568
1.459258,0.4678340000000001,0.03255493869410587,1.3331488424315348
1.457223,0.484885,0.027856482643716457,1.666078708549967
1.4543620000000002,0.5046600000000001,0.022004752467368632,2.090547317987702
1.452338,0.4966670000000002,0.015138703230340271,2.7122575907013737
1.451678,0.4966670000000002,0.009235253663516073,3.880432289739699
1.450115,0.158763,0.0009582841345179584,1.06043984555357
1.449897,0.08519500000000013,0.000591154382778829,-0.7667648755961332
1.447649,0.09923400000000004,0.0007288938573875245,-0.9023629107295535
1.447023,0.09923400000000004,0.0008266865266654069,-0.7017415312608715
1.447023,0.09923400000000004,0.0009108585132816638,-0.5287842054578467
1.445976,0.09923400000000004,0.0009523526450396977,-0.3978665711292078
1.442467,0.09576899999999999,0.0008882219144536863,-0.3009577974816323
1.425416,0.09576899999999999,0.0008487756682306242,-0.1701962177619309
1.410067,0.09576899999999999,0.0008547724156181477,0.0039710688056678175
1.409557,0.09957900000000008,0.0009362893219924394,0.09053587046248093
1.408037,0.09957900000000008,0.0009600063378903598,0.2364585046499269
1.405748,0.09957900000000008,0.0009239587383137994,0.41291100682152915
1.405641,0.09957900000000008,0.0008659403094442341,0.5855523822010535
1.393803,0.09957900000000008,0.0008185839465746691,0.7902643073250114
1.393605,0.09957900000000008,0.0007162714242873345,0.9633148643046968
1.393327,0.09957900000000008,0.0006142325130132322,1.1984881039119617
1.393071,0.07692900000000003,0.00042118352442344005,0.9939253075623022
1.38937,0.07692900000000003,0.0003237830868355385,1.113021913117587
1.38937,0.05636900000000011,0.00019758991099432882,0.5419530703546497
1.38937,0.041020000000000056,0.00014387640824952715,0.20333675957639485
1.38937,0.041020000000000056,0.00013362672111531178,0.23372310305025423
1.386994,0.040510000000000046,0.00011994719863516057,0.29965819369525476
1.38655,0.040510000000000046,0.00010087052869187134,0.30999310517466966
1.38655,0.040510000000000046,9.976500118714544e-05,0.33121223127840277
1.38655,0.040510000000000046,9.796757424574664e-05,0.3909631475619437
1.386994,0.11390500000000015,0.0004737415805595468,3.1883781861044858
1.388273,0.11390500000000015,0.0006898192715916829,2.3434294106853426
1.388273,0.11390500000000015,0.0007931309639546318,1.8924499377687376
1.391778,0.11390500000000015,0.0009205716929981103,1.5101326913905238
1.391778,0.11390500000000015,0.0010271042658525531,1.2702051337026408
1.391778,0.11390500000000015,0.0012682698493875256,1.0996916836299973
1.391778,0.11591400000000007,0.001525466520344047,0.9027566736590434
1.39214,0.11133199999999999,0.0015906270543251425,0.7085184622282555
1.3925459999999998,0.11133199999999999,0.0015373108029829875,0.5969104005162177
1.393327,0.11133199999999999,0.0015097295539659745,0.4658544040466119
1.39497,0.11133199999999999,0.001447677416691873,0.38876743914622847
1.4240469999999998,0.11133199999999999,0.0013958002319886585,0.27581711122966585
1.433537,0.11133199999999999,0.001334822999281665,0.13246639823295328
1.434362,0.11133199999999999,0.001294072548846882,0.006734514902843868
1.434362,0.10933499999999996,0.0011630225031077515,-0.029470240852372452
1.434362,0.10933499999999996,0.0010815838925935738,-0.07901987495406591
1.434362,0.10933499999999996,0.0010171834810623825,-0.13580710114293656
1.437332,0.10933499999999996,0.0009437551336710778,-0.2538284713672371
1.437964,0.10933499999999996,0.0008720975458979209,-0.3699733071611252
1.437964,0.09932399999999997,0.0007255244731568999,-0.19959074629904
1.437964,0.09668799999999989,0.0006641191639546311,-0.06475303066600309
1.437964,0.09668799999999989,0.0005967893431682417,0.07202162482606339
1.437964,0.08371099999999987,0.0005048581755349717,0.4066520085248959
1.437332,0.08371099999999987,0.0004537956412438562,0.47908030448528877
1.434362,0.08371099999999987,0.00046832339455954637,0.5812802643032183
1.433537,0.08371099999999987,0.000488797675678639,0.6818547058666469
1.427771,0.08371099999999987,0.0004912434970321361,0.8498258530329814
1.4240469999999998,0.08371799999999996,0.000512811860858223,0.9486760616528804
1.423451,0.08783099999999999,0.00044589713102835494,0.9938946136195488
1.422843,0.07103799999999993,0.00030399141344801496,0.6440037031426564
1.421563,0.05467400000000011,0.00021096448564083186,0.22100227249975804
1.416211,0.05467400000000011,0.00022498187937996242,0.3266198167742106
1.415724,0.06849400000000005,0.0002618301936710775,0.15893180371474544
1.413016,0.06849400000000005,0.0002819686173837429,0.2574415286929474
1.412532,0.06849400000000005,0.00027020138606427253,0.4327210532180903
1.410898,0.05654399999999993,0.00024293336590548188,0.13602894415436229
1.409718,0.05654399999999993,0.0002290840929754252,0.17123112080825867
1.405341,0.05654399999999993,0.00021388804821172026,0.3042204001087087
1.405341,0.05654399999999993,0.00020427717527032134,0.40144932341917305
1.4048459999999998,0.05654399999999993,0.00019532134178071835,0.583336739623136
1.4048459999999998,0.05487299999999995,0.0001461150958147448,0.3455325472711411
1.4048459999999998,0.03847199999999984,0.00010426405758412087,-0.528479402436266
1.4048459999999998,0.04816500000000001,0.0001292919981134215,-0.02493277598262818
1.405341,0.04816500000000001,0.00013920204092627599,-0.1298047155642801
1.405341,0.04816500000000001,0.00015295497664650305,-0.08856878215679984
1.405341,0.04946099999999998,0.00017847774021550133,0.07891500749038707
1.405341,0.04946099999999998,0.0001924051099319473,0.05654877551726532
1.408689,0.04946099999999998,0.00019730425515690004,-0.057417861165592984
1.408689,0.04946099999999998,0.00019796493889603057,-0.07517396696698089
1.408689,0.04946099999999998,0.00019798887889603054,-0.07690279470235431
1.408689,0.04946099999999998,0.0002036380390207943,-0.046840796991552566
1.408689,0.04946099999999998,0.00022017318607939538,-0.07425192697731878
1.409442,0.04946099999999998,0.0002236762193043481,-0.1641154610937652
1.409442,0.06030499999999983,0.0002690544382797732,0.1108571777785081
1.409908,0.06030499999999983,0.0002958205344914935,0.0035404112189596055
1.412991,0.06030499999999983,0.00029385117262759953,-0.037609334712465456
1.416626,0.06030499999999983,0.0002850052045935733,-0.20919152434793128
1.417165,0.06213000000000002,0.0003179067844612482,-0.2500827395804469
1.419122,0.05963000000000007,0.00028654551232514246,-0.2846379253054704
1.419122,0.05963000000000007,0.00024367209372400786,-0.2611570754318165
1.419122,0.05963000000000007,0.0002447231012098301,-0.25958558283745975
1.419122,0.05963000000000007,0.0002501311991682424,-0.23933270904688775
1.419122,0.05963000000000007,0.00025683647847259025,-0.2573668235207322
1.419159,0.05963000000000007,0.00025124102546691924,-0.3370496460897664
1.421006,0.05963000000000007,0.00025111261834404584,-0.3959580925576668
1.421006,0.05963000000000007,0.0002551297429451798,-0.39826920346262856
1.423877,0.06936699999999996,0.0003037532429224954,-0.23322831084279982
1.423877,0.06936699999999996,0.0003226544714669187,-0.27534014380784144
1.423877,0.06936699999999996,0.0003289383003894139,-0.28953359064199397
1.423877,0.06936699999999996,0.00033534737399243847,-0.33715821259144835
1.426067,0.06936699999999996,0.0003345619456937617,-0.38708539987113705
1.426067,0.06936699999999996,0.00033103674556143664,-0.4182703224556478
1.426067,0.06936699999999996,0.0003304153705784498,-0.42090477562628653
1.426067,0.06936699999999996,0.00032415108325897915,-0.40645142525684413
1.426067,0.05920100000000006,0.0002770395162117204,-0.19036629426709353
1.426067,0.05920100000000006,0.0002760081929754255,-0.20193993221830686
1.423877,0.05920100000000006,0.0002677404284536865,-0.04213041868155431
1.419159,0.05920100000000006,0.00026229238953497184,0.10740558186825026
1.419159,0.05920100000000006,0.00024968224728922505,0.17618100107156176
1.419098,0.05920100000000006,0.0002480566408241967,0.25491148660456775
1.418811,0.05920100000000006,0.00022370738863516056,0.3750856144102502
1.417562,0.05920100000000006,0.00021226755309640806,0.562745014423424
1.417562,0.05920100000000006,0.0002195595464007558,0.5957017056393291
1.417562,0.05920100000000006,0.00023170063475992428,0.5168445471194453
1.417562,0.05920100000000006,0.00023895695314933823,0.4879044738554029
1.417562,0.05892899999999979,0.00023842834660113346,0.4920411586452386
1.417163,0.05892899999999979,0.000257346766419659,0.5172554787939233
1.414573,0.06172299999999997,0.0002788129644914926,0.566064991563141
1.411679,0.06172299999999997,0.00027342011843478175,0.7543565247880166
1.410415,0.05040099999999992,0.00020014815613988586,0.6216786950484233
1.410415,0.0451919999999999,0.00017611098642344007,0.4512115717870411
1.410415,0.042710000000000026,0.00016382569651795842,0.35559783118611643
1.410415,0.0430060000000001,0.0001644574209489604,0.3615735454824457
1.410415,0.04857099999999992,0.0001946191764120983,0.5279289860304637
1.410415,0.04857099999999992,0.0001988755333799621,0.475790556700234
1.408597,0.04857099999999992,0.00020062997510775026,0.5079996667032038
1.408597,0.04902999999999991,0.00020752966387901675,0.46462992965840844
1.408597,0.05096499999999993,0.00022367354257844964,0.4093017037826174
1.406321,0.06689999999999996,0.00027609694254064263,0.17487689293559383
1.405798,0.06689999999999996,0.0003143671694480151,0.16242308572656652
1.405744,0.06689999999999996,0.00031864718069187127,0.27980379678352973
1.405519,0.06689999999999996,0.00030298399921739117,0.40232451615357423
1.405519,0.06689999999999996,0.000295826793905482,0.4922688906982424
1.405519,0.06689999999999996,0.00029097432106994325,0.5482082354346395
1.399535,0.06689999999999996,0.00030045562734593587,0.629980325972922
1.3987690000000002,0.06689999999999996,0.0003224177956710775,0.6491643332013237
1.3987690000000002,0.06689999999999996,0.00034051211710775037,0.6310249033251406
1.3987690000000002,0.06689999999999996,0.0003571805356446124,0.4763306363639741
1.402474,0.06689999999999996,0.0003543028736030246,0.44106205906329154
1.402474,0.06689999999999996,0.0003569442918903593,0.45329769470820613
1.405519,0.06689999999999996,0.00035156444840453693,0.3742440127765426
1.405519,0.06689999999999996,0.0003518207813459359,0.37663589354540156
1.405519,0.06689999999999996,0.0003549137443402647,0.32515791847512954
1.405519,0.06689999999999996,0.0003309736759092627,0.3210952198911885
1.405519,0.06689999999999996,0.0003104014055425331,0.3023389939470871
1.405519,0.06689999999999996,0.0002657922244612473,0.2712734821369969
1.402474,0.0488360000000001,0.0002025722049073725,-0.02137574059742134
1.398312,0.0488360000000001,0.0001795272474631382,0.01867292436151228
1.39772,0.0488360000000001,0.00017803827215879034,0.09330817953915888
1.39772,0.0488360000000001,0.00017703784944423455,0.07783902835863571
1.39772,0.0488360000000001,0.00017753581025330812,0.08091317893677698
1.39772,0.04461000000000004,0.0001568715549338373,0.25626602041971785
1.39772,0.04331300000000016,0.0001545828476483933,0.28453152351580674
1.398312,0.06932300000000025,0.00025545942019281737,0.9947003597241567
1.398312,0.06932300000000025,0.00033497977412854507,0.9638045232365672
1.398312,0.08451000000000009,0.0004886252774328929,1.1046270618809542
1.398312,0.0958610000000002,0.0006901946809489613,1.1339825110563992
1.402474,0.0958610000000002,0.0008335801172589795,0.945525814510485
1.407436,0.0958610000000002,0.0008224881770699438,0.7914328725973155
1.409365,0.0958610000000002,0.0007782947324877133,0.713709503961588
1.409365,0.0958610000000002,0.0007773853067599251,0.725220065910772
1.412219,0.0958610000000002,0.0007682394492551994,0.6995020109538138
1.412219,0.0958610000000002,0.0007514571948468818,0.7022938652465732
1.412219,0.0958610000000002,0.0007701051810321366,0.7110250318337253
1.412219,0.0958610000000002,0.0007606062604272215,0.7050097820224848
1.409365,0.0958610000000002,0.0007915121280415883,0.7287862189844598
1.409365,0.0958610000000002,0.0008111047800793957,0.6359043950132136
1.409365,0.0958610000000002,0.0008248484161134221,0.5648147199487936
1.412219,0.0958610000000002,0.0008207956325217397,0.5163032834665492
1.412219,0.0958610000000002,0.0008212331625935728,0.5158760782833817
1.412219,0.10655400000000004,0.0009062764415349717,0.38590183236241904
1.412775,0.10655400000000004,0.0008887791164120987,0.34547309155135436
1.412775,0.10655400000000004,0.0008658887840642726,0.31165650396837047
1.412775,0.10655400000000004,0.0008572328517240084,0.3146619993967044
1.412775,0.10655400000000004,0.0008800513696483945,0.28786366470239544
1.412775,0.10879300000000014,0.0009309068385633282,0.19608674920078428
1.412219,0.11221400000000004,0.0010063720085141782,0.2638814111561685
1.410741,0.11221400000000004,0.000993397309534972,0.4423720957539732
1.410741,0.11221400000000004,0.000870224968956522,0.5135875703223209
1.410741,0.10858299999999987,0.0007446788183327026,0.29107812665245913
1.410741,0.08483399999999985,0.0006333099738185255,-0.038769164888564175
1.410741,0.08483399999999985,0.0005876380217277886,-0.05108349352550042
1.4048120000000002,0.08483399999999985,0.0005675764084725896,0.09980614033705243
1.403117,0.08483399999999985,0.0005564074146654062,0.1951638520211666
1.402386,0.08483399999999985,0.0005588303593005668,0.2908105190438869
