1700.5,3319.0,934847.9565972221,0.020339382462807375
1762.5,3319.0,878579.5208333334,-0.0803949881866135
1762.5,3319.0,884500.9565972224,-0.0828447879109562
1762.5,3319.0,892721.9097222221,-0.08016001039829575
1762.5,3319.0,904916.609375,-0.08214442445831054
1762.5,3319.0,900684.0399305556,-0.06696917285678049
1762.5,3319.0,900727.0815972221,-0.06672046663943045
1762.5,3319.0,900035.984375,-0.07098224415551566
1734.0,3319.0,899047.6875,-0.06394488703279974
1734.0,3319.0,897230.5763888889,-0.06209788597794185
1734.0,3319.0,908565.9097222224,-0.07276647066151444
1734.0,3319.0,913261.9982638889,-0.08825235124774002
1734.0,3319.0,911950.3315972224,-0.09152284273530074
1734.0,3319.0,912116.4149305556,-0.09152108648290974
1734.0,3319.0,910468.6927083334,-0.09035173154232777
1734.0,3319.0,903308.9149305555,-0.08308219275552513
1734.0,3319.0,895323.7222222221,-0.07371333942831997
1734.0,3242.0,886309.7760416666,-0.06234750464879398
1734.0,3242.0,883151.2430555555,-0.059085305396837665
1734.0,3242.0,880114.0815972221,-0.05831683073086616
1734.0,3242.0,880100.9930555555,-0.0611159568077318
1734.0,3220.0,876690.9166666666,-0.0701209373009317
1734.0,3220.0,867643.6649305555,-0.07970740259660902
1734.0,3220.0,872866.2222222224,-0.07946802391825512
1734.0,3220.0,868577.9427083334,-0.06916977398489671
1762.5,3220.0,869239.0833333334,-0.07655741124896485
1762.5,3220.0,866526.748263889,-0.07540791441994786
1762.5,3220.0,861398.8315972224,-0.07725923073328553
1762.5,3220.0,849181.4565972224,-0.07546282724619031
1762.5,3220.0,866198.748263889,-0.11275457245377475
1762.5,3220.0,862913.484375,-0.14071399355852718
1762.5,3220.0,864110.7065972224,-0.13434682278875557
1742.0,3220.0,863683.4097222221,-0.12903129664454419
1742.0,3220.0,860532.2065972224,-0.12479334459800066
1742.0,3220.0,859525.0399305555,-0.12428637143686985
1742.0,3220.0,856124.9427083334,-0.11317280876657276
1742.0,3220.0,854409.7065972221,-0.11794485530986204
1742.0,3220.0,862320.9565972224,-0.11990775008661635
1742.0,3220.0,870391.998263889,-0.12711350173624053
1742.0,3220.0,867245.75,-0.12409758337593105
1742.0,3220.0,865445.3055555556,-0.12210755731571384
1742.0,3296.0,874337.8333333334,-0.13305509419820843
1742.0,3296.0,883639.0833333334,-0.14217447456669702
1742.0,3296.0,887702.7065972221,-0.1425407353850508
1742.0,3296.0,887703.9930555556,-0.14267306078142528
1742.0,3284.0,885848.8263888889,-0.1477179255669106
1742.0,3284.0,908239.0399305556,-0.11937290990598508
1742.0,3284.0,925186.9149305555,-0.11161627132973256
1742.0,3284.0,929683.1232638889,-0.1222919381433486
1774.5,3284.0,930684.4166666666,-0.13019983160383938
1774.5,3284.0,934681.081597222,-0.13201702343287686
1774.5,3284.0,936184.5555555555,-0.13178757811701639
1774.5,3284.0,935087.9930555555,-0.13102118674831947
1774.5,3284.0,924793.4930555555,-0.11503045314882855
1774.5,3284.0,929416.4930555556,-0.08133631790200418
1774.5,3284.0,930193.4722222224,-0.07775195043279913
1720.0,3284.0,929857.3263888889,-0.050685327254582475
1720.0,3284.0,918010.6041666666,-0.017775293940875656
1720.0,3284.0,915223.3263888889,-0.015729582149513463
1720.0,3284.0,913881.623263889,-0.010404516129358927
1720.0,3284.0,916046.0833333334,-0.0043038664802840625
1720.0,3284.0,905896.9982638889,-0.0025637778466893325
1720.0,3284.0,901053.5815972221,0.0020752285435995817
1720.0,3284.0,909063.5677083334,-0.006303935710427042
1720.0,3288.0,921004.5833333334,-0.020262680806645977
1720.0,3288.0,911742.3177083334,-0.00932501286027641
1720.0,3288.0,893724.0833333334,0.008062861413428284
1720.0,3288.0,883446.9565972224,0.00982414143737166
1807.5,3288.0,885024.0833333334,-0.013059719216538746
1807.5,3484.0,916774.7222222224,0.06802683052612281
1807.5,3484.0,897976.2899305556,0.0499613024788142
1807.5,3484.0,893751.9930555556,0.04783103717548859
1807.5,3484.0,896316.0555555556,0.043090859768495866
1817.0,3484.0,897486.748263889,0.036567267368291786
1817.0,3484.0,893694.498263889,0.038747092698103475
1817.0,3484.0,901322.076388889,0.04034730274516799
1817.0,3484.0,929945.4097222221,0.03582450653188291
1817.0,3484.0,928031.5208333334,0.04126976956913956
1817.0,3484.0,922851.8333333334,-0.007178979228057971
1817.0,3484.0,920546.3315972221,-0.017590205370628192
1868.0,3484.0,924580.4982638889,-0.07652566290946305
1888.0,3484.0,935414.5763888889,-0.1131512777924436
1888.0,3484.0,939632.8333333334,-0.1171547249357315
1931.0,3484.0,954273.8315972224,-0.15639387946760394
1931.0,3484.0,940488.6927083334,-0.24974536380277426
1931.0,3484.0,927751.1927083334,-0.25267977622563476
1931.0,3484.0,904824.9565972221,-0.23933722934917245
1931.0,3484.0,883283.5399305556,-0.21815555574097248
1931.0,3438.0,877289.484375,-0.20944422848957367
1931.0,3438.0,868122.6875,-0.19794695944738847
1931.0,3438.0,865450.1875,-0.19544088924281466
1931.0,3438.0,864637.609375,-0.19528437025847145
1931.0,3438.0,868936.2899305555,-0.14610433128346556
1931.0,2614.0,753152.9565972224,-0.4307962490369535
1931.0,2514.0,708081.9166666666,-0.46487001922936316
1931.0,2514.0,677311.3888888889,-0.49605982723693104
1931.0,2514.0,671800.4930555555,-0.4882876787764382
1992.0,2514.0,674917.0,-0.5008109557329462
1992.0,2514.0,665123.8315972221,-0.5016625603724222
1992.0,2514.0,637749.6232638889,-0.5417206569658882
1992.0,2478.0,597259.6388888889,-0.6078574228729837
1992.0,2478.0,599043.109375,-0.6100945365481826
1992.0,2478.0,598956.3315972222,-0.6066870750696185
1992.0,2478.0,596651.3732638889,-0.6546874826746686
2028.5,2478.0,624402.1927083334,-0.6378343004019674
2028.5,2729.0,680168.0677083334,-0.5220036942597355
2028.5,2729.0,685678.0399305556,-0.5174510577450652
2028.5,2729.0,680893.7065972222,-0.5159759686804367
2028.5,2729.0,678943.9149305555,-0.4870515576082874
2028.5,2729.0,670840.1388888889,-0.4960637916392807
2028.5,2729.0,683293.4722222222,-0.5020353027812485
2028.5,2729.0,688611.3732638889,-0.5060478598677943
2028.5,2707.0,685976.5677083334,-0.5022953986773456
2028.5,2753.0,702085.1927083334,-0.5223376770395589
2028.5,2753.0,703518.5399305556,-0.5231343890076104
2028.5,2753.0,689057.1666666666,-0.5361193881131062
2028.5,2753.0,695066.6510416666,-0.5028239148041032
1891.5,2753.0,649667.8263888889,-0.5049852383096264
1891.5,2753.0,672759.4722222222,-0.49088105965276563
1891.5,2753.0,672141.3888888889,-0.4907677949065355
1891.5,2753.0,681450.6597222224,-0.4989513540366802
1924.5,2753.0,685780.3177083334,-0.5071155623950636
1924.5,2753.0,683185.6232638889,-0.5049228941915097
1896.5,2753.0,671755.8732638889,-0.4942073137968767
1845.0,2753.0,665270.859375,-0.47852903568536886
1762.0,2753.0,656972.6388888889,-0.44501893085977046
1762.0,2753.0,657112.75,-0.4288696436901314
1780.5,2753.0,658509.5763888889,-0.448837493643629
1780.5,2753.0,653960.9722222221,-0.4552744558316443
1780.5,2460.0,624874.109375,-0.5457719291199276
1780.5,2460.0,628129.4930555555,-0.5393861387945127
1780.5,2460.0,623593.6666666666,-0.5383660634430554
1780.5,2460.0,626362.2760416666,-0.4802739588069155
1780.5,2460.0,636290.6666666666,-0.4664238206536058
1780.5,2460.0,637340.9565972221,-0.4670981110953513
1780.5,2460.0,640654.3055555555,-0.47001731787758666
1780.5,2460.0,642560.8732638889,-0.4727523806550956
1780.5,2444.0,640727.1510416666,-0.4699095748001965
1780.5,2444.0,596246.3732638889,-0.49947187816187305
1780.5,2444.0,610177.1649305556,-0.4863042172342332
1849.5,2444.0,612089.2065972221,-0.6052201512121981
1965.5,3876.0,853117.5208333334,0.10388117435419103
1965.5,3876.0,954848.4722222221,0.18991507280507433
1965.5,3876.0,1014793.888888889,0.15736396889097182
1965.5,3876.0,1016628.1388888886,0.15283197090046352
1965.5,3876.0,1019961.9097222221,0.1413940127481183
1965.5,3876.0,1084188.484375,0.09498892967773348
1978.0,3876.0,1155672.373263889,0.03329799684160258
2079.0,3876.0,1210828.25,-0.04732561656978086
2172.0,3876.0,1222008.859375,-0.12470422182835808
2172.0,3876.0,1214471.5,-0.16329055738644216
2172.0,3876.0,1213372.9722222222,-0.19551935160887068
2172.0,3876.0,1215986.7065972222,-0.2005654602177672
2172.0,3876.0,1217883.1510416667,-0.2025283224814946
2172.0,3876.0,1221581.6510416667,-0.20807575208191195
2148.5,3876.0,1220862.9010416667,-0.1947507343361457
2148.5,3876.0,1216745.1388888888,-0.20152385555361504
2148.5,3876.0,1218316.4149305555,-0.20163968398147883
2148.5,3876.0,1209323.359375,-0.1962389655351136
2148.5,3876.0,1218424.8263888888,-0.20376935326771417
2148.5,3876.0,1211250.6649305555,-0.19698028499716355
2148.5,3814.0,1195557.2899305557,-0.18188937112580128
2148.5,3814.0,1258776.972222222,-0.18799756207418683
2148.5,3814.0,1250526.5763888888,-0.1873723687917126
2245.0,3814.0,1253799.076388889,-0.21046368315661826
2245.0,3783.0,1248441.0815972222,-0.22029460647705743
2245.0,3783.0,1265400.6649305557,-0.20223553981112208
2245.0,3783.0,1279760.0833333333,-0.19843028540072685
2245.0,3783.0,1278841.9565972222,-0.19483666243014808
2258.5,3783.0,1279413.4097222222,-0.19753868667968127
2258.5,3783.0,1274037.576388889,-0.19816212675010958
2258.5,3783.0,1266021.4097222222,-0.2003564996771363
2258.5,3783.0,1247755.0815972222,-0.19786500747385485
2258.5,3783.0,1244169.2708333333,-0.1903467305469003
2258.5,3783.0,1246462.873263889,-0.1720383960291981
2258.5,3783.0,1246415.9427083333,-0.14771704489291723
2258.5,3783.0,1252061.3333333333,-0.15539204739451468
2258.5,3783.0,1250546.7430555553,-0.1539021907678816
2258.5,3783.0,1259143.0,-0.16206632249501055
2258.5,3783.0,1261669.484375,-0.1854795308769035
2258.5,3783.0,1267750.4930555557,-0.1757687943801941
2258.5,3783.0,1264364.9565972222,-0.17575089145417971
2258.5,3783.0,1279432.1597222222,-0.1839472554063253
2258.5,3783.0,1274826.9982638888,-0.18056805237181042
2258.5,3818.0,1279868.6388888888,-0.1846710815723895
2258.5,3818.0,1286475.484375,-0.18954135015039697
2258.5,3818.0,1298727.75,-0.1963495728568726
2258.5,3818.0,1296709.5555555557,-0.19652263840980436
2235.0,3818.0,1295173.4166666667,-0.18982506054178833
2235.0,4636.0,1463712.6597222222,0.11853259558243658
2235.0,4636.0,1531028.7065972222,0.16533384904698542
2235.0,4636.0,1566334.4097222222,0.16516938314564264
2235.0,4636.0,1586503.1927083333,0.1208129884108155
2306.5,4636.0,1611272.3732638888,0.06993370591234974
2306.5,4636.0,1657076.4166666667,0.06143725749944069
2306.5,4636.0,1722290.8541666667,0.05826641464854617
2306.5,4636.0,1740666.3541666667,0.0425738528391885
2418.0,4636.0,1778882.8541666667,-0.009801334981401864
2418.0,4636.0,1771729.6510416667,-0.035206671249646555
2462.5,4636.0,1768084.4166666667,-0.0773087668112023
2452.5,4636.0,1767371.2222222222,-0.07566954544286893
2452.5,4636.0,1775622.7482638888,-0.089194441485799
2452.5,4636.0,1778158.7430555553,-0.09304655372894872
2452.5,4636.0,1778189.5763888888,-0.08742090128537104
2452.5,4636.0,1772221.8732638888,-0.09212446919741356
2452.5,4636.0,1793512.9565972222,-0.09514272460121465
2452.5,4636.0,1762943.388888889,-0.08407402813243141
2452.5,4636.0,1732207.1875,-0.06981211083822794
2452.5,4602.0,1715743.75,-0.05931187439061547
2452.5,4642.0,1722327.6388888888,-0.06379965613532006
2452.5,4642.0,1730557.722222222,-0.06871548656897362
2452.5,4642.0,1735693.2430555553,-0.06937493528975636
2452.5,4642.0,1735983.998263889,-0.062063705433564126
2452.5,3839.0,1577246.4930555553,-0.2566423727996858
2452.5,3795.0,1524783.4930555553,-0.3038851340077472
2452.5,3795.0,1480931.5833333333,-0.31223097355490426
2452.5,3795.0,1475359.8732638888,-0.30486456071441137
2368.5,3795.0,1457037.5399305557,-0.27572605908100006
2368.5,3795.0,1418603.888888889,-0.28769958508217214
2368.5,3795.0,1351536.8888888888,-0.3266983475819593
2368.5,3795.0,1351621.7899305555,-0.3266925122860379
2368.5,3795.0,1319534.0208333333,-0.3160858955329006
2368.5,3795.0,1323075.5815972222,-0.28805740609034874
2294.0,3795.0,1320527.2482638888,-0.27198006817820747
2294.0,3795.0,1315387.6649305557,-0.2631097756552167
2294.0,3795.0,1315721.7708333333,-0.2632880982482499
2294.0,3795.0,1336410.2708333333,-0.2686008981175631
2457.0,3795.0,1364708.998263889,-0.32233024188499293
2457.0,3795.0,1345364.4722222222,-0.37057010819586916
2457.0,3795.0,1320422.3263888888,-0.3700641074329269
2457.0,3795.0,1320295.6927083333,-0.37003587397631427
2457.0,3795.0,1349018.826388889,-0.38274375662896537
2457.0,3795.0,1363829.4166666667,-0.39139559455735906
2457.0,3785.0,1355831.888888889,-0.38643753538833187
2457.0,3785.0,1348705.2222222222,-0.3825240394667879
2457.0,3785.0,1344530.5815972222,-0.3828633097945878
2457.0,3785.0,1344894.1927083333,-0.3902280292675695
2457.0,4515.0,1482722.248263889,-0.146877360572516
2457.0,4515.0,1659959.9010416667,0.042111047808948296
2457.0,4515.0,1753875.9982638888,0.04175405542567108
2457.0,4515.0,1849078.2482638888,-0.0009752681749579518
2578.0,4515.0,1894326.1875,-0.06201366767274125
2578.0,4515.0,1962493.9982638888,-0.07585760210560677
2578.0,4515.0,1992874.909722222,-0.09241022872282924
2578.0,4515.0,2030143.9565972222,-0.11059725800211734
2655.0,4515.0,2041464.0260416667,-0.13235682460230513
2655.0,4515.0,2030019.0260416667,-0.15589950169315372
2655.0,4515.0,2033544.3732638888,-0.14361139717547206
2630.5,4515.0,2033178.659722222,-0.13937158386664683
2657.0,4515.0,2063722.9930555557,-0.16939587074934717
2562.0,4515.0,2048043.2708333333,-0.14258151528995533
2315.5,4515.0,2037628.7065972222,-0.0858357873836612
2315.5,4515.0,2061192.0815972222,-0.05883361981623934
2315.5,4515.0,2043108.5,-0.05916500851980755
2315.5,4515.0,2045609.1232638888,-0.05983473110746808
2315.5,4515.0,2036282.984375,-0.05554108094924622
2315.5,4473.0,2016231.5,-0.045111060473802846
2315.5,4473.0,2016231.5,-0.045111060473802846
2315.5,4473.0,1990898.6232638888,-0.03376565496515114
2315.5,4473.0,1980148.25,-0.0324369268646586
2315.5,4473.0,1986963.1232638888,-0.008904979597574136
2315.5,4453.0,1763928.9565972222,-0.09147717315782031
2315.5,3657.0,1551351.138888889,-0.2602379395491978
2315.5,3551.0,1439327.076388889,-0.2874473297486043
2315.5,3551.0,1353114.9166666667,-0.32774970405303994
2315.5,3551.0,1297561.5555555557,-0.3043864967156633
2315.5,3280.0,1199823.5399305555,-0.3842449785425104
2315.5,3280.0,1150562.3315972222,-0.4199937740198997
2315.5,3081.0,1084404.4149305557,-0.4846396160556067
2296.0,3081.0,1051427.3177083333,-0.4700026382229393
2296.0,3081.0,1052609.2708333333,-0.48398144245769625
2296.0,3081.0,1054129.4427083333,-0.5041983843072613
2296.0,3081.0,1066323.5763888888,-0.5171978955122686
2296.0,2996.0,1043916.4427083334,-0.5462523271325117
2296.0,2996.0,1043051.5208333334,-0.545937996084326
2286.0,2996.0,1041665.1649305555,-0.5342308475356625
2286.0,2996.0,1029752.4427083334,-0.5819821336772312
2286.0,2996.0,1028009.873263889,-0.5833082810183713
2286.0,2996.0,1006572.859375,-0.5827848630357154
2286.0,2996.0,1007950.9149305556,-0.5837238113918592
2286.0,2996.0,1005869.3263888889,-0.5822539746395715
2286.0,3017.0,1008946.0815972221,-0.5849897942462206
2286.0,3017.0,1032144.0,-0.5977807412807443
2286.0,3017.0,1043874.998263889,-0.5939529017743856
2286.0,3017.0,1046797.1388888889,-0.5687343076347231
2286.0,3017.0,1005863.9427083334,-0.5701503394776803
2286.0,2885.0,947332.6927083334,-0.6184330125546977
2217.0,2885.0,922778.4427083334,-0.6026177612802301
2168.5,2885.0,878566.8177083334,-0.598457953486865
2168.5,2885.0,870818.8732638889,-0.590055728512451
2168.5,2885.0,854258.4930555555,-0.6076906178604443
2168.5,2885.0,851116.8177083334,-0.6127726182992755
2168.5,2885.0,823262.5208333334,-0.6344819038600513
2155.5,2885.0,810975.6927083334,-0.5987545013641641
2122.5,2885.0,807144.4565972221,-0.5355513580915272
2028.0,2885.0,801916.2482638889,-0.5096453341778013
2028.0,2885.0,790251.9010416666,-0.5169501995720249
2028.0,2938.0,796284.0555555556,-0.5010895359174494
2028.0,2938.0,780459.3315972221,-0.5077990628343354
2010.0,2938.0,779573.7065972221,-0.5041355465484532
2010.0,2938.0,787597.7482638889,-0.4367655838916089
2010.0,2938.0,793415.0399305555,-0.43049570955591565
2010.0,2938.0,819919.5555555555,-0.4332481354753719
2010.0,2938.0,825215.4149305555,-0.4378784461008614
2010.0,2938.0,833749.1649305555,-0.4452866836637659
2010.0,2899.0,827014.2430555556,-0.43858741705492066
2010.0,2914.0,832454.1649305556,-0.44373651484315674
2010.0,2914.0,818530.388888889,-0.4536421883798338
2104.5,2914.0,833255.1232638889,-0.5168036509072444
2104.5,4210.0,1113530.9930555553,0.11175423921114826
2104.5,4210.0,1299415.3177083333,0.2205804362872569
2104.5,4210.0,1376226.1597222222,0.15884212301232317
2182.0,4210.0,1457389.4930555557,0.0856264851422128
2206.0,4210.0,1472193.659722222,0.05151807456536701
2206.0,4210.0,1546676.6597222222,0.029813830262749072
2206.0,4210.0,1675697.7482638888,0.052704205980719565
2206.0,4210.0,1740456.7899305553,-0.0007594892274772447
2393.0,4210.0,1761033.722222222,-0.08254564886599093
2393.0,4210.0,1748289.4149305553,-0.13907174699996155
2393.0,4210.0,1744741.734375,-0.17292772170076415
2393.0,4210.0,1774413.9722222222,-0.21433363577453438
2393.0,4210.0,1787544.9982638888,-0.21860220286661358
2522.0,4210.0,1805815.873263889,-0.25922922893235684
2522.0,4210.0,1803356.888888889,-0.2804688607990351
2522.0,4210.0,1796587.956597222,-0.28624470428327115
2522.0,4210.0,1816596.2899305553,-0.28518331327435925
2522.0,4210.0,1834836.0815972222,-0.2910676699445455
2522.0,4231.0,1845263.2760416667,-0.29550887415249555
2522.0,4231.0,1848632.3732638888,-0.296928770637585
2522.0,4231.0,1850298.9010416667,-0.2975954320504323
2522.0,4231.0,1833496.5260416667,-0.29108285622062724
2522.0,4231.0,1841115.4149305553,-0.28993042145184933
2645.0,4231.0,1844798.581597222,-0.3112217496128059
2645.0,4150.0,1830395.909722222,-0.32600597320727526
2645.0,4150.0,1763867.1649305557,-0.3614404828661481
2447.5,4150.0,1764743.2430555557,-0.20077851609992559
2447.5,4150.0,1726075.984375,-0.18821813631460388
2447.5,4150.0,1731436.0399305557,-0.1959348401030813
2447.5,4150.0,1741152.0833333333,-0.19322439272026795
2447.5,4150.0,1711813.748263889,-0.21383647548615592
2447.5,4150.0,1734959.956597222,-0.20807777281477416
2447.5,4150.0,1763130.159722222,-0.2208125968724571
2476.0,4150.0,1763879.248263889,-0.22766998690867046
2506.0,4150.0,1765389.076388889,-0.2382238300539349
2506.0,4150.0,1777573.859375,-0.2415363949396831
2506.0,4150.0,1771505.984375,-0.24082946094013613
2506.0,4150.0,1774168.4930555557,-0.24281503208234256
2506.0,4150.0,1774414.4930555557,-0.24575262692187202
2506.0,4150.0,1766815.3177083333,-0.25557064621453973
2506.0,4150.0,1755755.831597222,-0.25640569417421244
2506.0,4150.0,1740651.3177083333,-0.2513793065199919
2506.0,4134.0,1731890.9427083333,-0.24720652702121498
2506.0,4158.0,1735831.6927083333,-0.24918361474139844
2506.0,4171.0,1746132.5208333333,-0.25418000373376065
2506.0,4171.0,1750632.7065972222,-0.25589121056268355
2506.0,4171.0,1749600.159722222,-0.2560471492517957
2441.0,4171.0,1746097.8333333333,-0.2452540144429805
2441.0,4109.0,1734962.159722222,-0.2574709865793776
2441.0,4109.0,1807676.248263889,-0.21743075757823313
2636.0,4109.0,1800728.4930555553,-0.37942213373900535
2636.0,4109.0,1804750.4982638888,-0.3835221214545661
2737.5,4109.0,1831998.909722222,-0.4060639928695342
2737.5,4109.0,1891538.576388889,-0.37766409286832947
2737.5,4109.0,1945058.1232638888,-0.3470589654164234
2737.5,4109.0,1935894.7708333333,-0.3475003563109136
2707.0,4109.0,1914779.8333333333,-0.33121285815241536
2709.5,4109.0,1915265.123263889,-0.3425358470666904
2751.5,4109.0,1916675.2430555553,-0.3556837378589784
2751.5,4109.0,1918743.7899305553,-0.3564705339929911
2751.5,4109.0,1943860.2222222222,-0.3610128432491795
2751.5,4109.0,1943911.359375,-0.3610708839734193
2751.5,4109.0,1943693.326388889,-0.36551830450269335
2751.5,4109.0,1956228.638888889,-0.3539760988378524
2751.5,4109.0,1965305.2222222222,-0.35339390949148225
2751.5,4109.0,1962266.4427083333,-0.35272927782079855
2751.5,4109.0,1946800.076388889,-0.3477039048350162
2751.5,4109.0,1934460.388888889,-0.34279332643036875
2751.5,4117.0,1935906.1666666667,-0.3434370030451947
2751.5,4117.0,1914217.706597222,-0.33677941588058535
2751.5,4117.0,1894444.0555555553,-0.3399824532579683
2795.0,4117.0,1896712.5,-0.3551142902153192
2795.0,4515.0,1966883.4930555553,-0.29015380548282027
2795.0,4561.0,2078052.7899305553,-0.21061533451366982
2795.0,4561.0,2102138.8055555555,-0.21830906852850748
2795.0,4561.0,2106008.8055555555,-0.22348773879103007
2795.0,4561.0,2107908.722222222,-0.2248369480643406
2795.0,4561.0,2158288.3263888895,-0.20267871046110109
2795.0,4561.0,2137913.7222222225,-0.20942469901401717
2795.0,4561.0,2182413.2760416665,-0.2118106927217291
2826.0,4561.0,2209649.6232638885,-0.23939993966883585
2826.0,4561.0,2209768.3263888885,-0.24837327899600856
2881.5,4561.0,2212019.888888889,-0.26446211492371946
2881.5,4561.0,2237974.0815972225,-0.27631778860095535
2881.5,4561.0,2298651.9930555555,-0.27694512894448614
2923.0,4561.0,2304652.9722222225,-0.2862278683320793
2923.0,4561.0,2303505.331597222,-0.2930293088659526
2923.0,4561.0,2294587.826388889,-0.29799789627390283
2923.0,4561.0,2285581.1597222225,-0.29768819194238644
2923.0,4561.0,2288578.4427083335,-0.2984472860976959
2923.0,4561.0,2311426.331597222,-0.30597458600355165
2923.0,4561.0,2324844.9427083335,-0.3106699290791897
2923.0,4540.0,2309211.5208333335,-0.3050365338906043
2923.0,4540.0,2335290.5208333335,-0.3120589206904242
2923.0,4540.0,2331928.3055555555,-0.3126660647235791
2975.5,4540.0,2335189.3055555555,-0.3293899403237662
2975.5,4814.0,2396682.6388888885,-0.2848815065585021
2975.5,4814.0,2390716.456597222,-0.2885299329726327
2975.5,4814.0,2457035.9427083335,-0.2887524881729724
3005.0,4814.0,2490696.706597222,-0.31631312452476545
3005.0,4814.0,2521211.8541666665,-0.3337920834790035
3005.0,4814.0,2580235.2760416665,-0.3085295410954766
3005.0,5119.0,2794973.1666666665,-0.22140082790578333
3005.0,5119.0,2908247.9930555555,-0.21093982349724186
3005.0,5119.0,2929731.6041666665,-0.22630828139846235
3089.0,5119.0,2930699.1597222225,-0.25870860931984563
3155.0,5119.0,2936154.7065972225,-0.2871046586725861
3155.0,5119.0,3016957.7482638885,-0.30319493651667345
3155.0,5119.0,3029581.7708333335,-0.3045831313341746
3336.5,5119.0,3043910.8177083335,-0.32637056758772476
3336.5,5119.0,3037987.8333333335,-0.34336761220756984
3336.5,5119.0,3023932.2708333335,-0.3494716040034353
3336.5,5119.0,2986557.1649305555,-0.3514216750307987
3336.5,5119.0,2969438.984375,-0.34873382406893977
3336.5,5119.0,2951166.4930555555,-0.3442341654268947
3336.5,5077.0,2941944.7222222225,-0.3416967649600217
3336.5,5077.0,2943461.4010416665,-0.3420941377830825
3336.5,5077.0,2917954.0815972225,-0.3362937051023525
3336.5,5077.0,2882611.9982638895,-0.34141041825399865
3336.5,5077.0,2886727.0833333335,-0.32058540277195635
3336.5,5077.0,2796049.722222222,-0.3472584776364952
3336.5,5077.0,2690096.3055555555,-0.35376383506373305
3336.5,5077.0,2631802.9722222225,-0.3387460230517397
3327.0,5077.0,2622543.248263889,-0.3316549277784283
3327.0,5077.0,2611142.0208333335,-0.3246056505964652
3327.0,5077.0,2537316.5208333335,-0.3472393369454055
3327.0,4515.0,2328303.623263889,-0.46597679533918396
3327.0,4192.0,2250132.7899305555,-0.5107108217334079
3270.0,4192.0,2223946.2760416665,-0.4994431405908064
3270.0,4192.0,2220550.576388889,-0.4885122921106683
3274.5,4192.0,2220916.1232638885,-0.48906577362064985
3274.5,4352.0,2250673.3055555555,-0.47089262436981666
3274.5,4352.0,2245312.9097222225,-0.4727324924200204
3274.5,4352.0,2257531.4010416665,-0.4775501301909168
3283.5,4352.0,2267326.5763888885,-0.5158852018306719
3283.5,4352.0,2236635.5815972225,-0.5469874885239323
3283.5,4352.0,2217247.909722222,-0.5518944211342159
3283.5,4352.0,2188474.1649305555,-0.5484239880483639
3283.5,4352.0,2189072.3263888885,-0.5486086221538616
3283.5,4341.0,2140212.0833333335,-0.5341569241408978
3283.5,4403.0,2153098.826388889,-0.5393640719293786
3283.5,4403.0,2155408.4930555555,-0.5400048916034942
3283.5,4403.0,2187581.8888888885,-0.5316754160266923
3283.5,4403.0,2190080.888888889,-0.5195479923308105
3283.5,4403.0,2108774.5555555555,-0.5457926126006986
3283.5,4403.0,2117704.0677083335,-0.5447376244729873
3283.5,4403.0,2119498.3177083335,-0.5453232995070941
3259.0,4403.0,2109996.4930555555,-0.5382203396671268
3259.0,4403.0,2111872.5555555555,-0.5389447133251491
3259.0,4403.0,2098556.222222222,-0.5451795636144796
3259.0,4403.0,2084472.6666666667,-0.5488699310950161
3259.0,4403.0,2016834.9930555557,-0.5662442476366214
3213.0,4403.0,2009340.2065972227,-0.5594862312437605
3213.0,4403.0,2009901.3263888888,-0.5617398639857799
3213.0,4403.0,2005275.4375,-0.5538273015616952
3213.0,3970.0,1934495.234375,-0.6087382091187292
3213.0,4260.0,1975520.1649305557,-0.5776841023151876
3213.0,4260.0,1974003.7899305557,-0.577576916302732
3142.0,4260.0,1961444.2222222222,-0.5311565396306216
3142.0,4260.0,1995625.081597222,-0.49176184083186614
3142.0,4260.0,2039928.25,-0.4831598813468075
3142.0,4260.0,2082101.5,-0.489286620978249
3142.0,4260.0,2098771.388888889,-0.4946026046658722
3142.0,4260.0,2153573.472222222,-0.5077215652259057
3142.0,4259.0,2136558.248263889,-0.5026883966761613
3142.0,4259.0,2143911.5555555555,-0.5041725667020656
3142.0,4259.0,2141872.6666666665,-0.5047679134487681
3142.0,4259.0,2142211.9166666665,-0.5281455596724944
3142.0,4556.0,2283608.409722222,-0.4544628549745992
3142.0,4556.0,2308491.8541666665,-0.4488510866879616
3142.0,4556.0,2311856.5763888885,-0.4497080601838156
3142.0,4556.0,2326447.831597222,-0.45841305539265753
3142.0,4556.0,2333333.7899305555,-0.46039655918555433
3142.0,4587.0,2429882.2482638885,-0.41137115987653017
3142.0,4587.0,2515551.909722222,-0.38847010986531394
3142.0,4587.0,2566987.0763888885,-0.39392072697690045
3297.5,4587.0,2592070.409722222,-0.41402179835208514
3354.0,4587.0,2598210.1666666665,-0.4312324478697705
3378.5,4587.0,2603328.3541666665,-0.44179604036803305
3378.5,4587.0,2618544.1666666665,-0.43984523268707404
3378.5,4587.0,2636567.9149305555,-0.433333393481304
3283.0,4587.0,2617975.409722222,-0.419754906433238
3283.0,4587.0,2619323.888888889,-0.4135081564113396
3283.0,4587.0,2633671.956597222,-0.4064417424454048
3283.0,4587.0,2642330.7065972225,-0.4061186985901657
3283.0,4587.0,2597158.831597222,-0.4011796695481686
3283.0,4587.0,2581427.9722222225,-0.39691255409633946
3283.0,4533.0,2570183.409722222,-0.39351070349148337
3283.0,4533.0,2573854.722222222,-0.394531735005662
3283.0,4533.0,2568768.0208333335,-0.3933829902611256
3283.0,4533.0,2539096.3333333335,-0.4001437733366994
3283.0,4533.0,2541305.2222222225,-0.4214341833810755
3283.0,4711.0,2578019.1927083335,-0.40055064100870363
3283.0,4711.0,2641618.888888889,-0.38630353409652407
3283.0,4711.0,2677937.326388889,-0.39662574267391376
3283.0,4711.0,2713582.9427083335,-0.4116717628541323
3283.0,4711.0,2796347.4427083335,-0.4201031248867751
3283.0,5510.0,2992420.8263888885,-0.3090791113255709
3283.0,5510.0,3135539.6666666665,-0.2636906960130213
3283.0,5510.0,3178867.8263888895,-0.26832239102649635
3283.0,5510.0,3225111.8263888885,-0.2904953592243395
3567.0,5510.0,3249075.206597222,-0.32663948139737164
3890.0,5510.0,3290146.539930556,-0.37040168322919265
3890.0,5510.0,3396507.7482638885,-0.36480821279467035
3890.0,5510.0,3420814.8541666665,-0.36381956546689104
4012.0,5510.0,3453231.409722222,-0.39853603618701205
4012.0,5510.0,3444306.331597222,-0.4129482670345108
4012.0,5510.0,3389410.8732638885,-0.43187520979638017
4012.0,5510.0,3370553.359375,-0.431639055021401
4012.0,5510.0,3406171.5763888895,-0.4350025582364626
4012.0,5510.0,3412981.6927083335,-0.43630647780874604
4012.0,5494.0,3380183.7708333335,-0.43020325814032295
4012.0,5520.0,3386383.055555556,-0.4315275284576364
4012.0,5520.0,3390713.109375,-0.43225714009330024
4012.0,5520.0,3378900.1597222225,-0.43451835779303777
4012.0,5520.0,3378112.6597222225,-0.4482515109818653
4012.0,5520.0,3396241.3315972225,-0.4442253448998295
4012.0,5520.0,3417375.5833333335,-0.4432837758852812
4012.0,5520.0,3464490.8177083335,-0.45457508668399565
4033.0,5520.0,3500607.159722222,-0.46741995117389873
4033.0,5520.0,3609739.0677083335,-0.45737109490644634
4033.0,5597.0,3626355.159722222,-0.4499270698057305
4033.0,6062.0,3824667.0815972225,-0.36682516089267536
4033.0,6062.0,4008624.1388888885,-0.3501215183436635
4033.0,6062.0,4133641.4565972225,-0.3659201830942667
4235.5,6062.0,4222109.0,-0.4061968396795846
4499.0,6062.0,4308044.609375,-0.43460979528427074
4499.0,6062.0,4492558.972222222,-0.4063196412429171
4499.0,6062.0,4700758.055555556,-0.3925553307413646
4671.0,6062.0,4751922.817708333,-0.42245538283358836
4671.0,6062.0,4720848.770833333,-0.46168879869293394
4671.0,6062.0,4712976.706597222,-0.4638431045236567
4671.0,6062.0,4684251.138888889,-0.46423047025949554
4671.0,6062.0,4659364.243055555,-0.4623331527578201
4671.0,6062.0,4635046.692708333,-0.4591714839794433
4671.0,6062.0,4667455.805555556,-0.4632935188602531
4671.0,6030.0,4656605.748263889,-0.4617682491312773
4671.0,6030.0,4646968.123263889,-0.4606590198202896
4671.0,6030.0,4604877.039930555,-0.46664188512096805
4671.0,6030.0,4596659.956597223,-0.4914456840375449
4671.0,6030.0,4717706.359375,-0.4848377759651226
4671.0,6030.0,4846524.743055556,-0.49097532344302974
4839.0,6030.0,4936874.873263889,-0.5098204763067181
4953.0,6030.0,5002588.326388889,-0.5330468638351188
4953.0,6030.0,5131595.326388889,-0.5265562786022921
4953.0,7094.0,5484037.789930555,-0.43885299190798166
4953.0,7094.0,5712822.859375,-0.3881594319732014
4953.0,7094.0,5976952.289930555,-0.3606275472203717
4953.0,7094.0,6109925.25,-0.37127478232367295
5098.5,7094.0,6166962.805555556,-0.38919682357038343
5317.0,7094.0,6249676.138888888,-0.40858229856664535
5317.0,7094.0,6452423.664930555,-0.389812643047006
5317.0,7094.0,6498514.581597223,-0.38981720023606353
5467.5,7094.0,6911592.055555555,-0.40173421134427173
5467.5,7094.0,6902297.909722223,-0.4808724484018754
5467.5,7094.0,6764407.388888888,-0.5097164730235155
5467.5,7094.0,6707245.416666667,-0.5105454772459599
5467.5,7094.0,6742258.401041667,-0.5126001615342578
5467.5,7094.0,6755853.388888889,-0.5137048209701962
5467.5,7165.0,6780027.039930556,-0.51594951119495
5467.5,7165.0,6787117.638888889,-0.5165713269797098
5467.5,7165.0,6773486.159722221,-0.5156332746171685
5467.5,7165.0,6913697.581597223,-0.5093017624094826
5467.5,7165.0,6992467.984375,-0.4685428570744235
5317.0,7165.0,6880444.0,-0.41310482776611285
5135.5,7165.0,6787079.373263888,-0.32755157100991106
4686.5,7165.0,6724379.109375,-0.24799830161441058
4071.5,7165.0,6669631.9375,-0.1891122529157128
4071.5,7165.0,6493666.555555555,-0.14267944853205436
4071.5,7162.0,6005694.888888888,-0.1379408471964246
4071.5,7162.0,5553895.067708333,-0.15958467858472028
4071.5,7162.0,5124924.567708333,-0.17777598334836883
4071.5,7162.0,4887967.692708333,-0.16520009498908125
4000.5,7162.0,4744306.083333333,-0.12387200049876748
4000.5,7162.0,4562059.833333333,-0.09625746678220662
4000.5,7162.0,4111858.206597222,-0.20694683576641923
4000.5,7162.0,3780792.9722222225,-0.25603967239967
3823.0,4839.0,3067116.8177083335,-0.6286842639980907
3715.0,4831.0,2906559.9427083335,-0.5793639503336975
3715.0,4831.0,2979996.7065972225,-0.506445187630544
3715.0,4831.0,2961137.664930556,-0.5113874289216673
3715.0,4831.0,2924275.6927083335,-0.5080271907891378
3715.0,4831.0,2916341.8177083335,-0.5064207821867399
3715.0,4774.0,2880199.0399305555,-0.49776790561340384
3715.0,4708.0,2865319.2482638895,-0.49408637250526394
3715.0,4708.0,2869800.7430555555,-0.49492212331328467
3715.0,4708.0,2799409.206597222,-0.5093131005458321
3715.0,4708.0,2799419.2760416665,-0.5522086369759717
3715.0,4708.0,2849307.4010416665,-0.5462618249362894
3823.0,4894.0,3027107.206597222,-0.5371125400520053
4000.5,4894.0,3121204.9982638885,-0.5661512033558866
4268.5,5099.0,3310522.472222222,-0.5522878062997421
4268.5,5198.0,3459397.3541666665,-0.5218358391370289
4268.5,6027.0,3768095.206597222,-0.418705482024794
4268.5,6027.0,3978175.206597222,-0.36969924885689276
4268.5,6027.0,4130792.0260416665,-0.3629770554506986
4268.5,6027.0,4172377.0763888895,-0.3698986079463745
4413.0,6027.0,4269252.805555556,-0.39791309214906917
4582.5,6027.0,4345078.555555555,-0.41687173242490533
4582.5,6058.0,4586133.243055556,-0.3796773603555904
4728.0,6058.0,4744821.555555555,-0.3992747480872708
4884.5,6058.0,4849121.164930555,-0.4548930104589686
5022.0,6058.0,4875122.067708333,-0.5628717349957086
5022.0,6058.0,4769211.289930555,-0.5928451615035369
5022.0,6058.0,4833448.248263889,-0.5885358388357731
5022.0,6058.0,4840817.401041667,-0.5888806377016682
5022.0,6058.0,4768421.166666667,-0.5826646773878817
5022.0,6058.0,4769576.638888889,-0.5828008221644633
5022.0,6156.0,4798554.354166667,-0.5866279437652107
5022.0,6156.0,4793474.416666667,-0.5861300349039908
5022.0,6156.0,4796823.623263889,-0.5856768897454021
5022.0,6156.0,4787433.409722223,-0.6281611003990133
5084.0,6156.0,4939545.998263889,-0.637662254310502
5084.0,6535.0,5203546.333333333,-0.6004487915383886
5153.5,6535.0,5249922.138888889,-0.6167718367814358
5153.5,6535.0,5237616.581597223,-0.6152218596303228
5153.5,6535.0,5320383.998263888,-0.6122578705768599
5153.5,6535.0,5328448.826388889,-0.6107653006602488
5153.5,6535.0,5262740.956597221,-0.6152421279646171
5153.5,6535.0,5247021.623263889,-0.6150260888097794
5153.5,6535.0,5228006.664930556,-0.606379472975774
5074.0,6535.0,5206842.206597222,-0.5994808144266733
4969.5,6535.0,5157145.159722223,-0.5696562641849214
4969.5,6535.0,5051257.901041667,-0.5851423261572528
4969.5,6535.0,5045866.526041667,-0.5853582976738236
4850.5,6535.0,4983719.972222223,-0.5627446629731672
4660.0,6535.0,4954929.993055555,-0.46699495433163296
4660.0,6535.0,5090440.222222223,-0.4360514303082272
4660.0,6535.0,5097294.493055556,-0.43596179416407393
4660.0,6535.0,5090821.359375,-0.43555293808255746
4660.0,6535.0,5170090.039930556,-0.44295217775839885
4660.0,6535.0,5203436.414930555,-0.446903217666994
4660.0,6520.0,5193799.326388889,-0.4456795058391081
4660.0,6520.0,5224849.456597222,-0.44875246067875457
4660.0,6520.0,5288811.692708333,-0.44298096611029175
4660.0,6520.0,5308085.305555555,-0.3829877357927506
4553.0,6520.0,5119808.743055555,-0.36530832405214536
4474.5,6151.0,4723152.020833333,-0.3981311341010467
4374.0,6151.0,4600480.081597221,-0.356612981872061
4374.0,6151.0,4575742.664930555,-0.3563685841236027
4374.0,6151.0,4565384.831597222,-0.3588952110363777
4374.0,5785.0,4452977.305555555,-0.3909689634356582
4374.0,5785.0,4477020.388888889,-0.3862692393915087
4374.0,5785.0,4422501.776041667,-0.39128242415757675
4374.0,5785.0,4458709.326388889,-0.3957419281032637
4374.0,5785.0,4448496.039930555,-0.3942444728867061
4474.5,5785.0,4532871.5,-0.4130540236847496
4474.5,6881.0,4860016.164930556,-0.3070042995046448
4474.5,6881.0,4892965.442708333,-0.3035567488930704
4341.5,6881.0,4874136.706597222,-0.29247527397000717
4341.5,6881.0,4874409.354166667,-0.29207218769416216
4341.5,6881.0,4829604.123263889,-0.2996629702518093
4341.5,6881.0,4825823.123263889,-0.29969132256969266
4341.5,6881.0,4848888.826388889,-0.30161736768968217
4341.5,6881.0,4841453.270833333,-0.30056794866456105
4341.5,6863.0,4815483.270833333,-0.2965179638913787
4341.5,6819.0,4803540.326388889,-0.2945945625765241
4341.5,6819.0,4803807.539930556,-0.2946350228801682
4341.5,6819.0,4802806.854166667,-0.29466983298735866
4341.5,6819.0,4817392.289930555,-0.28076794810485384
4106.0,6819.0,4774332.456597222,-0.2253720177874878
3694.0,6819.0,4748701.081597223,-0.1509811590984167
3271.5,6819.0,4755422.409722223,-0.08718280068296612
3271.5,6819.0,4620842.743055555,-0.01864402993802161
3271.5,6819.0,4343061.409722222,-0.0013896721533288804
3271.5,6819.0,4134543.4982638885,-0.005214835030270374
3271.5,6819.0,3945991.734375,-0.016161354230959473
3271.5,6819.0,3767070.9565972225,0.03031108369158775
3271.5,6819.0,3614342.305555556,0.08171892049336166
3271.5,6819.0,3536866.4149305555,0.09982970404972931
3271.5,6819.0,3381119.409722222,0.1296212806736236
3271.5,5563.0,2809913.055555556,-0.24277811539950245
3271.5,4633.0,2496011.484375,-0.4213214494627445
3052.0,4633.0,2403060.659722222,-0.3702482570908086
2959.0,4633.0,2407346.4149305555,-0.30437458060770184
2959.0,4633.0,2454726.6666666665,-0.2799893885653535
2959.0,4633.0,2505659.6510416665,-0.2798286824158348
2959.0,4633.0,2541690.743055556,-0.28740702947097374
2959.0,4633.0,2550329.4149305555,-0.2897611398610531
2959.0,4733.0,2576765.5677083335,-0.2976344897225565
2959.0,4736.0,2597202.3055555555,-0.3036116271610295
2959.0,4736.0,2600662.7430555555,-0.30446677709309355
2959.0,4736.0,2599055.7760416665,-0.3049041295059538
2959.0,4736.0,2604506.4565972225,-0.2694845641944862
2925.0,4736.0,2580518.1388888895,-0.23887128049120088
2925.0,4736.0,2593091.2899305555,-0.25675682573397524
3005.5,4736.0,2599449.9097222225,-0.2756341470705128
3005.5,4736.0,2582526.5833333335,-0.26230664561525807
3005.5,4736.0,2527094.2482638885,-0.2624869844223402
3005.5,6867.0,3170560.055555556,0.24287030907757828
3005.5,6867.0,3237846.4982638885,0.2500590028730133
3005.5,6867.0,3229341.1232638885,0.2564899430131101
3005.5,6867.0,3225146.9722222225,0.26000102536197744
2963.0,6867.0,3132198.6388888895,0.33433963472376826
2963.0,6867.0,3068080.1875,0.39590532825392494
2963.0,6867.0,2904411.2482638895,0.4182883866210313
2963.0,6867.0,2874084.914930556,0.429317353356774
2963.0,6867.0,2869570.7899305555,0.4527687080973041
2963.0,6867.0,2869726.8315972225,0.4059268787477339
2963.0,6867.0,2813014.331597222,0.38404818299627347
2963.0,6867.0,2763097.7430555555,0.39672109457971
2963.0,6867.0,2786918.7065972225,0.3833979758236508
2963.0,6889.0,2813706.25,0.3681152249432088
2963.0,6889.0,2810731.484375,0.3698343079119288
2963.0,6889.0,2812927.7222222225,0.3685477494104355
2963.0,6889.0,2837861.0555555555,0.3548661601087639
2963.0,6889.0,2882752.8541666665,0.3492906565384809
2963.0,6889.0,2890257.7760416665,0.36258267614583023
2993.0,6889.0,2903001.4010416665,0.3397891207644192
2993.0,6889.0,2902713.493055556,0.34014619461690687
2993.0,6889.0,2902265.6597222225,0.3410446335725444
2941.5,6889.0,2887360.055555556,0.3683514852747177
2941.5,6889.0,2906029.456597222,0.3592646910639027
2941.5,4951.0,2124710.623263889,-0.34846338224778745
2941.5,3771.0,1892901.6649305553,-0.5653011705293967
2941.5,3771.0,1922577.1388888888,-0.5538030747719049
2941.5,3771.0,1906961.123263889,-0.5542600238613462
2957.5,3771.0,1947737.7222222222,-0.5689729633983845
2978.0,3771.0,1998572.7708333333,-0.5816314057662882
2978.0,4147.0,2062747.2708333333,-0.5409725009061779
2978.0,4147.0,2057626.1649305557,-0.5429613437911079
2978.0,4147.0,2059700.409722222,-0.5543965968445465
2978.0,4147.0,2067675.409722222,-0.46496104905173374
2978.0,4147.0,2116088.109375,-0.4087625509295073
2978.0,4147.0,2176821.859375,-0.39824535493777174
2978.0,4147.0,2152565.4982638885,-0.39353699035826684
2978.0,4139.0,2142448.359375,-0.3906294921653871
2978.0,4168.0,2153562.3263888885,-0.39396080758095625
2978.0,4168.0,2159057.222222222,-0.3956195182870777
2978.0,4168.0,2158875.1510416665,-0.3955665335816663
2978.0,4168.0,2151361.972222222,-0.3972191600024561
2978.0,4168.0,2146534.888888889,-0.423650183079764
2821.0,4168.0,2119625.3055555555,-0.3895694496558807
2821.0,4168.0,2098813.659722222,-0.3737880634004649
2821.0,4168.0,2092709.4930555553,-0.36689271651417893
2833.0,4168.0,2118265.3263888885,-0.3867987434592722
2833.0,4168.0,2147934.0815972225,-0.37319202008526725
2833.0,4701.0,2300578.222222222,-0.27463722865798423
2833.0,4701.0,2367896.6510416665,-0.2587500146875486
2833.0,4701.0,2385938.3263888885,-0.2565377837652562
2705.5,4701.0,2364738.222222222,-0.14089230523298063
2523.0,4701.0,2307934.6388888885,-0.04859622471451665
2523.0,4701.0,2386735.7899305555,-0.039715592485725114
2523.0,4868.0,2522557.6649305555,0.02913011507139455
2523.0,4868.0,2606818.706597222,0.03804071125879901
2259.5,4868.0,2730414.8263888885,0.14157892522642726
2259.5,4868.0,2839816.6388888895,0.18268286347377535
2259.5,4868.0,2848021.7899305555,0.18605963823386665
2259.5,4868.0,2827494.8732638885,0.18696635039737336
2259.5,4868.0,2821218.243055556,0.18818611103455044
2259.5,4868.0,2812428.984375,0.19067529516787257
2259.5,4866.0,2807572.8315972225,0.19230220144492768
2259.5,4840.0,2800828.743055556,0.19455928685862936
2259.5,4840.0,2794508.873263889,0.19660934865244942
2259.5,4840.0,2759355.2430555555,0.18818046713652
2304.0,4840.0,2760165.359375,0.1814328898463975
2304.0,4840.0,2894518.4375,0.11319443780308829
2304.0,4840.0,2967426.25,0.06954759178207272
2304.0,4840.0,3026810.659722222,0.027539577269612227
2304.0,4840.0,3020819.1927083335,0.032291687166316786
2304.0,4840.0,3023737.0399305555,0.03226527634115526
2304.0,4840.0,3015616.6232638895,0.02961233566323409
2304.0,4840.0,3012826.1232638885,0.02946131636132876
2304.0,4840.0,2979254.6388888895,0.03560061232429461
2850.5,4840.0,2988560.3177083335,-0.0659215464062304
3260.0,4840.0,3030269.0763888895,-0.15681380700844924
3260.0,4840.0,2954059.414930556,-0.14787914703028515
3260.0,4988.0,2986270.484375,-0.1316814931311553
3260.0,4988.0,2925100.9982638895,-0.13672666269452177
3260.0,4988.0,2769716.109375,-0.2411154973898368
3260.0,4988.0,2621755.609375,-0.2927744075961831
3260.0,4988.0,2591967.4930555555,-0.30403948461645725
3260.0,4988.0,2582596.659722222,-0.3040232933280155
3260.0,4988.0,2550622.1666666665,-0.299254627587672
3260.0,4988.0,2419117.9166666665,-0.286021420584618
3260.0,4975.0,2297308.456597222,-0.25215849247622907
3260.0,5006.0,2303801.8263888885,-0.2555452361605892
3260.0,5006.0,2307936.8263888885,-0.25760357850630344
3260.0,5006.0,2334927.8333333335,-0.2542626717651387
3260.0,5006.0,2333263.7708333335,-0.2910757305226933
3260.0,5006.0,2332078.388888889,-0.2911891342962548
3260.0,5006.0,2391732.5833333335,-0.28985159903409863
3260.0,5006.0,2436263.9930555555,-0.2970352161308062
3263.5,5006.0,2436535.206597222,-0.2974964176072454
3263.5,5006.0,2433027.9149305555,-0.29767893591205535
3263.5,5006.0,2362536.331597222,-0.3277500765781321
3263.5,5006.0,2438136.331597222,-0.2998315425445487
3263.5,5006.0,2432492.0815972225,-0.2971988097456554
3138.5,5006.0,2424545.9010416665,-0.27980600488584517
3030.0,5006.0,2399333.748263889,-0.24567357739004858
3030.0,5006.0,2376724.581597222,-0.22402254300023058
3030.0,4597.0,2265577.4982638895,-0.2963980639550332
3030.0,4597.0,2263137.9427083335,-0.2964787169499588
3030.0,4597.0,2263952.0208333335,-0.31197825159711656
3030.0,4597.0,2268441.6927083335,-0.3068716820660054
3030.0,4597.0,2281484.7899305555,-0.3020420545780918
3030.0,4597.0,2301086.1597222225,-0.30464214275751306
3030.0,4597.0,2206499.138888889,-0.3046381251169649
3030.0,4597.0,2349831.5833333335,-0.33126385709405964
3030.0,4638.0,2481401.8055555555,-0.35778392565994954
3030.0,4638.0,2484070.123263889,-0.3586951435419926
3030.0,4638.0,2484070.123263889,-0.3586951435419926
3030.0,4638.0,2510380.081597222,-0.355332448359323
3030.0,4638.0,2507436.1232638885,-0.3356192184726794
3030.0,4638.0,2471670.6510416665,-0.33673725095250384
3030.0,4638.0,2478704.1510416665,-0.33435653258122083
3030.0,4638.0,2432006.706597222,-0.3354438484561602
2975.0,4638.0,2418898.8888888885,-0.3144321312766564
2975.0,4638.0,2436021.326388889,-0.31015733177547933
2975.0,4765.0,2526284.706597222,-0.2651178468876245
2975.0,4788.0,2554358.664930556,-0.2492510027118707
2975.0,4788.0,2630132.8888888885,-0.2516669658287496
2976.0,4788.0,2681576.472222222,-0.29122061192051946
3001.5,4788.0,2683122.4982638895,-0.29466744950222884
3001.5,4788.0,2706621.3263888885,-0.31421157285494916
3001.5,4808.0,2770459.734375,-0.2879615635020372
3001.5,4808.0,2798946.8315972225,-0.2886440405150375
3117.5,4808.0,2805487.8333333335,-0.3094673890774211
3117.5,4808.0,2794356.6649305555,-0.32150919327802047
3117.5,4808.0,2800812.0833333335,-0.3194639573538963
3117.5,4808.0,2803048.331597222,-0.31958697808573383
3117.5,4808.0,2924193.984375,-0.310673453486903
3117.5,4808.0,2915487.305555556,-0.30884416734141884
3117.5,4780.0,2902199.664930556,-0.30539709897972445
3117.5,4767.0,2899459.3055555555,-0.3046788783875464
3117.5,4767.0,2893689.1666666665,-0.3033019653817234
3117.5,4767.0,2902985.4565972225,-0.3028556241492885
3117.5,4767.0,2903673.414930556,-0.3194387433271963
3117.5,4767.0,2979487.3732638885,-0.3213548224225497
3117.5,4767.0,2983228.3263888885,-0.32089262034601246
3117.5,4767.0,2998321.493055556,-0.32585922311008514
3117.5,4767.0,2999011.234375,-0.32910362553662403
3117.5,4767.0,2959463.6649305555,-0.3260073653078347
3117.5,4767.0,2830575.2760416665,-0.35358703710334066
3117.5,4767.0,2794833.9166666665,-0.36976854585840074
3117.5,4767.0,2761938.4010416665,-0.3729452289716361
3117.5,4767.0,2738195.3888888885,-0.36430129961291613
3095.0,4767.0,2736794.373263889,-0.36135365031192207
3095.0,4767.0,2728530.873263889,-0.35694634693758404
3095.0,4546.0,2603995.2708333335,-0.4071551520193294
3095.0,4546.0,2506092.4930555555,-0.39006010041609046
3002.5,4546.0,2493870.2899305555,-0.3611807762556935
3002.5,4546.0,2505640.9930555555,-0.3437370989643319
3002.5,4546.0,2533255.9427083335,-0.334576464068231
3002.5,4546.0,2551017.123263889,-0.3351821965511042
3002.5,4546.0,2563903.9149305555,-0.33673662134556753
3002.5,4546.0,2511154.1875,-0.3295084008591776
3002.5,4546.0,2501467.5555555555,-0.32684524220574424
3002.5,4486.0,2489747.1388888885,-0.32342969199073485
3002.5,4486.0,2467401.7899305555,-0.3178545026861206
3002.5,4486.0,2423973.722222222,-0.3243234792212634
3002.5,4486.0,2420811.5260416665,-0.3087356820905625
3002.5,4486.0,2296793.8541666665,-0.32042704297409275
3002.5,4486.0,2164263.5260416665,-0.3323373796074178
3002.5,4486.0,2100305.3055555555,-0.3224629861164259
2983.0,4486.0,2098720.9982638885,-0.3198430563033701
2983.0,4486.0,2114257.1041666665,-0.3150021043910413
2983.0,4486.0,2194807.4565972225,-0.2732648225489802
2983.0,4307.0,2128700.234375,-0.31934659986456215
2983.0,4454.0,2229131.659722222,-0.26197971561789396
2983.0,4454.0,2208116.4565972225,-0.2518266755982251
3066.5,4454.0,2236201.8732638885,-0.2739376023976275
3038.0,4454.0,2210883.1666666665,-0.25756667417793006
3038.0,4454.0,2272989.3732638895,-0.22790603793529218
3038.0,4454.0,2353693.222222222,-0.24662444298129008
3038.0,4454.0,2353570.5555555555,-0.24600125211388946
3038.0,4454.0,2336363.4427083335,-0.27844648503681596
3038.0,4454.0,2310102.6927083335,-0.2856117866188563
3038.0,4454.0,2244379.7482638885,-0.28308440725455686
3038.0,4454.0,2259729.2899305555,-0.2881083539750983
3038.0,4491.0,2329633.8055555555,-0.3076226017288309
3038.0,4530.0,2346764.472222222,-0.3138048875198106
3038.0,4575.0,2370562.609375,-0.32240529874133905
3038.0,4575.0,2396121.909722222,-0.32940482541953875
3038.0,4575.0,2389357.055555556,-0.3316557251164513
3038.0,4575.0,2398247.3177083335,-0.2818523920594398
3038.0,4575.0,2401007.993055556,-0.28335278460291324
3038.0,4575.0,2436710.388888889,-0.3009698504937085
2975.5,4575.0,2426714.373263889,-0.2885099247901878
3020.0,4575.0,2429903.076388889,-0.2945295100336035
3020.0,4575.0,2435808.8055555555,-0.2935484820781721
3020.0,5234.0,2597470.5763888885,-0.18642113523273884
3020.0,5234.0,2528514.2899305555,-0.19044897550804665
3020.0,5234.0,2409942.1388888895,-0.2241053521152784
3020.0,5234.0,2448917.831597222,-0.24088596648443703
3020.0,5234.0,2446466.831597222,-0.23957259290267774
3020.0,5234.0,2466127.6875,-0.25570593300678496
3020.0,5234.0,2469519.9097222225,-0.25410034180354174
3020.0,5234.0,2457879.2760416665,-0.2549803822448433
3026.5,5234.0,2466040.4166666665,-0.27719009786614623
3026.5,5234.0,2466119.7760416665,-0.2769476847858205
3026.5,5234.0,2444479.0555555555,-0.28761289526942374
3026.5,5234.0,2498710.3541666665,-0.2850208458760112
3026.5,5234.0,2491591.0260416665,-0.28338799835499684
3026.5,5234.0,2490229.8055555555,-0.28296255052620556
3026.5,5234.0,2449683.4930555555,-0.27115682604175945
3026.5,5210.0,2444846.326388889,-0.2692919014639645
3026.5,5210.0,2442721.6649305555,-0.2685886075009795
3026.5,5210.0,2434158.206597222,-0.27153241805443207
3026.5,5210.0,2430424.5399305555,-0.2791693328819307
3026.5,5210.0,2546749.1649305555,-0.27786859240267237
3026.5,5415.0,2857179.5260416665,-0.16084869166507568
3239.0,5415.0,2953606.9010416665,-0.21242222380519082
3453.5,5415.0,2977399.9166666665,-0.24508320739788872
3453.5,5415.0,2952907.8732638885,-0.239393236004181
3453.5,5415.0,2745415.9149305555,-0.31277611774381053
3453.5,5415.0,2861880.9565972225,-0.30220170452448014
3453.5,5415.0,2835805.3263888895,-0.2916956738097806
3453.5,5415.0,2850155.2899305555,-0.2961759095191984
3430.5,5415.0,2847548.6232638885,-0.29372718745228643
3421.0,5415.0,2846427.8541666665,-0.29274051174657045
3421.0,5415.0,2788745.0260416665,-0.301335745360132
3421.0,5415.0,2754238.6232638895,-0.2898268424877665
3421.0,5415.0,2749877.4565972225,-0.270167139698434
3421.0,5415.0,2750999.2430555555,-0.2679880291792084
3421.0,5415.0,2796254.789930556,-0.2535670931802412
3421.0,5415.0,2779491.7708333335,-0.2526505581823995
3421.0,5415.0,2792289.5833333335,-0.2555636856914843
3421.0,5415.0,2791269.5399305555,-0.25527472436543325
3421.0,5418.0,2838805.081597222,-0.2671395382866799
3421.0,5434.0,2842790.1666666665,-0.2683092986621616
3421.0,5434.0,2851711.472222222,-0.2705606658539291
3421.0,5434.0,2883585.6041666665,-0.2627577685361783
3421.0,5434.0,2873471.8888888885,-0.29125618702240325
3421.0,5434.0,2762998.6510416665,-0.28123447087524406
3421.0,4583.0,2446016.3315972225,-0.4541357027795776
3421.0,4583.0,2429924.956597222,-0.45993325918214417
3421.0,4583.0,2456303.9166666665,-0.46271494551030606
3421.0,5852.0,2868810.805555556,-0.19550957922190418
3421.0,5852.0,3120536.0815972225,-0.11427461969749966
3421.0,10152.0,5295704.333333333,1.1101686993602116
3421.0,12214.0,8839756.138888886,1.4684832636317955
3421.0,12214.0,11808634.039930558,1.3162246828235742
3452.0,17241.0,19339677.9375,1.5006125360619944
3526.5,17525.0,26497235.484375,1.3316281835787018
3526.5,22964.0,39802581.609375,1.3622308249922246
3599.0,22964.0,48207088.25,1.119474527968705
3786.5,22964.0,51861762.62326389,0.8913478635944407
3999.0,22964.0,51692817.33159722,0.7566058079918229
4849.5,22964.0,50813951.58159723,0.6243217974726134
5001.5,22964.0,49200800.24305556,0.6258537505579385
5001.5,22964.0,47950786.317708336,0.6446607932985889
5001.5,22964.0,47136658.192708336,0.6628906117542451
5001.5,22964.0,46495790.826388896,0.6797849762127539
5001.5,22894.0,45537137.083333336,0.7049617932015527
5001.5,22100.0,44757863.270833336,0.7280027894016666
5516.0,21905.0,42874520.99305555,0.7430714870570712
5768.0,21905.0,42575510.16493056,0.5870514153803389
8147.0,21905.0,45588219.30555556,0.4149112255754237
10898.5,21905.0,49377392.333333336,0.2720307524047896
11713.0,21905.0,51800983.58159722,0.11544811003439627
11949.5,21905.0,50613600.609375,-0.04037119267620766
12166.0,21905.0,51227444.55555556,-0.2002968673434085
13224.0,21905.0,52206813.776041664,-0.35553912616717637
15186.5,21905.0,53984990.873263896,-0.4597653539621094
16499.0,21905.0,54951074.833333336,-0.5302728901770037
17050.0,21905.0,56011434.833333336,-0.6117499943871002
16499.0,21905.0,55455057.020833336,-0.5841135494125045
16031.5,21905.0,54929257.248263896,-0.5671115387995098
16031.5,20047.0,52548699.55555556,-0.6203991760535181
16031.5,20047.0,51357577.520833336,-0.6297064499527749
16025.0,20047.0,51232061.62326389,-0.6260241430218466
16025.0,20047.0,51636303.604166664,-0.5894970604630488
16025.0,20047.0,53476731.026041664,-0.49398036831176506
16025.0,20047.0,54294193.63888889,-0.4912588583402756
16025.0,20047.0,54895392.826388896,-0.4946236245905699
16025.0,20047.0,54045753.70659723,-0.4887472690285796
16025.0,20265.0,54256966.942708336,-0.49142082929325936
16025.0,20513.0,55223645.05555556,-0.5021713546100655
16025.0,20513.0,55601792.45659722,-0.5059521162233468
16025.0,20513.0,56768244.888888896,-0.49458835906894894
16025.0,20513.0,57235576.78993056,-0.40613299963924354
15319.5,20513.0,55192043.47222223,-0.3721308714296722
15319.5,19892.0,52277813.78993055,-0.3890952564645623
15319.5,19892.0,50476097.32638889,-0.4120841461058475
14705.0,19892.0,49946402.47222223,-0.3962295568615872
14705.0,19892.0,51238830.99305556,-0.37362358146606794
14705.0,27177.0,58720108.62326389,-0.0995399651941049
14705.0,32955.0,75328408.78993054,0.3436374586527373
14705.0,32955.0,80906610.24305555,0.31675559696421635
14705.0,32955.0,86162744.69270833,0.29008784459922654
15164.5,32955.0,90088872.06770833,0.20886570580723077
15237.0,32955.0,97346028.83333333,0.14910604969044575
15237.0,32955.0,109102468.58159722,0.17904208151572173
15237.0,32955.0,110340971.74305554,0.1475724250576296
15237.0,32955.0,111994563.0763889,0.09453682829859428
15237.0,32955.0,110877884.03993057,0.05753656233320467
15237.0,32955.0,110399201.16493057,0.05531225667524995
15237.0,32955.0,108888956.49305554,0.05857977927722388
15237.0,32955.0,108940965.66493054,0.05818951327707498
15237.0,32955.0,110445678.30555554,0.047199344604688845
15237.0,32955.0,110519042.60416667,0.04654438984878584
15237.0,32926.0,110484239.33159721,0.04686884554538736
15237.0,32926.0,110429257.40972222,0.047342318721400496
15237.0,32926.0,110282806.359375,0.04774111976573772
15237.0,32926.0,110289218.984375,0.047826528266051264
15237.0,32926.0,110604168.80555557,0.06828953003490149
14622.5,32926.0,110578724.66493054,0.08289921639386208
13906.0,32926.0,110695912.65972221,0.15057391601384695
13978.5,32926.0,110697258.58159722,0.1438840263746133
13978.5,32926.0,109434361.16493054,0.18551276699505134
13978.5,32926.0,102558634.47222221,0.22982292440449206
13978.5,31184.0,87170517.7482639,0.12531166220499293
13978.5,31184.0,81187388.90972222,0.18866428171981456
13978.5,31184.0,78515201.47222222,0.17584154593315698
13978.5,31184.0,78208833.56770833,0.1754166553070464
13978.5,31184.0,71811456.19270833,0.1344922695030218
13978.5,22132.0,59344256.888888896,-0.23527868502002758
13978.5,25511.0,64237403.55555556,-0.1241687326864994
13978.5,25511.0,63781401.576388896,-0.12673554512570148
13858.5,25511.0,63768619.90972222,-0.12304082130547415
13858.5,25511.0,63982287.873263896,-0.11928337247059
13858.5,25511.0,65354252.08159723,-0.11855282933010049
13858.5,25511.0,65492443.97222223,-0.11988638307891254
13858.5,25511.0,65661342.72222223,-0.12201262767115736
13858.5,25511.0,65683329.16493055,-0.12230736602071511
13858.5,25596.0,65765899.13888889,-0.12347481504920257
13858.5,25596.0,65680074.0,-0.12242935357086887
13858.5,25596.0,65729049.984375,-0.12240332654587548
13858.5,25596.0,65773832.07638889,-0.1205109903197659
14156.5,25596.0,65832067.47222222,-0.14303230180623397
14355.0,25596.0,66753971.109375,-0.1757068129397691
15102.5,25596.0,67881876.15972222,-0.2541375577626169
15925.0,25596.0,68639638.08333333,-0.28125877124459775
16391.0,25596.0,72109289.8263889,-0.28797753068520066
16391.0,25596.0,73905557.15104167,-0.2936944700161893
16391.0,25596.0,77398888.24305557,-0.28686350773624514
17690.5,25596.0,82448147.24826388,-0.31517517327522676
17690.5,25596.0,81060857.30555557,-0.31563156503044754
17690.5,25596.0,81391409.99826388,-0.3133980118944794
17690.5,25596.0,82532480.1388889,-0.31701944158855894
17690.5,25698.0,86641798.02083333,-0.2841112284363814
17690.5,25698.0,84825474.58333333,-0.3056143250240346
15654.0,26178.0,90322747.33159721,-0.15195972468483376
15654.0,26178.0,90321174.08159721,-0.15362051471298108
15654.0,26178.0,90161005.65972222,-0.15593191063053813
15654.0,26178.0,89122901.49305555,-0.15821562283358026
15654.0,26178.0,87569105.65972221,-0.15534925612660042
15654.0,26178.0,87210136.13888888,-0.1530118206085681
15654.0,26178.0,87054911.65972221,-0.15187288660542353
15654.0,26178.0,87007310.95659722,-0.1514839946170116
15654.0,26178.0,87174653.02604167,-0.15263074043379377
15654.0,26178.0,87177841.03993055,-0.15262500624284828
15654.0,26178.0,87202353.8263889,-0.1519619755406903
15692.5,26178.0,87204057.31770833,-0.15298737415803432
15442.5,26178.0,87034982.66493057,-0.14799653364391754
15442.5,26178.0,87829824.1875,-0.16128319095515004
15442.5,26178.0,89386306.609375,-0.18294354783633232
15442.5,26178.0,90604161.859375,-0.17701638055020022
15442.5,29086.0,98040442.3888889,-0.11137494108366336
15442.5,29086.0,99964007.83159721,-0.10259481299515429
15442.5,29086.0,103918510.7482639,-0.07107491825641823
15442.5,29086.0,104354924.27083333,-0.07590372583477151
15442.5,29086.0,104101195.9982639,-0.07519842914319179
15442.5,29086.0,103888663.16493057,-0.07359006469462902
15442.5,29086.0,103044890.63888888,-0.07808562854769269
15442.5,29086.0,104462388.97222221,-0.07369953650987164
18460.5,28561.0,98209113.3888889,-0.220238310811929
18460.5,28561.0,98325576.90972222,-0.21262801872575685
18460.5,28561.0,98512053.70659722,-0.21119353970568783
18460.5,28561.0,99193170.02604167,-0.2113614283716597
18460.5,28561.0,100635923.15104167,-0.2157394481818029
18460.5,28561.0,100993453.8263889,-0.2180231842359994
18460.5,28561.0,101191400.65104167,-0.21938568544509585
18460.5,28406.0,100686676.20659722,-0.21585169649519298
18460.5,28406.0,100414210.109375,-0.21405140046289442
18460.5,28406.0,100257333.80555557,-0.21405426913214953
18460.5,28406.0,100220061.70659722,-0.21467419112311564
18460.5,28406.0,100408045.1388889,-0.2000082727981819
18290.0,28406.0,100350659.45659721,-0.19609692712026575
15286.0,28406.0,99419815.81770833,-0.1280795319198175
14779.5,28406.0,97836884.28993057,-0.07706605657803044
14779.5,28406.0,95130546.08159721,-0.061722707497905246
14779.5,27721.0,88098248.5763889,-0.11674819695458452
14779.5,27721.0,83718656.12326388,-0.12773492537910788
14779.5,27258.0,83156528.30555555,-0.13886568459159077
14779.5,27258.0,88311689.66493054,-0.10367445143567912
14779.5,27258.0,87243244.15104167,-0.10069776153675533
14779.5,27258.0,85135070.91666667,-0.06376004318325194
14779.5,28635.0,89684197.99305557,8.031767536536053e-05
14779.5,28635.0,89261776.99305555,-0.0030071930317586318
14779.5,28635.0,88022217.31770833,0.006067016582781174
15495.5,28635.0,88010608.52083333,-0.02852450514513313
15495.5,28635.0,87935293.3732639,-0.029151441632864285
15495.5,28635.0,88139329.9982639,-0.02980851230762097
15495.5,28635.0,88364874.859375,-0.031570850485661675
15495.5,28635.0,87714710.5,-0.025323663069738264
15495.5,28461.0,87526172.4375,-0.023242088929643145
15495.5,28691.0,87884117.33159722,-0.02715308908316538
15495.5,28691.0,87833583.49826388,-0.02665358108077511
15495.5,28691.0,87473417.57638888,-0.02630760614109451
15495.5,28691.0,87131451.85416667,-0.03437070310957852
15735.0,28691.0,87130652.24305557,-0.0756599271688904
15735.0,28691.0,87014510.91666667,-0.06863811093087502
16055.5,28691.0,87452145.90104167,-0.1163679560094832
16626.5,28691.0,87788474.35416667,-0.13683211283434057
16626.5,28691.0,88532324.08159722,-0.1444173091211692
16626.5,32123.0,100325098.94270833,-0.01096211060459395
16626.5,32123.0,103046917.07638888,-0.0331729306253792
16626.5,32123.0,105951645.02083333,-0.003971891993605981
16626.5,32123.0,105747562.70659721,-0.004909625898129273
16626.5,32123.0,105680196.52604167,-0.003911504885997902
16875.5,32123.0,106591946.15972222,-0.038259779848109896
16875.5,32123.0,101189573.53993054,-0.06362095080212044
16875.5,32123.0,103014941.80555557,-0.055731048227398806
16875.5,32123.0,107402568.47222221,-0.07466292351696795
16875.5,32123.0,107403078.08159721,-0.08063168339049627
16875.5,32123.0,106477027.3263889,-0.087779394448852
16875.5,32123.0,104851396.30555558,-0.08555902753225764
16875.5,32123.0,104164761.63888888,-0.08101476380723502
16875.5,32123.0,104137078.97222221,-0.0808002492678514
16875.5,32123.0,103706079.44270833,-0.07697409639936162
16875.5,31934.0,103475274.02083333,-0.07473678319528664
16875.5,31934.0,103465792.74305554,-0.07465318607619122
16875.5,31934.0,102819769.75,-0.07419778743819257
16875.5,31934.0,101333161.90972222,-0.1206685210077245
17506.5,31934.0,102759671.02604167,-0.18535000700942675
18530.0,31934.0,103242664.41493054,-0.22234267896679616
18530.0,31934.0,103185089.55555557,-0.21358787190334375
18593.5,31934.0,103200395.03993054,-0.21507124347574705
18593.5,31934.0,103477471.4982639,-0.2190924912056882
18593.5,29569.0,94167983.55555557,-0.330189860011397
18593.5,29569.0,95060489.20659721,-0.32653526610895495
18279.0,26372.0,86169432.40104167,-0.38575864644271246
17203.5,26372.0,80262107.8888889,-0.3722089310869316
17203.5,26372.0,79672666.85416667,-0.3663939309235245
16884.5,26372.0,78661500.95659722,-0.33713350316393187
16884.5,26970.0,82441509.90972222,-0.28383924261202387
16884.5,26970.0,82081347.95659722,-0.28980194968880535
16884.5,26970.0,76555501.66493057,-0.302402103331689
16884.5,26970.0,76729242.78993054,-0.2517211453384196
16884.5,26970.0,77764661.58159722,-0.23935402019830967
16884.5,26970.0,79285382.80555554,-0.2399672477507742
16884.5,26970.0,80066341.22222222,-0.24558849968690252
16884.5,26970.0,80747480.83159722,-0.25165148262377474
16884.5,27077.0,81299382.63888888,-0.25675698595079893
16884.5,27223.0,81579149.2482639,-0.259499623185903
16884.5,27223.0,81973552.65972221,-0.26293856396761617
16884.5,27223.0,83311071.609375,-0.2601465153640299
16884.5,27223.0,84820069.2482639,-0.18590409751605091
16532.5,27223.0,82310075.37326388,-0.07554751039674262
14452.0,27223.0,80678711.41666667,0.005398331691335157
12342.0,27223.0,80196849.15972222,0.07756116495852294
12342.0,27223.0,79209998.5,0.13414433953016427
12342.0,27223.0,76512421.484375,0.15893529573933568
12342.0,28246.0,82317970.7482639,0.23962932698475317
12342.0,28246.0,77161945.359375,0.23408208732561792
12342.0,28246.0,75862240.359375,0.27095226724870547
12342.0,28246.0,85266230.8263889,0.27105134409794907
12342.0,28246.0,83962456.9982639,0.2976187171408811
12342.0,28246.0,84614105.41493054,0.2796961643276026
12342.0,28725.0,86609157.77604167,0.30936828004816225
12342.0,28725.0,81265014.12326388,0.2911472942437711
12342.0,28725.0,81105162.1875,0.29501422627569435
12886.5,28725.0,81108933.984375,0.27989786627422947
12886.5,28725.0,79508469.40972222,0.24047831480025467
12886.5,28725.0,79158945.19270833,0.24264696203602845
12886.5,28725.0,78801439.83159722,0.24715836738035946
12886.5,28725.0,77320753.49305554,0.2670458302067712
12886.5,28725.0,76852457.91493055,0.27495300832392755
12886.5,28491.0,76343439.2482639,0.2840160056137332
12886.5,28213.0,75663293.8732639,0.2957486456480655
12886.5,28213.0,74799709.99826388,0.3018766607338559
12886.5,28213.0,73874336.109375,0.2715233663160173
13232.5,28213.0,73707737.109375,0.22780393802299465
13708.5,28213.0,73713487.5,0.20491227939250425
14150.0,28213.0,73574223.12326388,0.16183814675018546
14273.5,28213.0,73992700.07638888,0.11236627710456294
14273.5,28213.0,75364480.80555557,0.08518016736209831
14273.5,28213.0,68223562.52604167,-0.01589423704395978
14273.5,28213.0,67346724.08159722,0.0014430243832368559
14273.5,28213.0,67879913.33159722,-0.023108826050201113
14273.5,28213.0,61142895.20659723,-0.14781542170158868
14273.5,28213.0,61298976.08159723,-0.1516440566169639
14273.5,28213.0,61996431.666666664,-0.157798136572826
14273.5,21270.0,54508900.373263896,-0.43558964696931324
14273.5,21270.0,53082531.166666664,-0.4548752189953727
14273.5,21270.0,52100490.41493056,-0.4235799205791563
14273.5,21270.0,52489424.166666664,-0.35888210063381065
14273.5,21270.0,53430968.401041664,-0.30678098403782716
14273.5,21270.0,53854929.651041664,-0.3078615602539271
14273.5,21270.0,53864362.05555556,-0.30796163979794106
14273.5,21331.0,55155146.123263896,-0.3216014577352512
14273.5,21656.0,55617736.63888889,-0.3279898057592952
14273.5,21787.0,56103245.41493056,-0.3346839299677667
14273.5,21787.0,56299966.49305555,-0.3367176952766211
14273.5,21787.0,56595336.05555556,-0.3346877163003049
14273.5,21787.0,56772870.28993055,-0.31506884569474136
14273.5,21787.0,56720342.0,-0.30994040632095693
14480.5,21787.0,56815260.359375,-0.31692283222365775
14620.5,21787.0,57312240.359375,-0.3388677303469915
14620.5,21787.0,57032517.65972223,-0.3316094652638761
14620.5,21787.0,56307565.20659723,-0.34029696340910304
14620.5,21787.0,55809454.326388896,-0.3504671285247879
14620.5,21787.0,55889596.62326389,-0.3509524827257936
14620.5,21787.0,55957662.47222223,-0.35141189258959626
14620.5,21787.0,54165045.498263896,-0.36598169317243884
14620.5,21787.0,54377317.326388896,-0.3662133949543591
14620.5,21787.0,53768036.66493056,-0.37266281213950386
14620.5,22432.0,54349173.82638889,-0.35405027448534176
14620.5,22432.0,54733515.833333336,-0.3502368719986397
15291.0,22432.0,56157297.15972222,-0.3779950423006184
15291.0,22432.0,56040776.326388896,-0.3875645619351253
15291.0,22432.0,56657109.192708336,-0.3711749157996263
15291.0,22432.0,56245398.82638889,-0.37182401000585996
15291.0,22432.0,56247940.58159722,-0.37184069529068076
15291.0,22432.0,55933639.90972223,-0.3685445103383492
15291.0,22432.0,55875023.0,-0.3677735780609727
15291.0,22239.0,55657496.45659722,-0.36481858860256006
15291.0,22239.0,55637719.37326389,-0.3646107513417326
15291.0,22239.0,55371136.49305555,-0.36647062390427093
15291.0,22239.0,55902598.916666664,-0.3365717045953645
15292.5,22239.0,56049919.151041664,-0.34893338767743803
15292.5,22239.0,56014933.526041664,-0.34654522003095534
14581.5,22239.0,58235694.57638889,-0.18578921307056095
14581.5,22239.0,58834906.80555556,-0.19688553260187505
14581.5,22239.0,56885034.748263896,-0.1840828727578501
14581.5,22239.0,56084481.74305555,-0.19562836849303367
14581.5,22239.0,55779686.888888896,-0.19369306386336343
14581.5,22239.0,55504975.25,-0.19191420732851294
14581.5,22239.0,55188618.076388896,-0.18969449904767496
14581.5,22239.0,54853281.78993056,-0.18907243992444867
14581.5,22239.0,54437839.873263896,-0.19052619515997005
14581.5,21085.0,53360644.984375,-0.2228516212498553
14581.5,21085.0,53047643.33159723,-0.22691147727508362
14581.5,21085.0,51516397.08159723,-0.21383340721788247
14581.5,21085.0,51468581.1875,-0.2261119379867626
14581.5,21085.0,51350419.24305555,-0.2293428356865601
14581.5,21085.0,50651509.66493055,-0.2351930501954556
14581.5,21085.0,50621539.72222223,-0.23493632746264514
14581.5,21085.0,50794132.74305555,-0.23711634825437752
14581.5,21055.0,50768260.97222223,-0.23671382483671774
14581.5,21157.0,50861681.72222222,-0.23818081828242116
14581.5,21157.0,51024292.567708336,-0.24023034481760297
14581.5,21157.0,50877581.55555556,-0.24202176056599897
14581.5,21157.0,50540263.020833336,-0.26745199862786323
13747.0,21157.0,50192969.03993056,-0.2444774515774316
13048.0,21157.0,49900155.99826389,-0.22503420910942737
13495.0,21157.0,47494473.9375,-0.36954367140396793
13495.0,21157.0,47069653.234375,-0.3670607250511577
13495.0,21157.0,49157460.38888889,-0.3581317991736183
13495.0,21157.0,50401281.20659722,-0.32685319811533914
13495.0,21157.0,50221340.520833336,-0.32522628806052034
13495.0,21157.0,49823559.833333336,-0.3203639853355634
13495.0,21157.0,49600673.58159722,-0.31795901319616204
13495.0,21157.0,50533257.80555556,-0.31216045057248426
13495.0,21157.0,51321271.13888889,-0.3055806788529181
13495.0,24197.0,54250691.138888896,-0.2034735177204383
13495.0,24197.0,56138621.32638889,-0.17859457746066734
13495.0,24197.0,56297139.66493056,-0.18561902555151344
13495.0,24197.0,56215209.026041664,-0.2041175510992021
13495.0,24197.0,56045843.82638887,-0.20751237606431552
13495.0,24197.0,56745245.30555556,-0.20518504550589
13495.0,24197.0,56775555.55555556,-0.20549746038093047
13495.0,24197.0,56722330.692708336,-0.20474334785083287
13495.0,24197.0,56634745.53993056,-0.2033344821041004
13495.0,24001.0,56140954.47222222,-0.19548153643975302
13495.0,24001.0,56081011.57638889,-0.1945639202794227
13495.0,24001.0,55817950.33159723,-0.1966256025615954
13495.0,24001.0,55538194.70659723,-0.22411097781226147
14355.5,24001.0,55771483.47222223,-0.2514740454524776
15161.0,24001.0,56144402.234375,-0.2863491298114061
15630.5,24001.0,56531444.47222222,-0.3128067258261953
15630.5,24001.0,56793485.138888896,-0.3192383243281547
15630.5,24001.0,58136683.833333336,-0.3025846800700974
15630.5,24001.0,59801222.748263896,-0.26828357627752036
15630.5,24001.0,61467246.99826389,-0.2813405465301906
15630.5,24001.0,62863745.416666664,-0.3026283257242079
15630.5,24001.0,63260984.62326389,-0.313116219715019
15630.5,24001.0,62520322.20659722,-0.3052610010424548
15630.5,24001.0,62621194.442708336,-0.30536537872178915
15630.5,26366.0,65214092.576388896,-0.2257915029132524
15630.5,26366.0,67734909.03993055,-0.187206557337937
15693.0,26366.0,67914156.38888888,-0.19655987493480617
15693.0,26366.0,67905874.16493055,-0.19764181547557122
15693.0,26366.0,67377827.12326388,-0.20702764404958574
15693.0,26366.0,66920679.55555556,-0.20679216998560787
15693.0,26366.0,66136531.526041664,-0.20005284906316625
15693.0,26366.0,65876230.47222222,-0.1966247005769313
15693.0,26072.0,65441113.770833336,-0.1902832631514093
15693.0,26317.0,65735142.55555556,-0.1946157724700432
15693.0,26317.0,65693000.65972222,-0.19402155338226668
15693.0,26317.0,65668781.15972223,-0.19413316815037085
15693.0,26317.0,65542426.55555556,-0.25573554354164507
16193.0,26317.0,67776625.70659722,-0.30740637500016116
16832.0,26317.0,70069546.24305557,-0.35076430377758294
17447.0,26317.0,71030117.0763889,-0.3849169615648323
17575.0,26317.0,71094545.52083333,-0.3877001133633617
17575.0,26317.0,70163726.80555557,-0.3869150058397828
17575.0,26317.0,69666612.58159722,-0.3930352172474583
17575.0,26317.0,69744115.60416667,-0.39336331512881756
17575.0,26317.0,69344919.45659722,-0.3876463627878458
17099.5,26317.0,69086903.83159722,-0.3772008493426635
16648.5,26317.0,68756982.65972222,-0.3627028909665778
16648.5,26317.0,67853292.05555555,-0.3455863506325225
16648.5,23821.0,62392917.66493056,-0.4686291439537909
16648.5,21901.0,57953060.57638889,-0.5406205188677824
16606.0,21901.0,57538224.942708336,-0.4998880420892354
16606.0,21901.0,58063668.66493055,-0.4574005937568128
16606.0,21901.0,59048162.37326389,-0.4367700560175553
16606.0,21901.0,59706642.32638889,-0.4349129273688706
16606.0,21901.0,60574353.151041664,-0.43919171834230414
16606.0,21901.0,61063447.83159723,-0.44370024942935077
16606.0,22125.0,61658033.63888889,-0.44944296487379254
16606.0,22213.0,61970263.30555555,-0.45263847490842596
16606.0,22213.0,62123458.020833336,-0.45392296944657806
16606.0,22213.0,62954939.942708336,-0.4462931127752822
16606.0,22213.0,63329769.498263896,-0.35085819830422504
14967.0,22213.0,60203919.15972222,-0.2931521919570799
12986.5,22213.0,56478734.30555555,-0.24857466123459768
12510.0,22213.0,54156880.97222223,-0.19228948584141775
12510.0,22213.0,53147171.20659722,-0.16910763057307435
12510.0,22213.0,51948168.567708336,-0.1802251219984049
12510.0,20392.0,48721663.99305556,-0.2637645637420689
12510.0,20392.0,45823415.888888896,-0.29016084802825914
12510.0,20392.0,44189430.0,-0.29713113625198795
12510.0,20392.0,44679959.609375,-0.29403131248646724
12510.0,20392.0,45261405.58159723,-0.2925165052638171
12510.0,20392.0,45320293.020833336,-0.2920921614693652
12510.0,20738.0,45618748.05555555,-0.2805718004172753
12510.0,20738.0,46123023.38888889,-0.2716795145767411
12510.0,20738.0,47247162.72222223,-0.29980200868939044
12510.0,20738.0,47162992.72222223,-0.31316296021004947
12510.0,20738.0,47054148.16493056,-0.3161390551070527
12510.0,20738.0,47098935.03993055,-0.31600960193258226
12510.0,20738.0,47130696.15972223,-0.31631270401928235
12510.0,20738.0,47176987.53993055,-0.3170110999497989
12510.0,20738.0,47072475.901041664,-0.31530268300487396
12510.0,20777.0,47106438.604166664,-0.31589833970425535
12510.0,20777.0,47150667.748263896,-0.3165416252911018
12510.0,20777.0,46988515.66493056,-0.3180478265318528
12510.0,20777.0,46911427.70659723,-0.32618927665061787
13251.5,20777.0,47146841.083333336,-0.3484968002979067
13313.5,20777.0,47173616.66493055,-0.3528707474568844
13339.0,20777.0,47192564.97222223,-0.3557278050498029
13339.0,20777.0,47614983.0,-0.3662898877868594
13339.0,20777.0,47995653.9375,-0.3608032765233907
13339.0,20777.0,48325197.12326389,-0.354642135063163
13339.0,20777.0,48744858.401041664,-0.3620788271175874
13339.0,20777.0,48752554.57638889,-0.36226863981335367
13339.0,20777.0,47984389.91493056,-0.35888595272722623
13339.0,20777.0,47644770.817708336,-0.35903773758455304
13339.0,20777.0,47718417.53993056,-0.35868858934739617
13339.0,22566.0,49358772.138888896,-0.29401563466854247
13339.0,22566.0,49180822.62326389,-0.29639974336135416
13339.0,22566.0,48222362.88888889,-0.27097463091949414
13339.0,22566.0,48242899.16493055,-0.2674094215712256
13339.0,22566.0,48170943.24826389,-0.26937735700286225
13339.0,22566.0,48222642.57638889,-0.26934161996787087
13339.0,22566.0,48043478.41493055,-0.2675116827646926
13339.0,22566.0,48012808.53993055,-0.2670039823010982
13339.0,22566.0,48090622.28993055,-0.26836648414008235
13339.0,22503.0,48035249.99305555,-0.2673362026100768
13339.0,22503.0,48005686.234375,-0.266863424587506
13339.0,22503.0,48156492.13888889,-0.2657557593073062
13339.0,22503.0,48175827.88888889,-0.263680673688492
12862.0,22503.0,48004820.076388896,-0.24953492518059078
12938.5,22503.0,48029991.40972223,-0.2528490651887794
13253.5,22503.0,48147480.83159723,-0.26504752746025984
13253.5,22503.0,47874290.123263896,-0.2587501039021392
13253.5,22503.0,48594828.30555556,-0.24569417970991372
13253.5,22503.0,48558853.359375,-0.24631515508531185
13253.5,22503.0,48344490.859375,-0.24310678597717178
13253.5,22503.0,48307525.888888896,-0.24214543541218847
13253.5,22503.0,48241813.498263896,-0.2409174947801247
13253.5,22503.0,49588784.6875,-0.23397863699539262
13253.5,22503.0,49842981.87326389,-0.2334231508864889
13253.5,21612.0,48990905.888888896,-0.26628400687201353
13253.5,21612.0,49106280.08159723,-0.2648016020714529
13253.5,21612.0,49217916.1875,-0.27106648620280943
13253.5,21612.0,49130512.0,-0.2931481677993823
13253.5,21612.0,49133974.88888889,-0.29305286075937964
13253.5,21612.0,49183682.076388896,-0.2930328338518078
13253.5,21612.0,49467594.359375,-0.29576930574832333
13253.5,21612.0,49430719.99305555,-0.29522732362918697
13253.5,21612.0,49464999.70659723,-0.29578653932948074
13253.5,21555.0,49250504.333333336,-0.29231415567217994
13253.5,21555.0,49217302.942708336,-0.2918316366700205
13253.5,21555.0,48957655.58159722,-0.2939839799455677
13253.5,21555.0,48895707.53993055,-0.30053618046217195
13575.0,21555.0,48991964.416666664,-0.3103582648782936
14043.5,21555.0,49272623.99826389,-0.33326391519632426
14464.0,21555.0,49597501.40972222,-0.35246607526633245
14464.0,21555.0,49604050.0,-0.3526862804410809
14464.0,21555.0,48604569.623263896,-0.36898154453936105
14464.0,21555.0,49544970.66493055,-0.3473576529344212
14464.0,21555.0,51656235.55555555,-0.34031749329450045
14464.0,21555.0,52232300.49305555,-0.3518959351977009
14464.0,21555.0,52511287.734375,-0.3576182981943336
14464.0,21555.0,51151187.576388896,-0.3589930380993976
14464.0,21555.0,50634334.520833336,-0.3584126744432322
14464.0,20325.0,49599404.833333336,-0.39255718540309026
14464.0,20325.0,49756912.70659723,-0.3901415207236594
14581.0,20325.0,49812372.33159723,-0.39295883200476833
14581.0,20325.0,49875054.16493056,-0.37804641282517265
14581.0,20325.0,48598860.41493055,-0.47482256994246214
14581.0,20325.0,48086030.416666664,-0.4771313079858778
14581.0,20325.0,47924838.416666664,-0.4756709066742497
14581.0,20325.0,47879125.151041664,-0.47504783076391593
14581.0,20405.0,47953251.53993056,-0.47622688175199496
14581.0,20405.0,48001458.076388896,-0.47692709169329106
14581.0,20405.0,48057760.49826389,-0.4776724860905772
14581.0,20405.0,48063273.576388896,-0.477610468936449
14581.0,20405.0,48147765.6875,-0.47003645202105687
14581.0,20405.0,48032371.95659723,-0.44886034303760225
13634.0,20405.0,47767935.359375,-0.42047003706313435
12981.5,20405.0,47443314.1875,-0.39907179482606703
12981.5,20405.0,47253364.74305555,-0.39106244397295314
