2000.0,2514.0,271495.109375,-1.558024130268206
2000.0,1153.0,130490.53993055555,0.10949831329924972
2000.0,1153.0,131813.10416666666,0.12648216806800733
2000.0,1153.0,130993.99305555555,0.10478819898667617
2021.0,1153.0,130809.2222222222,0.09080982772849452
1979.0,1153.0,130465.63888888888,0.11960922179929635
1979.0,1153.0,130705.12326388888,0.11647100061315423
1979.0,1153.0,124075.05555555556,0.09044299841908315
1979.0,1153.0,115180.52083333333,0.06750857294018783
1979.0,1182.0,121104.57638888888,0.151568554758726
1979.0,1182.0,117809.77604166667,0.1075595795860041
1979.0,1182.0,112810.38888888889,0.1489929719195653
1979.0,1182.0,113247.07638888888,0.13818697741127609
1979.0,1182.0,119260.359375,0.09559024591015983
1979.0,1182.0,122364.41493055555,0.08508123382063443
1979.0,1182.0,128670.70659722223,0.08749725827063366
1979.0,1182.0,130098.9565972222,0.07960465502481309
1979.0,1182.0,131032.1875,0.09845257965998533
1979.0,1182.0,131704.5763888889,0.10123372854738126
1979.0,1182.0,129829.49826388888,0.11779452644748838
1979.0,1275.0,138191.8263888889,0.04179046638812222
1979.0,1275.0,138983.88888888888,0.035342690440579354
1979.0,1275.0,144270.484375,0.0017724814021597153
1979.0,1275.0,149711.109375,-0.012670033552495493
1979.0,1275.0,148623.6649305556,-0.011607755656489919
1979.0,1275.0,147981.4375,-0.017565984069260663
1979.0,1275.0,146556.58159722222,-0.0427650227152387
1979.0,1275.0,146513.15972222222,-0.04498382408821582
1969.5,1275.0,146553.03993055553,-0.03879051502073194
1958.5,1275.0,146530.734375,-0.03162402409802244
1958.5,1275.0,144173.58159722222,0.016819304236843594
1958.5,1275.0,140145.66493055556,0.04037907066869435
1958.5,1275.0,140805.1232638889,0.0360858213797373
1958.5,1181.0,133391.24305555556,-0.05056623531049256
1958.5,1260.0,137558.08159722222,0.003133022405367962
1958.5,1260.0,142716.25,-0.03308490823039047
1958.5,1260.0,143695.0,-0.04714807065369354
1958.5,1260.0,140876.83159722222,-0.04524293593564718
1958.5,1260.0,137655.47222222222,-0.038545758573448906
1958.5,1260.0,129962.5815972222,-0.052018070832129726
1958.5,1260.0,125664.4722222222,-0.027996485667469248
1958.5,1260.0,125490.12326388888,-0.0325301215748337
1958.5,1260.0,130947.99826388888,-0.028576775946302806
1958.5,1260.0,129433.38888888888,-0.025080329313382537
1958.5,1214.0,122864.5,0.02800623143596875
1958.5,1214.0,118755.15972222223,0.05674193253055115
1958.5,1167.0,111586.53993055556,0.11631212769363113
1958.5,1131.0,104454.9722222222,0.16789145185364798
1958.5,1131.0,101862.15972222223,0.18023535503059565
1958.5,1131.0,101842.81770833333,0.18010216949241112
1958.5,1131.0,104932.02083333333,0.20925562979792017
1958.5,1131.0,106283.95659722225,0.24810150014904764
1894.0,1131.0,107224.16666666667,0.2928444774403176
1860.5,1131.0,107269.41493055555,0.31812008699376454
1860.5,1131.0,109183.2222222222,0.2680173695324481
1860.5,1131.0,117944.2065972222,0.2561996796143145
1860.5,1174.0,134825.91666666666,0.3418885063390411
1860.5,1174.0,138409.85416666666,0.36048726724089064
1860.5,1174.0,128311.35416666667,0.308716168553154
1860.5,1174.0,130422.90972222223,0.305958179963919
1851.5,1174.0,128702.35416666667,0.40862145226872415
1851.5,1174.0,124913.91493055555,0.48118921234296985
1851.5,1174.0,125667.33333333333,0.47337567324958973
1851.5,1174.0,131211.33333333334,0.4410114024731294
1851.5,1174.0,134359.49826388888,0.39472205080993505
1900.0,1174.0,133205.9375,0.3415917235074984
1900.0,1143.0,128421.16493055555,0.3781238528449436
1900.0,1143.0,125160.7065972222,0.39910245791957016
1900.0,1148.0,125354.91666666667,0.3968798164367457
1900.0,1148.0,123211.27604166667,0.4150692535311441
1900.0,1148.0,121539.24826388888,0.4246978107934386
1900.0,1148.0,123774.12326388888,0.41273582947776644
1900.0,1148.0,123297.62326388888,0.4139563980054687
1900.0,1148.0,124906.4375,0.4137060876671421
1900.0,1148.0,123324.2065972222,0.414481792790231
1900.0,1148.0,123037.15104166667,0.4123736835807951
1920.5,1148.0,121647.37326388889,0.38024014334550277
1959.0,1148.0,121294.05555555555,0.35502931733283843
1959.0,1148.0,121446.24305555555,0.35176282641382745
1959.0,1148.0,116342.90972222223,0.36017482738576456
1959.0,1053.0,102797.87326388888,0.2284917839510062
1959.0,885.0,95637.4565972222,0.13767096915561627
1959.0,903.0,96580.859375,0.14578665429151288
1959.0,903.0,95478.0815972222,0.13814117446501212
1989.5,903.0,97363.90104166667,0.02313821017378391
1989.5,903.0,98490.88888888888,-0.01760216776934972
1989.5,903.0,99128.99826388889,-0.019413323152545264
1989.5,903.0,96273.74826388889,-0.03440210148188186
1989.5,903.0,93755.4097222222,-0.012769886041182784
1959.0,903.0,94062.66493055555,0.024211353139384016
1959.0,903.0,96646.27604166667,0.004819401027854915
1959.0,904.0,101006.35416666667,-0.02329479033580777
1959.0,975.0,103920.85416666667,-0.05829965784456671
1959.0,975.0,102140.91666666667,-0.05930840839942435
1959.0,975.0,105491.15104166667,-0.0680018579763369
1959.0,975.0,107356.41666666667,-0.07597008844787899
1959.0,975.0,108045.72222222223,-0.07323728758001875
1959.0,975.0,106559.63888888888,-0.0840952759618262
1959.0,975.0,107857.33159722223,-0.07482535328078108
1959.0,975.0,108628.78993055555,-0.06317854291050319
1943.0,975.0,110706.52604166667,-0.0013538189401059765
1889.5,975.0,110906.22222222223,0.03824919323093552
1889.5,975.0,108563.0815972222,0.09538936024348198
1889.5,975.0,106786.07638888888,0.09770997799704316
1889.5,975.0,106716.08333333333,0.09730690133808864
1889.5,1085.0,112351.63888888888,0.1627152457630977
1889.5,1085.0,114759.78993055555,0.18396473224894938
1889.5,1085.0,113663.90104166667,0.18091569991271367
1889.5,1085.0,111712.02604166667,0.20906482578669494
1889.5,1085.0,114240.49826388888,0.18938366300513673
1889.5,1085.0,114097.52083333333,0.1896816632452769
1889.5,1085.0,112165.47222222223,0.19530818607576475
1889.5,1085.0,114320.33333333333,0.17508319416053209
1835.0,1085.0,115244.37326388889,0.20900775994695756
1835.0,1085.0,113805.24305555556,0.21614772553110412
1835.0,1085.0,113182.30555555556,0.22142097927912285
1835.0,1095.0,113599.35416666667,0.21572761871240134
1835.0,1095.0,118820.49826388889,0.1967655997081959
1835.0,1095.0,121990.6597222222,0.17270766855398845
1835.0,1095.0,124037.734375,0.15990304235470426
1835.0,1095.0,124367.12326388889,0.16104274418034123
1835.0,1095.0,126770.49826388888,0.17660622452322408
1835.0,1095.0,126645.33159722223,0.17580245157588784
1868.0,1095.0,125386.52083333333,0.14359925315361183
1868.0,1095.0,124943.41493055555,0.1368554504218669
1860.0,1095.0,125027.58159722223,0.14219037289878705
1860.0,1095.0,126101.85416666667,0.1074930479798851
1860.0,1095.0,122169.22222222223,0.19852585859211064
1860.0,1095.0,119489.33159722223,0.19608817094193604
1860.0,1042.0,112697.66493055556,0.1243805046730438
1860.0,945.0,106279.4565972222,0.05911422987017952
1860.0,945.0,102558.359375,0.04442437363819719
1860.0,945.0,102248.38888888889,0.04927895426744643
1860.0,945.0,96704.94270833333,0.09320851462164965
1860.0,945.0,91632.4097222222,0.10181182749929184
1860.0,945.0,87548.03993055556,0.11934224304687523
1860.0,945.0,85244.74305555556,0.11176862323698714
1894.0,945.0,85345.6875,0.03552560401169773
1894.0,945.0,85533.74305555556,0.03564289953025466
1894.0,945.0,87240.57638888889,0.02165845745311393
1894.0,952.0,87496.62326388889,0.018003406210308825
1894.0,952.0,88365.63888888888,0.009862102596363258
1894.0,952.0,86939.0,0.023814812566259103
1894.0,952.0,87501.62326388889,0.017795211744103586
1894.0,952.0,91222.30555555555,0.013591757662475685
1894.0,952.0,91222.30555555555,0.013591757662475685
1894.0,952.0,91113.3315972222,0.011826070136468374
1894.0,952.0,92040.03993055556,0.06323060124941175
1894.0,952.0,93586.3315972222,0.09615074038248064
1941.0,952.0,93956.4565972222,0.05853625015672616
1941.0,952.0,92440.2065972222,0.0806579405387832
1966.0,952.0,98392.33333333333,0.022997099925426215
1966.0,952.0,99190.66493055555,0.02959857445628161
1966.0,893.0,95466.3315972222,-0.017539421554417664
1966.0,995.0,99762.37326388888,0.04779515150522365
1966.0,995.0,100517.10416666667,0.05031265226736223
1966.0,995.0,99581.66493055555,0.06700774945814751
1966.0,995.0,100621.65104166667,0.04434626587444788
1966.0,995.0,99773.28993055555,0.05976994213804147
1966.0,995.0,98961.33333333333,0.07852025011885541
1966.0,995.0,98986.5815972222,0.07846140171614946
1913.0,995.0,98530.19270833333,0.11977241862530073
1913.0,995.0,97196.44270833333,0.11171128387829238
1913.0,1041.0,100651.44270833333,0.07280417345358267
1913.0,1090.0,104430.82638888888,0.02451050689897598
1913.0,1090.0,109159.15104166667,-0.01850737384563506
1913.0,1090.0,110253.77604166667,-0.021125375490663074
1913.0,1090.0,110221.80555555555,-0.02100836115721001
1913.0,1090.0,109695.99305555555,-0.020357762170595484
1913.0,1090.0,112746.12326388888,-0.009556560685379937
1913.0,1090.0,115690.91493055556,0.01789305288613114
1913.0,1090.0,115669.99826388889,0.017262861881625163
1913.0,1090.0,114495.05555555556,-0.00900958436039536
1817.0,1090.0,114244.38888888888,0.05998587991003423
1817.0,1090.0,113621.72222222223,0.07450221255253378
1817.0,1090.0,108008.859375,0.09117632573618438
1817.0,1090.0,102011.78993055556,0.06726668068007281
1817.0,1090.0,102050.88888888888,0.0676808775495094
1817.0,952.0,95469.83159722223,-0.044584658844264116
1817.0,952.0,90374.28993055556,-0.07489861811523599
1817.0,952.0,90878.03993055556,-0.07860834307408737
1817.0,952.0,90922.859375,-0.07871968694303065
1817.0,952.0,94182.55555555556,-0.08027879766603083
1817.0,952.0,99480.4097222222,-0.08075475855453958
1817.0,952.0,95756.24305555556,-0.07089657753404702
1752.0,952.0,95879.47222222223,-0.019154397046848706
1752.0,952.0,100855.88888888888,0.00488472637087518
1752.0,952.0,102375.90972222223,-0.00918993539001817
1752.0,966.0,102922.05555555556,-0.015291819105354805
1752.0,970.0,104005.30555555556,-0.02675405598772343
1752.0,970.0,108208.1875,-0.046124284879080185
1752.0,970.0,110277.80555555555,-0.048903787987463566
1752.0,970.0,112287.69270833333,-0.04435386089653026
1752.0,970.0,110459.63888888889,-0.06059998075765721
1752.0,970.0,110052.55555555555,-0.0643990134483251
1752.0,970.0,110226.81770833333,-0.055443165542771525
1752.0,970.0,111011.72222222223,-0.02273823320079982
1733.0,970.0,111141.15972222223,-0.008688334378329663
1733.0,970.0,109655.94270833333,0.04907750729334118
1733.0,970.0,107002.9565972222,0.11640931962687338
1733.0,970.0,107933.33333333333,0.1173461781745967
1733.0,961.0,105014.33333333333,0.08772295578637616
1733.0,899.0,99079.83159722223,0.0362430865684954
1733.0,899.0,102705.40972222223,0.05145735570247856
1733.0,899.0,102040.77604166667,0.05492654277091334
1733.0,899.0,104561.40972222223,0.06047302453090724
1733.0,899.0,101033.41493055555,0.05723996546537338
1733.0,898.0,95726.63888888889,0.029266910067219924
1733.0,898.0,97522.9375,0.025024340766303606
1718.5,898.0,97605.45659722223,0.036443806174908805
1718.5,898.0,96826.28993055556,0.03688397911749281
1718.5,898.0,94221.99826388889,0.054208129787203775
1718.5,898.0,89611.859375,0.08852583167206365
1718.5,876.0,88495.15972222223,0.1046148261065497
1718.5,867.0,87398.9375,0.11914864114337889
1718.5,867.0,87216.0,0.1208794654233261
1718.5,867.0,84580.70659722222,0.12282997582717904
1718.5,867.0,83737.81770833333,0.10526290566032952
1722.0,867.0,81814.08333333333,0.058384121128907805
1722.0,867.0,82754.40972222223,0.08649681650630611
1763.0,867.0,81929.57638888889,0.019281222076087342
1804.0,867.0,81938.74305555556,-0.03734065886534796
1810.0,867.0,83857.69270833333,-0.11085948848813723
1835.0,881.0,91251.65972222223,-0.15344336033075182
1835.0,900.0,94601.53993055556,-0.12276512512556807
1835.0,1016.0,100379.6875,-0.04150943292921078
1835.0,1016.0,105535.1875,-0.017067762522830276
1835.0,1016.0,107590.74305555556,-0.00698670504690584
1835.0,1016.0,107700.0815972222,-0.008771103760569842
1835.0,1016.0,106953.58333333333,-0.007636005714405369
1835.0,1016.0,108434.44270833333,-0.02089318798004413
1835.0,1016.0,113037.94270833333,-0.031650697212182805
1835.0,1016.0,112846.8315972222,-0.029741453480133087
1898.5,1016.0,112234.87326388889,-0.11122370383213095
1898.5,1016.0,110270.65104166667,-0.10880654517482734
1898.5,1016.0,110270.65104166667,-0.10880654517482734
1898.5,1036.0,115769.82638888888,-0.1452499968966773
1898.5,1036.0,116023.55555555556,-0.1474614089871163
1898.5,1036.0,114705.9375,-0.13896082043025723
1898.5,1036.0,113829.4375,-0.13448813028051212
1898.5,1036.0,115097.4722222222,-0.13155547783760027
1898.5,1036.0,114392.9375,-0.14477945554194188
1898.5,1036.0,114369.30555555555,-0.14543369480009452
1898.5,1036.0,112101.62326388888,-0.19137947310630132
1898.5,1036.0,113243.77083333333,-0.1493480840357309
1934.5,1036.0,113437.27083333333,-0.1753184669171302
1934.5,1036.0,114047.7065972222,-0.18571476787996133
1934.5,1036.0,111028.0815972222,-0.1879177793860834
1934.5,1036.0,110610.38888888888,-0.19065532325458712
1934.5,955.0,107405.27083333333,-0.23173618466145052
1934.5,1154.0,116129.8315972222,-0.10032369925631728
1934.5,1154.0,112711.24305555556,-0.10413994174338943
1934.5,1154.0,113128.66493055555,-0.11052169520421005
1934.5,1154.0,112047.31770833333,-0.10344428837471119
1934.5,1154.0,110886.30555555556,-0.09289111578180534
1934.5,1154.0,107761.53993055556,-0.09618568610211027
1934.5,1154.0,108839.99826388888,-0.10311143462060757
1891.5,1154.0,108534.81770833333,-0.07160039535741826
1891.5,1154.0,109620.45659722223,-0.07166191639019398
1891.5,1154.0,112662.9565972222,-0.09460633951193181
1891.5,1187.0,114116.38888888889,-0.11057119781423419
1891.5,1187.0,112560.78993055555,-0.09791099659661939
1891.5,1187.0,114679.72222222223,-0.11297723710360932
1891.5,1187.0,115166.6597222222,-0.11491648346884614
1891.5,1187.0,118972.10416666667,-0.12323601195595363
1891.5,1187.0,120559.87326388888,-0.09567739589531034
1891.5,1187.0,121582.37326388889,-0.07158896314632869
1891.5,1187.0,122240.75,-0.0460383157097967
1891.5,1187.0,123595.4375,-0.022080253127503693
1868.0,1187.0,123263.5815972222,-0.006412849528253453
1868.0,1187.0,121214.33333333333,0.03538569222836257
1868.0,1187.0,124814.33333333333,0.0365135819028383
1868.0,1187.0,123607.58333333333,0.0331456081708046
1868.0,1187.0,126223.06770833333,0.05382678890913872
1868.0,1050.0,118674.27083333333,-0.0485692973471792
1868.0,1050.0,123881.13888888888,-0.028695676476813075
1868.0,1050.0,125517.13888888888,-0.038239917046962946
1868.0,1050.0,123689.66493055555,-0.014933216765750627
1868.0,1050.0,125860.47222222223,-0.026419815828792714
1868.0,1050.0,124088.07638888888,-0.013589093891025472
1868.0,1050.0,120667.41666666667,0.027021369210738576
1833.0,1050.0,120635.57638888889,0.05213649293983035
1833.0,1050.0,119462.28993055555,0.04861974260169957
1833.0,1050.0,118309.63888888888,0.05697623504223955
1833.0,1068.0,119092.57638888888,0.04799714808841082
1833.0,1068.0,122150.12326388888,0.024093009419224782
1833.0,1167.0,129842.94270833333,-0.05361764588408735
1833.0,1167.0,130463.9722222222,-0.054430753903458
1833.0,1167.0,128937.2065972222,-0.05255328325495265
1833.0,1167.0,128656.5,-0.05684718026146144
1833.0,1167.0,129170.1597222222,-0.0477244180413233
1833.0,1167.0,129170.15972222223,-0.04772441804132328
1833.0,1167.0,127917.49305555556,-0.07551120578373835
1815.5,1167.0,127740.609375,-0.06378092696404754
1815.5,1167.0,128236.109375,-0.07810431584609738
1815.5,1167.0,126765.97222222223,-0.0843466358128346
1815.5,1167.0,128979.24305555555,-0.07282352430921313
1815.5,1259.0,133473.1875,-0.018927768007899953
1815.5,1259.0,134045.70659722222,-0.013987480571547445
1815.5,1259.0,130311.45659722223,-0.029619738106213007
1815.5,1259.0,129342.984375,-0.02625930675208319
1815.5,1259.0,129861.1875,-0.0343882990869796
1815.5,1259.0,127315.484375,-0.022993613452249335
1815.5,1259.0,131184.234375,-0.03444918895659157
1815.5,1259.0,132295.62326388888,-0.05550760853846349
1772.5,1259.0,132901.08333333334,-0.024246665724344373
1772.5,1259.0,133521.74305555556,-0.020674117975405536
1772.5,1259.0,132459.83159722222,-0.018024618790017932
1772.5,1259.0,134140.05555555553,-0.03310439853183227
1772.5,1259.0,131891.62326388888,-0.02037081293912492
1772.5,1197.0,128616.8315972222,0.0190228606591984
1772.5,1197.0,130981.94270833333,0.007169763321549964
1772.5,1197.0,128995.20659722223,0.004770529438059973
1772.5,1197.0,130198.6597222222,0.017564914428990983
1772.5,1197.0,130147.66493055555,0.016867882354165937
1772.5,1197.0,130087.8315972222,0.015028571028365658
1809.0,1197.0,129602.30555555555,-0.008948851549414858
1772.5,1197.0,129601.16493055555,0.016311541233464334
1772.5,1197.0,129589.27083333333,0.016606453197806993
1772.5,1197.0,128060.06770833333,0.016785611898718158
1772.5,1197.0,128917.91493055556,0.021994831734007042
1772.5,1140.0,126043.4722222222,-0.015301246588887912
1772.5,1140.0,127476.41493055555,0.0003659764217603004
1772.5,1157.0,136042.6388888889,0.05600453241296841
1772.5,1157.0,142095.5,0.05313168084763328
1772.5,1157.0,143705.03993055553,0.03455813706249346
1772.5,1157.0,141751.60416666666,0.08963140114655115
1772.5,1157.0,144067.77604166666,0.09059283767992644
1772.5,1157.0,143731.66493055553,0.09647465401787861
1772.5,1157.0,143948.91493055556,0.10131688645869456
1772.5,1157.0,147201.08333333334,0.10072388641856049
1772.5,1157.0,151782.78993055553,0.07980953498004677
1772.5,1201.0,153942.91493055553,0.06043678569063912
1772.5,1201.0,159894.57638888888,0.027556658752653274
1772.5,1201.0,155734.0,0.04910554469345775
1772.5,1201.0,154549.16493055553,0.05319788988539772
1772.5,1201.0,155019.28993055553,0.05503990274501538
1772.5,1201.0,155702.83159722222,0.059593064324657406
1772.5,1201.0,156807.65104166666,0.07107510628801816
1772.5,1201.0,156613.38888888888,0.06441664519102563
1746.5,1201.0,157015.25,0.08485345146780288
1724.5,1201.0,157197.05555555553,0.09833914552715639
1724.5,1201.0,156432.33159722225,0.12321093667251361
1724.5,1201.0,154020.97222222222,0.1392451415550045
1724.5,1201.0,147429.44270833334,0.14404733641689735
1724.5,1201.0,138172.49305555553,0.10299003401011714
1724.5,1201.0,135043.22222222222,0.07542511775166003
1724.5,1111.0,125544.32638888889,-0.005941190626865152
1724.5,1111.0,118654.06770833333,-0.046383232438999784
1724.5,1111.0,119028.4722222222,-0.046140219361120366
1724.5,1111.0,125854.65104166667,-0.08715269125142933
1724.5,1111.0,120734.91666666667,-0.11604526459123446
1724.5,1111.0,120030.47222222223,-0.1079800065281459
1724.5,1111.0,120585.91493055555,-0.08993482920950942
1724.5,1111.0,124364.87326388889,-0.10106650211018878
1724.5,1208.0,133136.53993055556,-0.17981751917337918
1724.5,1208.0,136786.40972222222,-0.21094292762335873
1724.5,1208.0,139199.28993055556,-0.22598144531840375
1724.5,1208.0,141555.1232638889,-0.22709497075297824
1724.5,1208.0,144606.70659722222,-0.22609036902455631
1724.5,1208.0,148786.05555555556,-0.20312579270659084
1724.5,1208.0,148468.234375,-0.20827474297103984
1724.5,1208.0,148453.1388888889,-0.2085592430494522
1716.5,1208.0,149998.24305555556,-0.1520504158277479
1719.0,1208.0,149989.62326388888,-0.15367274149854085
1693.0,1208.0,150064.19270833334,-0.13684130596398578
1693.0,1208.0,149539.58333333334,-0.12275119960154052
1693.0,1208.0,148683.81770833334,-0.12005790621441262
1693.0,1208.0,149579.33159722222,-0.11908846779702707
1693.0,1208.0,150633.1232638889,-0.11461271143792762
1693.0,1135.0,147250.40972222222,-0.14453745131828316
1693.0,1135.0,148369.24305555553,-0.13787299605574746
1693.0,1135.0,146830.90972222222,-0.1375788469641937
1693.0,1135.0,147095.52083333334,-0.13702015219214725
1693.0,1169.0,151027.19270833334,-0.11011059925502517
1693.0,1169.0,151357.74826388888,-0.10961931573060173
1693.0,1169.0,151828.25,-0.11354652559698525
1693.0,1169.0,151903.1388888889,-0.11111066753067105
1693.0,1169.0,151202.16666666666,-0.11080542729220516
1693.0,1176.0,151565.20659722222,-0.11390635704346591
1693.0,1176.0,151614.97222222222,-0.11428443106038297
1693.0,1176.0,147847.15104166666,-0.09734753313442832
1693.0,1176.0,149155.20659722222,-0.1008455525254046
1693.0,1176.0,145325.94270833334,-0.1033764080471248
1693.0,1176.0,144217.30555555556,-0.10458594014622956
1693.0,1176.0,143461.15104166666,-0.12013737788450202
1693.0,1176.0,142481.70659722222,-0.14460422588156505
1705.0,1176.0,140776.74305555556,-0.1970711554886088
1761.5,1176.0,141627.28993055553,-0.2559104817247258
1858.0,1176.0,143227.32638888888,-0.3389830052318999
1933.0,1176.0,147479.08333333334,-0.387585060991247
1933.0,1176.0,151878.65972222222,-0.3870753397619374
1933.0,1176.0,156800.58333333334,-0.36573489339640863
1933.0,1216.0,161651.4982638889,-0.33664513483319997
1933.0,1245.0,165896.49305555556,-0.3082395025702868
1933.0,1246.0,171100.33159722222,-0.2803656050084778
1933.0,1246.0,174977.6232638889,-0.2893942173194847
1933.0,1246.0,174576.78993055553,-0.288077853217622
1933.0,1246.0,175772.62326388888,-0.2824102740365321
1933.0,1246.0,178048.1649305556,-0.284001573582148
1927.0,1246.0,177764.15104166666,-0.2790368564125728
1927.0,1246.0,177645.57638888888,-0.28091007580392635
1927.0,1246.0,174351.0,-0.28360148548718495
1927.0,1218.0,168547.22222222222,-0.24616496303379742
1927.0,1142.0,163248.07638888888,-0.21071397146302026
1927.0,1142.0,159461.91493055553,-0.19913561776607416
1927.0,1142.0,150458.15972222222,-0.18195625259583498
1927.0,1142.0,147956.80555555553,-0.18402521335041372
1927.0,1142.0,149092.16666666666,-0.18729581541040355
1927.0,1142.0,148852.91666666666,-0.19014318267092503
1927.0,1142.0,149029.82638888888,-0.18754802781118232
1927.0,1142.0,148941.65972222222,-0.19000212712377917
1834.5,1142.0,149955.859375,-0.11795028509711862
1774.0,1142.0,149131.30555555553,-0.07778297554606252
1774.0,1142.0,146537.9982638889,-0.03941284652023105
1774.0,1142.0,145866.16666666666,-0.03848336582389301
1774.0,1142.0,144753.66493055556,-0.04175816358395749
1774.0,1142.0,144961.65972222222,-0.0404868589961741
1774.0,1142.0,144743.66493055556,-0.0420410330754876
1774.0,1136.0,143671.13888888888,-0.04944912968470025
1774.0,1136.0,143358.60416666666,-0.0495452836756612
1774.0,1136.0,146573.41493055553,-0.05480925105351037
1774.0,1136.0,143336.66493055553,-0.06691283746186436
1774.0,1136.0,143994.65104166666,-0.06589525032281474
1774.0,1136.0,144284.82638888888,-0.07205309317180325
1774.0,1136.0,144641.77083333334,-0.06730722332705467
1774.0,1136.0,147361.27083333334,-0.07497715822491809
1774.0,1125.0,146804.41493055556,-0.06997834856742399
1774.0,1186.0,150558.66493055556,-0.10485353308845037
1774.0,1186.0,153589.30555555556,-0.11640367194409208
1774.0,1186.0,157673.28993055553,-0.11175618123461903
1774.0,1186.0,159872.03993055556,-0.10607257015927818
1774.0,1186.0,155905.109375,-0.10870547990638436
1774.0,1186.0,158101.66493055556,-0.0865862284955513
1774.0,1186.0,158479.58159722222,-0.08044989746668206
1752.0,1186.0,159946.07638888888,-0.04698985063303044
1773.5,1186.0,159566.91493055553,-0.05967203069383995
1786.0,1186.0,159674.77083333334,-0.06729557513343593
1786.0,1186.0,160217.12326388888,-0.07842692028262103
1786.0,1186.0,159864.91493055553,-0.07784193268570308
1786.0,1186.0,159020.99826388888,-0.07934489288449761
1786.0,1186.0,155404.85416666666,-0.09528842899599985
1786.0,1167.0,154341.35416666666,-0.10260466490597837
1786.0,1162.0,151936.97222222222,-0.11663117982765257
1786.0,1162.0,149641.27604166666,-0.1156181361787245
1786.0,1162.0,144146.77604166666,-0.10748335990841246
1786.0,1162.0,142559.45659722222,-0.11230536095496543
1786.0,1162.0,139258.41493055556,-0.1203722508457704
1785.0,1162.0,137753.6875,-0.08832406098447536
1785.0,1162.0,136788.984375,-0.11482625842645143
1785.0,1162.0,138377.8055555556,-0.12069991223033225
1785.0,1162.0,140549.91493055553,-0.13885868970883183
1785.0,1146.0,138654.40104166666,-0.12158417647587802
1785.0,1146.0,137806.85416666666,-0.11776284897193809
1785.0,1146.0,139888.57638888888,-0.12322536229840016
1785.0,1146.0,139377.484375,-0.12428984011550363
1785.0,1146.0,138875.74826388888,-0.12730526297218508
1785.0,1146.0,137081.41666666666,-0.15081721715013893
1785.0,1146.0,136443.65104166666,-0.16629900508288495
1785.0,1146.0,135326.97222222222,-0.1966189938601583
1802.5,1146.0,135175.609375,-0.20860944830668984
1802.5,1146.0,135168.99305555556,-0.20830061874932002
1802.5,1146.0,134770.78993055553,-0.20215825613949714
1802.5,1146.0,133192.484375,-0.20297771620268504
1802.5,1146.0,131467.25,-0.21135573249788267
1802.5,1146.0,133365.25,-0.1954121072664972
1802.5,1108.0,131437.984375,-0.21529553435623636
1802.5,1108.0,127481.03993055555,-0.2428827596072407
1802.5,1108.0,125511.9375,-0.24051181048722936
1802.5,1108.0,125308.22222222223,-0.23924876686879656
1802.5,1108.0,122183.859375,-0.24847879962329517
1802.5,1108.0,120895.53993055556,-0.25131059531456407
1803.0,1108.0,124223.99826388889,-0.28831588799319
1803.0,1108.0,123917.83333333333,-0.31038434515348134
1803.0,1108.0,118989.44270833333,-0.30576461540946714
1803.0,1086.0,117449.7222222222,-0.2889710862116053
1803.0,1077.0,116434.53993055556,-0.27824851673125617
1803.0,1077.0,116677.99826388889,-0.2796463303777138
1803.0,1077.0,119564.0,-0.29985406399496073
1803.0,1077.0,122782.28993055556,-0.300517846910449
1803.0,1077.0,124850.90972222223,-0.2901470993090042
1803.0,1077.0,127462.65104166667,-0.25601017891936745
1803.0,1077.0,127808.53993055556,-0.2452783476147639
1803.0,1077.0,128294.72222222223,-0.2256972860358725
1800.5,1077.0,128912.32638888888,-0.18752040088093966
1784.0,1077.0,128670.03993055555,-0.17724165288084673
1784.0,1077.0,127782.02604166667,-0.1598727483242784
1784.0,1077.0,127642.55555555555,-0.15992013627205354
1784.0,1077.0,128983.77083333333,-0.15218282268432204
1784.0,1070.0,127510.91493055555,-0.1670164182827903
1784.0,1148.0,131109.20659722222,-0.12370256991353414
1784.0,1148.0,134758.97222222222,-0.10280260802520641
1784.0,1148.0,134603.52604166666,-0.10185268375482998
1784.0,1148.0,134624.24305555553,-0.10201342692886521
1784.0,1148.0,132045.57638888888,-0.08049783705453839
1784.0,1148.0,132568.90104166666,-0.08115497861343918
1784.0,1148.0,130633.60416666667,-0.06921080590258147
1747.5,1148.0,130905.7065972222,-0.0442717092502517
1747.5,1259.0,144582.82638888888,-0.1200084223450356
1747.5,1259.0,143792.38888888888,-0.11548947860275109
1747.5,1259.0,148303.734375,-0.14756926480338256
1747.5,1259.0,154755.57638888888,-0.1735523596955793
1747.5,1259.0,155857.41666666666,-0.17717484043026924
1747.5,1259.0,157408.72222222222,-0.17654610249232008
1747.5,1259.0,156482.37326388888,-0.18308987163170856
1747.5,1259.0,155543.53993055553,-0.19460251421486813
1747.5,1259.0,156917.47222222222,-0.16446379945127465
1747.5,1259.0,157046.80555555553,-0.15951901292458567
1747.5,1259.0,157060.90972222225,-0.15889549805014197
1681.0,1259.0,156576.70659722222,-0.11846076518796787
1681.0,1259.0,155992.24305555556,-0.10493524122232949
1681.0,1259.0,153841.45659722222,-0.10043239055314461
1681.0,1259.0,146927.97222222222,-0.10745698337374708
1681.0,1259.0,140302.07638888888,-0.14318324656437073
1681.0,1162.0,132361.16666666666,-0.24049431330057577
1681.0,1134.0,131077.63888888888,-0.25664239030953756
1681.0,1134.0,130855.08333333333,-0.2568851072970179
1681.0,1134.0,131701.02083333334,-0.2557247770008602
1681.0,1134.0,135741.58159722222,-0.25523014822191203
1681.0,1134.0,133125.99305555556,-0.2619720419725719
1681.0,1134.0,131373.90104166666,-0.2515071520533794
1664.0,1134.0,133296.40972222222,-0.18560658542336375
1664.0,1106.0,126357.87326388888,-0.14062906628262611
1664.0,1171.0,133914.33159722222,-0.20110887874006717
1664.0,1221.0,139816.66666666666,-0.2554794662599571
1664.0,1221.0,145496.6388888889,-0.29389112607669726
1664.0,1221.0,149118.49305555553,-0.3035440818507337
1664.0,1221.0,148863.99305555556,-0.3043794637866504
1664.0,1221.0,153734.109375,-0.270362059938566
1664.0,1221.0,157291.8263888889,-0.2243897946496743
1664.0,1221.0,156868.62326388888,-0.2383514556716703
1664.0,1221.0,157199.2899305556,-0.2186225989722743
1626.0,1221.0,157769.77083333334,-0.18490268892506456
1595.0,1221.0,157655.8888888889,-0.16567725186813156
1595.0,1221.0,156221.33159722222,-0.1232173185320361
1595.0,1221.0,151681.19270833334,-0.09925396624371224
1595.0,1221.0,152791.56770833334,-0.09931442826333076
1595.0,1221.0,153236.69270833334,-0.09775337572756129
1595.0,1221.0,152153.94270833334,-0.10589748321652827
1595.0,1156.0,140673.45659722222,-0.16403326283471897
1595.0,1156.0,138097.03993055556,-0.16664881363214806
1595.0,1156.0,133907.49305555556,-0.17326216318395943
1595.0,1156.0,130788.31770833333,-0.19346153261697946
1595.0,1156.0,133474.74305555553,-0.1758004173926681
1595.0,1156.0,131445.72222222222,-0.15992455567483888
1595.0,1156.0,133300.45659722222,-0.12803648433200612
1595.0,1156.0,135504.484375,-0.1264626161628089
1595.0,1156.0,134229.74305555553,-0.11769539909439358
1595.0,1133.0,131951.40972222222,-0.09678179792830317
1595.0,1108.0,124973.9565972222,-0.049978551730170746
1595.0,1108.0,119631.49826388888,-0.030455995174484326
1595.0,1108.0,116804.90104166667,-0.05140631941386789
1595.0,1108.0,113159.53993055556,-0.06900214821952116
1595.0,1108.0,110025.13888888888,-0.11468496628531465
1592.5,1108.0,110107.359375,-0.10991800727422105
1620.0,1108.0,109888.40972222223,-0.1305285832155115
1651.0,1213.0,125136.75,-0.12927498307980656
1729.5,1213.0,134028.07638888888,-0.1977629183758757
1801.0,1213.0,143207.90104166666,-0.2563243701524273
1844.0,1213.0,148087.77604166666,-0.2914991248045355
1844.0,1213.0,154968.74826388888,-0.2669537506805456
1844.0,1251.0,163503.72222222222,-0.22142251101535262
1844.0,1360.0,174992.47222222222,-0.14174294088869963
1844.0,1360.0,182009.38888888888,-0.1687646584309523
1844.0,1360.0,188996.95659722225,-0.19478052624431558
1894.5,1360.0,190607.15104166666,-0.21643528474581822
1896.0,1360.0,196547.85416666666,-0.23046536831122102
1804.0,1360.0,192661.40104166666,-0.17690064043102427
1820.0,1360.0,192765.28993055553,-0.18579000817052635
1820.0,1360.0,188782.5555555556,-0.20485212623555327
1820.0,1360.0,186143.5555555556,-0.19766727277906157
1820.0,1360.0,185112.99305555553,-0.19122858365134993
1820.0,1343.0,184094.02604166666,-0.18386595146966195
1820.0,1343.0,182399.40104166666,-0.17858118600192865
1820.0,1343.0,192715.2430555556,-0.21913197024016473
1820.0,2189.0,285122.8541666667,-0.8481354656195649
1820.0,2189.0,286352.4097222222,-0.8364645664984643
1820.0,2189.0,286526.75,-0.8337235231779774
1820.0,2189.0,286643.9722222222,-0.8315462361970041
1820.0,2189.0,287517.8177083333,-0.8120138851462713
1688.5,2189.0,275184.80555555556,-0.7479460069064097
1623.5,2189.0,266416.91493055556,-0.7049065321127749
1623.5,2189.0,257102.74305555553,-0.6988945834607192
1623.5,2189.0,252595.58159722225,-0.6955158299178636
1623.5,2189.0,247692.83333333334,-0.7187875712001816
1623.5,2189.0,244195.45659722225,-0.7444729207801138
1623.5,2013.0,233293.97222222225,-0.8451716356957872
1623.5,2013.0,227909.35416666666,-0.8779666938026959
1623.5,2013.0,217950.05555555553,-0.9338667478221455
1623.5,2013.0,218345.63888888888,-0.9322363958740767
1623.5,2013.0,212409.359375,-0.983979908122777
1623.5,2013.0,218278.484375,-0.9746562080190565
1623.5,2013.0,218727.65972222222,-0.976908800452101
1623.5,2013.0,218181.5,-0.9963177101616663
1623.5,2013.0,218085.609375,-0.9972363652930579
1623.5,2013.0,220131.9375,-0.9876569214914775
1623.5,2013.0,215459.8263888889,-1.0152196868636285
1623.5,2013.0,216063.6388888889,-1.0097640153380611
1623.5,2013.0,208391.41666666666,-1.0652478048995713
1623.5,1180.0,126817.99305555555,-0.061598699129576794
1623.5,1180.0,126686.94270833333,-0.06208000386637763
1623.5,1180.0,127424.52083333333,-0.05063445427313131
1623.5,1180.0,128231.88888888888,-0.03442437240892179
1628.0,1180.0,127902.55555555555,-0.04441521215865049
1628.0,1180.0,127993.66493055555,-0.041587087585597385
1629.5,1180.0,127997.57638888889,-0.042631321369045974
1629.5,1180.0,128718.53993055556,-0.05513671851895301
1629.5,1180.0,130718.7222222222,-0.06713535846828637
1629.5,1180.0,130683.234375,-0.06729672610644362
1629.5,1163.0,129913.6597222222,-0.07537548502517671
1629.5,1163.0,127223.4375,-0.10002874308348167
1629.5,1163.0,128630.0,-0.09455475157405877
1629.5,1163.0,129118.6597222222,-0.09744378730633235
1629.5,1163.0,129202.78993055555,-0.0974771247464315
1629.5,1163.0,126448.4722222222,-0.10047248308689444
1629.5,1163.0,126148.4375,-0.10092432429226258
1615.5,1163.0,124888.97222222223,-0.042729880340075604
1615.5,1163.0,126171.22222222223,-0.01722752626856363
1615.5,1163.0,127847.0815972222,-0.02585729199300641
1615.5,1146.0,126993.80555555555,-0.015065796681291486
1615.5,1146.0,128721.99826388889,-0.028982099982681423
1615.5,1146.0,128572.81770833333,-0.028255509004465898
1615.5,1146.0,129350.30555555556,-0.03020312428901774
1615.5,1146.0,132374.65104166666,-0.03166768937922661
1615.5,1146.0,132043.41493055553,-0.03366831168369158
1615.5,1146.0,132076.77604166666,-0.03317642386067051
1615.5,1146.0,131705.10416666666,-0.040698829314524766
1606.5,1146.0,132094.91666666666,-0.02746766792931925
1594.5,1146.0,132776.16666666666,-0.009650880503687821
1588.0,1146.0,132713.45659722222,0.004363198929265824
1588.0,1146.0,130866.99305555555,0.04371092999677672
1588.0,1146.0,129040.91666666667,0.05059775222888029
1588.0,1146.0,125078.15104166667,0.040037770498437715
1588.0,1082.0,119698.1597222222,-0.012191473173374065
1588.0,1099.0,120442.94270833333,-0.004130344928843554
1588.0,1099.0,114684.66493055556,-0.02163076597660401
1588.0,1099.0,113622.7222222222,-0.019605124297618712
1588.0,1099.0,109382.77604166667,-0.015483779866009332
1588.0,1099.0,106226.87326388888,-0.011682494769261113
1588.0,1099.0,103724.52083333333,-0.02393877948365248
1588.0,1099.0,104957.4097222222,-0.06568767668200817
1606.5,1099.0,103959.56770833333,-0.10378889877645638
1606.5,1099.0,100252.47222222223,-0.09326674148221306
1606.5,1032.0,97166.06770833333,-0.04681171940728109
1606.5,1078.0,99135.12326388889,-0.07598146715712228
1606.5,1078.0,101523.08333333333,-0.0970210817820598
1606.5,1078.0,104343.31770833333,-0.1147970375908249
1606.5,1078.0,107003.58159722223,-0.12987854388533351
1606.5,1078.0,111049.28993055555,-0.11749691314958668
1606.5,1078.0,111195.25,-0.1140854781282173
1606.5,1078.0,110925.1597222222,-0.1278309439059788
1606.5,1078.0,110826.53993055556,-0.13331904811750508
1653.5,1078.0,110232.4722222222,-0.19507908258165962
1677.0,1078.0,110447.31770833333,-0.21165981779269585
1677.0,1078.0,111721.07638888888,-0.2349044278271247
1677.0,1078.0,109583.28993055555,-0.22486872628242782
1677.0,1078.0,113132.74826388888,-0.192964535232268
1677.0,1125.0,118605.1875,-0.11801387082986299
1677.0,1125.0,119704.6875,-0.10312731543292704
1677.0,1125.0,121493.3315972222,-0.10433881036376105
1677.0,1125.0,119848.7222222222,-0.09166603334173516
1677.0,1125.0,120367.1875,-0.09596116283842826
1677.0,1125.0,119241.3315972222,-0.08130189934690214
1677.0,1125.0,120353.57638888889,-0.0804752295090773
1677.0,1125.0,120326.75,-0.07993653352073697
1677.0,1125.0,120478.20659722223,-0.07194045186736439
1677.0,1125.0,128343.87326388889,-0.10033550603211278
1677.0,1225.0,135238.66493055556,-0.15848282890740392
1677.0,1238.0,140677.77083333334,-0.2020459878895331
1677.0,1238.0,143543.6388888889,-0.21206059972692062
1677.0,1238.0,149928.65104166666,-0.23701160615390562
1677.0,1238.0,151063.65104166666,-0.23790266483682146
1677.0,1238.0,150877.90104166666,-0.23850793047898372
1677.0,1238.0,151078.91666666666,-0.23403769407715413
1677.0,1238.0,152057.07638888888,-0.19950900860177187
1677.0,1238.0,152828.33333333334,-0.17007123928490855
1618.5,1238.0,153098.44270833334,-0.11421219758115696
1528.0,1238.0,152658.8263888889,-0.05807198573658545
1528.0,1238.0,149998.984375,-0.007973702241434863
1528.0,1238.0,150437.66493055556,-0.01140532582852341
1528.0,1238.0,142410.16493055556,-0.027405331062326843
1528.0,1215.0,130930.9565972222,-0.13587257306741155
1528.0,1135.0,126884.56770833333,-0.19552918025249377
1528.0,1135.0,124037.80555555556,-0.2112154140942109
1528.0,1135.0,124624.66493055555,-0.21172074052154763
1528.0,1135.0,124739.37326388888,-0.21149979598952093
1528.0,1135.0,128294.58333333333,-0.21078364768965088
1528.0,1135.0,126312.94270833333,-0.22322473469023435
1528.0,1135.0,124121.08159722223,-0.18860281895518757
1498.0,1135.0,127290.58333333333,-0.10294475472384815
1498.0,1135.0,126826.08159722223,-0.10146725412705584
1498.0,1193.0,130201.90972222223,-0.1348453501025254
1498.0,1223.0,134519.40972222222,-0.1763208496832552
1498.0,1223.0,138710.40104166666,-0.19397946165428603
1498.0,1223.0,134728.03993055556,-0.18456679710451923
1498.0,1223.0,134063.07638888888,-0.1854055766679899
1498.0,1223.0,132850.49826388888,-0.1969245936885371
1498.0,1223.0,133447.77083333334,-0.17773692771628855
1498.0,1223.0,133739.72222222222,-0.1664775070429342
1499.5,1223.0,133571.47222222222,-0.1788127973704753
1530.5,1223.0,133513.58159722222,-0.20109257288390814
1562.5,1223.0,133642.24826388888,-0.22252416715715548
1562.5,1223.0,134065.44270833334,-0.23345008709917853
1562.5,1223.0,131973.28993055556,-0.22408544890092005
1562.5,1223.0,134279.40972222222,-0.21767321812673474
1562.5,1223.0,134899.99826388888,-0.21371395304362467
1562.5,1146.0,131388.07638888888,-0.25607018238690754
1562.5,1146.0,131737.95659722222,-0.2546443239582563
1562.5,1146.0,132727.4982638889,-0.25269497763901483
1562.5,1146.0,133729.83159722222,-0.24919362702081743
1562.5,1146.0,136238.3888888889,-0.2327816688581744
1562.5,1146.0,136005.06770833334,-0.23379728371848202
1562.5,1146.0,136686.94270833334,-0.24948080755543559
1562.5,1146.0,133818.90972222222,-0.3020854127038899
1562.5,1146.0,136144.74305555556,-0.306575006556975
1562.5,1146.0,132914.6388888889,-0.28193842914930345
1562.5,1057.0,127929.74826388889,-0.234889556133944
1562.5,1050.0,123605.78993055555,-0.20581666660206807
1562.5,1050.0,122110.24826388889,-0.20398113417580319
1562.5,1050.0,118523.1597222222,-0.21490473259038836
1562.5,1050.0,118523.1597222222,-0.21490473259038834
1562.5,1050.0,117247.32638888888,-0.2559377018594063
1562.5,1050.0,116568.55555555555,-0.27751856063850744
1581.0,1050.0,116286.16493055555,-0.3142435727943912
1581.0,1050.0,116263.609375,-0.32605143024429817
1592.5,1050.0,116307.49305555555,-0.3342542638038435
1592.5,1050.0,117137.99305555555,-0.35251098995474156
1592.5,1050.0,117347.55555555555,-0.3552658187941722
1592.5,1128.0,124060.5815972222,-0.28534941928750407
1592.5,1128.0,127814.74826388888,-0.25333950173261377
1592.5,1128.0,129336.49305555556,-0.23936614321088737
1592.5,1128.0,129751.62326388889,-0.2389898556787091
1592.5,1128.0,128172.24826388888,-0.23288566732758886
1592.5,1128.0,128923.359375,-0.23143713055406231
1592.5,1128.0,124578.0,-0.239888741020524
1592.5,1128.0,124042.20659722223,-0.24091365415704616
1592.5,1128.0,125158.99826388888,-0.2610684277947364
1592.5,1128.0,125195.65972222223,-0.2600761407577301
1592.5,1128.0,118664.4375,-0.23546980132509457
1592.5,1125.0,117237.74826388889,-0.21895364194670913
1592.5,1103.0,116152.56770833333,-0.2057936584967545
1592.5,1103.0,112204.31770833333,-0.18199754893269443
1592.5,1103.0,111813.49305555556,-0.18038641810395087
1592.5,1103.0,112331.53993055555,-0.17882517245797624
1592.5,1103.0,113256.859375,-0.17596448805470097
1592.5,1103.0,114878.80555555555,-0.1384652909959593
1592.5,1103.0,115656.7222222222,-0.11976413785016243
1590.0,1103.0,116750.05555555555,-0.06426552877109107
1528.0,1103.0,117401.91666666667,-0.020645823778257914
1506.0,1103.0,117371.05555555555,-0.004629614538169027
1506.0,1103.0,116619.53993055556,0.01434304505252179
1506.0,1103.0,118390.72222222223,-0.0033643311390665833
1506.0,1066.0,114040.31770833333,-0.04620003851928433
1506.0,1064.0,111280.66493055556,-0.07422387564995807
1506.0,1156.0,115509.78993055556,-0.014059262403759735
1506.0,1156.0,116534.2222222222,-0.011505927530051436
1506.0,1156.0,117529.41666666667,-0.01725754680362676
1506.0,1156.0,113420.49305555555,-0.002100303334697628
1506.0,1156.0,114472.97222222223,-0.00523985489968491
1506.0,1156.0,113711.33333333333,-0.004609917004823413
1506.0,1156.0,111719.74826388889,0.06011232656941724
1506.0,1156.0,114042.24826388888,0.09273049283544929
1506.0,1156.0,120597.2222222222,0.04865809000131635
1506.0,1169.0,121360.77604166667,0.03967797492668407
1506.0,1250.0,125897.5815972222,-0.0183525278388438
1506.0,1250.0,129336.66666666667,-0.02853365427480253
1506.0,1250.0,132071.99305555553,-0.03407733408602122
1506.0,1250.0,135777.15972222222,-0.02641983930958798
1506.0,1250.0,136761.32638888888,-0.021294579026427115
1506.0,1250.0,136697.56770833334,-0.02271072618479114
1506.0,1250.0,138200.87326388888,0.004597137731803025
1506.0,1250.0,138806.99305555556,0.021368735716728468
1520.0,1250.0,138682.15972222222,0.012193276295159122
1486.5,1250.0,138638.53993055553,0.03462484539763495
1486.5,1250.0,138378.33159722222,0.0402640130683632
1486.5,1250.0,136533.984375,0.049800856906930355
1486.5,1250.0,131420.97222222222,0.034921747563013625
1486.5,1250.0,128316.9565972222,0.018102389978463952
1486.5,1044.0,115804.45659722223,-0.12436740249857992
1486.5,1009.0,112028.25,-0.1524749617178771
1486.5,1009.0,109273.38888888888,-0.15809250819705342
1486.5,1009.0,108780.5815972222,-0.15699581202133295
1486.5,1009.0,106271.03993055555,-0.17084618186328449
1486.5,1009.0,102579.1597222222,-0.18582058581778585
1486.5,1009.0,102297.28993055555,-0.17246571201195113
1486.5,1009.0,104052.82638888888,-0.15040596262241743
1486.5,1009.0,104683.56770833333,-0.15493895953777037
1486.5,1061.0,110603.22222222223,-0.22361386794951665
1486.5,1061.0,112389.35416666667,-0.24437121644501403
1486.5,1061.0,114439.35416666667,-0.2484867251743572
1486.5,1061.0,117498.41666666667,-0.2531102665342225
1486.5,1061.0,117203.49826388888,-0.254540188969951
1486.5,1061.0,117326.66493055556,-0.253083526815254
1486.5,1061.0,119141.52604166667,-0.2055142221694609
1486.5,1061.0,118349.8315972222,-0.23633874294842697
1486.5,1061.0,118017.6875,-0.26684343088434725
1470.0,1061.0,118322.984375,-0.22411081645175848
1486.5,1061.0,118483.6875,-0.23527613420070903
1486.5,1061.0,117886.99826388888,-0.2278525127750188
1486.5,1061.0,117358.31770833333,-0.2283387734142329
1486.5,1061.0,114758.69270833333,-0.24220435276521
1486.5,1016.0,109752.27083333333,-0.2875518153356316
1486.5,1041.0,110694.41493055555,-0.2758835993256966
1486.5,1041.0,105756.44270833333,-0.2942940754072517
1486.5,1041.0,104010.33159722223,-0.29785569555380337
1486.5,1041.0,103512.07638888889,-0.2996734853363354
1486.5,1041.0,100835.65104166667,-0.3148032066049293
1486.5,1041.0,99207.99305555556,-0.3186519129716451
1486.5,1041.0,99331.15972222223,-0.3220884003885505
1486.5,1041.0,98720.66493055556,-0.33285419682706835
1486.5,1041.0,96492.91666666667,-0.3312475807091607
1486.5,1039.0,96399.15972222223,-0.32989328100845805
1486.5,1039.0,94001.02604166667,-0.2999406719883932
1486.5,1039.0,95434.49826388888,-0.30853129961140624
1486.5,1039.0,97188.10416666667,-0.3204494625017262
1486.5,1039.0,103232.78993055555,-0.3265873744848546
1486.5,1039.0,106446.08159722223,-0.2994038154362462
1486.5,1039.0,105910.30555555555,-0.3128345292706702
1486.5,1039.0,105944.2222222222,-0.3081271873422697
1450.0,1039.0,106228.1597222222,-0.259566888884063
1450.0,1039.0,106279.32638888889,-0.254893277864227
1457.5,1039.0,106435.91493055555,-0.25922559745988566
1457.5,1039.0,105804.95659722223,-0.25239731908333685
1457.5,1039.0,106466.02604166667,-0.24815623472950007
1457.5,1039.0,107457.97222222223,-0.240266485298866
1457.5,1039.0,105835.74826388888,-0.24793486046875035
1457.5,942.0,100536.15972222223,-0.3150215283878635
1457.5,942.0,103155.60416666667,-0.30393220544050653
1457.5,942.0,100892.53993055555,-0.2939588537447783
1457.5,942.0,97955.32638888889,-0.2949791842922712
1457.5,942.0,96608.60416666667,-0.29796543278615656
1457.5,942.0,95151.32638888889,-0.29633395727956985
1431.0,942.0,94447.77083333333,-0.2784132807349682
1431.0,942.0,95158.77083333333,-0.26241828031787146
1431.0,942.0,97381.33159722223,-0.2594084085310264
1431.0,940.0,97295.58159722225,-0.2583726791840962
1431.0,1002.0,102686.6875,-0.31588803156466555
1431.0,1002.0,106355.359375,-0.33323769998460867
1431.0,1002.0,108579.734375,-0.34207256454443585
1431.0,1002.0,107234.87326388889,-0.3406958974858882
1431.0,1002.0,107362.6597222222,-0.3398525998578111
1431.0,1002.0,107560.66493055556,-0.33187340963443346
1419.5,1002.0,107611.91493055555,-0.3164503950637526
1446.5,1002.0,107560.87326388888,-0.3485083651043989
1446.5,1002.0,107726.02604166667,-0.3305322221731269
1425.5,1002.0,106733.63888888888,-0.30424254377013643
1425.5,1002.0,105866.03993055556,-0.29501196339998553
1425.5,1002.0,102215.9722222222,-0.3222586995772491
1425.5,961.0,99951.69270833333,-0.3523003401486481
1425.5,961.0,100197.49826388889,-0.3498735713551755
1425.5,961.0,99142.24305555556,-0.3617733891133402
1425.5,938.0,98373.859375,-0.3717977132429322
1425.5,938.0,99942.109375,-0.37174330500252184
1425.5,938.0,99374.24305555556,-0.3697995875714364
1425.5,938.0,99058.06770833333,-0.3708405839691112
1425.5,938.0,99255.27083333333,-0.37081573818831737
1418.0,938.0,98756.81770833333,-0.3534870346376765
1418.0,938.0,98916.90972222223,-0.3496094142375311
1418.0,938.0,100661.07638888889,-0.3493648760744742
1418.0,1013.0,106920.02604166667,-0.41628658664847873
1418.0,1013.0,109216.30555555556,-0.4385876243638736
1418.0,1013.0,113472.55555555556,-0.4633123506218858
1418.0,1013.0,116081.1597222222,-0.4708410094714933
1418.0,1013.0,117437.82638888889,-0.4654802059993382
1418.0,1013.0,120573.37326388888,-0.4437147530624961
1418.0,1013.0,121152.03993055556,-0.4206911554835004
1418.0,1013.0,121513.07638888888,-0.3827437357658992
1368.0,1013.0,121283.109375,-0.3388872607782881
1354.5,1013.0,121383.25,-0.3246052803392739
1272.0,1013.0,120916.734375,-0.25063216873395733
1272.0,1013.0,120234.4375,-0.24383791967993776
1272.0,1013.0,117990.109375,-0.2447495354112038
1272.0,1013.0,113617.53993055556,-0.2710291351606311
1272.0,1013.0,113084.38888888888,-0.2763298650931348
1272.0,1013.0,112216.984375,-0.2845903447442664
1272.0,983.0,110011.0,-0.30738863107056186
1272.0,983.0,105603.4375,-0.30289538665059823
1272.0,983.0,107218.4375,-0.2964583675903984
1272.0,983.0,107397.75,-0.2952621901169395
1272.0,983.0,107425.91493055556,-0.29512187444668936
1272.0,983.0,106849.74305555556,-0.2778504040153579
1272.0,983.0,108324.08159722223,-0.24152742098261049
1272.0,983.0,110207.4097222222,-0.23961410093344604
1272.0,957.0,107505.08159722223,-0.2137591582439018
1272.0,934.0,106073.53993055556,-0.19982201969082977
1272.0,923.0,102272.88888888889,-0.17223775696461002
1272.0,923.0,100046.99826388888,-0.1583759630359457
1272.0,923.0,99598.8315972222,-0.15860761970260057
1272.0,923.0,97100.1875,-0.17018377072418894
1272.0,923.0,97764.03993055556,-0.1494146672429948
1316.0,923.0,97770.6597222222,-0.1979358628791813
1322.0,923.0,97759.99305555556,-0.2027598019584334
1322.0,923.0,98041.16493055555,-0.17922359410656116
1363.0,923.0,99158.63888888888,-0.26645574894495133
1363.0,923.0,99001.6597222222,-0.2645381475212228
1363.0,923.0,100864.25,-0.25962627315112263
1363.0,923.0,103355.13888888888,-0.24569320680488593
1363.0,968.0,104954.12326388888,-0.22722468757480785
1363.0,1016.0,108943.4097222222,-0.18192211604531158
1363.0,1016.0,108321.53993055556,-0.18479281791059302
1363.0,1016.0,110131.81770833333,-0.20728482076116697
1363.0,1016.0,110510.20659722223,-0.20646465546358206
1363.0,1016.0,114578.0815972222,-0.17978341768588665
1363.0,1016.0,116547.2222222222,-0.1762231787321558
1351.0,1016.0,116482.55555555556,-0.1676599760866847
1351.0,1016.0,115540.02604166667,-0.17837966180404968
1351.0,1016.0,114713.74305555556,-0.17507381016877632
1351.0,1124.0,120164.49826388888,-0.2401847917516691
1351.0,1227.0,131339.80555555553,-0.3663909486676491
1351.0,1233.0,146249.02604166666,-0.4549911355079765
1351.0,1251.0,162322.6388888889,-0.5068260952456473
1351.0,1251.0,174916.4375,-0.4913009699420019
1351.0,1251.0,188359.25,-0.4409089120550689
1351.0,1251.0,197095.5,-0.3662339398460877
1319.0,1251.0,202485.70659722225,-0.24104424462606777
1277.5,1251.0,207933.22222222222,-0.13403901261748843
1229.5,1251.0,209758.90972222225,-0.07811933147116328
1106.0,1251.0,206684.0399305556,0.013339045897240585
1105.0,1251.0,202817.8263888889,0.10544616627830326
1105.0,1251.0,192970.8055555556,0.19543765947757952
1105.0,1251.0,180229.65972222222,0.2790860672357773
1105.0,1251.0,163647.80555555553,0.3226533684141637
1105.0,1217.0,143470.02604166666,0.3121639843239044
1105.0,1217.0,130357.99305555555,0.3358353109091855
1105.0,1217.0,122350.83159722223,0.35069209330382045
1105.0,1217.0,112161.62326388889,0.30263787350107646
1105.0,1139.0,101010.55555555555,0.11205613708684338
1105.0,1052.0,96519.3315972222,0.016383114180059107
1105.0,1052.0,97524.4565972222,0.01839688170157487
1076.5,1052.0,97273.60416666667,0.041441761900906676
1076.5,1052.0,99575.63888888888,0.07535613068721236
1076.5,1052.0,101891.99305555555,0.061193049004368415
1076.5,1163.0,107570.66493055555,-0.01608838869097759
1076.5,1163.0,110420.41493055555,-0.04417296595015477
1076.5,1163.0,112002.49826388889,-0.058472392583337876
1076.5,1163.0,114254.28993055556,-0.06669251007862605
1076.5,1163.0,114757.35416666667,-0.06688947160225527
1076.5,1163.0,117031.77604166667,-0.05287104378164799
1076.5,1163.0,117918.07638888888,-0.03593732646695298
1076.5,1163.0,117364.85416666667,-0.05253855559759435
1076.5,1163.0,117778.02604166667,-0.01947256150814908
1010.5,1163.0,117339.40104166667,0.027428829896866642
1010.5,1163.0,117329.7222222222,0.027755208687549347
1010.5,1163.0,117090.984375,0.03254907931875358
1010.5,1163.0,116574.609375,0.042612827569146215
1010.5,1163.0,115378.8315972222,0.05662009405067204
1010.5,1163.0,114573.30555555555,0.06393310039816676
1010.5,1163.0,114638.9565972222,0.06343720688830079
1010.5,1163.0,113799.734375,0.06571283206433234
1010.5,1163.0,113799.734375,0.06571283206433234
1010.5,1163.0,109930.5,0.01741979623727203
1010.5,1079.0,105823.25,-0.05383986467280589
1010.5,1079.0,104686.53993055556,-0.06075574042782343
997.0,1079.0,104544.74305555556,-0.050836777718767094
997.0,1079.0,104544.74305555555,-0.05083677771876714
997.0,1079.0,104483.91666666667,-0.050668875004366135
997.0,1110.0,105891.45659722223,-0.07122624066110769
997.0,1110.0,104971.03993055555,-0.06277882444175714
997.0,1110.0,107408.33159722223,-0.08871971539142522
997.0,1110.0,109340.49305555556,-0.0996115785216772
997.0,1110.0,109367.77604166667,-0.09956682125016642
997.0,1110.0,107509.65104166667,-0.11696246812773933
997.0,1110.0,106641.88888888888,-0.14100162719886558
997.0,1110.0,106616.63888888889,-0.1425007592946365
997.0,1110.0,106936.63888888889,-0.12793125657788315
981.0,1110.0,106993.9722222222,-0.11566558466547236
981.0,1110.0,107220.81770833333,-0.12115356656649912
981.0,1110.0,107435.58159722223,-0.12443936171797902
981.0,1110.0,107035.32638888888,-0.11593685839850075
981.0,1110.0,106644.15972222223,-0.11067122615232228
981.0,1110.0,105164.99826388888,-0.09165745409399076
981.0,1110.0,103722.70659722223,-0.08233779755820865
981.0,1110.0,101760.77083333333,-0.07640916917004527
981.0,1110.0,99089.22222222223,-0.09693082164386435
981.0,1110.0,95703.27083333333,-0.14802816032012706
981.0,999.0,90938.94270833333,-0.24733813990587816
981.0,999.0,85239.83333333333,-0.2677079941364188
1000.0,999.0,85563.49305555556,-0.28039297486998865
1000.0,999.0,84620.03993055555,-0.31183557032023135
1000.0,999.0,86083.65972222223,-0.3144233033050983
1000.0,957.0,82358.9375,-0.26178479978642094
1000.0,957.0,84571.53993055556,-0.28736568217356573
1000.0,946.0,84008.52604166667,-0.2795784022487229
1000.0,946.0,84730.95659722222,-0.2865064762662122
1000.0,946.0,87327.20659722222,-0.2888546647295421
1000.0,946.0,86980.90104166667,-0.2983794533007793
1000.0,946.0,87963.62326388888,-0.25949495196704514
1000.0,946.0,88052.38888888889,-0.24965964766778337
1000.0,946.0,87796.9375,-0.2795412165336695
996.5,946.0,87801.65972222223,-0.27614608432050586
994.5,946.0,86926.15972222222,-0.2593977561055062
994.5,946.0,87003.10416666667,-0.25970991154696327
994.5,946.0,88543.58159722223,-0.26904218595660184
994.5,946.0,89566.32638888888,-0.2718027204314716
929.5,1211.0,109560.6597222222,-0.32475902931705347
904.5,1211.0,113485.87326388889,-0.15683263934035271
904.5,1211.0,114070.99305555556,-0.15576029029884467
904.5,1211.0,112260.06770833333,-0.16926452581211404
904.5,1211.0,113265.63888888889,-0.15475698397825868
904.5,1295.0,117318.05555555555,-0.08920695235390104
904.5,1295.0,122893.984375,-0.08919814992067916
904.5,1295.0,122750.78993055556,-0.0866428582863371
904.5,1295.0,123067.15104166667,-0.06716820466561875
904.5,1295.0,124445.65104166667,-0.06539945273767135
904.5,1295.0,127205.37326388888,-0.07343695638423989
904.5,1295.0,128677.74305555555,-0.07860935068457646
904.5,1295.0,130738.74826388888,-0.08562451671274757
904.5,1295.0,130222.99305555555,-0.08603943252764328
904.5,1295.0,128164.1597222222,-0.10004299253066005
904.5,1295.0,129259.99305555556,-0.06902796261330711
904.5,1295.0,129019.0815972222,-0.08002503751769047
876.5,1295.0,129124.66493055555,-0.060571250707437095
876.5,1295.0,129294.88888888888,-0.07013404791357876
891.5,1295.0,129827.88888888889,-0.09302815461266961
891.5,1295.0,129858.27083333333,-0.09351165052068429
891.5,1295.0,127741.31770833333,-0.0759096245778089
891.5,1295.0,125784.7065972222,-0.06752823449232917
891.5,1295.0,123614.95659722223,-0.06007248092185658
980.0,1084.0,106900.99826388888,-0.06157907899771823
1027.0,1084.0,100658.83159722223,-0.20890518306608358
1027.0,1084.0,99958.9097222222,-0.2078144575434316
1027.0,1084.0,101076.16493055556,-0.20167990676732725
1027.0,1084.0,102008.58333333333,-0.18699371444397053
1027.0,1061.0,100953.49826388888,-0.20800145945254464
1027.0,1061.0,99819.03993055555,-0.21578632370200548
988.5,1061.0,99285.52083333333,-0.18917833870987294
988.5,1061.0,102111.24826388889,-0.15010430877234124
988.5,1061.0,103688.984375,-0.1602668094266856
988.5,1061.0,104105.78993055555,-0.16474875651465976
988.5,1093.0,106042.74305555555,-0.18662587133003639
988.5,1093.0,105791.13888888888,-0.18408131777991354
988.5,1093.0,106544.40972222223,-0.1870898279613251
988.5,1093.0,108024.41666666667,-0.18055433038573532
988.5,1093.0,107722.87326388888,-0.18507199816860967
988.5,1093.0,108265.70659722223,-0.16862674193062768
988.5,1093.0,108059.74305555555,-0.18100762962986244
988.5,1093.0,108205.57638888888,-0.135666839642161
950.5,1093.0,107866.74305555555,-0.10823210789976868
950.5,1093.0,107627.57638888889,-0.10242455750848843
950.5,1093.0,107562.77604166667,-0.10103942893674597
950.5,1093.0,107562.77604166667,-0.10103942893674597
950.5,1093.0,109119.41666666667,-0.11080773917752888
950.5,1093.0,107580.27604166667,-0.08768754143552596
950.5,1093.0,107416.74826388889,-0.08654359336879502
950.5,1093.0,107905.15104166667,-0.08749102310002073
950.5,1093.0,108709.40104166667,-0.08204860208029922
950.5,1093.0,108929.40972222223,-0.0788449841163472
950.5,1083.0,108461.38888888889,-0.08659043480638264
950.5,1083.0,107954.66493055556,-0.08838441141893477
917.0,1083.0,107745.63888888888,-0.06352293195432189
917.0,1083.0,106732.2065972222,-0.07241199470909643
917.0,1083.0,106408.65972222223,-0.0701646142442748
917.0,1083.0,105412.609375,-0.05995561405667802
917.0,1066.0,104678.80555555555,-0.05034230123423617
917.0,1066.0,103919.234375,-0.04197154016408943
917.0,1066.0,102487.24826388888,-0.03455971417331974
917.0,1066.0,100449.16666666667,-0.041650573645011166
917.0,1066.0,100083.12326388888,-0.04766784215684975
917.0,1066.0,99637.41493055555,-0.06005972198081484
917.0,1066.0,99714.70659722223,-0.054694994940039585
917.0,1066.0,99522.06770833333,-0.0701654374509866
936.0,1066.0,99603.0815972222,-0.08500739450584482
936.0,1066.0,100355.78993055556,-0.1022219779459776
936.0,1066.0,100426.37326388889,-0.10401036685737396
936.0,1066.0,99919.91493055556,-0.09563530753434775
936.0,1066.0,99393.99826388888,-0.09347900934133357
936.0,1066.0,102397.77083333333,-0.1256906172021019
936.0,1066.0,103482.70659722223,-0.132150331580572
936.0,1066.0,104348.4097222222,-0.1325490304111997
936.0,1066.0,105083.80555555555,-0.1266210476696587
936.0,1095.0,107526.81770833333,-0.08761214655927194
936.0,1095.0,108198.77083333333,-0.07725488217221134
936.0,1095.0,107908.66493055556,-0.07726079195602942
966.5,1095.0,107931.2222222222,-0.10037287554393681
966.5,1095.0,108488.12326388889,-0.09639131426221323
966.5,1095.0,108111.87326388889,-0.09353463743328046
966.5,1095.0,108277.41493055556,-0.09526304488568477
966.5,1121.0,109469.0815972222,-0.11109126747805045
966.5,1121.0,110528.32638888888,-0.1221323274222378
966.5,1121.0,113596.44270833333,-0.1383515405471773
966.5,1121.0,115949.78993055555,-0.12838057038583364
966.5,1121.0,116129.74305555555,-0.12538988222768543
966.5,1121.0,117060.02083333333,-0.10495462668183488
966.5,1121.0,117672.58333333333,-0.08275797490535307
966.5,1121.0,117606.02083333333,-0.09369340673383364
1011.0,1121.0,118231.9565972222,-0.12308960860298716
1011.0,1121.0,117697.60416666667,-0.11207854848138532
1011.0,1121.0,118588.63888888888,-0.12753333051368856
1011.0,1121.0,118737.53993055555,-0.1303942635619886
1011.0,1121.0,116887.234375,-0.10351444107581183
1011.0,1121.0,116049.109375,-0.1002771057789484
1011.0,1121.0,114083.484375,-0.08278716389983107
1011.0,1121.0,112562.82638888888,-0.07972053119608322
1011.0,1121.0,111457.27083333333,-0.08735454313235608
1011.0,1107.0,104658.33333333333,-0.1843790115694109
1011.0,984.0,99378.94270833333,-0.28001004677497277
1011.0,984.0,97749.28993055555,-0.28735683908524345
980.5,984.0,97627.9565972222,-0.2374362259324327
980.5,984.0,100189.08333333333,-0.2218718323731403
980.5,988.0,104791.91493055555,-0.2551679419033783
980.5,1087.0,112155.33159722223,-0.3257860757846663
980.5,1172.0,121454.15104166667,-0.4214719158822862
980.5,1172.0,130413.66493055556,-0.4714746236841154
980.5,1172.0,136355.33159722225,-0.47616016394502636
980.5,1172.0,139549.5763888889,-0.4528033985992255
980.5,1172.0,142684.8732638889,-0.39882449254302854
980.5,1172.0,144892.3732638889,-0.35442465632387443
980.5,1172.0,146867.44270833334,-0.3004688912811615
947.0,1172.0,147809.03993055556,-0.217633633128454
778.5,1172.0,145745.5,-0.12238887542668495
757.5,1172.0,142876.47222222222,-0.053185391509940304
742.0,1172.0,137975.7482638889,0.03402794394989451
742.0,1172.0,133647.30555555556,0.11154478199648522
742.0,1172.0,130099.38888888888,0.18500590939467113
742.0,1172.0,122179.78993055556,0.27380042858138354
742.0,1172.0,116806.734375,0.3501737743678155
742.0,1172.0,108573.70659722223,0.4056639668965055
742.0,1172.0,95034.0815972222,0.3609151204820699
742.0,1172.0,83528.74305555556,0.19389925045287612
742.0,999.0,69982.38888888889,-0.17877191369240517
742.0,874.0,59857.743055555555,-0.4172522621941603
682.0,874.0,58385.789930555555,-0.33501866539959824
682.0,874.0,60055.972222222226,-0.28557308119613795
682.0,874.0,62275.859375,-0.296182411684146
682.0,919.0,66938.70659722222,-0.3803054069507267
682.0,919.0,67353.9375,-0.3876534345194931
682.0,919.0,67988.25,-0.39635195939645723
682.0,919.0,69224.87326388889,-0.40072460681274863
682.0,919.0,70137.40104166667,-0.38117789593179824
682.0,919.0,70502.82638888889,-0.3610578193944372
682.0,919.0,70594.9565972222,-0.3508710399899414
682.0,919.0,70593.77604166667,-0.3668539368756059
683.5,919.0,70600.10416666667,-0.3682030579551646
666.0,919.0,70387.24826388889,-0.35463084364892417
666.0,919.0,69742.22222222222,-0.34335840215899943
666.0,919.0,69634.95659722223,-0.34113827419080256
666.0,919.0,69314.53993055555,-0.3363125674742126
666.0,919.0,68623.9097222222,-0.3225525916346341
666.0,919.0,68094.69270833333,-0.30861571392801085
666.0,919.0,66853.83333333333,-0.2819812802026481
666.0,919.0,64962.067708333336,-0.2659859125918986
666.0,919.0,65065.58159722222,-0.26440475139395464
666.0,907.0,63250.743055555555,-0.32331745058001937
666.0,892.0,62707.748263888876,-0.3425397872585824
666.0,892.0,64746.24305555556,-0.3201234940073312
687.0,892.0,65044.276041666664,-0.355027790224811
687.0,892.0,65409.8732638889,-0.3478767153845163
687.0,892.0,65658.32638888889,-0.3488604517917177
687.0,858.0,61980.956597222226,-0.2836321224189605
687.0,860.0,62054.609375,-0.28528267137215246
687.0,860.0,62228.472222222226,-0.2885962783730181
687.0,860.0,62346.0,-0.2897729086628224
687.0,860.0,64265.3732638889,-0.2778974849183225
687.0,860.0,64311.25,-0.27560117000853546
687.0,860.0,64214.359375,-0.2951734466375096
687.0,860.0,64315.3732638889,-0.30785232418395514
698.5,860.0,64725.026041666664,-0.3353428380925382
708.0,860.0,64946.916666666664,-0.34813917465265204
708.0,860.0,65784.99305555556,-0.35929909477619615
708.0,860.0,66584.0815972222,-0.3684485361879246
708.0,860.0,66945.15972222222,-0.37345072957399617
708.0,860.0,67300.53993055556,-0.38238825009967103
708.0,860.0,68500.74305555555,-0.40407940233681416
716.5,860.0,69809.12326388889,-0.4335555057365968
716.5,860.0,71065.70659722222,-0.4542213633151687
716.5,860.0,72041.99305555555,-0.4402772162238765
716.5,860.0,71242.91493055556,-0.4573865569402688
716.5,874.0,71709.484375,-0.44486712313225796
716.5,874.0,71388.74826388889,-0.4482397864024617
716.5,874.0,71251.91666666667,-0.42416424168402306
716.5,874.0,70563.82638888889,-0.43635693713747326
716.5,874.0,69498.984375,-0.4339658342314284
716.5,874.0,70878.28993055555,-0.44816677266212424
716.5,893.0,71630.47222222222,-0.4602613254647979
716.5,893.0,71086.74826388889,-0.45389171815586693
716.5,893.0,69235.41493055555,-0.4499649402259928
716.5,893.0,68092.05555555555,-0.4536002731511803
716.5,893.0,67909.83333333333,-0.4609989989871897
716.5,893.0,67840.77083333333,-0.4759300718560011
716.5,893.0,67907.30555555556,-0.4855676363553039
726.5,893.0,68049.66666666667,-0.49258605131008026
754.5,893.0,68908.97222222223,-0.5185020932204866
754.5,989.0,77716.99305555555,-0.35991938924239164
754.5,1381.0,107401.1597222222,0.2808928997190255
754.5,1593.0,151554.37326388888,0.6846050273231251
772.5,1657.0,197953.5399305556,0.7565524459642003
772.5,1657.0,240447.0555555556,0.7003848900712379
772.5,1657.0,273943.2708333333,0.5813314576634829
772.5,1657.0,291950.4427083333,0.44833903045445456
772.5,1657.0,311673.30555555556,0.3489313695313508
772.5,1657.0,336740.24305555556,0.2611630537322166
772.5,1657.0,354783.2482638888,0.18243748260150452
772.5,1657.0,361661.3888888888,0.09207070386745216
952.5,1657.0,356925.734375,0.005698917347114186
1019.0,1657.0,343392.74826388893,-0.06349438054328686
1019.0,1657.0,324062.53993055556,-0.09630152259243933
1019.0,1657.0,298462.0833333333,-0.08538866279501064
1019.0,1600.0,267102.9427083333,-0.02609830958180197
1019.0,1486.0,235430.90972222225,0.03725178574461667
1019.0,1451.0,209955.20659722225,0.09483416430623885
1064.5,1296.0,183980.75,0.17541341439111105
1120.5,1179.0,165099.83159722222,0.1736547336141691
1168.5,1118.0,151332.47222222222,0.10748847528361453
1199.0,1084.0,138835.15104166666,0.07635192820911635
1262.5,1084.0,127718.40972222223,-0.0037748684683922415
1335.0,1084.0,118329.62326388888,-0.10412789945700508
1361.5,1084.0,118577.4375,-0.2194538971585616
1361.5,1084.0,119522.41493055555,-0.22548022357849515
1361.5,1084.0,114990.05555555555,-0.24436466259686893
1361.5,1081.0,111953.08159722223,-0.2806997313447537
1361.5,1007.0,108668.9565972222,-0.32361821693655435
1361.5,1005.0,107302.70659722223,-0.33837426557739364
1361.5,1005.0,108646.15972222223,-0.3413889201652752
1361.5,1005.0,111691.91493055555,-0.3263327562559906
1361.5,1100.0,116329.82638888888,-0.27136814252635705
1361.5,1100.0,116849.82638888889,-0.2707612073650188
1361.5,1100.0,117131.0,-0.28270076003396644
1361.5,1100.0,117167.15972222223,-0.2821330716083024
1361.5,1100.0,119604.4565972222,-0.284651509135123
1361.5,1100.0,118340.49826388889,-0.2766303760032436
1361.5,1070.0,114882.55555555555,-0.2434770848919449
1361.5,1025.0,107452.16493055556,-0.19245076095007277
1361.5,1025.0,103570.8315972222,-0.18980585927608912
1361.5,1025.0,101406.66493055556,-0.1862788921601397
1361.5,1025.0,100007.58333333333,-0.19614370104312326
1361.5,1025.0,99161.24305555556,-0.24819622837190944
1361.5,1025.0,100013.6875,-0.1985726956494672
1361.5,1025.0,99257.25,-0.2428682797105949
1399.5,1025.0,99649.109375,-0.27698014924400716
1431.5,1025.0,101512.984375,-0.329226382854676
1431.5,1025.0,102999.13888888888,-0.3469484664125473
1431.5,1025.0,105835.7065972222,-0.34366459370308333
1431.5,1025.0,111236.0,-0.3184055798708471
1431.5,1026.0,114484.0,-0.2886130006549155
1431.5,1026.0,116975.9375,-0.271701641501353
1431.5,1026.0,118881.0,-0.2647118919142183
1431.5,1026.0,120301.6597222222,-0.27259177714772365
1431.5,1026.0,120756.734375,-0.2719292549348011
1431.5,1026.0,120072.30555555555,-0.278052063389648
1431.5,1026.0,120178.78993055556,-0.2785048515257228
1471.5,1026.0,120700.734375,-0.30383297505037277
1471.5,1026.0,117678.55555555555,-0.35744572607955616
1471.5,1026.0,113054.02083333333,-0.3380948618682361
1471.5,1026.0,113537.80555555556,-0.3432466949317917
1471.5,1013.0,110599.90972222223,-0.3124322164837735
1471.5,1013.0,106720.35416666667,-0.3073600865945277
1471.5,1013.0,105273.74826388888,-0.310182659881947
1471.5,1013.0,103841.15104166667,-0.30869200868022095
1471.5,1013.0,103975.32638888889,-0.3080907810685563
1471.5,1013.0,103975.32638888889,-0.3080907810685563
1471.5,1013.0,102734.0,-0.3374380976853496
1471.5,1013.0,102469.7065972222,-0.35381850545564375
1430.0,1013.0,103022.74305555555,-0.2960104014014434
1414.5,1013.0,102195.55555555556,-0.26869861631779496
1414.5,1013.0,101428.4722222222,-0.25364824845238215
1414.5,1013.0,100969.99826388888,-0.25409550938459863
1414.5,1013.0,99194.1597222222,-0.2681881310095995
1414.5,1066.0,101191.87326388888,-0.23875228406312535
1414.5,1066.0,103357.05555555555,-0.2130560889131974
1414.5,1066.0,106595.609375,-0.18379785586457628
1414.5,1066.0,106001.234375,-0.17994574261562896
1414.5,1066.0,103972.1875,-0.17285247232847178
1414.5,1066.0,103509.55555555556,-0.1768250819723661
1414.5,1066.0,104187.33333333333,-0.17976051997696388
1414.5,1066.0,104079.07638888889,-0.17506338491351972
1414.5,1066.0,109289.734375,-0.12743779489973606
1414.5,1066.0,112875.1597222222,-0.15109443864787298
1414.5,1029.0,111155.62326388889,-0.12976461895109143
1414.5,1029.0,110334.10416666667,-0.1209455735876397
1414.5,1029.0,112163.99826388888,-0.12178265521675413
1414.5,1029.0,113411.88888888888,-0.11950086994611289
1414.5,1029.0,113383.06770833333,-0.11952608006169961
1414.5,1029.0,111340.06770833333,-0.13781124627599425
1414.5,1029.0,112116.31770833333,-0.1063125608145369
1414.5,1029.0,113215.99305555556,-0.07847732652291321
1382.5,1029.0,113936.7222222222,-0.039697479984203546
1389.0,1029.0,113851.02604166667,-0.044294813764378035
1357.5,1029.0,113520.60416666667,-0.021964941060732306
1357.5,1029.0,114040.0815972222,-0.03205689107601511
1357.5,1029.0,112540.87326388889,-0.024258989817179343
1357.5,1029.0,110975.05555555555,-0.024230477202025875
1357.5,1009.0,106951.10416666667,-0.06329991965631321
1276.5,1848.0,168169.99305555556,-1.0563138032645671
1276.5,1785.0,163445.7482638889,-1.1226115060525494
1276.5,1785.0,162862.15972222222,-1.1265777373647123
1276.5,1785.0,164291.82638888888,-1.1151156254431844
1276.5,1766.0,163066.72222222222,-1.1320644737588608
1276.5,1766.0,160822.359375,-1.1500078465753996
1276.5,1766.0,161353.47222222222,-1.1506387507927773
1280.5,1766.0,158472.78993055553,-1.243067058329599
1280.5,1766.0,157129.3732638889,-1.2599133501985185
1280.5,1766.0,160662.99305555556,-1.2319664525967564
1280.5,1766.0,163456.87326388888,-1.2059399906128583
1280.5,1766.0,166049.40972222222,-1.1688518043285936
1280.5,1766.0,166932.66493055556,-1.152975409324669
1280.5,1766.0,167034.6875,-1.150939369564673
1280.5,1766.0,167585.74305555553,-1.1309688728654468
1280.5,1766.0,167560.90972222222,-1.133643122995256
1280.5,1766.0,167373.3055555556,-1.1444084790864109
1305.5,1766.0,167335.24305555553,-1.162488061882008
1313.5,1766.0,167373.35416666666,-1.1669546192158204
1280.0,1766.0,166990.5763888889,-1.1076806874962146
1280.0,1766.0,166244.58159722225,-1.1094889494399311
1280.0,1766.0,167411.80555555556,-1.1005901098264386
1280.0,1766.0,165594.78993055553,-1.1155106926738196
1280.0,1755.0,163357.6388888889,-1.1447215039826941
1313.5,999.0,98683.75,-0.30093969394641257
1313.5,999.0,97020.41493055555,-0.3184042789968761
1313.5,999.0,95765.55555555555,-0.31433776376872424
1313.5,999.0,94726.66666666667,-0.3198699967177448
1313.5,953.0,89354.49826388889,-0.36958419839417583
1313.5,953.0,90339.13888888888,-0.36481443512297973
1313.5,953.0,89464.06770833333,-0.3498477646214965
1313.5,953.0,90416.7222222222,-0.3107656919648726
1313.5,953.0,89238.32638888889,-0.30825155855288316
1313.5,910.0,85553.66493055555,-0.25033842192742634
1313.5,868.0,82519.15972222222,-0.20409422641391736
1313.5,880.0,85191.55555555555,-0.23905688543254533
1313.5,880.0,89150.734375,-0.2620720951058518
1313.5,880.0,90416.99305555555,-0.2580685480532307
1313.5,880.0,91838.99826388888,-0.2389966608287602
1313.5,880.0,91790.13888888889,-0.2427297947322397
1313.5,880.0,91597.83333333333,-0.2542053924692571
1365.0,880.0,91901.28993055555,-0.29436217112796087
1381.0,880.0,91938.734375,-0.3073311616953407
1412.5,880.0,91531.5815972222,-0.39599454719733923
1412.5,880.0,92041.75,-0.3988278243975788
1412.5,880.0,91676.24305555555,-0.4016131007332619
1412.5,885.0,94580.3315972222,-0.37516179082881496
1412.5,892.0,94963.28993055555,-0.3702345838473292
1412.5,926.0,97588.02083333333,-0.33896039544827655
1412.5,926.0,95822.87326388888,-0.34939036197517404
1412.5,926.0,99473.16493055555,-0.3407652589362819
1412.5,926.0,97137.55555555555,-0.32782291428664423
1412.5,926.0,96258.25,-0.32028958043241185
1412.5,926.0,95437.99826388888,-0.3219559920867017
1411.0,926.0,95142.83333333333,-0.3099000815172583
1411.0,926.0,96196.24826388888,-0.2914278634833354
1411.0,926.0,97371.57638888888,-0.29357018655583805
1411.0,953.0,99005.03993055555,-0.31052042184960565
1411.0,976.0,102922.30555555556,-0.3449760292567527
1411.0,976.0,102678.57638888888,-0.34313187353923613
1411.0,976.0,100749.38888888888,-0.3356588251047058
1411.0,976.0,102502.83159722223,-0.33466289378237724
1411.0,976.0,101600.35416666667,-0.3455163058201981
1411.0,976.0,102100.35416666667,-0.3219347060256952
1411.0,976.0,102445.62326388889,-0.30509082366201506
1384.0,976.0,102153.41666666667,-0.2653237704014023
1357.5,976.0,102332.30555555555,-0.22150552436664203
1318.5,976.0,101904.66493055555,-0.19253646171771271
1318.5,976.0,100561.2065972222,-0.17979781421980387
1318.5,976.0,97030.28993055555,-0.16688447404088078
1318.5,976.0,92434.24305555555,-0.19722533324953595
1318.5,976.0,88260.74305555555,-0.2417198706480566
1318.5,916.0,85100.6875,-0.29946303856549233
1318.5,916.0,86106.63888888888,-0.2874104793000683
1318.5,888.0,84506.56770833333,-0.31267655015987644
1318.5,888.0,85398.83333333333,-0.3141383832536045
1318.5,888.0,85757.52083333333,-0.31471137832084817
1318.5,888.0,82365.94270833333,-0.30759440871991534
1297.0,888.0,81598.13888888889,-0.263301050546121
1297.0,888.0,80775.05555555555,-0.2894417194604672
1297.0,888.0,80547.83333333333,-0.2891139318395037
1297.0,931.0,83301.27083333333,-0.3329115409692729
1297.0,1022.0,89481.55555555555,-0.4375809244507052
1297.0,1022.0,90816.30555555555,-0.44571261441318377
1297.0,1022.0,94889.32638888888,-0.4532648135418514
1297.0,1022.0,97851.30555555555,-0.4510145368356036
1297.0,1022.0,98715.359375,-0.43125378200382725
1297.0,1022.0,99038.07638888889,-0.41182401883210595
1297.0,1022.0,98949.78993055555,-0.43884367889778486
1283.5,1022.0,98876.32638888888,-0.42711576782092986
1295.5,1022.0,98934.27083333333,-0.4488955568226067
1295.5,1022.0,98802.77083333333,-0.44066376907903987
1295.5,1022.0,97639.20659722223,-0.43026222995709623
1295.5,1022.0,98538.65972222223,-0.431729585679489
1295.5,1022.0,100169.4565972222,-0.4186817788972628
1295.5,1022.0,98953.57638888888,-0.4258547816394063
1295.5,1030.0,99234.07638888889,-0.4215571095875413
1295.5,1030.0,97518.859375,-0.44219204957165104
1295.5,1030.0,93837.984375,-0.4786492861813811
1295.5,1030.0,95463.609375,-0.4635880076583273
1295.5,1030.0,96232.74305555556,-0.4589662606899052
1295.5,1030.0,98717.1875,-0.4633441207136543
1305.0,1030.0,98799.30555555556,-0.4713306531484272
1305.0,1030.0,100303.53993055556,-0.42547809272498543
1305.0,1030.0,103317.08159722223,-0.4182136535089566
1305.0,1030.0,103744.02604166667,-0.4215811669803805
1305.0,949.0,97781.9565972222,-0.35893963141199
1305.0,949.0,93748.94270833333,-0.3511155388198337
1305.0,949.0,89121.05555555555,-0.33777639542802673
1305.0,949.0,84261.52083333333,-0.3343226878634926
1305.0,949.0,83290.44270833333,-0.35255000759585303
1305.0,949.0,82956.22222222223,-0.3684764886777581
1305.0,949.0,83012.77083333333,-0.35344210468089393
1305.0,949.0,83012.28993055555,-0.3538788519879023
1297.5,949.0,82994.13888888889,-0.347503791376243
1299.0,949.0,83343.37326388889,-0.3709864958974902
1299.0,949.0,85629.95659722223,-0.38608142630459447
1299.0,949.0,88720.45659722223,-0.3656214697885154
1299.0,984.0,91796.56770833333,-0.3243107008743577
1299.0,1009.0,97477.07638888888,-0.27346239222832935
1299.0,1014.0,99706.37326388889,-0.24598243791252225
