181.5,130.0,1565.04,0.042208809185571
192.0,130.0,1504.04,-0.2872106933036386
199.5,130.0,1449.65,-0.6358964382461123
205.5,130.0,1702.1599999999999,-0.6987783134921195
211.0,109.0,1044.0900000000001,-0.8623202510845269
211.0,71.0,518.81,-0.07789902894236711
205.5,86.0,788.81,-0.19639754801331488
199.5,146.0,1654.6399999999999,-1.000501230852099
199.5,179.0,3151.2100000000005,-0.9888657009142883
198.0,195.0,4710.49,-0.6330997430331476
176.5,205.0,5612.89,-0.2719343623266212
129.5,208.0,6330.01,0.09248495924220132
82.5,208.0,6102.04,0.5033863796067535
67.0,198.0,4440.01,0.8975564543019314
67.0,156.0,2448.4399999999996,1.187293614740379
67.0,123.0,1164.2900000000002,1.3669309078338898
67.0,176.0,2327.6400000000003,1.9746059768418718
67.0,176.0,2978.4,1.3808737551337662
71.0,272.0,7320.8099999999995,1.2551068967435781
81.0,272.0,7297.05,0.8882842702445556
126.5,272.0,7222.840000000001,0.4992627863940901
173.5,250.0,6171.85,0.28584883491786484
173.5,241.0,5118.160000000001,0.2472916957913713
173.5,235.0,4136.24,0.3423127654458843
189.0,221.0,3163.44,0.32732593163225454
204.5,165.0,2409.85,0.6284121172687435
208.5,165.0,2493.6,0.46935476833148704
223.5,165.0,2484.6899999999996,0.0689323057207707
223.5,138.0,2069.1600000000003,-0.22809869911371536
232.0,189.0,3058.21,-0.022492097733703597
232.0,189.0,3702.8,0.07950106441254136
232.0,211.0,4624.84,0.04500819103355509
232.0,234.0,5573.01,-0.08575296869696727
232.0,262.0,7049.8,-0.22156768073781447
193.0,285.0,9153.759999999998,-0.028107084636909613
135.0,285.0,9951.639999999998,0.3241617924198517
110.5,285.0,10327.0,0.6875803593065721
105.0,285.0,8853.61,1.1604280679097994
105.0,285.0,6615.85,1.5916592930872788
91.0,122.0,1615.85,0.4383515155727778
91.0,122.0,1336.64,0.6274857102115449
91.0,199.0,3507.8900000000003,1.3045046761680101
95.0,199.0,3708.7600000000007,0.9875515757654371
109.0,230.0,5983.69,0.7110875719256887
131.5,229.0,5642.410000000001,0.36983459202770247
156.5,224.0,4605.29,0.29241608940133546
156.5,195.0,3547.6099999999997,0.5457105160162181
156.5,195.0,3306.41,0.5242879828430571
156.5,214.0,4816.4400000000005,0.38979226074806506
183.5,190.0,3831.8,0.2933999669854382
212.5,165.0,3286.6400000000003,0.05320210263695148
212.5,165.0,3746.25,0.031049918205370255
240.0,165.0,3679.44,-0.37143159319295654
240.0,289.0,6989.889999999999,0.5739187099376084
240.0,289.0,7331.25,0.6081599316784874
240.0,289.0,7049.639999999999,0.6166678368359171
240.0,338.0,8320.210000000001,0.3003835235516698
240.0,344.0,9888.210000000001,0.11000208927660754
200.5,358.0,11601.09,0.3611590459094161
177.0,370.0,13667.490000000002,0.48820176405427734
127.5,370.0,14351.49,0.8172586677599936
99.5,370.0,12889.490000000002,1.2906994985885076
99.5,370.0,10951.0,1.8766170646454048
99.5,131.0,2028.0099999999998,0.33412592312788986
99.5,202.0,3660.16,0.9990008282598596
99.5,202.0,3742.8399999999992,0.9743256937421233
125.0,202.0,3816.7599999999993,0.6064892509323506
136.0,202.0,3575.6099999999997,0.394937412472553
140.0,202.0,3123.44,0.13103304132853863
154.0,192.0,2311.4,0.09081106261305996
166.5,137.0,1790.44,0.6375346658484599
174.0,119.0,1434.89,0.7034689012132044
183.0,127.0,1797.7599999999998,0.4971246188128465
186.5,123.0,1814.8400000000001,0.216557832246124
186.5,123.0,1921.0400000000002,0.23305256482181277
211.0,213.0,3849.8900000000003,0.6590019312385429
247.0,213.0,3587.09,0.3761817848234562
247.0,189.0,2977.25,0.6340063500726931
247.0,174.0,2658.6099999999997,0.7810168334735903
247.0,244.0,3940.29,0.015331147944869655
225.5,290.0,6393.01,-0.23058540276337752
225.5,306.0,8824.45,-0.2525927847426988
190.0,311.0,10369.240000000002,0.07458024737717805
148.5,311.0,10954.359999999999,0.44387144543475693
88.0,311.0,10547.759999999998,0.877679330415165
60.5,213.0,5485.6900000000005,0.8996449640836505
59.0,150.0,3015.04,1.18318201622136
59.0,168.0,3593.8,1.2400771529501777
59.0,168.0,3336.0099999999998,1.257429383327092
59.0,248.0,7127.960000000001,1.1644488641352477
59.0,248.0,8005.76,0.6688246819421112
121.5,248.0,7716.69,0.33075371672240983
183.5,244.0,7051.410000000001,-0.008421177369460459
183.5,243.0,5902.29,-0.2683908190692016
186.5,236.0,4472.61,-0.5360162014449394
192.5,230.0,3457.4100000000008,-0.6495767678626096
198.0,118.0,1414.69,1.144967018585365
192.5,118.0,1524.24,1.2220082142181268
198.0,118.0,1827.6,0.6852671090981785
198.0,103.0,1222.6399999999999,0.9668127904919186
198.0,154.0,2479.41,0.9844164377038482
207.0,154.0,2343.01,0.8375317774375802
207.0,165.0,2647.16,0.736435176791594
207.0,219.0,3654.0100000000007,0.17190190622326182
207.0,248.0,5298.6,-0.09914881723809303
187.5,277.0,6732.889999999999,0.042791676562216635
170.0,277.0,8210.41,0.21739175143077963
136.0,287.0,9638.41,0.3710768988512742
94.5,288.0,8896.6,0.7902889201648229
94.5,288.0,8100.410000000001,1.1694109304333782
94.5,190.0,3419.6899999999996,0.8636062380636251
94.5,123.0,1815.36,0.17294017080068472
94.5,116.0,1720.0899999999997,0.10310596470724148
96.5,119.0,2124.0899999999997,0.06231460240145831
117.0,119.0,2143.36,-0.18513390178149855
125.5,119.0,1927.69,-0.590695824697818
130.0,119.0,1632.76,-1.101339069108437
134.5,119.0,1074.16,-1.754103957112105
134.5,46.0,225.01000000000005,0.14951181021301715
136.5,38.0,165.16000000000003,0.36941655846906085
139.0,38.0,157.0,0.14670565277538583
140.5,82.0,512.84,1.3074773666153765
140.5,82.0,674.2099999999999,0.9206157043200012
140.5,82.0,680.6,0.8791315317782171
148.5,201.0,3273.85,1.8858954341042788
156.5,201.0,3117.61,1.9158976569382482
160.0,201.0,2991.16,1.8166834560112999
160.0,217.0,3391.3600000000006,1.5833664976803439
160.0,229.0,3731.8399999999992,1.3643367149993821
160.0,250.0,4456.84,1.0401286820688471
160.0,265.0,5413.45,0.8323246845074102
133.5,280.0,6171.76,0.9922467933483063
103.0,280.0,6540.29,1.2690873507506812
101.5,280.0,6431.65,1.5011385408464135
94.5,138.0,1789.0900000000001,0.72556982265851
94.5,138.0,1593.9599999999998,0.7754653005790677
94.5,110.0,1172.8400000000001,0.3217632026257355
94.5,118.0,1616.69,0.32139723354243294
99.0,181.0,3088.29,0.6319618148346252
122.5,181.0,3865.2,0.2616653933033747
147.5,181.0,3739.2400000000002,-0.12915413613044135
160.0,175.0,3129.69,-0.39774349648471685
179.5,215.0,3672.84,0.40087251632199816
204.0,215.0,3850.05,0.12769638216149815
204.0,168.0,2615.4900000000002,0.5859124554213528
215.0,151.0,2590.85,0.36799086903693856
222.0,147.0,2629.6,0.14380966210842971
222.5,123.0,2071.2400000000002,0.3024830576846813
229.0,123.0,2038.6100000000001,0.229970407136916
242.0,123.0,1943.8399999999997,0.09358861421953456
242.0,176.0,2920.6400000000003,-0.4613040855096777
242.0,200.0,4477.16,-0.5475594608980132
229.0,200.0,4790.09,-0.197095206713831
203.0,230.0,5675.45,0.03734183640896218
176.5,273.0,7895.45,-0.012315396850613143
129.5,273.0,7867.839999999999,0.2771909245713922
117.5,206.0,5763.01,0.3874459343521334
96.0,206.0,5057.410000000001,0.8435553884526636
96.0,206.0,3375.7600000000007,1.115955871296109
96.0,97.0,1299.21,-0.2380727650047475
96.0,289.0,6295.05,1.8425029116230296
102.5,289.0,6481.8,1.613645604972449
103.0,289.0,7048.8,1.2553962938224736
127.0,289.0,7024.159999999999,0.9751964203212684
142.5,285.0,6585.609999999999,0.6711411167219982
162.5,273.0,5792.96,0.45623867065354773
181.5,257.0,6394.05,0.45103489072556363
205.5,241.0,6972.210000000001,0.46369732039995754
225.0,241.0,6044.85,0.2389148055226972
250.0,210.0,4660.64,0.16133730799672658
225.0,210.0,4226.89,0.5762060109735251
225.0,197.0,3682.0,0.7417572969362501
250.0,197.0,3442.0,0.48682861334418204
250.0,174.0,3103.21,0.6563171003091443
250.0,230.0,4314.16,0.19285065883457062
234.5,264.0,6230.69,-0.008292315266307124
199.5,307.0,7617.889999999999,0.01477389827961606
194.5,226.0,6600.289999999999,-0.24670494482079086
164.0,237.0,7133.890000000001,0.051652113924785276
119.0,237.0,6339.360000000001,0.33407589830320206
80.5,237.0,6245.76,0.7470189825543224
80.5,237.0,5465.6,1.1420220027693377
80.5,155.0,2346.0099999999998,0.7457829474444105
80.5,111.0,1607.69,0.24529520173079503
80.5,168.0,2755.1599999999994,0.8429524502447383
82.0,168.0,2765.56,0.8168315666862856
105.5,168.0,3609.2899999999995,0.4185718444442469
111.5,168.0,3380.81,0.07079461928959654
132.5,164.0,2780.6,-0.21471930394399916
149.0,180.0,2678.85,-0.18647917801918623
152.0,121.0,1756.6,0.05897127137708949
176.0,199.0,3116.6,0.7213424735783172
199.5,242.0,4962.29,0.7473747598116189
199.5,242.0,4636.610000000001,0.6801092438682163
199.5,242.0,5167.160000000001,0.3629858356246822
213.5,198.0,4281.24,0.262130929555498
213.5,198.0,4367.04,0.2801773638759709
218.0,194.0,3666.2399999999993,0.3391738708036068
218.0,218.0,4137.6,0.1262952755470538
205.5,218.0,4395.49,0.2478256345617534
202.0,238.0,5757.76,0.08975101430649095
191.0,273.0,6875.56,0.2336101528745137
186.5,238.0,5887.24,0.18629677465821226
157.5,238.0,6251.25,0.44023608427350713
120.0,239.0,5352.56,0.7765743432252297
107.5,147.0,2737.4,0.5003559932522086
107.5,147.0,2238.65,0.8716514150230718
107.5,122.0,1622.8399999999997,0.6198041919550102
107.5,122.0,1704.2900000000002,0.5178411057640553
107.5,150.0,2188.6899999999996,0.8152601545398358
109.0,267.0,6373.089999999999,1.299951986804923
129.0,267.0,6381.25,0.9091774418624009
152.0,267.0,5569.0,0.8818031650081389
160.5,267.0,5245.8099999999995,0.769403555831152
163.5,250.0,4107.49,1.0285614331028297
168.0,217.0,3310.3599999999997,1.1567477719941017
191.0,185.0,2759.81,1.1917133048612185
201.0,185.0,2670.6099999999997,1.15692653028916
212.0,171.0,3010.69,0.7642354766580973
222.0,171.0,3032.4399999999996,0.6234859630464127
222.0,193.0,3549.44,0.8217884139917762
212.0,193.0,3646.25,0.8759816673310142
212.0,192.0,3633.6400000000003,0.881004998866231
212.0,238.0,4422.76,0.5131771935595432
212.0,269.0,5893.84,0.14642715266784276
190.5,299.0,7967.44,0.164527898646044
175.0,302.0,9454.16,0.3846273138499128
137.0,303.0,10763.4,0.5577331719078263
136.0,303.0,8542.609999999999,0.8940106989366495
115.5,303.0,7602.44,1.3581426730451858
105.0,141.0,2267.4,0.2794679676545525
102.0,111.0,1511.3600000000001,0.1825453112161437
102.0,109.0,1165.76,0.07058456574250545
102.0,137.0,1908.8,0.4359175917034055
112.5,145.0,2595.8900000000003,0.20487883891971204
118.5,145.0,2333.0099999999998,-0.15001661086514403
139.0,145.0,1920.85,-0.4361874229516925
158.5,98.0,1185.36,-0.24399348377488428
168.5,137.0,1814.61,0.08188603143053703
180.0,150.0,2272.5600000000004,-0.0686156021631603
184.0,138.0,1667.4099999999999,-0.18184694584965544
186.5,126.0,1343.8400000000001,-0.2013288027199745
186.5,87.0,819.6899999999999,0.5886423924441747
190.5,115.0,1307.21,0.48372271535963823
187.0,115.0,1329.4,0.5177180475027595
210.0,99.0,1264.4099999999999,0.22841557035454516
210.0,139.0,1755.0400000000002,-0.19324664220807217
210.0,165.0,2663.89,-0.43866904518687966
187.0,192.0,3843.2,-0.28213046479819903
181.0,220.0,4972.159999999999,-0.10924298500640511
155.0,239.0,6528.64,0.033102871757865054
122.0,245.0,6952.840000000001,0.3561728982584332
95.5,245.0,7491.4,0.6522220309384791
95.5,227.0,5100.6900000000005,0.6745869321687972
72.5,227.0,4527.81,1.1743585351455845
72.5,151.0,2611.09,0.49290497095002517
72.5,151.0,2477.64,0.5737843972435627
72.5,151.0,2779.36,0.4103246417739679
90.5,182.0,4065.4900000000002,0.296954336900877
132.5,182.0,4148.5599999999995,-0.10141113929016753
151.0,221.0,4877.41,-0.15758821052698024
163.0,211.0,3878.16,-0.4474963084787206
175.5,278.0,5152.6,0.553912629604702
192.0,278.0,5380.76,0.21035586492813246
205.5,223.0,3497.2400000000002,0.7249795164120763
209.0,223.0,3412.7599999999998,0.5981581479213193
211.5,194.0,2571.81,0.7598538014602026
229.5,170.0,2313.0900000000006,0.718360783905945
229.5,170.0,2484.69,0.6898965411576798
248.5,152.0,1999.65,0.7141382435211951
229.5,199.0,2973.81,0.2919654145199247
229.5,221.0,4141.41,0.002281308899685619
209.5,181.0,3180.2400000000002,-0.05968350356966661
198.0,234.0,4670.640000000001,-0.11160993677578936
165.5,241.0,6098.009999999999,0.04043648658282954
142.0,251.0,7251.45,0.28636156823958236
131.0,251.0,6879.210000000001,0.6995499424555178
93.5,207.0,4231.29,0.8876305791577789
90.0,207.0,3627.85,1.3139125784022045
90.0,92.0,1361.56,0.11531986503536423
88.5,92.0,1158.04,0.1869898482565659
88.5,92.0,1169.36,0.17884227127207303
88.5,104.0,1300.4,0.2874750937999788
111.5,129.0,1824.5600000000002,0.18157828130912487
117.5,168.0,2643.0,0.2773715771038806
131.0,159.0,2154.0099999999998,0.07778635916315908
147.0,153.0,1698.2399999999998,-0.08840092469583284
155.5,138.0,1835.4900000000002,0.6264789288206308
167.5,348.0,9173.640000000003,1.8966575011434217
176.5,348.0,8889.09,1.8972719512084353
178.5,336.0,8034.210000000001,2.046947074506076
183.5,304.0,7231.6,2.205619942218406
191.5,301.0,6874.490000000001,2.271414862848184
200.0,301.0,6703.609999999999,2.2540171785813974
200.0,301.0,6700.5599999999995,2.2372586082475254
200.0,334.0,7239.45,1.9955916696045974
200.0,376.0,8884.89,1.466283230039536
191.5,390.0,10465.290000000003,1.4029869761705127
181.5,174.0,3835.4,-0.5051542256482775
156.0,178.0,4758.4,-0.17040888002572507
103.0,178.0,4939.65,0.21773810637177696
76.0,178.0,4460.4,0.6454969311788461
76.0,178.0,4990.16,0.6476779807017231
76.0,178.0,3983.4399999999996,1.0634819957619595
76.0,244.0,5927.8,1.3277410737034787
76.0,244.0,5938.84,1.3089862547847024
88.5,244.0,5981.759999999999,1.0309976172571138
117.5,244.0,7509.76,0.5497800118044005
142.0,248.0,8436.960000000001,0.20659534321225415
176.5,230.0,6892.640000000001,0.026531807696333815
198.0,223.0,5391.2,-0.12335803794750573
211.0,186.0,3995.81,-0.26522083300483174
198.0,186.0,4035.4100000000008,-0.09792747951492879
231.0,343.0,8556.290000000003,1.1398775962530276
231.0,343.0,8805.84,1.0442191774191174
261.0,315.0,7222.05,1.2173989781354049
265.5,284.0,6159.159999999999,1.2036214453469074
264.5,284.0,6162.8,1.2100928467291028
261.0,284.0,6500.61,1.3711362972493557
261.0,350.0,8095.090000000001,0.8557513316885388
261.0,380.0,10464.61,0.46974568520940563
234.5,408.0,13516.61,0.4295356536356954
234.5,430.0,16670.21,0.34761099990387606
165.5,272.0,11269.41,0.06163020596188871
106.0,272.0,10233.759999999998,0.4150782339608148
92.0,272.0,8922.36,0.8493100077567337
92.0,225.0,6366.840000000001,0.67742429704808
90.0,184.0,3996.8100000000004,0.9658445489417475
90.0,184.0,2979.21,1.126500936313793
90.0,184.0,3595.7599999999998,0.8273822782149877
91.0,184.0,3863.09,0.49512065388995646
119.5,184.0,4245.890000000001,0.08520626912469431
152.0,184.0,3767.09,-0.2789821999142761
169.0,196.0,3569.09,-0.41638904949494315
180.5,150.0,2554.1600000000003,-0.4214939829839401
188.0,150.0,1890.6399999999999,-0.7864265523425533
188.0,150.0,1988.65,-0.7269625771488492
202.0,301.0,6542.410000000001,1.9793479599846868
213.5,289.0,5910.25,2.121218245982095
219.5,289.0,5655.640000000001,2.1307151743437753
226.5,266.0,5076.85,2.1725139974291583
226.5,266.0,5139.490000000002,2.144546235158608
226.5,300.0,5671.25,1.8308775354498366
219.5,332.0,7092.290000000001,1.4231489019028982
213.5,361.0,8896.85,1.1390613330382244
203.5,361.0,9758.96,1.178635317032542
168.0,383.0,11327.6,1.2002866166808661
131.5,208.0,4700.5599999999995,0.2647400244597093
115.5,208.0,4727.25,0.6508164141554279
115.5,208.0,3857.6400000000003,1.0848844878903807
100.5,130.0,1617.2099999999998,0.7262752978250085
92.0,88.0,802.76,0.30536177707431567
92.0,118.0,1200.56,0.917341250124426
92.0,140.0,2134.6400000000003,0.8994478327133086
107.0,140.0,2210.04,0.5435561462580589
109.0,168.0,3421.05,0.4780477381930614
132.0,213.0,4881.210000000001,0.3994546121255085
150.5,211.0,4093.29,0.2867931815013928
165.5,196.0,3161.04,0.2562422774331347
175.5,196.0,3146.4900000000002,-0.1338783547748161
188.0,174.0,2320.56,-0.18420964417503094
208.0,128.0,1414.05,0.12540214207309885
216.0,128.0,1350.21,-0.13959269709111077
219.0,264.0,4976.360000000001,1.403052102943238
224.0,251.0,4270.6900000000005,1.4352714632912336
219.0,251.0,4492.61,1.4593402832704092
216.0,259.0,4951.4,1.5923601581116975
216.0,319.0,6265.16,0.9498979712877926
216.0,351.0,8484.65,0.4791827284262789
202.0,358.0,10577.16,0.49648560185835827
169.0,368.0,12131.49,0.6959462569481032
119.0,368.0,12974.290000000003,0.9613669830088535
73.0,368.0,13211.2,1.279641516781498
63.5,223.0,5038.360000000001,1.2038406294095363
63.5,310.0,8534.89,1.6786970372966177
63.5,310.0,7955.610000000002,1.9735003843869792
63.5,310.0,7751.0,2.1656286787584755
63.5,310.0,7883.840000000001,1.9392795002950267
91.0,310.0,8764.160000000002,1.3284315315358468
124.5,310.0,8783.84,0.9322343280306891
140.0,301.0,9354.41,0.5286360856890114
166.0,294.0,7890.01,0.42655130929322044
201.5,280.0,6387.6900000000005,0.29853393399024475
203.0,238.0,4650.41,0.5704136989572545
203.0,191.0,3517.2399999999993,0.14862300368441902
219.5,191.0,3110.8899999999994,-0.18987597507161358
229.5,160.0,2426.41,-0.07765882076366223
238.0,114.0,1553.56,0.15338322864510054
238.0,114.0,1542.85,0.1367335518357003
238.0,114.0,1468.2900000000002,0.06695086367269674
232.0,156.0,2087.09,-0.10485195181720498
232.0,192.0,3307.0099999999998,-0.5349192801577792
229.0,192.0,4147.25,-0.22905214555690728
229.0,262.0,6848.639999999999,-0.4583701320155823
187.5,257.0,7519.410000000001,-0.23043725582399363
136.5,257.0,8181.4,0.1477329097741767
118.5,217.0,6524.76,0.3716668125422733
118.5,221.0,6630.039999999999,0.38672811884479097
85.5,221.0,5830.36,0.8465505908537252
85.5,221.0,4454.89,1.1155592833506762
85.5,221.0,4349.61,1.1998237125069302
93.0,221.0,5192.639999999999,0.7943325928609711
96.5,221.0,5265.6,0.7189864298612874
137.5,220.0,4880.61,0.4182760058683086
142.5,213.0,4306.6900000000005,0.1260281674912429
153.5,212.0,4129.04,-0.14281535444395882
171.0,202.0,2973.89,-0.28888275291457405
171.0,181.0,2635.16,-0.5203447789949908
188.0,108.0,1462.01,0.03479074452090681
190.0,108.0,1261.16,-0.1062734216305761
200.5,99.0,960.5600000000001,-0.3083633443591481
211.0,99.0,995.21,-0.46766757472856246
221.0,207.0,2998.96,1.6856468013998676
224.0,193.0,3960.3599999999997,1.1424775270859246
224.0,234.0,4646.289999999999,0.7890503595674376
221.0,273.0,6445.8099999999995,0.4608003995152455
221.0,295.0,8463.839999999998,0.29704661014187433
200.5,305.0,10226.09,0.44112784022233864
159.5,327.0,12092.2,0.5798662416006652
117.5,327.0,13505.689999999999,0.7034037666297066
87.0,327.0,14154.440000000002,0.9949079312166809
71.0,327.0,14127.41,1.3401967415127407
71.0,310.0,10994.689999999999,1.3509603764668203
71.0,251.0,5071.959999999999,2.0112725338216975
71.0,251.0,4943.039999999999,2.168504139084977
71.0,251.0,7412.49,1.315141602077024
83.5,251.0,7400.01,1.0646954121398964
108.0,251.0,8116.44,0.5844926297113532
134.5,245.0,7665.090000000001,0.22988228903429292
187.5,245.0,7877.8,-0.0910139013830916
203.0,235.0,6062.05,-0.21581501103085016
227.0,194.0,4338.5599999999995,-0.3835217396784055
203.0,189.0,3609.09,-0.1982254695264256
203.0,175.0,2933.56,-0.02276403904756314
227.0,186.0,3301.21,0.24252882369155962
227.0,186.0,3188.44,0.3425528972006969
227.0,186.0,3122.0899999999992,0.3642710719028429
230.5,288.0,7080.2,0.9139721143196586
212.5,288.0,7916.45,0.8984641469401503
180.5,312.0,8664.45,1.1275399559843258
167.5,345.0,10185.41,0.9593308744488532
152.5,374.0,11879.960000000001,1.0329976109182235
145.0,386.0,13744.16,0.9820535159279573
133.0,387.0,15263.810000000001,0.9620293110201457
103.5,388.0,13261.810000000001,1.5412493726481733
72.5,388.0,12679.81,2.0415507471580354
72.5,388.0,12914.64,1.9384144426894012
72.5,138.0,2347.56,0.5437845925514884
72.5,318.0,8931.24,1.7189415713657448
72.5,318.0,9172.359999999999,1.5292745454779315
96.0,318.0,9154.09,1.3432297150172268
142.0,318.0,8854.810000000001,1.0891458008231245
157.0,318.0,8563.039999999999,0.7387277790696536
169.0,318.0,7339.5599999999995,0.6218597399916391
178.0,316.0,8540.36,0.5746054636597111
186.5,228.0,5971.49,1.1541657188795043
193.0,228.0,5903.24,1.1292309080469705
193.0,212.0,5361.16,1.2483357766715655
193.0,210.0,3827.29,1.3568197334559624
197.0,343.0,10351.36,1.3988484584779501
197.0,319.0,9928.61,1.4668490087528623
197.0,318.0,9815.49,1.4802644276089132
193.0,363.0,11085.640000000001,1.361169733179069
188.5,363.0,11705.289999999999,1.3236909219759538
180.0,411.0,11716.409999999998,1.6726386337354182
176.5,411.0,13120.01,1.588637737130948
160.5,443.0,15032.559999999998,1.483949749085938
138.0,443.0,15785.840000000002,1.5512297139270055
110.0,447.0,15319.01,2.030291476300961
86.5,136.0,2346.56,0.38530464604498604
86.5,136.0,1864.89,0.4511004192732613
86.5,310.0,7481.609999999999,1.9819413087070572
86.5,310.0,11945.289999999999,1.239021244163296
86.5,310.0,12151.6,1.1095714831404049
108.0,310.0,11795.439999999999,0.944963027635881
146.0,310.0,11974.64,0.5669841216605515
175.5,310.0,11253.039999999999,0.21590750679113213
177.0,310.0,10275.810000000001,0.1012646188210366
197.0,302.0,7799.839999999999,0.07664019823064269
214.5,230.0,5047.56,0.5252327757994684
231.5,190.0,3898.8100000000004,0.6084643131805977
214.5,205.0,3232.04,0.5291822167284752
214.5,224.0,3719.0099999999998,0.7548605143079066
214.5,224.0,3885.6399999999994,0.7503580626829609
214.5,224.0,3698.6400000000003,0.7508803731608674
198.5,224.0,3766.84,1.0029459824827787
184.5,224.0,3806.2100000000005,1.3855033348706947
198.5,224.0,3808.4,1.0705062495054871
184.5,265.0,5040.41,0.7543822464843394
173.5,281.0,6252.89,0.7349972103168717
154.5,311.0,7243.040000000001,0.8587003605382963
154.5,311.0,8309.810000000001,0.7917675442355213
117.5,196.0,4195.410000000001,0.3098499917287108
107.0,196.0,4006.21,0.5131524881953858
107.0,229.0,5865.4,0.7025180947193184
107.0,229.0,5603.8099999999995,0.8679651902601765
103.0,229.0,5576.84,0.9891495171954321
103.0,229.0,4013.16,1.5029419796112211
118.0,229.0,4267.4400000000005,1.0875317698711957
124.0,229.0,5168.039999999999,0.5805152067820248
135.0,223.0,4522.76,0.3349381312544367
157.0,214.0,3698.0,0.16433048823396926
178.5,161.0,2506.04,0.42866248523339456
178.5,161.0,2182.21,0.39266693269805003
178.5,355.0,9166.209999999997,2.02396015001633
190.5,355.0,11125.960000000003,1.279230168565558
197.5,343.0,9889.689999999999,1.3981259837687585
197.5,300.0,8920.4,1.5715802099286642
205.5,300.0,8425.04,1.4423175559293295
205.5,300.0,8410.759999999998,1.4266860006633932
205.5,321.0,9109.04,1.3106559050578954
220.5,321.0,8976.04,1.2243780528199177
220.5,371.0,10781.85,0.9046040960329188
220.5,386.0,12660.09,0.6962167188174431
194.0,305.0,8136.24,0.3161067201075892
167.5,203.0,5633.160000000001,0.0030494899040062725
123.0,203.0,6053.0,0.347039115035961
122.5,203.0,5877.0,0.5052135325320956
122.5,185.0,4292.040000000001,0.6303795963896469
122.5,185.0,3794.4,0.5858064189380308
113.5,185.0,3758.4899999999993,0.6846956807625582
113.5,154.0,3101.6,0.4893838745155093
138.0,154.0,3640.6099999999997,0.11493730174821284
149.0,154.0,3331.8900000000003,-0.1433908886906954
156.5,154.0,3006.6099999999997,-0.48500188887082635
156.5,144.0,2029.6,-0.5150440388571493
172.0,88.0,1049.6899999999998,0.02007149788550909
196.5,138.0,1604.09,0.2318063497499435
212.5,138.0,1820.3600000000001,-0.12147230006812668
213.5,250.0,4772.209999999999,1.0150883233313255
216.5,229.0,3945.09,1.1386655405797224
213.5,229.0,3960.8399999999992,1.1640816049525367
221.5,229.0,5632.839999999999,0.7008732123939937
239.0,229.0,5124.16,0.4146871845151284
239.0,257.0,6667.640000000001,0.19788174341891995
239.0,289.0,8148.44,-0.052152315190682544
239.0,315.0,10779.84,-0.1644854917089052
218.5,325.0,13227.210000000001,0.0873307076256489
166.0,330.0,15134.09,0.3508383835112052
106.0,314.0,12248.759999999998,0.6885220507825818
77.5,314.0,12252.0,1.0496688223050663
77.5,314.0,11792.64,1.205782398049114
77.5,295.0,10953.41,1.1608632772188368
77.5,295.0,7420.76,1.7318686580300158
77.5,295.0,7571.040000000001,1.5735375186097194
98.5,295.0,7489.5599999999995,1.4575578431445573
140.0,295.0,7946.4,0.9663542141405604
151.0,295.0,7146.4,0.8787620086885499
151.0,294.0,6048.49,0.9572138502940656
155.0,279.0,4882.089999999999,1.0344549198462152
161.0,212.0,3556.3599999999997,1.7490713684648975
164.0,212.0,3893.05,1.234257109415964
164.0,131.0,2061.6400000000003,0.5174821316488374
192.0,177.0,3158.05,0.4602064110746799
192.0,224.0,4272.04,0.07469586198767603
219.0,344.0,8444.89,0.6989658114906253
232.5,344.0,9635.05,0.3839502471280848
232.5,344.0,10634.41,0.3194054956035785
232.5,344.0,10417.69,0.31157375775313045
212.5,348.0,12515.0,0.33887862014180037
207.5,356.0,14347.490000000002,0.346190271075543
138.5,356.0,14877.409999999998,0.6169792736667653
110.5,380.0,16144.289999999999,0.8855790693285837
101.0,380.0,14514.84,1.4087397849625733
101.0,380.0,15105.289999999999,1.3699038141216522
101.0,291.0,6463.24,1.9163869217394658
101.0,137.0,1803.2,0.5058581397477321
105.5,137.0,1896.2,0.3017703111346407
105.5,137.0,1823.61,0.29751563377568035
118.5,137.0,1855.85,-0.0628598893492233
129.0,158.0,2413.29,-0.11718013824518106
139.5,158.0,2543.29,-0.36360213541629344
149.0,157.0,1891.05,-0.6833475033605837
161.0,157.0,1702.2400000000002,-1.1844869747812918
170.0,101.0,887.4100000000001,0.24750096806436092
173.0,87.0,645.1600000000001,0.41080598696630327
173.0,87.0,712.65,0.28387528148943963
174.0,256.0,4860.16,2.1436955056336506
189.0,256.0,6161.29,1.3333971421792903
189.0,237.0,5900.8,1.406283787087061
174.0,237.0,6116.05,1.4416247539345974
189.0,237.0,5821.8,1.3664248128278662
189.0,237.0,5821.8,1.3664248128278662
188.0,306.0,7230.56,0.9309099856977457
173.0,329.0,9117.05,0.7862326698528704
172.5,352.0,11238.890000000001,0.6308691559763384
167.0,352.0,12099.61,0.8048652266416159
127.5,300.0,7749.56,0.8626939830240525
90.0,184.0,3728.7599999999998,0.4140355403591971
87.0,184.0,3488.0099999999998,0.7729309224421447
87.0,184.0,3742.84,0.7404752936341259
87.0,151.0,2667.4100000000003,0.583557418633102
87.0,188.0,3690.84,0.810553166196448
87.0,188.0,4008.09,0.45572820895130334
111.0,188.0,3828.04,0.2101638497556103
148.0,188.0,3626.56,-0.1573697882952227
148.0,188.0,3380.8,-0.3695650187402364
152.5,168.0,2250.84,-0.3967961399400352
164.5,164.0,2067.4900000000002,0.12602480061245191
164.5,116.0,1408.69,0.7595730751821301
155.5,116.0,1435.6,1.014665303494381
159.0,116.0,1428.7599999999998,0.8817909593700904
159.0,192.0,3421.4900000000002,1.4715798746039983
164.5,192.0,3673.4900000000007,1.0498271891459205
186.0,300.0,8467.490000000002,1.1938458184920429
197.5,300.0,8390.439999999999,1.13756500977208
197.5,300.0,8390.44,1.1375650097720797
197.5,300.0,8065.959999999999,1.1710048865157503
190.0,300.0,8028.960000000001,1.3423111349936454
190.0,351.0,9303.45,1.0362973877744481
190.0,369.0,11005.29,0.7904192924142623
184.5,379.0,13008.96,0.7176120617643701
151.5,379.0,12301.490000000002,1.1655993459532759
109.5,379.0,12383.09,1.5224373254446457
79.0,160.0,3455.56,0.6662424343204804
79.0,145.0,2356.84,0.7526540376792199
79.0,225.0,5168.8,1.0885643773986815
79.0,225.0,4908.610000000001,1.4117359638903817
79.0,225.0,4563.65,1.543741201699084
89.5,225.0,6691.490000000001,0.9202898808955141
118.5,225.0,6334.959999999999,0.6769556111934963
149.5,223.0,5885.04,0.353561566814487
169.5,211.0,4856.76,0.24276096854185614
170.0,207.0,3843.44,0.23565869162522962
170.0,176.0,2756.81,0.6086924473790428
175.5,176.0,3148.09,0.2472892506159897
175.5,173.0,2498.4900000000002,0.2675155484855109
193.5,117.0,1983.2900000000002,0.44907903657801646
215.5,117.0,2112.65,0.04344990001854646
190.0,148.0,2406.65,0.2251311416677314
215.5,149.0,2718.0099999999998,-0.12879450523056052
197.5,149.0,3147.05,0.046043780392401465
195.5,212.0,4905.8,-0.33361448591206655
192.0,220.0,6629.090000000001,-0.3009412378672384
184.5,224.0,8193.65,-0.1744979446699852
138.0,229.0,8243.81,0.18612038204733952
98.5,229.0,8300.69,0.573401140205208
66.0,229.0,6860.45,1.0755940733558913
66.0,229.0,4591.009999999999,1.8151042080311552
66.0,251.0,8306.84,1.272145780232561
66.0,251.0,5574.24,1.798881063241528
66.0,251.0,5784.64,1.6623633056962992
68.0,251.0,6211.64,1.1602052180647193
110.0,251.0,6524.210000000001,0.7013458170845768
155.0,251.0,5909.41,0.5021663034415916
159.0,240.0,4964.6,0.4187535092504298
163.5,240.0,4331.16,0.14273103481307145
167.5,230.0,3074.04,0.36168353471397635
167.5,152.0,1895.0900000000001,1.650068511176488
167.5,64.0,454.69000000000005,0.8122778121320468
170.0,91.0,827.0900000000001,0.9644672968235771
180.0,152.0,2133.4900000000002,1.2267338127749101
190.5,152.0,2986.6899999999996,0.7331738953531753
192.0,163.0,4079.9600000000005,0.4544236688481536
195.5,163.0,3906.05,0.45684517166008254
195.5,217.0,4887.8,0.1420040639385449
174.5,239.0,6559.610000000001,0.11493879171852835
174.5,250.0,8133.610000000001,0.09665618440937408
174.5,256.0,9594.639999999998,0.13423554424760856
140.0,262.0,11047.0,0.2615534954537126
91.0,265.0,11504.41,0.62441195662761
74.5,265.0,9378.439999999999,1.1344045470320174
74.5,265.0,6236.65,1.9108907099209986
74.5,124.0,1317.9600000000003,1.4693426442386697
74.5,62.0,511.56000000000006,0.4471743205606051
74.5,227.0,4190.010000000001,2.167341450444872
77.5,227.0,4316.49,1.8214488092816743
100.0,227.0,4286.5599999999995,1.5395308511358796
115.0,227.0,4147.960000000001,1.2646371455849155
129.0,227.0,3846.56,1.0272693221303224
142.0,224.0,3232.89,1.0188748723074779
147.5,195.0,2648.25,1.1150380053105942
158.0,266.0,6282.09,1.4539397805497496
165.0,266.0,6609.45,0.9735047302765724
184.0,238.0,6332.8099999999995,0.6392167621761103
184.0,238.0,6022.49,0.7866092369745
195.5,238.0,5499.290000000001,0.8096680312262657
195.5,227.0,5053.209999999999,0.894294867596705
195.5,260.0,5635.0,0.7005466899063135
195.5,313.0,7655.0,0.2462107873526629
195.5,322.0,9697.25,0.11690359793344916
183.0,323.0,11606.69,0.24631608923051768
148.0,245.0,8721.36,0.2947068611027829
93.5,262.0,7653.24,0.6206144640407237
62.5,211.0,4996.4,0.8026137509555956
57.5,156.0,2989.0399999999995,1.0375442743015726
57.5,142.0,1738.0900000000001,1.6076487600091107
57.5,189.0,2924.8399999999997,1.9656627082461724
57.5,189.0,3558.4399999999996,1.553271596214171
57.5,189.0,4019.5600000000004,1.0385824359889602
60.0,192.0,5511.4,0.5895110742075016
109.0,192.0,5439.6900000000005,0.2521857471335377
156.5,241.0,7039.05,0.0774045960154761
163.0,234.0,6170.410000000001,-0.2797695816902642
184.0,234.0,4805.29,-0.629372515345403
206.0,212.0,3014.41,-0.8564852318206775
217.5,147.0,2070.3599999999997,0.44386043171560746
215.5,147.0,2064.7599999999998,0.4714682752781497
221.0,147.0,1902.81,0.1435017273561474
224.5,144.0,1421.21,0.09333632872444347
232.0,144.0,1790.36,-0.0699126550473273
232.0,134.0,1640.9599999999998,0.09510314062958872
221.0,188.0,2788.8900000000003,-0.34879941203175313
221.0,208.0,4280.410000000001,-0.3867451236748058
221.0,239.0,6251.84,-0.3404161941745114
193.5,257.0,8163.56,-0.10433558316126956
141.0,256.0,7908.45,0.14928161529905784
104.0,256.0,8248.45,0.5209935590201777
78.5,256.0,7322.2,1.0042441475510513
72.5,256.0,5622.49,1.6655611552267746
72.5,205.0,3868.6,1.3263266605482058
72.5,205.0,3658.04,1.4297311264508075
72.5,205.0,4290.36,1.0438984613881304
72.5,205.0,4945.4,0.6330382721572491
111.5,205.0,4775.36,0.3665168204211731
146.5,273.0,7357.25,0.46490592313154416
156.5,263.0,6147.01,0.37606387352331083
169.5,260.0,5120.21,0.1693272831902316
172.5,230.0,3534.3599999999997,0.5444759974439285
172.5,171.0,2481.29,1.2993828416045874
172.5,171.0,2422.25,1.3476031423489088
182.0,171.0,3441.44,0.8385307046163659
176.5,171.0,3541.4,0.847138790971064
193.0,171.0,3509.44,0.6915366298704497
219.5,151.0,3751.3599999999997,0.351521411309658
193.0,150.0,3212.29,0.7626320365413638
193.0,181.0,3609.4,0.6072423046596833
165.5,231.0,5042.49,0.3764282574948081
162.5,250.0,6628.25,0.20931345311336327
162.5,262.0,8261.210000000001,0.19944721295969375
145.5,276.0,9302.6,0.4875702389603516
113.5,274.0,6619.039999999999,0.8423316785807514
88.5,278.0,7322.609999999999,1.0302970620370553
88.5,278.0,6914.289999999999,1.1052952964947311
88.5,167.0,2795.09,0.4916473608709375
88.5,167.0,2674.29,0.5053386075415169
88.5,167.0,2543.0900000000006,0.7024397157335187
97.5,167.0,3100.1600000000003,0.3261362176085686
105.5,167.0,2925.44,0.10857036278667172
116.0,167.0,2567.0099999999998,-0.15482143386961816
120.5,167.0,1986.2899999999997,-0.4268577438328524
127.0,167.0,1894.2400000000002,-0.6705665149726152
141.5,100.0,1058.65,0.26762516379168233
141.5,94.0,937.3599999999999,0.15920593417771337
147.5,94.0,867.61,-0.013829587114239332
150.5,303.0,6707.610000000001,2.0487046496250967
165.0,288.0,7896.2,1.3666800394438818
171.0,288.0,7893.44,1.215480066427102
184.0,279.0,7136.039999999999,1.2682946376265096
184.0,269.0,6549.01,1.3691529519879688
184.0,269.0,6841.8,1.313918063314592
184.0,267.0,6585.49,1.3686023958961633
176.0,322.0,8139.240000000001,1.069107283252946
160.0,334.0,9713.359999999999,0.9431442596434962
160.0,345.0,11163.6,0.8328321109838905
142.5,267.0,6524.210000000001,0.766024824766553
106.5,165.0,3451.04,0.3294945989914099
88.5,129.0,2290.65,0.3986420276809756
88.5,115.0,1954.4,0.29301648929559443
77.0,104.0,1490.0400000000002,0.6280240049870438
77.0,104.0,1314.81,0.8838547599901163
77.0,104.0,908.36,1.2358525288462403
85.5,113.0,1520.8399999999997,0.8532587921620064
97.0,113.0,1800.2100000000003,0.397449063340477
99.5,113.0,1706.61,0.025364897922987975
123.5,113.0,1435.8899999999999,-0.29620208673567544
147.0,92.0,992.24,-0.4465931289628513
148.5,137.0,1441.4,-0.1029313229588454
148.5,137.0,1742.9599999999998,-0.10474037148697095
148.5,116.0,1210.61,0.07306619850018016
153.5,201.0,2680.6100000000006,1.1364084566538761
162.5,157.0,2885.81,0.9903079705690495
165.0,157.0,2865.76,0.9765515632241234
160.5,157.0,2930.29,0.9718103834148534
160.5,170.0,3125.8,0.8935287935845798
160.5,191.0,3612.1600000000008,0.7117983999322326
160.5,212.0,4413.4400000000005,0.5110673988096228
144.5,212.0,4549.290000000001,0.8306787174572574
133.5,243.0,5501.21,0.8612676406643993
122.0,244.0,6396.44,0.8235311632509312
111.5,225.0,4295.6,1.1111214656337802
95.5,121.0,1704.85,0.37251875735410517
95.5,106.0,1501.6,0.21823158846721144
95.0,106.0,1209.44,0.33126866968603613
95.0,249.0,5127.890000000001,1.7518161819966873
95.0,271.0,9201.65,1.1381984654425152
111.0,271.0,8975.49,1.0531349761071975
117.0,271.0,9298.36,0.7713100354385054
134.5,271.0,8429.76,0.7034142261647701
137.5,271.0,7414.6,0.7164746662292184
148.5,309.0,9618.89,0.5936638170533197
178.5,265.0,7723.24,0.623059620860279
208.0,265.0,7443.25,0.46619852623989116
208.0,241.0,6583.25,0.5770128689615328
207.5,241.0,5848.0,0.9029525903987511
207.5,241.0,4484.84,1.3555967474895754
207.5,235.0,4039.5600000000004,1.5065202652850378
194.0,237.0,4494.49,1.4667271082982793
194.0,237.0,4408.890000000001,1.496662009185779
194.0,281.0,5178.01,1.0881274434750432
164.0,129.0,1977.7599999999998,-0.2563750980960973
151.5,165.0,2810.69,-0.29917106622432244
140.5,175.0,3290.3600000000006,-0.156780459691448
126.0,175.0,3953.4,0.11221355411377287
104.0,175.0,3426.4,0.40998395474927335
77.5,132.0,2151.4,0.43007637432893836
74.0,107.0,1404.29,0.5092297198838815
74.0,354.0,10259.889999999998,2.173147183247513
74.0,354.0,10259.889999999996,2.1731471832475133
74.0,354.0,11115.360000000002,1.6722267146662009
74.0,354.0,11249.76,1.5340529818110735
115.0,354.0,11397.6,1.132522759518296
153.5,352.0,10631.21,0.8758033257323077
184.5,357.0,13951.959999999997,0.6139224544382735
212.0,336.0,12244.0,0.3748033283616886
217.5,320.0,9623.84,0.35828021429983026
217.5,254.0,7138.01,0.7492463784617791
212.0,254.0,4898.36,1.2453313472698337
217.5,243.0,4203.960000000001,1.225289918357337
235.5,243.0,4621.5599999999995,0.7331015107636433
235.5,197.0,3848.29,1.0526355478291047
232.0,221.0,4313.09,0.9114278059695865
231.0,270.0,5625.089999999999,0.4961607214283876
209.0,222.0,4492.69,-0.08521028749543126
205.5,256.0,5468.960000000001,-0.05254244954037481
193.0,256.0,5673.09,0.3318457206725113
156.5,276.0,7125.4400000000005,0.40755246690339536
122.5,276.0,8007.039999999999,0.6488416791971777
108.5,276.0,6967.0,1.143690298798526
108.5,162.0,2701.56,0.6628019743565833
108.5,131.0,2118.45,0.39753921002858417
91.0,129.0,1517.96,0.7041314950354949
91.0,129.0,1899.56,0.6604703148368708
95.5,129.0,2197.0,0.37840648728031645
113.5,129.0,2084.29,0.1194563116169371
117.5,136.0,2620.84,-0.007070584549697082
138.5,171.0,3053.09,-0.054756921474283134
162.0,167.0,2618.21,-0.3581727922029882
173.5,167.0,2388.2,-0.20946889008506125
180.5,167.0,2083.5600000000004,-0.5471865509930385
184.0,216.0,3393.41,0.0152623490969239
192.0,269.0,5458.85,1.0983057565420566
211.5,269.0,5230.360000000001,0.9012593579283925
233.0,269.0,4783.6,0.6910763071551868
243.0,208.0,3372.85,1.1993769354807426
243.0,208.0,3035.41,1.3289202866620216
250.5,208.0,2967.1600000000003,1.1723992330778699
250.5,283.0,4753.49,0.04038010059338799
248.5,283.0,6075.889999999999,0.11845000799795899
248.5,318.0,8311.09,-0.10572143265755173
232.5,321.0,9676.84,0.1921334972958122
174.5,201.0,6913.69,-0.07629042369182237
116.0,201.0,7061.610000000001,0.31986763953798825
116.0,201.0,5927.959999999999,0.45907464658258235
116.0,201.0,4847.64,0.5028392988360185
116.0,201.0,5547.3600000000015,0.5462072184372417
116.0,195.0,3833.7600000000007,0.8124607394180856
126.5,195.0,3824.1600000000008,0.6279997924985302
137.5,195.0,4954.6,0.3297954100796987
163.0,205.0,5668.039999999999,0.020020122950932844
185.5,205.0,4874.89,-0.3313283136021144
185.5,199.0,3499.8399999999992,-0.37402268960952517
203.0,140.0,2036.7599999999998,-0.102542090806528
203.0,140.0,2051.49,-0.08748544297092442
217.5,140.0,2069.7599999999998,-0.2693898203191371
217.5,254.0,4772.960000000001,1.0205410992032018
224.0,235.0,3901.6099999999997,1.1375973657513931
233.0,216.0,3170.0899999999997,1.3396476410470395
227.5,216.0,3175.04,1.4157799741057513
224.0,216.0,3315.84,1.6781152110235895
227.5,223.0,5596.089999999999,1.0557333263265163
227.5,285.0,6922.890000000001,0.5894583249657577
224.5,313.0,9334.359999999999,0.37003978426399126
224.5,313.0,9811.289999999999,0.4039936364564357
204.0,336.0,12321.210000000001,0.4034312456842442
159.5,336.0,10257.84,0.6701253491482192
121.5,336.0,10768.409999999998,0.9942441817319748
90.0,336.0,10462.8,1.437376772534169
90.0,336.0,9497.29,1.8532552701173555
90.0,336.0,9164.65,2.105398734116261
90.0,86.0,1227.6399999999999,0.08731102447717794
101.0,177.0,2923.6,0.9236690228648848
127.0,177.0,2862.04,0.6764489909171726
127.0,177.0,3567.0100000000007,0.507760972012733
129.0,193.0,4465.96,0.2942103619506175
133.5,192.0,3937.21,-0.022946941765638062
140.5,188.0,2956.89,0.013067121048059705
143.5,122.0,1915.2399999999998,0.6399622441082846
170.0,122.0,1980.8100000000002,0.22780267653149225
199.0,265.0,5710.8,1.3299040556265027
199.0,263.0,5296.05,1.437608124808823
199.0,263.0,5261.04,1.4866063062376904
209.0,299.0,9304.560000000001,1.147984480576781
218.5,299.0,9223.29,0.9734009609211787
206.0,321.0,10550.44,1.000470273178737
189.5,343.0,12064.61,0.9156524263754985
189.5,366.0,13523.89,0.7831889548302465
189.5,396.0,15746.159999999998,0.634241342864466
142.0,405.0,18207.41,0.7200692796004156
110.0,406.0,14919.439999999999,1.201640825188499
87.5,406.0,16015.689999999999,1.3071525154321468
61.0,406.0,15916.009999999998,1.6743291249733572
61.0,229.0,4454.639999999999,1.7521185118671811
61.0,92.0,1255.69,0.3241576529772463
61.0,117.0,1655.69,0.5753304776900698
61.0,125.0,2285.6099999999997,0.5125316563180998
75.5,125.0,2497.29,0.20974806190731157
116.5,125.0,2559.29,-0.19026754469795237
130.0,125.0,2366.2400000000002,-0.5998836039532333
139.0,176.0,2597.64,-0.45126072618404717
149.5,171.0,1773.6,-0.7019635481214865
153.0,109.0,728.6,0.6955884258804969
153.5,230.0,4161.81,2.1539668403222567
154.0,226.0,3971.4900000000002,2.227388251862368
157.5,226.0,3909.4399999999996,2.205859706542261
159.0,343.0,11552.2,1.5885240914068355
167.0,329.0,10841.09,1.5357213571169515
167.0,333.0,10902.45,1.528032390332936
192.0,333.0,10472.45,1.35996430208404
167.0,414.0,13084.16,1.052412030776088
162.0,424.0,15390.490000000002,0.8741224335363764
162.0,437.0,17751.44,0.777770454077125
148.0,438.0,16393.61,1.249110949742553
101.5,441.0,17840.810000000005,1.2859623995432348
56.0,441.0,18686.49,1.4302272894931487
52.0,220.0,6094.01,1.1431122547132089
52.0,220.0,4522.4400000000005,1.533921798083866
52.0,220.0,5695.609999999999,1.2221439235845015
52.0,175.0,3416.56,1.1211722670002138
52.0,175.0,3490.96,0.8133923069176368
87.0,175.0,4087.6,0.36300115203619926
125.5,175.0,4208.29,-0.02909263010939752
144.5,232.0,5314.36,0.005793848651594632
165.5,220.0,4135.839999999999,-0.19868388692222058
165.5,213.0,2907.25,-0.12165101511888439
165.5,145.0,1609.81,0.9577432053361933
165.5,145.0,1533.4099999999999,1.025002840541821
165.5,145.0,1456.8400000000001,1.1499208307873734
177.5,191.0,3153.6099999999997,1.0610266808053772
185.0,172.0,2832.65,0.8567248244032073
191.5,172.0,3202.4,0.4385568654489879
184.0,172.0,3573.65,0.4680389856829709
184.0,172.0,3301.7600000000007,0.5629928349103288
175.5,226.0,4462.759999999999,0.24714386633627164
175.5,240.0,5631.49,0.08104381350181906
169.0,251.0,6988.85,0.0763992927487084
169.0,260.0,8310.609999999999,0.10668654820254123
145.0,260.0,8236.69,0.26270103178184645
114.0,216.0,6433.839999999999,0.4874175948005606
89.5,216.0,5356.359999999999,0.9516971213021292
89.5,187.0,2988.0100000000007,1.330699680675096
89.5,187.0,4341.45,1.0263124236070147
89.5,178.0,2931.21,1.107137091003415
95.0,178.0,4080.6400000000003,0.6428620046575055
122.5,178.0,4203.49,0.2304192165998119
145.5,178.0,3659.0099999999998,0.030944216350361486
145.5,173.0,2864.04,0.06510503459894235
148.5,173.0,2868.96,0.03159264844243289
157.5,137.0,2161.8900000000003,-0.019388593147661583
175.0,148.0,2146.69,-0.13327708379723763
175.0,120.0,1686.6100000000001,0.163104937906126
175.0,122.0,1880.2399999999998,0.2313815758969673
196.5,181.0,3151.89,0.3871778449174514
196.5,181.0,3400.2,0.2708399585640366
224.5,181.0,3988.6400000000003,-0.009126573502823436
224.5,181.0,4256.84,-0.03655253812030207
224.5,196.0,4524.89,-0.08674096739198621
224.5,200.0,5232.410000000002,-0.09802913229963565
189.0,216.0,6340.49,0.08585572943449137
129.0,241.0,7272.889999999999,0.37137489707952565
117.5,262.0,8678.2,0.3208885976879256
108.0,262.0,8918.2,0.6971603223484764
98.0,239.0,6470.84,1.128432525563024
98.0,239.0,4401.6900000000005,1.8044301334462425
98.0,81.0,863.8399999999999,-0.2826364094970193
98.0,153.0,1897.7600000000007,1.0110943552126423
98.0,153.0,2307.29,0.7161330824225731
99.5,153.0,2404.04,0.5505582905481156
109.5,303.0,7813.889999999999,1.3684244089004747
120.5,303.0,9294.24,0.7978874477163029
131.5,300.0,8171.360000000001,0.8240769395898879
146.5,297.0,6847.4,0.8735244435424573
146.5,238.0,5526.289999999999,1.264231276413266
163.0,237.0,7009.240000000001,0.764261801467774
181.0,216.0,6141.65,0.6869627409057258
188.0,216.0,6128.56,0.6243597977615836
212.5,216.0,7077.610000000001,0.2083765414965681
246.0,216.0,6697.45,-0.16753195745544633
219.0,201.0,5586.76,0.032426183318936444
212.5,201.0,5534.89,0.3557215623573207
218.0,201.0,4588.09,0.3300234664037124
218.0,235.0,5944.01,-0.001241928976655674
218.0,262.0,7453.76,-0.2546063286757766
212.5,289.0,8566.41,-0.12474143154367577
200.5,306.0,10954.759999999998,0.04783780608748631
142.0,306.0,11430.560000000001,0.3468885490445097
90.5,297.0,9052.09,0.6590907307112477
77.0,198.0,5253.61,0.6980001664567278
77.0,196.0,4166.24,0.7205712732480573
77.0,196.0,3467.3599999999997,0.9214420325355843
77.0,203.0,3651.25,0.9830920715448482
77.0,203.0,4076.29,0.6456797426489077
107.5,203.0,4913.36,0.24768377978836903
147.0,258.0,6679.890000000001,0.20104513419384581
164.0,241.0,5347.65,0.019454000179461885
173.5,241.0,4923.09,-0.3497605042565149
191.0,227.0,3448.6400000000003,-0.534704731762777
203.5,156.0,2340.04,0.2933850865713877
217.5,198.0,3363.4,0.2561768206658094
228.5,166.0,2409.1600000000003,0.4121691092927315
235.5,229.0,4598.25,0.6577407796580327
251.5,210.0,3728.1600000000008,0.7251224148571415
251.5,210.0,3833.0099999999998,0.699906877408304
235.5,210.0,3885.0899999999992,0.9565765987746389
235.5,278.0,5281.8099999999995,0.2662411749858474
235.5,320.0,7967.25,-0.16575477134809946
232.5,346.0,11185.009999999998,-0.14447515856190538
210.0,348.0,13063.4,0.16671342330251682
156.0,348.0,12517.21,0.5469354333279802
93.0,354.0,13048.16,0.8913561780441439
87.5,222.0,6184.41,0.7037411199939708
87.5,184.0,3929.05,0.7572294147673038
87.5,184.0,3376.8900000000003,0.7925508978658823
87.5,137.0,2411.04,0.3792580129909148
87.5,156.0,3316.6399999999994,0.34409753420010286
117.5,156.0,3875.9600000000005,-0.004290743169006868
148.0,156.0,3602.2100000000005,-0.4089515326755864
167.5,188.0,3609.4900000000002,-0.6275403551413982
173.0,188.0,2593.09,-1.0850344072914309
176.5,123.0,1113.04,-0.6530780229745974
184.0,166.0,1781.89,1.22040769789401
192.0,134.0,1784.61,1.078361107274767
198.5,127.0,1582.6100000000001,1.0365097866175788
204.0,127.0,1443.41,1.042215376196278
209.5,127.0,1482.2900000000002,0.658193673839235
220.0,207.0,3531.4900000000002,1.0871424361398692
237.0,200.0,3021.0900000000006,1.1238324934415909
231.0,201.0,3442.0,1.0106608126374659
231.0,278.0,4987.960000000001,0.1736372068708021
231.0,302.0,7232.05,-0.08802240514965405
209.5,324.0,8857.09,0.11279095984459218
191.0,324.0,9848.29,0.4286568502788033
138.5,337.0,11230.56,0.6343348467631231
98.0,337.0,11292.689999999999,0.9090454780111754
86.0,337.0,10723.8,1.3823565139733505
86.0,210.0,3847.05,1.3215546083034933
86.0,243.0,4925.159999999999,1.5535274962812027
86.0,243.0,4414.209999999999,1.9582133154307944
86.0,259.0,8002.209999999999,1.2329232924890412
104.5,290.0,11595.16,0.7392806004758725
117.5,290.0,10667.8,0.5821179221474883
144.0,290.0,9591.759999999998,0.4117167311241258
173.0,272.0,7995.65,0.21614731605692702
207.0,272.0,7290.4,-0.13595855555134462
217.5,218.0,4987.159999999999,0.013946059914540402
242.5,218.0,4848.6900000000005,-0.11806739911128367
234.0,218.0,4642.6900000000005,0.06911388668758178
234.0,174.0,3349.25,0.41484720933467945
234.0,309.0,8048.0,1.1912711764168589
234.0,309.0,9784.759999999998,0.9611388824739899
238.0,295.0,8720.76,1.0337782480723683
238.0,303.0,8883.0,1.0013284388289792
238.0,366.0,11364.25,0.660548552884357
221.0,369.0,13648.0,0.6265759265902995
221.0,369.0,15032.289999999999,0.6277129688459139
190.0,415.0,16594.690000000002,0.8778185155757373
146.0,419.0,18730.689999999995,0.9705175408051561
116.0,419.0,19331.65,1.110889073671041
110.5,357.0,10725.4,1.6169928131141382
107.5,186.0,3014.65,1.1980254755138944
107.5,176.0,2762.65,1.0971381682051353
107.5,176.0,2648.65,1.1565877873834038
109.0,179.0,4064.8900000000003,0.7704423124373637
116.0,179.0,4478.49,0.39486333142637126
137.0,179.0,4671.69,0.14407242604921497
171.0,199.0,5094.84,-0.13546290233936387
173.5,187.0,3974.85,-0.3258926203568832
187.0,225.0,4914.24,-0.40546343680463065
212.0,225.0,3519.04,-0.7159468660608509
212.0,131.0,1636.49,0.458923103299144
212.0,215.0,4076.84,1.1125459655049017
232.5,254.0,6716.05,0.9120926970087749
230.0,254.0,6736.8,0.9249554875515169
242.5,254.0,6350.04,0.8023487371352076
242.5,254.0,6171.96,0.8318033908765126
245.0,254.0,6187.290000000001,0.7493643348425288
245.5,238.0,5328.410000000001,0.892372194813825
230.5,310.0,7446.890000000001,0.5628502493911223
230.5,310.0,9072.96,0.49815162251538203
230.5,359.0,11765.210000000001,0.2473148255029897
211.0,383.0,11985.560000000001,0.42528719311083496
154.5,238.0,7579.839999999999,-0.042949073328165346
114.0,238.0,7918.4,0.341397549913495
86.5,238.0,6790.56,0.763935240719697
86.5,238.0,6181.29,1.0561297879918459
86.5,193.0,3435.04,0.9572149129126759
86.5,113.0,1645.9599999999998,0.13226373005803704
89.5,113.0,1933.9599999999998,0.09330323814455978
92.5,275.0,6418.44,1.3968251717146476
126.0,275.0,8953.04,0.8246199271834855
138.0,267.0,7977.8,0.6802163216196214
149.0,267.0,6892.040000000001,0.6389488252999006
151.0,265.0,5538.8,0.7014654416324756
157.5,190.0,3926.21,1.1858894358170822
168.0,184.0,3774.96,0.8503786250086831
183.5,184.0,3826.41,0.4493240332225304
207.0,166.0,3164.0099999999998,0.3741492119055424
231.5,162.0,2727.29,0.11156113479104737
231.5,288.0,6351.05,1.334545531314105
231.5,288.0,6218.889999999999,1.4119192019903228
248.5,288.0,5667.84,1.3075611346690683
248.5,367.0,7752.65,0.427965364266587
248.5,395.0,10955.21,-0.0013419817244753477
248.5,400.0,14134.490000000002,0.003359827397710145
236.0,405.0,16721.69,0.23555637275349117
145.5,405.0,18048.239999999998,0.5457728380324454
59.5,405.0,18977.04,0.8090412742048243
50.0,405.0,18513.04,1.2043367312919593
50.0,244.0,8450.809999999998,1.0749018083156914
50.0,233.0,6090.65,1.1263579076700714
50.0,285.0,8117.610000000001,1.3954869856128327
50.0,285.0,8102.359999999999,1.203675589883568
93.0,357.0,14580.85,0.930594071026567
150.5,357.0,13537.439999999999,0.7243173757726594
179.0,350.0,12256.759999999998,0.4599990617043492
190.0,344.0,10374.960000000001,0.268008135043247
212.5,338.0,8480.76,0.08359525576729906
235.5,258.0,5447.61,0.45456533908282987
254.0,258.0,4875.209999999999,0.2094509745688241
256.5,258.0,4463.639999999999,0.0940532605069911
256.5,285.0,6545.61,0.4096790184559332
273.0,228.0,4619.76,0.6821156808262325
256.5,233.0,4145.960000000001,0.9758650509757681
256.5,233.0,3602.8100000000004,1.1463471122672155
256.5,308.0,5921.21,0.12829699639651998
256.5,329.0,8531.69,-0.06613279456926206
241.0,346.0,10766.0,0.13520870803356613
213.0,363.0,12834.010000000002,0.35662238873997015
147.5,377.0,14285.6,0.6357073214569625
99.5,377.0,15039.210000000001,0.9344205915615843
80.5,277.0,7954.81,1.0954931734225395
67.0,200.0,3941.8,1.3343884507795665
67.0,200.0,3304.0099999999998,1.6525080600326996
67.0,122.0,1516.25,0.8667485902988195
67.0,385.0,12178.09,2.143762654640314
67.0,385.0,15050.889999999996,1.3795268103182927
100.0,385.0,16750.41,0.8537053878039355
150.5,385.0,16114.090000000002,0.5332319639423104
191.0,375.0,14084.89,0.35745379146782735
195.0,375.0,11996.44,0.3493442419319622
196.5,375.0,9863.960000000001,0.4400041014627914
204.5,288.0,6938.01,1.0540556739481
234.0,263.0,7046.01,0.6862575214065826
234.0,255.0,6348.840000000001,0.7475668088741044
234.0,183.0,3288.25,0.463016905300219
216.5,183.0,2978.0,0.8830576796813797
216.5,219.0,4917.359999999999,1.0452780077614265
214.0,227.0,5483.24,1.110604827433213
202.0,237.0,6081.2,1.091629951665902
202.0,301.0,7621.159999999999,0.6848821808911887
202.0,329.0,9805.45,0.4105924456802407
188.5,335.0,11945.2,0.40126112817965315
158.0,347.0,10760.289999999999,0.7209641693585062
121.0,347.0,11442.4,0.9908866014418292
75.0,347.0,10682.4,1.5007090578563345
59.0,347.0,10246.090000000002,1.9767631797894039
59.0,178.0,3416.8,1.0378504237023005
59.0,178.0,4023.040000000001,0.9594773441686245
59.0,178.0,3827.2400000000002,1.0871416939763294
59.0,251.0,7306.089999999999,0.9144198432620104
94.0,251.0,7109.360000000001,0.6309107520560808
147.5,251.0,7020.040000000001,0.2424196650584405
181.5,241.0,6527.89,-0.11809289063238916
200.0,241.0,5324.85,-0.43876243402206544
200.0,241.0,3740.6099999999997,-0.6849176810876494
205.0,163.0,1740.7600000000002,0.13828778720223597
205.0,318.0,6975.639999999999,1.556339035253174
222.5,318.0,7212.25,1.1825317399767343
237.0,285.0,6160.640000000001,1.1453111350398693
237.0,285.0,6160.639999999999,1.14531113503987
237.0,255.0,5668.039999999999,1.3168037153414243
237.5,255.0,5438.4400000000005,1.3213199245756204
237.5,307.0,6786.4,0.9601303253046144
237.5,360.0,9147.36,0.4531172665806627
237.5,388.0,12098.039999999999,0.2078607869693551
215.5,406.0,15262.89,0.26948272449407806
168.0,284.0,11250.76,0.04098186300259007
115.5,284.0,10776.41,0.40898589019992965
75.0,290.0,8922.25,0.6653549055249954
75.0,233.0,5296.8099999999995,0.6694645967976395
75.0,233.0,4967.05,0.6865481972658609
75.0,172.0,3385.05,0.26095856072885754
75.0,172.0,3262.4100000000003,0.2893468427289706
86.5,172.0,3691.2100000000005,0.06776763604874093
121.0,214.0,4977.039999999999,-0.04037843229511937
141.5,214.0,4769.64,-0.44005392758787004
159.0,214.0,4265.64,-0.8756343676383699
166.0,279.0,4770.64,-0.5718843361624991
171.5,171.0,2079.45,0.7608881756307422
185.5,153.0,1875.9600000000003,0.6621796733112275
195.5,215.0,3878.6099999999997,0.8502210951002421
207.0,215.0,4414.05,0.389898039406263
231.5,364.0,10656.36,1.2992049576848488
264.0,352.0,9946.44,1.0357054983793617
265.5,352.0,9639.84,1.0179206550958224
265.5,356.0,9737.76,0.9959939671708511
265.5,410.0,12038.41,0.593783209304667
246.5,441.0,15617.439999999997,0.49155731978812944
246.5,461.0,19041.010000000002,0.37417103206709057
204.5,466.0,22300.210000000003,0.47889111016163105
134.0,467.0,22893.16,0.8517278864076647
91.5,474.0,23191.839999999997,1.2213751213404977
66.0,314.0,10092.49,1.3500110295051102
54.5,205.0,3994.25,1.5779023381788728
54.5,118.0,1411.21,1.1177885046478446
54.5,91.0,1021.6,0.810287181627041
54.5,201.0,3615.0099999999998,1.6701742933501693
54.5,201.0,5466.04,1.0111248067334804
86.5,201.0,5522.65,0.6328218090976453
127.0,201.0,5877.4,0.2096548961322908
150.5,218.0,6466.09,-0.0988279748347
184.5,211.0,5272.0,-0.4299852280827679
205.0,208.0,3789.9600000000005,-0.7606730135910454
205.0,141.0,1926.2099999999998,-0.33008223940865533
212.0,204.0,2876.69,0.6645697267589336
224.5,171.0,2311.84,0.722858272230885
212.0,171.0,2550.76,0.8918078077179875
212.0,325.0,8961.009999999998,1.5178665732986807
212.0,314.0,8727.16,1.5641068182745683
205.0,314.0,8901.01,1.5639247238936287
199.5,389.0,10841.25,1.3331851849505174
189.5,389.0,12196.240000000002,1.2245788208940827
180.0,417.0,14277.689999999999,1.0990514093189578
180.0,431.0,16331.039999999999,1.0073287234520352
144.5,449.0,16103.89,1.4194693044029307
107.0,452.0,16177.36,1.8073383018792732
89.0,452.0,16923.56,1.9430233535336827
85.0,157.0,2778.45,0.8361147894742941
85.0,157.0,2164.16,0.9387673528218593
85.0,141.0,1847.36,0.7178045773203439
85.0,141.0,2497.0099999999998,0.5142628235968574
85.0,206.0,4534.16,0.6984148104451993
115.0,206.0,4609.85,0.35367797393524647
148.5,249.0,6666.409999999999,0.2894021940526772
164.0,249.0,5609.839999999999,0.10745793890691917
164.0,241.0,4199.64,0.1904319958953419
170.0,194.0,2707.8,0.6560869049840626
170.5,154.0,1964.7600000000002,1.2485032110698309
177.5,139.0,1676.85,1.316150478033926
183.0,139.0,1988.56,0.7876858416260987
195.0,139.0,2242.21,0.3413117056636128
195.0,268.0,6187.8899999999985,1.2809933258136474
226.0,498.0,21234.45,1.6027377078926692
195.0,498.0,21829.439999999995,1.7201765135740528
197.0,498.0,21318.840000000004,1.7411199025352406
197.0,554.0,22918.2,1.5691881074319722
197.0,579.0,26001.810000000005,1.3644944741744356
197.0,579.0,26807.410000000003,1.3475567344838504
193.0,579.0,27938.439999999995,1.3605800675553625
158.5,604.0,31260.639999999996,1.3741565387944505
127.0,604.0,33409.810000000005,1.5162699217434121
110.5,604.0,29237.410000000003,2.2260463317362027
103.5,152.0,2749.5599999999995,0.4857116373017285
89.0,152.0,1984.2400000000002,0.8414750378711923
89.0,138.0,1720.7600000000002,0.6289987647522232
98.5,168.0,2969.2,0.6280551612060399
120.0,168.0,3150.7599999999993,0.20733176674969184
120.0,213.0,4952.5599999999995,0.34523576867972117
127.0,213.0,4964.04,0.2848921132822687
156.0,3291.0,926178.8099999999,2.6444465137977406
158.5,3289.0,919130.4899999999,2.6491969054503253
161.0,3257.0,911738.1600000001,2.655033953480638
176.5,3257.0,903377.05,2.6530682725523813
197.0,3200.0,888167.05,2.6465291285247803
202.0,3200.0,887501.05,2.6467209576810005
218.0,3200.0,885618.8100000002,2.6459485230800763
244.0,3200.0,880949.0,2.646341721330155
218.0,3200.0,885158.6900000001,2.6471125126500095
218.0,3249.0,889129.1600000001,2.642074260290139
190.0,253.0,5584.160000000001,0.340975552355058
190.0,277.0,6907.410000000001,0.19487578704281655
190.0,282.0,8248.64,0.1937737212896977
144.5,282.0,8083.25,0.5874677977569664
96.5,205.0,5384.0,0.4092538881405694
91.5,205.0,5508.410000000001,0.7879475467724949
79.0,205.0,3958.0100000000007,1.3143385183067922
79.0,187.0,3464.0899999999992,1.2042562734809148
79.0,187.0,2694.89,1.5844053392773254
79.0,187.0,3077.6099999999997,1.112210022353425
84.0,206.0,5018.01,0.7782607481176859
114.5,206.0,6197.21,0.35819608678795556
142.0,234.0,7321.840000000001,0.03883097906328314
146.0,234.0,7079.289999999999,-0.0631422526533669
146.0,224.0,5701.959999999999,-0.09990135997060412
152.0,219.0,4303.089999999999,-0.06847473865685264
166.0,145.0,2712.2099999999996,0.3739618274829238
166.0,145.0,2720.2400000000002,0.36997250131778964
201.5,144.0,2962.9600000000005,0.059170613322095535
235.0,288.0,6849.039999999999,0.8916510074159761
235.0,288.0,7111.24,0.7349917156035252
250.0,288.0,7923.81,0.4641515032354435
201.5,288.0,8362.289999999999,0.7319286056586823
201.5,296.0,8596.289999999999,0.6975548387800353
201.5,296.0,8299.64,0.7298116354215983
201.5,324.0,9381.24,0.5695608967950151
192.0,348.0,11340.6,0.44389582979226305
153.0,364.0,13493.49,0.5397642597818849
136.5,369.0,14445.240000000002,0.8506520719262298
110.0,275.0,8401.289999999999,1.015867595170066
84.0,275.0,6415.039999999999,1.6872413408445048
71.5,106.0,1475.69,0.7194055338782919
71.5,292.0,7122.65,2.07273102851373
71.5,292.0,8439.289999999999,1.4911411715880405
71.5,292.0,10034.76,1.0774048681570465
71.5,292.0,10916.01,0.6581375107776646
108.5,292.0,10368.41,0.525466974583756
172.0,292.0,9522.09,0.2580780018750384
212.0,287.0,8326.84,-0.0458823151019301
227.0,287.0,7239.039999999999,-0.39362396829381574
232.5,272.0,5017.21,-0.6257542935858379
244.5,197.0,3046.0099999999998,-0.01746185684756065
244.5,181.0,2557.7599999999998,-0.2728100076429486
259.5,293.0,5754.41,0.6811855570178661
273.0,293.0,5882.8099999999995,0.44330051885425453
273.0,293.0,5773.56,0.3913432637438274
273.0,257.0,4952.759999999999,0.7323696239299768
273.0,299.0,6204.4,0.29655974823706466
273.0,336.0,8746.81,-0.023730556009751068
261.5,365.0,11819.759999999998,0.04226264828371426
219.0,395.0,15144.689999999997,0.16632618092934578
161.0,398.0,16323.01,0.5008762373794792
121.5,398.0,16193.159999999998,0.9104096167228851
88.5,271.0,8371.89,0.8902912850359501
88.5,215.0,4632.209999999999,0.8500074892577082
88.5,144.0,2988.56,0.33606686727864366
88.5,259.0,6148.6,1.1792191551047118
88.5,259.0,6165.609999999999,1.1643920514337813
108.5,259.0,6255.16,0.9772670300626621
143.5,259.0,8076.01,0.5176432915279293
146.0,259.0,7266.040000000001,0.24135280859554484
166.5,253.0,6047.6,-0.0036895631788727845
188.0,248.0,4906.089999999999,-0.2025462669235848
188.0,157.0,2949.16,0.5757523001957479
199.0,157.0,2586.69,0.4463962724439927
209.0,229.0,4877.44,0.6507454876547176
209.0,229.0,4779.090000000001,0.6702317191629057
234.5,224.0,4107.01,0.4964283244166804
262.5,209.0,4205.89,0.3318183729059032
234.5,209.0,4449.49,0.5611246282599733
242.5,209.0,4127.65,0.5390883403330564
242.5,268.0,6081.5599999999995,-0.009162240121294438
219.0,276.0,8028.8,0.080298394455715
219.0,298.0,9916.49,-0.020653422206697643
215.0,307.0,12100.65,0.10494421080558755
153.5,309.0,10835.16,0.3214595266125727
100.0,309.0,9826.810000000001,0.7673115898557525
87.0,309.0,8786.039999999999,1.2958406866021346
87.0,182.0,3630.09,0.8106784655110758
87.0,182.0,2784.84,1.1403637294931996
87.0,124.0,1597.0,0.592581478929834
87.0,131.0,2135.5600000000004,0.3744910583453519
103.0,215.0,4221.64,0.6881355316317341
145.5,215.0,4479.04,0.25783309303032453
162.0,215.0,3952.9600000000005,-0.0024664113437965125
166.0,192.0,2872.2100000000005,-0.07936001712146355
166.0,192.0,2158.21,-0.1537186112915976
172.5,132.0,1102.84,1.0631787901071812
176.0,221.0,3644.4399999999996,1.4738247411691443
176.0,188.0,3276.5600000000004,1.705042350996442
185.5,188.0,3533.96,1.1656027341923205
199.5,188.0,3415.2400000000002,0.9656702538673677
199.5,188.0,4695.85,0.8054555088108387
190.5,188.0,4802.410000000001,0.84120471280553
197.0,187.0,4455.85,0.8480676759843339
197.0,191.0,4670.409999999999,0.8069552275731869
197.0,263.0,6158.490000000001,0.31372697962003726
192.5,282.0,8224.41,0.16865089761225804
174.0,281.0,7435.44,0.29803516810522457
172.0,291.0,8886.96,0.3454870206364727
122.0,291.0,8312.21,0.779629795943589
76.5,291.0,7893.039999999999,1.2458070926124987
76.5,149.0,3137.0099999999993,0.45565310266922177
76.5,175.0,3869.04,0.5966617167454489
76.5,175.0,3084.36,0.8990186121945897
76.5,175.0,3197.7599999999998,0.8529849139384963
92.5,175.0,3156.8,0.704458204038198
119.5,175.0,4044.7599999999998,0.34722101291792407
131.5,175.0,3570.8,0.13984802944766142
138.0,161.0,2794.6400000000003,0.12246889784724369
152.0,203.0,3341.3599999999997,0.2663266154912684
165.0,150.0,2278.6099999999997,0.6373038080905729
171.0,150.0,2299.4,0.4321148453686788
171.0,694.0,38945.80999999998,2.417532021994308
184.5,2307.0,463849.4900000001,2.3273195722170326
210.0,2307.0,710653.0900000001,1.3512520092844191
246.5,2291.0,699871.04,1.0396090496502997
540.0,2291.0,716425.41,0.6316119292885276
540.0,2297.0,718611.0900000001,0.6294782761150121
540.0,2297.0,717677.25,0.6303740864376257
503.5,2346.0,745367.64,0.6124872475254189
503.5,2376.0,764838.89,0.5975005753555471
476.0,2387.0,788695.0399999998,0.5838788635559878
134.0,2401.0,853468.64,0.6988606559016833
103.5,2164.0,586354.29,1.1243760724470024
85.0,1568.0,295185.83999999997,1.5630736327291204
85.0,1568.0,208531.76,2.632214365538114
85.0,116.0,1627.4399999999998,0.018079662239097925
85.0,157.0,2393.29,0.47749030807302967
85.0,157.0,2664.4,0.4831915997855677
94.0,165.0,3577.4,0.2488227328762074
