3387.0,4413.0,1422428.4877126657,0.5733397090099687
3387.0,4413.0,1432690.7788279771,0.596300286221944
3047.0,4474.0,1533195.822306238,0.6337074107499918
3047.0,4474.0,1542203.0359168244,0.6255528649081019
3387.0,4474.0,1528714.6729678642,0.535652473105129
3659.0,4474.0,1546734.1739130435,0.36127354317293414
3659.0,4474.0,1559689.1833648398,0.35231391725656014
3659.0,4474.0,1512739.8147448017,0.34422373942547085
3659.0,4474.0,1528814.1058601132,0.3398408700559936
3659.0,4474.0,1626063.3421550097,0.31729255912672366
3387.0,4474.0,1721075.59168242,0.3883469236156157
3047.0,4474.0,1586455.5538752363,0.5473789917164625
3007.0,4474.0,1448638.7221172024,0.7314223051584813
3007.0,4474.0,1387676.6011342155,0.781030228131412
2927.0,3121.0,977733.3837429112,0.4419765256442909
2927.0,3105.0,802491.7088846882,0.4287060323232709
2899.0,3105.0,764965.4480151229,0.6091588607215787
2838.0,3105.0,725755.1190926277,0.8133101009515626
2484.0,3105.0,710114.6805293006,1.0130119714375458
2298.0,3105.0,721497.5538752362,1.1143038168930368
2150.0,3105.0,641952.7523629491,1.3992986041262447
2298.0,3105.0,764987.5349716445,1.127229845672781
2298.0,3105.0,893631.5425330814,1.0472988546663178
2298.0,3105.0,890953.2967863894,1.050400749368874
2150.0,3105.0,916269.9319470699,1.1136847980747173
2150.0,3122.0,917507.0434782609,1.1119793967933553
2150.0,3144.0,921867.1947069943,1.1060537945488185
2150.0,3144.0,875261.0094517958,1.258419837103131
2129.0,2733.0,653407.8147448015,1.3922010834542207
2134.0,2733.0,648291.0850661625,1.3953484111960661
2134.0,2733.0,646209.3459357278,1.5038137734333816
2134.0,2733.0,708308.3478260869,1.2262531527471985
2150.0,2733.0,687383.3005671076,1.1779382083272638
2171.0,2733.0,679388.7145557656,1.1829576175049668
2171.0,2733.0,678758.1701323253,1.299299610275498
2150.0,2733.0,691465.8790170132,1.3809853465237039
2148.0,2733.0,585207.2967863893,1.7338854382027868
2134.0,2733.0,591162.5935727787,1.728836150874569
2129.0,2733.0,584560.6805293006,1.9023926450180515
2102.0,2733.0,589514.0264650283,1.9461608147724143
2102.0,2733.0,589643.8185255199,1.9462391261723548
2102.0,2733.0,587128.0718336485,1.947952398072212
2129.0,2733.0,585455.2816635161,1.9453304787540733
2134.0,2733.0,582321.6370510397,1.928344568441873
2134.0,2733.0,400020.5973534971,2.4620922976051367
2134.0,1929.0,168059.23629489605,2.5431862640417497
2147.0,1929.0,167322.98298676749,2.4385500078868705
2147.0,1929.0,165877.76559546313,2.456076020706795
2148.0,1929.0,160196.93383742913,2.515880399968179
2163.0,1929.0,163406.68809073727,2.2779278973613994
2163.0,1929.0,165878.3402646503,2.2465080723389192
2171.0,1802.0,191896.51795841206,1.863434649066736
2175.0,1802.0,190831.81096408318,1.7747510121362537
2175.0,1802.0,190284.66540642723,1.72359389052677
2175.0,1256.0,103847.75803402647,1.2238651677961143
2175.0,1256.0,98998.15879017013,1.3145445608451538
2188.0,1256.0,102548.91115311907,1.1069217166357954
2188.0,1256.0,102309.70510396975,1.0995724453423397
2254.0,1245.0,97794.25708884689,1.019010196360284
2332.0,1245.0,98029.68998109641,0.860782796573869
2406.0,1202.0,92176.41965973536,0.7974751645264864
2406.0,1201.0,86161.21361058603,0.8505457960022954
2435.0,1201.0,93566.9754253308,0.711698320305493
2507.0,1201.0,106426.9943289225,0.6293214998420921
2539.0,1263.0,122918.78260869565,0.6182676896091427
2540.0,1785.0,180183.78071833652,0.9963145601040253
2552.0,1785.0,179057.42911153118,0.8582312327532108
2552.0,1785.0,168405.0812854442,0.8945504778286469
2552.0,1785.0,165519.71644612477,0.9251765009693936
2573.0,1785.0,162445.98865784498,0.8660155071330059
2573.0,1619.0,147222.54820415878,1.0805937989093688
2573.0,1573.0,139062.16257088847,1.1872958403330323
2552.0,1573.0,141606.37429111532,1.2481817933792774
2540.0,1573.0,145637.89792060488,1.353046148312356
2539.0,1573.0,137642.3251417769,1.6080469841319844
2540.0,1573.0,139737.56143667296,1.4564302895351635
2540.0,1573.0,140453.36105860112,1.4536068600552385
2539.0,1573.0,146873.11531190926,1.417289250168351
2538.0,1573.0,152566.2873345936,1.3977288708846647
2451.0,1573.0,154602.4310018904,1.4466687619412424
2538.0,1642.0,215103.95085066155,1.3437518396605774
2538.0,1642.0,220819.46691871455,1.171705221802892
2538.0,1642.0,227506.26086956522,1.008690827132959
2538.0,1642.0,243569.09640831756,0.8000332943087953
2707.0,1642.0,278018.64650283556,0.6496258047367172
2707.0,2690.0,462775.44423440454,1.2223684727519768
2707.0,2690.0,542893.236294896,1.0530472554291026
2707.0,2991.0,755801.8185255199,1.1249838973528625
2707.0,2991.0,774306.7712665406,1.08609026756287
2707.0,2991.0,821878.4234404535,0.8897288902390786
2884.0,2991.0,922277.7580340264,0.6862505621057848
3073.0,2986.0,917080.2155009451,0.5176119586127788
3073.0,2986.0,909391.9924385631,0.5058983094356856
3073.0,2986.0,889884.8468809071,0.5089072673249474
3073.0,2986.0,879514.215500945,0.5124694221541349
3113.0,2986.0,848155.0623818525,0.4807493838681438
3123.0,2986.0,798028.5406427222,0.43942195967541053
3284.0,2986.0,741031.8676748582,0.4332590739130887
3284.0,3098.0,800801.9546313799,0.37172417825800397
3284.0,3108.0,828497.1871455577,0.3300778483684186
3284.0,3108.0,825351.3875236295,0.33447861224171976
3284.0,3108.0,802043.4102079393,0.3595216895322812
3284.0,3108.0,775850.6616257089,0.3727941913094475
3123.0,3149.0,838180.3402646504,0.44793578262590256
3123.0,3149.0,880908.7485822305,0.46575215120736224
3123.0,3149.0,920710.4234404536,0.4974825801925798
2888.0,3149.0,927910.4234404535,0.5593678785597257
2888.0,3149.0,919594.733459357,0.58944075131235
2888.0,3149.0,819972.1625708885,0.5766837957893904
2888.0,3149.0,805822.0529300567,0.5848203555929081
2888.0,2710.0,642514.0,0.35493524927644976
2888.0,2710.0,646693.3005671077,0.3546175529682762
2888.0,2710.0,624090.3024574671,0.36538376821486696
2888.0,2108.0,524233.3043478261,0.156767857790611
2888.0,2066.0,519064.7599243855,0.14671305580820815
3123.0,2066.0,525025.8903591683,0.04249251286976648
3123.0,2066.0,535441.6786389414,0.0591643755657132
3123.0,2066.0,552974.8355387524,0.06568861100574754
2834.0,2066.0,574243.640831758,0.1563963396740147
2746.0,2066.0,584446.3856332703,0.2866365137611559
2513.0,2100.0,618433.516068053,0.38794907280890406
2513.0,2309.0,643086.1663516067,0.3430789969186379
2513.0,2309.0,664923.3686200379,0.3103876226512697
2513.0,2309.0,689449.4631379962,0.2935883382288095
2450.0,2309.0,718245.122873346,0.3054963951128106
2431.0,2309.0,748474.1285444236,0.3527978874178899
2431.0,2309.0,756688.7372400756,0.34824690035104355
2431.0,2309.0,766802.8393194708,0.35354755027516066
2450.0,2309.0,760818.0529300567,0.3416611375874061
2431.0,2309.0,769775.1493383743,0.39561475440272625
2431.0,2309.0,744183.7088846882,0.49906289950512234
2431.0,2309.0,679939.3610586012,0.5987477851607389
2431.0,2296.0,641373.0623818525,0.5774466394715694
2431.0,2296.0,642266.0529300567,0.5777483848141557
2431.0,2296.0,617002.5103969753,0.555296142581707
2431.0,2486.0,673647.4102079396,0.6198743962416577
2431.0,2813.0,776823.86389414,0.7313155463288891
2431.0,2813.0,749646.2457466917,0.7337472153333601
2431.0,2813.0,748385.6030245747,0.7365027215345398
2431.0,2813.0,743623.0321361058,0.6944567937025237
2461.0,2813.0,732620.672967864,0.6630575082480586
2641.0,2813.0,724395.3421550094,0.5888653823225396
2641.0,2813.0,735077.6030245747,0.5988685138209302
2641.0,2813.0,728547.90926276,0.6026291773496292
2641.0,2794.0,706418.2306238186,0.6318014968567798
2641.0,2719.0,674944.325141777,0.6654532002075789
2641.0,2683.0,653938.6086956522,0.6946262186970548
2641.0,2683.0,637066.8884688091,0.7171718089708058
2641.0,2683.0,625655.3572778829,0.7354016789463219
2641.0,2530.0,611314.0189035917,0.7656781220506247
2641.0,2513.0,608462.2003780719,0.770736212215018
2641.0,2558.0,628523.8185255199,0.7560362831428703
2641.0,2558.0,625151.4555765595,0.7527848937074834
2641.0,2558.0,629501.0623818525,0.687085923546999
2641.0,2558.0,629638.1512287335,0.683606923831723
2641.0,2558.0,633606.3175803403,0.6794271123628148
2641.0,2558.0,661854.7712665406,0.6790832641894226
2641.0,2558.0,697036.5179584123,0.675432348337283
2641.0,2558.0,693584.4763705104,0.6727625512213894
2641.0,2603.0,700364.0793950849,0.6861003046975823
2641.0,2603.0,760144.574669187,0.6914899175350934
2641.0,3687.0,1082302.041587902,0.9737087240047575
2641.0,3687.0,1103405.255198488,0.833922276429501
2960.0,3687.0,1108178.4877126655,0.7070381314231806
2498.0,3687.0,1124834.9413988658,0.7382097990554819
2498.0,3687.0,1119079.6710775045,0.7415029966776328
2498.0,3687.0,1096584.9111531193,0.7510416508164994
2892.0,3687.0,1053418.0415879018,0.7427989372942899
2892.0,3687.0,1066701.7315689977,0.7326595274340564
2892.0,3735.0,1084237.7240075616,0.7150198987991753
2892.0,3762.0,1106108.9527410208,0.6949137575108544
2892.0,3775.0,1124412.166351607,0.678109656938954
2892.0,3775.0,1128269.361058601,0.675161331372186
2892.0,3775.0,1091171.9546313798,0.6676934903629707
2892.0,3775.0,1088562.9262759925,0.6702833387040009
2892.0,3784.0,1127613.1266540643,0.6473560670738095
2892.0,3784.0,1127433.8827977316,0.6542573894270826
2892.0,3784.0,1127978.7145557655,0.6580844553354641
2892.0,3784.0,1107149.6937618149,0.7486963391628371
2775.0,3784.0,1088806.4120982985,0.9406692127419037
2498.0,3784.0,1051179.323251418,1.1593547720820678
2451.0,3784.0,996085.122873346,1.4119566677993776
2265.0,3784.0,861256.2986767486,1.7598630375110624
2265.0,3784.0,731314.0831758033,2.2121402320307544
2190.0,1849.0,296027.6370510397,1.1790561060447184
2172.0,1730.0,216777.1077504726,1.2722452988187296
2172.0,1171.0,138278.56332703214,1.0748839918401876
2166.0,1171.0,139322.21172022686,1.1840188695957115
2166.0,1171.0,140591.51606805297,1.08582404593923
2166.0,1171.0,143073.5652173913,1.018530626639104
2166.0,1171.0,134877.30056710777,1.077912332386553
2172.0,1171.0,134116.42344045368,1.0682854250003355
2172.0,1171.0,134571.1493383743,1.0646583471412177
2190.0,1711.0,205368.66540642717,1.2740902072092763
2190.0,1711.0,205658.056710775,1.2717649871482255
2190.0,1714.0,209657.30056710777,1.2494261431978113
2172.0,1783.0,212680.0,1.3920143285422366
2190.0,1783.0,210937.3005671078,1.3873158542876725
2190.0,1783.0,206123.72778827976,1.4042457680695768
2181.0,1783.0,179997.37618147445,1.754839961428365
2181.0,1783.0,162791.04347826086,2.0651834290901188
2173.0,1783.0,131149.45557655956,2.6654865627037725
2172.0,1783.0,131988.5482041588,2.665850450138464
2173.0,1783.0,205678.25708884685,2.075134031740672
2173.0,1783.0,204857.08506616257,2.0792172260908877
2173.0,1783.0,203738.4196597354,2.0839885888306346
2173.0,1783.0,203529.69376181476,2.1167813538905036
2173.0,1783.0,200900.89603024573,2.13493553468425
2181.0,1783.0,198488.05293005667,2.1302250510579164
2181.0,1783.0,198842.66540642717,2.143115213167476
2181.0,1783.0,198156.5103969754,2.145532094025533
2181.0,1783.0,196724.29867674859,2.2215097890220856
2181.0,1783.0,238074.34782608695,1.8624419288937695
2181.0,1783.0,260268.1625708885,1.6580062469493604
2181.0,1783.0,262891.14933837426,1.525537556131672
2213.0,1879.0,334844.0793950851,1.276947827405889
2213.0,2677.0,462853.3875236296,1.6667295681113006
2245.0,2677.0,450107.5047258979,1.6549890916677465
2245.0,2677.0,444288.0415879016,1.6754214300638122
2264.0,2487.0,427510.9073724008,1.6473949240336636
2303.0,2487.0,426769.584120983,1.5169406894482353
2330.0,2487.0,424643.1568998109,1.3810440649487146
2330.0,2487.0,423485.16824196593,1.3844027846017533
2322.0,2487.0,425338.9527410208,1.3865071046940616
2322.0,2487.0,421519.28166351607,1.3941589213457035
2330.0,2482.0,410038.1398865785,1.4102582175920484
2330.0,2482.0,428375.7580340264,1.3819555544381958
2448.0,2472.0,459516.20037807187,1.1259219466148227
2529.0,2472.0,533693.8790170134,0.9295013264466606
2693.0,2472.0,598278.9111531192,0.7250262708382252
2762.0,2472.0,656645.1871455576,0.569948012949073
2973.0,2472.0,649675.0699432893,0.40623987043735044
3041.0,2472.0,680525.8449905481,0.25026206166867315
3152.0,2472.0,666761.3913043478,0.09823216650870792
3357.0,2472.0,626333.8676748582,0.0043872814892529245
3152.0,2472.0,635449.6937618146,0.0778126138750594
3041.0,2472.0,653705.4971644612,0.13421858822191257
3041.0,2472.0,681258.2381852552,0.13036812002461304
3041.0,2472.0,668569.7240075616,0.19588597464723387
2973.0,2293.0,591327.5916824195,0.29588473539294935
2973.0,2328.0,623641.3913043478,0.2589822567950681
2973.0,2328.0,612347.9924385631,0.27711855975040584
3041.0,2328.0,605511.1228733461,0.2178050902971949
3176.0,2328.0,635423.5160680528,0.0856888308088283
3176.0,2328.0,638326.4877126653,0.10563828566060006
3334.0,2328.0,600021.7920604915,-0.03173264186327491
3410.0,2328.0,596920.0831758035,-0.18662843418641847
3743.0,2328.0,556447.2741020794,-0.34690097704254386
3758.0,2429.0,556838.5784499054,-0.4766471888527969
3743.0,2429.0,580149.8827977316,-0.3152016862701866
3522.0,2429.0,576640.3327032137,-0.2792747118141474
3522.0,2495.0,602722.809073724,-0.23278150690045363
3522.0,2495.0,596331.3572778829,-0.23392554110701205
3522.0,2742.0,637311.8790170134,-0.1381479304019504
3522.0,2742.0,644905.3005671077,-0.164829194629705
3522.0,2742.0,668368.2495274101,-0.1337893089683705
3522.0,2878.0,740713.3421550095,-0.04722588543532718
3743.0,2878.0,783057.2060491493,-0.14779268141255938
3977.0,2883.0,831694.0642722117,-0.2677454323744113
3991.0,3433.0,911588.15879017,-0.2655240131818063
3991.0,3433.0,851269.3308128543,-0.2251589292322799
3991.0,3433.0,884536.1285444234,-0.19033101909065758
3991.0,3433.0,879327.3572778829,-0.19093257508227057
3991.0,3262.0,806707.8147448015,-0.08127300937147197
3991.0,3075.0,782315.8034026466,-0.03369012218471053
3991.0,3075.0,836274.056710775,-0.051025581423757994
3977.0,3075.0,834117.1871455577,-0.02225749235842481
3977.0,3190.0,893188.1512287334,-0.07149742423266828
3977.0,3228.0,987233.4555765598,-0.021359815200024404
3842.0,3228.0,993598.8544423443,0.12103526065930732
3842.0,3228.0,992787.3913043478,0.12515705195415047
3522.0,3228.0,1031656.0415879017,0.2740543391878316
3522.0,3228.0,1058426.143667297,0.2636615129237331
3016.0,3228.0,1099827.4669187146,0.3297981401906891
2855.0,3228.0,1084408.4196597356,0.510741466777059
2855.0,3228.0,1065617.3421550093,0.566972209712288
2855.0,3228.0,1006769.5576559546,0.5976560976941356
2855.0,3228.0,1006717.6937618145,0.5977863489086316
2855.0,3228.0,1013621.8449905482,0.5966824344116556
2855.0,3228.0,913297.988657845,0.6612644013626322
2855.0,3228.0,858641.5047258979,0.7308920489996069
2855.0,3228.0,787029.270321361,0.7120521015380962
2855.0,2413.0,630955.86389414,0.34800612484716953
3016.0,2413.0,628877.1682419659,0.2286424909405503
3016.0,2413.0,634280.7674858222,0.2371810835554534
3016.0,2413.0,657439.383742911,0.2497686154565824
3016.0,2413.0,649465.2551984877,0.23706000568527386
3016.0,2413.0,655115.97731569,0.23251715179763166
3016.0,2413.0,643715.4442344046,0.22437057635294635
2839.0,2416.0,666836.7788279774,0.37099320805963915
2839.0,2487.0,675853.0964083176,0.3586833777839786
2839.0,2487.0,654608.2495274103,0.3686793513190509
2758.0,2487.0,676572.4007561437,0.4060538678511326
2705.0,2619.0,698086.5633270321,0.5464117747375773
2705.0,2619.0,712842.4234404536,0.5272104148607689
2758.0,2619.0,692963.6030245747,0.49619110084813767
2758.0,2619.0,693641.6899810963,0.49667444728995075
2823.0,2619.0,683572.6918714555,0.47760847615285157
2758.0,2619.0,686082.0756143668,0.6330682204694877
2758.0,2619.0,704376.166351607,0.6395363776498005
2758.0,2619.0,712471.4480151229,0.6328079171215066
2758.0,3011.0,773940.6049149338,0.7482891711189932
2758.0,3069.0,928869.1493383743,0.7902495003945154
2758.0,3069.0,923547.0623818525,0.80361972222098
2758.0,3069.0,891037.9546313798,0.8381431739062584
2758.0,3069.0,896497.7807183362,0.8373512039821174
2758.0,3069.0,886157.5916824195,0.900701560528516
2808.0,3069.0,882793.4442344042,0.8938283905795402
2823.0,3069.0,870978.7674858222,0.7648677247960487
2823.0,3069.0,869644.3856332704,0.6752211622017887
2907.0,3069.0,839002.7334593573,0.6516172912747654
2907.0,3069.0,867294.1398865787,0.6446920733024246
2907.0,3069.0,863018.6465028356,0.6491737433572686
2907.0,3069.0,837677.776937618,0.6714024475504429
2907.0,3069.0,840148.4310018903,0.671586337356632
2907.0,3069.0,850407.86389414,0.66257705622225
2907.0,3020.0,838750.9981096409,0.6836325774900157
2907.0,2946.0,800831.1304347826,0.7278955488835767
3038.0,2946.0,800602.0264650284,0.6265783031726244
3038.0,2946.0,821572.3402646503,0.6050103079491886
3038.0,2946.0,840630.775047259,0.6097477734864463
3038.0,2946.0,835877.1304347826,0.6119876489989295
2900.0,2946.0,782423.1871455577,0.8040444965168301
2900.0,2946.0,747150.7788279774,0.9581265493884262
2900.0,2946.0,594686.1285444234,0.9137420858555168
2900.0,2323.0,472925.82608695654,0.5272790373404053
2900.0,2323.0,466241.122873346,0.5404204474952404
2900.0,2323.0,450384.9451795841,0.5456376450244085
2900.0,2094.0,385307.3875236295,0.3434739851279186
2900.0,2094.0,392664.45368620043,0.29766660350836066
3038.0,2094.0,394129.46313799627,0.19035889252129085
2900.0,2094.0,380519.8223062382,0.34956429732486066
2741.0,2094.0,380956.6465028355,0.5178751342443353
2741.0,2094.0,391388.0831758034,0.4282123889302365
2792.0,2094.0,371710.9527410207,0.4199133177333498
2792.0,2122.0,382243.7088846881,0.3862026896419475
2874.0,2122.0,374306.67296786385,0.3487301210867111
2874.0,2158.0,398583.6937618148,0.30571177379327297
2874.0,2158.0,381067.81474480155,0.291013008444369
2874.0,2298.0,397176.48771266534,0.22682621617366883
2874.0,2298.0,399943.4971644612,0.2337933505289547
2874.0,2298.0,381580.04158790165,0.3355214558137167
2874.0,2301.0,401657.04347826086,0.26674965636384984
2874.0,2301.0,427656.4196597354,0.2247122861212268
2900.0,2301.0,432885.34215500945,0.06377604174505767
2874.0,2301.0,448258.5179584121,0.12824749996120638
2792.0,2301.0,477135.00945179584,0.2272896971649175
2754.0,2301.0,452940.2457466918,0.39331728203503985
2741.0,1893.0,368246.4007561437,0.3625350078759757
2564.0,1893.0,353585.98487712664,0.5203494587072874
2554.0,1893.0,316075.98487712664,0.652001766269712
2463.0,1527.0,254080.67296786388,0.6573552533034113
2383.0,1527.0,224119.21361058598,0.8148127840114386
2371.0,1527.0,199795.2816635161,1.010706356601057
2371.0,1527.0,198479.59168241968,1.0319637666882582
2183.0,1527.0,205235.14933837432,1.0707526519155912
2147.0,1527.0,159837.5160680529,1.2117078170533628
2130.0,1527.0,155111.99621928166,1.434892969469199
2130.0,1527.0,154946.32514177694,1.3389023862297915
2130.0,2754.0,388013.86389413994,2.41980557175395
2130.0,2754.0,389610.91115311906,2.280557153198347
2130.0,2754.0,387823.69376181473,2.3999655415040038
2227.0,2754.0,397595.55009451805,2.1500525577217275
2227.0,2754.0,436860.3364839319,1.8277477186753222
2227.0,2754.0,474511.70888468815,1.6494741570469085
2371.0,2725.0,460868.0189035916,1.6396647707005236
2371.0,2725.0,451737.9017013233,1.657759655721189
2306.0,2725.0,420139.202268431,1.9859660799524637
2306.0,2725.0,431445.28922495263,1.7970453510739821
2371.0,2725.0,445955.42911153106,1.5520593908164242
2321.0,2725.0,449293.18714555766,1.5767738729201521
2321.0,2725.0,449334.4914933838,1.4879934778762727
2482.0,2725.0,436270.8393194707,1.497781178831843
2482.0,2725.0,427758.6275992439,1.519119412544676
2482.0,2725.0,421398.12854442355,1.5350049706521927
2496.0,2725.0,408205.44423440454,1.4747994631284895
2496.0,2712.0,394955.3875236295,1.5295228462188668
2482.0,2712.0,397477.7051039698,1.5593659512772151
2482.0,2694.0,390783.38374291116,1.5959032735930323
2482.0,2691.0,386735.640831758,1.6196657614863315
2482.0,2675.0,376983.5425330814,1.6719143352034673
2482.0,2675.0,379858.32514177694,1.54244667817583
2482.0,1536.0,233484.98298676746,0.5864286495755477
2482.0,1643.0,278295.41776937625,0.5554887098528997
2482.0,1643.0,276035.3232514177,0.5596737302489916
2482.0,1643.0,274605.53119092627,0.5694550187248159
2456.0,1643.0,252636.13988657846,0.7660261639753639
2456.0,1643.0,215624.29867674859,0.9348500586980029
2456.0,1643.0,261623.53497164458,0.7938233469256895
2482.0,1643.0,260441.03591682413,0.6405043921420837
2574.0,1584.0,264784.809073724,0.49478841145431246
2574.0,1584.0,268489.55009451805,0.46817499095520815
2574.0,1584.0,255354.26086956522,0.5975892207741226
2605.0,1584.0,247793.09640831756,0.5797646296009491
2605.0,1584.0,247578.41209829866,0.6042468961184168
2755.0,1584.0,254821.3459357278,0.425072993699924
2763.0,1696.0,285693.02835538756,0.3301464884560617
2907.0,1696.0,291497.640831758,0.1647953538583349
3066.0,1703.0,326169.95085066167,0.10313661896055715
3067.0,1703.0,320576.1285444235,-0.0661849695628361
3079.0,3336.0,550865.0964083176,1.0232810552811666
3195.0,3336.0,515974.23818525526,0.9841971046073871
3300.0,3201.0,465130.45368620043,1.0659688605460529
3430.0,3196.0,419930.2381852552,1.1714939519780312
3430.0,3196.0,428652.02646502835,1.168271465893915
3300.0,3196.0,449868.9451795841,1.2238190028502098
3195.0,3196.0,443836.325141777,1.3800377193625153
3300.0,3030.0,422042.4536862003,1.348535421543726
3430.0,3030.0,421991.42911153124,1.2564255872003858
3430.0,2954.0,386515.53497164464,1.359458712325411
3430.0,2954.0,364302.33270321356,1.4834573638040078
3394.0,3128.0,403984.0869565217,1.3513973309074476
3394.0,3339.0,461263.9659735349,1.0524585653482803
3300.0,3380.0,517937.2098298677,0.9378104264220423
3300.0,3380.0,551022.0415879019,0.9296089301950479
3300.0,3380.0,553639.2438563327,0.9299724852297337
3300.0,3380.0,540586.3402646503,0.9203586744543594
3300.0,3380.0,538066.8620037808,0.9185621766783254
3005.0,3380.0,539434.5217391305,0.9667575129213949
3005.0,3380.0,526887.9017013232,1.028270567516995
3005.0,3380.0,615198.8582230624,0.9344547151999393
3005.0,3380.0,601322.820415879,1.0082281708924676
3005.0,3380.0,597145.8979206049,1.0468583426037616
3005.0,2591.0,363396.3327032136,0.38310436314318236
3005.0,2591.0,349844.7712665407,0.5029815711335538
3003.0,2591.0,342976.84688090737,0.6262918730761013
2968.0,2591.0,337818.9451795841,0.7514341320983766
2968.0,2591.0,338452.5179584121,0.7548712485958176
2968.0,2591.0,339081.8034026465,0.7534325670264651
2968.0,2591.0,358135.53497164464,0.7636690519482984
2937.0,2591.0,330097.213610586,0.9650619766049287
2881.0,2591.0,321073.5916824197,1.176543519480584
2824.0,2591.0,323631.2098298677,1.334966443916547
2777.0,2591.0,328411.73913043475,1.4167972156857616
2824.0,2591.0,406950.3856332703,1.186582685806741
2824.0,2591.0,392450.8241965973,1.2549011074230008
2881.0,2404.0,371757.82608695654,1.2058372450925903
2881.0,2437.0,376970.6351606805,1.1769004461592838
2881.0,2437.0,378818.68809073727,1.1794714987085488
2881.0,2437.0,382587.3459357278,1.1042427120282319
2881.0,2437.0,387050.66540642723,1.1203426991760808
2824.0,2437.0,387856.6729678638,1.1537860920771696
2801.0,2437.0,372797.1266540643,1.3448328435840184
2801.0,2046.0,234714.0415879017,1.037875410807071
2801.0,2046.0,237576.404536862,1.0295532629966386
2801.0,2046.0,303766.68052930053,1.1150788652478614
2801.0,2046.0,323783.5576559547,1.002802748810055
2801.0,2046.0,353387.3232514178,0.8503250002257554
2801.0,3090.0,591477.7769376182,1.2924849502256088
2801.0,3090.0,803646.3137996219,1.1682016906828583
2824.0,3090.0,798428.8090737239,1.0980342243191932
3016.0,3090.0,779371.0699432893,1.082918176925448
3106.0,3090.0,746447.9508506617,1.0608063110357249
3106.0,3090.0,731047.7240075613,1.0860830487527917
3106.0,3090.0,723402.0378071835,1.0990729951784923
3106.0,3090.0,702269.86389414,1.148821867016295
3257.0,3103.0,845416.933837429,0.9903946529281208
3257.0,3557.0,1058305.122873346,1.044431942561089
3266.0,3557.0,1010600.9981096409,0.988183307327348
3257.0,3557.0,1017383.3232514176,1.0161317512123544
3257.0,3488.0,1010007.7580340264,1.031696098355584
3257.0,3616.0,1051514.4877126655,0.9612680371434196
3116.0,3616.0,1060606.7826086956,0.9799242249709568
3257.0,3616.0,1042228.8620037809,0.849452197483689
3257.0,3616.0,1081274.6729678637,0.8112035100207766
3350.0,3616.0,1058930.6843100188,0.782735174308283
3350.0,3616.0,1056135.0699432893,0.7775293707361102
3350.0,3616.0,1056447.3308128542,0.7851512449695016
3350.0,3616.0,1056107.6786389411,0.78598610410457
3350.0,4254.0,1404342.4007561437,0.8345286378430474
3350.0,4254.0,1466323.6483931944,0.7048771531518725
3350.0,4254.0,1347753.2930056711,0.8750668083585221
3350.0,4254.0,1235906.608695652,0.986414652685401
3350.0,4254.0,1239879.1266540643,0.9082279133013145
3469.0,4254.0,1227764.1512287336,0.8139177693980877
3633.0,4254.0,1237558.9754253307,0.6883758296406239
3633.0,4254.0,1223116.170132325,0.6978396518612071
3633.0,4254.0,1201552.2003780717,0.7138353040012727
3633.0,4254.0,1218813.448015123,0.6935884492851574
3589.0,4254.0,1099306.3251417768,0.8684728718686358
3469.0,4254.0,907688.7372400756,1.0353787318131937
3469.0,4254.0,903810.7485822305,1.0890393090973807
3469.0,4254.0,925563.8979206048,1.08423832399065
3469.0,4254.0,901684.7523629488,1.1352026361009975
3469.0,4094.0,829750.1587901702,1.2735876547897242
3469.0,4094.0,817427.4328922495,1.2608643546435625
3350.0,4142.0,865560.627599244,1.2969891288820783
3350.0,4261.0,883148.3478260869,1.2428277122409903
3469.0,4261.0,920441.965973535,1.0638232459736552
3469.0,4261.0,920772.548204159,1.0645513707386403
3341.0,4261.0,940744.7221172021,1.1008108731081931
3341.0,14199.0,7861210.627599242,3.6950569434060836
3341.0,81769.0,274018994.05292994,4.293266629646018
3341.0,81769.0,274093728.4196598,4.29399752413939
3341.0,81769.0,273728619.3761814,4.2922908419098285
3341.0,81769.0,273503498.42344046,4.290536223348528
3341.0,81769.0,273270061.7353497,4.289318530546671
3341.0,81769.0,273333408.7826087,4.289345128661459
3341.0,81769.0,273614362.42722124,4.289489172339887
3447.0,81769.0,273082716.60491484,4.290498118510956
3471.0,81769.0,272345312.2381853,4.290214570811121
3471.0,81769.0,271918084.8657846,4.292783107626621
3471.0,81769.0,271922008.55954635,4.292771818138074
3471.0,81769.0,272128582.1701324,4.2912677446032745
3454.0,81882.0,272719679.82608694,4.287389912277867
3454.0,82030.0,273073874.5935727,4.284518367243094
3454.0,82030.0,273174012.67296785,4.283776366147145
3454.0,82030.0,273704279.68998116,4.280111927931328
3454.0,82043.0,274306912.4914934,4.276284748051301
3454.0,82043.0,274397043.28922504,4.275581086210893
3454.0,82043.0,274058792.9073724,4.277745527055612
3447.0,82043.0,274911782.6918715,4.2751737880655485
3447.0,82043.0,275121748.77882797,4.274233353585127
3447.0,82043.0,275417356.1058601,4.272389174797762
2985.0,82043.0,272642993.9130435,4.442194497593115
2631.0,3254.0,1345011.122873346,0.5562079966991215
2406.0,3254.0,1290422.4196597352,0.7557706559234766
2406.0,3254.0,1121937.3308128542,0.9521870192797336
2406.0,3254.0,936617.8034026466,0.9621192956483694
2406.0,3254.0,757281.0359168242,1.030683312662783
2406.0,3254.0,718688.4612476369,1.1395121826712602
2357.0,3254.0,719002.2533081284,1.3066954279698728
2211.0,3254.0,609419.1720226842,1.6341390080967377
2130.0,1783.0,317958.7372400756,0.9631591817871057
2124.0,1783.0,280901.5576559547,1.211418067993018
2107.0,1783.0,225604.51417769378,1.4499640708331658
2105.0,1783.0,229756.65028355387,1.5032366345586652
2107.0,1997.0,329719.73534971644,1.3710938282490903
2107.0,1997.0,323557.54253308126,1.3888965713691963
2107.0,1997.0,323421.2551984877,1.3788060017519133
2124.0,1997.0,317096.63516068057,1.395240304956669
2124.0,1999.0,317185.69376181473,1.3947329019652146
2124.0,1999.0,322484.97542533086,1.3788514216112673
2124.0,1999.0,308050.9489603024,1.5885801250270073
2124.0,1999.0,309003.46313799615,1.5865238307364313
2105.0,1999.0,310689.64461247635,1.696782377266298
2105.0,1999.0,329392.94517958415,1.4270634231801178
2124.0,1999.0,385034.5179584121,1.1396618097163396
2124.0,1999.0,385970.07561436674,1.142081628077556
2141.0,1999.0,398092.58601134224,0.9370992844913857
2141.0,1999.0,400494.47258979204,0.993570284147298
2141.0,1999.0,337744.0378071834,1.233505641537014
2141.0,1999.0,313007.96975425334,1.504400978981054
2124.0,1999.0,288014.6465028355,1.8289441280546839
2141.0,1999.0,283437.9054820416,1.8141370976241529
2172.0,1999.0,282018.9527410208,1.8085878334151562
2183.0,2104.0,392279.03969754255,1.5150960243734712
2200.0,2104.0,389999.4555765596,1.3868785372902521
2213.0,2104.0,379132.75992438564,1.3880095185246104
2256.0,2104.0,369804.0793950851,1.3844661442560153
2256.0,2104.0,280072.2533081285,1.6620177890762062
2297.0,2104.0,275424.3894139886,1.651983859464916
2297.0,2104.0,275391.72400756145,1.6324324473141338
2310.0,2104.0,337293.7240075614,1.3146104993606338
2355.0,2063.0,323428.6956521739,1.2511183564699715
2359.0,1984.0,307657.618147448,1.293725045677458
2359.0,1984.0,307728.59735349717,1.2938130754976631
2359.0,1984.0,300538.2381852552,1.3252635476635743
2359.0,1984.0,295129.8449905482,1.3547173076798142
2355.0,1984.0,288775.06238185253,1.5590311214010282
2355.0,1984.0,239303.0094517959,1.8662272630048138
2359.0,1984.0,250562.13988657846,1.5911296335975333
2359.0,1984.0,251640.24574669183,1.5830308543236145
2372.0,1984.0,268480.68431001884,1.304573264471544
2387.0,1984.0,339560.60491493385,1.1211199682044297
2426.0,2654.0,490348.684310019,1.202829063043015
2485.0,2506.0,534902.3742911154,0.9965455417456072
2713.0,2609.0,665191.97731569,0.8848714564640249
2809.0,2609.0,702221.4480151228,0.6846731290993728
2809.0,2609.0,693401.9395085066,0.6960008683152249
2820.0,2609.0,706938.5141776938,0.5548575048045439
3163.0,2609.0,713578.5746691872,0.37501456269588174
3168.0,2609.0,683817.2741020793,0.28467064714103063
3168.0,2609.0,666301.2892249526,0.28526944806607857
3289.0,2609.0,630342.461247637,0.21824021219282036
3289.0,2609.0,625589.0850661626,0.22008133623250078
3168.0,2609.0,638215.5198487713,0.3641085599852802
3168.0,2609.0,632908.1739130435,0.34397396276968567
3168.0,2609.0,631844.0529300567,0.3449726750703186
3168.0,2609.0,624878.1625708885,0.3550450438306926
3289.0,2609.0,578200.0642722119,0.2995482172212373
3289.0,2544.0,560175.4177693762,0.3452421317990215
3289.0,2408.0,512742.4914933838,0.3942010984748924
3289.0,2451.0,539475.9962192816,0.3465612425074625
3289.0,2451.0,548210.4763705104,0.3828308729186759
3289.0,2451.0,551089.8979206049,0.403132987402517
3289.0,2451.0,553161.0964083176,0.3585868682491208
3289.0,2451.0,547574.427221172,0.3691046073297264
3289.0,2708.0,595728.6805293005,0.5096381646499757
3289.0,2708.0,661080.7485822305,0.5448718581358905
3289.0,2708.0,598284.7712665406,0.5146606280238077
3289.0,2708.0,649457.3308128545,0.5534847283015173
3289.0,2708.0,658486.0642722117,0.531333745990903
3289.0,2708.0,761880.8355387524,0.5086975438305165
3289.0,2708.0,750357.5576559546,0.5466634859162862
3289.0,2708.0,750815.2816635162,0.5575201419307316
3297.0,2708.0,726681.5576559546,0.5094393199278676
3297.0,2708.0,728751.122873346,0.5243999158331157
3297.0,2803.0,756733.1266540644,0.4762911628856729
3297.0,2803.0,778518.7750472588,0.44693179103772124
3297.0,2803.0,823189.0964083172,0.4381327883048915
3297.0,2803.0,812260.3478260869,0.4450556893550456
3297.0,2803.0,770290.1587901702,0.42133437024283144
3211.0,2803.0,797492.2986767485,0.4877105654403364
3211.0,2803.0,766247.4744801512,0.5035368868014954
3211.0,2876.0,824601.2060491492,0.46934724846666953
3211.0,2876.0,831135.8903591683,0.46024384139914953
3211.0,2876.0,828716.775047259,0.4562480025983916
3211.0,2876.0,824930.8241965973,0.43786244740564195
3180.0,2876.0,826039.708884688,0.49594245588507324
3180.0,2876.0,812313.1947069943,0.5859589666005925
3180.0,2801.0,736281.7391304348,0.5150190014236563
3180.0,2801.0,683755.4631379962,0.47138481450191555
3180.0,2801.0,719901.3232514178,0.47163960260745
3180.0,2801.0,664507.1833648393,0.42518978281223296
3180.0,3080.0,804454.5179584122,0.582836855180584
3180.0,3080.0,810984.3667296785,0.5917017741532989
3180.0,3080.0,814452.3440453684,0.5799244626090361
3180.0,3514.0,1044746.8620037809,0.6253989021063233
3180.0,3514.0,1083498.2003780717,0.4951565680990558
3211.0,3514.0,1081125.5916824196,0.4312397603023784
3211.0,3514.0,1036981.8449905481,0.4593631511277892
3211.0,3514.0,989058.3440453687,0.48538367280161854
3296.0,3514.0,919924.8015122873,0.43600379616159984
3532.0,3514.0,872896.3137996218,0.39695547265163633
3705.0,3514.0,864153.0094517957,0.3356735999054465
3705.0,3514.0,848586.3327032134,0.3484104357373285
3705.0,3514.0,841684.2533081286,0.3490852732509868
3705.0,3417.0,818906.461247637,0.4030913166519028
3705.0,3366.0,812673.4706994329,0.41826863401413195
3705.0,3366.0,863910.3175803402,0.35418335749281843
3705.0,3366.0,878122.4007561438,0.3657879647855254
3705.0,3366.0,929584.888468809,0.346743036264576
3705.0,3366.0,957107.5538752361,0.3743398699479749
3705.0,3366.0,931972.8090737239,0.4307229800273442
3705.0,3366.0,915743.1947069942,0.467945752656632
3705.0,3366.0,910256.6616257087,0.47271065024233483
3705.0,3366.0,919476.0189035917,0.4585826455296962
3705.0,3366.0,857105.7807183365,0.41217910361055465
3705.0,3366.0,773494.0793950851,0.43300176408196545
3705.0,3366.0,805498.1625708885,0.3691045306543904
3705.0,2431.0,600266.8960302457,-0.01734760214118646
3705.0,2431.0,569936.4536862004,-0.011329832147395011
3532.0,2431.0,566573.4480151229,0.03798128983790724
3532.0,2431.0,558850.8960302456,0.03035844644088793
3631.0,2431.0,546991.9017013233,-0.0821796344371078
3532.0,2431.0,571408.4536862004,0.05977596320209439
3408.0,2431.0,602118.7334593574,0.16089921981761648
2941.0,2431.0,628366.9754253308,0.2910507314132785
2941.0,2431.0,647779.1190926277,0.29167958443903724
2916.0,2431.0,672369.2060491494,0.3098647933453483
2916.0,2704.0,701047.5576559546,0.2590324694637668
2916.0,2762.0,732806.0378071832,0.20730069473813695
2916.0,2762.0,761807.1568998108,0.17305387561881283
3408.0,2762.0,758330.9943289226,0.1028414185211611
3408.0,2762.0,795410.514177694,0.07466895645454046
3408.0,2762.0,811546.9981096408,0.09457802309580285
2883.0,2762.0,819769.3799621927,0.2623398775691407
2787.0,2762.0,789579.965973535,0.4152881441418674
2787.0,2762.0,705525.8260869565,0.503218855830061
2787.0,2762.0,632463.2816635162,0.5336674770882225
2787.0,2463.0,503970.20037807187,0.3608281287935145
2787.0,2463.0,452078.2306238185,0.4000525608380215
2787.0,1933.0,357964.7788279774,0.07838855283720175
2787.0,1933.0,346073.23629489605,0.05194684147310385
2787.0,1646.0,302789.29678638943,-0.07484863528292907
2787.0,1646.0,289272.89603024576,-0.03735693344204756
2609.0,1646.0,296481.9924385633,0.06301675140435474
2533.0,1578.0,286682.2986767485,0.16081624162530814
2469.0,1648.0,313211.7277882798,0.17523207869663854
2461.0,1648.0,333193.55009451794,0.20605340070829622
2458.0,1648.0,353131.39130434784,0.22936476679859988
2461.0,2261.0,448689.8638941399,0.34932891175151637
2787.0,2261.0,481481.5160680531,0.199067463952616
3012.0,2261.0,460560.9111531191,0.07280544984853504
3012.0,2261.0,465715.1720226844,0.06380665984676104
3012.0,2328.0,479539.86767485837,0.04106525245994876
2787.0,2472.0,510152.5141776937,0.16585076731535148
2787.0,2496.0,535710.1701323251,0.1268343725480614
2787.0,2496.0,553922.8355387525,0.164958122291121
2787.0,2496.0,584061.2098298676,0.17489222706521496
2382.0,2496.0,611688.0529300567,0.26949171317536086
2012.0,2496.0,616540.4310018903,0.42942280322991405
2012.0,2496.0,588285.4442344046,0.6189590589782104
2011.0,2496.0,561057.5576559546,0.8223340538975131
1991.0,2496.0,555234.7674858223,1.0096701163913087
1982.0,2503.0,525464.6654064271,1.2455865769250607
1950.0,2520.0,468564.6880907373,1.5387827222669965
1924.0,2520.0,427883.1568998108,1.8779260477954955
1916.0,2520.0,399711.1190926275,2.218581230319453
1915.0,2520.0,399476.56332703226,2.3292471401302106
1915.0,2520.0,399707.80340264656,2.3335009123178594
1916.0,2520.0,398747.81474480155,2.324266742682473
1848.0,2520.0,402058.6502835538,2.3312253272497503
1838.0,2520.0,404988.94896030246,2.3357718124834097
1818.0,1998.0,204922.69187145558,2.8020332644711927
1818.0,1407.0,76131.12287334594,3.2030827170805383
1788.0,382.0,15353.776937618146,0.2642251414550272
1786.0,382.0,15479.62192816635,0.41866254367154154
1784.0,382.0,16310.56332703213,0.49403165092860535
1784.0,382.0,16214.759924385633,0.4958163111373399
1784.0,382.0,16226.922495274104,0.49504804005863084
1781.0,382.0,14770.771266540643,0.6798113617050541
1781.0,382.0,15530.128544423438,0.6797131966852381
1781.0,382.0,15475.444234404536,0.7159086951090711
1774.0,388.0,15682.627599243855,0.8702594976942932
1751.0,374.0,12912.453686200375,1.0404684886585622
1739.0,374.0,11119.258979206048,1.2913637992168774
1739.0,379.0,11668.037807183364,1.2462146212679146
1751.0,488.0,16975.863894139886,1.2767180798950313
1751.0,515.0,17446.661625708883,1.218488157398815
1739.0,515.0,18455.992438563328,1.1996109298131845
1729.0,515.0,18680.646502835538,1.253846139479141
1714.0,515.0,18848.336483931947,1.3524073307320281
1714.0,515.0,16706.907372400758,1.6147440182769495
1714.0,1364.0,77771.8223062382,3.3833471288834245
1714.0,1364.0,77878.66540642723,3.348621371256023
1714.0,1364.0,77902.43100189036,3.353597308910113
1714.0,1364.0,77962.31758034027,3.3218710882657847
1714.0,1364.0,75776.41965973536,3.533603091449918
1729.0,1364.0,75241.33081285444,3.485133708147091
1714.0,1364.0,76033.4291115312,3.462820717332975
1739.0,1364.0,79861.23629489602,3.083482172722788
1751.0,1364.0,79523.33081285444,3.082293136923354
1751.0,1549.0,85032.05671077504,2.801812451266406
1751.0,1554.0,90925.18336483931,2.581892189635821
1751.0,1554.0,93453.21361058603,2.512827650909688
1697.0,1554.0,94576.6918714556,2.539370779502977
1697.0,1554.0,95573.10018903592,2.520736296069971
1685.0,1554.0,99547.93950850662,2.4474461241578958
1684.0,1554.0,101826.12476370508,2.414262326853085
1684.0,1554.0,103522.4877126654,2.3884488500672543
1647.0,1554.0,97590.04158790171,2.745326183748815
1647.0,1554.0,99107.86389413988,2.7141652350068544
1684.0,1554.0,99921.02079395085,2.5738618257776014
1684.0,1554.0,132976.5406427221,1.9822457869635866
1647.0,1554.0,136304.24952741017,1.9596091724580726
1622.0,1554.0,137339.561436673,1.9932263441228393
1622.0,1204.0,69748.50661625709,1.8771735903507618
1622.0,1204.0,68859.51606805294,1.9950663697287219
1622.0,1204.0,68775.28922495274,2.0671698770815254
1622.0,1204.0,68302.88846880908,2.1045070015534897
1611.0,1204.0,68589.86389413988,2.2312463669615545
1611.0,1204.0,67207.36862003781,2.4123197597832733
1611.0,1204.0,67549.81096408317,2.340317267756397
1605.0,1204.0,58759.640831758035,2.9107542249183287
1591.0,1204.0,58187.391304347824,3.0409884132585603
1591.0,1204.0,56758.431001890356,3.1203150223936102
1591.0,1164.0,54962.51417769376,3.224847161416031
1591.0,1164.0,55580.434782608696,3.1870635785520833
1580.0,1164.0,56746.22684310018,3.154102202970983
1591.0,1164.0,56809.10775047259,3.0785510222967067
1605.0,1159.0,56342.02646502835,2.963966926579968
1611.0,1159.0,57831.03213610586,2.6963925813735985
1611.0,1159.0,61232.317580340256,2.3358305162001542
1631.0,1159.0,79246.20037807184,1.8181671268065893
1670.0,1159.0,102104.68052930057,1.490175772392366
1670.0,1191.0,134869.19470699434,1.3337229167991895
1670.0,1241.0,141050.0415879017,1.3709915207093166
1676.0,1281.0,172318.08317580336,1.1490854341985846
1712.0,1281.0,195732.1928166351,0.9075672475372425
1758.0,1281.0,211602.45368620032,0.6921902047099788
1799.0,1281.0,218659.618147448,0.5045701964099013
1801.0,1281.0,213804.31379962194,0.39984397143650857
1902.0,1281.0,212160.42722117205,0.3708448039330904
1902.0,1281.0,204310.14366729674,0.37527317432950336
1902.0,1281.0,200886.80907372403,0.37414989175539015
1902.0,1281.0,203919.8525519849,0.3811208652553984
1902.0,1281.0,199037.20604914933,0.3961143567144636
1931.0,1281.0,190533.65217391305,0.34590321907032545
1940.0,1281.0,179792.88846880905,0.32624353697801356
1951.0,1281.0,169686.21172022686,0.30763522192856263
1951.0,1278.0,154920.1739130435,0.3662741244916368
1951.0,1121.0,141791.15689981097,0.47884693626391855
1962.0,1121.0,135735.39130434784,0.47475316560812103
1993.0,1121.0,131087.39130434784,0.4141830817135721
2005.0,1121.0,132078.98298676749,0.2540033489968957
2123.0,1121.0,133347.2816635161,0.12463353243740087
2123.0,1380.0,161522.13988657843,0.27135696213700017
2123.0,1453.0,190590.24574669183,0.383811434235391
2123.0,1894.0,254240.16635160678,0.7399067171890586
2123.0,2083.0,335021.44423440454,0.9261880979974934
2123.0,2083.0,394989.98487712664,0.8936458357059993
2123.0,2083.0,440460.68431001896,0.794071985371436
2123.0,2083.0,483857.0321361058,0.6759919061919619
2123.0,2122.0,558726.245746692,0.5701681496435232
2123.0,3173.0,777564.0642722116,0.7603104960003607
2402.0,3173.0,768868.7599243857,0.6234769095051212
2434.0,3173.0,755286.1587901702,0.46724326315086734
2475.0,3173.0,713268.1247637052,0.46229750293346794
2475.0,3173.0,663924.0793950849,0.49153237449932197
2731.0,3005.0,604636.2306238185,0.5203626926313384
2731.0,3005.0,578779.8979206049,0.5234414672448235
2731.0,3141.0,603651.5425330813,0.45342738330961124
2731.0,3141.0,618860.6918714556,0.42062934995163975
2731.0,3141.0,593048.6351606804,0.4439156959220582
2731.0,3141.0,579727.6521739131,0.4759130723632906
2731.0,3308.0,624631.2741020796,0.34531304134083735
2731.0,3308.0,675082.6616257088,0.2578679688873898
2731.0,3308.0,733138.5179584122,0.23357787971642763
2731.0,3308.0,759618.593572779,0.25661494964035
2493.0,3308.0,784428.6275992439,0.36899192324129754
2475.0,3308.0,786877.6483931947,0.484927047092416
2440.0,3308.0,760212.7334593573,0.6600865730316702
2440.0,3308.0,704334.9262759925,0.8306913925953291
2440.0,3308.0,656795.5538752363,0.9951032016135618
2440.0,3308.0,618362.6616257088,1.1687391150878739
2440.0,3308.0,580233.0396975426,1.3322127437865054
2440.0,3308.0,666127.2022684311,1.3778533778852202
2440.0,2870.0,439837.4555765595,1.0272937663746888
2293.0,2870.0,415582.08317580336,1.2308089378971654
2249.0,2870.0,365812.1625708885,1.5376634781552299
2249.0,2870.0,376824.2155009453,1.4232095222961239
2213.0,2870.0,389452.13988657854,1.4679818676021812
2205.0,2870.0,380562.46124763705,1.6247554520728238
2151.0,2870.0,378719.3610586011,1.7160865118184152
2151.0,2870.0,375894.2570888469,1.73262317180728
2151.0,2870.0,371500.57844990556,1.7487095061480136
2103.0,2870.0,374692.8355387524,1.79322008025571
2103.0,2870.0,386555.0964083176,1.7449573047007636
2103.0,2831.0,377648.9338374291,1.8097265332450696
2103.0,2788.0,370661.47448015126,1.8622776017586187
2151.0,2731.0,352599.16824196593,1.8822149550297838
2151.0,2731.0,356731.18336483935,1.862158171491443
2205.0,2731.0,351407.9017013232,1.8364176318322372
2151.0,2731.0,354256.07561436674,1.8556066337834678
2107.0,2731.0,355162.71455576556,1.8691955791101826
2107.0,2731.0,353304.9413988658,1.9105002052839173
2107.0,2731.0,358323.03591682424,1.8529456388307142
2107.0,2731.0,371345.6446124764,1.7232240793526075
2107.0,2731.0,375819.8676748582,1.6810032814197062
2107.0,2299.0,305180.9262759924,1.223996424218015
2107.0,2299.0,306138.45368620043,1.2223811016301147
2107.0,2299.0,400532.461247637,1.089533090745397
2151.0,2299.0,397557.550094518,1.0402675310426823
2151.0,2299.0,387794.4045368619,1.200047187622458
2151.0,2299.0,386804.3856332704,1.2039719587992879
2107.0,2299.0,397642.6465028355,1.2060514845765673
2107.0,2299.0,407449.8790170132,1.206822666264902
2107.0,2354.0,415247.0283553875,1.1741393681528576
2152.0,2354.0,408622.60491493385,1.1353782196867088
2264.0,2354.0,406858.820415879,1.0239764871068153
2271.0,2354.0,399018.89603024576,0.8809587351010485
2271.0,2354.0,390275.8185255198,0.9126287393341652
2355.0,2354.0,393628.4196597354,0.7445504294670012
2355.0,2354.0,394087.84499054815,0.7109103368589472
2355.0,2354.0,388072.02646502835,0.7269918721736308
2355.0,2354.0,405004.347826087,0.7291717039562242
2355.0,2354.0,405080.34026465024,0.7291831723667758
2382.0,2354.0,400490.11342155025,0.6527532114607298
2567.0,2354.0,449819.44423440454,0.504898983765239
2567.0,2354.0,450860.461247637,0.4944712892809248
2567.0,2354.0,475847.51984877134,0.4375633497130358
2567.0,2354.0,520105.0623818526,0.3692336236690007
2567.0,2188.0,443070.9451795841,0.3013933139978313
2481.0,2188.0,427511.6446124763,0.4135116295324997
2481.0,2008.0,355190.8657844991,0.3913462963985183
2567.0,2008.0,404576.15122873354,0.3047377547676036
2571.0,3402.0,652079.0321361059,0.9548786953601713
2571.0,3402.0,636307.0850661625,0.986390295124405
2572.0,3402.0,609521.4669187146,0.9019270813082778
2572.0,3402.0,585872.8468809073,0.9518072365874799
2572.0,3183.0,543342.4877126655,1.1002392852389817
2572.0,3183.0,541515.5841209829,1.100302371104767
2571.0,3183.0,569333.95463138,1.0822922546024063
2567.0,3357.0,614557.90926276,1.067048811742832
2567.0,3357.0,585095.1871455577,1.0942738251822837
2567.0,3357.0,582751.550094518,1.1056852414845957
2481.0,3357.0,611538.5141776938,1.097295476642447
2571.0,3357.0,647472.8355387524,0.879029056364413
2571.0,3357.0,631125.8790170132,0.9153851767831356
2571.0,3462.0,671628.4877126655,0.7997350200250839
2481.0,3462.0,711589.6219281662,0.794217211396469
2459.0,3462.0,685469.90926276,0.9971815333014802
2319.0,3462.0,720639.1190926277,1.034433566866219
2169.0,3462.0,707057.6899810963,1.230797435945217
2158.0,3462.0,682320.056710775,1.4593916795848498
2151.0,3462.0,689878.0718336485,1.5891151138899762
2031.0,3462.0,698365.6030245747,1.6426270876847822
2031.0,3462.0,699013.86389414,1.7155393629618096
1994.0,3462.0,638887.3308128545,2.0775281446954517
1941.0,2365.0,305462.1928166352,1.784020527103191
1909.0,2365.0,308084.9981096408,1.79310137007335
1903.0,2365.0,274139.213610586,2.1979651328088674
1848.0,2365.0,277996.4536862004,2.249339550047071
1839.0,2365.0,280994.2533081285,2.312767677208815
1838.0,2365.0,278818.124763705,2.4650162045942903
1838.0,2365.0,278582.07183364837,2.451953009746301
1839.0,2365.0,273537.7315689981,2.4741005531049836
1839.0,2365.0,370370.2457466919,2.072306507464401
1838.0,2474.0,326947.96975425334,2.5128997793468075
1761.0,2474.0,339196.6465028355,2.436444845702397
1758.0,2405.0,188256.76748582232,2.6019945083035725
1732.0,2405.0,202030.3175803402,2.460702485644861
1732.0,2405.0,215534.0756143667,2.234872332108609
1725.0,2405.0,223991.34593572776,2.1831844961077675
1717.0,2405.0,226261.0964083176,2.3218515548923273
1717.0,2405.0,229851.97731568996,2.3260937152250345
1715.0,2405.0,229485.96597353494,2.4475677971861423
1715.0,2405.0,229358.51039697547,2.436322829079996
1715.0,2405.0,231911.64461247632,2.3433822383299265
1715.0,2405.0,233195.5160680529,2.310787779112927
1715.0,2405.0,234402.36672967867,2.289445038999365
1715.0,2405.0,236209.1720226843,2.239013945648403
1715.0,2405.0,239228.31379962192,2.14472263530286
1715.0,2405.0,239910.56332703217,2.1222126115988607
1717.0,2405.0,239950.25330812854,2.074042626791239
1717.0,2405.0,240286.820415879,2.0891018759515987
1687.0,2405.0,240932.77882797728,2.110022552128134
1641.0,2405.0,249573.7920604915,2.0965029016916414
1604.0,2405.0,249524.40075614367,2.229504361136031
1480.0,2405.0,252379.6446124764,2.312437281995313
1427.0,940.0,89943.09640831758,0.3890077898294547
1480.0,1399.0,131511.02079395085,0.7619978337547506
1604.0,1399.0,141968.06427221172,0.5627471261266693
1641.0,1399.0,150341.81474480155,0.44022063101519143
1687.0,1399.0,144898.77504725897,0.29952431474419045
1821.0,1353.0,135336.31758034026,0.19490336381788104
1893.0,1353.0,127558.16635160681,0.08047696069695924
1909.0,1353.0,115353.8109640832,0.007274124983257018
1910.0,1353.0,110330.82419659737,-0.150551027333416
1942.0,1849.0,165197.59168241965,0.6249797849829447
1956.0,1849.0,174776.7221172023,0.4369631464933758
1967.0,2010.0,243326.30245746695,0.6916037126412827
1984.0,2055.0,310532.83553875244,0.6918130997837866
1984.0,2255.0,394117.2741020794,0.6994899360064207
2037.0,2706.0,527879.6030245747,0.7672988166907279
2047.0,2706.0,574903.2703213609,0.5815451647380085
2065.0,2706.0,602449.1228733459,0.40259508983194636
2150.0,2706.0,623246.2570888468,0.2270426374326638
2317.0,2706.0,658484.9451795841,0.0758417393946774
2452.0,2706.0,646441.3005671079,-0.09552620874240215
2569.0,2706.0,605530.9413988658,-0.21504455256563332
2833.0,2706.0,539385.0283553876,-0.31155654563797097
3065.0,2706.0,478289.73534971644,-0.3959335975292757
3155.0,2013.0,371582.42344045365,-0.2562822081734641
3155.0,2013.0,389807.2098298677,-0.21093282237033245
3155.0,2013.0,399842.8582230624,-0.21793854508453137
3155.0,2013.0,409426.5860113421,-0.2071443782815367
3155.0,2109.0,427587.4631379962,-0.2358585270531012
3155.0,2109.0,430615.9886578451,-0.2369074592208891
3155.0,2109.0,415408.73724007566,-0.22619299937385884
3155.0,2158.0,427911.1947069943,-0.25376428826267766
3155.0,2158.0,415371.5349716445,-0.2607151319115045
3155.0,2158.0,416606.4914933838,-0.2686348984599052
3155.0,2158.0,437822.0264650283,-0.23482277056059256
3119.0,2158.0,442471.93194707,-0.07596053158006359
3119.0,2158.0,440120.1701323252,-0.07107279407968391
3119.0,2443.0,507718.08317580336,0.12486971093625421
3119.0,2443.0,537481.7920604915,0.21003124923663918
3119.0,2443.0,533113.2022684308,0.2263316560976316
2833.0,2443.0,527146.8657844991,0.3022339139928269
2739.0,2443.0,524887.97731569,0.43538023953711175
2739.0,2443.0,536745.8827977314,0.43673995067894206
2739.0,2443.0,530402.8657844991,0.473182159937897
2646.0,2443.0,507940.49905482045,0.6106608964094691
2394.0,2443.0,511909.25519848766,0.6822793574801655
2394.0,2443.0,487664.36672967864,0.8649460850344639
2375.0,2443.0,488998.77126654075,1.022979564887332
2375.0,2443.0,501302.49149338366,0.9999506980946701
2375.0,2443.0,490185.6446124764,1.004804194841338
2375.0,2443.0,500524.23062381847,0.9867751540559109
2375.0,2443.0,492047.4971644613,1.013362164390532
2375.0,2443.0,483543.640831758,1.020620268570268
2375.0,2443.0,501918.8393194707,0.9740017227585601
2375.0,2410.0,495363.6181474481,0.9976644998229921
2394.0,2410.0,492482.8355387524,0.8988558435252587
2375.0,2410.0,502118.2986767486,1.0364640834091945
2375.0,2410.0,491604.15879017016,1.0315779490343857
2394.0,2410.0,486755.98487712664,0.9668258828441322
2394.0,2410.0,471545.23629489605,1.0682767771353547
2394.0,2398.0,352459.7164461247,1.1299754351084017
2394.0,1953.0,230257.8979206049,0.6661416073903912
2394.0,1953.0,227455.63705103975,0.6639923392207688
2394.0,1953.0,259320.03780718337,0.6265007879145845
2442.0,1953.0,272783.58412098297,0.47354092470381054
2442.0,1569.0,215491.93194706997,0.1093072439204301
2442.0,1569.0,217568.66540642723,0.11217082138867633
2442.0,1569.0,240173.5500945179,0.09518452799413447
2577.0,1569.0,242694.19281663516,-0.007572112275278856
2577.0,1569.0,256499.33081285446,0.056413295835281624
2703.0,1569.0,249540.1058601134,-0.07857390609296896
2703.0,1569.0,240072.80907372403,-0.07343037139329
2703.0,1571.0,260721.3610586011,-0.07037579658885225
2716.0,1571.0,248398.775047259,-0.23075164595601577
2716.0,1571.0,231734.33648393193,-0.3587654651000992
2773.0,1571.0,227529.37996219285,-0.5075367784235818
2773.0,1660.0,234342.51039697547,-0.5390386201789107
2773.0,1660.0,238337.7807183365,-0.5500384192191684
2773.0,1660.0,254162.49905482036,-0.5104641767359134
2773.0,1660.0,248152.40453686196,-0.5066418392232088
2773.0,1688.0,282970.43100189033,-0.49632247989283396
2773.0,1688.0,315707.6710775047,-0.36643410242389485
2716.0,1688.0,314077.16824196593,-0.29486056958622997
2716.0,1688.0,316376.7674858223,-0.23169250322958918
2716.0,1688.0,327943.3610586011,-0.24687322455861785
2716.0,1927.0,361349.18336483935,-0.11811469126871359
2716.0,1927.0,340860.1701323251,-0.13976847822773159
2716.0,1927.0,335829.213610586,-0.13153880356745118
2716.0,1927.0,337538.347826087,-0.13345151499596003
2716.0,1927.0,363020.51795841206,-0.08130210617434702
2716.0,1927.0,361263.0699432892,-0.08306899377081915
2684.0,1927.0,359566.461247637,-0.062069713108369375
2716.0,1927.0,364821.03969754255,-0.22615317331900073
2684.0,1927.0,372918.0718336484,-0.11829658809702277
2684.0,1927.0,375622.04158790165,-0.11343923490037716
2684.0,1927.0,363042.95652173914,-0.10475600342650356
2653.0,1927.0,364878.3440453686,0.010901093464017339
2684.0,1927.0,402269.9848771265,-0.02430675412936587
2441.0,1927.0,424470.52173913043,0.1002353505930107
2441.0,1927.0,416456.04158790177,0.11610352733810458
2441.0,1927.0,412885.0964083175,0.12148168365681633
2304.0,1927.0,419585.60302457464,0.2771941823500184
2304.0,1927.0,436988.84688090737,0.2597960943317171
2304.0,1910.0,409846.0718336484,0.2567765872650538
2304.0,1953.0,413579.3875236295,0.24587508374327458
2260.0,2003.0,448487.4971644613,0.27003570122791026
2254.0,2003.0,467302.7712665407,0.3077229361473963
2159.0,2003.0,456624.5860113421,0.48529863029600084
2043.0,1920.0,403971.4669187145,0.6271761852508225
2003.0,1920.0,403263.988657845,0.8019385765842542
2003.0,1920.0,383742.6956521739,0.9776664648683773
2003.0,1920.0,355636.7674858223,1.1319688864032316
1954.0,1920.0,292327.8223062382,1.3676533414086651
1901.0,1920.0,241987.99621928166,1.7136439406169504
1856.0,1920.0,227337.56143667293,2.021821040452305
1856.0,1920.0,154459.30056710777,2.4976753166009473
1856.0,1920.0,153416.9111531191,2.551842807688594
1856.0,1920.0,154966.57844990547,2.4724901477132506
1856.0,1920.0,154962.17013232512,2.4798832061728335
1840.0,1920.0,152746.60491493382,2.6648927922998884
1840.0,788.0,43973.60680529301,0.5755389367075776
1820.0,788.0,47018.54820415879,0.5590166525668031
1820.0,905.0,53895.86389413988,0.4044707910447633
1813.0,905.0,59121.30434782609,0.39427183535312205
1820.0,1076.0,77704.51795841209,0.5414916116609122
1820.0,1076.0,82057.51606805292,0.49202657335890604
1813.0,1115.0,84076.75236294896,0.5951888428120424
1813.0,1115.0,87833.20604914935,0.5607045649724087
1813.0,1193.0,95248.6616257089,0.44893562904965595
1813.0,1193.0,102485.63705103972,0.4546420679629502
1813.0,2160.0,222704.72211720233,1.7339297899120039
1820.0,2160.0,228290.83553875238,1.5645427287997764
1820.0,2160.0,235305.42911153118,1.5135967685951974
1820.0,2160.0,233370.59357277886,1.5636866971046302
1813.0,2160.0,231045.30056710777,1.7618674876045821
1813.0,2160.0,235687.53119092624,1.749587318136875
1629.0,2160.0,238081.49716446133,1.7969477005230692
1604.0,2160.0,240553.5198487713,1.823830989846718
1604.0,2160.0,242127.24385633267,1.8000508570929552
1595.0,2160.0,242090.72211720227,1.918246406686524
1580.0,2160.0,240187.81852551983,2.098083145729769
1580.0,2160.0,238447.11531190926,2.1884603753910774
1564.0,2160.0,240039.02079395083,2.2298799477895335
1564.0,2160.0,236569.2816635161,2.346511581166853
1564.0,2160.0,236920.30245746684,2.3490023090856327
1580.0,2160.0,234210.0718336484,2.300604310379102
1595.0,2160.0,301722.42344045365,1.795700006698141
1595.0,2160.0,286711.9054820416,1.921482472258746
1598.0,2976.0,546553.2022684311,1.9751935017689293
1604.0,2976.0,604242.4877126653,1.614073938929361
1717.0,2976.0,594885.2098298678,1.53321853098182
1752.0,2923.0,574939.6521739131,1.4956397846401603
1842.0,2923.0,555589.4669187145,1.5020082575829323
1842.0,2923.0,467149.6899810963,1.7959470189433873
1842.0,2923.0,467467.39130434784,1.7914057545856126
2008.0,2915.0,452272.62759924395,1.7395682505162053
2012.0,2915.0,490336.6275992439,1.4577868326344332
2217.0,2878.0,504733.25519848766,1.2429441151662686
2240.0,2878.0,504522.1663516067,1.0705888857108516
2272.0,2878.0,508953.73913043475,0.884990006793936
2291.0,2878.0,559177.6483931947,0.715537709334439
2295.0,2878.0,647734.9262759925,0.5712214105022471
2305.0,3071.0,769972.4990548203,0.5802754931432103
2370.0,2973.0,762002.820415879,0.4537689981367899
2862.0,2973.0,713544.8620037807,0.4036752280848734
2862.0,2939.0,650915.6370510396,0.47325726756190634
2862.0,2939.0,615654.0869565217,0.5309249351831467
2862.0,2695.0,567179.0207939509,0.6727485319110077
2862.0,2525.0,526053.1077504726,0.7591529854251972
2862.0,2525.0,527428.0415879017,0.7425320646601792
3006.0,2525.0,511428.7599243855,0.6416032601417456
2862.0,2525.0,453038.92627599253,0.7313929580449023
2486.0,2525.0,473639.2892249528,0.8311787005352215
2862.0,2525.0,465380.4310018903,0.7165396387857806
2862.0,2525.0,452030.3856332703,0.7081937557752439
2862.0,2508.0,431966.347826087,0.7633086906126441
2862.0,2508.0,429207.2892249528,0.7668193445421084
2862.0,2508.0,440932.8090737239,0.7344023600234925
2978.0,2508.0,430142.8204158791,0.6601258269601696
2862.0,2508.0,429574.97542533086,0.724398082766417
2743.0,2508.0,428250.5141776938,0.8162874431017875
2743.0,2508.0,428967.8827977315,0.8053519716977618
2743.0,2508.0,458869.00945179584,0.6975207648907783
2743.0,2508.0,514992.68052930053,0.7502947435204899
2743.0,2508.0,532224.0529300568,0.7565228155073546
2743.0,2283.0,433377.17202268436,0.6187268019324841
2743.0,2283.0,437296.0,0.6219531152007903
2743.0,2342.0,529895.5425330813,0.5702646482231171
2978.0,2342.0,572153.0094517957,0.38999609782591305
3039.0,2342.0,543550.2873345937,0.3307038116964406
3054.0,2342.0,507858.0,0.26153210292426543
3054.0,2342.0,516099.2098298677,0.2578577997021891
3039.0,2342.0,542713.5425330814,0.335323294831361
2978.0,2342.0,563932.9451795842,0.43011566271423823
3039.0,2342.0,523396.427221172,0.3731822366709367
3054.0,2276.0,498046.2495274103,0.26170795930158863
3054.0,2686.0,609442.6805293005,0.31744264262562444
3054.0,2686.0,595472.775047259,0.2885667207839157
3054.0,2686.0,610519.6030245747,0.26160923572916017
3054.0,2686.0,583823.2551984877,0.25275987497437047
3054.0,2610.0,537874.4990548205,0.3267128127041514
3054.0,2610.0,553353.7580340264,0.3500012097639936
3054.0,2610.0,578765.3572778828,0.3331645704952321
3197.0,2610.0,568363.6710775046,0.20640463005998894
3216.0,2610.0,566335.6030245747,0.15515137165989193
3216.0,2610.0,572837.4328922495,0.13909710012135793
3216.0,2610.0,529884.056710775,0.17600861951487914
3216.0,2610.0,552725.156899811,0.2009219834050237
3216.0,2610.0,644754.5860113422,0.24091214669754665
3216.0,2708.0,733125.8525519848,0.29428890749879133
3216.0,2708.0,689903.2892249527,0.3757400109878743
3197.0,2708.0,664129.1190926277,0.5095824375374368
3197.0,2708.0,675162.9489603024,0.5335372500808525
3177.0,2708.0,686457.4480151228,0.578539808754276
3216.0,2708.0,676024.7221172024,0.41935448223742533
3216.0,2708.0,629402.0756143666,0.4376222158638846
3216.0,2708.0,631454.8544423442,0.4325102962601584
3177.0,2708.0,663981.1833648393,0.4618527413872757
3076.0,2708.0,677256.2003780719,0.6067765988111186
2957.0,2708.0,601051.9054820416,0.7530631051166634
2856.0,2708.0,612978.6011342155,0.773158195024751
2856.0,2588.0,582737.3610586011,0.8386320301528662
2904.0,2588.0,581450.888468809,0.8345412329530323
2904.0,2675.0,613344.6880907372,0.7784097057958503
2904.0,2675.0,630074.775047259,0.7569306917447616
3002.0,2675.0,600715.6710775049,0.7520452093834832
3002.0,2675.0,597273.6899810964,0.7739326655027229
3002.0,2675.0,600133.8185255198,0.7484035500172598
3002.0,2675.0,578255.4480151229,0.8802618639637912
3002.0,2675.0,624216.461247637,0.7833489892004842
3002.0,2675.0,621032.7788279774,0.7829995085242423
3002.0,2675.0,513838.6616257089,0.791813213283683
3002.0,2782.0,530582.0378071833,0.852746379404222
3002.0,2782.0,611261.7353497164,0.7841830763699572
3002.0,2782.0,678453.7958412099,0.6284004190289348
3076.0,2782.0,672369.86389414,0.5087696971088052
3168.0,2782.0,661710.8620037808,0.416354120181751
3076.0,2782.0,633352.7372400757,0.5727702030442688
3046.0,2782.0,647323.1001890359,0.6045629389314424
3046.0,2782.0,637145.3761814747,0.6240303788075494
3046.0,2782.0,644810.7221172024,0.6122231590026229
3046.0,2782.0,647588.1285444235,0.6096002873757556
3046.0,2782.0,643467.8034026467,0.6148200904301713
3046.0,2797.0,673890.8468809074,0.5684085544835955
3046.0,2797.0,701775.9130434783,0.5376917833142761
3046.0,2797.0,727422.3024574668,0.5520249470819593
3168.0,2797.0,683771.7240075615,0.5160953113487027
3168.0,2854.0,700562.8090737242,0.4846334635874152
3168.0,2854.0,699870.6351606805,0.47946703199835955
3046.0,2933.0,752746.4914933838,0.5361772643950982
3042.0,2933.0,773964.9073724006,0.6480187792969296
3042.0,2933.0,776920.3327032137,0.6140507915921791
3042.0,2933.0,722621.7164461248,0.7073200029778735
3042.0,2933.0,652386.0264650283,0.8305116901871897
3042.0,2933.0,715269.4971644614,0.7550310952720428
3042.0,2523.0,646986.9413988658,0.6217110517438835
3042.0,2469.0,592755.1077504726,0.5610459857679138
3042.0,2469.0,505577.7164461248,0.580145438844302
3042.0,2469.0,544283.90926276,0.5654007495638785
3036.0,2469.0,533818.5595463137,0.6497453701455383
2657.0,2469.0,538783.9886578451,0.7101437922998722
2628.0,2469.0,553857.2741020794,0.7161842107954289
2628.0,2469.0,564790.4763705104,0.7059492310045741
2628.0,2531.0,589742.6729678639,0.6620355623429832
2778.0,2531.0,582454.4310018903,0.6332844997268815
2778.0,2531.0,581851.8147448015,0.6324134495929122
2778.0,2531.0,587749.2362948961,0.621980019648667
2778.0,2531.0,594627.8449905481,0.6112328932786372
2778.0,2531.0,614234.5860113422,0.590530406634852
2628.0,2592.0,648840.6351606807,0.6728058852142187
2628.0,2592.0,632755.7807183365,0.6729196903506476
2628.0,2592.0,631761.8676748582,0.6888963927328449
2628.0,2592.0,625467.2438563327,0.6984582626975131
2628.0,2592.0,642716.3175803403,0.6843812402944656
2511.0,2592.0,643123.8790170131,0.8345827912870212
2456.0,2592.0,644672.2268431002,0.9982117095290539
2296.0,2592.0,650589.5425330814,1.142390597192612
2296.0,2592.0,527061.0321361059,1.3314823606979704
2281.0,2199.0,376983.122873346,1.4279611074610292
2221.0,2199.0,270712.7334593573,1.633115591178482
2147.0,2199.0,241796.42344045368,2.011565991863836
2147.0,1106.0,110709.6483931947,0.7985154100659556
2147.0,1022.0,88039.76559546313,0.8941095667507124
2147.0,1022.0,82642.42722117201,1.065183082398819
2147.0,1022.0,82935.08506616256,1.1116299489599364
2147.0,1022.0,82868.74858223063,1.0850210171740113
2147.0,1022.0,80804.45368620037,1.108356998525556
2147.0,1022.0,79104.94517958412,1.1070000126054345
2147.0,1022.0,83785.99621928166,1.0377958515978303
2170.0,1022.0,83031.50472589793,0.9288330961390742
2170.0,1455.0,108206.66540642723,0.26868236262222384
2170.0,1456.0,131272.5482041588,-0.0003955800053781877
2170.0,1456.0,131139.7315689981,-0.000916480445729776
2147.0,1456.0,149779.6370510397,0.031196460614580236
2147.0,1383.0,145211.4102079395,-0.031133009048950517
2102.0,1383.0,161900.77882797728,-0.005650082802408926
2102.0,1498.0,187431.70510396975,-0.06345247411754641
2097.0,1498.0,190448.98298676749,0.05651626395909254
2075.0,1498.0,192533.90548204156,0.11107395310536006
2083.0,1498.0,192462.92627599245,0.10494079663244614
2075.0,1498.0,174652.83931947072,0.22563531053118782
2083.0,1877.0,233063.0094517959,0.45739245045676397
2097.0,1877.0,233777.0359168242,0.40518848387458156
2170.0,1877.0,250610.94896030243,0.2707326281655352
2097.0,1877.0,250327.9848771267,0.4358310572390009
2083.0,1877.0,253657.67863894138,0.5098843644342298
1935.0,1877.0,267324.64650283556,0.5987506854450907
1896.0,1877.0,272635.8147448015,0.6888671300793386
1858.0,1877.0,271112.5633270322,0.7948782690848459
1826.0,1877.0,276646.3856332703,0.867634846856881
1818.0,1877.0,258067.3459357278,1.103366497812363
1792.0,1877.0,237873.00945179586,1.3738561386395258
1792.0,1877.0,226745.98865784498,1.5901549908678765
1803.0,1877.0,222291.87901701324,1.494211618485693
1818.0,1877.0,223189.15689981097,1.3130402296614847
1818.0,1877.0,223434.37429111527,1.329732741280997
1826.0,1877.0,223477.47826086957,1.156662531569395
1826.0,1877.0,203609.4177693762,1.1729190484802956
1826.0,1877.0,197576.29867674859,1.187045893481384
1840.0,1777.0,182617.58412098297,1.3112095242151063
1858.0,1777.0,181328.75236294896,1.2792363200124022
1858.0,1777.0,180864.42344045368,1.2404002654320747
1858.0,1777.0,180815.2438563327,1.2432927442377126
1866.0,1777.0,191092.03780718334,1.008207723308635
1866.0,1294.0,147089.9054820416,0.5402504911918579
1866.0,1662.0,197937.55765595462,0.7819428347955311
1866.0,1662.0,224333.86767485828,0.8919034521771451
1985.0,2109.0,304533.4328922495,1.0191357858828356
2041.0,2412.0,421714.0567107751,1.0372846054306368
2075.0,2311.0,434515.25519848766,0.8644084690119092
2121.0,2381.0,522299.383742911,0.7754083329173251
2375.0,2381.0,511344.8393194707,0.6625748989893787
2375.0,2381.0,482110.17391304346,0.6712963256265329
2398.0,2352.0,444143.0850661625,0.6818560028261361
2398.0,2162.0,410716.5784499055,0.7702557250714512
2398.0,2162.0,388449.2741020794,0.8116404309186042
2549.0,2162.0,384433.37996219285,0.6730608362956518
2564.0,2162.0,393080.42344045365,0.517685180893513
2577.0,2162.0,364768.41209829866,0.5081935445603514
2645.0,2162.0,369580.07183364837,0.3594398344051944
2734.0,2659.0,493039.37618147436,0.5398426400411336
2734.0,2620.0,449213.6408317581,0.6048113435147046
2734.0,2475.0,407219.30056710774,0.7121814287367207
2734.0,2419.0,374766.8241965974,0.800518690190213
2757.0,2759.0,490066.51039697556,1.0044892533970124
2979.0,2622.0,489886.7599243857,0.8817824375930983
3119.0,3501.0,752878.8582230625,1.1706982617832697
3143.0,3501.0,759617.8676748582,1.005193367149445
3158.0,3501.0,809564.0831758035,0.8121126180778219
3161.0,3501.0,924299.9054820416,0.640575408572042
3161.0,3501.0,932163.6786389414,0.5958277772613095
3161.0,3501.0,936421.9017013232,0.5817836235024014
3161.0,3501.0,971488.2155009451,0.4386484622784977
3161.0,3501.0,976322.9527410209,0.424890247777291
3894.0,3501.0,967492.8015122873,0.274872099288108
3894.0,3501.0,897890.6654064273,0.26656502419144257
3940.0,3501.0,857154.9527410209,0.1318334184788164
3993.0,3427.0,762165.6446124762,0.09293138141378293
4056.0,5546.0,1432129.4555765595,1.5884839614421058
4068.0,8407.0,3379306.8090737243,2.246905022683964
4068.0,8407.0,3400020.056710776,2.232848020599681
4068.0,8407.0,3393085.735349716,2.239188620515072
4068.0,8498.0,3480210.7674858226,2.1700488792540753
4056.0,8498.0,3617588.083175803,2.142851732786226
4056.0,8498.0,3612976.691871456,2.1463082624297627
4056.0,8498.0,3511227.3837429117,2.2001315232983885
4056.0,8498.0,3516960.604914934,2.195259775043606
3993.0,8498.0,3580995.5538752363,2.251350222435059
3940.0,8498.0,3599613.3686200376,2.2680789961291747
3894.0,8498.0,3569033.035916825,2.4593602641907477
3575.0,8498.0,3619094.0642722114,2.467205734150198
3530.0,8498.0,3624994.6011342155,2.526250608039871
3530.0,8498.0,3581520.302457467,2.6110289436259757
3530.0,8498.0,3581747.897920605,2.6133263972066976
3530.0,8498.0,3604525.032136106,2.5436185324595977
3530.0,8498.0,3612631.368620038,2.523576211627736
3530.0,8498.0,3620229.7051039706,2.551423034712122
3441.0,8498.0,3631999.867674858,2.5932507938071985
3515.0,8498.0,3624932.056710776,2.5903608110592367
3515.0,8498.0,3622751.300567108,2.619310611265058
3441.0,8498.0,3659561.7353497166,2.6503246889980225
3370.0,8498.0,2875398.982986768,3.519855819007113
2975.0,2183.0,427422.80151228735,0.72699449847913
2962.0,2205.0,449869.03969754244,0.7045794199868006
2962.0,2205.0,459207.12665406434,0.6873346705703581
2962.0,2205.0,441849.8790170132,0.7077230803657217
3370.0,2205.0,423698.7826086957,0.5951229071138344
3370.0,2205.0,421508.3440453685,0.5988887769053988
3121.0,2205.0,419175.69376181473,0.6911109359844916
3121.0,2205.0,418163.21361058595,0.6940362744579807
3370.0,2205.0,431526.7674858224,0.5094838624715078
3121.0,2205.0,454968.32514177694,0.5919746211999225
3349.0,2205.0,443341.5160680529,0.522394445722086
3370.0,2205.0,454604.4120982987,0.35494822289867645
3370.0,2205.0,487587.988657845,0.2599697632014807
3370.0,2205.0,470874.47637051035,0.24684609820010267
3370.0,3157.0,676930.5066162572,0.7526204182241855
3370.0,5662.0,1543859.8449905482,2.1461530632918877
3370.0,5662.0,1692926.431001891,1.9222649504697558
3370.0,5662.0,1692361.93194707,1.9106210583675882
3515.0,5662.0,1705306.347826087,1.8010657450096839
3668.0,5662.0,1721083.9886578452,1.6984262218420954
3668.0,5662.0,1732536.8090737239,1.6378973916529735
3668.0,5662.0,1708254.8884688092,1.6333325372329708
3668.0,5662.0,1703353.376181474,1.6391124384651903
3675.0,5662.0,1650196.4763705104,1.5701236745677882
3675.0,5621.0,1595596.1587901702,1.6383721917069816
3675.0,5605.0,1522028.0,1.7195023195680015
3675.0,5605.0,1523429.0964083176,1.7175145351239156
3668.0,5605.0,1576207.2060491492,1.692223791349863
3668.0,5605.0,1572256.9262759925,1.6980446728391607
3958.0,5605.0,1557828.4914933834,1.5951276705464472
3958.0,5605.0,1558649.1190926277,1.593746401552924
3668.0,5605.0,1578784.5066162571,1.632198861901299
3668.0,5613.0,1579746.1701323255,1.6305343536531958
3668.0,5690.0,1657373.1266540643,1.5481035480979484
3446.0,5690.0,1693698.9943289221,1.5847267317959413
3428.0,5690.0,1703797.202268431,1.6717157813886796
3428.0,5690.0,1699197.032136106,1.696123807211824
3428.0,5690.0,1557491.3686200378,1.9313580659092215
3428.0,3261.0,760992.1625708884,0.5999869119370147
3428.0,2560.0,593751.8827977317,0.2280321009513992
3428.0,2560.0,607166.4763705104,0.16454237668012897
3428.0,2560.0,609323.9659735349,0.16360784365576417
3428.0,2604.0,678998.461247637,0.2535756672462068
3428.0,3121.0,828353.3308128545,0.4389808326884382
3366.0,3121.0,829940.3251417767,0.448439839405867
3366.0,3121.0,840322.5406427219,0.4363621528701145
3249.0,3574.0,914806.9943289227,0.4776174645732446
3249.0,3580.0,1004310.8695652174,0.40275965750043896
3159.0,3660.0,1105956.2003780717,0.39421992869532985
3159.0,3813.0,1208138.998109641,0.3331453686277623
3159.0,3813.0,1286166.344045369,0.31659133229834086
3159.0,3813.0,1303112.9073724004,0.32923566427829726
2934.0,3813.0,1294780.9943289228,0.506833361301481
3159.0,3813.0,1278274.809073724,0.43568525726485635
3159.0,3813.0,1290418.5141776938,0.3728995167327782
3159.0,3813.0,1358125.7353497166,0.35198951191341055
3159.0,3813.0,1383129.618147448,0.35479584566086
3159.0,3813.0,1397901.1947069943,0.38293090659596857
2567.0,3813.0,1442052.5746691872,0.4449123966509958
2559.0,3813.0,1471695.4102079396,0.5930793760191165
2469.0,3813.0,1427685.8525519848,0.7839864804171316
2244.0,3813.0,1289449.0359168241,0.9873395468696474
2176.0,3813.0,1191055.2173913044,1.2417968326529858
2176.0,3813.0,1110207.5538752363,1.4986422574493616
2143.0,3813.0,1006290.911153119,1.8369243821038943
2143.0,3813.0,724723.5916824196,2.2747651324440974
2143.0,2023.0,282571.90926275996,1.3808409476059578
2133.0,2023.0,235046.19281663516,1.731733702404582
2133.0,2023.0,233201.8638941399,1.7670974961096089
2143.0,2023.0,230891.49716446133,1.759235908676002
2143.0,2023.0,236772.41965973526,1.716896812312549
2143.0,2023.0,241017.95463137998,1.683021192541051
2143.0,1994.0,233375.37618147448,1.7394873945326874
2143.0,1994.0,228074.32514177696,1.7501117558407493
2142.0,1994.0,231248.57844990553,1.8460374912576833
2142.0,1994.0,236360.40075614367,1.8378148013690667
2142.0,1994.0,180944.33270321361,2.2152256789926517
2142.0,879.0,70527.89792060493,0.38128187129432706
2142.0,924.0,72520.41209829868,0.342624983215822
2142.0,924.0,75702.73724007561,0.24151407586879345
2088.0,924.0,68291.606805293,0.3777208280651812
1999.0,955.0,74672.07939508508,0.41481422891734737
1999.0,955.0,78128.17013232515,0.4027111969901787
1999.0,1443.0,125265.98487712664,1.0590619297447241
1999.0,1443.0,122178.5595463138,1.0725402235342434
1999.0,1443.0,122094.90737240078,1.0599156182833949
1999.0,1443.0,127929.606805293,0.9823856004458932
2125.0,2779.0,350876.2570888469,2.3459032561652293
2125.0,2804.0,559103.7164461247,2.03543164880881
2125.0,2804.0,707008.775047259,1.6249233131982654
2125.0,2804.0,720566.279773157,1.6029972669811912
1999.0,2804.0,732083.7164461247,1.6470902064256963
1999.0,2804.0,733987.3837429112,1.651599025269804
2031.0,2804.0,724680.2003780717,1.6589938963129631
2031.0,2911.0,735618.6880907371,1.6317703778315904
2031.0,2911.0,746305.0396975427,1.6210536538540927
1971.0,3011.0,775748.5935727789,1.583545122413818
2031.0,3011.0,876756.3742911153,1.2668393732035732
2067.0,3011.0,866998.586011342,1.2598894913064314
2031.0,3011.0,876136.0756143668,1.298615347372991
2031.0,3011.0,876580.3856332704,1.2886424262864287
2067.0,3011.0,874454.2306238185,1.1348007464166832
2067.0,3011.0,880002.9943289226,1.1614551460779836
2067.0,3011.0,877993.8903591682,1.1605193838497625
2067.0,3011.0,884165.2022684308,1.151566118941626
2067.0,3011.0,890882.5482041588,1.1435199242357414
2067.0,3011.0,869480.3856332704,1.264614041498521
2067.0,3011.0,880057.323251418,1.2592750116651115
2031.0,3011.0,885210.3364839319,1.2662842868118482
2031.0,3011.0,884404.1058601134,1.2988917816273107
2031.0,3011.0,831141.2098298677,1.2691280219632408
2031.0,2719.0,632143.3572778829,1.4025536923384139
2031.0,2668.0,481888.9527410209,1.4864212310484652
2067.0,2668.0,472110.8960302457,1.3959516930744529
2116.0,2668.0,477288.4234404537,1.2194663509679047
2135.0,2668.0,490872.67296786385,1.0346874473973429
2348.0,2668.0,497399.3875236294,0.8737932568701079
2470.0,2668.0,479903.2060491494,0.7545312318818714
2470.0,2668.0,465223.34593572776,0.776401852393962
2470.0,2549.0,436234.1625708884,0.8886984159787752
2348.0,2549.0,362465.18336483935,0.9175169586573908
2348.0,2549.0,381644.1928166351,0.878166504661039
2348.0,2549.0,397890.4234404537,0.8345427456602605
