21833.0,33728.0,113163676.88999999,-0.2848868012310799
21833.0,21472.0,75275926.01,0.25220256383854395
17511.0,21245.0,63798155.64,0.6477020087423941
15507.0,19502.0,45637419.21,1.045221447934754
15507.0,15435.0,23817348.2,1.4424476681101923
15507.0,10131.0,11428092.49,1.0713404301146319
15507.0,14378.0,19109259.160000004,1.5325787947908724
15507.0,20194.0,44673865.89,1.3178631959133849
16031.0,20194.0,59058027.010000005,0.7532986487932339
19496.5,20194.0,65855764.69000001,0.31649300711355843
25418.0,20194.0,66671305.36,-0.07367464338978019
30413.5,20194.0,61122688.089999996,-0.4831470787866901
32482.5,20194.0,50710046.56,-0.9532605795859747
32736.5,17659.0,31631620.96,-1.4325506325699764
32922.5,13230.0,13414777.49,-1.7506146939099565
32922.5,6878.0,3076388.2399999998,-1.0676262944834372
32922.5,5133.0,1844016.89,-0.15560592022534708
32736.5,6008.0,2734890.4099999997,-0.2632490724027206
32482.5,6008.0,3496359.56,-0.0682487124660029
32225.0,6805.0,4617852.41,0.05224075793941671
31278.0,11668.0,10070777.360000001,-0.7215792361010025
29999.5,15116.0,19683664.85,-0.8000905664611018
29562.0,18987.0,33384534.639999997,-0.7045158076543265
29065.5,20289.0,42365318.40999999,-0.4516766316583577
26235.5,17413.0,42337623.29,-0.29208578390520573
22080.0,16375.0,42683517.64,0.006298363677054999
18420.5,15696.0,39724294.45,0.37935592981040017
15855.5,15696.0,32977191.01,0.8175968482870363
15663.5,14703.0,21330687.96,1.304977498714797
15663.5,9840.0,8776670.040000001,1.2182440707415223
15663.5,11466.0,11260645.2,1.4649191610463657
15663.5,15776.0,25371929.04,1.435004007486482
15663.5,19214.0,45398354.21000001,0.9856815608714945
17332.0,21084.0,63096281.35999999,0.5795994978852493
21996.5,21084.0,69746946.05,0.1711195087663701
27585.0,20623.0,69394425.55999999,-0.18611161822989064
31459.0,20716.0,62804185.84000001,-0.5493743781812198
33537.5,20784.0,50454007.45,-0.9406311781232568
34472.5,21974.0,36318758.89,-1.0631784922623404
35079.5,16490.0,20625424.16,-0.403053411869115
35526.5,12180.0,11152848.0,0.10241728897065648
36413.5,8742.0,7488974.25,0.4528941489187106
37123.5,8375.0,8127009.289999999,0.2991031579943742
37123.5,8375.0,7423109.45,0.24812491195464753
37123.5,13066.0,13259135.639999999,-0.7754182834600062
37123.5,21395.0,38401219.2,-1.393406223584055
37123.5,25759.0,73043320.49000002,-1.0437381575631506
37093.0,26530.0,101799703.35999998,-0.6078419699791461
33015.0,26804.0,115842605.09,-0.20439343813028726
25041.5,27009.0,113846262.36000001,0.15940797143607724
18695.0,27009.0,111253668.08999999,0.5715464855219013
16583.5,27009.0,91173076.16,1.076663126414913
16583.5,21561.0,47387944.49,1.4630189905884854
16583.5,14721.0,28887249.29,1.1097012432141482
16583.5,26245.0,66294678.81000002,1.6596241392090896
16583.5,39020.0,167457400.49,1.3589455287540035
18469.5,39020.0,216427428.65,0.7791809142304141
25134.5,42696.0,278116175.56000006,0.4069499922024137
35746.0,42696.0,286855083.44,0.010680261385934286
45633.5,42570.0,268223934.41,-0.3726312350371105
51860.5,41305.0,222316986.44,-0.7712011476985948
54122.5,37674.0,150380245.05,-1.2182817720739605
54661.5,28600.0,73361339.04,-1.5596103155080376
54661.5,17076.0,22424878.009999998,-1.5476023417472708
54661.5,14515.0,16763403.36,-1.2401343681935941
54501.0,14515.0,22195859.61,-0.7473577282419264
54501.0,14515.0,22013240.16,-0.7659052044867118
53519.5,14515.0,24057429.81,-0.36679616420531747
51557.5,24770.0,52451200.29,-0.8281592044517437
48098.0,35140.0,109988148.21,-0.9633463569251826
45841.0,39784.0,164433160.29000002,-0.7003909989196845
44796.5,41614.0,198524851.35999998,-0.3826127335
38941.5,37028.0,195160758.21,-0.1705810703208471
28629.0,33989.0,181736679.64000002,0.14528306926569357
21122.0,33989.0,179667022.36,0.5521526653783081
18164.0,33989.0,151462464.16,1.0528433790347471
18164.0,29475.0,84484006.84,1.5377011244321208
18164.0,17765.0,41969568.16,1.0433093502924122
18164.0,29373.0,82648179.03999999,1.563215193171351
18164.0,39984.0,183233801.65,1.2336543512161355
20106.0,40733.0,258866598.61000004,0.7267200717087305
27931.0,41442.0,303202650.76,0.3070267513995363
39300.0,41330.0,289119250.44,-0.07833651241690974
48203.5,41330.0,262240128.49,-0.47574801409988854
52915.0,39963.0,205343112.81,-0.9018804832441312
55202.0,34807.0,126627224.0,-1.37227121436899
55725.0,25440.0,54524215.64,-1.7344925366279529
55725.0,13196.0,13132001.24,-1.502065198600508
55725.0,11407.0,10136302.85,-1.238243243161956
55202.0,11407.0,12088175.6,-0.7074524702120333
54607.5,11407.0,12735760.209999999,-0.27788631522853413
52677.5,12596.0,15337732.239999998,-0.10153842683201073
52132.5,23222.0,41363411.85,-1.1019469100694894
49836.5,33857.0,98229993.69,-1.1743315870711761
48494.5,38652.0,156659106.56,-0.8250906385108285
46616.5,40438.0,196404615.01000002,-0.4585593258178787
40709.0,36869.0,198907406.8,-0.19451196420740277
30078.5,32620.0,188748941.05,0.12615903910123938
22363.5,32705.0,182126008.24,0.5356852260438163
19376.5,32705.0,143476202.41,1.0078419405432772
19376.5,28832.0,82648245.24,1.478372137527511
19376.5,18206.0,41841281.04,1.0317084589746472
19376.5,29141.0,80433848.48999998,1.570009677108403
19376.5,38850.0,174725332.36000004,1.2230072840498414
21357.5,38850.0,240216338.65,0.706440220819237
28824.0,39581.0,279420549.64,0.2875951365220346
40025.5,39581.0,261000020.41000003,-0.08222227676457197
47279.5,39581.0,231410203.45,-0.47648557411769416
50472.5,37984.0,176489651.44,-0.8965811420501157
52794.0,32843.0,107959870.84,-1.3410086715694631
53844.0,23848.0,47087618.04,-1.6041097658189225
53844.0,11237.0,12251483.01,-0.7332629231848884
53844.0,13214.0,15359307.24,-0.9982399024151204
52794.0,13214.0,17652427.41,-0.5145046183372262
52337.0,13214.0,17344014.21,-0.1307379476500599
50137.0,13214.0,16364494.439999998,0.19845349015023217
50137.0,21670.0,35283893.04,-0.7417455378567109
47542.0,32878.0,85809567.28999999,-1.100036881374865
46343.5,37985.0,141896518.48999998,-0.8040745360015383
45137.0,39147.0,175004503.85,-0.45274463958242284
40126.0,34548.0,173808167.24,-0.24011081091351646
30294.0,30908.0,165761836.64000002,0.08549828541698339
22136.5,30908.0,163315864.76,0.49244364333762586
19426.5,30908.0,134927137.05,0.9720744389875884
19426.5,28511.0,81965876.49,1.4848717804539444
19426.5,18489.0,37968375.36,1.1167995218840565
19426.5,26928.0,66825957.81,1.617479266223805
19426.5,34205.0,138788963.48999998,1.2102579688433468
21456.5,34205.0,188184129.96,0.6936258905837198
27700.0,37783.0,229755584.01000005,0.30678931106568474
38047.0,37577.0,229651104.09,-0.08355777203313586
47865.5,37500.0,207073696.49,-0.477036838372766
51504.0,35922.0,163204525.44,-0.8981938755445338
51809.5,31549.0,102839558.05,-1.3885377414400781
52116.0,25359.0,47926097.36,-1.8119918359960179
52116.0,12779.0,9917813.2,-1.1476493671630688
52116.0,12392.0,9317200.809999999,-1.0537846507654416
52116.0,12392.0,14185165.45,-0.7608784344591408
52116.0,12392.0,15077108.440000001,-0.5240017790724371
51957.0,14324.0,19411156.440000005,-0.29324469266471087
50212.0,23391.0,42592390.04,-0.8156374383852231
46753.5,39078.0,120882806.80999999,-1.2956823328530271
44858.0,39078.0,166110172.48999998,-0.7840067518295931
43758.0,39578.0,196154566.76,-0.3869158380660325
38258.5,34939.0,186852738.56,-0.14646419747692704
26647.0,31852.0,171548220.44,0.17233051979256617
18803.5,31852.0,161647879.21,0.5921536673225292
17895.0,31852.0,133414708.80999999,1.10504936475051
17895.0,26129.0,71086871.0,1.5727155151837044
17895.0,17062.0,37558859.69,1.2725260466289305
17895.0,27759.0,74708577.96,1.7200477210459633
18660.5,36981.0,158859086.24,1.234646533487115
20180.0,36981.0,219701628.0,0.7155009692386618
27385.5,36981.0,250498491.56,0.28609007286180455
38292.5,36981.0,247073286.25,-0.11042253667988923
46936.0,36929.0,216152850.16000003,-0.508504348822188
50171.5,35892.0,168539977.0,-0.9492230750968883
51583.0,31036.0,101729324.41,-1.450255905263739
51583.0,21481.0,38914022.839999996,-1.9709913606135738
51583.0,9222.0,10451634.49,-0.9933897711247913
51583.0,16678.0,24451169.21,-1.6701565488243002
50712.0,16479.0,36449343.45,-1.0426367823195914
49990.5,19263.0,50002785.21000001,-0.656178639536173
47013.0,21463.0,63425385.29000001,-0.36907753738259313
40771.0,25008.0,80344277.61,-0.13034338106409055
36946.0,30695.0,105831483.60999998,-0.02358977118406418
35361.5,34444.0,119085330.49000001,0.06764624877968235
32314.5,33726.0,111572807.29,0.16761558157467277
29059.5,29598.0,91556112.75999999,0.09592898467631898
24443.5,22332.0,73948420.24000001,0.1341864002338547
19725.5,22292.0,66105177.61,0.48088005797173766
17328.0,19163.0,46915167.6,0.7933009328532
17075.5,16198.0,28670844.089999996,1.1692473554187972
17075.5,12653.0,15545909.960000003,1.0650860851352557
17075.5,15530.0,21421002.889999993,1.4111173575914049
17075.5,18636.0,40542531.29,1.184415741938045
17075.5,19277.0,57412276.489999995,0.7015867848031347
19925.5,19277.0,65287672.04000001,0.26811906997322166
26334.5,19277.0,64466576.64,-0.12895318873834632
31031.0,19258.0,56374594.55999999,-0.5289223975045868
31989.5,17858.0,42511666.239999995,-0.9693040809307065
32105.0,16565.0,26665874.56,-1.5651243885068304
32218.5,11406.0,9796322.01,-2.218266556108107
32464.0,3747.0,1102566.1600000001,-0.7717790222048129
32464.0,5721.0,2394943.96,-1.7252079252182302
32218.5,5938.0,3947441.6900000004,-1.076898337551884
32105.0,5978.0,4795247.36,-0.6704659148912513
31989.5,6357.0,5794971.05,-0.266023053159038
30044.0,9853.0,9458280.639999999,-0.3852825919434404
28081.5,14033.0,17840765.81,-0.6558998604437054
27857.5,17868.0,30292790.640000004,-0.657952834657935
27552.5,18483.0,38616492.56,-0.35484570207898936
25615.0,18483.0,38692545.4,-0.08740863963621551
21777.0,13370.0,32209845.4,-0.02078705517821459
17769.5,13153.0,30420357.65,0.36820746798990184
15610.5,12922.0,25378879.65,0.802322837824061
15610.5,12543.0,17239138.4,1.3302016133477719
15610.5,9047.0,8022169.890000001,1.3124790991196902
15610.5,10092.0,9528255.24,1.4748682736142527
15610.5,15843.0,25752100.360000003,1.5141669065272745
15843.0,18160.0,43655656.2,0.9855457101479038
18015.5,18160.0,54661587.45,0.523096827281073
22313.0,18160.0,59034336.089999996,0.11485790502824425
27787.5,17895.0,56070642.15999999,-0.2712538007468617
31468.0,17617.0,48356262.489999995,-0.677820735356279
32393.0,17290.0,35668290.25,-1.1331999928861443
32687.5,17914.0,23019998.64,-1.2055938519534763
32883.0,15136.0,14311759.8,-0.2025065309151511
32942.0,9385.0,7793914.8,0.8652091678210279
33293.5,7775.0,7587964.290000001,0.5892052762573387
35284.5,9294.0,10738105.239999998,0.37083929405396426
37068.0,9294.0,9818614.360000001,0.10426258900733641
37068.0,12729.0,13817418.61,-0.34315034931196403
37068.0,21426.0,35943032.29000001,-1.2710757737893479
37068.0,24582.0,64529258.15999999,-1.000900278649136
37068.0,25770.0,91367859.56000002,-0.6246062509093966
32900.0,26636.0,109216099.45,-0.22539134762436627
24489.5,26636.0,110849365.69000001,0.15342544830995872
18563.0,26636.0,107837461.96,0.5671491310628826
16410.0,26636.0,90784895.25,1.0712745178470207
16410.0,22243.0,48949809.809999995,1.51660768568478
16410.0,14570.0,27926633.840000004,1.1159271131072885
16410.0,27276.0,69636978.01,1.728028832906388
16410.0,38506.0,166414465.69,1.3268828478537624
17997.0,40797.0,247762755.35999995,0.8107652977966449
24830.0,41707.0,299877913.40999997,0.38354975816743425
35854.0,41694.0,298064230.21000004,-0.013799525440296997
47129.0,41225.0,270866919.65,-0.40633353658507304
52453.5,40803.0,220661577.65,-0.834561781280158
53146.5,36479.0,143719409.76,-1.3096853890053453
53895.0,27137.0,65541285.69,-1.8163587285308935
53895.0,14431.0,15275093.85,-2.05539029473835
53895.0,11656.0,9888402.6,-1.7440100327195014
53875.0,11656.0,14421752.85,-1.0758415713430545
53126.5,11656.0,13854927.36,-0.7776033392212159
52453.5,10994.0,14586096.360000003,-0.44949409594826734
51530.5,22509.0,42170699.239999995,-1.2151063728411602
48273.5,33931.0,105397028.01,-1.2455780490386552
46153.0,38075.0,165329219.29000002,-0.8492256139129081
45473.0,39470.0,202739712.25,-0.47219681815229075
39224.5,37926.0,210271617.0,-0.1669401602255869
27756.0,34793.0,197540944.25,0.15347913918092118
19973.0,34793.0,191783544.89000002,0.567161636773761
17743.0,34793.0,160160909.84,1.0731048764750375
17743.0,30552.0,89807196.41,1.5584175770384703
17743.0,18055.0,44157606.410000004,1.0408562895025084
17743.0,29842.0,85934152.64,1.5395818727130757
17743.0,40035.0,185121391.64000002,1.1909690288642676
20381.5,40938.0,259208385.25,0.6984070133241417
28196.0,40938.0,297847455.0400001,0.27700891504455494
39234.0,40938.0,293809058.23999995,-0.11417432630493778
49010.5,40632.0,256404376.09,-0.5083114569405955
53423.0,49817.0,235853784.01000005,-0.669491257278462
54763.0,44224.0,149139038.2,-0.9742667688109198
55639.5,34188.0,75841129.45,-0.9543090137314435
55639.5,22148.0,29716699.24,0.3379661392366406
55639.5,21593.0,28579099.090000004,0.441073157451378
54955.5,21593.0,36966508.96,0.36399667208676495
53536.0,21593.0,39596632.6,0.5968920901489021
52880.0,22615.0,46744480.6,0.7046183010117508
50919.5,35757.0,87324445.84,-0.1882599346565902
47629.0,45060.0,158572798.08999997,-0.49068586736984193
45997.5,43073.0,182593456.09,-0.6029657694969751
45298.0,45027.0,220326426.81,-0.2740911105416248
38216.0,36911.0,201296761.95999998,-0.1364223742042801
26993.5,33282.0,187163714.29000002,0.18101119443656097
20311.0,33282.0,176856171.41,0.5986151322553434
17995.5,33282.0,144224106.16,1.1128118980190371
17995.5,28997.0,78758484.4,1.6309100661394231
17995.5,17672.0,39019625.65,1.059487385299648
17995.5,29757.0,85973352.61,1.5724280942036686
17995.5,39695.0,184425628.4,1.1992800463393098
20147.5,39896.0,254709258.04000002,0.6950832490952032
28023.0,39896.0,288993769.21000004,0.27236566299479464
39504.5,39896.0,285365306.4,-0.12204834056522501
49398.0,39773.0,252113326.69,-0.5211190633543614
53317.0,52244.0,245639095.09,-0.5737483263949985
54336.0,47371.0,161713761.56,-0.847980103239503
55386.0,36493.0,79770253.76,-0.6728798857543095
55386.0,24408.0,33469422.610000003,0.7893330409773244
55386.0,25089.0,34941084.04000001,0.6583052041452709
55024.0,25089.0,43941743.56,0.558962774196729
54073.0,25089.0,46657286.29,0.7313869912942442
53317.0,25089.0,54568407.089999996,0.7891880467353558
51333.0,36040.0,88600409.49,0.12882143987779487
47717.0,46424.0,157190742.20999998,-0.32159885809776995
45448.0,40909.0,175080236.20999998,-0.6545107578492593
44872.5,43037.0,209794215.96,-0.36890466080136686
39390.5,38584.0,202697935.60999998,-0.1472625769721961
28723.0,33240.0,182573134.56,0.12522367037059606
20918.0,33436.0,177414562.41,0.535425410949095
17688.5,33436.0,149016912.35999998,1.0298565882746966
17688.5,28898.0,83823267.56,1.4808491040481269
17688.5,17934.0,40441613.160000004,1.0099668538297981
17688.5,27185.0,71642923.41,1.5057096618977972
17688.5,40117.0,176162476.2,1.3143891724855683
19976.5,40117.0,246422817.69,0.770669587840768
27260.0,40117.0,281270373.84,0.33656812652283846
37402.5,40117.0,279064727.24000007,-0.060116135532324255
47855.5,40117.0,250926987.85,-0.4564998505123613
51308.0,39026.0,190178607.85,-0.8684652371224432
52696.0,33264.0,119959347.35999998,-1.2729920933224848
53859.5,25378.0,56428155.04,-1.6618539160299697
53859.5,13851.0,15178796.89,-1.3737853398789306
53859.5,12180.0,12161321.8,-1.1108463172384124
53859.5,12180.0,12345860.040000001,-1.0912111542141714
52696.0,12180.0,15162228.209999999,-0.5829183517151306
52019.5,15653.0,24659162.69,-0.5292561746814879
50782.5,25342.0,57234728.29,-0.9578910606815846
48468.0,36693.0,126568885.83999999,-1.038033336543104
45851.0,40679.0,198942700.01,-0.6933773706690314
43100.5,42309.0,238282573.44,-0.34502485715596365
36519.5,42997.0,244508019.83999997,-0.04472417911094552
25999.5,43225.0,240613050.09,0.32731661414256785
18331.0,43225.0,236286214.56000003,0.7424308213091353
15523.0,33696.0,145946409.16,1.0288308336415086
15523.0,28195.0,80253552.04,1.42857616542244
15523.0,18506.0,44520767.04,1.0324794268195798
15523.0,29426.0,83302928.64,1.5290710708814703
15523.0,39784.0,181734506.65,1.205003744634022
17608.5,40253.0,254710626.89000002,0.7044589985322536
25561.5,43028.0,308506508.9599999,0.30437177818319816
36604.5,56408.0,394284380.15999997,0.1402065477678154
47244.0,56399.0,347296678.56000006,-0.2078190253155775
52423.0,55173.0,282411317.24,-0.5588979233227416
53187.5,59091.0,266031474.2,-0.2596017550981045
54809.5,48986.0,200279360.09,-0.05119448792242011
54809.5,37005.0,132641368.76000002,0.5986128711985491
54809.5,35404.0,127627885.28999999,0.6726137869316309
54809.5,42681.0,170583612.65,0.3240231897786143
54045.0,45049.0,218136456.83999997,0.23502829155727825
50617.0,47398.0,267293333.69,0.3220073176904425
46768.5,53089.0,293525695.61,0.5832929462941552
40557.5,60504.0,370939406.44,0.5540972047805538
35735.0,64213.0,429763850.01000005,0.7354585397690909
33376.5,63028.0,319011715.05,0.9475247260080281
29356.5,36780.0,155119645.84,0.1847229132896099
22803.5,31635.0,122203409.05,0.3323826369259455
17241.5,24358.0,89006789.36,0.49015088221149855
14575.0,21990.0,66357442.64,0.883873308179651
14031.0,19641.0,41467734.64,1.3868212985784412
14031.0,13950.0,19525832.559999995,1.2638158081288162
14031.0,16576.0,25577659.639999997,1.5177093474576744
14031.0,20038.0,49180768.61,1.2040520027704653
14031.0,22014.0,73123171.25,0.7391320305580512
17762.5,22014.0,85149340.61,0.3087144879249857
25181.5,21862.0,86050684.28999999,-0.0847097604479438
30864.0,21862.0,77613254.6,-0.48959865849201356
32595.0,20812.0,61441773.89,-0.9434410798999836
32821.5,20276.0,40960542.21,-1.5511838480942162
33273.5,13839.0,15116839.89,-2.015519619219605
33604.0,5928.0,2548760.7600000002,-1.5038620422709197
33604.0,5399.0,2135595.8899999997,-1.303195637750137
33604.0,5399.0,3144253.4899999998,-0.9570198504321447
33273.5,5982.0,4205857.090000001,-0.5703644043708451
32817.5,8515.0,7004312.05,-0.5657888404465475
31280.0,12335.0,13731727.36,-0.7749368222396199
29817.5,15869.0,24814616.410000004,-0.7300388369957572
29374.5,19771.0,40094526.410000004,-0.6084921981487099
27816.5,21522.0,52004623.05,-0.3508149734425985
24640.0,22010.0,54785803.29000001,-0.13595168836219132
20963.0,17682.0,49267153.20999999,0.023039097164236928
17245.0,18470.0,47813248.2,0.3727796579675122
14418.5,17584.0,37953367.2,0.7441715658428022
13800.0,15051.0,23533516.04,1.093446069640923
13800.0,11231.0,11760128.209999999,1.0335172592117305
13800.0,12999.0,14740587.25,1.2805643111013854
13800.0,19226.0,35747693.44,1.451188635114099
13800.0,21668.0,60449788.010000005,0.95666941360003
15685.0,24614.0,85212689.21000001,0.5654840840460693
20905.5,24614.0,95307539.21000001,0.16276416802267196
27611.5,24614.0,91929597.55999999,-0.2301149423490481
31946.0,23654.0,77751298.28999999,-0.6181542479920075
33444.5,22672.0,59488608.69000001,-1.0167849176542734
34004.0,21966.0,38488771.489999995,-1.293909365511933
34687.5,15869.0,18179119.65,-0.870541957558489
35425.0,9642.0,7296471.159999999,0.18823328512298754
35937.0,7200.0,5217584.29,0.39019964488215686
36421.0,7854.0,6332869.96,0.3706688426642772
36789.5,7854.0,6232026.25,0.2977068751645501
36789.5,13973.0,14439976.09,-0.911856534684578
36789.5,21628.0,39040891.05,-1.3681870775012477
36789.5,25850.0,72977851.05,-1.035456644077398
36305.5,27413.0,102973480.89000002,-0.6061609029709202
31682.0,27952.0,119544815.04,-0.21061634266284612
23775.5,28221.0,120553983.36000001,0.15824219852056848
17837.0,28290.0,120778508.61000001,0.5590496765118689
15162.5,28290.0,100713694.2,1.0609848294087907
15162.5,23564.0,54030662.089999996,1.5075899584295682
15162.5,15860.0,31471655.209999997,1.0807078717883907
15162.5,29342.0,80731267.96000001,1.6999650380997937
15162.5,40873.0,189308429.21,1.3141084204120246
16433.0,42404.0,275746564.81,0.7899034940989432
23706.5,45619.0,342011256.49,0.383208345618789
35887.0,45619.0,348113244.84000003,-0.016354295609280332
48393.5,45619.0,318220295.4,-0.4110821354164327
54289.0,44306.0,258080241.89000002,-0.8340872792980223
54560.0,40638.0,169143250.45,-1.3352041505997014
54560.0,29759.0,72121621.76,-1.8350353407908448
54560.0,16277.0,16786445.81,-1.823329853582827
54560.0,15824.0,15790982.84,-1.7722170192042228
54560.0,15824.0,20097220.439999998,-1.1186412908497578
54364.5,15824.0,19691799.96,-0.8641571026984515
53075.5,13034.0,19503602.85,-0.6813037991526384
51409.5,22894.0,46407302.85,-1.0891811905637072
48942.5,36093.0,116640129.36000001,-1.2589028950828867
46052.5,39887.0,180382132.89000002,-0.9008926597031769
44139.5,40663.0,222387405.20999998,-0.5367338909485423
38151.0,38481.0,235424247.20999998,-0.19339771173174308
26621.5,37703.0,226885734.81,0.15858421180531124
17780.0,37703.0,225258462.6,0.5639737795341773
15170.5,37703.0,187445087.24,1.0681165055289807
15170.5,31923.0,102748688.96000001,1.5200053609178648
15170.5,19946.0,53661092.96,1.0982315643935356
15170.5,30891.0,95404119.01,1.516803673747567
15170.5,41594.0,203651794.4,1.1766035218336344
17921.5,41759.0,279920150.24,0.6798809285824958
26669.0,41759.0,312799360.8,0.2562420562962053
38232.0,41759.0,303899806.89,-0.13672212235995257
47747.5,41470.0,266249452.41,-0.5368383174575202
51436.0,40231.0,203295431.29,-0.9809095805670839
52169.5,33994.0,118547041.24000001,-1.4608320302275861
52169.5,22736.0,43586462.36,-1.7833305481248825
52169.5,10868.0,9690836.09,-1.1432808306122273
52169.5,10801.0,9591424.84,-1.1303828178976507
51436.0,10801.0,10638996.16,-0.6950457134358067
50839.0,9538.0,8808524.85,-0.6109812606754248
49583.0,9806.0,10647850.440000001,-0.4161811342476517
48810.5,21524.0,35895356.49,-1.4222795336711185
47549.5,32583.0,93747253.60999998,-1.3673820186900008
45264.0,37317.0,151018132.36,-0.9613213904355375
43957.5,35863.0,186382805.83999997,-0.5969829208303595
37823.0,35985.0,208869370.64000002,-0.1982074998485441
26434.5,34925.0,202914119.69,0.1546363476013855
18538.0,35242.0,197052310.09,0.5656640011944212
15665.0,35242.0,160506741.45,1.0650984127437813
15665.0,30107.0,88191072.49,1.5237409032093747
15665.0,18389.0,45938417.64,1.0558306357504164
15665.0,31610.0,95072545.41,1.592005673705671
15665.0,42087.0,205543846.64,1.215245114134487
18061.0,42184.0,283581295.76,0.7048301525522584
26400.0,42921.0,328131220.36,0.28609248268038334
38511.0,42921.0,324050551.81000006,-0.11111472464618213
48800.5,42921.0,286085149.81000006,-0.5121556785308631
52720.5,41337.0,219087964.20999998,-0.9492227280041995
53170.5,35533.0,129784939.84,-1.442261281889845
53565.5,24659.0,51613719.36,-1.9436022793933334
53565.5,11311.0,9449169.690000001,-1.721739300703644
53565.5,13958.0,14450014.440000001,-2.0360579637370955
53170.5,13958.0,20543984.089999996,-1.2156605973113166
53022.5,13958.0,21798998.560000002,-0.7408809855868858
52718.0,13169.0,23181728.2,-0.39970353653815316
49228.0,23325.0,47950644.61,-0.7979991986693266
45129.5,32207.0,95759780.69000001,-0.8888144137319695
43736.5,37203.0,144164452.6,-0.664047070653301
42896.0,40327.0,182124731.64,-0.3779090739378333
37460.0,38495.0,184425158.16,-0.15736405173120388
27941.0,32852.0,170409074.0,0.05611142853735953
21002.0,32852.0,164559013.16000003,0.4666903927917197
17476.5,32852.0,136468547.35999998,0.9383623559121764
17476.5,30066.0,81999787.09,1.3576471439146167
17476.5,19243.0,45464477.75999999,0.8437813477762115
17476.5,32880.0,95056793.64000002,1.4905417786290938
17476.5,40607.0,188010033.29000002,1.1335719415424017
19331.0,41706.0,261216524.09,0.6554912169345702
27322.0,41706.0,295258529.29,0.2362572358783195
39249.5,41706.0,282893296.09,-0.15527007045404115
48170.5,39238.0,239257920.81000003,-0.5371719792191819
50539.5,38445.0,184015186.01,-0.9905323146417377
50773.0,32681.0,105421928.55999999,-1.4896062580695468
51541.0,23054.0,41650151.6,-1.9272799829566127
51541.0,9417.0,7159101.359999999,-0.6230021298182246
51541.0,12878.0,12285707.610000001,-1.3891045532233417
50773.0,12878.0,15921554.64,-0.8032220331676525
50689.5,12878.0,14828830.0,-0.4890080912283986
50456.0,13539.0,17691210.04,-0.25074665173057703
48808.5,23365.0,41367260.29,-0.89262660822293
45741.0,32742.0,89817749.16,-1.0098833986054667
43555.5,37746.0,140030748.08999997,-0.745918976092639
42276.5,38612.0,174238111.44,-0.37394976563412025
37033.0,34814.0,170473584.24,-0.15994220923630895
27431.5,31872.0,160156577.69,0.134889873355873
20241.0,33187.0,160181359.45,0.5257320929105596
17568.0,33187.0,130128641.75999999,1.012762315278948
17568.0,28155.0,71751753.24000001,1.3988554936847806
17568.0,19164.0,42362601.81,0.9633693934876527
17568.0,32292.0,91920221.03999999,1.555602663334438
17568.0,40738.0,187234356.36,1.1625221259925325
19710.5,40738.0,249545252.83999997,0.6551842038234703
27489.5,40738.0,285688926.44,0.2351600964091259
39519.0,40738.0,281337488.36,-0.1630678190075985
48129.0,40738.0,244495750.41000003,-0.5696651977662969
50737.5,37132.0,177154717.44,-0.9912700288667619
51297.5,32505.0,104297746.03999999,-1.5302533579951954
51297.5,21574.0,36170793.36,-1.9544192817984936
51297.5,8528.0,8301667.24,-0.4484292180409806
51297.5,17053.0,23108375.409999996,-1.5933430565349471
50735.0,16902.0,34067606.29,-1.046989242044693
49696.5,20118.0,47303217.89,-0.6829568670327979
47609.5,19102.0,55145694.61,-0.39494232797730283
41738.5,24782.0,74049468.44,-0.2736560639616898
37383.5,29984.0,99456643.45,-0.18744779143758913
35683.0,34900.0,121179770.2,-0.13842861663199837
33315.0,35112.0,126044463.28999999,-0.058865400471406246
29536.5,32358.0,113848286.04,0.04210584634134543
23917.0,24339.0,92324995.16,0.09388959535354109
18855.5,24154.0,83044940.85,0.4514718376165238
15250.5,20938.0,62038541.160000004,0.798166914563981
15022.5,19418.0,40112117.160000004,1.2653330665866946
15022.5,13381.0,18391757.6,1.0837553286196597
15022.5,15448.0,22764351.409999996,1.3102707750736915
15022.5,18519.0,41151559.81,1.1961651761321097
15022.5,18519.0,53160125.95999999,0.683864829041655
18326.0,19115.0,63316442.160000004,0.2749837223371534
24649.0,19115.0,63231946.489999995,-0.12473197932462635
29297.5,19023.0,55686364.95999999,-0.5279838774605613
30034.0,18538.0,43155595.010000005,-0.984491143231548
30317.0,16313.0,26537055.410000004,-1.5236374271441
30630.0,11539.0,10322269.239999998,-2.166291946835156
31169.0,3776.0,1323024.44,-0.6104829905889795
31169.0,3339.0,1130678.8900000001,-0.3766471074702012
30630.0,3632.0,1532995.04,-0.16792653323477463
30630.0,3632.0,1651698.04,-0.10132223217175094
30317.0,5739.0,2727140.6399999997,-0.5494716908620827
29735.0,9080.0,6837654.289999999,-1.061977838116187
29217.0,14608.0,18798975.639999997,-1.2880424585017438
28875.5,17307.0,32866288.240000002,-0.9198498135352237
27675.5,19303.0,45146342.8,-0.5791750481251919
24951.5,19303.0,49173421.24,-0.22544460458744545
20517.0,16572.0,46428183.010000005,0.04801682470667686
16403.5,16572.0,43292677.010000005,0.4407854586217227
14248.0,16572.0,35883493.76,0.8866604070353054
14132.0,13782.0,21111702.36,1.3018947266153218
14132.0,10441.0,10677002.559999999,1.2563142256081778
14132.0,12310.0,13874581.209999999,1.5119320142734674
14132.0,16950.0,31725331.840000004,1.3291654395907408
14132.0,18179.0,48583892.89,0.8251270782947672
16935.0,18694.0,58994379.85,0.40027017595267017
22099.0,18717.0,63310278.6,0.00769727273592845
27470.0,18403.0,57996445.81,-0.3849149840313265
30038.5,18849.0,49422679.839999996,-0.8039888793342769
30653.0,18665.0,35057212.010000005,-1.21803191883084
31276.5,16973.0,20183357.64,-1.261940220292642
31545.5,10871.0,8725453.8,-0.49727859624873194
31780.0,10423.0,9539910.21,1.046366960730314
32745.0,9926.0,10181510.85,0.6437508882475833
34609.5,10171.0,12573447.84,0.3152746766746383
35374.5,10171.0,11290275.81,0.162902787145236
35374.5,14511.0,18313098.21,-0.5003846460128459
35374.5,21717.0,40572400.690000005,-1.1499176192910303
35374.5,25221.0,71146207.65,-0.9181840449090495
35374.5,27109.0,101250906.61,-0.5593765131805712
30482.0,28651.0,124307477.41,-0.19242563976540458
22344.0,28651.0,134080548.85,0.18841317265196206
16989.0,28651.0,120063944.23999998,0.5824836458805702
14391.0,28651.0,96923332.61,1.0849816241566075
14391.0,23210.0,50153629.65,1.4134211673206176
14391.0,17710.0,33886279.65,1.046268229271933
14391.0,43503.0,162830076.95999998,2.0277961348506524
14391.0,179238.0,2786606467.3599997,2.4081876707344647
16220.5,179238.0,4061883898.25,1.4092897887054345
24206.5,179238.0,4619444468.960001,0.851836000381804
42413.5,178703.0,4358447001.25,0.6072963408494442
56537.5,178703.0,3991003921.84,0.5670254631901499
59162.5,177500.0,3565224516.44,0.5603430636148294
59730.5,172149.0,3120207772.6,0.6245744980273602
60985.5,161528.0,2699128583.85,0.7482584921245506
60985.5,136029.0,2440013100.6400003,0.8747249225485975
60985.5,145834.0,2528045982.65,0.8431632674121837
59730.5,116169.0,1568281279.1599998,1.2057014569169908
58333.0,100721.0,845652337.0400001,1.8829954287430344
56390.5,51512.0,194335865.84,1.8400304348562884
53541.0,29084.0,74668486.41,-0.8757331633280807
50532.0,40628.0,152845475.85,-0.9495105047730543
47104.5,44532.0,214793433.24,-0.6693479814227421
44941.5,47121.0,257623116.01,-0.35105086724990886
38499.5,41411.0,250614756.41,-0.13078517205185486
26555.0,38962.0,235770364.25,0.18709301225813546
18831.0,38962.0,229982926.24,0.6012527770128966
16215.5,38962.0,183923101.8,1.1112432966384989
16215.5,31568.0,94731661.8,1.5024335660342676
16215.5,19223.0,45275955.36,0.9745021237207971
16215.5,34589.0,106624710.36,1.7017044324907526
16215.5,49286.0,262154588.85,1.3464302433264739
18599.0,49286.0,342101574.85,0.7699324071751332
26180.0,49286.0,378131943.84000003,0.3267598419998175
39203.5,49286.0,367127900.21,-0.06508372269976087
50519.5,48498.0,318460835.09000003,-0.4472746619892453
51267.5,46838.0,237219495.04000002,-0.819226651841136
51267.5,40744.0,186885414.81,-0.6862004693787231
53746.0,36637.0,130615610.83999999,-1.0916333753566472
53746.0,36637.0,91592345.44,-1.8123859416777606
53746.0,36637.0,95761355.36,-1.6250267889494976
53245.0,32620.0,83366087.2,-1.6692194301752705
51651.5,32620.0,77736072.2,-1.6745278975399642
49674.0,32620.0,73462764.48999998,-1.4676053915526701
47955.5,32620.0,89798084.41,-0.8704463489706941
45379.5,37604.0,135333889.24,-0.618419087100781
44018.5,42414.0,189712125.84,-0.3555257667271854
44018.5,43977.0,231624566.48999995,-0.39928879140706947
38015.0,40108.0,231511677.35999998,-0.16021433461195392
26399.5,37123.0,216578359.29000002,0.16205183044009236
18364.0,37123.0,211377302.65,0.5745058765914429
15748.5,37123.0,172230780.09,1.0798663277856966
15748.5,30964.0,92053888.41,1.5160353385166048
15748.5,19133.0,48689132.55999999,1.046843862469274
15748.5,33024.0,102500636.35999998,1.593619451015677
15748.5,41902.0,208942880.09,1.1693626597915894
18124.5,41902.0,283059143.68999994,0.6672670812329932
26440.0,41902.0,315378430.03999996,0.24077980973623075
39114.5,41427.0,301505478.36,-0.1483633535369302
48344.0,41395.0,264053807.64000002,-0.5510961591732015
51097.5,39400.0,202827834.08999997,-0.9893566023666177
52554.0,34227.0,121233204.44000001,-1.5172156427014438
53692.0,23367.0,45494749.69,-2.00577584696781
53692.0,9476.0,7785695.640000001,-1.0651848993427304
53692.0,13057.0,13582654.25,-1.6616644320280742
52554.0,13057.0,20582289.689999998,-1.0327266154683772
51097.5,13057.0,21736172.089999996,-0.5805501833791245
50417.0,13057.0,23560396.84,-0.1586940499214909
47507.5,23908.0,49595716.839999996,-0.707127225690357
44156.5,35165.0,108871860.35999998,-0.9697183114143559
43024.0,38914.0,158686138.76,-0.700812637140975
42511.5,40898.0,189685140.21,-0.3932973565313974
37053.5,36330.0,185058380.60999998,-0.19029525264391578
25999.5,30933.0,171731599.56,0.109580951010725
18496.5,31003.0,165249494.45,0.5185400095190403
15909.5,31003.0,139765645.56,1.0097294814663038
15909.5,29698.0,86159858.69,1.5613878337254026
15909.5,17822.0,42638075.839999996,1.0773326202811795
15909.5,28042.0,77495225.44,1.5154664459836797
15909.5,38137.0,168313977.76000002,1.1943341358217168
17874.5,40843.0,247268297.05,0.7273083249224205
25805.5,41351.0,293590023.03999996,0.3149417905490652
36453.5,54383.0,370817134.61,0.13449488783828736
46895.5,67505.0,473743412.2900001,0.11289263103424826
53296.0,125128.0,1166269197.4,1.2200645950850417
54903.0,119773.0,1477861022.56,0.8734554383253955
61673.0,109266.0,1229776388.49,0.9844668050859896
61673.0,98477.0,1096481698.4900002,1.1572221015333806
61673.0,98673.0,1097778634.41,1.1551760086823213
61673.0,98673.0,1141018550.8899999,1.116075225071175
61673.0,98673.0,1190813284.04,1.0906763891915872
59874.0,101630.0,1273865720.24,1.0480825663988382
47922.5,111522.0,1438208531.56,1.045418155603799
44042.5,120783.0,1609615653.4900002,1.1746803392910752
42725.5,119927.0,1040728337.5600001,1.714162145405493
40173.5,55874.0,278001570.84000003,0.19574989682690833
33749.0,38820.0,199322042.01,-0.08020377575170522
24172.5,31547.0,174333254.36,0.16655852556029357
17235.0,31547.0,164550931.29,0.5834357364653867
14622.0,31547.0,126796475.64000002,1.0667645548695082
14622.0,25956.0,67531652.4,1.4578515529932077
14622.0,18506.0,42719427.4,1.0824698651000113
14622.0,32799.0,104266573.65,1.640809176963631
14622.0,44290.0,230167787.76,1.2433005020406505
16848.0,46649.0,333028665.36,0.7479281805225374
25312.5,46614.0,373404761.03999996,0.3134388912481182
38391.5,46614.0,361567620.44000006,-0.07856322320349782
48934.0,46505.0,317404137.56,-0.4716513674394847
52426.0,45072.0,244709511.89000002,-0.90318048640166
52426.0,40008.0,147547912.64000002,-1.3790466808688937
52426.0,28143.0,56859264.96,-1.6729288710559607
52426.0,13850.0,18200781.009999998,-0.3136803107083112
52426.0,22950.0,38523447.010000005,-1.2796611221365588
52209.5,24587.0,59297291.25,-0.8699776866679468
51846.5,22124.0,66042702.64,-0.6114319550471956
48597.0,22655.0,76392173.8,-0.3425478252754253
41014.0,29187.0,102207373.21,-0.19882002980240762
35619.5,35379.0,134010241.24000001,-0.13237143208854507
34584.0,37677.0,151641213.24,-0.03700491671788135
32612.0,38017.0,147779462.64000002,0.13616610762995576
27591.0,33221.0,120025800.69000001,0.1358477173175133
21229.0,24069.0,92376526.45,0.1782454850009524
16272.5,22848.0,81352155.2,0.5393893193062318
13999.5,22414.0,63541523.00999999,0.9816595598638713
13999.5,18904.0,35916761.410000004,1.4468935596432746
13999.5,12372.0,17947976.2,1.0634717886261025
13999.5,18113.0,30900188.889999997,1.5290446888795777
13999.5,23317.0,63949064.75999999,1.2151208318520375
14025.0,25330.0,94999420.49000001,0.7434189583666732
18398.5,25330.0,113963162.09,0.3192130713298873
26200.0,25330.0,115294357.03999999,-0.08021245180176555
32668.0,25330.0,106242269.21,-0.4866406516227331
32784.0,24975.0,80429203.16,-0.861452315152875
35466.0,22820.0,51352247.76,-1.3435468324208042
35758.0,14949.0,20725896.839999996,-1.4797951390714246
35871.5,8120.0,7279596.359999999,-1.12457958351118
35871.5,7888.0,5310857.16,-1.138046693696067
35871.5,7888.0,6213514.089999999,-0.7517147086173426
35758.0,7888.0,6693417.05,-0.31344933673922754
34046.0,8847.0,8303619.05,-0.09441229215747356
32404.5,14287.0,16619707.160000002,-0.6296454118779503
32078.0,19001.0,31168891.160000004,-0.7661461814665119
32078.0,21981.0,51182783.25,-0.6600059031389237
30558.0,24093.0,66789554.839999996,-0.35832385724405325
26619.0,25480.0,73075936.28999999,-0.09284930073121764
21542.0,19724.0,64138617.6,0.07246646459236462
17695.0,19739.0,60028234.6,0.4463292507283329
15149.0,19137.0,47771649.489999995,0.8571180624677798
14494.5,16699.0,28839101.560000002,1.2828954752321402
14494.5,11259.0,13026320.440000001,0.9944998663631425
14494.5,14732.0,19669092.810000002,1.4450161910202513
14494.5,21357.0,48122056.09,1.3953094992538058
14494.5,24309.0,80536215.61,0.9218362627256458
17185.5,24309.0,98976877.36,0.460372283324074
23423.5,24309.0,106439477.28999999,0.06782426703823721
30684.5,24309.0,98603602.49,-0.32566563543525234
34263.0,23911.0,82486424.03999999,-0.7411445890217346
35227.0,22808.0,58955553.35999999,-1.190192018161335
36008.5,21914.0,34813277.25,-1.3932232760143233
36447.5,17280.0,18605079.96,-0.18277447053905196
36876.0,10655.0,10797876.690000001,0.7539211147951675
37326.5,10563.0,13054266.84,0.5151898592160311
39546.5,14057.0,20276770.889999997,0.4243030528056597
41539.0,14057.0,18465587.61,0.182837864752921
41539.0,18996.0,28937637.4,-0.3695035961999946
41539.0,28526.0,63886204.69,-1.1047870080062896
41539.0,33049.0,112400266.21,-0.9235724561857678
41539.0,35009.0,159507992.44,-0.5728214914300278
35639.5,35547.0,191062109.44,-0.18573214936198904
24825.0,35910.0,198089155.2,0.1991569359033094
17798.5,35910.0,195103536.95999998,0.6091289786392419
15003.5,35910.0,158118897.8,1.1249719977142023
15003.5,29118.0,81004311.24,1.5105279823757716
15003.5,22255.0,54534749.69,1.1599057314220969
15003.5,40493.0,155761518.8,1.7012107871532527
15003.5,54229.0,343584204.05,1.2546707678371194
17580.0,55689.0,486558959.80999994,0.7419903680843368
27810.5,60734.0,599542212.04,0.34858982139018757
44050.0,60734.0,623325196.01,-0.04019070314216612
60037.0,60629.0,569809942.0400001,-0.43329051789455825
67635.0,58940.0,458015307.61,-0.8568252990045787
68767.0,52720.0,296953827.61,-1.3384372244390426
69913.5,39610.0,134757308.16,-1.7945423226459964
69913.5,21372.0,44038434.81,-1.1904141443346143
69913.5,29607.0,73884462.96000001,-1.6176351966653735
69913.5,29607.0,105355013.36,-0.9988477462796218
69913.5,29607.0,117479778.21,-0.5603326943593241
63134.5,30084.0,134171472.23999998,-0.1888216076532372
54675.0,42184.0,186555653.85,-0.15404699589272042
50147.5,55526.0,285958875.69,-0.2973274288911542
46489.5,58730.0,346479797.84,-0.12699610376843
44695.5,60019.0,347658698.76,0.08077572156648563
38407.0,43737.0,265585964.64000002,-0.07894857706353622
25686.0,38887.0,234471389.4,0.21041448231067814
17413.0,38887.0,227257314.20999998,0.6283918732822368
15956.5,38887.0,183486779.6,1.1524477123550838
15956.5,31094.0,92546717.64,1.5727674264753229
15956.5,21314.0,54396111.239999995,1.187730372467531
15956.5,31604.0,100946935.04000002,1.4997954888569318
15956.5,42027.0,206792001.29,1.124240558267372
18809.0,42027.0,278754171.23999995,0.6391841770385903
28096.5,42156.0,316055291.68999994,0.2272633051598446
39822.0,41392.0,301354978.48999995,-0.16001482896541838
48320.0,41392.0,262950218.35999998,-0.5644107797279846
51885.0,39417.0,200055608.89,-1.0036567115582722
53401.5,34003.0,117947699.75999999,-1.5087976240402268
54949.5,22770.0,43072885.410000004,-1.705878753367984
54949.5,12480.0,11266757.65,-1.3462972180968809
54949.5,12528.0,11347753.809999999,-1.3544648889457742
53401.5,12528.0,14320819.24,-0.7749359646752251
51885.0,12528.0,14925526.09,-0.3485385899627214
51601.0,12531.0,17216304.240000002,-0.03068923671321858
49869.0,26284.0,51361762.44000001,-1.1711480553208125
47598.0,37604.0,123184324.55999999,-1.1824091350359747
45953.0,41921.0,189133667.76,-0.808216170288354
44917.5,44390.0,234146713.84,-0.45748942247554936
38039.5,38781.0,234389429.41,-0.1973171595250753
25503.0,35461.0,225039771.76,0.14983313411611449
17684.5,35461.0,215205824.89000002,0.5657440484537406
15672.0,35461.0,170716129.35999998,1.0601309108654406
15672.0,32168.0,98688156.60999998,1.5467848429696227
15672.0,21241.0,55057629.04000001,1.05146752189618
15672.0,34688.0,118666345.09,1.529331710454685
15672.0,43040.0,229731722.24000007,1.097565314793024
18649.0,43942.0,311124476.15999997,0.6223842165118441
27734.5,43942.0,341773890.65,0.20609258367095498
40712.5,43900.0,320038459.4,-0.17835317451196295
48601.5,43688.0,269880268.21,-0.5709894679449241
49945.0,40872.0,195731548.4,-1.000502593521708
50645.5,35210.0,110817313.4,-1.4933605368616014
51216.5,22701.0,38632610.81,-1.6969154628529923
51216.5,9254.0,8358730.81,0.1007743024610576
51216.5,13802.0,14587944.489999998,-0.8655819008982311
50895.5,13802.0,16247273.85,-0.4694941772188429
50373.0,12116.0,13149241.85,-0.3783354583521263
49945.0,11625.0,13419569.6,-0.2562581593657536
48363.5,22040.0,35914494.6,-1.0829934990957564
46057.0,33706.0,94141470.6,-1.2560433956860562
44111.5,37656.0,149955375.56,-0.8575446744694362
42978.5,37962.0,183608984.45,-0.4480544463020797
37680.5,36667.0,189507188.95999998,-0.19257799146764218
26640.0,33944.0,183745420.48999998,0.112473964559565
18832.0,33944.0,180425720.04,0.5182729278067527
16704.0,33944.0,148061611.65,1.0012399485894075
16704.0,30053.0,85591342.4,1.47145918602117
16704.0,19704.0,48740726.69,1.064259907276623
16704.0,31505.0,92888213.08999999,1.5222140268909654
16704.0,39561.0,183913075.49,1.1199418864384163
18553.0,39561.0,247000143.48999995,0.6303226460825221
26637.5,39561.0,284011350.85,0.21270534316019982
38620.5,39561.0,272512371.15999997,-0.18170064603029132
46415.0,38904.0,234220076.01000005,-0.5841575553667563
48645.0,37454.0,175887504.09,-1.0434598241211381
49645.0,32022.0,100523255.29,-1.5771149610834883
50696.0,20106.0,34025955.4,-1.9213582913107454
50696.0,8305.0,6881838.4,-0.7531947823835413
50696.0,12379.0,12885529.24,-1.503571621370181
49645.0,12379.0,17631257.65,-0.9208021597753219
48645.0,12379.0,18249384.159999996,-0.4913971557067188
47759.5,13012.0,20453211.61,-0.18744657262490833
45151.0,23953.0,46811926.09,-0.8462963738983151
42229.0,32990.0,96558652.24,-0.9420437376286322
40906.5,37903.0,146808895.4,-0.6936716001363633
40130.5,41503.0,184628607.4,-0.43156973956704914
34343.5,35887.0,178377598.08999997,-0.21282410703149165
24354.5,31769.0,166171736.24,0.10768812277447583
17379.5,31769.0,157904059.44,0.5206695298787285
14494.5,31769.0,128793523.44000001,1.0062431723802374
14494.5,28491.0,74671962.8,1.4721105555775886
14494.5,19000.0,42516359.89,1.0045831518554271
14494.5,32138.0,94402083.01000002,1.5697557195653127
14494.5,37418.0,173778392.55999997,1.0954871978179672
16497.0,37418.0,215084865.88999996,0.5870694480811224
24625.5,36086.0,230536505.24,0.18118488097336918
36892.0,35936.0,221342556.56,-0.21302637339804187
43359.5,35934.0,188859255.05,-0.6228043542963436
43858.0,34675.0,138989645.60999998,-1.0985530127369103
44409.5,29813.0,76516322.49,-1.6794556778141834
44758.5,18418.0,22201926.96,-2.127217269391204
44758.5,9333.0,5324631.61,-0.5159548266514615
44758.5,16237.0,18643851.24,-1.5022562089640712
44409.5,14921.0,26748743.4,-1.1199540391541933
43756.5,15541.0,34536870.81,-0.631451275549071
41333.0,16691.0,41461370.489999995,-0.3409662172130386
35956.0,20975.0,53798789.760000005,-0.18189044772892976
32154.5,27630.0,78587339.45,-0.23357548888090793
31495.0,31071.0,98103759.04,-0.14347364743794203
29799.5,33373.0,105148192.96000001,-0.023834388315699097
26272.0,27676.0,87953781.55999999,-0.04369298800667177
20802.5,20772.0,72962336.56,0.07652483454056565
15754.5,20073.0,65031876.760000005,0.45675204545040776
13422.5,19453.0,50718378.239999995,0.8826748001340068
13422.5,16682.0,30445489.01,1.3247515059732689
13422.5,12398.0,16475467.89,1.1445812688962613
13422.5,16237.0,24708318.56,1.5196716241174653
13422.5,18543.0,44461790.56000001,1.1278543752504948
13592.5,19009.0,60344634.25,0.640800705241355
17522.0,18967.0,65070659.0,0.21904518693546426
24319.5,18967.0,62274422.160000004,-0.17349921505001809
27670.0,18307.0,52493387.489999995,-0.5623002338880361
27670.0,17930.0,39479314.69,-1.0155461381017243
28283.0,16367.0,23583748.36,-1.6033327455906494
28659.5,10071.0,7812343.49,-1.7500673023336637
29179.5,3525.0,1635768.6900000002,-0.18026219469554675
29179.5,3525.0,1702572.56,-0.16974216421740154
28659.5,5900.0,3100740.76,-0.5734981790884546
28153.5,6327.0,3959884.09,-0.45355596048433566
27540.5,7600.0,5553093.05,-0.30717204739366033
27293.5,9199.0,8189193.8,-0.23704506593386826
26028.5,15318.0,19158891.560000002,-0.8859100065136521
24627.5,17148.0,30887068.49,-0.6427116040132327
23777.5,18795.0,40466500.010000005,-0.34438268210633216
22341.5,18588.0,41382968.839999996,-0.1054958096757103
18482.5,16956.0,37541000.96,0.06608264086277876
14508.0,14087.0,31602000.2,0.33385850016069607
12769.5,13660.0,26345332.45,0.7448013139707522
12039.0,12387.0,18033857.41,1.233125623373657
12039.0,10788.0,10306128.05,1.4042081806236808
12039.0,12019.0,12391799.04,1.5776019056592216
12039.0,15799.0,27270160.439999998,1.3053716697247442
12039.0,17202.0,42195471.88999999,0.8241387589054716
14382.5,17542.0,52027053.89,0.3925845191933965
19703.0,17542.0,54996602.160000004,-0.008506258190169754
24663.0,17064.0,50794285.690000005,-0.40051883424738
27035.0,16870.0,42262708.089999996,-0.8417154185243625
27598.5,16945.0,29896594.0,-1.3533437898271974
27716.5,15045.0,15396198.439999998,-1.4653282757010735
27854.5,11815.0,8649248.09,0.3535660688486282
28126.0,8035.0,6157930.0,0.9405358756769703
28686.5,8764.0,9240927.760000002,0.78369680476007
30377.5,9276.0,12093246.25,0.42136857557334306
31642.0,9276.0,11155192.25,0.24341453441930141
31642.0,12930.0,15458310.25,-0.20664980599688598
31642.0,20400.0,34665676.089999996,-1.0373490349693144
31642.0,23459.0,59937015.85,-0.8945671184510389
31642.0,24839.0,84682661.76000002,-0.5596497627321538
27734.5,25231.0,101819079.83999999,-0.1794057385361658
20128.0,25606.0,105638357.05,0.20451027844365285
14863.5,25606.0,103470271.69000001,0.6176792530562828
13040.5,25606.0,78878183.05,1.111259306393067
13040.5,20419.0,40378188.96,1.417857451505481
13040.5,17651.0,32545191.840000004,1.2242401527980171
13040.5,30131.0,87644866.69,1.6437373786370177
13040.5,39523.0,184801441.23999998,1.1979489943702257
15263.5,40351.0,256733460.6,0.6989227448139396
23309.0,40455.0,295481648.76000005,0.27929665281963306
35078.0,40455.0,292826006.61,-0.115718017509262
44762.0,39956.0,257064542.03999996,-0.5140304990769613
48508.0,38895.0,197771574.2,-0.961732766269711
49060.5,33862.0,118374113.2,-1.4770507645780506
49414.0,22804.0,45252904.61,-1.9621768556795929
49414.0,10324.0,8254965.040000001,-1.732087152733538
49414.0,10484.0,8504065.84,-1.7576155586528626
49414.0,10484.0,8724839.8,-1.7228499335459588
49060.5,32902.0,89356098.96,-2.2751762084858655
48508.0,32536.0,95914734.48999998,-1.6907987086370866
48095.5,32536.0,101176622.41000001,-1.214860209788556
44571.5,32536.0,144642505.45,-0.7248460142580772
37784.5,37638.0,191237667.61,-0.3889924529308423
34142.0,39860.0,219567666.16,-0.06388209088361393
26450.5,40088.0,211934620.61,0.25345002495505303
18884.0,40088.0,187576673.81,0.6417208104361777
16189.0,40088.0,166312922.56,1.1515387085397697
13915.0,23223.0,71426833.44000001,1.1748189542577032
13915.0,23223.0,72390733.0,1.0644929460242194
13915.0,24512.0,76681053.49000001,1.0930689620824325
13915.0,37327.0,141058999.09,1.4661972696421786
13915.0,44485.0,255216602.44,1.021106054843564
17779.0,44485.0,320622786.01000005,0.5394921648354272
28533.0,44485.0,341657737.15999997,0.13100166959664838
42107.5,44054.0,313383087.81,-0.2509895520953965
48544.0,42914.0,259967667.25,-0.6542625565770012
48682.0,41481.0,189515705.25,-1.1336361966287987
49621.0,34307.0,98165143.24,-1.6618490027472488
50890.0,19973.0,27890194.089999996,-1.7368685446420862
50890.0,7158.0,5633927.29,0.33274043811948484
50890.0,13577.0,12977841.0,-1.0093990115852074
50224.5,11763.0,13481988.239999998,-0.7981008176721135
49394.5,11127.0,11478816.290000001,-0.727620420062582
48682.0,11127.0,13359121.0,-0.4580102848262793
48532.5,22569.0,39845374.089999996,-1.2539206903262545
46210.5,33440.0,100012027.21000001,-1.2466924819615586
43132.5,38434.0,160824087.61,-0.8746252338171444
42107.0,40000.0,204417331.05,-0.4804070418103735
36375.0,37444.0,211807295.04000002,-0.17512401126850952
25218.5,35720.0,200899776.81,0.16231586889831104
17286.0,35720.0,194829833.20999998,0.5775765422022302
14558.0,35720.0,161536996.01,1.0860008424951348
14558.0,29564.0,85843476.44,1.5061275479905778
14558.0,19688.0,49633715.0,1.0840172350628723
14558.0,32319.0,102808651.49,1.5507219062839308
14558.0,40008.0,199556853.35999998,1.1149852607720712
17190.0,40008.0,263467185.60999998,0.6217874653170266
26147.5,40008.0,289966678.00999993,0.20241969063010798
38557.5,39833.0,268966563.61,-0.17626152431101347
45208.5,39376.0,231088458.41,-0.5791223920688691
46621.5,38235.0,175213610.09,-1.0363950213593134
48383.0,32509.0,97987284.89,-1.5486230303871291
49609.5,20320.0,32782166.24,-1.8075214419374344
49609.5,12669.0,14435909.85,-0.9558728402436829
49609.5,12669.0,18373633.61,-0.8419987829269282
48383.0,12265.0,19823108.089999996,-0.44268316829036136
46621.5,11415.0,17624046.16,-0.1433516964104745
44411.5,12663.0,18922172.759999998,0.10452099432332276
42217.5,21934.0,40005588.96,-0.6294894087663849
41140.5,32556.0,89197831.28999999,-0.9799984590085095
40509.0,36900.0,133576866.80999999,-0.7608875948068253
39269.0,38225.0,161115422.01,-0.4377892204014464
34009.5,30425.0,154182934.89,-0.25769068473293577
24063.0,30425.0,162197074.16,0.13716690036324738
16580.0,30425.0,149576210.76000002,0.553948353817652
14735.0,30425.0,120499666.55999999,1.0491158738946937
14735.0,25791.0,66584132.60999999,1.4694688410409227
14735.0,19340.0,44831683.160000004,1.1641407896739424
14735.0,31160.0,96729897.55999999,1.5725704791801653
14735.0,39117.0,189738779.09,1.1206890699956473
17418.0,39117.0,240680521.75999993,0.613023667037825
25984.0,39117.0,258369099.64000002,0.1936459926424259
38104.0,39019.0,241816924.89000002,-0.1917422450211457
44596.0,38052.0,203761886.01,-0.5877575089577419
45069.0,36909.0,149792451.35999998,-1.04278509635777
45069.0,32197.0,82998080.64,-1.5539086817516254
45353.5,19777.0,25466565.69,-1.5361867772668543
45353.5,7957.0,6532796.640000001,0.772817256155232
45353.5,14849.0,14499948.64,-0.7702724642124051
45069.0,13174.0,17654854.24,-0.876316985858405
44949.0,12090.0,16205981.690000001,-0.6170781377128934
44523.5,11907.0,17439850.76,-0.35294109960536807
41934.5,21884.0,38361685.0,-0.8953620196826066
38441.0,31164.0,82703182.09,-1.037631328280583
36786.5,34653.0,124991065.60999998,-0.7155734615683326
36302.5,35986.0,152320265.04000002,-0.36268169766309644
31165.5,32731.0,148415359.69,-0.1392953467755774
21537.0,28549.0,135573296.41,0.14616160738706893
15152.5,28549.0,127405616.89000002,0.5611486342884477
13255.5,28549.0,106735632.49000001,1.0653069706526437
13255.5,24943.0,59869956.49000001,1.507948778453034
13255.5,18527.0,39045288.65,1.148774927600325
13255.5,28362.0,81399957.69,1.500683030041163
13255.5,36318.0,160708043.61,1.1000075153128803
15706.5,36563.0,216198136.49,0.6211749671551632
24024.0,36563.0,238624793.4,0.2016134891390778
34655.5,36563.0,223864881.20999998,-0.18431610551956681
40880.0,36106.0,189152556.08999997,-0.5800759861029855
42224.0,34671.0,138712659.20999998,-1.027619185445549
42718.5,29464.0,77442679.05,-1.515642705668091
43883.5,18036.0,25238289.610000003,-1.591854483658104
43883.5,9444.0,9308206.09,-0.3219701904210474
43883.5,21203.0,35342890.81,-1.7487841998666587
42718.5,21203.0,43754984.160000004,-1.0971153005859484
42224.0,19795.0,48439342.440000005,-0.6721972717528598
40258.5,18986.0,54171046.44,-0.31709795380392686
34497.0,24204.0,71207821.89,-0.10582121266810814
30000.0,30034.0,95989456.76,-0.039240939712016566
27953.5,33065.0,113170693.41,0.11498470048670964
26568.5,33936.0,108844703.16,0.303726037688059
23957.0,34405.0,100344053.49,-0.14643430223554438
18433.0,30077.0,102536544.35999998,-0.31808183646580906
14002.5,30077.0,97065887.09,0.027157877194812306
12258.5,28749.0,74862358.05,0.22843422635200228
12258.5,25979.0,50438274.95999999,0.14312454492730545
12258.5,20761.0,36686978.96,-0.41932101547769013
12258.5,25549.0,47411907.44,0.0897938663845522
12258.5,29809.0,75476278.84,0.35626391521445905
13109.5,30549.0,100128951.41,0.1470371243573076
17177.5,30549.0,114650939.96,-0.16982591763092467
23151.0,30549.0,99331619.09,-0.5668244701810232
26560.0,19974.0,57289381.160000004,-0.5162551081650432
27088.0,19106.0,42242661.36,-0.9299057979255367
27693.0,16947.0,24911401.0,-1.400940235678403
28223.0,10970.0,8845843.36,-1.4278231552502023
28719.5,5000.0,2424960.76,-0.068940568703418
28719.5,5669.0,2809803.0100000002,-0.29783723790316213
28223.0,5873.0,3382799.8,-0.07421990311859382
27693.0,6016.0,3493403.21,-0.21168533388659094
27088.0,6861.0,4536839.209999999,-0.49980840621475786
26225.5,9642.0,8432934.89,-0.6892672626872914
25365.0,13898.0,17721936.490000002,-0.8809275528421824
24771.0,17059.0,30181120.76,-0.7159595353546323
23379.0,17816.0,38359105.4,-0.38963691733279116
21088.5,18263.0,40019792.4,-0.10980268513460377
17570.0,14675.0,35166151.760000005,0.0667844759000363
13861.5,14471.0,31840958.839999996,0.4395293698778391
11902.5,13487.0,24558172.49,0.8339700856961481
11902.5,11687.0,15106266.809999999,1.2591897918400947
11902.5,8906.0,9857819.760000002,1.0452090087516261
11902.5,13915.0,18348325.210000005,1.5548905615662645
11902.5,17184.0,36158136.49,1.1878208371952526
12182.5,17184.0,43312106.56,0.6582112783617967
15762.5,19678.0,56729284.84000001,0.3344252508090096
21695.5,19678.0,58919530.61,-0.05552827012630038
24882.5,19409.0,55212198.8,-0.4351251662889626
26517.0,19102.0,45068837.089999996,-0.8620041573928265
28356.0,18006.0,30589901.6,-1.2898732667516586
28989.0,14596.0,15222021.89,-1.0219610083441315
29330.5,10277.0,9279367.89,0.1003222245193541
29944.5,9926.0,7217847.81,-0.04972910662110187
30658.5,10639.0,9106018.36,-0.182498239640007
31556.0,9001.0,8506935.61,0.4895530073419962
32640.5,9001.0,8174937.210000001,0.27847932446093715
32640.5,13692.0,13707737.16,-0.5830474898081967
32640.5,20962.0,34757468.36,-1.2225997814122045
32640.5,24054.0,61358223.889999986,-0.9581623865349024
32640.5,24980.0,84970739.09,-0.5632013310744932
28155.0,26540.0,102995987.84,-0.18691847633717115
20410.0,26540.0,107141999.69,0.19584017046262597
15229.0,26540.0,106230183.05,0.6025361467786249
13582.5,26540.0,84491694.8,1.1129502460037053
13582.5,21819.0,44012005.160000004,1.4640000488546416
13582.5,18021.0,32864799.2,1.1916957886666997
13582.5,30208.0,87045359.2,1.6130630400520576
13582.5,42427.0,200312183.89,1.2596771369062356
15838.5,43360.0,285357898.2099999,0.7490679437145232
23706.5,44022.0,337200603.25,0.3254406642276167
35311.5,43890.0,331065857.24000007,-0.06666160815520786
46350.5,43380.0,293748124.76,-0.45764558969667035
51346.5,41737.0,231279211.16000003,-0.8814166584572918
52336.0,37024.0,146155618.60999998,-1.3668732088988753
53449.5,26675.0,62981767.25,-1.7916697917143152
53449.5,14488.0,16623435.960000003,-1.5553217691978651
53449.5,15619.0,19104431.489999995,-1.6790717203490866
52336.0,15619.0,25581701.25,-0.9901798667333674
51346.5,15619.0,25300744.64,-0.6214822164460274
49775.5,15619.0,26911203.359999996,-0.24768018125568217
47275.5,27004.0,59631473.25,-0.8262913312690092
44552.0,37553.0,124106837.75999999,-0.9450629363611016
42367.5,41663.0,180823995.21,-0.6628983834696528
41100.5,44120.0,216218878.65,-0.36625786792936965
34581.5,37010.0,207888454.81,-0.1796968270779903
23614.5,35051.0,198195500.89,0.16227456183891267
16285.0,35051.0,193788194.40999997,0.5747886209745701
14299.0,35051.0,158992992.01,1.0808926992785106
14299.0,30682.0,89115306.09,1.469388122785262
14299.0,21682.0,54358926.089999996,1.0107988560165069
14299.0,32694.0,108519662.09,1.4008208279004997
14299.0,41545.0,209593206.09,1.0465914944112786
17928.0,41545.0,268808203.6,0.5630227186472783
27207.5,41545.0,294112796.24,0.15652515682508797
38433.0,41273.0,274998486.0400001,-0.23021817630572147
45747.0,40888.0,231223580.44,-0.6336077221432348
47626.0,38422.0,166192290.60999998,-1.0783831295028221
48590.0,31302.0,88818353.41,-1.551350417310281
49615.5,19863.0,29816214.76,-1.8630401369303309
49615.5,8851.0,6090224.69,-0.5641768172291318
49615.5,12976.0,11882838.440000001,-1.4673070243308033
48590.0,11335.0,14548591.440000001,-1.0384085408590038
47626.0,11335.0,14750303.16,-0.619998130207642
47210.5,13096.0,18955403.64,-0.4347034452344248
45024.5,23789.0,47660383.45,-1.048256422996069
42161.5,33513.0,103938394.96000001,-1.0636822890418127
40477.0,37980.0,157288964.35999998,-0.7527242838151829
38845.5,38369.0,184705693.64000002,-0.39817528509418737
32530.5,35061.0,182057936.84,-0.13566538840767517
22322.0,31378.0,167335128.49,0.18523748023381312
15226.5,31378.0,157158018.65,0.6075279427686392
13419.5,31378.0,124469632.49000001,1.1184107879641239
13419.5,26072.0,65844077.0,1.5127674143036733
13419.5,19086.0,42161117.839999996,1.135463400379064
13419.5,30140.0,91586997.85,1.5237261647868923
13419.5,38680.0,182476751.6,1.1137789136878793
16729.0,38680.0,227411499.20999998,0.6055017085382502
25251.5,38680.0,250270593.0,0.188971901272729
36418.0,38414.0,236060877.16,-0.19947434244781173
42567.0,38107.0,198351462.4,-0.5951877276903065
44023.0,36639.0,145028198.60999998,-1.0474731045042838
44959.0,30873.0,78717861.96000001,-1.5289552562722644
45066.0,19594.0,25876410.089999996,-1.6530528073279283
45066.0,8540.0,5986982.4,0.35759534107589935
45066.0,14116.0,12975048.64,-1.0457491544848143
44959.0,11608.0,15442762.239999998,-0.9700773499222765
44259.5,11608.0,15290747.559999999,-0.5808242217858028
43425.5,11134.0,14786858.440000001,-0.2862636306656105
41440.5,22779.0,39559508.29,-1.1363534449061417
38572.5,31827.0,89786965.96,-1.1190823669394563
37045.0,36123.0,138805686.41,-0.7816438749722863
36503.0,37264.0,169620370.65,-0.4150191269797371
30546.5,33423.0,166555518.65,-0.14843013805173952
20200.0,29836.0,154116262.89,0.16542354335106133
13528.0,29836.0,146664707.69,0.5846455215128863
11683.5,29836.0,122421925.69000001,1.095484258961927
11683.5,27597.0,71199856.08999999,1.6143713515499918
11683.5,19812.0,43169418.64,1.1804653071352682
11683.5,30113.0,93221345.28999999,1.492219540698384
11683.5,37957.0,179636131.44,1.0765653425191766
14763.5,37957.0,228358370.16,0.5836789395717413
23604.0,37957.0,251280388.76000005,0.1739350396043724
34818.5,37957.0,234307252.76,-0.2114778650157121
40666.0,37462.0,197003347.81,-0.6117517320923692
41632.0,35826.0,143827436.56,-1.0692209349909925
42730.5,30273.0,78037798.01,-1.577214856011362
43596.0,18145.0,24611002.64,-1.5920564847263987
43596.0,7844.0,6421021.25,0.06436635054118173
43596.0,12650.0,12240318.290000001,-0.9595972479193948
42730.5,11282.0,13686127.01,-0.6738290283265113
41710.0,11282.0,13290295.489999998,-0.29746331029323636
41441.0,12173.0,14565108.359999996,-0.16761642584364272
39895.5,22198.0,37216599.04000001,-0.9924220644571591
37404.5,30149.0,79129421.28999999,-1.006826677956404
35850.0,33855.0,118618669.21,-0.6992929177846431
34708.5,35122.0,143209494.83999997,-0.3560647781347213
29241.5,30268.0,136580929.4,-0.1381710820351124
20253.5,27631.0,127404605.35999998,0.1759627198012917
14425.0,27631.0,120884273.35999998,0.595901915034983
12605.0,27631.0,96408590.49000001,1.1040707759098598
12605.0,23613.0,52337267.04,1.5061358290722955
12605.0,18467.0,36194367.95999999,1.1730583249588347
12605.0,28377.0,80990988.41,1.499861927888418
12605.0,36088.0,158721733.56,1.0928306554999727
15362.5,36088.0,205165562.04000002,0.5994846377170501
23597.5,36088.0,229516641.84,0.19170336719938028
34063.0,36088.0,217923076.01,-0.20031510398314226
40500.5,35450.0,184165234.65,-0.6002004971371686
42075.5,34091.0,135880234.65,-1.058542039176851
42152.5,28642.0,73513743.84,-1.5531315047201901
42372.5,17621.0,22937485.64,-1.6964735001222606
42372.5,10949.0,9897728.84,-0.6660285217606366
42372.5,18180.0,27156189.410000004,-1.4438949290381407
42152.5,18455.0,39636998.0,-0.9792727423889315
42060.0,20689.0,52108085.0,-0.5936373243556083
38881.5,21215.0,62549118.81,-0.3771490438950698
32164.5,25088.0,80450501.4,-0.15312874797514106
28170.5,30036.0,101648876.4,-0.024068583207380517
26675.0,31995.0,110351763.21,0.10656709618212523
23906.0,33948.0,107978726.65,0.2571175968565935
20317.5,27561.0,82125018.80999999,0.1592205050030178
15907.0,20484.0,63331200.160000004,0.19985151846719784
12007.5,19727.0,53967176.81,0.5542826244571661
9902.5,17493.0,37967197.96,0.9145429987051908
9902.5,14189.0,21221464.45,1.239229918772686
9902.5,10316.0,12006991.809999999,0.9357070606593377
9902.5,12941.0,16370030.559999999,1.2470180788993712
9902.5,16577.0,31979347.68999999,1.1014200641329506
10279.0,17005.0,44921478.089999996,0.6444804731123487
13810.5,17005.0,51048761.160000004,0.22988984662552986
18646.0,17005.0,47318804.56,-0.14410681718337448
21417.5,16706.0,40656749.41,-0.5355956317357556
22511.5,15847.0,30209583.01,-0.9653513708526926
23259.0,13735.0,17480817.16,-1.4444295645864584
23331.0,9548.0,6938159.290000001,-1.4087397099916323
23990.0,4828.0,2354018.56,-0.4671311656811126
23990.0,4005.0,1612414.8399999999,-0.15257089884792116
23331.0,4224.0,2086619.6400000001,0.04108391659743145
23259.0,6448.0,3501026.2,-0.35062751970873646
22997.0,6570.0,4417234.84,-0.1269202339748142
22997.0,7016.0,5710489.45,-0.10594467209568029
22205.0,10486.0,9880167.690000001,-0.375797230649003
20498.0,11971.0,14552671.76,-0.27494589651351425
19325.0,13320.0,19147676.240000002,-0.0783430381884977
19041.0,13418.0,18603484.689999998,0.0985332910904435
17083.0,11140.0,15244951.36,0.0880115730232508
14605.5,9950.0,12450528.64,0.3339724137336537
13238.5,7726.0,9099698.559999999,0.5964467575229969
13238.5,7604.0,6882273.65,0.8283064897630197
13238.5,9307.0,8798097.559999999,1.0436669939939172
13238.5,14671.0,20252492.490000002,1.4918450810736903
13238.5,17420.0,37280996.410000004,1.0539988382889158
14028.5,18088.0,50976884.56,0.5972972602646004
18205.0,18355.0,58329579.69,0.19368773940015965
23649.0,18355.0,57424238.81,-0.2017016731130097
27075.0,17703.0,48423191.04,-0.6003574123871592
28408.0,17401.0,36844261.25,-1.0717350605737954
29038.5,14572.0,20647383.0,-1.5911390260694613
29125.5,12280.0,9045584.440000001,-1.183587783938783
29365.0,9493.0,6547379.890000001,1.0365600838474753
29653.5,8005.0,5933294.84,0.9291280580866921
29881.5,10010.0,9997467.81,0.7356947461126577
31631.0,12552.0,16284265.440000001,0.5927522469894809
33365.5,12552.0,16091747.040000003,0.2574992051731906
33365.5,14462.0,19529432.159999996,0.042762086768944635
33365.5,22056.0,37249830.24,-0.8111530700735136
33365.5,25580.0,63750444.64000001,-0.7984761182815598
33365.5,26756.0,89554852.0,-0.5349017002271034
29696.5,27645.0,109540048.69000001,-0.17474170168535091
22112.0,27645.0,114757708.35999998,0.21594505496202024
16553.0,27645.0,115169484.03999999,0.6127369766645758
14735.0,27645.0,92759821.03999999,1.1300750580849197
14735.0,22709.0,48284232.61,1.4727122622022772
14735.0,18777.0,36163213.489999995,1.205577926811131
14735.0,30558.0,91306772.24,1.5729476700665779
14735.0,40738.0,193488078.65,1.1791057026468061
17504.5,40962.0,264927475.76,0.6816654190564011
25916.5,41657.0,305364439.6,0.26794389414004066
37393.5,41116.0,298661609.24,-0.1220381471666579
47438.0,40927.0,265814873.6,-0.5216235543534138
51836.5,39704.0,205731680.81,-0.9633437979227771
52537.0,34053.0,123250947.44000001,-1.4554147757221905
53228.5,24680.0,49868819.69,-1.8610206369465077
53228.5,12899.0,10761424.440000001,-1.8449390793815474
53228.5,12579.0,10195190.84,-1.8007903957112392
52537.0,12579.0,10127248.76,-1.616845709842793
52537.0,14539.0,13342466.81,-0.9889928387733128
51836.5,14539.0,17692471.209999997,-0.5385141833309479
51754.5,27359.0,56687911.69,-1.3565677711835973
51330.0,37931.0,131758209.4,-1.1938046697955313
48152.5,42568.0,207912071.36,-0.7865791380069418
44338.5,43604.0,259038648.41,-0.38398210319936565
37194.0,43999.0,270909200.84000003,-0.0275925967827637
25498.0,44307.0,270621997.96,0.362930917627096
17893.5,44307.0,272166271.69,0.7520816693502397
15657.0,44307.0,219146473.35999998,1.3229842847347262
15657.0,31237.0,92080890.01,1.5909824933597174
15657.0,22472.0,56339937.160000004,1.1615480697616958
15657.0,34387.0,121798095.60999998,1.4873171527946545
15657.0,41169.0,221035734.0,1.0271165264264142
19433.5,41169.0,280623857.24,0.5489193495481614
29718.0,41169.0,303680132.56000006,0.13684158571819932
42265.5,41169.0,289619845.41,-0.2580916251863067
49799.0,40632.0,250065607.04000002,-0.6717043933266171
52187.0,39266.0,183601144.64000002,-1.1566657629807409
53072.0,31877.0,96091578.28999999,-1.7074478466841811
53219.0,20501.0,30019897.4,-1.9924856557712687
53219.0,8586.0,4573191.29,-0.5870568413223702
53219.0,11121.0,7603454.24,-1.3679954463042798
53072.0,11121.0,9336918.29,-0.8072049212911052
52644.0,11121.0,9407530.440000001,-0.44250785767559553
51832.0,11610.0,12663960.16,-0.1972100339959419
50922.5,25084.0,45248769.160000004,-1.416772498446259
48547.0,34570.0,104934242.76,-1.2347030848414908
46613.0,39988.0,169870450.44,-0.8544149724384116
45443.5,42412.0,218632471.09,-0.4789850427514215
38462.0,38525.0,225410767.24,-0.19601122472828467
26982.0,35792.0,217433155.29000002,0.14616317687688413
19530.0,35792.0,208544614.16,0.5605766838969282
16317.5,35792.0,168255134.16000003,1.0571936048381172
16317.5,31435.0,94495014.21000001,1.489340298488045
16317.5,21955.0,56800069.410000004,1.023142740642682
16317.5,34077.0,117633134.61000001,1.4438440166913382
16317.5,34077.0,177672394.64000005,0.9258525806815628
19244.5,34820.0,221338578.89000002,0.4661291196875708
29197.0,34820.0,231973328.09,0.056995995351859986
41339.0,36150.0,227365820.89000002,-0.3253668864579998
47225.5,35815.0,192816422.25,-0.7526263979005653
47666.5,34110.0,138475029.60999998,-1.2571483511483885
48029.5,27249.0,69101375.05,-1.8767372862867664
48401.0,16007.0,17329297.44,-2.1607762118250577
48401.0,4767.0,1833856.2899999998,0.7353725752735493
48401.0,9718.0,5989227.16,-1.2582551522649732
48401.0,9718.0,8074910.360000001,-0.8484163182036285
48041.0,9718.0,8314521.410000001,-0.5584260706500548
48041.0,9718.0,8295102.2,-0.582034896772898
47518.0,20377.0,30461578.45,-1.563930814268268
46505.5,26686.0,67020701.410000004,-1.211444693553054
44617.5,36659.0,131245698.61000001,-1.032516387539325
42702.0,36848.0,172467803.89000002,-0.6062590989333454
36678.5,47665.0,253829452.16,-0.6003337260048754
28194.5,46973.0,246963752.81,-0.22280421852527654
20053.5,46973.0,241498422.24,0.17414040490431965
14972.5,46973.0,215422424.16000003,0.59330010841829
14972.5,46973.0,150980189.76,0.9715802037693096
14972.5,31150.0,80524333.44000001,0.09093544173659975
14972.5,41185.0,118332500.48999998,0.6679027458381582
14972.5,45969.0,188128848.48999998,0.717424480278169
15676.5,45969.0,240455147.76,0.3399814435645693
23377.5,45969.0,266082855.20999998,-0.034824531602351196
35614.0,34936.0,205014366.35999998,-0.22810788860108897
41166.0,34936.0,183385648.21,-0.6580711984954153
41970.0,34936.0,144385415.65,-1.1753927630758663
42947.5,29693.0,76881651.65,-1.8047445391398482
43540.5,16781.0,20262071.889999997,-1.8422222082890647
43540.5,6113.0,3788926.6100000003,0.2155045118378195
43540.5,11977.0,10336768.61,-1.2725454213790948
42947.5,11977.0,13222658.05,-0.7887083846928892
42381.0,11977.0,13505173.01,-0.37275585377124015
41577.0,15035.0,20481108.2,-0.31205269240072375
39912.0,17811.0,31046975.76,-0.28730628018487986
36897.0,25095.0,54683060.36,-0.5056402169115546
35630.0,33625.0,94578318.25,-0.6938889264085831
33555.0,33625.0,94999941.03999999,-0.29981822450444223
30638.0,28770.0,74169126.03999999,-0.2512319046873675
25644.5,24182.0,67159036.8,-0.10905208902131
22002.5,26568.0,78033460.44,0.12028105962780075
21764.5,26568.0,72294870.84,0.4376389875614375
20398.5,20976.0,44237945.4,0.3923507199323921
20398.5,19941.0,41819305.65,0.3194309297855145
20398.5,31001.0,80831505.24000001,1.093249531834514
20398.5,38666.0,155206500.24,0.9494823574741025
21801.0,38666.0,187375228.65,0.49970550309621675
26515.0,38666.0,214127792.76,0.12342120193425277
36521.0,38666.0,220648306.56,-0.21979453009516264
42251.5,38666.0,201092678.56,-0.6399354311805814
42480.5,37672.0,148390210.81,-1.1079542342284188
43901.5,30482.0,76365390.81,-1.564119098045585
44517.5,18725.0,22939395.6,-1.556656239939146
44517.5,11498.0,9396214.41,-0.2219339698551162
44517.5,18199.0,24196484.41,-1.1611327346073388
43125.0,16776.0,33011468.639999997,-0.9580447248290254
42480.5,17150.0,41582299.21,-0.584050809232414
40335.0,17632.0,46346418.84,-0.22261401935253936
34867.5,20569.0,56224311.69,0.0632431237125749
30938.0,23004.0,65261865.8,0.3187585746412626
29687.5,29025.0,73975351.84,0.182468292784845
28729.5,30433.0,75530511.16,0.03488493216631482
26974.5,25712.0,64657920.010000005,-0.19789882310760007
24288.5,19011.0,53384555.440000005,-0.19758911398630882
19670.0,17853.0,48300502.96,0.1457112395216597
15728.5,16510.0,39543043.21,0.5005989401148114
15728.5,15937.0,28690759.690000005,0.7854380779868042
15728.5,13000.0,18640571.16,0.6464392518752797
15728.5,15072.0,22397770.2,0.8546060158262789
15728.5,20837.0,43176793.56,1.1688927774639017
16774.0,20837.0,59747005.239999995,0.6780427663194061
19945.0,21184.0,68847568.24,0.280120971637065
24554.0,20171.0,63156936.56,-0.07471224036883521
29043.5,19229.0,53138613.160000004,-0.434196826365531
30643.5,18502.0,40529926.45,-0.834867360707602
30971.0,15330.0,24134396.689999998,-1.2083138875945807
31296.0,12160.0,11423889.16,-1.6834577683987801
31442.5,6112.0,2707706.44,-0.9325939311057194
31442.5,5849.0,2508549.6900000004,-0.8128262905806011
31296.0,7755.0,4730208.889999999,-0.995814176016764
30971.0,8116.0,6557063.24,-0.6324024117265296
30643.5,7931.0,7702428.890000002,-0.5714457070254495
29175.0,9301.0,10671280.4,-0.3154929908013456
26888.0,14578.0,19997889.69,-0.618535506407571
25754.5,17650.0,30821683.290000003,-0.5711569563325011
24920.5,17650.0,34952704.6,-0.23103398076072632
23582.0,19227.0,37280831.44,-0.026343198961739332
20258.5,15097.0,31350085.0,-0.008587792600659921
16481.5,13912.0,28980864.96,0.26293968301904064
14945.5,13551.0,25057593.29,0.6441489062172153
14465.5,12244.0,17223557.56,1.062586053957845
14465.5,10874.0,10784192.89,1.0734848789479536
14465.5,12140.0,12833796.25,1.271720326056551
14465.5,17335.0,30214487.610000003,1.2988795112283245
14863.0,24036.0,62720405.04,1.0682231427471518
16590.5,24036.0,77961924.01,0.5720129849775253
21480.5,26381.0,97535923.8,0.25371041928616284
26760.5,26381.0,90490923.05,-0.11833302030064476
30338.5,26012.0,73918360.49,-0.4612901847147042
31479.0,24021.0,51822633.760000005,-0.7750740714611135
32056.0,19606.0,29353645.610000003,-0.9314299492627289
32629.5,14241.0,14649942.410000002,-0.6593015100845715
32629.5,9046.0,6839266.4,0.4320808495570336
33395.0,7085.0,5115583.4,0.5184045452222243
33395.0,7085.0,5015852.6899999995,0.5437696302923366
33238.5,7085.0,5119304.24,0.5576379025322121
32443.0,11947.0,10221914.809999999,-1.2971677389545468
32443.0,19198.0,31620838.159999996,-1.4864131930915727
32443.0,23121.0,60169638.43999998,-1.0718244552729634
32234.5,24117.0,84105020.84,-0.6221486926652929
28265.5,24607.0,98730456.41,-0.21816377913415821
20849.5,24461.0,98539559.55999999,0.140637292339185
15262.5,24461.0,95970138.75999999,0.5536591242695347
13301.5,24461.0,75485144.55999999,1.0372553545712109
13301.5,21076.0,42437639.65,1.377639105675271
13301.5,18934.0,36132191.410000004,1.2277107609378075
13301.5,30883.0,92717269.96000001,1.5852419468389836
13301.5,41164.0,197192574.85,1.187513165333572
15981.5,41446.0,270229537.01,0.6880997797065139
24466.0,41446.0,304671892.8,0.2638173009651049
36245.5,41446.0,288638176.8,-0.12143259284324859
44347.5,40311.0,250062265.69,-0.5134448979046469
47391.5,39481.0,192628697.29,-0.9592706239957193
48765.0,34122.0,112713162.89000002,-1.4451032525766634
49357.0,22512.0,42209411.69,-1.7468666552537673
49357.0,10563.0,9864098.49,-0.7752798243650562
49357.0,12796.0,13403738.440000001,-1.1937805344432442
48765.0,12796.0,16504236.960000003,-0.7311638771666975
47628.5,11901.0,14677431.36,-0.48944210463655
46712.0,11584.0,14571125.440000001,-0.21079603441642
45504.0,22121.0,38524789.69,-1.0498236688254716
42743.0,32073.0,89245370.88999999,-1.1391572755155146
41211.5,36793.0,140583211.21,-0.8209760148186148
40491.5,38373.0,175040167.21,-0.4608221596928354
34718.5,34704.0,177533435.60999995,-0.20877115999057602
