93.0,136.0,1855.1599999999999,0.5726487204151558
101.0,188.0,3124.8900000000003,0.758933167358283
115.0,188.0,2743.6,0.578263930560329
127.0,199.0,4028.2400000000002,0.4073691491259032
127.0,199.0,4076.8900000000003,0.4098010829942518
133.5,199.0,3728.16,0.34929684694091473
133.5,199.0,3788.6400000000003,0.36488705305451136
122.0,199.0,3793.7600000000007,0.5164070268956035
122.0,229.0,4421.960000000001,0.19830939495034275
122.0,229.0,4405.84,0.19367564444996827
110.5,246.0,5677.6900000000005,0.2698750425943753
98.0,246.0,5106.64,0.4493940294570996
91.5,246.0,5463.76,0.7719635813737133
52.0,123.0,2568.4,0.0862444279722621
15.5,123.0,2632.36,0.44378493557779425
15.5,123.0,2073.0099999999998,0.8697773078202965
15.5,123.0,1664.2099999999998,1.2779030937795632
15.5,96.0,877.01,1.2338849119228754
18.0,96.0,1177.16,0.7108259065045761
18.0,110.0,1370.6399999999999,0.8568617276887789
33.0,110.0,1476.8400000000001,0.4232665127922541
51.5,108.0,1293.36,0.16206851675188777
62.5,101.0,1054.0,-0.06731447239610334
62.5,101.0,861.04,-0.14774403944900932
68.0,88.0,577.45,-0.1260428547463222
74.0,124.0,1167.2900000000002,1.3775593726409532
82.0,118.0,1370.81,0.925872440888312
88.0,126.0,1814.2400000000002,0.5608248376965909
97.5,126.0,1776.81,0.4516412247835353
97.5,168.0,2906.49,0.4962410430381486
127.5,168.0,3096.04,0.11374994712223684
131.0,168.0,2738.16,0.01836320411345928
131.0,168.0,2658.29,0.027785284237094157
131.0,148.0,2370.6899999999996,0.17272120258042684
131.0,192.0,3185.01,-0.1994480488249326
108.5,218.0,4371.09,-0.08856730492094522
91.0,218.0,5223.09,0.18662674345429317
73.5,218.0,5160.45,0.5689259193977756
67.5,218.0,5092.45,0.7428955538603005
46.0,175.0,2894.04,0.8770834475901579
46.0,112.0,1486.0400000000002,0.14912135737851967
46.0,103.0,1375.6100000000001,0.04361746423224345
46.0,132.0,1992.1600000000003,0.34184002456575957
46.0,186.0,3639.3599999999997,0.6671129420162443
76.0,186.0,3545.6400000000003,0.3952527037245993
89.5,187.0,4097.29,0.1643911445535
97.5,185.0,3271.29,-0.017526862078878144
104.0,160.0,2209.36,0.2041762788103073
111.5,160.0,2010.8,-0.10770539842351455
125.0,100.0,1214.8399999999997,0.48329757820248054
132.5,95.0,1044.4099999999999,0.2479428991484348
141.5,95.0,920.8,-0.017114397150363395
141.5,95.0,1027.05,0.09274937091559272
131.0,95.0,789.3599999999999,0.2960578386585569
131.0,102.0,852.2900000000002,0.16228804028520263
123.5,117.0,1151.16,-0.7693006121395004
118.0,148.0,2160.21,-0.789536314050609
118.0,148.0,2898.84,-0.4906640697887712
96.0,160.0,3585.2399999999993,-0.14855132021472267
80.0,155.0,2967.76,0.02257653634022705
60.5,149.0,2336.36,0.27489596625301693
53.5,128.0,1568.2899999999997,0.25777810171537435
45.0,128.0,1419.9600000000003,0.6790678943448656
40.5,84.0,706.0399999999998,0.2585920962158219
40.5,91.0,774.01,0.3833823822105377
41.5,91.0,939.76,0.17291705867431678
53.5,204.0,3059.4399999999996,1.4211416792970202
68.0,204.0,3317.359999999999,0.9059363482465741
79.0,189.0,2704.49,0.9903568704886523
87.5,189.0,2703.6099999999997,0.8657641072661958
89.0,189.0,2517.21,0.7797804177509147
93.0,189.0,2477.6099999999997,0.47897552059284176
95.5,168.0,1807.2,0.681041143388567
101.5,122.0,1242.09,1.452966847044621
113.5,122.0,1285.4,1.0052344401932818
113.5,119.0,1216.4,1.0882632648743564
102.0,67.0,492.01000000000005,0.5945032464124742
102.0,67.0,411.64,0.7595994285971456
112.0,67.0,384.76,0.5359435515366838
112.0,121.0,970.4100000000001,-0.9631110853098392
112.0,146.0,1852.8399999999997,-1.0254838985392494
102.0,146.0,2163.45,-0.5341239039588943
95.5,146.0,2496.09,-0.17463571114567422
62.5,147.0,2814.09,0.17108663919371905
32.0,117.0,2062.65,0.37261196450112866
32.0,117.0,1911.4,0.7234343165614812
32.0,117.0,1644.64,1.131646650949756
32.0,112.0,944.21,1.7663290884199434
32.0,96.0,700.6900000000002,1.4716847044609782
33.0,96.0,1001.0,0.9088600463123425
36.0,129.0,1656.36,0.8134081367219045
41.0,209.0,3945.69,1.0794260750535407
67.5,209.0,3826.0899999999992,0.7233210229906767
74.0,186.0,3273.76,0.8809620680062972
78.0,181.0,2964.16,0.9446941243348431
96.5,181.0,2747.96,0.6678285040391182
108.5,181.0,2389.41,0.5473254192783289
109.0,158.0,1792.56,0.8893189562143092
109.0,158.0,1842.0900000000001,0.9247500112305754
123.5,158.0,1857.2100000000003,0.5881892890581699
123.5,158.0,2251.44,0.3911323046545669
110.0,129.0,1347.24,0.25230363515834275
110.0,129.0,1486.05,0.18612330890276682
110.5,121.0,1128.8400000000001,0.3661013265576136
110.5,100.0,935.85,0.7304567559785253
105.5,149.0,1567.6,0.06215976173497339
104.0,149.0,1606.01,0.21790757477359327
98.5,181.0,2621.29,-0.19384879698005075
98.5,181.0,3274.6399999999994,-0.07972466365268058
89.0,181.0,3408.2,0.30554856937602
61.5,153.0,2336.96,0.39709295918318743
48.5,153.0,2161.0099999999998,0.6749799568690816
48.5,101.0,1170.45,0.13468188129926137
48.5,92.0,1081.44,0.05097348564164165
48.5,120.0,1486.65,0.34600983823347353
68.0,120.0,1756.0400000000002,0.006795866314753224
68.0,120.0,1879.2899999999997,-0.023894923669287367
86.5,109.0,1535.21,-0.334864030058031
91.5,106.0,1160.0099999999998,-0.6294903154233968
91.5,97.0,729.69,-0.7823159583546856
97.0,82.0,533.61,0.17645262104698795
103.0,93.0,746.16,0.8051836230332629
103.0,84.0,672.45,0.9653721063733361
109.5,84.0,649.96,0.8811788761059479
109.5,84.0,774.24,0.6469487125102732
103.5,84.0,801.24,0.7823243349543534
97.5,84.0,825.24,0.8549515786376998
97.5,84.0,860.25,0.8522798670029632
97.5,131.0,1312.4099999999999,0.051843498842507316
97.5,156.0,2091.45,-0.3474276184609463
93.0,168.0,2682.2400000000002,-0.14550104194292443
88.5,150.0,2159.5600000000004,-0.05217426871210728
63.0,150.0,2500.41,0.2297667070726966
30.5,150.0,2406.3599999999997,0.6500250513247176
30.5,97.0,1487.0,0.2692307021346294
30.5,237.0,4707.0,1.5753220214761219
30.5,237.0,4665.839999999999,1.616019666072967
30.5,237.0,4854.960000000001,1.4552510732067654
53.0,237.0,6373.410000000001,0.8504786772599005
87.0,237.0,6883.81,0.400560032168638
101.5,234.0,6180.24,0.08156245431984428
137.0,234.0,5582.01,-0.297636963752496
140.5,223.0,3950.16,-0.31114471249232456
140.5,155.0,2515.4399999999996,0.3150210794072262
168.5,147.0,2106.96,0.09128858083919893
140.5,125.0,1857.9600000000003,-0.10563424552205661
140.5,125.0,1877.6,-0.10798829838490279
149.0,125.0,1799.8400000000001,-0.25921370939981914
132.0,117.0,1461.05,-0.1190616174968414
123.5,104.0,1308.8,0.1408480335391761
116.0,104.0,1152.49,0.46282156438492095
106.0,119.0,1082.89,0.42862468732489545
94.0,160.0,1808.81,-0.07094531729157447
86.5,169.0,2544.4399999999996,-0.06450437052609814
78.0,130.0,2128.6099999999997,-0.14517160800686532
70.0,134.0,2551.4100000000003,0.05618752764916483
35.5,134.0,2686.69,0.3898096981829641
14.5,126.0,2076.6899999999996,0.778111036898838
14.5,111.0,1305.0099999999998,1.183520538792298
14.5,111.0,1021.3599999999999,1.8862992465444313
14.5,54.0,328.84,1.0856526724741697
14.5,53.0,322.0100000000001,1.0767193428599544
18.0,90.0,758.6,1.129794524708307
22.5,90.0,745.1600000000001,0.7641724778757671
38.5,90.0,803.45,0.3427074109304579
54.5,79.0,696.01,0.08526589335072118
54.5,78.0,565.4,-0.05382262213742235
55.0,70.0,414.03999999999996,-0.13941002608420633
56.5,69.0,297.2,-0.28245895381441505
56.5,51.0,193.16,0.7015273927499229
63.0,51.0,206.8,0.299405207511443
69.0,130.0,1209.0400000000002,1.8989634897713603
69.0,172.0,2923.61,1.4605604126755007
72.5,172.0,2904.8900000000003,1.1318827782926237
70.0,172.0,2927.04,1.1420127049246558
69.0,175.0,3175.3599999999997,1.0891049707544964
69.0,175.0,3066.5600000000004,1.0926328803252099
69.0,190.0,3420.4100000000008,0.9583609531578108
68.0,200.0,3926.959999999998,0.8664444932113113
68.0,202.0,4264.76,0.7930972101958031
52.0,213.0,4856.89,0.8295556437584196
30.5,213.0,4086.65,1.391276921171951
19.5,126.0,1413.36,1.217563679094845
19.5,71.0,704.4100000000001,0.5087362231624066
19.5,77.0,763.0,0.5530858379200065
19.5,77.0,843.64,0.3365651131908427
19.5,77.0,756.05,0.46218062752540695
31.5,79.0,931.89,0.13768893949683192
54.5,98.0,1155.44,-0.07860911877964899
65.0,98.0,1042.0099999999998,-0.46375938795070976
65.0,93.0,738.4100000000001,-0.7353626569308059
65.0,82.0,423.2,-0.8075123846993416
65.0,59.0,250.01000000000005,0.18447975154942295
65.0,59.0,268.41,0.0523725165790389
65.0,59.0,277.61,0.013615149462590933
73.5,59.0,324.41,-0.24478624129420018
77.0,59.0,262.25,-0.5453374333097118
78.0,73.0,396.56,-0.07444021115580933
71.5,73.0,435.61,0.21468113978046105
78.0,104.0,892.36,0.687086755660218
78.0,104.0,1003.5599999999998,0.6029337302119807
78.0,137.0,1451.56,0.1548700995695721
78.0,137.0,1657.9599999999998,0.09042042487242649
59.0,139.0,2003.69,0.283805197205674
41.5,139.0,2166.09,0.5745539869149466
28.5,139.0,2103.84,0.9858225847022789
27.5,139.0,2016.8899999999999,1.2719844879727042
27.5,139.0,2294.81,1.2362289109745193
27.5,139.0,2393.16,0.9773531947358881
27.5,134.0,2300.6099999999997,0.9523585988238925
27.5,134.0,2434.05,0.6372130939020793
58.0,134.0,2271.2400000000007,0.3229712486933132
82.5,134.0,2093.4900000000002,-0.005672463848175489
82.5,127.0,1648.2900000000002,-0.06123789398871215
87.5,121.0,1238.0,-0.2524420296134329
89.0,128.0,1269.29,0.32920212752048683
95.0,102.0,1167.6100000000001,0.43548550605848046
95.0,102.0,1171.64,0.4275290775406637
95.0,102.0,1245.44,0.37908614396834417
95.0,102.0,1171.64,0.5180046903454985
110.0,102.0,1247.04,0.12025917375676828
113.0,102.0,1179.2099999999998,0.009062758344637725
113.0,106.0,1412.01,-0.041270059946570244
113.0,144.0,1976.4900000000002,-0.45038498941199606
113.0,159.0,2905.5600000000004,-0.38941131217607156
87.0,155.0,3043.8900000000003,-0.1160236564805111
64.0,144.0,2816.69,0.11622082130435461
41.0,144.0,2660.6,0.5014135463391917
15.0,144.0,2816.6,0.7339966508559687
15.0,144.0,2263.64,1.2728954523140414
15.0,104.0,981.0900000000001,1.5359158630596603
15.0,58.0,410.4,0.8017061017331576
15.0,114.0,1118.2400000000005,1.745586462196758
16.0,114.0,1365.45,1.1127613292120238
28.5,114.0,1639.61,0.6036303990161189
44.0,131.0,2168.8100000000004,0.3393552950153507
68.0,131.0,2113.44,-0.02463176665383115
83.5,125.0,1663.2,-0.2537225741009773
92.5,109.0,1243.04,-0.5014403191215352
102.0,100.0,838.85,-0.781662151377114
103.0,78.0,432.21000000000004,-0.6605883300756745
105.0,52.0,204.20999999999998,0.06253300283506577
103.5,52.0,191.89000000000001,0.32544060073294717
105.0,67.0,328.69,1.079039764893998
105.0,67.0,320.45,1.0754978701761087
104.0,77.0,367.76,1.0174553472987524
102.5,86.0,486.8,0.7799612555486785
102.5,132.0,1062.05,-0.6212053031595447
101.5,132.0,1488.8400000000001,-0.3541360274525336
88.5,147.0,1982.85,-0.12790004284632553
71.5,148.0,2322.6899999999996,0.17676287608127086
44.0,150.0,2461.41,0.534764397325086
21.0,152.0,2444.2400000000002,0.9442338974838067
20.5,102.0,1179.41,0.937010311917175
20.5,75.0,632.24,1.0083261544042115
20.5,66.0,435.49000000000007,0.8839972712779626
20.5,77.0,543.4,1.136086821416504
20.5,121.0,1400.8900000000003,1.2403530308959365
27.0,121.0,1575.96,0.7541772632869528
42.5,121.0,1979.61,0.3873568630459864
64.5,121.0,1928.65,0.0018843117428593448
80.0,121.0,1580.89,-0.29580288801742377
83.5,102.0,1058.41,-0.37188505026193486
84.0,88.0,681.04,-0.343279887008697
86.0,71.0,396.56000000000006,0.004084577602408693
88.0,44.0,228.6,0.9821998295209843
89.5,40.0,218.35999999999999,0.6461620262659807
88.5,39.0,153.76000000000002,1.095897250847572
89.5,38.0,138.69,1.098818787831399
88.5,29.0,73.89,1.1003140422334965
87.5,43.0,103.40999999999997,0.30430675979513966
86.5,81.0,409.65,-1.4681159075543089
85.5,81.0,634.29,-0.9153610885709386
86.0,81.0,635.76,-0.9230598948958691
82.5,90.0,883.5599999999998,-0.5297198383047774
74.0,100.0,1132.41,-0.21268746878218536
49.0,83.0,1012.0900000000001,0.01306069287327798
30.0,83.0,964.6400000000001,0.4074119097175527
24.5,74.0,761.61,0.7872246472124611
24.5,74.0,584.0899999999999,0.9360643520606848
24.5,85.0,840.01,1.0399733186298212
25.5,96.0,1255.04,0.6567015807403784
36.5,103.0,1640.44,0.31328822226327363
36.5,140.0,2446.96,0.5071183587497958
74.0,140.0,2523.7599999999998,0.09593206024272478
84.0,136.0,2140.09,-0.08280288103233469
84.0,136.0,1768.81,-0.20600620080325166
100.5,136.0,1561.8,-0.4138736520265354
109.5,111.0,1216.8,0.03343132533497069
113.0,96.0,880.8,0.07645570972259741
113.0,96.0,902.05,0.09800938841909372
114.5,96.0,899.8,-0.048638434132854735
114.5,96.0,900.2900000000002,-0.038670641017940974
112.5,96.0,763.49,0.1605618923995637
112.0,120.0,1159.4900000000002,-0.03590110780872425
112.0,132.0,1564.16,-0.2639516741114196
112.0,132.0,1884.44,-0.27310702384941393
101.0,158.0,2308.7599999999998,-0.08100729569272505
67.0,120.0,2052.85,-0.1348706747741259
39.0,120.0,1997.5600000000002,0.2639357581016064
33.0,120.0,1992.45,0.6479179221647223
33.0,111.0,1424.44,1.0282794531210198
33.0,111.0,878.45,1.5155392982541236
33.0,53.0,282.21,-0.26212117649440286
33.0,53.0,317.04,-0.18116407090437267
37.5,105.0,845.4,0.9925368073662781
41.5,105.0,952.5599999999998,0.6045477870015572
47.5,120.0,1342.4100000000003,0.5233098477046929
53.5,105.0,1115.6100000000001,0.3765148756862944
63.0,106.0,1189.44,0.18857349258393127
78.5,84.0,1064.16,0.10068127653108998
87.5,84.0,885.6,-0.10716156238803422
87.5,72.0,755.21,0.029585443922984695
98.0,83.0,791.29,-0.20856888479097613
113.5,87.0,745.2900000000002,-0.3146641494667088
113.5,87.0,745.29,-0.31466414946670895
113.5,87.0,738.5600000000001,-0.31313856578942795
114.5,87.0,840.4100000000001,-0.30065237975495673
114.5,87.0,823.21,-0.32883290651184155
98.0,87.0,844.49,0.01188412567094434
89.5,130.0,1491.2900000000004,-0.3930251137591535
87.0,130.0,1973.6,-0.23025490675126362
87.0,132.0,2416.85,-0.21506465856348567
79.0,144.0,2612.6,0.09937292757900797
47.0,141.0,2279.41,0.367624494231741
18.0,141.0,2153.41,0.8061630312669085
14.0,141.0,2148.45,1.1514394505868681
14.0,88.0,958.2,1.2885450741935478
14.0,84.0,532.45,2.0381616428529874
14.0,67.0,339.16,1.7065933814470162
17.0,67.0,518.01,1.0320034446183264
18.5,67.0,633.84,0.5938882264988475
25.5,77.0,824.29,0.2637742409838172
43.5,76.0,779.4100000000001,-0.10523236946828736
50.0,72.0,615.25,-0.2334411636727786
62.0,72.0,555.96,-0.4156256956213833
65.5,182.0,2371.4100000000003,1.8982194602156908
67.5,182.0,2510.4,1.3790275251015536
73.0,166.0,2151.0099999999998,1.4158101564544003
80.5,166.0,2201.6400000000003,1.0391581538249286
90.5,166.0,2078.5600000000004,0.9479870837397562
97.0,166.0,1901.4399999999998,0.9170260243917905
97.0,166.0,1901.44,0.9170260243917904
97.0,177.0,2315.6400000000003,0.581992012138187
97.0,189.0,2642.01,0.3455129383759059
97.0,194.0,3312.96,0.2828143415796621
87.0,129.0,2258.0099999999998,-0.08800281133136076
53.5,123.0,2043.61,0.16124236727464047
23.0,126.0,2004.0900000000001,0.5582799521139449
15.5,95.0,1329.0400000000002,0.830172477124353
13.0,93.0,941.8400000000001,1.4030566183859063
13.0,75.0,439.64,1.8436550326066894
13.0,44.0,175.21,0.9485957791025614
13.0,72.0,464.09000000000003,1.3807201466415198
13.0,72.0,698.4100000000001,0.8462443491113208
24.0,97.0,1101.45,0.6174799505453701
35.5,97.0,1024.49,0.5008718897697704
42.0,97.0,976.89,0.13239370970889225
49.5,90.0,762.76,0.056292821909563785
63.0,90.0,762.76,-0.1597961485065529
74.5,66.0,559.61,-0.10465368063004206
74.5,63.0,426.03999999999996,-0.2258087134260832
75.0,97.0,665.29,0.29166206908459646
85.0,97.0,748.8900000000001,-0.01553780466547624
91.0,97.0,738.09,-0.143590979670418
88.0,97.0,718.4,-0.0401656391526412
88.0,86.0,623.6899999999999,0.20294120068135732
88.0,86.0,685.45,0.24594007424270425
88.0,95.0,785.1600000000001,0.06777481731970555
88.0,95.0,828.61,0.006226892692640132
79.0,132.0,1408.0,-0.29585006366015665
72.5,132.0,1878.56,-0.1757765847865488
53.0,111.0,1649.2399999999998,-0.0041215333256226765
43.5,107.0,1316.4099999999999,0.26139151810006594
34.5,107.0,1170.0900000000001,0.6775971095592073
34.5,107.0,936.01,0.9412049162956516
34.5,128.0,1716.65,0.8957349395444353
34.5,128.0,2190.65,0.6044355978989915
40.5,128.0,2487.7599999999998,0.23728338649306255
40.5,128.0,2298.6400000000003,0.31899053459473076
68.0,127.0,2090.09,-0.02877678386654755
92.0,122.0,1745.0399999999997,-0.36062125203374246
102.5,105.0,1329.24,-0.6661564071318673
102.5,105.0,1037.69,-0.760880577133818
109.0,79.0,590.36,-0.8435639737492184
115.0,123.0,931.49,0.9369656923512205
115.0,123.0,915.4100000000001,1.0099144281250523
115.0,123.0,1167.89,0.6431340536882276
112.0,123.0,1178.45,0.683130582657969
112.0,123.0,1148.2,0.7008119324013496
113.5,123.0,1119.2,0.654897123473687
113.5,144.0,1626.3600000000001,0.19884132500165325
107.5,161.0,2277.0099999999998,0.11762646871393058
107.5,164.0,2745.6400000000003,0.012447709839679511
98.0,182.0,3462.44,0.18115468699439474
67.0,160.0,2744.36,0.30509630530395165
35.5,164.0,2785.84,0.6802091771441504
25.5,107.0,1653.0400000000002,0.6699007532627868
25.5,107.0,1208.2900000000002,1.1188238691627155
25.5,107.0,1063.8400000000001,1.1985218596667278
25.5,73.0,547.3599999999999,0.6849057480866709
25.5,73.0,657.8,0.5462272811644937
27.5,99.0,1091.44,0.5237863389453075
46.0,99.0,1267.21,0.1432945046834468
63.5,99.0,1308.16,-0.20925431755244608
70.5,99.0,1141.76,-0.613972610310768
75.5,95.0,792.4399999999999,-1.0162797617523383
80.0,104.0,680.21,0.15199640953531213
85.5,74.0,417.01000000000005,0.8322480346788295
85.5,74.0,448.23999999999995,0.7823448997373041
92.0,99.0,872.5599999999998,1.0725473653698858
99.0,100.0,1136.56,0.7173090418542537
99.0,123.0,1713.8399999999997,0.4951096313105168
118.0,123.0,1791.6100000000001,0.08609073992454798
133.0,123.0,1710.0100000000002,-0.12569245184740305
133.0,150.0,2215.8,-0.3855084623639596
133.0,168.0,3077.0099999999998,-0.4961019010023162
116.0,179.0,4050.7599999999998,-0.2182289861570916
98.5,181.0,4907.29,-0.03016621773302151
85.0,183.0,5590.09,0.04900860258381405
30.0,183.0,5477.2,0.4547840686718446
17.0,183.0,4768.81,0.9299624260629453
17.0,158.0,2919.16,1.4572714510234785
17.0,125.0,1517.2899999999997,1.5793193829779635
17.0,75.0,676.0899999999999,1.0969206691115385
17.0,127.0,1680.0099999999998,1.26391384430229
18.5,140.0,2678.7599999999998,0.8186171860228605
47.5,140.0,2744.04,0.40098110565861494
76.0,162.0,3403.2400000000002,0.16041764459165525
93.5,162.0,3139.24,-0.20927067115575787
119.5,155.0,2675.85,-0.5353002273113515
119.5,144.0,1829.2900000000002,-0.5296343201419166
135.5,97.0,1090.8899999999999,-0.3483159741843904
142.0,97.0,916.65,-0.7876421509132059
142.0,136.0,1517.6399999999999,-1.3285314971718771
146.5,136.0,1637.0400000000002,-1.3362965720496531
142.5,136.0,1728.89,-0.918233673780099
142.5,136.0,1816.44,-0.7811262867067663
137.5,131.0,1620.2099999999998,-0.8363647536369084
114.0,131.0,1653.0400000000002,-0.49938693732772843
90.0,131.0,2001.9599999999998,-0.21326651148615375
90.0,160.0,2892.36,-0.2757321509213821
89.0,160.0,3038.81,0.057004497563083865
61.0,160.0,2780.25,0.44648455166100376
61.0,160.0,2997.69,0.43342523918279097
26.0,134.0,2034.8400000000001,0.6121050679593012
26.0,134.0,2379.25,0.5609018174048657
26.0,134.0,2309.8399999999997,0.6261814998129688
26.0,141.0,2434.0900000000006,0.6751821641716245
26.0,158.0,3432.0100000000007,0.6500593112024137
48.5,158.0,3497.56,0.326699851374042
90.0,153.0,3455.09,-0.05692332707873251
97.5,153.0,2899.0100000000007,-0.3161220705834216
97.5,153.0,2397.8900000000003,-0.4950146986835037
104.0,145.0,1574.69,-0.6619843001365311
104.0,92.0,895.76,0.2949386654301492
101.0,92.0,883.0,0.5129079948547653
101.0,92.0,798.96,0.4684351848330692
101.0,92.0,664.8900000000001,0.8508638982396317
101.0,71.0,399.2900000000001,0.294670211185969
101.5,107.0,893.61,0.8533170094533696
101.5,107.0,865.1599999999999,0.8997555377694791
101.5,107.0,900.8900000000001,0.8949228696176518
101.5,135.0,1240.01,0.2438098747516839
100.0,148.0,1761.05,0.10702248421646975
100.0,153.0,2204.4900000000002,0.007745001633986579
92.0,153.0,2589.2400000000002,0.2238020180228597
62.5,166.0,3037.4399999999996,0.4221183641441206
34.5,166.0,3154.44,0.7340363592538444
26.5,172.0,3025.6900000000005,1.1812047968909443
25.0,131.0,1475.56,1.56837728560228
25.0,80.0,460.01000000000005,1.4024479863353052
25.0,55.0,242.76,0.5092723703361632
25.0,56.0,329.2099999999999,0.5718871891721204
25.0,107.0,937.6,1.2275427155812515
32.5,107.0,1255.61,0.6981066314652782
49.5,158.0,2405.04,0.7783446450472098
59.5,158.0,2152.41,0.6260953384188879
66.5,158.0,2063.1600000000003,0.28100823721584045
86.5,169.0,2486.8,0.4192843447793784
100.0,142.0,1982.61,0.3688712598818692
100.0,123.0,1733.4900000000002,0.5392737170097475
100.0,122.0,1657.8,0.5797941025505229
100.0,123.0,1667.0900000000001,0.5727717112468521
100.0,123.0,2017.64,0.311548627000061
120.0,130.0,2524.05,0.05254160415339528
86.5,130.0,2584.4399999999996,0.443217031156055
120.0,130.0,2494.05,0.11793196651581893
104.0,147.0,2999.81,0.14960184327422632
83.5,147.0,2452.8399999999992,0.4221241404041092
66.0,183.0,3088.0,0.46922872701452745
65.5,183.0,3544.96,0.44020774507987376
61.0,183.0,3967.2,0.4894929885838364
52.5,183.0,4338.45,0.535937635009645
35.5,183.0,3505.84,1.025280774149264
26.5,136.0,1751.89,1.2539024956196032
26.5,136.0,1716.61,1.4151080357517203
26.5,93.0,775.8100000000001,1.087266003896512
26.5,93.0,793.36,0.9688845447345943
26.5,66.0,419.41,0.4977579153049062
37.0,58.0,434.28999999999996,0.2498649498861216
48.0,58.0,417.84000000000003,-0.1326907348769982
48.0,58.0,333.84,-0.30445364956051585
52.5,48.0,234.83999999999997,-0.4329972713192469
58.5,48.0,199.64000000000001,-0.8326847543550436
63.0,28.0,91.61,-0.3879621392763572
63.5,46.0,145.16,0.4545108374513721
63.5,46.0,155.60999999999996,0.3792745630949515
66.0,100.0,686.64,1.7582812985769083
68.5,100.0,644.89,1.6824085831498945
73.0,100.0,657.85,1.37837411602114
73.0,117.0,886.0900000000001,0.7425908161794461
73.0,117.0,874.0899999999998,0.7584051627699869
73.0,117.0,913.6899999999999,0.7891195152426556
70.0,119.0,1131.05,0.6605949012037883
64.5,137.0,1486.0899999999997,0.4518064724087892
49.0,142.0,1723.69,0.6508191390073941
36.5,143.0,1910.65,0.8823657363987597
26.0,91.0,931.21,0.6521122329294609
26.0,91.0,715.9599999999999,0.9646278656600457
26.0,51.0,308.40999999999997,0.030149691290092075
31.0,81.0,605.9599999999999,0.590663776884777
31.0,81.0,641.6900000000002,0.5049630490440423
31.0,110.0,1201.6,0.884218263466824
37.5,110.0,1207.69,0.642434258842987
42.5,110.0,1088.49,0.4854579389124473
50.5,110.0,898.4100000000001,0.3808274134542401
54.5,99.0,792.96,0.36951223620853885
55.5,74.0,679.56,0.4225986133598722
69.0,79.0,762.24,0.14349397764430008
89.0,69.0,640.69,-0.13301480166814947
99.0,69.0,732.21,-0.3014622410176923
102.0,124.0,1240.29,0.3440501536512905
102.0,124.0,1253.01,0.3119717598139648
102.0,124.0,1270.69,0.2963154672919921
102.0,147.0,1548.76,-0.03882071392555746
102.0,158.0,2048.85,-0.2668730339484536
102.0,158.0,2536.85,-0.03693477030738232
77.0,169.0,3046.85,0.20679342845903897
38.0,170.0,3236.6,0.5603446686633472
23.0,170.0,3156.6,0.9395292662205538
22.0,170.0,2795.96,1.4806042172264433
22.0,114.0,1060.6100000000001,1.4875331170082717
22.0,55.0,375.8,0.4031519668045982
22.0,94.0,765.8100000000001,1.135867858663481
22.0,106.0,1281.2400000000002,0.8011985080806234
37.0,120.0,1778.0400000000002,0.47351023705008505
54.0,120.0,1987.7599999999998,0.07677853666760955
75.5,120.0,1743.7600000000002,-0.2740210221060583
98.5,99.0,1379.8899999999999,-0.5198373426702306
104.5,102.0,1114.69,-0.8968399464551265
109.5,72.0,599.89,-1.1159179852685106
109.5,72.0,399.01000000000005,-1.5342629252852187
110.0,32.0,102.21000000000001,-0.28501571795247027
110.5,32.0,79.81,-0.4769239695238667
112.0,32.0,78.36,-0.6522348409622547
112.0,83.0,446.64000000000004,1.9100962755725719
112.0,83.0,459.09000000000003,1.6421230257958286
112.0,96.0,580.76,1.0440385164633363
110.5,152.0,1351.21,-0.522259036977855
108.5,152.0,1736.65,-0.20323428837274482
100.0,169.0,2440.49,-0.10634031703296716
93.5,169.0,2556.41,0.11161308135726046
64.5,169.0,2786.8900000000003,0.4280782239519068
43.0,169.0,2827.5600000000004,0.7886587062409729
31.0,169.0,2849.6099999999997,1.178750987966013
24.5,123.0,1318.4399999999998,1.4338023915980338
24.5,73.0,431.55999999999995,1.0480990029140222
24.5,74.0,441.40999999999997,1.0775600990408605
31.0,91.0,826.2099999999998,0.8825458774283518
31.5,91.0,1129.81,0.5325101929545234
43.5,130.0,1686.5600000000002,0.5524944201073877
58.5,140.0,2401.45,0.347471774792586
88.0,140.0,2642.24,-0.023648118329665804
96.5,140.0,2612.6,-0.4219249508176661
99.5,131.0,1847.85,-0.6611019106324958
117.5,110.0,1125.96,-0.8379180683132551
135.0,69.0,592.8399999999999,-0.46621651062549024
135.0,68.0,584.45,-0.45142322362443066
135.0,68.0,539.24,-0.5435119477628259
138.5,88.0,615.8900000000001,-0.6033993803336468
141.5,88.0,676.29,-0.655768915463581
138.0,88.0,656.16,-0.5737700704000475
134.5,89.0,872.25,-0.2697108033457626
120.5,125.0,1423.29,-0.36337519678686486
120.5,156.0,2383.6,-0.5486763967263459
94.5,169.0,3284.0099999999998,-0.29080601081977586
80.5,169.0,3528.25,0.07804374056795896
62.0,169.0,3973.21,0.26956017228570633
30.0,169.0,4078.090000000001,0.608419877780222
19.5,157.0,2904.25,1.0449852802470418
19.5,136.0,1612.7599999999998,1.3713757532628597
19.5,80.0,598.04,0.6887589873001354
19.5,75.0,549.6899999999999,0.5760675026077511
19.5,170.0,2359.05,1.7178199037274124
36.5,170.0,2618.4900000000002,1.1386599407008706
51.0,163.0,2541.8399999999997,0.7831858913744302
63.5,163.0,3196.8900000000003,0.4924705700722802
83.5,156.0,2673.1600000000003,0.39702013788893636
98.5,149.0,2158.09,0.276082361590833
106.0,181.0,3019.21,0.6968614874600584
106.0,179.0,2577.21,0.8104301393206416
110.0,156.0,2039.2900000000002,0.9703621573983062
123.5,139.0,1704.4899999999998,1.0516135759323124
110.0,139.0,1634.56,1.494837051817543
110.0,160.0,1915.36,1.197417242312778
110.0,160.0,1915.36,1.1974172423127782
106.0,160.0,1722.4,1.7702937565510128
106.0,160.0,1717.0899999999997,1.7742333619628312
102.5,226.0,2898.6099999999997,0.4670952585592826
100.0,132.0,1949.4100000000003,-0.9103202756727848
96.5,135.0,2533.4900000000002,-0.48506887198705523
82.0,137.0,2592.45,-0.1406867950657165
38.0,107.0,2211.8900000000003,0.09939679817657296
8.5,105.0,1924.0399999999997,0.4919140799275891
8.5,105.0,1884.4899999999998,0.5357734523332642
8.5,117.0,2056.0899999999997,0.5919008837324599
8.5,117.0,2131.21,0.5943284569819006
8.5,131.0,2658.65,0.6378264174847419
38.0,146.0,3334.040000000001,0.2822406488823221
76.5,146.0,3068.6,-0.031640451868964456
97.0,146.0,2684.4100000000003,-0.40601509267556546
105.5,143.0,2255.6,-0.7867365679008077
111.5,134.0,1488.6,-1.200966749574713
111.5,82.0,748.85,-0.42429932450472657
115.0,79.0,519.0400000000001,-0.5935315432514591
110.0,79.0,522.8399999999999,-0.4593246441408749
110.0,79.0,561.2,-0.30621369415783256
110.0,79.0,522.61,-0.1745910246493198
106.0,70.0,487.09,-0.09631248660394781
106.0,85.0,713.16,-0.3143770578103401
99.5,108.0,1144.84,-0.36297629181125535
83.0,104.0,930.01,-0.21634626083140418
73.0,101.0,1081.21,-0.39746799194734117
73.0,110.0,1517.8,-0.31202448203518657
62.0,110.0,1553.84,0.013370149844889219
40.5,110.0,1404.69,0.3799236656189738
25.0,110.0,1217.9599999999998,0.8326222418542593
18.5,70.0,628.0,0.8003616862561524
18.5,70.0,505.96000000000004,0.817814581184126
18.5,70.0,612.8900000000001,0.7658541651527514
18.5,70.0,779.2099999999999,0.4255404211647235
18.5,86.0,929.29,0.558270548303059
37.5,113.0,1426.4099999999999,0.4590159416420649
61.5,110.0,1303.2900000000002,0.12689183769612408
71.0,105.0,1123.96,-0.20001456835766945
71.0,101.0,866.89,-0.23452710592600512
76.5,101.0,658.36,-0.5348052964799392
76.5,64.0,323.69,0.6530275261951596
82.0,81.0,530.09,0.8376719917490292
85.0,81.0,508.75999999999993,0.5777262226769572
88.0,81.0,515.41,0.19856169522608347
91.0,81.0,521.8100000000001,0.06904853310982517
85.0,81.0,481.75999999999993,0.4798926170767554
85.0,81.0,483.40999999999997,0.48913566571411876
90.0,81.0,519.49,0.21929592796181627
90.0,93.0,621.01,-0.11855839731707021
87.5,93.0,743.25,0.019765151319928797
87.5,128.0,1298.44,-0.5513444930506164
75.5,107.0,1443.4099999999999,-0.5563475735822581
62.0,107.0,1658.69,-0.159146578406481
46.5,107.0,1490.36,0.1909325817112463
31.0,107.0,1227.2899999999997,0.5678922741279515
31.0,107.0,1155.05,0.6764901591052608
31.0,107.0,978.5600000000001,1.0071439466163377
31.0,57.0,410.23999999999995,-0.021151602225602407
31.5,71.0,574.85,0.18403611769911113
31.5,73.0,708.6099999999999,0.2472604772932851
43.0,73.0,660.1600000000001,-0.12844666320460257
50.5,70.0,582.4,-0.40772566148712974
57.5,70.0,492.48999999999995,-0.4473118565950861
65.0,64.0,376.89,-0.6150809582699815
65.0,43.0,204.84,-0.16206471657785188
72.5,84.0,531.24,0.9432462250641807
72.5,82.0,519.8399999999999,0.9889743402828411
72.5,82.0,504.09000000000003,1.0498263836023687
73.5,82.0,663.6899999999999,0.6379065823351014
65.5,83.0,763.2,0.6834020839855287
78.0,83.0,744.1600000000001,0.42947954851131276
77.0,83.0,745.6399999999999,0.4497393989983625
64.5,106.0,1003.6899999999999,0.3689729874562755
52.5,125.0,1380.8899999999999,0.2806851261755546
45.5,125.0,1706.36,0.3160516355002316
43.5,113.0,1334.3600000000001,0.4775243725412658
31.5,113.0,1490.45,0.6131037805550857
11.0,113.0,1602.6899999999998,0.8129194947157423
7.0,84.0,905.0099999999999,1.045702025621012
7.0,84.0,864.21,1.3373793602565907
7.0,70.0,498.61,1.3928751408599964
7.0,45.0,286.36,0.9389145444283697
7.0,81.0,696.8,1.1788679711396788
15.5,81.0,707.6099999999999,0.7634546299060471
32.0,81.0,694.09,0.3797248499632509
38.5,81.0,601.6899999999999,0.26528813913385646
45.5,81.0,651.29,0.1072299906274122
47.0,70.0,466.00999999999993,0.1827790958759072
48.5,63.0,342.03999999999996,0.18396286563635528
51.0,80.0,514.0899999999999,0.9879447647064175
57.0,80.0,487.69000000000005,0.8088199206409457
64.0,80.0,606.49,0.3999421545449391
64.0,80.0,650.4100000000001,0.2989905279515371
74.0,80.0,643.6899999999999,-0.09881815036229766
87.5,87.0,744.01,-0.34950506467220166
87.5,82.0,696.56,-0.2607141229311913
80.5,82.0,850.1600000000001,-0.06133091398269048
80.5,82.0,833.45,-0.06563232797624513
80.5,106.0,1208.81,-0.2766486240935608
59.5,107.0,1342.81,0.01119073278008363
46.5,110.0,1607.2900000000002,0.19153771944993236
39.0,110.0,1423.6100000000001,0.6123217025945268
35.0,110.0,1218.0400000000002,1.0879224178487503
35.0,110.0,946.21,1.4852826875859624
35.0,48.0,273.84000000000003,-0.08591526017220372
37.0,62.0,407.8,0.12939675332885672
40.5,70.0,575.76,0.17265303579504848
40.5,84.0,827.0899999999999,0.29506024181054796
52.5,84.0,862.6100000000002,-0.062367199591622964
64.0,84.0,724.6400000000001,-0.4165119956257634
73.0,69.0,514.04,-0.5669471652574961
77.0,60.0,352.76,-0.8139056291952244
77.0,45.0,188.85,-0.6546246166730894
83.0,85.0,427.48999999999995,0.8778940607995614
87.0,64.0,489.40999999999997,1.1090943924359278
87.5,64.0,489.41,0.7078031040941588
90.5,65.0,577.8900000000001,0.2946328663266805
102.5,122.0,1283.7599999999998,0.8306888216463443
102.5,128.0,1445.45,0.7060073233831873
102.5,153.0,1810.4899999999998,0.3565140740472211
102.5,156.0,2237.3599999999997,0.26789142851285913
93.5,166.0,2742.04,0.2643003909983637
90.5,180.0,3330.16,0.21450361304495028
51.5,180.0,3540.2,0.5666462507097101
37.5,183.0,3521.45,0.9733663888381058
31.0,186.0,3464.8399999999992,1.4006336167108944
28.0,186.0,2743.49,2.2103242049634244
28.0,100.0,844.6099999999999,1.3734068545409992
28.0,100.0,883.4899999999998,1.296684748189905
28.0,100.0,1068.4,0.8592772973012309
28.0,128.0,1873.9600000000003,0.7360781662668784
50.0,128.0,2038.2099999999998,0.3134130713674452
75.0,128.0,2000.61,-0.08312048785473353
86.0,128.0,1753.44,-0.4569013055910222
96.5,128.0,1405.69,-0.8624805628740629
103.5,104.0,821.4,-0.9338702070189061
106.0,82.0,550.5600000000001,0.18270571297899346
111.0,88.0,771.04,0.11878073960702698
120.5,78.0,596.9599999999998,-0.01960757517269472
126.0,66.0,417.89,0.028781209478409783
120.5,71.0,531.1600000000001,0.18949293838911827
126.0,71.0,559.0899999999999,-0.20139806115555287
126.0,81.0,745.56,-0.323387068448758
126.0,87.0,912.0899999999999,-0.4173157985243506
126.0,119.0,1508.84,-0.5036571162228533
107.0,155.0,2540.96,-0.5140181593840314
82.0,155.0,2741.6,-0.14249015337420096
74.0,147.0,2506.69,0.1555806177954162
55.0,147.0,2372.3599999999997,0.49863521733367855
29.5,147.0,2055.56,0.9472483562288221
25.0,147.0,1901.0900000000001,1.3799623328857762
25.0,74.0,677.49,0.49014848557009416
25.0,68.0,527.01,0.38311118158622787
25.0,82.0,657.49,0.6724006144040717
25.0,109.0,1237.8399999999997,0.7993808923029515
42.5,132.0,1878.36,0.671821905857055
56.5,132.0,1937.4900000000002,0.2556935370507484
71.5,132.0,1868.61,-0.13689445514003518
71.5,130.0,1439.8400000000001,-0.14019439680731813
79.0,107.0,939.5600000000001,0.15072614798904058
79.0,82.0,723.4,0.5353135011901559
79.0,82.0,673.9599999999999,0.5412863127567968
79.0,79.0,594.4,0.6091640764059263
87.0,79.0,644.8399999999999,0.3153411839325716
87.0,79.0,609.04,0.4030855663438437
87.0,58.0,445.45,-0.043269562030622453
73.0,73.0,580.01,0.09623977672319872
71.5,93.0,799.2099999999999,0.03179688909451301
71.5,112.0,1220.41,-0.26880021968081613
64.0,112.0,1421.29,0.008134874596401474
56.5,112.0,1695.1599999999999,0.14275655386349542
33.0,112.0,1886.05,0.4062977150091701
21.0,112.0,2004.0400000000002,0.7122411939745259
16.5,112.0,1543.2899999999997,1.2619421354442732
16.5,112.0,1028.25,2.0665401819031763
16.5,55.0,300.36,0.9991001258365696
16.5,71.0,534.6,1.2025037001941268
16.5,103.0,1152.8399999999997,1.0831663888145415
23.5,127.0,1883.0900000000001,0.8168956680702069
43.5,127.0,2313.65,0.3818352437217604
67.0,127.0,2150.96,0.02816827756184527
84.5,127.0,1934.6399999999999,-0.3491465755559455
98.5,117.0,1418.85,-0.6612497259917426
101.5,103.0,871.89,-0.8956491220905497
101.5,72.0,441.96000000000004,-0.2845668951119202
101.5,69.0,419.25,-0.20286815144074796
105.0,79.0,501.09,-0.26533381072746653
101.5,79.0,515.6400000000001,-0.07498230513160299
101.5,231.0,3765.359999999999,2.117442809068823
97.0,231.0,3926.3599999999997,2.177297657370983
96.0,232.0,4164.29,2.0912301333513463
85.5,236.0,4436.45,2.0895334238504177
78.0,273.0,5114.5599999999995,1.860873398339479
69.5,285.0,5843.2,1.722391651523749
61.5,289.0,6499.45,1.631108832813602
59.0,289.0,7028.410000000001,1.580621522666811
38.5,291.0,6951.959999999999,1.9944289531389043
17.5,291.0,7020.49,2.219660376906923
17.5,75.0,679.05,0.7472583881336032
17.5,86.0,798.8399999999999,0.9124311751691092
17.5,86.0,780.21,0.938065995710331
17.5,86.0,969.8100000000001,0.8515824953819555
21.0,117.0,1640.0400000000002,0.6776647948788541
42.5,117.0,1832.8899999999999,0.25074026963448676
69.5,117.0,1886.89,-0.11229931814832966
82.5,117.0,1552.49,-0.4466446626805315
86.0,104.0,1114.4900000000002,-0.7576162116582276
86.0,92.0,664.04,-0.8952690476903507
95.0,61.0,294.29,-0.3937422788701255
93.0,66.0,438.84,-0.400027699970551
93.0,66.0,426.64000000000004,-0.3834122781684912
102.0,72.0,525.2,-0.48992468500239944
102.0,72.0,478.16,-0.5275983678548524
93.0,72.0,481.03999999999996,-0.2282469041258899
82.0,72.0,481.0400000000001,0.16887513871611792
79.5,72.0,577.45,0.2679113303630231
71.5,115.0,980.4100000000001,-0.2375943230011195
62.0,121.0,1398.4100000000003,-0.15837965249616098
56.5,121.0,1551.2899999999997,0.16358637650680088
56.5,121.0,1759.6399999999999,0.3096123494820518
31.5,124.0,1971.45,0.5150844844612047
9.0,106.0,1377.36,0.7687314866656886
9.0,78.0,781.2,0.9543609960597874
9.0,63.0,569.0400000000001,0.8317627046027107
9.0,57.0,521.4,0.7920210610101516
9.0,57.0,555.65,0.7928364579881153
11.5,57.0,607.65,0.36689582008078164
25.5,57.0,562.21,0.08816714934307682
37.5,57.0,499.56000000000006,-0.2236106733994102
44.5,57.0,455.03999999999996,-0.6514131365191478
50.0,56.0,332.60999999999996,-1.1175594222541925
50.0,43.0,162.04000000000002,-1.1505923531201794
50.0,22.0,60.64,-0.2893434374075128
50.0,22.0,65.41000000000001,-0.25671209930497285
50.0,32.0,93.01000000000002,0.24819951245198668
48.0,32.0,86.05,0.5911853526659211
48.0,32.0,96.03999999999999,0.34773776232692216
52.0,36.0,128.41000000000003,0.4699989361132046
56.0,36.0,114.88999999999999,0.18089620737174605
56.0,57.0,244.81,-0.7356272403592169
58.5,57.0,251.04000000000002,-0.8267203498277811
58.5,57.0,233.76,-1.0009674942041733
58.5,73.0,479.28999999999985,-1.092248925360128
53.0,73.0,646.24,-0.6173427377264533
46.5,73.0,715.36,-0.21525045457327535
32.5,73.0,802.6899999999999,0.09307560966335167
17.0,73.0,754.96,0.47235502786171935
17.0,63.0,528.4,0.6817875400283844
17.0,59.0,418.41,0.6118640584955375
21.5,59.0,513.9599999999999,0.2580038586656076
21.5,79.0,685.1600000000001,0.5909240318114628
21.5,79.0,681.69,0.6018859143913883
36.5,77.0,691.6099999999999,0.21175293383397994
47.0,77.0,652.01,-0.16212253381840908
50.5,76.0,502.56000000000006,-0.43090789884204905
55.0,65.0,350.76,-0.5432190481870911
55.0,54.0,207.4,-0.20750971972930646
57.0,35.0,114.4,0.6232435092486446
60.5,35.0,103.96000000000001,0.3422541467222996
64.5,35.0,107.8,0.0300200309816657
64.5,117.0,1024.56,2.3364088362110174
65.5,115.0,1253.04,1.5162702235092078
67.5,115.0,1289.16,1.1516312754139924
67.5,122.0,1426.44,1.0552450478105975
67.5,122.0,1405.9599999999998,1.0610970975571548
61.5,152.0,1847.5600000000002,0.6988471491039923
61.5,161.0,2284.5600000000004,0.462150539513656
61.5,163.0,2727.45,0.4417574541432073
49.0,163.0,3044.04,0.5822774387265494
26.0,163.0,3232.25,0.7822674703905266
19.5,130.0,1889.0,1.0514208277094166
19.5,106.0,1079.8399999999997,0.9636966689742912
19.5,108.0,1109.64,0.9974657751846671
19.5,108.0,1286.76,0.6850336598585147
19.5,123.0,1953.36,0.662011873555573
46.0,123.0,2100.21,0.23172423664834185
70.5,140.0,2442.45,-0.0026468683421223545
88.5,161.0,2747.8900000000003,-0.0842101071703333
104.0,156.0,2226.64,-0.3879405859247406
115.5,138.0,1684.2099999999998,-0.4827088485993373
119.0,102.0,950.8,-0.17338177226956814
119.0,93.0,860.89,-0.030659268957590698
119.0,93.0,934.8,0.07057825295068504
126.5,93.0,765.24,-0.18247372236340925
130.5,93.0,773.61,-0.2725174140109163
131.5,93.0,837.24,-0.5950578868335916
130.5,93.0,830.21,-0.411881811162429
125.5,90.0,669.8900000000001,-0.3348165038892685
119.5,115.0,1158.6100000000001,-0.4768779503361862
116.5,134.0,1550.29,-0.4536222149800922
103.5,146.0,2157.8900000000003,-0.24667700650680588
103.5,159.0,2849.9599999999996,-0.2174724688552461
83.0,160.0,3450.2399999999993,0.005023873089952789
38.5,160.0,3440.6400000000003,0.40769619340369806
28.0,160.0,3017.4900000000002,0.8600292940160873
28.0,118.0,1728.9599999999998,0.9451215202282367
28.0,157.0,2468.0099999999998,1.22258740087249
28.0,157.0,2063.6899999999996,1.5158283614101826
28.0,157.0,2589.29,0.9856820240045606
43.5,157.0,2712.8,0.600034149163326
69.0,157.0,2547.49,0.35486346788584977
79.0,157.0,2291.7599999999998,0.026083444202604385
89.0,202.0,3245.1600000000003,0.4875006772412269
99.5,186.0,2447.76,0.6960817201940372
104.5,153.0,1777.89,1.1693151889847937
109.5,135.0,1566.29,1.0393998401089388
107.0,135.0,1419.4099999999999,1.5281706705171663
107.0,135.0,1312.44,1.6535744418423337
107.0,135.0,1515.7600000000002,1.1566376059278352
109.5,135.0,1575.16,0.7225852228104067
109.5,138.0,1607.05,0.683937127200932
107.0,138.0,1682.8,0.702737715841892
103.5,107.0,1199.24,0.32037170570755097
102.5,129.0,1716.3600000000001,0.04878808325112645
97.5,156.0,2545.44,-0.07616983355215363
85.5,164.0,2902.4399999999996,0.14639674624720103
67.0,166.0,3392.16,0.3873586607695192
65.0,166.0,3304.8,0.5372495828186789
49.5,164.0,2264.04,0.8664062766701363
48.5,96.0,970.4099999999999,-0.07843641005575049
48.5,96.0,1032.2400000000002,-0.0564114778773188
48.5,113.0,1229.61,0.2242495387870849
48.5,113.0,1606.44,0.16931411310818426
64.0,134.0,2150.61,0.017257173653743435
77.5,134.0,1869.4099999999999,-0.30754057556836173
84.0,134.0,1524.85,-0.6167686645126095
92.5,94.0,796.6400000000001,-0.312108677471289
97.5,94.0,749.49,-0.5519784443662307
97.5,77.0,555.89,-0.19780174205145543
97.5,72.0,402.29,-0.041863483288973186
106.5,72.0,400.64,-0.4267543799131881
106.5,72.0,400.64,-0.4267543799131882
105.0,72.0,395.68999999999994,-0.3971272479481906
105.0,77.0,429.84000000000003,-0.22358578649796174
105.0,78.0,563.01,-0.348172297057908
97.5,94.0,773.7599999999999,-0.2088680766370055
90.5,125.0,1312.29,-0.39066903374580814
74.5,136.0,1877.4,-0.24590570199369025
74.0,137.0,2357.4,-0.1401043260147983
53.0,137.0,2667.3599999999997,0.16938632905418394
29.5,137.0,2537.44,0.585775921180704
15.0,137.0,2154.2899999999995,1.0920918941201632
15.0,137.0,1627.8899999999999,1.6859277742322756
15.0,61.0,535.01,0.5380363760598357
15.0,93.0,881.8100000000001,1.0286323784956746
15.0,95.0,1294.6899999999998,0.8162601948779428
27.5,95.0,1502.44,0.3660142075887061
51.0,117.0,1822.6,0.11205715464525476
76.0,114.0,1639.69,-0.2580393420771832
77.5,114.0,1277.96,-0.4842611094075958
91.0,103.0,913.96,-0.7352414395672554
91.0,80.0,595.04,-0.3170695605891973
91.0,75.0,554.6899999999999,-0.23111701144357125
94.0,75.0,553.01,-0.6277462906868794
95.0,75.0,563.9599999999999,-0.6584429160153682
96.5,75.0,589.6099999999999,-0.6851666971412954
96.5,75.0,589.64,-0.6480984567398487
89.5,62.0,498.64,-0.4897487133380753
87.0,62.0,490.2900000000001,-0.4439115842475822
87.0,62.0,512.61,-0.3915816352032718
77.5,62.0,558.36,-0.047023737188885466
77.5,103.0,994.05,-0.7190876552667809
77.5,103.0,1337.64,-0.6759129352606535
64.5,105.0,1512.3600000000001,-0.3170866749797737
52.0,105.0,1476.0899999999997,0.0533532189979139
28.5,87.0,1155.24,0.29346440083529945
18.0,87.0,902.61,0.6336536093789683
18.0,87.0,767.4100000000001,0.8461575979027619
18.0,66.0,558.04,0.4762912111369238
18.0,88.0,827.45,0.8245793052748557
18.0,111.0,1440.81,0.8368278967329786
33.0,163.0,2701.4399999999996,0.876373754594388
55.0,163.0,2990.0400000000004,0.4357654966340874
78.0,157.0,2597.0099999999998,0.1813200654310575
94.5,151.0,2131.0099999999998,-0.05983963702356315
94.5,141.0,1603.4899999999998,0.06789255545560642
94.5,121.0,1118.6100000000001,0.4252062220653723
98.5,97.0,801.0899999999999,0.8052673403258602
103.5,95.0,846.45,0.5015946533529306
109.5,95.0,827.9600000000003,0.15026818880602438
103.5,115.0,1220.45,-0.03729916171910329
103.5,120.0,1278.2,0.033730061639209476
98.5,123.0,1528.2900000000002,0.27264450598029755
89.0,140.0,1983.4,0.2598303833915246
75.0,160.0,2573.36,0.30644792248312414
65.0,160.0,3054.21,0.3278220063578122
47.5,160.0,3455.3599999999997,0.4864418739907596
37.5,163.0,3712.8900000000003,0.7626119860222098
19.5,165.0,3014.6399999999994,1.313312061290973
10.0,165.0,2265.5600000000004,2.1752594823759703
10.0,165.0,2287.0099999999993,2.3740023989826415
10.0,42.0,210.85,1.0244361229320644
10.0,112.0,1050.85,2.1716553692830756
10.0,141.0,2366.29,1.4337088915965952
10.0,141.0,2979.8899999999994,0.8299027506957142
25.5,141.0,3062.61,0.41833023156379523
58.5,141.0,2830.29,0.1714173821334883
77.0,141.0,2463.0899999999997,-0.06605281711219867
77.0,135.0,1981.89,-0.15628438704597603
84.0,135.0,1484.2900000000002,-0.3409699541829771
84.0,104.0,964.4,0.22658338092066868
84.0,103.0,954.6899999999999,0.24426319044269407
77.0,103.0,1025.76,0.5790526312292662
77.0,85.0,602.61,0.5031235104581456
73.5,62.0,321.49,0.04761186537513927
73.5,48.0,235.64000000000001,-0.46390250479368206
67.5,48.0,247.60999999999999,-0.11194623585457472
61.5,48.0,255.44,0.2687015069768235
57.0,69.0,427.01000000000005,-0.1816939169804357
53.0,66.0,421.16,-0.015561042641627155
49.0,77.0,586.29,0.013016824062986996
49.0,80.0,744.84,0.0356812414104851
38.0,85.0,912.6899999999999,0.1799839522981679
23.0,85.0,832.4400000000002,0.5625047515890678
15.5,85.0,723.89,1.0539760669483365
15.5,53.0,323.84,0.8901778280892926
15.5,65.0,419.36,1.1173123839178607
15.5,94.0,864.4100000000001,1.4242602470035375
17.0,94.0,1144.65,0.8498350694623108
17.0,94.0,1169.76,0.6048847797070369
38.0,94.0,1229.1599999999999,0.18488375804089568
59.5,94.0,1213.41,-0.21400121054928312
67.0,91.0,978.7599999999999,-0.5639638433723918
67.0,90.0,713.49,-0.6872765180567573
71.5,72.0,438.76000000000005,-0.7041883578160733
79.0,72.0,403.03999999999996,0.28641764290063193
82.5,72.0,414.23999999999995,-0.0638303034388826
82.5,74.0,540.9599999999999,0.10994994545754917
85.5,84.0,741.65,0.06623083424710018
85.5,84.0,620.4,0.06647331340673959
85.5,84.0,657.4,0.11227120650742262
83.0,101.0,984.4099999999999,-0.12537340461391006
83.0,127.0,1566.81,-0.4130584365332234
83.0,127.0,1908.8100000000002,-0.3881652727529106
71.5,127.0,2240.0099999999998,-0.05226776211475113
47.5,128.0,2237.6900000000005,0.31872925222047427
19.5,128.0,2246.89,0.7168254052074011
11.0,128.0,1674.4900000000002,1.254236267878842
11.0,75.0,652.65,1.1747193054406764
11.0,70.0,601.4,1.1244603686705383
11.0,70.0,538.3599999999999,1.1378580027228122
11.0,93.0,1020.1600000000001,0.9906165514245965
18.0,108.0,1498.45,0.6587204567972964
41.0,124.0,2025.0900000000001,0.36720264712354156
65.0,125.0,2284.69,0.019494673805342064
83.5,124.0,2019.0100000000002,-0.34734375700653536
100.5,115.0,1517.4,-0.6899613927334938
108.0,103.0,981.0900000000001,-1.0340441199063506
108.0,69.0,437.24000000000007,-0.797473616260781
108.0,69.0,400.49,-0.8378659499172741
110.0,50.0,227.95999999999995,-0.40838410701903716
111.5,57.0,262.81,-0.5858098846678779
111.5,57.0,320.89,-0.34500487457099765
108.0,57.0,298.89,-0.07091307456895027
105.0,57.0,271.2900000000001,0.3000385402396981
100.5,103.0,741.76,-0.9809439590937448
97.0,120.0,1330.3600000000001,-0.7987238527395049
92.5,123.0,1754.36,-0.4180565124054733
83.5,132.0,2201.6899999999996,-0.11207054610651822
60.5,132.0,2515.29,0.15001595548374275
24.5,135.0,2297.69,0.5143964528491929
14.5,103.0,1551.2100000000003,0.7750485558089137
14.5,103.0,1277.2,1.155477896402031
14.5,96.0,756.36,1.467476103263291
14.5,110.0,969.4400000000002,1.6993058400184973
14.5,110.0,1394.4,1.0803042834270797
27.0,110.0,1543.81,0.604440124725493
43.5,113.0,1882.1599999999999,0.22976935242444915
64.5,115.0,1940.4,-0.12235218755006827
90.0,126.0,1919.1599999999999,-0.4529111490908391
90.0,115.0,1314.0,-0.6446256277524746
90.0,86.0,766.61,-0.5007764823312459
95.0,81.0,503.48999999999995,-0.6258542257628549
104.0,48.0,280.05,-0.045129134669690964
95.0,85.0,591.24,-0.6851749115396282
103.5,85.0,675.05,-0.7376946963932013
115.0,97.0,783.6900000000002,-0.8780994772666925
113.5,97.0,778.5600000000001,-0.8574906712004045
102.0,97.0,834.8399999999999,-0.45034155897789724
88.0,97.0,1000.0099999999999,-0.1465989694776636
86.0,133.0,1661.44,-0.4106226359163113
83.5,133.0,2208.21,-0.24842424849418995
59.0,133.0,2598.84,0.056619443911188116
43.0,133.0,2440.76,0.4683606880424657
31.0,136.0,2696.21,0.5179304315557741
16.5,136.0,2191.16,1.0022801811726225
16.5,108.0,1181.01,1.0935481159803944
16.5,76.0,775.89,0.6708752527159495
16.5,76.0,711.4100000000001,0.652092559384589
16.5,81.0,973.0099999999999,0.5496441847382774
34.0,81.0,940.6100000000002,0.18112492738224026
55.0,81.0,942.8,-0.19930415109938862
63.0,97.0,986.04,-0.39596120577211397
72.5,97.0,884.4,-0.8550228708349571
75.0,85.0,498.16,-1.111111628315717
75.0,50.0,183.49,0.11094143272951953
79.0,46.0,198.05,0.518699597404559
77.5,46.0,199.16,0.5766315274520433
80.0,46.0,179.81,0.4308169519950934
80.0,62.0,334.85,0.6866709421395883
82.5,66.0,448.61,0.6664118230191969
82.5,85.0,622.05,0.232679022050587
78.5,96.0,843.49,0.22225432419145386
73.5,98.0,1049.4899999999998,0.2995035500432649
71.0,111.0,1335.49,0.2603657454723411
66.0,111.0,1356.69,0.3278578130257714
51.5,111.0,1265.8,0.7493282245738514
46.0,111.0,1312.1599999999999,0.981623527325721
41.5,111.0,1334.2100000000003,1.295232680786095
41.5,111.0,910.85,1.7659147671834594
37.0,62.0,274.85,0.4033903670850775
37.0,62.0,268.61,0.5544955122632336
38.5,132.0,1260.05,1.7240858377790258
42.0,132.0,1975.0100000000007,1.0411451775927771
50.5,132.0,2141.96,0.5768305602558398
59.5,132.0,2185.96,0.3038740491961426
87.0,149.0,2696.36,0.011283449600680973
110.0,149.0,2501.2,-0.36150128784154106
110.0,149.0,2069.2,-0.6128018126087981
110.0,149.0,2204.29,-0.5109016787684552
110.0,122.0,1371.81,-0.44923199190247753
123.0,133.0,1322.6399999999999,-0.021882033744442447
123.0,133.0,1297.0900000000001,0.02119727507903009
114.0,133.0,1264.45,0.2857100839172311
106.5,133.0,1272.6399999999999,0.45341078087048253
114.0,133.0,1246.89,0.2662398979585815
106.5,133.0,1059.3600000000001,0.6447237042730009
104.5,153.0,1594.01,0.24573390711869944
105.0,153.0,1576.2,0.15491554192620877
105.0,174.0,2145.6899999999996,-0.28622681044568654
105.0,181.0,2961.96,-0.20033708072437567
104.5,130.0,2164.2400000000002,-0.350249705355322
93.5,118.0,1783.0,-0.3636106807508614
67.0,118.0,1665.0099999999998,-0.06344478527734317
46.0,118.0,1538.2899999999997,0.29952576444920714
46.0,98.0,1077.01,0.3043031811907398
46.0,98.0,804.69,0.40475832159279485
54.5,135.0,1533.3600000000001,0.6536961765988456
54.5,135.0,1394.09,0.7639944319644518
58.0,135.0,1182.01,0.8007310631457034
58.0,108.0,856.1600000000001,1.4659085824993001
60.5,101.0,735.8400000000001,1.6675557494843893
60.5,101.0,735.8400000000001,1.667555749484389
64.5,101.0,896.61,1.0179580435804574
66.5,86.0,768.6900000000002,1.2195077909980463
75.0,86.0,773.76,0.8567478273432336
77.0,86.0,721.89,0.8831900565086234
70.0,64.0,370.76,0.9524350483801309
70.0,64.0,365.64,1.028448732522117
76.5,64.0,328.80999999999995,0.8594167230470157
82.5,54.0,276.16,0.781456793044311
82.5,71.0,364.05,0.24320092867501242
76.5,83.0,549.8900000000001,-0.003453492105190991
70.0,86.0,647.65,-0.6001993270387629
70.0,99.0,1022.6900000000002,-0.5145462744055257
59.0,92.0,1040.36,-0.2378614525273615
43.0,92.0,1195.4,0.10620747157446765
26.5,93.0,1277.81,0.4606509686897313
18.5,93.0,1079.56,0.9066927086724902
18.5,93.0,760.8399999999999,1.2771319007747024
18.5,69.0,488.2,0.716424535507986
18.5,69.0,558.76,0.6812475239330936
18.5,89.0,937.8400000000001,0.7218264995853643
30.0,146.0,2094.16,0.9766173165799211
50.0,146.0,2323.01,0.5220732062169694
66.0,146.0,2312.6099999999997,0.1257563327081718
79.0,146.0,1877.4900000000002,-0.08894406712788563
79.0,127.0,1389.1600000000003,0.20003681581463092
89.0,109.0,1047.25,0.1456965091803168
89.0,99.0,885.25,0.3485215085626787
99.5,99.0,920.4399999999999,-0.04184808888254935
107.0,99.0,791.29,-0.34536707691956503
107.0,99.0,822.2,-0.2421806692937159
96.5,73.0,569.6099999999999,-0.46399131843717156
84.0,73.0,622.41,-0.12487809348586906
80.5,82.0,703.44,0.12200323744886428
69.5,100.0,971.89,0.11546549864996454
69.5,112.0,1287.4,-0.08435159081038329
55.5,119.0,1439.65,0.16014319847387595
46.0,121.0,1725.0099999999998,0.2920142631348227
31.0,105.0,1305.0900000000001,0.5008125980919036
16.0,80.0,873.4399999999999,0.7095005798599365
16.0,80.0,644.0899999999999,0.7942018043507467
16.0,51.0,330.09,0.40109916188690714
16.0,66.0,440.0400000000001,0.7367432227583598
16.0,97.0,933.04,1.091659352799249
20.5,97.0,1099.44,0.6235902250322358
39.0,97.0,1236.69,0.2018085603967407
57.0,97.0,1112.6100000000001,-0.15133441955079893
68.0,92.0,957.8099999999998,-0.48890664126321215
68.0,89.0,666.8399999999999,-0.6819481105959625
71.5,67.0,425.65,-0.45295292523325514
74.0,67.0,358.96,-0.798828137154966
74.0,44.0,207.85,0.11973672936112945
78.5,44.0,200.49,-0.17417328814488503
78.5,76.0,420.00999999999993,1.0028715933400898
78.5,76.0,423.28999999999996,1.0156322981794803
78.5,76.0,442.75999999999993,0.8272784744037787
82.0,76.0,424.0400000000001,0.7339600866692196
77.5,108.0,757.49,-0.08142978978132008
77.5,108.0,879.8100000000001,-0.06356560801452821
73.0,124.0,1212.85,-0.025916985113822354
63.0,126.0,1534.85,0.13566863941525137
54.5,126.0,1804.85,0.2501017513432525
29.5,126.0,1876.2900000000002,0.6124194889067828
25.5,92.0,1095.56,0.6627931660926665
25.5,92.0,952.4100000000001,0.9980078246478182
25.5,77.0,604.24,0.8178516972506217
25.5,108.0,1015.6099999999999,1.4303288738709015
33.0,108.0,1399.84,0.8415347262763595
33.0,147.0,2514.7599999999998,0.757939105640111
48.0,147.0,3107.81,0.3863534902467701
79.0,147.0,2793.65,0.06885286498462061
102.5,144.0,2299.0099999999998,-0.21922341514041796
102.5,122.0,1600.4,-0.26054603912903324
102.5,114.0,1183.6399999999999,-0.12679052684901834
103.5,92.0,751.0,0.2277474796018192
109.0,87.0,737.6099999999999,0.4365966529359715
109.0,87.0,739.0399999999998,0.3157673927218975
117.5,87.0,706.5600000000001,0.058486966179969284
117.5,93.0,837.2900000000002,0.1990725270387185
117.5,93.0,764.36,0.30470765721702947
117.5,93.0,801.76,0.3398155371449163
112.0,143.0,1608.25,-0.5148255179291337
112.0,161.0,2576.5600000000004,-0.5789611056112444
112.0,161.0,3238.4100000000003,-0.44489371825221313
109.5,168.0,4049.44,-0.17820850102044952
60.5,168.0,3856.0,0.18085582667458494
19.5,168.0,3869.09,0.5795577733285904
10.5,168.0,3527.4899999999993,1.0630712658490027
10.5,134.0,1875.8400000000001,1.516092189312961
10.5,96.0,961.45,1.3658023309328757
10.5,140.0,1756.0899999999997,1.8008332042073545
10.5,140.0,2558.0899999999992,1.0882608881521953
19.5,183.0,4187.85,0.7779275287870462
49.0,183.0,4733.85,0.3296119623454226
85.0,179.0,4193.5599999999995,0.08329876895760084
91.0,179.0,3567.09,-0.09331661969229245
91.0,178.0,2825.8900000000003,-0.11126038418002215
92.0,158.0,1940.2900000000002,0.11749771405615349
92.0,129.0,1557.2,0.5433166318811261
92.0,129.0,1525.45,0.5469933722555465
92.0,129.0,1661.9599999999998,0.4841769473269547
86.0,129.0,1760.4099999999999,0.7527515815641793
86.0,103.0,1091.21,0.8064820699672346
86.0,103.0,734.81,1.1206786562794382
83.0,103.0,739.6100000000001,1.2801350855454454
79.5,125.0,1042.2400000000002,0.6915792290055017
79.5,148.0,1555.69,0.16699820651341188
74.0,154.0,2041.2100000000003,0.2152561577392321
74.0,155.0,2447.85,0.22736832347221334
51.0,155.0,2740.8900000000003,0.4627250705886403
20.5,111.0,1798.4099999999999,0.49305214232720657
7.0,111.0,1810.7600000000002,0.8562660071898079
7.0,98.0,1584.8400000000001,0.7940916260909967
7.0,95.0,1223.4,0.8622041164221961
7.0,120.0,1792.8899999999999,1.045594510479386
7.0,122.0,2516.0099999999998,0.6482783903908418
34.5,122.0,2618.36,0.23586416140968688
72.5,122.0,2398.4,-0.09107429374651324
83.0,121.0,2055.6099999999997,-0.4439982423424385
83.0,121.0,1596.7599999999998,-0.7548928257414661
91.0,119.0,1139.29,-1.1215459575057551
91.0,60.0,417.03999999999996,0.23111177701296773
83.0,66.0,533.65,0.2795881197995439
88.0,66.0,456.16,0.16351821861759117
88.0,66.0,376.9599999999999,0.21071832300982643
88.0,107.0,797.2099999999999,1.2587584720805742
88.0,107.0,919.6100000000002,0.8554226360871835
96.5,107.0,984.8,0.4206956874403973
96.5,107.0,1153.01,0.3400310858276526
96.5,107.0,1113.49,0.3248422150362322
86.0,126.0,1414.0,0.3999179056824609
86.0,149.0,1961.8400000000001,0.1382433474502174
86.0,157.0,2482.8400000000006,0.012430743053000758
69.5,162.0,3031.96,0.190284955999025
48.5,162.0,3343.6,0.49012957608509883
27.5,131.0,2359.81,0.7813312023843868
27.5,131.0,1652.2900000000002,0.9720726216057418
27.5,78.0,731.8100000000001,0.3879010520604593
27.5,109.0,1261.0099999999998,0.7666666701516861
27.5,109.0,1503.2,0.7587822410971937
31.0,173.0,3137.6099999999997,0.9031717803200405
56.0,173.0,3161.6400000000003,0.5182712375599426
75.0,173.0,2836.36,0.2983248330660976
94.0,172.0,2376.81,0.06271164048155548
94.0,164.0,1735.61,0.22993770241949005
94.0,130.0,1163.2900000000002,1.0205087399115338
94.0,130.0,1193.44,0.9918064578050863
104.0,115.0,967.8100000000001,1.0690183043377595
104.0,115.0,965.5600000000001,1.0811565849808078
104.0,115.0,965.5600000000001,1.081156584980808
94.0,54.0,362.36,-0.13421329584970984
94.0,68.0,487.16,0.11395505184656202
89.0,68.0,566.8,0.16878455062185663
73.0,72.0,634.01,0.4668517965854224
70.0,113.0,1067.85,-0.19797579586672956
67.0,113.0,1419.24,-0.1743766447129338
67.0,122.0,1826.4,-0.12755054418912046
59.5,122.0,1872.4099999999999,0.2337879933663442
37.0,123.0,1757.9599999999998,0.6313223331305647
24.0,123.0,1417.05,1.1197562062329411
24.0,123.0,1327.05,1.3389404397692035
24.0,105.0,1030.4100000000003,1.0365198065156347
24.0,107.0,1522.5600000000002,0.9031491003392723
24.0,107.0,1924.0,0.6338968294406262
41.5,107.0,2047.25,0.20946660909340287
66.5,107.0,1923.0899999999997,-0.12352847967681434
86.5,107.0,1640.0400000000002,-0.5055712542890837
95.5,107.0,1249.65,-0.9464792137691984
95.5,82.0,649.4100000000001,-1.122117193495887
95.5,61.0,339.81,-0.7901046766618535
100.0,42.0,187.41,-0.563222386285735
99.0,42.0,168.45,-0.49028403081819316
95.5,52.0,246.36000000000004,-0.599411626293719
95.5,52.0,219.76,-0.6673433775529266
95.5,66.0,330.01,-0.03377202970558805
99.0,66.0,347.29,-0.39748339622730705
99.0,89.0,662.44,-0.6981652200481026
93.5,91.0,921.0,-0.39444745003617143
85.0,115.0,1393.01,-0.33270968677805185
79.5,122.0,1868.0400000000002,-0.21338202105742804
48.5,122.0,1969.89,0.15814998152784351
36.0,125.0,2052.21,0.5285579259883316
23.0,125.0,2191.6,0.745067783301199
9.0,125.0,1952.8400000000001,1.27203942666713
9.0,112.0,1024.6399999999999,2.0035891151780865
9.0,81.0,561.81,1.5416755673053988
9.0,81.0,612.45,1.3235888927706765
9.0,93.0,1073.24,1.0585084098297222
15.5,93.0,1308.5600000000002,0.5581504696399415
36.5,116.0,1739.0900000000001,0.3140601987149987
65.5,116.0,1763.0099999999998,-0.08419834134637405
72.0,112.0,1423.2400000000002,-0.2900819183767055
72.0,112.0,1094.24,-0.41789874325484405
83.0,93.0,670.01,-0.3888814895219294
83.0,69.0,475.60999999999996,0.1237306935789578
73.0,69.0,540.25,0.3479443283151467
84.5,69.0,480.25,0.04800232594807669
80.5,69.0,453.55999999999995,0.25369411027803707
78.5,69.0,447.61,0.3242055099628871
78.5,51.0,269.64,-0.14069843317158492
69.5,50.0,276.84,-0.2295008589065446
67.0,50.0,287.68999999999994,-0.12275349688483377
66.0,71.0,494.0,-0.5172819532133093
52.5,81.0,679.4399999999999,-0.37043871021954344
52.5,85.0,910.0,-0.2637257176976126
47.0,85.0,1100.4399999999998,-0.04628962871619102
28.5,76.0,990.5599999999998,0.29762763602802667
14.0,76.0,861.25,0.7348678550063783
9.0,77.0,632.5600000000001,1.2215544431098808
9.0,52.0,271.8,1.259453234818206
9.0,105.0,1003.8899999999998,1.849466778215533
9.0,105.0,1099.9599999999998,1.647531843817852
9.0,105.0,1146.04,1.3050264425814204
16.0,105.0,1438.3600000000001,0.7399854586049793
36.0,105.0,1489.56,0.3157030051167785
59.0,105.0,1460.85,-0.07135815195490429
76.0,105.0,1278.3600000000001,-0.4611846664175444
84.0,144.0,1564.6899999999998,-0.18377955066023374
84.0,125.0,1013.01,0.18713426896851287
84.0,97.0,627.89,1.0020486105764146
84.0,97.0,724.96,0.8501494976879747
87.5,97.0,741.9599999999999,0.43194928486375717
91.5,80.0,528.8100000000001,0.7611115836626721
95.0,80.0,532.04,0.5440410192400008
104.0,2220.0,430095.00999999995,2.6608464660634263
113.5,12419.0,13687910.959999997,2.527352842328832
113.5,12474.0,13709634.8,2.5262085147411653
104.0,12474.0,13745584.01,2.5246972844922437
104.0,12485.0,13765428.89,2.5236961020123525
104.0,12485.0,13787442.409999996,2.5226688091759257
61.5,12485.0,13823588.410000002,2.521234654293772
18.0,12485.0,13855994.489999998,2.520046760230616
18.0,12485.0,13876092.89,2.5193695505214944
17.5,12485.0,13900616.65,2.5186069300717597
17.5,12485.0,18372034.089999996,1.6572910251678832
17.5,9671.0,13244588.41,1.519256584544789
23.5,9671.0,16838646.360000003,0.8888227662594875
26.0,10003.0,20475757.56,0.43278269102308214
4266.0,10003.0,21172902.009999998,0.023684623098402635
6774.0,10003.0,18832034.56,-0.20321832969266843
6774.0,9998.0,18744993.96,-0.2024670845909888
6774.0,9981.0,15888198.959999999,-0.4305469041266993
6852.0,9981.0,12520399.440000001,-0.6644025157330098
6852.0,9917.0,9023637.29,-0.6879721190820512
6932.0,9997.0,9869330.0,-0.6333937284545126
5123.0,9997.0,9393200.01,-0.2800803609757544
5042.5,10001.0,11672562.809999999,-0.028230273615776603
5042.5,10001.0,9220782.809999999,0.04200461696960729
5042.5,10001.0,9182748.36,0.03806549058650825
5120.5,10001.0,11576792.8,-0.06368034139877796
5120.5,10001.0,9750760.84,0.080730358981432
4664.5,10076.0,12503063.559999999,0.10882573615389696
4061.5,10078.0,14730627.610000003,0.2723777157987118
3118.0,10082.0,16559600.889999997,0.3998684451104026
1162.0,9941.0,13587173.639999997,0.8109862845008079
46.0,9941.0,14279384.810000002,1.015937783116751
13.5,9941.0,14313379.160000002,1.0150062866496983
13.5,9941.0,18330205.45,0.814092812532262
13.5,9941.0,16108196.439999998,0.9126161260016463
13.5,9689.0,14651771.89,0.8862481967152576
13.5,9689.0,15851677.41,0.5487036868431887
3263.5,9689.0,17841987.009999998,0.14392030725247007
6583.0,9689.0,16346376.64,-0.2036247274144495
