39.0,89.0,498.58235938641343,0.75449830967091
39.0,89.0,496.8100803506209,0.7332869304482591
39.5,89.0,492.9481373265158,0.6939501077767332
39.5,89.0,493.18937180423666,0.6949708854283384
39.5,89.0,484.2821402483565,0.7445750235082861
39.5,89.0,475.0569758948137,0.7937604450665859
39.5,89.0,460.7028853177502,0.8043835558593195
39.0,89.0,446.85609934258576,0.8720800060377787
39.0,89.0,449.7642439737034,0.9137362665845786
39.0,89.0,463.022096420745,0.8893006660400652
39.0,89.0,465.5792549306063,0.9133767050829535
39.0,89.0,468.569211102995,0.9106139433332342
39.0,89.0,476.6276479181885,0.881134925955539
39.0,88.0,439.2731921110299,0.896942160291952
39.0,88.0,448.46110299488686,0.9017476284250033
38.5,88.0,448.1440832724617,0.9285058906316459
38.5,88.0,457.8372899926954,0.9072940478572056
39.0,88.0,450.71804236669107,0.9016843665829896
39.0,88.0,435.78159240321406,0.9324574818628536
39.0,88.0,428.2045288531774,0.934238489538585
39.0,88.0,426.4747991234477,0.9112039493580976
39.0,88.0,424.9262235208181,0.9025242694102052
39.5,88.0,433.2008765522279,0.8405011820735933
39.5,88.0,436.1411614317019,0.8433047099522106
39.0,88.0,436.8224981738495,0.8654991209381812
39.0,88.0,431.2439737034332,0.8950442833618265
39.0,88.0,419.27629656683706,0.9657082552578278
39.0,88.0,405.3053323593864,1.0357210587690784
39.0,88.0,390.14919649379107,1.0998191253363754
39.0,88.0,380.262965668371,1.1803158193793488
39.0,88.0,347.8560993425858,1.1704983486645182
39.0,88.0,315.9488677867057,1.1454890444929264
39.0,88.0,317.9737034331629,1.1117435110782452
38.5,88.0,295.972242512783,1.153404635876221
38.5,88.0,297.468407596786,1.1457693853463606
39.0,88.0,297.1972242512783,1.1143257043480048
38.5,85.0,258.73776479181885,0.9767355306276418
38.5,85.0,261.69393718042363,0.9559166407832446
38.0,88.0,276.8993791088386,0.8557829109348478
37.5,88.0,284.36303871439,0.8402783913036631
37.5,88.0,287.8188458728999,0.8166688755131507
37.5,88.0,279.9211102994887,0.8848303735937344
37.5,88.0,282.0695763330898,0.8758590074012452
37.0,88.0,281.60938641344046,0.9012213503871938
37.5,88.0,279.7905405405405,0.8691281012467206
37.5,173.0,539.1842585829071,3.010033703291896
37.5,173.0,530.7912710007305,3.064431420758082
37.0,173.0,532.5385317750182,3.0896020561210342
37.5,173.0,532.3089846603361,3.0864149872138267
38.0,173.0,531.5200876552228,3.0728831163876085
38.5,173.0,530.8188458728999,3.0520727040892828
39.0,173.0,528.6313002191381,3.0233788782803277
39.0,173.0,527.7167640613586,3.017732448697968
39.5,173.0,527.7487216946677,3.005201905798068
39.0,173.0,527.4331628926224,3.0349810083682347
38.5,173.0,528.495434623813,3.0373353404787626
38.5,173.0,517.139700511322,3.1083436553767627
38.0,173.0,480.47479912344784,3.3981874713765516
37.5,173.0,471.11486486486484,3.5441775254119037
37.5,173.0,471.11486486486484,3.5441775254119037
37.5,173.0,472.2762965668371,3.5311882698651
37.0,173.0,478.9912344777209,3.4814693910093624
37.0,173.0,481.83126369612853,3.460011348797082
37.0,173.0,483.52684441197954,3.4479884685208995
37.5,173.0,483.987034331629,3.408827004373002
38.0,173.0,485.0591672753835,3.365078991148731
38.0,173.0,496.5588020452885,3.264739880191352
38.0,173.0,501.4565376186998,3.2228855373951317
37.5,173.0,501.88897005113205,3.2329226072957438
37.5,173.0,501.6875456537618,3.2332601467761286
37.5,173.0,505.33162892622363,3.21606559447784
37.5,173.0,506.640065741417,3.1963245505465525
36.5,173.0,507.5385317750182,3.208578960131559
36.5,173.0,510.0761504747991,3.1901742924705117
36.0,173.0,510.6283783783784,3.199012080583628
36.0,173.0,513.6099342585829,3.2143836313128147
35.5,173.0,508.2512783053322,3.304530657576873
35.5,173.0,508.48593864134403,3.293346442435266
35.0,173.0,508.97078159240334,3.3145150284154083
35.0,173.0,508.48867786705614,3.340211349953883
34.5,173.0,500.17111029948865,3.466931601053855
34.5,173.0,503.4777209642075,3.4034961275836757
35.0,173.0,501.13020452885314,3.403044754348332
35.0,173.0,477.54930606281954,3.637300552558217
35.0,173.0,481.6953981008034,3.6044389405028827
35.0,173.0,482.3813002191379,3.5992081490473207
34.5,173.0,477.61285609934254,3.6858383125056218
34.0,173.0,478.57505478451424,3.6942168108542823
34.0,173.0,475.69758948137314,3.721174859185679
33.5,173.0,480.8708911614317,3.6902275489578824
33.5,173.0,476.6707450693938,3.730191088367439
33.0,173.0,479.12783053323597,3.7387151901560296
33.0,173.0,481.4799123447773,3.7549018738981164
32.5,173.0,481.83053323593856,3.778995182107487
31.5,173.0,486.16946676406127,3.7770051355890826
30.5,173.0,485.88897005113216,3.801773651987334
30.5,173.0,470.596238130022,3.972963694517172
30.5,173.0,473.4815558802046,3.9504650496088516
30.0,173.0,474.16818845872893,3.9599108293490226
30.0,173.0,471.3162892622352,4.002602588586274
30.5,173.0,473.20087655222795,3.9450986619503428
31.5,173.0,472.3155588020453,3.9347119377153943
31.5,173.0,478.4054054054054,3.848973573669735
32.5,173.0,478.0781592403213,3.8456699731439405
32.5,173.0,473.7613221329436,3.9093788670442042
31.5,173.0,468.9437545653762,4.003493831584715
31.5,173.0,464.2140248356465,4.081518345106423
31.5,173.0,464.2140248356465,4.081518345106423
31.5,173.0,454.5808984660336,4.2408445883364
31.0,173.0,454.4479547114682,4.288304288850278
31.0,173.0,458.1146822498174,4.245194273661956
31.0,173.0,462.10591672753816,4.194037056036342
31.0,171.0,456.03214024835637,4.280364749638035
31.0,171.0,459.3564645726808,4.23483497551545
31.0,171.0,456.51734842951066,4.267749113623368
31.0,171.0,455.3734477720965,4.278122012269062
31.0,171.0,460.7348429510592,4.2092007297282
30.5,171.0,464.2426953981008,4.191288330510347
30.5,171.0,463.32505478451424,4.2078307850384205
30.0,63.0,172.10682980277576,0.4912924875462731
30.0,63.0,171.8964572680789,0.4978257537619998
30.5,63.0,171.54127100073046,0.4846913136613469
30.5,63.0,170.5880204528853,0.5033354508413129
30.0,63.0,168.13586559532504,0.553534619659377
30.0,63.0,165.2783053323594,0.5659228177916483
30.0,63.0,159.37856099342585,0.5440968954444448
30.0,63.0,168.47772096420746,0.5801489492425725
30.0,63.0,165.57505478451424,0.6083687516530293
30.0,63.0,165.57505478451426,0.6083687516530291
30.0,63.0,174.08035062089118,0.5892813812239817
30.0,70.0,182.30624543462383,0.7477291128747443
30.0,70.0,182.30624543462383,0.7477291128747442
30.0,70.0,185.00894813732648,0.7435394214420809
30.0,70.0,184.78834915997078,0.7502910834487991
30.0,70.0,189.60938641344046,0.7002251901598674
30.0,70.0,187.84660336011686,0.6993216286798659
30.0,70.0,189.2426953981008,0.6978053542313927
30.0,70.0,193.53250547845144,0.6802604292967616
29.0,70.0,190.21694667640614,0.7414907901540546
28.0,70.0,183.73046018991965,0.7963320837803466
28.0,70.0,178.99707815924032,0.8172331472825721
28.0,70.0,177.7991234477721,0.8217940570892304
28.0,70.0,181.4691380569759,0.8321925232053246
28.0,70.0,181.63568298027758,0.8543167081334276
28.0,70.0,183.7027027027027,0.794577088717265
28.0,70.0,182.56683710737767,0.7934985806981651
28.0,70.0,182.88020452885317,0.8087691974184291
28.0,70.0,187.6683710737765,0.7423390167551221
28.0,70.0,188.27100073046017,0.7661885769092028
28.0,70.0,187.91398831263695,0.7246533344019819
28.0,70.0,190.00511322132942,0.6906900018074232
28.0,75.0,224.80423666910158,0.9995403785928046
28.0,75.0,231.78159240321406,0.9369374038477888
28.0,75.0,244.19649379108833,0.8950993384044419
28.0,75.0,274.9254930606282,0.9545432252622539
28.0,75.0,273.8159240321403,0.9577148475797188
28.0,75.0,274.8444119795471,0.9458494290352734
28.0,75.0,277.018261504748,0.9804691028789632
28.0,75.0,274.88988312636957,0.9764560585824059
28.0,75.0,281.8964572680789,0.9395294851632399
28.0,75.0,274.022096420745,0.9680771098782277
29.0,75.0,273.76059167275383,0.9599162119517131
29.0,75.0,273.7605916727539,0.9599162119517128
29.0,75.0,274.6488312636962,0.9553318150365231
29.0,75.0,275.2892622352082,0.9576405109327437
29.0,75.0,275.9576333089846,0.956328404270732
30.0,75.0,273.913988312637,0.9281379498270708
30.5,75.0,273.85975164353533,0.9024588197599421
31.0,75.0,271.5012783053324,0.8620999908844382
31.5,75.0,274.6552227903579,0.8125552489533577
31.0,75.0,271.9138056975895,0.8597894141409593
31.5,75.0,272.79127100073043,0.8023152769591193
32.0,75.0,280.68024105186265,0.738874348130056
31.5,75.0,279.2076333089846,0.7828586919198359
31.5,75.0,276.845872899927,0.8069181826349092
31.0,75.0,278.1141344046749,0.8340450732024266
31.0,75.0,269.95325054784513,0.8842599977320897
31.0,75.0,269.9642074506939,0.8891339860949332
30.5,75.0,269.70726807888974,0.9351675293803585
30.5,75.0,270.1484660336011,0.9138549473709195
30.5,75.0,269.82414170927683,0.9197774477271667
30.5,75.0,272.4041271000731,0.9156430263525787
30.0,75.0,275.7596785975164,0.92379086470845
30.0,75.0,276.11559532505476,0.9229103726094846
30.0,75.0,273.2381300219138,0.9350602434673208
30.0,75.0,272.6634404674945,0.9396322177729554
30.0,75.0,272.22352081811533,0.9418438788182018
30.0,75.0,265.45872899926957,0.9698938427269828
30.5,75.0,264.24488677867055,0.9390733378626623
31.5,75.0,267.9379108838568,0.874866450123719
31.5,75.0,260.5018261504748,0.9045616183040995
32.0,75.0,258.80350620891164,0.8608176623473444
32.0,75.0,265.3310810810811,0.8314893485542958
33.0,75.0,264.75456537618703,0.8176276320583452
32.0,75.0,264.84002921840766,0.8221600656545905
32.0,75.0,265.89846603360115,0.829584999492369
32.0,75.0,280.86194302410524,0.7899776371297691
32.0,75.0,280.48575602629654,0.7875646231758003
32.0,75.0,280.1555880204529,0.7982826744107068
32.0,75.0,278.8665084002922,0.8323400708387659
32.0,75.0,273.57487216946674,0.9000347185438221
32.0,75.0,273.872899926954,0.8890920842308009
32.0,75.0,275.13020452885314,0.8637334950856459
32.0,75.0,268.79273192111026,0.9228337780270942
32.0,75.0,242.3564645726808,0.8914164900471845
32.0,75.0,242.3265157048941,0.8967768859394152
32.0,75.0,238.45452885317752,0.9036990113829487
31.0,75.0,242.127100073046,0.9110794310919906
31.0,75.0,237.03378378378378,0.9611600059965516
31.0,75.0,236.46457268078888,0.9583874858604552
31.0,75.0,234.69777209642072,0.9657030007404367
31.0,75.0,232.11102994886775,0.9896347547494709
31.0,75.0,228.7664353542732,0.9993282721937133
31.0,75.0,230.19083272461654,1.0004671671113798
31.0,75.0,231.4353542731921,1.0006937521835981
32.0,75.0,234.6473703433163,0.9320768690753449
32.0,75.0,232.12636961285608,0.9539920963053109
32.0,75.0,231.34623813002193,0.9506034102604415
31.0,75.0,231.6875456537618,0.9954365765949151
31.0,75.0,229.07249817384954,1.0198990856251662
32.0,75.0,228.01186997808622,1.008264349708715
32.0,75.0,237.07249817384954,1.0065578395109442
32.0,75.0,245.5975164353543,0.9343980946017104
32.0,75.0,247.16946676406135,0.9097913749870119
32.0,75.0,246.26826150474798,0.9309405673186507
32.0,72.0,215.62235208181153,0.7662280771651693
32.0,72.0,210.55021913805697,0.8288018082998344
32.0,72.0,199.70781592403213,0.867583753651223
31.0,60.0,172.2279035792549,0.651597907019026
31.0,60.0,167.10317750182614,0.6960622979448601
30.0,60.0,168.3506208911614,0.7404882910894873
30.0,60.0,165.39663988312634,0.743966023181093
30.0,60.0,167.15558802045288,0.7464753126663003
31.0,56.0,159.49251278305331,0.8022787708641846
31.0,56.0,160.88038714390066,0.8099830429841677
30.0,64.0,171.60792549306063,0.6847244308306453
30.0,64.0,171.06592403214026,0.6774814719546722
31.0,64.0,167.27319211102994,0.6661133048682318
31.0,64.0,167.03451424397372,0.6658686312891778
31.0,64.0,164.86997808619432,0.665233319955976
31.0,64.0,170.67859751643536,0.6414508669009134
30.0,64.0,172.40759678597516,0.6743491948231601
30.0,64.0,169.39243973703435,0.7041579776752124
30.0,64.0,169.39243973703435,0.7041579776752124
31.0,64.0,172.60062089116144,0.6522709459183218
31.0,64.0,169.01899196493792,0.6762776127556759
31.0,64.0,159.36322132943755,0.6922626495005062
32.0,64.0,168.08491599707818,0.654139114528648
32.0,68.0,188.44777209642072,0.7753331601484822
32.0,68.0,187.11997808619427,0.7561159917616899
32.0,68.0,205.30387143900654,0.7907470182380371
32.0,68.0,205.84167275383493,0.8005299524123538
32.0,68.0,204.38056975894816,0.7888649444190003
32.0,68.0,204.0065741417093,0.801658839103733
32.0,68.0,205.79784514243974,0.8298785475763134
32.0,68.0,211.531957633309,0.7634481771477695
32.0,68.0,208.50054784514242,0.7699404263012514
32.0,68.0,212.46676406135865,0.7094001699588046
32.0,68.0,212.1345872899927,0.7102645827851088
32.0,68.0,212.7370343316289,0.7035323071515113
32.0,68.0,217.2191380569759,0.6595751015843706
32.0,68.0,217.79930606281957,0.6632058304658287
32.0,68.0,218.38221329437545,0.6956184630770456
32.0,68.0,213.85975164353545,0.7319807454031867
32.0,68.0,213.96073776479182,0.7340515479566432
30.5,68.0,212.45288531775014,0.7910354221555018
29.5,68.0,203.92403214024833,0.8473543830893983
29.5,68.0,220.63495252008764,0.846622838562978
29.5,68.0,230.33984660336014,0.7950797626538672
29.5,68.0,229.78159240321406,0.7916273716575599
29.5,68.0,217.27100073046017,0.7550704155824626
31.0,68.0,230.49817384952513,0.7197557641768527
31.0,69.0,251.09952520087657,0.7452403849337329
31.0,69.0,251.3462381300219,0.7266641070549817
32.0,69.0,250.05423666910158,0.6823290289335562
31.0,69.0,251.26223520818112,0.7114675487641725
29.5,69.0,250.36102994886784,0.7501777669011424
29.0,69.0,254.24251278305334,0.7543481966349376
29.0,69.0,255.30606281957634,0.767547354763359
29.0,69.0,256.122899926954,0.7800091448648796
29.0,69.0,258.0074872169467,0.7852332651380713
29.0,69.0,254.33327246165086,0.7669998579394832
29.0,69.0,257.3573776479182,0.7084647052358728
29.5,69.0,269.13440467494524,0.6589126348715043
29.5,69.0,274.3069758948137,0.6363314974586566
29.5,69.0,275.8721694667641,0.628314381477632
29.5,69.0,279.0387143900657,0.6291175197534417
29.5,69.0,277.8845872899927,0.6273292570351566
31.0,69.0,275.90084002921844,0.5988908475639616
31.0,69.0,271.17019722425124,0.6307852949017523
31.0,69.0,267.981738495252,0.6307957531783417
32.5,69.0,267.72972972972974,0.6077498751207634
33.0,69.0,277.62381300219135,0.5572466403669167
33.0,69.0,277.81099342585827,0.5546727562282409
33.5,69.0,279.7640613586559,0.5180970496242939
33.5,70.0,287.95051132213297,0.5600478772148894
33.5,70.0,280.3710737764792,0.5720139653042052
33.5,70.0,294.72899926953977,0.5788797032378508
33.5,70.0,297.71749452154853,0.5437708251954615
33.5,70.0,297.0907596785976,0.5538039855979059
34.0,70.0,296.42512783053326,0.5354723337333889
33.5,70.0,301.903761869978,0.5437611536912615
34.0,70.0,303.5735938641344,0.48635421173341403
34.0,70.0,303.81756756756755,0.4901013302202853
34.0,70.0,306.7859751643536,0.4762417842717359
34.0,70.0,311.65029218407597,0.4750465833419691
34.0,70.0,312.58235938641343,0.47313546179979304
33.0,70.0,321.73849525200876,0.4718577267912741
33.0,70.0,323.9453981008035,0.46892335411377406
33.0,67.0,310.9987216946676,0.5213746846492379
34.0,67.0,315.0060262965668,0.46919649648835304
34.0,67.0,315.5697589481373,0.452635245392787
34.5,67.0,314.54930606281954,0.4113876833785316
36.0,67.0,316.89134404674945,0.36162598934337875
36.0,67.0,313.88531775018265,0.3770630791261164
37.0,67.0,318.68316289262236,0.32409207993788225
37.0,68.0,337.2529218407597,0.3273628617431621
37.0,68.0,339.04894083272467,0.3195886552862652
36.0,68.0,339.10737764791816,0.3592037022711251
36.0,108.0,418.2162162162162,0.8335764236728652
37.0,108.0,432.3308984660336,0.7731955012586693
37.0,108.0,428.44795471146824,0.7962875018701303
37.0,108.0,413.86943024105193,0.8507048075421052
37.5,108.0,414.0241051862673,0.8288638085782412
37.5,108.0,401.2899926953981,0.8716366446994447
37.5,108.0,403.204711468225,0.8704276467380595
37.5,108.0,408.8940832724616,0.8663243095903388
37.5,108.0,410.80880204528853,0.875223426933934
37.5,108.0,409.9264061358656,0.8766485371050781
37.5,106.0,404.6508400292184,0.9068999170928299
37.5,106.0,402.94978086194305,0.8969444637334232
37.0,106.0,400.1988677867056,0.9520109640872918
37.0,106.0,399.3778305332359,0.9532339381153186
37.0,106.0,389.3294375456538,0.9743957259915793
37.5,105.0,377.3754565376187,1.005961288361973
37.5,105.0,375.2132943754565,1.0025778293802752
38.0,105.0,373.52903579254934,0.9676533698370257
38.0,105.0,373.6062819576333,0.9694041419877465
38.0,105.0,374.93864134404674,0.9691789361271103
38.5,105.0,389.4864864864865,0.9017393382328249
39.0,105.0,392.3703433162893,0.8463820685270239
38.5,105.0,382.3988312636962,0.9116499606788541
38.5,105.0,377.5962381300219,0.9419605714154138
39.0,105.0,377.06592403214023,0.9029944503924927
38.5,105.0,376.3425858290723,0.9386522684899167
38.5,105.0,368.05916727538334,0.982463818658037
38.5,105.0,363.1132213294376,0.9826493800344187
38.0,105.0,367.17695398100807,0.9921277333318939
38.0,105.0,367.03433162892617,0.9946615532054164
38.5,105.0,363.9510591672754,0.9759738970858001
38.5,105.0,372.60938641344046,0.9411081043345465
38.5,105.0,367.93444119795475,0.9554972699239316
38.5,105.0,373.81811541271,0.9311230809925884
38.5,105.0,375.4601899196494,0.9281997535824335
38.5,107.0,384.0944119795471,0.8804011608612897
38.5,107.0,390.5005478451424,0.8812603963533566
38.5,107.0,385.92494521548576,0.9232325483655337
38.5,107.0,376.3968224981739,0.9741515128794047
38.5,107.0,372.6364134404675,0.9945552445681877
39.0,107.0,364.98849525200876,0.9902475649394787
39.0,107.0,359.16672753834916,0.9890789603013169
39.0,107.0,356.8853177501826,0.9749878489227254
39.0,107.0,371.3303506208912,0.9165842008519341
39.0,107.0,401.3610299488678,0.898302369324854
39.0,107.0,434.903761869978,0.8819970351452999
39.0,107.0,434.97224251278305,0.8837033715686528
39.0,107.0,427.62892622352086,0.9211249188653301
39.0,107.0,433.5794375456537,0.8795118893466365
39.0,107.0,435.5084002921841,0.909856181790448
39.0,107.0,420.3710737764792,0.9690790683730324
39.0,107.0,420.37107377647914,0.9690790683730324
38.5,107.0,409.1154127100073,1.0417982732156847
38.0,107.0,407.5677501826151,1.0754543585559235
38.0,107.0,407.82633308984657,1.0665431887158583
38.5,107.0,417.75602629656686,1.0036540506769456
39.0,107.0,414.9919649379108,0.9610181130161243
38.5,107.0,420.3602994886778,0.9916824589278302
38.5,107.0,428.37910883856836,0.9714067017252361
38.5,107.0,426.2419649379109,0.9824282196970231
38.5,107.0,419.81975894813735,0.9972306454212373
38.5,107.0,413.30021913805706,1.0002658115517264
39.0,107.0,401.8466033601169,1.0107185853265563
39.0,107.0,401.21493791088386,1.0138367886547193
39.0,107.0,399.1621621621622,1.0069255073804877
39.0,107.0,396.98831263696127,1.027166297641695
38.5,107.0,398.22425127830536,1.0451052609780154
38.0,107.0,398.6254565376186,1.068892551183039
38.0,107.0,396.88988312636957,1.1089547408101954
38.0,107.0,396.68973703433164,1.1137219607981432
38.0,107.0,393.95325054784513,1.1249101930842746
38.0,107.0,382.85116873630386,1.1433231649437048
38.0,107.0,380.5288531775018,1.1677546023589689
38.0,107.0,384.4399196493791,1.1016115384982845
38.0,84.0,308.86504747991233,0.6513451109518479
38.0,84.0,295.1826150474799,0.6651553764438648
38.0,84.0,298.6296566837107,0.6978963491150884
37.5,84.0,301.51862673484294,0.7123297574116226
37.5,84.0,308.3391161431702,0.6811262148495355
37.0,84.0,308.75456537618703,0.7082215113770984
37.0,84.0,310.76186997808617,0.7002952882467445
37.0,84.0,305.4464937910884,0.7122218501881006
37.5,84.0,310.9802775748722,0.648567560566656
37.5,85.0,321.4054054054054,0.585035836589916
37.5,85.0,315.586011687363,0.6072373550607107
37.5,85.0,316.83491599707816,0.6171638271044689
37.5,85.0,323.63038714390075,0.5960106274613602
38.0,85.0,323.5756026296567,0.5442139263502668
38.5,85.0,334.3981008035062,0.49953506814852255
38.5,85.0,334.4611029948868,0.4927712203833332
39.0,85.0,333.8562819576333,0.47704429111736385
38.5,85.0,333.04674945215487,0.5019666316964824
38.5,85.0,332.9600073046019,0.5000100598365677
39.0,85.0,329.9934258582907,0.4804753079938757
38.5,85.0,314.2178597516435,0.510033566836366
38.5,85.0,309.4054054054054,0.5494229823179189
39.0,85.0,314.9035792549306,0.4983883580123575
39.0,85.0,314.7101899196494,0.5007613822225209
39.0,85.0,314.43535427319205,0.5029528448522713
39.0,85.0,316.3491599707816,0.4595560052027957
39.0,85.0,324.6313002191381,0.4727444972674934
39.0,85.0,319.46840759678594,0.4698544862302979
39.0,85.0,315.77227903579256,0.44019499561328973
39.0,85.0,317.97954711468225,0.42096214087921824
39.0,85.0,329.4565376186998,0.4126732965945842
39.0,85.0,328.0474799123448,0.4201261764042787
39.0,85.0,334.5451059167275,0.4058114210858211
39.0,85.0,330.013330898466,0.42027705300041174
39.0,87.0,341.68298027757487,0.3625590562327632
39.0,87.0,329.83126369612853,0.39744297679410706
39.0,87.0,331.07815924032144,0.3924811688510144
38.5,87.0,334.5142439737034,0.41277725218425904
38.0,87.0,346.29510591672755,0.40589249335606536
38.5,87.0,353.66398831263695,0.36246582142463896
38.5,87.0,354.18060628195764,0.35596973685355077
38.5,87.0,357.645726807889,0.3745547514743055
37.5,87.0,361.03506208911614,0.39544477446834647
37.5,87.0,345.87289992695395,0.4184923579826731
37.5,87.0,314.07377647918184,0.2995493596979699
37.5,65.0,278.02647918188467,-0.0019029371046901857
37.5,72.0,299.14317019722426,0.07148147658796196
37.5,72.0,298.04254930606277,0.08625435138957731
37.5,72.0,308.8560993425858,0.14563924530968672
38.5,72.0,323.6238130021914,0.13615568779363338
38.5,72.0,330.3924397370343,0.11100606318581538
38.0,72.0,329.4572680788897,0.13029563087734353
38.0,72.0,331.7363038714391,0.1404508291977234
38.0,72.0,331.81683710737764,0.1425648847618514
37.5,72.0,332.33838568298023,0.17163063292027306
37.0,72.0,325.7993060628196,0.213784878924393
37.0,72.0,320.6583272461651,0.26590407573371644
37.0,72.0,317.54218407596784,0.2721130552725096
37.0,72.0,317.5421840759678,0.2721130552725098
37.0,72.0,310.7888970051132,0.2599221276496894
37.0,72.0,310.5485756026296,0.22973971947572014
37.5,72.0,310.5624543462381,0.2251294122378664
37.0,72.0,310.9707815924032,0.2735286856008045
37.0,72.0,305.9919649379109,0.26149776072573183
37.0,72.0,309.6734842951059,0.2823234958720831
37.0,72.0,311.709276844412,0.2729284268593961
37.0,72.0,312.1132213294376,0.27615918207343787
37.5,72.0,312.0021913805698,0.2582714808525646
38.0,72.0,312.85189919649383,0.23351267823199529
38.0,72.0,317.4640248356465,0.21336621588169075
38.0,72.0,321.2025200876552,0.2187432822377405
37.5,72.0,314.99506939371804,0.26290443771234695
37.0,72.0,314.51734842951066,0.2897202679281086
36.5,72.0,312.31574141709274,0.34084198744270916
35.5,72.0,312.4346238130022,0.38313196083032275
34.5,72.0,311.4939737034332,0.4204330256922795
34.5,72.0,312.85756026296565,0.41831581503734483
34.5,72.0,317.5142439737034,0.4098629371943026
33.5,72.0,314.70927684441205,0.45699677376163034
33.5,72.0,320.07377647918184,0.46166010678487773
34.5,72.0,315.97899926953977,0.4443410072931103
34.5,72.0,316.7898100803506,0.450079381450022
33.5,72.0,310.7752008765522,0.5020390209373506
33.5,72.0,301.05277574872173,0.5344591925436447
33.5,72.0,299.89134404674945,0.5260367087561684
33.5,72.0,300.7752008765522,0.5309369380457544
34.5,72.0,296.7518261504748,0.4923528690109422
34.5,72.0,297.79930606281965,0.4909972223633467
33.5,72.0,285.77008765522277,0.5307638233842735
33.5,72.0,299.69119795471147,0.525920778442872
33.5,72.0,302.14170927684444,0.5061498156956765
33.5,72.0,316.22078159240317,0.4846301148770814
32.5,72.0,317.25803506208905,0.5033243107254819
32.5,72.0,320.54948867786703,0.47830695615689384
33.5,72.0,320.0995252008766,0.4455738707653059
33.5,72.0,327.5967859751644,0.4141963885020485
33.5,72.0,319.9987216946677,0.45026374204129244
33.5,72.0,330.6707450693937,0.44182891822603776
32.5,72.0,330.4835646457268,0.4891737856480285
31.5,72.0,327.36541271000726,0.5399077557811367
31.5,72.0,321.2403214024835,0.5407587998876929
31.0,72.0,315.19594594594594,0.5997934639328142
30.5,72.0,324.2025200876552,0.606483681150046
30.0,72.0,323.9789992695398,0.6611851830228038
30.5,72.0,316.2403214024835,0.6510251147426757
30.5,72.0,317.42585829072317,0.6450224238459912
31.0,72.0,311.623265157049,0.6283559176647879
31.5,72.0,314.31701972242513,0.569131501005803
32.5,69.0,320.52903579254934,0.5967090063210672
32.5,69.0,320.72169466764063,0.5980752281622036
33.5,69.0,314.986303871439,0.5736353522241334
33.5,69.0,313.1937545653762,0.5702772480229803
33.5,69.0,302.78159240321406,0.6028917896807932
32.5,69.0,289.2980277574872,0.6482865872170042
32.5,69.0,287.9218407596787,0.6786913836996866
33.5,69.0,285.36011687363043,0.6614211495977693
33.5,69.0,284.0745069393719,0.6611079543189861
33.5,69.0,287.5122352081811,0.624945001893485
33.5,69.0,302.0600803506209,0.6185213438590572
33.5,69.0,301.1659970781593,0.6217073038917844
33.5,67.0,279.79273192111026,0.6077432830447103
32.5,67.0,284.4209276844411,0.6266605858219318
32.5,76.0,294.8327246165084,0.7054226210221421
32.0,76.0,280.3632213294375,0.7385420057353774
31.5,77.0,282.80880204528853,0.745472173216513
31.0,77.0,288.7430606281958,0.7531653923053975
31.0,77.0,293.6223520818115,0.7355106785231877
30.5,77.0,297.40047479912346,0.7489277304092519
31.0,77.0,297.82560262965666,0.7204534380067754
31.5,77.0,294.43243243243245,0.7032720283895355
31.5,77.0,293.9992695398101,0.7011328435314683
32.0,77.0,296.0060262965668,0.6416842930485445
32.5,77.0,290.2076333089846,0.6221903415052142
32.0,77.0,290.8327246165085,0.6359498815871775
32.0,77.0,291.06884587289994,0.6334247078678893
32.0,77.0,290.9329802775749,0.6432827258322127
32.5,77.0,295.57724616508403,0.581690735270563
32.5,77.0,302.43900657414173,0.5342971909417296
34.0,77.0,308.3447772096421,0.4777144475077468
34.0,77.0,305.004565376187,0.5055905887483578
35.0,77.0,304.20252008765516,0.49488573261417035
35.0,77.0,304.4727903579255,0.4899689174436116
34.5,77.0,303.47790357925487,0.5183820211603384
34.5,77.0,307.2251643535427,0.5193898285407241
34.5,77.0,297.7414170927684,0.5421705743492372
35.0,77.0,297.46749452154853,0.5290873188725559
35.0,77.0,297.38002191380565,0.5270530011411991
35.0,77.0,292.1592403214024,0.5076046024272765
35.0,77.0,296.47991234477723,0.49896473722025264
35.0,77.0,296.47991234477723,0.4989647372202526
35.0,77.0,296.47991234477723,0.4989647372202526
35.0,78.0,302.28853177501827,0.4582613355499945
35.0,78.0,298.62618699780865,0.4710265121507434
35.0,78.0,292.5662892622352,0.475640625694747
35.0,78.0,292.9607377647919,0.45630474407416005
35.5,78.0,291.2587655222791,0.4403999048673879
35.5,78.0,289.27045288531775,0.4465743050767374
35.5,78.0,287.9525200876552,0.4359374262531054
36.0,78.0,288.10080350620893,0.404084331286123
36.5,78.0,286.0204528853177,0.37597111867374083
36.0,78.0,291.5465668371074,0.40824046106060297
36.0,78.0,289.3761869978086,0.4140948875713274
36.0,78.0,286.21639883126363,0.3999825858162479
35.5,78.0,273.67439737034334,0.42698234768420285
35.5,86.0,311.8088020452885,0.6550354720505699
35.0,86.0,299.36614317019723,0.7031942047020394
35.5,86.0,300.05916727538346,0.6551226957518829
35.5,86.0,307.39243973703435,0.6460950817726689
35.5,86.0,309.75748721694674,0.6248364341533279
35.0,86.0,308.1161431701972,0.6801676076882622
35.0,86.0,309.9481373265157,0.6505092352867594
35.0,86.0,302.19886778670565,0.7092907962462487
35.0,86.0,301.27903579254934,0.7085346014488189
35.0,86.0,304.04894083272467,0.7070237246572358
35.0,86.0,306.5290357925493,0.7116894896033344
35.0,86.0,308.2994886778671,0.7105737783256478
35.0,86.0,299.02647918188467,0.7609081751549619
35.0,86.0,295.29072315558807,0.7714716859482422
35.0,86.0,306.168188458729,0.7460230017301361
35.0,89.0,313.20087655222784,0.6859537379771363
34.5,89.0,316.6532140248356,0.7075265473562179
34.0,89.0,312.21110299488674,0.7629398956003046
34.0,89.0,292.41508400292184,0.7922443115349557
34.0,89.0,293.5829072315559,0.7962352786437945
34.0,89.0,292.83126369612853,0.8302161049953516
34.0,89.0,314.7605916727539,0.8058148791819971
34.0,89.0,314.84532505478455,0.7875324489688446
34.5,89.0,314.1075602629657,0.7685567654208709
34.5,89.0,319.53396639883124,0.7209412793030929
34.0,89.0,320.013330898466,0.7346531310686252
34.5,89.0,321.8628560993426,0.6837088653093937
34.5,89.0,329.9795471146823,0.6781424092248836
34.5,89.0,316.26972242512784,0.677741010234716
34.0,89.0,312.52246165084,0.7241628190573141
34.0,89.0,313.2235208181154,0.745643762813531
34.0,89.0,311.1535792549306,0.7503091810115103
34.0,89.0,282.89116143170196,0.6917133924539025
34.0,89.0,283.75383491599706,0.689041153189307
34.0,89.0,277.05861943024104,0.7370699376827995
34.0,89.0,273.0073046018992,0.754274913061393
34.0,89.0,269.88458728999274,0.7730203777097081
34.0,89.0,276.64006574141706,0.7203431753292155
34.0,89.0,280.8372899926954,0.7460780490989816
33.5,89.0,287.1417092768444,0.7479069911229103
34.0,89.0,288.3053323593864,0.7053703388676339
34.0,89.0,283.97516435354277,0.7313129002753376
33.5,89.0,283.61669101533965,0.7623455023308435
33.5,89.0,283.2994886778671,0.7568058429293947
33.5,89.0,287.48867786705625,0.737262748823855
32.5,89.0,289.2680788897005,0.754823153260615
31.5,89.0,282.5127830533236,0.8201867592162548
31.0,89.0,274.3551862673485,0.8856798580703028
31.0,89.0,266.7247991234477,0.8910130518219592
31.0,89.0,271.2994886778671,0.8584992442027461
30.5,89.0,272.48666910153395,0.877270826112381
30.5,89.0,275.8970051132213,0.8554124693020299
30.5,89.0,283.2346603360117,0.8035782776293674
30.5,89.0,272.56975894813735,0.8300244460960086
30.0,89.0,272.0885682980278,0.8701797066446412
30.0,89.0,275.97954711468225,0.836057598219288
30.0,89.0,282.14243973703435,0.8335254367497504
30.0,89.0,282.1884587289993,0.8651486336988835
30.0,89.0,287.4099707815924,0.8279951040818466
29.5,89.0,291.5872899926954,0.8303662594511502
29.5,89.0,295.6194302410519,0.809638797867569
29.5,89.0,291.7867056245435,0.8387184037454979
29.5,89.0,292.85336011687355,0.8370162062692825
28.5,89.0,293.59842951059164,0.8468442409867472
28.5,89.0,292.2753834915997,0.8662284256398375
28.0,89.0,294.50127830533233,0.8899505787664591
28.0,89.0,297.27903579254934,0.8817270330825516
28.0,89.0,297.290723155588,0.8910373119041043
28.0,89.0,296.95489408327245,0.8936793227048146
28.0,89.0,298.4952520087655,0.8802571964550946
28.0,89.0,295.40704894083274,0.8848252702033702
28.0,89.0,293.2074506939372,0.8959021590092703
28.0,89.0,293.2315558802045,0.9098495449483834
28.0,89.0,296.14919649379107,0.8745498655988584
28.0,73.0,262.290723155588,0.550800707545271
28.0,73.0,263.3376552227904,0.5323711353264102
28.0,73.0,259.14481373265164,0.5619582270834821
27.5,73.0,247.21694667640614,0.5888122428046201
26.5,73.0,243.14919649379107,0.6508079890907542
26.5,73.0,241.76406135865594,0.649112639881785
26.0,73.0,241.79784514243977,0.6999287397482572
26.0,73.0,244.20745069393715,0.69529868264862
26.0,73.0,244.07596785975167,0.6855976386259632
26.0,73.0,244.36614317019726,0.6857444388479383
26.0,73.0,250.70197224251274,0.6575456172308054
26.0,73.0,250.47132943754568,0.6566369336423575
27.0,73.0,250.32505478451424,0.6347997766422068
27.0,73.0,255.01186997808617,0.6323531484860367
27.0,73.0,248.77501826150473,0.6486318507253983
27.0,69.0,238.92567567567568,0.7020967547475133
28.0,69.0,239.1345872899927,0.6532824064189509
28.0,69.0,239.23100803506208,0.6580515771604006
28.0,69.0,241.9307888970051,0.6209227437516172
28.0,69.0,242.61504747991233,0.6237787332309008
28.0,69.0,242.72899926953983,0.613038262039039
28.0,59.0,214.9919649379109,0.46580838294169996
27.0,59.0,214.24397370343314,0.5076119656681587
27.0,59.0,215.63641344046746,0.4958738960720777
26.0,59.0,206.73940832724614,0.5346882758932627
26.0,59.0,208.71603360116873,0.5015247726183283
26.0,59.0,202.96146822498176,0.5530620366825171
26.0,58.0,185.30460189919648,0.46952030655235366
26.0,58.0,179.3873265157049,0.5060202569203419
26.0,58.0,181.04108838568294,0.5375164093554133
26.0,58.0,184.76351351351352,0.5439468353952486
26.0,58.0,189.3791088385683,0.48983017541023205
26.0,58.0,201.72753834915994,0.48700573266089986
26.0,58.0,200.03305332359386,0.4744289127720849
26.5,58.0,198.3593864134405,0.4448772201604789
26.5,58.0,198.35938641344046,0.44487722016047915
27.5,58.0,197.66197954711467,0.40119776161322007
27.5,58.0,190.95325054784513,0.43374852646011663
27.5,58.0,188.44411979547115,0.4275243017034144
27.5,58.0,187.1572315558802,0.43502212742130975
27.5,58.0,184.0147918188459,0.46174727639382795
27.5,58.0,182.23155588020452,0.48672980968915036
26.5,58.0,182.56464572680787,0.49667736223922926
26.5,58.0,188.3763696128561,0.46573570678450105
26.5,58.0,181.95471146822499,0.45561445745650303
27.5,58.0,183.78396639883124,0.4024470160384429
28.0,58.0,190.89134404674942,0.3656302381341506
28.5,58.0,194.71165084002922,0.3222381626302114
28.5,58.0,190.16672753834914,0.3309024771162153
28.5,81.0,227.3973703433163,0.8498865506379852
29.0,81.0,226.81683710737767,0.8253171257666688
29.0,81.0,221.09587289992695,0.8822593657463282
28.5,81.0,212.10883856829804,0.9446517711134207
28.5,81.0,217.04035792549308,0.9224944513818242
28.5,81.0,219.72114682249818,0.9195625648141468
28.0,81.0,220.3654127100073,0.9533984154396328
28.0,81.0,219.43042366691017,0.9614848961796463
28.5,81.0,219.17768444119798,0.9525284280318999
28.5,81.0,212.48666910153398,1.0072771298651664
28.5,83.0,218.0308619430241,0.9421695966084576
28.5,83.0,212.60208181154127,0.9708733890230513
29.0,83.0,210.11267348429507,0.9380208637455946
29.5,83.0,208.77885317750182,0.8985112458001618
30.0,83.0,208.22224251278303,0.886433649806275
30.0,83.0,208.709276844412,0.8764095046342514
30.0,83.0,207.7209642074507,0.8334781743675632
30.5,83.0,204.69393718042366,0.8036281134434715
30.5,83.0,204.99141709276842,0.809778988816047
30.5,83.0,203.28214024835646,0.8352668391118055
30.5,83.0,208.3880569758948,0.8262388780157234
31.0,83.0,207.4791818845873,0.808816301496181
31.0,83.0,205.108838568298,0.8395828299198266
31.0,83.0,205.20763330898467,0.8416205267248128
31.0,83.0,203.53396639883127,0.855436194154715
31.0,83.0,193.69101533966398,0.8173649697119734
31.0,83.0,192.69393718042366,0.8375748148431791
31.0,83.0,192.97370343316288,0.8307418430669029
31.0,83.0,189.55241051862674,0.8297307424641944
31.0,83.0,192.14700511322135,0.8067578204468108
31.0,83.0,196.97242512783055,0.7704655101215901
31.0,83.0,195.48721694667637,0.7854945374224889
31.0,83.0,191.6216216216216,0.8021391161430151
31.0,83.0,192.69101533966398,0.8151574340585903
31.0,83.0,192.69101533966398,0.8151574340585903
31.0,83.0,187.29656683710738,0.8849025929187864
31.0,83.0,186.05277574872167,0.8782060802107127
30.5,83.0,187.645726807889,0.8982558516255684
31.0,83.0,181.93864134404674,0.914002452307022
31.5,83.0,188.63568298027758,0.8457162116821629
32.5,83.0,188.01826150474798,0.8307771288674948
32.5,83.0,193.49981738495254,0.8087908714931532
32.5,83.0,196.18060628195767,0.8052711659086305
32.5,83.0,195.8655953250548,0.808103343153053
33.0,83.0,195.02574872169467,0.7644050470721683
33.0,83.0,197.58728999269542,0.7250961346916391
33.0,83.0,198.15997078159236,0.7003846216501654
33.0,83.0,197.21402483564643,0.6695447528789742
33.0,98.0,260.45726807888974,1.362462081662758
33.5,98.0,261.2461650840029,1.3130152488095517
33.0,98.0,263.7452520087655,1.3384272514941857
33.0,98.0,264.97096420745066,1.3342069561868053
33.0,98.0,265.2111029948868,1.3445906286298133
33.0,98.0,267.5662892622353,1.3407061058615206
33.0,98.0,263.64371804236663,1.3367177178102427
33.0,98.0,257.56537618699775,1.3818042084477529
33.0,98.0,255.10591672753833,1.4293815235791
33.0,98.0,247.68444119795467,1.52362398665787
33.0,98.0,247.24780861943023,1.5208508966342351
33.0,98.0,251.05204528853176,1.5109433216383208
33.0,98.0,254.21639883126363,1.4854698270722806
32.0,98.0,261.9642074506939,1.4450983290874075
32.0,98.0,264.80423666910156,1.428349380063333
32.0,98.0,268.52246165084006,1.4089360508900843
33.0,98.0,265.2178597516435,1.3918914990696396
32.0,98.0,269.64864864864865,1.3860650546823563
32.0,98.0,278.6603360116873,1.3072820520333335
32.0,98.0,280.89353542731925,1.2999428046066988
32.0,98.0,276.91234477720957,1.3436810185373462
31.0,98.0,277.4236669101534,1.3825977662087494
30.5,98.0,276.4903214024836,1.4304136028735759
30.5,98.0,272.35354273192115,1.4613769780651602
30.5,98.0,279.3221329437545,1.427647296827375
30.5,98.0,282.83948137326513,1.3888156559653264
30.0,98.0,241.34477720964207,1.3125284512741089
30.0,98.0,242.51515704894086,1.3332860444987085
30.0,98.0,247.68243243243242,1.3114908332294153
30.0,98.0,254.29218407596784,1.2711818957070071
29.5,98.0,248.27903579254934,1.3532803581459443
29.5,98.0,245.4727903579255,1.3594269913278072
29.5,99.0,248.7808619430241,1.3141048090672214
29.5,99.0,250.82615047479914,1.2935962601950046
28.5,99.0,253.39243973703427,1.298124505598474
28.5,99.0,258.35646457268075,1.2662453190309488
28.5,99.0,257.0292184075968,1.2828649412771667
28.5,99.0,257.02921840759683,1.2828649412771662
27.5,99.0,255.99488677867058,1.3395777550162944
27.0,99.0,256.645726807889,1.381080171824178
27.0,99.0,256.954711468225,1.3933635996725118
27.0,99.0,263.0241051862673,1.3472290375952627
27.0,99.0,262.05405405405406,1.361623747999601
27.0,99.0,260.53542731921107,1.4125120831213545
27.0,99.0,260.79254930606277,1.3908699343839357
27.0,99.0,260.3192111029949,1.4140030367098326
27.0,99.0,253.35153396639882,1.453062847752342
27.0,99.0,253.45726807888963,1.4497623614076074
27.0,99.0,253.85682980277576,1.4423580042793185
26.5,99.0,254.1082907231556,1.4475320491651193
26.0,99.0,253.1762235208181,1.5022172377786027
26.0,99.0,246.83710737764787,1.57387059868567
25.5,99.0,248.58235938641346,1.5978268693309805
25.0,99.0,247.84002921840755,1.6402518377312467
25.0,99.0,249.53250547845138,1.654168103369016
25.0,99.0,250.8993791088385,1.6396061004013007
25.0,99.0,254.19083272461654,1.5981137037613493
25.0,99.0,252.52100073046017,1.605243144018817
25.0,99.0,254.8290723155588,1.6035803400303923
25.0,99.0,259.93224981738496,1.5682237174202978
25.0,99.0,259.05113221329435,1.565784203424207
25.0,99.0,257.89061358655954,1.5674261043334672
24.5,99.0,259.2425127830533,1.5795196707183863
25.0,99.0,279.83290723155585,1.4805846980828832
25.0,99.0,310.2346603360117,1.4550656797019252
24.5,99.0,300.6627100073046,1.549398111419804
24.0,99.0,301.1930241051863,1.5719493440944066
24.0,99.0,305.10007304601896,1.5621947225544663
24.5,99.0,309.56464572680795,1.4819884619219867
24.0,99.0,308.0737764791819,1.5411010802876826
24.0,99.0,306.61011687363043,1.5592453462358424
24.0,99.0,302.41051862673487,1.6066260261554044
24.0,99.0,302.1119430241052,1.6103990528124454
24.0,99.0,307.1302045288532,1.5662824559137325
24.0,73.0,231.40924032140248,1.022472634226474
24.0,73.0,240.14317019722432,1.023316915275362
24.0,73.0,241.65613586559527,1.019844344926362
24.5,73.0,241.04894083272464,1.0064895715429902
24.0,73.0,241.58308984660337,1.0254776703750004
24.0,73.0,241.39006574141712,1.0246498135940019
24.0,73.0,240.35354273192112,1.0441459077957145
24.0,73.0,240.76351351351352,1.0539201994578946
24.0,73.0,240.2622352081812,1.079706585190227
24.0,73.0,243.77154857560265,1.0673253486173635
23.5,73.0,244.35591672753833,1.0880219762217043
23.5,73.0,248.41727538349159,1.0627170156860577
23.5,73.0,246.68462381300222,1.0590328556378676
23.5,73.0,242.58948137326513,1.0727516996343813
24.0,73.0,242.08710737764787,1.029800677805535
24.0,73.0,240.31208911614314,1.001879877297353
24.0,73.0,238.26807888970055,1.042221473913353
24.0,73.0,236.5385317750183,1.041991970933794
24.0,73.0,223.4083272461651,1.0845371650165803
24.5,73.0,225.4399196493791,1.0210115133574198
24.5,80.0,266.5005478451425,1.2320810599459835
25.0,80.0,270.10317750182617,1.1659862054387957
25.0,80.0,288.51424397370346,1.1025778093439937
25.0,80.0,286.7072680788897,1.1174740664417897
25.0,80.0,277.1775018261505,1.1374642807173854
24.5,80.0,273.54072315558807,1.2099391292564337
24.5,80.0,273.6006208911615,1.1997979423490255
25.0,80.0,273.0591672753836,1.1919041830744381
25.0,80.0,269.9218407596786,1.2010058147572482
25.0,80.0,264.8378378378378,1.2000951996124474
25.0,80.0,265.48356464572686,1.2042723838893536
24.5,80.0,267.3425858290724,1.2112806593051793
25.0,79.0,259.36614317019723,1.2397091540106298
25.0,79.0,259.36614317019723,1.2397091540106298
25.0,79.0,258.25730460189914,1.2417519753894606
25.0,79.0,254.61961285609928,1.2201662104086684
25.0,79.0,247.7808619430241,1.2623850138287027
25.0,79.0,249.82048940832726,1.2628263045508548
25.0,79.0,249.14390065741418,1.2624348978196984
25.0,79.0,247.87381300219135,1.2639387731732667
25.0,79.0,247.75383491599706,1.2624865043577813
25.0,79.0,242.27629656683717,1.3467129281266752
24.5,79.0,242.04108838568303,1.3826560747176908
25.0,79.0,241.66033601168738,1.3734161579012194
25.0,79.0,241.2242512783053,1.3921534193611902
24.5,79.0,241.7291818845873,1.3999523098835476
24.5,79.0,239.5991599707816,1.4307545663718497
24.0,79.0,240.12856099342585,1.4576826745763227
24.0,79.0,239.36011687363032,1.4729354154613798
23.5,79.0,243.9264061358656,1.4470981654597599
23.5,79.0,243.5115047479912,1.4468620543230373
23.0,79.0,249.60628195763329,1.4232662737084356
23.0,79.0,254.2775748721695,1.3787160711957651
23.5,79.0,254.6977720964208,1.3443206606138058
23.5,79.0,258.0140613586559,1.3197204456439613
23.5,79.0,258.5215485756026,1.3149157435907155
23.5,78.0,253.56537618699784,1.3625477224801017
23.5,81.0,261.48721694667637,1.2951243771621221
23.5,81.0,259.49452154857556,1.2968643507894808
24.0,81.0,257.4742512783053,1.2612046027248889
24.5,81.0,257.8467859751644,1.229762624295958
25.0,81.0,257.20252008765516,1.2203077247136855
25.0,81.0,256.22516435354277,1.2204307829492853
25.0,81.0,235.6281957633309,1.2767921469051091
25.0,81.0,204.5105916727538,1.1677454170239696
25.0,81.0,204.63056975894816,1.1420913113527853
25.5,81.0,203.95562454346236,1.126696704709669
25.5,81.0,190.3237764791819,1.1665927684601627
25.0,81.0,184.5325054784514,1.2518102364619272
25.5,81.0,183.59678597516435,1.2245191223071041
25.5,81.0,184.48155588020452,1.212603721913674
25.0,81.0,184.08710737764792,1.244716955054145
25.0,81.0,182.64353542731925,1.3012212383555883
25.0,81.0,177.82615047479914,1.3295270302777908
24.5,81.0,178.8781957633309,1.3348187369048505
24.5,81.0,164.86705624543467,1.403856589496846
24.5,81.0,163.968042366691,1.4130589505475977
23.5,81.0,165.16727538349159,1.426734110608858
24.5,81.0,164.91910153396643,1.4028647424380698
25.0,81.0,164.64134404674942,1.3793474849286707
25.0,81.0,165.81811541271,1.3522082384740417
25.0,81.0,167.7056245434624,1.3421705744510277
24.5,81.0,169.81683710737764,1.3390334401042308
25.5,81.0,166.77520087655222,1.3314168402650057
26.0,81.0,177.38586559532507,1.2476295819109287
26.0,81.0,171.7452520087655,1.2920620085845174
26.5,81.0,171.4735208181154,1.2771732997355927
27.0,81.0,202.00383491599706,1.375402988721662
27.0,81.0,201.78597516435352,1.3795663437472703
27.0,81.0,202.27629656683715,1.3675899115442556
26.5,81.0,203.4479547114682,1.3745876960287253
27.5,81.0,204.1082907231556,1.327856726073626
27.5,81.0,209.5317750182615,1.2667738045977253
26.5,81.0,207.5471146822498,1.3318403144981474
26.0,73.0,165.47352081811542,0.9722161004013372
26.0,73.0,160.89791818845873,1.0310467588381174
26.0,73.0,140.6208911614317,0.9250729821005043
26.0,73.0,139.10609934258582,0.9900379371518527
26.0,73.0,140.1491964937911,0.9903965466167078
26.0,73.0,142.64737034331628,0.9238613329559159
26.0,73.0,143.5047479912345,0.903715793417412
26.0,73.0,143.81245434623813,0.8847863077752819
26.0,73.0,143.5062089116143,0.8785189731283324
26.0,73.0,143.12636961285608,0.9075693214178271
26.0,73.0,143.5142439737034,0.9082075091951969
26.0,73.0,142.12216946676406,0.8993348190035038
26.0,73.0,143.16964937910888,0.8849930930914568
26.0,73.0,139.0562454346238,0.9090486261102747
26.5,73.0,139.39317019722426,0.8614928741680566
26.5,73.0,137.49817384952522,0.8954320756155155
27.5,73.0,154.09952520087657,0.9459281924235368
28.0,73.0,154.54656683710738,0.8882187468815004
28.5,73.0,160.27100073046017,0.8221062480986958
29.0,73.0,163.25200876552228,0.7585149536185036
29.0,73.0,164.67859751643536,0.7128469889140924
29.0,73.0,162.9527027027027,0.6923783739548547
29.0,73.0,166.49817384952522,0.67295940141676
29.0,73.0,168.53177501826153,0.6866536646058555
29.0,73.0,168.8394813732652,0.6698632009442214
29.0,73.0,170.33400292184078,0.6700002646451692
29.0,73.0,170.97224251278303,0.7068987271642463
29.0,73.0,170.93718042366692,0.6636911572702242
29.0,73.0,170.97005113221329,0.692987997115722
29.0,73.0,169.99342585829072,0.7046858683561757
29.0,73.0,176.4682249817385,0.6462580973325768
29.0,73.0,170.27483564645726,0.6918892925297754
29.0,73.0,163.05788897005112,0.7358656756783253
29.0,73.0,166.48520818115412,0.7535086829881779
29.0,73.0,166.48520818115412,0.7535086829881779
29.0,73.0,164.09934258582908,0.784321155222772
29.0,73.0,162.06811541271006,0.7930976494952194
29.0,70.0,153.6006208911614,0.9255490569142127
29.0,70.0,166.99707815924035,0.9101899351360921
29.0,70.0,164.98100803506213,0.976667208138672
28.5,70.0,165.43845872899925,1.0141109899399248
29.0,70.0,170.45069393718046,0.9493525755342139
29.0,70.0,176.71749452154856,0.8792052714154973
29.0,70.0,179.8853177501826,0.8661905967318305
29.0,70.0,179.8853177501826,0.8661905967318307
29.0,70.0,182.03579254930605,0.8865146902223744
29.0,70.0,182.25219138056974,0.870313099211456
28.5,70.0,183.25054784514245,0.8922239653022737
29.0,70.0,181.8781957633309,0.8645687240579056
28.5,70.0,183.72918188458732,0.884022433743396
27.5,70.0,182.89408327246164,0.9335316882305393
28.5,70.0,183.400292184076,0.891957955001941
29.0,70.0,182.8042366691015,0.8633103403207895
28.5,70.0,181.45434623813,0.903375287753642
28.5,70.0,183.37636961285608,0.8874171250930235
28.5,70.0,184.45452885317746,0.8929222173390495
28.5,72.0,191.1373265157049,0.8089986627984463
29.0,72.0,189.4083272461651,0.7779294051582772
28.5,74.0,199.61431701972242,0.6978274231497817
28.0,74.0,205.0944119795471,0.6910271103789253
27.5,74.0,207.59258582907233,0.7252776942604432
27.5,74.0,208.9035792549306,0.7162885542602362
27.5,74.0,207.00803506208914,0.7205698795263966
26.5,74.0,207.8708911614317,0.7534553523011858
25.5,74.0,198.90522279035793,0.8087402225689572
25.5,74.0,199.0118699780862,0.8024662946897522
25.0,74.0,199.8582907231556,0.8206930754793054
25.0,61.0,171.9254930606282,0.48620455194294826
25.0,61.0,171.3170197224251,0.5274489614029242
25.0,61.0,170.34276844411983,0.5620699605638917
25.0,61.0,176.94612856099343,0.5143498407058217
25.0,61.0,187.108838568298,0.5451628856505983
25.0,61.0,181.1418918918919,0.5947959253077743
25.0,61.0,181.50620891161435,0.5527768329812175
25.0,61.0,184.70872899926954,0.5565068461841913
25.0,61.0,185.66417092768447,0.5316627158632955
25.0,68.0,209.5858290723155,0.6670503704200259
25.0,68.0,209.67951059167274,0.6210599494024535
25.0,68.0,209.87381300219138,0.6655100297182539
24.5,68.0,207.4092403214025,0.7278409629519605
24.0,68.0,210.48593864134403,0.7580049421532047
24.0,68.0,219.0876552227904,0.7273632467962464
24.0,68.0,223.57560262965663,0.7234799001270571
23.5,68.0,227.97005113221329,0.7217279409133812
23.5,68.0,230.1470051132213,0.7190360467002513
23.5,68.0,230.1862673484295,0.7214984781646587
23.5,68.0,228.23813002191383,0.7614331622505907
23.5,68.0,228.93736303871438,0.7406740774137911
23.5,68.0,233.27027027027026,0.7190557226503586
22.5,68.0,233.8926223520818,0.7458227609825968
22.5,68.0,216.97808619430242,0.7141461893416545
22.5,68.0,215.34642074506942,0.7266584647845048
22.5,68.0,208.18060628195764,0.7566762539933111
22.5,68.0,203.32304601899193,0.8095903505666426
22.5,68.0,203.32304601899193,0.8095903505666426
22.0,68.0,203.27191380569758,0.8371637550331649
22.5,68.0,200.74159970781594,0.8196447794361494
23.5,68.0,199.69978086194305,0.8093931033765843
22.5,68.0,200.7370343316289,0.849656571041977
22.5,68.0,202.64134404674942,0.8428335463814641
22.5,68.0,205.94978086194303,0.8332241741566453
22.0,68.0,205.095142439737,0.8852819824313354
21.5,68.0,208.19375456537617,0.8888784886817381
22.0,68.0,205.86650840029216,0.8803523863564311
22.0,68.0,203.59751643535427,0.9006412394725657
21.5,68.0,204.1097516435354,0.9102798296386164
21.0,68.0,206.97005113221329,0.9354081214843977
21.0,68.0,210.07249817384954,0.9087535109453856
21.0,68.0,207.29656683710738,0.9183032947565813
21.5,68.0,205.96420745069395,0.8886484672106001
21.5,68.0,212.14116143170193,0.8260422172695077
22.5,68.0,211.8869612856099,0.8112390140059436
22.5,68.0,193.76132213294375,0.7969151887901212
23.5,68.0,194.5756026296567,0.7579917653592998
24.0,68.0,197.19521548575602,0.7040552761442146
24.0,68.0,192.97315558802046,0.7041120667917045
24.0,68.0,182.6691015339664,0.7247767832961254
24.0,68.0,182.1234477720964,0.7253919605449951
24.0,68.0,180.67494521548576,0.7440097199464136
24.0,68.0,182.354273192111,0.6855076731073645
24.0,68.0,186.03214024835648,0.6667686602513762
24.0,68.0,203.49981738495254,0.6937410672408791
24.0,68.0,204.91234477720963,0.6801628246918399
24.0,68.0,205.1440832724617,0.680823994801254
24.0,68.0,205.14408327246167,0.6808239948012541
24.0,68.0,204.0673849525201,0.6920091365930381
24.0,68.0,203.53981008035063,0.7014326550916475
24.0,69.0,211.77885317750182,0.6678064490190273
24.0,69.0,212.13294375456533,0.6666629347535604
24.0,69.0,212.70653761869977,0.6703045578559872
24.0,69.0,210.58966398831262,0.6896223408698389
24.0,69.0,211.1380569758948,0.7349962879527085
24.0,69.0,203.6911979547115,0.7693102842085506
24.0,69.0,201.86413440467493,0.727606584648973
24.5,69.0,199.98703433162893,0.6949821479469669
24.5,69.0,197.18937180423666,0.6976574197236485
25.0,69.0,213.41873630387144,0.6993888929231813
25.0,69.0,214.49543462381303,0.6999849247153787
25.0,69.0,216.79181884587285,0.6406240449890906
25.0,69.0,218.1506574141709,0.6203971459745936
25.0,69.0,218.36303871439003,0.6214575375699001
25.0,69.0,214.5763330898466,0.6624264580061594
25.0,69.0,217.54072315558804,0.608591797066075
25.0,69.0,221.56555880204533,0.5599314376649513
25.0,69.0,214.84587289992695,0.6158621094721013
25.0,69.0,203.24032140248354,0.6159434807334685
25.0,69.0,203.33619430241052,0.5960360657675039
25.0,69.0,225.84441197954712,0.711411967183248
26.0,69.0,228.6079254930607,0.6527563990084697
25.0,69.0,230.67859751643536,0.6904205579198355
25.0,68.0,215.21785975164354,0.5513228983374938
25.0,68.0,213.5714024835646,0.590284544515221
25.0,68.0,212.26807888970052,0.5975468210226811
25.0,68.0,212.8400292184076,0.5977578453163003
25.0,68.0,213.30113221329438,0.5948044322927425
24.5,68.0,207.66051862673484,0.635105802925798
24.5,68.0,204.61504747991233,0.6440232475535391
25.0,68.0,201.21402483564646,0.6169803619070825
25.0,68.0,203.3871439006574,0.5594113552392349
25.0,68.0,205.55460189919646,0.5719585034740335
25.0,68.0,205.51515704894084,0.5664906141207878
25.0,68.0,206.82907231555882,0.5536354841081237
25.0,68.0,201.8027757487217,0.5767299037253185
26.0,68.0,201.25054784514242,0.5473039660998277
25.0,68.0,201.84386413440467,0.5905921087820194
25.0,68.0,200.89700511322135,0.6054640988876312
25.0,68.0,207.91161431701974,0.5825060351205524
26.0,68.0,211.4024835646457,0.536996149544112
26.0,68.0,213.9992695398101,0.5308825719341477
27.0,68.0,217.30478451424398,0.47710360450521094
26.0,68.0,217.37107377647916,0.4850794580550224
27.0,68.0,218.00383491599706,0.45483421325451395
27.5,68.0,230.37180423666905,0.44848893316151267
27.5,68.0,228.08181154127098,0.4533672317972385
27.5,68.0,228.61303871439003,0.44993400370280257
27.5,68.0,228.61303871439003,0.4499340037028026
27.5,68.0,224.358838568298,0.4486480051452372
28.0,68.0,230.91161431701977,0.4027776125390789
28.0,68.0,230.44649379108841,0.4047575115630126
28.0,68.0,232.09276844411983,0.40508930729549053
28.0,68.0,229.02867056245432,0.41617940306841134
29.0,68.0,221.4207450693937,0.4192773223187495
30.5,68.0,220.02994886778671,0.3856866381408293
30.5,68.0,220.02994886778671,0.38568663814082926
29.0,68.0,216.24324324324326,0.43749427536413465
30.5,68.0,216.66398831263695,0.4151356446160093
31.0,68.0,219.23520818115412,0.36739101861109386
30.5,68.0,219.19083272461654,0.39138710042154196
30.5,68.0,220.18188458729,0.38615911257505675
30.5,68.0,218.50474799123447,0.4060614321332956
30.5,68.0,219.17750182615046,0.4190832163227225
31.0,68.0,221.00602629656686,0.36215438429124197
31.0,68.0,230.33308984660337,0.3452972114288672
31.0,68.0,231.9008400292184,0.3363806621196151
30.5,68.0,229.1972242512783,0.3716749290274181
30.5,68.0,216.46165084002922,0.32758475385405916
29.5,68.0,215.91837107377646,0.37024897071229024
29.5,68.0,216.63130021913804,0.36949045708693995
30.5,68.0,216.29528853177501,0.3440236914952271
29.5,68.0,216.69411979547115,0.3740316683190547
28.5,68.0,221.52227903579256,0.3902740376873369
28.5,68.0,211.12636961285605,0.4475313241380823
28.5,68.0,211.604273192111,0.4446807593929666
28.5,68.0,214.56099342585824,0.43233819503578025
29.0,68.0,208.47498173849525,0.434496356126571
29.0,68.0,205.32943754565378,0.4243367901606279
29.5,68.0,206.77867056245435,0.3820364573237478
29.5,68.0,206.38641344046746,0.38732619721312267
29.5,68.0,208.01844411979545,0.36387383059394657
30.5,68.0,206.959276844412,0.3416439108556012
30.5,68.0,194.66837107377648,0.2789393018005445
31.0,68.0,195.16088385682983,0.22510411581837678
30.5,68.0,193.09642074506942,0.26721519869657756
29.5,68.0,193.22370343316288,0.3103168533387129
29.5,68.0,192.1161431701972,0.30360965323302747
30.5,68.0,197.5398100803506,0.26828817228822727
30.5,68.0,195.5880204528853,0.28532620682689724
29.5,68.0,194.6267348429511,0.34102709820128224
29.5,68.0,198.02720964207452,0.33151430771649165
29.0,68.0,199.28506208911617,0.36293459258910676
28.0,68.0,201.93224981738493,0.3878760659434706
27.0,60.0,185.6128560993426,0.2306296208796566
26.5,60.0,188.6254565376187,0.22324721551631005
26.5,60.0,187.26533966398833,0.2238911808135348
26.5,59.0,180.16946676406135,0.2891661584018536
26.5,59.0,182.9074141709277,0.29831723249998177
26.5,59.0,182.9074141709277,0.2983172324999817
27.0,59.0,180.95471146822496,0.2635805685906685
28.0,59.0,176.18991964937914,0.24611232754227064
28.0,59.0,172.34404674945213,0.2609452637825271
29.0,59.0,173.34331628926225,0.20647626206405043
29.0,59.0,179.20763330898467,0.199501635136803
29.0,59.0,177.22352081811542,0.19947262982969838
29.5,59.0,174.88531775018262,0.15710758585870543
30.5,59.0,175.02775748721697,0.1389334487109082
30.5,59.0,178.50054784514242,0.14007268423495106
30.5,59.0,186.48867786705625,0.148665299074928
30.5,59.0,186.72479912344778,0.13992860266860688
31.0,75.0,213.89408327246161,0.4155631190892801
31.0,75.0,217.1236303871439,0.3809888754004512
30.5,75.0,212.52757487216945,0.43278395177528983
29.5,75.0,211.41873630387144,0.4849846762948698
29.5,75.0,211.86486486486487,0.48425441477410053
29.5,75.0,209.24397370343314,0.5147985954018997
29.5,75.0,209.24397370343314,0.5147985954018994
29.0,75.0,208.88677867056245,0.5323314641547614
29.0,75.0,195.76479181884588,0.5400973387076766
29.0,75.0,197.3046018991965,0.5333384359493357
29.0,75.0,196.21110299488677,0.5440814319991082
29.0,75.0,204.17403214024836,0.46996822482677875
29.0,75.0,206.86943024105187,0.47412899509903794
28.0,75.0,203.42750182615046,0.5252942369531979
28.0,75.0,200.03086194302412,0.5249655548999828
28.0,75.0,198.15065741417095,0.5270783150715029
28.0,75.0,198.15065741417095,0.5270783150715029
26.5,75.0,199.49032140248354,0.5560127184855693
25.5,75.0,199.60865595325055,0.5878489983719228
25.0,75.0,199.9371804236669,0.6057414304927298
25.0,75.0,199.8102629656684,0.6037674643115173
25.0,75.0,199.28871439006573,0.6162228575346747
25.0,75.0,195.85829072315556,0.6620895968915403
25.0,75.0,196.0693937180424,0.6663476828799136
25.0,75.0,195.8173849525201,0.72127807932477
24.5,75.0,195.94886778670562,0.7531370509058518
24.5,75.0,202.24780861943023,0.7151299526221636
24.0,75.0,196.92622352081813,0.7720561560840079
24.0,75.0,185.2680788897005,0.7958508515037861
24.0,75.0,184.0929510591673,0.8528723605429973
24.0,75.0,186.93298027757487,0.8690392651999047
24.0,75.0,185.34642074506937,0.9311831982406452
24.0,75.0,188.79108838568303,0.9214317754842053
24.0,75.0,187.74379108838568,0.9192145290324953
23.5,75.0,189.24324324324326,0.9556545484738477
23.5,75.0,189.24324324324326,0.9556545484738477
23.5,75.0,190.57943754565378,0.9418116906908518
23.0,75.0,195.3710737764792,0.9287656466257899
23.0,75.0,195.7547479912345,0.9259469677396206
23.5,75.0,195.84240321402484,0.8717186026163954
23.5,75.0,196.7034331628926,0.8547159552101696
23.0,75.0,197.77008765522282,0.8757549907818495
23.0,75.0,194.78250547845144,0.9057862463808081
23.0,75.0,193.7934623813002,0.9192965902464647
22.5,75.0,192.00383491599706,0.9842254185572833
22.5,75.0,193.89700511322135,0.9605195943601299
22.5,75.0,190.47845142439732,0.9992781316393666
22.5,75.0,195.22224251278305,1.0088495563412943
22.5,75.0,200.28433162892622,0.954758072274239
23.0,75.0,210.72114682249818,0.8955012308060905
22.5,75.0,211.20964207450697,0.9053273893453865
22.5,75.0,206.67494521548576,0.9094974613195381
22.5,75.0,206.41727538349159,0.9127808212797717
23.0,75.0,205.60646457268075,0.9034983829725625
23.0,75.0,204.45142439737037,0.859150346250685
23.5,75.0,204.30241051862674,0.828076362496164
23.5,75.0,203.56775018261501,0.8274926727788723
24.0,75.0,200.2251643535427,0.8025597439931723
24.0,75.0,195.27538349159968,0.8048924809161232
24.0,75.0,196.10299488677867,0.7499732817683639
24.0,75.0,198.16015339663988,0.7356589465034603
24.0,75.0,197.17019722425127,0.7391045669617563
24.0,75.0,194.83856829802778,0.743541217290665
24.0,75.0,195.74525200876553,0.776471753115845
24.0,75.0,196.06062819576331,0.8046012908560145
24.0,75.0,196.51862673484294,0.8054445501358722
24.0,75.0,194.7518261504748,0.8181165688382336
23.5,75.0,187.98484295105916,0.8852516630575983
23.0,75.0,185.07377647918184,0.9442520234510664
23.0,75.0,183.6537618699781,0.9851691793001376
23.0,75.0,182.89572680788896,1.0100173185385841
23.0,75.0,184.16818845872905,1.0116021006257159
23.0,75.0,189.27410518626738,1.046392444688617
23.0,75.0,192.4083272461651,1.018459399995608
23.0,58.0,161.67056245434622,0.5830422938284432
23.0,58.0,156.42951059167274,0.5983326381968191
23.0,58.0,161.19211102994888,0.5530529148920768
23.5,58.0,160.93791088385683,0.542116033153812
23.0,58.0,156.4799123447772,0.5928095140744516
23.0,58.0,156.1029948867787,0.630612564863729
22.5,58.0,157.94375456537617,0.6472691304980254
22.5,58.0,157.6807888970051,0.6612199827721507
22.0,58.0,160.49397370343314,0.6714833691829675
22.0,58.0,159.13531775018262,0.6696057254197202
22.5,58.0,156.43991964937908,0.6496560582791092
22.5,55.0,149.8802045288532,0.720845775125943
22.5,55.0,148.47279035792548,0.7170409465731442
23.0,55.0,146.51424397370346,0.7010537339863034
23.0,59.0,166.5872899926954,0.820725259215721
23.0,59.0,172.14408327246167,0.7567660765054486
23.0,59.0,173.44576333089847,0.7501433419544679
23.5,59.0,172.88312636961285,0.7175195073624043
23.5,59.0,173.5493060628196,0.7228900866179263
23.5,59.0,175.72972972972974,0.7270932435063994
23.5,59.0,175.68754565376187,0.7182316068880737
23.0,59.0,175.46840759678594,0.7431892785773091
23.0,59.0,176.09075967859752,0.7617601571502589
23.0,59.0,178.64572680788896,0.7101574885009445
23.0,59.0,177.00876552227902,0.7124989813538808
23.5,59.0,176.75164353542735,0.690572829518924
24.0,58.0,171.52520087655225,0.6911893959281015
24.5,58.0,172.35080350620893,0.6558486963667479
23.5,58.0,172.63568298027758,0.6720710292945462
23.5,58.0,172.22425127830533,0.6755460777955402
23.5,61.0,176.47845142439738,0.6210933718996018
23.5,61.0,177.45964207450692,0.6174812905634722
24.5,61.0,173.22589481373262,0.6170161029922148
24.5,61.0,173.22589481373262,0.6170161029922148
25.0,61.0,170.26734842951058,0.6002229502037691
25.5,61.0,170.23447772096415,0.5708455001425649
25.5,61.0,164.8109934258583,0.5979153904031991
26.0,61.0,158.8991964937911,0.6122004467702457
26.5,61.0,155.41417092768444,0.5914317154989168
26.5,61.0,170.78889700511323,0.7081252507819366
26.5,61.0,170.7888970051132,0.7081252507819364
26.5,61.0,169.6552227903579,0.7109109252107485
26.0,61.0,173.19083272461654,0.7210003387687476
25.5,61.0,173.2346603360117,0.7446005105974909
25.5,61.0,170.62965668371075,0.7534517710583584
25.0,61.0,169.83491599707818,0.801395450643637
25.0,61.0,169.94594594594594,0.8128706245153634
25.0,61.0,169.2836011687363,0.809711943422414
25.0,61.0,167.16672753834914,0.824557642787598
25.0,61.0,159.0927684441198,0.8442959750683049
25.0,61.0,158.08838568298026,0.8245251488083775
25.0,61.0,159.44411979547112,0.859774998512645
25.0,61.0,158.90668371073778,0.8910150995806184
25.0,61.0,158.66837107377648,0.8774456713299361
25.0,61.0,163.0586194302411,0.875797991503118
24.5,61.0,167.5653761869978,0.8702253280255228
24.5,61.0,169.4390065741417,0.8593609581713583
24.5,61.0,168.70489408327245,0.8811364614783914
24.5,61.0,166.24123447772098,0.9106931715408007
24.0,61.0,165.6890065741417,0.9687395054931008
24.0,61.0,164.82414170927686,0.9798640106466783
24.5,61.0,164.49452154857562,0.9338249769270539
24.5,61.0,164.208911614317,0.9310181074175445
24.5,61.0,164.47352081811542,0.9300869287999985
25.0,61.0,163.93791088385683,0.914084124251752
25.0,61.0,166.81884587289997,0.8878745799915562
24.5,61.0,165.918188458729,0.9415319804735083
24.5,61.0,165.71457268078893,0.9411968428542441
25.0,61.0,167.71073776479182,0.8851722205191146
25.0,61.0,171.81592403214023,0.8252840480269935
25.0,61.0,175.42019722425127,0.7738759731307208
25.0,61.0,182.15047479912346,0.8194746375274511
25.0,61.0,168.8789262235208,0.8246132833771324
25.0,61.0,168.02867056245432,0.8279280818690533
24.5,61.0,163.3361943024105,0.8908103520411933
24.5,61.0,162.8365595325055,0.9125421289270959
24.0,61.0,159.84441197954715,0.9829031345686137
24.0,78.0,200.91380569758948,1.3489796571454302
24.5,78.0,217.33327246165084,1.2954974770290462
24.5,78.0,221.50127830533233,1.265340588587451
24.5,78.0,220.5047479912345,1.2713578017907463
24.0,78.0,221.27830533235945,1.2791171028698596
24.0,78.0,222.23593864134406,1.268595929211328
24.0,78.0,224.75456537618697,1.2552699336887712
23.5,78.0,226.218407596786,1.2707176083343021
24.0,78.0,225.46548575602625,1.2598269962363078
24.5,78.0,225.08126369612856,1.2529067433074967
24.0,78.0,225.35737764791816,1.2610238422795228
24.0,78.0,209.5283053323594,1.2502631443323629
24.0,78.0,207.49616508400294,1.2607451872233184
24.0,78.0,205.12783053323594,1.2696313722450594
24.0,78.0,205.12783053323597,1.2696313722450592
24.5,78.0,213.60938641344046,1.1825384178977578
25.0,78.0,212.10153396639882,1.1459995643109138
25.0,78.0,212.4238495252009,1.1300038810277038
25.0,78.0,212.19649379108841,1.1182199927865244
25.5,78.0,211.36687363038718,1.0966693727712806
25.5,78.0,219.48867786705628,1.0746408103757674
25.5,78.0,219.48867786705628,1.0746408103757674
25.5,78.0,223.5208181154127,1.0237150879228147
25.5,78.0,224.82925493060625,1.0070744981127653
25.0,78.0,224.43042366691017,1.0403077747270992
25.5,78.0,223.99488677867055,1.0305404798131994
25.5,78.0,223.99488677867058,1.0305404798131992
25.5,74.0,216.95781592403213,1.1000316031066057
25.5,74.0,215.5538714390065,1.1084250526142787
25.5,74.0,216.86559532505478,1.0723191823421283
25.5,74.0,216.09587289992697,1.0664430876089823
25.0,74.0,220.5127830533236,1.0614359345830175
25.0,74.0,221.1263696128561,1.087386336035322
25.0,74.0,221.3856829802776,1.090347851161758
25.0,74.0,234.06281957633306,1.0483239666892445
25.0,74.0,249.52027027027026,1.0267627526748573
25.0,74.0,233.1126734842951,1.0817446355832103
25.0,74.0,233.98484295105914,1.0681298274155124
25.0,74.0,237.4033966398831,1.0002742640372309
25.0,74.0,237.3732651570489,0.9468172911853397
25.0,74.0,238.10080350620893,0.9509163143246947
25.5,74.0,240.17549306062818,0.8953848620051126
25.5,74.0,240.17549306062818,0.8953848620051126
26.0,74.0,241.0277574872169,0.859565036459876
26.0,74.0,234.23666910153398,0.9004261699838955
25.5,74.0,234.66033601168738,0.9432148905887718
25.5,74.0,234.81829802775746,0.9400043914141871
25.5,74.0,234.91088385682983,0.9473130025169574
26.0,74.0,230.22078159240326,0.9453248530523085
26.0,74.0,232.25054784514242,0.9489226359682997
25.5,74.0,236.00219138056974,0.9509912327081751
26.0,73.0,229.6764061358656,0.9759765841214811
26.0,73.0,227.19375456537622,0.9985977009666925
26.0,73.0,223.28871439006576,0.9956424545368276
26.0,73.0,224.3902483564646,1.006899021324612
26.0,73.0,224.2836011687363,1.012930588458862
26.0,73.0,222.72315558802046,1.0182229842326194
26.0,73.0,223.94101533966395,0.9649801024216945
26.0,73.0,223.81683710737767,0.9918548633690758
26.0,73.0,227.09934258582905,0.9260706396315932
26.0,73.0,227.89919649379112,0.9213929894659708
26.0,73.0,230.1081081081081,0.874414624905242
26.0,73.0,225.4779035792549,0.9047594726812244
26.5,73.0,231.9074141709277,0.8355560175144406
27.0,73.0,230.07231555880202,0.8169347507658768
27.0,73.0,229.86431701972242,0.8200290517939385
27.0,73.0,227.5522279035792,0.853104265530284
27.0,73.0,226.93791088385686,0.8588889880261529
27.0,73.0,216.51643535427317,0.8864239181369984
27.0,73.0,213.86869978086193,0.8924417118134133
27.0,73.0,212.77574872169464,0.9088505862820119
27.0,73.0,212.58966398831268,0.9078835696989661
27.0,73.0,213.5164353542732,0.9126299086789134
27.0,73.0,214.8789262235208,0.9013021125974283
27.0,981.0,12450.32815924032,8.241249503888966
27.0,981.0,12934.126552227903,7.786970499030935
27.0,981.0,12924.094411979548,7.792078883578867
27.0,981.0,12921.171110299487,7.793377493777835
27.0,981.0,12926.756026296565,7.790653823883795
27.0,979.0,12915.37910883857,7.796309576630955
