6403865.5,6612599.0,2069595984611.4011,-2.1445722571963253
6403865.5,2673087.0,849279008623.8055,-0.6380560086854475
6403865.5,2673087.0,848155964523.8315,-0.6463407733041417
6403865.5,2673087.0,851216927976.8265,-0.6603337046761907
6419101.5,2673087.0,855944807259.2222,-0.6701048532008255
6419101.5,2673087.0,858776196145.2484,-0.6730741990551405
6419101.5,2673087.0,859669666010.3177,-0.6736696064116174
6419101.5,2673087.0,856782376954.3334,-0.6717822365418679
6403865.5,2673087.0,855180032903.4567,-0.6692220089912124
6397627.0,2673087.0,853174623158.8732,-0.6652346251088386
6397627.0,2673087.0,848630769864.151,-0.663070689004573
6397627.0,2673087.0,845608231376.8265,-0.6641250498143736
6397627.0,2673087.0,844681407425.2222,-0.6649901062858385
6397627.0,2673087.0,838899068195.3734,-0.6726634042191674
6397627.0,2628847.0,830315090971.415,-0.6861510216393958
6397627.0,2570737.0,822904946929.6041,-0.6972508604835549
6397627.0,2570737.0,817939402237.7484,-0.7033383484671025
6404893.0,2570737.0,819966653084.7709,-0.705321241964206
6404893.0,2570737.0,818449215963.4723,-0.7133066916934672
6404893.0,2570737.0,814250238279.5,-0.7178980627341203
6404893.0,2570737.0,818532576020.25,-0.7184364761700276
6404893.0,2570737.0,813493867109.04,-0.7155366828109816
6404893.0,2544298.0,808468596186.0817,-0.7109498242700412
6404893.0,2534758.0,807209513909.2065,-0.7098178632781503
6404893.0,2534758.0,802177243587.4098,-0.7081933938737385
6404893.0,2534758.0,802167463479.6232,-0.7082105595384722
6404893.0,2534758.0,800560539427.8317,-0.7272304591428539
6404893.0,2534758.0,799584364263.6388,-0.7239648443259523
6368122.5,2534758.0,796849492317.9844,-0.7199589724314533
6368122.5,2534758.0,803751951798.2344,-0.7203050399387279
6368122.5,2534758.0,802214008286.9375,-0.7196096490700221
6368122.5,2534758.0,799840987522.6597,-0.7176208385342785
6356187.5,2534758.0,798994013865.75,-0.7161800410170693
6356187.5,2534758.0,799063290607.3263,-0.7163252973868546
6356187.5,2534758.0,802159616208.29,-0.7173988936937303
6356187.5,2555695.0,820484818299.25,-0.698460696570851
6356187.5,2624277.0,835059528801.8594,-0.679015553612158
6356187.5,2624277.0,842664183739.9844,-0.6690785317321188
6356187.5,2624277.0,848437054486.1598,-0.6613538183008593
6356187.5,2624277.0,823603238857.7222,-0.6653241832380665
6356187.5,2624277.0,804495759411.4982,-0.668686899125223
6356187.5,2624277.0,801830023510.2222,-0.6656256364689327
6356187.5,2624277.0,801609581728.9722,-0.6668807815606952
6356187.5,2624277.0,802131188091.9375,-0.6663183100533507
6356187.5,2624277.0,796838147675.4722,-0.6649556366857685
6356187.5,2624277.0,800564232866.4427,-0.6676253258088295
6356187.5,3091384.0,870891766086.5399,-0.763050871925093
6356187.5,3091384.0,874585743019.526,-0.7650993864921318
6356187.5,3091384.0,874496209686.9982,-0.7651065287482862
6356187.5,3091384.0,872478365030.8177,-0.7692255268141657
6356187.5,3091384.0,872435950789.0209,-0.7703708156312427
6356187.5,3091384.0,874274179891.1649,-0.7751288328706953
6366550.0,3091384.0,875037768660.8263,-0.7762638937537981
6364575.0,3091384.0,862283291939.7223,-0.7722392790141351
6364575.0,3091384.0,860014052179.139,-0.7711215719416915
6364575.0,3091384.0,866219713896.3888,-0.7731540742927263
6372822.0,3091384.0,867609621101.389,-0.7749644532998721
6376868.0,3091384.0,869103810545.026,-0.777190754743982
6376868.0,3091384.0,863406675697.8734,-0.7752107289038117
6376868.0,3091384.0,837448384723.901,-0.8014934200812038
6376868.0,3073938.0,816406287886.9982,-0.8373471569746848
6376868.0,3073938.0,797383286379.9844,-0.8722363629376872
6376868.0,2829012.0,775714437402.2067,-0.9162098427500129
6376868.0,2829851.0,793249619515.5763,-0.9009979415048606
6376868.0,2829851.0,805815471199.776,-0.8926916816046229
6373435.0,2829851.0,804821648206.7065,-0.892029745501073
6373435.0,2829851.0,806390648692.9722,-0.8817123260675682
6373435.0,2829851.0,810086922425.6388,-0.8758426920222849
6373435.0,2829851.0,818713595173.1041,-0.8732906379017006
6373435.0,2829851.0,823176704566.993,-0.8741114349780719
6373435.0,2688365.0,800603862568.7223,-0.8408512810697719
6373435.0,2688365.0,803100202323.9149,-0.8423657095552679
6373435.0,2688365.0,812729701958.3263,-0.8418344677737029
6373435.0,2688365.0,816734918590.1595,-0.8325813959214846
6373435.0,2688365.0,816869910910.4982,-0.8427611774907806
6376868.0,2688365.0,822433992159.4097,-0.8474061317848839
6386729.0,2688365.0,823659723427.1875,-0.8482860706334292
6399234.0,2688365.0,833551057114.2222,-0.8494608175604593
6399234.0,2688365.0,845285369115.776,-0.8458745187343337
6399234.0,2688365.0,842316354270.7899,-0.8462675671673403
6420797.5,2688365.0,848000306117.4149,-0.8483927777490545
6438725.0,2688365.0,852834823170.401,-0.85120977148649
6464504.5,2688365.0,867463176640.7432,-0.8473423251634173
6464504.5,2842501.0,889561470106.7067,-0.8291741490960739
6464504.5,2963825.0,910749005618.6597,-0.8022774553897015
6464504.5,2963825.0,927228048284.9565,-0.785410008807749
6421876.5,2963825.0,903344027802.1666,-0.7380768396997306
6421876.5,2963825.0,892026669280.9932,-0.7409109756801888
6388011.0,2963825.0,874818428018.9932,-0.7347100454009208
6363904.0,2963825.0,865670117496.2709,-0.6998800778562796
6363904.0,2963825.0,871383050203.1598,-0.6752918715755488
6363904.0,2963825.0,876194445852.276,-0.6701726141585345
6363904.0,2963825.0,877191334605.526,-0.6702300459249159
6363904.0,2963825.0,888012320897.1666,-0.6759307348514961
6363904.0,2810917.0,865533843562.139,-0.6493308195977681
6363904.0,2816189.0,883245297414.8055,-0.6648444181453961
6363904.0,2816189.0,905020523801.9567,-0.6731257165490749
6363904.0,2816189.0,934845429083.0677,-0.6397700269858531
6363904.0,2816189.0,941299329016.2709,-0.5719669757826804
6155098.0,2816189.0,925580304927.79,-0.5283433561172901
6116909.5,2816189.0,918785122131.25,-0.5198123535339125
6116909.5,2816189.0,904845114413.4723,-0.5137721947430494
6095273.5,2816189.0,880036934219.3263,-0.5044843142448182
6004703.5,2816189.0,859951358440.8732,-0.4771520626797459
5985514.0,2816189.0,837255266577.6232,-0.44762250838398054
5967093.0,2816189.0,813732317698.0209,-0.4095103799261136
5967093.0,2816189.0,774489801992.6649,-0.39915681249713153
5967093.0,2816189.0,718388471510.1598,-0.43880248585489584
5967093.0,2760516.0,648152517428.1389,-0.5637395605982558
5967093.0,2348611.0,578934057509.6927,-0.7379191997247382
5978909.5,2348611.0,579717186241.1388,-0.7392431461803154
5966563.5,2140379.0,546640507321.38885,-0.7976858598275874
5935004.0,2133529.0,526157391371.27606,-0.819174525281846
5905304.5,2133529.0,518870286210.243,-0.8020658368014485
5905304.5,2133529.0,521315667257.5208,-0.7726721476940481
5905304.5,2133529.0,523623342405.3333,-0.7659176619635589
5905304.5,2133529.0,526410905445.9427,-0.7645399307210866
5905304.5,2133529.0,532740330876.0208,-0.7697864388461216
5905304.5,2158747.0,536108889049.38885,-0.7744201395397592
5905304.5,2158747.0,536806878839.5764,-0.7753359756372995
5905304.5,2158747.0,541644431775.7222,-0.7786153182571655
5905304.5,2158747.0,545415343083.72217,-0.7721046656471863
5905304.5,2158747.0,551665078989.8732,-0.7083281539296402
5897986.0,2158747.0,546600982802.75,-0.6950045536500038
5897986.0,2158747.0,534143455638.415,-0.7129758233833629
5897986.0,2265668.0,542207373045.9375,-0.6876942767097713
5897986.0,2265668.0,536825570720.9844,-0.6962761118563621
5897986.0,2265668.0,535854754899.63885,-0.6965820466814608
5890605.0,2265668.0,531946492222.83154,-0.6944633488692367
5893219.0,2265668.0,532453600532.57635,-0.6949548112643716
5893219.0,2265668.0,531463828972.16486,-0.6949595881052113
5893219.0,2265668.0,534943239971.2482,-0.6916424783510713
5893219.0,2265668.0,546004037371.65106,-0.67238949975405
5893219.0,2265668.0,561945408283.7223,-0.6503437014972465
5893219.0,2496134.0,608439891286.6388,-0.554970580956175
5893219.0,2496134.0,642837273322.526,-0.5212903321530402
5897470.5,2496134.0,668655413027.4097,-0.5216743825695193
5937809.0,2496134.0,676446783408.8889,-0.5501071138309404
5937809.0,2496134.0,673583875642.5764,-0.5711506374767386
5937809.0,2496134.0,671353150905.0763,-0.5754672080084735
5937809.0,2496134.0,669979906707.7223,-0.5756940499759126
5937809.0,2496134.0,660102722750.9149,-0.5681014159166592
5937809.0,2477270.0,643432328362.8334,-0.5483531792772731
5937809.0,2380282.0,630344943996.4097,-0.530983720019044
5937809.0,2514126.0,645722422436.1875,-0.552893179362904
5937809.0,2514126.0,623920840876.7432,-0.5887738122919729
5937809.0,2514126.0,613001987505.2432,-0.6807628190386422
5984185.0,2514126.0,620487171005.3317,-0.7135444964333026
5984185.0,2514126.0,629810825780.75,-0.7187974562143371
5984185.0,2514126.0,626222999677.6649,-0.7241045060602579
5984185.0,2514126.0,645530635964.7065,-0.7103233070442588
5995517.5,2514126.0,662266520994.276,-0.7156210155820618
6044531.5,2514126.0,677515928833.9166,-0.7379458511725634
6085198.5,2514126.0,690235655309.4722,-0.7600136935531953
6177246.0,2514126.0,710161733436.993,-0.7726033917649655
6260060.5,2569963.0,743862780518.151,-0.750004929301835
6269110.5,2728004.0,783944655554.389,-0.7023322101532067
6269110.5,2728004.0,819362993359.6234,-0.6721827965454173
6269110.5,2752722.0,838644801858.5815,-0.6446232873923545
6269110.5,2775125.0,867733943585.3888,-0.6136981033779024
6269110.5,2775125.0,895899383726.3057,-0.6004818733493211
6304714.0,2775125.0,910630681881.3541,-0.6328801350792203
6304714.0,2775125.0,905668878648.401,-0.6526537169368177
6304714.0,2775125.0,901442257830.7222,-0.6571253503292336
6304714.0,2775125.0,894595177326.915,-0.6571415421216784
6304714.0,2775125.0,886529490451.7899,-0.6532627941243803
6304714.0,2775125.0,884254605407.8315,-0.6517139541147288
6304714.0,2775125.0,879724631128.7344,-0.6485015275381993
6304714.0,2822462.0,886664821863.75,-0.6565813179911886
6304714.0,2822462.0,883765814238.389,-0.6610541998637938
6304714.0,2822462.0,882134399699.9722,-0.6765255966332626
6304714.0,2822462.0,883599387626.3177,-0.6848002489806354
6343294.0,2822462.0,890300700526.7482,-0.6952229315257176
6351084.0,2822462.0,896500458115.0557,-0.7001675553030134
6351084.0,2822462.0,897181343757.1666,-0.7005291518556693
6360824.5,2822462.0,897982388914.8734,-0.7014637485889277
6375080.0,2822462.0,899014650607.6388,-0.7032230163154111
6375080.0,2822462.0,900024399554.0557,-0.7052755617832575
6375080.0,2822462.0,900540429579.651,-0.7056341441928573
6375080.0,2822462.0,897328289750.2067,-0.7073830923485357
6375080.0,2822462.0,897413147802.2223,-0.7072763688234401
6375080.0,2822462.0,900934691762.7432,-0.7029441517670496
6375080.0,2824653.0,902990363917.389,-0.7001720888305081
6375080.0,2824653.0,901834471736.639,-0.70173928399529
6375080.0,2824653.0,895425349982.2899,-0.708010665401705
6349759.0,2824653.0,890272305099.7067,-0.702976609980016
6349759.0,2824653.0,889463783840.9984,-0.706812826917416
6349759.0,2824653.0,891568495310.5209,-0.7045153606147575
6349759.0,2824653.0,895879120801.6232,-0.7043177064337656
6349759.0,2824653.0,897061130202.2899,-0.704742320193192
6349759.0,2824653.0,900444454979.026,-0.7067781843196667
6349759.0,2824653.0,901382011820.3541,-0.7073034963096426
6349759.0,2619153.0,846247529611.276,-0.664776844890248
6349759.0,2619153.0,850232175455.4097,-0.6592601994805383
6349759.0,2619153.0,851182429745.4723,-0.6501973176390886
6349759.0,2619153.0,852205540448.0399,-0.6548128056834983
6348591.0,2619153.0,849028284309.526,-0.6507745320862299
6348591.0,2619153.0,845592209256.7065,-0.6486343051020643
6348591.0,2619153.0,845732030949.415,-0.6487020511028553
6348591.0,2619153.0,845548208039.6927,-0.6484932058929616
6337526.5,2619153.0,844737594378.493,-0.6471043850924616
6338955.5,2619153.0,845075191012.4166,-0.6477285367433668
6338955.5,2619153.0,849157291365.889,-0.6493045951951292
6338955.5,2619153.0,847981902703.665,-0.6498001069098569
6338955.5,2619153.0,847638041819.4097,-0.6502552502792749
6338955.5,2619153.0,846363024107.3594,-0.6520040826044396
6338955.5,2678684.0,851555581579.4097,-0.6437114892839105
6338955.5,2678684.0,842245061960.2432,-0.6552461199582199
6338955.5,2678684.0,844253545241.889,-0.6533208974072805
6338955.5,2678684.0,848310821312.4722,-0.6579256640753708
6338955.5,2678684.0,845886311282.1232,-0.6712561138605113
6338955.5,2678684.0,838755055417.7222,-0.6788651554846101
6338955.5,2678684.0,826972570711.5209,-0.6778251490236992
6338955.5,2678684.0,826395370798.8177,-0.6774384672234676
6338955.5,2656206.0,823310337296.9149,-0.6744921954686764
6338955.5,2655616.0,818243726655.7432,-0.6699325581686043
6338955.5,2655616.0,815213561105.8734,-0.6686480617681446
6338955.5,2655616.0,804966174145.4565,-0.6842594302468006
6338955.5,2655616.0,802999772675.3263,-0.7053466760608109
6338955.5,2655616.0,805364530052.776,-0.7136653775578905
6363244.5,2655616.0,807300271160.415,-0.7166650527198328
6363244.5,2655616.0,806313742458.1927,-0.7155641353974527
6363244.5,2655616.0,805403742568.9722,-0.7150064913251353
6365330.5,2655616.0,807439427830.0765,-0.7172156049386824
6365330.5,2655616.0,806558523540.151,-0.7151693063625669
6352206.5,2655616.0,805724050496.29,-0.7132840456073453
6352206.5,2655616.0,801399017064.9844,-0.7113588626852162
6352206.5,2655616.0,799421430274.5,-0.7121154046083461
6352206.5,2655616.0,795416926715.0765,-0.7178060091787126
6352206.5,2655616.0,789300960669.651,-0.7265701878870053
6352206.5,2520591.0,778169028254.2432,-0.747048909902889
6352206.5,2520591.0,773266574710.415,-0.7530791016884548
6352206.5,2520591.0,764463899210.3594,-0.7629980712860627
6300497.5,2520591.0,757227723672.8594,-0.753350596371502
6300497.5,2520591.0,759982767805.0,-0.7369663838740361
6300497.5,2520591.0,763720055971.9844,-0.7323426589777203
6300497.5,2520591.0,770763882876.8055,-0.7325691175939694
6300497.5,2520591.0,771829076614.6094,-0.7333178236619432
6300497.5,2522877.0,772128381308.7344,-0.733605999041859
6300497.5,2522877.0,773027450079.5557,-0.7343745524900925
6300497.5,2522877.0,776847943240.25,-0.7357489893744925
6300497.5,2522877.0,785545739651.1875,-0.7200297232007647
6300497.5,2522877.0,786351059839.4984,-0.7059685896089255
6351612.0,2522877.0,790823435567.7223,-0.7119711510867592
6351612.0,2522877.0,792905635552.7432,-0.7132894951193611
6351612.0,2522877.0,802328218298.776,-0.714446151333194
6351612.0,2522877.0,804598826514.6388,-0.71498190096751
6351612.0,2522877.0,803341134320.1041,-0.7141482970747107
6387635.0,2522877.0,806149472721.276,-0.7185200694573671
6406707.5,2522877.0,810343615171.8265,-0.7242521473053786
6406707.5,2522877.0,819655746489.389,-0.7241718057855718
6406707.5,2522877.0,834065392500.1666,-0.7119208726125683
6406707.5,2522877.0,832271251278.9166,-0.7139933645865407
6406707.5,2522877.0,827470708312.1598,-0.7187623968541732
6406707.5,2504932.0,813315848318.5399,-0.7330063595038103
6387635.0,2504932.0,794970679467.0557,-0.7352154072816487
6371714.0,2504932.0,779115399339.6094,-0.7338203247606241
6371714.0,2504932.0,773892052185.2344,-0.7097456855272236
6371714.0,2504932.0,818230918744.3263,-0.6217562388739375
6371714.0,2504932.0,824111062466.8334,-0.6155379578089831
6371714.0,2504932.0,830106745005.7067,-0.6161660261221724
6371714.0,2504932.0,834701575747.5555,-0.6189454782293083
6371714.0,2596513.0,846576913749.5815,-0.629208022572889
6371714.0,2596513.0,860073715920.2899,-0.6390085131297866
6371714.0,2596513.0,875414368752.4722,-0.6437199962455511
6371714.0,2596513.0,892227802678.8177,-0.623156291901544
6371714.0,2596513.0,898802169507.0209,-0.5756369355408146
6349294.0,2596513.0,884156306452.5209,-0.5410954685093682
6303771.0,2596513.0,875764329188.0677,-0.5351478132611796
6292567.0,2596513.0,859410690471.1234,-0.5331360541828651
6179222.0,2596513.0,839556148976.9149,-0.5147552218759953
6045800.5,2596513.0,821769073414.8055,-0.48428643194424414
5981633.5,2596513.0,804066224602.0815,-0.44315607446045346
5951343.0,2596513.0,782202570146.6041,-0.3928073455553442
5916922.0,2596513.0,744867436302.401,-0.3711983735860827
5889939.0,2560238.0,687621586279.526,-0.39883628815566385
5889939.0,2493331.0,633492325470.651,-0.4569490769076887
5889939.0,2409273.0,584986970904.3317,-0.5329947661460047
5889939.0,2140911.0,544874679875.3889,-0.6173557562606332
5889939.0,2102409.0,523944545869.28986,-0.6471923572268538
5885447.5,2080001.0,501021183527.0556,-0.6748716785908383
5866157.5,2080001.0,490261760384.6389,-0.6510127391203211
5866157.5,2080001.0,472462098143.243,-0.7280507973305737
5866157.5,2080001.0,474791258487.5208,-0.7213679904012291
5866157.5,2080001.0,478003751207.3333,-0.7208584833936934
5866157.5,2080001.0,487328296066.8889,-0.7307178032798045
5866157.5,2132934.0,492939462683.4844,-0.7398464935283998
5866157.5,2132934.0,499062031751.72217,-0.7486374420526709
5866157.5,2132934.0,507452138441.7222,-0.7547353535049137
5866157.5,2132934.0,551640391534.3177,-0.7301539873768482
5866157.5,2132934.0,557585117516.9098,-0.666964425621362
5808482.5,2132934.0,549186392296.28986,-0.6525229671996227
5808482.5,2132934.0,539979880968.9931,-0.6730560805193626
5808482.5,2307610.0,554237321831.8263,-0.6253034868587823
5808482.5,2365422.0,587980101663.3334,-0.5437345464866437
5808482.5,2365422.0,600828606223.993,-0.5388956051813112
5826094.0,2365422.0,615918475350.4844,-0.5436563453979834
5885447.5,2365422.0,630992545951.6232,-0.5593129497717613
5891617.5,2365422.0,648622593427.5555,-0.5620729417549395
5929778.0,2365422.0,669882709828.9844,-0.5622468616388259
5942940.0,2365422.0,695445653782.4723,-0.5515065751842418
5942940.0,2365422.0,718850477188.2067,-0.5452824558085473
5942940.0,2571435.0,767457397963.2482,-0.4947116475037524
6012661.0,2571435.0,800920779042.415,-0.4909628409937407
6139759.5,2571435.0,822657304752.3334,-0.51447529141767
6139759.5,2571435.0,828365861942.0817,-0.5536256746983991
6139759.5,2571435.0,825854820845.276,-0.5650480421509955
6139759.5,2571435.0,826647233032.3732,-0.5639152960217929
6139759.5,2571435.0,825638518630.3734,-0.564136081561797
6139759.5,2571435.0,822278126449.0815,-0.5625713995425979
6139759.5,2558404.0,816836450404.3263,-0.5585310025386943
6139759.5,2526172.0,809845322317.1598,-0.5534840629842656
6139759.5,2526172.0,791531745735.3594,-0.5470509580862697
6139759.5,2526172.0,728970905697.6233,-0.556038877900579
6139759.5,2526172.0,713680141066.9149,-0.6240753704710964
6139759.5,2526172.0,716841532514.8055,-0.6598062126757928
6157741.0,2526172.0,718896109158.3732,-0.6626680755605885
6157741.0,2526172.0,710807075944.8315,-0.6677601559330265
6157741.0,2526172.0,702772446847.9984,-0.6764354381621653
6157741.0,2526172.0,715599240706.0555,-0.6751211966615988
6166891.0,2526172.0,726914364057.4567,-0.6777511283754573
6220254.5,2526172.0,738843847271.7344,-0.6835796002995839
6255015.5,2526172.0,755314345603.1875,-0.6787452673121359
6268460.0,2526172.0,777292247579.2344,-0.6633722826856416
6268460.0,2579566.0,803692520731.243,-0.6352229838493396
6268460.0,2735630.0,843943258637.5763,-0.5892699353524401
6268460.0,2786355.0,867212637159.7899,-0.5535566136540021
6095442.0,2786355.0,841825409657.3317,-0.4996519740490095
6095442.0,2786355.0,862859431398.29,-0.49479080335910186
6227779.5,2786355.0,870240433691.9097,-0.5190227955732227
6227779.5,2786355.0,865239585998.3334,-0.5375300561419455
6227779.5,2786355.0,858202115532.5557,-0.5436806780462918
6227779.5,2786355.0,849819095095.0,-0.5423347210566025
6227779.5,2786355.0,839717600572.4723,-0.5343983550742569
6227779.5,3272316.0,913851395743.04,-0.6441260290741648
6227779.5,6726341.0,2054765834269.915,-2.166978496746843
6227779.5,6726341.0,2049427821474.4563,-2.1771426652471773
6227779.5,6726341.0,2042821332976.1233,-2.196250189102302
6227779.5,6726341.0,2042196726735.3264,-2.2151294776034383
6227779.5,6726341.0,2049766711906.9932,-2.219486552892479
6246072.5,6726341.0,2051452978558.8887,-2.219465891341283
6246072.5,6726341.0,2058021288409.1926,-2.2156848871559975
6246072.5,6726341.0,2064112268934.5208,-2.211398460903809
6246072.5,6726341.0,2057037603998.0833,-2.215189382395959
6246072.5,6726341.0,2049902855981.3894,-2.218409357563361
6246072.5,6726341.0,2045254750014.9011,-2.220788347222787
6246072.5,6726341.0,2047168097129.7761,-2.2189988334473516
6246072.5,6726341.0,2046798156188.639,-2.2194112446798813
6246072.5,6726341.0,2046156032824.7898,-2.2202422141233136
6246072.5,6726341.0,2044889928289.1875,-2.2221212143533045
6246072.5,6663893.0,2028357965222.3594,-2.246657217234385
6274414.0,6663893.0,2086834179923.123,-2.2187473159714544
6274414.0,6663893.0,2082658235556.6667,-2.223156461465733
6268077.0,6663893.0,2082057810043.493,-2.2231905430636716
6268077.0,6663893.0,2082258546404.389,-2.2221093174535365
6268077.0,6663893.0,2084561785457.5813,-2.216339301352517
6268077.0,6663893.0,2089469103809.665,-2.206732748924876
6268077.0,6663893.0,2087052000273.2761,-2.2109620484350008
6268077.0,6663893.0,2008708629995.9568,-2.321660398189228
6268077.0,2651374.0,829789072354.9567,-0.6314522574183948
6268077.0,2651374.0,827544720334.526,-0.6306491587419162
6268077.0,2651374.0,829388144173.9565,-0.6280071365169162
6268077.0,2651374.0,829576523307.9098,-0.6260739492929832
6268077.0,2651374.0,827074876272.5763,-0.6141432893634363
6292902.5,2651374.0,829390594944.0765,-0.6195049066367346
6292902.5,2651374.0,829835356004.026,-0.6197545063896037
6292902.5,2651374.0,830417155729.9565,-0.6198703096761843
6292902.5,2651374.0,833182550510.9982,-0.6234507555451188
6312568.5,2651374.0,837722281930.6597,-0.6302581066420496
6314151.0,2651374.0,837839168320.3734,-0.6304570910835183
6314151.0,2651374.0,834456722691.651,-0.6302606728129223
6314151.0,2651374.0,838227574641.7432,-0.6275850939693565
6314151.0,2651374.0,847462095760.5765,-0.6157243773726389
6314151.0,2717357.0,853441304420.8317,-0.6057881018359587
6314151.0,2720087.0,867400981097.4844,-0.5857647078152535
6314151.0,2720087.0,864473142237.1094,-0.5889241545796702
6275251.5,2720087.0,840088937474.8594,-0.5536474755196027
6198828.5,2720087.0,836175272126.2067,-0.5390040143778869
6198828.5,2720087.0,835848983732.3265,-0.5402500787141551
6198828.5,2720087.0,834007461013.6597,-0.5415755433723151
6198828.5,2720087.0,833217011533.79,-0.5412642303851712
6198828.5,2720087.0,838123579810.5,-0.5452833174160076
6198828.5,2732649.0,839774463500.1598,-0.5470389852057831
6198828.5,2732649.0,844181976590.29,-0.5511700481344134
6198828.5,2732649.0,848252763428.415,-0.5529006364909491
6198828.5,2732649.0,846422983461.7222,-0.5554309513701435
6198828.5,2732649.0,845360115010.0677,-0.5723292698787608
6300246.5,2732649.0,851347721234.139,-0.5932448463030734
6314320.5,2732649.0,853774505684.1232,-0.5972563852827819
6314320.5,2732649.0,851896935106.2067,-0.5958257114724443
6314320.5,2732649.0,852623573419.9166,-0.5959872238715892
6314320.5,2732649.0,854292993306.415,-0.5975584186950992
6314320.5,2732649.0,859274376941.2067,-0.6009578097340549
6332236.0,2732649.0,862147755799.5834,-0.605029870680041
6332236.0,2732649.0,864541380149.5834,-0.6055890075669211
6332236.0,2732649.0,860775680114.7709,-0.6077531129271803
6332236.0,2732649.0,859452160456.2482,-0.6095735455125375
6332236.0,2732649.0,845684706107.4722,-0.6308713230588174
6332236.0,2667438.0,839690607558.6232,-0.6416040560546702
6332236.0,2667438.0,833512820305.8334,-0.6486648488719442
6382083.0,2667438.0,853728490224.8317,-0.6816242544154284
6382083.0,2667438.0,857221497555.639,-0.6961314902038054
6382083.0,2667438.0,855061376446.2067,-0.7047788452254694
6382083.0,2667438.0,855147913097.0557,-0.7046984335797707
6382083.0,2667438.0,853842691961.7222,-0.704521132644722
6382083.0,2667438.0,854022077229.7432,-0.7046350645392415
6382083.0,2691535.0,857307878008.4982,-0.7075010714735469
6382083.0,2691535.0,858846726952.3263,-0.7086822573913699
6382083.0,2691535.0,860953931149.1041,-0.7093187231076377
6382083.0,2691535.0,864478412257.9149,-0.7042373848224424
6382083.0,2691535.0,865563514372.9375,-0.6900028300475571
6382083.0,2691535.0,860839502184.75,-0.6745780384336408
6350139.5,2691535.0,858472962774.2482,-0.6707256400123693
6350139.5,2691535.0,858729841586.1234,-0.6709388216608433
6350139.5,2691535.0,859560408718.526,-0.6710047492343046
6350139.5,2691535.0,859503399560.54,-0.6709616997772918
6303101.0,2691535.0,850717992321.651,-0.6628676014739522
6303101.0,2691535.0,848855033948.4722,-0.6607656169685695
6303101.0,2691535.0,846289137419.5555,-0.6606409311213208
6303101.0,2691535.0,845878216619.9149,-0.6608999621906972
6303101.0,2691535.0,849854379474.3317,-0.6545633997699225
6303101.0,2691535.0,842203950087.8594,-0.663773456740324
6303101.0,2682086.0,815736413100.9375,-0.6965903079163182
6303101.0,2682086.0,798231877963.4375,-0.7081648407259344
6303101.0,2682086.0,783487210212.5817,-0.7069654938041073
6303101.0,2682086.0,776816642390.276,-0.6794498453865772
6303101.0,2682086.0,781945365332.1234,-0.6562037909317885
6303101.0,2682086.0,785482977130.5209,-0.6526284497651385
6303101.0,2682086.0,791621694453.9984,-0.6538346952805717
6303101.0,2682086.0,796989414675.1875,-0.657737599423839
6303101.0,3091414.0,856686461140.4097,-0.735383957641232
6303101.0,3091414.0,869963837064.5763,-0.7427918846237102
6303101.0,3091414.0,888907249931.3317,-0.7451560047864373
6303101.0,3091414.0,905851630263.8263,-0.7208636916192657
6303101.0,3091414.0,914109072311.0399,-0.6632496919315115
6303101.0,3091414.0,909250486499.4166,-0.6413748513630165
6307138.5,3091414.0,914721215158.6232,-0.6440460210187294
6307138.5,3091414.0,908880389911.4723,-0.6417379106914346
6270796.5,3091414.0,891961786867.2484,-0.6384831211913148
6102435.5,3091414.0,873447934559.9984,-0.6136581423754305
5965490.0,3091414.0,859578102293.9844,-0.5810432808626275
5929881.0,3091414.0,841251947583.4723,-0.5384965644520057
5901368.0,3091414.0,813670618856.4098,-0.5149069469384794
5901368.0,3091414.0,774332906721.54,-0.5184617593708188
5901368.0,2907063.0,707020890428.25,-0.61428541336247
5901368.0,2750760.0,656151845260.6598,-0.692177824198974
5901368.0,2618395.0,619035049420.2709,-0.7533632675639124
5892277.5,2561988.0,587068980713.8317,-0.793951269254445
5880500.5,2561988.0,561826379428.0677,-0.8048183534902509
5832152.5,2561988.0,552339737795.1649,-0.7746526133394879
5832152.5,2561988.0,555912053524.1234,-0.7377210578662304
5832152.5,2561988.0,560829152889.6597,-0.7242886094823638
5832152.5,2561988.0,564602332811.8265,-0.722307316954282
5832152.5,2561988.0,572798552404.151,-0.7261789553656
5832152.5,2276177.0,538006862239.4931,-0.6542330744431775
5832152.5,2276177.0,543533723990.4931,-0.6621785769886325
5832152.5,2276177.0,547625936455.40106,-0.6653391582414266
5832152.5,2276177.0,559525439082.6234,-0.6463059578083472
5832152.5,2276177.0,564347694598.2482,-0.6029969001960959
5767460.0,2276177.0,557435548227.993,-0.5833782685117459
5767460.0,2181227.0,530830764670.2066,-0.640050636909182
5767460.0,2134971.0,527424916277.4844,-0.650060336805743
5767460.0,2134971.0,525952434876.41486,-0.6538145249383744
5767460.0,2134971.0,536148983642.5556,-0.6412368625618216
5767460.0,2134971.0,542975395086.1042,-0.6412001351329868
5815808.0,2134971.0,552116389266.9166,-0.6471137595806701
5815808.0,2134971.0,563755502998.1041,-0.6415748968450911
5815808.0,2134971.0,577962868442.276,-0.62784729805899
5815808.0,2303879.0,604667786886.6666,-0.5849294218931412
5815808.0,2303879.0,628611993788.8888,-0.5592741668700778
5815808.0,2636398.0,684467552178.2483,-0.4604179733882689
5874833.5,2636398.0,724529653379.9427,-0.4469845762621145
6011382.5,2636398.0,750181474592.5555,-0.4786112320892333
6011382.5,2636398.0,756432484230.6232,-0.5224318477802904
6011382.5,2636398.0,752682640401.2899,-0.539679799817909
6011382.5,2636398.0,750993661891.3334,-0.541888754202508
6011382.5,2636398.0,746563601677.3334,-0.5421531999740988
6011382.5,2636398.0,740177426574.5763,-0.5376191698655365
6011382.5,2625077.0,729231256615.7222,-0.5260386804699104
6011382.5,2543748.0,714763461439.8541,-0.5105440341689994
6011382.5,2543748.0,699628539109.1233,-0.4995626405729809
6011382.5,2543748.0,679738139687.7344,-0.5148691072556119
6011382.5,2543748.0,668384693383.4375,-0.5735415484892897
6011382.5,2543748.0,671853685401.493,-0.608334056514922
6022938.5,2543748.0,674179075567.2344,-0.6135576764868663
6022938.5,2543748.0,669677616772.7899,-0.6123277456919477
6022938.5,2543748.0,678637337971.2709,-0.609645293229297
5991143.0,2543748.0,671410115439.5677,-0.5942102697267408
5991143.0,2543748.0,683358156270.8315,-0.6035434211244943
6019938.0,2543748.0,691419320965.0764,-0.614383200749155
6019938.0,2543748.0,708379129281.1666,-0.6122277754848178
6019938.0,2543748.0,742737056844.7484,-0.576610487742176
6019938.0,2543748.0,765298371752.2899,-0.5493374329947835
6019938.0,2543748.0,786939513821.7432,-0.5306767507476031
6019938.0,2570692.0,789311386470.1875,-0.526712039151862
6019938.0,2570692.0,800670284080.7432,-0.5142939366289795
6019938.0,2570692.0,811923894835.8055,-0.5127586400995903
6088403.0,2570692.0,815224432258.6875,-0.526584733178177
6088403.0,2570692.0,814441251435.2344,-0.5292821596222468
6088403.0,2570692.0,818761846129.6232,-0.5265263630963573
6088403.0,2570692.0,830524190421.901,-0.5308023894038906
6088403.0,2585778.0,840922327367.6388,-0.5396932661476941
6088403.0,2650392.0,851216385455.8334,-0.5496806048901225
6088403.0,2650392.0,863064422724.9722,-0.5593110653781039
6088403.0,2650392.0,867512237086.5,-0.5607366339792342
6088403.0,2650392.0,869945425355.2067,-0.5579790010848633
6088403.0,2650392.0,867415392848.8263,-0.5796656534754695
6088403.0,2650392.0,869857680837.2484,-0.5915219851211428
6109007.0,2650392.0,871087303376.1649,-0.5949718087161122
6109007.0,2650392.0,872451799891.9984,-0.5972987608639595
6109007.0,2650392.0,866411374922.0677,-0.5932344284068348
6163071.0,2650392.0,875167133908.79,-0.6185570382216121
6127849.5,2650392.0,868537205016.5677,-0.6091371062297705
6109007.0,2650392.0,862876320685.6598,-0.5969188639302855
6109007.0,2650392.0,848957759524.6232,-0.589463697289828
6109007.0,2650392.0,825211482260.2067,-0.610852965690491
6109007.0,2650392.0,813152276071.4166,-0.6272530787927404
6109007.0,2650392.0,804832948636.2065,-0.6389721523935578
6109007.0,2575771.0,794197348530.139,-0.6579360695883382
6109007.0,2527507.0,786478189425.1041,-0.6706243359165682
6109007.0,2527507.0,785550293205.3057,-0.6716846677456086
6127849.5,2527507.0,787741732505.4427,-0.6751951935845903
6127849.5,2527507.0,788957222249.54,-0.6700137916884914
6127849.5,2527507.0,792075081197.5,-0.6671792927734084
6127849.5,2527507.0,795902296239.9723,-0.6681062828304936
6127849.5,2527507.0,792383749161.5209,-0.6656764826278188
6127849.5,2530040.0,792709613696.79,-0.6659796644395793
6127849.5,2530040.0,791732238998.8057,-0.6651625499240016
6127849.5,2530040.0,795645355005.9166,-0.6663890654641882
6127849.5,2530040.0,803436762334.6666,-0.6573354997412292
6127849.5,2530040.0,824235195879.2067,-0.5649553746927989
6127849.5,2530040.0,820731476330.526,-0.5533232879983895
6149626.0,2530040.0,824464642471.8541,-0.5578400168134128
6149626.0,2530040.0,829605814145.3317,-0.5604521885902768
6149626.0,2530040.0,826580608172.276,-0.5581237636774502
6149626.0,2530040.0,827478742874.6234,-0.5586436236019213
6159953.0,2530040.0,828326175920.901,-0.5597914870713452
6159953.0,2530040.0,828225102487.4984,-0.5595599161105016
6159953.0,2530040.0,828117078821.6232,-0.5594433126478245
6159953.0,2530040.0,828921668322.8334,-0.5591300348777162
6159953.0,2530040.0,830728657194.0209,-0.5570614747589208
6159953.0,2530040.0,835169317315.1232,-0.5515878185784432
6159953.0,2518169.0,834173625216.0763,-0.5529231738422692
6159953.0,2518169.0,825661781129.0555,-0.5615865376808807
6159953.0,2518169.0,816609221395.9098,-0.5675808123235004
6108196.5,2518169.0,810757727480.915,-0.5564100536560036
6108196.5,2518169.0,812817630843.526,-0.548136854344563
6108196.5,2518169.0,816478242428.776,-0.5454241025654148
6108196.5,2518169.0,819815345360.2067,-0.5465932417375904
6108196.5,2536627.0,833681729688.2709,-0.557213988544638
6108196.5,2562363.0,839247343584.3057,-0.5620809964794008
6108196.5,2562363.0,843571731048.8594,-0.5652355104897634
6108196.5,2562363.0,845583242454.4375,-0.5657657924725739
6108196.5,2562363.0,837222290844.3265,-0.576462242006209
6108196.5,2562363.0,818188585136.7482,-0.6580197826043362
6108196.5,2562363.0,819106185461.54,-0.6618075984932936
6108196.5,2562363.0,817234172480.1597,-0.6601660757516026
6108196.5,2562363.0,813977300609.1666,-0.6595930030506352
6108196.5,2562363.0,816863735579.2067,-0.6612313790763799
6108196.5,2562363.0,815317631031.7344,-0.6605801212808785
6090616.5,2562363.0,813891611385.4844,-0.6588595206339475
6061291.5,2562363.0,807164374738.2223,-0.624951946241711
6061291.5,2562363.0,817803982476.5399,-0.62649651285067
6061291.5,2562363.0,827637180136.54,-0.6177176993784512
6061291.5,2562363.0,830816623027.6666,-0.6133423611580409
6061291.5,2562363.0,829483805423.2222,-0.6152543985662169
6061291.5,2555528.0,825697481469.401,-0.6205620375009343
6061291.5,2555528.0,822338118865.3263,-0.6233903129287587
6061291.5,2555528.0,816476123145.9427,-0.624685096698148
6041270.0,2555528.0,813488442706.1597,-0.6128943081060967
6041270.0,2555528.0,814800986777.1666,-0.6080923837302276
6041270.0,2555528.0,810460095935.79,-0.6118336620536065
6041270.0,2555528.0,812223679451.2899,-0.6124202441120167
6041270.0,2555528.0,804843133664.4932,-0.6063373870589651
6041270.0,2632538.0,815005169241.4722,-0.6172479346788325
6041270.0,2632538.0,824867386427.7223,-0.6259165225777211
6041270.0,2632538.0,829406020556.9984,-0.6273292112154071
6041270.0,2632538.0,832724885654.75,-0.6223471290529039
6041270.0,2632538.0,834546847960.6388,-0.6033105967900471
6053571.0,2632538.0,835245064594.5209,-0.605450293308222
6053571.0,2632538.0,834478973077.29,-0.6046679151605968
6053571.0,2632538.0,835314981866.0765,-0.6049210341353478
6053571.0,2632538.0,831134082094.8315,-0.6024146889188972
6053571.0,2632538.0,829213060085.2432,-0.6012791873309544
6037659.5,2632538.0,827930673018.9844,-0.5995367858114836
6037659.5,2632538.0,827791106922.8317,-0.5972872602743726
6037659.5,2632538.0,816016178885.5834,-0.5960190167188415
6037659.5,2632538.0,805435719624.0677,-0.6072314875893023
6037659.5,2623062.0,793470056206.3334,-0.6250132641351785
6037659.5,2593156.0,778238628705.2222,-0.647661736481476
6037659.5,2485301.0,759412136823.4097,-0.6741194907220159
6037659.5,2485301.0,738528410880.243,-0.6872371137787565
5978181.5,2485301.0,722586003032.743,-0.6838887669902725
5978181.5,2485301.0,718480216286.6875,-0.6566186905982941
5978181.5,2485301.0,721833270601.5763,-0.6421943404420117
5978181.5,2485301.0,729658397520.3541,-0.6333500972027367
5978181.5,2485301.0,733075634420.0763,-0.6342779147361598
5978181.5,2485301.0,749219692671.4097,-0.6473345229786123
5978181.5,2555127.0,758191971206.5834,-0.657352165176582
5978181.5,2555127.0,767149965209.5834,-0.6655056010009349
5978181.5,2555127.0,785573889142.4098,-0.6718314238706544
5978181.5,2555127.0,808526829612.1927,-0.6424408428846798
5978181.5,2555127.0,818525159184.9098,-0.5824493957409792
5841476.5,2555127.0,809406463696.8888,-0.554597472179586
5832885.0,2555127.0,800286594513.5209,-0.5487924539829275
5829158.5,2555127.0,783254338282.243,-0.5460127430535637
5814565.0,2555127.0,771055110072.0765,-0.5400074375641535
5686609.0,2555127.0,748695446362.9097,-0.5086727264974301
5649786.0,2555127.0,730084936218.1875,-0.46987363518394115
5628316.5,2555127.0,726435716904.0,-0.44557726397954067
5609475.0,2555127.0,702532045886.4722,-0.4164547273427317
5609475.0,2555127.0,658072542215.9097,-0.4320226534874941
5609475.0,2500544.0,608449183599.7482,-0.504782392105939
5609475.0,2412044.0,559792956776.4567,-0.5937525451713351
5609475.0,2164749.0,514497465892.6094,-0.6873469577312523
5603623.5,2021656.0,487784364911.91486,-0.7295494393998674
5576780.0,2004473.0,468119797710.8594,-0.7482138709282906
5548111.0,2004473.0,460653768394.2344,-0.7182767648510316
5548111.0,2004473.0,463867335759.8594,-0.6816322411908974
5548111.0,2004473.0,468635599727.1389,-0.6688078728345114
5548111.0,2004473.0,476681961998.8316,-0.6685766645628871
5548111.0,2004473.0,483710880629.9982,-0.6775100258099862
5548111.0,2041681.0,487545690980.58154,-0.6837968918057662
5548111.0,2041681.0,494764473459.7344,-0.6937667818548798
5548111.0,2041681.0,502479376274.5,-0.6987664484043808
5548111.0,2041681.0,510792737987.165,-0.6844126881949847
5548111.0,2041681.0,514881154027.9722,-0.6471094828642795
5523618.5,2041681.0,505231775169.0833,-0.6242773621061108
5523618.5,2034228.0,486881769290.915,-0.6537690530446167
5451598.5,2005041.0,461011064023.5677,-0.6804465648903292
5451598.5,1875652.0,452802865364.3177,-0.7054213139692065
5451598.5,1875652.0,460769631745.8056,-0.6929522035454536
5451598.5,1875652.0,459975600960.415,-0.6924981153837604
5460732.0,1875652.0,460608891559.88885,-0.6931681537953065
5460732.0,1875652.0,459603273313.79,-0.6932226030679205
5460732.0,1875652.0,460592926802.4375,-0.6921508010542134
5422022.0,1875195.0,445554047922.75,-0.7034937001081937
5422022.0,1961499.0,454662014841.3316,-0.6789040890556353
5422022.0,2303322.0,494895604816.08154,-0.550210654115991
5422022.0,2303322.0,517524595209.1927,-0.5180435384623967
5422022.0,2303322.0,530827694876.8316,-0.5191473653977488
5471719.0,2303322.0,534688473597.0833,-0.5402039253693312
5471719.0,2303322.0,533667854231.08154,-0.5492092605222851
5471719.0,2303322.0,531085972813.5816,-0.5554584593325907
5471719.0,2303322.0,526674564867.40106,-0.5554961705480258
5471719.0,2303322.0,520786534846.3056,-0.5484434441620946
5471719.0,2292536.0,517392974017.6233,-0.5427746617046131
5471719.0,2270245.0,512919296781.3594,-0.5354034610197006
5471719.0,2270245.0,510234756093.165,-0.5322069071840377
5471719.0,2270245.0,504574467372.4167,-0.5380456150740788
5471719.0,2270245.0,500621503936.07635,-0.5687144864702913
5510429.0,2270245.0,504798485361.3542,-0.5908297091768602
5510429.0,2270245.0,507005527562.90106,-0.5926591959336133
5529237.5,2456719.0,565164699107.3732,-0.49519101630941553
5529237.5,2456719.0,603934347195.7899,-0.42888632811851246
5529237.5,2456719.0,634694145253.0763,-0.4007811956495103
5530415.5,2456719.0,660306643488.2899,-0.4221202885597013
5554854.0,2456719.0,683034107509.3317,-0.45056584139808015
5606439.5,2456719.0,717568728479.8263,-0.4632792448544218
5608057.0,2456719.0,755296846796.993,-0.4636423900764461
5756128.5,2491689.0,800378693290.8263,-0.49406383648325847
5756128.5,2517620.0,836699212757.0,-0.4855775876147879
5756128.5,2595099.0,861884499308.8265,-0.4631807566273685
5756128.5,2595099.0,890772314541.1041,-0.4591073017929925
5878693.5,2595099.0,908837339779.2222,-0.4791007115824336
5934086.5,2595099.0,912401444717.3732,-0.5135481591355073
5934086.5,2595099.0,907600282304.3177,-0.5277870526285574
5934086.5,2595099.0,906322237330.165,-0.5289278936456022
5934086.5,2595099.0,904014268377.9565,-0.5287175616811918
5934086.5,2595099.0,907623461445.7344,-0.5310796775680021
5934086.5,2603338.0,908698410970.5555,-0.5319722302705067
5934086.5,2603338.0,909709520214.6041,-0.5327534115756577
5934086.5,2603338.0,901037362280.1041,-0.5285527137316177
5934086.5,2603338.0,884755696429.6041,-0.54070253930065
5934086.5,2603338.0,872931193101.526,-0.5950590806038274
5934086.5,2603338.0,874263433443.151,-0.6177754890374879
6008222.5,2603338.0,879884632240.3734,-0.6433973702203358
6000091.5,2603338.0,860288218345.9982,-0.6445284260179114
6000091.5,2603338.0,844784685865.2223,-0.6453676679004697
6000091.5,2603338.0,838374235111.2223,-0.645897761360471
6000091.5,2603338.0,836445901716.139,-0.6446445683373973
5979642.0,2603338.0,833931571824.54,-0.6423427671773301
5979642.0,2603338.0,828330365269.4722,-0.6437495319407434
5979642.0,2603338.0,829561238652.8057,-0.6425858762154026
5979642.0,2680670.0,844761470779.6041,-0.6199659401383047
5979642.0,2681889.0,857968729273.6666,-0.601229323956727
5979642.0,2728647.0,869163051064.6649,-0.5841050105454336
5979642.0,2728647.0,879096413795.6234,-0.5725835299947055
5979642.0,2728647.0,893096515612.3334,-0.5673204625151924
6039456.0,2728647.0,901337951218.5834,-0.5891020641917524
6039456.0,2728647.0,895968495331.8317,-0.6089080202370688
6039456.0,2728647.0,889961631660.165,-0.6147454919438282
6039456.0,2728647.0,905541270636.0817,-0.6188703146752775
6039456.0,2728647.0,895140031450.3541,-0.6126286280417367
6039456.0,2736933.0,896267273822.4166,-0.6136330406683677
6039456.0,2736933.0,898943608606.3055,-0.6158869460534556
6039456.0,2736933.0,899347072784.3541,-0.6160531112911553
6039456.0,2736933.0,947152626217.9098,-0.6013477565638663
6039456.0,2736933.0,949475309270.3334,-0.5855911536197635
6039456.0,2736933.0,950477369311.8177,-0.5918371344861136
6039456.0,2736933.0,946539279008.8263,-0.5789608742954128
5966556.5,2736933.0,940942445637.1598,-0.569137046454834
5919587.5,2736933.0,935026336839.3315,-0.5597617135728333
5919587.5,2736933.0,927777977208.9098,-0.5525277437057605
5917889.0,2736933.0,922071917097.3055,-0.5436481204696465
5906085.0,2736933.0,917541273264.0399,-0.535355067328505
5906085.0,2736933.0,910280234781.2065,-0.5303943591349564
5906085.0,2736933.0,905874996264.3317,-0.5326060417990298
5906085.0,2736933.0,887489177226.4149,-0.553820312421251
5906085.0,2736933.0,890478893695.6598,-0.5490567633165945
5906085.0,2721480.0,877818475906.8177,-0.5682863039587971
5906085.0,2721480.0,869350587156.0817,-0.5799809244880002
5906085.0,2721480.0,866995425849.1232,-0.5824652422742748
5899704.5,2721480.0,860361535861.901,-0.5740768141901547
5899704.5,2721480.0,862236992285.4932,-0.5640388555991139
5899704.5,2721480.0,868284313885.7223,-0.5566650746067052
5899704.5,2721480.0,858639350802.7223,-0.5542757606206518
5899704.5,2721480.0,867691213842.493,-0.55925449473585
5899704.5,2730029.0,868789098492.5677,-0.560182987439871
5899704.5,2730029.0,868831830843.0677,-0.5602173956744643
5899704.5,2730029.0,869333683978.0399,-0.5603836661778644
5899704.5,2730029.0,828479788043.75,-0.5719434084227385
5899704.5,2730029.0,826624191505.8888,-0.5894422270493448
5899704.5,2730029.0,826030480006.8263,-0.586827449520776
5899704.5,2730029.0,828805981094.1094,-0.5949933078708473
5899704.5,2730029.0,833198089611.0,-0.601412215639481
5899704.5,2730029.0,838865563638.665,-0.608543622122725
5899704.5,2730029.0,843003164223.3263,-0.6123729999580056
5899704.5,2730029.0,845231501839.6388,-0.6162159532280257
5894464.0,2730029.0,844752438520.4844,-0.6150459040401758
5894464.0,2730029.0,844798653621.9982,-0.6150914367895611
5894464.0,2730029.0,843421431556.3732,-0.6159202787305752
5894464.0,2730029.0,856809960085.8317,-0.5989543137236284
5894464.0,2645597.0,847209953906.3888,-0.6147450756292789
5894464.0,2645597.0,842328987329.8734,-0.6214219089295046
5894464.0,2645597.0,832073658979.1875,-0.6327605974588032
5886651.0,2645597.0,811947069966.7432,-0.49705375600119045
5817808.5,2645597.0,806673085757.0209,-0.4831335546359945
5817808.5,2645597.0,806270247887.5209,-0.4854054678702081
5817808.5,2645597.0,792548802849.915,-0.5059629434824752
5817808.5,2645597.0,790334761531.9984,-0.5053578104062032
5817808.5,2645597.0,791596627200.8263,-0.5065217203179571
5817808.5,2650819.0,792258398550.3334,-0.5072948409066993
5817808.5,2650819.0,791056282904.3057,-0.5059788291355548
5817808.5,2650819.0,789687805972.6666,-0.5052008037030663
5817808.5,2650819.0,783995100498.3315,-0.5122974765482943
5817808.5,2650819.0,786190466533.7484,-0.4882405893826507
5886651.0,2650819.0,793388156276.0555,-0.5043621658371467
5922313.0,2650819.0,802551492395.2484,-0.5135750619397126
5922313.0,2650819.0,819089987813.3888,-0.5127689561005632
5922313.0,2650819.0,831648801671.9567,-0.512955036415104
5895458.0,2650819.0,823749922345.0763,-0.5037418664331298
5895458.0,2650819.0,825125559037.0763,-0.5053095662135193
5933406.0,2650819.0,835166090668.4427,-0.5169350694447817
5820721.0,5574894.0,1616604140816.0554,-1.5253400802294261
5466287.5,5574894.0,1959522372770.8176,-1.2650838814829408
5466287.5,5603261.0,1963038228737.8054,-1.2613632982144616
5466287.5,5603261.0,1958476219789.7432,-1.2659327938453044
5466287.5,5603261.0,1943181267009.1875,-1.2794215270513845
5466287.5,5603261.0,1928933641176.7224,-1.290168727959003
5820721.0,5603261.0,1960730622599.0398,-1.35202024422344
5845653.5,5603261.0,1963336902442.9375,-1.3528826994482832
5845653.5,5603261.0,1963338063247.75,-1.3526839932580597
5845653.5,5603261.0,1968659912803.3054,-1.335197451292388
5845653.5,5603261.0,1966717597861.8318,-1.3385796627117892
5845653.5,5603261.0,1963496884831.6042,-1.3430330822457421
5845653.5,5603261.0,1963533875235.4167,-1.3429869396017173
5845653.5,5603261.0,1963548317604.9011,-1.3429682921553958
5845653.5,5603261.0,1970006280139.0813,-1.3333365572065947
5845653.5,5603261.0,1980638656484.6667,-1.3062283233509588
5845653.5,5603261.0,1980514014736.7761,-1.293398066715663
5736077.5,5603261.0,1964185412617.4011,-1.2915880743891512
5736077.5,5603261.0,1955867029033.3054,-1.2946446214949456
5736077.5,5603261.0,1936044087881.2432,-1.3074514507298396
5736077.5,5603261.0,1915795337660.54,-1.3203855178510784
5721721.0,5603261.0,1906299746655.3594,-1.3207137736484849
5686455.0,5603261.0,1884764300264.5762,-1.323249103238403
5644818.5,5603261.0,1850245467707.91,-1.330415412952578
5686455.0,4493418.0,1150440795826.8733,-1.0293455893107006
5710369.0,2679552.0,731554678747.3733,-0.5204472595866052
5710369.0,2591322.0,689946357603.0677,-0.5946472999728489
5710369.0,2415264.0,647043604721.0834,-0.667802482651789
5710369.0,2287527.0,615015191072.5209,-0.7132372463543762
5710369.0,2174501.0,589714791670.9427,-0.742063345301328
5686455.0,2174501.0,573210558571.0399,-0.7462652275965302
5672974.5,2174501.0,563248721671.6041,-0.7162857543365428
5672974.5,2174501.0,604777042948.7222,-0.5970643101463339
5672974.5,2174501.0,607612235566.993,-0.589941851326772
5672974.5,2174501.0,615271983907.4565,-0.589005159677343
5672974.5,2174501.0,619327781135.5815,-0.5919617322856778
5672974.5,2215061.0,623815612611.4149,-0.597331631258469
5672974.5,2215061.0,628873210621.6232,-0.6024879013680757
5672974.5,2215061.0,634504005528.3177,-0.6055654269314331
5672974.5,2215061.0,633935124301.2223,-0.6064449835294492
5672974.5,2215061.0,637978855703.6875,-0.5745554338699799
5632282.0,2215061.0,631645632568.2899,-0.5589349381336415
5632282.0,2215061.0,623064239503.3055,-0.5662863387439455
5632282.0,2229063.0,624115212655.6041,-0.5641902669510845
5632282.0,2229063.0,617150887117.993,-0.5746447069117115
5632282.0,2229063.0,623165967434.8317,-0.5733675490753019
5632282.0,2229063.0,624927127611.7065,-0.5748160319689306
5682184.5,2229063.0,628683579364.8055,-0.5802329909753792
5682184.5,2229063.0,630357833081.5677,-0.580959758985049
5682184.5,2229063.0,638073853653.7482,-0.5774150764464981
5682184.5,2241375.0,641133846132.7223,-0.5718460793717751
5682184.5,2262274.0,656777886440.526,-0.55148621616896
5682184.5,2601049.0,706931618355.3055,-0.4685824364584248
5682184.5,2601049.0,746708877832.0557,-0.44037354643491405
5715566.0,2601049.0,776584825726.5,-0.446995155661963
5748056.0,2601049.0,785021262708.6875,-0.48392597642001606
5748056.0,2601049.0,739204792019.54,-0.5678044749832777
5748056.0,2601049.0,739325357054.889,-0.5676146484234257
5748056.0,2601049.0,729387129244.4427,-0.5676050470605859
5748056.0,2601049.0,722050745744.9723,-0.5623628686266989
5748056.0,2573419.0,710442392059.4166,-0.5491060264808564
5748056.0,2503745.0,695320080984.151,-0.5323624429453196
5748056.0,2503745.0,672186913534.276,-0.5148176589238179
5748056.0,2503745.0,655740883116.151,-0.5344416475622424
5748056.0,2503745.0,644057269851.9097,-0.6160835927815744
5769506.5,2503745.0,649573741348.9983,-0.6497719638104246
5769506.5,2503745.0,655695836350.5555,-0.6547628712537449
5769506.5,2503745.0,656056247566.4166,-0.6544990765965745
5769506.5,2503745.0,669279508104.4565,-0.6486277732616997
5769506.5,2503745.0,690259095467.9166,-0.6426578434524014
5776237.5,2503745.0,709460292684.4097,-0.6586373225178684
5859243.0,2503745.0,728046255096.4722,-0.6802835750106601
5963260.0,2503745.0,753142450652.4565,-0.6906701386242735
6051066.5,2624791.0,794058034804.4722,-0.6599304436031059
6051066.5,2771577.0,840003220132.4098,-0.6077863670678254
6051066.5,2861617.0,892629537042.401,-0.5552694913899382
6051066.5,2861617.0,921908761683.243,-0.5199220486364489
6051066.5,2861617.0,959213414773.6388,-0.48907154426643135
6051066.5,2861617.0,981539551594.6649,-0.4902930601579245
6106817.5,2861617.0,989459828087.651,-0.5222609850405968
6106817.5,2861617.0,983545235867.3315,-0.5384723406334394
6106817.5,2861617.0,983641539531.0763,-0.5384213861937345
6106817.5,2861617.0,988316235276.6875,-0.5397093210218294
6106817.5,2861617.0,992407306339.1875,-0.5425730235048117
6106817.5,2896909.0,997414782343.1875,-0.5469252220674864
6106817.5,2896909.0,1005502409907.915,-0.552920654955577
6106817.5,2896909.0,1011007411763.6666,-0.5546268329963476
6106817.5,2896909.0,1004868589937.8541,-0.5612029622670285
6106817.5,2896909.0,1002199621618.7432,-0.5806656393841926
6106817.5,2896909.0,1002954313108.4982,-0.5874430505982162
6106817.5,2896909.0,1001856433005.9932,-0.5834972312501309
6119299.0,2896909.0,1002813369545.2484,-0.585119048260824
6050563.0,2896909.0,995583185608.5817,-0.5714439501005256
6006172.0,2896909.0,984983924537.276,-0.556098699048608
6001545.0,2896909.0,977958519945.0399,-0.5436083138397306
5973155.5,2896909.0,967746636441.3055,-0.5196964260818352
5973155.5,2896909.0,955147373564.2223,-0.5076083261232407
5973155.5,2896909.0,932435609748.901,-0.5147308613494894
5973155.5,2896909.0,912310342367.1232,-0.536852826633578
5973155.5,2879090.0,889397831762.3315,-0.5713972424493406
5973155.5,2879090.0,858288628714.3265,-0.6177298968580042
5973155.5,2653129.0,828945453231.5834,-0.6704925996046472
5973155.5,2653129.0,814280595001.1927,-0.6898328263705044
5925816.5,2653129.0,806668971608.6927,-0.6794242401152253
5925816.5,2653129.0,812612150113.3734,-0.6546808159251859
5925816.5,2653129.0,823503620889.915,-0.6465432633774498
5925816.5,2653129.0,839486445116.9932,-0.6516657562749206
5925816.5,2653129.0,845869065133.5677,-0.6560265255269557
5925816.5,2786670.0,864139733233.993,-0.6736081124106323
5925816.5,2786670.0,882562050915.4375,-0.6878476695073381
5925816.5,2786670.0,894330877937.6598,-0.6896688336708006
5925816.5,2786670.0,906016245308.026,-0.6704910050343937
5925816.5,2786670.0,908499502459.8265,-0.6332169657488858
5925816.5,2786670.0,903525034412.3055,-0.608455863257358
5890487.5,2786670.0,895165608561.9149,-0.581744414147218
5821603.5,2786670.0,879748122487.0399,-0.5620279055224982
5755564.5,2786670.0,870547476753.9722,-0.5442096195587148
5722692.5,2786670.0,859355772318.5557,-0.5219820815951427
5701471.5,2786670.0,848311126253.026,-0.5006350352557858
5696854.5,2786670.0,842481437449.9567,-0.4851177626578435
5696854.5,2786670.0,834971459355.5763,-0.47908538530760264
5696854.5,2786670.0,828550496911.9844,-0.482494855397347
5696854.5,2786670.0,819071024775.1875,-0.4966944248150272
5696854.5,2691921.0,801446440310.2899,-0.5275961130350076
5696854.5,2691921.0,802407983496.0817,-0.5259323339227636
5696854.5,2669492.0,787138170013.79,-0.5500966462907926
5696854.5,2669492.0,789477026749.2065,-0.5464162573742611
5696854.5,2669492.0,786372333018.5399,-0.5423940930146992
5696854.5,2669492.0,787983540761.4427,-0.5348214541510308
5696854.5,2669492.0,797837933614.6598,-0.5285745558898867
5696854.5,2669492.0,806704421575.9932,-0.53275371535935
5696854.5,2669492.0,823599734280.4166,-0.5462892869190277
5696854.5,2671615.0,823873649715.0399,-0.5465752278661847
5696854.5,2705159.0,832686700512.3732,-0.5555302392194521
5696854.5,2705159.0,846938039291.0,-0.5610782199374916
5696854.5,2705159.0,848948685814.3594,-0.5577337158971507
5696854.5,2705159.0,848630778830.2344,-0.5794713883425169
5696854.5,2705159.0,849087672272.3263,-0.5816423639044007
5701471.5,2705159.0,851102332871.3057,-0.5883007489607648
5701471.5,2705159.0,850437856377.2223,-0.5868296836607381
5701471.5,2705159.0,849175015906.9427,-0.5835216872046213
5702803.5,2705159.0,851432284950.3334,-0.5890785919780992
5698186.5,2705159.0,851048210361.665,-0.5879018691046485
5696065.0,2705159.0,850369503395.2432,-0.5856631085119688
5696065.0,2705159.0,848848645361.915,-0.5841556301572832
5696065.0,2705159.0,853366923454.9984,-0.5807123777266475
5696065.0,2705159.0,850828265306.5677,-0.5843672820590916
5696065.0,2705159.0,847281444348.3317,-0.5894469530139727
5696065.0,2635763.0,836722317912.915,-0.6064230444102077
5696065.0,2635763.0,836197452737.8541,-0.6071073346010121
5696065.0,2606674.0,820890785401.1666,-0.6277898314297674
5696065.0,2606674.0,817469584760.0555,-0.6221851719880199
5696065.0,2606674.0,819606542212.6927,-0.6126248563115588
5696065.0,2606674.0,817561509011.7899,-0.6141963189351978
5696065.0,2606674.0,809510769710.5399,-0.6124752687194466
5696065.0,2606674.0,790341341939.651,-0.6000143314369375
5696065.0,2606674.0,778808389044.026,-0.588980120301826
5696065.0,2480520.0,755815263063.0765,-0.5649738846732335
5696065.0,2480520.0,732387690836.776,-0.5509099973711042
5696065.0,2480520.0,720580799117.1666,-0.5741719865975256
5696065.0,2480520.0,721411079512.9166,-0.590028234199502
5709836.0,2480520.0,725735154359.6232,-0.6049249832009465
5720888.0,2480520.0,728045722661.5677,-0.6109411857759621
5720888.0,2480520.0,738423687436.5677,-0.6230252092702692
5754801.5,2480520.0,764462517751.0209,-0.6325679462695386
5759496.5,2480520.0,780905210803.5209,-0.6449613033420016
5785925.5,2480520.0,791675978359.6649,-0.6663982982080221
5829540.0,2480520.0,803003236605.915,-0.6910576905659379
5897395.0,2480520.0,817251750322.9565,-0.6989242923992031
5897395.0,2495059.0,827792294350.9982,-0.6886378471594914
5897395.0,2617296.0,838736916579.9149,-0.6731926117243763
5897395.0,2663205.0,854714961090.9375,-0.6514399579471232
5897395.0,2663205.0,862341545760.3263,-0.6433176846964584
5897395.0,2663205.0,857159702758.9984,-0.6458998557004715
5897395.0,2663205.0,846668914864.9844,-0.6429864426619977
5897395.0,2663205.0,844800043779.3263,-0.6302400358190273
5897395.0,2663205.0,840209525995.1927,-0.6447762158742318
5897395.0,2663205.0,827388279795.9098,-0.6522774491003466
5897395.0,2663205.0,819413783792.9098,-0.6492352317742713
5897395.0,2663205.0,828132595756.8734,-0.6561095201692915
5897395.0,2743555.0,839088738420.415,-0.6674008261710488
5897395.0,2743555.0,853384811504.6875,-0.6793758302930294
5897395.0,2743555.0,876839693898.243,-0.6871540641708381
5897395.0,2743555.0,911664441974.9149,-0.6468106070578734
5897395.0,2743555.0,918716783534.75,-0.5797019038818675
5897395.0,2743555.0,917708321940.9722,-0.5763590603673712
6005082.5,2743555.0,933950282790.0677,-0.5935951303655951
6009752.0,2743555.0,945083905091.4982,-0.597462482473003
6009752.0,2743555.0,948530082282.2223,-0.596139768588197
6009752.0,2743555.0,962007719935.9984,-0.5930769457477891
6015581.5,2743555.0,978394630179.639,-0.5973401147649068
6085728.0,2743555.0,990114974148.6041,-0.6026668126272777
6085728.0,2743555.0,999907644118.6041,-0.6019168361907937
6085728.0,2743555.0,999445093790.9166,-0.6021706890177274
6085728.0,2743555.0,1000396220777.1234,-0.601256865316934
6085728.0,2715951.0,997989218399.2484,-0.6037648203691892
6085728.0,2715951.0,993961794447.139,-0.6066292156453169
6085728.0,2715951.0,1001677699282.8594,-0.6049834488466136
6183737.5,2715951.0,1013497294397.4375,-0.61165195589147
6183737.5,2715951.0,1022829690207.7065,-0.645425879237511
6183737.5,2715951.0,1011038949226.9166,-0.7142786984396791
6183737.5,2715951.0,971825112064.7899,-0.7887588222129811
6183737.5,2715951.0,913318842706.5763,-0.8345770861119404
6183737.5,2715951.0,856323323633.29,-0.829458923540749
6183737.5,2684345.0,770458633166.4149,-0.7927183463840731
6183737.5,2569154.0,691314677075.6232,-0.7195616926600948
6183737.5,2214599.0,618906356134.776,-0.6309155892397141
6183737.5,2119523.0,563248299968.0763,-0.6128669002646873
6183737.5,2119523.0,544260004635.7344,-0.6962302458984543
6223444.0,2119523.0,554045860278.1598,-0.7492263062762013
6239454.0,2119523.0,571280157646.9149,-0.7400062185394222
6241383.0,2322800.0,600960591147.5815,-0.7003657842148503
6241383.0,2322800.0,615064317282.5555,-0.6909877386681991
6241383.0,2322800.0,623413770774.8733,-0.6871463793454118
6241383.0,2322800.0,625449881137.243,-0.688439452468994
6286590.0,2322800.0,629282790004.4166,-0.692494746310321
6289479.0,2322800.0,633084271165.6649,-0.6932516474891598
6289479.0,2322800.0,643170022416.0399,-0.6871642098787397
6289479.0,2350960.0,659039530147.6875,-0.662999871612005
6289479.0,2446291.0,681852064262.9098,-0.6270859999755763
6289479.0,2794611.0,743645894737.6927,-0.5198383924625232
6289479.0,2794611.0,791606271845.5765,-0.484466231952046
6342027.5,2794611.0,825165490534.0399,-0.4966212362070974
6358386.5,2794611.0,832056991934.04,-0.5368517894582099
6358386.5,2794611.0,830771315500.9149,-0.5418080115304781
6358386.5,2794611.0,834627912082.4932,-0.5376560032861083
6358386.5,2794611.0,835679837034.3594,-0.5376689538451082
6358386.5,2725245.0,816985397106.0399,-0.5209709549495435
6358386.5,2725245.0,813888844311.6649,-0.5183788878994104
6358386.5,2663087.0,801345174996.2709,-0.5073570403400885
6358386.5,2663087.0,778824611797.8334,-0.4948977920602769
6358386.5,2663087.0,747239736300.0555,-0.5295655390487872
6358386.5,2663087.0,737471079775.1598,-0.6029430795910284
6359748.5,2663087.0,739864070842.0817,-0.6141410928317181
6359748.5,2663087.0,737805701997.2484,-0.6112788955899745
6359748.5,2663087.0,729712511819.5834,-0.6111967200463156
6359748.5,2663087.0,729208674369.1927,-0.610862901473598
6359748.5,2663087.0,743440896268.2709,-0.6116932197232897
6392860.5,2663087.0,760308280713.5555,-0.6279914725931507
6443108.5,2663087.0,772937334745.5677,-0.647180955034942
6515775.0,2663087.0,792994093356.3265,-0.6576322930094148
6515775.0,2663087.0,823865015018.9932,-0.6422154688444432
6515775.0,2799711.0,869168149113.915,-0.5873651719324207
6515775.0,2881304.0,916447177447.1041,-0.5314646446149659
6515775.0,2881304.0,937201518335.8265,-0.5015375553869974
6515775.0,2927111.0,973877532030.9567,-0.45937163387852026
6515775.0,2927111.0,997974859986.4166,-0.4520546251563047
6570637.5,2927111.0,1006243337855.3055,-0.4800398942154607
6570637.5,2927111.0,1000044733491.2482,-0.49463548159234455
6570637.5,2927111.0,995195314890.6388,-0.4964815469195401
6570637.5,2927111.0,992022101205.8734,-0.4953148649121548
6570637.5,2927111.0,984947189974.1649,-0.4896313278747954
6570637.5,2914200.0,983155745754.743,-0.48800958649854836
6570637.5,2914200.0,978575183787.3734,-0.4843032634435297
6570637.5,2914200.0,975622880290.2899,-0.4831166705586275
6570637.5,2914200.0,972621748830.3317,-0.4871050300627854
6570637.5,2914200.0,970809299399.7065,-0.5196197335265843
6574806.0,2914200.0,974939634064.4984,-0.5425344799651931
6574806.0,2914200.0,975698747364.04,-0.5462221574731301
6622139.5,2914200.0,978997153325.5557,-0.5542952721570147
6675056.5,2914200.0,982753422048.4984,-0.5640897653588816
6672482.5,2914200.0,978009585732.8541,-0.5568048940457713
6672482.5,2914200.0,976197486870.0763,-0.5539946393988258
6634582.0,2914200.0,973692128464.0209,-0.5480657600301112
6634582.0,2914200.0,969597813667.9723,-0.5441500612105055
6634582.0,2914200.0,975936168547.7899,-0.5409880378574652
6634582.0,2914200.0,982778522346.0817,-0.5324231669884997
6634582.0,2914200.0,984840885809.9844,-0.5295915631095975
6634582.0,2914200.0,982772634802.4932,-0.532300307184692
6634582.0,2889157.0,977697496966.2344,-0.539515353270963
6634582.0,2889157.0,980495287182.6094,-0.5371557906850232
6584239.0,2889157.0,972683410228.2344,-0.5018179797648105
6584239.0,2889157.0,971239392299.7344,-0.5058128349805786
6584239.0,2889157.0,969905160790.9375,-0.5063536639809834
6584239.0,2889157.0,963740524292.8732,-0.5041390515891746
6584239.0,2889157.0,956340231311.901,-0.49830803460726114
6584239.0,2863495.0,952779656077.776,-0.4948344999990994
6584239.0,2863495.0,951582372351.4166,-0.4937956953156022
6584239.0,2863495.0,948973682058.3055,-0.4926658439310769
6584239.0,2863495.0,944265607841.2067,-0.49971790526848864
6584239.0,2863495.0,944331978582.4427,-0.5026962397588534
6553172.5,2863495.0,941317088290.5677,-0.48877643213844174
6582785.0,2863495.0,942806257833.493,-0.49449859303542865
6582785.0,2863495.0,944101735394.915,-0.496828236126651
6582785.0,2863495.0,945201306781.6597,-0.49884611211005453
6582785.0,2863495.0,950937945077.0677,-0.5073799931695356
6582785.0,2863495.0,949778594471.0209,-0.5051073492859146
6618606.5,2863495.0,952850197294.743,-0.5124553834006365
6499321.0,7391748.0,2462300128053.472,-2.147428330608298
6499321.0,7391748.0,2457669262208.2427,-2.1518397887687026
6499321.0,7391748.0,2447740092374.6646,-2.1636538198076725
6499321.0,7366188.0,2436039272812.8315,-2.1780424097851596
6499321.0,7409287.0,2443724054329.5767,-2.168337116870139
6499321.0,7409287.0,2445409782855.6094,-2.1662296051470395
6499321.0,7409287.0,2441429579152.1235,-2.1705212288332727
6604462.5,7409287.0,2455346422043.9985,-2.175088351452627
6604462.5,7409287.0,2455008269649.3887,-2.1767493044328434
6604462.5,7409287.0,2454851385479.415,-2.1770826924717652
6604462.5,7409287.0,2459200906654.026,-2.1696399745853485
6604462.5,7409287.0,2459835632143.7485,-2.1686567398366434
6604462.5,7409287.0,2463519617675.1646,-2.1632995731755824
6604462.5,7409287.0,2468285814232.2485,-2.156213213281619
6604462.5,7409287.0,2471212442986.4146,-2.1512748978601963
6604462.5,7409287.0,2469591926135.443,-2.1565311935903915
6604462.5,7409287.0,2472644822338.7065,-2.1601148538653914
6656721.0,7409287.0,2488113818611.805,-2.160559210634478
6656721.0,7409287.0,2489237464554.193,-2.16065013970218
6615871.0,7409287.0,2467161137372.2065,-2.1459177422767772
6615871.0,7409287.0,2470919535677.693,-2.144516090709833
6615871.0,7409287.0,2468179183765.5815,-2.1457882484539375
6571201.5,7409287.0,2461792473661.493,-2.1463811114181888
6563156.0,7409287.0,2455123130188.993,-2.1474483579401795
6581119.5,2912488.0,951508503988.6927,-0.5374041161856924
6581119.5,2912488.0,954195794238.4982,-0.5357852753185093
6581119.5,2912488.0,963296649480.165,-0.5237794220087283
6581119.5,2912488.0,972284929437.4722,-0.5120369960044329
6581119.5,2890458.0,960128105486.2222,-0.5282461785830007
6581119.5,2890458.0,948260924352.2067,-0.5440198088836962
6581119.5,2890458.0,938967621806.915,-0.5508069362293151
6581119.5,2890458.0,937963796124.4098,-0.5485120955215199
6581119.5,2890458.0,938443991478.8734,-0.5470261249198529
6581119.5,2890458.0,935873223839.639,-0.5483490508019561
6581119.5,2890458.0,934455959642.3317,-0.547814035554316
6581119.5,3220020.0,1000086405366.6666,-0.6164182673808812
6581119.5,3220020.0,998122866353.1234,-0.6151580799500611
6581119.5,3220020.0,992696521435.6927,-0.6121520018838916
6581119.5,3220020.0,987956919923.6598,-0.6116458538375799
6581119.5,3220020.0,990652938181.2899,-0.6061537950643924
6581119.5,3220020.0,989760495803.165,-0.5976448656748635
6581119.5,3220020.0,984982040416.4844,-0.5903229405027897
6592921.0,3220020.0,989800819866.9097,-0.5987518811893627
6615634.5,3220020.0,1015271972738.9098,-0.6664853616378587
6615634.5,3220020.0,1023094918393.8541,-0.6712400784511671
6615634.5,3220020.0,1029663853158.9166,-0.6758601482827353
6615634.5,3220020.0,1029708769994.3732,-0.6760182095223601
6661809.5,3220020.0,1037993797464.165,-0.691062875375282
6667931.5,3220020.0,1049792954242.151,-0.7006278858003089
6667931.5,3220020.0,1050269633332.026,-0.7003572924764944
6667931.5,3220020.0,1041912411171.873,-0.7107232456058528
6667931.5,3116590.0,994893149037.993,-0.7403306611535151
6667931.5,3114597.0,973656360046.9427,-0.7632084978085144
6667931.5,3114597.0,946405263631.3265,-0.7897205725606938
6667931.5,3114597.0,924749730737.1232,-0.7950039647815808
6667931.5,3114597.0,918473368283.665,-0.7716287033641004
6667931.5,3114597.0,919291438051.0815,-0.7686731441510636
6667931.5,3114597.0,917685803040.2709,-0.7703250530870482
6667931.5,3114597.0,915274560751.9427,-0.7704859786969794
6667931.5,2770744.0,857093780137.6232,-0.7079197470752624
6667931.5,2816423.0,863434359603.2223,-0.7137607450270153
6667931.5,2816423.0,873005029947.9722,-0.7209911063222735
6667931.5,2816423.0,891665762985.401,-0.7260026969388464
6667931.5,2816423.0,921867153784.7223,-0.6857564578823843
6667931.5,2816423.0,926095940937.0557,-0.6199665165807113
6636199.5,2816423.0,919666411931.5399,-0.6020168220484226
6639817.5,2816423.0,921985539891.8888,-0.6035686155659936
6639817.5,2816423.0,908909015911.6041,-0.606797082865263
6562715.0,2816423.0,890880600927.9932,-0.598127883655021
6487777.5,2816423.0,869039551417.026,-0.5786529086395736
6410713.0,2816423.0,863197838451.3057,-0.5614229538090401
6377815.0,2816423.0,843319471008.3888,-0.5276368061983153
6377815.0,2816423.0,815757700177.5765,-0.5172819544025654
6377815.0,2816423.0,780144884662.1649,-0.5506507671031625
6377815.0,2554931.0,722917233634.8334,-0.6468780382585679
6377815.0,2554931.0,714504181152.8315,-0.6517338806575519
6377815.0,2426922.0,679205478007.7483,-0.7044913556133513
6377815.0,2288604.0,651679630187.7482,-0.7418188758724138
6350831.0,2288604.0,632785760789.5,-0.7460555533741429
6342530.5,2288604.0,626333378116.5399,-0.7159907598845074
6342530.5,2288604.0,630044260809.5817,-0.6906623843679951
6342530.5,2288604.0,632302108448.4565,-0.686636440122716
6342530.5,2288604.0,632853172303.8334,-0.6865855311349542
6342530.5,2288604.0,632466785640.8264,-0.6862609761794753
6342530.5,2330613.0,637457866981.2065,-0.6926393792110375
6342530.5,2330613.0,644683822160.1388,-0.700668180140745
6342530.5,2330613.0,654012584188.1649,-0.7061542462266585
6342530.5,2330613.0,663254937732.0,-0.6952437435781529
6342530.5,2330613.0,668852240671.8315,-0.645968964903226
6302183.5,2330613.0,662066984573.9097,-0.6327795325860687
6302183.5,2330613.0,649856757955.7482,-0.6490281226828125
6302183.5,2263481.0,644864525236.7899,-0.658999440929824
6302183.5,2263481.0,653897916262.7709,-0.6478126336813361
6302183.5,2263481.0,665661632496.493,-0.6431867937621436
6302183.5,2263481.0,673683656501.8888,-0.6465508765458086
6379157.5,2263481.0,684668431794.6041,-0.6558572067610778
6420068.5,2263481.0,696862802820.9149,-0.6534624190222821
6420068.5,2305846.0,704625374361.0555,-0.6442202537504363
6420068.5,2458555.0,727029885887.3541,-0.6147205267218318
6420068.5,2580228.0,758540502023.2482,-0.5708926022462575
6420068.5,2901468.0,826132289562.5399,-0.46811466894999154
6430943.5,2901468.0,873635133038.8315,-0.44120738928521647
6535041.0,2901468.0,905646715709.4166,-0.46217115331236924
6535041.0,2901468.0,911383761330.9565,-0.5045832569686235
6535041.0,2901468.0,908520877015.4097,-0.513930878328268
6535041.0,2901468.0,909677187147.4844,-0.5128807069965685
6535041.0,2901468.0,907408128322.8594,-0.5128885784176777
6535041.0,2901468.0,902898543361.5,-0.5104185524223286
6535041.0,2884702.0,888854827445.4844,-0.49849873164216135
6535041.0,2791953.0,869200500794.3055,-0.48200133586673133
6535041.0,2791953.0,841392837435.526,-0.4658418665233712
6535041.0,2791953.0,808355644734.526,-0.4920099998423534
6535041.0,2791953.0,795615450408.248,-0.6059802241120725
6535041.0,2791953.0,799850385092.9723,-0.6368084829313957
6535041.0,2791953.0,800171533979.1234,-0.6373886833656693
6535041.0,2791953.0,801364685601.9723,-0.6378075339261478
6535041.0,2791953.0,807540288983.2899,-0.6392455389357962
6535041.0,2791953.0,823079243748.3734,-0.6420521145233673
6562666.5,2791953.0,837456994290.7432,-0.6554450324406176
6624180.0,2791953.0,849799892322.8177,-0.6692890491111589
6675413.0,2791953.0,872343968107.8177,-0.6693394664621388
6675413.0,2791953.0,907272638477.9567,-0.6462656185712613
6675413.0,2940495.0,955706176833.6598,-0.5927614856647944
6675413.0,2940495.0,946219712577.4166,-0.592480407759938
6675413.0,2940495.0,959097806055.2223,-0.5726735023691649
6675413.0,2940495.0,943019304641.1598,-0.57821748548603
6675413.0,2940495.0,969364402245.8888,-0.5627005681238556
6759173.0,2940495.0,978083331921.7484,-0.5917691810936639
6759173.0,2940495.0,971147665036.4567,-0.6095106082752333
6759173.0,2940495.0,983821508722.29,-0.6059919248285047
6759173.0,2940495.0,974589532006.389,-0.6047324351124714
6759173.0,3387988.0,1055003348524.3888,-0.6867700817318773
6759173.0,3387988.0,1045894410455.915,-0.6829440297644191
6759173.0,3534172.0,1151595397594.66,-0.7678145491653711
6759173.0,3534172.0,1145450046048.3054,-0.7699911190031355
6759173.0,3534172.0,1191782853176.5398,-0.7274171465784143
6759173.0,3534172.0,1191088533343.9722,-0.7142067685699035
6759173.0,3534172.0,1192139210015.389,-0.7180825933641237
6759173.0,3534172.0,1196301515483.9148,-0.7255694951105055
6768315.5,3534172.0,1197145816248.16,-0.7263545008040498
6728803.5,3534172.0,1185950133653.3333,-0.7107768671852053
6728803.5,3534172.0,1179265044295.9983,-0.7083947887976141
6728803.5,3534172.0,1173732172339.3057,-0.7047739081609978
6728803.5,3534172.0,1175139758605.1042,-0.7054189126236738
6728803.5,3534172.0,1166139063015.9724,-0.7067438879215484
6728803.5,3534172.0,1137295367416.639,-0.722724058880878
6728803.5,3669657.0,1153253084973.1233,-0.6960985170728893
6728803.5,3669657.0,1206433006454.9722,-0.657380324129111
6728803.5,3669657.0,1207285894127.0554,-0.6563219086953257
6728803.5,3669657.0,1261663646847.0815,-0.6209440149045382
6728803.5,3669657.0,1258818145643.1926,-0.6227009131892536
6689326.0,3669657.0,1255650962729.9722,-0.6178686832166237
6689326.0,3669657.0,1254394934971.2483,-0.6218592785320143
6689326.0,3669657.0,1233400613284.4097,-0.6371218540029219
6689326.0,3669657.0,1242553877144.9097,-0.6344235696576929
6689326.0,3669657.0,1171440274893.8333,-0.5877668693296888
6689326.0,3669657.0,1167522208976.623,-0.5867392825629769
6689326.0,3070363.0,1053137614134.3888,-0.46733519767784115
6689326.0,3070363.0,1051415050067.7484,-0.4669719291353587
6689326.0,3070363.0,991105175547.4427,-0.49361131870413927
6689326.0,3070363.0,991001356564.2222,-0.5167299209137064
6689326.0,3070363.0,992065906171.6927,-0.5228876026062875
6687080.5,3070363.0,991926039146.0209,-0.5225138749078673
6687080.5,3070363.0,989756326441.6927,-0.5179512170013117
6687080.5,3070363.0,988095688964.0209,-0.5052614309683091
6687080.5,3070363.0,990211237994.0209,-0.5080388452943765
6687080.5,3070363.0,995699459197.2484,-0.5162880129089211
6687080.5,3070363.0,994695279386.4723,-0.5149845688824424
6687080.5,3070363.0,996193619845.8541,-0.5160120377584895
6687080.5,3070363.0,1015077969593.5763,-0.5184415658403584
6687080.5,2985666.0,1001189095220.5209,-0.5387952259723985
6687080.5,2985666.0,1006222651470.7222,-0.5318358302698797
6687080.5,3017073.0,1015668310949.526,-0.5189247310461462
6687080.5,3017073.0,1018285702209.54,-0.5152661066958857
6687080.5,3017073.0,1030668943988.4722,-0.5059011443163571
6709980.0,3017073.0,1036455749873.6666,-0.5190586368348432
6709980.0,3017073.0,1032526924022.9098,-0.5302579512058467
6709980.0,3017073.0,1027940185405.8334,-0.5325601749335882
6709980.0,3424006.0,1129137103423.1233,-0.6221733672234795
6709980.0,3424006.0,1096637377643.2344,-0.6099048213319234
6709980.0,3424006.0,1092501092019.9098,-0.6080371210153815
6709980.0,6183457.0,1970127005850.04,-1.6852358118824704
6709980.0,6183457.0,1989812624795.7063,-1.659769232899085
6709980.0,6183457.0,2152723502120.4724,-1.4702594790634442
6709980.0,6183457.0,2156024257613.9426,-1.4103691436797914
6709980.0,6183457.0,2158027893239.0557,-1.412157842414057
6672174.5,6183457.0,2153509004452.972,-1.4091366305477493
6731505.0,6183457.0,2162969800744.9563,-1.4107591831652186
6842532.0,6183457.0,2184223331557.41,-1.4238401940809278
6842532.0,6183457.0,2197315969853.3738,-1.4221740720883176
6731505.0,6183457.0,2178774379780.1094,-1.4108563236171763
6734213.0,6183457.0,2179142528840.2344,-1.4108987262323904
6734213.0,6183457.0,2186928294825.9375,-1.4090228340971525
6734213.0,6183457.0,2208478847915.3735,-1.3946483508569498
6734213.0,6230178.0,2223681666040.305,-1.3809150453267152
6734213.0,6420375.0,2258653556321.555,-1.3470161133370826
6734213.0,6420375.0,2273155006243.248,-1.334122244929332
6734213.0,6420375.0,2277257567568.889,-1.3307070646624977
6734213.0,6420375.0,2279815766707.7344,-1.3290241936528078
6734592.0,6420375.0,2286418031413.1597,-1.3300975962783228
6734592.0,6420375.0,2284781756105.4927,-1.3378571135828383
6734592.0,6420375.0,2278608184155.66,-1.3481175995731425
6734592.0,6420375.0,2166577069391.123,-1.4424491009775504
6734592.0,6420375.0,2161060065021.8264,-1.448598517354927
6734592.0,6420375.0,2155783289444.7068,-1.4538641454827104
6734592.0,3747880.0,1266100070704.3054,-0.4774634973418149
6734592.0,3747880.0,1235358559704.4983,-0.4729111300637254
6734592.0,3090598.0,1038669967074.1875,-0.35934418424022585
6734592.0,3090598.0,1017642024804.6875,-0.4581508424077293
6839379.5,3090598.0,1022180870989.54,-0.47915153044672737
6865832.0,3090598.0,1034892952991.9098,-0.518068252832219
6875901.5,3090598.0,1048314564576.722,-0.5341159147045813
6899696.5,3090598.0,1058159981297.2432,-0.547482515052975
6899696.5,3090598.0,1061245078510.3334,-0.5504261095133566
6999782.5,3090598.0,1076840771728.3334,-0.6089914619295603
7017666.5,3090598.0,1081268750596.6234,-0.6202094659560503
7017666.5,3090598.0,1086829393693.9567,-0.6250149893017397
7017666.5,3090598.0,1095921565021.7484,-0.6197398592047909
7017666.5,3090598.0,1095238121415.9149,-0.6204009853867046
7017666.5,2969163.0,1082019804079.0834,-0.6377485904793805
7017666.5,2961111.0,1049172841703.6927,-0.6634347113101261
7017666.5,2961111.0,1018555890601.1598,-0.6836833914335302
7017666.5,2961111.0,995915386303.6041,-0.6889407705798807
7017666.5,2961111.0,989197584608.4567,-0.6689292987615565
7017666.5,2961111.0,992085371785.9567,-0.6607813004320232
7017666.5,2961111.0,992678483498.0765,-0.6604293589930645
7017666.5,2961111.0,1000320343427.2432,-0.6622570993810316
7017666.5,2997866.0,1023080657692.9982,-0.6761784658653863
7017666.5,3106064.0,1044786420453.8263,-0.6924878863146805
7017666.5,3106064.0,1063623633096.0677,-0.7040178933419796
7017666.5,3106064.0,1087266231450.4427,-0.7091238801128045
7017666.5,3106064.0,1125768470641.8054,-0.672045019056831
7017666.5,3106064.0,1136213267642.493,-0.5938632393527228
7017666.5,3106064.0,1130726088634.9844,-0.5756446634477532
6970097.5,3106064.0,1126044177860.0818,-0.5714866402681359
6970097.5,3106064.0,1118716805153.8318,-0.5693488382025843
6955298.0,3106064.0,1109135999520.5764,-0.5637309356338746
6830906.0,3106064.0,1090507990151.8177,-0.5406102487055994
6704957.5,3106064.0,1067673128606.1234,-0.5096288573362608
6660840.5,3106064.0,1052863615851.8541,-0.48102383770114115
6660840.5,3106064.0,1028418160325.776,-0.4627726580740231
6660840.5,3106064.0,973403988219.4932,-0.48573548985681714
6660840.5,3106064.0,909689220553.4427,-0.5480326134832507
6660840.5,2711021.0,833004122051.5209,-0.6647310172527414
6660840.5,2620390.0,793144256659.2223,-0.7050840186175218
6660840.5,2492079.0,759128733142.9984,-0.7403208276459373
6614219.5,2452795.0,729346008002.7065,-0.7585279940319738
6597259.5,2452795.0,716799081129.243,-0.7290177329744153
6597259.5,2452795.0,720519609829.7067,-0.7046079088301619
6597259.5,2452795.0,722198073471.6041,-0.7016303255892591
6597259.5,2452795.0,722103152126.3263,-0.7016465062196574
6597259.5,2452795.0,721682257671.2482,-0.7013427641622118
6597259.5,2459174.0,722489232966.5764,-0.7022227099453842
6597259.5,2459174.0,725665723455.9098,-0.7053078316863356
6597259.5,2459174.0,736325472022.8888,-0.7110858848612391
6597259.5,2459174.0,745796528085.401,-0.7024794760943578
6597259.5,2459174.0,752910881816.139,-0.6603122002336382
6582019.0,2459174.0,746745485277.9098,-0.6502807333155354
6582019.0,2459174.0,741680140374.9565,-0.6558771629737618
6582019.0,2361146.0,734148075603.0815,-0.6681982679186578
6582019.0,2361146.0,725371194104.3177,-0.6783320839409356
6582019.0,2361146.0,732336352956.1927,-0.6754346297497237
6582019.0,2361146.0,736689834622.3888,-0.6771752792462836
6637224.0,2361146.0,742060311568.9098,-0.679772454385026
6637224.0,2361146.0,749252091402.0763,-0.6768977581723976
6637224.0,2439943.0,765055575273.8541,-0.65953412826928
6637224.0,2580231.0,788299396274.3734,-0.6272110983017637
6637224.0,2675375.0,822774318780.6666,-0.5840517403024552
6637224.0,2983687.0,893358019507.0817,-0.4903673582318691
6637224.0,2983687.0,944311081591.8315,-0.462712877253434
6702298.0,2983687.0,970513178983.5209,-0.4817497505105626
6702298.0,2983687.0,975353017030.4723,-0.5127169922759733
6702298.0,2983687.0,974689655286.54,-0.51482936180668
6702298.0,2983687.0,979132282795.4982,-0.5107295583026542
6702298.0,2983687.0,981641928780.401,-0.5107600763258546
6702298.0,2983687.0,979595144934.3541,-0.5096353373644157
6702298.0,2961204.0,969979537508.651,-0.5022195465454131
6702298.0,3091540.0,988225223009.8732,-0.5189609827237908
6702298.0,3091540.0,964687963815.5,-0.5098786197138849
6702298.0,3091540.0,927984282298.0399,-0.5432053805684343
6702298.0,3091540.0,911889607433.993,-0.6392081464631434
6702298.0,3091540.0,914291332507.2223,-0.6528176329733651
6702298.0,3091540.0,909606208443.4375,-0.6480459302456978
6702298.0,3091540.0,901808289366.7067,-0.6437515013885169
6702298.0,3091540.0,902204289945.6388,-0.6441016372954766
6702298.0,3091540.0,910536067235.1875,-0.6477642920968959
6737560.5,3091540.0,919310494028.3734,-0.6580938908121007
6788357.0,3091540.0,925642467977.1666,-0.6668848260283188
6788357.0,3091540.0,937046819430.026,-0.6702915166699467
6788357.0,3091540.0,959202742503.526,-0.6547423928680893
6788357.0,3210667.0,1007120042599.5763,-0.5924006993877936
6788357.0,3296257.0,1057102319558.0677,-0.5298454804172612
6788357.0,3331998.0,1083661683806.8732,-0.4920692701970087
6788357.0,3331998.0,1121801761572.8733,-0.45231590671837496
6788357.0,3331998.0,1148471579555.8318,-0.45088166019867687
6821164.0,3331998.0,1154474820550.6926,-0.47449315807904546
6821164.0,3331998.0,1159164641913.7065,-0.46623523311225606
6821164.0,3331998.0,1177915678761.4932,-0.46189595275184525
6821164.0,3331998.0,1205382834858.7068,-0.4715038525333563
6821164.0,3331998.0,1215260637943.9097,-0.4767671014031679
6821164.0,3331998.0,1228544728731.5764,-0.4849354544595653
6821164.0,3242008.0,1206995101114.2761,-0.4692578287034223
6821164.0,3242008.0,1218121527500.8057,-0.4722674913111742
6821164.0,3242008.0,1223064574046.665,-0.4667405459728458
6821164.0,3242008.0,1223180160691.1094,-0.46375922649937573
6821164.0,3242008.0,1223024710269.722,-0.46269290447896305
6821164.0,3242008.0,1223212346613.0813,-0.4631936207689493
6805396.5,3242008.0,1225112458900.493,-0.3661499497257129
6805396.5,3242008.0,1225383953162.1926,-0.3666550198238198
6805396.5,3242008.0,1220255700473.5208,-0.360025209827089
6805396.5,3242008.0,1218833656339.6926,-0.35788235493014
6805396.5,3242008.0,1218873548774.3057,-0.357948978209062
6805396.5,3242008.0,1216355465588.4983,-0.35594283908986124
6805396.5,3242008.0,1216654651678.9932,-0.35588740881378195
6805396.5,3242008.0,1205575212470.9148,-0.36546887809097056
6805396.5,3242008.0,1190214090915.889,-0.38155638323140756
6805396.5,3208549.0,1132748526313.25,-0.4301899942703801
6805396.5,3122730.0,1122516331263.9983,-0.44438425027110817
6805396.5,3122730.0,1113829265916.4722,-0.45041825853654754
6793150.0,3122730.0,1112791688475.3318,-0.44881881116606753
6793150.0,3122730.0,1104685983078.5,-0.4695739251956861
6793150.0,3122730.0,1094075336442.665,-0.47289556156523244
6793150.0,3122730.0,1076564252182.389,-0.4654780791320109
6793150.0,3122730.0,1057746634993.3265,-0.4538922665149273
6793150.0,3072135.0,1041001255187.4844,-0.4394296473359071
6793150.0,3009086.0,1032195992644.3265,-0.4317449220742953
6793150.0,3009086.0,1021624353930.8734,-0.42627600262742593
6793150.0,3009086.0,1024808966279.2344,-0.4230652023659957
6793150.0,3009086.0,1025642804739.9982,-0.44186447019776065
6793150.0,3009086.0,1027752736060.1666,-0.4514295523181618
6793492.0,3009086.0,1027776582451.9166,-0.45148381514884356
6827660.0,3009086.0,1030576357031.7223,-0.5635176504488313
6838368.0,3009086.0,1033978552727.4932,-0.5687035177978389
6838368.0,3009086.0,1040654305850.1388,-0.5759771917433345
6838368.0,3009086.0,1041346544778.915,-0.5770764932492062
6852401.5,3009086.0,1042592364639.0817,-0.5790968499424977
6852401.5,3009086.0,1047195034956.8334,-0.5815527049750109
6852401.5,3009086.0,1063572578515.0677,-0.5679939305988817
6852401.5,3009086.0,1062502106498.8177,-0.5692522997756291
6852401.5,3009086.0,1063039018584.8265,-0.5685418034186482
6852401.5,3065064.0,1108618370129.6042,-0.5285728777022436
6852401.5,3065064.0,1105536620073.6042,-0.532238499688115
6852401.5,3065064.0,1109831187281.8264,-0.5303666988577768
6876579.0,3065064.0,1111398695282.4426,-0.5341928349939682
6876579.0,3065064.0,1101239101300.2708,-0.5680428759613866
6876579.0,3065064.0,1095382348893.8334,-0.569944484901825
6876579.0,3065064.0,1099820981575.2708,-0.5717675870483468
6876579.0,3065064.0,1105020836762.4148,-0.5744883569805064
6876579.0,3133304.0,1115921231735.1667,-0.5822832694734125
6876579.0,3133304.0,1122265104847.4167,-0.5865198394123007
6876579.0,3133304.0,1125134275311.165,-0.5872974951748391
6876579.0,3133304.0,1112653781371.9722,-0.6013119081717584
6876579.0,3133304.0,1112765523089.9375,-0.6045531906197574
6876579.0,3133304.0,1116625626722.8733,-0.6190613849772625
6876579.0,3133304.0,1117365424986.6233,-0.6213917463621415
6876579.0,3133304.0,1116601040674.3057,-0.619988168772603
6876579.0,3133304.0,1122444042012.2483,-0.6269445870588493
6876579.0,3133304.0,1117725696575.4983,-0.6204780716176415
6877685.0,3133304.0,1119919856553.889,-0.6242304098864373
6877685.0,3133304.0,1121231021163.9148,-0.626572128362841
6877685.0,3133304.0,1123134380662.5554,-0.6275904751241126
6877685.0,3133304.0,1122384735767.4426,-0.6282337256369251
6877685.0,3143096.0,1140590970581.5398,-0.6071304043825155
6877685.0,3143096.0,1147631814071.1648,-0.5991754225370368
6877685.0,3143096.0,1139669225593.389,-0.6086725605115796
6877685.0,3143096.0,1130923944676.0762,-0.6176464890448486
