2983.93392861152,5084.398280076748,1035542.4018031067,-1.0323230383773299
2985.01425337658,5084.398280076748,1010564.2184536316,-1.010351394228421
2985.64096450202,5084.398280076748,994407.6748953888,-1.031728366019263
2988.67340432427,5084.398280076748,977494.7634892466,-1.0530568149015473
2993.7478321093395,5084.398280076748,954604.9356486303,-1.0660743167816575
2997.6263474243897,4735.611446784037,911388.2343757073,-1.0138155210836601
3013.13381238206,4553.369561453331,873044.180797374,-0.9842850447868605
3013.71223327177,4553.369561453331,853388.1338330021,-0.9534427151770117
3015.78741029107,4553.369561453331,829600.1190667686,-0.950996835776887
3015.78741029107,4553.369561453331,824257.1937750085,-0.9591741300461356
3025.1914695793203,4553.369561453331,806946.2902750878,-0.9738465746515389
3028.8262823808504,4553.369561453331,785277.316617445,-0.9227244379249491
3038.94839300547,4265.514987516241,749828.3106124878,-0.8765423156639592
3042.2163786089195,4265.514987516241,727042.5324331198,-0.8624325938783441
3054.2732769902696,4265.514987516241,705476.2492210282,-0.8457136935851429
3056.64282891602,4265.514987516241,680054.1783520307,-0.8228196222527497
3076.10986317636,4265.514987516241,667245.6977031293,-0.8148133009343861
3076.73889653464,4265.514987516241,643651.2114538795,-0.7612676691642317
3078.1857655912395,4572.059486408471,642557.3289808317,-0.7105338841556204
3084.6170590961306,4183.546911796052,620120.0519744763,-0.6149861147392847
3089.69852326277,4183.546911796052,603969.3616786366,-0.5878372682349998
3094.17204501989,4183.546911796052,592985.8671328492,-0.5827664957239364
3103.4923157358003,4183.546911796052,584023.7272466888,-0.5587762740538386
3105.7815239848305,4183.546911796052,574778.207169037,-0.5681238422526091
3108.23092303342,4183.546911796052,563315.0063819992,-0.5471200949373937
3118.7303426138697,4183.546911796052,558051.0319541476,-0.5377090990717269
3124.13886426708,4183.546911796052,558205.2846402893,-0.5328423064219093
3143.7382211331105,4183.546911796052,539135.5293037227,-0.4952839067469829
3146.9046937600606,3808.6104642865203,528187.7871729942,-0.3532680481278061
3157.99611228117,3808.6104642865203,524432.8837219633,-0.3150621326748455
3159.14676339547,4392.2308557687,534008.6737191263,-0.15663824416165156
3162.72836463865,4357.97529418599,517276.31243506656,-0.11336664601575065
3169.6785992054,4357.97529418599,505375.317383442,-0.0763916609866255
3202.39184613875,4280.09273100553,489245.0423517341,-0.025978432347956226
3207.2234196067498,4280.09273100553,487125.0422439119,-0.027671592563894027
3212.27569861089,4280.09273100553,491532.93967920874,-0.020626818790309663
3214.3353665992,4280.09273100553,506431.8293961903,0.057733066504328995
3225.51501776454,4280.09273100553,498784.70407407853,0.08965696909560404
3230.1237625554604,4280.09273100553,497973.78296454815,0.0741805679064186
3235.38792551982,4280.09273100553,493574.64613887697,0.09950011996804042
3235.440250603689,4280.09273100553,505076.3966170325,0.12026632925135773
3237.1346443760103,4280.09273100553,509823.5787209578,0.13258249805968098
3246.38326744299,4280.09273100553,518238.23296762374,0.22444353617714435
3256.0072398612897,4280.09273100553,512798.30403960554,0.26737977815841646
3260.80703145927,4280.09273100553,499465.15161175537,0.31974230183736174
3286.14698085738,4280.09273100553,502830.9064414595,0.4244767812339524
3299.36176283349,4183.28381136016,489443.3824558865,0.5089062972093266
3302.2866691761,4183.28381136016,503377.8921942717,0.5324774134902741
3306.47862902214,4183.28381136016,516113.6331701545,0.5528521006004402
3309.0242792400395,4183.28381136016,523602.3743711235,0.5864593983183484
3309.34925943795,4599.37511121916,546969.8197864245,0.6806698440947271
3330.40865215704,4599.37511121916,550737.4515908606,0.6959589831247921
3330.40865215704,4599.37511121916,556363.2502989093,0.6821983502551886
3392.71577193508,4599.37511121916,561281.6755581513,0.7167606358584162
3400.89572843246,4599.37511121916,568802.1169101418,0.7216479537965559
3424.88089887017,4599.37511121916,585555.6860482396,0.7492870913069978
3425.81538188336,4823.50963311496,614742.3486996301,0.8242956909973471
3427.69011314708,4823.50963311496,614169.2981121801,0.8132459676752188
3437.07561945829,4320.111675985319,610186.5038727033,0.9006130026229914
3443.621033539,4190.67407217053,616824.3760066921,0.9411110310837231
3454.37541082779,4190.67407217053,636933.762519789,0.9570152187282848
3455.91481640032,4190.67407217053,645783.9430389176,0.9457547879572186
3457.30431844328,4190.67407217053,659919.8052249525,0.9784747200827243
3458.9429303941497,4190.67407217053,678932.5489653092,0.9917100208142186
3472.78578172281,4190.67407217053,691589.1514105754,1.0052392021110026
3479.53068692966,4190.67407217053,708690.5596107012,1.0000593992845872
3480.32657839018,4322.1632015880805,735284.5340857415,1.0841663361944853
3481.4782167643702,4322.1632015880805,762147.0296038248,1.0958716965791115
3484.1532719196603,4658.10478111464,805296.9973340746,1.162338281778006
3499.84843738261,4658.10478111464,823164.2522072123,1.1474118112204252
3510.23384565518,4658.10478111464,833457.9955291705,1.1243032397826194
3523.95424183313,4658.10478111464,852325.4706324652,1.108460642848704
3535.76203962208,4658.10478111464,873301.4614713266,1.108961435011508
3548.964692368529,4658.10478111464,893892.4735040418,1.0979081485457212
3551.20060825067,4658.10478111464,915793.8150988544,1.082968941985045
3569.2611627025603,4658.10478111464,929084.7676728995,1.060092180645539
3581.55154550778,4658.10478111464,947633.8259745385,1.0424467010547038
3583.10193339257,4658.10478111464,963375.822912426,1.0232719543364794
3604.01580686755,4658.10478111464,990909.7588252253,1.0343831570561592
3608.02764897127,4658.10478111464,1016710.5778682586,1.0522375791770944
3608.2120066158495,5035.01579221318,1062708.3093776098,1.0988550733256535
3608.2120066158495,5035.01579221318,1091393.8252615507,1.0883525284957711
3614.33448255937,5035.01579221318,1136101.6648389997,1.1042964961691375
3614.94987224044,5035.01579221318,1161636.0566154358,1.0892137787977312
3617.1616013692,5035.01579221318,1176917.6662235463,1.0668443626985737
3620.686630283221,5035.01579221318,1214310.661760093,1.0702389722675356
3620.686630283221,5035.01579221318,1244558.1719435295,1.0572519526551403
3641.10012882259,5035.01579221318,1269161.9888264337,1.039963309705142
3641.10012882259,5035.01579221318,1298579.2364045011,1.0267944993117093
3645.58418320718,5251.77392659969,1352150.066530624,1.0470484528083968
3645.58418320718,5537.216119454701,1414890.9116669938,1.0801317247627606
3651.41478206824,5537.216119454701,1464024.0053663903,1.092103974794778
3655.06174923714,5537.216119454701,1499855.0846868302,1.0778911673551748
3656.47343962317,5537.216119454701,1520918.4326505351,1.0575046047154586
3686.51663002004,5537.216119454701,1566432.592833061,1.0523307088447034
3688.65286551418,5551.694046072282,1624846.3664115423,1.062937448387095
3694.7385686554894,5551.694046072282,1678479.3793415874,1.065726697228028
3694.7385686554894,5551.694046072282,1728708.332681745,1.0621868525508333
3698.97813047875,5551.694046072282,1776677.4244367827,1.0534020644244648
3698.97813047875,5551.694046072282,1812853.3639645749,1.0357069080130654
3698.97813047875,5551.694046072282,1867124.940014938,1.0316202758472246
3710.8338828668498,5551.694046072282,1911360.935590903,1.021646583504226
3711.2496362770494,5551.694046072282,1957221.847291685,1.0114432059764005
3712.42459853951,5551.694046072282,2002578.575740569,0.9979238343473309
3725.2486855943102,5551.694046072282,2030712.2606643874,0.9794142623013029
3774.42419689057,5551.694046072282,2073645.9123837608,0.9640219505857177
3780.3224009836895,5893.125726576989,2129665.521456277,0.9663592020146646
3780.3224009836895,5893.125726576989,2184361.680115569,0.9599506008254877
3784.2536046505,5893.125726576989,2234223.928869035,0.9494168388473819
3784.2536046505,5893.125726576989,2287205.5450995998,0.9407462952793026
3787.04976170872,6383.475003657579,2361954.9720281274,0.9489678630723203
3794.6235572155297,6383.475003657579,2411205.021982154,0.9383318759325224
3796.858751667121,6383.475003657579,2469447.953125749,0.9289520387269135
3815.85639140344,6383.475003657579,2526731.3100843322,0.918430966124817
3857.47572595216,6383.475003657579,2558359.3156311093,0.9034528513423622
3857.47572595216,6383.475003657579,2616500.782883052,0.8928880789712259
3883.5106245623706,6586.471299976529,2689030.937421307,0.8976352586531522
3885.22579174009,6586.471299976529,2754750.6975375116,0.8897803998133679
3937.028134874221,6586.471299976529,2793136.059570842,0.8696937058002798
3965.50004988665,6586.471299976529,2853055.3703321903,0.8584865972693457
3984.48728802144,6586.471299976529,2920382.573447703,0.8516576556835401
4028.20486234778,6586.471299976529,2978986.5921654366,0.8390053828098611
4030.44484421617,6586.471299976529,3045465.673548855,0.8352471879049647
4080.03366729978,6586.471299976529,3097727.86870433,0.8222485705750575
4085.77329102585,6586.471299976529,3134774.5171450656,0.8053369974749959
4085.77329102585,6676.1478718358885,3212956.626060427,0.8019567214613591
4085.77329102585,6676.1478718358885,3283371.432519088,0.7936381850225949
4092.1025507079207,6676.1478718358885,3355028.0614598407,0.7855213261871166
4105.52006466883,6942.81518349396,3426600.259617969,0.7833398888728663
4108.27851439531,6942.81518349396,3491187.3565800404,0.7716988357787237
4108.27851439531,6942.81518349396,3534053.6494048005,0.7536757735735641
4118.238984818499,6942.81518349396,3595100.109865543,0.7421610865399939
4143.90827622739,6942.81518349396,3636089.196259268,0.7232038340253363
4156.37465046188,6942.81518349396,3683031.308079205,0.709094583213816
4156.70038575045,7114.9382599967685,3766149.114922273,0.7046780825325659
4159.32820173865,7114.9382599967685,3795472.5377890244,0.6865731854795258
4161.754987980279,7114.9382599967685,3850560.7217459357,0.6770414612198996
4219.092822611189,7114.9382599967685,3895816.5467495983,0.6629460688417126
4248.70696875537,7114.9382599967685,3946546.2098584874,0.6503638278475304
4313.609288211071,7291.902204229689,4019477.0928757465,0.646758272091793
4373.72284072552,7291.902204229689,4093638.880179654,0.637664061326188
4384.04735307529,7510.96821472438,4179671.4751214245,0.6347962802079387
4400.15968881744,7510.96821472438,4220312.345595415,0.617776985493219
4417.44932597651,7510.96821472438,4258230.384258073,0.6031600320355855
4455.14170307608,7510.96821472438,4298140.432117606,0.5889957579475689
4476.78739816357,7510.96821472438,4350091.589032636,0.5772303839578808
4504.33137055717,7510.96821472438,4384118.923311141,0.562772179352381
4513.44273486669,7510.96821472438,4426593.233519038,0.5477771065405581
4515.347266281629,7510.96821472438,4473315.861064324,0.5317906810504431
4517.23059580516,7510.96821472438,4532354.304583381,0.525872323783404
4543.57544748771,7510.96821472438,4609973.930795298,0.5176766092443148
4562.909638310301,7607.887759315079,4672043.660341073,0.5137624418543284
4592.76794247087,8490.028700651359,4781539.776222687,0.5227027600322273
4599.7993605601005,8490.028700651359,4848798.233299131,0.5105953891078362
4616.98300231089,8490.028700651359,4923659.722149075,0.5010750123558636
4682.63355527841,8859.550436469159,5043806.406335358,0.5140980601784727
4710.44109948358,8859.550436469159,5099241.92715517,0.5044868584394626
4729.275800250711,8859.550436469159,5155985.716423997,0.49024388579343126
4883.4643489073605,8859.550436469159,5192392.913642087,0.473792843002427
4899.3124413631,8859.550436469159,5231231.847252491,0.459070689321515
5020.82456602387,8859.550436469159,5258779.050178263,0.44140479258392945
5058.72910536319,8859.550436469159,5279460.703375222,0.4250470017440767
5116.80749209312,8859.550436469159,5340475.550604626,0.41183128106903166
5237.6957604327,8859.550436469159,5408292.8702077875,0.4000655638535052
5311.90566150257,8859.550436469159,5463914.240543111,0.38676863563342706
5330.468229662009,8859.550436469159,5510934.522754339,0.37201764870282233
5337.94579262991,8859.550436469159,5523387.1368261315,0.35593170470169627
5339.34990113146,8859.550436469159,5588376.126362616,0.34541500940519115
5347.213388784779,8859.550436469159,5636452.112985098,0.33496430413894657
5426.62551290544,8859.550436469159,5697229.180882013,0.3320739999871391
5428.54885346469,8859.550436469159,5727361.858962542,0.31494532280338133
5432.40347583018,8859.550436469159,5751919.444521977,0.3030217622183587
5482.23744885875,8859.550436469159,5819990.190518945,0.2990746460913349
5488.91124732242,8859.550436469159,5852138.4424400935,0.2875841986517764
5567.552186434449,8859.550436469159,5901429.846083059,0.28252662188025024
5604.44495750605,8859.550436469159,5952307.302786262,0.2707288685353758
5614.23626411776,8859.550436469159,5967507.162730633,0.2620345221839138
5708.50798344617,8859.550436469159,6012392.2674783515,0.2525960270528465
5799.80093853564,8859.550436469159,6009261.995023745,0.23760754965146513
5807.471099107479,8859.550436469159,6013793.361653982,0.2274088066049593
5895.94356432515,8859.550436469159,6050261.928266359,0.21655509038930804
5901.0115712463,8859.550436469159,6093676.120792604,0.20955622830665693
5911.15866114188,8859.550436469159,6122624.50092648,0.20030805292450413
5919.794819316639,8859.550436469159,6159514.763675635,0.18652373124624708
5953.64633939323,8859.550436469159,6206209.3131674845,0.17650686626806375
5953.90379333874,8859.550436469159,6224488.59856736,0.16355213104148145
5999.12733858103,8859.550436469159,6228264.512741471,0.14816071498576472
6020.53625736505,8859.550436469159,6233806.872242226,0.13685031850919685
6036.652984134051,8859.550436469159,6243180.4739299575,0.12386078440719014
6091.1963415421,8859.550436469159,6275630.3829975575,0.11035806256373153
6127.86573941879,8859.550436469159,6281262.615123543,0.0965425934577413
6244.32853946998,8859.550436469159,6303656.709493117,0.08505164387988591
6244.6707792608495,8859.550436469159,6371033.217996851,0.078019910548872
6286.99924926895,8859.550436469159,6343885.9852376245,0.0646640356082991
6472.4503406923,8859.550436469159,6370600.05390238,0.05161879221064542
6496.43103360818,8859.550436469159,6386292.817019172,0.035328079996968895
6516.57226548136,8859.550436469159,6363274.40860592,0.024226165962060973
6572.83304814235,8859.550436469159,6341166.644766134,0.009212872254359105
6603.325478848261,8859.550436469159,6330735.399168954,-0.003297981275987488
6622.67851660516,8859.550436469159,6325537.139110255,-0.014167977984520443
6628.59167833212,8859.550436469159,6286544.517604055,-0.02556364455839104
6639.35661922109,8859.550436469159,6297295.699429128,-0.028951502090056282
6706.01285219628,8859.550436469159,6296920.678816082,-0.045105530136715914
6964.53325785868,8859.550436469159,6270281.620125987,-0.06077064961572557
7033.785029849871,8859.550436469159,6269358.6442556605,-0.07541604992107687
7042.498735431129,8922.90557249046,6316086.527675954,-0.08217216945458057
7086.32054938876,8922.90557249046,6320426.197155654,-0.08945320833458596
7148.66081977328,8922.90557249046,6335365.548845325,-0.10080083123674377
7163.77796092729,8922.90557249046,6328071.999827862,-0.11196877183113345
7341.444268957221,8922.90557249046,6307110.84687751,-0.12263802315875147
7373.013424569009,8922.90557249046,6294855.264434885,-0.13826327935090446
7486.98263447583,8922.90557249046,6256595.124146733,-0.15263636148314458
7558.202403343729,8922.90557249046,6192072.926938713,-0.16273780292624213
7560.765980809108,8922.90557249046,6150160.721128249,-0.17608783599182465
7562.64051812261,8922.90557249046,6127192.763710397,-0.19290230604571618
7587.294315015971,8922.90557249046,6106511.347991682,-0.20937137731974953
7614.416021497671,8922.90557249046,6061422.744707217,-0.21488984661052032
7621.332466709,8922.90557249046,6023064.260742332,-0.2290441282951515
7631.55660790321,8922.90557249046,5989093.8602475,-0.2450738179329485
7673.686180918441,8922.90557249046,5916575.797494539,-0.2516978663673094
7703.15225996687,8922.90557249046,5887084.839098685,-0.26848491469164326
7765.24909239633,8922.90557249046,5852574.928175267,-0.27774129503945005
7770.127191911491,8922.90557249046,5806048.803650174,-0.2923638309544556
7843.64459619874,8922.90557249046,5763565.239694644,-0.30479693944749614
7858.122522816321,8922.90557249046,5755389.101620917,-0.32006890180454806
7866.469746104521,8922.90557249046,5702721.892787537,-0.323414889240695
7887.656998940291,8922.90557249046,5682609.330698241,-0.3305858955137299
7920.58313737521,8922.90557249046,5604790.225708522,-0.33896799517094595
8011.50076606,8922.90557249046,5578001.835337601,-0.3512937392753936
8055.24472144271,8922.90557249046,5560458.140764393,-0.3689661444717386
8069.47319922125,8922.90557249046,5484313.995850791,-0.37433176842620663
8079.34097240466,8922.90557249046,5452588.433191533,-0.38363208215807865
8142.44264642499,8922.90557249046,5396015.9109473275,-0.39627763992879167
8186.1009759770095,8922.90557249046,5377909.006806548,-0.4120592259795169
8199.55420332103,8922.90557249046,5308782.368927816,-0.4202561531262253
8206.38782611898,8922.90557249046,5261522.119562392,-0.4352381479124443
8212.16224152897,8922.90557249046,5251101.114657415,-0.4496278326053293
8423.657574265559,8922.90557249046,5191612.012435075,-0.46177419604993764
8430.082159408392,8922.90557249046,5123218.521053065,-0.47156183480334285
8461.6984014719,8922.90557249046,5072454.962932972,-0.4828255916153945
8527.88544890812,8922.90557249046,5034346.596134779,-0.49630084935945573
8656.0785899781,8922.90557249046,4952377.147268228,-0.5039980825605846
8657.71031746146,8922.90557249046,4932084.8047965905,-0.5197279192176296
8689.90348040162,8922.90557249046,4869885.199414975,-0.5331033721055931
8701.38653494471,8121.10312620108,4745931.579132837,-0.5224333265006088
8716.80356583798,8121.10312620108,4653447.638452885,-0.5260237547488001
8755.29340366573,8121.10312620108,4617792.013159903,-0.5436423276404099
8791.712195429409,8121.10312620108,4542748.183420154,-0.5494492441066107
8815.69249392901,8121.10312620108,4476003.342371789,-0.5610656298790084
8837.89615044855,8121.10312620108,4427117.571415844,-0.5712665636879827
8842.85986918659,7747.85583247013,4340486.091059784,-0.5703141369595128
8872.05697165125,7747.85583247013,4287997.97039185,-0.5843496328931239
8891.188257577329,7747.85583247013,4249415.778083049,-0.594386971297742
8892.28018473783,7747.85583247013,4208223.868237203,-0.6119780751817435
8892.89977672057,7747.85583247013,4165034.8730493546,-0.6285070918453847
8901.498217694309,7747.85583247013,4110559.533831715,-0.6402186476436844
8906.72646133751,7747.85583247013,4041098.844819674,-0.6515162152980144
8907.13436696134,7747.85583247013,3987082.046056967,-0.666922293267691
8920.2760931899,7747.85583247013,3908004.5752629633,-0.6726178708781749
8938.786784627671,7747.85583247013,3844541.141959058,-0.685265978002372
8938.9473216205,7747.85583247013,3788223.247938987,-0.6993994114821058
8955.21988195879,7747.85583247013,3733801.836745738,-0.7147282229928963
8957.13615116376,7747.85583247013,3646340.7828838583,-0.7169989516298998
8967.57091134293,7747.85583247013,3611567.0276727043,-0.735085149684489
8967.75533802905,7747.85583247013,3557749.1010880824,-0.751184906313837
8982.576348579929,7747.85583247013,3528615.9009189825,-0.7717521373060962
9069.418911157522,7588.23392041191,3434260.0972266123,-0.7652602731982916
9073.16712860116,7588.23392041191,3374265.0470993873,-0.7693362641164111
9073.16712860116,7143.5607582086495,3274807.7935668975,-0.7602129491044376
9074.026131734608,7143.5607582086495,3207232.6050657714,-0.76754045734504
9120.648285357627,7143.5607582086495,3153282.021081372,-0.7805511798372086
9152.26672759163,7143.5607582086495,3117845.481481985,-0.8004145511118017
9176.859675808058,7143.5607582086495,3068968.1024121847,-0.7996445252998868
9178.24606370719,7121.05553483919,2994972.507384628,-0.7959664618392165
9179.707144896,7121.05553483919,2927563.115568301,-0.8029624158223913
9181.62291951479,7121.05553483919,2875229.3560287575,-0.8173189744381764
9237.5997807536,7121.05553483919,2823938.0016204277,-0.8284578169348886
9249.243660238,7121.05553483919,2790172.821269234,-0.8465012574751419
9277.167473741609,7121.05553483919,2730673.7730263225,-0.854024786830914
9279.74337481558,6774.192346158419,2641601.55849498,-0.8415125282186237
9306.35242551447,6774.192346158419,2601007.556593734,-0.8583252818876103
9321.99011987422,6629.534688674399,2525094.3520116126,-0.8535271003548379
9359.04713898951,6629.534688674399,2488956.816088138,-0.8638349133962485
9359.04713898951,6629.534688674399,2438448.175319465,-0.8764397406530154
9374.58601955796,6629.534688674399,2389175.0426091235,-0.8893652643646843
9374.58601955796,6629.534688674399,2355630.4170303466,-0.908622974612733
9374.58601955796,6629.534688674399,2296327.0035989406,-0.914737163679566
9374.7266369137,6629.534688674399,2221844.3261522804,-0.9047267819058139
9382.77549961464,6629.534688674399,2169859.3608658994,-0.9139860033102611
9421.366736740809,6629.534688674399,2113382.465606506,-0.9190485881969731
9425.85321179449,6629.534688674399,2079540.8002408962,-0.9306314166778584
9433.64641021458,6629.534688674399,2051194.1297980556,-0.9520223559599051
9433.90665820932,5898.86581957249,1978327.437288602,-0.9251468796201283
9433.90665820932,5898.86581957249,1924205.9588700524,-0.9276116912072451
9436.43443326272,5898.86581957249,1876589.8560514136,-0.9354322238454238
9436.43443326272,5898.86581957249,1834519.8663304625,-0.9453854739936783
9447.24022667033,5740.422801912079,1784712.345007701,-0.9373551595128825
9447.24022667033,5740.422801912079,1742381.2318296742,-0.9467096335812897
9448.98262313497,5740.422801912079,1709760.8902432409,-0.9542810469130101
9448.98262313497,5740.422801912079,1663576.6299667577,-0.9584967365678194
9476.75230442534,5740.422801912079,1618516.366755616,-0.9628550664961504
9476.75230442534,5740.422801912079,1593518.6826748853,-0.9715033995756053
9477.1143735812,5740.422801912079,1560249.4805812142,-0.9868998889840495
9478.2405784873,5740.422801912079,1542046.513652144,-1.010326066344401
9478.2405784873,5740.422801912079,1496994.0064651265,-1.0083090750423451
9481.31136080032,5661.7818628000505,1440107.5621171698,-0.9895261197619464
9495.16047057972,5661.7818628000505,1396328.821967514,-0.9887661016733397
9495.16047057972,5661.7818628000505,1358590.1505595162,-0.9903497799484697
9513.210909238853,5661.7818628000505,1323323.6852389346,-0.9894961899826688
9513.210909238853,5661.7818628000505,1280746.764129584,-0.984039410819335
9537.12934479172,5328.322477988199,1224014.9242211408,-0.9436917267089051
9552.913802907571,5328.322477988199,1182297.1131069525,-0.9238508751849017
9561.63523263557,5192.681065100449,1133850.3215552585,-0.891347135464713
9563.220527385429,5192.681065100449,1108387.1287923642,-0.8930666766384554
9563.779724159029,5192.681065100449,1081636.655716065,-0.8979514198743079
9573.880604791591,5192.681065100449,1073743.2537029537,-0.9073226352379299
9576.48745282086,5192.681065100449,1038790.1092146655,-0.897725003863669
9581.818165683258,5192.681065100449,1017704.4351012551,-0.9105829473513198
9598.33068097373,5192.681065100449,985763.3987699633,-0.8956963318925222
9605.36013809552,4712.76178375314,939230.2296657232,-0.8363624760967147
9654.09000110302,4712.76178375314,916756.5900919948,-0.8410233877650349
9661.6688057653,4712.76178375314,887497.1083411163,-0.816180813354891
9663.76766859209,4656.50100109215,855232.7310983526,-0.7755523962978017
9690.997594818107,4656.50100109215,822959.6758530596,-0.7362756076454776
9695.32670490416,4656.50100109215,812513.2971376155,-0.7438379897563365
9697.65062712771,4656.50100109215,806943.5143047926,-0.7553188489421853
9698.86281255958,4656.50100109215,798244.0245444136,-0.7602278062152801
9703.27295874385,4656.50100109215,779233.278908792,-0.7333360277946707
9707.97500817011,4143.01349984574,751122.5042362089,-0.6477048293713121
9708.86347135672,4143.01349984574,733466.8114098746,-0.6415954681678302
9710.57004694358,4143.01349984574,722851.1710879694,-0.6547404668192032
9711.90296385991,4143.01349984574,709226.98361683,-0.6633477584428238
9724.14801411365,4143.01349984574,694401.1296702451,-0.6628300163611143
9757.38206648289,4143.01349984574,677630.2541605862,-0.6612509016454119
9757.47668931529,4065.5560883072094,656065.3385275613,-0.6103155329636476
9760.40687445682,4065.5560883072094,644502.3997639975,-0.6115755575318089
9769.744343880351,4065.5560883072094,629286.8515019567,-0.6046320968597396
9772.9574022055,4065.5560883072094,613772.6551071121,-0.5988327630583634
9773.67327880992,4065.5560883072094,600175.9040880033,-0.5779887125833032
9780.95471470661,3742.3514147586693,575643.1077517034,-0.5115443274444073
9784.23450954418,3597.77744133129,555772.932697031,-0.4740053085418223
9786.512861615329,3597.77744133129,546828.0456770384,-0.48232646482606173
9796.81396829624,3750.0545244020896,544366.043186456,-0.4324574877822618
9797.3076110112,3750.0545244020896,533234.7068767222,-0.4217452456931379
9800.95363030545,3750.0545244020896,520954.2542232079,-0.40422103623849887
9805.83466119848,3750.0545244020896,520848.4218665918,-0.4150397069179434
9806.4018807669,3750.0545244020896,512186.18735405937,-0.4059088041162354
9807.45411645375,3750.0545244020896,506299.1363516483,-0.4020050804523123
9809.80590820283,3750.0545244020896,501005.00950603164,-0.39340726580102886
9817.39669146842,3750.0545244020896,486596.63055393874,-0.34092718059902627
9831.68528826722,3750.0545244020896,478008.43617480475,-0.3338130462779784
9838.06311068,3886.164827209691,486636.64544119773,-0.30118730504414587
9843.50738594611,3886.164827209691,486851.66792387626,-0.29239876310950297
9850.045505652191,3506.2206690529,468105.1604730564,-0.21747632631530145
9860.50043277172,3667.7961283596997,473546.2157424292,-0.156220083529307
9860.56571267602,3667.7961283596997,469324.85503996426,-0.16761990917114347
9872.69050957183,3667.7961283596997,467527.63821961026,-0.15094803983834212
9874.882547120258,3667.7961283596997,471376.513079682,-0.14577522111300809
9876.9017500075,3667.7961283596997,467646.1262895645,-0.13837340275519866
9888.02343253998,3667.7961283596997,465793.9424466908,-0.054633655243868796
9892.598520464158,3667.7961283596997,465249.9999664428,-0.06871166413258284
9893.89010178462,4304.324875783099,483888.076524591,0.06172838999028168
9912.401799150071,4304.324875783099,494329.0713921116,0.09761143207996542
9914.31623605912,4478.1371735347,519443.7321066948,0.22293156199924855
9922.23966032788,4478.1371735347,532036.8849475239,0.2686960010685454
9937.49228795878,4410.296967190041,519121.94949141156,0.3232914776534266
9939.59246196317,4410.296967190041,532913.6192380926,0.37189563904222517
9945.88401301148,4347.195293169711,534640.0722043097,0.471543333221224
9946.2436807293,4347.195293169711,550085.5372050519,0.5506166790224111
9950.12347002944,4347.195293169711,572987.2301871615,0.6062844513169813
9956.35527909054,4011.4709454451004,576644.1668610618,0.6949499327100026
9989.85833852237,4011.4709454451004,593802.2662536803,0.7264727732910892
9997.95624335744,4011.4709454451004,598268.4386877004,0.7342435980204377
10004.6810473038,4399.399086388799,625267.5700339655,0.8224271411069504
10010.6948223025,4399.399086388799,629906.5416009654,0.8010405361086252
10018.2496530716,4399.399086388799,633117.5517393315,0.7808960511617279
10019.4701886236,4399.399086388799,641946.1545243524,0.7633158485249683
10023.7569985687,4399.399086388799,661066.0349445844,0.8307792067549492
10044.6154465248,4399.399086388799,664713.6352950834,0.8305399150195825
10071.5108456017,4399.399086388799,675209.0201004307,0.8394027601263558
10095.862385163,4399.399086388799,693550.861216943,0.8512926030866392
10096.4748780782,4399.399086388799,703327.2988193575,0.8614147739659416
10098.6717740634,4399.399086388799,703648.6127565478,0.8517732359545429
10099.3455869112,4664.1372182674,732432.5824628302,0.924079186916914
10114.6919708061,4664.1372182674,754488.726099185,0.9262545294331291
10126.1618649735,4664.1372182674,783584.575072112,0.947546519094577
10134.3053557604,4664.1372182674,808568.9140525182,0.9509946421972342
10134.3053557604,4664.1372182674,828475.6255994013,0.9546304771837574
10137.2947409864,4664.1372182674,853476.7871019539,0.9615591920537739
10155.2292340243,4780.35838129,889898.8390073408,0.9896857216078889
10155.2292340243,4780.35838129,901443.9187314326,0.986029302166056
10155.5296364848,4780.35838129,918754.4259036037,0.9681806447153215
10189.6374521576,5164.7930976135995,962930.3181850014,1.0159109638944723
10196.8465141414,5164.7930976135995,978555.7390476533,1.0056502192815486
10200.7531462275,5164.7930976135995,1006519.3173368747,1.0084099056906097
10215.6816403016,5164.7930976135995,1014689.3654199115,1.002735513396481
10224.0648934471,5164.7930976135995,1047348.8816652996,1.035146687272441
10236.155722267,5164.7930976135995,1085407.6619394592,1.0501830781561592
10238.8306943039,5164.7930976135995,1115925.9370122135,1.0425828804116852
10245.672631798,5629.9652307982,1171001.1355518186,1.0857229331204998
10252.2050609876,5629.9652307982,1198186.68843991,1.072503542610082
10271.9157921505,5629.9652307982,1221238.7735775018,1.0750620601325092
10278.9598020548,5629.9652307982,1273765.928323806,1.0966832934349235
10287.6670305017,5629.9652307982,1317765.7428280748,1.0983775260292505
10287.6670305017,5629.9652307982,1369146.9164705083,1.1125491194952464
10294.2342607524,5878.162144111,1419806.9091653237,1.145868220875312
10295.4984154402,5878.162144111,1461314.1790532789,1.137955260601963
10295.4984154402,5878.162144111,1512362.6533136012,1.1423552748717178
10314.138017521,5878.162144111,1545543.5780580186,1.1228375876993273
10314.138017521,5878.162144111,1595976.6857413908,1.121637399445184
10346.1264138363,5878.162144111,1635978.756346883,1.106504272813352
10348.9012240812,6072.6142428278,1699065.8870303007,1.1165904483280837
10348.9012240812,6072.6142428278,1744667.8090863097,1.1046605919906813
10350.5829843226,6072.6142428278,1781425.9554837632,1.098569879512713
10358.3756591768,6072.6142428278,1826079.5446446743,1.0855740544557309
10369.5566321352,6072.6142428278,1849702.8451967984,1.0618018077006555
10369.5566321352,6072.6142428278,1886538.0510535443,1.0448486739728557
10371.5945404503,6692.3419416408,1969258.1820070895,1.0704527752832182
10372.8797351784,6692.3419416408,2029909.9815377935,1.0664627564417206
10372.8797351784,6692.3419416408,2082897.0493052,1.0558459409702186
10373.6304278707,6692.3419416408,2131473.241986675,1.0408909230749137
10401.8219563167,6692.3419416408,2175718.7231702087,1.0275240780325317
10408.5064748737,6692.3419416408,2234664.3820389677,1.01932998672646
10414.6252237899,53520.7544094471,13315413.25816125,11.60794437543246
10428.4284096774,53520.7544094471,24300812.086556926,9.266289041221047
10432.5313966423,53520.7544094471,24335533.016689464,9.235734329167393
10438.5619262058,53520.7544094471,24362252.632382765,9.21188678387323
10438.5619262058,53520.7544094471,24403201.116819635,9.18105407545011
10445.9948701293,53520.7544094471,24438162.56820801,9.148466249238147
10446.0093104441,53520.7544094471,24463839.14689724,9.125266263610488
10447.5809961833,53520.7544094471,24516369.824827723,9.083831185178758
10449.8125357136,53520.7544094471,24572494.870862685,9.040579674093763
10457.2506962596,53520.7544094471,24600684.24326464,9.012222115456769
10468.9630870984,53520.7544094471,24645467.791434687,8.976287840270368
10483.0519104386,53520.7544094471,24711351.86807228,8.9291329319532
10500.5542594929,53520.7544094471,24735561.64396278,8.903811773124609
10500.5542594929,53520.7544094471,24774048.769300044,8.874960063615141
10516.8481488099,53520.7544094471,24797031.031459246,8.851420111200794
10535.2665936832,53520.7544094471,24808135.117201876,8.832531300054935
10535.7962097032,53520.7544094471,24841665.59568634,8.803678937993864
10535.7962097032,53520.7544094471,24901480.937957168,8.76321315498111
10535.7962097032,53520.7544094471,24941025.782960888,8.733463031364579
10535.7962097032,53520.7544094471,24989141.887357727,8.698409663536074
10542.6795229484,53520.7544094471,25041871.85688778,8.66020209626079
10543.6377007922,53520.7544094471,25072724.287081026,8.633995932242094
10549.2641182692,53520.7544094471,25139460.066239703,8.586838335748437
10579.945922233,53520.7544094471,25194404.953767065,8.544841206280138
10583.1845956316,53520.7544094471,25194800.601995293,8.531872642308747
10587.1661648971,53520.7544094471,25223348.464787815,8.504533413020681
10591.6411657368,53520.7544094471,25246955.68096827,8.479041755757125
10617.3215517566,53520.7544094471,25286662.507072907,8.44589505725566
10622.3140499371,53520.7544094471,25320112.47063625,8.418616994171852
10659.2962449591,53520.7544094471,25352071.159522377,8.389811795956302
10669.6136119885,53520.7544094471,25395527.674016993,8.354121268774133
10698.6701903994,53520.7544094471,25447986.007741287,8.3145321954482
10705.1864990454,53520.7544094471,25478868.42384089,8.285232379685853
10705.9862886847,53520.7544094471,25534076.842229266,8.246611455195263
10738.2925681019,53520.7544094471,25552953.641420443,8.22387683814181
10770.3093548844,53520.7544094471,25588057.553776756,8.194467298738605
10786.1161827407,53520.7544094471,25655223.176340066,8.149762355948553
10788.6530303389,53520.7544094471,25707678.656467892,8.113375201586706
10788.6530303389,53520.7544094471,25752584.272913206,8.08188001953522
10795.0913204869,53520.7544094471,25803882.366484474,8.042721138410586
10799.3470027742,53520.7544094471,25843547.953649785,8.012627318055332
10802.0708757029,53520.7544094471,25897790.83120446,7.973477612390807
10842.0207595625,53520.7544094471,25945386.485491764,7.938065993508826
10861.2154131249,53520.7544094471,26002384.984113894,7.900234010519355
10900.5453726824,53520.7544094471,26029846.08559512,7.874203911871836
10912.8097130535,53520.7544094471,26088749.205564488,7.834633756452681
10984.0602688883,53520.7544094471,26101714.640210576,7.816571806171712
10999.0009724721,53520.7544094471,26118390.134644005,7.795945830531235
11048.8757096651,53520.7544094471,26162818.781501632,7.764312446759259
11151.8456197199,53520.7544094471,26198057.3682417,7.734948289070736
11166.310853371,53520.7544094471,26231624.80253461,7.70638871713089
11262.6907834706,53520.7544094471,26267432.213893816,7.677953761118903
11268.552865684,53520.7544094471,26304438.60270134,7.649243721881372
11279.5941896357,53520.7544094471,26332707.955914006,7.622284153569928
11381.6111323053,53520.7544094471,26364668.554420065,7.596272411122315
11497.6638425471,53520.7544094471,26357420.948653582,7.586744731892168
11517.7214351129,53520.7544094471,26375409.517770715,7.564480878643317
11604.154233726102,53520.7544094471,26384740.782131564,7.54456775092204
11627.3692979541,53520.7544094471,26425345.38257646,7.512718627287395
11679.2968944197,53520.7544094471,26449425.191592097,7.489004807180216
11768.978248089,53520.7544094471,26463236.648533046,7.468659390952808
11788.0191904727,53520.7544094471,26524763.15889712,7.42914949806455
11792.651816668798,53520.7544094471,26543732.61329836,7.408110871689189
12014.3978785528,53520.7544094471,26563048.448763043,7.386128279572713
12049.6814007769,53520.7544094471,26608809.68294075,7.3543755788312675
12103.2593127106,53520.7544094471,26595711.988562874,7.345054288408604
12166.9560570991,53520.7544094471,26608702.459039405,7.326035327723027
12188.3150865288,53520.7544094471,26642713.111991774,7.298197933467229
12190.390801859,53520.7544094471,26631905.303525187,7.288196211385372
12236.0920691009,53520.7544094471,26647543.129480746,7.2670563740473675
12315.8256418431,53520.7544094471,26641086.311792146,7.256224719389699
12318.6122069744,53520.7544094471,26618510.2701849,7.2523919732820525
12377.6001101413,53520.7544094471,26636930.355750687,7.230205049308671
12387.0737960351,53520.7544094471,26639260.361120477,7.2148584954114305
12446.1570758404,53520.7544094471,26625733.072669156,7.205715094390675
12448.9163345721,53520.7544094471,26631917.05900213,7.189730886079447
12466.8722896634,53520.7544094471,26640560.822690938,7.170838467676766
12489.6379395947,53520.7544094471,26617068.165319,7.166297036781466
12500.989772969098,53520.7544094471,26637002.791230604,7.143548819314587
12579.1880963884,53520.7544094471,26642304.48279707,7.129063888056903
12607.9197378501,53520.7544094471,26606992.669603094,7.127967764018234
12715.4877460447,53520.7544094471,26600895.54261984,7.116198024996615
12731.7028724199,53520.7544094471,26607312.329630792,7.098996848101702
12859.8708071097,53520.7544094471,26577372.3196536,7.097979628516739
12877.5660805384,53520.7544094471,26595534.518381316,7.07842989084809
12925.3695454134,53520.7544094471,26599358.89261329,7.063371900266993
13108.9581292207,53520.7544094471,26585144.643547073,7.053831912230855
13114.0673749481,53520.7544094471,26575969.971590117,7.041892341143323
13142.304212417,53520.7544094471,26560416.483608212,7.034962789855919
13143.0076543362,53520.7544094471,26561192.845793594,7.020560547683995
13163.6228477346,53520.7544094471,26558068.150278967,7.007416531432644
13258.5253754396,53520.7544094471,26542933.980938766,6.997807754412488
13299.1458122295,53520.7544094471,26526686.123805195,6.9901459821840835
13466.1366087108,53520.7544094471,26516118.39074839,6.979010799513138
13536.6276241092,53520.7544094471,26517163.149691932,6.96532379323714
13539.3440053762,53520.7544094471,26470416.202027746,6.969225656589353
13642.9600917632,53520.7544094471,26447496.69347425,6.963490689976517
13672.2810368205,53520.7544094471,26401093.4330881,6.966831410766694
13724.809159440802,53520.7544094471,26354862.26560303,6.970107963154009
13764.7891818274,53520.7544094471,26332666.016332075,6.963801052416082
13804.4409262956,53520.7544094471,26288474.433842063,6.967192670901352
13948.3443032412,53520.7544094471,26238518.247800734,6.972810325332629
13996.6485384005,53520.7544094471,26220503.804831497,6.966801525243592
14006.3350305123,53520.7544094471,26193983.83374592,6.962325746960698
14031.8511838207,53520.7544094471,26197929.432858486,6.945810664152736
14033.520681536398,53520.7544094471,26146750.932171874,6.950945855543476
14033.7947448681,53520.7544094471,26108486.847033456,6.951152611488974
14051.740705071,53520.7544094471,26055819.61345576,6.956411734356914
14056.8962908505,53520.7544094471,26024010.80096444,6.956417701554304
14064.3676684838,53520.7544094471,25941438.30892009,6.976869176033222
14108.1322249478,53520.7544094471,25903339.75640546,6.980148993422868
14266.533271572,53520.7544094471,25833854.326192584,6.993917356146697
14310.2393949573,53520.7544094471,25777637.465075262,7.00287465937102
14318.0501934211,53012.82627471461,25641450.43615342,7.047823451349687
14356.3291382606,53012.82627471461,25592511.67621864,7.053114699402186
14446.626737067,53012.82627471461,25531933.978939965,7.064708533335576
14499.821518345,52930.4646447915,25432288.149912875,7.092450689704411
14510.6800897224,52930.4646447915,25369424.9393275,7.104712258080106
14550.7812369774,52930.4646447915,25289986.820212763,7.125932260576228
14569.025443833702,52591.139783181694,25182759.976843745,7.158562527493167
14576.0957213906,52591.139783181694,25144044.629733182,7.160951274598752
14599.4349925448,52417.10323791344,25074990.121395208,7.175175508550495
14637.3965909372,52417.10323791344,25009775.2951634,7.189159822672929
14650.6474238068,52417.10323791344,24958316.738807686,7.197538407123048
14708.9904217548,52417.10323791344,24867497.575164214,7.2255970159945315
14713.5333836241,52417.10323791344,24820382.182234906,7.23217668038275
14769.9176203984,52417.10323791344,24761817.01229261,7.243630841795413
14806.3189294729,52417.10323791344,24712932.286977086,7.253039701979725
14866.3416407022,52417.10323791344,24628541.41398973,7.277064999048383
14950.5866631265,52105.03130181208,24539175.205831606,7.302879785674045
15018.0570472397,52105.03130181208,24491825.676188953,7.3091874388109535
15045.0357124031,52105.03130181208,24405682.54464997,7.336385299569278
15136.6035074362,52105.03130181208,24332139.49197406,7.355810819186214
15170.5089357904,52105.03130181208,24275930.964253433,7.367395588962304
15236.8651899762,52105.03130181208,24214393.728167303,7.382045165951283
15252.9919003514,52105.03130181208,24138517.18854805,7.404049889288074
15281.0794985181,52105.03130181208,24070495.12003883,7.423353893522805
15287.3523257575,52105.03130181208,24006247.861133892,7.440811708279538
15310.6983435962,52105.03130181208,23948132.76655842,7.4548615089952195
15342.3478025883,52105.03130181208,23880276.485957537,7.475990232893398
15377.224939078,52105.03130181208,23817372.2376298,7.49534203348315
15384.85707602,52105.03130181208,23730836.66573921,7.525102746155688
15407.9193285084,52105.03130181208,23635626.70775846,7.560274571087707
15442.7413060561,51899.5758166855,23523458.205835477,7.604500106270862
15469.4121480757,51899.5758166855,23447614.35460071,7.627914441135329
15559.1363308976,51884.2294327906,23343833.691866174,7.668100160257512
15570.5844017052,51884.2294327906,23267831.687111042,7.694629720895378
15599.0821742544,51884.2294327906,23178216.81940565,7.728980942465807
15599.9956354858,51884.2294327906,23088869.619360987,7.76158396605459
15613.4672832493,51884.2294327906,22990782.55360724,7.799078473342913
15643.0584084646,51884.2294327906,22917443.50636422,7.823647049934845
15655.4049179658,51884.2294327906,22822229.488919184,7.861772879767818
15674.5631251367,51884.2294327906,22722364.39943962,7.900843027418053
15708.8578623173,51529.958316498305,22612605.583806448,7.947055560913155
15722.9834048111,51529.958316498305,22546642.07846411,7.972730622589044
15725.7755730912,51529.958316498305,22458256.58350273,8.007246005540512
15769.1512353747,51529.958316498305,22370494.14979969,8.041464616517404
15837.412299015,51529.958316498305,22287481.393501703,8.074400256773641
15837.6543899646,51529.958316498305,22193936.079632837,8.11508792573787
15837.6543899646,51529.958316498305,22101686.160557386,8.15680561130923
15838.0298961208,51529.958316498305,22015612.649378963,8.193796684241528
15838.0298961208,51529.958316498305,21921354.60818871,8.237689343883398
15838.0298961208,51529.958316498305,21817795.85614378,8.28812445300188
15908.7900858411,51529.958316498305,21754194.07011208,8.31314941506152
15911.980704020902,51529.958316498305,21672817.086742446,8.349823943533368
15914.7567920323,51529.958316498305,21565314.339852963,8.402397016850486
15915.0822191541,51529.958316498305,21500188.485530056,8.4312431055919
15921.670050813502,51210.2683732578,21394282.519442577,8.481948986387497
15921.670050813502,51210.2683732578,21308456.824829612,8.525008155647354
15943.280924184,51210.2683732578,21226303.499039732,8.564827618052739
15951.025654306,51210.2683732578,21135179.31044742,8.609245107814855
15954.429306638602,51210.2683732578,21066231.940261837,8.64107501975658
15955.0887449595,51086.1116905432,20962088.349304207,8.696284782279744
15967.505126329,51086.1116905432,20912756.570754673,8.717746943109669
16016.7024751436,51086.1116905432,20845956.67416,8.750053527505038
16034.3798179285,51086.1116905432,20807264.369416587,8.763103131431865
16044.3675220398,51086.1116905432,20747034.055314675,8.791479628820792
16044.3675220398,50730.3685379127,20643844.472997863,8.84849655790321
16044.933640038502,50730.3685379127,20588650.75006673,8.872957237568926
16044.933640038502,50730.3685379127,20526305.43316596,8.905584327770613
16061.539503823,50730.3685379127,20475879.365762975,8.928513240208309
16071.5510729222,50730.3685379127,20429429.31229084,8.948155568134004
16071.5510729222,50730.3685379127,20369828.89838007,8.979644643903303
16079.8377887549,50730.3685379127,20315217.57180543,9.00613355125609
16082.0224126775,50730.3685379127,20243485.54075286,9.043079106339547
16084.2031936838,50730.3685379127,20206188.0095489,9.058016155032462
16089.8591940539,50730.3685379127,20116526.234646834,9.106949498973254
16108.2091103976,50501.2575610496,20027239.543218218,9.155769129929775
16108.528606573998,50501.2575610496,19943698.32855151,9.203501730350125
16108.528606573998,50501.2575610496,19896108.352044124,9.22892550625001
16108.528606573998,50501.2575610496,19817263.980284017,9.27559932360997
16114.6257828827,50501.2575610496,19753820.9220311,9.310014442179876
16114.6257828827,50501.2575610496,19697592.524452772,9.343004510988795
16117.385813018302,50501.2575610496,19634001.637024723,9.37842039987273
16117.385813018302,49831.9653464976,19541617.494954128,9.437206340963666
16117.385813018302,49831.9653464976,19502452.1636448,9.458632209858315
16135.4436075539,49831.9653464976,19447857.364103213,9.488949388047613
16137.3404224623,49831.9653464976,19401958.68220319,9.51479679330292
16137.3404224623,49831.9653464976,19349611.068876572,9.545660441749357
16147.5751617649,49831.9653464976,19290145.616366606,9.58160483145882
16153.1292324029,49831.9653464976,19245383.843635842,9.604243456688948
16153.1292324029,49831.9653464976,19207300.783105813,9.626463553702912
16160.3009886598,49611.847607561605,19135655.49874406,9.671010376658117
16160.7523819223,49550.0050690246,19070372.29653799,9.71206367333748
16177.4057197303,49550.0050690246,19053113.39094313,9.713516237180931
16179.5445147417,49550.0050690246,18994058.400757894,9.749882337749973
16187.3508181846,49550.0050690246,18955327.24835929,9.76855738843508
16227.978934203702,48884.8540286486,18891951.562516537,9.807186655943346
16227.978934203702,48884.8540286486,18858093.898072116,9.827737181480533
16229.0918312494,48884.8540286486,18824564.44646677,9.845095537307929
16233.0829372703,48884.8540286486,18781335.107371934,9.86933678094653
16236.6520465087,48884.8540286486,18758813.818996113,9.87987876722528
16236.6520465087,48884.8540286486,18713947.931896262,9.909352518505578
16241.577961948,48884.8540286486,18680420.978101756,9.924210807067306
16246.546218878,48884.8540286486,18655272.776670393,9.937022749938002
16246.546218878,48884.8540286486,18624111.120106626,9.955901021339292
16259.3870978037,48884.8540286486,18601877.52488391,9.964280772473986
16262.7689768213,48884.8540286486,18582395.002581175,9.973273189584306
16263.6273700476,48884.8540286486,18552081.72640881,9.989154616354318
16300.985078265,48884.8540286486,18525776.16592294,10.003749352302293
16300.985078265,48884.8540286486,18486139.119534194,10.029643997380008
16308.2127573266,48884.8540286486,18460046.121746503,10.04320456934892
16332.1723472642,48884.8540286486,18428462.55513125,10.059333553413124
16333.1788488666,48884.8540286486,18411758.430762634,10.066006846641637
16353.046260567,48884.8540286486,18382951.80820098,10.08125696529679
16357.4715443248,48884.8540286486,18356283.4633357,10.094620065614144
16359.7584689824,48884.8540286486,18330570.403873023,10.10698334092816
16365.9737411819,48326.640366776206,18278312.653532676,10.140953772376538
16371.5989437859,48002.2728651962,18241079.28784338,10.163308764575074
16384.2046856588,48002.2728651962,18231722.15809288,10.166174597134198
16389.945730796102,48002.2728651962,18213366.23752664,10.176039482115907
16390.1185778619,48002.2728651962,18189516.93387938,10.189933958306712
16397.6674272944,48002.2728651962,18164667.101562668,10.203565755406041
16417.913746226102,48002.2728651962,18140583.96665633,10.216539308146064
16432.5955337478,48002.2728651962,18123430.12233348,10.223829956448418
16432.5955337478,50480.580289237594,19104359.07253821,10.259243527483157
16432.5955337478,50480.580289237594,20085065.586973336,10.270257602073581
16477.5207562734,50480.580289237594,20072982.893715262,10.269536360963144
16495.851346922198,50443.70814610169,20044199.673820034,10.282051047149583
16503.2926416197,50443.70814610169,20024613.352572296,10.28845188271393
16504.9896339569,50443.70814610169,20012914.692909464,10.290199589925955
16520.0284216939,49966.54873791569,19980781.68562113,10.306972442744696
16520.9496989354,49966.54873791569,19972228.11592447,10.307714818148995
16522.229058281002,49966.54873791569,19965842.960670743,10.30667987442271
16522.995963515,49966.54873791569,19953298.15419014,10.308373633327362
16525.5434833999,49966.54873791569,19943160.182432204,10.308688595865425
16527.5845666875,49966.54873791569,19951420.19593634,10.293761072434673
16538.771220715502,49966.54873791569,19934420.032696377,10.298820330059291
16542.160963283997,49966.54873791569,19913516.925748248,10.307095251123418
16543.739199685802,49908.20338380439,19889432.887912042,10.31886926226586
16544.0671275987,49908.20338380439,19868900.39006246,10.32718181597777
16557.3791368469,49908.20338380439,19874134.716196842,10.311274968912125
16558.248487753,49908.20338380439,19870805.87687929,10.305943227911692
16570.2367298422,49908.20338380439,19861564.598280482,10.302919588324528
16577.0411526097,49908.20338380439,19854413.510789063,10.299878817582663
16581.8356875638,49908.20338380439,19850879.570393045,10.294556150933074
16581.9717363937,49908.20338380439,19834510.1370849,10.29800738304854
16603.9078942064,49908.20338380439,19841227.46596983,10.28583131590174
16606.597377228998,49908.20338380439,19854865.382270236,10.267091051350246
16611.723151675902,49459.17178039839,19842546.86468647,10.265420268617488
16612.6531324254,49459.17178039839,19835568.863447126,10.262394492863583
16615.660454799097,49459.17178039839,19831975.14798116,10.25642537199877
16623.16027075,49459.17178039839,19825445.500162724,10.255418093460593
16629.1281417474,49240.363637661896,19824718.564927757,10.245021422750275
16631.199768319,49240.363637661896,19837273.768965147,10.22452790255041
16641.4791739818,49240.363637661896,19834996.65772586,10.220987468983953
16643.659952103102,49240.363637661896,19841546.670478955,10.208923354569368
16655.7423249055,49240.363637661896,19840163.128889866,10.20304638183257
16680.4296115746,49240.363637661896,19838442.452486794,10.197944898448183
16681.163353284,49240.363637661896,19846826.565375745,10.181045644034343
16701.301925219,49240.363637661896,19858302.125797473,10.161902202577165
16710.452365253997,49240.363637661896,19887598.27686093,10.130386736780856
16720.547638885702,49240.363637661896,19897679.474598836,10.113668212643422
16736.4300710995,49240.363637661896,19889523.611603424,10.11277750312884
16743.850991418898,49240.363637661896,19906958.11563926,10.09252828524523
16748.9716942482,49240.363637661896,19906458.742216878,10.084347558079326
16749.584439995502,49240.363637661896,19918331.336465992,10.068374112537692
16751.6796786463,49240.363637661896,19932547.972763054,10.049362564621537
16773.3858930551,49240.363637661896,19945160.760050684,10.031469842740433
16782.0433877734,49240.363637661896,19961692.163098592,10.008951175120323
16786.434975866003,49240.363637661896,19971840.584353063,9.994384385627798
16791.8359893386,49240.363637661896,19967631.617747933,9.987398768015336
16792.009040805402,49240.363637661896,19976302.988563176,9.970489892023755
16793.7754005356,49240.363637661896,19997359.015519623,9.944533210004137
16805.8997618726,49240.363637661896,20009028.4661646,9.927399628235287
16822.5175256046,49240.363637661896,20018871.221431833,9.911830776479194
16848.8131038398,49240.363637661896,20024758.805685125,9.899043239131684
16854.554000212902,49240.363637661896,20033255.93451995,9.883959579801715
16856.8102109773,49240.363637661896,20050028.31685667,9.863203088353059
16864.682809481103,49240.363637661896,20054421.890469156,9.85106144130064
16877.5356945403,49196.149329119995,20065202.193876963,9.830475126797479
16883.845560919,49196.149329119995,20068197.84564437,9.821167096041103
16890.6581405342,49196.149329119995,20090334.944632623,9.79675169796346
16898.4772743365,49196.149329119995,20102212.515447043,9.781385736735178
16916.7810101722,49196.149329119995,20137101.057447612,9.744986952118595
16918.1018690867,49196.149329119995,20154220.693511136,9.723336793811665
16918.1018690867,49196.149329119995,20195993.059136923,9.684598859566426
16919.0512269692,49196.149329119995,20212191.62465775,9.662766118478062
16922.4887686806,49196.149329119995,20234051.19633175,9.637311889469665
16927.4670144884,49196.149329119995,20251245.007232428,9.6167947544284
16927.5780674919,49196.149329119995,20248693.748186804,9.611258433364467
16934.981848198702,49196.149329119995,20295258.786021627,9.566467156556456
16937.834390141103,49196.149329119995,20311011.166935924,9.547404179446225
16946.0379496229,49196.149329119995,20372603.84103074,9.491678446706784
16960.9611211908,49196.149329119995,20407665.09535223,9.457393291728396
16962.7525985798,49196.149329119995,20423648.027422007,9.435059067898226
16966.8586796055,49196.149329119995,20448926.35181871,9.404342440050984
16974.8295232014,49196.149329119995,20494058.116187286,9.363122106784108
16978.2657898655,49196.149329119995,20522118.577946037,9.333511562334994
16979.128252311002,49196.149329119995,20553616.236883212,9.30092031181226
16985.0171723395,49196.149329119995,20610136.961932197,9.25044465042957
16985.0171723395,49196.149329119995,20631577.92729937,9.227961123647457
16997.8154061516,49196.149329119995,20658134.58736685,9.19819709471569
16997.8154061516,49196.149329119995,20707637.158907577,9.155238221603925
17015.5557496403,49196.149329119995,20719776.29917378,9.13632171879187
17057.693596555702,49196.149329119995,20734458.565015048,9.117141921458792
17059.0526177625,49196.149329119995,20789550.85727722,9.06898355554209
17060.8716566821,49196.149329119995,20819724.222794294,9.039586997612616
17064.0894138803,49196.149329119995,20831344.925778072,9.019685639812506
17070.9398779943,49196.149329119995,20867299.568802692,8.984956427842697
17081.436331038,49196.149329119995,20897639.65185588,8.954420976422528
17085.5414822624,49196.149329119995,20932014.965646777,8.922214270966988
17085.5414822624,49196.149329119995,20958938.739260055,8.896255703868462
17089.8229346077,49196.149329119995,20980527.11690933,8.870612850958764
17094.507018351,49196.149329119995,21035580.38967353,8.82432659960497
17096.5437983523,49196.149329119995,21086291.591009747,8.781279612057533
17096.5437983523,49196.149329119995,21124563.495149385,8.747781129492294
17114.400355609097,49196.149329119995,21206517.60499408,8.684651637747987
17114.400355609097,49196.149329119995,21277830.061514046,8.630161968874567
17116.2206212317,49196.149329119995,21310400.420745272,8.599198688123032
17122.9800507658,49196.149329119995,21349580.846681494,8.563398565473328
17153.5794202275,49196.149329119995,21358607.46301011,8.549489351867322
17155.7899940573,49196.149329119995,21418844.95089118,8.501400335154468
17157.7141868808,49196.149329119995,21473401.91572845,8.457182961851892
17161.5376750329,49196.149329119995,21515642.964623902,8.421725120282483
17168.1891203877,49196.149329119995,21554744.0658337,8.386423755441522
17170.425753632,49196.149329119995,21598476.300819036,8.348407964486897
17182.185993670802,49196.149329119995,21657633.32625407,8.301276610889103
17191.2435816796,49196.149329119995,21694490.31052962,8.269669444536435
17191.2435816796,49196.149329119995,21766466.707259435,8.218271912158661
17211.5664601238,49196.149329119995,21829197.480679225,8.171224974099173
17221.7150973814,49196.149329119995,21869990.758237053,8.137470893607292
17221.7150973814,49196.149329119995,21920348.265652392,8.099145923564066
17238.8769417542,49196.149329119995,21992311.953495935,8.045619197570907
17265.680043931497,49196.149329119995,22020630.73058916,8.015904130081298
17355.0052499587,49196.149329119995,22035094.604536798,7.994895339071684
17355.498937469198,49196.149329119995,22060292.412971105,7.969535796131716
17408.8854946545,49196.149329119995,22103296.387405302,7.933393977097539
17413.3037913993,49030.77745197999,22120760.583417937,7.9083916738895965
17501.659342183302,49030.77745197999,22176319.23203906,7.866853935576353
17522.1310599686,49030.77745197999,22213175.953609727,7.834020931201553
17536.028918881002,49030.77745197999,22228157.697194126,7.814145028896444
17555.136486196698,49030.77745197999,22266985.706060484,7.7811064739894915
17563.2731205803,49030.77745197999,22311053.44527607,7.743099871800982
17564.949652111398,49030.77745197999,22314412.996551592,7.728839982753086
17566.3897389542,49030.77745197999,22373812.92493592,7.685501504384314
17613.2032677879,49030.77745197999,22407507.44221909,7.657807263307997
17717.0173474304,49030.77745197999,22450342.16738797,7.6231519108792964
17725.7219093552,49030.77745197999,22476367.209766533,7.597905798641833
17735.4109244021,49030.77745197999,22510013.42956817,7.565336782259052
17797.1373146497,49030.77745197999,22548593.753369696,7.533592411705454
17818.3944494129,49030.77745197999,22603225.40494556,7.493486119310339
17818.6962800413,49030.77745197999,22624798.131798573,7.4689816254976655
17920.6685486795,49030.77745197999,22645930.2837939,7.445468288583649
17924.0446846389,49030.77745197999,22668892.78265279,7.422049005536199
18090.7851848245,49030.77745197999,22704929.1235112,7.3933649356048035
18144.0172740804,49030.77745197999,22721318.637015596,7.370473643867479
18184.4046910834,49030.77745197999,22788948.43997024,7.324134086433288
18216.273503811,49030.77745197999,22844101.271515522,7.284593045372798
18245.153653473502,49030.77745197999,22875603.681194488,7.256548689077708
18252.983126131003,49030.77745197999,22913767.12900902,7.2242887243974225
18282.3867343141,49030.77745197999,22927472.861577787,7.203913090089999
18310.2963205339,49030.77745197999,22949219.154129744,7.179764456131118
18325.7369607307,49030.77745197999,22989084.163115256,7.147396133324809
18331.6632425025,49030.77745197999,23051670.91040811,7.102464322699035
18537.3168353343,49030.77745197999,23064804.353490982,7.080820043028683
18582.5731384106,49030.77745197999,23081469.296533324,7.057953580653212
18584.3217570996,49030.77745197999,23054892.64005208,7.056202715558567
18702.93531955,49030.77745197999,23072700.79108199,7.031751042288811
18740.2042366832,49030.77745197999,23128659.05117471,6.99229613950402
18793.4540953423,49030.77745197999,23112991.917652786,6.985114469827217
18832.4848311661,49030.77745197999,23123818.877277438,6.965039249776885
18839.054203746,49030.77745197999,23112104.309689086,6.9552647653050075
18899.9295171371,49030.77745197999,23135020.047096226,6.930417800087059
19052.7017234507,49030.77745197999,23147785.688331246,6.910521077736754
19061.7706439206,49030.77745197999,23190540.048132412,6.8770199393303
19084.225380571297,49030.77745197999,23198036.752826817,6.85829720430359
19090.2543334036,49030.77745197999,23223638.46373087,6.8329617121674415
19134.056809806498,49030.77745197999,23239086.5223924,6.811038723230539
19169.946250349298,49030.77745197999,23202426.985259276,6.8128116653435775
19237.2392899086,49030.77745197999,23206223.87805003,6.797843498868022
19239.7731019831,49030.77745197999,23250357.95236317,6.764003613371166
19288.7586808435,49030.77745197999,23265835.90817256,6.742658592782209
19297.6504142982,49030.77745197999,23265922.69354334,6.7270292164113545
19312.5384626573,49030.77745197999,23225454.191947844,6.729912787814077
19326.6687851862,49030.77745197999,23258643.818343937,6.6994931402342575
19329.3334270964,49030.77745197999,23224999.646097045,6.698673992434784
19346.0026814156,48923.04634920319,23195183.49781834,6.695411489454722
19348.7162817328,48923.04634920319,23193465.485263832,6.681656606534221
19375.5428588332,48923.04634920319,23192527.212186243,6.666197719453366
19375.958033040803,48923.04634920319,23163191.47596892,6.664219379745068
19470.409295030506,48923.04634920319,23153891.33769331,6.652170204020009
19510.9533520307,48923.04634920319,23171999.607430376,6.629474972652078
19561.6260197902,48786.08587767239,23118133.57903148,6.637598560544867
19624.1932297795,48786.08587767239,23073650.060665213,6.6429051781905395
19716.1166548394,48786.08587767239,23067862.8076855,6.630303206980987
19748.873476938,48786.08587767239,23026348.524643615,6.635464397810082
19796.662171181106,48786.08587767239,23003102.167061385,6.6296507251638275
19853.3212146513,48786.08587767239,22987620.09701381,6.620689237593455
19882.7102322905,48786.08587767239,22968591.195127252,6.613193476655148
19941.2119856046,48786.08587767239,22961233.263334185,6.602617067527262
19950.8807827697,48786.08587767239,22959263.582310647,6.587313316707669
19995.1949151796,48786.08587767239,22914799.96131722,6.591390157033932
20136.3930212027,48786.08587767239,22889632.083347533,6.588776881585377
20145.1192552294,48786.08587767239,22827674.008436177,6.600694759436218
20168.047247478,48786.08587767239,22787298.479646012,6.604728668851589
20174.6533718836,48786.08587767239,22756210.757554285,6.605180686336561
20200.3347647389,48786.08587767239,22698597.336929724,6.6150414021612045
20306.7631015498,48786.08587767239,22664332.62097228,6.615279049745904
20307.4584411453,48786.08587767239,22632359.64341898,6.615398739472938
20613.6814179537,48786.08587767239,22605076.550758574,6.613294144072152
20652.859371513,48786.08587767239,22583276.135981195,6.609001945486525
20657.5420380545,48786.08587767239,22564299.985870216,6.603905511732799
20671.2800350076,48786.08587767239,22543198.5259635,6.597215451660344
20696.917791944,48786.08587767239,22472967.71882902,6.613988376425213
20706.925909926,48786.08587767239,22416652.61656691,6.6236197829938
20769.2201918807,48786.08587767239,22373731.05942362,6.628736580082052
20839.051973843,48639.75636302809,22280477.829781268,6.6569735969270445
20886.533982046,48639.75636302809,22226594.24605105,6.667888182779278
20951.5665191371,48639.75636302809,22150618.05735864,6.687618811688179
20974.8149683064,48639.75636302809,22070956.137072317,6.710049630699611
20996.1468280965,48639.75636302809,22020669.16025219,6.718700020654484
21037.2794260067,48639.75636302809,21953687.448659398,6.734858907300625
21111.1125976846,48639.75636302809,21884690.604963947,6.751816307807314
21202.1763206615,48639.75636302809,21801831.34418847,6.777335122365512
21206.8981795646,48639.75636302809,21777368.84156556,6.773897650174348
21210.0900422446,48639.75636302809,21672690.4317295,6.811371499114817
21282.9301080576,48639.75636302809,21596642.247909565,6.835737332644012
21346.2480030656,48639.75636302809,21533073.346313167,6.851015023478499
21370.8900068165,48639.75636302809,21524622.542344593,6.841423903309281
21452.7145630969,48639.75636302809,21445629.145325117,6.866864808335523
21514.715247361102,48639.75636302809,21412169.5614326,6.8693792902467115
21543.2929561417,48639.75636302809,21349388.932865378,6.88786140839463
21551.4526678183,48639.75636302809,21262811.646008614,6.915060443903552
21597.4941179175,48639.75636302809,21201696.20517284,6.931530384813191
21637.815078588,48639.75636302809,21141462.724481836,6.948067479235698
21723.6423187937,48639.75636302809,21067048.474878248,6.971997128246007
21726.9008674522,48366.11322417799,20945525.010626514,7.0215278050892795
21748.9761253769,48366.11322417799,20915839.262400873,7.023128177243725
21752.6338749385,48366.11322417799,20837909.794966612,7.0494519426334445
21756.790395673703,48366.11322417799,20738067.792891286,7.0870757030949365
21784.561007594,48366.11322417799,20679559.924436968,7.105467987186063
21842.254671699,48366.11322417799,20596120.058808118,7.136328307401973
21855.8870283933,48366.11322417799,20525862.60896078,7.159905899903508
21885.9178377534,48366.11322417799,20425451.266869824,7.20238013592665
21929.8983069702,47873.32093343169,20305942.284169313,7.255106922558056
21959.6935145318,47873.32093343169,20221609.635159437,7.288734592181143
21991.7976996911,47873.32093343169,20161032.377028003,7.308465158900594
22024.875105748702,47873.32093343169,20077803.93145502,7.342729355943992
22078.1223863779,47873.32093343169,19994860.095964465,7.37750390899482
22103.5109528173,47873.32093343169,19923038.449466556,7.404595469031572
22123.6332376038,47873.32093343169,19848093.557943065,7.435341968138591
22161.978274688903,47873.32093343169,19770888.64945518,7.465526419246981
22161.978274688903,47873.32093343169,19680164.6144603,7.507427007819719
22178.4452577941,47873.32093343169,19585159.20414947,7.5506911994811805
22211.6038297279,47870.6314504091,19474973.331723318,7.60434159681602
22221.0837212138,47516.267706447295,19364583.646262378,7.658667136785791
22222.2943017032,47461.673077997795,19274158.446940985,7.700012372757507
22231.3964953478,47309.0397072504,19184395.110572204,7.741582213216217
22234.6029444534,47309.0397072504,19094956.273958053,7.785466995491345
22231.3964953478,47309.0397072504,11338594.55254117,8.557002414752212
22231.3964953478,7116.640597053702,3520587.62079853,-0.7068307923420722
22234.6029444534,7116.640597053702,3493297.300655575,-0.7231348872768069
22262.6289566875,7116.640597053702,3439570.988806005,-0.7374499380928761
22264.027391829302,7116.640597053702,3380141.0427997983,-0.750811763219146
22264.6897781776,7116.640597053702,3320547.838375943,-0.762778961149104
22273.635813804704,7116.640597053702,3250631.220565138,-0.7656502577393121
22326.364897021,7116.640597053702,3194890.9789322405,-0.7676853005585224
22332.4490788534,7116.640597053702,3132838.0135401776,-0.7755780381634002
22379.1764693184,7116.640597053702,3071483.21121473,-0.7867557816949394
22421.127047690297,7116.640597053702,3029368.6379755214,-0.7906897666397474
22433.6954427592,7116.640597053702,2997678.4271591604,-0.8110431999663708
22438.3281074077,7116.640597053702,2943356.1287514255,-0.8172274436736406
22440.2568285879,7116.640597053702,2881200.4288195986,-0.8192579659534861
22440.2568285879,6762.6986574728,2789790.5110692126,-0.8057804816644055
22448.0184840515,6466.435268028501,2726305.991757899,-0.8006797166457247
22453.947950705297,6466.435268028501,2703755.313480702,-0.8220068212152969
22468.6917631516,6466.435268028501,2649791.696640481,-0.8340053985435892
22470.2484295327,6466.435268028501,2608454.479500384,-0.851259789082969
22475.5247668561,6466.435268028501,2557531.835318868,-0.8639675655059151
22484.7209963818,6466.435268028501,2506461.2586360723,-0.8765692128611867
22484.98935302,6466.435268028501,2449976.0077700694,-0.8858982326792367
22504.1505811209,6466.435268028501,2413855.566537995,-0.8984723501424318
22515.8920874975,6466.435268028501,2386695.18406125,-0.9178962779884361
22516.4745859505,6466.435268028501,2349391.0080701243,-0.9367180392815783
22545.805631449,6466.435268028501,2293278.5755761163,-0.9464818915068626
22550.6556061438,6466.435268028501,2251025.18120136,-0.9578117133117208
22559.9403062923,6360.7850328025015,2180927.563650645,-0.9490017830130709
22565.3245860204,6360.7850328025015,2145938.1090560425,-0.9691034958331392
22567.966768472,6360.7850328025015,2119234.1736818464,-0.9917414462787041
22568.820505117,6140.812443360999,2046934.254079696,-0.9821210732777744
22576.700338902203,6140.812443360999,1999469.2511305793,-0.9943097074936535
22577.6652540497,6140.812443360999,1941742.1505314813,-0.9943047469190487
22598.4939387877,6140.812443360999,1881964.7090474695,-0.9859036956795664
22619.5286053829,6140.812443360999,1851900.5725644582,-1.0063426007938423
22619.5286053829,6140.812443360999,1820027.910695988,-1.0234568212777795
22625.8228657682,6140.812443360999,1802144.7618919862,-1.0474693584859418
22629.103579339106,6140.812443360999,1771714.3800955885,-1.0635287415831913
22629.103579339106,5491.375622099102,1699927.748728953,-1.0409842211817082
22629.103579339106,5491.375622099102,1663137.2891041797,-1.0533531315011935
22634.8564953727,5452.344886275299,1617249.9395133134,-1.0545645755161062
22636.4476671823,5452.344886275299,1574696.6384283295,-1.064686853581216
22660.4211070313,5452.344886275299,1541743.7253833234,-1.0798632723851223
22668.2531717469,5452.344886275299,1504737.748216008,-1.0944056934837665
22671.986510144103,5452.344886275299,1486574.0515828975,-1.106150899603037
22676.97640394009,5452.344886275299,1447673.0932527927,-1.1057669651850317
22692.9829665263,5452.344886275299,1406414.7454072235,-1.1076143971719619
22711.0833205384,5452.344886275299,1377880.1902248014,-1.1213315367684995
22717.839455962003,5452.344886275299,1358397.970180585,-1.1406135017263987
22737.1879529483,5452.344886275299,1325897.5365545035,-1.1451128911124377
22748.0235827268,5452.344886275299,1283521.232963928,-1.1488068016683344
22750.4976539928,5452.344886275299,1247273.328897691,-1.1334905349726545
22750.4976539928,5452.344886275299,1205085.4787673578,-1.1312559685191326
22750.4976539928,5452.344886275299,1170003.9200932253,-1.1332323118434462
22766.206527003906,5452.344886275299,1126236.1467603224,-1.1216253779573968
22781.00906960649,5452.344886275299,1108187.2481350864,-1.139706955068423
22781.6152431458,5452.344886275299,1055552.4585269052,-1.089728910714567
22790.4587774387,5452.344886275299,1029817.2446590111,-1.0944083002768539
22792.208053985298,5452.344886275299,986842.1728502302,-1.063518061777404
22839.4914132554,5452.344886275299,971800.9640030529,-1.0869515342790645
22841.8975323297,5452.344886275299,942733.8940332964,-1.0849776143808496
22861.5607890648,5523.9131639882,939593.2579628098,-1.0812692742649326
22864.473706227403,5523.9131639882,911801.7313106557,-1.0837611555603104
22865.9018869131,5523.9131639882,889975.6977596403,-1.0858219162208564
22866.9818722854,5523.9131639882,859843.5604343617,-1.0642718395018398
22871.9370657886,4607.524518216302,805463.0658826289,-0.8934128842352437
22902.1841613486,4607.524518216302,796245.6445212376,-0.9147541549209853
22908.0493223164,4220.0049739516,760699.2495703215,-0.8633723618684139
22917.3606501289,4220.0049739516,761264.7558388753,-0.8785931763867019
22917.7642396306,4220.0049739516,745586.7389593725,-0.8883557831526688
22926.097958231403,4220.0049739516,724501.0275042382,-0.8708092147997903
22930.2757192893,4220.0049739516,713698.7982795015,-0.8855226513917147
22936.3012994491,4220.0049739516,702879.5389306596,-0.9047278598020888
22936.7828319227,4220.0049739516,682819.846664373,-0.9039951522671089
22938.7379348482,4220.0049739516,674952.3282981246,-0.8922862220816229
22946.6390379571,4220.0049739516,674917.6330224738,-0.9062798610244299
22954.5060370712,4220.0049739516,653570.6548481697,-0.8419724158069417
22954.5060370712,4220.0049739516,637267.4811898178,-0.842483493177561
22965.81409551189,4339.4103726496,638748.7426813985,-0.8253702223245014
22967.8061111462,4339.4103726496,617825.8529772165,-0.7651184445503106
22971.3069636029,4339.4103726496,589918.6297699085,-0.6860931701914433
22981.4738477032,4339.4103726496,592937.6514117589,-0.6826703538327017
22998.882552894906,4339.4103726496,580751.3386417567,-0.6463363297623399
23007.501639595,4339.4103726496,568757.2705101079,-0.5833519806108219
23010.9955136059,4339.4103726496,565238.530011508,-0.5588674530931556
23026.8040006146,4339.4103726496,556326.2274095989,-0.5280679824059173
23030.19439747,4339.4103726496,547995.6302773202,-0.4962967195503945
23047.792438440498,4339.4103726496,529121.4564482273,-0.4323898924235588
23049.7257742114,4395.685998400801,521291.28425737494,-0.36819171839215703
23052.0221342428,4395.685998400801,520507.36860684527,-0.3770213999233396
23059.099268783502,4892.453919281099,530482.5744567185,-0.3108996569768217
23065.779635064,4892.453919281099,525090.7616714791,-0.27204052376478044
23070.8516526305,5035.4397455744,543888.287549092,-0.19747656898408908
23072.8958016492,5035.4397455744,548530.877967157,-0.20370291231523138
23073.520618745097,5035.4397455744,542975.2344807698,-0.17368318953560305
23085.6001228679,5035.4397455744,549667.0170380872,-0.12330855726570503
23091.6062185322,3809.6573140175024,530665.2272080313,0.16584910495193175
23096.6712958341,3809.6573140175024,531549.8684334774,0.15089817843610806
23101.943664798902,3809.6573140175024,543770.6014226481,0.18996974397378943
23114.548318225698,3916.967563053302,553258.0386770372,0.2626777692367023
23126.567619573,3916.967563053302,553855.4908379463,0.27052461526671645
23128.9887288328,3916.967563053302,564885.8215866896,0.3078204235953015
23132.779436800098,3916.967563053302,570739.323454387,0.2973516916604988
23135.5657489655,3916.967563053302,567996.4795182798,0.32439423495352415
23139.240861352,3916.967563053302,578141.2049796896,0.325380095495491
23159.146253952404,3916.967563053302,584568.2906845906,0.31672220625732056
23162.6302430276,4405.5293147604025,603067.9049612824,0.41712373545876746
23163.3402203318,4405.5293147604025,610781.6935737057,0.43164714299153534
23186.1691098278,4405.5293147604025,622696.0999078399,0.4308053203311358
23188.4185617036,4405.5293147604025,622583.6307711293,0.4193274049326754
23192.3579294276,4405.5293147604025,626895.6136514307,0.46682702593663067
23193.819035216,4405.5293147604025,624984.3898568448,0.4962589698431833
23203.68109474569,4405.5293147604025,634519.8585968232,0.4997844976356197
23215.1326528218,4405.5293147604025,646429.5939740781,0.5027424835627808
23221.5077859667,4405.5293147604025,650301.6265079838,0.48636361808735923
23242.7215921926,4405.5293147604025,669004.3047148339,0.5244179933299083
23270.5991610342,4405.5293147604025,675421.2409732194,0.5935089560708222
23271.6555641735,4405.5293147604025,694213.3941314141,0.6272909069996419
23280.9756955337,4405.5293147604025,707214.0142216772,0.6188570148919147
23285.4660640932,3934.164649877901,697522.5276614523,0.6578716856342849
23293.2007122328,4808.653477021198,740975.4842553502,0.7752292057683946
23296.5016436509,4764.990310966798,768958.5860662296,0.865147186544033
23303.8852351993,4764.990310966798,784319.4931765565,0.8601090293915232
23304.1347811919,4764.990310966798,786414.4685514204,0.8610148821057471
23308.520744664303,4764.990310966798,808771.2972486637,0.8615184752832918
23315.0203707297,4764.990310966798,828834.0491846972,0.870305236037524
23336.0099950275,4764.990310966798,836584.7893566181,0.8484913366646869
23346.9017631589,4764.990310966798,854970.1972524694,0.8546982166593451
23351.628552042203,4764.990310966798,875907.0705735434,0.8751492631754001
23354.440954803,5072.3459350325975,915943.2900260411,0.9650724864710585
23358.1717358322,5072.3459350325975,926731.9798384547,0.9574002909857013
23363.0135726944,5524.472862210499,985653.8057340883,1.0625593396784891
23363.0135726944,5524.472862210499,1032108.2737736722,1.0965861501148577
23373.3515863489,5524.472862210499,1061936.7230037036,1.088137701863558
23399.4004345026,5524.472862210499,1085289.2900069496,1.0776244252137277
23438.439670861,5524.472862210499,1121537.9764053533,1.0791219401984402
23446.4004107609,5524.472862210499,1165556.9200563496,1.1087530405150492
23450.7891744324,5524.472862210499,1214680.9199926588,1.1363042899153388
23451.284818020096,5524.472862210499,1250323.5302088617,1.1277355608390907
23451.284818020096,5524.472862210499,1276145.0049770803,1.1191964304770539
23451.4942862102,5524.472862210499,1326451.9641005902,1.130831186620091
23464.1817779628,5524.472862210499,1376508.113997956,1.1385736424626383
23471.4257691557,5486.763311122002,1393239.396581382,1.1377572542750107
23471.4257691557,5486.763311122002,1420302.5677799413,1.1174890011439058
23471.4257691557,5486.763311122002,1459005.129148355,1.106998059018454
23473.839794872,5486.763311122002,1494973.341157228,1.1085395732375734
23484.2848889129,5486.763311122002,1531716.0826833253,1.0938339794184424
23490.911720055497,5486.763311122002,1556221.610064741,1.0740783145230015
23494.9823368233,5486.763311122002,1587361.6964890184,1.0546793986356173
23516.3200446504,5578.999632083003,1639542.859478408,1.0590423067903114
23516.3200446504,5578.999632083003,1694526.0931936011,1.0610125325465298
23542.3067719048,5578.999632083003,1743729.1451792053,1.0544340470243512
23551.28633254069,5578.999632083003,1779924.1950507327,1.036425185257961
23562.1096512618,5578.999632083003,1824290.11832165,1.0241164939535594
23563.1639694058,5578.999632083003,1846564.2004168371,1.010136061332818
23570.316943128302,5899.486937741902,1901799.5330068562,1.0158779270014195
23570.316943128302,5899.486937741902,1929703.1616990657,0.9961016455453079
23593.723008036603,5899.486937741902,1975423.7485580186,0.9836152928908675
23596.9484857303,5899.486937741902,2022572.9115074482,0.9716592725593114
23598.535837648906,5899.486937741902,2056795.0175505658,0.958792255519772
23598.535837648906,6898.6267404317005,2153276.5220519355,1.0023110878819375
23611.346919107003,6898.6267404317005,2240616.331801391,1.0266685835034959
23616.4211275319,6898.6267404317005,2286692.4398676306,1.0091152670193848
23621.815741257906,6898.6267404317005,2345335.23697089,1.0002408129439475
23621.815741257906,6898.6267404317005,2406468.8925627344,0.9911972458689119
23629.5697460115,6898.6267404317005,2463212.724116313,0.982833192152892
23629.5697460115,6898.6267404317005,2528488.5150133385,0.975157106439011
23629.5697460115,6898.6267404317005,2576723.792156829,0.9579915874644961
23644.02582516229,6898.6267404317005,2599753.141886597,0.9356984536083626
23646.5237650805,6898.6267404317005,2639875.90258524,0.9230651361147866
23664.4472883196,6898.6267404317005,2709563.884720894,0.9174434322027715
23672.1043363231,6898.6267404317005,2742508.8913872577,0.9080890390341801
23678.487833507003,6898.6267404317005,2808421.5799859697,0.899009618238067
23707.2976327446,6898.6267404317005,2857698.582059765,0.8818632829793397
23730.5479759484,6898.6267404317005,2923299.561822227,0.8720392876856653
23744.613164845698,6898.6267404317005,2989146.8790421733,0.8637345204310445
23744.613164845698,6898.6267404317005,3055399.2437596344,0.8548262828629999
23752.4629175588,6898.6267404317005,3099153.7741314475,0.8361782226955514
23761.7939665528,7022.744955723501,3174948.891086845,0.8358695430314811
23776.183908375097,7022.744955723501,3232685.693536569,0.822653908677992
23785.6528366069,7022.744955723501,3266275.2242667805,0.8051754468959006
23791.8439808429,7022.744955723501,3308550.6014280315,0.7905443177266884
23796.0611902097,7022.744955723501,3372921.260418042,0.7790917006351281
23797.1895569056,7022.744955723501,3421776.6412175605,0.7621723050464533
23837.154149938506,7022.744955723501,3453281.7742294422,0.7426795306137923
23838.3860843212,7022.744955723501,3498211.3284785915,0.725683638269977
23897.7387198671,7022.744955723501,3558160.2062088805,0.7138247020727175
23909.8610878254,7022.744955723501,3620283.4339621966,0.7032882314658616
23909.8610878254,7536.573036578102,3717761.760630526,0.7072288876162075
23972.789837454704,7536.573036578102,3765440.757992935,0.6920655774726214
23993.5210269424,7536.573036578102,3817489.8832415147,0.6759220042603417
24036.8415484017,7536.573036578102,3866650.881875662,0.6608029190708725
24043.418575514,7536.573036578102,3939334.542385357,0.6581700325256884
24083.7020084077,7536.573036578102,3980564.870169176,0.6432351008008628
24108.0096176554,7536.573036578102,4041644.9054155857,0.6308005896447079
24155.1906646455,8058.671406998903,4140057.591726021,0.6378551675541472
24170.7365988864,8058.671406998903,4182372.2748313122,0.6202381463026162
24226.8102403337,8058.671406998903,4232575.136254836,0.6042623132341075
24229.0660546179,8058.671406998903,4291050.089570286,0.5900976416625723
24261.9157565639,8058.671406998903,4318452.116829078,0.5737225145885794
24278.0356954461,8058.671406998903,4391097.866659084,0.5638253518791938
24303.572586715,8058.671406998903,4401820.830565971,0.5498882163241793
24318.803667534,8058.671406998903,4436835.776745504,0.5411358116178229
24330.3823326889,8058.671406998903,4489571.488210608,0.525988366578785
24356.3979951543,8058.671406998903,4545228.897637686,0.5116203905931376
24382.1090324282,8058.671406998903,4614558.844853723,0.5098365972572897
24420.4962718854,8058.671406998903,4689279.492431571,0.5021698635507881
24434.8130210659,8234.068072745402,4767872.550860743,0.505272099203037
24442.5765170281,8234.068072745402,4854475.749929261,0.4993324910434592
24475.6566500922,8234.068072745402,4913718.414868123,0.48758951729463196
24475.8033938523,8234.068072745402,4957138.625044811,0.4728642334029592
24532.0790196035,8234.068072745402,5012509.633546498,0.46200081625979383
24557.10348129049,8234.068072745402,5058390.824192202,0.45345254000388696
24574.5360930729,8234.068072745402,5113325.984226521,0.4394605794581343
24591.0860563156,8234.068072745402,5141944.716999852,0.42271533266200306
24659.663020364,8234.068072745402,5210847.974984384,0.4137140389248084
24665.160922875297,8234.068072745402,5239273.852595457,0.40000103909449014
24732.2639093204,8234.068072745402,5264229.358269381,0.38457410102542644
24876.8235930458,8234.068072745402,5315738.605892199,0.3723855828043504
24895.650128048903,8234.068072745402,5335561.0192994485,0.3633234309247647
24932.799560415897,8234.068072745402,5388410.906633329,0.3578071236690945
24963.6248632673,8234.068072745402,5419545.519581238,0.34524076885162297
24996.8013793112,8234.068072745402,5489300.740477149,0.3379223275346941
25028.8469404838,8234.068072745402,5525856.160542238,0.32876856989585146
25075.009304914904,8234.068072745402,5557533.480191487,0.31967809547289294
25118.888900463306,8234.068072745402,5598108.300244612,0.30601118541916816
25119.5602645609,8321.135619166602,5649174.221070839,0.30071726038150326
25130.3160994758,8321.135619166602,5689386.978294648,0.2858792819189615
25171.8327667771,8321.135619166602,5692646.095587624,0.27644367534384406
25179.6690821304,8321.135619166602,5726246.950179711,0.2655436449389826
25180.547320834,8321.135619166602,5752710.315365084,0.25570952412678916
25181.3703705631,8779.131105842702,5814723.950488163,0.2543201510502303
25194.2771210474,8779.131105842702,5851910.398029439,0.24058453423343198
25264.3221750528,8779.131105842702,5902316.515768841,0.22999634994169277
25287.8575698698,8779.131105842702,5918791.587683561,0.21905881849324754
25566.2157548924,8779.131105842702,5944460.846617308,0.21910366178579002
25609.667386807403,8779.131105842702,5967255.587931871,0.2102181538219191
25633.4468545406,8779.131105842702,6015242.977539768,0.19804240389839664
25687.882016197203,8779.131105842702,6040223.960206042,0.1861535102167744
25754.418781046003,8779.131105842702,6033583.624251483,0.17394557762622645
25776.4193215769,8779.131105842702,6042138.300593942,0.159897852734763
25795.7897013124,8779.131105842702,6077338.725237605,0.1476358657938451
25891.6601998186,8779.131105842702,6098276.032236742,0.13114558696397954
25913.31239738149,8779.131105842702,6138870.215746995,0.12178803459355399
26119.470898365096,8779.131105842702,6117996.901650381,0.10988421572019666
26189.769737262,8779.131105842702,6137548.934918735,0.0932978682211256
26232.612381169703,8779.131105842702,6131710.471884979,0.0785290607057129
26292.403988759303,8779.131105842702,6158182.1929019885,0.06425735380047011
26293.7388986492,8779.131105842702,6198039.608695227,0.05328481885924216
26436.1961950791,8557.892167167302,6148557.255787223,0.04644388641660734
26471.8799463026,8557.892167167302,6166071.269579793,0.03085650408276947
26491.5084287892,8557.892167167302,6166651.3301024595,0.018754116971273285
26549.4920628266,8557.892167167302,6132978.809459382,0.006758414167747648
26618.7706901382,8557.892167167302,6128344.629677704,-0.006420819125338169
26635.6373474036,8557.892167167302,6123070.534200933,-0.019481572701003005
26650.9081487202,8557.892167167302,6133788.8553303415,-0.02889129390982314
26658.1331262777,8557.892167167302,6134179.926740176,-0.039187261864250506
26782.9118156426,8557.892167167302,6129496.4598982185,-0.05585725752035497
26796.195911636,8557.892167167302,6119755.685879537,-0.07196807783247043
26843.3959434132,8557.892167167302,6103782.6204684805,-0.0865162052381129
26895.526583515297,8557.892167167302,6057763.884638363,-0.09887502382591726
26901.176087112,8557.892167167302,6046913.354833736,-0.11526233289576027
26919.2467173361,8557.892167167302,6052799.933920976,-0.127176365856014
26958.263772786,8557.892167167302,6023712.939092163,-0.13909393369759018
27080.7680993333,8557.892167167302,6007287.96568544,-0.14806278144226795
27095.6782881861,8557.892167167302,5993734.045422842,-0.1577728244676838
27207.230453099703,8557.892167167302,5960115.484323627,-0.17084811697370822
27211.220106176097,8557.892167167302,5937070.196397797,-0.18511190480270492
27225.6857133043,8616.141942306302,5952901.579450895,-0.1935146714616172
27228.4377432791,8616.141942306302,5925762.980918579,-0.2072884548235242
27252.716502117,8616.141942306302,5870249.624716016,-0.2117322446772864
27354.613968187,8616.141942306302,5861382.012899477,-0.22234034051150484
27360.0049794026,8616.141942306302,5845757.444712296,-0.23773169799003355
27402.4756073428,8616.141942306302,5791769.124118109,-0.24421233533135625
27410.3906999639,8523.450723534097,5710120.568363402,-0.24789382903016174
27449.1974185545,8539.753084425,5714229.378934013,-0.25624617454335796
27483.6519972191,8539.753084425,5662751.351580223,-0.26776187713585314
27502.6270209249,8539.753084425,5621398.724884134,-0.28251161104739225
27592.176420192,8539.753084425,5572285.299523912,-0.29442341079644485
27695.882129872003,8539.753084425,5580388.523760349,-0.3058908394342279
27787.371308461497,8539.753084425,5542017.612225523,-0.32209811083020345
27788.5163929039,8539.753084425,5508154.189571254,-0.33689551989677075
27806.0814226281,8539.753084425,5466973.010321209,-0.35268701559171334
27819.488046796803,8539.753084425,5428529.842271677,-0.3688400026727977
27823.1143265838,8539.753084425,5401696.778466774,-0.384724019578967
27823.5106686823,8539.753084425,5343859.445306615,-0.3923031039933415
27953.0374525418,8539.753084425,5340656.500140149,-0.4048365032535908
27965.4835508484,8539.753084425,5262249.490288052,-0.410404348180053
28054.896861997004,7989.122407649702,5175431.854777743,-0.4085449207957896
28113.455251811098,7989.122407649702,5103381.448556206,-0.4184848864082001
28119.63926596209,7989.122407649702,5064097.656915553,-0.43290376245055384
28127.6779041517,7989.122407649702,5036778.5335704945,-0.44281661817495954
28148.5897487584,7989.122407649702,4998524.307158844,-0.45671302206636144
