12666.0,17961.0,28584072.192708332,-0.2821283565540879
12893.5,17250.0,25284049.65972222,-0.3872122681292612
12893.5,17250.0,25233056.604166668,-0.38525173040982774
12893.5,17250.0,25160992.151041668,-0.3795291493666606
12833.5,17250.0,25090164.326388884,-0.37198264058633385
12769.0,17250.0,25073000.831597224,-0.36947084039391537
12601.5,17250.0,24931433.331597224,-0.3408197608222927
12500.5,17250.0,24642410.243055552,-0.31519616943933054
12238.5,17250.0,23235352.45659722,-0.2927397686685797
12238.5,17250.0,22026692.833333332,-0.37062825640005564
12238.5,15420.0,20810333.770833332,-0.5059492342971642
12238.5,15420.0,20616041.817708332,-0.5225894771502069
12238.5,15420.0,20429020.409722224,-0.5264689440532714
12238.5,15420.0,20371514.484375,-0.5522078998231249
12238.5,15420.0,20304827.1875,-0.5552337792327469
12238.5,15420.0,20216187.33159722,-0.5533531856912818
12238.5,15420.0,20228396.456597224,-0.5539905964362272
12238.5,15673.0,20406619.583333332,-0.5642951388794255
12238.5,15673.0,20657448.45659722,-0.5735857773539488
12238.5,15673.0,20839670.25,-0.5737971935361762
12238.5,15673.0,21091116.909722224,-0.5542857802007575
12238.5,15673.0,21137843.0,-0.5396346153664643
12238.5,15673.0,21123041.984375,-0.5359593650367213
12238.5,15673.0,21149082.609375,-0.5382074011151093
12238.5,15673.0,21054420.75,-0.53110372796641
12238.5,15673.0,20975896.331597224,-0.5292246001056226
12238.5,15673.0,20866867.493055556,-0.528822610979541
12238.5,15673.0,20912810.159722224,-0.5302534229178117
12238.5,15673.0,20982675.055555556,-0.5338235817123309
12238.5,15673.0,20986622.604166668,-0.5341405901425462
12238.5,15673.0,20992404.706597224,-0.5354232786299739
12256.0,15673.0,21095540.07638889,-0.5431907482792064
12583.5,15673.0,21532310.020833332,-0.5655465532639325
12583.5,16362.0,22798985.192708332,-0.4616245086908331
12583.5,18328.0,24630340.583333332,-0.2878868019266458
12583.5,18328.0,26121875.472222224,-0.20263071751611936
12583.5,18328.0,26214748.604166668,-0.2055209722366252
12583.5,18328.0,26301935.248263884,-0.18320014832318812
12583.5,18328.0,26675659.151041668,-0.17815724587664833
12583.5,18328.0,27058075.62326389,-0.1887841838959683
12583.5,18328.0,27131639.243055552,-0.1920650454100031
12583.5,18532.0,27282723.90972222,-0.19973755856247166
12583.5,18532.0,27254148.692708332,-0.19867955016839153
12583.5,18532.0,26742487.65972222,-0.19587015063957422
12583.5,18532.0,26493960.555555552,-0.20664470262952442
12685.0,18532.0,26479962.998263884,-0.288721825069496
12694.5,18532.0,26733157.08159722,-0.3297868818854366
12853.5,18532.0,26942858.354166668,-0.349525401565811
13113.5,18532.0,27977389.409722224,-0.3836888403223023
13113.5,18532.0,28528818.055555552,-0.40566180387952105
13006.0,18532.0,28408419.354166668,-0.39304935994141693
13006.0,18532.0,28565421.664930556,-0.4042195576145101
13006.0,18532.0,28600641.567708332,-0.40810556786943675
13006.0,18532.0,28623369.520833332,-0.41216012202847613
13226.5,18532.0,28778838.498263884,-0.44697810963777695
13443.0,18532.0,28990857.99826389,-0.46624869921951884
13443.0,18532.0,30381177.9375,-0.46144158764049586
13443.0,18921.0,31911081.609375,-0.3795244704408185
13443.0,18921.0,31983326.243055556,-0.3753265561150296
13443.0,19547.0,33481422.942708332,-0.29705555881429835
13443.0,19547.0,33295801.873263884,-0.2811516706587824
13443.0,19547.0,33409258.5,-0.2716767331022844
13443.0,19547.0,33258298.5,-0.2723578540411333
13443.0,19547.0,33005953.5,-0.26655664699434234
13443.0,19547.0,32935670.539930556,-0.2640654019130703
13443.0,18922.0,32396693.901041668,-0.2426632512126916
13443.0,18922.0,31813169.206597224,-0.22513710726728325
13443.0,18922.0,31494276.4375,-0.22497776366986305
13443.0,18922.0,31226652.4375,-0.2350612191792776
13443.0,18922.0,31208984.359375,-0.22411945174957598
13443.0,18922.0,31194702.9375,-0.22197848879129894
13443.0,18922.0,31177059.65972222,-0.21984690370514215
13443.0,18922.0,31137866.15972222,-0.21931485171638923
13443.0,18922.0,31231659.484375,-0.2221631482676689
13471.0,18922.0,31470365.805555552,-0.2517879414897994
13471.0,18922.0,31470546.49826389,-0.2518047262294535
13574.0,18922.0,31522395.109375,-0.2593946502337348
13645.0,18922.0,31594614.97222222,-0.2744589834452845
13711.0,18922.0,31755816.305555563,-0.2931927746955141
13711.0,18922.0,32620583.888888884,-0.31979259155607803
13711.0,18922.0,33503094.526041668,-0.29801774819199156
13711.0,18922.0,33495385.72222222,-0.2983846494350191
13711.0,19699.0,34754843.109375,-0.23486401647905353
13711.0,19699.0,34424386.6875,-0.2500447996056647
13803.0,19699.0,34964947.53993056,-0.2882090418893926
13803.0,19699.0,34580414.442708336,-0.3185259464317417
13803.0,19699.0,33890662.331597224,-0.32457180577465033
13803.0,19699.0,33417406.164930552,-0.3139483920053599
13803.0,19660.0,32892700.63888889,-0.2942307981290801
13803.0,19655.0,32888461.08159722,-0.2940536161207934
13803.0,19655.0,33372837.166666668,-0.3093110971713943
13803.0,19655.0,33767602.24305555,-0.3107154478637455
13803.0,19655.0,34405683.57638889,-0.2958681545084556
13803.0,19655.0,34449429.222222224,-0.28027952051510374
14040.5,19655.0,34700540.80555555,-0.3098505339329005
14373.5,19655.0,35292200.067708336,-0.34946544233073595
14373.5,19655.0,35553982.74305556,-0.3549338664493249
14373.5,19655.0,36344878.83159722,-0.3670414012960914
14373.5,19655.0,37125096.30555555,-0.39793865211776697
14853.0,19655.0,37824087.58159722,-0.4352856300310999
15729.5,19655.0,38304007.520833336,-0.4760130297845016
16155.0,19655.0,38618397.95659722,-0.5149523268841145
16155.0,19655.0,38846511.65972222,-0.5368994965111219
16155.0,19655.0,39327403.32638889,-0.53975998754825
16155.0,19655.0,40327823.192708336,-0.5122601639159332
16155.0,19655.0,39483173.13888889,-0.5307189954276704
16155.0,19168.0,39138749.99826389,-0.5458782933194487
16155.0,19168.0,38952776.90972222,-0.5521617070666319
16010.0,19168.0,38803074.72222222,-0.5431716907019442
16010.0,19168.0,38780766.63888889,-0.5450844381998463
16010.0,19168.0,39011906.87326389,-0.5410564759938222
16010.0,19168.0,39376172.22222223,-0.5447541831196338
16010.0,19168.0,39806789.74826389,-0.5531861696419221
16010.0,19482.0,40093792.28993055,-0.559681155479996
16010.0,19482.0,39884255.53993056,-0.5563669617887729
16010.0,19482.0,40132270.78993056,-0.5561290213615875
16010.0,19482.0,39564486.651041664,-0.5694512824816689
16010.0,19482.0,39422820.604166664,-0.5988170898095043
16010.0,19482.0,39287344.16493055,-0.5701791990288151
15751.0,19482.0,38878279.817708336,-0.5391675320034366
15751.0,19482.0,38746333.88888889,-0.5361103383251377
15751.0,19482.0,38092423.6875,-0.5257868972117442
15498.0,19482.0,37493803.6875,-0.5086996603301793
15194.0,19482.0,36876016.609375,-0.4853725036807829
14860.0,19482.0,36449871.331597224,-0.4639577274498305
14655.0,19482.0,36139913.99826389,-0.44321984688283034
14497.0,19482.0,35839234.067708336,-0.4228183073301583
14398.0,19482.0,34495793.520833336,-0.3906683902600085
14398.0,19482.0,33543666.692708332,-0.4357040045761419
14398.0,19637.0,35293401.520833336,-0.35758033710134457
14398.0,21906.0,37357286.020833336,-0.2373853369669939
14398.0,21906.0,39170737.63888889,-0.16684409300032305
14398.0,21906.0,39735347.87326389,-0.1878803692888373
14398.0,21906.0,39731197.49305555,-0.1882673249360725
14398.0,21906.0,39762664.15972223,-0.1880396824476444
14398.0,21906.0,39559568.74826389,-0.1839979575089381
14398.0,21906.0,39411406.53993055,-0.17932899702585017
14398.0,21566.0,39112212.442708336,-0.16883610276713026
14398.0,21566.0,38686048.067708336,-0.15777702768076568
14398.0,21566.0,38051207.567708336,-0.15163194501715566
14398.0,21566.0,37882265.90972222,-0.1553798594407262
14398.0,21566.0,37891397.37326389,-0.14866473721041193
14398.0,21566.0,37883569.20659723,-0.1445092939340066
14248.5,21566.0,37820940.45659722,-0.12878950717748175
14248.5,21566.0,37495680.0,-0.11113101013998283
14248.5,21566.0,37205365.74826389,-0.08931825831091086
14001.0,21566.0,36972081.74305556,-0.06276014825005331
13745.5,21566.0,36789545.5,-0.031658958977115126
13432.0,21566.0,36612999.28993055,0.020374971613565763
13332.0,21566.0,36473262.03993056,0.046890399132404045
13245.0,21566.0,36330847.567708336,0.07395188382564415
13245.0,21566.0,36490506.87326389,0.055627927019332994
13245.0,21566.0,35013269.833333336,0.05938497117205742
13245.0,21566.0,33285937.498263884,0.008564385379321101
13245.0,20498.0,30637074.493055556,-0.1612368400001599
13245.0,18485.0,28600857.74826389,-0.3109802420444109
13245.0,18485.0,28317666.416666668,-0.3137573916914769
13245.0,18485.0,28271193.651041668,-0.3240167956106178
13245.0,18485.0,28189306.289930556,-0.3252893026759238
13245.0,18485.0,28155593.076388884,-0.32439079289602735
13245.0,18485.0,28033508.95659722,-0.3189059890651863
13245.0,18481.0,28030328.026041668,-0.3187479045229406
13245.0,18481.0,28264559.90972222,-0.32657067529837747
13245.0,18481.0,28444331.972222224,-0.3267044104800051
13245.0,18481.0,28549334.234375,-0.32175332065624557
13245.0,18481.0,28615337.22222222,-0.277780578469575
13152.0,18481.0,28533618.067708332,-0.2502334658258829
13152.0,18481.0,28549653.770833332,-0.25249958675491535
13152.0,18481.0,28219473.65972222,-0.2326332123756215
13152.0,18481.0,28351436.0,-0.2387496052706823
13152.0,18481.0,28483146.22222222,-0.24927391042842004
13152.0,18481.0,28696677.914930556,-0.2718621657117006
13372.5,18481.0,28797640.692708332,-0.3015319473184541
13455.5,18481.0,28814730.62326389,-0.30492307282288494
13455.5,18481.0,28817774.243055552,-0.30561047278436754
13271.0,18481.0,28504175.901041668,-0.27528579743017567
13271.0,18481.0,27814632.99826389,-0.2633446997243209
13271.0,18481.0,26673286.416666668,-0.308351798933957
13271.0,17959.0,25669748.166666668,-0.3907898675003932
13271.0,17077.0,25053679.97222222,-0.44462883408638915
13271.0,17077.0,25139886.289930556,-0.4420658371713513
13271.0,17077.0,25117720.055555556,-0.46126182459272014
13271.0,17077.0,24906743.664930552,-0.4687208015450328
13271.0,17077.0,24603599.831597224,-0.46264937780680265
13271.0,17077.0,24648560.32638889,-0.4647240492992573
13271.0,17183.0,24730416.25,-0.4690104211447433
13271.0,17183.0,25048778.055555552,-0.48108341899408974
13271.0,17183.0,25602532.659722224,-0.48367726874785893
13271.0,17183.0,25755548.0,-0.4753337160068252
13271.0,17183.0,25844221.581597224,-0.45560779054266
13271.0,17183.0,25853020.484375,-0.4601381956360348
13271.0,17183.0,25812823.498263884,-0.45561025421332035
13271.0,17183.0,25746342.07638889,-0.44981214829777144
13271.0,17183.0,25476586.555555552,-0.44117295916190374
13271.0,17183.0,25244989.109375,-0.42670194392608896
13271.0,17183.0,25270739.45659722,-0.4275956006225881
13271.0,17183.0,25327620.47222222,-0.4325180706200514
13279.5,17183.0,25384775.58159722,-0.43844322895977267
13279.5,17183.0,25333891.305555556,-0.4294775346937066
13036.5,17183.0,25248326.956597224,-0.41235704050794164
13036.5,17183.0,25658469.388888884,-0.41512976194538526
13036.5,17183.0,26563521.359375,-0.370355086478165
13036.5,19048.0,27942925.222222228,-0.26150078203726423
13036.5,19048.0,28748523.666666668,-0.21053591358250565
13036.5,19048.0,28294739.222222224,-0.20848911509585938
13036.5,19048.0,28427399.414930552,-0.16572060282886478
13036.5,19048.0,28902527.270833332,-0.1573393303478655
13036.5,19048.0,29419910.45659722,-0.1695480497545788
13036.5,19048.0,29721302.039930556,-0.18240534969494962
13036.5,19405.0,29997114.90972222,-0.1951340728864283
13036.5,19405.0,29933327.859375,-0.19292508049376839
13036.5,19405.0,29449445.25,-0.18874767187387675
13036.5,19405.0,29329169.359375,-0.19378626858245424
13226.0,19405.0,29285682.388888884,-0.2659073971108223
13449.5,19405.0,29513571.789930556,-0.3020329370511185
13564.0,19405.0,29779267.22222222,-0.3246653953116878
13616.5,19405.0,30799304.901041668,-0.353918882508735
13616.5,19405.0,31457678.151041668,-0.37534252503143134
13788.5,19405.0,31782914.82638889,-0.40123983711106465
13788.5,19405.0,31822775.104166668,-0.4036946356280005
13927.5,19405.0,31879704.331597224,-0.4097964563453184
14196.0,19405.0,31958368.305555552,-0.4189865998478851
14230.0,19405.0,32111937.0,-0.44760751689061123
14239.5,19405.0,32764223.4375,-0.5060393869206292
14239.5,19405.0,34609297.734375,-0.47051869714695715
14239.5,20841.0,37378485.234375,-0.34678783476192293
14239.5,22188.0,39707658.13888889,-0.22918462246562066
14239.5,22188.0,41268534.16493056,-0.17776504885136135
14239.5,22188.0,41541516.66493056,-0.19049089364073232
14239.5,22188.0,41456509.248263896,-0.19634418630651546
14239.5,22188.0,41522564.331597224,-0.19624109949513605
14239.5,22188.0,41610604.78993056,-0.19797151498072912
14239.5,22188.0,41512647.95659722,-0.19508233694261046
14239.5,22052.0,41389278.484375,-0.1910363472427532
14239.5,22052.0,40845661.472222224,-0.17846296726769498
14239.5,22052.0,40389625.484375,-0.1771846200242936
14239.5,22052.0,40181559.97222222,-0.18203425124960587
14239.5,22052.0,40182995.067708336,-0.17896917215551048
14239.5,22052.0,40155702.99305556,-0.1717339464116992
14230.0,22052.0,40073368.28993055,-0.15815897884468821
14230.0,22052.0,39831158.99305555,-0.14937994380965716
14230.0,22052.0,39632329.401041664,-0.13942160289938854
14230.0,22052.0,39484374.53993055,-0.12190592166920725
14230.0,22052.0,39406667.942708336,-0.11164152035250398
14130.5,22052.0,39357413.942708336,-0.10068230510408047
13905.0,22052.0,39307503.74305555,-0.08972718979333204
13892.0,22052.0,39285500.95659722,-0.08567862599824486
13892.0,22052.0,39205534.05555555,-0.08173795066285225
13892.0,22052.0,38724620.067708336,-0.0863917064988147
13892.0,22052.0,38055673.692708336,-0.11321734537135784
13892.0,22743.0,38735400.55555556,-0.07406952320148193
13892.0,22743.0,39229154.159722224,-0.05293617047692646
13892.0,22743.0,39065574.13888889,-0.04616010285328628
13892.0,22743.0,39029023.74826389,-0.04916431676446253
13892.0,22743.0,38894038.16493055,-0.04869139388911496
13892.0,22743.0,38716537.484375,-0.04380290084858349
13892.0,22743.0,38669617.80555555,-0.04199272423526444
13892.0,22511.0,38466086.13888889,-0.03354212945806951
13892.0,22511.0,38691384.706597224,-0.04020875944262131
13892.0,22511.0,38621945.472222224,-0.04002663782023602
13892.0,22511.0,38618887.80555556,-0.0401046620143019
13892.0,22511.0,38619026.74305556,-0.03684609478227236
14023.0,22511.0,38654840.38888889,-0.04438340330810381
14087.0,22511.0,38726534.78993056,-0.055546337027918335
14087.0,22511.0,38753734.222222224,-0.05676104936256876
14087.0,22511.0,38921356.91493055,-0.06549685795021337
14087.0,22511.0,39083119.24826389,-0.08428577392795193
14087.0,22511.0,39080602.30555556,-0.0838543019636162
14134.5,22511.0,39113543.456597224,-0.09229274520733972
14219.5,22511.0,39183099.05555556,-0.10744062171071568
14219.5,22511.0,39174987.05555556,-0.1054432658176877
14219.5,22511.0,39220122.776041664,-0.10789889690257244
14219.5,22511.0,39694001.28993056,-0.1041956154670137
14219.5,22511.0,39628778.32638889,-0.10625211790382055
14219.5,21747.0,38893969.49305556,-0.1462838095763038
14219.5,21747.0,38079328.88888889,-0.1827079971210773
14219.5,21747.0,38190916.62326389,-0.18737357700960602
14219.5,21747.0,38222764.123263896,-0.18476583392039758
14219.5,21747.0,38208222.53993055,-0.18477735274692617
14219.5,21747.0,38447410.62326389,-0.19063201989272432
14219.5,21747.0,38513951.05555556,-0.19291901219122862
14219.5,21628.0,38388469.05555556,-0.18850040954806813
14219.5,21628.0,38367272.03993055,-0.18794123997654616
14219.5,21628.0,38767767.722222224,-0.18855935787995873
14219.5,21628.0,38861567.401041664,-0.18595300010724677
14219.5,21628.0,38866467.401041664,-0.1817164135596344
14190.0,21628.0,38804989.41493056,-0.16279558398052363
14190.0,21628.0,38832712.32638889,-0.16597812924532945
14190.0,21628.0,38834488.55555556,-0.16604798055298875
14190.0,21628.0,38668726.16493055,-0.15818468810756864
14190.0,21628.0,38580699.104166664,-0.1502956219106409
14278.5,21628.0,38602773.401041664,-0.15351987575652046
14224.5,21628.0,38592129.776041664,-0.15148877763104132
13951.5,21628.0,38510876.354166664,-0.1362101645470268
14013.5,21628.0,38522585.74305556,-0.13856167888392973
14013.5,21628.0,38330109.80555556,-0.12769064263866628
14013.5,21628.0,37618804.359375,-0.13579410695251268
14013.5,21628.0,37122467.859375,-0.15422233603148014
14013.5,21030.0,36564716.581597224,-0.1876690572170182
14013.5,21030.0,35827892.22222222,-0.2215252304877015
14013.5,21030.0,35595356.66493056,-0.21323154735710026
14013.5,21030.0,35749174.83159722,-0.20041609016034362
14013.5,21030.0,35955537.067708336,-0.20006270246607855
14013.5,21030.0,35886546.083333336,-0.19829703386519243
14013.5,21124.0,35965322.32638889,-0.20119825545527542
14013.5,21389.0,36290652.99305555,-0.21326272389758927
14013.5,21389.0,36341755.9375,-0.21455941382827348
14013.5,21389.0,36605767.80555555,-0.2157669861476153
14013.5,21389.0,36950954.70659722,-0.20678371889858746
14013.5,21389.0,36996535.63888889,-0.18355074798061805
14013.5,21389.0,37002107.63888889,-0.1509852529214936
13819.5,21389.0,36761199.734375,-0.11490882039835293
13819.5,21389.0,36253201.081597224,-0.08977099995608355
13819.5,21389.0,35936498.87326389,-0.07116332882004982
13777.5,21389.0,35765915.526041664,-0.05495522223733344
13417.5,21389.0,35587283.97222222,-0.031169155125701935
13162.0,21389.0,35479872.909722224,-0.014276517886724916
12998.0,21389.0,35393687.206597224,0.003754191758582363
12877.0,21389.0,35254582.270833336,0.02631254784485179
12877.0,21389.0,34916448.91493055,0.05102269869100142
12877.0,21389.0,33681469.74826389,0.05758092091633032
12877.0,21389.0,31881807.289930552,-0.003725045631357564
12877.0,19306.0,29064235.276041668,-0.20621332370329706
12877.0,18121.0,27788784.373263884,-0.3000902224618331
12877.0,18121.0,28868080.520833332,-0.2792730614056036
12877.0,18121.0,28733007.317708332,-0.3049530282015667
12877.0,18121.0,28604158.555555556,-0.3064510793722597
12877.0,18121.0,28524292.1875,-0.3044207135061458
12877.0,18121.0,28379088.1875,-0.2982016370665609
12877.0,18102.0,28364155.539930552,-0.29748479460435295
12877.0,18102.0,28409121.706597224,-0.29887396984977305
12877.0,18102.0,28292203.24826389,-0.2985904546917404
12877.0,18102.0,28168715.409722224,-0.3033747348991535
12877.0,18102.0,28250554.914930552,-0.27459446756259875
12877.0,18102.0,28256718.414930556,-0.2846459786474095
12818.0,18102.0,28199548.831597224,-0.2662280256415471
12386.0,18102.0,27820292.555555556,-0.2148261823011776
12386.0,18102.0,27494956.82638889,-0.18506636966562168
12373.5,18102.0,27304704.914930556,-0.1623712422147007
12169.5,18102.0,27202446.38888889,-0.14374051450229297
12074.0,18102.0,27092504.388888884,-0.1219660963820336
12024.5,18102.0,27001246.081597224,-0.08848734515933131
11948.5,18102.0,26894853.99826389,-0.035473180240573866
11582.5,18102.0,26550720.32638889,0.03448868960512247
11582.5,18102.0,25523779.638888884,0.0832674421324153
11582.5,18102.0,23584163.88888889,0.038291937611326675
11582.5,17617.0,21010798.4375,-0.15523585315036162
11582.5,15964.0,18763894.74826389,-0.39774987233382636
11582.5,14104.0,16668555.770833334,-0.6080677283422937
11582.5,14104.0,16676891.493055558,-0.5714088028585124
11582.5,14104.0,16728950.234375,-0.5686141788649681
11582.5,14104.0,16870716.493055556,-0.5731343032860436
11582.5,14104.0,16995365.055555556,-0.5810199857657137
11582.5,14301.0,17126431.276041668,-0.5905822034086522
11582.5,14301.0,17667754.12326389,-0.6146994186855876
11582.5,14301.0,18269088.192708332,-0.6066700050714079
11582.5,14301.0,18593387.58159722,-0.5734871426137496
11582.5,14301.0,18663273.831597224,-0.5244214874923501
11031.0,14301.0,18502568.493055556,-0.49890834053550415
11031.0,14301.0,18517717.13888889,-0.5000449914514161
11031.0,14301.0,18585731.87326389,-0.5052322426993401
11031.0,14301.0,18610449.651041668,-0.5056658721213936
11031.0,14301.0,18736478.331597224,-0.5074658077685034
11031.0,14301.0,18867529.373263888,-0.5123718931432819
11031.0,14301.0,18974455.998263888,-0.518196284557562
11428.0,14301.0,19089299.276041668,-0.5325275791590686
11757.5,14301.0,19159822.12326389,-0.5515937318613311
12096.5,14301.0,19360545.993055556,-0.5818521043033503
12096.5,14301.0,20014330.916666668,-0.5747015251326174
12096.5,15571.0,21379169.901041668,-0.46457266157396687
12096.5,17295.0,23249920.901041668,-0.2939679188514696
12096.5,17295.0,24361910.99826389,-0.2266200521158124
12096.5,17295.0,24313577.87326389,-0.22467759942501261
12096.5,17295.0,24404112.08159722,-0.20485124775481375
12096.5,17295.0,24867773.859375,-0.1990197901210821
12096.5,17295.0,25176015.039930556,-0.20825059788924566
12096.5,17295.0,25266922.38888889,-0.21227631663787871
12096.5,17462.0,25383938.651041668,-0.21821689855754578
12096.5,17462.0,25101617.82638889,-0.20743057118850733
12096.5,17462.0,24830998.222222224,-0.20458456795704422
12096.5,17462.0,24625191.984375,-0.2139343554821277
12096.5,17462.0,24523110.75,-0.2867265570851992
12175.5,17462.0,24698679.234375,-0.3283082550223242
12297.5,17462.0,24893810.472222224,-0.34831465535107353
12498.0,17462.0,25248188.776041668,-0.3740013501684286
12498.0,17462.0,25611661.83159722,-0.3902884359926044
12498.0,17462.0,25676811.38888889,-0.3944525238053357
12498.0,17462.0,25701200.956597224,-0.39666748850224615
12499.5,17462.0,25739099.442708332,-0.40076216418006966
12585.0,17462.0,25791929.623263884,-0.40936556565506005
12764.5,17462.0,26046852.15972222,-0.44711587211398174
12957.0,17462.0,27331704.555555556,-0.46493010707049837
12957.0,22085.0,33494396.493055556,-0.09794639227137622
12957.0,22085.0,36924358.80555556,0.018555955436800567
12957.0,22085.0,39792058.123263896,0.10927847240111964
12957.0,22085.0,41513487.47222222,0.12647420618160968
12957.0,22085.0,41672087.909722224,0.10987421910783303
12957.0,22085.0,41610090.74305556,0.10673233400860234
12957.0,22085.0,41452991.05555556,0.10825339562904075
12957.0,22085.0,41201907.24305556,0.1151117477949435
12957.0,22085.0,41244100.909722224,0.11362015201186354
12957.0,21855.0,41051155.666666664,0.12100193911713075
12957.0,21855.0,40769404.13888889,0.12924080642619087
12957.0,21855.0,40274878.24305555,0.13542076137859754
12957.0,21855.0,40091655.442708336,0.13296155645326485
12957.0,21855.0,40099513.24305556,0.13571424873290075
12957.0,21855.0,40092381.80555555,0.13964108526423644
12957.0,21855.0,40084543.359375,0.14130910519777984
12957.0,21855.0,40105778.49826389,0.13887752574865492
12957.0,21855.0,40060656.38888889,0.14336297966000916
12957.0,21855.0,40027390.80555555,0.14953748512772091
12874.5,21855.0,40015527.70659722,0.1528041016665376
12695.0,21855.0,39994171.276041664,0.16146879220882532
12770.5,21855.0,40000818.15972223,0.15846538523366452
12770.5,21855.0,39954601.83159722,0.16822239121687316
12770.5,21855.0,39442978.65972222,0.1903220149840604
12770.5,20901.0,35180708.65972222,0.05369137649011092
12770.5,20901.0,33537014.62326389,-0.021960731008413167
12770.5,21088.0,33714927.916666664,-0.010238099740523667
12770.5,21088.0,33789451.916666664,-0.006964527132997404
12770.5,21088.0,33911212.05555556,-0.01428157390711385
12770.5,21088.0,33804898.28993055,-0.023115463694192134
12770.5,21088.0,33533117.359375,-0.0213983696020955
12770.5,21088.0,33476362.539930556,-0.019575300417059214
12770.5,21088.0,33456666.055555552,-0.018689617454170977
12770.5,20905.0,33310805.20659722,-0.011899441671098025
12770.5,20905.0,33238411.45659722,-0.009462127897146672
12770.5,20905.0,33171851.901041668,-0.009010477557024983
12770.5,20905.0,33123851.13888889,-0.01028495241837096
12770.5,20905.0,33134747.15972222,-0.004722586774277426
12770.5,20905.0,33129100.123263884,-0.002428048341299134
12770.5,20905.0,33097248.993055556,0.003791529597064101
12770.5,20905.0,33287318.159722224,-0.009796931364495227
12770.5,20905.0,33379571.08159722,-0.017013595710418838
12770.5,20905.0,33442101.498263884,-0.026149853244142044
12728.0,20905.0,33434962.826388884,-0.024376380122870866
12728.0,20905.0,33445759.664930552,-0.028215865913552744
12761.5,20905.0,33450682.1875,-0.029623912558548543
12761.5,20905.0,33465753.484375,-0.032770920795582886
12761.5,20905.0,33348649.706597224,-0.026095264054418907
12761.5,20905.0,33576197.91493056,-0.02234752023141244
12761.5,20905.0,33655839.442708336,-0.019319704156759456
12761.5,21197.0,33935521.70659722,-0.0009284177785461965
12761.5,21197.0,34270994.942708336,0.013586586030622756
12761.5,21197.0,34332709.317708336,0.010185663822623226
12761.5,21197.0,34371296.583333336,0.013340991884787065
12761.5,21197.0,34406941.192708336,0.013147628847995465
12761.5,21197.0,34549602.28993055,0.00842241382319972
12761.5,21197.0,34450016.78993056,0.012778425759947375
12761.5,21313.0,34543131.359375,0.008563637893840534
12761.5,21313.0,34509646.859375,0.009628246932684568
12761.5,21313.0,34703907.62326389,0.008026420153489115
12761.5,21313.0,34761221.91493056,0.009461659452782335
12761.5,21313.0,34749648.901041664,0.004511749138694126
12761.5,21313.0,34744912.65972223,0.0072757191519176884
12760.5,21313.0,34737251.62326389,0.009195219459948658
12760.5,21313.0,34513777.49305556,0.026631282443417142
12760.5,21313.0,34376688.03993056,0.03820601577281922
12760.5,21313.0,34279368.99826389,0.05352282512162199
12683.0,21313.0,34232106.234375,0.0789892352249979
12476.0,21313.0,34193662.78993055,0.10015503421160372
12420.5,21313.0,34184019.472222224,0.10249535936566301
12294.0,21313.0,34118327.583333336,0.11747680172117914
12294.0,21313.0,34080151.020833336,0.12000862233716787
12294.0,21313.0,33477932.520833332,0.11492108285157723
12294.0,21313.0,32708345.956597224,0.09053808077057475
12294.0,19606.0,31122385.888888884,-0.016291010203674176
12294.0,19606.0,30206243.666666668,-0.0688031198770967
12294.0,19606.0,29948299.743055552,-0.05689664373599328
12294.0,19606.0,29988292.164930556,-0.05264139233608326
12294.0,19606.0,30012687.07638889,-0.05269148912466478
12294.0,19606.0,29881895.151041668,-0.04798318149333147
12294.0,19606.0,29865567.33159722,-0.04718943905224773
12294.0,19800.0,30015585.914930552,-0.05511950524664808
12294.0,19800.0,30017545.38888889,-0.05518574236601395
12294.0,19800.0,29989127.722222224,-0.05496247069743385
12294.0,19800.0,30058017.4375,-0.05274007140238222
12294.0,19800.0,30069487.331597224,-0.03977865345464704
12005.0,19800.0,30037565.493055556,-0.024899133203148762
11682.5,19800.0,29951031.63888889,-0.0018466058429197146
11682.5,19800.0,29780347.151041668,0.015367222679012294
11682.5,19800.0,29607769.901041668,0.032168264132545976
11682.5,19800.0,29592642.026041668,0.034438209982604204
12003.0,19800.0,29635752.651041668,0.01885280621003491
12080.0,19800.0,29647458.576388884,0.013142449261003285
11808.0,19800.0,29572498.776041668,0.03342010900961652
11724.5,19800.0,29512588.776041668,0.055156291875640764
11724.5,19800.0,29094934.166666668,0.09268801626335764
11724.5,19800.0,27588226.831597224,0.10562737955315714
11724.5,19800.0,25691018.40972222,0.04348074491043816
11724.5,18342.0,22977310.623263884,-0.20168398582624225
11724.5,16315.0,21133294.58159722,-0.3966891579058216
11724.5,16315.0,20961993.38888889,-0.3951282690494093
11724.5,16315.0,20900083.659722224,-0.4136591187199774
11724.5,16315.0,20782809.305555556,-0.4163592346734281
11724.5,16315.0,20702036.067708332,-0.41365465332461787
11724.5,16315.0,20781242.020833332,-0.41827823596744207
11724.5,16128.0,20649435.914930556,-0.40962778775236924
11724.5,16128.0,21228218.83159722,-0.4344786542016515
11724.5,16128.0,21470265.901041668,-0.4328224240773336
11724.5,16128.0,21510905.401041668,-0.42978869717963364
11724.5,16128.0,21560359.83159722,-0.3880400257856064
11724.5,16128.0,21548493.1875,-0.38502575589498866
11801.5,16128.0,21569594.222222224,-0.3887993173069444
11703.0,16128.0,21347292.74826389,-0.36533568539683314
11703.0,16128.0,21276919.664930552,-0.36101937953002733
11703.0,16128.0,21296569.58159722,-0.36231240050473906
11703.0,16128.0,21316539.998263888,-0.3644426989929198
11703.0,16128.0,21467137.164930556,-0.3805531381411625
11757.0,16128.0,21479658.789930556,-0.3828698025917268
11757.0,16128.0,21454245.854166668,-0.37435424336046264
11757.0,16128.0,21369386.651041668,-0.3650674084207891
11757.0,16128.0,21153879.49826389,-0.36253133469215204
11757.0,16128.0,20858228.75,-0.3792142125138185
11757.0,15535.0,20031673.498263888,-0.4664355374958494
11757.0,15081.0,19757583.609375,-0.4972461775553816
11757.0,15081.0,19899879.359375,-0.49563954924021203
11757.0,15081.0,19908031.638888888,-0.4910238622040379
11757.0,15081.0,19859795.62326389,-0.49309958305370843
11757.0,15081.0,19906925.90972222,-0.4942669908208315
11757.0,15081.0,19873508.24826389,-0.49249660497815856
11757.0,15180.0,19940481.57638889,-0.49640978148960063
11757.0,15180.0,20043509.354166668,-0.5014395322964645
11757.0,15180.0,20373795.854166668,-0.5017600379004328
11757.0,15180.0,20597614.20659722,-0.48565803190485335
11757.0,15180.0,20630132.972222224,-0.4749191456242
11757.0,15180.0,20617212.083333332,-0.47209183102354363
11757.0,15180.0,20705233.164930556,-0.4805752427499959
11943.0,15180.0,20827973.192708332,-0.4937977441024786
11843.0,15180.0,20670257.493055556,-0.4803616844933876
11843.0,15180.0,20776582.972222224,-0.48359031664693347
11843.0,15180.0,20936315.63888889,-0.4918257381635798
11843.0,15180.0,20984347.493055556,-0.49395111802152875
11960.0,15180.0,21077088.15972222,-0.503926221445502
11960.0,15180.0,21105417.993055556,-0.511828065855176
12137.0,15180.0,21332279.166666668,-0.5264410699127243
12137.0,15180.0,21741259.916666668,-0.5224068789962831
12137.0,15180.0,22490850.456597224,-0.4719099408791309
12137.0,16333.0,23366171.88888889,-0.398359823611333
12137.0,16333.0,23481650.659722224,-0.39017881275042215
12137.0,16333.0,23204444.956597224,-0.3822325025591924
12137.0,16333.0,23388514.722222224,-0.34592918109143994
12137.0,16333.0,23835687.24826389,-0.33683154308846736
12137.0,16333.0,24162116.359375,-0.34520070252922763
12137.0,16333.0,24262066.359375,-0.3493025537598154
12137.0,16705.0,24523307.234375,-0.36159249270117994
12137.0,16705.0,24301556.6875,-0.35392178206181946
12137.0,16705.0,24112179.734375,-0.353139190815652
12137.0,16705.0,23999765.4375,-0.35883540182681534
12137.0,16705.0,23920293.956597224,-0.4099596611328793
12306.0,16705.0,24018897.081597224,-0.4288457545372233
12306.0,16705.0,24046215.414930556,-0.4314790220761461
12306.0,16705.0,24710472.081597224,-0.44889803585628063
12503.0,16705.0,24997931.831597224,-0.47477674582661683
12503.0,16705.0,24938647.722222224,-0.4713013355381662
12503.0,16705.0,24907368.07638889,-0.46925015437794465
12316.5,16705.0,24774702.576388884,-0.4563669492996928
12221.5,16705.0,24747239.0,-0.45293100403867986
12408.0,16705.0,24895218.49826389,-0.4773392816552457
12408.0,16705.0,25341303.409722224,-0.48625348115546946
12408.0,16705.0,26602834.6875,-0.44151908143439006
12408.0,17939.0,28167247.734375,-0.34346798447263427
12408.0,19894.0,30559977.6875,-0.179936701371201
12408.0,19894.0,31828769.248263884,-0.13535354439863595
12408.0,19894.0,32050885.109375,-0.15242971274599465
12408.0,19894.0,31887323.993055552,-0.16603753276529373
12408.0,19894.0,31670030.770833332,-0.16614238919968802
12408.0,19894.0,31705193.942708332,-0.1671789874475355
12408.0,19894.0,31761575.583333332,-0.16933424132199013
12408.0,19613.0,31541450.623263884,-0.15986281524734966
12408.0,19613.0,31252552.305555563,-0.15097022434028898
12408.0,19613.0,30907818.22222222,-0.14829305121526828
12408.0,19613.0,30811954.972222224,-0.15083037788267925
12408.0,19613.0,30823366.993055552,-0.14499299147531178
12408.0,19613.0,30787006.270833332,-0.1220991020346367
12221.5,19613.0,33288606.888888884,-0.019256498051195052
12221.5,19613.0,32907252.222222228,-0.001531635424390401
12221.5,19613.0,33019457.623263884,-0.008829430235309377
12221.5,19613.0,33084878.817708332,-0.014688085510078771
12221.5,19613.0,33028038.972222224,-0.0082033605531035
11978.5,19613.0,32980291.15972222,0.0019127283450682488
12188.5,19613.0,33085800.65972222,-0.012046017573810705
12188.5,19613.0,33127442.24826389,-0.016915013006505643
12188.5,19613.0,33475759.83159722,-0.02488288697016215
12188.5,19613.0,33633236.03993056,-0.022350521390627907
12188.5,19613.0,33305536.270833332,-0.034466966840538474
12188.5,19391.0,33109087.083333332,-0.046362545931564934
12188.5,19391.0,33159057.817708332,-0.04434290182768055
12188.5,19391.0,33109365.498263884,-0.04176830679870262
12188.5,19391.0,33151341.33159722,-0.03717498045075301
12188.5,19391.0,33116790.62326389,-0.03740128473690028
12188.5,19391.0,32817125.998263884,-0.02979597855096095
12188.5,19391.0,32712255.414930556,-0.025888125859885463
12188.5,19257.0,32613672.359375,-0.0219336441658139
12188.5,19257.0,32574103.873263884,-0.02088736980219355
12188.5,19257.0,32501207.076388884,-0.020941898821071513
12188.5,19257.0,32402464.914930552,-0.024624242858830945
12188.5,19257.0,32404514.243055563,-0.02284839532355344
12351.5,19257.0,32457167.831597224,-0.04211640399757436
12545.0,19257.0,29876751.067708332,-0.13954474157965546
12545.0,19257.0,29995629.583333332,-0.14839030256619729
12545.0,19257.0,30024187.164930552,-0.15037173590207123
12545.0,19257.0,30017812.664930556,-0.1496696127624169
12677.5,19257.0,30078176.82638889,-0.15914184555659874
12677.5,19257.0,30118611.317708332,-0.17422517003796947
12434.0,19257.0,30034941.414930563,-0.1553413894144048
12434.0,19257.0,30019688.026041668,-0.15288457194299554
12434.0,19257.0,29734674.666666668,-0.14598196974904165
12434.0,19257.0,30357903.138888884,-0.12580448245664475
12434.0,19257.0,30497751.0,-0.11986782781309797
12434.0,18994.0,30281357.24826389,-0.13439344433842246
12434.0,18994.0,30472854.166666668,-0.1250658552377973
12434.0,18994.0,30453145.104166668,-0.12361034128926053
12434.0,18994.0,30437812.993055556,-0.12487424766566903
12434.0,18994.0,30524687.526041668,-0.12508956411053027
12434.0,18994.0,30520047.972222224,-0.12494820273682151
12434.0,19269.0,30894062.333333332,-0.1421705119699314
12434.0,19269.0,30983044.581597224,-0.14616588964930977
12434.0,19269.0,31009388.743055552,-0.146959567386472
12434.0,19269.0,31093755.354166668,-0.147196431692578
12434.0,19269.0,31045218.47222222,-0.14900337449877868
12434.0,19269.0,31057696.998263884,-0.14512792280104078
12434.0,19269.0,31041182.706597224,-0.13756344070943255
12268.0,19269.0,31014045.164930552,-0.13052221809531447
12268.0,19269.0,30959364.826388884,-0.1269143881758296
12268.0,19269.0,30808711.692708332,-0.1145819035512433
12268.0,19269.0,30709188.49826389,-0.10133582764251492
12255.0,19269.0,30616180.75,-0.08678295574365738
12076.0,19269.0,30567951.993055552,-0.07332776656633137
11957.0,19269.0,30544453.333333332,-0.06400831557692868
11957.0,19269.0,30485075.555555552,-0.05333741748405111
11957.0,19269.0,30191546.831597224,-0.038071661361620206
11957.0,19269.0,28815039.826388884,-0.07122926819464775
11957.0,19269.0,28676635.65972222,-0.07829295748686334
11957.0,18796.0,28286380.276041668,-0.1072575956585085
11957.0,18796.0,27576121.305555552,-0.14897989551125476
11957.0,18796.0,27594534.305555552,-0.14995876885606893
11957.0,18796.0,27522236.076388884,-0.1592879370962761
11957.0,18796.0,27493019.222222224,-0.15930158930168375
11957.0,18796.0,27587380.456597224,-0.16236873089535747
11957.0,18636.0,27272408.97222222,-0.14591423779165197
11957.0,18704.0,27323336.72222222,-0.1486888718832488
11957.0,18704.0,27230044.243055552,-0.145405142784441
11957.0,18704.0,27344308.484375,-0.14621014079213995
11957.0,18704.0,27512683.4375,-0.13936295324819187
11957.0,18704.0,27537773.998263884,-0.12967963796771767
11957.0,18704.0,27509466.472222224,-0.11232732615423953
11750.5,18704.0,27473422.901041668,-0.10309100944379679
11750.5,18704.0,27346614.243055556,-0.09484731686602846
11750.5,18704.0,27199478.743055552,-0.07918982689882478
11750.5,18704.0,27109720.08159722,-0.06400925648220487
11750.5,18704.0,27069669.62326389,-0.05694473365438799
11658.5,18704.0,27022995.4375,-0.03509410849784024
11335.5,18704.0,26989290.055555552,-0.017716065870716793
11125.5,18704.0,26896844.604166668,0.005008769491153552
11125.5,18704.0,26565985.993055556,0.03694284779105833
11125.5,18704.0,25616030.993055552,0.047344861402943396
11125.5,18704.0,23586848.984375,-0.04498836711637803
11125.5,16916.0,21050078.414930552,-0.29492674162466986
11125.5,15166.0,19818127.138888888,-0.43060481228222247
11125.5,15166.0,19680512.90972222,-0.43128298398336457
11125.5,15166.0,19702951.873263884,-0.4239564153119128
11125.5,15166.0,19642777.442708332,-0.42539415140699366
11125.5,15166.0,19838872.243055552,-0.43293964645135835
11125.5,15166.0,20048472.409722224,-0.44527309098367607
11125.5,15279.0,20125520.164930556,-0.45004968957767144
11125.5,15279.0,20641773.65972222,-0.4684111663051013
11125.5,15279.0,21015815.9375,-0.46653365500749244
11125.5,15279.0,21307263.159722224,-0.4476363153109729
11125.5,15279.0,21335341.805555556,-0.4234594710465383
11081.5,15279.0,21336257.734375,-0.36387448426670627
11071.0,15279.0,21274368.4375,-0.3550969597791659
10943.0,15279.0,20773248.08159722,-0.3219674236721981
10943.0,15279.0,20562711.83159722,-0.3050647934416832
10943.0,15279.0,20568701.666666668,-0.3055625105035957
10943.0,15279.0,20513932.99826389,-0.3008831246695042
11132.0,15279.0,20584639.623263888,-0.3130570176384586
11270.5,15279.0,20670041.15972222,-0.32717046563615193
11132.0,15279.0,20627442.888888888,-0.31930021752638615
11104.0,15279.0,20468457.99826389,-0.30224231569227467
11104.0,15279.0,20124948.833333332,-0.3022176522211956
11104.0,15279.0,19787367.289930556,-0.3237073540219882
11104.0,15120.0,19429682.123263888,-0.36119056224481705
11104.0,14687.0,19061579.067708332,-0.40087090286944704
11104.0,14687.0,19097602.270833332,-0.4000721076278963
11104.0,14687.0,19080598.37326389,-0.41578776102800913
11104.0,14687.0,19020546.909722224,-0.41863035508540364
11104.0,14687.0,18709033.055555556,-0.4097107708811446
11104.0,14687.0,18355190.6875,-0.3890336969275399
11104.0,14494.0,18231593.956597224,-0.38036297962319326
11104.0,14494.0,18305129.805555556,-0.3845914542202316
11104.0,14494.0,18323248.081597224,-0.3848145566293961
11104.0,14494.0,18291325.055555556,-0.38655873831865545
11104.0,14494.0,18383254.317708332,-0.3540569880908378
11104.0,14494.0,18380664.664930552,-0.40237873186925305
11104.0,14494.0,18425025.276041668,-0.40808763339200554
11268.0,14494.0,18466907.914930556,-0.41501247624415133
11268.0,14494.0,18643886.664930556,-0.42849716634385726
11268.0,14494.0,18725865.539930556,-0.43332250040335374
11268.0,14494.0,18741103.067708332,-0.43467726306342125
11268.0,14494.0,18790852.805555556,-0.44035170085305864
11268.0,14494.0,18809081.72222222,-0.44242115282994954
11268.0,14494.0,18811818.331597224,-0.44304150688570687
11445.0,14494.0,18947455.326388888,-0.45811792262445794
11445.0,14494.0,19342026.33159722,-0.4528891674710624
11445.0,14669.0,20162695.826388888,-0.3880167571777774
11445.0,16522.0,21445518.493055556,-0.25888433700746494
11445.0,16522.0,21968207.326388884,-0.22228110741950793
11445.0,16522.0,21786528.826388884,-0.21668529845050738
11445.0,16522.0,21840477.659722224,-0.1976200729723741
11445.0,16522.0,22071499.270833332,-0.1938999820789212
11445.0,16522.0,22260517.942708332,-0.2000865443599227
11445.0,16522.0,22487943.555555556,-0.21177943677733893
11445.0,16655.0,22576062.289930552,-0.2168456501851932
11445.0,16655.0,22314903.526041668,-0.20483644396001607
11445.0,16655.0,22044609.526041668,-0.2019668566908033
11445.0,16655.0,21841269.789930556,-0.2115391341794397
11445.0,16655.0,21684520.706597224,-0.27669338145929995
11609.5,16655.0,21857935.276041668,-0.3165479489966822
11705.5,16655.0,22023834.831597224,-0.3356687438214692
11809.5,16655.0,22793825.664930556,-0.37197903579396574
11809.5,16655.0,23104090.555555556,-0.38789933411044797
11809.5,16655.0,23173540.373263884,-0.39398745365984994
11906.5,16655.0,23212956.222222224,-0.39966626483000334
12063.0,16655.0,23252206.74826389,-0.40596861207149554
12086.5,16655.0,23307132.07638889,-0.4150630243827052
12132.5,16655.0,23467464.456597224,-0.44719994449580286
12157.5,16655.0,23889816.942708332,-0.4716905548423034
12157.5,17125.0,26259475.317708332,-0.35638075581309864
12157.5,18344.0,28500921.789930552,-0.2240124619549694
12157.5,19070.0,30263716.659722224,-0.11800851589108992
12157.5,19070.0,31338255.24826389,-0.08654069872120153
12157.5,19070.0,31447390.859375,-0.0971978142512367
12157.5,19070.0,31631763.70659722,-0.0832800291342406
12157.5,19070.0,31664710.243055552,-0.08339395943829303
12157.5,19070.0,31716456.472222224,-0.08491959363892618
12157.5,19070.0,31715712.484375,-0.08488899609170557
12157.5,18897.0,31584052.576388884,-0.07911505920955476
12157.5,18897.0,31309561.333333332,-0.07019607532412342
12157.5,18897.0,30981643.998263884,-0.06775637256909547
12157.5,18897.0,31002622.583333332,-0.0672876858487982
12157.5,18897.0,31007507.623263884,-0.0654387601440333
12135.0,18897.0,30969813.13888889,-0.05185453600453895
12086.5,18897.0,30891446.826388884,-0.03296209971368633
12086.5,18897.0,30637913.192708332,-0.018554995141371697
12086.5,18897.0,30526622.567708332,-0.008874810135814412
12033.5,18897.0,30439833.493055552,0.006977098779894023
12033.5,18897.0,30495031.37326389,-0.002947653172065484
12057.0,18897.0,30499500.666666668,-0.004012426004336633
12044.0,18897.0,30497109.659722224,-0.0034478659294005505
12015.5,18897.0,30449040.833333332,0.0062854606521127905
12015.5,18897.0,30508192.270833332,0.002932223611855348
12015.5,18897.0,29366480.88888889,-0.028124133781361044
12015.5,18897.0,28101834.972222224,-0.0947431741707397
12015.5,18180.0,27518220.62326389,-0.13976783341890697
12015.5,18180.0,26915523.234375,-0.17255256748113737
12015.5,18180.0,26950916.576388884,-0.17459014195351133
12015.5,18180.0,26823605.859375,-0.18662375157820973
12015.5,18180.0,26766494.743055552,-0.1865367557033899
12015.5,18180.0,26756226.1875,-0.18617376879958397
12015.5,18180.0,26656932.164930552,-0.18130968767755193
12015.5,18290.0,26737711.123263884,-0.18555671048270117
12015.5,18290.0,26779723.33159722,-0.18700079549464485
12015.5,18290.0,26911408.873263884,-0.18709822126416895
12015.5,18290.0,26829305.484375,-0.19004044546523258
12015.5,18290.0,26848301.484375,-0.1807042247268851
12015.5,18290.0,26837847.24826389,-0.17634847718305105
12015.5,18290.0,26816573.854166668,-0.1688933355297925
12015.5,18290.0,26690650.498263896,-0.16012588942720155
12015.5,18290.0,26634846.40972222,-0.15515185197815454
11714.5,18290.0,26584899.222222224,-0.14154183357728536
11640.0,18290.0,26486373.49826389,-0.12579700610434022
11431.5,18290.0,26424717.243055556,-0.11118381819354123
11431.5,18290.0,26370295.40972222,-0.09880375582802044
11431.5,18290.0,26342076.33159722,-0.09295832724886141
11431.5,18290.0,26303428.776041668,-0.09159843840284607
11431.5,18290.0,25994660.026041668,-0.10003517888444381
11431.5,18290.0,26383762.326388884,-0.07673305831467782
11431.5,18613.0,26647025.831597224,-0.05530023193486054
11431.5,18613.0,26934992.38888889,-0.04123002177837438
11431.5,18613.0,26809024.972222224,-0.0327784891029158
11431.5,18613.0,26890279.020833332,-0.02449813433168826
11431.5,18613.0,27121294.90972222,-0.02667868137652982
11431.5,18613.0,27232677.99826389,-0.0311622560531815
11431.5,18613.0,27334789.65972222,-0.03641377077136853
11431.5,18676.0,27380219.33159722,-0.03893527719719463
11431.5,18676.0,27462628.12326389,-0.04205124157126886
11431.5,18676.0,27562288.104166668,-0.042768279104305425
11431.5,18676.0,27528506.998263884,-0.04414063946883811
11431.5,18676.0,27545626.305555556,-0.03710444218714896
11431.5,18676.0,27529588.164930556,-0.030507681972461138
11496.5,18676.0,27841651.789930556,-0.07144938283669033
11496.5,18676.0,28031770.109375,-0.08348435995254033
11496.5,18676.0,28058138.33159722,-0.08589881322370893
11648.0,18676.0,28145905.414930552,-0.1052928595106017
11648.0,18676.0,28174232.972222224,-0.11080631124207764
11688.5,18676.0,28184932.083333332,-0.11423056951879686
11688.5,18676.0,28180763.659722224,-0.11282963723243704
11674.5,18676.0,28178295.770833332,-0.11221126634703348
11674.5,18676.0,27852401.583333332,-0.09037701948294806
11674.5,18676.0,27620059.039930556,-0.09302527681368963
11674.5,18676.0,26878349.651041668,-0.13179847224746633
11674.5,18308.0,26577715.37326389,-0.15733612675567277
11674.5,18308.0,26108490.58159722,-0.18398288677668767
11674.5,18308.0,26102847.743055556,-0.18360273801140703
11674.5,18308.0,26270876.206597224,-0.16951747559416694
11674.5,18308.0,26260605.055555556,-0.1694573364009432
11674.5,18308.0,26050902.972222224,-0.16235565613984831
11674.5,18308.0,26116698.07638889,-0.16565716379858045
11674.5,18163.0,26013253.414930556,-0.1601946232963007
11674.5,18163.0,25900010.409722224,-0.15618094279070638
11674.5,18163.0,25826090.74826389,-0.155834903576952
11674.5,18163.0,25922739.99826389,-0.15163104828842772
11674.5,18163.0,25916416.039930552,-0.15408761240879848
11674.5,18163.0,25911543.62326389,-0.15126074339104867
11542.0,18163.0,25590198.026041668,-0.11364611091470146
11542.0,18163.0,25278740.13888889,-0.09407952351445241
11542.0,18163.0,25143740.38888889,-0.08157176686894134
11470.5,18163.0,25021365.388888884,-0.05935730682570164
11380.0,18163.0,24903117.47222222,-0.03475075842688964
11174.5,18163.0,24831417.159722224,-0.011690043649578598
11002.0,18163.0,24779271.373263884,0.004523479767012402
10967.5,18163.0,24705256.776041668,0.02222126373991172
10967.5,18163.0,24588749.789930552,0.034304732425529234
10967.5,18163.0,23796630.276041668,0.03576533079343146
10967.5,18163.0,22401713.916666668,-0.023254037666898417
10967.5,15825.0,20282217.805555556,-0.25404383021592847
10967.5,15574.0,20117114.276041668,-0.2718208083295482
10967.5,15574.0,20231492.305555556,-0.2733697955496512
10967.5,15574.0,20052554.956597224,-0.30192362035264664
10967.5,15574.0,19828885.192708332,-0.30325922096002306
10967.5,15574.0,19830544.083333332,-0.30332393781650047
10967.5,15574.0,19803810.87326389,-0.30153060278375865
10967.5,15671.0,19867937.47222222,-0.30597304032962325
10967.5,15671.0,20135841.651041668,-0.31796803444809646
10967.5,15671.0,20324878.604166668,-0.31768416339293926
10967.5,15671.0,20292296.623263888,-0.32008208872258426
10967.5,15671.0,20317678.020833332,-0.29938547378871405
10894.5,15671.0,20293972.99826389,-0.2921558360372359
10894.5,15671.0,20260003.067708332,-0.28629417900347154
10894.5,15671.0,20011051.722222224,-0.262017970503646
10894.5,15671.0,19891349.87326389,-0.2518526090490416
10894.5,15671.0,19989976.49826389,-0.2645529652337278
10894.5,15671.0,20026873.555555556,-0.27143386887928894
10982.0,15671.0,20054565.081597224,-0.2792843545431501
10982.0,15671.0,20062535.081597224,-0.28148764537200777
10931.5,15671.0,20002649.789930556,-0.25656529976660325
10931.5,15671.0,19838641.222222224,-0.2364072656787969
10931.5,15671.0,19407878.305555556,-0.23144163588649538
10931.5,15671.0,18961284.789930556,-0.25175533829994673
10931.5,15671.0,18224667.020833332,-0.3312915143934605
10931.5,14203.0,17326944.243055556,-0.44960825164051854
10931.5,14203.0,17189417.666666668,-0.4535716427753126
10931.5,14203.0,17166716.138888888,-0.4635941413070576
10931.5,14203.0,17113011.583333332,-0.4655531743874416
10931.5,14203.0,17072792.020833332,-0.46426992544428497
10931.5,14203.0,16912306.45659722,-0.4538309240229931
10931.5,14308.0,16979109.243055556,-0.4589109518588541
10931.5,14308.0,17099606.222222224,-0.4653450412499271
10931.5,14308.0,17310892.888888888,-0.46577781421420256
10931.5,14308.0,17462451.57638889,-0.45160465002150973
10931.5,14308.0,17516288.539930556,-0.42561970525095916
10931.5,14308.0,17485677.914930556,-0.4172493710682878
10931.5,14308.0,17544568.65972222,-0.4234003492788583
10914.5,14308.0,17501474.72222222,-0.4173068298486851
10914.5,14308.0,17514690.993055556,-0.4181552017496935
10914.5,14308.0,17542936.276041668,-0.41955993753537946
10914.5,14308.0,17495333.289930556,-0.4135854273850996
10914.5,14308.0,17510461.47222222,-0.41585721211522886
10994.0,14308.0,17545792.354166668,-0.42124300858359537
10994.0,14308.0,17553148.638888888,-0.42475382901290004
10994.0,14308.0,17654548.109375,-0.43489165241901345
10994.0,14308.0,18005520.83159722,-0.4296304801403376
10994.0,14308.0,18852484.993055556,-0.36305910973479966
10994.0,15941.0,19882894.08159722,-0.2533375607807367
10994.0,15941.0,20046465.942708332,-0.24034267955311092
10626.0,15941.0,19522890.192708332,-0.18657968152219326
10626.0,15941.0,19628168.409722224,-0.15872525530645734
10626.0,15941.0,19916455.206597224,-0.15607273960610252
10626.0,15941.0,20163245.581597224,-0.16615242431297333
10626.0,15941.0,20411905.576388888,-0.1811954872948782
10626.0,16037.0,20473034.243055556,-0.18529993927627314
10626.0,16037.0,20448379.192708332,-0.1840726470992568
10626.0,16037.0,20266815.97222222,-0.18244701836926713
10626.0,16037.0,20159185.734375,-0.18985269371721442
10644.5,16037.0,20125356.75,-0.24811522883159412
10994.0,16037.0,20269301.83159722,-0.27653741077396576
10994.0,16037.0,20374665.12326389,-0.28603191742055156
11066.5,16037.0,21145980.289930556,-0.3185510825163339
11066.5,16037.0,21411832.520833332,-0.3337936179189282
11066.5,16037.0,21545090.70659722,-0.34227155947568644
11118.0,16037.0,21708745.25,-0.36367129094671735
10750.0,16037.0,21655094.1875,-0.3459134600569342
10955.0,16037.0,21764677.243055552,-0.36125278613285344
11608.0,16037.0,21891342.359375,-0.39588512390424613
11608.0,16037.0,22383620.076388884,-0.4170758185238784
11608.0,16037.0,23757497.067708332,-0.36386957526387514
11608.0,16333.0,24888158.33159722,-0.2930223711651442
11608.0,18129.0,26375504.95659722,-0.17685014183121828
11608.0,18129.0,27746493.055555556,-0.11463396993049717
11791.0,18129.0,27945754.166666668,-0.16881802043744432
11791.0,18129.0,27918063.151041668,-0.1712197181611372
11791.0,18129.0,27899742.305555556,-0.1711562376845314
11791.0,18129.0,27949672.326388884,-0.17274871672686937
11791.0,18129.0,27950385.942708332,-0.1727804901746858
11791.0,17977.0,27839881.414930556,-0.16757373379578813
11791.0,17977.0,27575405.331597224,-0.15843309242263526
11791.0,17977.0,27341326.993055552,-0.15723517657872488
11791.0,17977.0,27240957.24826389,-0.1613894007507931
11791.0,17977.0,27261699.638888884,-0.14870732275495638
11791.0,17977.0,27254262.333333332,-0.14664118667719342
11562.0,17977.0,27183714.659722224,-0.1319926734385564
11562.0,17977.0,26949024.416666668,-0.12074200868769289
11562.0,17977.0,26841183.305555552,-0.11040252905891633
11555.5,17977.0,26692107.22222222,-0.08907693307686212
11555.5,17977.0,26630132.305555552,-0.07848816154227124
11555.5,17977.0,26643476.104166668,-0.09352927299425524
11458.5,17977.0,26549474.416666668,-0.06551797787722122
11316.0,17977.0,26507759.026041668,-0.054723730796174326
11316.0,17977.0,26392496.38888889,-0.04901173376147104
11316.0,17977.0,25994966.914930552,-0.05896622524647763
11316.0,17977.0,25768205.4375,-0.07058103806855562
11316.0,17408.0,25327699.664930552,-0.10634797249581686
11316.0,17408.0,24838622.972222224,-0.13914663533520347
11316.0,17408.0,24934161.743055552,-0.14614380125834167
11316.0,17408.0,24882767.776041668,-0.1521004758968698
11316.0,17408.0,24869578.70659722,-0.15202184983670838
11316.0,17408.0,24803472.583333332,-0.14936787505700877
11316.0,17408.0,24643526.270833332,-0.1406485060343641
11316.0,17388.0,24629533.493055556,-0.1398306009801907
11316.0,17388.0,24607621.993055556,-0.1389583831415289
11316.0,17388.0,24607621.993055552,-0.1389583831415289
11316.0,17388.0,24792811.805555556,-0.13098423574587229
11316.0,17388.0,24788139.24826389,-0.1349932343916744
11316.0,17388.0,24804069.055555556,-0.13835326010568702
11378.5,17388.0,24817029.776041668,-0.14118474973700956
11378.5,17388.0,24778353.789930552,-0.13892666857137503
11378.5,17388.0,24678106.472222224,-0.12610879630544755
11378.5,17388.0,24782652.789930556,-0.14102196369350095
11378.5,17388.0,24776688.49826389,-0.13986674077668934
11586.0,17388.0,24829346.401041668,-0.15444402112578834
11586.0,17388.0,24856504.123263884,-0.16639370298720144
11586.0,17388.0,24864996.276041668,-0.1689701632294786
11586.0,17388.0,24901385.151041668,-0.17066406049409405
11586.0,17388.0,24841650.993055552,-0.1722913454658024
11586.0,17388.0,24737129.9375,-0.17834537033016237
11586.0,17475.0,24802448.359375,-0.17267570146758468
11586.0,17475.0,25435946.57638889,-0.12903578223645634
11586.0,17475.0,25480120.45659722,-0.13186621423855463
11586.0,17475.0,25505729.90972222,-0.12900702781597784
11586.0,17475.0,25515301.020833332,-0.12907929956552908
11586.0,17475.0,25412110.520833332,-0.1251342234956939
11586.0,17475.0,25613765.942708332,-0.13590624326753423
11586.0,17558.0,25672549.97222222,-0.13915562679582813
11586.0,17558.0,25705762.40972222,-0.14037676365569113
11586.0,17558.0,25780083.520833332,-0.14058449295870395
11586.0,17558.0,25623677.576388884,-0.14683877028015663
11586.0,17558.0,25630946.90972222,-0.1421746966150116
11433.5,17558.0,25563921.484375,-0.11760571682509423
11363.0,17558.0,25549800.1875,-0.11441274172095359
11363.0,17558.0,25449711.164930552,-0.10669773851329523
11363.0,17558.0,25494139.984375,-0.11330417620485018
11363.0,17558.0,25449632.109375,-0.10776475429039035
11249.5,17558.0,25407284.722222224,-0.09730303413035928
11182.5,17558.0,25349257.638888884,-0.08115050317887673
11114.0,17558.0,25338902.484375,-0.07790820388114858
11014.5,17558.0,25313710.6875,-0.07001952426119186
11014.5,17558.0,25073276.984375,-0.053953390766040304
11014.5,17558.0,24752092.638888884,-0.05870793950337839
11014.5,17558.0,24315176.748263884,-0.07959192688065024
11014.5,17108.0,23593033.743055556,-0.14056250127720496
11014.5,16571.0,22552763.743055552,-0.22738233844517042
11014.5,16571.0,22354573.248263888,-0.2166685964692377
11014.5,16571.0,22371807.6875,-0.21418792022245786
11014.5,16571.0,22332764.409722224,-0.21412508912588046
11014.5,16571.0,22418163.498263884,-0.21744278852824428
11014.5,16571.0,22451219.1875,-0.21944423299916616
11014.5,16533.0,22405856.581597224,-0.21666950454131445
11014.5,16533.0,22397078.638888884,-0.2163208353366954
11014.5,16533.0,22325976.666666668,-0.2164402183462355
11014.5,16533.0,22347150.998263888,-0.21508975206465877
11014.5,16533.0,22353413.1875,-0.20833934322552403
11014.5,16533.0,22350333.734375,-0.20674220931934406
10934.0,16533.0,22290291.623263888,-0.1924953966312479
10934.0,16533.0,22157036.539930556,-0.18126016626312003
10934.0,16533.0,22376247.020833332,-0.19569978254669315
10934.0,16533.0,22497157.222222224,-0.20569684407899047
10934.0,16533.0,22741482.873263884,-0.23531243055883827
10892.5,16533.0,22710595.909722224,-0.21855182387701028
10668.0,16533.0,23835530.873263884,-0.09482218083667315
10376.0,16533.0,24096960.916666668,0.0029234819535727897
10376.0,16533.0,24275903.22222222,-0.006174292921529956
10376.0,16533.0,24059254.567708332,-0.009179770087972428
10376.0,16533.0,24201312.15972222,-0.0019064749813715246
9890.0,15530.0,22544652.914930552,0.019905950866652613
8724.5,15161.0,19768464.831597224,0.05192828121252989
8724.5,15161.0,20527014.1875,0.05970912180762769
9538.5,15161.0,20551208.076388888,0.015291597661744826
9538.5,15161.0,20250730.873263884,0.0026271769071641833
9538.5,15161.0,19994193.888888888,0.01011563177884383
9538.5,15132.0,19735478.888888888,0.026073716633481438
9538.5,14817.0,19561089.748263888,0.037571315739677716
9538.5,14817.0,19525505.243055556,0.03907288326345975
9538.5,14817.0,19515320.57638889,0.038874563974724934
9538.5,14817.0,19469534.609375,0.032405095078954414
9403.0,14817.0,19453403.993055556,0.03992511512481717
9403.0,14817.0,19492595.388888888,0.03428928870444463
9403.0,14817.0,19673009.331597224,0.017834979724276206
9403.0,14817.0,19679573.914930556,0.017520124781125367
9403.0,14817.0,19475176.604166668,0.020218913577341832
9403.0,14817.0,19625353.914930552,0.01871584703998187
9403.0,14817.0,19529621.805555556,0.02103503281145112
9403.0,14817.0,19975832.748263888,-0.017864955088988266
10145.5,14817.0,19517484.388888888,-0.17490162360178793
10878.0,14817.0,19418633.743055556,-0.2858774005341803
10878.0,14817.0,19022320.63888889,-0.27516808763811096
10878.0,14817.0,18475076.5,-0.29998440645383556
10878.0,13181.0,17512892.63888889,-0.41444050668029664
11339.5,14563.0,17878808.692708332,-0.4264461899457406
11691.5,14721.0,19167979.770833332,-0.4867866934125381
11691.5,14721.0,19148685.826388888,-0.48735011711464005
11691.5,14721.0,19158038.234375,-0.4824551298866321
11691.5,14721.0,19082353.498263888,-0.48557095896044156
11691.5,14721.0,19089019.70659722,-0.4857726000051323
11691.5,14721.0,18993275.526041668,-0.48023658103665984
11691.5,14969.0,19160405.99826389,-0.4910902799052148
11691.5,14969.0,19521161.07638889,-0.5075950179973593
11691.5,14969.0,19719625.081597224,-0.506249282226554
11691.5,14969.0,19803377.651041668,-0.4993234514384675
11691.5,14969.0,19826750.831597224,-0.49063274879487284
11691.5,14969.0,19822847.993055556,-0.4887705449872073
11788.0,14969.0,19854161.326388888,-0.4928734622673551
11788.0,14969.0,19910959.026041668,-0.49784233254125115
11788.0,14969.0,20009440.47222222,-0.5023331262200471
11788.0,14969.0,19982217.914930556,-0.5015994885829828
11788.0,14969.0,20104324.555555556,-0.5078181545307179
11788.0,14969.0,20223145.45659722,-0.5143313933533741
11801.5,14969.0,20310669.539930556,-0.5229513623838912
11801.5,14969.0,20328079.305555556,-0.5282491496551965
11985.0,14969.0,20379801.456597224,-0.534956764963845
11985.0,14969.0,20824475.75,-0.5268139775309784
11985.0,14969.0,21551961.789930556,-0.47617978028610725
11985.0,17236.0,23085172.25,-0.3318821332746474
11985.0,17236.0,23570124.49826389,-0.29939053158600726
11985.0,17236.0,23217765.62326389,-0.2862637471692197
11985.0,17236.0,23322447.026041668,-0.26400009667732116
11985.0,17236.0,23828964.805555556,-0.25747500060342726
11985.0,17236.0,24111818.13888889,-0.2661601948049333
11985.0,17236.0,24453818.555555556,-0.2821283891908144
11985.0,17375.0,24551173.817708332,-0.2870419535589852
11985.0,17375.0,24177609.692708332,-0.2733478883490998
11985.0,17375.0,23894933.99826389,-0.2736969537436744
11985.0,17375.0,23839776.97222222,-0.2767664312354246
11985.0,17375.0,23764606.555555556,-0.321790120873664
11985.0,17375.0,23824655.95659722,-0.34470100959705674
11987.0,17375.0,23825141.58159722,-0.34478377992069953
11987.0,17375.0,24164956.159722224,-0.3647711876758733
11987.0,17375.0,24131499.734375,-0.36223282511412797
11987.0,17375.0,24054148.234375,-0.3559959609250779
11813.5,17375.0,23860406.6875,-0.33352880351540315
11688.0,17375.0,23626110.914930556,-0.3012832949678402
11688.0,17375.0,23544103.526041668,-0.2904902994095449
11788.0,17375.0,23638984.99826389,-0.30944004489852633
11788.0,17375.0,24230992.1875,-0.3373023167966346
11788.0,17375.0,25186183.40972222,-0.30844482812627294
11788.0,17610.0,26779500.942708332,-0.21002959153252782
11788.0,19936.0,28855889.493055563,-0.04860401162763429
11788.0,19936.0,29821617.22222222,-0.011510343367198365
11788.0,19936.0,29772998.87326389,-0.00545771697241103
11788.0,19936.0,29898744.08159722,0.004793841858458948
11788.0,19936.0,29857619.373263884,0.005202175407471304
11788.0,19936.0,29769822.401041668,0.008386028222505393
11788.0,19936.0,29625926.555555552,0.015645138196501634
11788.0,19739.0,29479351.373263884,0.02348028361617936
11788.0,19739.0,29182175.72222222,0.0343018803282212
11788.0,19739.0,28977325.166666668,0.035424006679112274
11788.0,19739.0,28824065.956597224,0.030235964351614204
11788.0,19739.0,28827683.97222222,0.0342018674654721
11788.0,19739.0,28809673.555555556,0.04260662030055242
11749.5,19739.0,28799294.888888884,0.04551350021691258
11749.5,19739.0,28836478.888888884,0.04319199235179789
11749.5,19739.0,28818240.498263884,0.04562730667573837
11749.5,19739.0,28744249.914930556,0.05913026687014022
11757.5,19739.0,28745445.748263896,0.05876399222696812
11757.5,19739.0,28742421.416666668,0.060977070273357886
11757.5,19739.0,28759359.63888889,0.0568180463103145
11757.5,19739.0,28823786.326388884,0.045622135943670365
11757.5,19739.0,28674963.942708332,0.05317820257891539
11757.5,19739.0,28586759.993055556,0.05228624069456246
11757.5,19739.0,28209779.326388884,0.03483083278575705
11757.5,19219.0,27747156.270833332,-0.0025488332316084936
11757.5,19219.0,27779708.13888889,-0.000802775382542353
11757.5,19219.0,27943346.289930552,-0.01770499767351608
11757.5,19219.0,27825805.90972222,-0.027284850957949785
11757.5,19219.0,27702404.984375,-0.0259509814992829
11757.5,19219.0,27543289.72222222,-0.01961032217682728
11757.5,19219.0,27521528.576388884,-0.01838077009974625
11757.5,19224.0,27525227.526041668,-0.01859903019194722
11757.5,19224.0,27582666.166666668,-0.020737869737741048
11757.5,19224.0,27555048.82638889,-0.02071528184725245
11757.5,19224.0,27484957.055555556,-0.024034939416998503
11757.5,19224.0,27485442.70659722,-0.023630710512966124
11757.5,19224.0,27497935.331597224,-0.030168289327054496
11758.5,19224.0,27498082.401041668,-0.030214371964928072
11758.5,19224.0,27354860.748263884,-0.02032941729569265
11758.5,19224.0,27350073.748263884,-0.019659950416155838
11758.5,19224.0,27382787.359375,-0.02658961601912752
11713.5,19224.0,27376631.734375,-0.024501182545089057
11713.5,19224.0,27388603.956597224,-0.032068018985589176
11658.5,19224.0,27358792.472222224,-0.02360388013469966
11658.5,19224.0,27316463.583333332,-0.016707866246633615
11658.5,19224.0,27940703.692708332,-0.03333029099056658
11658.5,19224.0,28828208.289930556,-0.01130343957522697
11658.5,19224.0,29212570.305555552,0.005608052431648681
11658.5,19397.0,29360661.609375,0.01592805123477689
11658.5,19397.0,29259525.70659722,0.011576533592219395
11658.5,19397.0,29303880.984375,0.007824782109405893
11658.5,19397.0,29393473.222222224,0.014409615785866681
11658.5,19397.0,29523823.243055556,0.012845868305867054
11658.5,19397.0,29551221.484375,0.011860225222384613
11658.5,19397.0,29434568.706597224,0.01782378717626514
11658.5,19595.0,29585001.956597224,0.009441625199035289
11658.5,19595.0,29555975.95659722,0.010449100418163281
11658.5,19595.0,29526607.805555556,0.010457356462452437
11658.5,19595.0,29584526.909722224,0.012945958392424082
11658.5,19595.0,29631337.743055552,0.02851205151891736
11658.5,19595.0,29616349.831597228,0.04412240740825034
11571.0,19595.0,29588039.914930552,0.059297926786693565
11571.0,19595.0,29451047.805555552,0.07458180447042638
11571.0,19595.0,29363290.623263884,0.09112756433408262
11509.5,19595.0,29295000.164930552,0.10838914270158144
11402.0,19595.0,29276196.567708332,0.11618322062699557
11212.5,19595.0,29256413.583333332,0.13029187656823998
11212.5,19595.0,29270236.888888884,0.12635316287658158
11212.5,19595.0,29277634.90972222,0.12507278295956173
11212.5,19595.0,28611100.317708332,0.14734893901651977
11212.5,19595.0,27513047.192708332,0.12599910363011804
11212.5,19595.0,26848982.305555552,0.09421594293250048
11212.5,18476.0,25892099.37326389,0.01558135958788657
11212.5,18476.0,25400685.166666668,-0.013761111941578596
11212.5,18476.0,25313775.493055563,-0.008309743407993848
11212.5,18476.0,25295674.234375,-0.010071653279939443
11212.5,18476.0,25211288.326388884,-0.009041073616193518
11212.5,18476.0,25381120.373263884,-0.016605600511394557
11212.5,18476.0,25597122.95659722,-0.02950728579843126
11212.5,18302.0,25472279.164930552,-0.021502428602189465
11212.5,18302.0,25435495.805555556,-0.020098133751824877
11212.5,18302.0,25567915.166666668,-0.01987903221420206
11212.5,18302.0,25646995.166666668,-0.015700681764158616
11212.5,18302.0,25635752.37326389,-0.022137288429898573
11212.5,18302.0,25630896.359375,-0.017519276754783757
11187.5,18302.0,25628346.706597224,-0.016305296228776987
11187.5,18302.0,25558119.159722224,-0.007529624098012244
11187.5,18302.0,25571514.159722224,-0.009961306071672536
11187.5,18302.0,25567244.609375,-0.008804173295780263
11057.5,18302.0,25551394.539930552,-0.0025169648006622795
11057.5,18302.0,25547064.526041668,0.0009758411162325298
10987.0,18302.0,25473973.576388884,0.02284537073918582
10987.0,18302.0,25359759.74826389,0.04342243097187211
10987.0,18302.0,24919820.289930552,0.08111420198486805
10987.0,18302.0,23770913.38888889,0.08911669848967761
10987.0,18302.0,21951938.359375,0.0069224062007801155
10987.0,16476.0,20032973.25,-0.2088340337310458
10987.0,15749.0,19367658.13888889,-0.28537790951805925
10987.0,15749.0,19698218.166666668,-0.28373602351792904
10987.0,15749.0,19573744.248263888,-0.32146916488433863
10987.0,15749.0,19300742.82638889,-0.3261507432856736
10987.0,15749.0,19157456.32638889,-0.31954903246325633
10987.0,15749.0,18986471.87326389,-0.3070228549846249
10987.0,15571.0,18868190.87326389,-0.29779017249083195
10987.0,15571.0,19267124.493055556,-0.3173903708130072
10987.0,15571.0,19374168.25,-0.31632511611768244
10987.0,15571.0,19388838.456597224,-0.3150610099000467
10987.0,15571.0,19403793.317708332,-0.29410145368953966
10987.0,15571.0,19417845.07638889,-0.2993330053901782
10987.0,15571.0,19442735.901041668,-0.3052275193239009
10987.0,15571.0,19408668.08159722,-0.301993033604088
10987.0,15571.0,19524849.901041668,-0.3115763959269692
10987.0,15571.0,19683050.49826389,-0.329753159293222
11114.0,15571.0,19864172.555555552,-0.35675156020316523
11377.0,15571.0,19939745.07638889,-0.37727842769540915
11391.5,15571.0,19974178.70659722,-0.38737447278775633
11322.5,15571.0,19900880.9375,-0.3508405788549851
11103.0,15571.0,19757754.659722224,-0.3119172020266468
11103.0,15571.0,19406938.15972222,-0.2960999224227407
11103.0,15571.0,18806359.609375,-0.3144741944379151
11103.0,15306.0,17655991.62326389,-0.4446220890926754
11103.0,14467.0,17149659.493055556,-0.5162912723640858
11103.0,14467.0,16976349.63888889,-0.5258287296361223
11103.0,14467.0,16974172.067708332,-0.538447716430879
11103.0,14467.0,16819797.914930556,-0.5478317273000753
11103.0,14467.0,16597127.123263886,-0.5410558124013017
11103.0,14467.0,16450903.472222224,-0.5312825690825633
11103.0,14537.0,16495853.4375,-0.5347159150946252
11103.0,14537.0,16553939.109375,-0.5379759550697112
11103.0,14537.0,16827555.998263888,-0.5356439522980199
11103.0,14537.0,16936764.409722224,-0.5243942320658942
11103.0,14537.0,16962979.0,-0.5085741316095019
11110.5,14537.0,16964428.609375,-0.5089280684644757
11125.0,14537.0,17076781.722222224,-0.5206956583191497
11125.0,14537.0,16981825.95659722,-0.5119394457983572
11125.0,14537.0,16990187.25,-0.5121093193465949
11125.0,14537.0,16993798.138888888,-0.5122218292587786
11125.0,14537.0,16925745.055555556,-0.508817914697818
11125.0,14537.0,16910085.833333332,-0.5069725426939901
10664.0,14537.0,16821019.993055556,-0.4851924675804271
10664.0,14537.0,16835932.159722224,-0.45286406932355616
10664.0,14537.0,16817913.72222222,-0.434551161919838
10664.0,14537.0,16677878.13888889,-0.42184850293402687
10664.0,14537.0,16594905.38888889,-0.4245409483599521
10664.0,14537.0,16425117.82638889,-0.44333681863179414
10664.0,13726.0,15975352.151041666,-0.5068719979169517
10664.0,13726.0,16010435.151041666,-0.504600088339398
10664.0,13726.0,16007335.57638889,-0.5009885114723331
10664.0,13726.0,16027864.164930558,-0.4993679732068152
10664.0,13726.0,16032694.442708334,-0.4994843788455819
10664.0,13726.0,16106267.57638889,-0.5042406276593782
10664.0,13882.0,16204088.243055554,-0.5117792560627453
10664.0,13882.0,16361094.576388888,-0.5207181172783802
10664.0,13882.0,16538477.901041666,-0.5211132626789843
10664.0,13882.0,16639755.331597222,-0.5115288467330893
10664.0,13882.0,16637480.972222224,-0.5130449676254386
10786.5,13882.0,16669192.734375,-0.5179876238562466
10786.5,13882.0,16798742.664930556,-0.520981304383683
10786.5,13882.0,17092569.998263888,-0.5311720293598349
10786.5,13882.0,17304726.166666668,-0.5284161976896736
10786.5,13882.0,17493923.539930556,-0.5283767623387647
10786.5,13882.0,17813511.055555556,-0.5319159069908407
10786.5,13882.0,18110173.520833332,-0.5456369214994415
11228.5,13882.0,18317288.08159722,-0.578675335119466
11228.5,13882.0,18317465.38888889,-0.6285349139947859
11562.5,13882.0,18465081.33159722,-0.6799009624252408
11960.0,13882.0,19246087.909722224,-0.6853859992872653
11960.0,15163.0,20794858.164930556,-0.5775733980450976
11960.0,16915.0,22752837.109375,-0.40457926266531363
11960.0,16915.0,23677078.993055552,-0.3501369726837713
11960.0,16915.0,23462095.222222224,-0.34216986166057733
11960.0,16915.0,23579118.942708332,-0.3119173201627744
11960.0,16915.0,24005414.243055556,-0.3027394816696683
11960.0,16915.0,24368241.317708332,-0.31153322425004737
11960.0,16915.0,24589741.138888884,-0.32109409619977813
11960.0,16915.0,24589741.13888889,-0.32109409619977797
11960.0,16915.0,24196586.47222222,-0.30745477695707213
11960.0,16915.0,23672936.743055552,-0.3058488714817646
11960.0,16915.0,23342227.859375,-0.3237831752628566
12253.0,16915.0,23390723.555555556,-0.4089375837394715
12492.5,16915.0,23647126.081597224,-0.44743208067425727
12623.0,16915.0,23709658.770833332,-0.45316454345844837
12665.5,16915.0,24453949.888888884,-0.4646229388098216
12665.5,16915.0,24708287.666666668,-0.4726454436628219
12665.5,16915.0,24716807.414930552,-0.4732347664522637
12542.5,16915.0,24600927.604166668,-0.46362266903704646
12453.0,16915.0,24532923.914930552,-0.45642958980466264
12574.5,16915.0,24607035.32638889,-0.4670256007543133
12664.0,16915.0,24791995.414930556,-0.5148330339982746
12802.5,16915.0,25484697.020833332,-0.5514781577003726
12802.5,16915.0,26695952.692708332,-0.5172438404944727
12802.5,17959.0,28389309.317708332,-0.4117589216359113
12802.5,20043.0,30751524.956597224,-0.2428742315629623
12802.5,20043.0,32504685.409722224,-0.17531642698772834
12802.5,20043.0,32721264.40972222,-0.19556301751527486
12802.5,20043.0,32760212.734375,-0.19277101307742892
12802.5,20043.0,32752085.9375,-0.1927476092493863
12802.5,20043.0,32561202.039930556,-0.18764966636880376
12802.5,20043.0,32378144.164930552,-0.18040632405319015
12802.5,20245.0,32542441.70659722,-0.18758430837649595
12802.5,20245.0,32809254.972222224,-0.1957621137388695
12802.5,20245.0,33346202.456597224,-0.20015874573535122
12802.5,20245.0,34198538.333333336,-0.18528916861432065
12802.5,20245.0,34489589.20659722,-0.1052838500769657
12664.0,20245.0,34529576.276041664,-0.02045753676787512
12574.5,20245.0,34493428.416666664,0.05298988650176247
11304.5,20245.0,33632547.03993055,0.1505456122904962
9767.0,20245.0,33110254.90972222,0.2507313616922532
9395.0,20245.0,32855510.666666668,0.3369598957325729
9274.5,20245.0,32840101.151041668,0.4348867428604035
9087.5,20245.0,32730060.62326389,0.5249154148030672
8812.5,20245.0,32481582.138888884,0.6144517973062089
8812.5,20245.0,32122658.138888884,0.6611207089416434
8812.5,20245.0,32102953.166666668,0.661827225328479
8812.5,20245.0,32061072.289930556,0.6618846990969163
8812.5,20245.0,30937115.90972222,0.6379781346037837
8570.5,20224.0,27592800.442708332,0.4998056959064611
8570.5,18479.0,26025684.409722224,0.39845051857833863
8570.5,18479.0,25357952.24826389,0.41756963166528166
8570.5,18479.0,25371934.664930556,0.4284694102618225
8570.5,18479.0,25464845.72222222,0.42962544231253236
8570.5,18479.0,25680235.956597224,0.422381317785272
8570.5,18479.0,25828392.581597224,0.4147411787661903
8570.5,18479.0,25793203.70659722,0.41680750640504177
8570.5,18479.0,25478148.08159722,0.4278562720700883
8570.5,18479.0,25123979.82638889,0.4264769452985986
8570.5,18479.0,24752533.24826389,0.40307742246306755
8812.5,18479.0,24813467.859375,0.3657329198630208
8903.0,18479.0,25000938.289930552,0.3164750019584152
8903.0,18479.0,25244246.956597224,0.26766383906628727
8903.0,18479.0,25837041.942708332,0.20903494364290973
8903.0,18479.0,26184094.539930556,0.14968925338673322
9298.5,18479.0,26379308.70659722,0.09804649305340175
10450.5,18479.0,26408480.039930556,0.026880279792315116
10450.5,18479.0,26369517.493055556,0.013497582827842504
10450.5,18479.0,26343787.270833332,-0.00670219560857827
10450.5,18479.0,26345631.722222224,-0.0070100785302257785
10450.5,18479.0,25682062.998263884,-0.0040293268509376395
10450.5,18479.0,24427353.942708332,-0.059507160786643525
10450.5,18479.0,23379647.770833332,-0.14230050451558998
10935.5,17687.0,23690062.62326389,0.01831399340764383
10935.5,17687.0,22646974.159722224,-0.051867820625686165
10935.5,17687.0,22572210.82638889,-0.045518753599673646
10935.5,17687.0,22629785.159722224,-0.03830538362798421
10935.5,17687.0,22752389.916666668,-0.039700798151599416
10935.5,17687.0,22792306.38888889,-0.04169372589642461
10935.5,17687.0,22899729.82638889,-0.0488800194086493
10935.5,17599.0,22824416.82638889,-0.04369748012952481
10935.5,17599.0,22899021.32638889,-0.04666019501785709
10935.5,17599.0,23114817.289930556,-0.046802765445810274
10935.5,17599.0,23311277.104166668,-0.03555046900622706
10935.5,17599.0,23442925.914930552,0.012734277372330578
10586.0,17599.0,23394237.409722224,0.030286755062303862
10419.5,17599.0,23315256.409722224,0.04868568485087317
10419.5,17599.0,23063260.08159722,0.06975660357325061
10419.5,17599.0,22963878.08159722,0.08244444931224537
10419.5,17599.0,22941945.743055556,0.0862182050348135
10168.5,17599.0,22879183.026041668,0.10759297168616969
10203.0,17599.0,22866287.22222222,0.07338274886953053
10245.0,17599.0,22878762.243055552,0.052866296519588664
10245.0,17599.0,22846313.38888889,0.061085837883618196
10245.0,17599.0,22414488.638888884,0.09141377667006532
10245.0,17599.0,21715858.083333332,0.09174208468947946
10245.0,17599.0,20590888.305555556,0.04133407845974862
10245.0,15168.0,18391695.409722224,-0.2172429574414398
10245.0,14513.0,17663817.192708332,-0.298976503379268
10245.0,14513.0,17671762.826388888,-0.29920300844375886
10245.0,14513.0,17634396.49826389,-0.3084591267277231
10245.0,14513.0,17360536.664930556,-0.31301143240977736
10245.0,14513.0,17198789.770833332,-0.30522407097531
10245.0,14489.0,17131618.33159722,-0.2998111105359428
10245.0,14698.0,17262729.909722224,-0.31078097211126643
10245.0,14698.0,17518016.831597224,-0.32244314985752764
10245.0,14698.0,17589424.638888888,-0.32183814035795266
10245.0,14698.0,17519461.75,-0.3285625253195724
10245.0,14698.0,17474967.706597224,-0.3445238140077169
10219.0,14698.0,17471077.276041668,-0.3431554053933755
10219.0,14698.0,17532068.604166668,-0.3538559478394515
10219.0,14698.0,17390909.63888889,-0.3396787468186502
10219.0,14698.0,17464744.192708332,-0.34544026393843913
10219.0,14698.0,17535144.583333332,-0.35241803643694286
10470.5,14698.0,17682617.333333332,-0.381631248741255
10628.0,14698.0,17714859.442708332,-0.39179109071034
10628.0,14698.0,17716141.192708332,-0.3922610825129269
10416.5,14698.0,17649485.90972222,-0.36653451258769804
10373.0,14698.0,17473619.97222222,-0.34226821930134477
10373.0,14698.0,17003043.109375,-0.3424593913785873
10373.0,14698.0,16378396.706597224,-0.3837425460472165
10373.0,14130.0,15655619.354166666,-0.48322639121442923
10373.0,13377.0,15080302.164930558,-0.5651477226535063
10373.0,13377.0,15024608.055555554,-0.5660213062423931
10373.0,13377.0,14996702.456597222,-0.5790645066605773
10373.0,13377.0,15022024.289930554,-0.5776290025530378
10373.0,13377.0,14936081.901041666,-0.5752432219814929
10373.0,13377.0,14841085.776041666,-0.5685100231038352
10373.0,13246.0,14760822.57638889,-0.5618178442129091
10373.0,13246.0,14942754.909722222,-0.571494346386003
10373.0,13246.0,15316530.020833334,-0.5693804024648874
10373.0,13246.0,15517378.576388888,-0.5459299343704703
10373.0,13246.0,15580169.743055558,-0.5170337701372114
10373.0,13246.0,15539696.581597222,-0.504062903728463
10304.5,13246.0,15430616.493055554,-0.4905924445328876
10304.5,13246.0,15381923.414930558,-0.48543309195331796
10304.5,13246.0,15381682.020833334,-0.4854300339488825
10304.5,13246.0,15456197.055555554,-0.48663997551438753
10304.5,13246.0,15435385.5,-0.48554972063946694
10304.5,13246.0,15469386.914930554,-0.4898766158603122
10409.5,13246.0,15506435.520833334,-0.496316477626791
10409.5,13246.0,15535839.972222222,-0.5060692321275149
10455.0,13246.0,15687161.456597222,-0.5205900859595705
10455.0,13246.0,15991711.416666666,-0.5136243369544732
10455.0,13624.0,16917853.651041668,-0.4268306844136081
10455.0,14620.0,17671836.151041668,-0.3391785875322386
10455.0,14620.0,17713870.409722224,-0.33598360286099616
10455.0,14620.0,17460632.373263888,-0.3161292680698667
10455.0,14620.0,17594862.888888888,-0.28076822113123007
10455.0,14620.0,17935048.026041668,-0.2751673340446236
10455.0,14620.0,18274233.026041668,-0.2875622174338739
10455.0,14677.0,18499196.539930556,-0.30127684244326813
10455.0,14808.0,18613297.526041668,-0.3086037721019
10455.0,14808.0,18460023.37326389,-0.30216528912174906
10455.0,14808.0,18197080.555555556,-0.3010757822774158
10455.0,14808.0,18084312.414930556,-0.310138650195916
10455.0,14808.0,18019827.770833332,-0.3710499807667024
10521.0,14808.0,18080328.65972222,-0.3911616361263703
10621.0,14808.0,18119130.067708332,-0.399130987459916
10629.5,14808.0,18239164.873263888,-0.41348237148301303
10629.5,14808.0,18204611.409722224,-0.411499074529343
10629.5,14808.0,18128171.539930556,-0.4072647517714457
10629.5,14808.0,18043209.24826389,-0.3965388109301169
10521.0,14808.0,17966406.498263888,-0.37972915192613166
10371.5,14808.0,17934506.416666668,-0.3727196924551599
10581.5,14808.0,17999481.20659722,-0.3873955708744376
10581.5,14808.0,18323460.416666668,-0.3978639837188795
10581.5,14808.0,18852621.776041668,-0.37775420127632664
10581.5,14808.0,19335561.498263888,-0.33220033901114604
10581.5,16239.0,20266772.326388884,-0.22850571376956602
