113.56403769119,3130.5618111454,910979.232625082,-0.0023007705103578555
156.084780626654,3130.5618111454,911025.5331420046,-0.006429526424080547
156.084780626654,3130.5618111454,910909.8080870539,-0.005317610176545737
156.084780626654,3130.5618111454,911044.9316717859,-0.006081309753261467
156.084780626654,3130.5618111454,911170.4209367266,-0.006998748772510182
193.81046764449903,3130.5618111454,914245.1612614426,-0.018816169001270408
193.81046764449903,3130.5618111454,916609.4238094715,-0.027173442093948542
193.81046764449903,3130.5618111454,918180.4405847291,-0.03212088791680418
193.81046764449903,3130.5618111454,919742.5536452528,-0.03598372413644548
193.81046764449903,3130.5618111454,918086.8657793832,-0.03344324170134481
193.81046764449903,3130.5618111454,919589.4186290002,-0.03540848469157708
193.81046764449903,3130.5618111454,921061.8498404337,-0.0385926919939437
193.81046764449903,3130.5618111454,922239.3955590425,-0.041286139537483384
193.81046764449903,3130.5618111454,926791.7111396304,-0.04384394349456322
193.81046764449903,3130.5618111454,927531.0909248769,-0.04476707357081499
193.81046764449903,3130.5618111454,929280.9192416132,-0.04622746478272223
193.81046764449903,3130.5618111454,929895.974509948,-0.04655981987012145
193.81046764449903,3130.5618111454,931492.2537102717,-0.04776680104220111
193.81046764449903,3130.5618111454,933954.2116312017,-0.047466543950752026
193.81046764449903,3130.5618111454,935329.0237218593,-0.048361240766123824
193.81046764449903,3130.5618111454,937552.7037410061,-0.048201394724874926
193.81046764449903,3130.5618111454,938268.9172628955,-0.048028671537211964
193.81046764449903,3130.5618111454,938036.4652758028,-0.04806151207249686
193.81046764449903,3130.5618111454,939035.4029951809,-0.04741948689741638
193.81046764449903,3130.5618111454,940941.8769093027,-0.04644796557165949
193.81046764449903,3130.5618111454,941562.3943881434,-0.04603188349910901
193.81046764449903,3130.5618111454,944516.4809905752,-0.042731384187118825
193.81046764449903,3130.5618111454,949943.841969678,-0.038353209837632365
193.81046764449903,3130.5618111454,955096.0024728291,-0.03504751890679968
193.81046764449903,3130.5618111454,958490.2058076618,-0.03182299455582025
193.81046764449903,3130.5618111454,960500.3458642068,-0.030219788564709103
193.81046764449903,3130.5618111454,964390.2856471057,-0.026793260948083018
193.81046764449903,3169.3392934455505,971407.1812517866,-0.018828185872675075
193.81046764449903,3169.3392934455505,976106.0314775476,-0.014463278845496945
193.81046764449903,3169.3392934455505,978390.6461280127,-0.011764317122298652
193.81046764449903,3338.4141679882,984786.913204531,-0.0020251982691432205
193.81046764449903,3338.4141679882,984438.4389215579,-0.0024092166927821117
193.81046764449903,3338.4141679882,991511.255658495,0.005747961690737184
193.81046764449903,3338.4141679882,997203.0736680172,0.014170564906274514
193.81046764449903,3338.4141679882,998971.8721384674,0.015636047598412507
193.81046764449903,3338.4141679882,998615.9088600775,0.015177509715913962
193.81046764449903,3338.4141679882,1000188.6419928323,0.016836485889729073
193.81046764449903,3338.4141679882,1003754.8458684474,0.019953001488023026
193.81046764449903,3338.4141679882,1006796.7486315375,0.022092375269221132
193.81046764449903,3338.4141679882,1010833.6248611931,0.024699710636133743
193.81046764449903,3338.4141679882,1020145.8520321937,0.0336219861592177
193.81046764449903,3338.4141679882,1028490.737195499,0.039618686806717915
193.81046764449903,3338.4141679882,1031723.5905775807,0.04305501200166664
193.81046764449903,3338.4141679882,1037768.651659472,0.04956454602154702
193.81046764449903,3338.4141679882,1041131.1421424308,0.05153250585760771
193.81046764449903,3338.4141679882,1046323.0418669536,0.05555815579449149
193.81046764449903,3338.4141679882,1050586.2313896136,0.05761224044457712
193.81046764449903,3338.4141679882,1047857.6631808621,0.05550424365923798
193.81046764449903,3338.4141679882,1055004.3362275567,0.05877054290567505
193.81046764449903,3338.4141679882,1058709.7246783788,0.060016697360019446
193.81046764449903,3338.4141679882,1059577.6147678222,0.06012158428492493
193.81046764449903,3338.4141679882,1061387.001030346,0.06054972752988296
193.81046764449903,3338.4141679882,1068230.0894743304,0.06268507752238449
193.81046764449903,3338.4141679882,1076809.2219337127,0.06122140310629104
193.81046764449903,3338.4141679882,1079091.5577480388,0.05966781110898367
193.81046764449903,3338.4141679882,1081732.3368008467,0.05922330549139845
193.81046764449903,3338.4141679882,1086199.317195017,0.05829818345007081
193.81046764449903,3338.4141679882,1087614.156072123,0.056737693639081634
193.81046764449903,3338.4141679882,1092885.8279304216,0.05481580016156448
193.81046764449903,3338.4141679882,1095436.5078340508,0.05191534216338635
193.81046764449903,3338.4141679882,1097957.6101353734,0.049786976036709556
193.81046764449903,3338.4141679882,1101081.7733950038,0.04468529389547757
193.81046764449903,3338.4141679882,1105139.9973455279,0.041270636342982586
193.81046764449903,3338.4141679882,1105291.7472501937,0.04095450056678409
193.81046764449903,3338.4141679882,1106850.4140489986,0.037967917778090436
193.81046764449903,3338.4141679882,1107442.8352089296,0.03633911807304093
193.81046764449903,3338.4141679882,1109152.4659805563,0.03247909702690438
193.81046764449903,3338.4141679882,1113172.7701158735,0.023866477503729132
193.81046764449903,3338.4141679882,1113380.2831031634,0.022680787133115464
193.81046764449903,3338.4141679882,1114039.513049409,0.020107426839129205
193.81046764449903,3338.4141679882,1114377.0440521408,0.01862444137176327
193.81046764449903,3338.4141679882,1115994.3742714878,0.011423955936245386
222.800356593968,3338.4141679882,1116088.8609268293,0.008911835618675389
232.39485840537105,3338.4141679882,1116322.3671207235,0.001127826934356274
243.68169072942905,3338.4141679882,1116561.0149538163,-0.010464664468768847
251.050059980782,3338.4141679882,1116085.4472912145,-0.016199183081799094
251.050059980782,3338.4141679882,1116088.8957113808,-0.016124927505222937
251.050059980782,3338.4141679882,1115896.083648339,-0.018453455423335537
251.050059980782,3338.4141679882,1115042.5613204825,-0.024484350948043347
251.050059980782,3338.4141679882,1114237.9727104956,-0.02729946615073994
251.050059980782,3338.4141679882,1112627.1728379594,-0.03605897421292464
251.050059980782,3338.4141679882,1112145.7259069104,-0.03808716540251664
251.050059980782,3338.4141679882,1112906.918394488,-0.03697271395695039
251.050059980782,3338.4141679882,1113263.113030525,-0.036093358995038564
251.050059980782,3338.4141679882,1111445.1644990672,-0.041878235749669875
251.050059980782,3338.4141679882,1111798.1019445753,-0.04121846699147644
251.050059980782,3338.4141679882,1108699.3109963716,-0.044905791073858926
251.050059980782,3338.4141679882,1106520.6003418334,-0.047687840653286774
251.050059980782,3338.4141679882,1104783.977845435,-0.04856955496000392
251.050059980782,3338.4141679882,1102698.7044897436,-0.05100233881688675
251.050059980782,3338.4141679882,1099845.9692012004,-0.05342720159360269
251.050059980782,3338.4141679882,1094718.7822610608,-0.05808969947875494
251.050059980782,3338.4141679882,1092929.317155109,-0.05988417497837084
251.050059980782,3338.4141679882,1090285.8239000991,-0.06089717774030309
251.050059980782,3338.4141679882,1089109.9929833761,-0.06135105404995776
251.050059980782,3338.4141679882,1086519.2150599023,-0.062282495123306886
251.050059980782,3338.4141679882,1083168.260407033,-0.061397772614128855
251.050059980782,3338.4141679882,1078367.3801927916,-0.06052609394912
251.050059980782,3338.4141679882,1074465.1710203742,-0.060047707407143304
251.050059980782,3338.4141679882,1067467.4994286166,-0.057393605725109875
251.050059980782,3338.4141679882,1067344.7771770647,-0.057340284815169874
251.050059980782,3338.4141679882,1058179.8468533289,-0.05338332511879599
251.050059980782,3338.4141679882,1056658.6399242384,-0.05318077382497834
251.050059980782,3338.4141679882,1047536.9340704173,-0.0504652255882541
251.050059980782,3338.4141679882,1051599.9166122237,-0.05315675604986226
251.050059980782,3338.4141679882,1048042.3340141237,-0.050258977728174975
251.050059980782,3338.4141679882,1045619.8423074256,-0.047615885144139954
251.050059980782,3338.4141679882,1042758.5736463977,-0.0452729066659352
251.050059980782,3338.4141679882,1038356.0424720831,-0.041931677572161166
251.050059980782,3277.0645259364,1026720.244439763,-0.03153788620800537
251.050059980782,3277.0645259364,1026380.9967402782,-0.03126170797128769
251.050059980782,3253.5350776060595,1022351.5680126951,-0.026213227498502363
251.050059980782,3253.5350776060595,1020060.7289733465,-0.02404363408536129
251.050059980782,3253.5350776060595,1016197.8200386611,-0.02092659138159599
251.050059980782,3253.5350776060595,1012403.7456468575,-0.017360942360279925
251.050059980782,3253.5350776060595,1005709.7554453681,-0.011767891323088725
251.050059980782,3253.5350776060595,1003187.071866469,-0.009178173312179922
251.050059980782,3236.1746989094804,1000622.2542021263,-0.005600765628430427
251.050059980782,3236.1746989094804,993032.0294680434,0.0020234216898695916
251.050059980782,3179.48381180899,989137.7790667578,0.007246965441916189
251.050059980782,3179.48381180899,988009.067455737,0.00797297197407531
251.050059980782,3179.48381180899,986952.6176064917,0.00864649707704201
251.050059980782,3179.48381180899,983508.1166569069,0.011508453259185905
251.050059980782,3125.7121306044,974011.3846176973,0.019709380125042378
251.050059980782,3125.7121306044,971250.2754959867,0.022248328988777512
251.050059980782,3125.7121306044,974127.7978522982,0.019967352316722437
251.050059980782,3125.7121306044,969923.2184488283,0.023470651708807137
251.050059980782,3125.7121306044,969132.8850115859,0.023944075622264045
251.050059980782,3125.7121306044,963016.7328488821,0.028271812373508672
251.050059980782,3125.7121306044,959066.2705222741,0.028809382756581316
251.050059980782,3125.7121306044,957876.4036441294,0.029952379157568727
251.050059980782,3125.7121306044,953119.214941187,0.0331322117883356
251.050059980782,3125.7121306044,948652.9591643552,0.035291125235782636
251.050059980782,3125.7121306044,943821.4694281019,0.03665297535405647
251.050059980782,3125.7121306044,940976.484311414,0.03783610047733593
251.050059980782,3125.7121306044,939536.8804034477,0.037390149161058775
251.050059980782,3125.7121306044,937148.4595819315,0.03668291945438722
251.050059980782,3125.7121306044,934753.0361850032,0.036046483562020094
251.050059980782,3125.7121306044,931374.0806178227,0.03533541339186356
251.050059980782,3125.7121306044,926737.9919675353,0.03160888132136537
251.050059980782,3125.7121306044,923428.5300467417,0.02870669955017467
251.050059980782,3125.7121306044,918952.8074644267,0.02245414036587168
251.050059980782,3125.7121306044,917311.428718338,0.020523547493510957
251.050059980782,3125.7121306044,917746.2031548126,0.021153734230135286
251.050059980782,3125.7121306044,915609.2309871482,0.01809150921965608
251.050059980782,3125.7121306044,915661.9768348173,0.018288153224869298
251.050059980782,3125.7121306044,913661.8437491796,0.013980184383023408
251.050059980782,3125.7121306044,913040.1727004059,0.011891074217883754
243.68169072942905,3125.7121306044,914135.8467977317,0.018322512972370066
243.68169072942905,3125.7121306044,914298.3318205746,0.019341013885173154
243.68169072942905,3125.7121306044,914104.9853354488,0.018322455334558552
264.67191334651403,3125.7121306044,913433.8577308865,0.012192304103825751
316.926710859571,3125.7121306044,913413.437616298,0.009500057193961459
331.17334531245604,3125.7121306044,913803.2738288679,0.0022596554452058225
333.181083867496,3125.7121306044,913785.8249925796,-0.0011687255104248237
333.181083867496,3125.7121306044,914345.9397429785,-0.0059387818695463114
378.60193762058,3125.7121306044,914529.3499697269,-0.009248940933611853
378.60193762058,3125.7121306044,913165.8499736548,-0.0024214365598095667
378.60193762058,3125.7121306044,913184.479162424,-0.0024811091117508924
378.60193762058,3125.7121306044,913171.6209508837,-0.0024286984855524307
378.60193762058,3125.7121306044,913007.1668924048,-0.0018304775418208918
378.60193762058,3125.7121306044,913622.1737343272,-0.004259712459775312
378.60193762058,3125.7121306044,915145.3661027139,-0.0065373528189892356
378.60193762058,3125.7121306044,918438.6042544659,-0.01129904035001059
378.60193762058,3125.7121306044,921665.3095412471,-0.016523708286238906
378.60193762058,3125.7121306044,920612.6535478863,-0.015650219053579568
378.60193762058,3125.7121306044,921446.5830172487,-0.017286276682487296
378.60193762058,3125.7121306044,923673.9839311136,-0.01922713878852986
378.60193762058,3125.7121306044,927807.7442494937,-0.021266594305375655
378.60193762058,3125.7121306044,932051.6004773842,-0.02328604245039068
378.60193762058,3125.7121306044,933683.3514764146,-0.023434214053516193
378.60193762058,3125.7121306044,937940.6609240687,-0.02533688711956597
378.60193762058,3125.7121306044,938999.1716864796,-0.025608263460322682
378.60193762058,3125.7121306044,942908.1700645396,-0.025233909806094103
378.60193762058,3125.7121306044,947340.3756832718,-0.02541887759853354
378.60193762058,3125.7121306044,950047.733406912,-0.02453178635075597
378.60193762058,3125.7121306044,952917.5045812615,-0.023662152899180496
378.60193762058,3125.7121306044,954346.1677361878,-0.023413765168101657
378.60193762058,3125.7121306044,954033.019642646,-0.023622748952755474
378.60193762058,3125.7121306044,957587.4526731463,-0.020420476242217073
378.60193762058,3125.7121306044,960784.5152234177,-0.01808261775325877
378.60193762058,3125.7121306044,963541.1251612282,-0.015812056118407802
378.60193762058,3125.7121306044,967621.0864613113,-0.012988011066898255
378.60193762058,3168.6101423096197,974677.0324978657,-0.005395868994350505
378.60193762058,3168.6101423096197,975611.8896911662,-0.0043886860885419075
378.60193762058,3168.6101423096197,979585.6095457916,-0.0005059999082857224
378.60193762058,3168.6101423096197,983012.7371118173,0.0029524892607521855
378.60193762058,3168.6101423096197,979513.3776259024,-0.0010973073077899422
378.60193762058,3168.6101423096197,984325.353765401,0.003271943702619788
378.60193762058,3253.54895333126,989124.3979583621,0.009770356337814253
378.60193762058,3253.54895333126,989719.5006347519,0.010574589482978939
378.60193762058,3253.54895333126,992166.1567539971,0.012134582409346733
378.60193762058,3253.54895333126,996038.8107530505,0.01616836496271452
378.60193762058,3253.54895333126,1002051.6977063695,0.022405598623997627
378.60193762058,3253.54895333126,1006666.1304928269,0.02654519103774293
378.60193762058,3253.54895333126,1014601.9761800952,0.033835759423906896
378.60193762058,3253.54895333126,1019794.3828098713,0.03771685095699456
378.60193762058,3253.54895333126,1018251.0999301334,0.03631766697306668
378.60193762058,3253.54895333126,1022628.3463875274,0.040877268504603013
378.60193762058,3253.54895333126,1025401.8848027093,0.04352981880460924
378.60193762058,3253.54895333126,1027079.7291920439,0.045316116995574876
378.60193762058,3253.54895333126,1034178.5522062631,0.051149673577563795
378.60193762058,3253.54895333126,1036691.5944945923,0.053154862876563645
378.60193762058,3253.54895333126,1037009.1233548257,0.053259291236557586
378.60193762058,3253.54895333126,1041879.789378031,0.05561799010836769
378.60193762058,3253.54895333126,1040278.1570820826,0.055041826992296594
378.60193762058,3253.54895333126,1042629.0648646207,0.05581948379871394
378.60193762058,3253.54895333126,1050045.719817406,0.0582667441312757
378.60193762058,3253.54895333126,1050566.394097625,0.05821326379087994
378.60193762058,3253.54895333126,1051401.4601816086,0.0585589183809481
378.60193762058,3253.54895333126,1051455.2795487482,0.058567649807254485
378.60193762058,3253.54895333126,1056069.4792602777,0.056962536230279
378.60193762058,3253.54895333126,1060933.1948096084,0.057243467490105227
378.60193762058,3253.54895333126,1063469.5408182782,0.057184843792922026
378.60193762058,3253.54895333126,1070635.7139026255,0.054212114528983404
378.60193762058,3253.54895333126,1069608.365491732,0.0546996235762437
378.60193762058,3253.54895333126,1071515.8773016182,0.05277295795916445
378.60193762058,3253.54895333126,1072579.0183994167,0.05176338111176741
378.60193762058,3253.54895333126,1074926.0499139351,0.04921742516153282
378.60193762058,3253.54895333126,1074076.1794282938,0.05010524893225891
378.60193762058,3253.54895333126,1076198.7495742668,0.04529267722034611
378.60193762058,3253.54895333126,1077136.422302682,0.04332505270122588
378.60193762058,3253.54895333126,1080228.2495687574,0.03680620789112532
378.60193762058,3253.54895333126,1082136.7803202225,0.033225490279794094
378.60193762058,3253.54895333126,1082786.1798125296,0.03231527683576639
378.60193762058,3253.54895333126,1087497.0774978616,0.02111395581616895
378.60193762058,3253.54895333126,1088448.6097488306,0.017182725934546686
378.60193762058,3253.54895333126,1089886.1292155765,0.011205754608858103
378.60193762058,3253.54895333126,1093152.1428764735,0.004880942821597244
404.382409230108,3253.54895333126,1093944.6133657158,-0.003151707831348333
404.382409230108,3253.54895333126,1094254.646420208,-0.006347372951807551
404.382409230108,3253.54895333126,1094129.5851979498,-0.004594565272483396
419.755877420055,3253.54895333126,1093981.814961936,-0.008504764280483643
419.755877420055,3253.54895333126,1093644.9130816595,-0.01067736193924795
419.755877420055,3253.54895333126,1093450.7663873746,-0.011860616209038527
419.755877420055,3253.54895333126,1093178.414589647,-0.014248751898638128
419.755877420055,3253.54895333126,1091724.8904007992,-0.02146843387903202
419.755877420055,3253.54895333126,1091626.8625416104,-0.022284790708535333
419.755877420055,3253.54895333126,1090721.2796631982,-0.025532360141749616
419.755877420055,3253.54895333126,1087240.5595705386,-0.029589668067963364
419.755877420055,3253.54895333126,1084358.6809966196,-0.036609101301033634
419.755877420055,3253.54895333126,1083863.3216470182,-0.0383678517300723
419.755877420055,3253.54895333126,1080080.7875200016,-0.04658286365491534
419.755877420055,3253.54895333126,1079906.7154266525,-0.04677150466250396
419.755877420055,3253.54895333126,1078177.4193761,-0.04910717937167603
419.755877420055,3253.54895333126,1072173.9256933369,-0.056169084723040455
419.755877420055,3253.54895333126,1070397.909722154,-0.058241391981192894
419.755877420055,3253.54895333126,1067200.282791157,-0.062368958862441724
419.755877420055,3253.54895333126,1066559.508349598,-0.06320200287642913
419.755877420055,3253.54895333126,1065268.97475166,-0.06422070506471786
419.755877420055,3253.54895333126,1061416.9733106054,-0.06648326569355652
419.755877420055,3253.54895333126,1061196.2583705066,-0.0664682911112986
419.755877420055,3253.54895333126,1059736.6784723457,-0.06677056293356308
419.755877420055,3253.54895333126,1053854.2712569546,-0.0666403380170287
419.755877420055,3253.54895333126,1048829.78592388,-0.06755531440419928
419.755877420055,3253.54895333126,1044965.4926655293,-0.0676548324903896
419.755877420055,3253.54895333126,1042326.2598962354,-0.06731568455179697
419.755877420055,3253.54895333126,1034315.7954479291,-0.06436381110876752
419.755877420055,3253.54895333126,1033720.0589543524,-0.0642555051382917
419.755877420055,3253.54895333126,1033827.9441206956,-0.06431495130783929
419.755877420055,3253.54895333126,1035276.5709245662,-0.06451914352922687
419.755877420055,3253.54895333126,1027063.8383180586,-0.05689186487561204
419.755877420055,3253.54895333126,1021134.8994744071,-0.05255685744007943
419.755877420055,3253.54895333126,1013678.20487741,-0.04453166078760563
419.755877420055,3253.54895333126,1007507.6910693739,-0.0395758218498634
419.755877420055,3253.54895333126,1000564.6479167384,-0.03586141559780683
419.755877420055,3253.54895333126,1004793.3151928774,-0.039824746427148804
419.755877420055,3253.54895333126,998609.6335424372,-0.03404344157283111
419.755877420055,3253.54895333126,993214.8783071956,-0.027161467338662978
419.755877420055,3253.54895333126,990009.1878442409,-0.023423981544917163
419.755877420055,3253.54895333126,992042.1751782671,-0.025887375158427955
419.755877420055,3253.54895333126,989294.0796735336,-0.022994557291029588
419.755877420055,3253.54895333126,987973.9520580497,-0.0219484302774798
419.755877420055,3253.54895333126,986832.1465587899,-0.02046723549416319
419.755877420055,3163.58879370492,974933.9994785372,-0.00782040768989286
419.755877420055,3163.58879370492,975300.5244172367,-0.00820415017419946
419.755877420055,3114.63314272931,974297.0777453934,-0.006646526491936422
419.755877420055,3114.63314272931,972515.6664308138,-0.004944630105082132
419.755877420055,3114.63314272931,965945.7656439539,-0.0012274913741040288
419.755877420055,3114.63314272931,960395.3658860242,0.0026369599903951165
419.755877420055,3114.63314272931,958423.0695172976,0.0035586773219704352
419.755877420055,3114.63314272931,953172.3437091787,0.008068743979836318
419.755877420055,3114.63314272931,945891.8149205367,0.01591096954737429
419.755877420055,3114.63314272931,943842.2933831037,0.017846716169056018
419.755877420055,3114.63314272931,943470.3457556153,0.018258289078871906
419.755877420055,3114.63314272931,946608.131904823,0.015103432679718342
419.755877420055,3114.63314272931,949286.0223507534,0.01361613762196515
419.755877420055,3114.63314272931,945982.1793500697,0.017451020047604977
419.755877420055,3114.63314272931,944744.5375075033,0.01829294285642203
419.755877420055,3114.63314272931,941245.2082889586,0.019041674703388977
419.755877420055,3114.63314272931,941348.8440290993,0.019008314307606886
419.755877420055,3114.63314272931,940343.4347454987,0.01958281826979861
419.755877420055,3114.63314272931,940352.8048478224,0.019581641925344374
419.755877420055,3114.63314272931,941612.9883188556,0.01939759464930795
419.755877420055,3114.63314272931,938654.4592212522,0.017962156702592866
419.755877420055,3114.63314272931,938725.4964021685,0.017967959736499357
419.755877420055,3114.63314272931,939059.9318659817,0.018318383382267225
419.755877420055,3114.63314272931,937728.3470287961,0.01663748119108678
419.755877420055,3114.63314272931,937283.9989992988,0.015565534947418259
419.755877420055,3114.63314272931,934211.2669233395,0.009524657791666604
419.755877420055,3114.63314272931,933186.4009090142,0.008851345142662712
419.755877420055,3114.63314272931,930995.6754635453,0.004003932183858083
419.755877420055,3114.63314272931,930450.3732561237,0.0028317818200076336
419.755877420055,3114.63314272931,929421.67151408,0.00015206023396953957
419.755877420055,3114.63314272931,927790.1813986298,-0.007036036970505525
419.755877420055,3114.63314272931,926030.5298167546,-0.011470085824625347
419.755877420055,3114.63314272931,924744.0039091524,-0.017966391253479437
419.755877420055,3114.63314272931,923619.1644193692,-0.023315227759582505
419.755877420055,3114.63314272931,923481.5708638186,-0.024506907323097064
478.55992552862,3114.63314272931,923511.0293142756,-0.030534092461760972
478.55992552862,3114.63314272931,923482.0768597343,-0.029244080977865742
479.971672216282,3114.63314272931,923412.7505826058,-0.03283949063974453
479.971672216282,3114.63314272931,923699.6722503703,-0.035382741956902525
479.971672216282,3114.63314272931,924346.4318544394,-0.042041409969767456
527.102277644665,3114.63314272931,924384.2688448192,-0.046858024107536575
527.102277644665,3114.63314272931,925478.1293780602,-0.051294064268500764
527.102277644665,3114.63314272931,925876.0643184333,-0.054127864416135915
527.102277644665,3114.63314272931,926333.2803191575,-0.05709372259186908
527.102277644665,3114.63314272931,926239.9770505452,-0.056361786048772955
527.102277644665,3114.63314272931,926281.7031218512,-0.0564504278298846
527.102277644665,3114.63314272931,926316.2241260713,-0.05649735834610747
527.102277644665,3114.63314272931,925913.6776371906,-0.0558263736032857
527.102277644665,3114.63314272931,929049.1066390728,-0.05924474673908585
527.102277644665,3114.63314272931,932329.6593293307,-0.06384646456852969
527.102277644665,3114.63314272931,933762.4276495853,-0.0650483665684945
527.102277644665,3114.63314272931,936920.3655448044,-0.06497010692021697
527.102277644665,3114.63314272931,935645.0377760285,-0.06407125808209375
527.102277644665,3114.63314272931,937565.456725887,-0.06443248465585433
527.102277644665,3114.63314272931,940703.3780080501,-0.06420340119037234
527.102277644665,3114.63314272931,942321.244845959,-0.0649691738963647
527.102277644665,3114.63314272931,943400.9491593589,-0.06481093848290724
527.102277644665,3114.63314272931,945521.6582870203,-0.06431311171064687
527.102277644665,3114.63314272931,947000.8427194261,-0.06391114508529346
527.102277644665,3114.63314272931,949986.2947996475,-0.0626293043787116
527.102277644665,3114.63314272931,954135.1855805746,-0.06139166190701983
527.102277644665,3114.63314272931,956206.0414713959,-0.060651447895935635
527.102277644665,3114.63314272931,959241.0590625971,-0.057731285112616486
527.102277644665,3114.63314272931,960845.6836769752,-0.05664712912470201
527.102277644665,3114.63314272931,962453.5021056605,-0.055470447696689934
527.102277644665,3114.63314272931,967013.6584943412,-0.051161395381790244
527.102277644665,3260.2507781243003,971404.395364851,-0.04497042805668269
527.102277644665,3260.2507781243003,970799.056398853,-0.045383763259540764
527.102277644665,3260.2507781243003,974073.1884845814,-0.04181979585801156
527.102277644665,3260.2507781243003,978126.3746152129,-0.03724134716079244
527.102277644665,3260.2507781243003,983587.9354489449,-0.032223808400277505
527.102277644665,3470.32260954146,994273.4458324696,-0.016903707471643686
527.102277644665,3470.32260954146,998192.5973360081,-0.011408294119159624
527.102277644665,3470.32260954146,999495.8587444873,-0.010066828808715084
527.102277644665,3470.32260954146,1004557.5600406738,-0.006349964541352708
527.102277644665,3470.32260954146,1010492.2695388339,0.0006527062731591557
527.102277644665,3470.32260954146,1015636.8873414211,0.007012448781872337
527.102277644665,3470.32260954146,1021444.2259453577,0.013303604866706264
527.102277644665,3470.32260954146,1021993.1680516464,0.013847371408216649
527.102277644665,3470.32260954146,1027567.2650579283,0.019441794343559693
527.102277644665,3470.32260954146,1033335.7578905664,0.023773171806825404
527.102277644665,3470.32260954146,1040534.2106527626,0.032591663158668564
527.102277644665,3470.32260954146,1041766.8742371657,0.03349416211425489
527.102277644665,3470.32260954146,1044502.0393079079,0.03586574233427887
527.102277644665,3470.32260954146,1043673.6258451897,0.03524466959170136
527.102277644665,3470.32260954146,1044802.4750910155,0.035915105517073984
527.102277644665,3470.32260954146,1051530.2808307917,0.038775327333024925
527.102277644665,3470.32260954146,1054472.743359334,0.040472883162491716
527.102277644665,3470.32260954146,1059869.6802402446,0.04156524616956725
527.102277644665,3470.32260954146,1068200.0285338263,0.04672213618882519
527.102277644665,3470.32260954146,1070118.9720399657,0.04772733863623586
527.102277644665,3470.32260954146,1079354.1671451267,0.050095496053926825
527.102277644665,3470.32260954146,1080627.8003296563,0.050159602736313764
527.102277644665,3470.32260954146,1084431.2520955817,0.05005277714066883
527.102277644665,3470.32260954146,1085569.9578146858,0.04972520269373987
527.102277644665,3470.32260954146,1090131.407236272,0.05116686701714697
527.102277644665,3470.32260954146,1090765.5629398723,0.05098371807052827
527.102277644665,3470.32260954146,1094611.0009564762,0.051660226688446886
527.102277644665,3470.32260954146,1097196.962369624,0.04937550202475486
527.102277644665,3470.32260954146,1100758.2701610238,0.04667099667540895
527.102277644665,3470.32260954146,1100506.9073545393,0.04710085253716017
527.102277644665,3470.32260954146,1102734.3493774096,0.044986365781479125
527.102277644665,3470.32260954146,1105985.93037675,0.040798141795421065
527.102277644665,3470.32260954146,1106655.8953126695,0.03932836041966599
527.102277644665,3470.32260954146,1109054.3580952303,0.03484352635085206
527.102277644665,3470.32260954146,1110013.6689312682,0.03329543904480077
527.102277644665,3470.32260954146,1109646.1476848207,0.034247552752570666
527.102277644665,3470.32260954146,1111562.5297346367,0.03118264390317831
527.102277644665,3470.32260954146,1109821.9576761047,0.03470852321360971
527.102277644665,3470.32260954146,1110946.766217019,0.03073416320685475
527.102277644665,3470.32260954146,1112185.9942521134,0.027085103999512982
527.102277644665,3470.32260954146,1110760.327955054,0.03072310936906018
527.102277644665,3470.32260954146,1111849.5921916887,0.026133032266009226
527.102277644665,3470.32260954146,1112460.3937860876,0.021232816085846155
585.7360270218969,3470.32260954146,1113523.8979647772,0.01125024107792405
663.5886879876709,3470.32260954146,1113449.1161091302,0.006970689278242481
663.5886879876709,3470.32260954146,1112676.8159999347,0.0013755327650955946
684.384148110143,3470.32260954146,1111786.506475672,-0.0074574275316310916
684.384148110143,3470.32260954146,1111234.147884812,-0.012402420371578435
684.384148110143,3470.32260954146,1110863.0610351851,-0.015438062905988453
684.384148110143,3470.32260954146,1110103.2713653345,-0.020885076760232973
684.384148110143,3470.32260954146,1108815.8634200178,-0.027051785426806477
684.384148110143,3470.32260954146,1105958.6914240392,-0.034269578089179756
684.384148110143,3470.32260954146,1104987.1088950234,-0.038414113869708146
684.384148110143,3470.32260954146,1103637.147625045,-0.04307278395291186
684.384148110143,3470.32260954146,1103002.6629837886,-0.04550876244681645
684.384148110143,3470.32260954146,1098195.702795711,-0.052969996590029926
684.384148110143,3470.32260954146,1095071.6131041613,-0.05919536751122468
684.384148110143,3470.32260954146,1095067.5946790243,-0.05920330990626157
684.384148110143,3470.32260954146,1093463.9739934164,-0.060986523590107394
684.384148110143,3470.32260954146,1094367.9473949666,-0.06003260036870674
684.384148110143,3470.32260954146,1093003.5908175847,-0.06129554916387645
684.384148110143,3470.32260954146,1091815.0166175247,-0.0619192495623207
684.384148110143,3470.32260954146,1090020.297837065,-0.06342696304321968
684.384148110143,3470.32260954146,1083940.869958431,-0.06360890596696699
684.384148110143,3470.32260954146,1081167.080176098,-0.06394775306823391
684.384148110143,3470.32260954146,1080746.0754454213,-0.06399544220673377
684.384148110143,3470.32260954146,1079891.7183960236,-0.06428141726199002
684.384148110143,3470.32260954146,1079100.838251902,-0.06429268693414918
684.384148110143,3470.32260954146,1078419.4143308846,-0.06410809133061426
684.384148110143,3470.32260954146,1079897.6722014388,-0.06443488718943201
684.384148110143,3470.32260954146,1074637.083456867,-0.06396946824632879
684.384148110143,3470.32260954146,1069804.292764087,-0.061039724547337776
684.384148110143,3470.32260954146,1067628.4320281728,-0.05989502476368958
684.384148110143,3470.32260954146,1064166.0112604967,-0.058014856034769656
684.384148110143,3470.32260954146,1062473.8675087474,-0.05706501775531787
684.384148110143,3470.32260954146,1058736.4604359493,-0.05442050800021955
684.384148110143,3470.32260954146,1057136.2409615233,-0.0534839813727896
684.384148110143,3470.32260954146,1059143.4001583874,-0.054394563679701434
684.384148110143,3470.32260954146,1053030.6437508643,-0.047610547783714936
684.384148110143,3470.32260954146,1049202.2925850798,-0.045436594240767805
684.384148110143,3470.32260954146,1043802.9429150664,-0.040490300842056265
684.384148110143,3470.32260954146,1041711.2856237735,-0.03816678114506293
684.384148110143,3470.32260954146,1031402.5900641668,-0.027553851000452094
684.384148110143,3470.32260954146,1031060.4846555928,-0.027153310742759226
684.384148110143,3470.32260954146,1029041.8231524202,-0.0253187483658029
684.384148110143,3470.32260954146,1022192.3021041914,-0.017325720884403876
684.384148110143,3470.32260954146,1025065.5852608451,-0.01954198715523388
684.384148110143,3470.32260954146,1018908.4651911693,-0.013453521715579597
684.384148110143,3283.1929654882733,1012612.0535980635,-0.004276012694949927
684.384148110143,3283.1929654882733,1005862.1009363257,0.0006628398461332047
684.384148110143,3283.1929654882733,1006768.2793210639,0.00022538009445868866
684.384148110143,3283.1929654882733,1003734.976542726,0.0012962285868595197
684.384148110143,3283.1929654882733,1002003.1298471979,0.00224477970046743
684.384148110143,3283.1929654882733,1004261.2066591785,0.00011156390925745491
684.384148110143,3283.1929654882733,1000902.6644901835,0.0020702866845853873
684.384148110143,3283.1929654882733,995953.8494551037,0.005660064537978231
684.384148110143,3283.1929654882733,987495.5658756031,0.012336933327586378
684.384148110143,3212.6423467806176,977283.0419708517,0.021360517209970037
684.384148110143,3212.6423467806176,970953.5011813755,0.026156876331814096
684.384148110143,3212.6423467806176,963041.6844924552,0.0324303176924042
684.384148110143,3212.6423467806176,959308.7602085699,0.03536033418588374
684.384148110143,3212.6423467806176,955752.9376653169,0.03523770950026201
684.384148110143,3212.6423467806176,954712.0598372486,0.036072873268915145
684.384148110143,3212.6423467806176,952561.040554976,0.03788674177104925
684.384148110143,3212.6423467806176,950582.6067832684,0.03895757232280966
684.384148110143,3212.6423467806176,943936.2724762381,0.0401883609923897
684.384148110143,3212.6423467806176,944808.8274933394,0.04026787168383281
684.384148110143,3212.6423467806176,940771.2777673127,0.04077322126087474
684.384148110143,3212.6423467806176,938634.5257580052,0.039792311279212754
684.384148110143,3212.6423467806176,938303.5564974986,0.03956104562594879
684.384148110143,3212.6423467806176,940868.421359268,0.04116033507575654
684.384148110143,3212.6423467806176,940410.0756360807,0.04004235045747025
684.384148110143,3212.6423467806176,936706.6703555015,0.03720034278871058
684.384148110143,3212.6423467806176,935987.0684547193,0.03547824654639605
684.384148110143,3212.6423467806176,934262.4707723669,0.03239511521556556
684.384148110143,3212.6423467806176,933455.4430643256,0.0307028775945297
684.384148110143,3212.6423467806176,933488.1190695273,0.030845733876267555
684.384148110143,3212.6423467806176,931918.1469914211,0.024902160440931482
684.384148110143,3212.6423467806176,932466.9696799589,0.026904921666786343
684.384148110143,3212.6423467806176,932350.5120251877,0.026431282245733607
703.181728717577,3212.6423467806176,931619.6944191817,0.018805254919671572
703.181728717577,3212.6423467806176,931807.1510014356,0.021476236784822474
717.485556055115,3212.6423467806176,931562.0147501727,0.017625972433608132
717.485556055115,3212.6423467806176,931550.3205516253,0.01749410600016445
717.485556055115,3212.6423467806176,931802.1393005161,0.0142809800540772
717.485556055115,3212.6423467806176,932093.1389367193,0.01191255342055115
724.686262128822,3212.6423467806176,932294.7452983636,0.006976386885085118
724.686262128822,3212.6423467806176,933339.3913291567,0.0032882437415469854
724.686262128822,3212.6423467806176,933750.582019705,-0.00020134846566402745
724.686262128822,3212.6423467806176,934464.8431495035,-0.004742165799033448
742.4930625443809,3212.6423467806176,936653.6122710723,-0.015477959015108254
742.4930625443809,3212.6423467806176,938012.243066585,-0.019318442816331886
742.4930625443809,3212.6423467806176,939654.7427257546,-0.022477469478557714
742.4930625443809,3212.6423467806176,942922.5053277627,-0.028084060549793257
742.4930625443809,3212.6423467806176,943251.1271358455,-0.028475623369153207
742.4930625443809,3212.6423467806176,944807.5247475087,-0.03003362703273344
742.4930625443809,3212.6423467806176,945404.6636917113,-0.030841905656062787
742.4930625443809,3212.6423467806176,945360.2607033801,-0.030827931979755394
742.4930625443809,3212.6423467806176,948075.8218149178,-0.03422677010057897
742.4930625443809,3212.6423467806176,951611.0846305956,-0.03470038535033596
742.4930625443809,3212.6423467806176,952280.714336729,-0.034811669025883195
742.4930625443809,3212.6423467806176,955592.1624725531,-0.036177784135646304
742.4930625443809,3212.6423467806176,958071.9625909097,-0.03644614866074305
742.4930625443809,3212.6423467806176,957196.6216852298,-0.03610286674622783
742.4930625443809,3212.6423467806176,958473.814007098,-0.036226700094495766
742.4930625443809,3212.6423467806176,965007.6923646969,-0.031673723917256646
742.4930625443809,3212.6423467806176,969267.0881867761,-0.029538364602133167
742.4930625443809,3212.6423467806176,973359.1587923248,-0.028154822465522634
742.4930625443809,3212.6423467806176,974344.3310501856,-0.027504465001693772
742.4930625443809,3212.6423467806176,977858.6375825285,-0.025717510574578554
742.4930625443809,3212.6423467806176,982909.5892556538,-0.022331659211582075
742.4930625443809,7128.773208765677,1167496.331294266,0.7514292262178649
742.4930625443809,7128.773208765677,1347618.354827907,1.2058767307850649
742.4930625443809,7128.773208765677,1353400.6146281017,1.1977764243787752
742.4930625443809,7128.773208765677,1353452.4831171408,1.197710991398219
742.4930625443809,7128.773208765677,1354881.818764975,1.1961327145979292
742.4930625443809,7128.773208765677,1359319.7812863674,1.1916714132066746
742.4930625443809,7128.773208765677,1353529.8788852536,1.1969711515196482
742.4930625443809,7128.773208765677,1356732.890299071,1.1944766867402756
742.4930625443809,7128.773208765677,1364271.5157445339,1.1875502671098424
742.4930625443809,7128.773208765677,1369020.7525749223,1.1825889812443426
742.4930625443809,7128.773208765677,1371235.6789746846,1.180721850598565
742.4930625443809,7128.773208765677,1376086.737326312,1.177246914226634
742.4930625443809,7128.773208765677,1376758.5108554347,1.1766161791566185
742.4930625443809,7128.773208765677,1379449.5436058112,1.173606351015898
742.4930625443809,7128.773208765677,1379298.0330305977,1.1737607889982176
742.4930625443809,7128.773208765677,1380883.414368099,1.17205964373079
742.4930625443809,7128.773208765677,1378711.5164435117,1.1739058853278117
742.4930625443809,7128.773208765677,1385029.9141683916,1.1674268585140537
742.4930625443809,7128.773208765677,1386511.0914160032,1.1658029353370305
742.4930625443809,7128.773208765677,1391521.5636661074,1.1600180832595548
742.4930625443809,7128.773208765677,1397417.4815885918,1.153407789614796
742.4930625443809,7128.773208765677,1398256.0316423704,1.1523933498806906
742.4930625443809,7128.773208765677,1405800.7416491318,1.1451898686204733
742.4930625443809,7128.773208765677,1413429.94167401,1.1373707748759676
742.4930625443809,7128.773208765677,1410222.6416002964,1.1411957321348203
742.4930625443809,7128.773208765677,1412528.931905996,1.1382998239123463
742.4930625443809,7128.773208765677,1412691.6236272918,1.1381131055300011
742.4930625443809,7128.773208765677,1417967.7849280534,1.1307186816046897
742.4930625443809,7128.773208765677,1419421.9068199552,1.128461641839801
742.4930625443809,7128.773208765677,1423903.5348884258,1.1210073580564452
742.4930625443809,7128.773208765677,1426170.6944835798,1.1182624261505576
742.4930625443809,7128.773208765677,1432454.877644982,1.108556702903648
742.4930625443809,7128.773208765677,1433499.326273047,1.1070867041741552
742.4930625443809,7128.773208765677,1438094.546919275,1.0987144129966464
742.4930625443809,7128.773208765677,1439872.2445429794,1.0952438409550274
742.4930625443809,7128.773208765677,1444221.5720368815,1.0838204530218007
742.4930625443809,7128.773208765677,1448803.5531844962,1.0752561105241871
742.4930625443809,7128.773208765677,1451170.149711445,1.070140119076829
742.4930625443809,7128.773208765677,1453840.1912670953,1.0619593191483057
742.4930625443809,7128.773208765677,1458430.1371625115,1.0519978025913406
742.4930625443809,7128.773208765677,1459873.7068476963,1.0476582297148398
742.4930625443809,7128.773208765677,1463815.2129021967,1.0352204374953284
742.4930625443809,7128.773208765677,1465341.0624079371,1.0310728016102075
742.4930625443809,7128.773208765677,1467511.4069590524,1.0223213848916965
742.4930625443809,7128.773208765677,1468537.8792222908,1.0177906189110357
742.4930625443809,7128.773208765677,1470083.0155459696,1.0121241629255164
742.4930625443809,7128.773208765677,1470247.28012319,1.0103113530328491
742.4930625443809,7128.773208765677,1470309.2648977125,1.009863634670074
742.4930625443809,7128.773208765677,1470694.588340276,1.0063174336304321
742.4930625443809,7128.773208765677,1470902.278705322,1.004912531682222
779.863328518173,7128.773208765677,1470942.893039159,0.9993514857122087
915.341751819988,7128.773208765677,1470448.374007718,0.9941578066744162
915.341751819988,7128.773208765677,1470314.7131944979,0.991667560418097
926.805950841353,7128.773208765677,1469860.3346343464,0.9868476785496154
926.805950841353,7128.773208765677,1469230.860605388,0.9843942952316609
926.805950841353,7128.773208765677,1469667.8887793394,0.9853980832185424
926.805950841353,7128.773208765677,1469052.865858875,0.983173977826285
926.805950841353,7128.773208765677,1467738.6339477734,0.979135585878111
926.805950841353,7128.773208765677,1466636.5532380145,0.9758526227267653
926.805950841353,7128.773208765677,1466026.3647709144,0.9748833706811875
926.805950841353,7128.773208765677,1465258.03611378,0.9738441862873095
926.805950841353,7128.773208765677,1463646.778612759,0.9709424770642415
926.805950841353,7128.773208765677,1463680.7434617064,0.9709670356244788
926.805950841353,7128.773208765677,1461539.921891138,0.9704012022553077
926.805950841353,7128.773208765677,1458230.4923400495,0.9698953770193067
926.805950841353,7128.773208765677,1454612.0368069005,0.9711446004854156
926.805950841353,7128.773208765677,1452269.700376222,0.9717813755972112
926.805950841353,7128.773208765677,1447357.8247571418,0.9735040565545009
926.805950841353,7128.773208765677,1446245.328687879,0.9739953559712481
926.805950841353,7128.773208765677,1442379.4827486505,0.9758043416150544
926.805950841353,7128.773208765677,1440173.4645015837,0.9776396319513706
926.805950841353,7128.773208765677,1438556.839260669,0.979343797862066
926.805950841353,7128.773208765677,1434506.039036424,0.9821306215890824
926.805950841353,7128.773208765677,1430135.610188158,0.9862810688800312
926.805950841353,7128.773208765677,1424657.7090731878,0.992516995923938
926.805950841353,7128.773208765677,1418840.8818032027,0.9997197551665654
926.805950841353,7128.773208765677,1415854.1799910208,1.0022044637286371
926.805950841353,7128.773208765677,1412775.0128901482,1.006323909955324
926.805950841353,7128.773208765677,1405495.4027606093,1.015069338398209
926.805950841353,7128.773208765677,1403184.7412428993,1.0183324048862281
926.805950841353,7128.773208765677,1398231.939831741,1.0252804712032515
926.805950841353,7128.773208765677,1393716.1161161533,1.0318221277002915
926.805950841353,7128.773208765677,1387881.2788481906,1.0400297898465811
926.805950841353,7128.773208765677,1386524.9315214693,1.042344441529888
926.805950841353,7128.773208765677,1380262.4008771495,1.0526847946353353
926.805950841353,7128.773208765677,1378374.170981979,1.0554944197829323
926.805950841353,7128.773208765677,1372953.523276005,1.0638329817835037
926.805950841353,7128.773208765677,1362709.792872304,1.080999626090586
926.805950841353,7128.773208765677,1363073.1306725407,1.0803904330605905
926.805950841353,7082.160094674145,1353578.873397622,1.097855050328879
926.805950841353,7082.160094674145,1347622.8534559035,1.108136780390339
926.805950841353,7082.160094674145,1340467.0846847135,1.1200914067212993
926.805950841353,7082.160094674145,1334278.5908477004,1.1318059818836477
926.805950841353,7082.160094674145,1328763.8853148504,1.1409385841926305
926.805950841353,7035.316543545404,1320657.3951012252,1.1569953330444904
926.805950841353,7035.316543545404,1321265.1665417105,1.1559633660286197
926.805950841353,7035.316543545404,1317421.0019810374,1.1626051354807565
926.805950841353,7035.316543545404,1317197.1517542382,1.162960238753978
926.805950841353,7035.316543545404,1314415.842962543,1.1676258367577004
926.805950841353,6856.851743113192,1304408.619174564,1.186478228385555
926.805950841353,6856.851743113192,1303175.0022847268,1.1886324917950801
926.805950841353,6856.851743113192,1301428.096556065,1.191660031697902
926.805950841353,6856.851743113192,1300943.2011821666,1.192447410126565
926.805950841353,6856.851743113192,1298150.066409259,1.1964115545625178
926.805950841353,6856.851743113192,1292699.7879547502,1.203795290146627
926.805950841353,6856.851743113192,1289354.3535418836,1.2085304625792892
926.805950841353,6856.851743113192,1283353.8802220486,1.217713153069479
926.805950841353,6856.851743113192,1280799.0707589972,1.2204061159911215
926.805950841353,6856.851743113192,1275176.566264258,1.2304258608398362
926.805950841353,6856.851743113192,1271184.0885195935,1.2378363728637156
926.805950841353,6856.851743113192,1267981.3660853428,1.2432398692731446
926.805950841353,6856.851743113192,1266845.4250476242,1.2444908441594167
926.805950841353,6856.851743113192,1262411.2427737531,1.250563176544835
926.805950841353,6856.851743113192,1264320.5051219543,1.2475907383696536
926.805950841353,6856.851743113192,1260948.2908357522,1.2501516316137327
926.805950841353,6856.851743113192,1258521.1540921507,1.2525781450734954
926.805950841353,6856.851743113192,1253144.1828990201,1.2587708740459957
926.805950841353,6856.851743113192,1252524.2790198524,1.2589142348642024
926.805950841353,6856.851743113192,1252422.2392642263,1.258989616993677
926.805950841353,6856.851743113192,1252348.5591392245,1.2590108745745174
926.805950841353,6856.851743113192,1250192.7386906305,1.2583771858414412
926.805950841353,6856.851743113192,1247159.8090283377,1.2561615197120133
926.805950841353,6856.851743113192,1245689.9314043673,1.254949002826987
926.805950841353,6856.851743113192,1244950.807589595,1.2536609747002954
926.805950841353,6856.851743113192,1243826.107786815,1.2537086942087898
926.805950841353,6856.851743113192,1241681.9342199476,1.2500883970823295
926.805950841353,6856.851743113192,1241409.9325659324,1.2480877239016155
926.805950841353,6856.851743113192,1240391.0878437401,1.2459163286709556
926.805950841353,6856.851743113192,1239948.5399855422,1.24343818943029
955.332374569302,6856.851743113192,1238888.2084120212,1.2372163760758417
964.981478342882,6856.851743113192,1239334.7422899115,1.230506035363986
955.332374569302,6856.851743113192,1239382.6575096382,1.2314125057082634
964.981478342882,6856.851743113192,1239699.1528361845,1.2252381485932546
964.981478342882,6856.851743113192,1240193.9478021944,1.222200027508934
964.981478342882,6856.851743113192,1240918.6393248732,1.2152502828374805
964.981478342882,6856.851743113192,1241505.2803814218,1.210352569592584
964.981478342882,6856.851743113192,1241516.5779906672,1.210290176260445
964.981478342882,6856.851743113192,1242075.5265128012,1.207470817556742
964.981478342882,6856.851743113192,1243085.4480246664,1.2036001026806655
964.981478342882,6856.851743113192,1242176.4026565196,1.2073166172609406
964.981478342882,6856.851743113192,1242060.002839716,1.2078302172938904
964.981478342882,6856.851743113192,1242004.6430156531,1.2080263275577023
964.981478342882,6856.851743113192,1242377.4908660634,1.206492551997945
964.981478342882,6856.851743113192,1241635.424058759,1.2089966137542008
964.981478342882,6856.851743113192,1245323.354108938,1.1999047098676403
964.981478342882,6856.851743113192,1244247.545359133,1.202566256059312
964.981478342882,6856.851743113192,1245301.9609109315,1.1999118334967354
964.981478342882,6856.851743113192,1245512.0999622622,1.1993902281708604
964.981478342882,6856.851743113192,1248257.6463101476,1.193897929300552
964.981478342882,6856.851743113192,1253439.7240447756,1.1823105967693357
964.981478342882,6856.851743113192,1259017.2629000002,1.1722744517997636
964.981478342882,6856.851743113192,1257138.1705322189,1.175120314967112
964.981478342882,6856.851743113192,1260769.2277610279,1.1701692205475185
964.981478342882,6856.851743113192,1263391.16967731,1.1661468154859431
964.981478342882,6856.851743113192,1263819.0319993147,1.1654177840466922
964.981478342882,6856.851743113192,1269166.3131251654,1.1586586811390511
964.981478342882,6856.851743113192,1274452.3994769948,1.152954881368266
964.981478342882,6856.851743113192,1109573.7590573092,0.7110402123423105
964.981478342882,3031.3942803517616,941178.914686092,-0.025812979818772775
964.981478342882,3031.3942803517616,941680.0635036826,-0.025484350588272402
964.981478342882,3031.3942803517616,947287.1625094818,-0.02117714821097232
964.981478342882,3031.3942803517616,948420.5952908036,-0.020385215580905978
964.981478342882,3031.3942803517616,946694.5714338431,-0.0218261984557174
964.981478342882,3093.942883926552,954652.6117599423,-0.014021249871739017
964.981478342882,3093.942883926552,955129.417374175,-0.01344582026325085
964.981478342882,3093.942883926552,955024.8026828932,-0.013576213735754744
964.981478342882,3093.942883926552,957078.407354946,-0.011432713618814445
964.981478342882,3226.353130293562,963608.266078203,-0.0023298391263548873
964.981478342882,3226.353130293562,960472.1358329817,-0.005821215381662141
964.981478342882,3226.353130293562,964331.4893430426,-0.001959624114186937
964.981478342882,3226.353130293562,971496.6046973536,0.005858384108309105
964.981478342882,3226.353130293562,978375.424952477,0.012586103429982958
964.981478342882,3226.353130293562,982673.3421330912,0.01611725514023863
964.981478342882,3226.353130293562,987808.0909580797,0.020838537090716494
964.981478342882,3226.353130293562,990346.5478102291,0.023438507067899576
964.981478342882,3273.381564701112,1000551.482576382,0.034475153896791934
964.981478342882,3273.381564701112,1005185.8256572539,0.03847491409938338
964.981478342882,3273.381564701112,1007120.2599551915,0.039949695759331244
964.981478342882,3273.381564701112,1016356.8769113084,0.04724810484588724
964.981478342882,3273.381564701112,1014202.2375411418,0.045640128521019424
964.981478342882,3273.381564701112,1016462.5516552982,0.047795483499508164
964.981478342882,3273.381564701112,1026280.8243723888,0.05319606630884889
964.981478342882,3273.381564701112,1028308.0804443944,0.05371743151558534
964.981478342882,3273.381564701112,1033291.2370170027,0.05597383563779993
964.981478342882,3273.381564701112,1038669.3017511026,0.05894385551001991
964.981478342882,3273.381564701112,1046503.957133382,0.06121960801242823
964.981478342882,3273.381564701112,1053883.7908080257,0.06400622570275405
964.981478342882,3273.381564701112,1060081.2362819165,0.06715366674261923
964.981478342882,3273.381564701112,1062010.6720829818,0.06746763419611035
964.981478342882,3273.381564701112,1063226.7836112562,0.06715198350672527
964.981478342882,3273.381564701112,1064398.6005276644,0.06675890080503254
964.981478342882,3273.381564701112,1069377.869523502,0.0650253464283389
964.981478342882,3273.381564701112,1070293.6648289098,0.06413465399447305
964.981478342882,3273.381564701112,1072208.6940191598,0.06354522135307278
964.981478342882,3273.381564701112,1073001.467986388,0.06269052098445319
964.981478342882,3273.381564701112,1074779.2103199326,0.060168043747055554
964.981478342882,3273.381564701112,1075607.4059835924,0.059608587031088796
964.981478342882,3273.381564701112,1077448.1636079429,0.05637981722765316
964.981478342882,3273.381564701112,1077382.1892911803,0.056479674225187244
964.981478342882,3273.381564701112,1077993.6549126573,0.055307568840370476
964.981478342882,3273.381564701112,1081086.007136979,0.05067276110499536
964.981478342882,3273.381564701112,1081581.4658956265,0.048824457643384396
964.981478342882,3273.381564701112,1082477.5864305105,0.04659603411502202
964.981478342882,3273.381564701112,1083585.717390335,0.039499104219111035
964.981478342882,3273.381564701112,1087754.090373055,0.028189062850270768
964.981478342882,3273.381564701112,1088469.2937127622,0.02356608635622815
964.981478342882,3273.381564701112,1090343.1542636144,0.015825029825850743
964.981478342882,3273.381564701112,1091195.985803836,0.009638359057633696
1050.11438082944,3273.381564701112,1091141.4121062895,0.008086196988347144
1066.73413357969,3273.381564701112,1091277.9379605614,0.0015941467139888982
1237.76904758125,3273.381564701112,1091404.6778886195,-0.003534439182840371
1237.76904758125,3273.381564701112,1090796.8043880994,-0.009642953958540248
1237.76904758125,3273.381564701112,1089260.5213246574,-0.013968932360776122
1251.72002525253,3273.381564701112,1088822.531368024,-0.023712256756660444
1251.72002525253,3273.381564701112,1088499.2975987557,-0.025721158907710227
1251.72002525253,3273.381564701112,1088765.9258872548,-0.024729987796939794
1251.72002525253,3273.381564701112,1086972.067348817,-0.032231966738096855
1251.72002525253,3273.381564701112,1085679.8975399632,-0.035659799644506614
1251.72002525253,3273.381564701112,1085287.4770158948,-0.037035293307148213
1251.72002525253,3273.381564701112,1083440.0960219384,-0.03983683833828764
1251.72002525253,3273.381564701112,1083155.833743327,-0.040162427643295695
1251.72002525253,3273.381564701112,1081887.9194013006,-0.04218336998348909
1251.72002525253,3273.381564701112,1078184.5684848193,-0.04686719138502352
1251.72002525253,3273.381564701112,1075217.8029430604,-0.04960345492295756
1251.72002525253,3273.381564701112,1073568.3109235016,-0.05129177601370107
1251.72002525253,3273.381564701112,1069538.6490470904,-0.05364038832798796
1251.72002525253,3273.381564701112,1067087.8259056495,-0.05546101955710933
1251.72002525253,3273.381564701112,1062387.8743137035,-0.05603917149002474
1251.72002525253,3273.381564701112,1055798.4288019177,-0.0549970887242556
1251.72002525253,3273.381564701112,1054992.304685855,-0.05510773657526676
1251.72002525253,3273.381564701112,1053902.5469624877,-0.05487943423633763
1251.72002525253,3273.381564701112,1052291.216365485,-0.054297988361589514
1251.72002525253,3273.381564701112,1049224.4842997224,-0.05318213423618274
1251.72002525253,3273.381564701112,1049114.229769699,-0.05316096463271452
1251.72002525253,3273.381564701112,1043866.1414279448,-0.050224998567764835
1268.50047288097,4545.166298610872,1087065.8042707953,0.022219622844638937
1277.94308404911,4545.166298610872,1123818.7098302504,0.085429909586294
1277.94308404911,4545.166298610872,1116924.444787129,0.08899115271955718
1277.94308404911,4545.166298610872,1111788.25858042,0.09282473720155181
1277.94308404911,4545.166298610872,1108718.0933743466,0.09499715682190973
1277.94308404911,4499.711738252622,1100066.7231986332,0.10477961424679318
1277.94308404911,4499.711738252622,1097511.6699541614,0.10757824500159528
1277.94308404911,4499.711738252622,1094503.669994952,0.11082712154101187
1277.94308404911,4499.711738252622,1092743.5807937584,0.11257697168663601
1277.94308404911,4499.711738252622,1091322.099329544,0.11383357648426329
1277.94308404911,4399.49984415031,1084765.2955362808,0.1218391999876299
1277.94308404911,4399.49984415031,1077926.551005989,0.12762119476136283
1277.94308404911,4399.49984415031,1075902.2535488727,0.12992310643288676
1277.94308404911,4399.49984415031,1076676.0940113657,0.1290726690838135
1277.94308404911,4399.49984415031,1076556.1243166833,0.1292378710147392
1277.94308404911,4399.49984415031,1077923.101123664,0.12769796920583076
1277.94308404911,4399.49984415031,1069213.4633144767,0.13468728405744362
1277.94308404911,4384.152679522726,1063998.6831123824,0.14080418083594723
1277.94308404911,4384.152679522726,1059628.44308885,0.14508489674809763
1277.94308404911,4384.152679522726,1056227.2161084388,0.14882853262812323
1277.94308404911,4384.152679522726,1053200.2585383004,0.1520853929900546
1277.94308404911,4384.152679522726,1052446.552744263,0.15284559917231919
1277.94308404911,4384.152679522726,1047106.515479216,0.15857263018247575
1277.94308404911,4384.152679522726,1040295.418934953,0.16488304156160058
1277.94308404911,4384.152679522726,1034694.8943603443,0.17034340009169155
1277.94308404911,4384.152679522726,1034352.3836424327,0.1706513733485153
1277.94308404911,4384.152679522726,1035130.3435366416,0.17015063189801471
1277.94308404911,4384.152679522726,1037264.0929337628,0.16808260766329583
1277.94308404911,4384.152679522726,1034473.5327982743,0.16939783465222624
1277.94308404911,4384.152679522726,1032102.8642044625,0.16971280914939343
1277.94308404911,4384.152679522726,1031093.4551242013,0.17072757743349043
1277.94308404911,4384.152679522726,1025209.3265206594,0.17578455191699702
1277.94308404911,4384.152679522726,1021883.6525686643,0.17864567761163164
1277.94308404911,4384.152679522726,1022039.0879006534,0.17855352018275364
1277.94308404911,4384.152679522726,1018192.3439901154,0.1790174321746928
1277.94308404911,4384.152679522726,1008652.6862584413,0.18439121961808175
1277.94308404911,4384.152679522726,1005953.16131493,0.18267279840014297
1277.94308404911,4384.152679522726,1002907.1353775988,0.18243539530732722
1277.94308404911,4384.152679522726,1003628.6741966252,0.18227629934190925
1277.94308404911,4384.152679522726,1001861.9422536565,0.18125466352219036
1277.94308404911,4384.152679522726,998974.1670835807,0.1811246421987163
1277.94308404911,4384.152679522726,996621.8875806704,0.1799905529597277
1277.94308404911,4384.152679522726,996126.4209182481,0.1792869977702565
1277.94308404911,4384.152679522726,996615.0858345476,0.18032276281372764
1277.94308404911,4384.152679522726,995529.1098491675,0.17788702676405996
1277.94308404911,4384.152679522726,995620.4071874414,0.1780650371014865
1277.94308404911,4384.152679522726,993256.5070223442,0.17512666679504832
1277.94308404911,4384.152679522726,993037.1385318472,0.1742647424214502
1277.94308404911,4384.152679522726,992665.4302725213,0.17190255460746415
1277.94308404911,4384.152679522726,991962.3169892298,0.16935270471988828
1277.94308404911,4384.152679522726,991777.5417761466,0.16843736603140855
1277.94308404911,4384.152679522726,991983.3913643779,0.16999761325377258
1268.50047288097,4384.152679522726,992065.4466576163,0.17406766332547202
1268.50047288097,4384.152679522726,991519.4288963216,0.16910999054149176
1268.50047288097,4384.152679522726,991546.3158075149,0.1714318475201649
1268.50047288097,4384.152679522726,991725.276130596,0.1699729185115876
1237.76904758125,4384.152679522726,991636.4941178382,0.17425231333735247
1237.76904758125,4384.152679522726,991872.9935018008,0.1721850639817153
1237.76904758125,4384.152679522726,991869.1828008111,0.17223556460796643
1237.76904758125,4384.152679522726,993284.1555268674,0.16685355893546908
1237.76904758125,4384.152679522726,993225.104684455,0.16708964467156795
1237.76904758125,4384.152679522726,995467.112953418,0.1592375052879074
1237.76904758125,4384.152679522726,996603.8289104601,0.154319473864356
1237.76904758125,4384.152679522726,997872.8596377902,0.15037278723962624
1237.76904758125,4384.152679522726,998940.3111836303,0.1464962043554006
1237.76904758125,4384.152679522726,998889.5343779416,0.146762437698479
1237.76904758125,4384.152679522726,1001086.3988787319,0.14510378782226752
1237.76904758125,4384.152679522726,1001819.4427188422,0.1434710528293392
1237.76904758125,4384.152679522726,1008173.7351796927,0.13966363155116165
1237.76904758125,4384.152679522726,1011540.9656254514,0.13569965440905613
1237.76904758125,4384.152679522726,1011895.2238577289,0.13540877538422103
1237.76904758125,4384.152679522726,1014287.4475743695,0.13449408098694307
1237.76904758125,4384.152679522726,1016108.943516784,0.13431659517128455
1237.76904758125,4384.152679522726,1018514.1326283881,0.1330594501844017
1237.76904758125,4384.152679522726,1018997.3063098982,0.13305614964246823
1237.76904758125,4384.152679522726,1024940.8422683595,0.13428705559931892
1237.76904758125,4384.152679522726,1026833.5872534943,0.1331467284555628
1237.76904758125,4384.152679522726,1027229.7175411145,0.13323066153772214
1237.76904758125,4384.152679522726,1028711.4145674151,0.1339454294755478
1237.76904758125,4384.152679522726,1027240.6580179258,0.13381905253968793
1237.76904758125,4384.152679522726,1027376.666790595,0.13380276915893624
1237.76904758125,4384.152679522726,1035766.4375250412,0.13672848305463192
1237.76904758125,4384.152679522726,1037106.9077971915,0.13706573261355043
1237.76904758125,4384.152679522726,1040380.2049827218,0.13716681205239759
1237.76904758125,4384.152679522726,1046670.9518384524,0.13826597925381245
1237.76904758125,4384.152679522726,1047192.6938696157,0.1385285465571662
1237.76904758125,4384.152679522726,1049811.3726650523,0.13954551251523623
1237.76904758125,4384.152679522726,1050822.6713688415,0.13981579500394822
1237.76904758125,4384.152679522726,1053444.6430685916,0.14069658236927257
1237.76904758125,4384.152679522726,1056130.8086237002,0.14305862963181393
1237.76904758125,4384.152679522726,1063933.3885212063,0.14650086409259228
1237.76904758125,4384.152679522726,1066900.952975777,0.1477494789830234
1237.76904758125,4384.152679522726,1075820.8293454966,0.1564240620559861
1237.76904758125,4384.152679522726,1082692.795350176,0.16180179064920608
1237.76904758125,4384.152679522726,1085848.568444211,0.16283249023260352
1237.76904758125,4384.152679522726,1089415.2660696595,0.1645473770278514
1237.76904758125,4384.152679522726,1086787.2350578487,0.16459981538374954
1237.76904758125,4384.152679522726,1089132.3873964308,0.16653130164586216
1237.76904758125,4384.152679522726,1094001.6924692367,0.16914647640584282
1237.76904758125,4384.152679522726,1097809.2108129396,0.17007024406331864
1237.76904758125,4384.152679522726,1098522.307166978,0.1704296672031305
1237.76904758125,4384.152679522726,1104699.8594267517,0.17145476791006659
1237.76904758125,4384.152679522726,1109715.0774458374,0.17391819485574264
1237.76904758125,4384.152679522726,1108723.531044455,0.17366243851752436
1237.76904758125,4384.152679522726,1116784.2754651,0.17504864511288215
1237.76904758125,4384.152679522726,1121401.6103732362,0.17623054374323655
1237.76904758125,4384.152679522726,1121621.53661187,0.17624494824179046
1237.76904758125,4384.152679522726,1122364.0953497423,0.17631044247610222
1237.76904758125,4384.152679522726,1127037.3864781044,0.1780859711491053
1237.76904758125,4384.152679522726,1126486.5618058303,0.17804440681504016
1237.76904758125,4384.152679522726,1126839.2314486657,0.1778731060645221
1237.76904758125,4384.152679522726,1128545.4990694553,0.17649694358490134
1237.76904758125,4384.152679522726,1132395.1578992105,0.17413200328255257
1237.76904758125,4384.152679522726,1134683.7203904246,0.17318873075474062
1237.76904758125,4384.152679522726,1139600.9275621502,0.16849592639019015
1237.76904758125,4384.152679522726,1141169.0556371266,0.1672623325018621
1237.76904758125,4384.152679522726,1142209.3325884813,0.16536058099349277
1237.76904758125,4384.152679522726,1144822.8717511676,0.16148631251444162
1237.76904758125,4384.152679522726,1148083.8901951476,0.15825252955290692
1237.76904758125,4384.152679522726,1148205.7291594173,0.15793650666021056
1237.76904758125,4384.152679522726,1151543.6927022543,0.15202378372217198
1237.76904758125,4384.152679522726,1152312.911323926,0.14973490105005316
1237.76904758125,4384.152679522726,1152576.854400792,0.14925025316104512
1237.76904758125,4384.152679522726,1153455.523706735,0.14502753794394838
1237.76904758125,4384.152679522726,1155515.0175250287,0.13975743378624253
1237.76904758125,4384.152679522726,1156370.588447755,0.13574909214824873
1237.76904758125,4384.152679522726,1155827.61487844,0.13694500946522456
1237.76904758125,4384.152679522726,1156226.7470849028,0.13399074833554184
1237.76904758125,4384.152679522726,1155799.1472889485,0.13644879752680397
1237.76904758125,4384.152679522726,1155724.190607068,0.13749255482891876
1268.50047288097,4384.152679522726,1155371.713450094,0.1321837673226675
1277.94308404911,4384.152679522726,1155447.3583241028,0.1297127977040466
1320.76203034818,4384.152679522726,1155939.9455175383,0.12365326727136869
1356.47483972541,4384.152679522726,1155769.9882346631,0.1179730622314444
1356.47483972541,4384.152679522726,1154111.7099234108,0.11138176955852767
1356.47483972541,4384.152679522726,1154115.5745267344,0.11156351046292674
1356.47483972541,4384.152679522726,1153513.0489554654,0.1092981831617234
1356.47483972541,4384.152679522726,1151551.0601039492,0.10434369101689281
1356.47483972541,4384.152679522726,1151184.8939154842,0.10257636213626944
1364.154034816,4384.152679522726,1149146.7968734514,0.09247434927433214
1364.154034816,4384.152679522726,1147768.6434254672,0.0889569076307942
1364.154034816,4384.152679522726,1145143.8299531294,0.08460954277479034
1364.154034816,4384.152679522726,1143191.1961805148,0.08358430765711271
1364.154034816,4384.152679522726,1140173.525708494,0.07847884873910248
1364.154034816,4384.152679522726,1138003.3695257856,0.07458725928017046
1364.154034816,4384.152679522726,1137613.767526776,0.0743667962043673
1364.154034816,4384.152679522726,1135236.8566895386,0.07253720349411655
1364.154034816,4384.152679522726,1134070.942822691,0.07197978876144907
1364.154034816,4384.152679522726,1131875.329198813,0.07073501962476324
1364.154034816,4384.152679522726,1129288.7707788693,0.07027119993447743
1364.154034816,4384.152679522726,1124493.6036805806,0.06875412870758235
1364.154034816,4384.152679522726,1119704.0940453908,0.06887599693443142
1364.154034816,4384.152679522726,1113536.6425550564,0.07053183101622812
1364.154034816,4384.152679522726,1106563.1296912655,0.0729177965920134
1364.154034816,4384.152679522726,1104891.4343530422,0.07399530593987853
1364.154034816,4384.152679522726,1101981.8396446798,0.07582901303847678
1364.154034816,4384.152679522726,1095363.2776638835,0.07782210195255647
1356.47483972541,4384.152679522726,1057736.1279484953,0.036074336030052036
1320.76203034818,3433.758743969086,1019000.8708081526,-0.01569617321909833
1320.76203034818,3433.758743969086,1021323.3002911939,-0.016910296602015117
1320.76203034818,3433.758743969086,1014936.5135156376,-0.015642245532453174
1320.76203034818,3433.758743969086,1012929.4430456893,-0.014204873262193928
1320.76203034818,3433.758743969086,1008226.7520148118,-0.011053966200020787
1320.76203034818,3433.758743969086,1002740.3494021862,-0.005638324647656453
1320.76203034818,3433.758743969086,995721.0425669521,0.0002100810260353133
1320.76203034818,3433.758743969086,992987.502366436,0.003267536160343725
1320.76203034818,3433.758743969086,987457.5098233807,0.0077809420952352475
1320.76203034818,3433.758743969086,981564.6511450909,0.012992422475404851
1320.76203034818,3433.758743969086,983652.1539089107,0.011126135116771081
1320.76203034818,3433.758743969086,982854.6096648999,0.012207558475807396
1320.76203034818,3433.758743969086,976318.8109623854,0.019740601722000702
1320.76203034818,3348.237065630674,973839.6884836984,0.023943804611252933
1320.76203034818,3316.18015764809,966002.8711304418,0.03335927894124219
1320.76203034818,3316.18015764809,966512.7761903974,0.0330514755917268
1320.76203034818,3316.18015764809,962004.4586330793,0.03750130380088752
1320.76203034818,3316.18015764809,961324.8402047309,0.03822092613146677
1320.76203034818,3316.18015764809,954794.8062646983,0.04363371004256168
1320.76203034818,3316.18015764809,952066.689386034,0.04673331234179676
1320.76203034818,3316.18015764809,950382.0394255675,0.04891831309818977
1320.76203034818,3316.18015764809,949155.2182689218,0.05021479415807439
1320.76203034818,3316.18015764809,951802.5459564624,0.047550635880532266
1320.76203034818,3316.18015764809,953346.1380495592,0.04595577926982977
1320.76203034818,3316.18015764809,949331.9308821992,0.04968109554356962
1320.76203034818,3316.18015764809,946454.8361158939,0.05212481273394449
1320.76203034818,3316.18015764809,941147.8763947024,0.058319496349717684
1320.76203034818,3316.18015764809,941009.9614069338,0.05840120497369098
1320.76203034818,3316.18015764809,941978.3893078722,0.058053034643825836
1320.76203034818,3316.18015764809,936524.9305946393,0.06314240964766087
1320.76203034818,3316.18015764809,931289.2864220068,0.06412885130793972
1320.76203034818,3316.18015764809,928041.9750467166,0.06645932040201798
1320.76203034818,3316.18015764809,922249.8945229258,0.0691238088977136
1320.76203034818,3316.18015764809,922315.1412149151,0.06912005278218947
1320.76203034818,3316.18015764809,923685.4212715123,0.06904301386772049
1320.76203034818,3316.18015764809,925944.2144294106,0.06980450909702164
1320.76203034818,3316.18015764809,924579.5480518134,0.06925177942659094
1320.76203034818,3316.18015764809,920372.4889437887,0.07001387613938254
1320.76203034818,3316.18015764809,919159.3124346432,0.06906930972942331
1320.76203034818,3316.18015764809,916214.0777766112,0.06707320360211051
1320.76203034818,3316.18015764809,913798.0273393398,0.06417280438687757
1320.76203034818,3316.18015764809,913754.79384973,0.06412848402192219
1320.76203034818,3316.18015764809,911650.5632743535,0.05938324678986026
1320.76203034818,3316.18015764809,913073.0794111749,0.06146634043894912
1320.76203034818,3316.18015764809,913051.3786268333,0.06143965280901639
1320.76203034818,3316.18015764809,911023.066574578,0.05500798062699636
1320.76203034818,3316.18015764809,909943.3140221656,0.049536856796722505
1320.76203034818,3316.18015764809,910365.8490430322,0.05124582075159272
1320.76203034818,3316.18015764809,909450.4341555317,0.046086382577808616
1320.76203034818,3316.18015764809,909108.6085847665,0.04471400029998751
1356.47483972541,3316.18015764809,908380.6088176658,0.03497502644919776
1356.47483972541,3316.18015764809,907888.7328431193,0.029692397642467682
1364.154034816,3316.18015764809,907726.6449078451,0.02603885404056366
1372.7589405418198,3316.18015764809,907432.8564167474,0.02064082790392044
1364.154034816,3316.18015764809,907394.0365673414,0.02240134982527289
1372.7589405418198,3316.18015764809,907722.0211867889,0.011766419435182278
1372.7589405418198,3316.18015764809,908127.3789596242,0.008156913862751304
1373.92528811535,3316.18015764809,909055.1673407531,0.00014047896300631624
1373.92528811535,3316.18015764809,908654.7118798984,0.0019055939255109905
1373.92528811535,3316.18015764809,909299.6498654424,-0.0013300931760898667
1373.92528811535,3316.18015764809,909617.1097902802,-0.00207804299464126
1373.92528811535,3316.18015764809,909590.5728295279,-0.001959176056789321
1373.92528811535,3316.18015764809,909986.4767693767,-0.003099020218576474
1373.92528811535,3316.18015764809,911261.2158037159,-0.00649104188459562
1373.92528811535,3316.18015764809,914940.2097003638,-0.016056489774819493
1373.92528811535,3316.18015764809,913413.593463507,-0.014562788828920847
1373.92528811535,3316.18015764809,914898.686560063,-0.017371900086763252
1373.92528811535,3316.18015764809,913565.5142965058,-0.017407075219257155
1373.92528811535,3316.18015764809,913867.956132368,-0.017602254846294026
1373.92528811535,3316.18015764809,918146.5612000808,-0.01850840617584415
1373.92528811535,3316.18015764809,916675.5892408725,-0.017884474849262623
1373.92528811535,3316.18015764809,916811.7303544704,-0.0178720325785172
1373.92528811535,3316.18015764809,918000.4122989299,-0.018001472972414657
1373.92528811535,3316.18015764809,919178.1075852871,-0.017799429012244784
1373.92528811535,3316.18015764809,919687.2505842992,-0.017362675768829168
1373.92528811535,3316.18015764809,925841.6949128569,-0.015136113596157212
1373.92528811535,3316.18015764809,927064.1531738578,-0.014638461575180292
1373.92528811535,3316.18015764809,924742.719627473,-0.01571382166559456
1373.92528811535,3316.18015764809,928389.8265303787,-0.014446057742048369
1373.92528811535,3316.18015764809,937519.061033208,-0.007449644070793337
1373.92528811535,3316.18015764809,937666.4427476886,-0.007289825315920996
1373.92528811535,3316.18015764809,940257.2470035617,-0.005626397653038592
1373.92528811535,3316.18015764809,945455.0073193887,-0.0014391590576583416
1373.92528811535,3316.18015764809,950835.2345827066,0.004662622978976577
1373.92528811535,3356.43662725308,960133.833441638,0.016160838262263257
1373.92528811535,3356.43662725308,966047.5914247596,0.022202588149120236
1373.92528811535,3356.43662725308,970005.0419574792,0.024749129212321655
1373.92528811535,3465.1454446042,981639.3908022251,0.039413913227844176
1373.92528811535,3465.1454446042,983541.2024211875,0.04160908892154401
1373.92528811535,3465.1454446042,989877.3514908248,0.04987162937900501
1373.92528811535,3465.1454446042,998405.0615985923,0.059338900739555105
1373.92528811535,3465.1454446042,991474.3305704709,0.05191538896372657
1373.92528811535,3465.1454446042,996234.6467112495,0.058874145699050605
1373.92528811535,3465.1454446042,1001334.7416377371,0.06333521115446401
1373.92528811535,3465.1454446042,1003327.4610953458,0.06500262912748228
1373.92528811535,3465.1454446042,1013297.4082113664,0.069962769916014
1373.92528811535,3465.1454446042,1015190.8707819999,0.07196002346177215
1373.92528811535,3465.1454446042,1017887.9233064504,0.0745606108487409
1373.92528811535,3465.1454446042,1022427.5285570739,0.07797305703775187
1373.92528811535,3465.1454446042,1030665.4689569712,0.08612001813164712
1373.92528811535,3465.1454446042,1036975.9084588719,0.09175634219609599
1373.92528811535,3465.1454446042,1039428.3136497907,0.09387593582439793
1373.92528811535,3465.1454446042,1043720.4837131711,0.09553511308419242
1373.92528811535,3465.1454446042,1048347.3169645445,0.0996427383354442
1373.92528811535,3465.1454446042,1052188.0143466163,0.10233458177211496
1373.92528811535,3465.1454446042,1056196.8971895128,0.10333037279309377
1373.92528811535,3465.1454446042,1059254.5519937975,0.10402112043217986
1373.92528811535,3465.1454446042,1058595.4392198946,0.10368085178177198
1373.92528811535,3465.1454446042,1062013.9699780121,0.10420087463680143
1373.92528811535,3465.1454446042,1068365.1210020746,0.10394540361417785
1373.92528811535,3465.1454446042,1075702.2536904672,0.10346788738415053
1373.92528811535,3465.1454446042,1079457.5005817495,0.10321387030886107
1373.92528811535,3465.1454446042,1079321.8675230504,0.10327865773219468
1373.92528811535,3465.1454446042,1082628.570657282,0.10262291572514277
1373.92528811535,3465.1454446042,1087950.4106447517,0.10122424506324229
1373.92528811535,3465.1454446042,1090797.8842527252,0.0973650641258552
1373.92528811535,3465.1454446042,1091291.4953932117,0.09672724821330056
1373.92528811535,3465.1454446042,1093944.7346599158,0.09541240237619211
1373.92528811535,3465.1454446042,1097613.862308985,0.08876579268422034
1373.92528811535,3465.1454446042,1099935.7340610255,0.0865915741323827
1373.92528811535,3465.1454446042,1102769.1842619914,0.0808971305177513
1373.92528811535,3465.1454446042,1107295.552497207,0.07551275208987569
1373.92528811535,3465.1454446042,1111337.9851198057,0.06746809887060168
1373.92528811535,3465.1454446042,1113065.507651916,0.06450260821079666
1373.92528811535,3465.1454446042,1115631.1665385833,0.05797681836291345
1373.92528811535,3465.1454446042,1117594.43960932,0.05325973173233853
1373.92528811535,3465.1454446042,1119884.3075019007,0.04518911028210694
1373.92528811535,3465.1454446042,1120394.0904344758,0.04012469945988455
1403.8912233408898,3465.1454446042,1122300.6348830985,0.029080333184766775
1407.18918393939,3465.1454446042,1122291.0566326138,0.025155620589224187
1419.52030532521,3465.1454446042,1122278.9478167857,0.024838448043454364
1419.52030532521,3465.1454446042,1122359.2988927101,0.024002007345402566
1424.84194727594,3465.1454446042,1122622.3143940978,0.019334140567937298
1486.8976804150195,3465.1454446042,1122266.8848500059,0.012435664605425806
1566.02509003329,3465.1454446042,1122044.731010344,0.0071089991775500905
1566.02509003329,3465.1454446042,1120891.937617876,0.0003528949682431594
1566.02509003329,3465.1454446042,1119904.9296819153,-0.0038414269860470108
1566.02509003329,3465.1454446042,1119074.477002561,-0.008081252261269866
1566.02509003329,3465.1454446042,1119004.6953370655,-0.010553118593304394
1566.02509003329,3465.1454446042,1118081.6604483987,-0.013453233437169244
1566.02509003329,3465.1454446042,1116530.0460348115,-0.01813282528701511
1566.02509003329,3465.1454446042,1111708.027829749,-0.025345854650824992
1566.02509003329,3465.1454446042,1110431.0334619202,-0.029375163345793067
1566.02509003329,3465.1454446042,1110863.0593177269,-0.02863944339788941
1566.02509003329,3465.1454446042,1106774.9722717248,-0.03209152833614161
1566.02509003329,3465.1454446042,1104302.8188240547,-0.03519482561964597
1566.02509003329,3465.1454446042,1101123.4909284222,-0.03737793295100992
1566.02509003329,3465.1454446042,1098620.8909735836,-0.03959244537571905
1566.02509003329,3465.1454446042,1095484.932114732,-0.04114986479337085
1566.02509003329,3465.1454446042,1095673.7712925714,-0.041048405829196284
1566.02509003329,3465.1454446042,1095658.0055159181,-0.04105056507967183
1566.02509003329,3465.1454446042,1091764.3991575646,-0.042759647959383675
1566.02509003329,3465.1454446042,1089247.3716378382,-0.043387330222542424
1566.02509003329,3465.1454446042,1081071.3941855081,-0.04208495765014821
1566.02509003329,3465.1454446042,1079589.3481294764,-0.0412091062330866
1566.02509003329,3465.1454446042,1077198.8482628257,-0.04188026186140656
1566.02509003329,3465.1454446042,1073588.663632347,-0.04134154642717254
1566.02509003329,3465.1454446042,1071779.7352285595,-0.04076645958763213
1566.02509003329,3465.1454446042,1063935.3741091327,-0.03650338229218572
1566.02509003329,3465.1454446042,1064182.4349756,-0.036520793729776645
1566.02509003329,3465.1454446042,1058069.2730991817,-0.0332793183633999
1566.02509003329,3465.1454446042,1054456.0115094848,-0.03165560511986567
1566.02509003329,3465.1454446042,1049745.6262054006,-0.02845385322202578
1566.02509003329,3465.1454446042,1047799.9284644455,-0.02737545406829874
1566.02509003329,3465.1454446042,1042981.0149780452,-0.02264789398649864
1566.02509003329,3465.1454446042,1040542.577457073,-0.02119651902455874
1566.02509003329,3465.1454446042,1040247.6198401873,-0.02096947007480278
1566.02509003329,3465.1454446042,1031783.4586630822,-0.014004566318028728
1566.02509003329,3465.1454446042,1023280.2748513935,-0.004086238163619317
1566.02509003329,3465.1454446042,1017567.9439833424,-1.942522015267045e-05
1566.02509003329,3241.754585881623,1008016.1506320955,0.013508688327604506
1566.02509003329,3241.754585881623,1006479.1757516123,0.015006123447959924
1566.02509003329,3241.754585881623,1002827.3528230046,0.01801385008708447
1566.02509003329,3241.754585881623,998719.0990154084,0.021229149350311154
1566.02509003329,3241.754585881623,996789.3670601279,0.023712418277403582
1566.02509003329,3241.754585881623,995635.8662010898,0.024454625726667414
1566.02509003329,3241.754585881623,989490.9210940823,0.030116448536452265
1566.02509003329,3241.754585881623,984459.1675210071,0.036511673176990646
1566.02509003329,3241.754585881623,978628.7391352158,0.042400015799786625
1566.02509003329,3223.822423821992,973440.6955475198,0.04932577478775467
1566.02509003329,3087.0416454933898,968041.5612746149,0.056387521174206395
1566.02509003329,3087.0416454933898,965655.84590831,0.058744201850798455
1566.02509003329,3087.0416454933898,964062.1292017623,0.060416566671687454
1566.02509003329,3087.0416454933898,957111.469888977,0.06572338054708673
1566.02509003329,3087.0416454933898,953730.5535043131,0.0687831709527813
1566.02509003329,3087.0416454933898,951318.8106719111,0.07094390646950748
1566.02509003329,3087.0416454933898,951136.041562618,0.07113570091393338
1566.02509003329,3087.0416454933898,951647.4276356742,0.07099545154447488
1566.02509003329,3087.0416454933898,949220.5848042158,0.07289688419589396
1566.02509003329,3087.0416454933898,948727.4154263075,0.07308411025261799
1566.02509003329,3087.0416454933898,946270.5661000796,0.07422700677114794
1566.02509003329,3087.0416454933898,944802.1872006127,0.07531043221064253
1566.02509003329,3087.0416454933898,940244.4136569416,0.07625621407899959
1566.02509003329,3087.0416454933898,938161.3988231185,0.07599654692637575
1566.02509003329,3087.0416454933898,934735.1682557825,0.07551393775987489
1566.02509003329,3087.0416454933898,934278.9266204238,0.07542835393822193
1566.02509003329,3087.0416454933898,935593.5000653403,0.07563940765632875
1566.02509003329,3087.0416454933898,933230.4178346922,0.07166513258587043
1566.02509003329,3087.0416454933898,929078.0683541391,0.06725547320141358
1566.02509003329,3087.0416454933898,929589.1707320445,0.06806577751678333
1566.02509003329,3087.0416454933898,927205.6489797345,0.06701235128533546
1566.02509003329,3087.0416454933898,923783.0341073218,0.06353489385415738
1566.02509003329,3087.0416454933898,923714.1844621373,0.06333283598610737
1566.02509003329,3087.0416454933898,925379.7631824362,0.0670696263194748
1566.02509003329,3087.0416454933898,923686.4934865901,0.06306230623836041
1566.02509003329,3087.0416454933898,923278.8392913914,0.0610880994100601
1574.8602247293302,3087.0416454933898,921506.1460209925,0.051141723576477054
1574.8602247293302,3087.0416454933898,921948.9082444389,0.054703264637680535
1595.93419660456,3087.0416454933898,921957.9906762026,0.04548042373347465
1608.81970427636,3087.0416454933898,921810.641881851,0.03861656437505855
1608.81970427636,3087.0416454933898,921611.0850798412,0.034650371133864086
1619.6519351886,3087.0416454933898,921249.3641399723,0.029206749925002537
1619.6519351886,3087.0416454933898,921443.0375152573,0.027113638421358652
1622.13553152417,3087.0416454933898,922286.0696799402,0.020818954577380984
1622.13553152417,3087.0416454933898,923381.6034311064,0.01562431863087925
1622.13553152417,3087.0416454933898,924076.2568769434,0.009981435206097669
1622.13553152417,3087.0416454933898,924382.7094410878,0.007701381897319799
1622.13553152417,3087.0416454933898,925888.6488218228,0.0032380035314439315
1622.13553152417,3087.0416454933898,928206.3639554309,-0.005753934836336589
1622.13553152417,3087.0416454933898,929130.5189275411,-0.009457292673328656
1622.13553152417,3087.0416454933898,929674.8647440831,-0.011317626454230458
1622.13553152417,3087.0416454933898,930244.4394895772,-0.0123070232667421
1622.13553152417,3087.0416454933898,932654.8716448293,-0.016685855690826926
1622.13553152417,3087.0416454933898,934669.3003624545,-0.020325725990792007
1622.13553152417,3087.0416454933898,934506.7462293828,-0.02012034790044725
1622.13553152417,3087.0416454933898,935814.7638972106,-0.021875332371877106
1622.13553152417,3087.0416454933898,937535.295210913,-0.022155822643676343
1622.13553152417,3087.0416454933898,942288.7686494149,-0.025356208671148215
1622.13553152417,3087.0416454933898,945287.6905328388,-0.02621551509992024
1622.13553152417,3087.0416454933898,947343.5240671185,-0.02721124701150468
1622.13553152417,3087.0416454933898,949972.2207202755,-0.027595583721523553
1622.13553152417,3087.0416454933898,949197.7654691119,-0.027626949990088634
1622.13553152417,3087.0416454933898,952193.6964596362,-0.02596941584290092
1622.13553152417,3087.0416454933898,952742.3803894478,-0.026071180000772264
1622.13553152417,3087.0416454933898,957648.462929545,-0.025860139601002353
1622.13553152417,3087.0416454933898,961123.1906088507,-0.024671657406181467
1622.13553152417,3087.0416454933898,959990.784695429,-0.025496078247574813
1622.13553152417,3147.33064576229,968893.5755999913,-0.01573849495662468
1622.13553152417,3147.33064576229,978853.337206538,-0.006282806537864288
1622.13553152417,3147.33064576229,980742.1696727321,-0.005049537910737463
1622.13553152417,3147.33064576229,983208.0811858682,-0.00261037427443886
1622.13553152417,3147.33064576229,983109.7068244219,-0.0027255753871480754
1622.13553152417,3147.33064576229,986331.4876121484,0.0006065496941152061
1622.13553152417,3147.33064576229,992813.1970697587,0.006020295145164081
1622.13553152417,3147.33064576229,989332.1504029336,0.001933193340700401
1622.13553152417,3147.33064576229,987842.7997011226,0.0009703037464501589
1622.13553152417,3147.33064576229,987054.1186979269,5.9464680291864154e-05
1622.13553152417,3147.33064576229,989389.3805951359,0.00313791557024291
1622.13553152417,3147.33064576229,995552.0364234387,0.007008493419757605
1622.13553152417,3147.33064576229,996225.2973110501,0.007887491593960993
1622.13553152417,3147.33064576229,998280.6537659956,0.00970994653228964
1622.13553152417,3147.33064576229,1004316.8807805852,0.015272115294795871
1622.13553152417,3147.33064576229,1009148.9969631534,0.020396450786521848
1622.13553152417,3147.33064576229,1012940.346969631,0.0240781439713106
1622.13553152417,3147.33064576229,1014216.2345245056,0.02505866120663861
1622.13553152417,3183.1279309763095,1021367.2253989439,0.0325156434265568
1622.13553152417,3183.1279309763095,1021603.209380356,0.03276304172429923
1622.13553152417,3183.1279309763095,1020198.1999487266,0.03166755900246737
1622.13553152417,3183.1279309763095,1021671.2906652488,0.03274514887576432
1622.13553152417,3183.1279309763095,1026785.7989857317,0.03615509326730229
1622.13553152417,3183.1279309763095,1025980.2997447896,0.035558036105735026
1622.13553152417,3183.1279309763095,1024386.2838566463,0.03483043434891687
1622.13553152417,3183.1279309763095,1026577.9215139669,0.035597968191425106
1622.13553152417,3183.1279309763095,1030815.1833082798,0.0373848471211185
1622.13553152417,3183.1279309763095,1034939.7097834273,0.03907604399612732
1622.13553152417,3183.1279309763095,1042070.6046647517,0.043123115521838264
1622.13553152417,3183.1279309763095,1043396.9176074648,0.04338819421395675
1622.13553152417,3183.1279309763095,1043410.5411883574,0.043390398790603524
1622.13553152417,3183.1279309763095,1044934.7914862322,0.043371330273430986
1622.13553152417,3183.1279309763095,1052285.2502777479,0.04242482384900456
1622.13553152417,3183.1279309763095,1053224.2051920325,0.04218843010778141
1622.13553152417,3183.1279309763095,1054213.9595304537,0.04210390539170908
1622.13553152417,3183.1279309763095,1062594.5195581394,0.04046968377933876
1622.13553152417,3183.1279309763095,1065284.2558159146,0.036843782920621966
1622.13553152417,3183.1279309763095,1065593.043554131,0.03662453165625543
1622.13553152417,3183.1279309763095,1067743.1853019549,0.03431352210439063
1622.13553152417,3183.1279309763095,1067459.2734368243,0.03469987402611884
1622.13553152417,3183.1279309763095,1070074.3192816714,0.0314427397541969
1622.13553152417,3183.1279309763095,1068091.983122067,0.03456823012712539
1622.13553152417,3183.1279309763095,1068396.3618455704,0.034125793494578976
1622.13553152417,3183.1279309763095,1068707.0430692718,0.03346551177177105
1622.13553152417,3183.1279309763095,1068984.3402698226,0.03282087212137112
1622.13553152417,3183.1279309763095,1070946.8824909294,0.029271324733678404
1622.13553152417,3183.1279309763095,1072164.8225226407,0.026513820430533325
1622.13553152417,3183.1279309763095,1075066.959853555,0.01710907527784401
1622.13553152417,3183.1279309763095,1076054.1546465245,0.014428592154479763
1627.79409171207,3183.1279309763095,1076804.743881437,0.006282823704949251
1680.6889030943803,3183.1279309763095,1076649.7530623765,-0.001857575107219798
1722.4389046636,3183.1279309763095,1077042.5989373722,-0.007373987477952946
1780.66236494867,3183.1279309763095,1077312.401731641,-0.011109337169803179
1780.66236494867,3183.1279309763095,1077301.3442327452,-0.01406715785755979
1780.66236494867,3183.1279309763095,1077334.1282930803,-0.01369731921878697
1781.76838308921,3183.1279309763095,1077046.1562434596,-0.01975332586942993
1781.76838308921,3183.1279309763095,1076277.3962805644,-0.02357423920597639
1781.76838308921,3183.1279309763095,1076018.6410782784,-0.02469784125435769
1781.76838308921,3183.1279309763095,1075978.757622099,-0.025038480509790826
1781.76838308921,3183.1279309763095,1074839.0256008233,-0.028750265903288854
1781.76838308921,3183.1279309763095,1073657.6233358334,-0.03399291227191955
1781.76838308921,3183.1279309763095,1072925.1334435104,-0.03598413670481528
1781.76838308921,3183.1279309763095,1071888.0994377763,-0.03987630825963543
1781.76838308921,3183.1279309763095,1068578.6203628539,-0.04518758734719128
1781.76838308921,3183.1279309763095,1066044.6283749645,-0.04916844270796393
1781.76838308921,3183.1279309763095,1064556.8708143397,-0.05127574399979672
1781.76838308921,3183.1279309763095,1060751.210075426,-0.056513535122127284
1781.76838308921,3183.1279309763095,1059164.2091281624,-0.05796407880594809
1781.76838308921,3183.1279309763095,1057077.1718697173,-0.05921099424651897
1781.76838308921,3183.1279309763095,1052563.7636149717,-0.06131695858808384
1781.76838308921,3183.1279309763095,1046544.2463843534,-0.0624239641763646
1781.76838308921,3183.1279309763095,1042775.1936157267,-0.06612241398588477
1781.76838308921,3183.1279309763095,1040069.8198878985,-0.06675864979884984
1781.76838308921,3183.1279309763095,1037228.2554059892,-0.06793817302534026
1781.76838308921,3183.1279309763095,1029017.7521424441,-0.06439816782818654
1781.76838308921,3183.1279309763095,1025523.4466168031,-0.06568769542733138
1781.76838308921,3183.1279309763095,1021933.5745611872,-0.06546845070077023
1781.76838308921,3183.1279309763095,1016412.2826215574,-0.0638613459454085
1781.76838308921,3183.1279309763095,1013527.2807168362,-0.06310222804589054
1781.76838308921,3183.1279309763095,1012330.4322731833,-0.062413237664210634
1781.76838308921,3183.1279309763095,1011269.9440361432,-0.06184313066943809
1781.76838308921,3183.1279309763095,1007737.9424300011,-0.06030053351879733
1781.76838308921,3183.1279309763095,1006549.6309227928,-0.059348154461614
1781.76838308921,3183.1279309763095,1000835.7123986254,-0.05635640152981653
1781.76838308921,3183.1279309763095,998364.2929614608,-0.05370874778784084
1781.76838308921,3183.1279309763095,998247.0379027409,-0.053598653680686156
1781.76838308921,3183.1279309763095,995625.5396236443,-0.05067152305415539
1781.76838308921,3183.1279309763095,994673.732991811,-0.05002095705175844
1781.76838308921,3183.1279309763095,988930.3406456333,-0.04563687372684413
1781.76838308921,3183.1279309763095,992118.0900123415,-0.04875655083249355
1781.76838308921,3183.1279309763095,988333.3702722818,-0.04464490176185971
1781.76838308921,3183.1279309763095,983897.0306030972,-0.04011349160537402
1781.76838308921,3183.1279309763095,985897.2907433974,-0.04234307063218165
1781.76838308921,3183.1279309763095,985462.1038310865,-0.04196900400799793
1781.76838308921,3063.5888244571574,979260.2335111575,-0.03447029474944266
1781.76838308921,3063.5888244571574,975544.1986619857,-0.03179655221054126
1781.76838308921,3063.5888244571574,973186.1697619555,-0.03008340113084139
1781.76838308921,3061.1152735329074,971535.2555080568,-0.02801106630819377
1781.76838308921,3061.1152735329074,972281.6973792829,-0.028779014401150625
1781.76838308921,3040.6739930329727,968902.388667839,-0.024890468229767617
1781.76838308921,3040.6739930329727,969119.9908076847,-0.025173908831187128
1781.76838308921,3040.6739930329727,967975.7293720429,-0.023955353143048964
1781.76838308921,3040.6739930329727,961626.0495002042,-0.01878295362996973
1781.76838308921,3040.6739930329727,962469.711859588,-0.019279265144844546
1781.76838308921,3040.6739930329727,957999.8246324412,-0.016599371009491597
1781.76838308921,3040.6739930329727,952723.7925355089,-0.013380603021839334
1781.76838308921,3040.6739930329727,947557.3037222687,-0.00810091097818412
1781.76838308921,3040.6739930329727,945806.6488022573,-0.007033175423479648
1781.76838308921,3040.6739930329727,938639.5353027621,-0.0050182527095049435
1781.76838308921,3040.6739930329727,935856.2205889387,-0.0035460237330374733
1781.76838308921,3040.6739930329727,932371.1998065289,-0.002437429218128864
1781.76838308921,3040.6739930329727,924973.2687732002,2.854384481518112e-05
1781.76838308921,3040.6739930329727,923719.2851921844,2.7483697900699607e-05
1781.76838308921,3040.6739930329727,921727.9270430035,-0.0002519343856404351
1781.76838308921,3040.6739930329727,922201.2512163213,-0.0002418017758002351
1781.76838308921,3040.6739930329727,916722.5959237958,-0.0036484667688927255
1781.76838308921,3040.6739930329727,912724.2450398158,-0.003212817811117481
1781.76838308921,3040.6739930329727,914869.1739161032,-0.0011654633280158378
1781.76838308921,3040.6739930329727,915596.0932530297,-0.0002669474960640192
1781.76838308921,3040.6739930329727,912160.8463913328,-0.0059039761216051175
1781.76838308921,3040.6739930329727,910805.5709691723,-0.006538964496423998
1781.76838308921,3040.6739930329727,909534.6660853497,-0.008601248470139183
1781.76838308921,3040.6739930329727,909424.2026469039,-0.008777492056356894
1781.76838308921,3040.6739930329727,906814.4462338241,-0.01189941220764697
1781.76838308921,3040.6739930329727,905667.3677319508,-0.015269594528631917
1781.76838308921,3040.6739930329727,904763.0044864762,-0.019198767668871308
1781.76838308921,3040.6739930329727,904585.6049383542,-0.022499686525930155
1781.76838308921,3040.6739930329727,903427.4757875839,-0.027061950220616134
1780.66236494867,3040.6739930329727,903435.7683910652,-0.025230533171817154
1780.66236494867,3040.6739930329727,904511.6566948175,-0.01846781357408128
1781.76838308921,3040.6739930329727,904331.6982790485,-0.022335489289580627
1799.82502959612,3040.6739930329727,904664.0009777697,-0.030812815794258066
1852.39117173942,3040.6739930329727,904874.9134059446,-0.03439085574017562
