3971.04097024565,6184.844200870913,3053605.225913847,-0.39491878834293653
4018.13741633789,6184.844200870913,2998031.799517071,-0.403255821466882
4043.1231398230298,5977.285889743818,2928795.7242124104,-0.40263439048888083
4103.46943542953,5977.285889743818,2886408.335796441,-0.4220984033148698
4103.54096950487,5977.285889743818,2831556.0387181654,-0.4328009867218664
4137.39981666229,5772.778619424041,2764641.3428059933,-0.43193284339914617
4175.467959850879,5772.778619424041,2710264.195791381,-0.44446411782063056
4330.93216972879,5772.778619424041,2668613.202591643,-0.45415873199295
4344.36579637445,5772.778619424041,2609687.0418020156,-0.4707498472536774
4383.47363190332,5772.778619424041,2553695.253556047,-0.4736403645669055
4401.90245120478,5772.778619424041,2506938.170020257,-0.4967410109907423
4445.30138161343,5772.778619424041,2456267.574647954,-0.5090478966834296
4466.001898489029,5772.778619424041,2391607.2436828795,-0.5133602961077594
4471.0363017578,5115.940620735069,2304561.870230716,-0.4970231505931634
4515.88642725464,5115.940620735069,2265464.450749968,-0.5120931817054639
4518.502025725371,5056.2137772651295,2201206.7716580047,-0.5240561286103081
4532.0627346942,5342.4092645887795,2159553.5139687536,-0.5221958144295957
4590.6473314139,5342.4092645887795,2109757.5926624937,-0.5422036379948784
4659.62738674491,5342.4092645887795,2066839.333734476,-0.5580207691723292
4708.022521147679,5342.4092645887795,2018021.98258751,-0.5750691702341891
4842.89845877281,5342.4092645887795,1975851.0502927797,-0.5939251427610193
4890.04702571581,5628.948860781799,1953980.583926149,-0.5919529480264447
4907.76801613439,5628.948860781799,1908523.1109669963,-0.6011431673785641
4923.98721310783,5245.36424283382,1830434.177244806,-0.5884009131405322
4949.831225580279,5245.36424283382,1782635.0150728393,-0.6075082888881127
4980.9518712827,5245.36424283382,1740694.9577092591,-0.610795533373339
5014.8396938060905,5245.36424283382,1695145.569529782,-0.6158844383349277
5040.7890680061,4942.183094815489,1632995.2699945497,-0.6033432969385824
5050.8471656492,4781.52515244399,1579889.4227557373,-0.6063521262850835
5107.85782806359,4781.52515244399,1534608.4080108441,-0.6216803122783141
5136.458280904099,4781.52515244399,1501549.510498156,-0.6449800345955231
5171.7160094602,4781.52515244399,1467068.9518034712,-0.6404061277260198
5185.17078507496,4781.52515244399,1428428.390520486,-0.6535313370611473
5191.5473430213,4781.52515244399,1382492.6903381622,-0.6647394534422529
5288.07320327965,4598.18862171358,1342335.7402749467,-0.6272422026340023
5289.26112307864,4531.838076868289,1303409.706035746,-0.6200185378656005
5318.91078006714,4390.11264417435,1261651.9027747891,-0.6168544242028464
5345.66698204154,4234.74981141207,1231560.934142004,-0.6066737014100437
5367.46538263179,4234.74981141207,1211702.689411815,-0.612970485613819
5373.36461978949,4234.74981141207,1181369.9508844921,-0.6280399232004014
5444.84521400806,4352.291837541379,1160057.270574829,-0.6009424951818385
5456.86919482807,4281.30905941437,1123408.517882216,-0.5992268526909434
5510.55541906968,4281.30905941437,1091223.8970656882,-0.6160965470189382
5511.17266589472,4281.30905941437,1064282.0432114655,-0.6258640310940572
5535.104505835171,4228.0309072439295,1028477.748900805,-0.6121412691930178
5617.77519798398,4002.49559290857,1005855.7962033876,-0.5668914505967777
5640.4498547169605,4002.49559290857,980237.75159097,-0.5695034969067541
5641.77613369343,4002.49559290857,960433.5612477424,-0.5750804830104242
5656.91928679222,3972.1500695925897,931344.9540920673,-0.5715857932094038
5671.18641055614,3972.1500695925897,909999.1899541174,-0.5853446132083719
5679.059889006059,3972.1500695925897,886968.6721819489,-0.590753628025869
5687.043571239749,3972.1500695925897,860187.1329810156,-0.5680378541033387
5687.95664678672,4011.7102190321193,849436.5584173637,-0.5417858298467216
5694.45774853293,3779.4668838803896,820445.8781667418,-0.4998027493409138
5705.42012932525,3779.4668838803896,813203.029815864,-0.5027665612844212
5743.4108429642,3779.4668838803896,799386.7895261414,-0.5316819069454526
5753.656508851221,3779.4668838803896,779155.917391269,-0.5109244803241646
5774.80720344415,3516.32309759806,750141.0737370265,-0.47972296592930824
5799.165939408261,3516.32309759806,728245.4380602989,-0.49199664883062566
5803.55099105417,3516.32309759806,709556.0168417803,-0.4779419898867926
5830.878730280229,3516.32309759806,704553.1261045632,-0.5041036172885401
5868.53874975401,3516.32309759806,692877.944457363,-0.4794602680666809
5871.3062814716295,3516.32309759806,676751.5570024968,-0.4942493250551697
5872.64969621802,3516.32309759806,658088.5311502775,-0.49600430680471846
5895.10497502558,3516.32309759806,632770.5054782917,-0.48131125462681074
5898.301085558221,3516.32309759806,617491.0709510887,-0.482331603094086
5902.18936357548,3022.99048980922,590272.1510142753,-0.41283536552156824
5910.99278234952,3022.99048980922,581573.7531391437,-0.4350631841675773
5934.10418780749,3022.99048980922,572260.8711575256,-0.4182464232405702
5937.17374870296,3022.99048980922,566492.3606884468,-0.44938091876030467
5945.27461449876,3022.99048980922,553119.7549736841,-0.4628876458405647
5962.818476490171,3190.5048967314797,543348.9060477909,-0.41106386923018867
5972.1414175986,3190.5048967314797,531873.4392594232,-0.4261722117348025
5978.128092437621,3190.5048967314797,516740.0642326559,-0.387218726274247
5979.25613147074,2910.57223433303,496677.2482428008,-0.3431437661038253
5990.30052034062,2910.57223433303,490245.07088759704,-0.33205727880772334
6011.42862948297,3056.684409338429,486347.3999246083,-0.26948205721815166
6018.15540033718,3056.684409338429,484937.0626791478,-0.22333157887786653
6035.35039027395,3056.684409338429,475543.71010779106,-0.21777520106675835
6046.223083911889,3056.684409338429,457290.11448555626,-0.19902865389925267
6077.92290598266,3343.0028047160004,459633.035313246,-0.0949426209345964
6082.62437735082,3343.0028047160004,454724.72242179693,-0.06532415642833156
6083.845642215961,3343.0028047160004,456193.0681280359,-0.06687825685760838
6094.25373025931,2902.0067971479702,440830.2376965118,0.004883505977182257
6120.57799390641,2902.0067971479702,440337.3722386311,0.013900427300653754
6134.355681670219,2902.0067971479702,436175.0291623007,0.017312465743170816
6148.599470754521,2902.0067971479702,438296.5747593286,0.01555741609763177
6157.33821059105,2854.85823020497,430975.613706511,0.031045674893998045
6159.68696348047,2854.85823020497,424210.61850346107,0.022131342468860293
6217.85596918548,2854.85823020497,427121.4834912077,0.04980000836790733
6229.133462425871,2862.1746480916017,429289.24172246136,0.11457034959712482
6246.5954201165605,2862.1746480916017,430877.6804905027,0.09853449223859283
6288.8092408781495,2862.1746480916017,429324.36149648705,0.07467879995672216
6304.802703400091,2862.1746480916017,434356.4612319035,0.0830467031185294
6359.281068561761,2862.1746480916017,439775.08804862725,0.06812496949633495
6362.64334497718,2862.1746480916017,435709.4703391388,0.04735565743317339
6373.47012773978,2788.990792943291,429770.0231852529,0.09018493804168726
6389.196793609829,2788.990792943291,425282.4987620049,0.10164816932324358
6417.733542937591,2598.226654765791,419028.9117817141,0.13997276692871002
6445.88245080412,2598.226654765791,413832.8028814868,0.1451002699837978
6469.911350283871,2977.4940385229493,423441.346226451,0.23170890136414313
6503.80357772359,2977.4940385229493,424744.9632161907,0.23387694967032452
6506.914986089671,2861.1368447034993,416925.31375652004,0.24838106465596094
6552.06081968827,2861.1368447034993,422287.7772932544,0.26121933955672777
6567.649560658239,2704.36483397509,424826.72929085296,0.2944708806841137
6568.721206916441,2704.36483397509,430876.27924297994,0.2696902766660426
6569.35325894846,2704.36483397509,427826.2473583134,0.2442576248280128
6589.74809198338,2704.36483397509,434073.9632566792,0.23216892871407507
6592.590147380911,2704.36483397509,445453.4793392923,0.2558326877883724
6596.29087746852,2704.36483397509,457851.1548557426,0.2519761503443688
6596.78437588753,2638.6546289134694,462344.9370998255,0.27213593572938677
6616.37631182225,2742.95951628284,471922.2213335226,0.3060779243636578
6655.1991084477695,2742.95951628284,479424.25633054756,0.28282346866002844
6667.31395172981,2846.2203227452,492915.9341110939,0.33721638613573657
6674.37395468886,2846.2203227452,501889.46513982676,0.34787511738294424
6684.25424569694,2807.0762339369603,515020.24602427095,0.37979627530705656
6693.4362104221,2895.038878640671,531194.8236171034,0.41793650434994223
6694.75820052035,2895.038878640671,542706.3653871025,0.4301457375785109
6709.99790142737,2895.038878640671,551388.7334693974,0.41338674794491725
6722.07908419081,3056.2753557493106,571026.1008117856,0.45013282953890565
6732.42204699714,3056.2753557493106,571096.6219368818,0.43437043605828235
6753.65448041425,3056.2753557493106,586028.12394818,0.4198190108176897
6790.76703952875,3056.2753557493106,597963.6334942456,0.42169843254254474
6801.94411874531,3056.2753557493106,611206.8805106964,0.4250465259359484
6842.6601615424,3249.85732127789,633787.7149806987,0.45648370021058726
6857.6822579911,3249.85732127789,653613.5091322411,0.45640763212107593
6888.33764801749,3249.85732127789,673083.8604697172,0.46737696417298646
6916.58188461963,3249.85732127789,689942.0921546418,0.46725202375740454
6922.43087234502,3249.85732127789,703320.8231759081,0.4709544457484091
6946.46968435874,3412.9268250983805,725891.3661789028,0.4898631552756671
6948.33266522304,3571.3956605162202,754414.4798124474,0.5141873957534984
6998.24859036163,3571.3956605162202,756661.5666880718,0.4930871966286411
7016.65005624288,3571.3956605162202,784000.1676641237,0.5013909583564441
7017.45145609148,3563.41197828253,800723.2422600739,0.5258265775833125
7086.74642328028,3563.41197828253,820807.915430804,0.515427782988643
7086.89977579922,3773.33571801326,843486.5737415754,0.5512302450302179
7088.596761373309,3773.33571801326,862320.7955789015,0.5449905275049192
7117.65162024239,3773.33571801326,881516.0896238479,0.5428786225946083
7126.45992523875,3910.9502847478407,910232.2733090094,0.5625025647836649
7128.45386587525,4173.1038007166435,950570.4564206133,0.5938420692228192
7134.9086298037,4085.3401685122426,967926.8039615871,0.6143549627760222
7159.67036583167,4085.3401685122426,995640.5386560998,0.5964282872860678
7212.972446612221,3987.497675738373,1004131.9850846443,0.5950385104702182
7223.950081601891,3987.497675738373,1026839.1588069368,0.5895524517988494
7227.7339261075795,3987.497675738373,1041612.8552279688,0.5843991578936191
7230.70378635963,3987.497675738373,1064678.2772403436,0.584088862210176
7294.04586623635,4061.583568845089,1106676.708110267,0.5802433103039927
7321.7917448198095,4061.583568845089,1130332.6630501216,0.5658910336931501
7327.68591212347,4721.38015559898,1182188.8140797627,0.6272034393708756
7358.037826635279,4621.8884342184,1205896.7709698437,0.6381228301395488
7364.47478377973,4621.8884342184,1251939.9509804458,0.6442351545080187
7395.024374607529,4621.8884342184,1265947.2271814109,0.6177723424779266
7396.30039727221,4621.8884342184,1305812.6626993078,0.6234111203340128
7402.44217870422,4621.8884342184,1323294.1010283765,0.6108844689803469
7456.137441790741,4547.806767905111,1359041.0730393296,0.6307893365884769
7458.586860543209,4547.806767905111,1392548.3555770048,0.6373990582263543
7463.92984396083,4547.806767905111,1430553.69447116,0.6204872804040236
7511.01926246792,4771.975501730711,1478521.5955674376,0.6355929486275776
7566.063437193101,4669.599114888079,1500573.369103519,0.6321276782675308
7584.472898569301,4669.599114888079,1543056.5535654046,0.6114336196763557
7613.49712610853,4669.599114888079,1575307.4355924404,0.5925299311273693
7646.275266481859,4669.599114888079,1607588.0978573423,0.5810861809273989
7652.599694047759,4892.586343342179,1665539.457230516,0.5819788532465013
7668.86688556807,4892.586343342179,1717618.0198792256,0.5757404620570564
7744.90525592078,5034.933621106581,1767670.1139788972,0.5839381466326528
7769.942664225991,5034.933621106581,1818814.2327569216,0.565228543312967
7809.878824736429,5034.933621106581,1865610.2978072928,0.5625355698828375
7865.856958705,4831.406045962919,1902697.125467905,0.5668453495555299
7873.10927564486,4831.406045962919,1931728.6071325664,0.5485224786101013
7917.40967410257,5331.711651280119,2000902.6112010018,0.5609699243411213
8017.5152159698,5331.711651280119,2062491.6468982683,0.5465164093182217
8026.102942063721,5331.711651280119,2119678.9120935574,0.5444654601921974
8055.79687619157,5331.711651280119,2182225.930865887,0.5421441863068401
8139.5811444879,5331.711651280119,2229266.5760702407,0.5322082120995041
8149.21004798315,5331.711651280119,2271865.11440468,0.5218653258953222
8199.34720144038,5515.3464047447205,2331949.532180142,0.5208110459753097
8239.56562894765,5515.3464047447205,2375025.5282803,0.5005566187573707
8254.13218217756,5908.814711923519,2465254.362134435,0.5048156621782061
8413.30199373867,5908.814711923519,2518899.7739985073,0.4877795560922378
8421.580094823421,5966.7147140243205,2601051.8313038656,0.48839280045817063
8445.442337651692,5999.87584545122,2662231.1301823,0.49696356798155034
8453.051135159649,5999.87584545122,2722523.0515471455,0.4822470309287753
8463.99552072918,5999.87584545122,2783852.4743859265,0.4739579610921677
8528.5669953341,5793.7979835119595,2810420.105420365,0.4642934581030098
8574.09876764673,5793.7979835119595,2871581.4364408436,0.4537191702455911
8596.278870255892,6019.21955012546,2937215.1698646056,0.45153362882353465
8735.33524475537,6019.21955012546,3003243.413268011,0.43632453048003617
8763.02463702489,6019.21955012546,3043804.942162094,0.42607381087618623
8809.43162325761,6019.21955012546,3084984.7205463643,0.4134352425645329
8815.33862422645,6030.903056072358,3129520.1103597498,0.407618009427819
8876.06789675075,6365.261687011961,3196459.916749317,0.40637538135908363
8928.91721028395,6365.261687011961,3247292.04739887,0.39171896349213725
9076.29032387519,6365.261687011961,3292368.451222953,0.3845448279745772
9091.98671410444,6365.261687011961,3336784.0079645826,0.36490297257109605
9190.28060261918,6498.807725189658,3385528.013952274,0.36524652669565744
9213.50718470913,6762.8362385335595,3447394.1237171353,0.3707807577802511
9217.18412505054,6876.323441719459,3535591.3575902637,0.3673042132840899
9250.45554952228,6876.323441719459,3589744.724918174,0.3673728864930813
9268.9557877394,6876.323441719459,3621955.8436570507,0.3468608342733342
9325.0437795824,6876.323441719459,3677772.161770392,0.34221802702407333
9454.10774756605,6896.373466682558,3740943.7068856508,0.33410638425925304
9460.37928925301,6896.373466682558,3804481.091791201,0.31747236301105985
9498.017348661391,6962.40792663236,3874781.7962526088,0.3042598677629778
9565.634360810993,6962.40792663236,3911545.5682769925,0.29172760290145094
9581.59207899459,6770.65800777682,3946684.2930494538,0.2990319318957761
9588.06396541858,6770.65800777682,4017299.947689986,0.2816101555556348
9597.99385598759,6770.65800777682,4054062.5206476883,0.26285536430033646
9691.875076722808,6770.65800777682,4105885.0577989826,0.25055940401704335
9719.23069495609,7202.693194455919,4177500.075300563,0.2511907710128751
9860.147371956393,7202.693194455919,4228442.01339519,0.23894015604445387
9934.233265063109,7202.693194455919,4287366.9678432895,0.23539161757839758
9936.49538179794,7300.220567049521,4355480.831548246,0.2308067706182571
10052.0034591251,7300.220567049521,4399103.300179358,0.22344882846229316
10338.9652884366,7182.763393337302,4424565.418693842,0.21895915153505505
10346.0172249269,7182.763393337302,4474634.732669335,0.2044775341225579
10371.8792592922,7394.059966479999,4549100.172456903,0.1956163431966343
10392.2718641538,7394.059966479999,4575591.671952717,0.18310024071808223
10445.439660829,7404.2290971036,4608363.587647579,0.1815590407579662
10471.6089312183,7404.2290971036,4655507.798634233,0.16965695293795402
10483.8922079105,7404.2290971036,4666437.969641928,0.15230820726362132
10536.1730719774,7308.43394054767,4665995.327106832,0.14632756355639984
10588.8620508607,7724.582012573971,4721946.174441264,0.1447383985172783
10594.029851817,7724.582012573971,4751509.970304417,0.13921545841417232
10818.1985856426,7822.914354922771,4799029.917393918,0.13807114296183898
10856.6310818074,8146.45855571527,4851952.729388166,0.14738490779278565
10911.6425995639,8146.45855571527,4933473.586252528,0.1424457863264416
10981.7204572875,8146.45855571527,4975011.408692054,0.13906359771298457
11041.1858140967,8146.45855571527,4992666.808080119,0.14015163583466259
11161.0083139648,8146.45855571527,5024866.518986749,0.13037668687923568
11183.533091861102,8377.80591514047,5084790.704228628,0.1298722272556853
11194.0493909401,8377.80591514047,5110234.800648474,0.12869672900699883
11363.780837629,7798.63087676367,5078595.171604392,0.13127884113505126
11477.0119032793,7735.4004258552395,5094065.969058526,0.12582653508844738
11517.3533405836,7735.4004258552395,5099778.949241995,0.10890553830499973
11522.2856799199,7735.4004258552395,5120636.357718388,0.10125071950121793
11581.7346058945,7735.4004258552395,5106561.319092583,0.08548131690373222
11693.4701824722,8083.787695446541,5157437.689761803,0.08394300990848724
11694.3549962573,7939.381755121601,5151848.853138295,0.08015847925974136
11771.0133972288,7939.381755121601,5179860.059980702,0.06776137381566943
11877.9897497219,7939.381755121601,5195772.50031725,0.06065108482140485
11953.9118473532,7996.231170849899,5232129.008262174,0.0545578275058294
12085.553361992,8067.521284915,5272558.411729047,0.047405799711942594
12269.8465180119,8095.8040691757005,5298832.459833084,0.04235903948830588
12271.4580569007,8095.8040691757005,5290290.971296453,0.037036211608925756
12329.3580590015,8095.8040691757005,5298314.863405524,0.020625013520861255
12346.437538016102,7700.01729140683,5272177.024210701,0.02277216958524293
12362.5191904284,7812.725595614709,5276908.995310299,0.020490081303719314
12362.8303497478,7812.725595614709,5268183.124541835,0.012198767910853876
12382.2219139904,7833.578567434608,5270318.349475665,0.006849078688790065
12428.2065264384,7833.578567434608,5272343.0215586675,-0.0076832860469061275
12568.520120387,7950.5670901409085,5277335.677363232,-0.013992785311160404
12587.9407570419,8034.055085379607,5286849.157592438,-0.020839433231551376
12599.624262988798,8034.055085379607,5283874.011731957,-0.026957967726706226
12627.7165784288,8062.803195936411,5276463.525639586,-0.032272090267512425
12769.2567089754,8576.18767756631,5311014.006052214,-0.031646378579225434
12783.2257427622,8576.18767756631,5334424.875346967,-0.038817724827649135
12933.982893928402,7945.339691342811,5306104.534100144,-0.026339687581591883
13067.5289321061,7945.339691342811,5293407.170746798,-0.038561210191541115
13331.55744545,7945.339691342811,5291940.187862733,-0.04559587883465722
13337.4914121223,7920.979188483321,5291602.798200761,-0.044206885085948076
13348.4456576568,7920.979188483321,5292138.103644412,-0.05475593300180639
13349.0634083294,7842.3040033631005,5244050.576013342,-0.06634448920353019
13380.0525170118,7786.2160115201,5229542.947065071,-0.06937570885186851
13403.736453623402,7786.2160115201,5200605.089419238,-0.08567010248010097
13445.0446486359,7786.2160115201,5197104.564635525,-0.10156322730004196
13465.094673598998,8092.658836969098,5202233.038122051,-0.10237262809406569
13531.1291335488,8092.658836969098,5184447.164792694,-0.10381803641707511
13612.5554623096,7947.840765272211,5159503.938444061,-0.0985822333867915
13736.2921997103,7947.840765272211,5135108.640733635,-0.10175104065406534
13788.1094638683,7864.266034939012,5093688.376160919,-0.1031624804425601
13877.033088437,7864.266034939012,5051006.93425396,-0.11106919192375594
14061.920269568602,8146.7082360882105,5051965.166536243,-0.11086397728414817
14135.706260599,8146.7082360882105,5009757.020912892,-0.11177273226036524
14156.2554275732,8146.7082360882105,5007498.589911599,-0.130623122275547
14158.1400422418,8146.7082360882105,4990447.900710695,-0.13368149402193732
14159.1056790379,8174.52656631181,4989365.952670843,-0.14033646937473376
14200.2674327345,8054.346748288659,4943989.120828813,-0.12318600453745576
14220.1446505474,8054.346748288659,4911610.92159984,-0.13529610697260153
14317.672023141002,7651.876841649999,4848620.528494643,-0.13501688924177652
14331.7624549116,7651.876841649999,4819071.24966964,-0.14700040366397726
14474.1546286155,7651.876841649999,4781486.945650017,-0.15648605788974645
14528.9685962837,7598.5702659328,4730684.799290507,-0.16150562752363196
14539.1377269073,7598.5702659328,4705724.98620318,-0.17490995843933932
14751.3404104641,7678.398098911901,4671948.168341645,-0.1700697625736886
14955.2857989336,7678.398098911901,4611447.548372375,-0.1750662935474094
14957.8688862071,7534.975708880202,4546939.326824736,-0.17576150921968206
15003.6758765427,7267.206677933502,4499520.43253509,-0.1738956292120768
15053.6181412824,7317.4756259763,4481476.672049837,-0.17902307135389783
15065.1537522533,7317.4756259763,4432025.523293891,-0.18957804453530877
15121.3185366635,7317.4756259763,4393373.404825676,-0.2022875106547001
15198.522609521002,7317.4756259763,4345484.153792633,-0.20313354480585305
15208.9736131333,7410.022347217398,4314342.997430489,-0.2062434296721434
15339.397575101,7410.022347217398,4265228.686080155,-0.21422544952019193
15369.7535103684,6902.872591395799,4176851.8649467397,-0.21401969123454273
15377.1623420749,7152.9323046753,4171689.6113708634,-0.22005847133480616
15432.0004424467,7039.701239024998,4138917.260755008,-0.2197493288703788
15477.5303429168,7039.701239024998,4089891.9165565693,-0.23239250425850372
15544.2227303349,7039.701239024998,4050179.0990891485,-0.24401326157975442
15608.5097015001,7039.701239024998,3978589.6420705905,-0.2550108887165884
15650.4866482889,7039.701239024998,3927003.9209065647,-0.2562963507869389
15756.2340821016,7170.180550149798,3904315.2042601397,-0.2596605518356897
15769.5790302972,6876.179056200299,3817917.925849272,-0.2628895674070795
15892.8722273874,6876.179056200299,3782467.450528883,-0.28200635863437046
15956.8969710914,6693.280606075899,3715874.4692370063,-0.28768204791657204
16013.7463868197,6693.280606075899,3677134.2876070607,-0.30551549932374816
16044.5521801582,6693.280606075899,3624652.4321780913,-0.3267201941427621
16045.2888118404,6693.280606075899,3576902.1279412173,-0.3318912279845595
16065.6599545254,6693.280606075899,3516345.7413152037,-0.34755287005052937
16085.0365008848,6300.754915412997,3446905.8671309073,-0.3468216758556322
16113.3192851455,6284.3621036813,3402886.0995856454,-0.3528722273798507
16258.1679332664,6284.3621036813,3360561.5293335547,-0.36710327419409267
16279.0209050863,6351.254756595799,3316330.791887537,-0.37078886851170434
16396.0094277926,6331.863192353199,3255025.2429417856,-0.3749363566171715
16410.5208617733,6145.564985956598,3185205.246751427,-0.37952774412433427
16463.200591169498,6145.564985956598,3136126.65737722,-0.3830685721766455
16479.4974230313,6145.564985956598,3091640.808548456,-0.398886660030039
16508.245533588102,6451.4761553593,3047849.5085191717,-0.3925657445072285
16517.532093668302,6451.4761553593,2991370.394381709,-0.3990575748495491
16553.1637521001,6250.739566770901,2926388.9473394635,-0.39044035915876424
16826.3626723134,6250.739566770901,2879947.726549133,-0.3998888826655491
16828.7342423353,6250.739566770901,2820738.0514870468,-0.42275044970937803
16860.2216771706,6250.739566770901,2775325.7853520294,-0.4448572295269172
16864.9728119531,6250.739566770901,2729511.097529679,-0.46065404451426545
16960.6104552863,5682.504863624001,2653403.634582663,-0.44946380105291256
17021.630015218,5682.504863624001,2590844.358591282,-0.4675014106443233
17051.3597000375,5682.504863624001,2553270.5916886423,-0.4733990891821847
17082.0706323625,5670.932867416899,2492992.072974569,-0.4808863306858913
17111.2597911025,5670.932867416899,2438811.681346683,-0.49334816967008577
17238.148656356898,5639.9437587345,2366704.0679963287,-0.4985475222688437
17249.5544758897,5639.9437587345,2315221.3248995803,-0.51697205206613
17289.3370820194,5639.9437587345,2262781.1589260716,-0.5213452017013176
17297.900582123402,5283.704076036,2198047.0603909167,-0.5082990927348157
17394.2789737719,5142.9631873093,2132092.061414291,-0.5178299949341298
17417.702616551498,5142.9631873093,2093322.1708494083,-0.5392403834855066
17424.9276194403,4958.076006177698,2046714.2578945719,-0.5393239083987911
17445.858113933602,4958.076006177698,2005852.761490387,-0.5547878569961776
17511.7626973581,5356.028514775297,1988203.0197085924,-0.5527016510604746
17540.8172025748,5356.028514775297,1952476.130451147,-0.5522659038578509
17585.2131226738,5356.028514775297,1907989.8743038753,-0.5531499147931754
17621.465530415,5356.028514775297,1857813.1387367574,-0.5553239787624624
17640.716206395,5356.028514775297,1824181.426315834,-0.5683286951605774
17668.3345419087,5356.028514775297,1764728.1595990185,-0.5671158318146569
17672.1019395216,5356.028514775297,1729352.7777995132,-0.5731264395810837
17728.3003150828,5356.028514775297,1694803.486356584,-0.5664239807317706
17732.869845049197,5086.1863294322975,1633973.3952749823,-0.531388701452757
17747.2065710011,4666.608373879799,1572459.6251291262,-0.5188662822063567
17747.3146022211,4666.608373879799,1533070.9758268893,-0.5379639607204879
17756.1186453064,4460.079898136799,1491168.327043158,-0.5396797903171844
17785.203630691798,4460.079898136799,1463290.036701816,-0.5494006467133449
17840.7837027694,4460.079898136799,1451756.95741159,-0.5607324426532748
17884.193252113,4460.079898136799,1422039.8139625667,-0.5865941489195816
17888.0366046103,4460.079898136799,1394793.284768439,-0.5989715580102899
17936.7601243123,4460.079898136799,1364665.637064153,-0.6099982529173701
17986.7842174652,4460.079898136799,1335539.6662377215,-0.6065208184238682
17989.1557947807,4460.079898136799,1315662.5863018197,-0.6301229983345679
17990.8421300866,4460.079898136799,1286476.369349685,-0.6491477856791773
18029.4196049885,4460.079898136799,1237382.2560430455,-0.6487124020221279
18048.2909060975,4460.079898136799,1202093.2518478977,-0.6600432091312417
18118.300560194,4460.079898136799,1150460.4448399239,-0.638572431705506
18118.7507291039,4793.005362745902,1133092.735606306,-0.615519061551576
18123.8377597409,4242.756487674102,1091971.8690091097,-0.5374709502072034
18161.2602741651,4242.756487674102,1072784.0472231347,-0.5576924578524374
18168.1651280961,4136.4925697201015,1034108.0678210453,-0.5561783791259777
18174.1067077837,4030.7451359074003,995108.7576849438,-0.5586725927629297
18174.7658125265,4030.7451359074003,969483.6869728158,-0.5539524683279572
18187.8139797364,4030.7451359074003,943902.932688956,-0.5708753423184374
18266.6534290248,4072.6378258306977,937150.5461405707,-0.5532736456779667
18336.8152098586,4072.6378258306977,913406.9987492501,-0.5702598560783514
18348.9275758275,4072.6378258306977,885387.6439760166,-0.5632427212819768
18371.4603050468,4194.885065874001,874197.4886878899,-0.4662316854288222
18381.567829472,4194.1484341918,843846.7947033748,-0.46385006080824737
18410.9765315828,4194.1484341918,825248.2928526652,-0.46584586136781136
18431.5151888795,4173.777291506802,792938.237501038,-0.45253265274178145
18432.4352728524,4173.777291506802,773243.5711548515,-0.44607499084225927
18449.9243904237,3843.427818239601,740409.9657899108,-0.4187925752607195
18470.2071045684,3828.9163842589005,721252.2849373263,-0.41266760990950546
18477.4934438743,3828.9163842589005,702218.9484924888,-0.41201192030239414
18512.368919172,3828.9163842589005,678813.6776723074,-0.40920016295228917
18516.7131423043,3828.9163842589005,660360.4892761217,-0.3985254808586577
18516.7740792327,3828.9163842589005,659100.2904009698,-0.40603084543217827
18589.7830179964,3828.9163842589005,655811.8612593357,-0.3920172887999242
18592.1252372248,3828.9163842589005,642608.2210225009,-0.4144594902900145
18601.9751129618,3828.9163842589005,620431.6266568571,-0.39095118228900083
18606.0994179251,3828.9163842589005,612771.8190368608,-0.37405808919609085
18610.6786160975,3828.9163842589005,602177.6955332751,-0.3970393053308544
18614.0159273658,3828.9163842589005,581752.2737292775,-0.40152683927115407
18632.2457526618,3686.2734939321017,550861.9857548552,-0.33242921007787757
18647.1924534291,3686.2734939321017,537957.328037327,-0.33987675986987576
18694.3866004709,3379.2155688616003,513967.5285034292,-0.26034035149213
18712.1552989348,3157.3666136696993,496770.6297705322,-0.22469990009215407
18714.0851063436,3157.3666136696993,494889.4717806059,-0.2325580317569318
18753.793410995902,3157.3666136696993,487411.12258763035,-0.23813874342170632
18761.6208714684,3157.3666136696993,486083.9878610151,-0.24141885102993826
18767.2990227295,3157.3666136696993,478273.59098772594,-0.2423883889185633
18773.7196092586,3157.3666136696993,475666.75451867114,-0.2043666780170605
18790.1303166946,2989.8827701425,460290.788396264,-0.1728467430844943
18814.0705734203,2989.8827701425,462451.100220663,-0.18246070115926047
18828.1141833117,2989.8827701425,453402.94973727706,-0.183499310207546
18833.4071975526,2814.509626591902,444835.1072427474,-0.14811909974027337
18869.743602169,2814.509626591902,443821.1719198258,-0.1544475777459514
18936.085823253,2814.509626591902,438596.21391297434,-0.17871493041691652
18951.3235244598,2814.509626591902,442178.57582418126,-0.1950105740413528
18972.1843694567,2752.0953545761986,441587.8297723304,-0.1420288709630476
18972.994117481103,2723.0408493594987,439963.0911908232,-0.11006472882314872
18980.6890291099,2678.6449292604993,436100.2323343897,-0.08973845795901583
18998.6834730077,2642.3925215192976,427723.63517511793,-0.08775331433692032
19001.5398334564,2731.4225565589986,430277.9819868161,-0.03906037236540966
19008.2749059677,2731.4225565589986,428132.63171884714,-0.02232060354160583
19014.9529677621,2731.4225565589986,431343.6750370794,-0.0403871456610669
19019.9962757463,2841.7069858127034,436558.2383424251,0.03250281944147551
19034.0834929581,2841.7069858127034,431755.4408552999,0.035963782013247285
19047.445164868503,2841.7069858127034,436719.62513033656,0.03895236374930838
19065.6027930444,2848.039157182702,449161.74931574543,0.06500487062638852
19068.6408672441,2848.039157182702,450175.0779521974,0.09896772861955261
19078.9273621936,2848.039157182702,448486.88056252204,0.10753355161393659
19084.261326848,2848.039157182702,451249.49353750824,0.09665382019768691
19099.2881009938,2848.039157182702,460026.9981284709,0.09679297974191199
19114.3297266084,2848.039157182702,465176.4068250155,0.11552527077085309
19124.15174284689,2795.7053715401016,462254.89764492656,0.15188891796023177
19152.5096584053,3040.6039408333017,479969.42835529917,0.17740431061392506
19153.2483903975,3040.6039408333017,489601.3302554513,0.16526902644052172
19160.8713024958,3040.6039408333017,488518.2088509354,0.1661048717832861
19170.2919451465,3040.6039408333017,497198.8044150951,0.18040174798952102
19171.7092057117,2941.6143194120996,485520.0464356476,0.1972281312968965
19184.5343354043,2941.6143194120996,496871.74096843525,0.20399192932330146
19186.7622337018,2967.2691966142993,512566.7176496638,0.20885052105890367
19209.3784149025,2967.2691966142993,511567.8343437523,0.2382508304105242
19258.799601878,2967.2691966142993,510963.69628369476,0.23520945537178592
19302.3208102154,2967.2691966142993,515085.54684444383,0.2411123860963259
19333.4316131574,3381.173183041097,531753.0345642797,0.3023210495467433
19342.0072812626,3328.6063108417984,527494.3137069948,0.3357074170753733
19357.9287363807,3328.6063108417984,528528.8440123586,0.3078167791993243
19374.683818756203,3328.6063108417984,537630.5320605654,0.36441111736392534
19384.0846513474,3328.6063108417984,546150.8603353351,0.3599716912905719
19384.8720397574,3328.6063108417984,557505.3791830522,0.350251763814201
19396.36358197129,3328.6063108417984,562586.9829793671,0.33818914534913513
19396.490265969,3328.6063108417984,579164.3600117369,0.3391998607418708
19417.9487843439,3470.9795662001015,597987.7591816783,0.36464690888632184
19424.971436728,3470.9795662001015,606202.2561424567,0.3667922029920217
19431.8360576663,3470.9795662001015,620093.9271444244,0.3569162169594949
19465.2879681486,3705.3821374615,642236.8059146934,0.39742222819207
19465.6127113412,3705.3821374615,662911.6949746128,0.39038386345808396
19473.3507105547,3705.3821374615,679104.4621450801,0.3915140431031702
19520.9322486023,3705.3821374615,696079.5439529103,0.3797741983228677
19573.3769166215,3851.082273233602,722534.1761345784,0.40429219868687616
19611.5757002469,3626.582123380802,718456.6952765812,0.4448434627066976
19626.1099053129,3713.8990166455005,738281.7727691666,0.4845765315838029
19638.4168555416,3754.0070767247016,763040.0348708563,0.5074169364046781
19661.3838788356,3754.0070767247016,781572.965618236,0.49802725865651615
19669.51716464469,3691.4868015182037,797339.8178684334,0.5513169337739907
19719.0346413573,3776.956622877002,831280.2163428833,0.5640306183596633
19747.6083109106,3776.956622877002,855870.4417519119,0.5765417394708335
19750.874248953,4132.879008173604,893491.165717764,0.6228718816106817
19774.5268756807,4132.879008173604,895247.7330368025,0.6151828940812841
19786.979218009,4132.879008173604,903384.3313490717,0.612865184284671
19825.4965163353,4132.879008173604,918515.9219738295,0.592212149841744
19828.8719079323,4132.879008173604,948347.335086726,0.5891853953992061
19831.4222741255,4022.412614326604,977785.8489692437,0.6439455667665053
19881.6908105372,4082.6282227910997,1015326.4188629431,0.6789946880817946
19889.852356076102,4082.6282227910997,1049850.8707648846,0.6740216307865554
19897.5607869466,4082.6282227910997,1083995.7563970606,0.6819431211461405
19918.1649989162,4082.6282227910997,1120454.5753131753,0.6629101527754323
19926.4081752432,4082.6282227910997,1160395.7005243509,0.6536285099111077
20023.906441344,4082.6282227910997,1197654.8472179575,0.645089483451745
20039.9592992704,4082.6282227910997,1222649.7310720426,0.6271020905505967
20067.3606651172,4082.6282227910997,1253912.3086402758,0.6130393358598584
20068.4198817605,4109.300333522799,1282013.725009224,0.6080631240069079
20124.3117946989,4537.5233836113985,1333384.486389611,0.6165214549837766
20138.428003962,4537.5233836113985,1365631.1515626512,0.5914181844255194
20170.6334002304,4537.5233836113985,1388228.3013908651,0.5613989308178496
20239.4372460322,4568.4972001075985,1428124.3744810221,0.5700182857403061
20262.7687460699,4446.949541773498,1447339.5867059059,0.5672452220704339
20263.858051934298,4446.949541773498,1480460.2394790794,0.5563974495857082
20269.1001397165,4664.853328880588,1531383.9397552772,0.559499151448429
20313.5410624022,4664.853328880588,1570416.1400267736,0.5397777145155069
20372.138762954,4657.025868408091,1598739.9215179693,0.538852591989861
20411.6285412861,4989.160311895903,1658862.9958487176,0.550554074262013
20413.3244231058,4989.160311895903,1707684.7026303238,0.5473387726112691
20449.2549265388,4989.160311895903,1762764.0880876274,0.5404511804368625
20477.1987580126,4989.160311895903,1804209.0730374868,0.5304991207930213
20489.243037786106,4989.160311895903,1833778.0726110367,0.5144049612760315
20528.0904669287,4989.160311895903,1854725.9620856468,0.501973992208648
20541.4346354197,4989.160311895903,1893983.9940017073,0.49632726238892444
20561.6620337779,5558.8765671767,1961823.7741908324,0.5171113304620082
20574.5768308619,5558.8765671767,2023964.5365112606,0.5051834520614948
20580.9090022319,5558.8765671767,2087023.2863444614,0.49257912969297735
20716.7082560974,5558.8765671767,2137791.146466611,0.48791492567407746
20746.8901935375,5558.8765671767,2173984.453844156,0.4817682615862003
20754.098099435,5339.808409535199,2191375.4753780207,0.4761763276323843
20755.7905459608,5897.164314410398,2279678.8006778075,0.4984244678319046
20787.5068216498,5897.164314410398,2315699.481847416,0.49178274045192727
20825.8075715251,5897.164314410398,2376909.690914305,0.4743484897671133
20851.4624487273,5897.164314410398,2400350.8917891267,0.4584860678575068
20855.8163030656,5897.164314410398,2449735.556296831,0.44831979182238096
20940.0745454945,5897.164314410398,2521684.852071297,0.4329110109692899
20981.4060680428,5897.164314410398,2562348.9244991504,0.4289545432486708
21142.9866832371,5897.164314410398,2597061.443368511,0.40865128997840183
21184.719554765,6218.9507304168,2665890.4798559253,0.4254465553327317
21188.0201082075,6281.5021239376,2746756.026798056,0.43289663499181064
21213.5536167189,6281.5021239376,2802333.973841765,0.4339056676948322
21265.366435154097,6281.5021239376,2843388.797553546,0.41748760239394583
21365.6502882617,6281.5021239376,2904988.447716822,0.41604560572478533
21370.983607192906,6281.5021239376,2945521.5579029336,0.4116500859815323
21380.8028222549,6281.5021239376,2996150.4445792744,0.40098394343002436
21407.7396905124,6592.150946302598,3078493.6338689798,0.4003760155730356
21434.7462393087,6592.150946302598,3130942.349615296,0.3792335024503932
21562.389498101,6592.150946302598,3166442.1494591357,0.3743691448900263
21642.1422617738,6592.150946302598,3210031.151798068,0.36276799317883635
21659.5169769526,6592.150946302598,3276250.4156686654,0.3514497374241503
21787.8423975459,6592.150946302598,3300670.442863496,0.34004777244644774
21808.6635205177,6188.7553240651,3320112.4987443606,0.3434549609225314
21812.2391752353,6496.539828538898,3376507.616072886,0.3468517222058098
21875.1592908106,6379.554257813299,3428476.6007264596,0.3481384777677804
21915.2673508898,6379.554257813299,3470672.0087136603,0.33531025420532157
22028.302011376803,6537.7616839279,3529538.3297852823,0.33461945608667243
22067.31128853049,6537.7616839279,3554808.2789309737,0.31491195473514383
22113.7718327356,6537.7616839279,3600530.5549937836,0.3089387556447072
22239.4342925323,6777.481973839196,3669423.657354072,0.3068842603835756
22445.0780784264,6777.481973839196,3710589.963248685,0.2985818896346759
22446.1955383204,6777.481973839196,3776055.0731278392,0.28846206677701686
22469.694218032204,6777.481973839196,3799995.018756125,0.2774363692101012
22472.2137641652,7078.438785631501,3869486.711708204,0.27692456395406134
22484.606078834306,7078.438785631501,3887284.2460790286,0.2658609883101003
22635.5582537792,7078.438785631501,3937812.571323383,0.25812292156492234
22636.428541692403,7078.438785631501,3986128.8965025055,0.2518871665363414
22643.9469335259,6901.094798219299,4018879.6540379166,0.2561646668852539
22644.137340781,6901.094798219299,4056539.736499025,0.24736650548792868
22651.8791264885,7459.139523962298,4148786.551857339,0.25162364630086925
22687.7034248222,7459.139523962298,4186065.5571305966,0.2361849764060832
22714.8739754529,7459.139523962298,4241260.090513857,0.23199288348781774
22741.5460861846,7209.759958299001,4235618.426206926,0.219761113348016
22880.2138220599,7209.759958299001,4297497.947558413,0.21123103544540453
23033.4845813268,7216.9295668294,4354340.575980417,0.20950403747793184
23079.0755069786,7216.9295668294,4380218.752544138,0.20104427779183656
23169.7691362732,7392.240153223702,4456309.282239351,0.1953107210165434
23200.7429527694,7291.8347998688005,4497528.458827185,0.19571637044590456
23243.479813603102,7484.369855136498,4561187.393450531,0.19527710048287647
23347.6217234763,7484.369855136498,4607546.903724287,0.18092256157853837
23369.8631632649,7484.369855136498,4643744.060023974,0.16828128130500572
23418.64673987649,7484.369855136498,4656786.516764056,0.15606823385099777
23546.660641521,7484.369855136498,4688322.367270188,0.15128569051130786
23579.3521387906,7484.369855136498,4713917.88761628,0.13861184311478972
23646.335215354306,7788.481278384701,4771196.863026309,0.13608221938890336
23719.23187213029,7788.481278384701,4811422.3451952515,0.13145252738376156
23750.781183364303,8272.068013754099,4901347.0299018165,0.1357310425261948
23829.5568937882,8272.068013754099,4919753.5146457525,0.12466322110963501
23956.775512513,8272.068013754099,4964436.208964287,0.128692677675532
24001.1459769985,8272.068013754099,4997324.102776542,0.1180255283223665
24007.674135766298,7983.055385347197,4977000.0833355095,0.11700499059316904
24008.457097349,7983.055385347197,5022518.267586228,0.113039160318629
24114.7303507825,7983.055385347197,5038220.032476861,0.09915295327432952
24197.420129871098,7983.055385347197,5048678.884084286,0.0898542386759356
24271.353257451698,7983.055385347197,5049843.984016656,0.08645671939473556
24294.2691939554,8034.108887988197,5074176.522614776,0.08433167409422879
24320.4974386451,8034.108887988197,5104902.358210533,0.06923717577770483
24440.352432490497,8355.637277125898,5135581.298567026,0.07340784251004041
24507.6875106439,7913.145397166099,5105236.579917518,0.0755203125786274
24573.0076478254,7913.145397166099,5140533.361103822,0.06860354925428166
24707.4068230254,7913.145397166099,5155026.930508466,0.06664699377166153
24877.8533435203,7913.145397166099,5149952.4192399895,0.0594349256958454
25016.548226174706,7625.975016994598,5142096.5192025015,0.05889652535720539
25049.0739047889,7625.975016994598,5147043.817028043,0.05159786023737714
25071.0805708049,7976.746100454799,5185465.945369903,0.04924831915293386
25099.3723295915,8131.046750081197,5213382.081158765,0.05564199635347208
25199.6397595267,7950.116016584499,5199402.276139559,0.04922151796810096
25205.520926626803,7950.116016584499,5237900.500035858,0.04450766150897237
25212.74784547109,7944.782697653292,5240376.01039646,0.040085905844602115
25257.3016033898,7944.782697653292,5216292.152270853,0.028377984824768783
25262.1911530475,7934.963482591298,5200567.916220653,0.023456870150686537
25272.32617978649,7973.816229030901,5223597.208904074,0.017143409406485545
25405.3078793034,7792.229553184799,5212266.145743792,0.01802667337387255
25483.0539453336,7792.229553184799,5191475.19386819,0.0010306083892035246
25521.33332115089,7965.248504454496,5211101.787309061,-0.0042985585879539556
25572.8399754125,8030.2898238134985,5211559.239589888,-0.0037709193055916485
25621.4735783035,8030.2898238134985,5215616.722430043,-0.013795347386925191
25893.0300945079,8030.2898238134985,5214807.213387962,-0.026114820411637818
25900.4865064156,8485.417492466597,5247294.8209197195,-0.02363063795115593
25944.1676779538,8485.417492466597,5266587.269557831,-0.03760564056965694
25977.0710645682,8239.143470049898,5225909.467696466,-0.03293529011743841
26015.8504044786,8235.567815332299,5181301.449998502,-0.03683342317765871
26035.0711037118,7808.3726980352985,5128958.685243053,-0.03962319309394171
26058.6939325302,7602.7289121411995,5097279.106097138,-0.05101389254200446
26252.321805492204,7602.7289121411995,5099498.402319704,-0.06433140190604092
26280.1515717047,7758.020025409402,5127780.013043331,-0.06976529329228802
26298.414222441497,7893.698160887801,5143788.226673762,-0.0691041065144984
26450.3627784437,7893.698160887801,5160852.370545832,-0.07181809945341897
26513.6410830764,7893.698160887801,5156928.813135063,-0.0720020564547638
26528.4660748318,7893.698160887801,5138837.632450697,-0.08221001073622893
26533.2330978038,7893.698160887801,5105525.32354486,-0.09548443414876238
26599.3710342338,7893.698160887801,5065259.324772435,-0.09997100486587485
26675.6216739,7893.698160887801,5005729.838349393,-0.11289990706352157
26920.868291367,7893.698160887801,4973394.7082486795,-0.1201873372262598
26984.8131594882,8179.076467670002,4989701.914179301,-0.12493563143087887
27054.0359993055,8179.076467670002,4946542.004747208,-0.12607801612233419
27134.748855489303,7743.9407240365,4897036.799027391,-0.11522553535955378
27233.2321188972,7743.9407240365,4883058.526160283,-0.12375415398910597
27233.666399643,7590.6699647696005,4827646.002798916,-0.12908098150011316
27240.8360081734,7739.868370172699,4810525.808002525,-0.12533276684713374
27265.3373209912,7739.868370172699,4787374.334284635,-0.13713244509081512
27362.895756755,7575.464063548196,4727312.981688849,-0.14344548748388947
27389.7505640076,7471.322153674999,4685636.078308901,-0.14834484015523006
27416.1465945677,7471.322153674999,4651267.584149656,-0.16733222962832275
27546.0753432973,7471.322153674999,4631431.394676098,-0.17369500423649642
27608.6816498354,7471.322153674999,4606075.480822003,-0.18214815802428036
27649.92684037629,7471.322153674999,4559282.098972852,-0.1907806175111225
27756.3819019695,7471.322153674999,4494555.5297524445,-0.19370504939267794
27825.1631173056,7185.793822490108,4440316.258690378,-0.18770841792440945
27878.9390907808,7075.468800832197,4381449.438948848,-0.19740745432435777
27912.7930730836,7075.468800832197,4354366.8784893025,-0.2173982322294196
27921.236222774303,7075.468800832197,4318472.088130158,-0.22479367932162803
28027.9256177216,7075.468800832197,4270940.504192576,-0.235551215599676
28162.9547046869,7210.748044603097,4241326.84590947,-0.24159998386383802
28212.3886289108,7210.748044603097,4187243.351028034,-0.24870810874018834
28273.6179723337,7155.952489321298,4132989.634439274,-0.2425671585263109
28275.8592723109,7155.952489321298,4126693.0555701233,-0.26048699034565614
28304.2005432879,7155.952489321298,4050399.0349305724,-0.2735271659553301
28396.379808453,7155.952489321298,3984458.009201354,-0.28525685110481286
28447.433311094,7004.891648489705,3923353.35833693,-0.27550098665212247
28471.9894510021,7004.891648489705,3878114.2162689636,-0.2795840424312001
28670.5478453554,7004.891648489705,3815130.3571475763,-0.2900547125465437
28672.1689034886,7004.891648489705,3748446.871254287,-0.3015014535621897
28677.6427857822,6599.624791247297,3682625.0289115,-0.29167306493622586
28679.2542284016,6599.624791247297,3647791.1785314335,-0.3120370219928921
28709.119644837403,6827.599577494697,3640362.491845733,-0.3207910645283657
28741.6619178516,6841.152357466097,3618204.6698439405,-0.32571475258162647
28751.6170342787,6532.010954316793,3537951.000304503,-0.33277760749275914
28768.9617002317,6532.010954316793,3488708.2378520905,-0.34991319839697366
29012.1510068585,6532.010954316793,3423140.257803433,-0.3628553757041868
29076.25782688169,6532.010954316793,3374518.6106160856,-0.36818832697935433
29119.7327836919,6532.010954316793,3330003.9801753885,-0.39051194954230106
29267.990830026,6343.038253864695,3245250.237460176,-0.3987586501279297
29315.7663048462,6538.393027020098,3208427.7212965013,-0.3946677019366093
29327.0840132924,6538.393027020098,3157308.9713451024,-0.3955171355918166
29354.6190512858,6538.393027020098,3114346.496685526,-0.40283510780897286
29356.7287152079,6338.606074343501,3035853.779487668,-0.4037236654254958
29407.9164833107,6338.606074343501,2975428.716317503,-0.40911977437923297
29424.3787796866,6338.606074343501,2939321.2716930886,-0.42154588511831675
29424.8656663488,6338.606074343501,2884673.021393677,-0.44019198119079944
29434.8373214369,6338.606074343501,2820678.1611997588,-0.4446514651164324
29527.638002555497,6338.606074343501,2779355.912555276,-0.4591115967375508
29569.0397940076,5870.459968368799,2711285.942229288,-0.4379761952921243
29592.6793219145,5870.459968368799,2662465.674372895,-0.44318394338643813
29595.8277804463,5870.459968368799,2632501.075812383,-0.4525010074075418
29658.450622251697,5870.459968368799,2575882.5328907035,-0.45823609548428407
29731.869998965096,5870.459968368799,2518438.896801912,-0.4734657833682739
29779.527725672204,5798.777241844,2446762.0065887813,-0.4714665196056354
29978.5103251971,5798.777241844,2397427.5020643263,-0.4938913524223214
30033.7678922042,5534.476074617898,2333474.418042739,-0.4817469181671595
30047.8069905676,5583.752797252502,2293563.5016690725,-0.48162685805649186
30111.933502188705,5583.752797252502,2243093.033041867,-0.4906827624834525
30162.7453275788,5583.752797252502,2190881.149079218,-0.5059177234522346
30177.1921578019,5583.752797252502,2143329.205156222,-0.503193479476356
30203.0981038358,5583.752797252502,2118482.94291893,-0.5260170795601382
30229.695595280296,5583.752797252502,2053981.3079889682,-0.5251201625275509
30291.7000149396,5592.382573378098,2020770.153503788,-0.5326603413454912
30308.9576308473,4951.665853715796,1935240.5349623293,-0.5082011213927875
30334.5290294079,4983.231151994198,1899975.3019256408,-0.5113464315829794
30338.7762393142,4983.231151994198,1857620.0314000577,-0.5294798667635104
30377.9537090231,4769.350587871897,1805731.0663600715,-0.5257128045505194
30413.1520033144,4769.350587871897,1777516.644147567,-0.5371700752194026
30448.4623989056,4769.350587871897,1732841.5229330405,-0.5559491077227635
30451.930050247403,4769.350587871897,1705297.612921202,-0.5737720379041051
30498.9586295694,4769.350587871897,1656288.4226558742,-0.5774853912443882
30514.0601864921,4769.350587871897,1611370.6305789088,-0.5742628671668475
30532.568655685296,4541.203686606201,1549366.9939827954,-0.5647545087553665
30535.1672769364,4541.203686606201,1508094.102256586,-0.5716748448680203
30559.7180197187,4434.202715312309,1465616.9206954842,-0.552851664024308
30621.467590213502,4434.202715312309,1436858.8758964927,-0.5682419101014917
30624.1545460964,4434.202715312309,1406799.5637745159,-0.5735672232046222
30681.9823441012,4434.202715312309,1389879.1039905285,-0.6021297029890545
30711.421329573703,4327.7476537191,1339292.5722909605,-0.602673763099745
30711.521831064103,4327.7476537191,1316709.172467592,-0.6253449954595712
30748.1084034236,4327.7476537191,1273754.0343097863,-0.6365426943335764
30768.0680989616,4205.190464907799,1217711.375637651,-0.6330396272364895
30780.3102388784,4254.004057683102,1198811.2199312092,-0.6404764917720873
30791.468027739505,4105.0175307423015,1150155.7080074116,-0.6346216033269757
30795.6201918299,3969.9884437770015,1103608.962036711,-0.6349820908989278
30818.943877151298,3920.5545195531013,1073852.6682996643,-0.6236962202387019
30865.8943436782,3920.5545195531013,1047832.0606906328,-0.6351224019126925
30880.3888720727,3857.083876153003,1009062.8826301845,-0.6306911415091714
30883.9218312664,3857.083876153003,990528.8385053704,-0.6523709814404028
30905.0256946204,3660.953697461802,952433.4321415577,-0.6427388742790966
30908.896944601,3726.664047742801,934406.7364422303,-0.6431629181780872
30958.2889334912,3726.664047742801,914918.0019106809,-0.646259229546949
31013.7462225828,3528.1056533895025,875873.467604848,-0.6423231262275488
31040.3049383913,3528.1056533895025,851234.9437801188,-0.6383162840500022
31050.5558336922,3528.1056533895025,827171.6805174103,-0.6245673722252044
31093.538885837,3528.1056533895025,815725.1337629376,-0.6358008131100377
31149.4305406719,3528.1056533895025,797840.3840883324,-0.6682618386277402
31156.93575779589,3528.1056533895025,768708.6197888753,-0.6582956127572951
31157.0984663198,3884.784781538103,766287.2164558383,-0.6455265265257821
31198.1579679583,3884.784781538103,750756.929037204,-0.6429687869601074
31212.7245835668,3803.7155926148007,710834.1526043916,-0.6115127469849029
31276.244905941403,3803.7155926148007,682071.2606255148,-0.6094164795791576
31307.0316142727,3803.7155926148007,670652.7434515742,-0.6137867677853417
31313.0629122098,3803.7155926148007,654858.6640577774,-0.6219500548018145
31323.659331995,3198.603911685601,624331.1843273441,-0.5349285317329794
31345.436041614,3198.603911685601,614227.5971733907,-0.5400327828998177
31355.3491812376,3198.603911685601,604252.6248065409,-0.5496424388566576
31361.8617414232,3198.603911685601,589156.9374300495,-0.54073936424897
31398.7489219571,3130.9538472069,571768.1635669528,-0.5207474287253997
31431.4012376173,3130.9538472069,565403.5962608488,-0.5532649264764996
31433.5118007578,3434.2599830385952,564983.718338702,-0.4945110978003029
31436.752952640098,3434.2599830385952,548611.8862340719,-0.5052115237244128
31437.036726947,3434.2599830385952,530251.018069879,-0.47487873511079626
31462.5766015287,3434.2599830385952,508881.42369433027,-0.4383951502424603
31485.588873700497,3289.598968717597,497554.030391732,-0.33883692024276135
31489.1409492332,3289.598968717597,489885.67581467336,-0.2982565858900126
31492.3447678554,3289.598968717597,485630.9722077371,-0.31853451941996785
31495.7759162348,3289.598968717597,486562.51411919435,-0.3327327414717528
31517.095962941003,3289.598968717597,491726.68306855677,-0.32528886583973093
31520.9201043752,3458.150554404405,502222.39873217506,-0.28270965363401124
31530.4675251967,3458.150554404405,495287.18286941183,-0.27161789350497123
31535.0064005201,3458.150554404405,477803.0721993206,-0.24536020134450115
31536.3540312627,3458.150554404405,466491.4339072082,-0.24393501249605729
31548.5591804915,2958.046378615498,455773.74812538753,-0.08962416223154719
31552.4697661598,2907.234553225404,442317.40577092406,-0.08373264798081806
31570.907920679903,3212.282311485804,462023.63986018783,0.0012122822013469637
31576.680079346403,3212.282311485804,457398.8041212129,0.0013787649189750991
31602.1477452799,3212.282311485804,456813.45651687385,-0.01680880943637726
31609.443339647,3212.282311485804,456685.94753318664,-0.01900626052888366
31674.9256493866,3212.282311485804,454363.0352983206,0.024381387939083378
31698.8122275958,3212.282311485804,460473.2384124271,0.011683952777136103
31717.7327759604,3212.282311485804,451608.7561505316,0.0021231706832641243
31726.4943659039,3212.282311485804,447074.1737631501,0.037901997167823775
31732.5429831392,3212.282311485804,448770.0567303292,0.04918496991373912
31734.8554721463,2997.0739300415044,443519.55817539146,0.11218540988407259
31743.9139536469,2997.0739300415044,442965.9915852927,0.0908602365818471
31745.9568952527,2997.0739300415044,437429.6716782847,0.0698816814495793
31746.6338828006,2997.0739300415044,435607.2397836812,0.07775404381676672
31772.5402639227,2997.0739300415044,431040.89636266127,0.08093964518410293
31785.4460127325,2997.0739300415044,433608.9976922527,0.06324653789660802
31803.9311909682,2997.0739300415044,427119.7146325151,0.08175401373828771
31810.4495193405,2997.0739300415044,423867.6719875752,0.10809669863941626
31814.6276463226,2997.0739300415044,427854.516656336,0.10619245073711239
31824.7366035678,3011.802207053701,434427.8726851471,0.1498284086218925
31841.812570874903,3093.811644391699,448095.91969411774,0.17703396630212118
31863.904368957203,3093.811644391699,448602.6702870051,0.17425202887346636
31872.5341450828,3093.811644391699,457051.8412603586,0.1647859066564389
31876.971296777003,3093.811644391699,467282.6247273773,0.17673382368710416
31879.573787179703,3099.7439748276993,470895.93381303083,0.2906298258685575
31887.7894181003,3009.6897339770985,471293.8172037408,0.3268048420394761
31900.7323356705,3009.6897339770985,475268.65526859375,0.2978985270687633
31904.0994433612,3009.6897339770985,487414.3460175509,0.30362034212337097
31966.690874645697,3009.6897339770985,491143.454919001,0.3270206192009893
31972.246105744904,3263.2143376689964,505673.8749884085,0.4197692855832981
31974.074392516097,3263.2143376689964,520997.6465830795,0.4207437578824171
32005.6848459875,3263.2143376689964,524021.6453021652,0.42723170863489884
32084.1295556886,3263.2143376689964,537997.2050482065,0.41120694638108796
32086.797953805,3263.2143376689964,552196.9129755286,0.39521953917259806
32113.3509912682,3263.2143376689964,558643.9522952592,0.43012302434592575
32119.793842821,3263.2143376689964,568599.7270571842,0.4508772284946761
32130.1481652134,3360.0774914795,582059.8686821506,0.49826293777069214
32132.943148463903,3360.0774914795,600231.2476983689,0.5000253032690052
32148.0054706282,3360.0774914795,605961.6158763359,0.5160410817104893
32191.6205333234,3057.6300612109007,604484.2314113863,0.5446218597968258
32192.5754038996,3175.232214733598,630649.4033433461,0.5503145693572152
32198.6534987449,3175.232214733598,649908.7569509707,0.5419524734237962
32222.792876739702,3175.232214733598,670978.6653466611,0.5393989084022511
32235.1550262664,3432.8998234416977,693636.1159876592,0.571963405906132
32262.790674968703,3638.437898987304,725287.7616070997,0.6107492873388102
32268.1450257525,3638.437898987304,739698.6877653763,0.587985402307225
32278.5467225296,3669.551949482804,765790.7211970999,0.6364653321515692
32283.3276412028,3669.551949482804,778767.7786398765,0.6197387268073267
32285.2545258497,3669.551949482804,801861.8414759473,0.6166933744990917
32286.3792356039,3669.551949482804,830714.1023178013,0.6063071876242729
32293.3589093664,3669.551949482804,853105.9991149325,0.5916543549973646
32324.283271046403,3868.562071832799,892498.583898431,0.6055695274338153
32328.9700824066,48588.02660762171,18466235.40979723,10.257198873357531
32334.9051480165,48588.02660762171,18468811.566201307,10.23569571252469
32388.749574704103,48588.02660762171,18472144.151848577,10.21500344085844
32411.0424386788,48468.84090989191,18460754.766608175,10.205913118805679
32491.271050414,48468.84090989191,18481547.60177538,10.17058990662318
32555.3326268935,48468.84090989191,18483499.85331016,10.154979750290282
32583.0108483314,48468.84090989191,18487169.674807113,10.134153899094999
32584.9864476134,48468.84090989191,18478691.421434797,10.123243906545769
32602.3267597905,48468.84090989191,18495279.539083518,10.092005899390156
32640.7862992576,48468.84090989191,18507583.194311444,10.06292762267262
32679.7794502579,48468.84090989191,18506948.718616813,10.045120820947378
32745.6564401684,48468.84090989191,18529363.281418737,10.008260457740848
32758.1930711576,48468.84090989191,18527485.179012053,9.99053424401992
32797.8152216848,48468.84090989191,18551471.771329626,9.952150180443983
32809.1222278554,48468.84090989191,18559518.511608537,9.924606232640771
32850.1068124872,48468.84090989191,18580622.18933579,9.887347891643287
32858.6387627252,48468.84090989191,18591822.77674224,9.86010107743388
32862.9040126228,48468.84090989191,18596126.885906592,9.834640116034898
32874.228606618795,48468.84090989191,18608838.983805347,9.80475815999766
32914.2886240463,48468.84090989191,18610756.9503168,9.78369924006826
32921.264404082794,48468.84090989191,18631768.462630812,9.74664661323674
32973.3679377682,48468.84090989191,18658554.6536846,9.70195922391913
32974.855760908504,48468.84090989191,18667969.49940315,9.673625509487058
33027.190348412005,48468.84090989191,18691686.012834154,9.635240393961197
33031.3447680933,48468.84090989191,18716319.61584691,9.59387637553531
33053.0292674063,48468.84090989191,18739729.690472536,9.554658923856257
33056.017233255,48468.84090989191,18775764.533326164,9.503053212870217
33069.9798808042,48468.84090989191,18792322.36029086,9.46630547463445
33079.2425322422,48468.84090989191,18834954.112677835,9.40968388693682
33087.3041037753,48468.84090989191,18845861.89274857,9.377095599781649
33233.539439917404,48244.52876651171,18829286.347136877,9.364974021344219
33375.0276390646,48244.52876651171,18860634.822789587,9.319223199048814
33389.7559160768,48244.52876651171,18860819.212013606,9.295332257146788
33409.4900281515,48218.98889193001,18853120.641338564,9.276479907902921
33432.8651948982,48218.98889193001,18878185.12229258,9.235301397737784
33471.7653534148,48218.98889193001,18907584.30884185,9.188960103919099
33514.3314581262,48218.98889193001,18925404.61783996,9.150865404157484
33517.899154857005,48218.98889193001,18952324.01007469,9.106136018081909
33558.3439920566,48218.98889193001,18978225.872156564,9.061782769560935
33604.910397947795,48218.98889193001,19004558.385143142,9.019266267286154
33632.3919017012,48218.98889193001,19007605.106140792,8.994895932439086
33708.5908523832,48218.98889193001,19019964.1459008,8.958880402913525
33721.2115650412,48218.98889193001,19069594.2822043,8.89755395136572
33798.9872537321,48218.98889193001,19096991.54203487,8.853547769040746
33842.8868356669,48218.98889193001,19109150.449903585,8.821105588061952
33885.002304056296,47982.753265862906,19099677.947183713,8.800131144125947
33890.6915527664,47982.753265862906,19107509.550412305,8.769169770418475
34010.1556355953,47982.753265862906,19145199.55271123,8.71902844059896
34011.3227410926,47982.753265862906,19181682.188498627,8.668107394680655
34086.6810793214,47955.07112755481,19194337.3428745,8.631131876706021
34105.4508956933,47714.87461881301,19199115.249136236,8.599782530937032
34108.1858949031,47714.87461881301,19213242.388132375,8.564548558301723
34208.8161399482,47714.87461881301,19241304.317660317,8.518206479527137
34212.7934537734,47714.87461881301,19287553.34283732,8.460540000427438
34225.7880484258,47714.87461881301,19339413.610876687,8.398385998894195
34450.0126708637,47714.87461881301,19353121.264699254,8.362457121590452
34483.4556571339,47714.87461881301,19379541.65003605,8.31770022633245
34506.5043509764,47714.87461881301,19414867.968298245,8.266833335800182
34533.2319212919,47709.319387713804,19416252.6831957,8.237318293979671
34574.480670118195,47709.319387713804,19463849.56458257,8.180922915876666
34617.8499592998,47568.21450219051,19466672.901655037,8.150007777337771
34688.993732679504,47568.21450219051,19481151.633336853,8.112806384491673
34694.6206315311,47568.21450219051,19492771.683241304,8.07677084157728
34763.0908353198,47568.21450219051,19540286.653181747,8.019852562694641
34784.3606273364,47568.21450219051,19571993.904810347,7.972386958667993
34882.6723346219,47568.21450219051,19573789.722274654,7.942538583814703
34892.4373075129,47568.21450219051,19563666.699726462,7.921548340131183
34962.1009576698,47568.21450219051,19580970.920789845,7.883480926378252
34968.9951895147,47568.21450219051,19619271.98173727,7.833163293104894
35106.820882267995,47568.21450219051,19606329.754332747,7.813669523422902
35169.9982625091,47568.21450219051,19637484.442649797,7.76446929783589
35190.3279379626,47568.21450219051,19617970.978068307,7.747080989650381
35244.3989158929,47568.21450219051,19637891.318339214,7.708005755765312
35368.7062788714,47346.66034544221,19640976.61550247,7.675119590910648
35424.227457606605,47346.66034544221,19658407.201029144,7.638941407247283
35453.85135185,47346.66034544221,19674940.408090487,7.599213650763738
35531.8438229603,47346.66034544221,19673043.995018538,7.570514572031449
35573.8049978783,47346.66034544221,19689110.250359803,7.531340403787145
35605.208153007,47346.66034544221,19720067.9659543,7.483937915871532
35678.609391724705,47346.66034544221,19717313.220962383,7.456220661069372
35706.8921450504,47292.815918754604,19684925.866714314,7.444143563137021
35808.570223945404,47292.815918754604,19656790.817700665,7.432037771653911
35876.859344222,47292.815918754604,19653594.927142225,7.404384263274598
35979.4413017084,47292.815918754604,19670419.308852658,7.364833179904092
36162.9379857908,47292.815918754604,19664345.338573284,7.337302196066998
36202.609273419504,46883.750271773904,19658524.295868628,7.308794518383915
36256.8652916574,46883.750271773904,19652832.64181389,7.281374081150492
36329.7173489005,46818.66148083591,19642256.044458184,7.2562227145912175
36383.5593526458,46818.66148083591,19627305.606100857,7.23365318962976
36429.2756264371,46650.220725365405,19600387.839448914,7.217850573032323
36459.724464213,46628.536226052405,19597542.13828025,7.188341420906351
36495.0962543249,46628.536226052405,19590331.517772567,7.161322088862364
36557.8826128913,46628.536226052405,19592907.889683604,7.129461662618471
36642.5510566956,46628.536226052405,19584314.381568603,7.1041895036108915
36686.3884227749,46628.536226052405,19558974.56611628,7.0869700308193355
36692.136597626,46628.536226052405,19551113.01839857,7.0600079269216325
36905.8382706943,46628.536226052405,19550115.02305751,7.029541542406595
36952.9519817694,46628.536226052405,19546427.806574304,7.001410283459606
37028.4660592477,46628.536226052405,19518237.413149223,6.985947864848034
37028.9079264408,46167.234035332505,19478528.361037202,6.975848108127517
37079.4222903089,46167.234035332505,19475374.50872295,6.9462454282694726
37132.67547206061,46163.6663386017,19451959.391542487,6.927706886241608
37223.701511844905,46163.6663386017,19448943.82992925,6.899090319532072
37315.9863028055,46163.6663386017,19416777.28871871,6.885719239445062
37352.556739512096,46076.65509551091,19374255.17902484,6.877409479822896
37384.9534685127,46049.173591757506,19319546.165263616,6.876244127358462
37395.7209326711,45882.57823972661,19272425.03195798,6.8706184829207695
37598.92622407661,45882.57823972661,19260153.031121142,6.8457018305369095
37655.5242316889,45882.57823972661,19245626.262881387,6.821966231364511
37793.8898837841,45882.57823972661,19213695.003122192,6.808518053402735
37839.7339674419,45882.57823972661,19185825.275385655,6.792210863135193
37869.3040371428,45882.57823972661,19143501.427285522,6.783546365983161
37953.4942765006,45594.884414137305,19067942.10697915,6.793610807049277
38033.7616353587,45594.884414137305,19048898.37102142,6.772460950159199
38144.6184408999,45594.884414137305,18982181.212849535,6.778147456307143
38328.6551981357,45594.884414137305,18926313.047352005,6.777739735085357
38335.0091891424,45594.884414137305,18913360.202258375,6.753385528269019
38341.6014911278,45594.884414137305,18887939.65068953,6.73657630844864
38357.943646668304,45472.74935351051,18822527.937249877,6.740696181028251
38492.7106491592,45472.74935351051,18779914.483805295,6.733810101991144
38527.8484389894,45231.552822595004,18698348.75835004,6.747628638319751
38544.1444129997,45231.552822595004,18657103.46118136,6.738794669710179
38551.1079989482,45231.552822595004,18606771.70875356,6.735195077831369
38576.4277871332,45231.552822595004,18541583.35548933,6.740000955355977
38627.3998866251,45231.552822595004,18492940.634626668,6.736550426141985
38627.3998866251,7764.048660570799,5186601.587740615,-0.10496406412302323
38668.5626539097,8395.985411013993,5214798.675184855,-0.10219593046995351
38718.0503684472,8395.985411013993,5195826.173859651,-0.10960563011606103
38773.255544380896,8395.985411013993,5176767.4541644305,-0.10722827323010417
38861.58413974141,8395.985411013993,5188512.2620291095,-0.11456838099190712
38873.0494529846,8151.3774503465975,5146653.674428446,-0.10547654199135709
38902.3780453906,8151.3774503465975,5121803.7139944825,-0.1075591968596459
38928.0620661024,7877.002892362994,5058254.372020433,-0.10943084847515414
39018.4005186419,7877.002892362994,5024204.03312299,-0.11968653689833575
39027.0453869031,7900.029536596499,5013910.661582432,-0.12278819686024657
39162.449991155496,7762.203843843206,4953058.535008809,-0.1267835009149682
39478.3540421865,7785.871233991507,4942630.860882383,-0.13253191736319528
39525.1380424978,7523.9858373881,4890558.930583575,-0.13396450412824865
39650.4516391486,7523.9858373881,4865260.019527576,-0.1437372783220036
39673.9276290223,7523.9858373881,4827766.108163527,-0.1530653579942684
39698.192238846495,7523.9858373881,4803551.068792517,-0.16251955205274135
39715.559060241096,7737.096503265799,4767497.025818281,-0.15793147023923973
39716.9683054143,7737.096503265799,4740388.824732749,-0.16134178735387708
39736.3343178909,7737.096503265799,4694517.212584611,-0.16464185513232837
39903.0517706964,7455.066603497697,4645476.97567228,-0.1559079659367945
40103.7776457413,7678.088708926094,4631481.6337084845,-0.15294724470852347
40197.1378658438,7678.088708926094,4617370.6749997875,-0.16623709522665056
40216.5656005551,7507.217631163097,4572773.347087922,-0.16539086373176054
40269.5035423932,7323.720947080699,4531534.013925188,-0.16799936022777925
40343.2534783557,7323.720947080699,4487713.97259008,-0.18024723943998103
40375.0238925441,7284.049659451994,4434255.237909954,-0.1888248596896291
40433.0282829284,7538.002884368398,4442979.524162914,-0.19344049706422717
40600.6312638005,7538.002884368398,4420082.651606961,-0.19925780247914154
40620.82440872101,7538.002884368398,4416233.670749956,-0.2127801526619114
40626.8861547922,7538.002884368398,4377221.802889388,-0.2210120489294957
40628.5586931589,7357.052805142099,4318605.301753114,-0.21859539442152603
40679.5998067233,7357.052805142099,4278902.999914019,-0.22708913254802648
40749.6957543722,7311.336531350804,4216784.41070672,-0.22769876747888165
40762.8380890864,7182.729544896603,4154612.1416770294,-0.22647612593360578
40936.9199680246,7182.729544896603,4090942.6131514446,-0.23486416189395218
40960.9260465318,7549.709690625707,4083233.8343052273,-0.23361625185875626
40970.5390490682,7549.709690625707,4046105.118803758,-0.2388628018786944
40995.6824966909,7549.709690625707,4003312.5108278124,-0.25133277346097777
41076.552506569904,7549.709690625707,3978026.850655973,-0.2582681508620997
41105.3302183236,7549.709690625707,3916468.3952287515,-0.2669065797416448
41124.9076178529,7028.170013208102,3845109.1070035207,-0.24648981644534473
41162.282385805,7028.170013208102,3798392.3903107005,-0.25931739032087986
41204.6806220488,7028.170013208102,3752216.4331852854,-0.283599181731892
41288.5775791564,7028.170013208102,3714333.231444541,-0.2850813856209329
41291.7473678346,6791.606000711508,3652006.789168524,-0.27714938005446854
41323.3750713643,6791.606000711508,3584599.122734279,-0.28414981708427167
41329.8914686025,6508.666079440394,3503184.3183291424,-0.28794660345995937
41540.2703284306,6452.068071828107,3431510.5667593987,-0.29908565876315657
41636.5348446071,6452.068071828107,3383694.995900796,-0.3107455076746681
41644.4849375147,6452.068071828107,3325102.544114536,-0.3282343108185204
41654.4889404424,6452.068071828107,3266975.54472379,-0.33942775482142096
41700.246764704505,6073.830668158305,3201369.7713638656,-0.3376527288492877
41733.0185310694,6074.639192094102,3166459.6633360614,-0.3454458087500959
41748.1969065139,6074.639192094102,3122940.5581040536,-0.36383327014868583
41808.7616789044,6074.639192094102,3096555.2305970234,-0.38449472278687524
41935.3612964734,5779.745629317105,3039142.7249131557,-0.3879685463957779
41935.69055888021,6059.471102164403,3008921.5468271165,-0.39030741283775044
41945.11334099,6059.471102164403,2963276.2584321364,-0.4101950085863839
42046.7809564367,6030.182653631797,2896754.3161305445,-0.42386093633750677
42078.9166626636,6030.182653631797,2837503.3909687307,-0.44270691831438086
42130.7427547768,6030.182653631797,2793802.5752310203,-0.45136534892087254
42133.6771066601,6030.182653631797,2740507.3364941925,-0.4607651828782338
42214.0613314345,6030.182653631797,2698470.941347969,-0.46840022843695006
42306.2871568849,6030.182653631797,2658660.4758313973,-0.48616403261087043
42320.1300217757,6030.182653631797,2616945.815896068,-0.49864222236711914
42405.0092945235,6030.182653631797,2563157.684656639,-0.5058675698050719
42411.7111937455,5895.415651140902,2483786.036987153,-0.49498060032179325
42628.314527293,5895.415651140902,2419828.210229987,-0.5011713711351274
42638.4040785146,5972.302703815403,2380954.0029758294,-0.5041396176615727
42673.3783162346,5591.963899990005,2295892.90456472,-0.48747288745720063
42674.9487463172,5591.963899990005,2276988.396938641,-0.5071746931741544
42687.5416991507,5562.635307584002,2211670.967057982,-0.5009772994347009
42709.99293510951,5742.941782385897,2163949.425092015,-0.4866072099256647
42744.9471300132,5742.941782385897,2138085.6232594573,-0.5027594903087522
42845.9980818777,5482.869836621001,2061418.8246135793,-0.4869347959178181
42858.6856366654,5482.869836621001,2023418.003285519,-0.5017060622265407
42869.0247261112,5482.869836621001,1973053.5365373783,-0.5075551614235089
42892.6921162595,5482.869836621001,1921459.671352895,-0.5263035282337257
42963.8044112498,5540.742044545805,1899409.613240711,-0.5314467832376155
42980.9219566234,5540.742044545805,1852219.0345018767,-0.5239738936085905
43024.22570552,5540.742044545805,1796604.5994301718,-0.5282931139639461
43094.4976639891,4986.223730286998,1719704.4648967024,-0.48668188648433264
43119.0855735049,4599.414389960002,1668223.936012416,-0.4777036799407997
43137.8904737306,4506.054169857503,1624451.7255260714,-0.4904048851087992
43161.3239608724,4511.4298527711,1598892.4615092564,-0.490203442786116
43252.1853113173,4511.4298527711,1576790.7880717018,-0.5144583053542223
43259.4599694672,4458.491910933,1539473.0447856218,-0.5209751584689377
43263.6368274431,4458.491910933,1508170.5402784427,-0.5308083951796729
43266.531628486,4458.491910933,1466193.3030837511,-0.5430620202684747
43362.576075131205,4294.967170397802,1418981.7617219123,-0.5484072819055
43401.664536425495,4294.967170397802,1389967.7380531316,-0.5641198525466674
43402.851084096204,4294.967170397802,1362606.8546745959,-0.5737398692641341
43444.1467712756,4294.967170397802,1329898.168813102,-0.5835956804442763
43458.931422433,4048.3956466028976,1292110.22755385,-0.5759906209790324
43459.8272872367,3978.299698953997,1260486.1212244928,-0.5816414864938956
43476.7086944544,3978.299698953997,1238130.7352289467,-0.595277856914009
43486.6589328715,3978.299698953997,1206454.3480449773,-0.6179148302325491
43511.4456389577,3965.1573642398,1174972.188739469,-0.6165636270189166
43516.0682010096,3767.0694067943987,1135176.6830383413,-0.620833892287483
43518.7713197448,3767.0694067943987,1108270.9965411157,-0.6393838598522383
43520.2319090239,3767.0694067943987,1088146.553871563,-0.6618031892772878
43530.4312554023,3767.0694067943987,1055104.2352511627,-0.6819877158672629
43576.386614487004,3767.0694067943987,1025362.6077377151,-0.6907698903300842
43579.4555881196,3767.0694067943987,989752.8764819223,-0.692394978743591
43579.6004810883,3767.0694067943987,957925.3138938168,-0.7024828695025882
43621.1154572909,3523.314831277399,917890.9327810664,-0.690210054386748
43668.037580215896,3664.5433166957955,894545.6228554907,-0.6731580083353128
43723.0262242258,3664.5433166957955,874869.4879500839,-0.7022682866677653
43740.6121577879,3664.5433166957955,859801.3761971147,-0.7267463314320268
43747.6120836928,3664.5433166957955,823075.9090240822,-0.732682685528605
43759.9541936829,3664.5433166957955,801250.6944581262,-0.7516812441942727
43760.1225731664,3664.5433166957955,779796.3901282592,-0.7682948762026354
43777.4969908517,3785.1701424605853,754685.6873339711,-0.7199612887059681
43896.1295746179,3785.1701424605853,737847.063818143,-0.74687102120483
43908.9228193277,3574.79128263249,700920.1294243714,-0.7190973435004973
43922.8734155627,3470.576673548385,668841.8514982094,-0.7079803195436289
43996.4870095639,3470.576673548385,659409.991324397,-0.7232288098949211
44014.40599348951,3470.576673548385,644873.4877897697,-0.6976064017091566
44017.893217618,3470.576673548385,623465.7525434332,-0.7085021153765259
44041.889387650896,3382.0430799936876,594706.6048828098,-0.6737842971028788
44048.4182232936,3263.542043288704,576117.3230796253,-0.6049958472524333
44053.4892780378,3263.542043288704,561785.8424958003,-0.6159196880069301
44063.8719955541,3263.542043288704,550313.9467394673,-0.595873317421512
44077.1263401404,3263.542043288704,535193.7687314723,-0.5696901359147158
44083.5965689895,3161.8744278420054,509133.9686079461,-0.5341302455927147
44101.3326570445,2962.2428724818965,495568.77307669853,-0.46050308436267207
44107.592303517005,2962.2428724818965,498323.2971818846,-0.462248721506765
44108.4008274528,2962.2428724818965,483744.49371699156,-0.44875115240289054
44134.5561679028,2962.2428724818965,474702.13485253166,-0.4636636779795801
44137.836983382695,2962.2428724818965,468077.99289126263,-0.4737530906513127
44161.153841025705,2970.6760848557024,467022.1774765503,-0.4594959551033632
44168.83606184,2970.6760848557024,458228.93058984773,-0.46468538477363963
44171.5226404054,2871.953947217102,436735.524826709,-0.4321497872636887
44174.3849149656,2865.2520479951054,422947.54489373305,-0.3865178043347706
44178.5289026707,2947.0733363262043,423554.7461259788,-0.3654136234493745
44179.9124850101,2683.8357837545045,405351.30970988056,-0.3169189955866355
44186.3721178134,2683.8357837545045,401376.7475856185,-0.31338355395533535
44197.3143395866,2671.242830921001,388898.2318342967,-0.29384224527721176
44238.358411897,2671.242830921001,382653.2320487326,-0.25402089249946574
44242.1371254838,2500.098893406299,373616.34799652034,-0.20263760907481063
44253.40546676981,2394.980118821899,368564.0168263331,-0.16762504129366557
44258.10744577731,2394.980118821899,366846.3613818066,-0.17280558629685805
44321.409389524,2394.980118821899,363484.5600995034,-0.17130779259017526
44349.4678095742,2635.7396955267905,364359.45539970585,-0.1061538485080006
44353.4770355796,2635.7396955267905,366925.3349503406,-0.09512457141680432
44364.0395198213,2635.7396955267905,371478.3005042547,-0.10083477023896997
44388.1263003001,2635.7396955267905,361223.2935468327,-0.10384382304333505
44400.7308921458,2635.7396955267905,358334.5809977799,-0.11263378410246021
44402.5142833971,2756.800182710598,364035.4695866279,-0.06269906390190408
44423.85792175389,2713.496433813998,358514.489385762,-0.01345880091347818
44431.06563594849,2599.8316656034003,350558.87462620117,0.021553688944643344
44437.77382937651,2599.8316656034003,357316.1221374218,0.015186416924056017
44444.6658313389,2599.8316656034003,361710.6285351931,0.018389025800255695
44451.455458069,2599.8316656034003,365545.6106430432,0.020182569888405655
44455.250971688605,2729.5770855707015,372533.04547234316,0.0635970651423943
44465.0133529746,3010.623213947205,387389.6806302887,0.14488741446270859
44485.3660732915,3010.623213947205,398109.41632164,0.19745870201558605
44503.3923712124,3014.433483745903,410435.4922601333,0.2578550938621462
44504.730692058205,3014.433483745903,415157.199926121,0.2609011186149342
44505.0291228768,3014.433483745903,421268.41344979795,0.32700897452290506
44527.4711221459,3014.433483745903,430008.4850203118,0.3042037974636756
44544.8620148487,3014.433483745903,439327.2486892506,0.30262880438121337
44549.7750227564,3425.482069679303,460094.9712901542,0.40048387581291134
44554.6406951755,3425.482069679303,472229.4871998681,0.39317488910278103
44563.151786467,3425.482069679303,476503.6870326399,0.40367781088200927
44565.3585833332,3425.482069679303,487918.20934625115,0.38525562887483195
44573.0473115645,3425.482069679303,500836.16964248,0.41640111439370736
44573.3567101798,3380.2055426900915,513702.2573251375,0.5478039616071142
44593.9801444571,3380.2055426900915,531247.7568323286,0.542660828932865
44606.8624936229,3380.2055426900915,544718.9746296117,0.525555267020227
44630.2343489119,3498.1562974541957,567692.8113864937,0.592344545398116
44636.7110700034,3498.1562974541957,568784.4513778207,0.6019186189129417
44640.7442292116,3457.881288489196,580135.8275100344,0.6590427961523987
44645.3198277765,3457.881288489196,589438.0893261376,0.6491466853307919
44650.1964709117,3281.276784465801,588068.1391701538,0.6678232542207125
44674.20700225701,3295.740021134203,607110.8960805932,0.701285113621294
44694.027963949295,3295.740021134203,612045.2010298228,0.674443354290818
44703.1920357013,3295.740021134203,628482.1143737552,0.6561818750102714
44719.0571223388,3295.740021134203,640976.5799101634,0.6628509785080815
44727.9954533262,3295.740021134203,654128.7455867747,0.6520630434932028
44732.9146146057,3295.740021134203,662295.6178987069,0.6259291299190727
44758.6640125622,3295.740021134203,681720.1292124606,0.6043738986691785
44819.4878317112,3295.740021134203,686280.913140532,0.5947968450972625
44852.2374664621,3846.7987552651975,713737.1379616709,0.668320490185915
44898.5982207846,3648.7573525330954,712423.5602969086,0.673812727290753
44917.5132697699,3648.7573525330954,721710.3412692663,0.6435937564440987
44951.8988592132,3648.7573525330954,748588.598467386,0.6583174711988904
44953.1208958522,3648.7573525330954,781209.1442563666,0.6691246007392423
44964.763260602806,3648.7573525330954,802051.4684354257,0.6632884196827988
44967.1329886888,3648.7573525330954,825765.1952838122,0.6531138403785897
45029.6770639723,3720.9206970040977,857209.8410123632,0.6607452041022571
45081.8464735522,3936.8318367627,894647.2577465926,0.6823907982855851
45104.1734085853,3936.8318367627,905576.5174197782,0.6637775983399458
45114.661074512405,4022.6817660413944,948729.933106775,0.6756311024202548
45115.06161106309,4022.6817660413944,975765.3840721222,0.6736684078492368
45164.0849159544,4022.6817660413944,1003818.0276159369,0.6570918464486201
45187.1977917243,4179.5655911348,1045073.2180591451,0.6692488603343003
45201.313845325305,4179.5655911348,1090162.1878142424,0.6675586321930419
45207.7642139989,4295.848121262497,1135740.7253781862,0.672392146677295
45208.6553842787,4295.848121262497,1162538.0408378842,0.6591156677184816
45215.9652980837,4295.848121262497,1201613.0171622953,0.6578094191081844
45265.9777240212,4295.848121262497,1236226.8880324748,0.6498231162302781
45268.5300293668,3989.748543124697,1252151.0369712834,0.6523441149032597
45276.9632417406,4395.8526794016,1311239.736208296,0.6608394270169933
45300.0916681842,4395.8526794016,1352374.1410445727,0.6449120539297449
45316.2413380115,4395.8526794016,1382977.70180537,0.6360707953133917
45325.1723080954,4395.8526794016,1426344.8165301185,0.6273537574465645
45358.7845300717,4395.8526794016,1468401.3161302626,0.6173721718121034
45418.944728719805,4378.116591346603,1492420.133015899,0.6055666960555519
45460.4051250137,4378.116591346603,1537500.9226417004,0.588335303279786
45486.8138849026,5006.437859794503,1604922.3635037066,0.6145282878217849
45542.5500617362,5006.437859794503,1644886.5005040006,0.5987839061421715
45590.4943756345,5006.437859794503,1684585.1416352391,0.5807159682602745
45593.2798225576,5006.437859794503,1727437.4414609906,0.5807933146692351
45616.66165215019,5006.437859794503,1766438.3946657917,0.5775934714665762
45724.7190876449,5006.437859794503,1802822.4052184555,0.5600513904096461
45737.722139334,5006.437859794503,1838167.1836133555,0.5369838471479805
45808.344076867805,5023.370116535101,1892187.859282754,0.533743299959371
45867.4675593013,5023.370116535101,1942338.9710347345,0.5203646005430206
45965.0913316734,5063.920112642903,1995251.903436933,0.5118033333921796
46013.3266778625,5063.920112642903,2041437.44341412,0.495583645542065
46040.841259336,5063.920112642903,2060511.1788946541,0.4805019886774195
46054.8522948066,5159.302371189202,2113083.939304275,0.4686989008458813
46072.1825899164,5784.252102609098,2185783.061032401,0.48969221224427845
46127.71198514151,5784.252102609098,2214726.600204729,0.4702038083597883
46148.513687677805,5784.252102609098,2251901.4157410446,0.45278654472442403
46152.3239574765,5784.252102609098,2273622.061444558,0.44257692389174186
46193.610123940496,5784.252102609098,2318849.9075071677,0.43122048661615325
46216.2790401304,5871.626896574504,2383896.2305126083,0.43840112675216386
46255.5117105529,5871.626896574504,2427519.292388511,0.4311523082125851
46290.1192502433,5871.626896574504,2471562.9785427046,0.42254636521200595
46375.885982511296,5871.626896574504,2517155.797340459,0.4011837106981771
46380.2542667699,5871.626896574504,2560228.2163774576,0.399935630061779
46390.1393369986,6123.184415049909,2624964.8562731002,0.4022270798774118
46421.0665286705,6131.871129034596,2686375.103595636,0.43092884168484014
46538.0185330959,6131.871129034596,2750915.922689136,0.4353448148199093
46555.7721063188,6131.871129034596,2788701.564527481,0.4215295615309687
46563.3725434099,6131.871129034596,2847302.212593244,0.4037621367627569
46565.30476683191,6131.871129034596,2900581.975578851,0.40344846287660263
46599.3752101858,6131.871129034596,2946421.6461233203,0.39780113924568333
46661.3046056967,6032.481405547704,2990891.412266873,0.3974461668671698
46709.703466505,6032.481405547704,3029756.6264674244,0.3795879360037101
46720.2545771937,6032.481405547704,3088093.179506246,0.36437938608072984
46724.2537458012,5946.377871511599,3119298.404412022,0.35591901081820104
46742.781617821296,5946.377871511599,3157979.1753548924,0.34406899482408426
46860.7323725854,5974.8868347292955,3215162.5283315135,0.3278732914818808
46875.1956092538,6116.207902654292,3258348.284325068,0.3210789054062327
47047.9531612256,6282.81737448951,3319883.9068903057,0.3119140487864377
47170.81197078901,6504.824749878309,3387936.9340290898,0.3083667517727483
47220.7726969526,6471.361976832901,3422962.071517991,0.304121640214694
47282.538908077695,6471.361976832901,3477755.923218765,0.28817650806873946
47384.66738150991,6911.843552170285,3564656.086740691,0.291648052507415
47426.2543433848,6911.843552170285,3629266.48316913,0.29334828865777923
47498.4176878558,6911.843552170285,3684494.709481166,0.2942324918733618
47514.462107868094,7135.014550818087,3760046.1863603876,0.30021848522311184
47588.02472398769,7135.014550818087,3808240.1035869215,0.28350247707485504
47714.3288276144,7353.884236855585,3887013.21194429,0.2924648178820325
47752.452690574406,7309.034116773793,3936495.4109666017,0.3007026692661636
47800.178756893096,7309.034116773793,3991188.022477931,0.29379900785553364
47872.349949504,7309.034116773793,4059789.141060233,0.2855438464245242
47935.0220060537,7309.034116773793,4098213.961251456,0.2817148568037222
47957.0625819865,7309.034116773793,4144116.042659792,0.2728590449759234
48009.7174389576,7309.034116773793,4157534.212109241,0.2621715907823369
48067.3784955888,7461.403438540299,4219147.576936697,0.2577761040814153
48073.3451121142,7864.750282809495,4299644.649468488,0.2638784884992912
48154.2994144455,7917.883714100091,4379370.286455562,0.26800785809749567
48161.9099791433,7917.883714100091,4420720.783875804,0.2617641514758324
48186.607513439405,7917.883714100091,4455967.88870595,0.254691499529683
48362.7274619404,7917.883714100091,4513276.421557647,0.24309747552485356
48389.7105219919,7951.277863431293,4576113.002744363,0.23958633512533342
48405.162833388895,8095.720811053601,4639749.52402012,0.23892204817408944
48479.4492483911,7598.812635308706,4643534.395979721,0.2492971958638647
48524.110619913205,7530.455833210697,4684281.094129128,0.2516688177393735
48532.53315710071,7530.455833210697,4731839.967981555,0.23905885553059525
48595.5468969325,7530.455833210697,4772146.327375106,0.23373542410941442
48663.148737871205,7520.573339061608,4811288.871237911,0.23612539670039112
48780.58976534871,8126.833102540499,4901315.694612072,0.2510937074280495
48826.3373956115,8124.0476556174035,4928939.987915434,0.2422677321816444
48843.5695928416,7992.608390530098,4944740.411743614,0.23188874109175214
49013.210155738096,7992.608390530098,4989068.998632553,0.2222077262608346
49022.86896539349,7992.608390530098,5032140.093087739,0.20546539420180052
49043.551768704696,7992.608390530098,5083888.079963827,0.1950208455246403
49107.770516839,7992.608390530098,5133280.792566798,0.18228391193075918
49124.7027735796,7992.608390530098,5176638.009282499,0.18013834108937837
49165.2527696874,7992.608390530098,5199475.665940544,0.1634763473347013
49185.2096066826,7752.2361465016,5193107.64667823,0.15387851118455376
49203.7352900193,7813.242996679815,5239522.756561861,0.152935737666841
49260.6350282337,7813.242996679815,5292859.690983856,0.13741487793297943
49485.52378859941,7813.242996679815,5300365.426167622,0.12444249950253822
49530.0106261452,7813.242996679815,5300502.294720097,0.11247476028241822
49669.76437449581,7632.959550601816,5302857.311639881,0.10395030173473072
49711.9714886956,7686.889156727004,5339947.871399188,0.09501571059073086
49885.5847596536,7686.889156727004,5376094.887168869,0.07731771520681341
49923.448914850494,7980.668495301703,5418167.470313594,0.0732156829065488
49967.8735852238,7980.668495301703,5431797.457772797,0.06622175215185555
49972.959553619,7980.668495301703,5474742.928951606,0.05132230069943865
50124.0055691137,7980.668495301703,5474166.06391344,0.045350056303668375
50200.5244519288,7980.668495301703,5495152.309338693,0.03102165596383649
50224.51707209441,7980.668495301703,5494880.329519871,0.022963723035240705
50378.4889931859,8262.894613620498,5504097.530108935,0.023856493750329676
50426.7707812383,8262.894613620498,5507248.539265358,0.005767561665030133
50429.5468504897,8123.724293448802,5499779.038075972,0.01061355823957189
50459.4469349759,8123.724293448802,5491902.5561782,0.0018744455901835984
50481.993392854005,8141.959236392504,5503512.929138853,-0.003507387432845509
50497.0645038438,8141.959236392504,5494635.282290145,-0.010376936068181908
50515.1800151044,8025.007231967102,5447117.820279816,-0.015331307138908602
50587.1221007232,8082.3165125999,5437869.35580179,-0.0187039043114846
50615.6310639409,8064.562939377,5397925.003753493,-0.020802978677515325
50756.952131865895,8349.843945640801,5434200.923329027,-0.02998601105727483
50922.19301438441,8349.843945640801,5383515.281391808,-0.030784046031146043
50923.56160370111,7857.662890733998,5314209.178049677,-0.031981250483095684
50938.133735394906,7857.662890733998,5300207.9444150785,-0.04451541870441355
51145.56897908991,7857.662890733998,5292019.08862408,-0.0568364121278052
51231.3507024206,7857.662890733998,5262759.735798212,-0.06522017460194919
51499.9032037854,7857.662890733998,5240059.4969322495,-0.07108835780260203
51503.8233710055,7857.662890733998,5225139.863212361,-0.08246944131524296
51555.410338619695,7857.891896398403,5221334.838811299,-0.09576152602528223
51586.0505544273,7613.240565775704,5180430.2628951,-0.09132140919939016
51742.6004851718,7613.240565775704,5162619.214193044,-0.10685737479391802
51809.2215530751,7803.389036655208,5153883.699776213,-0.10989430455151822
51817.0715681671,7565.398453948896,5124486.506353175,-0.1138552553318154
51842.1674337397,7565.398453948896,5117332.665806548,-0.12513873237782658
51885.9928449276,7565.398453948896,5079146.031658348,-0.14209639534456828
51897.1112059453,7565.398453948896,5066930.672835221,-0.15460676326640913
52028.0912391126,7445.5011950193,5026827.21583082,-0.16129281596956174
52180.4605608791,7711.178009186995,5020821.261635427,-0.16661578047336992
52238.2237079424,7881.006042460198,5014019.529085967,-0.1672484392315468
52239.8009411157,7599.056577518699,4990545.251939695,-0.16490665997458162
52373.181485589404,7599.056577518699,4968440.515669859,-0.18274785697355153
52583.8074051483,7591.446012820903,4926333.831173298,-0.19315872783976762
52621.3735393008,7566.748478524794,4888846.047532415,-0.19969618192612348
52636.940836438895,7566.748478524794,4847129.231530439,-0.21268031408050542
52644.298080467,7566.748478524794,4796287.219943791,-0.22676959091468976
52670.334985770096,7460.132059477,4757397.185956185,-0.22535455214397593
52803.7853592062,7341.184272952691,4717904.47083727,-0.230910834021139
52814.777933392405,7366.873463564196,4722297.19718889,-0.24461858571917114
52834.20988237901,7358.450926376689,4665634.369291867,-0.2556559294700878
52855.6281413061,7295.437186544899,4614901.682934888,-0.26219779423685546
52889.6534591013,7295.437186544899,4569256.06556365,-0.2769227156658931
52990.240602132304,7295.437186544899,4522082.442402601,-0.2890221353228294
53063.123400797806,7364.054707202595,4472396.521264832,-0.29162764696746313
53098.7907402251,7179.011838786384,4400664.449686679,-0.29490364842528866
53099.0984693601,7179.011838786384,4355835.467799501,-0.3093506066802235
53134.043572848495,7179.011838786384,4296514.569079852,-0.3214058365020239
53292.06993288861,7179.011838786384,4240901.037587222,-0.33578547467108755
53302.2255593375,7179.011838786384,4179461.770379595,-0.34392250778848105
53343.5303586847,7468.6112888591015,4126315.369206068,-0.3287927937369834
53364.94190623981,7468.6112888591015,4070779.540489623,-0.3375000714763047
53548.0605810371,7468.6112888591015,4042199.7947698473,-0.3584979017053315
53561.81064303059,7306.270647569996,3954824.6834832276,-0.36006328001053706
53587.3528700668,7306.270647569996,3887757.4376667785,-0.35928706208438627
53667.6984662333,7005.9564656531875,3811813.336010063,-0.3560954625584212
53717.327478175,6961.469628107392,3757416.891370896,-0.35635590320997645
53826.56967454231,6961.469628107392,3721633.3199304854,-0.36948158801718484
53880.4992806675,6967.618157186094,3676579.350351233,-0.368025618228022
53907.942996559,6967.618157186094,3627636.9213047805,-0.3666649337951367
53965.323872533496,6666.845822325107,3565992.4954232057,-0.3547074336753997
53999.022142869806,6622.421151951799,3515118.5236433214,-0.35739202963597827
54008.9638354121,6681.970165966195,3486891.9409790514,-0.3613955879645773
54012.7452226507,6681.970165966195,3461418.13546984,-0.3783069215432303
54084.098710238606,6682.038625276196,3434496.424832601,-0.3862311605954886
54162.6501634955,6525.9066413862965,3365321.50521699,-0.3855049138920293
54174.2786192422,6449.387758571196,3296476.9424947496,-0.3893325300350939
54250.156972703095,6449.387758571196,3238588.597551864,-0.4028758789454453
54299.5689041405,6449.387758571196,3176948.4445601944,-0.4103978922453834
54422.6540445057,6449.387758571196,3119066.551030236,-0.42007470857786683
54432.0920259111,6256.109348337799,3050831.0727501605,-0.4093603282896806
54456.504737560994,6256.109348337799,2989310.7301043193,-0.4093054912290671
54483.3136812502,6188.591694983697,2915526.455530778,-0.4064055754808225
54544.7908221193,6070.0251348866,2839657.783613582,-0.40328733145126033
54563.025765063,6228.192000720803,2789166.178959624,-0.3876488226285103
54571.6978521154,6062.951118202291,2726212.346408603,-0.38484221540018454
54620.3350456958,6062.951118202291,2660989.204954697,-0.38924204980863447
54671.0261992407,6062.951118202291,2611020.493361394,-0.39595278568515085
54686.2081559321,6062.951118202291,2550701.3584142043,-0.3888885064587124
54768.75222149731,5753.793430166101,2492234.0768313385,-0.372163839531916
54811.4897811878,5753.793430166101,2457394.383599015,-0.3837221221866753
54816.9879483459,5753.793430166101,2417271.3873418747,-0.39009731901216427
54858.283760788894,5753.793430166101,2365191.643968747,-0.3991777360212644
54905.6160519596,5753.793430166101,2339827.2907955726,-0.40730882388948375
54905.84505762401,5429.733793967003,2275947.719692089,-0.3935709829198809
55127.7026736438,5429.733793967003,2254132.949367311,-0.40454024364621527
55176.198905189696,5629.954330205306,2230684.7284714254,-0.40466097679215685
55206.0259227767,5629.954330205306,2185259.46725986,-0.4063207061386636
55209.21453114651,5629.954330205306,2140643.7770709293,-0.4133701434184583
55225.869279840495,5629.954330205306,2086643.3346498539,-0.4166695361479868
55227.3923463949,5629.954330205306,2032528.8280913616,-0.41682455485276876
55252.9571780225,5004.904107945898,1958234.5198850795,-0.39584942781365035
55317.8511445233,4947.1409608826,1921728.5532756874,-0.3981331609145246
55339.5132039147,4947.1409608826,1888487.2336972882,-0.4203364423633212
55348.689775267805,4947.1409608826,1854182.6291657405,-0.4437729627922569
55486.3323732396,4947.1409608826,1806983.258801179,-0.44755777527634616
55546.41525996519,4836.35548825279,1769454.0817644794,-0.4368428630557878
55559.1072241195,4588.163434541391,1728661.1398129305,-0.4361878925492818
55583.527958691,4588.163434541391,1694731.6083667693,-0.44916774148300853
55673.244609835,4588.163434541391,1672400.9519168723,-0.4589352460510878
55678.4248432754,4565.238893375194,1633244.8391162984,-0.4652850657018519
55680.1302238543,4565.238893375194,1603396.764288225,-0.47805418381826387
55725.4437592688,4405.751614635992,1563800.4025259095,-0.47775211335313994
55725.8289063009,4494.6384519126,1537033.334290813,-0.47619177887043057
55727.042281687005,4556.075651118095,1518841.7427660665,-0.48033881355526103
55738.652194103095,4565.952524495311,1520923.9354678823,-0.4983737777193877
55753.1829531962,4565.952524495311,1489747.801176913,-0.495641765534959
