628.0,1033.0,85663.37326388889,-0.12894640428931353
647.0,907.0,72350.12326388889,-0.09658848362210211
647.0,907.0,67878.90972222222,-0.0871422333902908
647.0,907.0,63755.40972222222,-0.07987066067840395
647.0,907.0,59938.916666666664,-0.09821407402494009
647.0,833.0,52925.901041666664,-0.30981825718555867
647.0,762.0,48001.104166666664,-0.48183705507713526
647.0,694.0,44610.151041666664,-0.6004415968812488
647.0,676.0,42980.63888888888,-0.6548471197349771
644.0,676.0,42526.359375,-0.6368368568398859
644.0,676.0,43057.24826388888,-0.5959562883873298
644.0,676.0,43375.083333333336,-0.5910981046956363
644.0,676.0,45937.331597222226,-0.6120452383763509
644.0,694.0,47521.409722222226,-0.6431687956186714
644.0,707.0,48576.109375,-0.6653041546685433
644.0,707.0,49289.359375,-0.6723805960231126
644.0,707.0,52517.05555555556,-0.6686703587675358
644.0,707.0,53512.97222222222,-0.6287510878937438
644.0,707.0,53455.859375,-0.5938403786545622
644.0,707.0,53442.4375,-0.5925292717033444
650.0,707.0,53797.25,-0.6048516256160853
638.5,707.0,53642.9982638889,-0.5965403746722044
638.5,707.0,53394.3263888889,-0.589430677237139
638.5,707.0,52679.8732638889,-0.5821683293142829
652.0,707.0,53085.317708333336,-0.61640998060588
652.0,707.0,53004.659722222226,-0.6153852026127216
652.0,707.0,54706.604166666664,-0.5863325390684052
652.0,707.0,55058.22222222222,-0.5845686732122852
652.0,707.0,55283.30555555556,-0.5815211082658226
652.0,706.0,55259.109375,-0.5821824882142332
652.0,733.0,56514.8732638889,-0.5491865381265237
652.0,787.0,59984.305555555555,-0.46553788143296054
652.0,787.0,59647.484375,-0.46711746402320337
643.5,787.0,59445.914930555555,-0.44703869537299223
643.5,787.0,59377.604166666664,-0.4505737094373306
643.5,787.0,58986.72222222222,-0.45768652851305686
643.5,787.0,59352.13888888888,-0.46118141444832994
643.5,794.0,60050.05555555556,-0.4728184774592798
643.5,794.0,58488.039930555555,-0.450365164302658
643.5,794.0,56656.416666666664,-0.43796492308740353
643.5,794.0,53524.909722222226,-0.4203981025219302
643.5,794.0,51936.74826388888,-0.47854925009835647
643.5,794.0,51849.151041666664,-0.49806414101727753
658.0,794.0,52265.40972222222,-0.5314153707008996
658.0,794.0,53332.164930555555,-0.546824177543472
666.5,794.0,54481.08159722222,-0.5858874072260603
682.5,794.0,56975.38888888888,-0.6010987141343576
693.0,794.0,59897.15972222222,-0.6058135201153901
730.5,794.0,62107.4982638889,-0.6357116296224313
766.5,794.0,63940.5763888889,-0.6563669286270418
766.5,794.0,63627.109375,-0.6575893307867342
771.0,822.0,67423.80555555555,-0.6152274303373894
771.0,923.0,73847.58159722223,-0.5073986993395216
771.0,923.0,78836.05555555555,-0.440409858089687
771.0,1138.0,92596.07638888889,-0.17015569829543253
771.0,1138.0,97071.53993055556,-0.14448906360319005
771.0,1138.0,98391.91493055556,-0.1745007150242878
771.0,1138.0,98351.08159722223,-0.176839156396852
771.0,1138.0,97933.6875,-0.18272454202686025
771.0,1138.0,99760.359375,-0.18336316617898185
771.0,1138.0,98969.4565972222,-0.17545976467801647
771.0,1084.0,96237.234375,-0.1387224193094331
771.0,1093.0,96609.1875,-0.14352446477422898
771.0,1093.0,97070.12326388889,-0.14702791724395706
771.0,1093.0,94916.45659722223,-0.1472942048311056
771.0,1093.0,94399.6597222222,-0.15803271138379946
771.0,1093.0,93798.28993055555,-0.19913288943623864
771.0,1093.0,93799.234375,-0.19831388608740808
727.5,1093.0,93520.38888888889,-0.162761642041827
721.0,1093.0,93446.78993055556,-0.1578994008905234
721.0,1093.0,92576.03993055556,-0.13050372421780523
721.0,1093.0,91474.13888888889,-0.10705175141455957
721.0,1093.0,90993.99305555555,-0.0961112812864227
721.0,1093.0,91121.28993055555,-0.09845568155172356
721.0,1093.0,91772.66666666667,-0.11190586356277633
721.0,1093.0,93062.27604166667,-0.10961630867098994
721.0,1093.0,95168.12326388888,-0.08690512847715381
721.0,1093.0,97962.88888888889,-0.06044909388360934
721.0,950.0,90112.85416666667,-0.20440625033691576
721.0,953.0,91730.27604166667,-0.17973341520479205
721.0,953.0,93207.78993055555,-0.18801715145418754
721.0,953.0,92952.08333333333,-0.20971501899647663
721.0,953.0,94600.24826388888,-0.19387988454666052
721.0,953.0,93917.02604166667,-0.19173204864511906
721.0,953.0,91952.80555555556,-0.17294096498754075
721.0,953.0,91591.28993055555,-0.16826042071464775
721.0,960.0,91888.24305555555,-0.1727043575847816
721.0,960.0,90494.07638888888,-0.1613053807280708
721.0,960.0,89762.40104166667,-0.16469797897496136
721.0,960.0,88643.87326388888,-0.21712302845804368
721.0,960.0,88805.16493055555,-0.19938084958628527
719.0,960.0,88978.02604166667,-0.17578663497410776
709.0,960.0,89085.72222222223,-0.15852603145907188
704.0,960.0,89041.52083333333,-0.15458676648279565
704.0,960.0,89416.62326388888,-0.17116524245792397
704.0,960.0,89433.8315972222,-0.17185207857379975
704.0,960.0,89385.15972222223,-0.17022058069098675
704.0,960.0,88894.13888888888,-0.15790344974469112
704.0,960.0,89903.7222222222,-0.16869746439127745
704.0,960.0,87787.16493055555,-0.16878350570918155
704.0,960.0,83842.88888888889,-0.21642004230890652
704.0,960.0,81388.58159722222,-0.26063487275031083
704.0,960.0,81695.40972222223,-0.255032696998994
704.0,921.0,80279.28993055556,-0.28517154278524154
704.0,921.0,78795.69270833333,-0.2843967288908151
704.0,921.0,79105.83333333333,-0.25340146954087767
704.0,921.0,78387.56770833333,-0.2588540342720357
704.0,921.0,77438.16493055556,-0.2568318733921812
704.0,921.0,79161.33159722223,-0.2774439488037937
704.0,921.0,78778.83159722223,-0.2720206618749842
704.0,945.0,79800.24826388889,-0.29097971525689453
704.0,945.0,79864.27604166667,-0.291380335541224
704.0,945.0,80528.02604166667,-0.2862047679524373
693.5,945.0,81264.70659722223,-0.2324520534869183
693.5,945.0,81686.16493055556,-0.20222857660547222
707.5,945.0,81630.57638888889,-0.2194161098355866
739.0,945.0,81760.91493055556,-0.2581622848569116
737.5,945.0,81744.07638888889,-0.257003120039217
737.5,945.0,81111.609375,-0.23328245804725015
737.5,945.0,81048.109375,-0.23144555720508195
737.5,945.0,81364.99305555555,-0.2379068079333533
737.5,945.0,81238.66493055556,-0.23476245081262898
737.5,945.0,83121.55555555555,-0.22505625618409833
737.5,945.0,82860.359375,-0.2244285274518613
737.5,945.0,82833.24305555555,-0.22465952274678608
737.5,945.0,78590.30555555555,-0.2617090857076464
737.5,945.0,74512.33159722222,-0.33277099912416874
737.5,849.0,66619.88888888889,-0.4288017990707329
737.5,849.0,66424.99305555555,-0.4298275960871705
737.5,849.0,66289.33159722223,-0.46033698554591146
737.5,849.0,65491.41493055556,-0.4795935142366954
737.5,849.0,67495.58159722223,-0.4792742714367249
737.5,849.0,68741.53993055555,-0.49586348315397133
737.5,849.0,69795.05555555556,-0.508435886039706
737.5,814.0,68339.40104166667,-0.48491716020348474
737.5,814.0,69421.90972222223,-0.49011606327482327
737.5,814.0,70196.83159722223,-0.4822302837109386
737.5,814.0,70480.4375,-0.468377239295909
737.5,814.0,70394.63888888888,-0.4753253551311391
737.5,814.0,70360.60416666667,-0.4634677529534324
736.5,814.0,70345.38888888889,-0.46278711601699396
733.0,814.0,70290.56770833333,-0.4604418785142727
720.5,814.0,70037.44270833333,-0.44766027862244645
708.0,814.0,69222.27083333333,-0.4219386767506371
708.0,814.0,68303.08333333333,-0.4117811643393518
708.0,814.0,67927.03993055556,-0.4062302095328814
708.0,808.0,64294.539930555555,-0.4712217672724991
708.0,808.0,65060.65972222222,-0.4574703298402387
708.0,775.0,61743.16493055556,-0.5297456793302991
708.0,775.0,59166.3263888889,-0.5463312491321898
708.0,749.0,57492.9982638889,-0.595255550070614
708.0,749.0,61037.33159722222,-0.5504869149432453
708.0,749.0,59600.942708333336,-0.5613216978228124
708.0,749.0,59621.78993055556,-0.5224483359378808
708.0,749.0,59354.55555555556,-0.536558390989471
708.0,749.0,58618.583333333336,-0.5366908347068743
708.0,747.0,57753.956597222226,-0.5230961776499365
708.0,774.0,58847.49826388888,-0.5435490270288293
708.0,774.0,58636.53993055556,-0.5401847389401643
708.0,774.0,60338.8888888889,-0.5574053633944298
708.0,774.0,63986.276041666664,-0.554302993724344
708.0,774.0,65219.49305555556,-0.5066033725383725
708.0,774.0,65186.99305555556,-0.5265020838255717
708.0,774.0,65123.206597222226,-0.5092941628656392
690.0,774.0,64626.416666666664,-0.48964502943816773
649.5,774.0,63931.159722222226,-0.4508098604653875
622.0,774.0,63427.401041666664,-0.3945599351729478
613.0,774.0,62860.24305555556,-0.34752300202014313
613.0,774.0,61613.55555555556,-0.31229353553968187
613.0,774.0,60928.83159722222,-0.3041524946646272
613.0,774.0,57965.8732638889,-0.29284678735100017
613.0,774.0,52623.151041666664,-0.3566365007245445
613.0,774.0,49386.909722222226,-0.3959549174492812
613.0,774.0,48991.901041666664,-0.3969528547624239
613.0,774.0,45618.8888888889,-0.5019897964834638
613.0,630.0,41074.32638888888,-0.7296401557111822
613.0,596.0,38932.3732638889,-0.7857617862888523
613.0,596.0,38913.456597222226,-0.7826720439647603
613.0,596.0,39256.993055555555,-0.7321490301561868
613.0,596.0,39792.493055555555,-0.7232446882145256
613.0,596.0,39017.33159722222,-0.719406873075775
613.0,598.0,39078.526041666664,-0.7208168061908881
613.0,598.0,39446.15972222222,-0.7265091363247035
613.0,598.0,40239.493055555555,-0.7380069649629938
613.0,598.0,40316.206597222226,-0.7383976317482286
613.0,598.0,40485.484375,-0.72781488520769
602.0,598.0,40233.789930555555,-0.6539175085907152
586.0,598.0,39941.854166666664,-0.6236110396415997
586.0,598.0,40445.854166666664,-0.6185534783842771
586.0,598.0,40490.289930555555,-0.619767224111351
582.5,598.0,40397.805555555555,-0.605813285450925
601.0,598.0,41178.95659722222,-0.6227515161097433
579.0,598.0,40709.164930555555,-0.6045106908934673
579.0,598.0,39442.270833333336,-0.6110700978127203
579.0,598.0,40574.770833333336,-0.5900161355793713
579.0,598.0,41204.067708333336,-0.5849981200511677
579.0,635.0,43093.192708333336,-0.535393318622394
579.0,635.0,44279.409722222226,-0.5049586329303715
579.0,657.0,45632.70659722222,-0.4650357598598004
579.0,682.0,47517.164930555555,-0.4107996946776794
579.0,682.0,48536.03993055556,-0.41718078577064005
569.0,682.0,48543.37326388888,-0.37992539322828517
569.0,682.0,49197.817708333336,-0.3492836863520236
569.0,682.0,49364.62326388888,-0.3487300222712442
569.0,685.0,51717.081597222226,-0.3780597414865657
569.0,685.0,51122.289930555555,-0.3682449762610652
569.0,698.0,52273.3732638889,-0.38816449266648634
569.0,698.0,51373.706597222226,-0.37707865558564246
569.0,698.0,49379.331597222226,-0.37861275583144927
569.0,698.0,48677.6388888889,-0.42503028003466603
584.0,698.0,48595.9982638889,-0.48123043638156987
608.5,698.0,49093.28993055556,-0.5306872394112309
608.5,698.0,49231.414930555555,-0.5309364322028791
608.5,698.0,50010.6388888889,-0.5481644386067728
641.5,736.0,54446.5763888889,-0.5402241681003396
641.5,736.0,56430.055555555555,-0.5399752126439229
681.5,736.0,58984.45659722222,-0.5793046830900828
711.0,736.0,61603.6232638889,-0.6015132852128137
711.0,761.0,64813.58159722222,-0.5645972753978814
713.5,799.0,69290.45659722222,-0.5264701423379895
713.5,814.0,72982.57638888889,-0.48190802151241247
713.5,847.0,77657.33333333333,-0.4329922773845728
713.5,876.0,82694.62326388889,-0.3813188797153067
713.5,939.0,89372.75,-0.3062752954813314
713.5,939.0,92091.57638888889,-0.3362037796870038
713.5,939.0,91228.37326388888,-0.3891889756503904
713.5,939.0,90206.60416666667,-0.4021283133322442
713.5,939.0,89899.13888888888,-0.40205587425258954
713.5,939.0,86422.45659722223,-0.3744867364630781
713.5,939.0,86620.97222222222,-0.37664392065639696
713.5,913.0,85543.32638888889,-0.362823637161758
713.5,913.0,84524.82638888889,-0.3543661817599009
713.5,913.0,82108.15972222222,-0.3656860586273238
713.5,913.0,81522.359375,-0.38232060630896014
713.5,913.0,81454.78993055556,-0.3868240624144932
713.5,913.0,81489.55555555555,-0.4062156024414536
704.0,913.0,81386.41493055556,-0.3892440590266613
745.0,913.0,81945.609375,-0.4177802782113669
745.0,913.0,81031.82638888889,-0.409949431383485
741.0,913.0,80715.99826388889,-0.4022844669420109
741.0,913.0,80257.24826388889,-0.392233310967284
741.0,913.0,80088.53993055556,-0.39005186468188424
741.0,913.0,79318.72222222222,-0.38913717983112484
741.0,913.0,78816.15972222223,-0.39238249503123085
741.0,913.0,78593.95659722223,-0.3945112177557511
741.0,913.0,77254.77604166667,-0.4102040240027408
741.0,913.0,77254.77604166667,-0.4102040240027408
741.0,850.0,74058.72222222223,-0.48050741379154466
741.0,850.0,73091.56770833333,-0.4847213607880632
741.0,850.0,73103.52083333333,-0.5081064358716274
741.0,850.0,72792.41493055555,-0.5140396231891858
741.0,850.0,73546.33159722223,-0.5165306263075279
741.0,850.0,73347.53993055555,-0.5154367412445066
741.0,850.0,72570.66493055555,-0.5052766693269074
741.0,864.0,73140.28993055556,-0.5140317942909789
741.0,864.0,71622.609375,-0.5050948131894385
741.0,864.0,71054.74305555555,-0.5142344121873784
741.0,864.0,71207.83159722223,-0.5082028703497218
741.0,864.0,71021.6875,-0.5343905686951594
732.5,864.0,70954.70659722223,-0.5160405700960887
763.5,864.0,71239.80555555556,-0.5429480813138943
725.0,864.0,70606.28993055555,-0.5149769709021854
725.0,864.0,69743.78993055555,-0.49583585830458426
725.0,864.0,69650.24305555556,-0.4935220603594179
725.0,864.0,70488.16493055556,-0.5033751755628243
725.0,864.0,70376.859375,-0.5022906609093891
725.0,864.0,70520.83159722222,-0.502024428365359
725.0,864.0,70257.78993055556,-0.5047508352094714
725.0,864.0,69895.15972222223,-0.5101150244758782
725.0,864.0,72009.55555555556,-0.4699674602446859
725.0,877.0,72412.44270833333,-0.4605375992564972
725.0,927.0,75573.07638888889,-0.39070590317467396
725.0,927.0,76020.77604166667,-0.3916674207782081
725.0,927.0,76157.16493055556,-0.3548642993873026
725.0,927.0,76050.20659722223,-0.3566981973401043
725.0,927.0,74388.95659722223,-0.3483170102447935
725.0,927.0,75006.83159722223,-0.3544277392572772
725.0,927.0,74102.74826388889,-0.34162467560137
725.0,890.0,72604.82638888889,-0.31377002307667445
725.0,890.0,74585.88888888889,-0.3350516852208271
725.0,890.0,76601.82638888889,-0.3204953542070249
725.0,890.0,76424.66493055556,-0.326616372894212
725.0,890.0,77059.45659722223,-0.2769899417879092
725.0,890.0,77123.5,-0.29317431807337435
710.0,890.0,76940.6875,-0.2816372139984524
729.5,890.0,77227.66493055556,-0.2996504070840683
704.5,890.0,76940.38888888889,-0.27690695689208356
704.5,890.0,76733.109375,-0.2692247954419288
704.5,890.0,76208.484375,-0.26221698422953166
704.5,890.0,77092.97222222223,-0.2702941931663214
704.5,890.0,76756.94270833333,-0.26851357302640916
704.5,890.0,76649.97222222223,-0.2687580341650755
704.5,890.0,76964.74826388889,-0.26653000898105905
704.5,890.0,77819.13888888889,-0.2517575335455834
704.5,890.0,77947.0,-0.2495471513259928
704.5,851.0,74339.87326388889,-0.31518364084675277
704.5,851.0,75886.16493055556,-0.30570819465769594
704.5,851.0,75854.359375,-0.3094229095424436
704.5,851.0,75545.97222222222,-0.3156355233557429
704.5,851.0,77627.05555555555,-0.3260862375273285
704.5,851.0,77764.30555555555,-0.32734095507581407
704.5,851.0,78569.52083333333,-0.3366537929219721
704.5,863.0,79029.02083333333,-0.34265798380669676
704.5,863.0,78678.63888888889,-0.33940216005681945
704.5,863.0,77470.72222222223,-0.3474155814308088
704.5,863.0,77492.1875,-0.3465655304211755
704.5,863.0,77053.109375,-0.3723366051933421
701.0,863.0,77124.82638888889,-0.3269210101438143
661.0,863.0,76959.82638888889,-0.2924236823336816
661.0,863.0,76732.22222222223,-0.28164357148230174
678.0,863.0,76896.4375,-0.2953630609876165
636.0,863.0,76434.03993055556,-0.24912352279090633
636.0,863.0,76606.74826388889,-0.25158388779799096
636.0,863.0,75792.32638888889,-0.24642094218482885
636.0,863.0,75515.32638888889,-0.24464841332273307
636.0,863.0,77048.75,-0.23298835299399362
636.0,863.0,75781.4375,-0.23987323620115805
636.0,856.0,70801.484375,-0.3028089202597716
636.0,820.0,69630.359375,-0.33063312394402494
636.0,820.0,66860.75,-0.36288026592192196
636.0,820.0,63311.409722222226,-0.39393850859974094
636.0,820.0,63307.354166666664,-0.3979482456431524
636.0,820.0,63691.57638888888,-0.3864444688978819
636.0,820.0,62261.88888888888,-0.3777185283650953
636.0,820.0,60793.16493055556,-0.3636832610608554
636.0,825.0,61549.6388888889,-0.378611747533493
636.0,861.0,63110.984375,-0.4120498939698506
636.0,861.0,65368.493055555555,-0.4442739831647956
636.0,861.0,67750.91666666667,-0.4263950529925252
636.0,861.0,68359.53993055555,-0.3979272516667182
636.0,861.0,68558.33159722223,-0.372252583561679
636.0,861.0,68557.13888888888,-0.3727382763686153
628.0,861.0,68723.80555555555,-0.32646349829232146
620.5,861.0,68138.38888888889,-0.28664038296606575
619.0,861.0,67522.49305555555,-0.24572485729623544
606.5,861.0,67534.05555555555,-0.20280856661431804
606.5,861.0,65649.109375,-0.17183325184588816
606.5,861.0,63562.20659722222,-0.14093824979905706
606.5,861.0,61187.734375,-0.1174459880626132
606.5,861.0,54994.805555555555,-0.17979484206031945
606.5,861.0,52545.8732638889,-0.22298964603020388
606.5,861.0,49506.7482638889,-0.2450665730638491
606.5,711.0,42960.45659722222,-0.5489750928561896
606.5,650.0,40641.70659722222,-0.6419658457032306
606.5,650.0,38956.472222222226,-0.6884841717865897
594.0,650.0,38804.692708333336,-0.6788237634465908
594.0,650.0,38597.583333333336,-0.7022127600341244
594.0,650.0,37905.942708333336,-0.7167870508233652
594.0,650.0,38941.581597222226,-0.7143798964883811
594.0,650.0,38971.055555555555,-0.7149691873874748
594.0,631.0,38369.289930555555,-0.6984196228845859
594.0,649.0,39152.493055555555,-0.7189626564083725
594.0,649.0,40671.276041666664,-0.7142514802803419
594.0,649.0,41198.164930555555,-0.6710945056305457
607.5,649.0,41569.039930555555,-0.7104468060294469
606.5,649.0,41393.90972222222,-0.6701786877369447
610.5,649.0,41605.33159722222,-0.7017753119217647
597.0,649.0,41327.49826388888,-0.6828327929673612
584.0,649.0,40973.331597222226,-0.6461340854845732
593.5,649.0,41145.192708333336,-0.6688718061734351
593.5,649.0,41119.37326388888,-0.6689882100072593
593.5,649.0,40667.305555555555,-0.6656466089616446
593.5,649.0,40260.70659722222,-0.6663027530882751
593.5,649.0,41701.493055555555,-0.6331675208178004
593.5,654.0,41813.49826388888,-0.6283953057689246
593.5,765.0,46655.104166666664,-0.4461290948445164
593.5,802.0,51212.63888888888,-0.2834701482654981
593.5,802.0,54192.901041666664,-0.2326402224423149
593.5,802.0,56708.401041666664,-0.23037370377952676
584.5,802.0,56652.854166666664,-0.21669380855889725
584.5,802.0,57430.3732638889,-0.18176126188694242
584.5,802.0,58362.20659722222,-0.1759637884641843
584.5,802.0,59481.520833333336,-0.18816948953118406
584.5,802.0,59389.817708333336,-0.18665923347756305
584.5,802.0,59136.1232638889,-0.18191241951039525
584.5,776.0,56843.805555555555,-0.13976287663633905
584.5,776.0,53982.95659722222,-0.13183906156230996
584.5,776.0,53137.5763888889,-0.16991945915867462
584.5,776.0,53070.63888888888,-0.1631133232301742
597.5,776.0,53877.49826388888,-0.2499105799644469
602.0,776.0,56056.74305555556,-0.3011296185797617
624.0,776.0,58480.859375,-0.3662682670897436
647.0,776.0,61635.6875,-0.44163052773395184
668.5,776.0,63045.555555555555,-0.5059523622696587
682.5,776.0,64012.692708333336,-0.5307878836169156
738.5,776.0,66404.58333333333,-0.5728253698966956
773.0,776.0,70530.70659722222,-0.5843059880169793
783.0,823.0,75113.484375,-0.544503437886353
783.0,823.0,78327.99826388889,-0.5292484618159244
783.0,886.0,82385.55555555556,-0.4664270001132063
783.0,927.0,86966.15104166667,-0.3934643558721603
783.0,927.0,88993.66493055556,-0.3876051156976061
783.0,927.0,90113.9375,-0.3955457104179991
783.0,927.0,89659.58159722223,-0.4424028711533075
783.0,927.0,88305.66493055556,-0.4614262150783881
783.0,927.0,88759.78993055556,-0.46205868762479346
783.0,927.0,87023.609375,-0.44965558171733894
783.0,927.0,86818.40972222223,-0.4474486403303118
783.0,915.0,86318.07638888889,-0.4416575927813569
783.0,915.0,84752.234375,-0.4309557412816093
783.0,915.0,84698.66493055556,-0.4311761812900161
783.0,915.0,83657.83159722223,-0.4637431144790551
783.0,915.0,83470.82638888889,-0.4832861516492836
783.0,915.0,83454.47222222223,-0.47912121258215423
740.0,915.0,82871.83333333333,-0.4436057172940595
713.5,915.0,82099.70659722223,-0.41246913553300246
713.5,915.0,81145.95659722223,-0.39913861694622366
713.5,915.0,81099.05555555556,-0.3976325288968262
700.5,915.0,80696.40972222222,-0.3351619072460673
700.5,915.0,81610.24826388889,-0.33903739617577383
700.5,915.0,82256.88888888889,-0.3349438904870073
700.5,915.0,81834.66666666667,-0.33909885071219875
700.5,915.0,82551.97222222223,-0.3328623789893331
700.5,915.0,80927.65972222223,-0.3572400219985683
700.5,873.0,79492.80555555556,-0.3875698513545165
700.5,873.0,81298.13888888889,-0.36281592367506704
700.5,873.0,82602.72222222222,-0.358542818246474
700.5,873.0,82627.44270833333,-0.3457995677131884
700.5,873.0,82294.87326388889,-0.35241019647973515
700.5,873.0,81411.609375,-0.34889353663648165
700.5,873.0,82361.87326388889,-0.35806972212004484
700.5,873.0,82121.28993055556,-0.35488678749684627
700.5,866.0,81838.4097222222,-0.3510031067566502
700.5,866.0,84025.07638888889,-0.3708404543504776
700.5,866.0,83239.07638888888,-0.37555067184137864
700.5,866.0,83389.85416666667,-0.36867683424953906
700.5,866.0,83394.40104166667,-0.36735331829616374
689.0,866.0,83359.22222222223,-0.35767153754809705
700.5,866.0,83453.62326388889,-0.36760333325296857
701.5,866.0,83775.27083333333,-0.38499146388645855
701.5,866.0,83401.65972222222,-0.3728646398927646
701.5,866.0,83373.78993055555,-0.371946272525793
745.0,866.0,84533.55555555556,-0.45119098034188493
745.0,866.0,82640.58159722222,-0.42525200995460566
745.0,866.0,80552.02083333333,-0.4313108124688645
745.0,866.0,81703.08333333333,-0.4161186176640273
745.0,866.0,83415.41493055556,-0.391425910593945
745.0,866.0,84639.24826388889,-0.37478278669375464
745.0,959.0,87935.74305555556,-0.3113958823993209
745.0,959.0,88518.44270833333,-0.3040658256350882
745.0,959.0,87830.57638888889,-0.3050851499737479
745.0,959.0,87784.4565972222,-0.32003650372195014
745.0,959.0,87751.44270833333,-0.32068386642198377
745.0,959.0,86655.63888888889,-0.3196756023327096
745.0,959.0,84660.45659722222,-0.30199141489090225
745.0,978.0,85579.87326388889,-0.31541834880220526
745.0,990.0,86891.9375,-0.33429267687160724
745.0,990.0,85359.99305555556,-0.31822628497538874
745.0,990.0,84686.90104166667,-0.3231131813689364
745.0,990.0,84686.90104166667,-0.3231131813689364
745.0,990.0,85051.27604166667,-0.29439122036744814
745.0,990.0,85049.80555555556,-0.29739885961568663
744.0,990.0,85042.49305555555,-0.29659931196391803
744.0,990.0,85123.08333333333,-0.29998939607278347
746.0,990.0,85157.62326388888,-0.3017753353873126
724.5,990.0,84828.81770833333,-0.2809314491813455
724.5,990.0,84397.20659722222,-0.27246157606119464
724.5,990.0,84786.52083333333,-0.28640067527946766
724.5,990.0,85257.07638888889,-0.29025945804139086
724.5,990.0,84319.91493055556,-0.29842743262011
724.5,990.0,85180.49305555555,-0.2855535993060933
724.5,990.0,85150.24826388889,-0.28593997538565147
724.5,918.0,82486.24826388889,-0.3402221670382259
724.5,938.0,83811.94270833333,-0.31669472974501245
724.5,938.0,83042.91493055556,-0.31482174967778565
724.5,938.0,83046.35416666667,-0.3178370318608693
724.5,938.0,82677.85416666667,-0.32613091909581415
724.5,938.0,82790.40972222222,-0.3261227447172557
724.5,938.0,84880.22222222223,-0.3444653560867343
724.5,938.0,84093.20659722222,-0.3334750433819756
724.5,907.0,82709.55555555555,-0.31242410174426766
724.5,907.0,82818.99826388889,-0.3135181215809019
724.5,907.0,83336.9375,-0.3094036423967698
724.5,907.0,83223.28993055556,-0.3139262904841019
724.5,907.0,82990.91493055556,-0.32973858171049386
724.5,907.0,83003.63888888889,-0.3205619843075724
706.0,907.0,82914.109375,-0.29824015599069637
692.5,907.0,82441.5,-0.2650660521742812
680.0,907.0,82056.75,-0.221301189241325
680.0,907.0,82158.24826388889,-0.22875450647487103
680.0,907.0,81300.74305555555,-0.1882835649590056
680.0,907.0,81425.5,-0.1910220067712527
680.0,907.0,80000.62326388889,-0.17366751578962636
680.0,907.0,78776.38888888889,-0.18069533435848698
680.0,907.0,74857.27604166667,-0.23540504747818525
680.0,907.0,70681.16493055555,-0.28579941480057874
680.0,907.0,64530.539930555555,-0.39263475371846246
680.0,754.0,58562.74826388888,-0.5840680881684384
680.0,754.0,57666.888888888876,-0.5973756457264084
667.0,754.0,57554.901041666664,-0.5493860994727627
667.0,754.0,57604.493055555555,-0.5467143333558826
667.0,754.0,58506.493055555555,-0.5444395582584034
667.0,754.0,58744.651041666664,-0.5477731012585009
667.0,752.0,57938.49305555556,-0.5347936531582403
667.0,765.0,58411.70659722222,-0.5435763388123772
667.0,765.0,60502.333333333336,-0.5720051516383897
667.0,765.0,63558.692708333336,-0.5515610905204689
667.0,765.0,64219.317708333336,-0.5079765288049499
667.0,765.0,64216.20659722222,-0.5011099679001031
666.0,765.0,64110.0763888889,-0.4676796082209266
637.5,765.0,63931.456597222226,-0.4421648898499373
623.5,765.0,63600.25,-0.41539377851715575
619.0,765.0,63476.08159722222,-0.39874000582928837
619.0,765.0,62658.95659722222,-0.3602122548864462
619.0,765.0,62220.805555555555,-0.32955870766146267
619.0,765.0,60111.651041666664,-0.2885926408797213
619.0,765.0,58611.45659722222,-0.2721189769798352
619.0,765.0,54197.97222222222,-0.3319082967021945
619.0,722.0,49770.581597222226,-0.44101285363500814
619.0,722.0,47099.3888888889,-0.5102505465122948
619.0,722.0,45705.99826388888,-0.5476902304344343
619.0,666.0,43276.414930555555,-0.6554314277137232
619.0,624.0,40095.24305555556,-0.7410865856781687
619.0,624.0,40188.57638888889,-0.7499791749586127
619.0,624.0,40592.456597222226,-0.7045596569895372
619.0,624.0,40899.82638888888,-0.7011063727544121
619.0,624.0,41295.083333333336,-0.7064336678501283
619.0,624.0,41771.99826388888,-0.7122466133462733
619.0,661.0,42942.1875,-0.7362381564113512
619.0,661.0,42049.914930555555,-0.7252456640062843
619.0,661.0,42970.62326388889,-0.7245361176955413
619.0,661.0,44059.1232638889,-0.6541487361443484
619.0,661.0,43858.88888888888,-0.6013004614421829
619.0,661.0,43902.0,-0.6047300802230176
625.0,661.0,44310.409722222226,-0.61647254586747
625.0,661.0,44638.722222222226,-0.6236316038195171
631.0,661.0,45240.567708333336,-0.6354861669903643
634.0,661.0,46319.13888888888,-0.6417883135849116
626.0,661.0,46128.47222222222,-0.6292073959805781
633.5,661.0,46629.1388888889,-0.6372875414875756
633.5,661.0,46267.15972222222,-0.6352068199850356
633.5,688.0,48268.74826388888,-0.5840422368429709
633.5,688.0,48541.74305555556,-0.5792431946084444
633.5,780.0,52482.609375,-0.45176804935446796
633.5,780.0,54529.289930555555,-0.40989718327336455
633.5,783.0,57645.37326388888,-0.33403951309350166
636.0,783.0,59110.276041666664,-0.3563000444637381
630.0,783.0,59018.45659722221,-0.3347769714470928
630.0,783.0,59281.15972222222,-0.32452291544816586
630.0,783.0,59703.722222222226,-0.3241520739165167
630.0,783.0,59024.62326388888,-0.31648661972994496
630.0,783.0,59428.1875,-0.3221922409539924
630.0,782.0,59393.24826388888,-0.3214715704238522
630.0,782.0,59511.151041666664,-0.3227780351425549
630.0,782.0,57206.22222222222,-0.32145035120292975
630.0,782.0,55454.659722222226,-0.4115283211288294
638.5,782.0,55324.276041666664,-0.4697283102726796
663.5,782.0,55878.2482638889,-0.5093172664766222
668.0,782.0,56473.743055555555,-0.5277625211316312
677.0,782.0,58899.854166666664,-0.5381967956788782
679.5,782.0,61591.914930555555,-0.5412888288626372
679.5,782.0,62638.5,-0.5492798067989026
693.0,782.0,64579.83159722222,-0.609987449769106
711.5,782.0,65319.74826388888,-0.6297216535139992
746.5,852.0,71005.55555555555,-0.5884740687003494
746.5,852.0,72930.27083333333,-0.5718118049603337
746.5,852.0,76861.55555555556,-0.5486038082510507
746.5,938.0,81585.45659722223,-0.45902038440278886
746.5,1053.0,91920.87326388888,-0.2897491043146513
746.5,1053.0,94363.0,-0.27744002459866546
746.5,1053.0,96053.609375,-0.304619585835022
746.5,1053.0,95630.16493055555,-0.33500590690146675
746.5,1053.0,94307.94270833333,-0.3551226806759346
746.5,1053.0,93391.62326388889,-0.3529506136867486
746.5,1053.0,93506.80555555555,-0.3538570199212665
746.5,1053.0,93057.734375,-0.34931463278977043
746.5,1002.0,89742.4565972222,-0.31066185091118226
746.5,1002.0,88292.91493055555,-0.2965018272070614
746.5,1002.0,86881.47222222223,-0.2980501508926359
746.5,1002.0,87300.6875,-0.28517921465063484
746.5,1002.0,87401.90972222223,-0.27837057803038967
746.5,1002.0,87398.07638888888,-0.26824689702993354
736.0,1002.0,87339.70659722223,-0.2597474916570539
723.0,1002.0,86397.91666666667,-0.22746678628573758
690.5,1002.0,84871.15104166667,-0.1636263407022545
674.5,1002.0,88574.27604166667,-0.020315640220616778
674.5,1002.0,88419.49305555555,-0.017232463623383053
674.5,1002.0,88914.66493055556,-0.031161727855440566
674.5,1002.0,86574.45659722223,-0.033467923676104974
674.5,1002.0,86714.24826388889,-0.033635935024657025
674.5,1002.0,91016.65972222223,0.007043143300705842
674.5,1002.0,90525.25,0.001532417261825362
674.5,962.0,88777.47222222223,-0.03346842568041893
674.5,962.0,90004.15972222223,-0.02209297220606919
674.5,962.0,90424.4375,-0.024384122810656217
674.5,962.0,90423.87326388888,-0.03477062287237314
674.5,962.0,91161.15104166667,-0.0231471479482239
674.5,962.0,89343.33159722223,-0.019706735312032334
674.5,962.0,88145.06770833333,-0.0054595653412779326
674.5,967.0,88338.82638888888,-0.008488650840149667
674.5,968.0,89651.87326388888,-0.02684615283269288
674.5,968.0,89858.78993055556,-0.029022864681583896
674.5,968.0,89478.32638888889,-0.03059903195551996
674.5,968.0,89338.37326388888,-0.03509541843663987
674.5,968.0,89362.6875,-0.033070349068327454
690.5,968.0,89513.30555555556,-0.051820190852822016
671.0,968.0,89418.07638888888,-0.03451096013871062
671.0,968.0,89146.24305555556,-0.012149346984027318
675.5,968.0,90015.55555555555,-0.059448147379514794
702.0,968.0,85958.57638888889,-0.20182221696074748
702.0,968.0,85871.52083333333,-0.1993928066299041
702.0,968.0,86417.45659722223,-0.21078912602499758
702.0,968.0,85917.05555555555,-0.20641179161302584
702.0,968.0,88643.30555555555,-0.194175905288661
702.0,968.0,85078.66493055555,-0.23476163684899287
702.0,968.0,82666.33333333333,-0.26184886807765756
702.0,870.0,78431.33333333333,-0.35163180180234677
702.0,850.0,75744.82638888889,-0.39376446098709444
702.0,850.0,74692.20659722222,-0.39309849820765774
702.0,850.0,74951.4375,-0.3542299856376458
702.0,850.0,74154.4375,-0.37025482684809696
702.0,850.0,75174.734375,-0.3684235142363981
702.0,850.0,75485.9375,-0.3714010617108524
702.0,850.0,73728.41493055555,-0.3475092118968134
702.0,859.0,74087.30555555556,-0.353638771389012
702.0,859.0,74087.30555555555,-0.3536387713890121
702.0,859.0,74244.91493055555,-0.3524630915090712
702.0,859.0,75031.37326388889,-0.32883673603881897
702.0,859.0,74853.45659722222,-0.36145796700303073
679.0,859.0,74719.28993055556,-0.3417720660266007
729.0,859.0,75229.56770833333,-0.3855261400908932
786.0,859.0,75942.06770833333,-0.4270143287508849
779.0,859.0,75765.72222222223,-0.4223582464223103
779.0,859.0,75668.20659722223,-0.41999666350601805
779.0,859.0,76246.77604166667,-0.42852163909580937
745.0,859.0,74912.74826388889,-0.390117902602984
745.0,859.0,74370.87326388889,-0.38643296235945757
745.0,857.0,71553.12326388889,-0.4323339081711604
745.0,857.0,70968.74826388889,-0.4421038954324464
745.0,857.0,69755.91493055556,-0.4607721568879331
745.0,810.0,68354.97222222223,-0.49442809614753436
745.0,875.0,71004.65972222223,-0.43382815568653077
745.0,875.0,70857.58159722223,-0.43324307141771423
745.0,875.0,70727.9375,-0.4455440428588436
745.0,875.0,71600.87326388889,-0.4264018874386581
745.0,875.0,70917.109375,-0.4276979457017816
745.0,875.0,70372.49826388889,-0.422364631983475
745.0,875.0,72308.234375,-0.44845287259191324
745.0,870.0,71491.75,-0.4361330586266841
745.0,870.0,72096.16493055555,-0.4427631961566251
745.0,870.0,72534.58333333333,-0.43928822457123534
745.0,870.0,72565.07638888889,-0.4385116058600279
745.0,870.0,72575.80555555555,-0.4245134154945112
745.0,870.0,72990.0,-0.3659641627301936
702.5,870.0,72396.62326388889,-0.3349779162771097
677.5,870.0,71397.91493055556,-0.28823136033137464
666.5,870.0,70520.08333333333,-0.24442661956647077
661.0,870.0,69446.27083333333,-0.19386475791642716
661.0,870.0,67424.69270833333,-0.1398330421626607
661.0,870.0,67287.30555555556,-0.13212494933614524
661.0,870.0,66480.1875,-0.12390863450863208
661.0,870.0,63333.3732638889,-0.12709346216310932
661.0,870.0,60589.6388888889,-0.1634757126431547
661.0,870.0,56628.2482638889,-0.17649595332682602
661.0,870.0,51852.914930555555,-0.27847274263764965
661.0,715.0,46825.90972222222,-0.5235991581075231
661.0,715.0,44893.99826388888,-0.5582799795397472
666.0,715.0,45239.901041666664,-0.5880683119750136
666.0,715.0,45264.95659722222,-0.5869920735990513
666.0,715.0,45723.63888888888,-0.581657306279301
666.0,715.0,46511.72222222222,-0.5906712815612251
666.0,699.0,45993.72222222222,-0.5794487618850322
666.0,718.0,46611.12326388888,-0.5929388913769624
666.0,718.0,46611.1232638889,-0.5929388913769622
666.0,718.0,47655.38888888888,-0.5792899534529433
666.0,718.0,48015.901041666664,-0.5592824968367631
666.0,718.0,47885.493055555555,-0.5150117735972385
666.0,718.0,47960.6232638889,-0.5560303133733168
661.0,718.0,47544.58159722222,-0.5340234753350753
661.0,718.0,47626.456597222226,-0.5372079307734475
642.0,718.0,47282.993055555555,-0.476760564893788
635.5,718.0,47195.401041666664,-0.4716398121919132
631.0,718.0,46975.95659722222,-0.4591439948063261
631.0,718.0,46676.020833333336,-0.4507938092522813
631.0,718.0,45343.956597222226,-0.4557174012951129
631.0,718.0,44493.081597222226,-0.462434286847524
631.0,718.0,41835.62326388888,-0.5310152602454384
631.0,718.0,42208.539930555555,-0.5264869294919858
631.0,718.0,43537.166666666664,-0.4778585706028639
631.0,675.0,39455.24826388889,-0.6249541259320662
631.0,675.0,38724.75,-0.632722645676439
626.0,675.0,38051.859375,-0.5980298055538521
626.0,675.0,37774.472222222226,-0.6217713121887019
626.0,675.0,37451.109375,-0.6284891589877477
626.0,675.0,37938.234375,-0.6370660028729072
626.0,675.0,37516.75,-0.6282253117764031
626.0,728.0,39236.58159722222,-0.6841132512166088
626.0,728.0,41472.38888888889,-0.7273191089325395
626.0,728.0,43788.993055555555,-0.7156131907505113
626.0,728.0,43840.13888888888,-0.7116365303684367
626.0,728.0,43929.38888888888,-0.6695395201265442
607.5,728.0,43701.41493055556,-0.6554289506574592
610.5,728.0,43990.90972222222,-0.6620765354253778
604.0,728.0,43439.854166666664,-0.6518981575081527
622.0,728.0,43781.916666666664,-0.6872020854416313
622.0,728.0,43918.0763888889,-0.6897534199842291
622.0,728.0,44473.7482638889,-0.6967393575760145
622.0,728.0,44695.909722222226,-0.6978012201861975
622.0,728.0,45800.909722222226,-0.6786316609419918
622.0,728.0,45725.41493055556,-0.6794863958876832
622.0,728.0,48024.993055555555,-0.6175272927891478
622.0,728.0,49890.74826388888,-0.5682532751889305
622.0,714.0,49040.72222222222,-0.5974216247435133
622.0,794.0,53851.49305555556,-0.4741587600403802
622.0,794.0,55578.9375,-0.47297077020701117
622.0,794.0,55601.4375,-0.47898446388551397
622.0,794.0,55737.993055555555,-0.4703617432291627
622.0,794.0,56564.6232638889,-0.458977739654872
622.0,794.0,55947.2482638889,-0.45471231194420497
622.0,794.0,57031.6232638889,-0.46634450477565226
622.0,776.0,55533.331597222226,-0.43875565489876517
622.0,750.0,53520.72222222222,-0.40473647649109673
622.0,750.0,50672.706597222226,-0.3952702166152901
622.0,750.0,50074.8263888889,-0.4325171239374145
622.0,750.0,49818.8888888889,-0.5059754033355095
640.0,750.0,50167.104166666664,-0.5434416328890521
640.0,750.0,51544.604166666664,-0.5611320478988505
663.0,750.0,54724.666666666664,-0.5706740154190821
677.5,750.0,57269.555555555555,-0.6009634869865682
686.5,750.0,59094.581597222226,-0.6283288361487434
702.0,750.0,61257.192708333336,-0.6411219761783598
742.5,750.0,63706.192708333336,-0.6545974122716122
748.5,750.0,65810.57638888889,-0.6444112918035687
789.0,848.0,71664.97222222222,-0.5809276886141156
789.0,859.0,76324.99826388889,-0.5153607076337294
789.0,943.0,83650.97222222223,-0.406977545529636
789.0,943.0,87607.32638888888,-0.39821334788271895
789.0,943.0,88583.859375,-0.39443448731591124
800.5,943.0,90893.3315972222,-0.41186563056466124
800.5,943.0,90567.08333333333,-0.45994079317875486
800.5,943.0,90805.33333333333,-0.45627288353258455
800.5,943.0,89591.20659722223,-0.4586574012351722
800.5,943.0,90995.08159722223,-0.46919962727705433
800.5,949.0,91546.97222222223,-0.47483490050945343
800.5,949.0,91504.53993055556,-0.4744076946920326
800.5,949.0,89078.58159722223,-0.46145286661396395
800.5,949.0,88285.15104166667,-0.46408350197682535
800.5,949.0,88075.24826388889,-0.46947896834119385
800.5,949.0,88242.66493055556,-0.45886145637745496
800.5,949.0,88231.9097222222,-0.4677756770345085
766.0,949.0,87887.74826388889,-0.4426926573845773
733.0,949.0,86679.6597222222,-0.4143552480004285
733.0,949.0,85768.0,-0.3912662767541019
733.0,949.0,85695.9375,-0.38981792136920057
733.0,949.0,84889.5,-0.37422776109741046
733.0,949.0,83657.5,-0.3528725296659246
733.0,949.0,85712.80555555555,-0.3458074753657457
733.0,949.0,83512.9375,-0.3641156367620757
733.0,949.0,82669.87326388889,-0.37559826598147855
733.0,876.0,80157.58333333333,-0.42941301584805724
733.0,876.0,80273.88888888889,-0.42756715054429634
733.0,896.0,83081.33159722223,-0.38596236498917513
733.0,896.0,82991.03993055555,-0.38639035282340256
733.0,896.0,83305.57638888889,-0.3291146902991674
733.0,896.0,83104.53993055555,-0.33232399804463775
733.0,896.0,83899.47222222223,-0.3313066518988583
733.0,896.0,81583.91666666667,-0.30908640803240667
733.0,912.0,82258.80555555556,-0.32006667835035285
733.0,912.0,82055.28993055556,-0.31709904805079836
733.0,912.0,84331.30555555555,-0.3354410669329108
733.0,912.0,83986.40972222223,-0.3372756668871059
733.0,912.0,83660.109375,-0.3490665247870211
733.0,912.0,83711.41493055556,-0.34553520717109687
735.5,912.0,83793.05555555556,-0.3556161156013471
735.5,912.0,83800.90972222223,-0.35640679815691756
713.5,912.0,83446.78993055555,-0.3267009399846641
713.5,912.0,83629.91493055556,-0.3330124937232522
709.0,912.0,82697.20659722223,-0.2971463089317813
709.0,912.0,82993.08333333333,-0.30374377693502214
709.0,912.0,82837.45659722222,-0.29828773835587796
709.0,912.0,81933.4722222222,-0.30580808489428557
709.0,912.0,81572.80555555555,-0.30710351394765206
709.0,912.0,80079.4722222222,-0.32247852907552926
709.0,912.0,79324.13888888889,-0.3355522436285709
709.0,923.0,81213.77083333333,-0.30108619218442395
709.0,942.0,82269.08333333333,-0.2799721557438983
709.0,942.0,80513.9722222222,-0.2778774425083672
709.0,942.0,80282.63888888889,-0.2993529240251156
709.0,942.0,79515.9565972222,-0.31709547884888445
709.0,942.0,78838.91666666667,-0.31744988483238507
709.0,942.0,79240.66666666667,-0.3205781816364769
709.0,914.0,77002.22222222222,-0.28479099474449665
709.0,936.0,77903.07638888889,-0.3006118055545224
709.0,936.0,76473.90972222222,-0.2838341744432139
709.0,936.0,76332.05555555556,-0.28448028187566604
709.0,936.0,76567.40972222222,-0.2753909452654634
709.0,936.0,76419.24305555556,-0.2881866284944499
692.5,936.0,76435.2222222222,-0.23556085198775686
690.5,936.0,76391.85416666667,-0.231398440489404
690.0,936.0,76389.87326388888,-0.23095851720850394
690.0,936.0,76533.4375,-0.23482842918898128
690.0,936.0,76812.4722222222,-0.25278047731400616
690.0,936.0,76010.38888888889,-0.2253788330642588
690.0,936.0,76437.40104166667,-0.2381562476911002
690.0,936.0,73475.91493055555,-0.22474360767905102
690.0,936.0,73635.10416666667,-0.22397488523106301
690.0,936.0,73109.47222222223,-0.22762857064360434
690.0,936.0,69774.15972222223,-0.26596614947776964
690.0,936.0,65242.65972222222,-0.3652941711460537
690.0,834.0,61782.80555555554,-0.48195004193944474
690.0,834.0,63559.95659722222,-0.459341721613888
690.0,834.0,64172.331597222226,-0.40439544311876097
690.0,834.0,65874.13888888889,-0.36408353936035076
690.0,834.0,67485.49305555556,-0.36478428012625125
690.0,834.0,69005.88888888889,-0.38110291064382645
690.0,834.0,69534.45659722223,-0.38796862838686885
690.0,842.0,69847.03993055555,-0.3935015925579712
690.0,842.0,70096.734375,-0.3951896950507726
690.0,842.0,70713.63888888889,-0.38903250549097496
690.0,842.0,70705.41493055555,-0.389505749120128
690.0,842.0,70741.07638888889,-0.4084075819430272
698.0,842.0,70923.45659722222,-0.4514743285453696
700.5,842.0,70956.55555555555,-0.4532954915675491
717.5,842.0,71411.44270833333,-0.4761266028837166
714.0,842.0,70613.63888888889,-0.45826480511842294
700.5,842.0,69986.77604166667,-0.42688301817846674
700.5,842.0,70531.91493055556,-0.4396054010294418
700.5,842.0,70459.25,-0.43894626984299107
700.5,842.0,72234.6875,-0.4404981699517534
700.5,842.0,70378.234375,-0.45506623892555215
700.5,842.0,68687.57638888889,-0.47217455042259854
700.5,842.0,69823.81770833333,-0.45589153716927844
700.5,842.0,68182.02083333333,-0.4727041662376692
700.5,787.0,64297.30555555556,-0.5439089001949958
700.5,787.0,60966.87326388888,-0.5848624500404547
700.5,787.0,60576.942708333336,-0.638936436617678
700.5,787.0,59699.442708333336,-0.6631959832303261
700.5,787.0,58590.3263888889,-0.6681645088289025
700.5,787.0,57630.859375,-0.6588269721569343
700.5,787.0,57880.222222222226,-0.6624277258011673
700.5,783.0,57725.25,-0.6593885102081494
700.5,783.0,59914.3732638889,-0.6816797899054732
700.5,783.0,62649.65972222222,-0.6687945188188877
700.5,783.0,63314.192708333336,-0.6328269372079259
700.5,783.0,63339.692708333336,-0.5824936432780858
685.0,783.0,63023.914930555555,-0.5600095366499873
657.5,783.0,62647.22222222222,-0.5405897804637971
644.0,783.0,61722.456597222226,-0.47536424988690806
623.5,783.0,60969.12326388888,-0.42575270585079855
623.5,783.0,60868.333333333336,-0.41890998576008515
623.5,783.0,59766.15972222222,-0.4040276270699675
623.5,783.0,58967.722222222226,-0.40246732509744376
623.5,783.0,55301.151041666664,-0.41957255354073236
623.5,783.0,52850.41493055556,-0.42965032881607473
623.5,783.0,50535.40972222222,-0.4602882604854104
623.5,694.0,45712.40972222222,-0.6225404021931245
623.5,680.0,44039.66493055556,-0.6828958763256494
602.0,617.0,40594.526041666664,-0.7410941194516504
602.0,617.0,39422.276041666664,-0.7727777327077894
591.5,617.0,39180.243055555555,-0.7138866250910548
591.5,617.0,39060.734375,-0.7274387713164857
591.5,617.0,39111.9375,-0.7261495357398883
591.5,617.0,39888.5,-0.731908000445214
591.5,617.0,40689.359375,-0.7459598758691306
591.5,642.0,41493.222222222226,-0.7642607692998478
591.5,642.0,42242.831597222226,-0.7755559769334681
591.5,642.0,42196.526041666664,-0.7758242827450581
591.5,642.0,42449.243055555555,-0.7515415656422085
591.5,642.0,42418.72222222222,-0.7342347982685463
591.5,642.0,42235.37326388889,-0.729551186585609
591.5,642.0,42031.831597222226,-0.7269698857481509
602.0,642.0,42263.3263888889,-0.7417358565794756
613.0,642.0,42703.3888888889,-0.7552953526586911
600.5,642.0,42178.901041666664,-0.7344252152443996
600.5,642.0,42053.416666666664,-0.735873421359452
600.5,642.0,40643.743055555555,-0.7626880044029679
600.5,642.0,40605.6232638889,-0.7629659959583447
600.5,642.0,41619.581597222226,-0.7349798272806903
600.5,642.0,41436.0,-0.7396399651845428
600.5,662.0,42669.32638888888,-0.694396698556367
600.5,921.0,51553.24826388888,-0.20894049001023282
613.0,921.0,56649.4982638889,-0.19681078221049758
613.0,921.0,56462.109375,-0.19230814482777486
613.0,921.0,56524.159722222226,-0.24522018801659548
613.0,921.0,57099.99305555556,-0.21774702767500662
613.0,921.0,57251.8263888889,-0.2164944639930225
613.0,921.0,57542.1388888889,-0.22065177803078007
613.0,921.0,57097.104166666664,-0.2119224361813108
613.0,904.0,56515.41493055556,-0.19751776487724204
613.0,904.0,55087.817708333336,-0.16830320941637944
613.0,904.0,52727.72222222222,-0.17041837809189953
613.0,904.0,52074.817708333336,-0.2111032683215261
614.5,904.0,52137.3263888889,-0.2618881696638069
622.5,904.0,52220.104166666664,-0.2693612947787431
622.5,904.0,52935.081597222226,-0.2965687813815255
639.0,904.0,53542.03993055556,-0.3297912592300535
641.0,904.0,55038.484375,-0.3576289107294236
659.0,904.0,57836.05555555556,-0.413279536041622
659.0,904.0,59579.770833333336,-0.43034968259548145
672.0,904.0,60709.159722222226,-0.46238175987261215
686.0,904.0,64283.03993055556,-0.4674308371956615
686.0,904.0,67788.97222222222,-0.44354206934437673
671.0,904.0,67476.30555555556,-0.4256340923367087
671.0,931.0,75012.60416666667,-0.30127316500804124
671.0,1158.0,86611.05555555556,0.03720130332428288
671.0,1158.0,91373.38888888889,0.056432608418206354
680.0,1158.0,94700.13888888888,-0.014241792390731057
680.0,1158.0,94620.33159722223,-0.027543359208241178
680.0,1158.0,92942.90104166667,-0.051422443507977644
680.0,1158.0,93057.33159722223,-0.05176532375816257
680.0,1158.0,91158.06770833333,-0.02972351672289578
680.0,1158.0,90285.70659722223,-0.01639598355669854
680.0,1143.0,89651.82638888888,-0.004891044601146989
680.0,1143.0,86240.62326388889,0.03577952116669816
680.0,1143.0,85128.45659722223,0.034505569373199936
680.0,1143.0,84618.05555555555,0.02074873339806906
680.0,1143.0,84728.12326388889,0.029295614804481073
680.0,1143.0,84737.2222222222,0.03055890970024564
679.0,1143.0,84682.40972222223,0.03819860169606918
669.5,1143.0,84647.66493055555,0.04720044322930787
669.5,1143.0,84534.38888888889,0.0521643341789183
669.5,1143.0,83329.05555555556,0.09972815170501331
669.5,1143.0,82350.9375,0.14819549269433574
669.5,1143.0,81825.99305555555,0.18549083195094307
669.5,1143.0,80766.24826388889,0.1988540805307302
669.5,1143.0,79416.24826388889,0.20955038583327962
676.5,1143.0,82083.83159722223,0.1261133236228428
676.5,1143.0,80462.49305555555,0.10939196825973294
676.5,901.0,69356.99305555556,-0.22552899498616988
676.5,891.0,68478.13888888889,-0.24723590676004045
676.5,891.0,65692.20659722223,-0.24017623137115213
676.5,891.0,66230.12326388889,-0.18280763277553216
676.5,891.0,67490.49305555555,-0.1540293327858914
676.5,891.0,70180.80555555556,-0.18187224402902186
676.5,891.0,71469.49826388889,-0.1990534413340733
676.5,911.0,73508.37326388889,-0.23588782084338702
676.5,911.0,72540.9565972222,-0.21959735279833986
676.5,911.0,74075.47222222223,-0.22846336736876752
676.5,911.0,73809.91666666667,-0.23311384199503965
676.5,911.0,73620.62326388889,-0.28243139053491184
676.5,911.0,73600.484375,-0.2871184128310943
676.5,911.0,73610.82638888889,-0.276472565895532
663.0,911.0,73418.66493055555,-0.2566132217845708
665.5,911.0,73495.82638888889,-0.2627614744290785
665.5,911.0,73403.77083333333,-0.26052165235244124
665.5,911.0,73779.24826388889,-0.2742311265285604
665.5,911.0,74057.12326388889,-0.28826784820770646
649.0,911.0,73923.78993055556,-0.26642317088756523
649.0,911.0,73778.31770833333,-0.2659025994134588
649.0,911.0,74294.06770833333,-0.26424799363956974
649.0,911.0,73584.62326388889,-0.2674622907626258
649.0,911.0,74100.74305555555,-0.25568797850087766
649.0,902.0,73063.97222222223,-0.27984792849327816
649.0,902.0,71872.72222222222,-0.30675877635613746
649.0,902.0,72947.37326388889,-0.31623929142202667
649.0,902.0,72938.82638888889,-0.3166909944577978
649.0,902.0,74440.66666666667,-0.3008152253014361
649.0,902.0,74440.66666666667,-0.3008152253014361
649.0,902.0,75694.16493055556,-0.3164276110113242
649.0,926.0,76672.24826388889,-0.3334289087028271
649.0,926.0,76961.83159722222,-0.3367884223742872
649.0,926.0,77180.32638888889,-0.337939589978971
649.0,926.0,78499.37326388889,-0.31827231017856344
642.5,926.0,78462.74305555555,-0.3127781787082344
642.5,926.0,78554.6875,-0.2946031015639801
642.5,926.0,78554.07638888889,-0.2981741976023374
634.0,926.0,78498.47222222223,-0.2834096571247534
634.0,926.0,79315.90972222223,-0.3084242445548841
634.0,926.0,81777.28993055555,-0.3209916808723586
634.0,926.0,83062.15104166667,-0.33704284915635796
634.0,926.0,83635.41493055556,-0.3512187803561701
705.0,926.0,84753.66493055555,-0.4059667169816065
705.0,926.0,86233.15104166667,-0.40560123063150455
705.0,926.0,85760.97222222222,-0.4060636516999981
705.0,926.0,85063.90972222222,-0.4040123113006874
705.0,905.0,84043.33159722222,-0.4227814278037892
705.0,939.0,85195.08159722223,-0.40044140351817875
705.0,939.0,83927.484375,-0.41749070570916447
705.0,939.0,83404.03993055556,-0.4139458524290772
705.0,939.0,83394.99305555556,-0.4143849155601281
705.0,939.0,84477.22222222223,-0.40897496190256105
705.0,939.0,83064.63888888889,-0.40456265027067123
705.0,939.0,83141.15972222223,-0.4053358865931574
705.0,893.0,81258.83333333333,-0.3800077040169738
705.0,899.0,82108.65972222222,-0.38969530606394653
705.0,899.0,82108.65972222222,-0.38969530606394653
705.0,899.0,81541.80555555555,-0.3956252781054296
692.0,899.0,81690.83159722222,-0.36392061322285746
692.0,899.0,81650.58159722222,-0.36753375686299106
776.0,2122.0,190197.69270833334,1.6699336140911518
786.0,2122.0,195334.28993055553,1.5002501678142857
800.0,2122.0,196855.1232638889,1.4455595235213556
800.0,2122.0,198222.2899305556,1.4137497930785223
800.0,2122.0,199747.77604166666,1.3713581189478312
821.0,2122.0,200536.7430555556,1.3376423144896792
850.5,2122.0,201276.40104166666,1.3068304920696268
821.0,2122.0,200050.72222222225,1.3564928299620895
821.0,2122.0,201547.60416666666,1.3188804276515946
843.5,2122.0,202296.90104166666,1.2940661047890571
843.5,2122.0,202813.74826388888,1.2854181226187205
843.5,2122.0,199767.27083333334,1.3446945728308235
843.5,2122.0,200052.19270833334,1.338722870018787
822.0,2122.0,199837.24826388888,1.3703127859878235
822.0,2122.0,198222.08333333334,1.3538800660877672
822.0,2158.0,205984.24305555553,1.2603783026756379
822.0,2243.0,216981.91666666666,1.131033447350643
822.0,2243.0,217073.7430555556,1.130101963097576
822.0,2243.0,215151.95659722222,1.1491374238753174
822.0,2243.0,214964.359375,1.151152101671727
822.0,2243.0,215868.95659722222,1.143153829100265
822.0,2243.0,217248.95659722225,1.1372068439324852
822.0,2243.0,217613.40972222225,1.1407056985122277
822.0,2243.0,217419.65104166666,1.138064142526952
734.5,1036.0,111571.91666666667,-0.5408818121412168
684.5,998.0,103919.49826388889,-0.5354483439297648
663.5,998.0,100484.13888888888,-0.45819030060944144
657.0,998.0,95011.25,-0.40930979922134103
640.5,998.0,89856.859375,-0.37541096421610987
612.5,998.0,86236.97222222222,-0.31672497776729647
596.0,998.0,82288.03993055556,-0.26454689077295684
596.0,998.0,80848.85416666667,-0.23217966916624014
596.0,998.0,74177.49826388889,-0.2565571737010026
596.0,998.0,70289.32638888889,-0.2834686818713712
596.0,935.0,61568.16493055556,-0.4997008448228937
596.0,935.0,57584.276041666664,-0.598513364295256
596.0,709.0,50084.53993055556,-0.8949846681051157
596.0,709.0,48915.414930555555,-0.898492057548138
593.0,709.0,48137.776041666664,-0.8821933164891731
593.0,709.0,42614.104166666664,-0.9591528648421036
593.0,584.0,35484.416666666664,-0.8282600958950155
593.0,584.0,35693.74826388888,-0.8330765155667887
593.0,606.0,37644.07638888888,-0.8674774701527134
593.0,606.0,38102.33159722222,-0.8762137808029623
593.0,612.0,40503.62326388889,-0.9011698991309138
593.0,612.0,42083.87326388888,-0.8607799963493613
593.0,612.0,42145.37326388889,-0.8097630656673243
593.0,612.0,41928.57638888888,-0.7427011747540623
593.0,612.0,41270.63888888889,-0.7408252297950767
582.5,612.0,40403.20659722222,-0.7301388590820665
582.5,612.0,40149.63888888889,-0.698957549508784
569.5,612.0,39686.520833333336,-0.6555982017906884
537.0,612.0,38872.08159722222,-0.6140703735387957
531.5,612.0,38597.47222222222,-0.601917689759986
531.5,612.0,38768.151041666664,-0.604668313448019
531.5,612.0,39099.055555555555,-0.6003860812532866
531.5,612.0,39288.526041666664,-0.597840942564833
531.5,620.0,39714.70659722222,-0.5800566779125687
531.5,726.0,42924.206597222226,-0.4215986217810334
531.5,726.0,45137.95659722222,-0.33962411795654474
531.5,726.0,47220.55555555556,-0.3052514603865931
531.5,726.0,47452.192708333336,-0.3121103212509275
508.0,726.0,47460.993055555555,-0.23601062947788645
508.0,726.0,48502.942708333336,-0.20772668827418272
508.0,726.0,49762.317708333336,-0.20976067758979752
508.0,733.0,50772.6388888889,-0.23023275552325603
508.0,734.0,51188.993055555555,-0.23897307493669603
508.0,734.0,51075.4375,-0.23695825491206474
508.0,734.0,49848.32638888888,-0.215270158436463
508.0,734.0,47986.604166666664,-0.25029935283841337
531.5,734.0,48389.03993055556,-0.32333280693226113
545.5,734.0,48381.33159722222,-0.3650696786752844
545.5,734.0,49133.91493055556,-0.3791906505012211
545.5,734.0,50363.081597222226,-0.4084147016667618
578.0,734.0,50832.87326388888,-0.45911142201947436
607.0,734.0,54326.40972222222,-0.4973971822845174
615.5,734.0,55952.581597222226,-0.5681101632954149
625.5,734.0,57281.734375,-0.6167016172236882
649.0,734.0,58341.8888888889,-0.6405182959391451
649.0,779.0,62852.07638888888,-0.5775523841349408
653.0,779.0,65618.55555555555,-0.5741724592849288
653.0,779.0,68120.62326388889,-0.5480402375752316
653.0,896.0,73030.12326388889,-0.4281907470111466
653.0,896.0,77593.08159722223,-0.35456182521088464
653.0,936.0,85183.75,-0.26038107793352394
683.0,936.0,87476.8315972222,-0.3144067844861029
683.0,936.0,86149.19270833333,-0.3799462614708668
683.0,936.0,84297.24826388889,-0.39560906622246356
683.0,936.0,82525.66493055556,-0.39041522839362536
683.0,936.0,81213.97222222223,-0.3739384922979305
683.0,928.0,80886.41666666667,-0.3692412720526439
683.0,942.0,82140.24826388889,-0.3861903067981554
683.0,942.0,79356.72222222223,-0.3687321111972761
683.0,942.0,78921.99305555555,-0.374619682488634
683.0,942.0,79103.41666666667,-0.3517261773467643
683.0,942.0,78808.45659722222,-0.3931660227547087
660.0,942.0,78698.05555555556,-0.3732969124142752
657.5,942.0,78669.609375,-0.3714027630483771
703.0,942.0,79650.9375,-0.4278397933051102
703.0,942.0,78938.25,-0.4172213761341486
703.0,942.0,78878.08159722223,-0.41500253113755814
665.5,942.0,78508.37326388888,-0.3856316273788979
665.5,942.0,78566.88888888889,-0.3879214272823406
665.5,942.0,77987.9375,-0.39123124761973344
665.5,942.0,78136.32638888889,-0.3914227755771887
665.5,942.0,80581.22222222223,-0.3678185310823818
665.5,942.0,77434.87326388889,-0.41474858921748625
665.5,942.0,78512.24305555555,-0.3920651684089474
665.5,913.0,76222.90972222223,-0.44469137894838495
665.5,913.0,74862.06770833333,-0.43064176431606344
665.5,913.0,75132.52083333333,-0.403586630718491
665.5,913.0,75808.74305555555,-0.39607510977961935
665.5,913.0,76192.40104166667,-0.3969067425979921
665.5,913.0,74881.02604166667,-0.3819807541631623
665.5,913.0,74326.66493055556,-0.3732046595401311
665.5,885.0,73082.52083333333,-0.3517237376474989
665.5,885.0,73914.31770833333,-0.3564229540637118
665.5,885.0,74728.40972222223,-0.34624708784034214
665.5,885.0,74723.45659722223,-0.3467171898938391
665.5,885.0,74956.83333333333,-0.3027301717125644
665.5,885.0,74959.03993055556,-0.2840331390784373
616.5,885.0,74683.41493055556,-0.24186206215792894
587.5,885.0,73343.47222222223,-0.17081917243909092
587.5,885.0,72209.9375,-0.11821278347840576
587.5,885.0,71762.53993055555,-0.10136438794855487
587.5,885.0,71792.83159722223,-0.1039555469591684
587.5,885.0,71724.53993055555,-0.10203076392813612
587.5,885.0,69567.4375,-0.09696572282138571
587.5,885.0,71344.03993055555,-0.08399310089584877
587.5,885.0,68068.85416666667,-0.12409237688908709
587.5,885.0,67160.37326388889,-0.13403575496684456
587.5,848.0,65822.27083333333,-0.17154561203226804
587.5,848.0,65049.41493055554,-0.19145598269502934
587.5,848.0,65177.305555555555,-0.19332866991395947
587.5,848.0,65539.60416666667,-0.16603533835305992
587.5,848.0,67131.10416666667,-0.16247046816142977
587.5,848.0,69584.55555555555,-0.18807986027909618
587.5,871.0,72000.65104166667,-0.22296689068361958
587.5,875.0,72973.35416666667,-0.2381216420289155
587.5,875.0,73645.24826388889,-0.2475616788464595
587.5,875.0,73535.40104166667,-0.2472387856471445
587.5,875.0,73203.66493055555,-0.25317739575136416
587.5,875.0,73507.52083333333,-0.21750321511549625
587.5,875.0,73475.24826388889,-0.2309775424190061
602.5,875.0,73714.99826388889,-0.25457751167972087
607.0,875.0,73737.13888888889,-0.258555841574589
613.5,875.0,73809.27083333333,-0.26994498437260667
613.0,875.0,73805.08159722223,-0.2695235948805317
613.0,875.0,73923.62326388889,-0.2733384778405055
613.0,875.0,74005.72222222223,-0.2773868277581096
613.0,875.0,73893.58159722223,-0.27512930677836483
613.0,875.0,73043.30555555556,-0.26378166082606236
613.0,875.0,70835.38888888888,-0.29188013179208694
613.0,875.0,70786.6875,-0.292374878234513
613.0,875.0,70504.37326388889,-0.29591131947073374
613.0,850.0,66957.31770833333,-0.3817460581659
613.0,827.0,66186.13888888889,-0.40453864187306504
613.0,827.0,65829.03993055555,-0.40251522051964717
613.0,827.0,65719.41493055555,-0.4115899788882281
613.0,827.0,66156.03993055555,-0.41001040517106224
613.0,827.0,65654.65104166667,-0.40573740529017116
613.0,827.0,65547.16666666667,-0.40407113100204367
613.0,835.0,65840.05555555555,-0.4089145516652597
613.0,836.0,66562.97222222223,-0.42002713196187097
613.0,836.0,67334.72222222223,-0.42134241519540483
613.0,836.0,67095.27604166667,-0.42832236004205587
613.0,836.0,66845.90104166667,-0.4702812893715884
613.0,836.0,66988.15972222222,-0.43695404746732425
604.5,836.0,66656.99826388889,-0.40658939439861536
613.0,836.0,66795.13888888889,-0.4176251696048787
620.0,836.0,67146.35416666667,-0.4357823541417786
640.0,836.0,67417.74305555555,-0.45044025268535315
611.0,836.0,66712.33159722222,-0.41843233362016835
605.5,836.0,66367.90972222222,-0.40154999474825825
605.5,836.0,65810.24305555555,-0.39015302552826336
605.5,836.0,65667.109375,-0.38805082251579276
605.5,836.0,63092.472222222226,-0.39738800062187146
605.5,836.0,60744.99826388888,-0.4259771334831818
605.5,836.0,59602.5763888889,-0.45096375097773017
605.5,836.0,57109.520833333336,-0.5101004807620971
605.5,708.0,51345.067708333336,-0.7059488234233824
605.5,708.0,51110.66493055556,-0.7091684636402039
605.5,708.0,51074.15972222222,-0.7336010731049791
605.5,708.0,48839.333333333336,-0.7935510224932082
605.5,708.0,47416.770833333336,-0.7955019040863025
605.5,708.0,46224.99826388888,-0.7786745329445484
605.5,708.0,45741.901041666664,-0.7685935400972908
605.5,693.0,44920.151041666664,-0.7508532672821863
605.5,693.0,45799.0763888889,-0.7572060651157239
605.5,693.0,47154.317708333336,-0.7112955190561431
605.5,693.0,47215.831597222226,-0.6611874365916952
605.5,693.0,47218.05555555556,-0.6959999132529487
613.5,693.0,47451.80555555556,-0.7138016766400725
605.0,693.0,47055.604166666664,-0.6585727371386986
583.0,693.0,46337.49305555556,-0.6310306445588537
572.0,693.0,45689.15972222222,-0.6076235119673286
562.5,693.0,45415.270833333336,-0.5755119135715744
544.0,693.0,44977.831597222226,-0.520615260450131
544.0,693.0,44294.222222222226,-0.5064166038676148
544.0,693.0,43274.22222222222,-0.5023841005365287
544.0,693.0,42219.32638888888,-0.49964164705537883
544.0,693.0,41372.0,-0.5200163735069168
544.0,657.0,38113.706597222226,-0.6459624571246654
544.0,613.0,37125.081597222226,-0.6990310147237815
544.0,613.0,37423.49305555556,-0.6855752323831097
544.0,613.0,36880.831597222226,-0.704621299170009
561.0,613.0,37052.2482638889,-0.7195268474540092
561.0,613.0,36653.13888888889,-0.7658122410534314
561.0,613.0,35108.25,-0.8016218187607513
561.0,613.0,33034.456597222226,-0.7858266813455189
561.0,604.0,31250.234375,-0.7314204117905336
561.0,561.0,29220.55555555556,-0.6599987318649209
561.0,562.0,29247.984375,-0.6610473054130152
561.0,562.0,30047.888888888887,-0.6558140261390433
561.0,562.0,30075.90972222222,-0.6479662828329955
551.5,562.0,30005.484375,-0.6374396986004685
551.5,562.0,29704.25,-0.627032911172859
567.5,562.0,30020.576388888887,-0.6706698807236648
570.0,620.0,33295.222222222226,-0.5610723572634472
570.0,620.0,33541.567708333336,-0.5751714583866475
581.5,620.0,34071.993055555555,-0.6199804035502146
592.5,620.0,34778.37326388889,-0.6891216140113813
600.5,620.0,36581.72222222222,-0.6745282299059816
600.5,620.0,37214.45659722222,-0.6833177249170884
600.5,632.0,39987.82638888889,-0.6308786524930251
600.5,632.0,41445.664930555555,-0.5997602403033887
600.5,762.0,47179.333333333336,-0.4176941747692134
600.5,762.0,50187.831597222226,-0.3564336382230489
600.5,762.0,54053.456597222226,-0.2884745887564765
600.5,762.0,55526.83159722222,-0.304946912007399
603.0,762.0,55535.87326388888,-0.319701650732935
603.0,762.0,55461.583333333336,-0.3229753478548654
603.0,762.0,55916.692708333336,-0.32141865807882664
603.0,762.0,56251.567708333336,-0.3248566990295822
603.0,762.0,54094.1388888889,-0.2929564201979792
603.0,762.0,53667.1875,-0.28519001251206183
603.0,717.0,51011.90972222222,-0.2319294372121577
603.0,717.0,47729.4982638889,-0.2293823517913564
603.0,717.0,47044.40972222222,-0.3006905553225548
621.0,717.0,46957.95659722222,-0.357555963865556
633.0,717.0,48385.409722222226,-0.437481521723306
645.0,717.0,48723.05555555556,-0.4941695835809959
645.0,717.0,49878.4982638889,-0.4796123782832611
668.0,717.0,52817.083333333336,-0.5211804614831314
692.5,717.0,55795.520833333336,-0.5586748153141425
725.0,718.0,59388.909722222226,-0.5770056243955564
744.0,718.0,61150.743055555555,-0.5884395696775194
788.0,718.0,63298.722222222226,-0.6283318069771523
788.0,826.0,68424.359375,-0.5505205294886352
791.0,845.0,74141.99826388889,-0.4962581433314179
791.0,998.0,83177.41666666667,-0.3051926497756004
791.0,1016.0,93624.10416666667,-0.1823036934736606
791.0,1016.0,100943.7222222222,-0.14455091372757592
825.5,1016.0,102400.02604166667,-0.18355595608006753
825.5,1016.0,101776.4565972222,-0.2121380725729012
825.5,1016.0,101114.78993055555,-0.21787684507197522
825.5,1016.0,101511.30555555555,-0.22024951747906468
825.5,1016.0,101387.2065972222,-0.21897016387409787
825.5,1043.0,104167.91493055555,-0.24785424398142614
825.5,1043.0,104040.7222222222,-0.24657971452235136
825.5,1043.0,103693.4565972222,-0.24409553453438515
825.5,1043.0,102168.32638888888,-0.2553790434493578
825.5,1043.0,101940.20659722223,-0.2630941477100364
825.5,1043.0,102498.95659722223,-0.24314086303390872
810.0,1043.0,102385.02083333333,-0.23166936830418358
818.5,1043.0,102432.55555555555,-0.26025777738934897
795.0,1043.0,102026.609375,-0.24535280620169894
795.0,1043.0,101332.20659722223,-0.22514390805676154
795.0,1043.0,101261.97222222223,-0.22396457760195607
795.0,1043.0,100249.37326388889,-0.20852286480636004
795.0,1043.0,99944.77604166667,-0.20121960309273618
795.0,1043.0,101812.35416666667,-0.21768934588323316
795.0,1043.0,99896.58159722223,-0.21623839028730601
795.0,1043.0,98297.49826388888,-0.22078522678539014
795.0,1043.0,91375.1597222222,-0.3073198426504911
795.0,988.0,86904.734375,-0.40403349842861186
795.0,928.0,83006.12326388889,-0.4858499203803607
795.0,928.0,82494.45659722223,-0.48392181444431737
795.0,928.0,82721.28993055556,-0.46195928374129813
795.0,928.0,82984.27604166667,-0.45742070441425803
795.0,928.0,82749.32638888889,-0.4564529762008129
795.0,928.0,81197.80555555556,-0.4435765245302333
795.0,898.0,79404.5,-0.4195892147620039
795.0,920.0,80307.49305555555,-0.43220220628200606
795.0,920.0,80745.32638888889,-0.43596030282225834
795.0,920.0,81501.5,-0.42501127338000744
795.0,920.0,81516.32638888889,-0.4241047899909691
795.0,920.0,80908.9375,-0.47148129624834206
795.0,920.0,80784.28993055555,-0.44602744507106307
804.5,920.0,80914.75,-0.45258810001887234
786.0,920.0,80634.87326388889,-0.4403181338874751
786.0,920.0,81047.33333333333,-0.4495558834212099
786.0,920.0,80052.02083333333,-0.43360291026647285
786.0,920.0,79864.13888888889,-0.43094631748838114
786.0,920.0,79814.0,-0.4300838069459722
786.0,920.0,78818.80555555556,-0.4368909128675365
786.0,920.0,79839.83159722222,-0.428057217669089
786.0,920.0,80687.49826388889,-0.41768791335902616
786.0,920.0,81514.32638888889,-0.40778260262448424
786.0,979.0,83708.08159722223,-0.35630196564653743
786.0,979.0,84046.08333333333,-0.3512149734636256
786.0,979.0,84699.07638888889,-0.355202608917655
786.0,979.0,84477.6875,-0.3728997838267799
786.0,1172.0,102193.37326388888,-0.5219210532571065
786.0,1172.0,101169.74305555555,-0.5251239163121415
786.0,1172.0,101657.55555555556,-0.5253133640581458
786.0,1172.0,103030.15104166667,-0.5306234717351651
786.0,1172.0,103358.28993055556,-0.5322840647540441
786.0,1172.0,102221.90972222223,-0.5325946413330823
786.0,1172.0,103080.24826388889,-0.5211285795267869
786.0,1172.0,103208.37326388889,-0.5136560902217242
786.0,1172.0,103439.62326388889,-0.48372374047471883
786.0,1172.0,103496.05555555556,-0.4620469419008984
728.5,1172.0,102938.02604166667,-0.42283806046083344
727.0,1172.0,102913.85416666667,-0.42192415025315433
727.0,1172.0,102126.74305555555,-0.4071038915314295
727.0,1172.0,103202.859375,-0.4202749554172774
727.0,1172.0,102576.49305555556,-0.40937197029022254
727.0,1172.0,102664.38888888888,-0.4104814422779371
727.0,1172.0,104535.90104166667,-0.4018054014955748
727.0,1172.0,104241.32638888889,-0.40346444100426965
727.0,1172.0,104420.80555555555,-0.40187959926906414
727.0,1172.0,101326.83333333333,-0.4146862883043323
727.0,1072.0,96488.24826388888,-0.5003402520785071
727.0,1041.0,94723.1875,-0.5268772801806054
727.0,1041.0,94420.9722222222,-0.5277530074055503
758.5,1041.0,94664.40972222223,-0.5583465389248545
758.5,856.0,78421.359375,-0.4075458293601156
758.5,856.0,78598.734375,-0.40777831481193516
758.5,856.0,79874.47222222223,-0.41978918690683514
758.5,876.0,81075.70659722223,-0.43666522047491463
758.5,876.0,80791.27083333333,-0.43299758710674585
758.5,876.0,79940.06770833333,-0.4305520334675766
758.5,876.0,78613.62326388889,-0.44769413497176735
758.5,876.0,78532.25,-0.4528062942213249
758.5,876.0,78279.66493055556,-0.4867636328904594
758.5,876.0,78205.15104166667,-0.5202976577230498
775.0,876.0,78464.15104166667,-0.5595017046184381
760.5,876.0,78237.47222222222,-0.5363441526379085
760.5,876.0,78736.60416666667,-0.549336977996924
760.5,876.0,78073.78993055555,-0.5429941704260741
760.5,876.0,77891.984375,-0.5362805638884856
760.5,876.0,77464.859375,-0.5287626691502142
760.5,876.0,76220.88888888889,-0.5464653227762857
760.5,876.0,74288.69270833333,-0.5642283093108664
760.5,876.0,71768.83333333333,-0.6077703797940048
760.5,876.0,72532.66493055556,-0.6007207447887704
760.5,852.0,70270.20659722222,-0.6489320871964143
760.5,800.0,68442.32638888889,-0.6882389279700823
760.5,800.0,68023.63888888889,-0.6921170029905516
747.5,800.0,67875.31770833333,-0.6772501199150169
747.5,800.0,66492.70659722222,-0.7138383350007834
747.5,800.0,66405.30555555556,-0.7140258388699512
747.5,800.0,65248.416666666664,-0.7037075469567154
747.5,812.0,65762.66666666667,-0.7131659177692359
747.5,812.0,66874.02604166667,-0.7301450529086867
747.5,812.0,69638.24305555556,-0.7390651696448463
747.5,812.0,72039.58159722223,-0.7006850021356809
747.5,812.0,72941.91493055556,-0.6517830634689501
747.5,812.0,72940.63888888889,-0.6356235109631921
745.5,812.0,72842.03993055556,-0.621909057096798
714.0,812.0,72412.30555555556,-0.6009430492552369
710.5,812.0,72306.35416666667,-0.5848896151583576
696.0,812.0,70907.41666666667,-0.5393448749266313
683.5,812.0,69406.70659722222,-0.4958594458975111
683.5,812.0,68722.28993055555,-0.46788328426100984
683.5,812.0,67641.32638888889,-0.44149746715921523
683.5,804.0,63059.270833333336,-0.4539211200227973
681.0,804.0,59816.567708333336,-0.43096719845800846
681.0,804.0,56076.020833333336,-0.47150181455705925
681.0,804.0,52373.243055555555,-0.5492358301772932
681.0,793.0,47882.40972222222,-0.684552333066851
681.0,735.0,43434.07638888888,-0.8663768749021995
681.0,618.0,40751.47222222222,-0.9940713974185587
678.0,618.0,40200.47222222222,-0.9792817444973289
678.0,618.0,40180.8888888889,-0.9822783781726525
678.0,618.0,39675.243055555555,-0.9951152685360092
678.0,618.0,39090.859375,-0.9975662578436906
678.0,606.0,37569.664930555555,-0.9645445703441736
678.0,613.0,37810.083333333336,-0.9710905371914734
678.0,613.0,38160.333333333336,-0.9747954830676963
678.0,613.0,39507.88888888889,-0.9511720945347981
678.0,613.0,39543.993055555555,-0.946597487366217
678.0,613.0,39324.831597222226,-0.9016815280585294
672.5,613.0,39126.74826388889,-0.8971534937559857
672.5,613.0,38970.609375,-0.8977461808659414
665.0,613.0,38536.5,-0.8673567592419992
648.0,613.0,38016.75,-0.8081977681958243
648.0,613.0,38299.409722222226,-0.8084087117158091
648.0,613.0,38020.5763888889,-0.806075003800935
648.0,613.0,38804.442708333336,-0.7875636489940705
648.0,658.0,40747.07638888889,-0.7323217023510986
648.0,733.0,44736.1388888889,-0.6214720851010557
648.0,742.0,48002.817708333336,-0.5302905306556607
648.0,758.0,51157.8263888889,-0.45013113685842276
648.0,801.0,55729.166666666664,-0.3547991368422386
648.0,824.0,60989.166666666664,-0.2788292893931978
648.0,824.0,62407.901041666664,-0.2852621878143239
654.0,824.0,62433.026041666664,-0.29103016602048865
654.0,824.0,64012.166666666664,-0.24403548406204761
654.0,824.0,65981.90104166667,-0.24555773300068745
654.0,824.0,67670.74826388889,-0.2592991074028451
654.0,824.0,68246.41666666667,-0.2676091566578421
654.0,801.0,67427.08159722223,-0.25362703844216344
654.0,801.0,66337.45659722223,-0.24274377576008413
654.0,801.0,62894.722222222226,-0.28039223808708524
654.0,801.0,62352.659722222226,-0.3394068849432632
665.5,801.0,62604.47222222222,-0.41305689274994783
685.0,801.0,64075.4982638889,-0.4588492554680202
689.0,801.0,64779.109375,-0.483391427328212
714.5,801.0,67618.38888888889,-0.5560676251458673
745.0,801.0,70729.75,-0.6461102248924832
774.5,801.0,73938.109375,-0.6684522562326406
800.0,801.0,76774.75,-0.717747732151779
822.0,801.0,79206.97222222223,-0.732228966009585
836.5,941.0,86239.65972222223,-0.6428102779926375
836.5,941.0,88552.03993055556,-0.6317509335580552
836.5,988.0,95828.58333333333,-0.539418759872616
836.5,1065.0,105690.77083333333,-0.4213944674033905
836.5,1163.0,118980.62326388888,-0.2688643760224256
836.5,1163.0,124811.12326388888,-0.25328221165017084
864.0,1163.0,125877.109375,-0.2779838451397805
864.0,1163.0,126185.78993055556,-0.26849524346747794
864.0,1163.0,123597.27083333333,-0.2829906792021202
