3111.0,20144.0,11079254.0864,2.423623710608114
3110.0,20144.0,11058047.913600001,2.4550835489172504
3092.0,20144.0,11073005.993856002,2.4553441321047695
3091.0,20144.0,11032727.835264,2.4953023238366208
3091.0,20144.0,11018981.127935998,2.4971594384265705
3091.0,20144.0,11020718.953344002,2.4972062458563795
3091.0,20144.0,11043565.190016,2.492449099009809
3091.0,20144.0,11041462.348415999,2.477056772080423
3091.0,20144.0,11093613.417600002,2.4656696378216405
3091.0,20144.0,11118318.893824002,2.460836182437323
3110.0,20144.0,11109886.894336002,2.4612436967491873
3110.0,20144.0,11133298.864,2.45792226675964
3111.0,20144.0,11109998.031744001,2.460537488665976
3161.0,20144.0,11092162.790016003,2.4594009659218337
3111.0,20144.0,11143963.291264003,2.4513136329892333
3161.0,20144.0,11137925.771776004,2.433193284557416
3111.0,20144.0,11164758.762496,2.45339969164146
3110.0,20144.0,10981832.380415998,2.5337503238176313
3091.0,20144.0,10388475.075456,2.6669915628238403
3091.0,20144.0,8815445.001600001,2.690202611812203
3091.0,20144.0,8414694.961536001,2.8258365940165695
3083.0,20144.0,8034399.561343998,2.9703967116576253
3083.0,11599.0,5561338.289023999,1.981256503783164
3006.0,11599.0,5475506.187136,2.047571738622454
3006.0,13145.0,6296132.367744001,2.196655043304958
3006.0,22931.0,9612802.905216,3.3156636761953115
3006.0,22931.0,9843158.714496,3.1996107755165033
3006.0,22931.0,10043732.9664,3.0930465929820876
3006.0,22931.0,10462757.840383999,2.9441051007262797
3006.0,22931.0,10742365.084416,2.8757809090848707
3083.0,22931.0,11029969.0944,2.7621048209145327
3083.0,22931.0,11524275.604224,2.6269478718274666
3083.0,22931.0,11764625.513600001,2.540376532102823
3083.0,22931.0,11777828.5856,2.520464089117786
3006.0,22931.0,11813002.976,2.5188810000177915
3003.0,22931.0,11862199.498496002,2.5158037034850875
2952.0,22931.0,11908658.395263998,2.5084880079457523
2952.0,22931.0,11929414.154624002,2.503756662328231
2910.0,22931.0,11963968.265599998,2.4987908140801074
2827.0,22931.0,11991889.449855998,2.4958217710294486
2827.0,22931.0,11992718.706304,2.495727665689271
2798.0,22931.0,12015350.134143997,2.49544488079246
2798.0,22931.0,12013126.978816003,2.495613292123073
2827.0,22931.0,12002085.753600003,2.4955674982057223
2827.0,22931.0,12005655.603456002,2.4957261208009145
2827.0,22931.0,12016509.389055999,2.4967945166848966
2827.0,22931.0,12027434.6496,2.4989350073133543
2827.0,22931.0,12022131.083776,2.515055509441658
2798.0,22931.0,11929257.129599998,2.569415168760893
2798.0,22931.0,11914150.8384,2.587439145448673
2798.0,22931.0,11910687.668096,2.601749064342303
2798.0,22931.0,11861912.923263995,2.640934912408702
2798.0,22931.0,11868885.255296,2.644184114365472
2780.0,22931.0,11644869.922816,2.7356267169745077
2780.0,22931.0,11296930.633216001,2.85588954614435
2780.0,22931.0,11276496.918015998,2.879663186119727
2776.0,22931.0,10796070.966400001,3.031898979019204
2772.0,22931.0,10811000.375296004,3.0317974726408656
2760.0,22931.0,10393612.441599997,3.1868172115886235
2728.0,22931.0,10298317.3984,3.2585977513856705
2727.0,22931.0,10310900.711296,3.2590034759484423
2727.0,22931.0,10524517.538944002,3.152432933548987
2727.0,22931.0,10514256.649344,3.168475784013029
2728.0,22931.0,10495650.921600003,3.1689667369061656
2727.0,22931.0,10512965.061375998,3.1841108276793144
2706.0,22931.0,10486530.651136,3.2206024614959787
2706.0,22931.0,10494770.354303999,3.2184723172395584
2658.0,22931.0,10310762.2656,3.3232631653009053
2658.0,22931.0,10326358.355456,3.31901936228046
2658.0,22931.0,10318140.214784002,3.3219029727707774
2636.0,22931.0,10284661.671936,3.362887316158607
2610.0,22931.0,10292644.1984,3.3623943508238647
2610.0,22931.0,10275196.678400004,3.366522902848292
2610.0,22931.0,10250841.174400004,3.3729141839036174
2610.0,22931.0,10226873.050496,3.404036629116488
2610.0,22931.0,10216882.123264,3.406283990133155
2610.0,22931.0,10201413.361024,3.410488054743136
2610.0,22931.0,10203474.891264003,3.4102624082815716
2636.0,22931.0,10348078.830464,3.3192859603046942
2658.0,22931.0,10582428.393856,3.1993661843447736
2658.0,22931.0,10575051.147136,3.2006864579287035
2658.0,22931.0,10581104.5184,3.2039014297105446
2658.0,22931.0,10575488.929024,3.2046696351813617
2679.0,22931.0,10674056.232576,3.13492388047816
2706.0,22931.0,10651582.329984002,3.135993218976371
2727.0,22931.0,10622109.240576003,3.1379331754921505
2728.0,22931.0,10603656.567936003,3.138122949584714
2760.0,22931.0,10569644.439424,3.1369828190366023
2772.0,22931.0,10561406.715776,3.1318112680598156
2776.0,22931.0,10543423.579136,3.1314258740185386
2780.0,22931.0,10534331.388416,3.1307241840090985
2780.0,22931.0,10529568.682495998,3.127942858740034
2789.0,22931.0,10521939.117824003,3.1260096448688506
2798.0,22931.0,10509387.131264,3.120021862870063
2835.0,22931.0,10483696.386944002,3.1182819191269564
2845.0,22931.0,10771803.359104002,2.993060000678717
2910.0,22931.0,11400587.756416,2.8288193789500933
2845.0,22931.0,11409504.436864,2.830196341761717
2845.0,22931.0,11406022.117503999,2.829759051527104
2910.0,22931.0,11385864.787456002,2.8312255314603467
2845.0,22931.0,11392188.774400003,2.8312245983085584
2835.0,22931.0,11404883.671296002,2.8309002308204008
2835.0,22931.0,11410459.271295998,2.8304052417525045
2835.0,22931.0,11416646.232064001,2.829498512128214
2827.0,22931.0,11432477.209600002,2.828448014726717
2798.0,22931.0,11446331.288064001,2.8419957663579156
2798.0,22931.0,11440456.250496,2.843066574895117
2789.0,22931.0,11464231.8336,2.8404724323540336
2789.0,22931.0,11476186.160255998,2.838633422951605
2772.0,22931.0,11504480.062976,2.837260372214043
2760.0,22931.0,11533725.294335997,2.8377090937937988
2728.0,22931.0,11558905.5616,2.835876294808362
2722.0,22931.0,11565252.080896001,2.8552586140660456
2706.0,22931.0,11556368.147455998,2.8827504029189024
2679.0,22931.0,10926092.041215999,3.0511231718853913
2658.0,22931.0,10293281.125375997,3.23957124041254
2636.0,22931.0,10272581.731584001,3.271455121887144
2636.0,22931.0,10251506.449664,3.2764286795171
2658.0,22931.0,10225058.839423995,3.280763941536295
2679.0,22931.0,10898500.486399997,3.085575926950317
2679.0,22931.0,10898027.805823999,3.0856019444630745
2679.0,22931.0,10884102.330496,3.087825190578807
2679.0,22931.0,10887631.5936,3.0886534878677527
2663.0,22931.0,10899938.770944003,3.090857224657086
2663.0,22931.0,10892930.086400004,3.0923703405435776
2663.0,22931.0,10899577.070336001,3.0910855840851053
2658.0,22931.0,10909589.517056,3.0900411579509917
2658.0,22931.0,10928846.178304,3.0871128627946796
2658.0,22931.0,10949730.648064,3.0582727352332606
2584.0,22931.0,10978145.444096,3.053477121881971
2559.0,22931.0,11004822.978815999,3.0505676622575133
2559.0,22931.0,10997561.990399998,3.052192444990806
2515.0,22931.0,10994015.110400002,3.075359426966853
2515.0,22931.0,10974079.588864,3.080884042978317
2546.0,22931.0,10958294.377343997,3.0837551126970912
2515.0,22931.0,10969445.750399997,3.0840888825140915
2546.0,22931.0,10960026.7936,3.0853999240337155
2515.0,22931.0,10980606.760575997,3.0841283385317415
2513.0,22931.0,11024265.289983999,3.0809355832680083
2513.0,22931.0,11032945.337600002,3.078313648436813
2491.0,22931.0,11024381.417216001,3.106116180030334
2491.0,22931.0,11018478.869504,3.107867545871372
2491.0,22931.0,10995438.580096003,3.113477554186556
2491.0,22931.0,10995737.030016,3.1134002679808543
2490.0,22931.0,11027772.258176,3.117630029943044
2490.0,22931.0,11030682.437376,3.1167348952408607
2490.0,22931.0,11027019.090943998,3.1178461400071287
2490.0,22819.0,11017483.8976,3.1208793551201177
2490.0,22819.0,11016897.647104,3.121047265538166
2482.0,22819.0,10116376.006400002,3.332845957218806
2475.0,11682.0,6706333.375743999,2.333584507322092
2453.0,11682.0,6445758.2464,2.4454509742994546
2432.0,11682.0,6206336.841983999,2.5613757488062068
2414.0,11682.0,5702850.473344001,2.7003791066271208
2414.0,11682.0,5311972.288,2.749544066395782
2414.0,11682.0,4911344.5696,2.914644668837913
2403.0,11682.0,4269698.238976,3.057475394851715
2403.0,11682.0,3965721.4280960006,3.181002279889025
2403.0,11682.0,3903142.6376960003,3.269399293724922
2403.0,11682.0,3908947.611776001,3.265154856335199
2403.0,11682.0,3908463.704575999,3.265571400257223
2403.0,11682.0,3907954.7752960008,3.266066740672575
2414.0,12432.0,4822624.691455999,3.214811704755534
2414.0,12432.0,4814767.606783999,3.218671365079527
2414.0,12432.0,4816588.699903999,3.2177138108723495
2403.0,12432.0,4818917.356416,3.2175302167798567
2403.0,12432.0,4820906.502399999,3.217080075986934
2392.0,12432.0,4823996.7424,3.217850386735899
2392.0,12432.0,4823654.6944,3.220098124726525
2392.0,12432.0,4823628.649984,3.218944315073985
2392.0,12432.0,4823741.046399999,3.219189018032972
2392.0,12432.0,4823727.315583999,3.2191155519594434
2392.0,12432.0,4824703.374464,3.2243164070945407
2361.0,12432.0,4833976.255743999,3.223247120247139
2338.0,12432.0,4837965.599999999,3.2343869137475614
2334.0,12432.0,4842520.799999999,3.240091685385398
2331.0,12432.0,4847078.031103999,3.2419063506516586
2331.0,12432.0,4847035.356415999,3.2424066211298546
2321.0,12432.0,4854088.294400002,3.2424013659653355
2321.0,12432.0,4859897.094655999,3.2447304806077786
2321.0,12432.0,4859426.273536002,3.247782682347784
2321.0,12432.0,4962801.504256003,3.134762299406013
2321.0,18716.0,7264836.132864001,3.637345437802884
2331.0,18716.0,7761222.2976,3.405202053992741
2334.0,18716.0,7745528.475136001,3.4073055461028616
2334.0,18716.0,7745661.7535999995,3.3923447808839797
2334.0,18716.0,7492294.978943999,3.5493085945702703
2334.0,18716.0,8209678.5183999995,3.3078618496958647
2334.0,18716.0,8333140.861696001,3.2225929818029484
2334.0,18716.0,8333488.324864,3.2224633209689637
2334.0,18716.0,8335247.062144001,3.2221061903957664
2334.0,18716.0,8331140.788096001,3.223326383956453
2392.0,18716.0,8316905.362303999,3.225177955106677
2403.0,18716.0,8298099.4144,3.22915485084172
2414.0,18716.0,8279084.209023999,3.233461575030509
2432.0,18716.0,8272448.297600001,3.2341091367742494
2453.0,18716.0,8270078.356223999,3.234330328011248
2432.0,18716.0,8275133.136256002,3.2336350982884796
2414.0,18716.0,8276668.121344,3.233559583284543
2406.0,18716.0,8280282.6304,3.2336098651051874
2406.0,18716.0,8285697.161984001,3.2326313099386734
2406.0,18716.0,8285291.523583999,3.2326861331874968
2403.0,18716.0,8291384.495615999,3.2316479205261253
2397.0,18716.0,8127373.295104,3.3433248613161504
2397.0,18716.0,7835762.003455999,3.508976673676306
2334.0,18716.0,7845195.828223999,3.5067313946696874
2334.0,18716.0,8303716.217599999,3.3010216384779243
2334.0,18716.0,8308035.7984,3.3007445820130923
2331.0,18716.0,8184980.936576,3.397444053548389
2321.0,18716.0,8200322.593535998,3.399601235059294
2318.0,18716.0,8209262.021375999,3.4052694007041304
2318.0,18716.0,8215502.759935999,3.4099737489576727
2318.0,18716.0,8212685.967103999,3.4252709688026677
2306.0,18716.0,8214260.998399999,3.4377369054599187
2306.0,18716.0,8214492.431616,3.4431265395750175
2306.0,18716.0,8219022.854399999,3.447543963039095
2306.0,18716.0,8219792.637184001,3.4562893457357187
2306.0,18716.0,8220900.320255999,3.4630483204995866
2306.0,18716.0,8214567.096576,3.478514100501984
2306.0,18716.0,8208954.356736,3.489046698406073
2306.0,18716.0,7808709.877504,3.69464524880909
2306.0,18716.0,7023222.262143998,4.0116786642476585
2306.0,18716.0,7025250.6016,4.013165633035926
2306.0,18716.0,7025502.697984001,4.018331780879977
2306.0,18716.0,7028581.988224002,4.023572937915611
2306.0,18716.0,7028869.842816001,4.023880267609525
2306.0,18716.0,7028469.6864,4.023749987102019
2306.0,19736.0,9628010.823424002,3.9560708455574765
2318.0,19736.0,9624247.707136,3.9557807567470613
2319.0,19736.0,9621575.958015999,3.9556657025214363
2321.0,19736.0,10778048.725504002,3.6432300835637257
2325.0,19736.0,11625282.094464,3.398708895229769
2331.0,19736.0,12774950.954495998,3.172454658682097
2334.0,19736.0,12798632.078975996,3.1422565009961945
2334.0,19736.0,12802952.306944001,3.1416053274695797
2334.0,19736.0,12816992.953855997,3.1390577159155173
2334.0,19797.0,12837632.192,3.1350376632410617
2334.0,19832.0,12861106.356736,3.1305842963085504
2334.0,19861.0,12885294.872704,3.1259715609444485
2334.0,19861.0,12889063.716735998,3.1254665052992356
2331.0,19861.0,12909331.544704003,3.1226548205740667
2325.0,19861.0,12927822.514816,3.1204709436131495
2319.0,19861.0,12953621.9296,3.1175398821115206
2306.0,19861.0,12988323.027583998,3.1152824801225645
2287.0,20140.0,12284695.831935996,3.300667038822637
2265.0,20201.0,12327922.166144002,3.292887769580939
2259.0,20357.0,12376851.538944,3.2834813159958975
2258.0,20357.0,12424924.046336,3.276140130089959
2254.0,20473.0,12475821.697536001,3.265572009521591
2254.0,20514.0,12524505.267455999,3.2545760049288144
2254.0,20514.0,12566559.462143999,3.2450337133729326
2238.0,20514.0,12609814.353664,3.236187801594543
2238.0,20560.0,12653778.029824,3.225683383923489
2228.0,20565.0,12659726.814975997,3.252083761350431
2228.0,20661.0,12701763.250815999,3.2413869961767445
2228.0,20681.0,12747495.784576004,3.2302592875716005
2228.0,20701.0,12799727.729535997,3.21883731610915
2228.0,20785.0,12855470.973824002,3.2066056836120786
2228.0,20785.0,12905280.161664,3.1957452548283163
2225.0,20785.0,12960649.209216004,3.186284971006427
2183.0,20807.0,13019207.316224003,3.175331275345129
2171.0,20840.0,13080190.620416,3.164980598692453
2171.0,20840.0,13130908.957695998,3.154734892074636
2171.0,20840.0,13167125.9264,3.146039805939055
2171.0,20896.0,13209139.023104005,3.135814656142955
2171.0,20896.0,13262432.856704,3.1248689795839706
2171.0,20897.0,13309953.7376,3.114344439321237
2132.0,20897.0,13366454.497664,3.1047672370455435
2132.0,20897.0,13410289.753599996,3.0963658530930425
2132.0,20897.0,13454269.319295999,3.0870177125335214
2132.0,20897.0,13493243.721344,3.078629555540865
2132.0,20897.0,13535799.377023997,3.0698703957200966
2132.0,20897.0,13575685.991936,3.0618441764148665
2132.0,20928.0,13622618.906623999,3.052509758332367
2132.0,20934.0,13668924.125696,3.0433651699288515
2132.0,20934.0,13711259.903743997,3.035637591602163
2132.0,20986.0,13762609.437824002,3.0262162395385466
2132.0,20986.0,13808086.392703999,3.017613223599657
2132.0,20986.0,13859575.568000004,3.0097410934207964
2129.0,20986.0,13770160.849023998,3.0690009345235096
2128.0,20986.0,13826960.853504,3.0646262434716447
2118.0,20986.0,13877913.425664,3.0577756905322784
2110.0,20986.0,13866266.125056002,3.090466904311074
2084.0,21009.0,13920295.865344,3.0881465223128894
2084.0,21009.0,13966825.263103997,3.080701822224376
2084.0,21019.0,14013689.1776,3.0734072151633947
2084.0,21019.0,14055808.742656,3.066609491161442
2079.0,21019.0,13100458.391296003,3.2624994949212187
2017.0,21019.0,13143578.101504,3.2578744343233317
2017.0,21019.0,13186738.164736003,3.25144904778368
2004.0,21019.0,13232530.487296002,3.246557589483352
1915.0,21019.0,13275168.710144,3.242218097176583
1895.0,21019.0,13317372.950144002,3.239069321349062
1861.0,21019.0,13355147.289599998,3.2423343438164762
1848.0,21019.0,13392780.058624001,3.2458452559311306
1817.0,21019.0,13430911.876096003,3.247426558926681
1656.0,21019.0,13467533.394176,3.250472388215898
1638.0,21019.0,13502794.823935999,3.2518854836053714
1595.0,21019.0,13538359.441024,3.2487587534102307
1500.0,21019.0,13572627.867775999,3.247230764211627
1483.0,21019.0,13608801.796736002,3.2460562940091786
1440.0,21019.0,13642976.590464003,3.2454816537897813
1301.0,21019.0,13671411.657600002,3.2521303516276734
1293.0,21019.0,13702786.138496002,3.251109897691616
1258.0,21019.0,13737220.729216,3.2502383845742804
1229.0,21019.0,13759617.887999998,3.258123400340264
950.0,21019.0,13627264.327424,3.3323875809800123
889.0,21019.0,11065956.403456002,3.446513327656706
792.0,21019.0,10415103.257344,3.6722758638059703
733.0,21019.0,10433487.224704001,3.6816048282364378
700.0,21019.0,10416315.484543998,3.7165570796052587
658.0,21019.0,10431300.915584,3.727571392650301
617.0,21019.0,9497430.590336002,4.035137806668024
576.0,21019.0,9273492.648064,4.190025364834242
530.0,21019.0,9290882.566784,4.188720217113189
525.0,21019.0,9303718.841984002,4.193494322121911
429.0,21019.0,9318965.174143998,4.196437497335569
409.0,21019.0,9325147.544575999,4.211209089795607
398.0,21019.0,9328658.055424001,4.226205314863833
389.0,21019.0,9334127.137024,4.240328791106421
380.0,21019.0,9339381.750784002,4.254353303839044
380.0,21019.0,9341548.925696002,4.26796570411504
380.0,21019.0,9347930.489599999,4.276760915529273
378.0,21019.0,9355071.086335998,4.288191349571202
347.0,21019.0,9360521.891584001,4.30031880511578
343.0,21019.0,9369396.857344,4.307839388826315
319.0,21019.0,9376929.654783998,4.318811741255335
318.0,21019.0,9387238.217216,4.326073001210782
310.0,21019.0,9394823.321600001,4.3365808199958975
305.0,21019.0,9397788.242944,4.352257196452666
283.0,21019.0,9408142.998016002,4.35805739773267
283.0,21019.0,8698026.969856001,4.725483249828688
283.0,21019.0,8698236.166399999,4.740355791632863
281.0,21019.0,8705301.6864,4.745430981356015
276.0,21019.0,8711698.755455999,4.753033375823656
276.0,21019.0,8713155.305856,4.766223925468163
274.0,21019.0,8712882.6336,4.782986552254015
270.0,21019.0,8708033.056383999,4.804166801963634
270.0,21019.0,8704696.6976,4.8223630063841
261.0,21019.0,8690342.522624,4.8536243265421515
261.0,21019.0,8683642.273023997,4.875328570749529
261.0,21019.0,8673658.713599999,4.901131497295851
261.0,21019.0,8660728.713216001,4.92947693753917
258.0,21019.0,8646339.092095999,4.960572891969626
258.0,21019.0,8617765.929599999,5.005012804680655
258.0,21019.0,8593885.302144,5.044729723611115
258.0,21019.0,8582799.083135998,5.069459453927432
258.0,21019.0,8569541.702016002,5.096745455751072
256.0,21019.0,8553661.830400001,5.129652656293207
256.0,21019.0,8544198.072064,5.154179401428272
251.0,21019.0,8527408.096,5.188248614797924
250.0,21019.0,8512599.766015999,5.219806247340187
245.0,15378.0,5249351.339776001,5.575920130482458
243.0,15378.0,5225433.877504,5.636447888524932
242.0,15378.0,5202827.301376,5.694619094656923
242.0,15378.0,3511417.6887039994,6.764435179955678
235.0,15378.0,2152902.928,8.766607939134845
234.0,5563.0,358141.751424,5.828980101307334
232.0,1790.0,138147.611776,2.410003675753116
229.0,1790.0,121442.371584,2.4543966748865045
222.0,1790.0,111391.176704,2.573975916418874
222.0,1790.0,104060.43161600002,2.719520621656454
222.0,1790.0,97195.29958400002,2.881061567732838
217.0,1790.0,90660.092416,3.060438466470654
217.0,1524.0,71301.845376,2.967610857045017
216.0,1524.0,59715.721344000005,3.047912456547462
216.0,1369.0,45971.396735999995,2.8550371974311117
216.0,1230.0,35094.336384,2.510287726955542
216.0,879.0,26499.482496,1.9408296642361158
216.0,818.0,22657.389824,1.793676418374962
216.0,721.0,19416.456575999997,1.6093669248513796
214.0,721.0,17554.583424,1.580664928531633
207.0,629.0,15178.098816000002,1.3850100978377922
207.0,629.0,14032.530816000002,1.3762912545927655
207.0,629.0,13107.554176000003,1.3913734422810187
206.0,629.0,11730.676864000001,1.2739820403104605
206.0,459.0,9978.922496,0.891585780131318
204.0,454.0,9242.003455999999,0.8314602337917562
200.0,413.0,8581.547904,0.7491001092595375
195.0,413.0,8276.191104,0.7655190117935115
194.0,413.0,8031.2418560000015,0.7908055914919786
194.0,413.0,7815.4176,0.82445503616571
194.0,413.0,7749.698816000001,0.8519514789805479
194.0,413.0,7532.816,0.8721478877616011
194.0,413.0,7302.8895999999995,0.8685765667860329
194.0,413.0,7262.371584,0.8928963627187013
193.0,413.0,7258.418304000001,0.9124413833047461
193.0,413.0,7181.5264,0.929314503099357
193.0,413.0,7123.110784000001,0.9398455591955318
193.0,413.0,7121.195903999999,0.9345910621124317
193.0,413.0,7201.933184,0.9029673759674258
194.0,413.0,7206.006016000002,0.8893111614669551
194.0,413.0,7234.840576,0.8744388863696003
194.0,703.0,9614.9536,1.9551318673589948
194.0,703.0,9710.845696,1.9107993777219014
194.0,703.0,10311.315456,1.8512846966125376
194.0,703.0,11128.593664,1.806895356329723
194.0,703.0,11210.593023999998,1.7827714657510283
195.0,703.0,11701.569663999997,1.7093927451765498
200.0,703.0,11770.155136000001,1.6655937012042854
200.0,703.0,12494.627456,1.629317784350053
204.0,703.0,13733.835136,1.6683928791373541
206.0,703.0,14898.886400000003,1.6535495994603635
206.0,703.0,14944.653056,1.6202250804613254
206.0,703.0,14837.634816,1.6299590830566517
211.0,703.0,14710.6304,1.6301056065101165
214.0,703.0,14658.996095999999,1.6291773124057387
214.0,703.0,14576.182399999998,1.633726723779469
214.0,703.0,14437.839999999998,1.6583861521445296
214.0,703.0,14272.345216,1.686359338456479
214.0,684.0,14052.578944,1.7224919077020646
214.0,684.0,13934.614400000002,1.7380111715379045
214.0,684.0,13859.6576,1.740439492404105
214.0,684.0,13840.870784000002,1.739249307706896
214.0,684.0,13728.543104,1.7568386085391883
216.0,680.0,13541.926016,1.784223585323816
216.0,680.0,13477.430400000001,1.7880133397812823
217.0,680.0,13518.513023999998,1.7494452739753403
219.0,680.0,13481.877375999999,1.742469102074575
221.0,680.0,13414.130944,1.734780620507991
221.0,680.0,13439.618304,1.7317117595402218
221.0,680.0,13460.272895999999,1.7287883700701137
219.0,680.0,13509.786624000002,1.7303121220386128
219.0,680.0,13593.670399999997,1.7188006031935206
217.0,680.0,13619.422464,1.7236825725237381
219.0,680.0,13685.721343999998,1.6826959713250824
217.0,680.0,13710.123904,1.6843259978375602
216.0,680.0,13717.437824,1.6869102775528027
215.0,680.0,13787.755903999998,1.6912713272250752
216.0,680.0,13734.254335999996,1.6926227350611425
215.0,680.0,13717.412096,1.7273214286471332
215.0,680.0,13715.974400000001,1.7275087170680299
215.0,680.0,13708.818943999999,1.7278538394517977
215.0,680.0,13626.959744000002,1.7337764689383777
215.0,672.0,13449.367424,1.7612454317033694
216.0,672.0,13346.7104,1.7578262395540964
217.0,672.0,13223.232896,1.7687957091849371
217.0,672.0,13117.745536,1.7914491259388277
217.0,672.0,12962.930304,1.8079227126337383
219.0,672.0,12973.458304000002,1.7820940715163118
219.0,672.0,12991.599616,1.7760178622297078
221.0,672.0,13144.188416,1.7232626979164196
222.0,672.0,13119.539455999997,1.709207322259981
222.0,672.0,13294.770175999995,1.6821916380522526
222.0,672.0,13296.871424,1.6751844233601814
222.0,672.0,13530.5536,1.6202803413460347
222.0,672.0,13188.308223999997,1.6537385119485706
222.0,672.0,13823.921664,1.6661023681968712
223.0,672.0,13981.238784,1.6165836533542242
223.0,672.0,14104.448256,1.5845214687527411
223.0,672.0,14153.669376,1.5655746233862047
224.0,672.0,14114.814336000001,1.546669646128099
233.0,672.0,14034.221824,1.5496730079497298
233.0,672.0,13962.050304000002,1.553614035522148
233.0,672.0,13909.351936000001,1.5602355264849446
233.0,672.0,14022.9504,1.5393973671553325
234.0,672.0,13987.419904,1.5373645645917386
233.0,672.0,13969.638399999998,1.5648918235285212
224.0,672.0,13980.815103999998,1.5753830987134056
233.0,672.0,13971.321216,1.5738431460103708
233.0,672.0,13976.137216000001,1.5717973189848198
233.0,672.0,13947.526144000003,1.5706636820974587
229.0,672.0,14053.858816,1.5678850930625925
224.0,672.0,14055.842304000002,1.593742369412126
223.0,672.0,14098.927616,1.599888126502372
223.0,672.0,14093.302399999999,1.6294359137878769
223.0,672.0,14080.514943999999,1.635677979266971
223.0,672.0,13996.234623999999,1.6694529844850376
223.0,672.0,14013.2256,1.6544057355472976
223.0,672.0,13935.942015999997,1.671087151736889
223.0,672.0,13807.532416000002,1.7114856651037842
223.0,672.0,13488.505216000003,1.7590119652492366
221.0,672.0,13179.481984000002,1.829539809516944
223.0,672.0,13154.016256,1.8251388047328703
221.0,672.0,13206.082816,1.8331208048068384
222.0,672.0,13156.105856000002,1.8350878250539715
222.0,672.0,13209.056,1.8276747069279982
222.0,672.0,13134.934656000001,1.836267557832023
222.0,672.0,13139.628416,1.835016714139278
222.0,672.0,13206.288000000002,1.8200984657044916
222.0,672.0,13182.009983999997,1.8256631788301023
222.0,672.0,13271.295616000003,1.8060671417887642
223.0,670.0,13111.526015999994,1.8156305905788956
223.0,670.0,12948.407424,1.8329429701177922
224.0,670.0,12816.969599999999,1.843515860182567
229.0,670.0,12695.850624,1.847167079968743
229.0,670.0,12701.584000000003,1.8504876922789726
229.0,670.0,12798.464,1.803406543974611
232.0,670.0,12759.031936000003,1.8035734025892556
232.0,670.0,12761.666175999997,1.8089164249433594
232.0,670.0,12754.176895999999,1.8087506622008154
232.0,670.0,12802.296704000002,1.8054499748924948
229.0,670.0,12810.147584,1.8302954506401823
229.0,670.0,12852.201599999999,1.8301697496710951
224.0,670.0,12887.5936,1.8357987721335225
223.0,670.0,12900.989056000002,1.848240576109818
223.0,670.0,12878.219904,1.8484352933577164
223.0,670.0,12843.599999999997,1.8513047633656252
223.0,670.0,12860.7136,1.8544162013177585
223.0,670.0,12891.658623999996,1.8538279320178463
223.0,670.0,12951.024000000003,1.8389515808899737
222.0,670.0,13066.725504,1.837007910769902
222.0,670.0,13173.096064000003,1.820197062021433
222.0,670.0,13131.462016000001,1.8287473298371217
222.0,670.0,13082.032,1.8365292147997305
223.0,670.0,12986.156416000002,1.8468823081804895
223.0,670.0,12915.496063999999,1.8458434629093197
224.0,670.0,12904.764544000001,1.844298448093464
224.0,670.0,12941.971584,1.8201228985249895
224.0,670.0,12991.990016,1.8016733091615107
224.0,670.0,12984.663296000002,1.7852605820422567
229.0,670.0,12947.706623999997,1.7712760785486383
229.0,670.0,12951.001344,1.7747721245239352
229.0,670.0,12963.474944000001,1.767360437865413
229.0,670.0,12961.462399999999,1.7672254270085566
229.0,670.0,12938.971904,1.7842878338284573
229.0,670.0,12974.362624000001,1.7606811859556635
229.0,670.0,13028.875776,1.7385525681880687
229.0,538.0,10885.077504,1.4258132107452264
224.0,538.0,10855.778304,1.453788463651778
224.0,538.0,10392.340096000002,1.504339302309255
224.0,538.0,9736.550016000001,1.5399206309357092
223.0,538.0,9769.456896,1.5635329280480248
223.0,538.0,9484.418176,1.597967791105738
223.0,538.0,9412.560000000001,1.6345663860127453
222.0,538.0,8804.932224,1.6678573137599093
218.0,521.0,7634.822399999998,1.4083139891203857
218.0,487.0,6479.811584000001,1.0308906414138213
218.0,487.0,6399.657984,1.0648361317179358
218.0,487.0,6459.044863999999,1.054779808273825
217.0,487.0,6466.742399999999,1.0739694696372266
218.0,487.0,6475.0304,1.057731804904714
218.0,487.0,6648.5184,1.015278646922264
222.0,487.0,6700.438144,0.9761807682669728
223.0,487.0,6961.216896000001,0.9497909322590671
223.0,487.0,6975.560064000002,0.9245295903290713
224.0,487.0,6966.537599999999,0.9070757511065836
224.0,487.0,6965.686400000001,0.9058279291455905
224.0,487.0,6975.215744,0.9083094133623766
224.0,487.0,6970.0279040000005,0.9083216404584875
224.0,487.0,6979.4016,0.912439353779651
229.0,487.0,6987.210624000001,0.8940927567034967
229.0,487.0,6889.391999999999,0.9110757439866038
229.0,487.0,6983.352704,0.8845904882452429
229.0,487.0,7629.208704,0.9905192568531241
229.0,487.0,7599.939584,0.9662896636160742
229.0,487.0,7545.757183999999,0.9712126230460671
229.0,487.0,8003.856384000001,0.9847596945919157
231.0,487.0,7959.268096000001,0.9633687555203176
232.0,487.0,8347.834624,0.9494384844125353
232.0,487.0,8242.358656,0.9826554229280685
232.0,487.0,8223.816063999999,0.9633682752803991
232.0,487.0,8220.985983999999,0.9624457941501908
232.0,487.0,8158.279936,0.966109577253491
234.0,487.0,8150.534400000001,0.9595696778547581
234.0,487.0,8024.582144,0.9724921187880318
235.0,487.0,8717.522944,1.0580671537307136
237.0,487.0,8827.741696,1.0137302257919154
238.0,487.0,8830.557056000001,0.9934396329293222
238.0,487.0,9204.651136000002,0.9667209407425068
238.0,487.0,9305.353984000001,0.9431836311696343
238.0,487.0,9395.433216000001,0.9092420410144589
240.0,487.0,9363.927935999998,0.8824582676611886
240.0,487.0,9387.6096,0.8654769482143617
240.0,487.0,9363.168896,0.8866169218885466
240.0,487.0,9365.349504000002,0.8860572905281702
240.0,487.0,9361.024895999999,0.8861996387538733
238.0,487.0,9402.903935999999,0.9019591485777948
238.0,487.0,9240.9376,0.9399885980103008
237.0,487.0,9318.818815999999,0.9486330611819007
235.0,487.0,9102.288896,0.9911974093041703
234.0,487.0,9127.064064,1.018185194787079
234.0,456.0,8277.865984,0.8400135258214878
234.0,456.0,8163.3212159999985,0.8762152285420698
232.0,456.0,8029.499904000002,0.9178481698637065
232.0,456.0,7994.5344000000005,0.9256203983243021
232.0,456.0,7956.4544000000005,0.951214313960654
232.0,456.0,7957.907456,0.952520792508776
232.0,456.0,8075.037056000001,0.9137081324325297
232.0,456.0,8064.830464000001,0.8880890202575631
234.0,456.0,7905.8496000000005,0.9044910500007247
234.0,456.0,7910.305024000001,0.8937013456866517
235.0,456.0,7963.887743999999,0.8570230988558082
237.0,456.0,7955.868415999999,0.847164963186393
238.0,456.0,7965.229824,0.831322052072347
237.0,456.0,7942.265344,0.8518416022944422
238.0,456.0,7938.305536000001,0.8461382823542085
238.0,456.0,7883.977599999999,0.8546262397269565
238.0,456.0,7943.484543999999,0.8449344888151215
238.0,456.0,7911.7584640000005,0.8410943126508177
240.0,456.0,7863.0304000000015,0.8334756105863375
240.0,456.0,7855.9456,0.8424275139025655
240.0,456.0,8423.8304,0.8843843485550532
238.0,456.0,8412.579584000001,0.9062245691770822
237.0,456.0,8369.494784,0.9344394357107141
237.0,456.0,8373.598464,0.9388728982123224
237.0,456.0,8345.282304000002,0.9572353399832415
237.0,456.0,8344.582015999998,0.957153417115639
237.0,456.0,8344.4384,0.9542917752865758
237.0,532.0,9450.925184000002,1.1729855397183209
238.0,532.0,9793.595904000002,1.1302927291199554
240.0,532.0,10206.279935999997,1.1146467934132611
241.0,610.0,11807.300864000003,1.364257061608054
245.0,607.0,11630.261503999998,1.3736196774833302
248.0,607.0,11439.990016,1.3928814326613002
248.0,607.0,11350.352255999998,1.3801645474330648
251.0,606.0,11138.258303999999,1.4158355967324128
248.0,606.0,11147.444096,1.4307187709308886
248.0,606.0,11207.772543999998,1.402820465769857
248.0,606.0,11230.095615999999,1.3858635253224634
248.0,606.0,11237.887744000003,1.3806239042338762
251.0,606.0,11548.831744000001,1.3247206922663688
251.0,606.0,11610.726400000001,1.316056979186131
252.0,606.0,12032.440064,1.2657425777307212
252.0,606.0,12053.257599999999,1.2419175277364347
253.0,606.0,12039.931264,1.2223682275952987
254.0,606.0,12015.978496,1.1945064428788927
254.0,606.0,12246.735615999996,1.1481614647902172
257.0,606.0,12168.006399999998,1.1377196869307369
258.0,606.0,12098.043136000002,1.1349340612494123
261.0,606.0,12074.611455999999,1.1127210213127863
265.0,606.0,12048.016383999999,1.0961767210801812
265.0,606.0,11998.905344,1.0919493975672898
266.0,606.0,11951.847424,1.0793386140685777
270.0,606.0,11879.041023999996,1.0647482440837202
270.0,605.0,12914.901504000001,1.2116152035978478
270.0,605.0,12903.593216,1.191596674081454
276.0,605.0,12686.758144000001,1.204417813362626
276.0,605.0,12770.511999999999,1.173217152377874
283.0,605.0,12861.682816,1.1341637833138267
286.0,605.0,12929.292415999997,1.0955159239330932
288.0,605.0,13889.968896000002,1.1153736151069884
290.0,605.0,14705.398784,1.1069268013622018
290.0,605.0,15195.742975999998,1.074064356879299
290.0,605.0,15449.702143999999,1.042954492387544
290.0,605.0,16243.179264,1.0274744362655637
290.0,605.0,16751.572864,0.9906602158584136
290.0,605.0,17734.48,0.9920162556255716
290.0,605.0,18494.858495999997,0.9682006651491527
298.0,605.0,19174.062336,0.9402976358668365
300.0,605.0,19803.089536000003,0.9061779590244331
300.0,605.0,20897.423999999995,0.9091810466279846
300.0,605.0,21427.024000000005,0.8786965570449887
303.0,605.0,21693.686655999998,0.8393992054645408
308.0,605.0,21657.369855999998,0.8121067423027741
308.0,605.0,21598.459136,0.8026352720909191
308.0,605.0,21472.622976,0.7992115969597384
309.0,605.0,21157.931904,0.798154053519586
311.0,605.0,20730.468863999995,0.8141582853897192
311.0,605.0,20643.752704000002,0.8103918610015669
315.0,605.0,20363.949824,0.8098561435723287
320.0,577.0,20077.4336,0.8089716429468907
324.0,577.0,19746.177664000003,0.8121660857157652
325.0,577.0,19653.114496,0.7933713791959275
328.0,574.0,19518.662783999996,0.7800993480978339
329.0,589.0,20373.770496,0.7956344888800552
330.0,695.0,22076.000000000004,0.8749121404053621
330.0,695.0,22185.242624,0.8558507184848314
330.0,695.0,22407.0336,0.8245930013739656
330.0,695.0,22823.320063999996,0.8038581802869497
334.0,695.0,23055.219584000006,0.7659294756638009
340.0,695.0,22994.356864,0.7454345144042459
340.0,695.0,22876.256896000006,0.7237621503557312
340.0,695.0,22629.606399999997,0.7269611812746097
340.0,695.0,22352.928895999994,0.7328254231617497
341.0,695.0,22112.806783999997,0.7231513560208235
341.0,695.0,22041.586816,0.7059165660939083
342.0,695.0,21976.815999999995,0.7003444959953711
342.0,695.0,21967.8304,0.6960095290390736
342.0,695.0,21828.160896,0.7097268197221921
346.0,695.0,21776.356735999998,0.700531781186799
347.0,695.0,21526.594944000004,0.6912881015410199
347.0,695.0,22938.998144,0.763912479693425
352.0,695.0,22993.162623999997,0.7400864550753893
352.0,695.0,22934.633984000004,0.758623330055496
358.0,695.0,23057.003264,0.7223148482751248
358.0,695.0,23004.552703999998,0.7006664661727932
363.0,695.0,22780.016383999995,0.698947050929907
365.0,695.0,22530.272,0.6977420956680311
366.0,695.0,22400.653056,0.6774330989006325
367.0,703.0,23805.769216,0.7299686164826608
367.0,703.0,24160.2944,0.7287895135963031
367.0,703.0,24274.769536000003,0.7071770587052163
369.0,703.0,24351.946624,0.6744758481197993
369.0,703.0,25541.547904,0.6985934123447562
369.0,703.0,25533.361024,0.694487409106968
370.0,703.0,25612.708096000002,0.6717816354152915
372.0,703.0,25590.617344,0.6571605901132612
376.0,703.0,25541.124095999996,0.639525511198395
377.0,703.0,25539.995904,0.6077455731585245
380.0,703.0,25501.2416,0.5913083201371481
380.0,703.0,25651.439103999994,0.5678276825932155
380.0,703.0,25247.670016,0.5795334054703388
380.0,703.0,25031.513343999995,0.596009773365367
380.0,703.0,24572.697856,0.6225199088221298
380.0,703.0,24490.083584,0.6281088999856808
380.0,701.0,23968.557696,0.665498678148886
380.0,701.0,23972.039424,0.6657166110446665
380.0,701.0,23435.702016000003,0.6956015623444648
385.0,701.0,23055.825664000004,0.7045119386062347
385.0,701.0,22971.789184000005,0.7003799692828879
385.0,701.0,22733.597824,0.7086983924614373
385.0,701.0,22639.3984,0.7152730355123323
385.0,701.0,22661.909504000003,0.7170739585520653
396.0,701.0,22754.751615999998,0.6817931985622738
403.0,701.0,22602.089599999996,0.6608140587670663
403.0,701.0,22511.093376,0.6630464569087416
404.0,701.0,22461.488256,0.6568957429171955
406.0,701.0,22241.287296000002,0.6470294807937917
406.0,701.0,22098.850176000004,0.6439033988187807
406.0,701.0,21990.344064000004,0.6510629121712568
406.0,701.0,21929.206016000004,0.6547539608896598
406.0,701.0,21507.982975999996,0.6848518637600484
406.0,634.0,20855.067264,0.7423853067561428
406.0,634.0,20653.016704,0.7578146637821903
406.0,634.0,20490.103936,0.7681138461415415
406.0,634.0,20481.390976000002,0.7689102158582853
404.0,663.0,20936.566656000003,0.7549491148288906
404.0,663.0,20718.996863999997,0.7727972141139193
404.0,663.0,20783.252736000002,0.7655702423570621
404.0,663.0,20739.382783999998,0.7699818956750102
406.0,663.0,20497.449344,0.7608289757330138
406.0,663.0,20108.294143999996,0.78532798588789
408.0,663.0,20383.248384000002,0.7600999981227893
408.0,663.0,20326.439296,0.760991983992685
408.0,663.0,20320.385663999998,0.7656523931389266
406.0,663.0,20408.1856,0.7877879334595819
406.0,663.0,19803.780735999997,0.8048197195845929
408.0,663.0,19747.419776,0.7831413738271092
411.0,663.0,19596.192896,0.7665551881665629
411.0,663.0,19625.238656000005,0.7668336374141868
411.0,663.0,19536.365695999997,0.7746366097354453
411.0,663.0,19311.152000000006,0.7964282612392143
411.0,663.0,19443.854975999995,0.7916270235430592
411.0,663.0,19815.159936,0.7542178020978606
411.0,663.0,19718.937215999995,0.7548459773907902
408.0,663.0,19889.550976,0.7670977605253323
406.0,663.0,20098.021503999997,0.7662276756574623
404.0,663.0,20197.968,0.7877478726359339
404.0,663.0,20220.400255999994,0.7876250979691646
404.0,663.0,20158.262400000003,0.7867544947061866
406.0,663.0,20214.409343999996,0.7590708442547806
406.0,663.0,20548.537599999992,0.7373384951557463
408.0,663.0,20758.998143999994,0.700013441148482
419.0,663.0,20656.084736,0.6743230682043554
422.0,663.0,21139.1264,0.6431082726760716
424.0,663.0,21220.632704,0.6082026607644112
424.0,663.0,21084.975616,0.5838571828548728
435.0,663.0,21286.038016,0.5498736336564262
439.0,663.0,21354.367744000003,0.5158655947348347
439.0,663.0,20899.414015999995,0.5322164961129352
435.0,663.0,20906.183424000003,0.5370372262425978
435.0,663.0,20810.275584,0.5305613568217488
435.0,663.0,20837.511936,0.5236738318466011
435.0,663.0,20837.2416,0.5263413549403448
435.0,663.0,20884.872064,0.5319053267489827
424.0,663.0,20730.724096,0.5654741334556691
424.0,663.0,20675.039999999997,0.5966345718841415
424.0,663.0,20864.538623999997,0.6164944055348522
422.0,663.0,21233.821824000002,0.616460293915027
419.0,663.0,21288.338816,0.6392120808493935
408.0,663.0,21185.753984000006,0.6697411990140503
406.0,663.0,20865.592064000004,0.7039377264906416
406.0,663.0,20558.972416,0.7364175174830659
404.0,663.0,20338.009599999998,0.7749507604183724
403.0,663.0,20098.614783999998,0.8141019067477409
396.0,663.0,19577.629183999998,0.8486517245726853
388.0,663.0,19374.6144,0.8854569031652825
388.0,663.0,19285.335295999997,0.9033679597425919
388.0,663.0,19437.716224,0.8797711146829705
396.0,663.0,19385.7664,0.8674095437878999
403.0,663.0,19312.498303999997,0.8458697439470224
404.0,663.0,19569.847296,0.8090871328003819
406.0,663.0,19536.766976,0.8030321634322953
408.0,663.0,19424.178175999998,0.7978826096244929
408.0,663.0,19398.690816000002,0.7935370813810727
407.0,663.0,19369.228416,0.8104767408400103
407.0,663.0,19393.385599999998,0.8136265366209485
407.0,663.0,19397.305984000002,0.8045343965460596
406.0,663.0,19353.859456000002,0.8328979058500591
404.0,663.0,18633.297536000002,0.8552708507904219
403.0,663.0,17298.713600000003,0.7981819272101699
403.0,663.0,17380.226304000003,0.8188727033136
391.0,663.0,17285.126399999994,0.8480560708105345
388.0,663.0,17092.694015999998,0.8887917824436973
384.0,663.0,16997.478400000004,0.9263489483452545
382.0,663.0,17074.639616,0.938594948038135
380.0,663.0,17269.426303999997,0.9443074810425431
380.0,663.0,17324.791424000003,0.9427966799473078
380.0,663.0,17414.440064000002,0.9391128559256056
380.0,663.0,17474.729343999996,0.9491798576576769
378.0,663.0,17555.785600000003,0.9594508823450586
378.0,663.0,17568.041343999997,0.9601137321740081
380.0,663.0,17560.325504,0.9529036815244692
378.0,663.0,17561.684096,0.9636437594479367
378.0,663.0,17554.8704,0.9599465247620337
378.0,663.0,17598.220415999996,0.9468110242963406
378.0,663.0,16258.893696,0.8841661144146765
378.0,663.0,16213.333376,0.8984480362227439
380.0,663.0,16210.491904000002,0.8842737877366253
380.0,663.0,15986.319616,0.9125037749341788
380.0,663.0,16028.865023999999,0.9039338254406181
382.0,663.0,16109.926399999998,0.8744114540803257
384.0,663.0,16104.978175999999,0.8653198363604053
384.0,663.0,16082.340224000003,0.8746652414696054
384.0,616.0,14621.057664,0.7070039843745931
384.0,616.0,14270.379136000001,0.6895832407649528
384.0,616.0,14457.506944,0.6865200420529962
384.0,616.0,14440.148096,0.687321476129886
384.0,530.0,13247.556735999997,0.5356678992726677
382.0,530.0,13281.886464,0.5460567527318713
382.0,530.0,13194.950656,0.5592889736385322
380.0,530.0,13181.2096,0.5743757574459656
380.0,530.0,13176.034816,0.575691974278057
380.0,530.0,12917.892096000001,0.59940991683351
380.0,530.0,12891.504896000002,0.6133251357691105
378.0,530.0,12744.145664,0.6500111994490609
378.0,530.0,12746.854656000001,0.6505345985131039
378.0,530.0,12544.864896000001,0.6712031256431452
378.0,530.0,12507.830399999999,0.669069557245334
380.0,572.0,13274.542335999999,0.7606384623170844
382.0,572.0,13490.799616,0.7232291747901725
384.0,572.0,13623.369983999999,0.6867855801311713
388.0,572.0,13777.053695999999,0.6532988272778828
384.0,572.0,13835.645055999998,0.6629673384148291
384.0,572.0,13939.6384,0.6663061151091548
388.0,572.0,13907.133696,0.6574815520000784
388.0,572.0,13802.057984000001,0.6651361369713231
388.0,572.0,13908.514816,0.6623482867652609
384.0,572.0,13652.166016,0.6942310950252771
382.0,572.0,13646.974336,0.7260715726246363
382.0,572.0,13598.285695999999,0.7213927757180111
379.0,572.0,13626.808063999999,0.7309926012937751
378.0,572.0,13695.677056,0.7510064646921477
378.0,572.0,13893.359615999998,0.7451972766047408
378.0,572.0,13837.932543999998,0.748706675122831
378.0,572.0,13738.395904,0.751446125201634
378.0,572.0,13752.7744,0.7253866170769185
379.0,572.0,13757.161983999997,0.7134346940593422
382.0,572.0,13973.750144000001,0.6771274576630799
384.0,572.0,14543.1904,0.6698750457002173
391.0,572.0,15055.064576,0.6780853467920303
394.0,557.0,15200.894336000003,0.708822416848997
396.0,557.0,15111.552384000002,0.690209502829469
401.0,557.0,15112.503936,0.6853487920297123
403.0,557.0,14935.163136,0.671871069301847
403.0,557.0,15001.429376000002,0.6631150328762573
403.0,557.0,15652.811136000004,0.6585080902593502
403.0,557.0,15075.292544000004,0.6545113480923799
403.0,557.0,14909.535616000001,0.6557103259343943
403.0,557.0,14941.742463999999,0.6454075279219725
404.0,557.0,15148.890496000002,0.6112836940244688
404.0,557.0,15131.784064,0.6190907356215511
403.0,557.0,15151.469184,0.6455232753294576
403.0,557.0,15112.595583999999,0.6657244466569254
403.0,557.0,15146.463616000003,0.6651446324844137
403.0,557.0,15000.267904,0.6629188917364638
404.0,557.0,14888.2464,0.6556310991543045
404.0,557.0,14788.210944000002,0.6603657406831659
404.0,528.0,14365.956864000002,0.7054024719554094
404.0,528.0,14410.258176,0.7063299199876597
404.0,528.0,14253.0944,0.7039419373914445
404.0,528.0,14066.459264000001,0.7099965183555272
407.0,528.0,14415.323264000002,0.6888400042714221
409.0,528.0,14398.728703999997,0.6592800669195765
409.0,528.0,14378.172415999998,0.6407365604325851
409.0,528.0,14299.293824,0.654604167229817
409.0,528.0,14691.976704000002,0.6963900112024065
409.0,528.0,14580.458495999997,0.6931292578346316
409.0,528.0,14446.192896000002,0.7261862911954031
409.0,528.0,14123.5264,0.7004031223429424
409.0,528.0,14638.093824,0.7459203163080433
409.0,528.0,14540.857344,0.7550169251076777
409.0,528.0,14135.600000000002,0.7640225950606347
409.0,528.0,13881.871616,0.7896257532061071
409.0,528.0,13861.872384,0.8015308735105847
409.0,528.0,14378.660736000002,0.7836710365818478
407.0,528.0,14408.534400000002,0.7909427894651156
404.0,528.0,14390.150784,0.8194042009694332
404.0,528.0,14532.393600000001,0.8263840843100972
404.0,528.0,14554.0896,0.8272469344249749
404.0,528.0,14435.193984000003,0.826962326347243
404.0,528.0,14257.405056000001,0.8273138946965317
407.0,528.0,14075.350399999998,0.8187942256317944
409.0,516.0,14085.282176,0.8234203821779633
409.0,509.0,13801.009536,0.8348534917779327
415.0,509.0,14198.660736000002,0.8015316766588934
418.0,509.0,14403.585663999995,0.772848783779791
418.0,509.0,14654.076544000001,0.7373729072758253
419.0,509.0,14521.6736,0.725015443147206
421.0,509.0,14619.651584000003,0.6879858785747875
421.0,509.0,14611.222399999997,0.6565831522600933
426.0,509.0,14592.4736,0.6339401811500771
426.0,509.0,14838.100735999999,0.6058653722778778
426.0,509.0,15063.675903999998,0.6038153256922213
426.0,509.0,15188.839424,0.5784483847942592
426.0,509.0,15242.101375999997,0.5684343115711655
426.0,509.0,15284.214400000003,0.568488604254893
427.0,509.0,15379.793024000002,0.5396932199486278
427.0,509.0,15361.387136,0.5322155853826362
433.0,509.0,15506.554496,0.5002790464415054
436.0,509.0,15930.253184000001,0.4790394795758924
436.0,509.0,16049.199616000002,0.4444790899937162
436.0,509.0,16108.976896000004,0.427554056772691
442.0,509.0,16037.136256,0.4061933226542113
442.0,509.0,16001.874944,0.40122197224396267
442.0,509.0,15964.159103999998,0.39891154822547786
444.0,509.0,15840.736896000004,0.37435517347398206
451.0,509.0,15937.871103999998,0.3414782425429365
451.0,536.0,16498.234624,0.3632180996460694
455.0,536.0,16755.673216000003,0.3445229315032339
464.0,536.0,16903.577856000004,0.3219575357144498
471.0,536.0,16919.579136,0.326327927572514
471.0,536.0,16647.689600000005,0.3188238514894496
476.0,536.0,16464.648576,0.302312145940835
476.0,536.0,16425.019264,0.27416980694041143
477.0,552.0,16890.894975999996,0.298043793112295
480.0,987.0,20983.584895999997,1.1264655807628012
485.0,987.0,23594.101376,1.2731124774448797
489.0,987.0,24246.191744,1.2247318456213365
489.0,987.0,24184.022399999998,1.2242998008047383
489.0,987.0,24231.632256,1.2282196675319634
489.0,987.0,24195.376256,1.2290784177488994
492.0,987.0,24129.607424,1.218638105641976
492.0,987.0,24428.623616,1.200107386719779
492.0,987.0,24515.561216000002,1.1976227182117125
492.0,987.0,24638.68953599999,1.171348203621309
489.0,987.0,24674.751743999994,1.1791443694641024
489.0,987.0,24631.050624000003,1.1764726668339238
489.0,987.0,24592.392576,1.1754988623471072
489.0,987.0,24592.618624,1.175634453159054
489.0,987.0,24694.109824000006,1.1604987002409823
489.0,1876.0,45167.713536,3.7600193793070646
489.0,1876.0,56856.57574399998,3.5960962034111543
492.0,1876.0,57610.44774399999,3.5066588354213
496.0,1876.0,57349.93958400001,3.5065987068279205
496.0,1876.0,57303.792,3.5075251351328163
508.0,1876.0,57094.315136,3.514153455969206
508.0,1876.0,57106.190464,3.513739543676839
509.0,1876.0,56954.40358400001,3.517395498114137
510.0,1876.0,56815.55353600001,3.510794830815177
513.0,1876.0,56435.547904000014,3.5315323851245743
513.0,1876.0,56151.80159999999,3.5471606556417563
516.0,1876.0,55776.60518400001,3.5686267062213433
517.0,1876.0,58234.560000000005,3.3891555019810276
517.0,1876.0,58665.764864,3.352931927410501
517.0,1876.0,59650.06694400001,3.2635492102467807
516.0,1876.0,59698.43097599999,3.2660960974851063
513.0,1876.0,59814.483456000016,3.2669110675245157
513.0,1876.0,59481.115904000006,3.288938611300153
516.0,1876.0,58941.322496,3.3118380231552846
516.0,1876.0,58786.837376,3.3184093865969557
516.0,1876.0,58366.726015999986,3.3459967179478496
516.0,1876.0,57931.008384000015,3.3823296494431485
516.0,1876.0,57707.86137599999,3.3944559605263893
517.0,1876.0,57168.59839999998,3.430556218496699
520.0,1876.0,56879.50425599999,3.4412250415219434
522.0,1876.0,59415.23622400001,3.2728108249865335
525.0,1876.0,65058.960256,3.0970097960286407
528.0,1824.0,67407.209344,2.9861112097305953
528.0,1824.0,66767.519744,3.0139599934710373
528.0,1824.0,66409.643904,3.033335973213641
529.0,1824.0,66333.6224,3.034226166976724
530.0,1824.0,72063.20806399999,2.8580186148496236
530.0,1824.0,78312.33958399999,2.701298380411755
530.0,1824.0,81462.23526399999,2.5870353788665135
530.0,1824.0,81420.89561600002,2.591660122336039
529.0,1824.0,81541.94777599999,2.6026728223740925
530.0,1824.0,81407.68934400003,2.603615901816331
529.0,1824.0,81745.27142400002,2.6029445670086333
529.0,1824.0,81819.635584,2.6022890483268952
529.0,1824.0,81788.3104,2.6011365815108194
528.0,1824.0,82139.39430399999,2.6079298631426995
528.0,1824.0,82448.15039999998,2.598129630434992
528.0,1824.0,83157.91040000001,2.5764747829898735
528.0,1824.0,83425.416576,2.569629208809367
525.0,1824.0,83965.31033599998,2.562185971191497
525.0,1824.0,83899.646336,2.563574152971166
528.0,1824.0,83509.00774399999,2.5539188004831432
528.0,1824.0,88259.14278399998,2.429601744798914
529.0,1824.0,94389.16159999998,2.330624519074328
530.0,1824.0,96053.19449599998,2.252348711481272
531.0,1824.0,96221.40185600001,2.2172583950429545
532.0,1824.0,95558.67622400001,2.2268295430793628
541.0,1824.0,95156.59545600001,2.231620971771128
546.0,1824.0,94718.784256,2.2177522006994503
546.0,1824.0,94420.93977600001,2.2218553081439825
546.0,1824.0,94030.62374399997,2.228057008959157
546.0,1824.0,96539.353344,2.1484984609346935
550.0,1824.0,100665.375744,2.0520324386369166
564.0,1824.0,104430.773504,1.963180457703687
567.0,1824.0,105127.48160000001,1.9154891514785677
567.0,1824.0,105558.347776,1.8945990448584296
567.0,1824.0,105533.31865599999,1.8908810243842138
569.0,1824.0,104967.312,1.8952612224581369
567.0,1824.0,105190.19097599998,1.897592539480754
564.0,1824.0,105688.13759999999,1.9047226932953014
564.0,1824.0,105886.16230399998,1.902805302709855
564.0,1824.0,106061.29638400002,1.9006208130667968
564.0,1824.0,106174.22169599998,1.898755063311772
564.0,1824.0,105951.40800000001,1.9016298440742163
564.0,1824.0,105969.64889600001,1.8988844530041016
567.0,1824.0,105301.667584,1.8966476722314467
569.0,1824.0,104538.81318399998,1.901997925784899
569.0,1816.0,103546.59481599998,1.9231199604569338
569.0,1816.0,102731.07839999998,1.9326063297246547
569.0,1816.0,102291.87622399999,1.939364713264625
573.0,1816.0,101856.7904,1.9418908068257155
575.0,1816.0,101690.74521600001,1.9317129957388075
575.0,1816.0,101686.218624,1.930943853310302
575.0,1816.0,101584.19097600001,1.931319974458157
575.0,1816.0,101611.54406400003,1.9344799845021625
575.0,1816.0,101713.624576,1.9217158213262333
575.0,1816.0,101720.87039999999,1.9128793360722112
580.0,1816.0,101405.002624,1.9066894731850803
580.0,1816.0,101377.653376,1.89644790261694
583.0,1816.0,101280.093056,1.8887744612723711
583.0,1816.0,101157.02361599998,1.8891535893723528
580.0,1816.0,101365.25273600001,1.8908058889055037
575.0,1816.0,101978.084736,1.8872355473204439
573.0,1816.0,102222.59199999999,1.886280005858591
573.0,1816.0,102247.20665600001,1.8862663981476344
569.0,1816.0,102604.83174400002,1.8863530927440015
567.0,1816.0,102815.5136,1.8856622167836854
567.0,1816.0,102619.380736,1.8880014458936556
564.0,1816.0,102832.99840000001,1.8885813458033522
562.0,1816.0,103101.11641600002,1.8949364346630875
562.0,1816.0,103080.44697599998,1.888982507993518
564.0,1816.0,102997.43040000004,1.887842621688292
567.0,1816.0,102783.12153600002,1.8840476380283835
569.0,1816.0,102294.38758400001,1.8814980259157539
575.0,1816.0,104047.96505600003,1.8171038734182017
583.0,1816.0,108636.961664,1.7411604486861514
583.0,1816.0,113018.06374399998,1.6698404746556517
583.0,1816.0,113862.89881599999,1.6407391475375803
583.0,1816.0,115057.1296,1.600268950437675
583.0,1816.0,115221.58399999999,1.5861541451300805
583.0,1816.0,115398.87270400001,1.5731511741135578
601.0,1816.0,116010.659456,1.5322729970753213
601.0,1816.0,115958.995584,1.5297604041810766
601.0,1816.0,115998.9536,1.5308063449041491
583.0,1816.0,116099.09158400001,1.5437962025336203
573.0,1816.0,114320.91366400002,1.6015603470051953
569.0,1816.0,113491.842304,1.647404341075639
567.0,1816.0,113626.84441599998,1.6643151524601905
569.0,1816.0,113260.166656,1.6664043915619182
569.0,1816.0,112898.88550399998,1.6702301924449243
573.0,1816.0,112312.15846400001,1.6736007063627394
574.0,1816.0,112127.688704,1.6722595026302158
583.0,1816.0,110950.36313600001,1.691085718237423
598.0,1816.0,110173.55494400002,1.700460616246134
598.0,1816.0,110303.34310399999,1.682414147502585
599.0,1816.0,110150.01958399998,1.6568325418938312
601.0,1816.0,115030.36313599999,1.5943070587961958
602.0,1816.0,117673.760256,1.5331046362845973
605.0,1816.0,117399.478784,1.5152218611118966
605.0,1816.0,117386.31833600003,1.502574504360818
605.0,1434.0,101911.04959999998,1.3031195177945596
605.0,1241.0,93679.081856,1.2594218425203119
605.0,1241.0,94140.170624,1.2441579385466832
605.0,1241.0,94846.19840000001,1.2075083175602892
608.0,1241.0,94903.31302400002,1.176102229170362
610.0,1241.0,95967.9776,1.1306949071926524
610.0,1241.0,95660.82265599997,1.1064458741398893
619.0,1241.0,95477.05753599998,1.0849579701657306
619.0,1241.0,95617.63225600001,1.0606234474016116
619.0,1241.0,95606.296576,1.033649960764721
619.0,1241.0,95503.296,1.0342329276678777
619.0,1241.0,95490.00857600001,1.034278357894194
619.0,1241.0,94657.52960000001,1.0766095924089816
619.0,1241.0,95294.87769600001,1.0909154742773273
610.0,1241.0,95428.01561600002,1.1150684330881864
610.0,1241.0,95133.63494399999,1.1164712152212826
610.0,1241.0,94602.868736,1.1203123552031953
619.0,1241.0,93974.47360000003,1.1217362178438357
610.0,1241.0,94002.0544,1.1222513750675143
619.0,1241.0,93542.24025600002,1.1193572319645175
619.0,1241.0,93071.52665600002,1.1186158114344031
619.0,1241.0,92422.325376,1.12721736143796
619.0,1241.0,91948.05286400001,1.1158609823312737
619.0,1241.0,92054.04902400002,1.114924707099623
637.0,1241.0,91887.464704,1.1128225934233609
637.0,1241.0,90396.431104,1.1570267754355699
637.0,1241.0,86147.33286399998,1.1859114609505685
619.0,1241.0,84256.461184,1.2362747579676165
637.0,1241.0,84099.14559999997,1.2305678622803868
649.0,1241.0,84646.5664,1.1890265271115947
651.0,1241.0,84324.5696,1.1827598075868064
651.0,1241.0,80063.774336,1.2069300833800436
651.0,1241.0,75391.15174399997,1.2212098839494607
651.0,1241.0,73319.707776,1.251153662009839
651.0,1241.0,73305.59360000001,1.2488001923029721
654.0,1241.0,73150.54438400001,1.2221805261667977
657.0,1241.0,73141.22239999998,1.1953324211665592
660.0,1241.0,72468.08614400002,1.1857881311648637
660.0,1241.0,72231.404416,1.161781639258836
660.0,1241.0,72182.59750399999,1.1384878019003932
661.0,1241.0,71559.28102400003,1.1248619067309995
670.0,1241.0,70678.84160000001,1.120849586424252
677.0,1202.0,69745.7216,1.1242294840886875
678.0,1202.0,68776.0256,1.1273426088897225
682.0,1140.0,67696.45760000001,1.1334377587494582
695.0,1140.0,67066.716416,1.125951271890482
695.0,1140.0,67074.18137600001,1.1229965332457452
695.0,1140.0,63823.285376,1.1242519361043881
695.0,1131.0,59215.30278399999,1.0467555161242807
695.0,1131.0,58272.51673600001,1.0642116961192036
695.0,1131.0,58155.969664,1.0729234307853723
700.0,1131.0,59784.26239999999,1.0294468672466661
703.0,1131.0,61204.687615999996,0.9871562553809596
703.0,1131.0,61223.519744,0.9855002250926365
703.0,1131.0,60890.08486399999,0.9860347220641343
705.0,1131.0,60523.879424,0.9763582128304555
705.0,1131.0,60120.088704,0.9751721216091424
705.0,1131.0,57103.334400000014,0.9696882957321279
705.0,1131.0,57352.198399999994,0.9777954046125333
705.0,1131.0,58530.50560000001,0.9743423278523319
705.0,1131.0,58839.40326399999,0.9636968669707379
706.0,1131.0,59161.32710400001,0.931655014323612
707.0,1131.0,59034.948096,0.912375232288752
712.0,1131.0,58458.588416,0.9123153346001328
716.0,1131.0,57432.78809600001,0.922590432576218
720.0,1131.0,56612.934400000006,0.933112812606072
720.0,1131.0,55947.33759999999,0.9526725588751658
720.0,1131.0,55529.86969599999,0.9698035794435226
720.0,1131.0,55080.895744,0.9793846495012551
720.0,1131.0,55172.809984000014,0.9824767199161427
720.0,1131.0,55639.22150400001,0.9494389372498251
733.0,1131.0,56093.33081599999,0.9115358195402546
737.0,1131.0,56425.016576,0.8744944392891979
741.0,1131.0,57388.884224,0.8335159545257469
742.0,1131.0,57284.247296,0.803916024404486
745.0,1131.0,58466.300416000005,0.767024806400844
778.0,1131.0,59257.618944,0.732426526395645
789.0,1131.0,60213.656704,0.6948308645422612
790.0,1131.0,59699.44,0.6873176023296277
793.0,1131.0,59616.488575999996,0.6605381366084114
790.0,1131.0,59655.145599999996,0.6652012964424139
790.0,1131.0,59791.593599999986,0.669206276488287
790.0,1131.0,60137.97017599999,0.6700897658925419
798.0,1131.0,60110.38361599999,0.6628481346669619
798.0,1131.0,60467.29382400001,0.6641114385121435
798.0,1131.0,60198.23039999999,0.6660456672906241
798.0,1131.0,59621.56377599999,0.6715780092562694
798.0,1110.0,58310.630784,0.6935976919294545
809.0,1110.0,57441.623424,0.6922703959856206
813.0,1110.0,56818.466944,0.685815536696186
813.0,1110.0,55819.65990400001,0.6992736124345321
813.0,1110.0,54989.9296,0.7129251164636395
813.0,1110.0,54257.377023999994,0.7152523755227981
819.0,1110.0,54612.953599999986,0.6940751001302629
820.0,1500.0,63190.106624,1.103143509896466
822.0,1500.0,71116.61721599998,1.2561007953773191
825.0,1500.0,77939.44934400001,1.3241290076953778
840.0,1500.0,77831.414144,1.2997878483245728
841.0,1500.0,77613.865344,1.2897688720970248
841.0,1500.0,76538.235264,1.330400292347404
841.0,1500.0,73827.64377600001,1.3615519690336861
841.0,1500.0,71805.709184,1.3727398113991056
841.0,1674.0,83853.36,1.632131902917638
841.0,1769.0,97525.053824,1.832177208222032
841.0,1769.0,97825.0624,1.809068417176628
840.0,1769.0,98169.716224,1.8118851683830381
825.0,1769.0,98390.791936,1.8331067716726765
825.0,1769.0,98791.38777599999,1.8250427888166298
825.0,1769.0,99145.82937600001,1.8159139741601975
825.0,1769.0,99331.07801599998,1.8108706216001627
825.0,1769.0,98510.465664,1.832398797794637
840.0,1769.0,97456.92825600001,1.843568530393736
840.0,1769.0,96529.215744,1.861238191776465
841.0,1769.0,95898.59865600002,1.8553486164568298
841.0,1769.0,95097.2224,1.8733126955841877
841.0,1769.0,94735.7184,1.879362973147287
843.0,1769.0,96267.86240000001,1.8158784300820823
844.0,1769.0,97821.25094400001,1.7553425850305713
849.0,1769.0,102099.88838399998,1.6935609904596944
849.0,1769.0,103578.864896,1.6412113829789687
849.0,1769.0,104840.1536,1.5996104758328409
849.0,1769.0,101813.01478400003,1.6487888746508406
849.0,1769.0,100924.868864,1.665324169662532
849.0,1769.0,102369.580544,1.6149284591007829
849.0,2575.0,137066.7584,2.3473801877528366
857.0,2575.0,141971.036544,2.243788083978986
858.0,2575.0,142066.943616,2.2244608911522055
858.0,2575.0,142827.74886400002,2.1948322408773073
858.0,2575.0,142914.50559999995,2.19013279911364
858.0,2575.0,142940.055296,2.1877448229232965
858.0,2575.0,142682.61158400003,2.1993502231060997
858.0,2575.0,143501.94240000006,2.1652754173646467
858.0,2575.0,144380.30054399994,2.126366543617653
858.0,2575.0,144378.047104,2.1242074253319263
857.0,2575.0,144606.483584,2.1291946600294165
857.0,2575.0,143397.79737600003,2.1479070538092926
858.0,2575.0,142087.57657599996,2.1654840442945957
858.0,2575.0,140733.67129600001,2.1919526306952153
858.0,2504.0,138861.07750400002,2.236469098398772
858.0,2504.0,137891.657984,2.2592617473097363
858.0,2504.0,136796.4576,2.2772649762237536
858.0,2504.0,136110.2016,2.29123803683496
863.0,2504.0,135369.577856,2.293115831120033
863.0,2504.0,137155.246976,2.2269222147677254
875.0,2504.0,143940.612864,2.129053321526642
885.0,2504.0,145452.327936,2.069622058183797
891.0,2504.0,148628.024064,2.003340125331975
895.0,2504.0,151504.747776,1.9311245910265362
898.0,2496.0,152120.39039999997,1.8963323344816496
905.0,2496.0,151089.3504,1.8988643831914103
912.0,2496.0,150611.686656,1.8785875742942748
912.0,2496.0,149854.37721600002,1.8687555021476343
921.0,2496.0,148533.9456,1.881935596520389
923.0,2496.0,147765.926016,1.8854935853173846
923.0,2496.0,147796.92761600003,1.8956264073351006
923.0,2496.0,147461.32185599997,1.8994448230443761
923.0,2496.0,147508.4064,1.8986901041443403
923.0,2496.0,147959.007616,1.8897231004609936
923.0,2496.0,148457.53702400002,1.8851705145160071
924.0,2496.0,147645.6064,1.8864056355669048
924.0,2496.0,147786.029056,1.8873329584228733
937.0,2496.0,147663.8656,1.8808317734021327
952.0,2496.0,147510.27840000004,1.868285099941025
954.0,2496.0,147507.097344,1.8545163198837786
955.0,2496.0,147333.51040000006,1.8459937994040763
955.0,2496.0,147350.61222399998,1.8362969445163726
965.0,2496.0,148048.379776,1.8003524273611589
965.0,2496.0,156316.00422399997,1.734475859587738
978.0,2496.0,162977.24070400005,1.6633266411214753
980.0,2496.0,169307.32710399997,1.5959494404502432
980.0,2496.0,170199.44,1.5560305438254274
986.0,2496.0,169660.30553600003,1.5441666924499022
996.0,2496.0,169416.45017600004,1.5395592741535469
1005.0,2496.0,169358.914176,1.533144488703519
1005.0,2496.0,169510.591104,1.5336567568713106
1006.0,2496.0,169005.66694399997,1.527162527195924
1005.0,2496.0,168985.015936,1.5442298451847642
996.0,2496.0,169669.211776,1.558336625390188
996.0,2496.0,169612.707584,1.5583767552055185
996.0,2496.0,169073.8656,1.564224642628724
996.0,2496.0,169319.788416,1.5621909993383767
986.0,2496.0,169603.952,1.5737657572567019
986.0,2496.0,169750.630784,1.5731784870718957
980.0,2496.0,169571.590784,1.605055136829243
980.0,2496.0,170430.51750400002,1.617546746882231
965.0,2496.0,171195.746304,1.6186632739132532
955.0,2496.0,171692.018176,1.6206105640392594
965.0,2496.0,171430.02009600002,1.6098211077080182
980.0,2496.0,170722.112,1.5997505559812395
986.0,2496.0,170288.80639999997,1.5910744057628796
986.0,2496.0,169624.19801599998,1.593458928498774
986.0,2496.0,168314.93734399995,1.6078094970730215
986.0,2465.0,165940.42265599998,1.637126677358459
996.0,2465.0,165000.172544,1.62145951022204
1005.0,2465.0,176964.107264,1.6065246931639274
1005.0,2465.0,184668.39129600002,1.545547225053888
1005.0,2465.0,184720.28505600002,1.5368988858712593
996.0,2465.0,184976.49446400002,1.5432793076847524
986.0,2465.0,185521.91385599997,1.553535158218382
980.0,2465.0,185723.95865600003,1.556242189024706
965.0,2465.0,186617.00646399998,1.567554721354865
955.0,2465.0,187893.018496,1.569389121186565
954.0,2465.0,188473.504,1.5808093072196419
954.0,2465.0,189414.13350399997,1.5720966136760326
952.0,2465.0,190312.03481599994,1.5701626924073204
952.0,2465.0,191002.81369600003,1.562778405504317
952.0,2465.0,191345.69766400004,1.5585753803470401
952.0,2465.0,190868.603776,1.564907333472546
952.0,2465.0,191969.09094400003,1.5552826572997778
952.0,2465.0,190507.2096,1.5701586837695596
952.0,2465.0,189535.38086400004,1.5785776516333827
952.0,2465.0,189810.75033600003,1.575407104031149
952.0,2465.0,189700.667136,1.5759510227249567
954.0,2465.0,189345.43513599996,1.5675400349315387
954.0,2465.0,190409.93382400004,1.5586286305420765
954.0,2465.0,190488.566784,1.5581074121253249
954.0,2465.0,190064.084736,1.5608944666628473
954.0,2465.0,189617.30918399998,1.5605054610608053
952.0,2465.0,189962.60582400003,1.5759294900956884
944.0,2465.0,184395.560704,1.6431347036036958
938.0,2465.0,180451.120384,1.7068873176232515
938.0,2465.0,175887.48160000003,1.7741387602806775
938.0,2465.0,175906.37721600002,1.7756112786332847
938.0,2465.0,176108.66790400003,1.7755993907695078
938.0,2465.0,176133.10361600004,1.7755926814152627
924.0,2465.0,176685.26489600004,1.777474743723218
924.0,2465.0,177222.919936,1.7893053701448152
924.0,2465.0,168360.67033600004,1.8652547885166426
924.0,2465.0,157594.14399999997,1.9364063069467488
916.0,2465.0,157815.12960000001,1.9446636755891997
916.0,2465.0,157665.87878400003,1.9470290215118031
916.0,2465.0,156732.69862399998,1.9599435261808191
916.0,2465.0,155621.275136,1.9788801403619185
916.0,2464.0,154251.14393599998,2.0047816193732486
916.0,2410.0,153274.25689599998,2.025444907392743
916.0,2410.0,152807.173504,2.0331370233670327
924.0,2410.0,152785.4944,2.0328944535633937
924.0,2410.0,152332.58585600002,2.0244282658676607
924.0,2410.0,152345.774336,2.025069287890356
924.0,2410.0,152079.517184,2.028296432567438
924.0,2410.0,152104.10726400002,2.027921129723544
924.0,2410.0,151106.33241600002,2.068834478533896
924.0,2410.0,150268.121856,2.1142585721942755
916.0,2410.0,147189.21049599996,2.194508985596476
916.0,2410.0,146374.98841599998,2.22846153385888
915.0,2410.0,146314.723456,2.258981333781621
914.0,2410.0,146549.321856,2.265342731737478
886.0,2410.0,146515.89849599998,2.2892760569263104
885.0,2410.0,145824.569984,2.3297002935673063
867.0,1782.0,114008.32960000003,1.869681807310048
866.0,1782.0,109920.94681599998,1.9526625810054852
862.0,1782.0,110293.43526399999,1.965536734845919
860.0,1782.0,110093.727616,2.000101184477692
857.0,1782.0,110725.391616,2.0061277668279938
855.0,1782.0,111453.987456,2.0051250421241704
853.0,1782.0,111677.309184,2.0157751630811016
845.0,1782.0,111212.75366400002,2.0555548098211256
