80.5,121.0,1344.65,0.2929203475930149
80.5,121.0,1072.4,0.3626812646105582
80.5,89.0,769.16,1.0194651898700784
80.5,113.0,982.89,0.5500877897300706
80.5,113.0,925.4400000000002,0.5111669643547817
78.5,113.0,773.05,0.9495057104936716
81.0,113.0,786.1600000000001,0.6980200448822168
81.0,75.0,428.2,-0.48977850477287105
78.5,75.0,376.36,-0.23338369821392815
78.0,75.0,429.64000000000004,0.10131206431571806
73.5,82.0,588.25,0.11960186137458448
66.0,104.0,902.4100000000001,-0.06480264630934243
57.5,104.0,1134.4,0.10450810752624227
57.5,106.0,1338.69,0.09511013909107442
42.0,106.0,1418.6399999999999,0.4493110526283755
41.5,106.0,1317.8400000000001,0.6738306840223448
37.0,106.0,977.4100000000001,1.0712327904263645
26.5,55.0,373.84,0.3178296091323653
23.0,44.0,256.04,0.43708310152156943
23.0,46.0,266.55999999999995,0.47084721846764754
23.0,70.0,504.84,0.7398991206764687
33.5,70.0,541.69,0.3221759837107886
46.5,70.0,499.84,-0.03769780666021532
52.5,65.0,390.84,-0.2880206509642641
54.5,57.0,269.04,-0.4305293051388371
54.5,57.0,269.04,-0.4305293051388369
56.0,57.0,270.64,-0.7456687118551505
57.5,53.0,166.8,-1.0494652797189303
60.0,27.0,61.05,0.6716824561427935
63.5,27.0,63.209999999999994,0.2610370684914709
63.5,21.0,40.89,-0.13602971229601332
63.5,35.0,92.76,0.8210702617906601
65.5,47.0,185.00999999999996,0.9091141490457734
68.0,47.0,192.29000000000002,0.47500733930941486
71.0,47.0,169.04000000000002,0.20952415179409828
71.0,94.0,578.41,-1.6952021503403247
71.0,94.0,958.89,-1.136830279455511
71.0,97.0,1300.65,-0.6873084306419195
69.0,97.0,1523.76,-0.2836312165605814
40.0,97.0,1569.0,0.07953139911548558
20.0,97.0,1537.0,0.36182741520693074
20.0,97.0,1317.3600000000001,0.5687261856889649
20.0,83.0,1115.01,0.47789243582972013
20.0,79.0,945.96,0.4760168231475815
20.0,81.0,965.4399999999999,0.4900111954939275
37.0,82.0,1078.41,0.10995358163876108
44.0,82.0,933.6899999999999,-0.050942318191146495
55.5,80.0,762.84,-0.369833197036939
62.5,69.0,514.45,-0.5287829525218632
65.5,57.0,322.36,-0.6714537580268438
65.5,43.0,178.36,-0.46824710378830336
69.5,62.0,248.56000000000003,0.0021067976434756283
69.5,63.0,337.8399999999999,0.11760290417516073
69.5,63.0,347.76,0.1473423570590239
65.0,63.0,350.49,0.4454899915554021
65.0,63.0,337.21,0.5765862213127235
69.5,44.0,302.43999999999994,0.6623999629433518
66.5,76.0,522.6099999999999,-0.16866495591600494
66.5,80.0,739.84,-0.25704444840219887
61.5,92.0,1032.6399999999999,-0.15920011762043715
60.0,94.0,1289.69,0.003126198629820555
43.0,94.0,1225.29,0.3553464147091822
25.0,94.0,996.8100000000001,0.6756426722083908
17.0,94.0,1005.45,1.032914088972793
16.5,94.0,927.8400000000001,1.4724232429304516
16.5,94.0,723.1600000000001,2.0476366292688017
16.5,38.0,167.64,0.7490472069250956
16.5,38.0,192.60999999999996,0.5572053311291589
16.5,38.0,200.45,0.38340671902685497
26.5,38.0,193.41,0.025576717134312973
32.0,38.0,178.04000000000002,-0.3713932395273372
35.5,101.0,697.4399999999998,1.6390254147801318
38.0,105.0,1104.0099999999998,1.203865727703217
39.5,100.0,1384.84,0.8130281554487087
43.0,109.0,1755.3600000000001,0.4855352916678762
76.5,109.0,1773.5600000000002,0.09612198044772798
106.0,109.0,1695.0900000000001,-0.2529358481743822
106.0,109.0,1461.41,-0.5033315769460331
106.0,107.0,1097.0900000000001,-0.8995430145105174
109.5,116.0,892.6,-0.8385654634160205
113.5,70.0,348.2900000000001,0.5019695213777172
113.5,116.0,899.89,-0.9157283228404204
107.5,131.0,1546.24,-0.7268791049703819
103.5,143.0,2157.85,-0.4154716710778638
93.5,143.0,2301.36,-0.07800382232374568
61.0,143.0,2486.4900000000002,0.28935391520248993
30.5,143.0,2556.24,0.6648194506080893
30.5,143.0,2494.6,0.9450170010860666
28.5,143.0,2219.29,1.4362996936567103
27.0,106.0,901.96,2.0628939898463705
27.0,27.0,128.41000000000003,-0.10961583834251631
27.0,27.0,117.36000000000001,-0.12696615081225712
29.0,27.0,117.84,-0.23493398232999363
32.0,39.0,148.65,-0.11520812909402105
33.5,39.0,124.96,-0.4786523993605405
35.0,50.0,156.81,0.16676016655738166
35.0,41.0,119.64000000000001,0.858636789445319
33.5,41.0,123.16000000000001,1.0174900792307904
34.5,41.0,128.56,0.727012990013037
36.0,41.0,129.95999999999998,0.3954091137353999
39.0,41.0,130.56,0.2394022050829604
39.0,41.0,134.85,0.2745307641581648
43.0,41.0,138.36,-0.11430182078209788
43.0,41.0,131.04000000000002,-0.010591644717795078
43.0,41.0,149.24,0.07204582673390827
36.0,40.0,146.89000000000001,-0.1974026406155174
36.0,40.0,146.89,-0.1974026406155176
36.0,40.0,178.25,-0.11068058930959024
28.0,44.0,210.89000000000001,0.16764822230693424
23.0,46.0,223.84,0.48926857381086974
18.0,46.0,207.04000000000002,0.949728461325876
15.0,46.0,217.44,1.2051734011205557
15.0,36.0,102.24,1.428966835390221
15.0,18.0,33.160000000000004,0.1764641817525911
15.0,15.0,28.090000000000003,-0.024664656058357153
18.0,15.0,29.05,-0.31039667769255175
18.0,15.0,29.05,-0.31039667769255175
20.0,15.0,30.8,-0.50195087207324
20.5,19.0,33.010000000000005,-0.6578411001104865
21.5,47.0,144.24,1.94995641166345
22.0,95.0,714.81,1.9430506411559736
22.5,85.0,1071.0,1.208604057650528
25.0,85.0,1029.01,1.14835031776998
33.0,85.0,1074.0399999999997,0.7038514602968913
48.0,85.0,1209.76,0.27498699406069493
50.5,85.0,1083.04,0.24344364827783974
55.0,84.0,919.6900000000002,0.20498486501020177
55.0,78.0,755.61,0.30984242147303104
55.0,66.0,628.8900000000001,0.48218368774667825
51.0,71.0,726.64,0.4525454079295569
49.0,82.0,699.76,0.6538333464837034
46.5,88.0,604.3599999999999,0.7341363286937326
46.5,88.0,694.29,0.6805133310978245
39.0,89.0,654.76,1.0975490654544955
27.5,43.0,275.29,0.1236787668829622
20.0,43.0,262.04,0.5046221164546244
19.5,39.0,192.41,0.8987423359699322
19.0,39.0,125.21,1.4494565786642606
19.0,24.0,46.89,0.7600224661483591
19.0,33.0,81.0,1.4526748971193415
19.0,42.0,173.69,1.1753998306686264
19.5,42.0,197.56,0.6624313502247153
22.5,42.0,186.48999999999998,0.5658827629820425
22.5,42.0,169.76,0.6218650914286005
24.5,33.0,137.56,0.8388916873793694
26.0,33.0,126.25,0.6818191699940013
29.5,33.0,118.84,0.35516870954336627
35.5,33.0,112.09,0.02078997909449325
41.0,37.0,140.8,-0.15478345564008736
41.5,63.0,316.69000000000005,0.7954061143863167
41.5,65.0,473.49000000000007,0.7049606818097682
42.5,82.0,753.36,0.5640560057213622
51.0,82.0,872.61,0.2030782957216216
69.0,77.0,833.25,-0.08145879004750439
83.0,72.0,729.25,-0.35663713557075605
88.0,65.0,543.25,-0.6954158014781427
88.0,58.0,359.36,-0.837692556952474
88.0,48.0,200.95999999999998,-0.8250500629116777
88.0,28.0,109.75999999999999,0.02997088270925538
88.0,30.0,128.0,-0.003314563036811941
89.5,30.0,125.81000000000002,-0.07536839238457568
89.5,30.0,123.55999999999999,-0.07786451349572081
89.5,30.0,113.83999999999999,-0.013772148255822786
89.5,30.0,98.80999999999999,0.06521664700083406
89.5,28.0,92.65,-0.023547844499941226
89.5,33.0,126.4,0.09795319909167617
93.0,33.0,112.76000000000002,-0.2698087097835832
96.0,33.0,111.96,-0.6744406647526454
99.0,78.0,370.36,1.5652686899260313
99.0,108.0,612.1600000000001,0.019325522064289197
99.0,108.0,631.6899999999999,0.07442374829914206
97.0,108.0,630.8100000000001,0.12219967782134425
100.0,108.0,673.5600000000001,-0.11557419836542061
102.0,108.0,738.3600000000001,-0.3795576100725162
104.5,108.0,764.64,-0.5316501229600001
110.5,314.0,6555.209999999999,2.0847546312790595
119.5,374.0,13742.41,1.3369769020843538
119.5,374.0,13718.890000000003,1.336580714144487
111.5,374.0,14053.959999999997,1.4047085542088589
111.5,338.0,13072.84,1.5024852850744117
111.5,335.0,13024.210000000001,1.5069852876971395
111.5,335.0,13197.25,1.4962034885724853
102.5,335.0,13379.409999999998,1.503091464126487
101.0,335.0,13737.2,1.521329559334754
101.0,335.0,13895.959999999997,1.5343804831079784
100.5,335.0,9451.76,2.6370795544023298
100.5,31.0,88.55999999999999,0.021770912153383046
100.5,39.0,143.64000000000001,0.4644907512128212
100.5,39.0,177.81,0.26007597614012096
101.5,39.0,181.8,0.10794412779707552
104.5,38.0,166.05,-0.20904538211230372
110.5,1619.0,230583.36000000002,2.664075225855117
115.5,1619.0,230075.83999999994,2.6639719350806605
117.5,1619.0,228973.55999999997,2.6643192928302715
117.5,1632.0,229956.09,2.661680859688555
117.5,1632.0,230289.36000000002,2.6606896429589297
117.5,1632.0,231516.24,2.659128669290156
112.0,1636.0,233204.85,2.6581147818728077
112.0,1636.0,232324.6,2.6529027333666013
117.5,1636.0,231342.85,2.649796806235243
121.0,1636.0,230863.96000000002,2.6483338279368174
98.0,82.0,953.8900000000001,0.22905090202330056
78.5,133.0,1565.9600000000003,-0.13140521002899036
76.5,133.0,1846.2399999999998,0.1602168256006438
76.0,134.0,2244.96,0.20154265707962163
72.5,136.0,2600.8399999999997,0.3414120573483465
49.0,139.0,2913.16,0.5107030783318577
23.5,139.0,3108.4900000000007,0.6778108159753661
23.5,128.0,2233.96,1.168214218278984
23.5,121.0,1299.2400000000002,1.742624142733225
23.5,60.0,326.45,1.213117416103183
23.5,36.0,166.29000000000002,0.5794659950482725
28.5,41.0,214.23999999999995,0.25468570462235424
37.0,41.0,223.95999999999998,-0.05990642644711864
38.0,41.0,199.65,-0.22385633187077467
38.0,41.0,168.20999999999998,-0.29019078777288615
40.0,35.0,111.89000000000001,-0.17957150326961216
43.0,26.0,72.29,-0.036099469525877205
44.5,66.0,308.24,1.7533042834444852
44.5,66.0,316.01000000000005,1.5853843721832934
43.5,66.0,328.65,1.5973818333710834
43.5,66.0,507.28999999999996,1.0106903314105293
43.5,66.0,560.0,0.7098842978511649
49.5,66.0,643.1600000000001,0.30017283352300395
51.5,66.0,587.4399999999999,0.283960288789189
52.5,59.0,503.65,0.3427854724025293
52.5,65.0,537.49,0.2708231378777238
52.5,71.0,634.6899999999999,0.15376647003296626
47.0,75.0,622.21,0.3482031402578671
41.0,75.0,720.6099999999999,0.520142059915015
38.0,76.0,801.81,0.5267050369067623
27.0,75.0,630.61,0.8668765579457591
27.0,75.0,464.2,1.3989541103188448
27.0,41.0,201.04000000000002,0.39814244091358697
27.0,43.0,237.85,0.46060555062734576
27.0,43.0,210.24,0.6154846418689817
28.5,49.0,300.45,0.42391789025222815
35.0,63.0,447.84000000000003,0.3124385732474683
44.0,63.0,411.8,-0.019601277810223604
44.0,63.0,356.2099999999999,-0.09479247307880713
44.0,63.0,287.23999999999995,-0.0870237479086855
52.0,42.0,174.6,0.3464089595855772
52.0,41.0,147.44,0.3273260439022762
53.0,77.0,480.35999999999996,1.3568799387563661
53.5,77.0,488.60999999999996,1.181976189583276
58.5,77.0,505.75999999999993,0.7397633471024335
61.0,77.0,540.41,0.4598276152060785
61.0,691.0,39956.41000000001,2.6018396612603065
74.0,691.0,39356.2,2.581390349753856
84.0,690.0,38238.49,2.557161444545881
84.0,678.0,37660.090000000004,2.5811003542643367
84.0,705.0,38438.41,2.540731879008523
84.0,705.0,38957.29000000001,2.515389564350697
74.0,707.0,40310.43999999999,2.5057273985686304
73.5,707.0,41049.61000000001,2.4897549526512313
48.5,707.0,41768.89,2.495430225544214
34.0,707.0,42335.61000000001,2.5058238892984677
34.0,115.0,1452.2400000000002,1.2255777488258355
31.5,115.0,1086.4899999999998,2.033339863773993
31.5,47.0,169.05,1.2780854685949197
31.5,27.0,75.05,0.0461418719737386
33.5,27.0,63.8,-0.2660900722546231
35.5,37.0,98.35999999999999,0.18142059831203614
37.0,32.0,67.64,0.3890595447665035
38.5,24.0,45.24000000000001,0.8674432315495587
40.5,31.0,80.64000000000001,0.9377011802366342
42.5,31.0,103.88999999999999,0.5061148377989252
44.0,31.0,121.65,0.12275111035816717
50.0,27.0,96.69,-0.07584223271938645
50.0,34.0,132.0,-0.38099268792122043
56.0,34.0,140.25,-0.6458987736353362
58.5,37.0,128.25,-1.0856517845978744
60.5,37.0,133.29,-1.1535157697099037
60.5,37.0,154.64000000000001,-1.0242414090950571
60.5,49.0,276.40999999999997,-1.051012478328221
58.5,49.0,325.15999999999997,-0.5518853717744922
46.0,53.0,402.09000000000003,-0.21187129155564519
31.5,53.0,416.48999999999995,0.16658721344943597
25.5,56.0,432.81000000000006,0.5277687391142921
19.5,56.0,473.43999999999994,0.6031389181400825
16.5,56.0,387.01000000000005,1.1154377034652632
16.5,52.0,222.03999999999996,1.6180428010384782
16.5,26.0,71.44000000000001,0.5561332602236821
16.5,22.0,60.4,0.39368290703079506
20.0,24.0,76.21,0.1026844041648272
21.5,24.0,89.81,-0.020260537819417886
28.5,40.0,141.24,0.2920648328433773
31.0,100.0,736.89,1.8600514417311307
32.0,98.0,800.8099999999998,1.3130319615358568
33.0,92.0,705.2900000000002,1.4696335592120782
34.0,83.0,624.5600000000001,1.5657327387371291
39.5,78.0,576.8099999999998,1.5162120743641356
46.5,78.0,539.61,1.4656727721161629
49.0,76.0,495.68999999999994,1.497341168070629
50.0,76.0,530.01,0.9977382445711449
51.0,74.0,471.61,0.8190023661793727
51.0,74.0,490.81000000000006,0.8082071937045493
50.0,64.0,355.28999999999996,0.22770023078128365
46.5,71.0,408.84000000000003,0.268049252405123
46.5,78.0,544.36,0.05957318296110551
46.0,78.0,659.5600000000001,0.19707801268852562
32.0,80.0,750.6400000000001,0.4525469603170886
17.5,80.0,789.3599999999999,0.7713751620682425
11.0,80.0,794.6899999999999,1.1221106626197104
11.0,68.0,423.41,1.6730722241194562
11.0,38.0,117.6,1.5361140215460662
11.0,16.0,33.85,0.18279507532114225
11.0,33.0,88.76,1.4052778165871762
12.5,33.0,108.41,0.8930954460716585
17.5,33.0,124.00999999999999,0.4394468078191582
19.0,33.0,143.20999999999998,0.09615126972633106
24.5,37.0,152.95999999999998,-0.04302017959508087
31.0,43.0,167.04000000000002,-0.023756641384360917
35.5,34.0,132.84,-0.11212595792323561
38.0,33.0,108.4,-0.44763024065925366
40.5,33.0,95.68999999999998,-0.7241138571587032
40.5,22.0,47.290000000000006,-0.09313579490879816
43.5,24.0,58.24000000000001,-0.2795486229245902
45.0,25.0,55.05,-0.026441602401810937
48.5,29.0,74.09,0.6010784406386223
48.5,29.0,66.81,0.7320146052551483
48.5,44.0,128.76000000000005,-0.3997504730992266
44.5,51.0,212.40999999999994,-0.4372170656361326
42.5,63.0,351.85,-0.4703718703372736
40.0,63.0,421.60999999999996,-0.1551783859664317
30.5,63.0,452.36,0.22375489758332753
20.0,63.0,467.68999999999994,0.46842370431892877
16.5,63.0,443.84000000000003,0.9133604754044885
16.5,63.0,327.29,1.488432013985912
16.5,38.0,112.4,0.8700526250571977
16.5,38.0,112.4,0.8700526250571977
16.5,38.0,121.64000000000001,0.6993516824436357
19.0,45.0,202.49,0.5930592225027604
24.5,41.0,178.0,0.3461320496374147
28.5,41.0,164.25,-0.008550951393324607
28.5,41.0,133.95999999999998,-0.010200793312095231
32.0,41.0,150.6,-0.2736789325132317
33.5,28.0,87.24000000000001,0.2879674306883846
35.5,26.0,69.64,0.13450575191223246
38.5,26.0,70.21000000000001,-0.2558492856723599
38.5,64.0,285.76000000000005,1.5413500403690876
44.0,66.0,444.16,0.9997848346802933
44.0,66.0,562.24,0.5988509886623771
48.0,93.0,870.85,0.48808647702736646
67.0,93.0,992.76,0.10523870103030937
67.0,85.0,926.8400000000001,0.1798531050346691
66.0,102.0,1174.2900000000002,0.04780292087176807
66.0,105.0,1353.0,-0.0351795146155054
66.0,105.0,1546.76,-0.0028153454038912546
58.0,105.0,1715.0899999999997,0.10423718250213983
23.5,105.0,1780.45,0.47874683899792214
23.5,105.0,1625.01,0.8799261292552452
23.5,105.0,1452.85,1.1675721083702193
23.5,98.0,842.2099999999998,1.6020894541624149
23.5,42.0,218.95999999999998,0.5587675830562334
23.5,42.0,240.41,0.3753368505857266
30.5,42.0,220.89000000000001,0.17422386707833393
32.0,42.0,185.69,-0.0331209436973527
32.0,42.0,150.81,-0.11865111282116547
33.5,42.0,126.24000000000001,-0.48431833822738457
38.0,24.0,62.23999999999999,0.3652597756241874
42.5,27.0,80.49000000000001,0.18106539213246545
42.5,31.0,101.55999999999999,0.41401828645450456
42.5,31.0,106.09,0.3498330324042506
43.0,36.0,142.36,0.16636168258992692
47.0,38.0,182.60999999999999,-0.02566146849313263
48.5,38.0,149.01,-0.12569600984024754
49.5,38.0,120.35999999999999,-0.2580748789442411
49.5,29.0,88.41,0.2960414133681262
49.5,29.0,84.0,0.2829039076988044
49.5,50.0,191.64000000000001,-0.936478629361918
47.0,62.0,358.40999999999997,-0.8326354594061294
46.0,62.0,432.36,-0.41018367384115767
42.0,62.0,486.89000000000004,-0.026431579736673188
27.5,62.0,422.76000000000005,0.30843691266872686
16.5,43.0,277.40999999999997,0.3565454007332869
14.0,43.0,236.60999999999999,0.8047453193904244
14.0,41.0,185.49,0.7966873792795879
14.0,41.0,160.56,0.9554501879994468
14.0,42.0,166.01,0.9900466973664105
14.0,42.0,210.76000000000005,0.5530772958955593
22.5,38.0,209.65,0.20190511494485155
32.5,37.0,198.76,-0.17569852305813993
39.0,82.0,517.96,1.2083031941002385
42.0,110.0,1052.56,1.1935687272430326
42.0,110.0,943.4400000000002,1.0947122434678551
42.0,93.0,780.84,1.431819949407477
44.5,93.0,743.6,1.4228260211406352
48.0,80.0,667.6,1.5641917407919377
49.5,80.0,655.21,1.536265873019197
49.5,81.0,658.84,1.5293970430691417
49.5,88.0,692.76,1.4475559238585594
52.0,88.0,663.3599999999999,1.409240884344825
49.5,88.0,548.21,2.1846122691903447
47.0,39.0,118.96,-0.7966074148184611
43.5,38.0,153.4,-0.7174993930122461
43.0,39.0,204.65,-0.4082469614484024
37.5,40.0,230.49,-0.02744796771057634
27.5,40.0,233.68999999999997,0.3691097467885855
20.5,40.0,187.45,0.7878671338609152
20.5,40.0,171.60999999999999,1.2199577330277112
20.5,40.0,166.09,1.4029768891791283
20.5,29.0,72.84,1.4536368380419495
20.5,53.0,227.4,2.2251035731833033
21.5,53.0,282.89,1.416477858105148
25.5,53.0,377.36,0.8292232788845342
29.5,53.0,347.69,0.6424917842573287
34.0,52.0,302.96,0.5802150440733771
38.5,49.0,287.05,0.26031391204415943
43.0,46.0,230.89000000000001,0.16840552028686645
49.0,41.0,200.95999999999998,-0.06858427677991337
56.0,38.0,172.48999999999998,-0.33373632982335155
62.0,65.0,312.36,0.9066428317421009
62.0,111.0,1013.0899999999999,1.492209693512092
64.5,111.0,1028.2900000000002,1.1371461724659038
65.5,111.0,1026.05,1.0117582147572235
65.5,111.0,949.89,1.1025686290432504
65.5,110.0,942.4,1.1204723618436625
65.5,134.0,1270.8400000000001,0.6112030498171384
65.5,139.0,1574.6100000000001,0.37648647025310483
60.5,140.0,1887.0900000000001,0.4291279651157517
46.0,140.0,2121.41,0.5948591185939919
26.0,140.0,2031.2,1.043087341369567
12.5,84.0,925.6099999999999,0.9124029651731755
12.5,71.0,538.01,1.3373279537328526
12.5,46.0,237.43999999999997,1.0837650670781322
12.5,30.0,136.01,0.780525029906421
12.5,89.0,681.7599999999999,2.0754503352140095
13.5,107.0,1393.81,1.319275373921152
24.5,117.0,2017.8899999999999,0.8064412553405991
34.5,122.0,2447.16,0.39660898173300113
66.5,122.0,2586.24,0.015456162324632108
103.5,120.0,2264.05,-0.35497421945752966
107.0,115.0,1749.7599999999998,-0.7240522770585379
107.0,98.0,1157.56,-0.9511032135492486
107.0,98.0,950.3599999999999,-0.938102941356764
107.0,96.0,924.4,-0.9079818145633377
107.0,96.0,1229.04,-0.5617925971080553
95.0,96.0,1263.69,-0.176362589917106
73.0,96.0,1166.0099999999998,0.19920989006916262
65.5,96.0,893.61,0.4434934785764529
65.5,75.0,588.1600000000001,0.1533291112104979
59.5,70.0,518.24,0.2926807405309347
57.5,79.0,545.21,-0.1318420331183989
48.5,84.0,614.01,-0.05807123780819384
38.0,85.0,749.16,0.17437106699481605
37.5,85.0,836.4100000000002,0.28321649902079504
22.5,85.0,913.85,0.4718659626921275
11.5,85.0,886.0099999999999,0.8772768059752774
11.5,85.0,798.8900000000001,1.3063944992208854
11.5,85.0,591.69,1.9599277645585447
11.5,29.0,100.65,0.5419078221606177
11.5,85.0,578.8900000000001,2.140757268144809
17.5,85.0,918.6400000000001,1.2553916964498293
23.5,100.0,1333.45,0.7919193081463597
27.5,96.0,1388.8899999999999,0.37099760403363896
58.5,96.0,1345.2099999999998,-0.017373564276513136
87.0,93.0,1262.49,-0.3683349991319748
88.5,85.0,1072.41,-0.7239828656784038
89.5,101.0,954.0899999999999,-0.9886804101901943
89.5,101.0,641.96,-1.4167474715972388
89.5,71.0,328.15999999999997,-0.35720948541571446
88.5,71.0,420.09000000000003,-0.19254732144307632
88.5,72.0,543.84,-0.09905954257491127
88.5,72.0,536.84,-0.08972736438748277
84.0,80.0,688.2,0.05294135148450852
70.5,103.0,1001.04,-0.017608924920260706
57.5,105.0,1162.89,0.248750595718042
53.5,113.0,1207.05,0.5232247993919917
49.0,99.0,891.24,0.37576344155535546
33.5,99.0,885.1600000000001,0.7359230346976968
21.0,99.0,937.0,1.0230459190315486
16.0,99.0,889.1600000000002,1.500241246371872
13.0,99.0,829.49,1.9957339502531997
13.0,41.0,166.4,0.9610083026991406
13.0,30.0,79.29,0.8952615211692662
13.0,30.0,72.81,1.1446454957086674
12.5,30.0,67.84,1.4744531728921055
13.5,30.0,71.41,1.1596792085212095
14.0,30.0,63.760000000000005,0.998706202477927
15.0,28.0,50.89000000000001,1.1977683160286405
16.5,25.0,42.56,1.2560424448387264
18.0,32.0,95.84,1.4362088233839299
19.0,32.0,92.76,1.14671525961249
19.0,32.0,116.44000000000001,1.0440268860332738
21.0,32.0,115.80999999999999,0.6495727586665753
25.5,36.0,149.8,0.35277864775348755
31.5,33.0,154.60999999999999,0.1121877531161161
38.5,42.0,189.01,-0.015456451135692151
39.0,42.0,154.84,-0.145463813414925
39.0,36.0,123.60999999999999,0.12706429245128537
39.0,43.0,150.84,-0.1835978536480713
35.5,43.0,189.41,0.0581545080296261
35.5,43.0,220.85,0.0699256616566193
30.5,43.0,231.40999999999994,0.4034955070076744
23.0,43.0,250.85,0.6092840541299316
18.5,43.0,226.76,1.1021644583062251
16.5,43.0,175.76000000000002,1.8324577773136161
16.5,25.0,78.2,1.2225091375357058
16.5,30.0,115.2,1.2995204087987058
16.5,30.0,122.04,1.08078581576648
18.5,30.0,123.83999999999999,0.6813039007210789
19.0,30.0,120.44000000000003,0.6878590973237746
19.0,30.0,116.96000000000001,0.6985408424358411
22.5,30.0,113.25,0.5518609088076085
22.5,30.0,111.44000000000001,0.5576181329317614
29.5,39.0,165.65,0.5010788454324016
33.0,37.0,149.4,0.19319802401620068
33.0,44.0,222.68999999999997,0.3997076718966426
33.0,55.0,347.15999999999997,0.5891912393425137
37.5,55.0,353.45,0.3256004480016768
45.0,55.0,357.2,0.09705249697358033
45.0,55.0,301.2,0.010330261337081939
45.0,55.0,296.29,0.02847259272858842
45.0,65.0,389.96000000000004,-0.19896689853484648
45.0,67.0,458.6,-0.3046769104452881
39.5,67.0,516.41,0.06635603693778011
28.5,69.0,597.4399999999999,0.29966434683466536
14.5,69.0,524.64,0.7392734500586923
9.0,45.0,307.03999999999996,0.8108196921723139
9.0,45.0,211.16,1.3050597157900807
9.0,34.0,94.28999999999999,1.5105235297791022
9.0,56.0,247.41,2.18723648005073
9.0,56.0,251.81,2.064679762965876
12.5,56.0,282.84000000000003,1.4247243823884568
16.5,56.0,269.60999999999996,1.2036692609927424
20.5,56.0,254.81,0.9921284753690938
25.0,55.0,231.68999999999997,0.7500037389775805
27.5,55.0,218.35999999999999,0.412983175016603
28.5,45.0,154.04000000000002,0.8509691139135744
33.0,42.0,131.64000000000001,0.7314578006650729
37.5,37.0,105.89000000000001,0.7338837896484409
37.5,27.0,68.69,-0.0019181491063293894
39.5,27.0,75.2,0.11869001911807797
42.0,38.0,134.56,0.43791770880314984
43.0,37.0,126.75999999999999,0.13387686066585372
46.0,36.0,95.89000000000001,0.06311902682603282
46.0,38.0,126.35999999999999,-0.1689481280887474
46.0,48.0,201.23999999999998,-0.4045688791482984
46.0,48.0,248.76,-0.4585384842395937
46.0,49.0,310.05,-0.19534992834536594
38.0,54.0,379.81,0.039616813616729626
22.0,54.0,401.64000000000004,0.4074953366832872
17.0,54.0,371.60999999999996,0.8601791551041287
17.0,46.0,225.20999999999995,1.2250152452139476
17.0,38.0,109.60999999999999,1.679410749730166
17.0,29.0,67.03999999999999,1.161371075820295
17.0,29.0,80.69000000000001,0.952640581433472
20.0,41.0,162.24,0.9200800613170973
24.0,41.0,205.76,0.47090237323369716
25.5,41.0,191.16,0.37045315005745205
30.0,39.0,158.41000000000003,0.18894105707709313
35.0,37.0,152.56,0.01711786079756074
38.0,29.0,115.44000000000001,-0.09690386178737234
38.0,29.0,115.44000000000001,-0.09690386178737231
41.0,27.0,89.41000000000001,-0.315573242140969
44.5,67.0,329.65,1.3815548115029952
44.5,67.0,340.29,1.3472344097590687
44.5,67.0,389.76000000000005,1.0132413820769408
44.5,67.0,408.0,0.8022379247102922
46.5,67.0,356.0,0.8234932968352779
46.5,71.0,418.25,0.6140501873529431
44.0,71.0,464.9599999999999,0.7716198682842853
36.0,81.0,572.9599999999999,0.7113690258948381
36.0,81.0,584.09,0.7060317553543308
27.5,81.0,635.45,0.8234474513651646
25.5,58.0,334.48999999999995,0.8801698328457223
24.0,58.0,342.96,0.9463228488191914
23.0,50.0,194.84,1.3733517860978
23.0,35.0,70.96000000000001,1.4440524623658577
23.0,21.0,26.439999999999998,-0.45597756145519036
23.0,23.0,38.01,-0.23924191814261245
23.0,23.0,37.84,-0.1930147037256554
23.5,19.0,33.160000000000004,0.6257942741781695
25.0,31.0,76.09,1.0186794503130074
25.0,30.0,74.0,1.0782753950507777
28.0,30.0,87.44,0.5931565786801438
33.0,35.0,126.80999999999999,0.4209055797257849
35.5,49.0,212.76,0.5785743079643597
39.5,49.0,219.96000000000004,0.19139747281265818
43.5,49.0,209.68999999999997,-0.032342998990782156
47.0,49.0,251.85,-0.27201729083763854
51.5,49.0,210.81,-0.6644822565337298
51.5,49.0,196.6,-0.8114315386596231
49.5,49.0,200.85,-0.691697020381013
49.5,41.0,156.21,-0.26455777568381256
49.5,50.0,252.69,-0.5714703472675936
44.5,55.0,362.15999999999997,-0.3499805152923971
44.0,55.0,359.61,-0.025606857933961558
35.5,55.0,360.03999999999996,0.36583914588974414
22.5,55.0,390.76,0.6564822346890784
20.5,49.0,250.80999999999995,0.9772870604760525
20.5,31.0,131.2,0.6439985139536947
20.5,31.0,94.45,0.7807903930661146
20.5,28.0,82.96000000000001,0.6164690628719163
20.5,28.0,94.8,0.429675116963402
23.5,28.0,90.84,0.29391673514033895
26.5,38.0,132.64000000000001,0.44747621302326335
32.0,38.0,155.41000000000003,0.13677945779880615
35.0,38.0,133.16,-0.18345964909431478
36.0,28.0,83.24000000000001,0.07894153528035697
39.0,27.0,68.29,-0.15737508626693275
40.5,27.0,66.64000000000001,-0.3360854626004878
41.0,39.0,99.96000000000001,0.18529516598113824
43.5,39.0,128.76000000000002,0.005519237301173446
48.0,39.0,125.55999999999999,-0.3930901375638292
50.5,26.0,78.04,-0.039616637598492994
52.5,26.0,92.44000000000001,-0.182058132976179
50.5,26.0,96.28999999999999,-0.04824793824012255
50.5,26.0,100.69,-0.05868357844294972
50.5,33.0,124.55999999999999,-0.3177625851791941
50.0,48.0,237.08999999999997,-0.701527131023882
50.0,51.0,347.40999999999997,-0.6037347744482552
42.0,55.0,413.96000000000004,-0.2789949158743089
34.5,55.0,408.2,0.10032427177284828
26.0,55.0,367.60999999999996,0.48292534243841434
26.0,55.0,275.0,0.6878405713974757
26.0,37.0,142.01,0.1725080087034053
26.0,31.0,108.24000000000001,-0.09381658161238685
26.0,45.0,169.0,0.6180245789713246
22.5,45.0,166.41000000000003,0.7892638384041653
26.5,45.0,178.89,0.34587931733276156
31.5,45.0,199.56,0.058154762193033366
33.5,46.0,201.09,0.1341108672863155
37.5,37.0,151.04000000000002,0.07094278547587891
44.5,36.0,127.64000000000001,-0.2199868879311587
49.0,36.0,121.68999999999998,-0.6077229301557625
50.5,36.0,104.44000000000001,-1.1222280338214112
51.5,36.0,89.81,-1.7590573973305903
51.5,60.0,199.01000000000002,0.30367891620956894
52.5,42.0,131.8,1.1967332853113817
53.0,35.0,107.8,1.345540674356802
53.0,35.0,106.48999999999998,1.3529298874249824
52.5,40.0,126.65,1.2308944896398903
53.0,40.0,140.4,0.719160362523088
53.5,40.0,137.96,0.7006888898519414
53.5,40.0,134.64000000000001,0.7010025392113105
57.5,40.0,137.2,0.34049827937722843
65.0,40.0,139.29,-0.04216271055680322
58.0,30.0,97.28999999999999,-0.09533707614478285
54.5,39.0,142.65,-0.22256694502608024
53.0,39.0,180.08999999999997,0.016604015025033336
54.5,39.0,188.48999999999998,-0.20729802232151848
54.5,39.0,174.89,-0.340027239798519
53.0,38.0,146.81,-0.10920461290699954
51.5,38.0,170.44000000000003,0.11091078757613876
49.0,38.0,189.49,0.3034973264115415
44.5,38.0,153.04000000000002,0.6986344191584715
39.5,31.0,98.05,0.7641418299354549
39.5,31.0,91.96000000000001,0.8323521062158157
44.0,31.0,82.84,0.6818849754228884
44.0,31.0,78.00999999999999,0.726747253060982
43.0,19.0,36.81,0.0477139625833753
43.0,47.0,160.64000000000001,1.8276072056678165
43.0,47.0,161.01,1.7982103395506608
45.0,47.0,158.85,1.4767162521918646
47.0,47.0,146.64000000000001,1.4568777907115307
47.0,47.0,146.64000000000001,1.4568777907115307
47.0,65.0,231.95999999999998,0.12222129898617203
45.0,65.0,311.16,0.16453499202029284
43.0,65.0,366.0400000000001,0.34231615190237114
43.0,65.0,407.65,0.45550783821058755
31.0,65.0,433.09,0.6913794144605276
20.0,40.0,230.28999999999996,0.4906862567141443
20.0,40.0,195.44,0.7843386409739612
20.0,33.0,151.24,0.6306897608646315
20.0,56.0,293.60999999999996,1.3017186715633837
20.0,56.0,367.05,1.017726395030543
25.5,55.0,338.01,0.8659237368478478
34.0,53.0,303.69,0.7423230725920547
37.5,52.0,271.45,0.5411932550158189
37.5,51.0,239.43999999999997,0.6231998963955586
41.0,51.0,233.56,0.3274884639884435
41.0,41.0,182.41,0.6594794767467376
44.5,41.0,160.56,0.49420488154738323
47.0,82.0,535.09,1.3863816506700197
47.0,91.0,931.0899999999999,1.1537768658016652
47.0,91.0,1205.4099999999999,0.7126103309945163
56.0,106.0,1546.96,0.3583421929860999
82.0,106.0,1452.24,0.009940886245394187
107.0,106.0,1375.65,-0.3910096735715311
107.0,101.0,1008.4,-0.6506639656538612
107.0,101.0,908.8099999999998,-0.8728798989443954
107.0,86.0,535.29,-0.7043003112133003
107.0,68.0,381.21,-0.1559570408692935
98.5,68.0,473.60999999999996,0.08901000012497315
90.0,68.0,480.89000000000004,0.46226502310534523
83.0,81.0,547.5600000000001,0.650005338368257
75.0,89.0,583.4,-0.5343314445936819
68.5,89.0,639.01,-0.18783991148359974
68.0,71.0,464.43999999999994,-0.3053817275064711
61.5,61.0,349.35999999999996,-0.3259174157310319
54.0,57.0,283.0,-0.1605613551955911
54.0,47.0,238.0,-0.41572191749160664
48.5,47.0,219.25,-0.09360979561615491
43.5,47.0,216.20999999999998,0.25739930952204787
43.0,47.0,161.89,0.5207572084549348
43.0,47.0,149.89000000000001,0.7079364781238244
43.5,41.0,131.76,0.698388531440144
45.5,41.0,129.01,0.3189482280795309
49.5,41.0,126.29,0.12726036277405736
49.5,61.0,278.28999999999996,0.8169383152406862
56.0,68.0,430.64,0.584873134965362
56.0,68.0,544.8900000000001,0.46159516500822606
60.5,94.0,829.2,0.410997719516112
76.0,83.0,806.84,0.1961177370483233
93.5,111.0,1159.0099999999998,0.44564696269194803
93.5,106.0,952.21,0.4440672058229439
93.5,106.0,839.96,0.43108418623598627
93.5,106.0,713.24,0.5387890498562978
93.5,74.0,500.76000000000005,1.412501244473881
96.5,74.0,489.84,1.3920035186914927
96.5,74.0,487.41,1.281958249774212
102.0,74.0,514.9599999999999,0.8757957264172139
102.0,74.0,518.4100000000001,0.8615005322735291
102.0,74.0,532.0899999999999,0.7709558925523429
94.0,55.0,347.29,0.19983193320051837
102.0,55.0,372.49000000000007,-0.1413748701672564
107.0,55.0,345.4,-0.4340701901435202
107.0,57.0,432.43999999999994,-0.5084352718871212
107.0,64.0,564.6899999999999,-0.5318272811004674
107.0,76.0,801.8100000000001,-0.38848035676743525
88.5,82.0,1020.6899999999999,-0.10507730664485412
69.0,90.0,1099.89,0.18191723991474523
64.5,87.0,925.25,0.5683057204831747
64.5,84.0,660.29,0.770877452862073
63.5,84.0,660.05,0.8179148189516331
61.5,72.0,365.36,0.9489362679520635
59.0,41.0,138.36,-0.25694683593178375
54.0,47.0,187.89000000000001,-0.174544075736003
50.0,58.0,284.64,-0.20868759550863114
47.0,65.0,411.55999999999995,-0.18819028989880301
43.0,65.0,426.40999999999985,-0.04223668044387797
41.5,65.0,508.25,0.014452542377626528
30.5,65.0,532.25,0.32865073523898436
30.5,55.0,377.21000000000004,0.42549268717415345
30.5,51.0,270.41,0.5648497640991175
30.5,46.0,169.60999999999999,0.5810008024306412
30.5,44.0,158.65,0.46599671228367145
32.0,63.0,345.4,0.8718791416147194
32.0,63.0,323.28999999999996,0.8360305078126472
33.5,61.0,264.25,0.9721605555426802
35.5,61.0,272.89,0.6706409121159184
37.0,53.0,202.96,1.0173387181589193
37.0,45.0,163.81000000000003,1.4148039292133754
37.0,45.0,163.81,1.4148039292133758
37.0,45.0,172.35999999999999,1.3724424616650934
39.0,45.0,209.76,0.8025533566838265
39.0,105.0,926.29,1.7707589176739198
39.0,113.0,1626.6899999999998,1.3072831013207677
44.0,111.0,1716.6,0.830250001228935
57.0,111.0,1742.0100000000002,0.41899891648445015
86.0,111.0,1723.45,0.07251346813398964
92.0,111.0,1538.0099999999998,-0.08715532986697969
92.0,111.0,1396.4,-0.07226729051112744
92.0,128.0,1683.4399999999998,-0.2717953539923536
92.0,130.0,1919.61,-0.3649175105014713
92.0,137.0,2458.24,-0.2619146351830714
65.5,137.0,2397.2400000000002,0.10020936016199934
65.5,107.0,1983.0900000000001,-0.07277513844457724
53.5,107.0,1717.65,0.15278726387738775
42.0,104.0,1392.8400000000001,0.49530982909128923
42.0,104.0,1416.6399999999999,0.5069146175568305
29.0,104.0,1340.65,0.8961421279738621
29.0,104.0,1532.8899999999999,0.6219421512595709
42.5,104.0,1557.6399999999999,0.21245333649481868
65.5,104.0,1397.09,-0.11445484506802132
83.0,97.0,1202.16,-0.4086681437851049
89.0,82.0,908.61,-0.696986362835239
89.0,81.0,855.04,-0.7266891896148074
93.5,83.0,861.76,-1.1162107290418661
94.5,83.0,547.36,-1.8130433508316932
94.5,83.0,547.36,-1.8130433508316932
102.0,54.0,206.24,0.4247894892775446
105.5,54.0,192.16,0.18631434319232718
106.5,54.0,184.35999999999999,-0.20756256692230096
106.5,89.0,489.21000000000004,-1.6597195589336136
106.0,120.0,1212.16,-1.3315910260087918
101.5,125.0,1823.2099999999998,-0.8148709863391295
98.0,125.0,2220.8,-0.3878248369253013
66.5,126.0,2436.05,0.0066245515381489865
26.5,127.0,2621.36,0.3541976226388694
11.0,128.0,2475.41,0.7927782732542759
11.0,112.0,1651.81,1.295379898808051
11.0,112.0,1055.9599999999998,2.1845672666294624
11.0,39.0,124.00999999999999,1.43922913638914
11.0,56.0,246.24000000000007,2.0073069261719327
13.0,103.0,974.8899999999998,1.7572979805945614
17.5,103.0,1315.45,1.043851583053489
20.0,103.0,1594.0900000000001,0.5465044282272018
39.5,109.0,1830.56,0.17947188518322227
49.0,109.0,1599.21,0.1341678558014476
50.5,97.0,1320.3600000000001,0.1651265517616161
55.5,92.0,1109.0899999999997,0.1283361619318901
55.5,92.0,923.4,0.15568883759165228
55.5,73.0,730.7600000000001,0.4001485648497594
51.5,73.0,757.49,0.4461016642592896
50.5,73.0,664.36,0.8861934219869588
50.5,73.0,613.76,0.9961813053386155
50.5,85.0,872.6899999999999,1.0953237880682694
50.5,85.0,748.64,1.1769409328718103
50.5,85.0,744.05,1.1846030062517785
50.5,85.0,744.05,1.1846030062517785
49.0,105.0,911.36,0.9081288401258071
45.0,107.0,1071.16,0.8126724991022399
41.0,114.0,1260.4,0.74539303896092
39.5,114.0,1398.4099999999999,0.8221958931087645
29.5,114.0,1528.0399999999997,0.8500815190670677
21.0,114.0,1409.45,1.3210448914168158
21.0,87.0,619.2099999999999,1.7257893656562049
21.0,32.0,143.05,0.20760660377056708
21.0,34.0,156.89,0.2727381977621848
21.0,35.0,167.96,0.32011742533208665
25.0,35.0,163.8,0.1562690769794985
31.0,35.0,162.09,-0.20850129266308387
33.0,35.0,126.6,-0.46375436550894367
35.5,79.0,388.04,1.4498251488397549
36.0,66.0,303.41,1.955950749614764
38.5,62.0,269.6,2.0408442820738357
42.5,62.0,266.61,1.8487577464726344
44.5,62.0,257.01000000000005,1.7854594247432134
45.0,70.0,496.03999999999996,1.1893530704702968
45.5,84.0,814.16,0.8085935652236849
45.5,80.0,743.81,0.8792810667271841
47.5,80.0,692.0,0.6717983084097893
47.5,70.0,626.61,0.7764617564419908
45.5,76.0,611.49,1.2088221428650876
45.5,99.0,785.2,0.7247748439153527
44.5,105.0,1001.2,0.5155728253513204
43.0,107.0,1201.45,0.5345808892005818
38.5,107.0,1342.81,0.6394013246885566
24.0,107.0,1065.61,1.157916372299901
17.0,65.0,414.01000000000005,0.8106478157035145
17.0,65.0,383.04,1.1407906892964406
17.0,40.0,177.0,0.45480954575764393
17.0,49.0,227.48999999999995,0.7773851034887773
17.0,49.0,260.15999999999997,0.6950271830782035
22.0,50.0,336.6,0.32936677022706473
29.0,79.0,562.21,0.5933528615566566
39.0,76.0,467.43999999999994,0.5028181927397823
43.5,70.0,370.69,0.4590308824128728
46.0,62.0,278.64,0.589948158957581
49.0,60.0,292.89,0.4922929058490934
51.5,76.0,495.28999999999996,1.126897160991697
53.5,68.0,611.36,0.7485942503940594
58.5,68.0,591.96,0.6816872845998604
61.5,68.0,537.56,0.6896727312162763
67.0,68.0,509.85,0.5546395942936752
61.5,71.0,577.36,0.7665958709669652
61.5,83.0,670.2099999999999,0.5214734533573196
61.5,96.0,890.3599999999999,0.2180937508506393
61.5,99.0,1109.24,0.14769442300335223
50.0,99.0,1237.2900000000002,0.45140811403930353
34.0,103.0,999.85,0.6879501740710637
21.5,66.0,565.24,0.49612490053950736
14.0,66.0,503.76000000000005,0.9418904324419606
14.0,66.0,581.1600000000001,0.9664478571959916
14.0,65.0,420.84,1.0161994321011745
14.0,65.0,555.0899999999999,0.8339909207625821
14.0,65.0,700.5600000000002,0.4907186151614756
30.0,65.0,706.85,0.13567448772415877
49.5,68.0,767.24,-0.22925282887609083
56.5,68.0,709.6400000000001,-0.6480075894564398
56.5,68.0,528.6899999999999,-1.0846804436302628
56.5,68.0,355.44,-1.4700446166807852
56.5,48.0,197.84000000000003,-0.7182412986690335
56.5,66.0,298.85,0.0599848650281165
63.0,66.0,305.09000000000003,-0.30010167929027914
64.0,66.0,318.69000000000005,-0.3799628714203287
61.5,66.0,314.84000000000003,-0.30643363499275744
67.5,96.0,627.41,0.4636200939934715
67.5,97.0,899.36,0.3817395609117033
73.0,1001.0,82548.01,2.6135094532680565
82.0,4488.0,1769475.1599999997,2.465922875059458
106.0,5368.0,3733452.6900000004,1.4674197636629704
121.5,5331.0,3637697.8099999996,1.4578404107698915
345.5,5331.0,3551284.85,1.451483475873722
571.0,5331.0,3448901.84,1.4495881597584777
588.0,5331.0,3343336.44,1.456851880937764
612.5,5272.0,3199076.85,1.4658474373300685
612.5,5271.0,3137455.96,1.4853036517687181
671.5,5015.0,3009311.89,1.515787710382432
612.5,5255.0,3168210.61,1.508220907577836
588.0,5294.0,2202074.29,2.5541762518673763
571.0,714.0,50901.490000000005,-0.45106382169135634
475.5,714.0,55413.63999999999,-0.09521869641710395
365.5,714.0,61156.96000000001,0.24249065718828908
365.5,714.0,56468.64,0.43698629210218026
294.5,769.0,61158.65,0.7344588852720723
195.5,677.0,41249.240000000005,0.9310553151898028
146.5,697.0,44215.759999999995,1.1889099030825057
118.5,414.0,18594.640000000003,0.9149013486785196
71.5,414.0,19973.29,0.9787785645086664
51.5,414.0,20492.489999999998,1.0068128885261889
51.5,414.0,15827.759999999998,1.6914843081526785
51.5,414.0,14147.210000000001,2.2574547503918456
51.5,414.0,13871.0,2.5485159530293036
44.0,67.0,390.36,0.7431814869210449
38.5,78.0,500.40999999999997,0.5544437726989047
33.0,85.0,635.69,0.4811834311596103
33.0,85.0,706.64,0.43291071464485076
29.5,85.0,754.41,0.517797646345896
21.0,85.0,834.1600000000001,0.5973624725342712
15.5,85.0,798.9599999999999,1.0118439744694068
15.5,85.0,693.6899999999999,1.4161814916856659
15.5,56.0,260.49,1.345798512226389
15.5,34.0,127.61000000000001,0.45491311268371476
15.5,34.0,149.20999999999998,0.337544259225029
23.5,34.0,166.96,-0.04133979255121768
30.0,32.0,135.45,-0.32199794451354097
32.0,32.0,110.49000000000001,-0.733634254507807
32.0,32.0,94.44,-1.1994374632639109
34.0,27.0,51.6,-1.262616035418516
34.0,13.0,17.04,0.4053435779834308
35.5,13.0,18.359999999999996,0.053082512989295186
37.0,16.0,24.240000000000002,0.009652805509334412
37.0,18.0,33.410000000000004,0.20300917535959281
38.5,37.0,106.60999999999999,1.287210700761711
40.5,49.0,232.21000000000004,1.1094713335632977
43.5,60.0,388.45,0.9150062275281294
46.0,71.0,584.76,0.6352180209950672
46.0,71.0,556.5600000000001,0.6819860468597928
46.0,92.0,749.8399999999999,0.2755888326049168
56.5,668.0,35370.81000000001,2.570219466184519
56.5,668.0,35576.49,2.563047228479712
72.0,1682.0,255632.16000000006,2.1380853116781213
84.5,5402.0,2593109.0100000002,2.261617676480994
96.5,5402.0,2640747.09,1.8892241363146622
144.0,5402.0,2621581.4100000006,1.8959123592436904
408.0,5402.0,2547075.439999999,1.8968600395425805
506.5,5402.0,2499297.0100000002,1.9132379284477532
654.0,5402.0,2387475.409999999,1.9309157934469752
654.0,5385.0,2380510.61,1.9368563309028302
506.5,5385.0,2451082.9599999995,1.924603583615553
506.5,5372.0,2439337.96,1.9331527350454587
288.0,5372.0,2502654.0100000002,2.135818055102307
189.5,1991.0,339407.44000000006,1.8515642112267852
133.5,792.0,69047.89,1.1239136052185112
94.5,792.0,70514.29,1.1645723534271633
94.5,792.0,54019.090000000004,1.9217301535861553
93.0,792.0,49960.29,2.461470908004679
90.0,172.0,2179.4100000000003,0.799865060492131
97.5,172.0,1949.8100000000002,0.6748503159695093
97.5,104.0,982.85,-0.742961234308814
102.0,112.0,1189.81,-0.7354048167943169
102.0,112.0,1225.41,-0.725242771852937
102.0,98.0,1051.81,-0.5769201506228211
102.0,109.0,1359.6399999999999,-0.6408685905188953
97.5,111.0,1674.4,-0.2535630672736226
69.5,114.0,1871.0900000000001,0.11430223936013474
39.0,121.0,2000.3600000000001,0.4694746125695041
29.5,121.0,1958.4899999999998,0.8831581200742221
29.5,121.0,2023.2400000000002,0.8446164128869874
28.5,121.0,1471.2399999999998,1.4349425353792757
28.5,91.0,615.2899999999998,1.8172032275853045
25.0,91.0,617.1600000000001,2.0058993352104
25.0,91.0,617.2,2.0298414280453843
29.5,91.0,606.41,1.932615020032092
33.0,91.0,586.8899999999999,1.8480923096074302
33.0,91.0,561.96,1.8962349985588602
33.0,83.0,493.2900000000001,2.176908426141303
35.0,77.0,682.36,1.3620359143830545
35.0,67.0,338.65,2.0666919863841935
37.5,95.0,886.01,1.4831459465352401
37.5,95.0,948.36,1.1211839616965937
42.0,93.0,987.8900000000001,0.6732304804860162
61.5,93.0,930.85,0.3733827585842584
70.5,93.0,847.96,0.2347126805923055
71.0,93.0,755.8900000000001,0.10306347999505613
71.0,95.0,773.01,0.06985078675266322
71.0,109.0,966.8399999999999,-0.22171221017534173
64.5,109.0,1145.85,0.07434356161511743
64.5,110.0,1350.6,0.11978183465168438
45.0,85.0,1030.81,0.1151535671588406
19.0,90.0,1045.6100000000001,0.49711503646882554
12.0,76.0,733.7599999999999,0.8185378734750661
12.0,62.0,468.44000000000005,1.2877618933966826
12.0,62.0,283.76000000000005,1.9360017052660299
12.0,26.0,67.76,0.497575775701719
12.0,124.0,1204.0100000000002,2.4506164591189066
12.5,124.0,1567.21,1.5177540938874288
19.5,124.0,1579.21,1.1741030023050638
27.5,124.0,1515.7599999999998,0.9441703426901491
42.5,124.0,1411.45,0.6922039615429443
59.0,115.0,1205.7599999999998,0.5393633127118548
63.5,114.0,1009.29,0.4044762097851077
63.5,101.0,852.8900000000001,0.6726194756947774
63.5,98.0,771.64,0.8140342346042689
67.5,94.0,722.65,0.5480381210366326
67.5,97.0,756.76,0.61918128458477
67.5,97.0,914.0099999999999,0.5221914991339525
70.5,102.0,1214.0400000000002,0.23649885971754572
70.5,102.0,1311.09,0.22945084212713868
70.5,102.0,1458.2400000000002,0.280263231257466
56.0,105.0,1661.4399999999998,0.3691410199438153
40.0,119.0,1960.0900000000001,0.44476409331464384
40.0,129.0,2214.16,0.35593402939790103
39.5,131.0,2507.81,0.3370987701022796
34.0,131.0,2522.6,0.7234873728126614
23.0,131.0,1990.0099999999998,1.2567990761748624
15.5,131.0,1369.85,2.138690533923597
15.5,37.0,171.96,0.3201884538888753
15.5,34.0,133.09,0.2545467360509739
15.5,30.0,119.25,0.13937633742382702
15.5,43.0,184.36,0.5589491472586844
21.5,111.0,983.29,1.830144580434952
30.0,136.0,1953.45,1.2697958037075672
33.0,133.0,1798.0099999999998,1.1142003392314137
40.5,133.0,1654.1600000000003,1.0749462888490116
47.5,125.0,1519.76,0.8204696764671284
55.0,112.0,1624.85,0.4848101345960912
76.5,112.0,1508.2100000000003,0.14634062858619898
92.0,106.0,1216.36,-0.0322478319251969
98.5,93.0,979.2100000000003,-0.30023023713231634
106.5,92.0,733.6899999999999,-0.6007568915554977
106.5,92.0,813.6099999999999,-0.5735708212488815
98.5,85.0,814.4399999999999,-0.30949751002711184
98.5,95.0,1021.8,-0.4397158522009687
98.5,101.0,1185.64,-0.5327245126477768
98.5,111.0,1605.85,-0.31359729371642375
75.0,122.0,1796.56,-0.032035418382909395
47.5,125.0,2007.7599999999998,0.29968433850155163
35.0,125.0,2052.0099999999998,0.6669511288319229
27.5,125.0,1646.89,1.2050892792371766
27.5,161.0,2737.6900000000005,1.3624040654274716
22.5,161.0,2032.0899999999997,2.2616582501458136
22.5,313.0,9207.609999999999,1.901703177809252
22.5,313.0,13902.65,1.1274090759999693
22.5,313.0,13540.4,1.0706975567501904
50.0,313.0,13315.4,0.760694001503969
123.0,313.0,12671.84,0.43444764080352744
123.0,303.0,12055.84,0.466903129269503
123.0,300.0,11392.21,0.49588216142573266
123.0,300.0,11031.640000000001,0.5206492525964305
70.5,300.0,11381.29,0.7567842393188233
104.0,285.0,10118.49,0.6934427063928145
81.5,264.0,6530.039999999999,1.0621798259405126
70.5,161.0,2841.04,0.8752140311892987
70.5,161.0,2841.04,0.8752140311892985
63.0,161.0,2202.0099999999998,1.5010920621269104
63.0,95.0,673.2099999999999,1.2571841697403634
63.0,91.0,644.76,1.3552755513515655
63.0,107.0,797.85,0.9333225018496348
63.0,107.0,884.0899999999999,0.7803590215961606
57.5,115.0,1082.81,0.7231826698355261
47.0,70.0,589.0,0.1545055646927186
35.5,61.0,434.44000000000005,0.3599736133796808
28.0,61.0,416.81000000000006,0.791126991764298
28.0,51.0,241.8,0.9761246634368762
28.0,51.0,241.8,0.9761246634368762
28.0,41.0,182.8,0.6763446754492396
28.0,61.0,364.23999999999995,0.9682380217839935
32.0,61.0,393.2900000000001,0.5123005498465462
43.5,651.0,35693.159999999996,2.6147929068539013
49.5,649.0,35250.95999999999,2.62339919223332
50.0,646.0,34815.09,2.6335566336358487
55.0,646.0,34301.240000000005,2.6303409625115903
58.0,633.0,33467.09,2.6319873944816767
60.5,621.0,33055.490000000005,2.6424513682105344
62.0,621.0,32936.96000000001,2.6437858903862743
62.0,621.0,33079.56000000001,2.640629022439546
62.0,621.0,33237.21000000001,2.644423875421404
62.0,621.0,33111.04,2.6431901226473986
62.0,42.0,156.69,0.46105682158559436
62.0,41.0,131.16,0.282865857673129
62.0,41.0,104.21,0.5308128020771551
62.0,58.0,204.4,-0.3981142494316736
62.0,47.0,233.65,-1.0606516139465862
60.0,56.0,369.01000000000005,-0.7122706857471826
52.5,59.0,477.64000000000004,-0.3439633115524628
44.0,59.0,539.4100000000001,-0.060409456523304345
26.5,59.0,538.96,0.3410115694216287
22.5,58.0,431.43999999999994,0.7487819580837355
22.5,58.0,334.49,1.251497365824468
22.5,47.0,170.00999999999996,1.3199367518727891
22.5,26.0,74.04,0.27643264803277817
22.5,32.0,105.88999999999999,0.42662591166120417
24.5,38.0,156.85,0.31780926241349355
32.0,38.0,172.6,0.003969002042223426
37.0,38.0,170.84,-0.06666972730233618
40.0,49.0,211.16000000000003,0.02994877948242244
46.0,49.0,223.03999999999996,0.1476171011447225
49.0,44.0,203.84,0.07316420515863885
52.0,44.0,213.56,0.23786214689301952
60.5,44.0,214.4,-0.03822469902342488
68.0,51.0,244.60999999999999,0.1722757644902738
70.5,45.0,238.24,0.007655741012981616
75.0,45.0,193.69,-0.2854216204995722
80.0,52.0,207.60999999999999,0.19836158688108838
80.0,57.0,234.56000000000003,-0.04663886256821593
80.0,63.0,336.2,-0.33569732538979885
80.0,83.0,591.41,-0.5904970018017243
80.0,83.0,803.01,-0.37708078669811546
64.5,93.0,1028.8,-0.10065860294355616
47.0,93.0,1151.56,0.23630166745647285
38.0,93.0,1011.4399999999999,0.6552183926713683
34.5,93.0,806.2900000000001,1.145055148226314
34.5,93.0,645.8100000000001,1.643189540422474
34.5,70.0,383.84000000000003,1.0425521955430945
34.5,70.0,540.4399999999999,0.8341427629679634
34.5,118.0,1300.7600000000002,1.1150646597840088
42.5,118.0,1231.0099999999998,0.9829142832041873
51.5,118.0,1290.05,0.535803668891584
67.5,115.0,1254.1599999999999,0.2363278623136953
82.0,100.0,1194.7599999999998,0.07923377259404464
90.0,97.0,1147.8400000000001,-0.157960839602269
101.5,86.0,841.2400000000001,-0.34702238008497177
101.5,79.0,609.36,-0.20155157526599224
101.5,79.0,651.96,-0.15171757537997393
101.5,79.0,759.69,-0.15537522832634343
101.5,79.0,686.24,-0.2002933928937249
101.5,73.0,581.6899999999999,-0.06447970286463633
94.5,89.0,837.2,-0.12112011653422979
78.0,89.0,991.64,0.17118385546053522
72.0,89.0,883.6,0.5691295687764392
65.5,88.0,705.4100000000001,0.541307305058211
57.0,93.0,675.4399999999999,0.7794499123855075
49.0,101.0,770.1600000000001,0.9367249143734709
45.0,103.0,843.24,1.1654520794279803
38.0,103.0,869.1600000000001,1.4240508726532455
30.5,54.0,261.28999999999996,0.7092239627685719
28.0,37.0,138.01000000000002,0.53269544537456
28.0,37.0,121.85,0.6825027111934259
28.0,37.0,109.6,0.75248216875275
28.0,26.0,69.88999999999999,0.08808759067892148
28.0,26.0,83.08999999999999,-0.029802102436218773
33.5,26.0,89.81,-0.3449085154324462
36.5,26.0,71.09,-0.7301167796748732
36.5,18.0,38.690000000000005,-0.6328182502633162
36.5,18.0,28.160000000000004,-0.8839764420575323
38.5,22.0,32.64,-0.8967970244032321
40.0,28.0,60.760000000000005,1.7198225370507034
40.5,28.0,68.41,1.125259623471027
41.5,36.0,133.20999999999998,0.9414302016745749
43.5,69.0,422.96000000000004,1.4138592113772055
49.0,69.0,427.64,1.065495939503526
51.5,69.0,406.85,1.0203406073209171
51.5,70.0,419.35999999999996,0.9726825543463558
51.5,74.0,442.80999999999995,0.876989866357635
51.5,84.0,525.16,0.5713030916210611
51.5,84.0,589.96,0.5895642742238698
42.0,84.0,637.84,0.8464931393554951
31.0,85.0,710.6,0.9699130777424471
27.5,85.0,679.49,1.4442714332851645
27.0,49.0,224.24,1.3644326175547827
27.0,33.0,83.64,1.4077544754381865
27.0,64.0,315.2099999999999,2.311035146860529
27.0,82.0,750.0400000000001,1.5012087564847716
27.0,82.0,946.6899999999999,0.8926610484774663
28.5,82.0,1127.6,0.4418646905265319
45.0,82.0,1062.85,0.2075215510833976
71.5,82.0,1064.2099999999998,-0.19364963452821182
84.0,81.0,931.0,-0.5892925249337432
89.0,99.0,900.76,-0.5612569244991581
93.5,98.0,656.4,-0.904932396773672
96.5,66.0,353.03999999999996,-0.10062539328212777
99.0,66.0,348.09000000000003,-0.49936634572958405
104.0,66.0,358.89000000000004,-0.647153764463044
111.0,84.0,482.2,-0.4559219164995514
113.5,95.0,668.9599999999999,-0.31807689028510866
120.0,64.0,380.36,0.177940078072187
120.0,107.0,797.8900000000001,-1.0406769652920551
120.0,135.0,1614.85,-1.1456833007249718
113.5,145.0,2419.89,-0.7113309037840642
113.5,145.0,3031.96,-0.34086579307203196
80.5,148.0,3402.85,0.038114033214428196
35.0,148.0,3575.4899999999993,0.404298024526261
17.5,148.0,3540.21,0.7958984302341563
17.5,148.0,2696.6400000000003,1.3700201819948143
17.5,127.0,1332.45,2.0424554047555494
17.5,355.0,10639.41,2.5811016036839782
17.5,355.0,10659.84,2.5994785099355107
21.0,355.0,10565.160000000002,2.5853007743304652
33.5,355.0,10332.84,2.552429328764989
39.5,355.0,10106.4,2.4303752156244927
42.0,352.0,9783.839999999997,2.4641548945538054
44.5,349.0,9425.16,2.5010029020771265
47.5,335.0,9089.640000000001,2.5537753747874334
51.5,324.0,10723.490000000002,1.724273530186928
54.0,636.0,39401.09000000001,1.6822866060733326
54.0,636.0,35177.01,2.2983869745138175
71.0,636.0,34151.44000000001,2.2694373885796257
71.0,631.0,33868.36000000001,2.2819306042303853
83.5,631.0,33460.61,2.2907301796221837
66.5,635.0,34254.44,2.2705974107533944
66.5,649.0,34649.36000000001,2.250635896229796
66.5,651.0,35251.689999999995,2.2248733705174266
66.5,657.0,35925.61,2.196986463440031
46.5,674.0,36347.85,2.4763294652777152
33.0,130.0,1559.2400000000002,0.8213174817651377
25.0,130.0,1370.6399999999999,1.3736856197350074
21.5,79.0,470.16,1.1340259111880036
21.5,79.0,407.76000000000005,1.5985648729706174
21.5,55.0,204.24,0.7124897650427042
21.5,67.0,362.15999999999997,1.0046443781731862
21.5,96.0,798.8100000000001,1.0434777823455765
24.0,96.0,1045.1599999999999,0.5735403871830248
42.5,96.0,1056.29,0.18569758430681418
62.0,97.0,1163.96,0.10173631461372082
69.5,97.0,1113.81,-0.25772160933399996
80.0,93.0,882.96,-0.6004235024646419
92.5,85.0,654.01,-0.7352131494941792
92.5,58.0,347.56,-0.17749016995549707
96.5,46.0,240.48999999999995,-0.26160595462342734
98.0,72.0,385.23999999999995,0.5979852455576627
100.0,91.0,731.6899999999999,0.7213904213955193
106.5,3446.0,1046614.4899999999,2.6633371159889196
113.0,5014.0,2932755.6399999997,1.6527192472361965
128.5,5014.0,3944065.610000001,0.9720355291699005
152.5,5014.0,4734252.8100000005,0.4917101426361314
1839.5,5014.0,4895855.839999999,0.07976381931197023
3978.0,5663.0,5284686.29,-0.25688238162095395
4481.0,5638.0,4747101.41,-0.6881914376994531
4481.0,5594.0,3622209.840000001,-0.9792362180372005
4481.0,5721.0,3712571.6100000003,-0.9915861702882822
4481.0,5721.0,3808584.8899999997,-1.0020900351113937
4481.0,5721.0,4972072.25,-0.6149407600969868
3682.5,5721.0,5429602.25,-0.19260838272238426
1488.5,5721.0,5655796.01,0.20072997413335852
54.0,5721.0,5308349.209999999,0.6270312160774111
52.0,5721.0,4759222.01,1.1257736273604861
52.0,5056.0,2737267.4400000004,1.7975722717255094
52.0,2910.0,748305.3600000001,2.66535685914707
52.0,126.0,1079.7599999999998,1.7685405234834293
53.5,116.0,1287.76,1.228603946727404
55.5,297.0,7249.24,1.999862068853243
58.5,290.0,6817.81,1.970112257432434
82.0,277.0,6582.640000000001,1.717137080948889
112.0,275.0,6228.29,1.5576813833759537
127.5,275.0,5763.41,1.5035720321956936
129.0,274.0,5130.610000000001,1.618738323349673
138.5,268.0,4371.5599999999995,1.8204581857703122
138.5,224.0,3710.65,2.3333769300166187
129.0,280.0,4684.49,1.7140774972109891
129.0,287.0,5595.36,1.3867500973852338
118.0,129.0,2098.2,-0.5878365701950339
118.0,129.0,2604.45,-0.2984064723334783
82.0,123.0,2361.09,0.049581444725909314
56.0,123.0,1993.0400000000002,0.3827034508378079
49.5,123.0,1726.2900000000002,0.8376072163301985
49.5,123.0,1388.96,1.3324377417369826
49.5,87.0,544.1600000000001,1.5091125027794412
49.5,41.0,175.24,-0.2066767599627978
50.5,41.0,175.76000000000002,-0.2504307119717339
52.0,113.0,906.8400000000001,1.7467409224191162
57.0,110.0,1097.49,1.1711112402428248
61.5,101.0,1199.25,0.7756393626995963
64.5,101.0,1133.25,0.7089612213151378
64.5,101.0,1162.16,0.7206897706999776
64.5,91.0,1091.56,0.8023322128588486
65.5,91.0,1085.2,0.7953774636362473
65.5,91.0,1045.69,0.7948104367315875
67.5,92.0,1336.96,0.39133738033484716
95.0,92.0,1396.3600000000001,0.010877470738078397
79.0,92.0,1194.6,0.2767278393392439
67.5,92.0,1187.89,0.6741870850539855
63.0,98.0,1142.24,1.0950157488551313
60.0,111.0,1348.04,0.9812120145036117
60.0,116.0,1539.44,0.8564627315790481
60.0,120.0,1729.8399999999997,0.7673558783931705
50.0,123.0,1953.0899999999997,0.8185216727822981
35.5,123.0,2096.29,0.9326771306620842
26.5,123.0,1402.6100000000001,1.5354101704789456
25.5,70.0,434.2,1.5288427233482869
25.5,41.0,133.76,1.4689985990359173
25.5,25.0,64.64,0.7847463013569771
25.5,40.0,128.09,1.4283626074834799
25.5,57.0,309.43999999999994,1.2591541888126718
28.0,119.0,1223.36,1.6781636272333031
35.5,119.0,1843.2099999999998,1.0312602871743466
49.5,114.0,2104.2400000000002,0.5690956766975687
65.5,116.0,2281.24,0.18324281002422163
102.0,113.0,2207.0,-0.1846144374834637
128.5,111.0,1827.0,-0.5643480839709889
128.5,98.0,1255.4099999999999,-0.8955116209452426
128.5,83.0,754.76,-1.3574566163431865
128.5,66.0,339.40999999999997,-1.937157400481591
128.5,27.0,80.84,-0.33835182292180077
127.0,55.0,239.45,-1.2896154862093716
127.0,55.0,241.84,-1.2783438545425136
124.5,55.0,307.29,-0.7247274454804323
119.0,82.0,586.09,-0.9635097271265682
114.5,117.0,1223.76,-1.164971579113389
104.0,120.0,1728.8100000000002,-0.7205650222587388
90.0,124.0,2134.41,-0.31674269566970586
71.5,124.0,2193.6899999999996,0.057203546701872714
38.5,124.0,2028.8399999999997,0.4572986558386272
18.0,124.0,1796.8399999999997,0.924137383125236
18.0,124.0,1640.4900000000002,1.363105627047754
18.0,83.0,651.6099999999999,1.461525819614353
18.0,46.0,222.4,0.892401294272634
18.0,31.0,146.65,0.47164318956816115
24.5,37.0,194.65,0.20105321889639408
35.0,37.0,203.64000000000001,-0.19340442701268173
40.0,91.0,626.8400000000001,1.3922646444428775
42.5,381.0,11664.41,2.4499747301354833
44.0,381.0,11339.05,2.302121797217125
47.0,362.0,10739.44,2.334684714019842
65.5,356.0,10361.560000000001,2.211763552941468
91.5,356.0,9945.61,2.198060647411819
91.5,351.0,9508.96,2.2616088440872386
91.5,349.0,9230.89,2.32043799795407
102.5,349.0,8892.759999999998,2.1307551473627853
105.0,328.0,8217.490000000002,2.2713551677145936
103.5,328.0,8271.089999999998,2.2720184903803724
98.5,103.0,860.0,0.8070927197628772
89.0,144.0,1359.41,0.22533550655511816
87.5,154.0,1922.2100000000003,0.039455318386827476
72.5,154.0,2127.41,0.337685843290011
64.5,156.0,2350.36,0.6275671358917085
42.5,156.0,2533.84,0.8539757093113072
17.5,156.0,2710.8,1.023363300778487
15.5,96.0,1278.1599999999999,1.0667702985851684
15.5,86.0,741.9599999999999,1.5172738021885475
15.5,53.0,377.64000000000004,1.076985180763575
15.5,144.0,1803.6100000000001,2.1458640233816593
15.5,148.0,3122.81,1.272700445431477
27.0,148.0,3026.8100000000004,1.0246529034996146
40.5,148.0,2843.0,0.9904612418764495
40.5,148.0,2664.4399999999996,1.0224495945776537
40.5,148.0,2494.01,1.0646025768623797
49.0,140.0,2207.2,1.1436299960358367
51.0,124.0,1989.89,1.2531454848437662
53.5,124.0,1896.2900000000002,1.2659513170077012
53.5,124.0,1883.0099999999998,1.2260430276731922
53.5,124.0,1850.85,1.2234931536526108
53.5,118.0,1430.6400000000003,1.209094781495814
53.5,144.0,2497.56,0.9236730793837236
61.0,162.0,3498.69,0.5531346462029546
98.5,160.0,3153.8399999999997,0.2838768510160702
129.0,365.0,10842.360000000002,1.5645377823500701
129.0,388.0,11389.65,1.4583605223759277
129.0,398.0,12084.960000000003,1.338418032957594
129.0,398.0,12839.640000000003,1.2416198217069458
129.0,400.0,13797.6,1.166664202804088
77.5,400.0,14668.6,1.3215173916588507
31.5,400.0,15154.359999999997,1.4584562813196595
31.5,400.0,14790.039999999997,1.8064650939801192
30.5,400.0,13761.25,2.345382645589979
30.5,400.0,13516.61,2.624495695047817
30.5,71.0,405.96000000000004,1.4094057333217151
36.0,71.0,627.21,0.8715597867822887
39.0,90.0,907.05,0.6215272166653019
43.5,90.0,1032.0099999999998,0.28897527451373695
65.5,97.0,1114.96,0.13184073065708207
85.0,96.0,1185.81,-0.00763685825324342
94.5,109.0,1323.8400000000001,-0.185529447017825
104.0,109.0,1146.29,-0.587185957842902
104.0,103.0,744.21,-0.624084070459316
104.0,78.0,496.96000000000004,0.1265344732610076
104.0,78.0,505.0,0.1286341532719762
104.0,78.0,468.25,0.002842338571889064
102.0,94.0,746.89,-0.23560525970376467
95.5,114.0,1182.01,-0.31046019552572174
87.0,124.0,1543.3600000000001,-0.099808523614635
74.5,129.0,1636.1600000000003,0.152354485712686
58.0,98.0,1247.04,0.10591224157475772
40.0,85.0,1034.61,0.35410976078776707
25.0,85.0,911.4900000000001,0.7852570996054934
22.0,85.0,861.0900000000001,1.206628584677894
22.0,85.0,625.0899999999999,1.9315781560986915
22.0,35.0,134.8,0.8127411946986584
22.0,64.0,349.69,1.7908310844609052
22.0,64.0,558.8399999999999,1.1244890458656964
28.5,64.0,667.49,0.6066252785211125
37.0,64.0,687.4399999999999,0.19488369699109384
52.0,64.0,617.4100000000001,-0.15216474459195947
64.0,64.0,507.16,-0.5102464540476879
64.0,55.0,336.61,-0.7156888991055832
64.0,46.0,204.69,-0.8089156832413723
64.0,38.0,131.76,-0.5016667431539539
64.0,31.0,104.25,-0.17586999406596862
64.0,29.0,83.24000000000001,-0.27882352513154246
64.0,197.0,3080.360000000001,2.5645051411353244
64.0,525.0,24860.359999999997,2.1817981757676996
64.0,525.0,24543.289999999997,2.154458735934701
66.5,525.0,24474.439999999995,2.155812561981661
64.0,525.0,24561.2,2.153419218494323
63.5,537.0,24968.239999999998,2.1329601948203143
63.5,561.0,25835.8,2.080713844222452
63.5,563.0,26595.8,2.0393630706852215
63.5,564.0,27317.690000000002,2.0063943005048523
47.5,567.0,28297.289999999997,1.9861459926877987
24.0,567.0,27074.809999999998,2.478479801508767
16.0,105.0,1100.4,1.1808746289495742
16.0,62.0,441.64,1.0138129917461525
16.0,72.0,535.8399999999999,1.1789288244839884
16.0,115.0,1286.0400000000002,1.5537763072671227
16.0,115.0,1473.36,1.102914491190589
22.5,115.0,1574.8899999999999,0.6377279590979438
51.5,599.0,29403.04,2.429664019571642
78.0,599.0,28818.239999999998,2.2257421063519183
78.0,596.0,28194.21,2.264101140416933
78.0,585.0,27485.01,2.3095602084814773
78.0,580.0,26987.890000000003,2.3419265283194144
80.5,568.0,35771.89,1.431947202572494
102.0,779.0,70487.40999999999,1.0751854524553144
80.5,779.0,72948.29,1.0733493552654279
132.0,1133.0,144649.01,0.9641734863746886
325.5,1133.0,137439.2,0.7675716296323433
325.5,1133.0,162740.36,0.5900713129749627
472.5,1145.0,204432.00999999998,0.23212398267903311
638.0,1137.0,182658.00999999998,-0.0924031808981023
808.5,1137.0,162276.25,-0.4731161451852529
808.5,1137.0,146245.0,-0.4083307264124759
881.5,1450.0,191125.0,-0.39948217373952216
1000.0,1560.0,247151.88999999998,-0.3520317033539788
1111.5,1424.0,170925.25,-0.5634538459699024
1000.0,1424.0,168629.09000000003,-0.39628144483585676
1117.5,1424.0,148402.64,-0.8544205277841933
