27.0,108.0,1752.6399999999999,0.7166073175305507
27.0,104.0,1663.8400000000001,0.7573702031916766
22.0,100.0,1233.64,1.3167049041866068
27.0,102.0,1616.36,0.7530368239085823
22.0,102.0,1715.56,0.7746272788568229
26.0,102.0,1683.2399999999998,0.7523494120127748
26.0,102.0,1267.36,1.2666642079297106
32.0,100.0,1591.8400000000001,0.7554447778559301
32.0,102.0,1635.4,0.7334374026931286
26.0,102.0,1753.4399999999998,0.7799742455264613
26.0,102.0,1729.9600000000003,0.7816956114638356
26.0,104.0,1784.0400000000002,0.765828120703633
21.0,110.0,1913.6399999999994,0.7442707008698727
12.0,110.0,1501.8,1.2974989800472811
21.0,116.0,2067.84,0.7540402943381376
13.0,116.0,2134.4,0.7992344988453138
13.0,116.0,2202.4,0.8696913494138391
13.0,116.0,1696.9600000000003,1.1440975208908846
14.0,116.0,1629.16,1.0162773168163726
15.0,116.0,1609.9600000000003,1.0151502977235274
15.0,116.0,1129.6400000000003,1.6639786558997105
22.0,116.0,1577.64,0.9953295288874088
26.0,112.0,1451.3600000000001,1.0503249504717023
27.0,104.0,1340.1600000000003,1.1115811377574498
27.0,116.0,1528.8,1.198717519585182
29.0,116.0,1449.44,1.2243075048066745
33.0,114.0,1345.16,1.2629547811417456
29.0,114.0,1418.24,1.4403743623681224
29.0,114.0,1484.2,1.1203499961732195
29.0,120.0,1527.0399999999997,1.080418653872478
28.0,124.0,1660.36,1.0149497216895975
25.0,124.0,1293.7599999999998,1.6985045075547673
26.0,124.0,1289.0,1.6930190387522648
22.0,124.0,1357.7599999999998,1.6666313346516333
16.0,72.0,405.44,1.4934071451181639
16.0,100.0,981.4399999999999,1.3338557915478269
12.0,100.0,1041.9599999999998,1.4732187190174457
9.0,100.0,1082.5600000000002,1.4896825622571332
9.0,100.0,816.1600000000001,2.3988143837642624
11.0,100.0,810.56,2.3840385847743026
14.0,100.0,791.36,2.3109416803293987
12.0,100.0,798.24,2.3194138531574846
12.0,120.0,1735.2,1.4707926256372086
13.0,120.0,1719.0399999999997,1.469394291004949
14.0,120.0,1651.2,1.4739856608522786
14.0,120.0,1110.24,2.5111324168405753
16.0,118.0,1820.1599999999994,1.4567692734062991
18.0,112.0,1750.4399999999998,1.478763623535075
18.0,112.0,1696.0400000000004,1.4211727647704369
20.0,112.0,1655.8400000000001,1.416975822826853
21.0,112.0,1635.36,1.2185487427214183
21.0,110.0,1599.2399999999996,1.240127986255445
20.0,106.0,927.2399999999998,2.075083687491731
23.0,102.0,929.1600000000002,1.6933969532587094
29.0,102.0,1070.6,1.072016489704175
29.0,106.0,1106.2399999999998,1.0305785474070026
23.0,78.0,576.04,0.9813422195218909
29.0,96.0,976.8,0.7627180699318098
23.0,102.0,1120.16,0.7394507115427361
19.0,102.0,1179.2399999999996,0.7559726899812348
19.0,102.0,1152.36,0.8772261347087507
17.0,102.0,1169.96,0.8777722956209033
15.0,102.0,1182.4399999999998,0.8914043270263072
13.0,102.0,1146.5600000000002,1.280041402920745
13.0,118.0,1625.96,1.3303847792079553
16.0,118.0,1572.2,1.2048649947920302
17.0,118.0,1531.56,1.217043439384442
17.0,118.0,1045.16,2.015741195594954
23.0,110.0,1601.9600000000003,1.2590418023267098
27.0,108.0,1523.2399999999998,1.2822932692637108
22.0,108.0,1601.6400000000006,1.3598966232552172
22.0,106.0,1580.2,1.3710206734922155
27.0,106.0,1993.7599999999998,0.785942075205661
34.0,106.0,1863.2399999999998,0.7494331944503596
28.0,104.0,1399.56,1.308323240196912
27.0,104.0,1443.8399999999997,1.3710131085650699
28.0,104.0,1719.8400000000001,0.7997581159219259
31.0,104.0,1694.7599999999998,0.7848752314673656
27.0,102.0,1252.9600000000003,1.357174635843601
31.0,102.0,1222.6,1.2304550758738222
31.0,106.0,1248.8400000000001,1.1961903104637457
31.0,106.0,1260.6399999999999,1.1845842177322656
27.0,98.0,700.8399999999999,1.904973549629263
27.0,98.0,709.6,1.8080099690806277
25.0,98.0,758.24,1.747613353290144
25.0,98.0,800.96,1.6812841630182236
25.0,96.0,771.4,1.6479118828987518
23.0,96.0,781.9599999999999,1.7373699426519917
20.0,96.0,794.56,1.7504593576445622
20.0,96.0,763.2399999999999,2.032547494850212
24.0,96.0,740.2,1.7878734770216265
24.0,96.0,726.4399999999999,1.8121795320125522
20.0,96.0,757.16,1.8008319489974076
19.0,96.0,746.2400000000001,2.1050995010732727
21.0,112.0,1448.0400000000002,1.3289957882043626
21.0,108.0,1425.0,1.3478441265493886
21.0,108.0,956.0,2.2141627556385473
21.0,108.0,956.0,2.2141627556385473
26.0,108.0,1423.3600000000001,1.2978048616683469
22.0,108.0,1450.2399999999998,1.3118339261547975
21.0,108.0,1492.3600000000001,1.4393288012016598
22.0,108.0,1457.7599999999998,1.4279456521461655
25.0,108.0,1384.0400000000002,1.2761565600345828
25.0,108.0,1416.8,1.254163684756132
22.0,96.0,781.7600000000001,1.981734893527453
25.0,96.0,804.8,1.5204344569643058
22.0,108.0,922.4400000000002,1.409797809186003
21.0,108.0,965.64,1.3892205117723055
17.0,62.0,369.44000000000005,0.9206397383781687
17.0,96.0,856.3600000000002,1.0769994767559135
14.0,96.0,884.96,1.1001878372678877
12.0,96.0,940.64,1.1863295508605574
12.0,96.0,1289.4399999999998,0.9770550762775401
12.0,96.0,1260.0,0.8860436224810962
15.0,96.0,1241.64,0.8640613502013976
15.0,96.0,1145.7599999999998,1.211335766959414
24.0,110.0,1608.0,0.7503652319376821
24.0,110.0,1565.76,0.7466652654015163
27.0,106.0,1414.4399999999998,0.7834878091540962
23.0,106.0,1134.76,1.3644012861557457
27.0,106.0,1356.6399999999999,0.8015431991808402
29.0,92.0,1186.4,0.6587225567299616
27.0,96.0,1078.7599999999998,1.1447934627479097
23.0,96.0,1140.8400000000004,1.1413655260239695
27.0,96.0,1101.1599999999999,0.94139413851157
23.0,96.0,1132.2,0.9492533258287088
23.0,82.0,638.5600000000001,1.3639691031176602
23.0,82.0,638.56,1.3639691031176606
24.0,88.0,1024.6399999999999,0.8726914895312106
24.0,90.0,1066.2399999999998,0.8472227898525804
19.0,96.0,816.0400000000001,1.357644689201501
19.0,96.0,734.4,1.7755710205191126
24.0,96.0,851.5600000000001,1.1325541916732802
24.0,100.0,916.8400000000001,1.0309544981743681
19.0,100.0,947.2,1.3351990163562555
23.0,102.0,1414.24,0.8144118771091008
23.0,102.0,1414.2399999999998,0.8144118771091008
31.0,102.0,1368.16,0.6778413937535585
31.0,102.0,955.24,0.9953660826918173
36.0,102.0,898.5600000000001,0.8731560694465162
39.0,102.0,1009.4399999999999,0.4753422698752111
39.0,102.0,1080.36,0.5251291195365415
39.0,120.0,1587.3600000000001,0.6370754140124995
39.0,116.0,1425.0,0.7361611416108875
39.0,106.0,1236.0,0.8566340507827949
37.0,106.0,995.8399999999999,1.4672892823185018
39.0,106.0,966.4399999999999,1.2702770768341256
39.0,106.0,977.4399999999999,1.0489507353444003
37.0,106.0,1084.96,0.9940457127504188
32.0,112.0,1218.2399999999998,0.9382853797614031
26.0,112.0,1096.6399999999999,1.4764016000549687
32.0,112.0,1422.4399999999998,0.8667179860790011
26.0,96.0,880.3600000000002,1.176636796309697
32.0,96.0,926.7599999999999,0.7755237921603434
33.0,96.0,925.4399999999999,0.7576855035511263
27.0,102.0,1036.8,0.7242203191014943
14.0,102.0,1043.24,1.0717656288119444
14.0,102.0,939.2,1.4892087195256547
11.0,102.0,959.24,1.4832190612380267
11.0,106.0,1007.04,1.4167745012545478
12.0,106.0,1000.0400000000002,1.4184529465214535
12.0,130.0,1423.4,1.7222152589081763
19.0,130.0,1379.24,1.694094448291907
15.0,130.0,1280.8,2.2065024098952297
15.0,130.0,1777.4399999999998,1.4302035730352676
22.0,130.0,1677.7600000000002,1.3950025423728116
22.0,130.0,1677.7600000000002,1.3950025423728116
22.0,130.0,1672.0,1.344062651931712
29.0,130.0,1610.56,1.1075135445267017
32.0,118.0,1428.8,1.2136894676476309
32.0,118.0,1391.2400000000002,1.2483456625719693
31.0,90.0,623.24,1.671693186577187
32.0,92.0,1005.4399999999999,1.027108131440789
32.0,94.0,1053.44,0.9664289148232305
31.0,94.0,731.24,1.5395507150552803
31.0,94.0,730.56,1.5195897462785388
31.0,98.0,761.16,1.4368222996299558
24.0,98.0,794.76,1.5656564489185523
16.0,100.0,774.2399999999999,2.034615361418642
16.0,100.0,1266.56,1.276340978316562
13.0,102.0,1338.2400000000002,1.2516105395300212
11.0,102.0,1397.7599999999998,1.3332725566950347
8.0,98.0,801.76,2.258604779602902
6.0,98.0,810.5600000000001,2.257483020991548
6.0,98.0,813.6400000000001,2.2641302501525793
6.0,98.0,835.36,2.139580119092902
8.0,108.0,1534.2400000000002,1.2938857361324894
8.0,108.0,1507.8400000000004,1.1799917843442795
12.0,108.0,1461.6400000000006,1.1857585239814228
12.0,108.0,959.24,1.9851210062106872
17.0,108.0,1551.04,1.2176168600760933
17.0,108.0,1551.0400000000002,1.217616860076093
24.0,106.0,1451.2,1.2124397684584698
27.0,106.0,1359.2,1.2366375537325245
31.0,106.0,1683.5600000000002,0.7153406060170773
27.0,106.0,1749.44,0.7753038166070411
24.0,106.0,1369.6399999999999,1.356819302828434
24.0,106.0,1540.6399999999999,0.9000577312695157
27.0,106.0,1482.4,0.5928169852860203
27.0,106.0,1494.76,0.5910176424701764
25.0,106.0,1097.0,1.0463006078006665
27.0,94.0,1297.0,0.6391777637070067
25.0,108.0,1459.24,0.5599047399126648
25.0,108.0,1459.24,0.5599047399126647
25.0,102.0,1241.6399999999999,0.4881936096442015
28.0,102.0,1208.04,0.46420006562873894
28.0,102.0,1302.4,0.4239136386584688
25.0,102.0,1270.4,0.8398856588218212
25.0,118.0,1846.56,0.820130120455664
25.0,120.0,1950.2399999999998,0.8017265386157977
21.0,120.0,1984.1599999999999,0.8223269610230998
21.0,120.0,1516.96,1.3803875327905992
26.0,126.0,2186.56,0.8506963874526243
25.0,126.0,2194.6,0.8564504005229449
21.0,126.0,1991.8400000000001,1.3535459760555029
21.0,126.0,2004.2,1.3789393778491286
24.0,126.0,2496.04,0.799445225462186
24.0,126.0,2353.6400000000003,0.8139967454286695
24.0,126.0,1801.6399999999999,1.3884411548868023
25.0,112.0,1651.56,1.4638291412214737
28.0,110.0,1987.5600000000002,0.8676297777617018
27.0,110.0,1999.2,0.8677572066486036
24.0,106.0,1470.56,1.4607193806365932
24.0,118.0,1581.76,1.378124640286374
27.0,118.0,1540.0,1.3603211606886565
27.0,120.0,1662.7599999999998,1.2887126075555444
24.0,114.0,958.24,2.1196296146722937
20.0,114.0,971.0400000000002,2.1488729296970552
16.0,114.0,1028.1600000000003,2.184013596997997
12.0,114.0,1061.9599999999998,2.2940309604926
9.0,28.0,84.64,0.720226843100189
9.0,30.0,110.24000000000001,0.8242546741538653
9.0,30.0,109.16,1.0036861005433169
10.0,30.0,103.4,0.7852155221406353
10.0,30.0,71.36,1.2033194048580336
11.0,112.0,994.2399999999998,2.3805221024224017
14.0,112.0,972.64,2.354568391808326
12.0,112.0,980.1600000000001,2.362198758050495
14.0,110.0,938.4399999999999,2.4161072536833768
16.0,104.0,1574.2400000000002,1.4169492190294692
16.0,108.0,1596.16,1.4035387064859934
16.0,108.0,1629.4400000000005,1.4690220523594661
16.0,108.0,1591.2400000000002,1.4637601613579043
18.0,108.0,2010.7599999999998,0.8520428654812485
20.0,108.0,1956.1599999999999,0.845316453193142
19.0,108.0,1456.96,1.4550361486080146
19.0,108.0,1441.96,1.4353847422173927
21.0,108.0,1382.76,1.393147030598043
21.0,114.0,1475.5600000000002,1.311829916414033
19.0,108.0,844.8399999999998,2.164115861874637
19.0,108.0,852.9599999999998,2.1437995353772
21.0,108.0,1257.0,1.2601556257222462
20.0,108.0,1345.0,1.2338917611893543
12.0,94.0,723.84,1.8989517797045943
12.0,98.0,1268.0,1.203928146078946
8.0,98.0,1289.76,1.2299960602061797
6.0,98.0,1330.56,1.3188822116265166
6.0,98.0,1349.76,1.4762014082805297
7.0,98.0,1303.56,1.4627195937867812
9.0,98.0,1269.7600000000002,1.3166015210104594
12.0,98.0,1228.0,1.3061726392610313
12.0,98.0,748.0,2.2313585305183996
14.0,96.0,704.84,2.188584890245209
14.0,92.0,683.36,2.2552273964847123
14.0,26.0,66.24,0.7144168213688978
15.0,30.0,97.96,0.48477417673900464
19.0,174.0,2456.3599999999997,2.5052021036832017
24.0,174.0,2371.3600000000006,2.4501094806662302
24.0,174.0,2352.64,2.4603442677839826
20.0,174.0,2419.04,2.4644986710999977
24.0,174.0,2887.0400000000004,1.6425903837428457
24.0,174.0,2887.0400000000004,1.6425903837428455
20.0,174.0,2965.1600000000008,1.6335519152845792
20.0,178.0,2997.1599999999994,1.6175515262239302
27.0,178.0,3155.24,1.1770094847660555
16.0,178.0,3340.6399999999994,1.1838251773684805
13.0,112.0,1496.1599999999999,1.3194801592128065
12.0,112.0,1546.56,1.4979722212650153
12.0,112.0,2046.4,0.8840561099087404
13.0,112.0,2003.4,0.8606672215306347
13.0,102.0,1358.56,1.4274728731379598
13.0,102.0,1358.56,1.4274728731379596
16.0,114.0,2005.1600000000003,0.8581967785298513
20.0,112.0,1885.1600000000003,0.8294823076157455
20.0,112.0,1548.2,1.3774216838084272
23.0,112.0,1472.9599999999998,1.3842816668106113
25.0,122.0,2061.0,0.8526964671490945
27.0,114.0,1884.0,0.8625016313911642
27.0,114.0,1589.16,1.4374472876529185
28.0,114.0,1559.4,1.4311251681761425
29.0,114.0,1919.4,0.8373810248755859
29.0,108.0,1873.44,0.8589149540662776
29.0,108.0,1465.8,1.4699119935689315
29.0,114.0,1536.64,1.428362119525028
31.0,114.0,1506.4400000000003,1.4055823786658805
31.0,118.0,1587.36,1.3456736979193524
29.0,108.0,861.6,2.2222990875105086
24.0,114.0,940.96,2.167695096449203
25.0,114.0,1392.3600000000001,1.2963022321231101
18.0,114.0,1461.16,1.3237761496333151
15.0,98.0,750.56,2.0940662405190738
12.0,98.0,782.76,2.084757435532384
12.0,98.0,1338.5600000000002,1.3266358138621595
12.0,98.0,1338.5600000000002,1.3266358138621597
12.0,98.0,1359.2400000000002,1.4659628802815616
12.0,98.0,1367.0399999999997,1.4650979071908927
12.0,98.0,1455.36,1.0390157286466684
14.0,96.0,1374.56,1.0172984723405716
14.0,96.0,882.24,1.5397070796022347
19.0,96.0,845.76,1.4182941841305265
29.0,120.0,1560.84,1.0614391678179511
29.0,118.0,1485.9599999999998,1.1088558376604942
21.0,118.0,1158.6,1.8364834474888558
24.0,118.0,1125.6,1.84938829269112
29.0,118.0,1585.6,1.1053891264776918
31.0,112.0,1469.6,1.1692074818249432
31.0,112.0,1447.2399999999996,1.3925050293208532
32.0,112.0,1424.8,1.3892723869606847
32.0,112.0,1604.8,0.8842429240125588
31.0,112.0,1612.36,0.8896250865181099
29.0,108.0,1127.56,1.306256075134082
29.0,108.0,1180.1599999999999,1.2534947064855786
31.0,108.0,1462.7600000000002,0.7121032565174416
31.0,108.0,1577.6,0.6767876807177903
29.0,100.0,1170.6,1.0865361304357026
19.0,104.0,1280.3600000000001,1.0922552814796354
19.0,110.0,1830.4399999999998,0.7304213725548291
8.0,110.0,1915.36,0.7973785773766465
8.0,110.0,1557.7599999999998,1.2486164216131388
8.0,110.0,1573.1600000000003,1.332575925698219
13.0,114.0,2108.84,0.7703721595429934
17.0,114.0,2062.4399999999996,0.7647583503904247
17.0,114.0,1630.76,1.2828058545996346
23.0,114.0,1621.1599999999999,0.9279177059724647
31.0,136.0,2244.2,0.5927171156604147
37.0,128.0,1964.2,0.6208705608072027
36.0,128.0,1667.56,1.0994308076021253
36.0,126.0,1651.2,1.1159339120381815
39.0,126.0,1887.36,0.6306091969687386
39.0,126.0,1887.36,0.6306091969687385
33.0,126.0,1626.24,1.1448153890317476
39.0,126.0,1519.56,0.998152505306568
39.0,126.0,1551.3600000000001,0.9920771412276739
30.0,130.0,1697.7599999999998,1.169859897536532
20.0,106.0,892.64,1.375206216526249
20.0,108.0,1423.0399999999997,0.9661907044737669
18.0,108.0,1542.56,1.052247910022076
18.0,108.0,1588.0,1.0359829277795656
12.0,108.0,1063.8400000000001,1.7082282264233082
12.0,108.0,1577.1600000000003,1.0303570973896328
5.0,108.0,1633.4399999999998,1.052964674049931
5.0,108.0,1575.8400000000001,1.4285573682208865
4.0,108.0,1617.9600000000003,1.4920630199170193
4.0,108.0,1586.2399999999998,1.350718755896657
7.0,106.0,1529.96,1.3460677199614604
7.0,98.0,819.5599999999998,2.261610718342529
11.0,98.0,860.96,1.7478782212668558
13.0,144.0,2128.16,1.3967624959989475
23.0,142.0,1990.6,1.3370221457522586
17.0,142.0,1622.6,2.0920069487822794
20.0,142.0,1552.8400000000001,2.148942015333181
26.0,142.0,2397.6400000000003,1.2722901411975431
26.0,134.0,2293.76,1.3232511009849046
22.0,134.0,2326.4,1.335896251687286
32.0,134.0,2203.4,1.2952490304877733
42.0,128.0,2142.56,0.9601163638318898
32.0,132.0,2320.0399999999995,0.9848607022282256
22.0,132.0,1547.2399999999996,1.5011680051063399
20.0,132.0,1596.9599999999998,1.5768609182651245
22.0,132.0,2005.44,0.9330294342555501
21.0,136.0,2136.84,0.8872372419112177
18.0,112.0,1328.1599999999999,1.21434322993138
16.0,112.0,1398.56,1.2025805834406786
16.0,112.0,1859.3600000000001,0.7032187550070751
10.0,112.0,1964.9600000000003,0.8685448129458931
6.0,112.0,1679.3600000000001,1.4475208621370805
5.0,112.0,1723.0400000000002,1.4611853199777354
5.0,112.0,1681.6399999999999,1.3946209500009161
5.0,112.0,1690.6,1.4104680988703084
5.0,104.0,890.6,2.408478578715464
9.0,104.0,865.6400000000001,2.3633457275239764
13.0,110.0,1577.9599999999998,1.402127457890326
16.0,110.0,1499.2,1.380092557184425
16.0,110.0,924.6399999999998,2.286980953315777
16.0,110.0,903.4,2.3284817053711464
21.0,118.0,1639.8399999999997,1.386712208894101
21.0,112.0,1601.8,1.4191919401654107
18.0,112.0,1620.6399999999999,1.4320869413070467
18.0,112.0,1640.0,1.4256551724519368
21.0,112.0,2033.9600000000003,0.8268788465068341
21.0,112.0,2084.2,0.8240961301950324
14.0,112.0,1664.0400000000004,1.4188754762909164
10.0,120.0,1766.7599999999998,1.4142577569452544
10.0,120.0,1864.8,1.0875782585068412
10.0,120.0,1899.2399999999998,1.0810813547324036
9.0,110.0,1155.8400000000001,1.7244744357946882
9.0,110.0,1162.4399999999998,1.7232302748493797
9.0,110.0,1764.36,1.0444887942118242
7.0,110.0,1805.6399999999999,1.0437243545382655
7.0,106.0,1124.04,1.5658996112114265
5.0,106.0,1143.3600000000001,1.5669544895557903
5.0,106.0,1121.8,1.424627661339805
6.0,104.0,1095.04,1.4469572148320338
6.0,104.0,924.8,2.1750801678142673
8.0,104.0,896.8,2.092572683637138
17.0,104.0,903.2400000000001,1.7016897213591662
27.0,104.0,863.5600000000001,1.5326271276759187
20.0,46.0,220.95999999999998,0.32893315603255635
20.0,44.0,188.8,0.3978109309131677
20.0,52.0,291.24,0.5275312641961984
24.0,50.0,244.84,0.5270213994601778
21.0,50.0,249.64000000000001,0.7230584193136855
24.0,46.0,211.56,0.6001166329461126
29.0,94.0,719.2,1.6166378235503367
29.0,94.0,725.16,1.6121063009770669
23.0,102.0,798.24,1.6978278991244087
20.0,102.0,852.8400000000001,1.7789826343666268
23.0,102.0,834.6,1.6041719932839231
23.0,106.0,893.1600000000001,1.4836332426487462
20.0,106.0,894.24,1.8766106062607744
14.0,106.0,918.6,1.9253404578117905
16.0,106.0,995.3600000000002,1.439846953142438
11.0,106.0,1016.0400000000002,1.588422716842252
10.0,54.0,284.96000000000004,1.3242271516334163
10.0,54.0,281.9599999999999,1.4496785905734415
11.0,54.0,344.36,0.8481297332925951
12.0,54.0,336.04,0.8348772543192264
12.0,54.0,294.24000000000007,1.2608214279791148
14.0,54.0,265.64,1.1683573872371948
17.0,46.0,227.83999999999997,1.2985160125211344
19.0,46.0,212.35999999999999,1.1378979760691001
19.0,36.0,102.55999999999999,1.2095146436126685
22.0,36.0,94.44000000000001,1.0305324427650413
25.0,118.0,1088.0400000000002,2.3441879750375456
25.0,118.0,1088.0400000000002,2.3441879750375456
22.0,118.0,1100.64,2.5543901161154077
23.0,114.0,1070.44,2.590499092819264
25.0,114.0,1563.56,1.5118493536945852
24.0,114.0,1571.04,1.512793938527685
24.0,114.0,1562.76,1.513779607126434
22.0,124.0,1667.0400000000002,1.4722401182195015
22.0,124.0,2073.6,0.8737337387952371
22.0,126.0,2213.96,0.8607958929164701
19.0,106.0,1509.6399999999999,1.39351491008089
19.0,106.0,1553.4399999999998,1.3861344375333589
22.0,106.0,1937.0,0.8025148757885429
14.0,108.0,2049.0,0.8136988724610014
9.0,108.0,1521.7599999999998,1.4047686607010539
9.0,108.0,1528.96,1.4238220522962848
9.0,108.0,1996.1599999999999,0.8516823792355099
14.0,108.0,1943.56,0.8420266306340308
14.0,100.0,1369.8,1.399692901841021
17.0,100.0,1300.64,1.3294629583462612
20.0,130.0,2084.36,0.8874870683404282
21.0,130.0,1995.0400000000002,0.9003381576476179
20.0,130.0,1675.2399999999998,1.4930382400015507
21.0,120.0,1569.6399999999996,1.560105178890706
22.0,116.0,2208.04,0.9374004254106276
25.0,116.0,2150.24,0.9352625881329861
25.0,116.0,1896.8399999999997,1.4571457012426552
26.0,112.0,1855.5599999999995,1.4698502229349135
29.0,112.0,1805.44,1.449688475741865
26.0,118.0,1884.8,1.4300176587098614
23.0,120.0,1116.8,2.4492679652496783
23.0,124.0,1163.3600000000001,2.3719235485029095
26.0,124.0,1157.6399999999999,2.1709933271793145
26.0,132.0,1260.1599999999999,2.003897047146049
19.0,46.0,205.44,0.23629901327124728
13.0,46.0,220.8,0.5530118450488765
13.0,102.0,857.8,1.689800603151625
11.0,102.0,878.2400000000001,1.7600186228108403
10.0,102.0,874.6,2.018348827857321
10.0,102.0,870.4399999999998,1.9933896907257453
10.0,102.0,902.4399999999999,1.613175752003019
12.0,102.0,885.7599999999999,1.6113023523134515
11.0,102.0,848.36,2.02507926441315
13.0,98.0,804.9599999999999,2.086174141738712
14.0,98.0,764.16,2.0715426312739003
16.0,92.0,715.36,2.112131522668226
16.0,34.0,126.56000000000003,0.9685051407513475
21.0,34.0,119.35999999999999,0.6584378806961836
24.0,100.0,794.6,2.083406491635103
24.0,100.0,784.0399999999998,2.0920906178449292
24.0,100.0,771.8399999999999,2.244365626946498
24.0,100.0,744.0399999999998,2.2890620111648006
27.0,108.0,1362.2399999999998,1.4062303450211688
27.0,110.0,1374.76,1.3916370176439392
27.0,112.0,1448.96,1.3389254649998945
27.0,112.0,1484.8,1.3310040455410674
27.0,112.0,1488.16,1.234151440312151
23.0,122.0,1648.36,1.1637268486115528
19.0,122.0,1169.0,1.8777818300750033
14.0,122.0,1223.3600000000001,1.8728343569995136
14.0,122.0,1732.0,1.197383438339656
11.0,122.0,1777.64,1.2341092995035288
10.0,102.0,928.0400000000002,1.8858414200642104
10.0,102.0,931.8399999999999,1.892022284705642
10.0,102.0,944.1599999999999,1.6036498473311693
10.0,102.0,939.8400000000001,1.5767558456405808
8.0,102.0,881.7599999999999,2.0917677894781397
9.0,102.0,856.8,2.12444273687389
10.0,128.0,1857.8,1.4052877153560492
15.0,128.0,1777.8,1.390358243053697
14.0,128.0,1287.24,2.3099797724579867
17.0,128.0,1270.56,2.3125846710314697
19.0,124.0,1896.9599999999998,1.375219591224397
19.0,124.0,1875.36,1.3819685174486045
17.0,126.0,1987.5600000000002,1.4466317792571783
15.0,126.0,2018.6,1.4563009565654552
17.0,126.0,2314.56,0.8834712640632604
21.0,126.0,2189.7599999999998,0.8526547287752984
21.0,114.0,1445.6399999999999,1.3921172899293803
17.0,116.0,1544.6399999999996,1.3636180226933543
20.0,116.0,2031.5600000000002,0.784453299481809
19.0,116.0,2068.16,0.7850923697395021
13.0,110.0,1511.56,1.3415731148990644
18.0,110.0,1864.1599999999999,0.7688103816091522
18.0,110.0,1849.8,0.7734977197074194
17.0,110.0,1874.44,0.7717841290206583
10.0,110.0,1477.7599999999998,1.3517071444418196
10.0,110.0,1484.8,1.2810022547347342
10.0,110.0,1497.6399999999999,1.3072286739245709
12.0,106.0,1440.0400000000002,1.3284034399416527
12.0,94.0,742.56,2.1742550966938685
16.0,100.0,1318.56,1.2976850185792557
18.0,100.0,1277.96,1.3023634483564193
18.0,100.0,791.04,2.1757075785688014
18.0,98.0,744.84,2.180671430081572
22.0,96.0,991.24,1.3413013060740666
25.0,92.0,934.4,1.386927750365058
24.0,92.0,951.04,1.4970914463544938
24.0,100.0,1008.1600000000001,1.4168074461574722
25.0,110.0,1512.04,0.8797848279200993
25.0,110.0,1491.56,0.8803617323875355
24.0,110.0,1165.16,1.4771590970319688
24.0,112.0,1233.7600000000002,1.4121944273556264
24.0,112.0,1694.6,0.8350223673125561
23.0,112.0,1818.44,0.848067574484129
16.0,112.0,1646.2399999999998,1.3776561739068813
10.0,112.0,1687.4,1.4144822363892808
10.0,112.0,1683.56,1.332238773254226
10.0,112.0,1694.4,1.3276835564208558
8.0,104.0,935.4,2.2291507385415965
8.0,104.0,945.96,2.3044579729529477
8.0,114.0,1784.0400000000002,1.3638927862916557
10.0,114.0,1755.36,1.3681945659094026
10.0,114.0,1110.2400000000002,2.3646417776187687
10.0,114.0,1087.8399999999997,2.3780014044684674
11.0,114.0,1751.4,1.3753837011169303
12.0,114.0,1700.8400000000001,1.3375750536146205
12.0,114.0,1702.4,1.3792231613285877
19.0,112.0,1606.4,1.2477808332988587
28.0,108.0,1502.4400000000003,1.0827870510934365
28.0,108.0,1437.1600000000003,1.109945632306636
25.0,102.0,837.4399999999999,1.7863524367180648
25.0,100.0,828.0400000000002,1.809802172194881
28.0,116.0,1514.76,1.2124763415042057
37.0,116.0,1393.8,1.0677763718645368
28.0,116.0,1024.8,1.7930643579840473
27.0,116.0,1065.8,1.7437809002436044
34.0,116.0,1057.8,1.5848753444283024
23.0,120.0,1167.24,1.5770563366857273
22.0,122.0,1241.7599999999998,1.741364625420629
19.0,126.0,1328.96,1.6690610870793714
19.0,126.0,1496.3600000000001,1.1361696185640546
19.0,126.0,1507.2,1.1317996974273952
13.0,76.0,659.04,0.9349469825687083
13.0,76.0,530.5600000000001,1.534053783731145
13.0,108.0,1241.6,1.264253729298334
12.0,108.0,1247.5600000000002,1.2691240568179893
12.0,108.0,1203.36,1.5447460866648295
12.0,108.0,1196.0399999999997,1.546409272921879
15.0,108.0,1158.6,1.3362384284890085
16.0,106.0,1095.0400000000002,1.3852451143173643
15.0,106.0,891.04,2.1837182272052647
16.0,106.0,868.8400000000001,2.1802676704050614
18.0,116.0,1656.9599999999998,1.375006019675011
19.0,116.0,1648.2,1.3754677769703174
19.0,116.0,1092.6399999999996,2.3461082774996416
22.0,116.0,1064.0400000000002,2.2519070670868864
22.0,116.0,1728.36,1.3127355152071245
23.0,116.0,1664.0399999999997,1.3383425349530642
21.0,116.0,1722.6,1.4214332113257242
23.0,116.0,1688.36,1.4219164515446499
24.0,108.0,1844.9599999999998,0.89632637500624
24.0,122.0,1966.5600000000002,0.8387430309576086
23.0,116.0,1432.2,1.3440250386626384
23.0,116.0,1503.04,1.308615368753835
23.0,116.0,1488.8400000000001,1.252324670099357
20.0,120.0,1609.8,1.3078532179506575
11.0,100.0,809.76,1.9942028537781387
4.0,100.0,842.5600000000001,2.05698488231162
4.0,106.0,1518.4,1.2665445992798587
4.0,106.0,1570.4,1.3335853034000418
4.0,106.0,963.5599999999998,2.189394681766543
4.0,106.0,971.0400000000002,1.8706357604711452
9.0,106.0,944.8400000000001,1.8686079397300828
18.0,106.0,908.96,1.7459372195014307
18.0,106.0,900.3599999999999,1.8685001211581045
20.0,104.0,842.4,1.93531879325802
23.0,104.0,903.8399999999999,1.3794925039917056
27.0,102.0,1010.4400000000002,0.8912090309209685
27.0,80.0,537.16,0.9577095859451147
27.0,70.0,478.6,1.1729179084457269
27.0,70.0,490.43999999999994,1.1598868049788487
27.0,98.0,1033.6,1.071662064446264
27.0,104.0,1070.4399999999996,1.0222944934974576
21.0,104.0,1164.16,1.0049949143648989
18.0,104.0,1203.5600000000002,1.0126338117182059
28.0,104.0,1174.7599999999998,0.7641064393422883
17.0,106.0,1208.3600000000001,1.1124418766369162
15.0,108.0,1013.1600000000001,1.771881256707806
15.0,108.0,1002.6,1.8724517277407764
16.0,108.0,989.4399999999998,1.7806849601322652
12.0,108.0,1011.8400000000001,1.7814879699388753
9.0,50.0,229.75999999999993,1.3662918310863676
12.0,50.0,300.15999999999997,0.7868946427411017
16.0,50.0,282.75999999999993,0.7297001551904925
15.0,50.0,286.4,0.7407698788759882
15.0,44.0,172.64000000000001,0.9779608084811953
18.0,44.0,155.84,0.9490241716714073
18.0,40.0,129.8,1.1344265411718948
18.0,40.0,124.04,1.5707052007283522
18.0,40.0,111.56000000000002,2.0825062571820734
18.0,40.0,106.24000000000001,1.8990556499831226
18.0,112.0,1048.16,2.298195365278637
18.0,112.0,1017.4400000000002,2.539062813688843
18.0,112.0,1017.96,2.306103966920159
21.0,110.0,974.4,2.316339471442559
27.0,110.0,1415.4,1.3604082187244586
27.0,110.0,1388.64,1.3685535647404765
27.0,120.0,1477.9599999999998,1.2759172718206009
27.0,120.0,1489.6,1.2676353274612906
31.0,120.0,1681.6,0.7388855746365361
31.0,120.0,1821.6,0.6934558332808157
27.0,108.0,1320.6399999999999,1.041638848982213
19.0,108.0,1362.76,1.1201777099798331
19.0,108.0,1735.36,0.7530309199095924
15.0,108.0,1778.7600000000002,0.8096535290798101
14.0,98.0,1254.2399999999998,1.3732173149549864
14.0,98.0,1254.2399999999998,1.3732173149549864
15.0,122.0,1931.5600000000002,0.8767966415958944
20.0,122.0,1864.36,0.8390113421272799
15.0,122.0,1572.2,1.4238473596430359
15.0,122.0,1560.9599999999998,1.431698201313447
20.0,116.0,1893.6,0.863989743169469
22.0,116.0,1860.8400000000001,0.8615900573603259
18.0,116.0,1608.0,1.4359667980236
20.0,116.0,1593.4399999999998,1.4317683436266744
22.0,116.0,1636.3600000000001,1.0278609812153363
24.0,116.0,1714.7599999999998,0.6345580626904046
22.0,102.0,1124.8,0.9773408265489995
20.0,102.0,1161.76,1.0123727667954319
20.0,102.0,1117.16,1.0226677476109611
22.0,106.0,1533.8,0.6666691839567165
20.0,106.0,1209.96,1.1900919030712331
20.0,106.0,1247.4,1.1737329257351374
22.0,106.0,1167.84,1.1163257372904558
22.0,106.0,1197.0,1.1013817858516892
18.0,116.0,1204.0,1.4919128718716594
16.0,116.0,1024.6399999999999,2.246891257221171
16.0,116.0,1508.0,1.344669207542171
15.0,116.0,1553.0,1.3364528584365587
13.0,116.0,1607.0400000000004,1.3472811701766538
9.0,98.0,806.76,2.150081312622807
9.0,98.0,812.6400000000001,1.9837188005407496
6.0,98.0,840.8400000000001,1.9610119313567211
6.0,98.0,809.1600000000001,2.306875029653248
6.0,98.0,807.2400000000001,2.273194672496379
10.0,98.0,777.16,2.2551817359165507
10.0,98.0,784.0,2.239067055393586
6.0,28.0,75.23999999999998,0.9652377058775509
10.0,28.0,77.16,0.591201257728907
16.0,106.0,895.2,2.2772156353703985
16.0,106.0,876.8400000000001,2.3041227055598914
13.0,106.0,879.36,2.4704278266954094
15.0,106.0,844.3599999999999,2.5075935991172162
17.0,106.0,1425.7599999999998,1.4319432025092824
17.0,106.0,1425.7599999999998,1.4319432025092824
15.0,106.0,1437.7600000000002,1.440587149889628
16.0,102.0,1374.76,1.4679126690232296
16.0,98.0,1338.6,1.4865972544006676
15.0,100.0,1377.6,1.4808067066834134
14.0,100.0,770.2400000000001,2.5625540287391253
14.0,100.0,770.24,2.5625540287391257
14.0,102.0,798.4400000000002,2.504761781168677
12.0,102.0,816.6400000000001,2.513600898899053
10.0,16.0,25.16,-0.07530788876953334
10.0,14.0,20.36,-0.29363707713241727
10.0,52.0,197.96,2.212065646641004
10.0,52.0,216.2,1.7824760136389801
10.0,52.0,216.2,1.7824760136389801
10.0,52.0,213.76,1.7790171357323339
12.0,112.0,1056.36,1.92094018214176
14.0,112.0,1044.8400000000001,1.9228827018015064
14.0,108.0,985.4399999999998,1.9743232160413107
17.0,104.0,929.76,1.9573492794118459
24.0,110.0,1561.16,1.2080173978252375
25.0,110.0,1522.44,1.2159769022550884
21.0,110.0,1575.2400000000002,1.4189398859604692
21.0,110.0,1585.16,1.4327381786389128
23.0,116.0,2172.04,0.841048700563188
23.0,114.0,2156.6400000000003,0.8459890380467193
21.0,120.0,1815.36,1.4196911944490147
21.0,120.0,1836.64,1.4121203812352856
23.0,120.0,1817.8,1.3974870859658
18.0,124.0,1938.7599999999998,1.4013122418132946
13.0,124.0,1190.6,2.4327889432828247
12.0,124.0,1205.6,2.468768732048751
12.0,124.0,1409.6,1.7072979346004016
12.0,124.0,1430.6,1.7420078364673135
12.0,72.0,385.6,2.2225298947918932
13.0,72.0,381.7600000000001,2.1362487734186564
15.0,72.0,443.36,1.4186558850702682
18.0,72.0,424.64000000000004,1.3648602625947313
15.0,72.0,442.56000000000006,1.4792988882817872
18.0,66.0,396.64,1.4375794087772888
21.0,64.0,365.96,1.2981885346428688
21.0,64.0,349.76000000000005,1.3419110900395956
19.0,40.0,125.75999999999999,1.209336324271383
19.0,40.0,125.75999999999999,1.209336324271383
21.0,104.0,849.0,2.049589944911811
20.0,104.0,884.0,1.9920854760846454
18.0,106.0,891.5600000000001,2.317731535019195
16.0,106.0,918.4400000000002,2.3160202840493693
18.0,106.0,1251.3600000000001,1.390660581725537
18.0,106.0,1249.8,1.3764936432089885
16.0,106.0,1306.44,1.4543602721041904
15.0,106.0,1312.6399999999999,1.457554711402142
15.0,106.0,1307.2399999999998,1.2314512194038232
13.0,108.0,1347.2400000000002,1.2108431237496866
10.0,86.0,669.1599999999999,1.7523884064247988
10.0,86.0,681.96,1.7314654296613514
13.0,86.0,773.76,1.12026990692869
14.0,86.0,766.4399999999999,1.124060003037621
11.0,56.0,349.8,1.1841727421037804
11.0,56.0,336.64,1.4616537750271383
14.0,56.0,342.4,1.0947336066351938
14.0,56.0,342.4,1.0947336066351938
14.0,56.0,267.4,1.7393676020103839
16.0,56.0,250.4,1.784401162118693
16.0,56.0,243.84,1.8006176071487012
16.0,54.0,229.8,1.91803017848093
15.0,26.0,46.76,1.6464817658178745
15.0,26.0,51.24000000000001,1.488734110266893
16.0,26.0,53.760000000000005,1.0389704461459195
15.0,26.0,58.24000000000001,1.1529693252242312
15.0,18.0,24.04,0.8731006738425233
15.0,18.0,32.040000000000006,0.5970924387751178
15.0,66.0,343.4,2.244779708908356
15.0,72.0,648.0400000000001,1.3415046904749532
16.0,72.0,643.04,1.3391899942806025
16.0,72.0,643.04,1.3391899942806025
20.0,72.0,819.8399999999999,0.7730022197346046
25.0,70.0,743.4,0.6990749742784358
20.0,80.0,861.4399999999999,0.631803146246558
20.0,80.0,882.4,0.6178571353083439
29.0,80.0,846.76,0.4539586528368263
25.0,80.0,944.0,0.4691765626660623
16.0,80.0,782.76,0.933332942537623
16.0,78.0,488.3600000000001,1.482350099969522
16.0,78.0,486.4,1.4654202626091415
17.0,78.0,476.0400000000001,1.3309986134658465
16.0,38.0,145.8,0.2985513714814534
16.0,38.0,115.83999999999999,0.42210688981978217
17.0,44.0,162.76,0.6607122066863574
19.0,110.0,872.96,1.941238952113689
19.0,110.0,868.6400000000001,2.076062985562752
23.0,98.0,788.0,2.2404846430208134
26.0,98.0,763.04,2.1118679821666273
26.0,100.0,1266.76,1.2728554700197579
26.0,100.0,1230.6,1.2886369234246926
26.0,100.0,1289.1599999999999,1.252596710604939
28.0,100.0,1216.8399999999997,1.2843622503130734
35.0,100.0,1488.64,0.7346043421243692
32.0,100.0,1521.7599999999998,0.7897641346063168
28.0,108.0,1286.44,1.2600106929461428
28.0,108.0,1375.3600000000001,1.213295519058963
32.0,108.0,1554.56,0.7180235925676112
28.0,108.0,1678.7599999999998,0.7855852666924894
20.0,108.0,1244.2,1.2696989284204954
18.0,108.0,1251.2400000000002,1.2906917118252947
26.0,108.0,1253.76,0.9726433468627872
16.0,108.0,1349.9599999999998,1.012686566641917
13.0,88.0,720.1600000000001,1.408124229967436
12.0,88.0,719.36,1.6240297171310203
15.0,88.0,721.6400000000001,1.262748588047009
15.0,88.0,702.5600000000001,1.2704285774870792
14.0,54.0,267.84000000000003,1.1877189877296936
15.0,54.0,260.15999999999997,0.9694611436746557
19.0,52.0,229.44,0.7913376702694854
21.0,52.0,228.95999999999998,0.7150210733008732
15.0,40.0,125.64000000000001,0.6896537331866075
15.0,36.0,113.8,0.8995167302781552
20.0,36.0,112.8,0.6490715930801221
20.0,36.0,112.8,0.6490715930801221
14.0,26.0,61.8,0.5038818333408545
18.0,26.0,59.55999999999999,0.2535466554750784
24.0,26.0,64.03999999999999,-0.13524818501686364
24.0,86.0,542.76,2.119444293297257
18.0,90.0,588.9599999999998,2.1472357801316444
14.0,90.0,609.44,2.2112773099925658
14.0,90.0,618.56,2.2002070323828407
18.0,94.0,1073.96,1.3162179028230627
14.0,94.0,1125.4399999999998,1.3511626407868882
17.0,94.0,1109.0,1.3361590438765394
21.0,94.0,1081.16,1.2920334137896228
23.0,94.0,1070.6,1.2408315105152625
19.0,94.0,1090.7600000000002,1.3063474702212752
19.0,94.0,660.96,2.1875012089727326
22.0,90.0,613.76,2.261095546978652
24.0,90.0,583.4,2.200513910000915
25.0,90.0,545.6400000000001,2.280637858101699
25.0,40.0,96.64000000000001,0.5802284764400654
25.0,34.0,78.75999999999999,1.1421605417361969
26.0,108.0,888.6399999999998,2.2834811952541556
25.0,108.0,898.4,2.2794981816113618
24.0,108.0,940.6399999999998,2.2481788212264524
25.0,108.0,916.8399999999998,2.252115419066133
27.0,108.0,904.3599999999999,2.2243713412486974
30.0,108.0,1081.96,1.4585038569581845
27.0,110.0,1158.76,1.4252594337159987
25.0,118.0,1264.8,1.3365530045389584
18.0,118.0,1339.56,1.5031390292579558
25.0,118.0,1788.8399999999997,0.8764884496284386
18.0,106.0,1157.16,1.3798301641717943
13.0,106.0,1194.6,1.3957441323770257
12.0,106.0,1201.7600000000002,1.3959260587818367
12.0,106.0,1398.7599999999998,0.90925576098494
11.0,106.0,1490.6,0.9886998879499318
11.0,106.0,1222.76,1.6252806905532893
11.0,106.0,1222.76,1.6252806905532893
12.0,106.0,1714.4,0.966284980505712
12.0,106.0,1663.4,0.9654984004100703
12.0,102.0,1073.4399999999998,1.5556135025012374
14.0,102.0,1045.6399999999999,1.5419282268186567
15.0,102.0,1031.56,1.547254675058172
18.0,102.0,1020.04,1.2697696631767832
15.0,102.0,823.36,2.036131341252778
18.0,94.0,768.16,2.098210967582571
22.0,94.0,737.4399999999998,2.0773897928459863
24.0,94.0,699.8399999999999,2.0534683672829104
22.0,36.0,104.04,1.1740280887441485
22.0,42.0,127.84,0.7915429245466681
22.0,102.0,789.76,1.9541566674462194
26.0,102.0,778.2400000000001,1.9173535515088285
26.0,102.0,760.3600000000001,1.9386497256920328
22.0,104.0,795.5600000000001,2.1656884300500234
26.0,104.0,1266.6,1.2755649487384961
24.0,106.0,1367.3600000000001,1.2354458887030495
18.0,106.0,1421.0,1.2816282654600346
15.0,106.0,1453.7599999999998,1.3679117741659452
17.0,110.0,1991.36,0.7954764308303051
17.0,110.0,1952.8399999999997,0.7995486012381593
13.0,110.0,1511.8400000000001,1.3907176251842763
13.0,110.0,1533.4399999999998,1.4471536263173976
13.0,110.0,2103.84,0.8549454867511813
15.0,110.0,2031.3600000000001,0.8561382214031844
15.0,110.0,1609.9600000000003,1.4571170176911121
15.0,104.0,1576.96,1.4791145814701914
16.0,104.0,1546.2400000000002,1.4765315397635976
16.0,104.0,1538.7600000000002,1.4754573847857553
16.0,104.0,860.1600000000001,2.5776912175766444
17.0,104.0,842.2399999999998,2.5035449186900673
18.0,106.0,1474.56,1.4433356391059031
20.0,106.0,1428.8400000000001,1.3868183892539316
18.0,106.0,844.1599999999999,2.410416544078515
20.0,106.0,828.8,2.4033968490922204
23.0,120.0,1653.8,1.4234067516322302
26.0,112.0,1536.8,1.4185909588063519
26.0,112.0,1517.4399999999998,1.4267396088669007
26.0,110.0,1506.44,1.4346437926536253
31.0,110.0,1783.3600000000001,0.8481385014503454
29.0,120.0,1920.1599999999999,0.8054234744045047
23.0,122.0,1613.4399999999998,1.3470880957870672
20.0,122.0,1665.64,1.3956766098877547
23.0,122.0,1976.9600000000003,0.8200215790536264
24.0,122.0,1968.0400000000002,0.8154671476059239
20.0,102.0,1291.56,1.3043018566020106
17.0,102.0,1361.76,1.404543916456357
17.0,102.0,1474.7600000000002,0.9590588193077099
16.0,102.0,1492.36,0.9629211905356193
15.0,98.0,973.9599999999998,1.5836604475415208
16.0,98.0,930.4,1.5479349150259254
21.0,104.0,1432.84,0.9899766294775092
21.0,104.0,1465.6,0.9794575274063793
15.0,104.0,1057.64,1.648359713364337
15.0,104.0,1055.3600000000001,1.5985819167355058
20.0,104.0,1116.8,1.138593220770605
29.0,102.0,1320.96,0.6401705111368411
22.0,102.0,1289.6399999999999,1.0331264852441713
22.0,102.0,1311.4,1.021653675192601
22.0,102.0,1300.96,1.0259892037957037
25.0,104.0,1765.6,0.5786747699807377
16.0,108.0,1420.04,1.0400719187591279
16.0,108.0,1431.3600000000001,1.034677184756278
16.0,112.0,1480.6399999999999,1.0046037974213213
16.0,112.0,1860.0400000000002,0.5743032476459377
16.0,112.0,1813.7600000000002,0.76827953269489
12.0,112.0,1539.2,1.3299842906316715
10.0,112.0,1567.36,1.3421949859419158
12.0,112.0,2043.3600000000001,0.7672404165470222
9.0,112.0,2106.7599999999998,0.7658138290030989
8.0,108.0,1553.44,1.324755848710489
9.0,108.0,1493.1600000000003,1.257570642620577
19.0,110.0,1971.5600000000002,0.7179967134000226
21.0,108.0,1888.0399999999997,0.7351428462515185
16.0,108.0,1538.6,1.2909953537222623
14.0,108.0,1576.0400000000002,1.4120061488606521
16.0,108.0,1862.2400000000005,0.8312079170337885
23.0,108.0,1777.64,0.8018357125576596
20.0,108.0,1302.44,1.375234627333072
21.0,104.0,1227.56,1.4252548502770588
25.0,98.0,1141.76,1.415698869862321
25.0,98.0,1452.8,0.8291201406403602
25.0,86.0,972.8,1.3429579920103114
25.0,90.0,993.4399999999998,1.3134400624171918
27.0,90.0,967.8400000000001,1.3085559061838676
30.0,128.0,1746.56,0.9970811027487846
27.0,128.0,1612.8,1.5243463086184985
24.0,136.0,1746.4399999999998,1.4557260843255284
23.0,136.0,1812.8,1.4419235340232053
29.0,136.0,2145.4399999999996,0.8650900025951497
18.0,136.0,2316.96,0.893790065107243
10.0,136.0,2023.56,1.4617713570754913
10.0,136.0,2076.8,1.5358983088720346
10.0,136.0,2536.8,0.9139788630966277
10.0,136.0,2599.2400000000002,0.9463611167919369
10.0,108.0,1562.2399999999996,1.4658403789988952
10.0,108.0,1562.2399999999998,1.4658403789988945
11.0,108.0,1715.8399999999997,0.9294348859091925
14.0,108.0,1626.2400000000002,0.8037401473700926
14.0,108.0,1171.8400000000001,1.352561675175825
19.0,100.0,1089.44,1.396537616899798
20.0,100.0,1057.4399999999998,1.4137727711881705
23.0,100.0,1006.7599999999999,1.431358090884926
20.0,72.0,422.76000000000005,1.9369587414486302
23.0,72.0,401.76,1.913548696411111
24.0,72.0,388.96000000000004,1.7846190653581804
24.0,72.0,369.64,1.896682529492028
24.0,34.0,99.84,0.43130672196778835
23.0,34.0,82.56,0.8684214898729194
20.0,34.0,89.95999999999998,0.9896514916402718
21.0,34.0,90.24000000000001,0.9225595114023916
24.0,34.0,108.64000000000001,0.45848304579892984
20.0,34.0,122.55999999999999,0.5685753569536365
20.0,38.0,134.56,0.41908237320103303
16.0,38.0,157.76,0.5709112755910734
15.0,38.0,155.84,0.985342900370979
15.0,102.0,873.4399999999999,1.8968634679018832
14.0,102.0,856.0400000000002,2.2360202177999455
14.0,102.0,859.8399999999998,2.2394746893984965
14.0,102.0,848.04,2.187874577410436
13.0,102.0,882.2400000000001,2.2160691928780913
13.0,106.0,1588.2,1.4407589735054407
14.0,106.0,1548.96,1.369800416011756
19.0,106.0,1474.6,1.3364459992785946
19.0,106.0,1443.0400000000004,1.355435725218444
25.0,106.0,1372.8399999999997,1.354456083398936
19.0,106.0,840.8,2.3365749720626425
25.0,106.0,819.24,2.294263714794293
27.0,106.0,793.76,2.2727373362701515
27.0,106.0,800.6399999999999,2.2817451773462123
27.0,104.0,791.2400000000001,2.315966182538405
23.0,22.0,67.04,-0.2749304015043294
21.0,20.0,57.44,-0.23110581269071806
17.0,20.0,53.6,0.14678284424995156
17.0,20.0,56.36,0.1461169585583762
13.0,20.0,51.04,0.560243540743288
12.0,20.0,54.4,0.6101169126149706
11.0,26.0,52.84000000000001,0.5918460012326305
10.0,20.0,37.760000000000005,0.34505577889197114
10.0,20.0,28.640000000000004,0.683965744093671
10.0,20.0,41.8,0.43515391894159167
11.0,20.0,41.760000000000005,0.34364309708626856
11.0,84.0,548.6400000000001,2.413978734728128
11.0,84.0,546.4400000000003,2.3021986066343465
12.0,84.0,543.3599999999999,2.2988125294071997
11.0,84.0,546.4400000000003,2.302198606634346
12.0,108.0,1274.44,1.4636911170142421
13.0,108.0,1223.5600000000002,1.4896776799939049
18.0,102.0,1137.8,1.4319533330363419
19.0,100.0,1103.56,1.4560710288543284
19.0,100.0,1088.96,1.3990693194149393
27.0,100.0,1506.44,0.8338770481273199
19.0,100.0,1386.5600000000002,1.3438256297159146
20.0,100.0,1380.84,1.3383993086442292
22.0,100.0,1345.96,1.3478504170730854
28.0,98.0,1276.96,1.1317498195876488
28.0,98.0,849.1600000000002,1.3766799073402876
28.0,100.0,869.96,1.3361260268577022
22.0,100.0,921.1599999999999,1.3762434203033744
22.0,108.0,994.24,1.262204516088857
22.0,108.0,1477.6,0.7977703808180566
17.0,106.0,1047.24,1.2651244829443955
17.0,106.0,1047.2399999999998,1.2651244829443962
17.0,106.0,1054.6,1.285714826752176
17.0,106.0,1054.6,1.285714826752176
14.0,106.0,1003.36,1.7209403532080276
14.0,106.0,851.5599999999998,2.4679578310835972
14.0,106.0,843.24,2.4684107576979795
16.0,106.0,1142.44,1.498003339266169
16.0,104.0,1112.8,1.5332995489140961
14.0,78.0,452.8,2.3852601459410883
14.0,76.0,446.75999999999993,2.419724723942409
16.0,76.0,446.4,2.1822762950281493
16.0,76.0,451.4,2.0102342889654623
16.0,76.0,452.9599999999999,2.027034292873074
16.0,76.0,461.44000000000005,2.0130020857789774
14.0,76.0,466.4,2.031509031416938
12.0,76.0,474.23999999999995,2.024677063175948
10.0,24.0,71.04,1.0466390872081606
12.0,24.0,66.56,0.9079799910484195
15.0,104.0,856.0399999999997,2.334549347958345
15.0,106.0,864.1600000000002,2.3122959156201377
12.0,106.0,886.6,2.4274325882284593
10.0,110.0,925.6,2.5279975770446086
10.0,110.0,1556.8400000000001,1.4595551750270361
10.0,110.0,1603.0400000000002,1.445436549692846
9.0,110.0,1648.6399999999999,1.453266907958637
7.0,110.0,1663.2,1.457637647758444
7.0,110.0,2029.4399999999998,0.8639729320233064
7.0,110.0,2037.1599999999999,0.8699018896531572
7.0,104.0,1415.8399999999997,1.462339205385543
10.0,104.0,1376.3600000000001,1.4285571119427973
13.0,104.0,1689.6,0.8330298094796553
16.0,104.0,1583.56,0.8116945513422213
15.0,94.0,1087.24,1.3540798553173012
15.0,92.0,1041.44,1.3969193683582526
17.0,88.0,989.0,1.15090655079916
17.0,84.0,944.0,1.187422164772133
17.0,80.0,548.8399999999999,1.9563967434043534
17.0,80.0,554.24,1.9448406969889513
19.0,80.0,534.4399999999999,1.7952814033125049
21.0,80.0,697.96,1.0714264446995407
21.0,64.0,355.23999999999995,1.4580020904648152
18.0,64.0,364.96,1.4754065895392525
19.0,64.0,361.0,1.4766000874763086
21.0,80.0,687.36,1.1443035835769697
19.0,86.0,738.6,1.3601502012825868
21.0,86.0,723.84,1.3486364235190005
20.0,86.0,764.64,1.3176349123918163
22.0,86.0,1025.1599999999999,0.7674484975657928
20.0,86.0,1087.2,0.853203913699937
17.0,90.0,1006.5600000000001,1.355368197180294
15.0,90.0,1023.2,1.3885409410621135
16.0,122.0,1813.7600000000002,0.9588630261834975
15.0,122.0,1822.44,0.9624080580383643
15.0,122.0,1520.04,1.5559611083495157
18.0,122.0,1465.44,1.3506252406719579
18.0,122.0,1872.0,0.7796026796306506
18.0,122.0,1857.9599999999998,0.7837164317425311
15.0,122.0,1701.1599999999999,1.2897808952760188
17.0,122.0,1675.36,1.2875852205850202
19.0,114.0,1555.2399999999998,1.309130375665638
24.0,114.0,2028.0,0.7512648837320446
20.0,110.0,1462.2400000000002,1.2900940418602618
20.0,110.0,1472.0399999999997,1.2864384352672393
19.0,116.0,1557.1600000000003,1.2438044055142148
16.0,116.0,1630.2400000000002,1.423837086846598
12.0,118.0,1097.7599999999998,2.4192116940325086
12.0,120.0,1133.1599999999999,2.3691769647347547
11.0,120.0,1138.4,2.3678941403869787
7.0,120.0,1167.2400000000002,2.389218214915911
7.0,120.0,1830.2399999999998,1.4587428939463087
7.0,106.0,907.3599999999999,2.5027691293354106
5.0,106.0,926.4399999999996,2.5909398765233873
5.0,106.0,926.4399999999999,2.590939876523385
7.0,106.0,1567.3599999999997,1.468670325978469
8.0,106.0,1553.44,1.4638321484240893
9.0,106.0,1505.0,1.4477575666936482
12.0,104.0,1436.96,1.4440285929446326
15.0,104.0,1640.6399999999999,0.8807916378859787
17.0,104.0,1560.0,0.8764090676685576
17.0,100.0,1049.96,1.4303351783139968
17.0,100.0,1033.9599999999998,1.4405410818028026
19.0,92.0,1141.6,0.9151534530937707
22.0,92.0,1087.84,0.8752794378809525
22.0,74.0,661.96,1.3323934932446575
22.0,72.0,632.84,1.3785415950441358
24.0,72.0,603.36,1.2433145082072168
27.0,72.0,711.24,0.7024182088963916
26.0,68.0,507.4,1.1941772014852967
29.0,68.0,482.44000000000005,1.100979029419524
29.0,68.0,477.76000000000005,1.0974953275173704
33.0,84.0,760.3600000000001,0.9273885349772258
29.0,86.0,691.2399999999999,1.4488877765657073
27.0,96.0,788.2,1.2823926404394992
27.0,98.0,876.2,1.1670523313727097
32.0,98.0,1137.6399999999999,0.6494642601617212
27.0,98.0,1259.24,0.7194623183615656
21.0,98.0,1198.76,1.1824350816844986
11.0,102.0,1292.8399999999997,1.218172801892601
11.0,124.0,2105.96,0.8792968123120665
11.0,124.0,2139.36,0.9144344691154271
11.0,124.0,1678.5600000000002,1.508220970252421
11.0,124.0,1663.2,1.4734892271883835
19.0,124.0,2031.8400000000001,0.8653083343244297
19.0,124.0,2046.4399999999998,0.8606440918531052
16.0,124.0,1742.2400000000002,1.421309463021681
16.0,124.0,1714.7600000000002,1.4251642575566363
19.0,124.0,2155.4,0.8310653901956377
23.0,122.0,1962.44,0.8033335760587772
20.0,110.0,1332.8,1.3297918088230003
20.0,110.0,1370.56,1.3125576449802874
17.0,110.0,1405.9600000000003,1.3240018994718572
14.0,110.0,1461.6400000000003,1.344411237098724
12.0,110.0,958.6,2.3016314198214163
14.0,106.0,917.4399999999999,2.3515769830682003
14.0,106.0,914.4400000000002,2.3445123458139037
17.0,112.0,1658.56,1.3705750832612191
14.0,112.0,1041.6399999999999,2.3529773950376547
12.0,112.0,1038.7599999999998,2.5761781012967577
12.0,112.0,1043.56,2.5941573296748395
13.0,112.0,1446.7599999999998,1.5493380541069068
13.0,114.0,1481.6399999999999,1.5363460527398298
15.0,114.0,1433.7600000000002,1.4892041819805022
17.0,114.0,1625.6399999999999,0.9189348449659013
22.0,114.0,1577.7600000000002,0.6986143746004044
25.0,114.0,1550.7599999999998,0.6858412996915442
25.0,88.0,939.04,0.8561285501678341
31.0,88.0,928.8,0.46649663746035575
45.0,88.0,949.8,0.06887193420283638
47.0,88.0,828.64,-0.01049614881648432
38.0,84.0,713.4399999999999,0.3035132709583611
38.0,68.0,587.8399999999999,0.5608680030265554
47.0,106.0,1079.84,0.7294255972620508
38.0,108.0,1078.4399999999998,1.1310232042722854
30.0,108.0,1141.1600000000003,1.270490573004602
33.0,108.0,1117.7599999999998,1.2746505654268652
29.0,108.0,1140.8,1.2933259546858256
26.0,108.0,1110.4399999999998,1.6973483814027277
26.0,108.0,931.5600000000002,2.484482923870832
26.0,108.0,932.9600000000003,2.5761165955979792
26.0,108.0,922.24,2.5891692100913093
26.0,108.0,932.96,2.5761165955979797
24.0,18.0,32.36,-0.6028597619395051
24.0,18.0,42.56,-0.6444878169924675
26.0,98.0,718.4,2.3666878393494213
24.0,98.0,747.8399999999999,2.375565850740314
22.0,98.0,772.2,2.3948249852054393
17.0,98.0,797.1600000000001,2.3895421487253286
17.0,98.0,810.5600000000001,2.232939012500381
17.0,98.0,810.5600000000001,2.232939012500381
16.0,98.0,819.5599999999998,2.2542457207794677
16.0,98.0,816.6399999999999,2.24669210912001
16.0,100.0,823.5600000000001,2.231648113186529
18.0,100.0,807.36,2.2497010072535777
18.0,30.0,74.75999999999999,1.159745555403046
19.0,30.0,71.24000000000001,0.9957747529598951
20.0,30.0,66.56,0.9344980982636186
21.0,30.0,57.44,0.8706161722356427
21.0,20.0,24.16,-0.38479798646530355
20.0,14.0,16.040000000000003,-1.0042317781435073
21.0,18.0,22.24,-0.6517019977684948
20.0,18.0,28.040000000000003,-0.28900924951191576
20.0,16.0,18.76,-0.06970661500000902
20.0,16.0,18.240000000000002,-0.19964065983714957
21.0,16.0,18.44,-0.33097295313658887
21.0,102.0,805.96,2.553604544497392
21.0,110.0,860.3599999999999,2.4147647962948637
19.0,110.0,877.76,2.433891249524529
17.0,114.0,944.9600000000003,2.3444702601555405
19.0,114.0,1544.8,1.356278520301359
16.0,114.0,1636.84,1.3874095655582497
16.0,114.0,1636.8399999999997,1.3874095655582501
13.0,114.0,1656.1599999999999,1.4001737042931992
12.0,114.0,1686.7600000000002,1.424134107478793
12.0,114.0,1699.3600000000001,1.448918116170635
12.0,108.0,900.6400000000003,2.4863856061391574
13.0,108.0,874.6,2.4707885522335755
14.0,110.0,1569.64,1.4206817235680753
14.0,108.0,1546.6,1.4381955324574602
12.0,108.0,897.64,2.5237263689514453
12.0,106.0,890.2400000000001,2.5428043860567136
14.0,106.0,887.8399999999999,2.359050907663186
17.0,106.0,1231.3600000000001,1.4061539894613009
18.0,106.0,1189.64,1.3812426153135726
18.0,106.0,1212.8,1.3770590471177941
20.0,106.0,1203.04,1.363431421972919
23.0,112.0,1785.1599999999999,0.8245759160463094
23.0,112.0,1284.6399999999999,1.394408885934432
24.0,112.0,1189.44,1.3842377996371327
24.0,112.0,1149.6399999999999,1.3978411242566282
28.0,106.0,1030.2399999999998,1.4791001493459186
28.0,116.0,1667.56,0.9374479493172396
24.0,118.0,1632.3600000000001,1.3744582447229883
23.0,118.0,1712.36,1.3487899323368342
23.0,118.0,1660.9600000000003,1.3667688147039838
28.0,118.0,1816.0,0.8720729019069893
23.0,118.0,1365.16,1.4859131668901753
21.0,118.0,1411.2400000000002,1.4821595873579323
20.0,118.0,1435.2399999999998,1.5319621306449585
20.0,118.0,2007.4,0.9027926904872099
20.0,118.0,2012.1600000000003,0.9120075348614274
20.0,110.0,1288.16,1.4655915102915102
21.0,110.0,1230.76,1.489246851945168
24.0,128.0,2054.4399999999996,1.0172724770855321
29.0,128.0,1983.4,0.9906322052133207
24.0,128.0,1878.4,1.4541359817805102
26.0,128.0,1819.3600000000001,1.4683442601476229
26.0,122.0,1782.7599999999998,1.4930405190170888
26.0,122.0,1782.7599999999998,1.4930405190170888
24.0,126.0,1254.4399999999998,2.5162499902220525
22.0,126.0,1270.2399999999998,2.548416564832086
22.0,126.0,1662.4,1.593100762155281
21.0,126.0,1689.64,1.584736456953149
20.0,92.0,647.04,2.341727147295598
19.0,92.0,652.6399999999999,2.5329263445593924
19.0,94.0,1180.16,1.4467138068743828
19.0,94.0,1184.04,1.4556262943022122
18.0,100.0,1248.16,1.4092527569466353
16.0,100.0,1292.8,1.4075762812518524
19.0,100.0,1256.8,1.3121674720634517
16.0,100.0,1298.56,1.3234717281596884
16.0,100.0,768.6400000000001,2.147682977953401
18.0,100.0,762.4,2.1340095233836807
22.0,120.0,1567.2399999999996,1.359844199207136
22.0,120.0,1551.5600000000002,1.357460199272131
20.0,120.0,1083.4,2.3050263284445136
20.0,120.0,1088.8400000000001,2.322460561872404
20.0,116.0,1055.2399999999996,2.3904515529852057
20.0,114.0,1076.0400000000002,1.9508668263044169
20.0,116.0,1140.0,1.9715864752360526
20.0,116.0,1092.6399999999999,1.9847101390830448
20.0,116.0,1100.2,2.0162649504698074
20.0,120.0,1164.8399999999997,1.9357054822945539
18.0,56.0,219.55999999999995,1.7228605347690509
16.0,56.0,221.16000000000003,1.7826567415013737
18.0,56.0,219.83999999999997,1.6792800927810272
19.0,102.0,878.6,1.7237812634171203
19.0,102.0,911.5600000000001,1.671727293503463
14.0,102.0,837.6400000000001,2.294438144223401
14.0,102.0,837.64,2.2944381442234016
14.0,102.0,1326.2400000000005,1.386602542275805
10.0,102.0,1375.56,1.4329930191303133
11.0,102.0,1350.2399999999996,1.440303918202132
9.0,104.0,1392.0399999999997,1.4294119082527899
9.0,116.0,2095.84,0.8709012113435138
9.0,116.0,2102.4399999999996,0.8781719304541916
9.0,116.0,1588.9600000000003,1.3281789114182125
13.0,116.0,1537.6,1.3299908678151025
18.0,116.0,1515.56,0.9918153868976768
21.0,116.0,1449.76,0.9905379516411406
18.0,116.0,1116.9599999999998,1.6722164498977854
18.0,116.0,1075.56,1.713597502687687
18.0,116.0,1059.2400000000002,1.7307294847655876
21.0,104.0,972.8399999999998,1.6128043056169459
18.0,50.0,275.36,1.0692679240562781
19.0,50.0,270.23999999999995,0.9608061605490238
19.0,788.0,54139.04,2.6437263214876867
25.0,788.0,53770.4,2.643237241537397
19.0,792.0,54508.04,2.652438006790074
16.0,792.0,54709.640000000014,2.6511649463464924
16.0,792.0,54709.640000000014,2.6511649463464915
18.0,792.0,54644.36000000001,2.6514062619444516
23.0,792.0,54451.4,2.6518923846835594
18.0,792.0,54968.96,2.6587143069101393
18.0,792.0,55003.4,2.6584303028404723
14.0,796.0,55386.43999999999,2.6578444742810583
14.0,96.0,730.44,2.0770714521633473
12.0,96.0,714.76,2.4315561906095113
13.0,96.0,701.44,2.444761810934534
15.0,96.0,684.36,2.386824236918836
17.0,112.0,1428.3600000000001,1.4320417979225566
19.0,112.0,1407.2399999999998,1.3413667554344448
16.0,112.0,1428.0400000000002,1.3674638700892123
17.0,112.0,1411.4,1.3694091624880391
21.0,112.0,1811.4,0.791499524324836
21.0,110.0,1795.36,0.8005919100162544
17.0,110.0,1548.8,1.3588239441124697
19.0,110.0,1516.1600000000003,1.3577713275429126
22.0,110.0,1811.8400000000001,0.7850582903663006
24.0,110.0,1796.0,0.773228105171742
19.0,104.0,1304.3600000000001,1.3214401589500118
17.0,104.0,1355.24,1.4165622040902741
17.0,104.0,1355.24,1.4165622040902741
19.0,108.0,1878.56,0.82767926972081
16.0,108.0,1462.56,1.4158243261001087
16.0,110.0,1473.64,1.4073159403757993
16.0,112.0,1506.4,1.3844949322015914
16.0,112.0,1501.9599999999998,1.3764073165208603
13.0,112.0,998.24,2.3513134186801667
9.0,114.0,1037.44,2.4466025413172092
7.0,114.0,1047.4,2.4633253831134465
7.0,114.0,1511.4,1.4576871492420136
5.0,114.0,1572.96,1.4788233350422435
4.0,92.0,708.3599999999999,2.439235928935814
4.0,92.0,703.24,2.4232276755830107
6.0,108.0,1456.2,1.443786866396198
9.0,108.0,1401.16,1.2971872835227116
9.0,108.0,1397.7599999999998,1.2222225405021918
14.0,108.0,1344.8400000000004,1.210085715530396
25.0,108.0,1242.2399999999998,1.1047242523988114
33.0,116.0,1721.7599999999998,0.6648323743915209
31.0,116.0,1487.4,1.12962251561461
31.0,112.0,1359.3600000000001,1.222256432885028
31.0,106.0,1283.04,1.3095696625614728
31.0,100.0,1247.4,1.3505609716339706
31.0,100.0,779.2399999999999,2.3036945540331737
28.0,100.0,787.2400000000002,2.350481425563564
24.0,100.0,818.6,2.3572573045077934
24.0,100.0,824.96,2.3444493555157826
24.0,100.0,824.96,2.3444493555157817
19.0,24.0,64.03999999999999,0.6129252927634058
16.0,26.0,66.56,0.9571268830872549
16.0,34.0,91.4,0.6234732218780349
16.0,34.0,91.4,0.6234732218780349
16.0,98.0,705.44,2.075608775221518
16.0,98.0,736.1600000000001,2.174985900323902
15.0,98.0,751.5600000000002,2.250649897211588
13.0,98.0,764.16,2.25014504844419
13.0,98.0,819.24,1.7527174519583124
13.0,98.0,804.9599999999999,1.9411538153810834
14.0,98.0,797.4400000000002,1.930760685689022
17.0,98.0,796.84,1.6437060277641562
20.0,94.0,737.4399999999998,1.7200109447685332
23.0,104.0,1290.4,1.100851716566549
23.0,104.0,867.5599999999998,1.7050914993770117
30.0,102.0,793.6400000000001,1.72647916970886
30.0,102.0,775.4,1.7731182002901928
30.0,96.0,730.4,1.903248185429678
30.0,96.0,725.9599999999999,1.939282598310002
29.0,96.0,753.8,1.882924180679449
29.0,96.0,753.8,1.882924180679449
21.0,98.0,796.36,1.9779583583726337
19.0,100.0,829.76,1.925751772279927
19.0,96.0,768.16,1.8727539776591444
17.0,98.0,805.9599999999999,2.0073287152260955
16.0,100.0,841.8,2.127530621592074
15.0,100.0,846.5600000000001,2.1267180597788244
15.0,100.0,1340.2,1.2518752356488443
14.0,100.0,1371.3600000000001,1.4832805994105944
14.0,100.0,1356.3600000000001,1.4645461719672828
13.0,100.0,1376.1599999999999,1.4715215065285288
12.0,100.0,1391.3600000000001,1.4710914400271176
13.0,100.0,1807.2,0.8535838538559088
13.0,96.0,1303.2399999999996,1.441327170608972
14.0,96.0,1287.56,1.4441022662685736
16.0,94.0,1248.96,1.451241284501849
20.0,96.0,1664.8,0.8423147231745884
20.0,96.0,1265.8,1.3865030257090047
22.0,96.0,1199.3600000000001,1.3500148932413039
20.0,96.0,1229.4399999999998,1.3484130213084795
20.0,98.0,1250.4,1.3296366196446745
27.0,98.0,1176.0400000000004,1.2734126063614029
20.0,100.0,758.56,2.0659801849328185
21.0,100.0,756.2,2.054820159111727
21.0,100.0,762.5600000000001,2.0435913897108815
19.0,100.0,785.6,2.0155469280909775
19.0,104.0,849.4399999999998,2.0617556707832
17.0,104.0,853.76,2.1668399372960163
13.0,104.0,870.5600000000001,2.293982753422448
12.0,106.0,901.96,2.245180861981062
16.0,106.0,933.6400000000001,1.787110365245823
16.0,106.0,999.24,1.4878256410957982
16.0,108.0,1020.36,1.45334100181663
12.0,108.0,1091.2,1.4526789490493761
11.0,108.0,1122.56,1.4380134205091892
16.0,108.0,1516.8,0.8355425922342403
15.0,96.0,916.96,1.2367144722627974
11.0,96.0,939.5600000000001,1.2748967587476128
12.0,96.0,934.4,1.2692918088582679
16.0,96.0,887.0400000000002,1.2504572962948317
16.0,96.0,1250.76,1.0178679363602756
16.0,96.0,1196.8,1.3777534579981459
18.0,96.0,1124.0400000000002,1.2563894855699562
19.0,94.0,1042.4399999999998,1.293724569237719
21.0,88.0,956.64,1.3423879294553038
21.0,84.0,540.0,1.9680493151839171
22.0,84.0,531.8399999999999,1.9713908204527086
24.0,80.0,489.6,2.0922091948931665
26.0,76.0,459.36,2.191069428193072
26.0,76.0,446.76000000000005,2.219633040960448
26.0,30.0,64.64,0.4788000737050045
26.0,34.0,88.84,0.01799940133680668
24.0,36.0,101.44,0.15992520937899737
24.0,36.0,117.96000000000001,0.32003587100073705
24.0,94.0,696.6400000000001,1.9218301426348228
17.0,98.0,725.4400000000003,2.1561901974191495
10.0,98.0,753.6,2.185186902572555
10.0,98.0,756.9599999999999,2.2988185269458183
10.0,98.0,1014.2400000000001,1.4923157827757387
10.0,98.0,1020.64,1.4049797716359826
11.0,98.0,1000.8399999999998,1.3611796762955468
11.0,98.0,1027.3600000000001,1.3373887057390115
14.0,98.0,999.8400000000001,1.3388967590916596
18.0,98.0,1028.8400000000001,0.9192038095312449
18.0,72.0,524.96,1.027244815500263
22.0,72.0,469.76000000000005,1.052105056562385
22.0,72.0,442.24000000000007,1.1118553521074337
22.0,72.0,437.16,1.1130378526251772
22.0,56.0,312.36,0.8278464753686564
22.0,56.0,351.84000000000003,0.61795716146976
19.0,56.0,366.56,0.6731971832979478
19.0,46.0,325.96,0.840575027978784
19.0,46.0,325.96,0.840575027978784
19.0,102.0,946.4399999999996,1.7229733886839498
19.0,102.0,946.4399999999998,1.7229733886839491
15.0,104.0,986.76,1.6965584291612419
15.0,108.0,1021.6399999999998,1.6489089582271235
15.0,108.0,1021.6399999999998,1.6489089582271235
15.0,108.0,1241.1600000000003,1.321681434681878
14.0,110.0,1293.9600000000003,1.5455799483159278
13.0,110.0,1300.64,1.5467108509133733
13.0,110.0,1308.0399999999997,1.5458020142579658
14.0,110.0,1432.1599999999999,1.0352627933608387
14.0,82.0,752.0400000000001,1.4315103281474828
14.0,82.0,774.44,1.1752854919374587
16.0,82.0,741.8,1.103324354914906
19.0,82.0,691.24,1.108830612183036
24.0,82.0,670.5600000000001,0.9252877547481789
19.0,68.0,366.76000000000005,1.221681711913937
24.0,62.0,322.56,1.116670761874419
24.0,62.0,300.8,1.1841399581780336
28.0,56.0,256.8,1.319202036903104
28.0,32.0,116.64000000000001,0.23182441700960182
33.0,32.0,98.24000000000001,-0.028394301539184753
33.0,32.0,98.24,-0.02839430153918484
33.0,32.0,112.96000000000001,0.008316058711134196
34.0,32.0,104.35999999999999,-0.22115587957598082
31.0,32.0,100.2,-0.01914254366475434
31.0,30.0,75.84,-0.0046512932878438416
30.0,30.0,75.36,0.34572850203443306
30.0,42.0,124.36000000000001,-0.5109346642671323
30.0,44.0,184.16000000000003,-0.38889325439774924
28.0,42.0,191.84,-0.3805163610387999
28.0,42.0,182.4,-0.38775469300677423
22.0,32.0,166.4,-0.23032892420712384
16.0,32.0,189.44,0.0036081931789152927
