89.5,1216.0,82256.05991735536,2.6192755799763745
89.5,1216.0,82760.23966942148,2.6092616798941797
87.5,1216.0,83441.95247933886,2.600707482283291
87.5,1216.0,83832.94421487604,2.5976290838785867
87.5,1216.0,83721.30785123968,2.592842168624047
87.5,1216.0,83576.10743801652,2.5854453967703495
85.0,691.0,30629.522727272728,2.6035051508237896
85.0,599.0,14486.514462809917,3.5336454802537856
81.5,126.0,1755.5888429752065,0.16609871645647148
82.5,126.0,1764.8780991735541,0.1413685640087228
82.0,126.0,1741.1074380165287,0.18454640608929546
82.0,126.0,1727.7871900826447,0.18297222505659905
76.5,126.0,1653.9028925619837,0.2882192583427544
76.5,124.0,1414.8181818181818,0.26520370253598585
65.0,124.0,1403.5805785123969,0.39161289062495547
65.0,124.0,1376.4297520661157,0.45125546094912034
65.0,124.0,1382.7210743801652,0.4324529638873974
75.5,124.0,1582.6033057851237,0.3119888208745788
75.5,124.0,1534.3636363636363,0.2627693393716646
75.5,124.0,1497.7933884297524,0.2750503214346743
75.5,124.0,1475.1074380165287,0.28497736797863654
75.5,124.0,1394.0847107438015,0.31686460324927535
75.5,122.0,1316.878099173554,0.3912380830661723
75.5,116.0,1202.4979338842975,0.4872305752103901
75.5,108.0,1109.1260330578511,0.5763870075755344
75.5,108.0,1112.1074380165292,0.5741994020385986
69.5,108.0,1007.6714876033056,0.7607168461267664
60.5,104.0,839.4235537190084,0.7945818514429108
60.5,104.0,826.3326446280993,0.8902044954712167
60.5,104.0,720.8615702479339,0.9980052644194485
66.5,119.0,1039.969008264463,1.0545867807428848
66.5,119.0,1163.588842975207,0.9445997624429022
66.5,119.0,1158.6301652892562,0.9729818898317196
65.5,119.0,1044.084710743802,1.213085975200782
65.5,119.0,1064.316115702479,1.1168497363159882
65.5,119.0,1056.8347107438015,1.1970885628640906
65.5,119.0,1051.6115702479337,1.1924774188464038
61.5,119.0,1055.9690082644627,1.261923041296939
60.5,119.0,1047.5950413223143,1.3611905075725945
59.5,119.0,812.6280991735537,1.6829728519369944
58.0,119.0,817.0495867768594,1.7150404966862396
59.5,119.0,784.3904958677685,1.7020673544711098
62.0,119.0,738.7933884297521,1.7847482461190634
63.5,119.0,742.9772727272727,1.5965461891195023
63.5,119.0,724.4214876033058,1.6641852624044304
63.5,119.0,766.0,1.5389535714820466
63.5,119.0,768.7190082644628,1.5377489750239843
63.5,119.0,760.7190082644629,1.5548066932803177
63.5,119.0,754.8119834710745,1.567414389904575
65.0,119.0,743.853305785124,1.436880766766078
65.0,119.0,794.5371900826445,1.1975181365313758
65.0,119.0,791.5619834710743,1.2420429201449004
63.5,93.0,493.10743801652893,0.9656728024188547
62.0,72.0,330.69421487603296,0.7361974625150806
62.0,72.0,325.26446280991735,0.7862148390758155
62.0,72.0,372.78719008264466,0.6360666113090206
62.0,72.0,357.6797520661157,0.6652418648275138
62.0,94.0,524.2086776859505,0.9044305367699599
63.5,94.0,558.0578512396693,0.684458400899023
67.5,94.0,584.2665289256199,0.48428699823636234
67.5,94.0,602.2665289256198,0.4969538764445043
72.0,94.0,614.6301652892562,0.3310221483200203
72.0,94.0,629.3388429752066,0.3245440999422828
68.5,94.0,680.7706611570248,0.34608040880981267
66.5,94.0,691.685950413223,0.37175519213547586
58.0,94.0,684.5454545454545,0.5353489336807369
66.5,900.0,32942.795454545456,4.22440743425533
66.5,901.0,32949.79338842974,4.223677775797662
66.5,901.0,32929.231404958686,4.224919671280727
71.5,901.0,32828.787190082636,4.229845908993187
72.5,901.0,32718.776859504134,4.235318846553114
71.0,901.0,32813.95247933884,4.243941964818097
71.0,901.0,32882.867768595046,4.256442544294887
68.0,901.0,32992.630165289265,4.252600108608384
68.0,901.0,33074.975206611576,4.246715515895147
68.0,901.0,33168.47107438016,4.240893124518268
61.5,901.0,33325.96694214875,4.234150776203834
61.5,901.0,33351.776859504134,4.242560775596723
61.5,901.0,33341.68595041323,4.240051861376296
61.5,901.0,33322.4979338843,4.271240816707589
61.5,901.0,33345.22520661158,4.281720055624455
61.5,901.0,33421.04338842975,4.234886157124149
61.5,901.0,33441.39049586777,4.2337241932133995
60.0,901.0,33514.51446280992,4.243175657122708
64.5,901.0,33374.514462809915,4.2189384215034655
64.5,901.0,33288.76239669422,4.22453342389187
68.0,901.0,33171.24173553719,4.194224988875447
68.0,901.0,33213.72107438016,4.191547394865962
68.0,111.0,901.2644628099174,0.8238080526485528
71.0,106.0,829.6280991735537,0.8364348076114585
71.0,106.0,828.043388429752,0.8358332319158007
69.0,106.0,842.853305785124,0.8672452313383826
66.5,106.0,844.9917355371902,0.8867088153638611
69.5,116.0,1123.2086776859505,0.8548994447433844
72.5,116.0,1207.6115702479337,0.6644914069788057
79.5,116.0,1216.878099173554,0.4764594399900463
81.0,116.0,1227.9028925619832,0.3193812171761532
81.0,116.0,1137.8347107438015,0.33565721384321073
81.0,126.0,1187.8760330578511,0.25220502287823965
79.5,126.0,1204.4483471074382,0.28881073778389577
79.5,126.0,1204.6528925619834,0.2848254285860774
79.5,126.0,1211.2169421487604,0.24941491496860185
76.5,133.0,1403.4545454545455,0.15915295551636643
71.5,135.0,1410.9442148760334,0.19242041133850135
71.5,135.0,1488.8780991735534,0.15754283611988745
71.5,135.0,1529.7871900826447,0.1864382458235575
67.5,135.0,1508.117768595041,0.37251662621599807
67.5,135.0,1503.289256198347,0.36595003521715913
63.0,135.0,1394.663223140496,0.5523537783034689
64.5,135.0,1372.7954545454545,0.5253603055986834
64.5,135.0,1295.5454545454545,0.6290661884612881
64.5,135.0,1300.9256198347107,0.6042792047971222
67.5,135.0,1337.2314049586776,0.4428725600144513
71.5,135.0,1381.6632231404958,0.27142396043437794
78.0,135.0,1387.3161157024792,0.18553843621014257
71.5,113.0,1167.5144628099172,0.09306852955040376
65.0,113.0,1120.8181818181818,0.21656276315793285
60.5,113.0,1029.944214876033,0.3719830682616451
55.5,91.0,858.1260330578513,0.2758393428424299
48.5,91.0,880.1756198347107,0.425374446280069
48.5,91.0,851.6797520661158,0.406447714645891
47.0,91.0,848.2644628099174,0.4944838895047973
45.0,91.0,822.8760330578513,0.6934958559432539
45.0,91.0,715.0351239669421,0.8766373856048417
45.0,91.0,683.2479338842975,0.905802553310192
45.5,88.0,651.8760330578511,0.802127803104597
47.5,88.0,646.7438016528927,0.630051385066588
50.5,88.0,642.935950413223,0.5387174208974101
55.5,88.0,651.4214876033058,0.3683101288028021
57.0,109.0,883.845041322314,0.5748082559708003
63.0,109.0,1058.793388429752,0.4843680341565847
68.0,109.0,1190.8119834710744,0.3611639868439838
68.0,109.0,1223.090909090909,0.3064951587058685
68.0,109.0,1367.090909090909,0.2785863516464527
68.0,135.0,1655.6115702479342,0.447915658367272
68.0,135.0,1590.2252066115702,0.5508524934177078
64.5,135.0,1574.5392561983472,0.6432104060815199
68.5,135.0,1509.6797520661157,0.5590573175346826
75.0,563.0,12725.878099173553,3.6134627521346094
75.0,563.0,12669.719008264463,3.6274866822985894
75.0,559.0,12575.969008264463,3.6566995278041627
75.0,559.0,12569.595041322316,3.6587404110966744
75.0,559.0,12666.572314049588,3.6308797885036737
75.0,559.0,12732.834710743797,3.6143469250110827
75.0,558.0,12606.762396694217,3.6487792765994795
75.0,558.0,12601.958677685947,3.649919972716587
78.5,558.0,12446.216942148762,3.6731063377765225
78.5,558.0,12499.96900826446,3.666746907371427
78.5,558.0,12545.925619834708,3.5769983842880095
80.0,558.0,12541.40702479339,3.484577547468215
81.5,558.0,12505.611570247931,3.4575889033289577
81.5,558.0,12499.605371900827,3.4635990783633086
81.5,558.0,12537.754132231405,3.4294494161693114
81.5,558.0,12531.902892561986,3.4415443118271303
81.5,558.0,12526.448347107438,3.4316490473308443
81.5,558.0,12519.867768595042,3.4766592184576175
79.5,558.0,12476.489669421486,3.6037748558043448
81.5,558.0,12446.066115702479,3.5869690923602104
87.5,558.0,12374.489669421486,3.5601180592262804
87.5,558.0,12415.679752066115,3.5580532740746444
87.5,117.0,1468.9028925619837,0.05955464687881775
98.0,132.0,1644.3078512396694,0.0006584180323638294
98.0,132.0,1523.925619834711,-0.0467694109937593
104.5,132.0,1360.4979338842975,-0.14570682418160297
104.5,124.0,1309.1570247933885,-0.08675231784660585
104.5,123.0,1175.5454545454545,-0.018858467534163505
104.5,123.0,1083.2479338842977,-0.025923745156007896
104.5,123.0,984.0847107438015,0.02784109644624848
104.5,123.0,1044.198347107438,0.03881832230684954
104.5,123.0,1036.603305785124,0.04500586144478024
98.0,123.0,1055.2169421487604,0.17131861633938653
87.5,124.0,1072.1074380165287,0.19807646637382081
87.5,124.0,1065.878099173554,0.20624051164663876
81.5,124.0,993.8780991735534,0.3472958392188548
81.5,124.0,848.9917355371902,0.3635818135115163
81.5,124.0,848.99173553719,0.3635818135115165
81.5,124.0,825.5619834710743,0.44180632398545594
81.5,147.0,1248.4132231404958,0.8796357008692586
86.0,147.0,1250.4214876033059,0.7098571240519012
86.0,147.0,1260.2995867768595,0.6799727482380535
86.0,147.0,1578.7190082644627,0.7443794604362608
91.0,147.0,1608.4814049586776,0.554369302296162
91.0,147.0,1668.338842975207,0.46369702298446275
91.0,147.0,1488.8347107438017,0.5779789732588988
91.0,147.0,1584.5123966942149,0.56188411275618
89.0,147.0,1568.8615702479337,0.6513581865402921
89.0,147.0,1439.7438016528927,0.7485870441886978
89.0,147.0,1472.9669421487604,0.7383658169861228
91.0,147.0,1467.090909090909,0.6803351191270175
91.0,147.0,1545.3574380165292,0.6553022009249587
91.0,147.0,1641.01652892562,0.5731870105144502
91.0,147.0,1711.9008264462811,0.5300926450321856
91.0,147.0,1708.043388429752,0.5320643558250451
91.0,147.0,1617.134297520661,0.598027350885651
89.0,147.0,1678.5123966942147,0.712599304333681
89.0,147.0,1735.9008264462807,0.7374064873707805
89.0,147.0,1736.2252066115702,0.7339516829612389
83.0,147.0,1712.8677685950415,0.8546350449481165
81.0,147.0,1712.9917355371902,0.8742748431768137
81.0,143.0,1312.663223140496,0.742832275458777
76.0,143.0,1264.1177685950413,0.916870401916984
76.0,143.0,1231.1818181818182,1.0051273199660742
76.0,99.0,835.4070247933887,0.40188813433745085
76.0,99.0,801.9256198347107,0.34520127680882723
73.5,91.0,647.289256198347,0.31104374353894115
71.0,91.0,626.0268595041323,0.49275834586889206
71.0,91.0,598.595041322314,0.4837693395719348
71.0,91.0,588.9524793388431,0.5593436086361133
66.5,91.0,625.3987603305785,0.6036958509251711
66.5,91.0,634.4235537190084,0.6089427588334558
61.5,91.0,629.6301652892562,0.7918468382182853
61.5,91.0,637.5144628099174,0.7826972368233495
61.5,101.0,671.4814049586777,0.6652993540791698
61.5,101.0,704.8677685950413,0.5836047195523851
61.5,101.0,747.7851239669421,0.5354726157129829
61.5,101.0,767.5123966942148,0.5599517138312278
61.5,101.0,784.2665289256197,0.5616529548730769
61.5,101.0,802.2892561983471,0.5730918033009585
55.5,101.0,779.6632231404958,0.768743803510661
49.0,101.0,790.9690082644629,0.9047843371604193
49.0,101.0,767.25,1.020936880139206
49.0,101.0,647.150826446281,1.1687372605737756
49.0,101.0,642.6053719008264,1.1974765652962283
49.0,101.0,603.3326446280993,1.3195967778009248
49.0,101.0,491.10743801652893,1.3118539670624012
49.0,59.0,257.3223140495868,0.11621055830355201
49.0,59.0,254.6528925619834,0.1207337894423911
49.0,59.0,262.853305785124,0.07148048286631119
49.0,59.0,261.150826446281,0.08342458844212214
49.0,59.0,251.03512396694214,0.0698322683715331
57.0,59.0,281.4979338842975,-0.016260040975135844
59.0,59.0,281.0847107438016,-0.04855053867609145
59.0,59.0,286.5888429752066,-0.04115539045395993
59.0,59.0,310.04958677685954,-0.042713871619623756
59.0,56.0,274.3223140495868,-0.006970912588258561
62.5,55.0,242.9917355371901,-0.08153005221663459
62.5,55.0,238.63636363636363,-0.05911128698298853
62.5,74.0,324.8863636363636,-0.5254564010625868
62.5,74.0,365.59504132231405,-0.5292255203844752
62.5,74.0,405.92561983471074,-0.4988785002058439
62.5,74.0,479.9669421487604,-0.4881067321799754
62.5,75.0,552.2396694214877,-0.47776703632177714
59.0,75.0,600.7933884297521,-0.3031974108158939
52.0,75.0,582.0268595041322,-0.17734173312663432
51.5,75.0,562.7045454545455,-0.13998889859627422
51.5,80.0,616.198347107438,-0.026275309967114868
51.5,80.0,570.4318181818181,-0.08185403012667947
51.5,85.0,662.8615702479339,0.05687934231125861
51.5,85.0,668.4462809917355,0.05035468219516114
51.5,86.0,753.1404958677687,0.12735431412012613
46.5,86.0,746.150826446281,0.20935152555950395
46.5,86.0,827.8760330578513,0.2382048322722451
46.5,86.0,807.2479338842976,0.24776173165033022
46.5,86.0,852.0495867768594,0.1694404613267056
51.5,86.0,885.5041322314049,0.014695624760685049
51.5,86.0,864.3987603305785,-0.03439793984831259
59.0,124.0,1143.7210743801652,0.24646276955121804
61.5,124.0,1309.175619834711,0.2158541753324176
69.0,124.0,1304.663223140496,0.05429414903054986
72.0,124.0,1184.861570247934,-0.04000970489481121
72.0,124.0,1117.809917355372,-0.05029086324662911
72.0,124.0,1039.595041322314,-0.06397018933099971
72.0,124.0,959.6301652892561,0.03016246836447112
74.5,120.0,810.7210743801653,0.06730828737909175
74.5,103.0,697.6797520661156,0.3501736622575662
74.5,103.0,643.4297520661156,0.33838072076879006
78.5,103.0,666.0847107438017,0.1535461400831891
74.5,103.0,702.5805785123968,0.2873166937880432
74.5,103.0,714.5123966942149,0.32382575585091505
74.5,103.0,714.512396694215,0.32382575585091494
78.5,103.0,725.6632231404959,0.22127327777920439
74.5,103.0,707.8119834710743,0.359835190431385
74.5,103.0,672.0165289256198,0.339375379363328
74.5,103.0,653.4462809917355,0.4034940821948751
74.0,103.0,653.4979338842975,0.4087770077660407
71.5,103.0,651.4297520661156,0.47846625048257074
71.5,103.0,697.9690082644629,0.39381319518816915
74.0,103.0,683.3904958677687,0.2262329889918275
71.5,88.0,532.4979338842975,0.04789459298618543
69.5,76.0,463.17561983471074,0.014285790724213394
67.5,76.0,475.1818181818182,0.18380464616042783
66.0,76.0,473.78719008264466,0.23993556050988094
67.5,76.0,492.51239669421483,0.08422797318321874
69.5,76.0,471.20867768595036,0.00023137294725673134
69.5,65.0,409.93595041322317,0.19484038938691786
67.5,79.0,485.05991735537185,0.11953947844518166
67.5,83.0,545.6053719008264,-0.06940022557178373
66.0,84.0,639.7024793388432,-0.08479024990680821
66.0,84.0,624.0,0.009290652280430646
66.0,84.0,674.2086776859505,-0.025157171160061
66.0,84.0,723.845041322314,0.027102120246282554
66.0,84.0,719.6301652892561,0.18908614588608572
66.0,84.0,687.1177685950412,0.20632139159542884
59.5,84.0,690.1756198347107,0.3031051542279773
59.5,84.0,723.4814049586776,0.2350463026177465
59.5,84.0,765.7851239669421,0.23866749618290314
59.5,84.0,794.8863636363636,0.19773533057624776
59.5,87.0,903.2314049586778,0.19119392757659834
59.5,87.0,842.6115702479339,0.15936861558734494
59.5,111.0,1011.2252066115703,0.4462424535721322
59.5,111.0,1031.7541322314048,0.3709873821007208
68.5,111.0,1109.1260330578511,0.20414322057050344
68.5,111.0,1096.4814049586778,0.1738444144213315
64.0,111.0,1109.2314049586776,0.23428096462200343
64.0,111.0,1061.6136363636363,0.2723453912311395
67.0,111.0,1118.3904958677688,0.18824007890358913
80.0,111.0,1130.6115702479337,0.058663297978507306
80.0,111.0,1064.198347107438,0.02558399584405362
80.0,111.0,1037.8615702479337,0.045573921784955784
80.0,112.0,1042.090909090909,0.04073861168616109
80.0,112.0,1035.1735537190082,0.044498052161025835
80.0,112.0,1027.3305785123966,0.05188165841375196
80.0,117.0,1077.413223140496,-0.0010758263805520426
80.0,117.0,1077.413223140496,-0.0010758263805520497
70.0,117.0,1113.754132231405,0.12260231981516805
78.0,117.0,1094.173553719008,0.02624655466763525
65.0,117.0,1084.3801652892562,0.14134284290334795
56.5,117.0,1052.2479338842977,0.3055881640721783
56.5,117.0,1056.685950413223,0.3000259554024199
56.5,117.0,1040.8842975206612,0.29322640039227604
56.0,117.0,1018.7438016528926,0.4412674840871513
56.0,92.0,845.1177685950414,0.1668090590388449
56.0,92.0,904.043388429752,0.17174178725846345
56.0,102.0,951.0681818181819,0.2408255000560618
56.0,102.0,954.1756198347109,0.17104634681779673
64.5,102.0,978.7851239669421,0.016602013662862444
56.5,102.0,966.0,0.12166710504324982
56.5,102.0,962.6797520661158,0.12060948408782556
56.5,102.0,974.6942148760331,0.11238226034537624
65.0,102.0,1065.0351239669421,0.003048995872539671
73.0,102.0,1026.6053719008264,-0.17010021087044214
73.0,102.0,955.2314049586777,-0.14649916296166066
81.5,102.0,900.4979338842975,-0.3191198022797193
81.5,102.0,806.0351239669421,-0.35803491909457325
81.5,92.0,660.7768595041323,-0.20579479949515084
81.5,81.0,566.4070247933886,-0.042911004053760915
81.5,76.0,509.26446280991735,0.0480296955296136
81.5,76.0,549.8119834710744,0.08493069086751916
81.5,76.0,535.5123966942148,0.06553050654301529
83.5,76.0,495.2479338842975,0.0044067271121883455
75.0,76.0,505.53719008264466,0.15230763934655542
75.0,76.0,481.33884297520666,0.16229834197138868
80.5,76.0,448.952479338843,0.0581052468375298
80.5,76.0,448.952479338843,0.0581052468375298
75.0,76.0,431.6280991735537,0.23615047557348173
69.0,68.0,357.8780991735538,0.21321176566908762
71.0,68.0,358.32231404958674,0.17712372529688433
71.0,68.0,346.2086776859504,0.2320151187983162
71.0,68.0,340.6714876033058,0.22813174710983264
66.5,68.0,310.39049586776855,0.36766888072154025
64.0,68.0,306.58884297520666,0.5516692279906177
62.0,56.0,248.17561983471072,0.43377562675554737
61.0,59.0,255.44628099173553,0.4716854947646704
62.0,85.0,376.4132231404958,1.0393269929346538
61.0,85.0,357.19834710743805,1.2711497241640788
61.0,85.0,434.1570247933885,1.0260124925224476
61.0,93.0,494.7851239669421,0.7850364310180777
61.0,104.0,589.8780991735538,0.4522519629406116
61.0,111.0,712.8842975206611,0.2046407132825238
61.0,111.0,749.5123966942149,0.19788268237365697
61.0,111.0,805.1487603305785,0.25950211138687407
60.5,111.0,853.9359504132229,0.3776321907964622
60.5,111.0,857.3409090909091,0.41138426788737553
56.5,111.0,821.0909090909091,0.6094955586659574
56.5,111.0,808.4710743801653,0.6336630494157324
56.5,111.0,748.8119834710742,0.6780942308837847
56.5,111.0,778.2665289256197,0.5699944586586327
57.0,111.0,779.2644628099173,0.5545204317767495
57.0,111.0,873.107438016529,0.5361704632007642
57.0,144.0,1282.448347107438,0.949324931127936
57.0,144.0,1400.26652892562,0.7585890015526863
57.0,144.0,1495.3574380165292,0.6125118928204885
62.0,144.0,1486.8450413223143,0.5494733953064052
68.0,144.0,1494.2995867768595,0.40762344609358997
69.0,144.0,1452.9256198347107,0.35804747115768376
69.0,144.0,1337.01652892562,0.39541578349939366
75.5,144.0,1389.1756198347105,0.25103253336430686
69.5,144.0,1316.5619834710744,0.3837634092315492
69.5,144.0,1338.702479338843,0.3688872628152286
69.5,144.0,1330.0661157024792,0.3776708999680755
69.5,135.0,1283.909090909091,0.4361360756553305
69.5,139.0,1336.1508264462811,0.3869240685687332
69.5,139.0,1359.754132231405,0.36828453909525827
69.5,139.0,1344.7623966942149,0.3783178600393856
69.5,139.0,1426.909090909091,0.3714355095106064
69.5,139.0,1438.1487603305786,0.37184851113955647
65.5,139.0,1463.2995867768595,0.47776477125824696
64.0,139.0,1456.884297520661,0.5331287577467605
63.0,139.0,1485.603305785124,0.6634212100202344
56.5,139.0,1493.1508264462811,0.702473017009142
56.5,139.0,1427.9442148760331,0.7582662783554002
56.5,96.0,1131.6528925619834,0.36333944814277597
56.5,96.0,992.3223140495869,0.3975236812689117
56.5,97.0,1012.7851239669421,0.4221825456917392
56.5,97.0,1012.7851239669421,0.4221825456917393
56.5,97.0,969.2727272727273,0.47183300615881874
53.0,97.0,966.2417355371902,0.5127627043636724
53.0,97.0,915.1570247933884,0.6035138083148087
53.0,97.0,805.9669421487604,0.652909913461861
51.0,97.0,798.9669421487604,0.7254102113355662
51.0,97.0,785.7024793388429,0.7365028756489348
51.0,100.0,807.2086776859504,0.6927089817957878
51.0,100.0,769.935950413223,0.6873032377628866
52.5,100.0,711.4896694214875,0.7035881994547505
54.5,100.0,664.7623966942151,0.6423038539000367
57.0,100.0,628.3161157024795,0.6077586718862407
57.0,100.0,649.4896694214875,0.5352318014199784
57.0,100.0,672.3801652892562,0.4990863190961251
57.0,103.0,750.3636363636364,0.3690227332253209
54.5,108.0,851.6136363636364,0.34726650578271734
54.5,108.0,884.3553719008265,0.3339838487811341
54.5,108.0,925.5805785123968,0.3854356826166593
52.5,108.0,878.7210743801654,0.5773960391806399
49.0,108.0,685.332644628099,0.5602497479259163
47.0,108.0,661.6859504132232,0.6718804382546658
47.0,67.0,452.4235537190083,-0.09581022770172735
42.0,67.0,411.4214876033058,-0.01669361557537827
36.5,62.0,361.26446280991735,0.0356644118205906
36.5,62.0,348.9669421487604,0.12537096322338998
36.0,62.0,314.754132231405,0.2125808832798084
36.0,59.0,274.90909090909093,0.10847826267016096
36.0,59.0,274.90909090909093,0.10847826267016096
37.5,59.0,290.6632231404959,-0.025949497068469957
39.0,74.0,346.84504132231405,0.16285462548271118
39.0,74.0,393.2417355371901,0.1483107856817009
39.0,74.0,450.86776859504147,0.1937811207959425
39.0,74.0,479.4814049586778,0.22864701307823762
39.0,74.0,479.4814049586776,0.2286470130782379
40.5,74.0,445.2665289256198,0.19679048713630976
40.5,74.0,434.0599173553719,0.18070798640775385
40.5,74.0,389.8780991735537,0.25759744316327265
40.5,62.0,322.0433884297521,0.5492129110817138
40.5,59.0,293.56198347107437,0.6908890051419587
40.5,49.0,269.32231404958674,0.8283809066514566
42.0,49.0,260.2665289256198,0.8323682359743333
44.0,49.0,251.17561983471077,0.8274695511485355
44.0,49.0,251.17561983471077,0.8274695511485355
44.0,49.0,270.7623966942149,0.8040751045295986
46.5,49.0,296.4297520661157,0.5963528842658358
49.5,48.0,279.56198347107437,0.5139562997598481
51.5,73.0,390.72107438016536,0.7502142406336674
54.5,73.0,449.6859504132233,0.6218931166776992
57.5,73.0,471.0268595041323,0.43960563637372135
58.5,73.0,527.8347107438017,0.29714201884363256
66.5,73.0,593.4132231404958,0.18907131733420773
58.5,73.0,593.6301652892561,0.35120246639640434
58.5,73.0,589.2479338842977,0.39116027051883595
58.5,73.0,576.4483471074379,0.4746140426009476
58.5,73.0,565.785123966942,0.5507493405604865
62.0,73.0,567.4710743801653,0.4814452331358223
65.0,73.0,551.4896694214875,0.3431829933336663
65.0,72.0,536.5144628099174,0.3716578544929442
65.0,72.0,501.06611570247946,0.39617480655327175
65.0,72.0,490.58057851239664,0.41135337062539845
65.0,75.0,499.33884297520655,0.3808877269584619
65.0,81.0,533.1342975206612,0.2677576097598206
65.0,82.0,583.2665289256198,0.16301241553111853
65.0,82.0,607.7438016528927,0.151893074598557
65.0,82.0,615.9772727272727,0.16142029155084708
65.0,82.0,608.4462809917355,0.20700973698568198
62.5,82.0,596.6301652892561,0.3066545438456044
65.0,82.0,601.99173553719,0.22430318752608916
65.0,78.0,511.6632231404959,0.1857327414280367
62.5,78.0,451.24793388429754,0.28533811139044296
62.5,78.0,431.0433884297521,0.3094651986777151
62.5,78.0,362.1487603305785,0.16045444276013923
62.5,51.0,266.2086776859504,-0.4577329749343477
65.0,65.0,314.62809917355366,-0.33862694979239105
65.0,79.0,407.3574380165288,0.08487270625994671
65.5,89.0,539.2727272727273,0.37762868555883294
67.0,89.0,598.5227272727273,0.2958378976953092
67.0,89.0,598.5227272727273,0.2958378976953092
67.0,89.0,656.3223140495868,0.2720938757808405
68.0,89.0,636.2169421487604,0.12892885400302778
68.5,89.0,630.5454545454545,0.05350020202523767
68.5,95.0,709.5123966942149,-0.04941979680194883
68.5,95.0,674.5227272727273,-0.055056341742637196
68.5,95.0,637.6797520661156,-0.009445059068608106
68.5,95.0,649.2644628099174,-0.03791721583434807
68.5,95.0,698.3801652892562,-0.12002319946100626
68.5,95.0,745.3409090909091,-0.13455089336869758
68.5,95.0,815.3409090909091,-0.03691204637856412
68.5,95.0,870.0909090909091,0.03999735178154338
67.0,95.0,916.3574380165289,0.17808365870980997
61.5,95.0,912.3801652892562,0.22760856209698754
62.0,95.0,901.3161157024792,0.16965289496481623
62.0,95.0,914.3078512396693,0.14302998046914925
62.0,95.0,928.198347107438,0.11265101690903213
63.5,95.0,930.2995867768594,0.09973886340311086
57.5,95.0,890.1342975206611,0.2411266396930159
56.0,95.0,789.603305785124,0.3280256163268603
56.0,82.0,629.0847107438017,0.2048956194619652
56.0,82.0,565.0351239669421,0.10320160057691952
56.0,82.0,551.4710743801653,0.1634938145286836
56.0,62.0,471.39876033057845,-0.09929024594036387
56.0,76.0,528.5227272727273,0.06698917846181776
56.0,76.0,574.4132231404959,0.09383175659875934
57.0,88.0,648.150826446281,0.17426178038732024
57.0,88.0,683.357438016529,0.026937228865499194
57.5,88.0,697.4297520661158,-0.14827841135007663
57.5,88.0,641.5206611570248,-0.13997201192517417
57.5,84.0,585.5805785123966,-0.07541653798817852
57.5,84.0,582.3223140495868,-0.06925073095131035
57.5,85.0,585.853305785124,-0.07751709499612437
57.5,97.0,648.332644628099,-0.23170047683503325
57.5,97.0,694.4979338842976,-0.31014054176911193
57.5,97.0,753.8842975206612,-0.2216655602112268
63.0,97.0,766.8780991735537,-0.29825602529930856
57.0,97.0,747.9669421487602,-0.19490869915783215
56.0,97.0,732.793388429752,-0.04976081481937136
54.5,97.0,745.6797520661156,0.09080015519086243
56.0,97.0,744.2479338842975,0.04662480915581772
57.0,97.0,770.1404958677685,-0.05208390556826461
55.5,97.0,772.6714876033056,-0.018428667295816215
53.5,97.0,752.7851239669421,0.08551333719693129
51.5,97.0,759.1508264462809,0.14485976580362303
51.5,97.0,781.0,0.1360005146602566
51.5,97.0,777.4979338842976,0.13248702383660557
51.5,117.0,963.4483471074382,0.4384972856763515
51.5,117.0,874.0599173553721,0.4295688021208308
49.5,117.0,831.6632231404957,0.5886088630273428
49.5,117.0,811.0681818181819,0.611837006214904
51.5,117.0,807.9442148760331,0.5321378137066518
53.5,117.0,797.9752066115703,0.4314749660435716
53.5,117.0,781.3574380165289,0.44078191597349525
53.5,117.0,740.1508264462809,0.4659478838402743
53.5,115.0,643.9028925619837,0.6585509940243237
53.5,104.0,582.3161157024794,0.9107794497777122
53.5,102.0,575.9359504132232,0.9388321487388932
51.5,111.0,640.150826446281,0.887082098200783
49.5,111.0,672.5805785123966,0.896415388450539
49.5,111.0,735.4070247933884,0.7897002867119065
49.5,111.0,752.0351239669421,0.7750616433056496
48.0,111.0,802.7190082644629,0.8072425704074104
48.0,111.0,813.6280991735538,0.7932513530562157
48.0,111.0,813.2396694214876,0.7843114917477819
48.0,126.0,1163.198347107438,0.9271393330388958
50.5,126.0,1255.1735537190082,0.7086322083549608
50.5,227.0,2708.721074380165,1.8088945599641384
50.5,1988.0,165810.9917355372,4.25262815966035
50.5,1988.0,165821.17355371898,4.253569585572414
50.5,1988.0,165676.29958677688,4.250294105513666
57.0,1988.0,165146.3223140496,4.238358378272944
57.0,1988.0,164897.63016528927,4.232497131489189
49.5,1988.0,165053.86157024791,4.231480943161832
48.0,1988.0,165195.95867768594,4.23072144888112
48.0,1988.0,165128.59504132232,4.231482734100015
48.0,1988.0,165150.52066115703,4.231252058459102
47.5,1988.0,165398.61157024794,4.228418583785225
47.5,1988.0,165330.0578512397,4.229228468811008
47.5,1988.0,165258.62809917357,4.230166573583328
48.0,1988.0,164907.4297520661,4.234619943493324
48.0,1988.0,164860.3223140496,4.2352282675602515
48.0,1985.0,164580.8533057851,4.239124047962656
48.0,1985.0,164374.52272727274,4.241636886423332
48.0,1980.0,164188.6033057851,4.244364713673772
48.0,1980.0,164386.35537190083,4.244369576794384
48.0,1980.0,164346.65289256198,4.24465964542178
48.0,1980.0,164696.2252066116,4.254498735375386
48.0,1980.0,164677.26652892563,4.253911451892572
48.0,1980.0,164362.65289256198,4.302383647913742
48.0,123.0,1622.4214876033059,0.7152792281204189
48.0,123.0,1764.8347107438015,0.7458940076740763
48.0,123.0,1708.9028925619837,0.8262008009639796
48.0,123.0,1606.8863636363637,0.7949313244135908
48.0,123.0,1456.5371900826449,0.9633138484059136
52.5,123.0,1466.7623966942147,0.8037756411310372
58.5,123.0,1447.702479338843,0.7370827137663388
58.5,123.0,1422.4979338842975,0.7346785065809192
63.0,123.0,1376.2995867768593,0.7052370967298608
68.5,116.0,1288.9442148760331,0.6261710949283553
72.0,116.0,1220.1735537190084,0.6030825926885953
72.0,114.0,1186.944214876033,0.6421694006211282
72.0,114.0,1215.2644628099172,0.6197450200218843
72.0,116.0,1223.2396694214874,0.6091992324280924
72.0,126.0,1297.5454545454545,0.5141147236479082
72.0,126.0,1356.448347107438,0.4740474722743073
72.0,126.0,1367.809917355372,0.465128019301153
72.0,126.0,1413.8450413223143,0.48421847993807987
72.0,126.0,1409.2892561983472,0.47781690532525717
68.5,126.0,1430.7768595041323,0.5299386808248708
62.0,126.0,1404.9256198347107,0.72350632308895
55.5,126.0,1224.9028925619832,0.9343461348352379
55.5,126.0,1062.6053719008262,0.9546716111930408
55.5,110.0,736.9359504132232,0.7192522413314534
55.5,110.0,726.7190082644628,0.7422874095923307
55.5,75.0,509.96900826446284,0.18567901886064345
55.5,75.0,506.42975206611567,0.19979896786928922
55.5,75.0,488.0578512396694,0.1626047457403986
55.5,75.0,514.0847107438017,0.15010727197982113
62.0,103.0,699.3904958677687,0.4259783988129017
64.0,103.0,701.1260330578511,0.4045318766390548
58.0,103.0,650.8780991735539,0.5597252207965653
58.0,103.0,710.5123966942148,0.48496386415789766
64.0,103.0,790.6363636363636,0.3339024471071201
69.5,103.0,756.8863636363636,0.2361905798782396
70.5,103.0,700.5619834710743,0.16489684904802132
70.5,96.0,620.5206611570247,0.32222530007562833
71.0,93.0,543.5144628099174,0.3559024519863814
71.0,85.0,482.12603305785126,0.527007438544711
71.0,90.0,498.0661157024793,0.4564124906464219
71.0,90.0,552.4132231404958,0.354667000178422
71.0,96.0,615.853305785124,0.22323112987909063
71.0,96.0,626.8450413223139,0.2071789002778772
71.0,96.0,599.3305785123966,0.1369734823720579
71.0,96.0,569.7438016528927,0.20523035289137573
70.5,105.0,678.900826446281,0.10417064662806713
69.5,105.0,752.0351239669421,0.18209707783266982
69.5,105.0,755.059917355372,0.1747411180668097
69.0,105.0,754.4979338842975,0.21435504388327192
65.5,105.0,731.4297520661156,0.3665710314639648
59.5,105.0,708.043388429752,0.5206444346702355
58.5,91.0,518.8181818181819,0.2574857634075119
58.5,91.0,514.9256198347107,0.29282756258101755
61.0,91.0,571.6115702479339,0.19200352655753877
61.0,91.0,505.53719008264454,0.18649879409718761
61.0,75.0,382.8450413223141,-0.2607807030557903
59.0,75.0,373.7933884297521,-0.19534631840792752
59.0,87.0,477.33057851239664,0.1861734166270005
59.0,87.0,477.3305785123967,0.1861734166270004
59.0,87.0,464.1404958677686,0.24531653046828228
59.0,87.0,465.42975206611567,0.26879096114169115
60.5,87.0,441.68595041322317,0.17753381596406753
60.5,87.0,422.14876033057845,0.17128342625346044
60.5,87.0,379.0681818181818,0.16719495310305596
60.5,87.0,359.80991735537185,0.1574608111053334
60.5,87.0,356.8347107438016,0.21385551663190802
59.0,87.0,346.3223140495868,0.3660840502803558
59.0,83.0,273.35743801652893,0.8577498640094006
59.0,60.0,212.61363636363637,1.7328622054306777
59.0,60.0,225.35743801652896,1.6677498271422464
59.0,60.0,246.69421487603313,1.3849795244194238
60.5,60.0,317.60330578512395,1.1582151081169807
61.0,60.0,330.10743801652893,0.929650920760254
61.0,60.0,330.85330578512395,0.9324702720448433
60.0,60.0,347.0,0.9251108342692208
60.0,60.0,309.6714876033057,1.139356637501816
60.0,60.0,346.84504132231405,0.9476339834017629
60.0,60.0,356.79545454545456,0.8305420128828721
61.0,60.0,355.30785123966945,0.7154512562641678
61.0,59.0,345.1487603305785,0.6810423025457029
61.0,59.0,335.702479338843,0.7049992886459885
60.0,63.0,363.34090909090907,0.6688012913835085
60.0,67.0,388.9917355371901,0.5785709814314478
58.5,67.0,403.30785123966945,0.5995522303517249
58.5,68.0,422.6280991735537,0.5375313292173464
57.0,68.0,439.30785123966945,0.5491265748414521
60.0,68.0,429.71900826446284,0.49703578221734485
57.0,71.0,470.65289256198355,0.4662812002078778
61.5,71.0,464.12603305785126,0.4011864287171862
62.5,71.0,460.05991735537197,0.3730586055188395
62.5,71.0,454.2086776859505,0.3516321929026768
60.0,71.0,436.9359504132231,0.5431711209956234
58.5,71.0,419.0847107438016,0.7262154997925487
58.5,91.0,515.035123966942,1.0816447167017533
58.5,91.0,486.9752066115703,1.282571503670125
59.5,91.0,529.1342975206612,1.0419517034498842
61.0,91.0,531.2314049586777,0.8690021703298051
61.0,101.0,746.1487603305785,0.947949611760803
61.0,101.0,771.0847107438015,0.9124843457843381
61.0,101.0,766.3636363636364,0.9421005419209749
61.0,101.0,834.6136363636364,0.7930356504130573
61.0,111.0,1039.059917355372,0.9260552837589583
62.5,111.0,1023.7190082644629,0.8916129610280755
65.0,111.0,1074.3223140495868,0.6807095626792284
65.0,111.0,1034.9256198347105,0.7153508806522921
65.0,111.0,1007.6632231404958,0.7182470262250146
67.5,111.0,932.2086776859505,0.7116770111593863
67.5,111.0,960.3409090909091,0.6602789077729264
67.5,127.0,1111.6115702479337,0.44745287805739326
67.5,127.0,1184.4710743801654,0.33282277161854285
65.0,127.0,1326.150826446281,0.2772329651189073
65.0,127.0,1336.9256198347105,0.29421149764943183
65.0,127.0,1366.1404958677685,0.3153856175524781
65.0,127.0,1377.5144628099172,0.32140431678241926
65.0,127.0,1381.035123966942,0.3255112817088118
65.0,127.0,1255.3223140495866,0.3927786159664248
73.0,127.0,1267.8119834710744,0.2781742210832582
73.0,127.0,1267.8119834710744,0.2781742210832582
73.0,127.0,1327.861570247934,0.20616840852388227
73.0,127.0,1152.3078512396694,0.18906794006577293
65.0,127.0,1116.853305785124,0.3602827706606335
64.5,127.0,1114.0826446280992,0.39784159277138753
57.5,127.0,1081.9752066115702,0.5914320683890268
53.5,102.0,794.1983471074382,0.36687003414979613
53.0,102.0,798.6528925619837,0.46365501115670565
53.0,92.0,654.3553719008264,0.23651259827957452
53.5,92.0,653.1404958677687,0.20551843666350098
53.5,92.0,653.1404958677687,0.20551843666350098
52.5,92.0,633.035123966942,0.3717219118787558
52.5,92.0,619.4814049586777,0.34899495995055824
53.5,92.0,557.6115702479339,0.30434286427566654
56.5,92.0,481.7851239669421,0.35734197517410565
56.5,94.0,489.74380165289256,0.31266713402534674
56.0,94.0,496.78719008264466,0.3376521102311942
56.0,94.0,509.99173553719,0.33032198968670673
58.0,94.0,500.1508264462811,0.28672353703748515
60.0,94.0,496.6363636363636,0.23729964234320663
60.0,94.0,480.8863636363636,0.2818588041325765
58.0,94.0,449.1983471074381,0.46293667259407034
57.0,94.0,391.78719008264466,0.5783027169572506
54.5,68.0,258.7623966942149,-0.05080325156631745
54.5,68.0,220.41322314049592,-0.19956652372085196
55.0,68.0,220.30785123966942,-0.208839630072826
55.0,68.0,237.66322314049592,-0.13286935336425248
57.0,83.0,307.900826446281,0.2705900959484986
58.0,87.0,386.1818181818182,0.3934373841675607
58.0,87.0,379.0599173553719,0.3546695958413779
58.0,87.0,388.69628099173553,0.3643181317751964
59.0,91.0,485.7851239669421,0.40895031807512106
59.0,91.0,486.3553719008265,0.3714648680901729
61.5,91.0,486.51239669421483,0.19438250286194755
64.5,91.0,497.0847107438016,0.013237374456491998
64.5,91.0,506.1756198347108,-0.03421387018358263
64.5,91.0,509.42975206611567,-0.07353398780286144
64.5,74.0,443.853305785124,0.24372328336239682
64.5,74.0,452.2995867768595,0.2316683416690536
64.5,74.0,444.198347107438,0.2570370411728994
64.5,74.0,474.15909090909093,0.2463812787391565
64.0,74.0,477.74380165289244,0.270493685720324
60.5,74.0,478.8347107438016,0.3422385570672275
60.5,74.0,461.603305785124,0.3474685529740303
60.5,74.0,480.96900826446284,0.35841181686346
60.5,74.0,479.23140495867773,0.3588721817352933
58.5,74.0,490.11776859504147,0.39620999418388025
62.5,74.0,482.0351239669422,0.34139982981254136
62.5,74.0,507.23140495867773,0.292195493336951
62.5,74.0,523.150826446281,0.31961485370090553
62.5,74.0,494.3904958677685,0.28583143754998286
62.5,74.0,497.8181818181818,0.29531108488345503
59.5,74.0,476.86776859504135,0.4538506769058227
59.5,71.0,391.42355371900817,0.47519483400962725
59.5,71.0,391.12603305785126,0.5167753097903053
59.5,71.0,376.6942148760331,0.580725397023578
59.5,71.0,384.4979338842975,0.5869501764885904
59.5,71.0,367.2252066115703,0.7266424722880159
58.0,71.0,363.5723140495868,0.8945242108637744
58.0,65.0,346.8119834710744,0.9907555889661617
59.5,65.0,330.9917355371901,0.9658257609026187
59.5,84.0,384.81198347107437,0.5497660130919351
59.5,84.0,414.2169421487604,0.4264729644617408
60.5,84.0,414.31611570247935,0.373422349026288
60.0,84.0,439.45454545454544,0.42298899631599973
60.0,85.0,507.70454545454544,0.2877049232090684
60.0,85.0,504.1404958677686,0.27867601193644587
60.0,85.0,507.4318181818182,0.28883163439436454
60.0,85.0,508.24793388429765,0.2932199434020451
56.0,85.0,512.6053719008265,0.39531540332494663
51.5,85.0,482.0165289256199,0.5461477626697997
49.5,74.0,383.30785123966945,0.43666441292102715
48.5,73.0,296.63016528925624,0.31529337259105633
47.5,73.0,303.33884297520666,0.4177076648685592
46.5,73.0,298.20867768595036,0.5207464827439291
46.0,73.0,304.90289256198344,0.6785091266581585
46.0,73.0,343.13429752066116,0.6644041602335979
46.0,73.0,329.38016528925624,0.6849000167941193
46.0,59.0,234.17355371900828,0.22155799740369342
46.0,59.0,232.6797520661157,0.22228648588585503
46.0,69.0,316.2396694214877,0.5256378642301185
46.5,69.0,362.2479338842975,0.3973434532395496
46.5,69.0,395.5805785123967,0.3806957191083211
47.5,93.0,525.9772727272727,0.7539253720661612
48.5,93.0,506.52066115702473,0.6240733450880871
48.5,93.0,502.35537190082647,0.7013033859732455
51.0,93.0,490.0268595041322,0.5886595056825636
51.0,86.0,437.4214876033058,0.7710887069553076
51.0,86.0,456.78719008264466,0.7524530476556747
51.0,86.0,484.7541322314049,0.7045963656680972
50.5,86.0,512.2727272727273,0.6965609493452345
50.5,89.0,551.2727272727273,0.6497569434121523
50.5,89.0,533.7933884297522,0.6637397148290404
50.5,89.0,529.5206611570248,0.6722578827217848
49.5,89.0,538.3904958677687,0.6959625767681954
55.0,89.0,528.9752066115702,0.5608384682511297
59.0,89.0,528.150826446281,0.4557822784556308
59.0,89.0,490.33264462809916,0.47872578275673894
55.0,89.0,478.39876033057857,0.6712390012574726
51.5,89.0,475.45454545454544,0.7669695282705477
49.5,89.0,477.3326446280993,0.8170975154768535
49.5,89.0,476.34090909090907,0.8313703718924319
49.5,89.0,419.81198347107437,1.0411016299810574
48.5,89.0,387.6280991735537,1.3045313052218521
48.5,89.0,371.99380165289256,1.3573152856880273
48.5,48.0,188.36363636363637,0.14463400940990553
48.5,48.0,182.48140495867767,0.10513081355932714
48.5,50.0,211.42148760330582,0.14906148251895718
47.0,50.0,200.63636363636363,0.27839525341107396
48.5,50.0,210.22520661157026,0.12472325174363107
48.5,50.0,205.48140495867767,0.12233786364580504
48.5,50.0,190.59504132231405,0.15611710485669755
49.5,50.0,172.24793388429754,0.12581934859616395
49.5,42.0,142.86776859504133,0.4421818108891116
49.5,42.0,146.3574380165289,0.42187328389125106
49.5,40.0,143.03512396694217,0.46687296073092266
49.5,40.0,145.44834710743802,0.4502869369441312
48.5,40.0,134.12603305785126,0.6274307407338706
48.5,40.0,136.9690082644628,0.6265902966911898
49.0,40.0,147.3305785123967,0.4668208153060265
50.0,57.0,209.52066115702473,0.7623726429709821
50.5,98.0,475.51239669421483,1.8295972161770984
51.5,115.0,833.8119834710742,1.7697969274770025
51.5,115.0,833.861570247934,1.7414082429347715
51.0,115.0,834.9090909090909,1.7420973632857444
58.0,115.0,819.9028925619834,1.675752573701854
58.0,115.0,832.2169421487602,1.6026712915287527
64.5,115.0,828.332644628099,1.5233027087041453
64.5,115.0,876.6797520661156,1.3260127651356857
64.5,115.0,880.2995867768597,1.301593135149174
65.5,115.0,876.4979338842976,1.153629712983751
66.5,115.0,878.4318181818181,1.0956221344478034
68.5,115.0,861.3553719008265,0.9473139405317157
68.5,115.0,819.2995867768594,0.9687861690812858
68.5,117.0,869.5805785123968,0.8738619724393032
68.5,119.0,907.8119834710743,0.7982184322665579
68.5,122.0,942.8533057851238,0.7273474210600132
68.5,127.0,988.7210743801654,0.6344806896893959
68.5,130.0,1056.4070247933885,0.5233531111922389
68.5,130.0,1096.1074380165287,0.5070122073249298
68.0,130.0,1119.6528925619834,0.5654956443080036
67.5,130.0,1119.8119834710744,0.5694383877720028
67.5,130.0,1094.9690082644627,0.6465065418456047
65.0,130.0,895.6301652892563,0.7566483130547867
65.0,79.0,592.7210743801652,-0.21222403983017865
66.5,79.0,594.4132231404959,-0.22696612380054196
69.0,108.0,779.1177685950413,0.0913868604923053
70.0,108.0,851.7933884297522,0.043107067612214785
70.0,108.0,843.3904958677685,0.06983133755318045
70.5,108.0,847.595041322314,0.04837270393397164
70.5,121.0,1048.7438016528924,0.36801196775348377
70.5,121.0,1227.925619834711,0.36515925226471907
70.5,121.0,1257.1404958677688,0.3225523396475079
70.5,155.0,1724.0578512396694,0.5844270946055863
70.5,155.0,1707.5392561983472,0.6307741637509411
74.0,155.0,1824.5123966942149,0.45476814801156146
76.0,155.0,1727.3078512396692,0.3977499562777266
76.0,155.0,1616.4214876033054,0.38371027098348603
76.0,155.0,1501.126033057851,0.4294357755409327
76.0,155.0,1354.1508264462811,0.5534744579604375
76.0,142.0,1193.5371900826447,0.8059273022342862
77.5,129.0,1059.1487603305784,0.9790727994543996
77.5,122.0,1010.0268595041322,1.0693133925600284
77.5,126.0,1059.4462809917354,0.9945771421279568
77.5,126.0,1120.861570247934,0.9419400074748095
77.5,132.0,1156.9772727272727,0.8826697584402247
76.0,132.0,1176.3305785123966,0.9631916964943297
76.0,138.0,1270.7438016528924,0.866062710527901
73.0,138.0,1256.9028925619832,1.0484854667076273
67.5,156.0,1385.7851239669421,1.003722035261052
62.0,156.0,1458.1818181818182,1.0173405755885758
60.0,156.0,1496.4318181818182,1.073748916785891
60.0,156.0,1334.809917355372,1.150614212366838
60.0,156.0,1157.4814049586778,1.4067786354035978
60.0,156.0,1109.2479338842975,1.6030951303602055
60.0,110.0,566.2727272727273,0.791286097171202
60.0,110.0,578.9669421487604,0.9404494391739369
58.0,87.0,360.0847107438016,0.3749320935100438
52.5,87.0,340.77685950413223,0.5678843799090636
52.5,87.0,328.45454545454544,0.6721641909619502
52.5,87.0,427.9008264462811,0.7411899776098563
52.5,88.0,536.8181818181819,0.7150754380248178
53.0,88.0,536.6280991735537,0.703711472881191
53.0,88.0,517.754132231405,0.8380117228724878
53.0,88.0,518.448347107438,0.8247038568238125
53.0,88.0,525.0433884297519,0.8345511862627515
53.0,88.0,542.9586776859505,0.8342437925469858
53.0,88.0,569.7438016528923,0.7897474639708252
46.5,88.0,601.3161157024792,0.8596225447741398
46.5,88.0,603.0,0.8584093356957577
49.5,88.0,594.6115702479339,0.8291113779211868
53.5,79.0,538.448347107438,0.8488953060194904
57.0,79.0,517.5371900826447,0.7681413369527136
57.5,79.0,512.6301652892563,0.6445424741184187
57.5,79.0,412.900826446281,0.6886478874574538
57.5,79.0,403.79545454545456,0.7852460223422744
57.0,79.0,401.4814049586776,0.88294494476236
54.0,79.0,389.33264462809916,1.0773921527827193
57.0,79.0,404.2086776859503,0.8689930113850023
57.5,117.0,727.8760330578511,1.4078755898922184
58.0,117.0,738.8099173553719,1.2117655057599068
58.0,117.0,738.413223140496,1.1534948033010708
58.0,117.0,684.3078512396695,1.2724077964392322
58.0,148.0,1162.603305785124,1.8293793020956695
60.0,148.0,1159.7541322314048,1.8086439505441352
60.0,148.0,1170.7438016528924,1.8132035992950073
58.0,148.0,1217.059917355372,1.7866282525255912
58.0,148.0,1233.4462809917354,1.7634418335305149
58.0,148.0,1228.3305785123966,1.771689270029052
58.0,148.0,1218.853305785124,1.792246305569472
58.0,144.0,1191.8347107438015,1.8503104993844004
58.0,145.0,1206.4318181818182,1.8195280211855316
58.0,147.0,1256.4318181818182,1.7501420010254083
54.5,151.0,1321.7933884297518,1.7324557403156458
54.5,151.0,1323.413223140496,1.7145312652523235
49.5,151.0,1374.8533057851237,1.7367900033332184
49.5,151.0,1389.1508264462807,1.6422583481680477
49.5,151.0,1426.043388429752,1.4848169033941625
56.5,151.0,1428.0578512396692,1.3948605661340816
66.5,151.0,1453.0495867768595,1.2153131354316395
66.5,151.0,1437.8347107438017,1.2796927033336014
66.5,151.0,1339.4979338842973,1.2633505331846684
66.5,151.0,1457.5144628099174,1.1260123823472734
66.5,151.0,1595.8181818181818,0.9296664803775847
66.5,151.0,1633.9359504132233,0.8542580975609397
66.5,105.0,1160.793388429752,0.38737939318337566
69.0,105.0,1280.043388429752,0.27546576908849285
73.0,105.0,1273.7623966942149,0.14602211887153946
77.0,105.0,1228.0495867768595,-0.011908060856192166
77.0,105.0,1200.9938016528924,-0.015682511372322048
77.0,105.0,1246.26652892562,-0.03382643740690556
77.0,105.0,1183.01652892562,-0.05627573720770924
77.0,105.0,1148.603305785124,-0.06549566101065996
77.0,105.0,1074.3636363636363,-0.07932067299830517
77.0,105.0,1023.0495867768594,-0.05075722717693709
77.0,104.0,955.7871900826449,0.016661483854664365
77.0,104.0,1039.5392561983472,0.04910759502497626
77.0,104.0,962.9938016528927,0.10565204166048446
73.0,104.0,1017.9524793388429,0.19569961097144317
63.0,104.0,1102.845041322314,0.2943277142744712
55.5,104.0,1112.6942148760331,0.3710134052819375
54.5,104.0,1098.2892561983472,0.5269653881080971
53.0,104.0,1148.8677685950415,0.5904996730289723
53.0,97.0,963.9752066115703,0.6993040129034381
50.0,97.0,843.5041322314049,0.8788749883819255
49.0,93.0,660.2314049586778,1.0010546958027489
48.0,93.0,571.8615702479339,1.2661813629599765
48.0,93.0,462.7541322314049,1.5255650553020474
48.0,67.0,286.7706611570248,0.8907648166269523
48.0,67.0,230.9028925619835,0.8730912956674537
48.0,75.0,265.1177685950413,1.207648074946995
49.0,75.0,304.5392561983471,0.9513997172174208
51.0,74.0,293.90909090909093,0.8790125289085597
49.0,76.0,330.2314049586777,0.7788526208145298
49.0,76.0,334.67148760330576,0.8070111803753424
47.5,81.0,378.3223140495868,0.7223545605620069
47.5,81.0,404.8760330578512,0.6829996735322408
47.5,82.0,444.17561983471063,0.6035246776961903
47.5,82.0,450.60537190082636,0.5982610665392664
44.0,95.0,529.2314049586777,0.4370758339084613
44.0,95.0,577.595041322314,0.4183364322333919
44.0,95.0,566.0847107438017,0.3977015057127238
41.0,95.0,561.5723140495869,0.47924751168395685
38.0,95.0,566.845041322314,0.5875032658698192
38.0,95.0,583.0599173553718,0.6029224582407692
38.0,95.0,575.7768595041323,0.6302203804392681
38.0,95.0,575.7768595041323,0.6302203804392681
38.0,95.0,614.6962809917354,0.5291824123168731
38.0,95.0,693.4214876033058,0.4316158974204267
38.0,95.0,711.4710743801653,0.3793632804060692
35.5,95.0,670.809917355372,0.5503290422426315
35.5,95.0,681.1487603305784,0.5234086163536814
35.5,81.0,578.5454545454545,0.3347028034968247
35.5,81.0,571.99173553719,0.326031028314494
35.5,81.0,552.1570247933885,0.3280283049921743
38.5,113.0,777.0578512396693,0.6479087696912437
38.5,113.0,825.3223140495869,0.47873661472513196
48.5,113.0,836.5041322314049,0.296119939043423
61.0,113.0,811.3078512396695,0.1460305191968862
61.0,113.0,752.4462809917354,0.10907527334416638
61.0,113.0,717.5041322314049,0.021514507432772077
65.0,106.0,593.0433884297519,0.12481793025035795
65.0,96.0,495.30785123966945,0.3663518095577649
65.5,96.0,464.31611570247935,0.29085242488268204
65.5,96.0,447.60537190082647,0.27111820761572625
66.0,96.0,398.5144628099173,0.2488486444297732
66.0,84.0,323.19834710743794,0.6981877033073567
66.0,88.0,375.5206611570248,0.4615535966992722
67.0,88.0,372.78719008264466,0.4142900614391562
66.0,88.0,400.952479338843,0.4844496342356209
65.5,88.0,429.0681818181818,0.5533744824022253
64.5,88.0,439.6115702479339,0.6476577583282425
64.5,88.0,444.61157024793397,0.6276151627141752
60.0,88.0,446.99173553719015,0.6969030850099714
60.0,88.0,442.5805785123967,0.7328701950343117
60.0,88.0,530.2644628099174,0.7532336573524877
60.0,88.0,537.2479338842975,0.6875183292157176
55.0,79.0,404.4896694214876,0.6103989728711141
53.5,79.0,394.3223140495868,0.8122714154822983
53.5,79.0,413.2252066115703,0.812025752422495
53.5,79.0,411.5723140495869,0.8276823323600953
53.5,83.0,455.14876033057857,0.6971828857511184
52.0,83.0,465.9669421487602,0.7436518033383234
52.0,83.0,470.15082644628086,0.7082478720392298
52.0,83.0,494.944214876033,0.6895278606377377
49.0,83.0,501.78719008264454,0.8037641160979664
49.0,83.0,502.06611570247946,0.8090634044914734
49.0,83.0,492.17355371900817,0.9070835446657838
47.0,83.0,494.2892561983471,0.9240011345912358
49.5,83.0,468.7623966942149,0.8522277045703995
49.5,83.0,400.53719008264466,0.8959375177882816
53.0,83.0,425.67975206611567,0.672215228068837
55.0,83.0,402.87603305785126,0.568025528965872
60.5,84.0,507.39876033057845,0.558220927544385
65.0,84.0,471.0826446280991,0.5234242071702448
66.0,84.0,468.0165289256199,0.44420867836408306
66.0,84.0,471.4979338842975,0.41205899651551625
65.0,84.0,390.2252066115703,0.41316361043935507
60.5,84.0,380.6363636363636,0.5536310978656908
60.5,84.0,375.10743801652893,0.5352689386503108
64.5,84.0,362.8760330578512,0.44795658182643044
61.0,84.0,317.77685950413223,0.572241144426066
57.0,84.0,316.4070247933885,0.6709867122463798
61.0,89.0,422.59504132231393,1.2283327972697826
64.5,89.0,465.57231404958674,1.000484744171102
64.5,89.0,465.1818181818182,1.0206060716656735
65.0,80.0,411.39049586776855,1.16673971363639
65.5,78.0,377.17561983471074,1.2385450033141727
65.5,84.0,410.4297520661157,1.0370890848599257
65.5,84.0,426.1735537190083,0.9972143196208234
65.5,84.0,441.72107438016525,0.9278559700854228
65.5,95.0,517.5454545454545,0.6845303365713905
64.5,95.0,541.3801652892563,0.7539740399118651
63.5,95.0,523.7210743801653,0.8904637119525018
63.5,95.0,522.1404958677685,0.9112628882683524
63.5,95.0,448.1508264462811,0.8778877106861575
61.5,95.0,448.1404958677686,0.9099768123295251
61.5,95.0,490.7933884297521,0.765400656983115
61.5,95.0,631.3078512396695,0.8091742321191672
63.5,102.0,769.5206611570247,0.7209203188307132
65.0,102.0,759.663223140496,0.6773428919758647
67.0,102.0,746.7851239669421,0.5917703912648554
68.0,102.0,745.6301652892562,0.5294821683758899
69.5,132.0,1054.3078512396694,0.7469238807234276
72.0,132.0,1082.5888429752065,0.5491135931443888
72.0,132.0,1001.2169421487602,0.6663526316207528
72.0,132.0,969.845041322314,0.7873543456668277
74.5,132.0,971.603305785124,0.6893187314284324
76.5,132.0,1006.3078512396693,0.546190286201602
76.5,132.0,1048.059917355372,0.5730149571068829
76.5,132.0,1059.520661157025,0.5552867707185268
76.5,132.0,1108.0578512396696,0.499178710708457
76.5,136.0,1182.3636363636363,0.39589416616814527
76.5,142.0,1232.1570247933885,0.31535450617363653
76.5,142.0,1266.9917355371902,0.29557422768158625
76.5,142.0,1414.4979338842975,0.24637723110047866
76.5,142.0,1536.084710743802,0.27286671557633385
72.0,142.0,1532.0495867768593,0.37630945803651195
75.0,142.0,1528.6363636363637,0.3294377741273937
75.0,142.0,1597.6363636363637,0.2927009158402362
73.0,142.0,1479.084710743802,0.40263772371676937
70.0,142.0,1312.043388429752,0.5170761039052315
69.0,142.0,1316.059917355372,0.5588737003018881
63.5,142.0,1311.3801652892564,0.6171395197808844
63.5,2135.0,190259.63636363635,4.3154665684050135
63.5,2135.0,194163.30785123966,4.107143650695792
63.5,2135.0,194351.7871900826,4.1095799881715696
58.5,2135.0,194626.49793388427,4.1096616499244485
58.5,2135.0,194772.94421487598,4.109711582546544
56.0,2135.0,195496.66322314052,4.106987263086345
55.5,2135.0,196162.7623966942,4.108279828808186
56.0,2135.0,195918.6632231405,4.108383431849613
58.5,2135.0,195612.78512396698,4.109693827804606
58.5,2135.0,195576.8533057851,4.109983420713904
59.0,2135.0,195173.9917355372,4.112793761187323
59.0,2135.0,194757.70247933886,4.116453897241175
59.0,2135.0,194570.33057851242,4.117875279374465
59.0,2132.0,194261.10743801657,4.121049741909844
59.0,2132.0,194053.63636363635,4.123224786013819
60.0,2132.0,194022.66322314052,4.123345081411321
58.0,2137.0,194708.69628099175,4.118546544190757
56.5,2137.0,195619.02685950408,4.118879163250032
55.5,2137.0,195975.90289256198,4.118033596839877
55.5,2137.0,195984.694214876,4.118049835851258
56.0,2137.0,195778.0165289256,4.117512920965499
56.0,2137.0,195538.14049586782,4.116204515791866
56.0,445.0,7694.795454545455,3.8682778725073286
56.0,88.0,588.7954545454545,0.09059612670755086
56.0,88.0,558.3305785123966,0.1067527502513285
58.0,88.0,585.900826446281,0.015183894544594439
58.0,88.0,589.7541322314049,-0.009428672000773594
58.0,88.0,531.7871900826445,-0.0038428097435377886
58.0,88.0,500.504132231405,-0.05816019296945047
54.0,88.0,547.0433884297522,0.06030917787872899
54.0,88.0,546.3553719008266,0.06564824330925614
55.5,88.0,527.6301652892562,-0.01408025838782819
56.5,88.0,608.8533057851239,0.000452711446449754
60.5,88.0,607.5805785123968,-0.07487232055111169
63.0,88.0,604.7541322314049,-0.17050340343915182
63.0,88.0,592.6115702479339,-0.20739127291814688
64.5,88.0,572.8119834710744,-0.3780402770344935
64.5,88.0,581.4896694214876,-0.3110382906392055
64.5,86.0,487.35743801652893,-0.19456722858463912
64.5,82.0,423.1735537190083,0.04392860821791123
64.5,82.0,448.853305785124,-0.03152057369375695
63.0,83.0,530.9690082644628,-0.061230221487261614
58.0,83.0,535.3223140495867,0.11853336062924072
52.5,83.0,491.79338842975216,0.2664613775923843
50.0,80.0,397.22520661157034,0.21122061257626581
48.5,80.0,369.5206611570248,0.3541628502892616
48.5,80.0,456.1735537190083,0.5401565872447242
48.5,80.0,439.9752066115702,0.5639563816774265
48.5,80.0,504.6301652892562,0.5507663390426352
50.0,80.0,527.2396694214875,0.38594792180361215
51.5,80.0,536.99173553719,0.2724551811357252
58.0,80.0,522.762396694215,0.19795231001582805
51.5,80.0,556.900826446281,0.28076681660933683
48.5,80.0,579.3161157024795,0.3333213897806398
47.5,80.0,534.6714876033058,0.4229116341288196
46.0,80.0,532.5123966942149,0.531330845020994
45.0,80.0,540.2169421487604,0.6774135780922648
45.0,80.0,553.1404958677687,0.7227025191912245
42.5,80.0,533.2995867768594,0.9128205099625357
38.5,82.0,578.1756198347108,0.8704709090158007
36.0,82.0,619.2314049586777,0.8694505312206758
36.0,83.0,654.5227272727273,0.8293917628951996
36.0,83.0,656.2479338842975,0.8285175464323467
36.0,83.0,656.2479338842976,0.8285175464323463
34.5,83.0,663.7541322314049,0.8433503032751841
34.5,83.0,767.3223140495867,0.686266428629323
34.5,83.0,795.3223140495869,0.549037111032333
37.5,83.0,786.1177685950413,0.4390991471437727
37.5,78.0,672.448347107438,0.4882741811732762
37.5,78.0,650.5371900826445,0.5605612383673289
37.5,78.0,577.4979338842976,0.5232577295454186
37.5,78.0,539.2665289256198,0.5770506224243008
37.5,78.0,573.6301652892563,0.5793150028284214
37.5,249.0,2602.6714876033056,3.1663377485922837
42.5,928.0,36887.33057851239,3.929000989929121
42.5,928.0,36881.902892561986,3.9292268539264055
43.5,928.0,36785.90909090909,3.933790118725132
41.0,928.0,36908.90909090909,3.928114548952591
47.5,928.0,36748.71900826447,3.9254357422988746
54.5,928.0,36604.429752066106,3.92589420785723
54.5,928.0,36707.30785123966,3.9200154165171046
54.5,928.0,36589.34090909091,3.927967767828769
54.5,928.0,36452.88429752065,3.9371346353387917
57.5,925.0,36172.663223140495,3.9486247195017996
58.0,925.0,36000.56198347107,3.956997868670303
58.5,921.0,35767.770661157025,3.970968453854996
58.5,921.0,35686.413223140495,3.976410762032887
58.5,921.0,35753.5805785124,3.985684530725659
58.5,921.0,35797.92561983471,3.9872723034914075
57.5,921.0,35814.88429752066,3.98714702176183
57.5,921.0,35833.95867768595,3.98662324090978
57.5,921.0,35842.74380165289,3.9865041648989186
57.5,921.0,35855.53719008264,3.9871512787048276
57.5,921.0,35859.4979338843,3.987172661815093
57.5,921.0,35840.7541322314,3.9730679724954454
57.5,921.0,34610.96694214876,4.27537811052609
57.5,84.0,516.1570247933885,0.6079301743925325
58.5,110.0,726.3904958677685,0.8570745002174394
59.5,110.0,705.7190082644629,0.7989259711128139
62.5,129.0,947.9938016528926,1.106075305427758
62.5,129.0,954.5723140495867,1.062697223304617
62.5,135.0,1288.5392561983472,1.0008286788896794
65.0,123.0,1366.175619834711,0.9033689241510124
65.5,120.0,1271.7623966942149,0.9349871443996219
65.5,145.0,1398.1570247933885,0.693091235330724
65.5,145.0,1400.4297520661157,0.697871771914187
65.5,145.0,1513.090909090909,0.6118937536437166
65.5,145.0,1613.9690082644631,0.5686207164029192
65.5,145.0,1694.21694214876,0.5159071665108989
65.5,145.0,1792.909090909091,0.5249975743416303
65.5,145.0,1893.7871900826444,0.5262535581048299
65.5,145.0,1970.603305785124,0.5333344644645992
65.5,145.0,2026.3078512396694,0.5378640928592564
65.5,145.0,2085.4710743801656,0.5550285572628009
62.0,145.0,2152.21694214876,0.6047891779147644
54.5,145.0,2175.181818181818,0.6327668382992025
37.5,145.0,2169.231404958678,0.8123789354866382
33.5,145.0,2124.8347107438017,0.9999477678473738
33.5,145.0,2053.5227272727275,1.1415314364236837
33.5,145.0,1799.0495867768593,1.3778743291875721
33.5,145.0,1962.539256198347,1.1681184206829598
33.5,145.0,1631.3987603305786,1.206487133881625
33.5,145.0,1616.5454545454545,1.2389429360551953
33.5,132.0,1122.6053719008264,1.2720754239568626
33.5,105.0,737.2396694214875,0.9131601274313876
33.5,105.0,725.2252066115703,0.9370108991463454
40.0,95.0,701.99173553719,0.8186449039477876
40.0,95.0,705.0909090909091,0.8072422946229989
50.5,102.0,902.611570247934,0.8086869928206425
59.0,134.0,1298.5206611570247,1.0093219856009361
61.0,132.0,1228.3305785123966,1.0091294206482238
61.0,145.0,1290.6115702479337,0.9089625193777976
61.0,145.0,1324.7706611570247,0.8627811256203053
61.0,145.0,1302.7871900826447,0.8755526566228792
61.0,145.0,1312.01652892562,0.8677201086989488
61.0,145.0,1341.117768595041,0.8409983389708905
61.0,145.0,1369.8842975206612,0.81737303766929
61.0,145.0,1387.6797520661157,0.8230438677511662
62.5,145.0,1333.2995867768595,0.7614436337405219
62.5,145.0,1313.2169421487602,0.7552816142902751
65.5,145.0,1316.1487603305786,0.7120450402011602
68.0,145.0,1361.1074380165287,0.5888895154161641
68.0,145.0,1356.3574380165287,0.5882419424435974
68.0,145.0,1410.809917355372,0.5633820384540628
68.0,145.0,1647.2396694214874,0.5069796802802783
70.5,145.0,1701.9917355371902,0.3543804609851004
70.5,145.0,1743.413223140496,0.26877724022305616
70.5,145.0,1750.3161157024792,0.22606603094495473
68.0,145.0,1773.5041322314048,0.3071371382586153
68.0,145.0,1773.5041322314048,0.3071371382586153
67.5,145.0,1637.952479338843,0.4341265066256547
67.5,128.0,1336.0495867768595,0.19374793275527857
68.5,128.0,1418.900826446281,0.07021103528130304
70.5,124.0,1276.3223140495866,-0.018028115322009115
70.5,118.0,1130.3388429752067,-0.0031191293991315373
70.5,118.0,1156.9938016528924,-0.01792574082001483
70.5,118.0,1136.6115702479337,-0.003001585084232127
70.5,118.0,1105.357438016529,0.030513053405345866
70.5,119.0,1110.1983471074382,0.02394415532902266
70.5,119.0,1117.595041322314,0.019754474151584534
70.5,119.0,1177.4710743801652,0.07807385550221174
70.5,119.0,1155.448347107438,0.05467500506115021
70.5,119.0,1155.448347107438,0.0546750050611503
70.5,119.0,1139.5805785123966,0.08540287514934784
69.5,119.0,1048.7851239669421,0.18332645497787295
68.5,119.0,967.1735537190082,0.3153004852822698
66.0,90.0,738.3574380165288,0.10102766743465592
66.0,90.0,667.8780991735536,0.06767860074714886
63.5,90.0,598.24173553719,0.14912451035276497
63.5,90.0,576.082644628099,0.20283970939699072
65.5,90.0,570.6528925619834,0.10933603700794052
65.5,90.0,571.357438016529,0.10403306549229221
65.5,90.0,618.2727272727273,0.05197877682538483
65.5,90.0,604.0578512396695,0.020087138245631533
65.5,95.0,627.0433884297521,0.10339323790753512
65.5,102.0,759.5950413223142,0.33836172840153483
68.5,102.0,761.3161157024795,0.303176590196557
68.5,102.0,699.8780991735538,0.27226742333534326
70.0,102.0,643.8842975206612,0.20369478028377414
70.0,102.0,582.793388429752,0.2873890594603768
70.0,90.0,472.7851239669421,0.5373882271756173
70.5,86.0,400.05785123966945,0.7317570041513463
70.5,74.0,346.6942148760331,1.0830868434808922
70.5,74.0,335.33264462809916,1.1103258432569005
70.0,74.0,355.2665289256198,1.0804984940425397
70.0,74.0,367.03512396694214,1.190065797849684
70.0,74.0,376.9669421487604,1.0339903349401711
70.5,74.0,375.6033057851239,0.9013300201752759
72.0,70.0,359.5805785123967,0.8026130494539144
72.0,96.0,582.9690082644629,1.1919215419227558
75.0,96.0,702.6280991735538,0.9997700327238904
78.0,96.0,694.3636363636364,0.9215954855284062
78.0,96.0,692.7706611570247,0.9218860480569423
82.0,392.0,6281.355371900826,3.6372550664763756
82.0,392.0,6279.21694214876,3.6305406684561214
82.0,392.0,6333.861570247932,3.52263646570229
82.0,392.0,6327.068181818182,3.5487295002604045
80.5,392.0,6327.322314049588,3.6172479373968733
83.5,392.0,6760.11776859504,3.1486004549356466
87.0,392.0,6686.537190082643,3.161901241706234
87.0,392.0,6769.512396694216,3.12652911859257
87.0,392.0,6715.561983471073,3.1515402647932764
87.0,392.0,6774.043388429753,3.132807366589844
87.0,392.0,6785.993801652894,3.1300959821182768
87.0,392.0,6702.26446280992,3.155787677103223
89.5,392.0,6633.636363636364,3.170779430810141
89.5,392.0,6530.603305785125,3.2150366760846865
90.0,392.0,6399.694214876034,3.2685700513806495
90.0,392.0,6411.605371900828,3.2670583947532568
90.0,411.0,6652.380165289255,3.137685998643537
87.0,411.0,6726.497933884298,3.1277535451266036
84.0,411.0,6697.520661157026,3.264248258356439
83.0,411.0,6800.17561983471,3.325919448042156
81.0,411.0,6856.043388429752,3.324153681226483
81.0,411.0,6850.390495867769,3.3254377814766656
81.0,174.0,1193.5619834710744,1.987507684576441
81.0,174.0,1212.198347107438,1.9168321730436266
77.0,174.0,1085.793388429752,2.353683183093493
77.0,174.0,1065.719008264463,2.4649826959309387
77.0,174.0,1069.2892561983472,2.420259998046173
73.5,76.0,306.2252066115702,-0.3566174678988426
71.5,76.0,326.754132231405,-0.1999035871472696
73.5,76.0,307.9669421487604,-0.3158833124606251
73.5,76.0,305.952479338843,-0.33824536937540595
73.5,76.0,301.60330578512395,-0.3729433063439241
72.0,76.0,324.9669421487603,-0.26351686745438896
69.5,76.0,368.57231404958674,-0.16201002734411993
68.5,84.0,436.539256198347,-0.19700805211021138
68.0,85.0,508.92561983471074,-0.14894466186856936
67.5,85.0,526.9008264462808,0.006751965283489901
67.0,93.0,594.3161157024792,0.046494407275845105
67.0,93.0,639.5950413223142,-0.02212476311713339
65.5,94.0,717.0433884297519,0.047635141137219256
57.5,94.0,737.9524793388431,0.21037904431455437
57.5,94.0,775.2252066115702,0.23368487145022343
48.5,94.0,785.4710743801654,0.3540316772700539
47.5,94.0,771.6301652892563,0.45569163939054147
47.5,94.0,816.1756198347107,0.5133719009973535
47.5,90.0,697.6632231404958,0.38180879878802443
47.5,90.0,752.935950413223,0.35197790823112435
47.5,153.0,1297.611570247934,1.3645057505350384
47.5,153.0,1325.5123966942147,1.3253927154703076
47.5,153.0,1376.026859504132,1.2086513948483983
50.0,153.0,1419.4462809917354,1.0254867491656134
50.0,153.0,1480.8615702479337,0.9223996314376718
50.0,153.0,1517.770661157025,0.8322112428472054
50.0,153.0,1700.7438016528927,0.6836935546105419
64.5,153.0,1754.5888429752065,0.5222142646484266
85.0,153.0,1901.198347107438,0.33939086807251917
89.0,153.0,1818.4462809917356,0.21840101850654986
90.0,153.0,1862.5371900826444,0.0586421933826655
90.5,153.0,1810.6942148760331,-0.11719179484114149
90.5,153.0,1718.6859504132233,-0.0776801898562854
90.5,153.0,1690.8450413223143,-0.05951440260479334
90.5,145.0,1554.6632231404956,0.01376333314361138
90.5,145.0,1565.043388429752,0.006138906819036234
90.5,145.0,1501.4132231404956,0.048573642605112675
90.5,145.0,1460.6280991735537,0.06381442786222312
90.5,145.0,1485.7210743801652,0.06077497525694641
90.0,145.0,1522.9008264462807,0.2165171158252565
90.0,145.0,1623.4545454545455,0.27525632743665424
89.0,145.0,1642.702479338843,0.37476017405005124
87.5,111.0,1259.4710743801652,0.12018689316370763
80.5,111.0,1233.6859504132233,0.20395836928578592
80.5,111.0,1230.520661157025,0.2106135441156564
76.5,111.0,1217.7272727272727,0.25532311450389267
76.5,111.0,1213.1735537190084,0.2605560897764393
76.5,111.0,1213.1735537190082,0.26055608977643946
75.5,111.0,1080.853305785124,0.322057913311623
75.5,111.0,1078.0495867768595,0.3238090232345773
74.0,111.0,900.4545454545455,0.2997930573937877
74.0,415.0,6884.134297520659,3.4932931045663955
74.0,415.0,6760.332644628099,3.6717087064611533
74.0,415.0,7024.289256198347,3.426128325326286
75.5,415.0,7032.884297520662,3.2724924613283415
75.5,413.0,6889.809917355376,3.3409446038299557
78.0,413.0,6793.702479338841,3.3240979027751854
79.0,405.0,6584.043388429753,3.3831397560518046
79.0,405.0,6563.2995867768595,3.395787560059396
83.0,405.0,6439.6859504132235,3.4225060459688006
88.5,405.0,6298.107438016528,3.4281107592564926
90.0,405.0,6160.11776859504,3.4776284317455968
90.0,398.0,5942.0495867768595,3.6069973969703257
92.0,398.0,5866.357438016529,3.542698133208198
94.0,398.0,5975.1177685950415,3.324421176991657
95.5,398.0,5944.539256198345,3.229370319926614
99.0,398.0,5917.17355371901,3.2270404904183683
101.0,398.0,6198.390495867768,2.860839712956679
101.5,398.0,6181.134297520662,2.792249229021916
103.5,398.0,6122.2086776859505,2.7570089401946882
110.5,398.0,5998.5950413223145,2.7694532281425763
121.0,398.0,5985.17355371901,2.6843718901887446
121.0,398.0,5860.853305785125,2.7335181886165296
115.0,169.0,1441.7933884297522,0.13873744200083407
115.0,169.0,1376.762396694215,0.11274182051972961
109.5,169.0,1389.853305785124,0.2664416321166048
105.0,169.0,1435.6053719008266,0.4158983926797023
105.0,169.0,1359.4214876033059,0.5002115289781421
105.0,169.0,1424.4462809917359,0.5142340495181212
109.5,169.0,1424.4979338842973,0.42717850316392003
109.5,143.0,1281.175619834711,0.684847757936436
109.5,178.0,1567.6053719008269,0.30470265396519103
105.0,178.0,1806.117768595041,0.2532437237267148
105.0,178.0,2043.3904958677688,0.18680200670787528
105.0,178.0,2247.8347107438017,0.16947071222431145
104.5,184.0,2431.9772727272725,0.27217547072209153
89.5,184.0,2228.1074380165287,0.4344883627299182
80.0,184.0,2092.605371900827,0.591389637411478
74.5,184.0,2108.3078512396696,0.6896944571103815
74.5,131.0,1418.952479338843,0.22739123678938666
74.5,1604.0,105341.3388429752,4.280132122724499
74.5,1604.0,176729.97727272726,2.839263132352172
74.5,1604.0,194299.65289256198,2.3801506939480768
74.0,1604.0,195981.9090909091,2.3836827821255806
74.0,1604.0,197975.6797520661,2.2371369116143005
73.5,1604.0,198924.33057851242,2.236986041695556
71.0,1604.0,199587.72107438024,2.237041575917984
73.5,1604.0,198457.01652892568,2.231637789350005
73.5,1604.0,197186.17561983474,2.2226259837774003
74.0,1604.0,196893.86157024791,2.22293900033241
70.5,1604.0,197140.42355371898,2.2222480988481963
70.5,1604.0,197388.24793388427,2.223283223170818
79.0,5131.0,1232403.9917355373,3.411109322010138
79.0,5131.0,1232571.5619834708,3.4108203541789304
79.0,5133.0,1233156.26446281,3.409819271866748
79.0,5136.0,1233702.6136363635,3.4088736097720327
79.0,5145.0,1234717.0599173552,3.4071016388132342
79.0,5145.0,1234801.3078512398,3.406955703117885
75.5,5145.0,1237089.198347107,3.4033878690145882
64.0,5145.0,1238496.497933884,3.4014785517139114
60.5,5145.0,1239511.5723140496,3.4000102956361435
60.5,5145.0,1246842.4318181819,3.2566966493393497
60.5,5145.0,1196290.4318181819,3.6104873955610195
60.5,5145.0,1353982.580578512,3.111770475456688
60.5,5145.0,2111863.6115702484,2.316306759919276
64.5,5145.0,2094040.1983471073,2.307945787274472
64.5,5145.0,2109362.8347107437,2.3186520629004286
75.0,5145.0,2103907.878099174,2.319545773007681
78.5,5145.0,2103116.588842975,2.3197802703270987
77.0,5145.0,2107208.4297520663,2.3192955229145182
77.0,5145.0,2112155.770661156,2.3190971457854097
77.0,5145.0,2108182.4297520663,2.3193091309588154
80.5,5145.0,2104465.126033058,2.32004891705419
80.5,5145.0,2105594.743801653,2.3198269252333557
80.5,4676.0,1160178.6859504133,3.0662932568520964
83.5,4676.0,1156853.4896694217,3.0690126906750392
83.5,4676.0,1154897.0433884293,3.0711905703909603
83.5,4676.0,1153204.861570248,3.073229448081331
83.5,4671.0,1152041.685950413,3.0748215690025287
83.5,4671.0,1150755.8450413223,3.0764494388445636
83.5,4647.0,1149329.9772727273,3.078350981926501
83.5,4647.0,1149562.539256198,3.078059232695309
83.5,4647.0,1149061.421487603,3.0786776860042355
80.5,4651.0,1138114.9524793387,3.2457953448739505
83.5,7628.0,3396354.5950413225,2.818299538920237
83.5,7628.0,4368580.719008265,2.319761450266412
83.5,12636.0,9873825.770661158,2.6373866078455572
80.5,12636.0,9910976.514462808,2.6384921009961877
77.5,12651.0,9917554.944214873,2.6380833928083414
