-26.7314899485688,2843.8608403569797,984452.8502923013,0.0028195680213505864
-26.7314899485688,2843.8608403569797,984530.6218810352,0.0015747027435907897
-26.7314899485688,2843.8608403569797,984604.0904716454,0.000583775924650117
-26.7314899485688,2843.8608403569797,984497.4442482941,0.00138534026605472
-26.7314899485688,2843.8608403569797,984610.4785897443,0.000742720191947324
-26.7314899485688,2843.8608403569797,984847.2827088392,-0.0004179629587298843
-26.7314899485688,2843.8608403569797,984757.2729007545,-5.727646227971393e-05
-26.7314899485688,2843.8608403569797,985079.454434102,-0.0009588091219260425
-26.7314899485688,2843.8608403569797,985005.7560324854,-0.0007610380969221337
-26.7314899485688,2843.8608403569797,984874.5912747195,-0.00043285096786859704
-26.7314899485688,2843.8608403569797,984594.2574803433,6.702339160963803e-05
-26.7314899485688,2843.8608403569797,984644.7330078242,-1.1382449173300746e-05
-26.7314899485688,2843.8608403569797,985522.221120793,-0.0010676118680031214
-26.7314899485688,2843.8608403569797,986225.4246502462,-0.0019501348068000784
-26.7314899485688,2843.8608403569797,986135.8544100511,-0.0018797931088104917
-26.7314899485688,2843.8608403569797,986237.9752374775,-0.0019517056122851076
-26.7314899485688,2843.8608403569797,986249.414363723,-0.001957928159097982
-26.7314899485688,2843.8608403569797,986026.4927925096,-0.0018872307016203809
-26.7314899485688,2843.8608403569797,986137.7697235422,-0.001902796172950939
-26.7314899485688,2843.8608403569797,986848.904257153,-0.001875265419165318
-26.7314899485688,2843.8608403569797,987018.8915315308,-0.001854577394469081
-26.7314899485688,2843.8608403569797,987323.780323198,-0.0017835787460154108
-26.7314899485688,2843.8608403569797,986900.3717629103,-0.0018672442899039055
-26.7314899485688,2843.8608403569797,988297.2402471657,-0.0014460172749718389
-26.7314899485688,2843.8608403569797,988234.5702397142,-0.0014751597334923946
-26.7314899485688,2843.8608403569797,987709.2121245812,-0.0017123425402984327
-26.7314899485688,2843.8608403569797,988142.2746057991,-0.001450708155131197
-26.7314899485688,2843.8608403569797,988868.0470126864,-0.0010206354455127263
-26.7314899485688,2843.8608403569797,989940.9324427004,-0.0002115588696711359
-26.7314899485688,2843.8608403569797,989445.1607188798,-0.0005878196791304261
-26.7314899485688,2843.8608403569797,988613.4411124781,-0.001304491127247
-26.7314899485688,2843.8608403569797,988275.3295126223,-0.0015876443557058574
-26.7314899485688,2843.8608403569797,988055.8756325804,-0.0017907556827501422
-26.7314899485688,2843.8608403569797,988369.4314545888,-0.0014879733465316429
-26.7314899485688,2843.8608403569797,988768.1433816567,-0.0011273910780801957
-26.7314899485688,2843.8608403569797,989498.7476200212,-0.0003833327631069217
-26.7314899485688,2843.8608403569797,989110.2442340362,-0.0007580055054750108
-26.7314899485688,2843.8608403569797,988614.9092451829,-0.001252928061649309
-26.7314899485688,2856.10814762487,988837.2914610767,-0.000999708147841699
-26.7314899485688,2856.10814762487,987885.5391466123,-0.0019954663212967375
-26.7314899485688,2856.10814762487,988214.5513515624,-0.0016452054142721843
-26.7314899485688,2856.10814762487,988148.5557187501,-0.0017129440596818377
-26.7314899485688,2856.10814762487,987984.5227908489,-0.0018897843952317883
-26.7314899485688,2856.10814762487,988600.0005859054,-0.0012119422724357941
-26.7314899485688,2856.10814762487,989815.7688013845,3.782510924149986e-05
-26.7314899485688,2856.10814762487,989984.6133870394,0.00019443594712376764
-26.7314899485688,2856.10814762487,988576.75651176,-0.0010254819933992324
-26.7314899485688,2856.10814762487,989467.6519902854,-0.00011729600660787837
-26.7314899485688,2856.10814762487,989819.0395293132,0.00019039030149838228
-26.7314899485688,2856.10814762487,989582.9100358064,-1.2665786496036445e-05
-26.7314899485688,2856.10814762487,989310.2659477373,-0.00022234699395334926
-26.7314899485688,2856.10814762487,989787.7014088591,0.0001074898542313231
-26.7314899485688,2856.10814762487,989467.5437044939,-9.616880598232796e-05
-26.7314899485688,2856.10814762487,990106.5102783466,0.00024181003047667738
-26.7314899485688,2856.10814762487,989170.1464735051,-0.0002473929347815077
-26.7314899485688,2856.10814762487,987577.155654771,-0.0009281091062584888
-26.7314899485688,2856.10814762487,988074.4139356024,-0.0007601527327708355
-26.7314899485688,2856.10814762487,989058.1690343581,-0.0005329376364646315
-26.7314899485688,2856.10814762487,988606.1906625025,-0.000584165580165225
-26.7314899485688,2856.10814762487,988086.7286329434,-0.0005427736319516224
-26.7314899485688,2856.10814762487,987296.5934139873,-0.0005514268555960305
-26.7314899485688,2856.10814762487,987198.2249861043,-0.000524246678302321
-26.7314899485688,2856.10814762487,986296.9005546019,-9.50939133291602e-05
-26.7314899485688,2856.10814762487,986194.8248795487,-3.603343997568674e-05
-26.7314899485688,2856.10814762487,986139.5405406721,1.0746819148084665e-05
-26.7314899485688,2856.10814762487,985900.6052497036,0.0002415456242228867
-26.7314899485688,2856.10814762487,985983.3516313153,0.0001251649905084649
-26.7314899485688,2856.10814762487,985987.052180314,0.00012083944260383425
-26.7314899485688,2856.10814762487,985801.953061262,0.0004399169101036059
-26.7314899485688,2856.10814762487,984930.5602338116,0.0021572853129897527
-26.7314899485688,2856.10814762487,984811.202240312,0.0024363440024942045
-26.7314899485688,2856.10814762487,984914.1603571125,0.002131484777975767
-26.7314899485688,2856.10814762487,984633.1090339653,0.0031297602727323004
-26.7314899485688,2856.10814762487,984396.8985798225,0.004407109275945712
-26.7314899485688,2856.10814762487,984420.3724463326,0.00426511125287253
-26.7314899485688,2856.10814762487,984413.0526141868,0.0043120899020494255
-26.7314899485688,2856.10814762487,984414.156479648,0.004301009396120118
-26.7314899485688,2856.10814762487,984396.2285855311,0.004574406946298906
-26.7314899485688,2856.10814762487,984398.7623478683,0.004503559325230267
-41.6711146413127,2856.10814762487,984413.5528321138,0.005074323241875362
-34.136664882382455,2856.10814762487,984383.4054013129,0.004306749770064599
-34.136664882382455,2856.10814762487,984394.9786552696,0.00444417364698777
-34.136664882382455,2856.10814762487,984443.8080638997,0.004927628345338938
-34.136664882382455,2856.10814762487,984235.9208694738,0.0037034710248901896
-34.136664882382455,2856.10814762487,984314.8075105037,0.00410193443497802
-34.136664882382455,2856.10814762487,984530.5845560011,0.004913181976984434
-34.136664882382455,2856.10814762487,984566.1561187513,0.0050418417651842415
-34.136664882382455,2856.10814762487,984954.5530950708,0.0059601646871151
-34.136664882382455,2856.10814762487,985202.7106947415,0.006510201808604183
-34.136664882382455,2856.10814762487,985388.4834387023,0.0068591000632270294
-34.136664882382455,2856.10814762487,985376.7398644488,0.006841392192721318
-34.136664882382455,2856.10814762487,985499.9966367019,0.007024368769053188
-34.136664882382455,2856.10814762487,985857.4927294424,0.007439566668051297
-34.136664882382455,2856.10814762487,986029.0877347813,0.0075994248169330356
-34.136664882382455,2856.10814762487,986620.187646934,0.008050621464087391
-34.136664882382455,2856.10814762487,986978.2457531594,0.008235893831877844
-34.136664882382455,2856.10814762487,986384.1512118253,0.008050597890244003
-34.136664882382455,2856.10814762487,985860.7933901405,0.007931433999950072
-34.136664882382455,2856.10814762487,986436.8674583113,0.00787090573368784
-34.136664882382455,2856.10814762487,986120.4804808209,0.00788654251180426
-34.136664882382455,2856.10814762487,985806.6591217205,0.007942524851258253
-34.136664882382455,2856.10814762487,986100.0191044683,0.00785810116851207
-34.136664882382455,2856.10814762487,985376.3365425912,0.00812318285932058
-34.136664882382455,2856.10814762487,985711.8411007873,0.007966621435565074
-34.136664882382455,2856.10814762487,985623.5283446698,0.008017501488262744
-34.136664882382455,2856.10814762487,986117.3130950022,0.007767303691379943
-34.136664882382455,2856.10814762487,985718.578324259,0.008000474826717615
-34.136664882382455,2856.10814762487,986098.7202388665,0.007735017272227301
-34.136664882382455,2856.10814762487,986568.0993122613,0.007359289938532646
-34.136664882382455,2856.10814762487,988084.6849618641,0.006103727343166254
-34.136664882382455,2856.10814762487,987975.0570971218,0.006204975854796665
-34.136664882382455,2856.10814762487,988273.4875545256,0.005912888377359036
-34.136664882382455,2856.10814762487,989194.0188802998,0.005069014287794636
-34.136664882382455,2856.10814762487,988658.8749093466,0.005602699136963087
-34.136664882382455,2856.10814762487,989029.8528312357,0.005212964444458816
-34.136664882382455,2856.10814762487,987427.9349406395,0.006740978702345512
-34.136664882382455,2856.10814762487,987168.9624844692,0.007015261668332727
-34.136664882382455,2856.10814762487,986397.3018381419,0.007813419485279418
-34.136664882382455,2913.45328329905,987937.1185608634,0.006072508713929668
-34.136664882382455,2913.45328329905,987412.58623746,0.006619121615139227
-34.136664882382455,2913.45328329905,987830.5690246972,0.006150725052272182
-34.136664882382455,2913.45328329905,988014.4882575681,0.005973994993058717
-34.136664882382455,2913.45328329905,987633.0548472463,0.0063629783611290364
-34.136664882382455,2913.45328329905,987697.8828932667,0.006296443823674704
-34.136664882382455,2913.45328329905,986883.0739820607,0.00705853528996767
-34.136664882382455,2913.45328329905,987556.3460973784,0.006420684560939094
-34.136664882382455,2913.45328329905,987741.7453932436,0.0062479176265416644
-34.136664882382455,2913.45328329905,988155.4623825413,0.005874851312256435
-34.136664882382455,2913.45328329905,988053.5029276934,0.005962974390071671
-34.136664882382455,2913.45328329905,987327.3269669791,0.006498666906398687
-34.136664882382455,2913.45328329905,987042.167914666,0.006693777689618734
-34.136664882382455,2913.45328329905,986174.8851269268,0.007234633364627698
-34.136664882382455,2913.45328329905,986492.5270509513,0.007055807464771646
-34.136664882382455,2913.45328329905,985497.5953371804,0.0075914369262965655
-34.136664882382455,2913.45328329905,985407.246543965,0.007626187908328272
-34.136664882382455,2913.45328329905,985232.1481084875,0.0077035020930769195
-34.136664882382455,2913.45328329905,984265.3666971511,0.007849997569209519
-34.136664882382455,2913.45328329905,983874.09234041,0.007900625684706264
-34.136664882382455,2913.45328329905,983204.2914336463,0.007894145358358327
-34.136664882382455,2913.45328329905,982714.3695113978,0.00780830926785736
-34.136664882382455,2913.45328329905,981906.4076161373,0.007675433782003393
-34.136664882382455,2913.45328329905,982284.1690523662,0.007851050099137273
-34.136664882382455,2913.45328329905,981335.3022956678,0.0073445363291153665
-34.136664882382455,2913.45328329905,981403.2088302516,0.007389770372677068
-34.136664882382455,2913.45328329905,980436.4138848481,0.006406890328831143
-34.136664882382455,2913.45328329905,980232.0243812514,0.006182553658108111
-34.136664882382455,2913.45328329905,980241.638728607,0.006199557374629045
-34.136664882382455,2913.45328329905,979830.430822775,0.005430983113601097
-34.136664882382455,2913.45328329905,979451.0828190808,0.004700248013579753
-34.136664882382455,2913.45328329905,978946.1438602941,0.0035322520997585804
-34.136664882382455,2913.45328329905,979125.7052576119,0.004042281945364062
-34.136664882382455,2913.45328329905,979017.0969356619,0.003652120083366991
-34.136664882382455,2913.45328329905,978804.3992917315,0.0026922312704432527
-34.136664882382455,2913.45328329905,978648.2451679244,0.001894084753109688
-34.136664882382455,2913.45328329905,978512.7769679329,0.0010745412572311785
-34.136664882382455,2913.45328329905,978453.4810185792,0.0005854740477734242
-34.136664882382455,2913.45328329905,978472.5919890245,0.0009427288527692631
-12.652245127524944,2913.45328329905,978445.0801326949,-0.0003184847896079886
8.006219845468205,2913.45328329905,978438.0102839579,-0.0011113233065754102
8.006219845468205,2913.45328329905,978377.9027620263,-0.00019332642958441298
8.006219845468205,2913.45328329905,978320.4599450355,0.0005632830863981939
8.006219845468205,2913.45328329905,978405.4634221887,-0.0001034878173107389
8.006219845468205,2913.45328329905,978478.1562786736,-0.00047474174565420704
8.006219845468205,2913.45328329905,978611.6147407704,-0.0010217847495229665
8.006219845468205,2913.45328329905,978865.4559433354,-0.0019865441258233216
8.006219845468205,2913.45328329905,978283.6753675339,-0.0001770184508403923
8.006219845468205,2913.45328329905,978489.3233864623,-0.0007141757971395733
8.006219845468205,2913.45328329905,978928.9339243886,-0.0017389192109779764
8.006219845468205,2913.45328329905,978969.8493313553,-0.0018170846543960522
8.006219845468205,2913.45328329905,979055.3030591296,-0.0019471112674308486
8.006219845468205,2913.45328329905,978312.4119009123,-0.0010736001014246563
8.006219845468205,2913.45328329905,978580.2629234666,-0.001340809038268902
8.006219845468205,2913.45328329905,978457.2566153286,-0.0012380338810546573
8.006219845468205,2913.45328329905,978113.4507935845,-0.00097777214334269
8.006219845468205,2913.45328329905,978217.2916925927,-0.0010322054786985903
8.006219845468205,2913.45328329905,978837.8801751755,-0.0011922196631506212
8.006219845468205,2913.45328329905,978546.7470359893,-0.0011447365552410581
8.006219845468205,2913.45328329905,978139.3864758154,-0.0011777282531241003
8.006219845468205,2913.45328329905,978232.3762219661,-0.0011628534498916631
8.006219845468205,2913.45328329905,977852.5780866201,-0.001252441341761868
8.006219845468205,2913.45328329905,978336.4650755592,-0.0011486548986576744
8.006219845468205,2913.45328329905,977787.9701330313,-0.0013683062912372007
8.006219845468205,2913.45328329905,978144.2546933782,-0.0011866762224896302
8.006219845468205,2913.45328329905,978435.4227260567,-0.001056986001973962
8.006219845468205,2913.45328329905,978414.9119431532,-0.0010704288801072358
8.006219845468205,2913.45328329905,978457.0845549605,-0.0010419274160745813
8.006219845468205,2913.45328329905,976727.6728188709,-0.0023045611538782883
8.006219845468205,2913.45328329905,976504.9073239635,-0.0024687856927254944
8.006219845468205,2913.45328329905,977289.0484955098,-0.001771091936108463
8.006219845468205,2913.45328329905,977747.9954074542,-0.001370999583587393
8.006219845468205,2913.45328329905,978344.3368031328,-0.0007898898509874857
8.006219845468205,2913.45328329905,979225.6712954564,0.0001493932423492713
8.006219845468205,2913.45328329905,980480.734738727,0.001446252210168563
8.006219845468205,2913.45328329905,980450.3699387653,0.0014134266221371712
8.006219845468205,2913.45328329905,981349.9364442682,0.0023249395384617325
8.006219845468205,2913.45328329905,981845.942490354,0.002824987596420091
8.006219845468205,2919.25473495834,981951.78054817,0.002948517307635331
8.006219845468205,2919.25473495834,982849.3221121102,0.0038868730139160856
8.006219845468205,2919.25473495834,981998.9703429831,0.003010172295843658
8.006219845468205,2919.25473495834,982122.8195189931,0.003138180881265107
8.006219845468205,2919.25473495834,980870.1956025913,0.001899128462169935
8.006219845468205,2919.25473495834,979817.1299060894,0.0007553598384492556
8.006219845468205,2919.25473495834,977571.5014027861,-0.0014505977680750865
8.006219845468205,2919.25473495834,978426.0749015468,-0.0005710253365085565
8.006219845468205,2919.25473495834,979228.6899198933,0.00010826621491047594
8.006219845468205,2919.25473495834,977617.0835745697,-0.0014972970451035193
8.006219845468205,2919.25473495834,977129.6340053583,-0.0019353315682504395
8.006219845468205,2919.25473495834,977104.1037815032,-0.001957670451780582
8.006219845468205,2919.25473495834,977383.2773239492,-0.0017341406245875743
8.006219845468205,2919.25473495834,977337.9526182137,-0.0017683686385242068
8.006219845468205,2919.25473495834,977067.4588584013,-0.0019352052146452447
8.006219845468205,2919.25473495834,976163.5666477901,-0.0024204705231993815
8.006219845468205,2919.25473495834,976082.9787853968,-0.002457847845094442
8.006219845468205,2919.25473495834,976712.1678317211,-0.002230082459440381
8.006219845468205,2919.25473495834,975840.570486966,-0.002511086648049843
8.006219845468205,2919.25473495834,975070.1909074829,-0.002727482356648431
8.006219845468205,2919.25473495834,974639.6684839574,-0.0027436724369819727
8.006219845468205,2919.25473495834,975014.816007008,-0.002771415679119683
8.006219845468205,2919.25473495834,974724.4219440805,-0.002741545045948212
8.006219845468205,2919.25473495834,974592.685121452,-0.0027030907475131295
8.006219845468205,2919.25473495834,975010.0214832395,-0.002930075167628679
8.006219845468205,2919.25473495834,975493.4005072466,-0.0031716697730158655
8.006219845468205,2919.25473495834,975821.8827119364,-0.0034280127398556236
8.006219845468205,2919.25473495834,976148.8988218259,-0.003735583219775666
8.006219845468205,2919.25473495834,976127.7471737436,-0.0037062347779259416
8.006219845468205,2919.25473495834,975626.4707063931,-0.0030461666388385505
8.006219845468205,2919.25473495834,975890.119763059,-0.003493379073045144
8.006219845468205,2919.25473495834,976123.9549130922,-0.004034195736171512
8.006219845468205,2919.25473495834,975667.0459743765,-0.0027563055382392302
8.006219845468205,2919.25473495834,975622.7007936501,-0.0026263854119511166
8.006219845468205,2919.25473495834,975465.3373768254,-0.0019459015920870115
8.006219845468205,2919.25473495834,975633.0645610305,-0.002905512322790712
8.006219845468205,2919.25473495834,975797.6258179372,-0.0037933820509648917
8.006219845468205,2919.25473495834,975770.9291785295,-0.0036130655288739103
8.006219845468205,2919.25473495834,975819.1738146392,-0.004069688909629123
8.006219845468205,2919.25473495834,975820.5062971526,-0.004092513467497835
8.006219845468205,2919.25473495834,975805.8157615099,-0.0034750933227267965
8.006219845468205,2919.25473495834,975808.2507507118,-0.0034129088510153403
8.006219845468205,2919.25473495834,975806.183921668,-0.0034901753336167318
8.006219845468205,2919.25473495834,975823.1239886819,-0.0033062015614374997
8.006219845468205,2919.25473495834,975958.4090016502,-0.0022826131360116127
8.006219845468205,2919.25473495834,976003.7817013486,-0.0019823651198189697
8.006219845468205,2919.25473495834,975949.120620129,-0.002252496048612622
8.006219845468205,2919.25473495834,975625.0835504279,-0.00352352004329651
8.006219845468205,2919.25473495834,975958.6983241171,-0.002470568953446518
8.006219845468205,2919.25473495834,975710.2904729916,-0.0030316571910796097
8.006219845468205,2919.25473495834,975754.1106778493,-0.002942263071662383
8.006219845468205,2919.25473495834,975856.6329271684,-0.002764036555172457
8.006219845468205,2919.25473495834,975985.9712640357,-0.0025756696693935346
8.006219845468205,2919.25473495834,976406.658964217,-0.0020293667374342577
8.006219845468205,2919.25473495834,976137.003359904,-0.002333007683447717
8.006219845468205,2919.25473495834,976560.6814726588,-0.001998798709912781
8.006219845468205,2919.25473495834,976756.6510160271,-0.0018820428825319345
8.006219845468205,2919.25473495834,976551.8650470927,-0.0019798528383019715
8.006219845468205,2919.25473495834,976499.0432778536,-0.002000944229344767
8.006219845468205,2919.25473495834,977298.1904676919,-0.001858129600133781
8.006219845468205,2919.25473495834,976637.915726759,-0.0017865983887204986
8.006219845468205,2919.25473495834,976752.2109475766,-0.0017910582748820066
8.006219845468205,2919.25473495834,976584.449629232,-0.0017678560611361228
8.006219845468205,2919.25473495834,976603.2829337664,-0.0017741509741016714
8.006219845468205,2919.25473495834,977753.3093854189,-0.00225544537957164
8.006219845468205,2919.25473495834,976902.340143179,-0.0018899128121588381
8.006219845468205,2919.25473495834,976194.4009469228,-0.0015207354089179542
8.006219845468205,2919.25473495834,977020.6069298916,-0.0020468836998483366
8.006219845468205,2919.25473495834,977945.7614293479,-0.0026403731445166275
8.006219845468205,2919.25473495834,979043.1342326931,-0.0035419795222652517
8.006219845468205,2919.25473495834,978603.5788002653,-0.0031846475862810164
8.006219845468205,2919.25473495834,977224.3230652043,-0.0020014510023054943
8.006219845468205,2919.25473495834,977970.9911622022,-0.002742535861551857
8.006219845468205,2919.25473495834,977926.267708827,-0.00269690881602403
8.006219845468205,2919.25473495834,978165.7711874711,-0.0029420180493076437
8.006219845468205,2919.25473495834,978771.8527576969,-0.0035647339986108716
8.006219845468205,2919.25473495834,979450.4677013773,-0.004338761574743573
8.006219845468205,2919.25473495834,980588.4126719219,-0.005403318375121417
8.006219845468205,2919.25473495834,981525.677342227,-0.006441213858357337
8.006219845468205,2919.25473495834,982142.3702217005,-0.007071335636636734
8.006219845468205,2893.59328885819,980512.198689302,-0.005232419592202636
8.006219845468205,2893.59328885819,980997.807186572,-0.005741219141008545
8.006219845468205,2893.59328885819,979747.9707517062,-0.0043948789680875065
8.006219845468205,2893.59328885819,980214.9582724617,-0.004870410855189043
8.006219845468205,2893.59328885819,980731.213737289,-0.005406872520696105
8.006219845468205,2893.59328885819,980105.5344875467,-0.0047822025153702
8.006219845468205,2893.59328885819,980966.610831177,-0.005596203987336241
8.006219845468205,2893.59328885819,979602.4680349891,-0.004360211283086023
8.006219845468205,2893.59328885819,979224.1833867275,-0.0040074816969842934
8.006219845468205,2893.59328885819,978179.7702931735,-0.0030938955097539415
8.006219845468205,2893.59328885819,977639.4288284389,-0.002640077069068523
8.006219845468205,2893.59328885819,979552.3941023127,-0.004252982563178825
8.006219845468205,2893.59328885819,980333.3260141104,-0.0048241591574172595
8.006219845468205,2893.59328885819,980900.9036054633,-0.005165240241940547
8.006219845468205,2893.59328885819,980494.3369302743,-0.004939238016514067
8.006219845468205,2893.59328885819,981640.808408873,-0.005568431021084942
8.006219845468205,2893.59328885819,981212.269681505,-0.005428252127625167
8.006219845468205,2893.59328885819,980725.953991349,-0.005246678390909538
8.006219845468205,2893.59328885819,981637.032016737,-0.005371194193594528
8.006219845468205,2893.59328885819,982200.5928387649,-0.005447395047745605
8.006219845468205,2893.59328885819,982937.407439432,-0.005433567747469051
8.006219845468205,2893.59328885819,983143.1020037808,-0.005385199904242478
8.006219845468205,2893.59328885819,982829.9568877507,-0.00549440801581622
8.006219845468205,2893.59328885819,983332.4155713454,-0.005320587148673452
8.006219845468205,2893.59328885819,983819.754895262,-0.0050083788931121675
8.006219845468205,2893.59328885819,983232.4227248826,-0.0054778736836014
8.006219845468205,2893.59328885819,983785.520686645,-0.004843893678912789
8.006219845468205,2893.59328885819,983053.733589043,-0.005874133231745464
8.006219845468205,2893.59328885819,983057.4865259053,-0.005867410958769158
8.006219845468205,2893.59328885819,983165.4700160535,-0.005646931057957409
8.006219845468205,2893.59328885819,983100.0673274979,-0.005789850704494029
8.006219845468205,2893.59328885819,983078.6569944111,-0.005847831886692515
8.006219845468205,2893.59328885819,982953.7949861122,-0.006201121987319461
8.006219845468205,2893.59328885819,982857.5306603188,-0.006581880171932058
8.006219845468205,2893.59328885819,982769.7350690468,-0.007057975246669885
8.006219845468205,2893.59328885819,982644.3115080687,-0.007853005145178735
8.006219845468205,2893.59328885819,982638.5915464622,-0.007892510704135169
8.006219845468205,2893.59328885819,982674.0899274145,-0.007585136820061298
8.006219845468205,2893.59328885819,982662.6763815582,-0.007796408281083675
4.969038237977576,2893.59328885819,982662.6676465817,-0.007680059739072415
11.013646098526724,2893.59328885819,982703.3241256513,-0.009022349569263581
11.013646098526724,2893.59328885819,982683.6357423635,-0.008569807910131944
11.013646098526724,2893.59328885819,982789.2452867918,-0.009787198401146818
11.013646098526724,2893.59328885819,982803.031729741,-0.009882036698921131
11.013646098526724,2893.59328885819,982838.7846143103,-0.010050585659799823
11.013646098526724,2893.59328885819,982695.682007564,-0.009471184769951698
11.013646098526724,2893.59328885819,982586.4861382337,-0.009087669027977785
11.013646098526724,2893.59328885819,982751.2512339755,-0.009666942708793855
11.013646098526724,2893.59328885819,982642.8416578787,-0.009396346365135125
11.013646098526724,2893.59328885819,982557.8644651013,-0.009219829847929534
11.013646098526724,2893.59328885819,983291.8482930149,-0.01036745101390426
11.013646098526724,2893.59328885819,983985.206548558,-0.01123149905779182
11.013646098526724,2893.59328885819,984263.0416116642,-0.011588232880579481
11.013646098526724,2893.59328885819,983885.6295745412,-0.011209430995553219
11.013646098526724,2893.59328885819,983518.6549323031,-0.010869456028022619
11.013646098526724,2893.59328885819,984281.9341877638,-0.01137034825214261
11.013646098526724,2893.59328885819,984159.2499127433,-0.01130762638543374
11.013646098526724,2893.59328885819,984632.1440960211,-0.011350919101751046
11.013646098526724,2893.59328885819,984551.2479032077,-0.011334651330860748
11.013646098526724,2893.59328885819,984432.2377375766,-0.011338158804666156
11.013646098526724,2893.59328885819,985794.6900332087,-0.01090347168648614
11.013646098526724,2893.59328885819,985459.781165266,-0.010958072431423608
11.013646098526724,2893.59328885819,985863.8821499035,-0.010832135801174213
11.013646098526724,2893.59328885819,985730.542078922,-0.010877026278628058
11.013646098526724,2893.59328885819,985667.776313848,-0.01091075351456885
11.013646098526724,2893.59328885819,985864.894707591,-0.010813535870297104
11.013646098526724,2893.59328885819,985893.7405105531,-0.010794576765459899
11.013646098526724,2893.59328885819,985994.4297044941,-0.010725290122546291
11.013646098526724,2893.59328885819,986606.2970162742,-0.01033600757703811
11.013646098526724,2893.59328885819,987406.7135575119,-0.009720348655033809
11.013646098526724,2893.59328885819,987536.6411082528,-0.009598252242380909
11.013646098526724,2893.59328885819,988566.3349427002,-0.008607780722563648
11.013646098526724,2893.59328885819,987498.5304603969,-0.009598720583168146
11.013646098526724,2893.59328885819,986404.6622295547,-0.010743378215356193
11.013646098526724,2893.59328885819,986291.2957988905,-0.010869446031530918
11.013646098526724,2893.59328885819,985375.1644936904,-0.01181073197666304
11.013646098526724,2893.59328885819,983868.1893545714,-0.013301809142242185
11.013646098526724,2893.59328885819,983500.1630936282,-0.013685657180178428
11.013646098526724,2864.27828612124,982118.9792462465,-0.015229431591931193
11.013646098526724,2857.4554418100806,981832.3773995334,-0.015551804961055868
11.013646098526724,2857.4554418100806,982255.8028803879,-0.015110835334604366
11.013646098526724,2857.4554418100806,982467.5312619809,-0.014879814829732831
11.013646098526724,2857.4554418100806,983253.4026102098,-0.014103733183075135
11.013646098526724,2857.4554418100806,983545.0606670998,-0.013795286822681788
11.013646098526724,2857.4554418100806,984677.7106070926,-0.012758261692950487
11.013646098526724,2857.4554418100806,984574.9226690202,-0.012869554536641483
11.013646098526724,2857.4554418100806,984481.1231333325,-0.012954695144553078
11.013646098526724,2857.4554418100806,984806.9005351489,-0.012657220305818992
11.013646098526724,2857.4554418100806,984388.7454929891,-0.013005858111420862
11.013646098526724,2857.4554418100806,984119.2309298761,-0.013236398295440283
11.013646098526724,2857.4554418100806,983686.749803897,-0.013579747894915848
11.013646098526724,2857.4554418100806,982532.2218724708,-0.014350587154717435
11.013646098526724,2857.4554418100806,982655.7631490736,-0.014274443903993761
11.013646098526724,2857.4554418100806,983752.0443176412,-0.013659353710033769
11.013646098526724,2857.4554418100806,984150.5755301537,-0.01346164751077252
11.013646098526724,2857.4554418100806,983999.578871083,-0.013524076385793476
11.013646098526724,2857.4554418100806,983755.7914351526,-0.013575791474437087
11.013646098526724,2857.4554418100806,984177.9396219408,-0.01347136605996623
11.013646098526724,2857.4554418100806,984570.5842573005,-0.013457832732147483
11.013646098526724,2857.4554418100806,984305.8094025835,-0.013442640230969964
11.013646098526724,2857.4554418100806,984776.416539644,-0.013478955594148643
11.013646098526724,2857.4554418100806,984467.0032037187,-0.013368533721184982
11.013646098526724,2857.4554418100806,984527.669492207,-0.013396079294625923
11.013646098526724,2857.4554418100806,984268.7378762148,-0.013278615373628188
11.013646098526724,2857.4554418100806,984127.1867886559,-0.01317530198752321
11.013646098526724,2857.4554418100806,983637.2359045318,-0.012701801935993403
11.013646098526724,2857.4554418100806,983683.7125535962,-0.01276503278291185
11.013646098526724,2857.4554418100806,983650.6495240829,-0.012716363767427416
11.013646098526724,2857.4554418100806,983426.3530017168,-0.012344308893316544
11.013646098526724,2857.4554418100806,983373.5779391908,-0.012229574302223005
11.013646098526724,2857.4554418100806,983913.9988802207,-0.013690009740225103
11.013646098526724,2857.4554418100806,983792.3661967327,-0.013317316582931006
11.013646098526724,2857.4554418100806,983895.5044478887,-0.013770789679348711
11.013646098526724,2857.4554418100806,984008.5351452216,-0.014305591607394188
11.013646098526724,2857.4554418100806,983662.3100574877,-0.012129711098858756
11.013646098526724,2857.4554418100806,983615.8735377985,-0.011796543437030885
11.013646098526724,2857.4554418100806,983557.3595872801,-0.01124188728523789
11.013646098526724,2857.4554418100806,983530.3803854919,-0.010712672181096342
-10.281399404361476,2857.4554418100806,983529.9499470746,-0.009897389420903074
-10.281399404361476,2857.4554418100806,983526.3624159934,-0.009993600012009593
-10.281399404361476,2857.4554418100806,983533.2247990619,-0.009751127163790011
-10.281399404361476,2857.4554418100806,983604.5714223367,-0.009083046909089955
-10.281399404361476,2857.4554418100806,983798.0054046363,-0.007980355667962076
-10.281399404361476,2857.4554418100806,983835.3742203248,-0.0077480568822400845
-10.281399404361476,2857.4554418100806,984064.410164768,-0.00670544278168847
-10.281399404361476,2857.4554418100806,984435.8754426271,-0.005261638110503089
-10.281399404361476,2857.4554418100806,984603.961761349,-0.00480548979311318
-10.281399404361476,2857.4554418100806,984599.2935504819,-0.0048169081998360504
-10.281399404361476,2857.4554418100806,984440.7612284772,-0.0051545525769633085
-10.281399404361476,2857.4554418100806,984566.2521062976,-0.004944778694434587
-10.281399404361476,2857.4554418100806,984707.8532354407,-0.004747725166416748
-10.281399404361476,2857.4554418100806,984429.0013491396,-0.005104569265259047
-10.281399404361476,2857.4554418100806,984980.3161032803,-0.00451044063897315
-10.281399404361476,2857.4554418100806,984907.6253184465,-0.004564284145801493
-10.281399404361476,2857.4554418100806,985080.0008217474,-0.004468758358144343
-10.281399404361476,2857.4554418100806,985091.1977488527,-0.0044627498587396786
-10.281399404361476,2857.4554418100806,985935.4019658166,-0.004204782411920707
-10.281399404361476,2857.4554418100806,985432.5832952954,-0.004287896470880605
-10.281399404361476,2857.4554418100806,985023.945456485,-0.0043071834525811575
-10.281399404361476,2857.4554418100806,985517.2384693407,-0.0043475871319255425
-10.281399404361476,2857.4554418100806,985677.5982314516,-0.004364821770819408
-10.281399404361476,2857.4554418100806,985242.5552484944,-0.004251368013355525
-10.281399404361476,2857.4554418100806,984434.22238741,-0.0039086981120909576
-10.281399404361476,2857.4554418100806,984379.4193029832,-0.0038912805400669937
-10.281399404361476,2857.4554418100806,986060.3937273539,-0.004854615817681681
-10.281399404361476,2857.4554418100806,986362.1919130209,-0.005063551786757491
-10.281399404361476,2857.4554418100806,987087.606874494,-0.005599337999468544
-10.281399404361476,2857.4554418100806,986177.3817778315,-0.004867346046251071
-10.281399404361476,2857.4554418100806,985735.229381367,-0.004549558958180525
-10.281399404361476,2857.4554418100806,985754.3193049951,-0.004563415219859154
-10.281399404361476,2857.4554418100806,984677.6375475039,-0.0035522036463530035
-10.281399404361476,2857.4554418100806,983841.8760267283,-0.002770260197096358
-10.281399404361476,2857.4554418100806,983606.1341254185,-0.00253384444966084
-10.281399404361476,2857.4554418100806,983008.7789656016,-0.0019296560466932253
-10.281399404361476,2854.6927664254704,981693.4285570027,-0.0004950122586193316
-10.281399404361476,2854.6927664254704,982389.3538315132,-0.001231756043921459
-10.281399404361476,2825.86321673312,981695.7678425146,-0.0004506221924890577
-10.281399404361476,2825.86321673312,981744.9004938799,-0.0005034341305476383
-10.281399404361476,2825.86321673312,981295.9921816282,-5.465119823767028e-05
-10.281399404361476,2840.3055652964304,981732.7337873298,-0.0005403567075678734
-10.281399404361476,2869.6303631507103,983359.0528970564,-0.0023262358078568945
-10.281399404361476,2869.6303631507103,982885.8017100575,-0.0018483860330827794
-10.281399404361476,2869.6303631507103,982923.6415404966,-0.0018889173485003618
-10.281399404361476,2869.6303631507103,983441.0989524266,-0.0023986089508958156
-10.281399404361476,2869.6303631507103,982664.6017683122,-0.001663719419810208
-10.281399404361476,2869.6303631507103,983905.7223529691,-0.00276894656607447
-10.281399404361476,2869.6303631507103,983989.8831640101,-0.0028444559878313858
-10.281399404361476,2869.6303631507103,983579.3965422304,-0.002536900231875155
-10.281399404361476,2869.6303631507103,983323.0054225639,-0.0023418337292832984
-10.281399404361476,2869.6303631507103,981410.349437691,-0.0007500597271504123
-10.281399404361476,2869.6303631507103,980694.8351553925,-0.0002217833188579145
-10.281399404361476,2869.6303631507103,980926.4743273545,-0.0003777420664341232
-10.281399404361476,2869.6303631507103,981625.3994829898,-0.0007866741183299502
-10.281399404361476,2869.6303631507103,980516.1091481496,-0.00016697954728841675
-10.281399404361476,2869.6303631507103,979964.7356210245,-3.602151960525947e-05
-10.281399404361476,2869.6303631507103,979490.2011787152,0.00010106859284615443
-10.281399404361476,2869.6303631507103,978987.2273299696,0.00019967912735339272
-10.281399404361476,2869.6303631507103,978101.3757214966,0.0003026887276525376
-10.281399404361476,2869.6303631507103,977557.4051010681,0.00031777149937568284
-10.281399404361476,2869.6303631507103,977975.7286428761,0.000370308325054478
-10.281399404361476,2869.6303631507103,977152.3752590505,-5.3178449789082686e-05
-10.281399404361476,2869.6303631507103,976451.5257790922,-0.0002996423150224217
-10.281399404361476,2869.6303631507103,976109.1477843198,-0.0005000055177115942
-10.281399404361476,2869.6303631507103,976701.2006615406,-4.2947970200031846e-05
-10.281399404361476,2869.6303631507103,976537.7465926957,-0.00020896062896404416
-10.281399404361476,2869.6303631507103,977034.5221366052,0.000515380024677451
-10.281399404361476,2869.6303631507103,977290.6093833453,0.0009406483200244206
-10.281399404361476,2869.6303631507103,977735.4042991571,0.001725073009603313
-10.281399404361476,2869.6303631507103,977328.9977812256,0.000724136570337849
-10.281399404361476,2869.6303631507103,977018.1583006589,-0.00020226451452459238
-10.281399404361476,2869.6303631507103,976735.9044609213,-0.0011069350327547727
-10.281399404361476,2869.6303631507103,976915.8474100567,-0.00042548333668446914
-10.281399404361476,2869.6303631507103,976950.0094598545,-0.0002353558475470441
-10.281399404361476,2869.6303631507103,977028.2471441823,0.0002756016002280122
-10.281399404361476,2869.6303631507103,976957.2358491056,-0.0002521050061886963
-10.281399404361476,2869.6303631507103,976786.427254272,-0.0022488122152681733
-10.281399404361476,2869.6303631507103,976810.3870770009,-0.0018433263575763465
-18.3373193010541,2869.6303631507103,976813.1353087486,-0.0015338528305810254
-18.3373193010541,2869.6303631507103,976778.6994343153,-0.0005543067101577546
-18.3373193010541,2869.6303631507103,976833.6428377556,-0.0016011727653785165
-18.3373193010541,2869.6303631507103,976753.1922022469,-0.0007207981084004037
-18.3373193010541,2869.6303631507103,976712.6605036198,-0.00043049761877812315
-18.3373193010541,2869.6303631507103,976706.5463369854,-0.0004018274630755615
-18.3373193010541,2869.6303631507103,976823.7560121847,-0.0008871513137447751
-18.3373193010541,2869.6303631507103,976796.2350723189,-0.0007839529245169131
-18.3373193010541,2869.6303631507103,977143.6681003121,-0.0018194505622808755
-18.3373193010541,2869.6303631507103,976887.1199865186,-0.001095659692125194
-18.3373193010541,2869.6303631507103,976973.7872222449,-0.0012779505244714677
-18.3373193010541,2869.6303631507103,976666.7175362664,-0.0008399847383983368
-18.3373193010541,2869.6303631507103,975961.9341971618,5.2144830963886493e-05
-18.3373193010541,2869.6303631507103,976098.5262398225,-0.00010847691267549434
-18.3373193010541,2869.6303631507103,976050.8893064348,-5.483047918637763e-05
-18.3373193010541,2869.6303631507103,977001.3773249659,-0.0008269513420060629
-18.3373193010541,2869.6303631507103,976368.6015853441,-0.0004207139489437452
-18.3373193010541,2869.6303631507103,976738.2064880467,-0.0005975065469052057
-18.3373193010541,2869.6303631507103,975923.2043316899,-0.00048045256978114417
-18.3373193010541,2869.6303631507103,976392.5133126451,-0.0005518236936580749
-18.3373193010541,2869.6303631507103,976153.6882926497,-0.0005473777399960555
-18.3373193010541,2869.6303631507103,975417.1368125854,-0.0008315745050531294
-18.3373193010541,2869.6303631507103,975405.128649343,-0.0008331184229891296
-18.3373193010541,2869.6303631507103,975503.5844113472,-0.0007968361596896249
-18.3373193010541,2869.6303631507103,974842.8450840195,-0.000970262376122479
-18.3373193010541,2869.6303631507103,974800.3766655845,-0.0009931575202151864
-18.3373193010541,2869.6303631507103,975560.2050820108,-0.0005468197355563083
-18.3373193010541,2869.6303631507103,975115.2666286349,-0.0008286279880333976
-18.3373193010541,2869.6303631507103,975714.8381353209,-0.0003757365213757088
-18.3373193010541,2869.6303631507103,976563.3359507103,0.0002719909079429432
-18.3373193010541,2869.6303631507103,977154.9549232122,0.0007952798243543161
-18.3373193010541,2869.6303631507103,976291.2099723365,1.6128658426285474e-05
-18.3373193010541,2869.6303631507103,975017.3988157167,-0.0012173124615984662
-18.3373193010541,2869.6303631507103,974883.7727138264,-0.0013332754095774458
-18.3373193010541,2869.6303631507103,974910.0232836825,-0.0013070981844247526
-18.3373193010541,2860.6953979149903,973619.834344113,-0.002652112415317264
-18.3373193010541,2867.2958899323403,974645.2055555837,-0.0015696211936691046
-18.3373193010541,2867.2958899323403,976067.742314135,-0.00015884223229891035
-18.3373193010541,2925.18344147362,977838.69647181,0.0018420261348322197
-18.3373193010541,2925.18344147362,977759.7773284448,0.0017624619141072965
-18.3373193010541,2925.18344147362,978406.6965850097,0.0024927947797085486
-18.3373193010541,2925.18344147362,978345.8197784466,0.0024291658680459936
-18.3373193010541,2925.18344147362,977432.4021916526,0.0014904077160056866
-18.3373193010541,2925.18344147362,977964.484925801,0.0020564554485727115
-18.3373193010541,2925.18344147362,976978.3105659898,0.0010691335500270145
-18.3373193010541,2925.18344147362,976586.7097188134,0.0006909711452139786
-18.3373193010541,2925.18344147362,975521.5671971769,-0.00038317831437631775
-18.3373193010541,2925.18344147362,975974.7593892722,4.1686013332854894e-05
-18.3373193010541,2925.18344147362,975259.6208927416,-0.0005947581883735552
-18.3373193010541,2925.18344147362,976209.7522790062,0.0002382942171309488
-18.3373193010541,2925.18344147362,975445.8497900814,-0.0003562503598102364
-18.3373193010541,2925.18344147362,975506.7398078917,-0.0003095872466012226
-18.3373193010541,2925.18344147362,976301.7174788713,0.0001934322638040151
-18.3373193010541,2925.18344147362,975792.3542609476,-9.906357751831065e-05
-18.3373193010541,2925.18344147362,974954.7553570346,-0.000585291397127574
-18.3373193010541,2925.18344147362,974263.0309216599,-0.0009108834324406969
-18.3373193010541,2925.18344147362,974532.8592755877,-0.0007955950446701257
-18.3373193010541,2925.18344147362,975610.2601155144,-0.000475868156025565
-18.3373193010541,2925.18344147362,974606.5140405066,-0.0006573890703034329
-18.3373193010541,2925.18344147362,974849.6351309686,-0.0006308804372425888
-18.3373193010541,2925.18344147362,974894.6701045651,-0.0006348678973715864
-18.3373193010541,2925.18344147362,973492.976004464,-0.00034178078146440883
-18.3373193010541,2925.18344147362,973403.8218041853,-0.0003041743024487713
-18.3373193010541,2925.18344147362,973360.4616327678,-0.0002845538741407797
-18.3373193010541,2925.18344147362,972900.7621842705,-1.663415126551788e-05
-18.3373193010541,2925.18344147362,971953.5259498961,0.0009140840752135298
-18.3373193010541,2925.18344147362,972112.4202048843,0.0007469493426025328
-18.3373193010541,2925.18344147362,972306.1207124534,0.0004967118598199763
-18.3373193010541,2925.18344147362,972072.1077072449,0.0008657481249640121
-18.3373193010541,2925.18344147362,971736.7925301013,0.001506920047337714
-18.3373193010541,2925.18344147362,972072.8897928209,0.0008235911498339512
-18.3373193010541,2925.18344147362,971751.3188011247,0.0016364786091998093
-18.3373193010541,2925.18344147362,971705.0913557633,0.0017867464914557126
-18.3373193010541,2925.18344147362,971609.4972350356,0.0022049104262024024
-18.3373193010541,2925.18344147362,971368.0223077977,0.0034392627411451945
-18.3373193010541,2925.18344147362,971389.7763011501,0.0032557666932646547
-18.3373193010541,2925.18344147362,971307.9496019887,0.003936855448332695
-18.3373193010541,2925.18344147362,971337.4716418985,0.0036459795423485816
-18.3373193010541,2925.18344147362,971394.4079017096,0.0026911361355321795
6.4807321413621,2925.18344147362,971410.045175466,0.0013074415949550621
9.989819162145249,2925.18344147362,971393.4468883455,0.000517062295814543
9.989819162145249,2925.18344147362,971462.0003193808,0.0017936407543598341
9.989819162145249,2925.18344147362,971524.0560469794,0.002279790497164974
9.989819162145249,2925.18344147362,971360.9327446785,0.001364722582470974
9.989819162145249,2925.18344147362,971770.8825223257,0.003314065592067929
9.989819162145249,2925.18344147362,971792.9235931116,0.0034030348977101958
9.989819162145249,2925.18344147362,971538.0766584219,0.002460951007632287
9.989819162145249,2925.18344147362,971363.5146257299,0.001986811863779035
9.989819162145249,2925.18344147362,971221.9535669022,0.0016266730103852549
9.989819162145249,2925.18344147362,971332.7022646713,0.0018644543878136635
9.989819162145249,2925.18344147362,971456.5519491279,0.002057970649026726
9.989819162145249,2925.18344147362,970965.850501329,0.0013231551039504198
9.989819162145249,2925.18344147362,971356.4240284857,0.0018034750089340199
9.989819162145249,2925.18344147362,971661.2629022376,0.0020625314928333096
9.989819162145249,2925.18344147362,971682.1064583234,0.002077713712738468
9.989819162145249,2925.18344147362,972079.6290032449,0.0022490383054453284
9.989819162145249,2925.18344147362,972184.0107826752,0.0023003710499068758
9.989819162145249,2925.18344147362,971742.2108088898,0.0022050953589854375
9.989819162145249,2925.18344147362,972284.4455626154,0.0022750085181912315
9.989819162145249,2925.18344147362,972881.6051191262,0.0022715683049608355
9.989819162145249,2925.18344147362,972413.0487096257,0.0023259261855033088
9.989819162145249,2925.18344147362,973309.5918455301,0.0020970848678436805
9.989819162145249,2925.18344147362,974252.77366923,0.001774366705456748
9.989819162145249,2925.18344147362,974406.7276053277,0.0017144303988259483
9.989819162145249,2925.18344147362,975598.7808517503,0.001178652043241389
9.989819162145249,2925.18344147362,974308.6139298074,0.0019991485259304373
9.989819162145249,2925.18344147362,973914.4054987351,0.002284174401625789
9.989819162145249,2925.18344147362,972722.2950458862,0.0031734693950832647
9.989819162145249,2925.18344147362,972624.4227875773,0.003249345235863558
9.989819162145249,2925.18344147362,974644.4353888555,0.0014775519295761126
9.989819162145249,2925.18344147362,976242.9662498877,7.420108945806052e-05
9.989819162145249,2925.18344147362,975880.4763829184,0.0003869799873640134
9.989819162145249,2925.18344147362,976014.4682140237,0.0002652302298534773
9.989819162145249,2925.18344147362,976488.3365540295,-0.00022677484784144623
9.989819162145249,2925.18344147362,977495.2635496557,-0.0012863580272018571
9.989819162145249,2925.18344147362,977157.7036835639,-0.0009529323069554516
9.989819162145249,2925.18344147362,977190.1397970689,-0.0009890264630470946
9.989819162145249,2925.18344147362,976061.728609273,0.00015617962001291335
9.989819162145249,2925.18344147362,975025.4393608165,0.0012144358294387254
9.989819162145249,2925.18344147362,976562.3733451208,-0.0004491120214002055
9.989819162145249,2925.18344147362,976424.6830723218,-0.0002923302333728392
9.989819162145249,2909.42962872515,975896.4259684093,0.00033281428085786617
9.989819162145249,2909.42962872515,975903.6802950712,0.00032558910829321445
9.989819162145249,2909.42962872515,976108.4216229127,9.954630112281883e-05
9.989819162145249,2909.42962872515,976920.9967343229,-0.0007855624339848324
9.989819162145249,2909.42962872515,976281.8319710855,-0.00023734104277871857
9.989819162145249,2909.42962872515,975281.3799449211,0.0006890945711107487
9.989819162145249,2909.42962872515,974602.3044224712,0.0012859868164516873
9.989819162145249,2909.42962872515,975602.7048841682,0.0004689273778894475
9.989819162145249,2909.42962872515,975774.3332498493,0.00033635464150700195
9.989819162145249,2909.42962872515,975635.918406089,0.00043151996276643076
9.989819162145249,2909.42962872515,976087.0476086098,0.00010504993126680643
9.989819162145249,2909.42962872515,975490.3748265969,0.0004914325157031994
9.989819162145249,2909.42962872515,974593.2644541629,0.0010088571285764845
9.989819162145249,2909.42962872515,973639.62323342,0.001370349703635957
9.989819162145249,2909.42962872515,974091.9316824324,0.0012645381759195933
9.989819162145249,2909.42962872515,973537.7919563715,0.0013664779093187588
9.989819162145249,2909.42962872515,973426.0437617385,0.0013811755625819599
9.989819162145249,2909.42962872515,973873.9461303848,0.0013514297333847773
9.989819162145249,2909.42962872515,973734.0056010269,0.001342884800486284
9.989819162145249,2909.42962872515,973708.3331957889,0.0013409090944031812
9.989819162145249,2909.42962872515,974157.2118221971,0.001605022958184397
9.989819162145249,2909.42962872515,973458.0180688123,0.0011842548307116065
9.989819162145249,2909.42962872515,973272.8372233921,0.001055039557370785
9.989819162145249,2909.42962872515,972911.306497767,0.0007894320641982873
9.989819162145249,2909.42962872515,972457.0020523026,0.0002458953072193629
9.989819162145249,2909.42962872515,972262.2740446269,-2.0956023087191725e-05
9.989819162145249,2909.42962872515,972200.215285176,-0.00012029710719234052
9.989819162145249,2909.42962872515,971486.7417325219,-0.0014833806393158577
9.989819162145249,2909.42962872515,971881.9476048286,-0.0004985105968419919
9.989819162145249,2909.42962872515,971912.8427787024,-0.0003964942030500988
9.989819162145249,2909.42962872515,972080.5180943186,0.00016864912426175138
9.989819162145249,2909.42962872515,971826.7694357296,-0.0008391286086010346
9.989819162145249,2909.42962872515,971768.2627884086,-0.0011755600499902378
9.989819162145249,2909.42962872515,971831.1996973357,-0.0008044232261805557
9.989819162145249,2909.42962872515,971758.4469443597,-0.0014711986516215906
9.989819162145249,2909.42962872515,971794.439644146,-0.0008533106259319946
9.989819162145249,2909.42962872515,971739.1229284229,-0.002242225691174816
9.989819162145249,2909.42962872515,971738.1227081108,-0.0023347598950188317
21.1098677806227,2909.42962872515,971757.8222226631,-0.002975828243283016
21.1098677806227,2909.42962872515,971853.8474581095,-0.004025475816027627
21.1098677806227,2909.42962872515,971979.9419092019,-0.005290980257861847
21.1098677806227,2909.42962872515,972153.5657348976,-0.006393969645282124
21.1098677806227,2909.42962872515,972095.8681551641,-0.0061145893677534745
21.1098677806227,2909.42962872515,971958.8897852803,-0.005544653656386462
21.1098677806227,2909.42962872515,972160.5954395457,-0.006248924025463507
21.1098677806227,2909.42962872515,971928.710965135,-0.005588437999065478
21.1098677806227,2909.42962872515,971968.4447135982,-0.005707619844476539
21.1098677806227,2909.42962872515,972386.9666184634,-0.006478411421924492
21.1098677806227,2909.42962872515,972061.362515625,-0.005943600582234574
21.1098677806227,2909.42962872515,971875.4171167235,-0.005656900044475709
21.1098677806227,2909.42962872515,972268.8756275165,-0.006058609947428604
21.1098677806227,2909.42962872515,972819.2742778595,-0.006600577913087587
21.1098677806227,2909.42962872515,972481.6951724732,-0.006375753726749154
21.1098677806227,2909.42962872515,973120.6412116897,-0.006775544119155744
21.1098677806227,2909.42962872515,973202.9711377575,-0.006807460957330204
21.1098677806227,2909.42962872515,973783.5823557707,-0.006901309527350062
21.1098677806227,2909.42962872515,974162.2802884466,-0.006911698985465327
21.1098677806227,2909.42962872515,973939.0323475307,-0.006896998553045524
21.1098677806227,2909.42962872515,973443.3180519388,-0.007032586539024876
21.1098677806227,2909.42962872515,974466.3168698963,-0.006777403311147294
21.1098677806227,2909.42962872515,974771.2686803684,-0.006650547808530038
21.1098677806227,2909.42962872515,975095.6126860575,-0.006575082341557716
21.1098677806227,2909.42962872515,975101.3061176733,-0.006572008384345191
21.1098677806227,2909.42962872515,975934.0319189958,-0.005968735058220418
21.1098677806227,2909.42962872515,976947.6572439558,-0.005278629792257545
21.1098677806227,2909.42962872515,975872.7998955727,-0.006050189432010718
21.1098677806227,2909.42962872515,974982.0258372487,-0.0067349405200979396
21.1098677806227,2909.42962872515,974822.9718082185,-0.006883013707607941
21.1098677806227,2909.42962872515,975250.5969710532,-0.006505018076488314
21.1098677806227,2909.42962872515,976344.625757934,-0.005454232999958009
21.1098677806227,2909.42962872515,977493.9085988338,-0.00437756271606278
21.1098677806227,2909.42962872515,977773.303081709,-0.00409542209897652
21.1098677806227,2909.42962872515,978640.8673109789,-0.003228350588808527
21.1098677806227,2909.42962872515,978402.1835048688,-0.003488798048665979
21.1098677806227,2909.42962872515,977717.463212841,-0.004197194933737212
21.1098677806227,2916.10853961842,977841.5784376207,-0.004041973572771547
21.1098677806227,2916.10853961842,977727.1110924607,-0.00415652899007353
21.1098677806227,2916.10853961842,977073.4918340226,-0.004900358352926407
21.1098677806227,2916.10853961842,977068.6356374202,-0.004905474521980621
21.1098677806227,2916.10853961842,978850.9927457009,-0.002961939700403323
21.1098677806227,2916.10853961842,979080.5299886827,-0.002706439771885174
21.1098677806227,2916.10853961842,979518.9336701708,-0.0022855164359213017
21.1098677806227,2916.10853961842,980158.5767240081,-0.0016629409124850432
21.1098677806227,2916.10853961842,981132.9869905276,-0.000703139513398154
21.1098677806227,2916.10853961842,982178.5830355539,0.00036033343286769645
21.1098677806227,2916.10853961842,982794.2666321661,0.0008865720850757085
21.1098677806227,2916.10853961842,981654.5742258098,-6.626964440822517e-05
21.1098677806227,2916.10853961842,981696.0677117349,-3.726441677851713e-05
21.1098677806227,2916.10853961842,982526.7131770479,0.0006339464455718314
21.1098677806227,2916.10853961842,981411.988011085,-1.43881643540971e-05
21.1098677806227,2916.10853961842,983318.263433586,0.0012545926422286335
21.1098677806227,2916.10853961842,983309.6705905946,0.0012505102154903593
21.1098677806227,2916.10853961842,983310.7595481313,0.0012509158197958111
21.1098677806227,2916.10853961842,982864.3121162693,0.0010826526907026766
21.1098677806227,2916.10853961842,982495.8110670862,0.0009571736876732733
21.1098677806227,2916.10853961842,982939.7426562629,0.0009976063497115838
21.1098677806227,2916.10853961842,981735.2824897249,0.0010426255689020385
21.1098677806227,2916.10853961842,981799.2655640143,0.0010362877857871256
21.1098677806227,2916.10853961842,982549.6004716818,0.0007894066746852325
21.1098677806227,2916.10853961842,982936.8441230602,0.0006329595350478039
21.1098677806227,2916.10853961842,982365.1754634806,0.0009719487142259871
21.1098677806227,2916.10853961842,981540.445382804,0.0016952666807401476
21.1098677806227,2916.10853961842,982031.7205536788,0.0011428855304451173
21.1098677806227,2916.10853961842,981540.1667327376,0.0017207274118933526
21.1098677806227,2916.10853961842,981104.9653538137,0.0023309479203078706
21.1098677806227,2916.10853961842,980886.5830674598,0.002722060683139519
21.1098677806227,2916.10853961842,980881.123166184,0.002733611124081243
21.1098677806227,2916.10853961842,980354.7633207069,0.0038801632374219843
21.1098677806227,2916.10853961842,980448.5747805517,0.0036237066502309537
21.1098677806227,2916.10853961842,980548.9420086279,0.0032988815367701717
21.1098677806227,2916.10853961842,980545.8029759817,0.0033135487020548525
21.1098677806227,2916.10853961842,980610.8409266246,0.0029361052826975087
21.1098677806227,2916.10853961842,980728.9564058053,0.0020669745003535885
21.1098677806227,2916.10853961842,980829.1622365351,0.0012283511671515163
21.1098677806227,2916.10853961842,980741.745726648,0.002271033965572843
-7.350251651044104,2916.10853961842,980666.0961620857,0.004532928837219324
-7.350251651044104,2916.10853961842,980651.1667794689,0.0055447818579921985
-8.456702537302005,2916.10853961842,980681.030283656,0.006601673667547978
-8.456702537302005,2916.10853961842,980621.1594626873,0.005633516311568339
-8.456702537302005,2916.10853961842,980533.3339667579,0.004944041837861522
-8.456702537302005,2916.10853961842,980595.7693354576,0.0053105942713755055
-8.456702537302005,2916.10853961842,980388.882118806,0.00445717347203402
-8.456702537302005,2916.10853961842,980463.8656854612,0.004741097450376987
-8.456702537302005,2916.10853961842,980722.9718486161,0.005678607162046464
-8.456702537302005,2916.10853961842,980774.750053195,0.005821848848090757
-8.456702537302005,2916.10853961842,980869.7399775641,0.006062433991707783
-8.456702537302005,2916.10853961842,980975.5582836772,0.006273638595694823
-8.456702537302005,2916.10853961842,980955.3043555755,0.00624330070513731
-8.456702537302005,2916.10853961842,981704.7001387922,0.007285300308470392
-8.456702537302005,2916.10853961842,981596.8929710501,0.007163572501527639
-8.456702537302005,2916.10853961842,981415.5933906907,0.0070172198355353
-8.456702537302005,2916.10853961842,981472.5834853284,0.007057057605381726
-8.456702537302005,2916.10853961842,980700.3528886663,0.006683040348103368
-8.456702537302005,2916.10853961842,980499.0512888152,0.006583420517875959
-8.456702537302005,2916.10853961842,981127.8976006581,0.006697400733011509
-8.456702537302005,2916.10853961842,980482.3088347991,0.006610216526360729
-8.456702537302005,2916.10853961842,980733.1992754457,0.006581188583073182
-8.456702537302005,2916.10853961842,981096.0695014274,0.00654134600976842
-8.456702537302005,2916.10853961842,980640.8748039932,0.006681212406315512
-8.456702537302005,2916.10853961842,980419.7196954112,0.006774630941930054
-8.456702537302005,2916.10853961842,980080.4058032068,0.006904505301622272
-1.6779954860928459,2916.10853961842,974913.2627910813,-0.01679464329427551
-1.6779954860928459,2916.10853961842,975116.7240524243,-0.016909090716501922
-1.6779954860928459,2916.10853961842,975102.2127496797,-0.016898873456513617
-1.6779954860928459,2916.10853961842,976229.7250125906,-0.01774138112077887
-1.6779954860928459,2916.10853961842,975935.2324680284,-0.017521375037830713
-1.6779954860928459,2916.10853961842,975911.1448405094,-0.017496656952865595
-1.6779954860928459,2916.10853961842,975530.2929344393,-0.017122618233189803
-1.6779954860928459,2916.10853961842,977076.4851385303,-0.018609324307058278
-1.6779954860928459,2916.10853961842,977375.5575205997,-0.018893333721047408
-1.6779954860928459,2916.10853961842,976731.9100969713,-0.018224595591249854
-1.6779954860928459,2916.10853961842,976624.7760258125,-0.018103659227235086
-1.6779954860928459,2916.10853961842,976841.728657236,-0.01832029749553078
-1.6779954860928459,2916.10853961842,976968.538312172,-0.018464788369851097
-1.6779954860928459,2916.10853961842,977576.7509992761,-0.01906806284202568
-1.6779954860928459,2916.10853961842,978391.8508455693,-0.019890644777243994
-1.6779954860928459,2902.86402132682,977157.4215437234,-0.01852197457405543
-1.6779954860928459,2902.86402132682,977176.3383029782,-0.01854359232223507
-1.6779954860928459,2900.28558375621,976384.1857460192,-0.017663057471816842
-1.6779954860928459,2900.28558375621,976952.1037188076,-0.018257615046490375
-1.6779954860928459,2900.28558375621,976992.2245181263,-0.01830296331155653
-1.6779954860928459,2896.90177103973,975719.1997764718,-0.016932836086426657
-1.6779954860928459,2896.90177103973,975775.4453158615,-0.016979897287153024
-1.6779954860928459,2896.90177103973,976565.1333383078,-0.017711129740052577
-1.6779954860928459,2896.90177103973,977004.3910527941,-0.01809334656212363
-1.6779954860928459,2896.90177103973,976216.0952633342,-0.01742723809822527
-1.6779954860928459,2896.90177103973,976092.5243269281,-0.01732925111266032
-1.6779954860928459,2896.90177103973,975355.6091635608,-0.01686101158378689
-1.6779954860928459,2896.90177103973,974258.754427055,-0.01609720607326138
-1.6779954860928459,2896.90177103973,973020.0881155793,-0.015454746348583005
-1.6779954860928459,2896.90177103973,972824.0524860861,-0.015354677232482135
-1.6779954860928459,2896.90177103973,973968.9957087591,-0.01583824149903401
-1.6779954860928459,2896.90177103973,973943.9447720288,-0.015830604729918714
-1.6779954860928459,2896.90177103973,974750.878317195,-0.016020001038449486
-1.6779954860928459,2896.90177103973,975100.5615035859,-0.01608306205310285
-1.6779954860928459,2896.90177103973,974603.4170392123,-0.0160401071966897
-1.6779954860928459,2896.90177103973,974004.4750152366,-0.016116916300962427
-1.6779954860928459,2896.90177103973,973136.9211687366,-0.016259648771585145
-1.6779954860928459,2896.90177103973,973059.4398749021,-0.016296582803520688
-1.6779954860928459,2896.90177103973,973105.0305376095,-0.01626558119237162
-1.6779954860928459,2896.90177103973,973025.365742418,-0.016321633190575204
-1.6779954860928459,2896.90177103973,973352.0547715746,-0.016094097430044533
-1.6779954860928459,2896.90177103973,973328.4420094225,-0.016124160993066954
-1.6779954860928459,2896.90177103973,972750.1031322283,-0.017031023982755564
-1.6779954860928459,2896.90177103973,972552.0697548352,-0.017352182243631668
-1.6779954860928459,2896.90177103973,972998.0532973808,-0.01648375719139909
-1.6779954860928459,2896.90177103973,972838.0914252646,-0.01683821886891728
-1.6779954860928459,2896.90177103973,973123.5609229663,-0.0160289677661434
-1.6779954860928459,2896.90177103973,972932.6707110786,-0.01664185411759159
-1.6779954860928459,2896.90177103973,972845.3175683538,-0.017022721122365535
-1.6779954860928459,2896.90177103973,972806.0626467414,-0.017247265300222542
-1.6779954860928459,2896.90177103973,972618.235614467,-0.018374289916920677
-1.6779954860928459,2896.90177103973,972680.4037925942,-0.01785123540620598
-1.6779954860928459,2896.90177103973,972626.6790532601,-0.018653573043410417
5.547315738824259,2896.90177103973,972615.8357445522,-0.01931276531718832
37.5128074436049,2896.90177103973,972645.2680274535,-0.02138149813478663
37.904152718237,2896.90177103973,972645.7168840003,-0.021396520270237463
37.904152718237,2896.90177103973,972619.7267167872,-0.021118108642835403
37.904152718237,2896.90177103973,972726.1107283147,-0.021951369759723748
37.904152718237,2896.90177103973,972679.5621606607,-0.02166371221293892
37.904152718237,2896.90177103973,972807.958181093,-0.02230108982097203
37.904152718237,2896.90177103973,973014.5969459646,-0.023184383194675313
37.904152718237,2896.90177103973,973058.2531846625,-0.023331368090666785
37.904152718237,2896.90177103973,973355.1343180613,-0.024202504858103685
37.904152718237,2896.90177103973,974074.5198565876,-0.026018620128978657
37.904152718237,2896.90177103973,973994.8231954756,-0.0258767728402505
37.904152718237,2896.90177103973,974219.6876396938,-0.02627384396224604
37.904152718237,2896.90177103973,974213.4200533536,-0.026263196381590203
37.904152718237,2896.90177103973,973830.4651717849,-0.025849508325653203
37.904152718237,2896.90177103973,973934.8768822788,-0.025941372344763246
37.904152718237,2896.90177103973,973487.3686834506,-0.025545393513580927
37.904152718237,2896.90177103973,974411.0879822643,-0.025904327253574826
37.904152718237,2896.90177103973,974173.1311655714,-0.025796278308749795
37.904152718237,2896.90177103973,973520.3559922338,-0.02566184160896329
37.904152718237,2896.90177103973,973928.0728713538,-0.025643324035058458
37.904152718237,2896.90177103973,973871.81594089,-0.025635884979675127
37.904152718237,2896.90177103973,974153.1608747131,-0.02557205219826846
37.904152718237,2896.90177103973,973822.3467099736,-0.025671372267975577
37.904152718237,2896.90177103973,973849.1309358998,-0.025659842509810675
37.904152718237,2896.90177103973,975402.2701611536,-0.025031481282976324
37.904152718237,2896.90177103973,975188.0754514495,-0.02513867246045252
37.904152718237,2896.90177103973,974019.6305829383,-0.025935650735432907
37.904152718237,2896.90177103973,972353.1553017391,-0.02696714769159513
37.904152718237,2896.90177103973,972804.5834541981,-0.026666014294295853
37.904152718237,2896.90177103973,973901.2789884799,-0.025812140691581987
37.904152718237,2896.90177103973,973998.8008784446,-0.02572283270826021
37.904152718237,2896.90177103973,975239.8211121742,-0.02449265795446172
37.904152718237,2896.90177103973,974844.3796418109,-0.024887467657034736
37.904152718237,2896.90177103973,975003.9987896002,-0.024723966872968007
37.904152718237,2896.90177103973,975062.0338887834,-0.024664100274391625
37.904152718237,2896.90177103973,974757.3990914491,-0.024980957797973352
37.904152718237,2896.90177103973,975120.1641475953,-0.024580436719426724
37.904152718237,2896.90177103973,976086.0995190357,-0.023564112163925868
37.904152718237,2873.98301272513,974877.3657767192,-0.024991691306495138
37.904152718237,2873.98301272513,975212.5197531943,-0.024651349033180045
37.904152718237,2873.98301272513,975210.9819566702,-0.024653029717960642
37.904152718237,2873.98301272513,975933.5329555534,-0.02386167193857397
37.904152718237,2847.33951257936,975303.7795784102,-0.024594808165390943
37.904152718237,2847.33951257936,974481.9403133672,-0.025482919815542092
37.904152718237,2847.33951257936,974403.9795757118,-0.025560509456722124
37.904152718237,2847.33951257936,974536.7228877593,-0.0254225008276552
37.904152718237,2847.33951257936,974434.5098060108,-0.025531044631690668
37.904152718237,2847.33951257936,973262.7170661469,-0.02674159195554299
37.904152718237,2847.33951257936,972895.5179631772,-0.027073478751467754
37.904152718237,2847.33951257936,972916.5456503354,-0.027057070654946863
37.904152718237,2847.33951257936,973125.4867763184,-0.026901647936239868
37.904152718237,2847.33951257936,971352.7694996003,-0.02825460976700755
37.904152718237,2847.33951257936,971906.6877797322,-0.027942798322074865
37.904152718237,2847.33951257936,970882.2932362998,-0.028734537355014477
37.904152718237,2847.33951257936,971422.9421820157,-0.02843194023690099
37.904152718237,2847.33951257936,971156.4575325737,-0.028532690271345383
37.904152718237,2847.33951257936,971087.2621239362,-0.028557438660706938
37.904152718237,2847.33951257936,970631.210425424,-0.028687507396037027
37.904152718237,2847.33951257936,969773.300963656,-0.028744215917112886
37.904152718237,2847.33951257936,970717.6477001519,-0.028787776262649695
37.904152718237,2847.33951257936,969815.5174444759,-0.028606259133853243
37.904152718237,2847.33951257936,969135.4318734749,-0.02839999375274529
37.904152718237,2847.33951257936,969154.841891268,-0.028406229966926596
37.904152718237,2847.33951257936,969215.7599972535,-0.028447735364163815
37.904152718237,2847.33951257936,969738.5745326318,-0.028942124908453985
37.904152718237,2847.33951257936,969308.9825319357,-0.028461015831063006
37.904152718237,2847.33951257936,969106.4632510445,-0.028176824249733383
37.904152718237,2847.33951257936,969295.429420952,-0.028461615450412342
37.904152718237,2847.33951257936,969391.4384577399,-0.028642654681644196
37.904152718237,2847.33951257936,969287.8034052441,-0.028410721015933584
37.904152718237,2847.33951257936,969054.4821626438,-0.02776381065726071
37.904152718237,2847.33951257936,968699.4375915396,-0.02666412013834306
37.904152718237,2847.33951257936,968809.287184885,-0.02700678296817455
37.904152718237,2847.33951257936,968821.6592336784,-0.027067277914705378
37.904152718237,2847.33951257936,968893.5129055864,-0.027467810623168148
37.904152718237,2847.33951257936,968898.5030525632,-0.027502370122105643
37.904152718237,2847.33951257936,968832.0212868826,-0.026924811874584332
37.904152718237,2847.33951257936,968831.5205740612,-0.02691582998924332
37.904152718237,2847.33951257936,968830.863727294,-0.02696351648699781
37.904152718237,2847.33951257936,968857.9331510398,-0.026002712714840996
37.904152718237,2847.33951257936,968842.7719078743,-0.02630295401137833
37.904152718237,2847.33951257936,969024.720403137,-0.024275725849595378
37.904152718237,2847.33951257936,969037.6148891151,-0.024171753841457786
37.904152718237,2847.33951257936,969066.3517190018,-0.024020546366295383
37.904152718237,2847.33951257936,969106.0659569815,-0.023849605035360703
37.904152718237,2847.33951257936,969201.4591974732,-0.0235214249815714
37.904152718237,2847.33951257936,969326.1904313896,-0.023140211686451688
37.904152718237,2847.33951257936,969263.2686304477,-0.02331050626436207
37.904152718237,2847.33951257936,969420.0237727913,-0.022948356889059243
37.904152718237,2847.33951257936,969618.0591193003,-0.022588857870447888
37.904152718237,2847.33951257936,969398.9761420545,-0.02292914276996547
37.904152718237,2847.33951257936,968808.9570121769,-0.023698658789031584
37.904152718237,2847.33951257936,969074.63301064,-0.023416017554487842
37.904152718237,2847.33951257936,969006.0997221685,-0.02347363526931466
37.904152718237,2847.33951257936,969069.201789221,-0.02343221453013209
37.904152718237,2847.33951257936,969864.916108892,-0.02306059336048454
37.904152718237,2847.33951257936,970895.4911972194,-0.022698052282632487
37.904152718237,2847.33951257936,969944.4617766553,-0.022902852545953152
37.904152718237,2847.33951257936,970321.9414579665,-0.02284228118431337
37.904152718237,2847.33951257936,969771.8988446502,-0.022791649492852374
37.904152718237,2847.33951257936,969916.8550451741,-0.02281769192580583
37.904152718237,2847.33951257936,969898.0836728702,-0.022812615315618737
37.904152718237,2847.33951257936,969799.1436041037,-0.02277274579090268
37.904152718237,2847.33951257936,970492.0185776495,-0.02306704332545576
4.72627986488137,2847.33951257936,975509.5620919247,0.0007547687233657571
4.72627986488137,2847.33951257936,976386.8112111335,0.00018828044480840637
4.72627986488137,2847.33951257936,975320.8405253352,0.00083406166918894
4.72627986488137,2847.33951257936,974528.8972055116,0.0014461946642412365
4.72627986488137,2847.33951257936,975321.9125083977,0.00082150440817822
4.72627986488137,2847.33951257936,973667.6440719794,0.0023303775096645183
4.72627986488137,2847.33951257936,973770.6092692768,0.002230432664844632
4.72627986488137,2847.33951257936,972101.3199030055,0.0038433403830747752
4.72627986488137,2847.33951257936,972449.6473791699,0.003489031575492313
4.72627986488137,2864.1076791184796,973898.4321909884,0.0018807487436681924
4.72627986488137,2864.1076791184796,972575.1423247375,0.0032697476009447227
4.72627986488137,2864.1076791184796,972327.0769431436,0.0035216735451789652
4.72627986488137,2864.1076791184796,972183.2378369204,0.003688668781674128
4.72627986488137,2864.1076791184796,973319.291714975,0.0024061487437764323
4.72627986488137,2876.64089231849,974459.3437250223,0.0010879474218027068
4.72627986488137,2876.64089231849,974970.7832643407,0.0005377450601301032
4.72627986488137,2876.64089231849,975440.3168529634,-1.7073186521828613e-05
4.72627986488137,2876.64089231849,975896.8604136419,-0.0005162068860827512
4.72627986488137,2876.64089231849,975504.9453481643,-0.00010065633887643232
4.72627986488137,2876.64089231849,974185.5436424179,0.0012898709087083792
4.72627986488137,2876.64089231849,974641.001543921,0.0008209244178925336
4.72627986488137,2876.64089231849,975550.7889737694,-3.8866720808492724e-06
4.72627986488137,2876.64089231849,974995.6896396,0.0005195959465338507
4.72627986488137,2876.64089231849,973939.4736987952,0.0013964995471018643
4.72627986488137,2876.64089231849,974682.4196520405,0.0007658046696981875
4.72627986488137,2876.64089231849,975412.7806245806,0.0001524731002270459
4.72627986488137,2876.64089231849,977154.662947343,-0.0010832951982020314
4.72627986488137,2876.64089231849,977132.3582501423,-0.0010701649726871916
4.72627986488137,2876.64089231849,978100.1365741062,-0.0015272596908499135
4.72627986488137,2876.64089231849,977796.1751569853,-0.0013945541728242383
4.72627986488137,2876.64089231849,977228.7510567518,-0.0011379961135730644
4.72627986488137,2876.64089231849,977121.370977462,-0.0011090932154363166
4.72627986488137,2876.64089231849,976516.9455420831,-0.0009665216602825076
4.72627986488137,2876.64089231849,975974.1732826483,-0.0008897021833352959
4.72627986488137,2876.64089231849,976019.5123583553,-0.0008904357438823049
4.72627986488137,2876.64089231849,975786.0648421652,-0.0009524862023326101
4.72627986488137,2876.64089231849,975931.1708391769,-0.0009104789385229968
4.72627986488137,2876.64089231849,975865.402712121,-0.0009453886651552837
4.72627986488137,2876.64089231849,975987.6786865505,-0.000862320572900393
4.72627986488137,2876.64089231849,975314.1337014459,-0.0014702309992481583
4.72627986488137,2876.64089231849,974295.2752900771,-0.0023694853007394565
4.72627986488137,2876.64089231849,974490.35966901,-0.0021231644700738525
4.72627986488137,2876.64089231849,974901.8525809819,-0.0014329488756922462
4.72627986488137,2876.64089231849,974853.9589869864,-0.0015179873837528992
4.72627986488137,2876.64089231849,974928.4571749769,-0.0013861848570278167
4.72627986488137,2876.64089231849,974495.7726997259,-0.0025614018535087785
4.72627986488137,2876.64089231849,974105.8717700858,-0.0037509904141983376
4.72627986488137,2876.64089231849,974150.6766707295,-0.0035942418823300434
4.72627986488137,2876.64089231849,974136.0544719696,-0.003664368752476515
4.72627986488137,2876.64089231849,974154.3378550417,-0.0035524507325505918
4.72627986488137,2876.64089231849,974231.9188592188,-0.0030172649331514905
4.72627986488137,2876.64089231849,974083.2458928261,-0.004688358047275283
4.72627986488137,2876.64089231849,974102.3404399424,-0.00431489034325609
-6.626620221297679,2876.64089231849,974104.1878804063,-0.003878100539901628
-6.626620221297679,2876.64089231849,974067.0095153309,-0.0030386230858252825
-6.626620221297679,2876.64089231849,974065.4289152586,-0.0029977756675565615
-6.626620221297679,2876.64089231849,974008.7724978197,-0.002336032197274465
-6.626620221297679,2876.64089231849,973941.5137890027,-0.0018731408505499169
-6.626620221297679,2876.64089231849,974053.4837457145,-0.0024952883098222855
-6.626620221297679,2876.64089231849,974050.0581221727,-0.002480270552803573
-6.626620221297679,2876.64089231849,974182.6245723246,-0.0029461587837716708
-6.626620221297679,2876.64089231849,974326.0233699905,-0.0033803871317843502
-6.626620221297679,2876.64089231849,974472.3802765325,-0.003740584448122209
-6.626620221297679,2876.64089231849,974080.6468444683,-0.0028829593523209524
-6.626620221297679,2876.64089231849,974233.3250049937,-0.003140735728310613
-6.626620221297679,2876.64089231849,974249.3326100929,-0.0031664190142870964
-6.626620221297679,2876.64089231849,974778.4618778767,-0.003934532477527739
-6.626620221297679,2876.64089231849,975071.8469361338,-0.0042480625722348935
-6.626620221297679,2876.64089231849,974707.7892304263,-0.003917201927288996
-6.626620221297679,2876.64089231849,975543.5491181567,-0.004564641583850031
-6.626620221297679,2876.64089231849,974748.4115554526,-0.004289746236885046
-6.626620221297679,2876.64089231849,975124.1298574839,-0.004443870989284288
-6.626620221297679,2876.64089231849,975458.9606735997,-0.004523466333783133
-6.626620221297679,2876.64089231849,975501.510891901,-0.0045188090911416024
-6.626620221297679,2876.64089231849,975970.1840848934,-0.004549514979041695
-6.626620221297679,2876.64089231849,975695.056296921,-0.004614099133230621
-6.626620221297679,2876.64089231849,974936.4019337606,-0.004758445743737289
-6.626620221297679,2876.64089231849,974557.7741637664,-0.004911323212951584
-6.626620221297679,2876.64089231849,974045.2330767162,-0.005177097893556757
-6.626620221297679,2876.64089231849,975335.3593429959,-0.004394436502317651
-6.626620221297679,2876.64089231849,975323.3662174487,-0.004401470556397375
-6.626620221297679,2876.64089231849,976410.5969706905,-0.00378707698485294
-6.626620221297679,2876.64089231849,976297.384684955,-0.003864891194072054
-6.626620221297679,2876.64089231849,976290.9255177153,-0.003870430369520419
-6.626620221297679,2876.64089231849,976722.0658167412,-0.003461712798537286
-6.626620221297679,2876.64089231849,975105.904282618,-0.005021831357639055
-6.626620221297679,2876.64089231849,974922.9815755513,-0.0051981880870607955
-6.626620221297679,2876.64089231849,975484.3899549027,-0.0045931734092617815
-6.626620221297679,2876.64089231849,975138.1040024103,-0.004945144047568611
-6.626620221297679,2876.64089231849,975827.8619214266,-0.004208022808144091
-6.626620221297679,2876.64089231849,975673.6936190645,-0.0043805726193093435
-6.626620221297679,2876.64089231849,974748.3305660742,-0.0053647854222848524
-6.626620221297679,2894.21776531311,975381.5276676324,-0.004635980024076938
-6.626620221297679,2894.21776531311,976284.3219713769,-0.0036425273950079686
-6.626620221297679,2894.21776531311,976048.9612116251,-0.0038961172302445003
-6.626620221297679,2894.21776531311,975127.4971153016,-0.004898382811369962
-6.626620221297679,2894.21776531311,974535.2774201808,-0.005545929252529531
-6.626620221297679,2894.21776531311,975224.8783439915,-0.004803416654743927
-6.626620221297679,2894.21776531311,975255.9774682603,-0.004772510072132521
-6.626620221297679,2894.21776531311,973968.4082561263,-0.0060134319642241255
-6.626620221297679,2894.21776531311,973290.5811589914,-0.00670368341019907
-6.626620221297679,2894.21776531311,973585.2095382417,-0.006415097309243414
-6.626620221297679,2894.21776531311,973102.8467900178,-0.0068229033770201685
-6.626620221297679,2894.21776531311,973363.1467124355,-0.006612490813542157
-6.626620221297679,2894.21776531311,972904.5294129724,-0.006947897098163194
-6.626620221297679,2894.21776531311,973599.8530183547,-0.006475930160665723
-6.626620221297679,2894.21776531311,973788.8551937666,-0.0063570145775877366
-6.626620221297679,2894.21776531311,973151.0602911607,-0.006761340609542585
-6.626620221297679,2894.21776531311,972269.1375763812,-0.007230418817936798
-6.626620221297679,2894.21776531311,972250.2657257848,-0.007237148376615967
-6.626620221297679,2894.21776531311,972443.2163742788,-0.00716449148639798
-6.626620221297679,2894.21776531311,972362.4910122367,-0.00718337203544843
-6.626620221297679,2894.21776531311,972842.3796071735,-0.00717083875849138
-6.626620221297679,2894.21776531311,971258.6594438108,-0.00697761670335843
-6.626620221297679,2894.21776531311,971389.0534074674,-0.007016792219718241
-6.626620221297679,2894.21776531311,971995.67448839,-0.0071998205090147245
-6.626620221297679,2894.21776531311,971422.9880344487,-0.006972485463779314
-6.626620221297679,2894.21776531311,971127.6500209887,-0.0067640366130856545
-6.626620221297679,2894.21776531311,970972.1499915224,-0.006635525757212032
-6.626620221297679,2894.21776531311,971223.8678771389,-0.006920950813126442
-6.626620221297679,2894.21776531311,971381.7249163463,-0.007138112625565726
-6.626620221297679,2894.21776531311,971337.0027929982,-0.007075108874993968
-6.626620221297679,2894.21776531311,971651.7930353967,-0.0075948036203855535
-6.626620221297679,2894.21776531311,971906.0634531986,-0.008124372760328577
-6.626620221297679,2894.21776531311,972311.576010898,-0.009159699991278168
-6.626620221297679,2894.21776531311,972375.2502667329,-0.009369587656564187
-6.626620221297679,2894.21776531311,972131.7360167307,-0.008603488797218367
-6.626620221297679,2894.21776531311,972019.4715392155,-0.008050388598466487
-6.626620221297679,2894.21776531311,971890.3383769913,-0.007343669944575093
-6.626620221297679,2894.21776531311,971987.8191473496,-0.007925210079281325
-6.626620221297679,2894.21776531311,971920.7709444436,-0.007260499030242211
-6.626620221297679,2894.21776531311,971889.4578049454,-0.006687946041585044
-1.9567748210400344,2894.21776531311,971889.2962008358,-0.006867828265126407
1.2160651797603101,2894.21776531311,971871.2625701152,-0.0077111875740664805
1.2160651797603101,2894.21776531311,971855.571922608,-0.008300624938758463
1.2160651797603101,2894.21776531311,971773.4291781319,-0.009091182039606334
1.2160651797603101,2894.21776531311,971860.0872077704,-0.008428425081475682
1.2160651797603101,2894.21776531311,971659.8300089593,-0.009701105246577277
1.2160651797603101,2894.21776531311,971753.6144195664,-0.009306879389281106
1.2160651797603101,2894.21776531311,971535.4290803157,-0.010124908206552692
1.2160651797603101,2894.21776531311,971625.2444445479,-0.009860571379071913
1.2160651797603101,2894.21776531311,972037.5718805458,-0.008818454089130182
1.2160651797603101,2894.21776531311,971955.2294065905,-0.009010603348842922
1.2160651797603101,2894.21776531311,972403.1176648764,-0.008292225229078224
1.2160651797603101,2894.21776531311,972763.5024019276,-0.0077347601292316265
1.2160651797603101,2894.21776531311,973257.4282866132,-0.00705695350098589
1.2160651797603101,2894.21776531311,973469.2832198939,-0.006849083539514977
1.2160651797603101,2894.21776531311,974208.6115426315,-0.006306831005912862
1.2160651797603101,2894.21776531311,974596.279695456,-0.006073033773023595
1.2160651797603101,2894.21776531311,974898.4856006339,-0.005976868072770077
1.2160651797603101,2894.21776531311,974006.8095153929,-0.0062945273395433095
1.2160651797603101,2894.21776531311,975493.872947554,-0.0060500348045274014
1.2160651797603101,2894.21776531311,976762.2319037929,-0.006078699506481518
1.2160651797603101,2894.21776531311,976873.4315742124,-0.006079997341664843
1.2160651797603101,2894.21776531311,976656.91802672,-0.006049135589923024
1.2160651797603101,2894.21776531311,977039.370728095,-0.006156181586269831
1.2160651797603101,2894.21776531311,977287.5582827767,-0.006252535829711419
1.2160651797603101,2894.21776531311,977066.4620333797,-0.006155042715846255
1.2160651797603101,2894.21776531311,976611.6549955372,-0.005933053012465905
1.2160651797603101,2894.21776531311,976977.875852284,-0.0062009646257196824
1.2160651797603101,2894.21776531311,977556.6421385115,-0.006516918083256864
1.2160651797603101,2894.21776531311,977920.0916583976,-0.006776762168833448
1.2160651797603101,2894.21776531311,978026.3077475402,-0.006865006129081551
1.2160651797603101,2894.21776531311,978052.981719443,-0.006885364112127193
1.2160651797603101,2894.21776531311,977287.5113557258,-0.006202199505239035
1.2160651797603101,2894.21776531311,977546.2682902402,-0.006417429824541933
1.2160651797603101,2894.21776531311,977523.1595257034,-0.006394271391494622
1.2160651797603101,2894.21776531311,975854.7790554388,-0.004614807580943428
1.2160651797603101,2894.21776531311,976437.2753969448,-0.005182340225603505
1.2160651797603101,2894.21776531311,977335.1157857772,-0.006104258982898512
1.2160651797603101,2894.21776531311,975966.8717792634,-0.004698544101975802
1.2160651797603101,2894.21776531311,975084.2933912971,-0.003709252629349158
1.2160651797603101,2889.74825813157,974069.706032343,-0.0025414188735847563
1.2160651797603101,2889.74825813157,973606.7374611727,-0.0020441386322464783
1.2160651797603101,2852.5975385061497,972336.3157150594,-0.0006054079443878133
1.2160651797603101,2846.68223240336,972230.7818271412,-0.0004866810538665362
1.2160651797603101,2846.68223240336,972294.9788937746,-0.000553893732569479
1.2160651797603101,2846.68223240336,971333.4906396273,0.0003114504237236273
1.2160651797603101,2846.68223240336,970862.4766298286,0.0007995793868480093
1.2160651797603101,2846.68223240336,970877.4272932243,0.0007848500169986014
1.2160651797603101,2846.68223240336,970549.1095296318,0.001077858446808242
1.2160651797603101,2846.68223240336,971120.0446732659,0.0006199974535360982
1.2160651797603101,2846.68223240336,970807.1012474782,0.0008981192263190039
1.2160651797603101,2846.68223240336,970435.8999250279,0.0012246029340228907
1.2160651797603101,2846.68223240336,969004.0384666728,0.0023082884506822597
1.2160651797603101,2846.68223240336,969100.5592324958,0.002248185364212934
1.2160651797603101,2846.68223240336,968736.9040524954,0.002450892848067651
1.2160651797603101,2846.68223240336,969098.1596580932,0.002280346853317117
1.2160651797603101,2846.68223240336,969655.9795882623,0.0020137638260319516
1.2160651797603101,2846.68223240336,969672.6949359163,0.002009040759551207
1.2160651797603101,2846.68223240336,968697.9304236417,0.0020858187920903657
1.2160651797603101,2846.68223240336,969175.4096553745,0.00201163159567854
1.2160651797603101,2846.68223240336,969191.9098627669,0.0020109280084375167
1.2160651797603101,2846.68223240336,970021.4899168841,0.002147998188184792
1.2160651797603101,2846.68223240336,969886.6439190678,0.0021111231703987592
1.2160651797603101,2846.68223240336,969546.5543787527,0.001909919900237243
1.2160651797603101,2846.68223240336,969533.3023997113,0.0019013853654975155
1.2160651797603101,2846.68223240336,970011.2098817887,0.002348548114337284
1.2160651797603101,2846.68223240336,970466.361928643,0.0028053572223273758
1.2160651797603101,2846.68223240336,970261.8035416941,0.0025476421079187166
1.2160651797603101,2846.68223240336,969928.0942451328,0.002000358836756849
1.2160651797603101,2846.68223240336,969355.0439826831,0.0008103432154095427
1.2160651797603101,2846.68223240336,968579.4498412551,-0.0008328912131923377
1.2160651797603101,2846.68223240336,968953.2416845058,0.00019693026178209681
1.2160651797603101,2846.68223240336,969130.5536576408,0.000775866248968759
1.2160651797603101,2846.68223240336,968884.2492530523,-0.00016080790892058103
1.2160651797603101,2846.68223240336,968880.710266569,-0.00017795973125626642
1.2160651797603101,2846.68223240336,968839.0824559691,-0.0004378792112695087
1.2160651797603101,2846.68223240336,968817.4058887876,-0.0005794423701914183
1.2160651797603101,2846.68223240336,968882.5012533172,0.0002974632660598931
1.2160651797603101,2846.68223240336,968891.2554404137,0.0004435135903312207
1.2160651797603101,2846.68223240336,968898.7485560324,0.000849660745833618
1.2160651797603101,2846.68223240336,968889.3928875506,0.0012626714776522488
1.2160651797603101,2846.68223240336,968918.4162192722,0.0006615579456552791
1.2160651797603101,2846.68223240336,968997.4518058398,-0.00022457914383096554
1.2160651797603101,2846.68223240336,969090.8607554617,-0.0008567213713872475
1.2160651797603101,2846.68223240336,969023.2006417242,-0.000490119034699749
1.2160651797603101,2846.68223240336,968962.7584242565,-0.00021483666006478762
1.2160651797603101,2846.68223240336,969173.9029039033,-0.0008744956115673044
1.2160651797603101,2846.68223240336,969360.3339569527,-0.001385712902921655
1.2160651797603101,2846.68223240336,969468.9848718443,-0.0016360130230563485
1.2160651797603101,2846.68223240336,970199.8304467284,-0.003116970950778325
1.2160651797603101,2846.68223240336,969916.9955451705,-0.0026209906209978574
1.2160651797603101,2846.68223240336,970737.0826558166,-0.003711492501829841
1.2160651797603101,2846.68223240336,971297.5439847157,-0.004342064512271046
1.2160651797603101,2846.68223240336,971522.1433703394,-0.004554141054620667
1.2160651797603101,2846.68223240336,972304.3068049985,-0.005197476599127626
1.2160651797603101,2846.68223240336,972470.2360452946,-0.00529340746317608
1.2160651797603101,2846.68223240336,972696.6713229131,-0.005393315957247825
1.2160651797603101,2846.68223240336,972519.2587296139,-0.0053254102767309585
1.2160651797603101,2846.68223240336,973124.2270392863,-0.005391713639009176
1.2160651797603101,2846.68223240336,973618.616804616,-0.0053088880170795855
1.2160651797603101,2846.68223240336,975105.8419605064,-0.005066692814707344
1.2160651797603101,2846.68223240336,975387.9166230118,-0.0050025654866664255
1.2160651797603101,2846.68223240336,976484.0612191965,-0.004767539834712654
1.2160651797603101,2846.68223240336,976978.8472265473,-0.0045705823985138895
1.2160651797603101,2846.68223240336,977852.8817595553,-0.004107691461770611
1.2160651797603101,2846.68223240336,977938.4411642757,-0.004047725363766557
1.2160651797603101,2846.68223240336,978697.1409914022,-0.0035701745256375844
1.2160651797603101,2846.68223240336,979774.9188359589,-0.0027898897379815845
1.2160651797603101,2846.68223240336,980542.6914569386,-0.002240521396135041
1.2160651797603101,2846.68223240336,980799.1816237237,-0.002022814511303619
1.2160651797603101,2846.68223240336,980905.5021368377,-0.0019209105837502771
1.2160651797603101,2858.8877029986,983581.8240062481,0.0007557651364338339
1.2160651797603101,2858.8877029986,983849.7666686111,0.0010025676827854495
1.2160651797603101,2858.8877029986,982823.8592136749,-2.24422167020099e-05
1.2160651797603101,2858.8877029986,983487.4754886536,0.0006365843939948567
1.2160651797603101,2858.8877029986,982945.4659990583,7.633083524945929e-05
1.2160651797603101,2858.8877029986,983122.951180504,0.0002676839061321803
1.2160651797603101,2858.8877029986,984044.9564425898,0.0012041832968786937
1.2160651797603101,2858.8877029986,984126.1370957844,0.0012970810473375823
1.2160651797603101,2858.8877029986,983183.6330360946,0.0003053041022193955
1.2160651797603101,2858.8877029986,982806.0275561813,-7.093858995284916e-05
1.2160651797603101,2858.8877029986,984161.6917881634,0.0013804058310052125
1.2160651797603101,2858.8877029986,984485.159755614,0.0017109802331782913
1.2160651797603101,2858.8877029986,983531.2903426375,0.0007507613135586081
1.2160651797603101,2858.8877029986,983237.4199155365,0.00047776442870646783
1.2160651797603101,2858.8877029986,983885.37111497,0.0010406861294700422
1.2160651797603101,2858.8877029986,984229.5421489078,0.001363392742000958
1.2160651797603101,2858.8877029986,983504.912453281,0.0007178136997444456
1.2160651797603101,2858.8877029986,984727.7256168727,0.0017474579463800674
1.2160651797603101,2858.8877029986,984906.6221001337,0.001887029728690875
1.2160651797603101,2858.8877029986,985528.740960344,0.0023109400616879703
1.2160651797603101,2858.8877029986,985390.1371921656,0.0022193200876191037
1.2160651797603101,2858.8877029986,985233.5637851738,0.002129849961500288
1.2160651797603101,2858.8877029986,985088.3487061025,0.002056417478055006
1.2160651797603101,2858.8877029986,985804.7022116765,0.0023811270923258833
1.2160651797603101,2858.8877029986,985449.9195455523,0.0022914774911938357
1.2160651797603101,2858.8877029986,985447.721648164,0.002290750866283614
1.2160651797603101,2858.8877029986,985167.533432475,0.0022540913376460675
1.2160651797603101,2858.8877029986,985436.5250945396,0.002268885658586353
1.2160651797603101,2858.8877029986,986475.1168806085,0.0020006565225985026
1.2160651797603101,2858.8877029986,986358.7111953388,0.0020432439120006115
1.2160651797603101,2858.8877029986,986114.8684188225,0.002119399581904274
1.2160651797603101,2858.8877029986,985948.1675730996,0.002217528968178611
1.2160651797603101,2858.8877029986,986579.4207278964,0.0017721651862589157
1.2160651797603101,2858.8877029986,986382.3331595833,0.0019646563628955027
1.2160651797603101,2858.8877029986,985933.1798577235,0.002531889241368581
1.2160651797603101,2858.8877029986,985767.426317624,0.0027721523620821303
1.2160651797603101,2858.8877029986,985439.8606381884,0.0033011891092708415
1.2160651797603101,2858.8877029986,984851.2914100888,0.004388544107226192
1.2160651797603101,2858.8877029986,984538.4545203783,0.005074988795317608
1.2160651797603101,2858.8877029986,984147.5126342879,0.006101861307192533
1.2160651797603101,2858.8877029986,984083.0050337937,0.006320654851206349
1.2160651797603101,2858.8877029986,983960.9438189694,0.006771725181630777
1.2160651797603101,2858.8877029986,983907.5590800545,0.007072601558609606
1.2160651797603101,2858.8877029986,983958.1593025458,0.006771399118904391
1.2160651797603101,2858.8877029986,983748.9832408093,0.008220002935057643
1.2160651797603101,2858.8877029986,983730.7119316508,0.008448782876506107
0.8854003039941607,2858.8877029986,983707.429195738,0.00969235438122295
-0.08476737207839458,2858.8877029986,983707.5821866755,0.009742157096588816
-7.23446636996464,2858.8877029986,983736.2547495535,0.010744680815923639
-13.79434241927194,2858.8877029986,983771.9913760399,0.011705027167063176
-13.79434241927194,2858.8877029986,983740.8300332567,0.01134729558231153
-13.79434241927194,2858.8877029986,983653.1825912746,0.01070479706596799
-13.79434241927194,2858.8877029986,984004.5985479291,0.01266477312352113
-13.79434241927194,2858.8877029986,984055.3132931454,0.012858516571379201
-13.79434241927194,2858.8877029986,984277.0863636085,0.013665067071491873
-13.79434241927194,2858.8877029986,984451.7949367114,0.0141252720914688
-13.79434241927194,2858.8877029986,984641.2415661665,0.014518239028561959
-13.79434241927194,2858.8877029986,984791.6449755366,0.01485217046302892
-13.79434241927194,2858.8877029986,984423.1307986306,0.014294292792051282
-13.79434241927194,2858.8877029986,984275.1377340443,0.014085350997314288
-13.79434241927194,2858.8877029986,984697.9575309363,0.014530681496078732
-13.79434241927194,2858.8877029986,984758.1914836874,0.014583008845112072
-13.79434241927194,2858.8877029986,984704.2981154609,0.014553117841440236
-13.79434241927194,2858.8877029986,984863.3800800857,0.014626633522691657
-13.79434241927194,2858.8877029986,984338.0620512698,0.014462827531966762
-13.79434241927194,2858.8877029986,985394.2655542997,0.014772730451872232
-13.79434241927194,2858.8877029986,985158.262292567,0.01478139693279508
-13.79434241927194,2858.8877029986,984932.183662163,0.014822784791737428
-13.79434241927194,2858.8877029986,985902.0647918527,0.014654173999021943
-13.79434241927194,2858.8877029986,986738.1515633881,0.014451707324657176
-13.79434241927194,2858.8877029986,986023.557723115,0.01464994605618634
-13.79434241927194,2858.8877029986,986316.7341408235,0.014511941055291874
-13.79434241927194,2858.8877029986,987250.2094573585,0.01401436247922838
-13.79434241927194,2858.8877029986,988649.9564973834,0.01318722522987091
-13.79434241927194,2858.8877029986,988021.2223461927,0.013644562646929866
-13.79434241927194,2858.8877029986,988916.7691908998,0.013027401163397304
-13.79434241927194,2858.8877029986,988954.5438431196,0.012998532320466502
-13.79434241927194,2858.8877029986,988985.6694862617,0.012971828099876218
-13.79434241927194,2858.8877029986,989237.510968718,0.012769842163308056
-13.79434241927194,2858.8877029986,989395.2162009459,0.012633905835233898
-13.79434241927194,2858.8877029986,989546.8067004137,0.012501443385765993
-13.79434241927194,2858.8877029986,989290.9018144932,0.012755673039458345
-13.79434241927194,2858.8877029986,989134.0134970414,0.012904825603376628
-13.79434241927194,2858.8877029986,989349.517692822,0.01268230528865755
-13.79434241927194,2858.8877029986,988566.6459934387,0.013499096830249297
-13.79434241927194,2858.8877029986,989593.9505087954,0.012460027820858473
-13.79434241927194,2868.31413920704,990047.1539983557,0.011966438045907624
-13.79434241927194,2885.12739343213,990674.6506471671,0.011267510695972958
-13.79434241927194,2885.12739343213,991324.7779286104,0.010573432332764724
-13.79434241927194,2885.12739343213,991910.931154161,0.009951263546221285
-13.79434241927194,2885.12739343213,991166.0995632595,0.010725383829224278
-13.79434241927194,2885.12739343213,991110.6556602513,0.010781977611688545
-13.79434241927194,2885.12739343213,992746.344738242,0.009281253849276052
-13.79434241927194,2885.12739343213,993118.6571333827,0.008913165394718
-13.79434241927194,2885.12739343213,992105.2679956352,0.00980045156154608
-13.79434241927194,2885.12739343213,992521.939892175,0.009441104795153797
-13.79434241927194,2885.12739343213,993281.915554553,0.008784704343357977
-13.79434241927194,2885.12739343213,993128.92206493,0.00890947832145223
-13.79434241927194,2885.12739343213,992438.0406441235,0.009435780976705974
-13.79434241927194,2885.12739343213,992340.2971251507,0.009494109340584799
-13.79434241927194,2885.12739343213,992325.486733751,0.009502884782390347
-13.79434241927194,2885.12739343213,992381.2227219151,0.009475328294301451
-13.79434241927194,2885.12739343213,992603.6094932841,0.00936620542705682
-13.79434241927194,2885.12739343213,991400.8246091465,0.009830526411212424
-13.79434241927194,2885.12739343213,991266.6335737087,0.009863814900147943
-13.79434241927194,2885.12739343213,991794.3676075336,0.009860236481473121
-13.79434241927194,2885.12739343213,990488.6868538342,0.009908381014069515
-13.79434241927194,2885.12739343213,989919.0222181546,0.00988547130311501
-13.79434241927194,2885.12739343213,989402.8657462649,0.009819144196947335
-13.79434241927194,2885.12739343213,989423.6848277972,0.009825245908841112
-13.79434241927194,2885.12739343213,989943.0013714402,0.010114391123396816
-13.79434241927194,2885.12739343213,990069.6388582923,0.010192853311939106
-13.79434241927194,2885.12739343213,989779.0298666841,0.009936813247774208
-13.79434241927194,2885.12739343213,989720.9225276049,0.009884821692590367
-13.79434241927194,2885.12739343213,990097.7380565545,0.010334202310560295
-13.79434241927194,2885.12739343213,990402.0446119341,0.010828912404775307
-13.79434241927194,2885.12739343213,990552.7791413559,0.011171427830684127
-13.79434241927194,2885.12739343213,990698.5758316215,0.011528514305796074
-13.79434241927194,2885.12739343213,990555.2145774884,0.011166471976216036
-13.79434241927194,2885.12739343213,990313.7412606557,0.010372980724046804
-13.79434241927194,2885.12739343213,990383.8951002065,0.010654798013118177
-13.79434241927194,2885.12739343213,990348.3703647773,0.010481908243869603
-13.79434241927194,2885.12739343213,990328.8383140349,0.010355898556068957
-13.79434241927194,2885.12739343213,990133.9139391191,0.008737687155762659
-13.79434241927194,2885.12739343213,990046.4645030972,0.007481170037801559
-0.6927715602526896,2885.12739343213,989988.0332062199,0.005925383415446815
6.445034253596775,2885.12739343213,989982.641537791,0.004541798106251516
