5.0,13.0,10.276041666666666,0.6153255103324996
5.0,13.0,9.604166666666666,0.6562064683650223
5.0,13.0,9.055555555555555,0.7335947893050772
5.0,12.0,9.914930555555554,0.7045950876844883
5.0,13.0,10.270833333333334,0.6370360634252056
5.0,13.0,9.805555555555557,0.6673433720949177
5.0,13.0,9.526041666666666,0.7040203925653854
5.0,13.0,9.555555555555557,0.740253179999767
5.0,13.0,9.331597222222221,0.776435646773666
5.0,19.0,14.873263888888888,1.872949205821218
5.0,19.0,17.289930555555554,1.601509179028307
5.0,19.0,17.82638888888889,1.4689541449649182
5.0,19.0,19.539930555555554,1.2194667694803667
5.0,21.0,27.664930555555554,1.2983750936474618
5.5,21.0,29.722222222222218,1.0818381556602152
5.5,21.0,30.651041666666668,0.947819817297724
5.5,21.0,30.722222222222225,0.9664568777314161
5.5,21.0,30.734375,0.9434173287707738
6.0,21.0,30.484375,0.8331098066040525
6.5,21.0,29.5,0.7239773266183425
6.5,21.0,29.993055555555554,0.737645919042454
7.5,21.0,28.498263888888886,0.6894419199128675
7.5,21.0,30.833333333333332,0.5986777921466165
7.5,21.0,31.493055555555554,0.6014122763389731
7.5,21.0,33.70659722222223,0.5504905290282661
7.5,21.0,35.24305555555556,0.507636679551686
7.5,21.0,34.47222222222222,0.508535015045405
6.5,21.0,36.24826388888889,0.6073369021973029
6.5,21.0,35.20659722222222,0.6388789283007255
6.5,21.0,36.638888888888886,0.6057595686753102
6.5,21.0,37.65972222222222,0.5805407477345279
6.5,21.0,38.333333333333336,0.5877725895948058
5.0,21.0,38.97222222222223,0.6425295557415931
4.0,21.0,33.276041666666664,0.7691656416070662
4.0,21.0,31.354166666666668,0.96277345860049
3.5,21.0,31.743055555555554,1.0898664989197648
3.5,21.0,30.805555555555557,1.138972529335935
3.0,16.0,20.243055555555557,0.8779219731671855
3.0,12.0,14.914930555555555,0.6141787538681811
3.0,11.0,12.873263888888888,0.6927549893446595
3.0,11.0,12.659722222222221,0.8043331235212259
3.0,11.0,12.659722222222221,0.8043331235212261
3.0,15.0,16.331597222222225,1.1667897678343284
3.0,15.0,14.326388888888888,1.3059060134797427
3.0,15.0,14.331597222222223,1.3380064461356895
2.5,15.0,13.104166666666666,1.6265109804171611
2.5,15.0,13.104166666666666,1.6265109804171611
2.5,15.0,13.104166666666666,1.6265109804171611
2.5,15.0,13.104166666666666,1.6265109804171611
2.5,15.0,13.104166666666666,1.6265109804171611
2.0,15.0,13.493055555555555,1.6637006472461635
2.0,15.0,13.493055555555555,1.6637006472461635
2.0,15.0,13.833333333333334,1.6472117967554478
2.5,15.0,13.472222222222223,1.6011583856304166
2.5,15.0,13.248263888888888,1.626235897153016
2.5,15.0,13.248263888888888,1.6262358971530162
2.5,15.0,13.270833333333334,1.5882098520259662
3.0,15.0,13.206597222222223,1.5670954091239098
2.5,15.0,13.248263888888891,1.6262358971530153
2.5,15.0,13.104166666666666,1.6265109804171611
2.5,15.0,11.493055555555555,1.8211982779387423
2.0,15.0,11.873263888888886,1.813448378652473
2.0,15.0,11.289930555555555,2.0986534306261118
2.0,15.0,11.159722222222221,1.983810762967124
2.0,15.0,11.498263888888891,1.9809690289624113
2.0,15.0,10.416666666666666,2.3869970959345554
2.0,6.0,3.7899305555555554,0.585222446463472
2.0,10.0,5.748263888888888,1.4407890971189272
2.0,10.0,7.07638888888889,1.248328639342963
2.0,10.0,7.081597222222221,1.2005741216837196
2.0,10.0,7.081597222222221,1.2005741216837196
1.5,10.0,7.3055555555555545,1.2529473638735897
2.0,10.0,7.07638888888889,1.248328639342963
2.0,10.0,7.076388888888889,1.2483286393429631
2.0,10.0,7.076388888888889,1.2483286393429631
2.0,10.0,7.076388888888889,1.2483286393429631
2.0,10.0,7.076388888888889,1.2483286393429631
1.5,10.0,7.1875,1.3671331362549297
1.5,10.0,7.1875,1.3671331362549297
1.0,10.0,7.388888888888888,1.380024520863343
1.0,10.0,7.416666666666667,1.5224112312985387
0.5,10.0,7.526041666666667,1.6079699796987665
0.5,10.0,7.526041666666667,1.6079699796987665
0.5,10.0,7.706597222222221,1.4803956437557209
0.0,10.0,7.123263888888888,1.7865939942702296
0.5,10.0,7.0555555555555545,1.6869668083812932
0.5,10.0,7.206597222222222,1.5175719513814248
0.5,10.0,6.831597222222221,1.768062003710168
0.5,10.0,6.831597222222221,1.768062003710168
0.5,10.0,6.9930555555555545,1.5906546663973802
0.5,10.0,6.8055555555555545,1.7314858741222863
0.5,8.0,4.401041666666667,1.3136764631742224
0.5,9.0,4.972222222222222,1.5717015023007184
0.5,9.0,5.6649305555555545,1.3788519946428488
1.0,9.0,5.526041666666667,1.3432435206698743
1.5,9.0,5.7430555555555545,1.118719794271203
1.5,9.0,5.776041666666667,1.0594477404388614
2.0,9.0,5.706597222222222,0.9186767785788388
2.0,9.0,5.998263888888888,0.7239724908127562
2.0,9.0,5.998263888888888,0.7239724908127563
2.0,9.0,5.998263888888889,0.723972490812756
2.0,9.0,5.826388888888889,0.7422418563471943
2.5,9.0,5.722222222222222,0.6703518613232946
3.0,9.0,5.472222222222222,0.5721463608166141
3.0,9.0,5.472222222222221,0.5721463608166142
3.0,9.0,5.276041666666667,0.6069431715380665
3.0,9.0,5.276041666666667,0.6069431715380665
2.5,9.0,5.354166666666667,0.7289706374228315
2.5,9.0,5.164930555555556,0.7691886131635576
2.0,9.0,5.472222222222222,0.7949290145859162
2.0,9.0,5.409722222222221,0.907446225914465
2.0,9.0,5.520833333333333,0.7251194633491852
2.5,9.0,5.2430555555555545,0.6437110205394899
2.5,9.0,5.192708333333333,0.7034813526751159
3.0,9.0,5.159722222222222,0.657590892851565
3.0,9.0,5.026041666666667,0.7110277784629214
3.0,6.0,3.8541666666666665,0.1528114895920832
3.0,6.0,3.4010416666666665,0.16005720515046346
3.0,6.0,3.4010416666666665,0.16005720515046346
3.0,6.0,3.4010416666666665,0.16005720515046346
2.5,6.0,3.4982638888888893,0.2595222062262644
2.0,6.0,3.6510416666666665,0.38915234819724087
2.0,6.0,3.081597222222222,0.4202343705960566
2.0,6.0,3.0815972222222228,0.42023437059605645
2.0,6.0,3.081597222222222,0.4202343705960566
2.0,6.0,3.1388888888888893,0.2530788884854983
2.0,6.0,3.331597222222222,0.34813758005189804
2.0,6.0,3.373263888888889,0.5035820683256866
2.0,6.0,3.331597222222222,0.34813758005189804
2.0,6.0,3.2708333333333335,0.30111837273966735
2.0,6.0,3.2708333333333335,0.30111837273966735
2.0,6.0,3.7482638888888893,0.2353914019015078
2.0,6.0,3.6666666666666665,0.19583736295016008
2.0,6.0,3.409722222222222,0.1854807843373453
2.5,6.0,3.4722222222222228,0.06582984125759402
2.5,6.0,3.243055555555556,0.12148289961611303
2.0,6.0,3.1666666666666665,0.24400525091207292
2.0,6.0,3.248263888888889,0.18863165572063267
2.0,6.0,3.248263888888889,0.18863165572063267
2.0,6.0,3.164930555555556,0.31263205168459096
2.0,8.0,3.914930555555556,0.7772861812989866
2.0,8.0,4.159722222222222,0.8126758649875577
2.0,8.0,4.164930555555555,0.7512210600691329
2.0,8.0,3.9565972222222228,0.9599355127552036
2.0,8.0,4.104166666666667,0.9208282253230193
2.0,8.0,4.104166666666667,0.9208282253230193
2.0,8.0,4.305555555555555,0.9244795372658445
2.0,8.0,4.305555555555556,0.9244795372658441
2.0,8.0,4.305555555555556,0.9244795372658441
2.0,8.0,4.333333333333333,1.0808650381843383
2.0,12.0,8.083333333333334,1.71874466569794
2.0,12.0,7.826388888888888,1.7441838235044191
2.0,12.0,8.539930555555555,1.5409122506379422
2.0,12.0,9.243055555555555,1.2803060099992878
2.0,12.0,9.206597222222221,1.2478692366462798
2.0,12.0,8.831597222222223,1.4505383348667762
2.0,12.0,8.9375,1.458452848222157
2.0,12.0,8.9375,1.458452848222157
2.0,12.0,8.888888888888891,1.5505733881475106
2.0,12.0,8.993055555555555,1.5998880591467224
2.0,12.0,9.055555555555557,1.504905660876417
2.0,12.0,9.206597222222221,1.442237842403292
2.0,12.0,9.206597222222221,1.442237842403292
2.0,12.0,9.1875,1.4060639208835783
2.0,12.0,8.0,1.7290970508702295
2.0,12.0,7.805555555555556,1.6512333783710995
2.0,12.0,8.081597222222223,1.664896649476959
2.0,12.0,8.206597222222221,1.4850938755079655
2.0,12.0,8.206597222222221,1.4850938755079657
2.0,12.0,8.206597222222221,1.4850938755079655
2.0,12.0,7.914930555555556,1.5155541711082623
2.0,12.0,7.914930555555556,1.5155541711082623
2.0,12.0,7.914930555555556,1.5155541711082618
2.0,12.0,7.609375,1.5592966442974574
2.0,7.0,3.998263888888889,0.764802696566654
2.0,7.0,3.998263888888889,0.764802696566654
2.0,7.0,3.1232638888888893,0.6855481686367427
2.0,5.0,2.1927083333333335,0.1696320250365735
2.0,5.0,2.1927083333333335,0.1696320250365735
2.0,5.0,2.373263888888889,0.20375117205106688
2.0,5.0,2.5,0.18973665961010278
2.0,6.0,3.1388888888888893,0.33133354479351507
2.0,7.0,4.067708333333333,0.4870919594695692
2.0,7.0,3.993055555555556,0.45155156240672983
2.0,7.0,3.993055555555556,0.45155156240672983
2.0,7.0,3.993055555555556,0.45155156240672983
2.0,7.0,4.498263888888889,0.4007226328945271
2.0,7.0,4.743055555555555,0.4758621923757673
2.0,7.0,4.833333333333333,0.36467130027330014
2.0,7.0,4.743055555555556,0.47586219237576727
2.0,7.0,4.5,0.45830995076905856
2.0,7.0,4.456597222222222,0.6236423485899222
2.0,7.0,4.234375,0.6092499694572986
2.0,7.0,4.243055555555556,0.4530240460046831
2.0,7.0,4.5,0.45830995076905856
2.0,7.0,4.5,0.45830995076905856
2.0,7.0,4.5,0.45830995076905856
2.0,7.0,4.498263888888889,0.400722632894527
2.0,7.0,4.498263888888888,0.40072263289452703
2.0,7.0,4.748263888888889,0.4187987018180886
2.0,7.0,4.817708333333333,0.5108830085678424
2.0,7.0,4.805555555555555,0.5686762902445077
2.0,7.0,5.331597222222222,0.4899039186372824
2.0,7.0,5.305555555555556,0.3280709990488154
2.0,7.0,5.020833333333333,0.31388080471443863
2.0,7.0,4.567708333333333,0.390937247989073
2.0,6.0,3.7430555555555554,0.36807878428973756
2.0,11.0,6.6649305555555545,1.2475660834809086
2.0,11.0,6.901041666666667,1.3206194270127862
2.0,11.0,6.7430555555555545,1.389751512205399
2.0,11.0,6.2430555555555545,1.6533474060222089
2.0,11.0,5.998263888888888,1.6429299685747831
2.0,11.0,5.9149305555555545,1.7711619694472651
2.0,11.0,5.916666666666667,1.7197271562150158
2.0,11.0,5.993055555555556,1.5947314083051507
2.0,11.0,5.817708333333333,1.6549465696081407
2.0,11.0,6.081597222222222,1.6002483160593917
2.0,11.0,6.0555555555555545,1.7777189956791415
2.0,11.0,6.0555555555555545,1.7777189956791415
2.0,11.0,6.0555555555555545,1.7777189956791415
2.0,11.0,6.0555555555555545,1.7777189956791415
2.0,11.0,6.248263888888888,1.811578846172516
2.0,11.0,6.442708333333333,1.8013009127705473
2.0,11.0,6.248263888888888,1.8115788461725162
2.0,11.0,6.1875,1.7928250320684531
2.0,11.0,6.3055555555555545,1.65726155513156
2.0,11.0,5.722222222222222,1.976218933255302
2.0,11.0,5.416666666666667,2.2805504450178864
2.0,11.0,5.57638888888889,2.263872456868961
2.0,11.0,5.526041666666667,2.343985503385196
2.0,11.0,5.706597222222221,2.158253130345856
1.5,4.0,2.25,0.4444444444444444
2.0,5.0,2.623263888888889,0.41859224751121976
2.0,8.0,4.026041666666667,1.1929212814119905
2.0,8.0,5.526041666666667,1.1586114361184299
2.0,8.0,5.831597222222222,1.033516198129074
2.0,8.0,6.138888888888889,0.8650389504694659
1.5,8.0,6.331597222222221,0.9410027535406115
1.5,8.0,6.7899305555555545,0.8662063114772293
1.5,8.0,6.9375,0.8636482664054269
1.5,8.0,6.9375,0.8636482664054269
1.5,8.0,6.9375,0.8636482664054269
1.5,8.0,6.9375,0.8636482664054269
1.5,8.0,6.9375,0.8636482664054269
1.5,8.0,6.9375,0.8636482664054269
1.5,8.0,6.9375,0.8636482664054269
2.0,8.0,6.722222222222222,0.8362029102837157
1.5,8.0,6.9375,0.8636482664054269
0.5,8.0,7.138888888888889,0.8961114104471851
0.0,8.0,7.166666666666667,1.0424474897269234
0.0,8.0,7.206597222222222,1.0782088807438117
0.0,8.0,7.206597222222222,1.0782088807438117
0.5,8.0,8.456597222222223,0.8892058944548294
0.5,8.0,8.567708333333334,0.7948562485010727
0.0,8.0,8.664930555555555,0.92266226323322
0.0,8.0,8.664930555555555,0.92266226323322
0.0,8.0,8.373263888888891,1.1038229026928843
0.0,8.0,6.831597222222221,1.292030663784041
0.0,10.0,8.026041666666666,1.5013075166876602
0.0,10.0,9.166666666666666,1.4052301147612822
0.0,14.0,14.651041666666666,1.664425321896427
0.5,14.0,14.659722222222221,1.522921606124406
0.5,14.0,14.159722222222223,1.7059109034553974
1.0,14.0,13.916666666666666,1.6950395443072868
1.0,14.0,13.916666666666666,1.6950395443072868
1.0,14.0,13.659722222222221,1.6882289293905621
1.5,14.0,13.373263888888888,1.654927276708229
1.5,14.0,13.373263888888891,1.6549272767082281
1.5,14.0,13.373263888888888,1.6549272767082293
1.5,14.0,13.373263888888888,1.654927276708229
1.0,14.0,13.472222222222223,1.666882463908545
1.0,14.0,13.289930555555557,1.6793323911457383
1.0,14.0,13.104166666666666,1.6937058447357316
1.0,14.0,13.104166666666666,1.6937058447357316
1.5,14.0,13.373263888888891,1.5055634197900962
2.0,14.0,13.359375,1.3846907833327042
1.5,14.0,12.664930555555557,1.6466262115196426
1.5,14.0,12.664930555555557,1.6466262115196426
2.0,14.0,12.706597222222223,1.4781819509883976
2.0,14.0,12.331597222222221,1.4315514164703276
2.0,14.0,12.555555555555557,1.4078553792435495
2.0,14.0,12.909722222222221,1.3928134847507914
2.0,14.0,10.854166666666666,1.7241791065485663
2.0,14.0,12.526041666666666,1.6765232278480702
2.0,11.0,7.248263888888888,1.3398281270451413
2.0,11.0,7.248263888888888,1.3398281270451415
2.0,11.0,7.248263888888889,1.339828127045141
2.0,11.0,7.331597222222222,1.2325837975203664
2.0,11.0,7.067708333333333,1.2442460221955391
2.0,11.0,7.159722222222221,1.2582551446162724
1.5,11.0,7.414930555555556,1.2959414142707815
1.5,11.0,7.4149305555555545,1.295941414270782
1.5,11.0,7.25,1.3190772298094027
1.5,11.0,7.081597222222221,1.3465165454331534
2.0,11.0,6.9930555555555545,1.3327952437903678
2.0,11.0,7.331597222222221,1.1023210820967604
2.0,11.0,7.192708333333333,1.053598602180895
2.5,11.0,7.831597222222221,0.8694067700073376
2.5,11.0,7.831597222222221,0.8694067700073376
2.5,11.0,7.692708333333333,0.9719722370345387
3.0,11.0,7.2899305555555545,0.9342289417529541
3.0,11.0,7.270833333333333,0.9834649834175326
3.0,11.0,6.942708333333333,1.149025443642168
3.0,11.0,6.942708333333333,1.149025443642168
3.0,11.0,6.539930555555556,1.138696388216958
3.0,11.0,6.081597222222221,1.166831050052914
3.0,11.0,6.081597222222221,1.166831050052914
3.0,8.0,3.659722222222222,0.5238854200694352
3.0,8.0,3.972222222222222,0.4643189901717697
3.0,8.0,4.1649305555555545,0.45250281821542776
3.0,8.0,4.1649305555555545,0.45250281821542776
3.0,8.0,4.270833333333333,0.4000916886833101
3.0,8.0,4.270833333333333,0.4000916886833101
3.0,8.0,4.498263888888888,0.32890343178237974
3.0,8.0,4.498263888888889,0.32890343178237963
3.0,8.0,4.498263888888888,0.3289034317823797
3.0,8.0,4.722222222222222,0.27294930485450564
3.0,8.0,4.722222222222222,0.27294930485450564
3.0,8.0,4.972222222222222,0.11942259023857711
3.0,8.0,4.859375,0.2848003023367479
3.0,8.0,5.039930555555556,0.3457147768591703
3.0,11.0,6.638888888888889,1.0138435011150224
3.0,11.0,6.638888888888889,1.0138435011150224
3.0,11.0,6.770833333333333,0.9028271662536668
3.0,11.0,7.0555555555555545,0.7998826366288807
2.5,11.0,7.270833333333333,0.8304461205195048
3.0,11.0,7.289930555555557,0.7818109735849172
3.0,11.0,7.567708333333333,0.6873063794382916
3.0,11.0,7.567708333333333,0.6873063794382916
2.0,11.0,7.770833333333333,0.7689105841399189
3.0,11.0,8.248263888888888,0.5813154142222744
4.0,11.0,8.638888888888891,0.4073264247249009
4.0,11.0,8.87326388888889,0.387687933819795
4.0,11.0,8.651041666666666,0.46807436137030006
4.0,11.0,8.651041666666666,0.46807436137030006
4.0,11.0,9.748263888888891,0.44004701107845245
4.0,11.0,9.609375,0.3770119976940401
4.0,11.0,9.609375,0.3770119976940401
4.0,11.0,9.326388888888888,0.4037233312578435
4.0,11.0,8.833333333333334,0.4380371165926534
4.0,11.0,8.833333333333334,0.4380371165926534
4.0,11.0,8.623263888888888,0.4428339302644516
4.0,11.0,9.081597222222223,0.547233887994428
4.0,11.0,9.354166666666666,0.5166584146243351
4.0,11.0,9.026041666666666,0.4521737527987137
4.0,9.0,7.99826388888889,0.21218447711047747
4.0,9.0,8.909722222222223,0.25924931120935846
4.0,10.0,10.359375,0.2920666582186846
4.0,11.0,12.138888888888891,0.36430167005168895
4.0,11.0,11.748263888888888,0.24316580232831608
4.0,11.0,11.833333333333334,0.2732998366706471
4.0,16.0,17.076388888888886,0.750170319591142
4.0,24.0,31.520833333333332,1.4870211756724903
5.0,24.0,32.520833333333336,1.2649516882734
5.0,24.0,36.317708333333336,1.061313780121477
4.0,24.0,38.055555555555564,1.079779308353092
4.0,24.0,38.47222222222222,1.1363973773855405
4.0,24.0,38.47222222222222,1.1363973773855407
4.0,24.0,38.859375,1.1282287339511985
3.5,24.0,39.138888888888886,1.2401412153007139
3.0,24.0,40.388888888888886,1.230489287891463
3.0,24.0,40.388888888888886,1.230489287891463
3.0,24.0,40.817708333333336,1.217879616338687
3.0,24.0,41.58159722222222,1.2029908392493922
3.0,24.0,41.58159722222222,1.2029908392493922
3.0,24.0,42.33159722222222,1.1905633797710071
3.0,24.0,42.33159722222222,1.1905633797710071
3.0,24.0,41.58159722222222,1.2029908392493922
3.0,24.0,41.75,1.2130953429786648
2.5,24.0,41.664930555555564,1.3391768341754964
2.0,24.0,42.05555555555556,1.464319159902648
2.0,24.0,40.998263888888886,1.635207195177531
2.0,24.0,39.90972222222223,1.8605969487495528
1.5,24.0,40.38888888888889,1.9334636949092838
1.5,24.0,40.40972222222222,1.8929903057729602
0.5,24.0,34.520833333333336,2.3645669127395283
0.5,16.0,15.909722222222223,2.3275965195622064
0.5,16.0,11.039930555555555,3.0965953571057496
0.5,5.0,2.7482638888888893,0.6218531624496295
1.5,5.0,3.1388888888888893,0.5111527550332107
0.5,5.0,3.1649305555555554,0.6641921512283222
0.5,5.0,2.914930555555556,0.7744116349639002
0.5,5.0,2.914930555555556,0.7744116349639002
0.0,5.0,2.984375,0.8660165171196209
0.5,5.0,2.909722222222222,0.8476437739340449
0.5,5.0,2.909722222222222,0.8476437739340449
0.5,5.0,2.909722222222222,0.8476437739340449
0.5,5.0,2.909722222222222,0.8476437739340449
0.5,5.0,2.909722222222222,0.8476437739340449
0.5,5.0,2.909722222222222,0.8476437739340449
1.0,5.0,2.8333333333333335,0.7600838491673881
0.5,5.0,2.909722222222222,0.8476437739340449
0.0,5.0,2.873263888888889,1.0271773353478897
0.0,5.0,2.914930555555556,1.1307590136713401
0.0,5.0,2.873263888888889,1.0271773353478897
0.0,5.0,2.7708333333333335,1.1179396524327998
0.5,5.0,2.706597222222222,1.1001070561611948
1.0,5.0,2.6388888888888893,1.0864570759975423
0.5,5.0,2.109375,1.2508301769973584
0.5,5.0,2.109375,1.2508301769973584
0.5,5.0,1.9097222222222223,1.2713911097177264
0.5,6.0,2.8541666666666665,1.4193030689746533
0.0,6.0,2.576388888888889,1.738323736757621
0.0,6.0,1.9427083333333333,2.16247085483253
0.0,7.0,3.388888888888889,1.9984652794467404
0.0,7.0,3.4097222222222228,2.1013189749853267
0.0,7.0,3.4427083333333335,2.0088386815079375
0.0,7.0,3.4427083333333335,2.0088386815079375
0.0,7.0,3.493055555555556,2.0233817817410626
0.0,7.0,3.4427083333333335,2.0088386815079375
0.0,7.0,3.4149305555555554,1.911846645237811
0.0,7.0,3.4149305555555554,1.911846645237811
0.5,7.0,3.373263888888889,1.8263694479861001
1.0,7.0,3.3177083333333335,1.7523959742948287
0.5,7.0,3.373263888888889,1.8263694479861001
0.5,7.0,3.373263888888889,1.8263694479861001
1.0,7.0,3.581597222222222,1.5398391306485313
1.0,7.0,3.5763888888888893,1.3863017908687445
1.0,7.0,4.748263888888888,1.2582138688423457
1.0,7.0,4.805555555555556,1.185694459876107
1.5,7.0,4.776041666666667,1.141826404825441
2.0,7.0,4.743055555555555,1.099065751121709
2.0,7.0,4.583333333333333,1.0700821850656572
2.0,7.0,4.409722222222221,1.0507767508101267
2.0,7.0,4.539930555555556,1.139830086106854
2.0,7.0,3.831597222222222,1.3593676492484452
2.0,7.0,3.831597222222222,1.3593676492484452
2.0,7.0,4.083333333333333,1.1210357996509934
2.0,7.0,4.083333333333333,1.1210357996509934
2.0,7.0,4.520833333333333,0.9200442437108404
2.0,7.0,4.722222222222222,0.9307345717600741
2.0,7.0,4.581597222222222,0.9519756616098507
2.0,7.0,4.581597222222222,0.9519756616098507
2.0,7.0,4.722222222222222,0.9307345717600741
2.0,7.0,4.909722222222221,0.9518714748282668
2.0,7.0,4.909722222222221,0.9518714748282668
2.0,7.0,5.083333333333333,0.9815889007757443
1.5,7.0,5.243055555555555,1.0185422992361395
1.5,7.0,5.123263888888889,1.021773842239886
2.0,8.0,6.373263888888889,0.9285707076743167
1.5,8.0,6.442708333333333,1.0674995065868687
1.5,8.0,6.555555555555557,1.0059299964980184
1.5,8.0,5.539930555555556,1.2002805038334023
1.5,8.0,5.87326388888889,1.0754325832470486
1.5,8.0,5.909722222222221,1.0166245565970617
1.5,8.0,5.909722222222221,1.0166245565970617
1.5,8.0,6.055555555555557,0.8981799399700102
1.0,8.0,6.109375,0.9325457101862639
1.5,8.0,6.039930555555556,0.7903528226058211
1.0,8.0,6.248263888888888,0.819165369274139
1.5,8.0,6.326388888888888,0.6401539818310161
1.5,8.0,6.0555555555555545,0.7375576539221043
1.0,8.0,5.159722222222222,0.8995337802950745
1.0,8.0,4.526041666666667,1.1241356964087892
1.0,8.0,4.7430555555555545,0.9097068848360848
1.0,8.0,4.873263888888889,0.9000253804150145
1.5,8.0,4.692708333333333,0.871884962015089
1.5,8.0,4.692708333333333,0.871884962015089
1.5,8.0,4.692708333333333,0.871884962015089
1.5,8.0,4.692708333333333,0.871884962015089
1.5,8.0,4.692708333333333,0.871884962015089
1.5,8.0,4.692708333333333,0.871884962015089
2.0,8.0,4.638888888888889,0.8349877036086918
2.0,5.0,3.2065972222222228,0.36733083705589226
2.0,5.0,3.2065972222222228,0.36733083705589226
1.5,5.0,3.1649305555555554,0.537926522726795
1.0,5.0,3.1875,0.5985510947413846
1.0,5.0,2.734375,0.6643535537007902
1.0,5.0,3.1232638888888893,0.6732290082750806
1.0,5.0,3.555555555555556,0.5765958616120775
1.0,5.0,3.555555555555556,0.5765958616120777
1.0,5.0,3.664930555555555,0.5831250436611205
1.0,5.0,3.664930555555555,0.5831250436611205
1.5,6.0,4.206597222222222,0.4944256652709459
1.5,7.0,4.859375,0.6582132467577849
1.5,7.0,5.164930555555555,0.5725991539689357
2.0,7.0,5.123263888888889,0.47722037191562655
2.0,8.0,6.326388888888888,0.4910441462721491
2.0,8.0,6.081597222222221,0.6334181601999396
2.0,8.0,6.081597222222222,0.6334181601999392
2.0,8.0,6.081597222222221,0.6334181601999396
2.0,8.0,5.916666666666667,0.6427263109086423
2.0,8.0,5.916666666666667,0.6427263109086423
2.0,8.0,5.659722222222221,0.6298248241656977
2.0,8.0,5.659722222222221,0.6298248241656977
2.0,8.0,5.659722222222222,0.6298248241656976
2.0,8.0,5.748263888888889,0.6560703262147021
2.0,8.0,5.993055555555556,0.722697721072644
2.0,8.0,5.984375,0.5574042486749703
2.0,8.0,6.109375,0.3919020113542829
2.5,8.0,6.326388888888888,0.2200279280807659
3.5,8.0,6.604166666666667,0.07549302730640928
3.5,8.0,6.789930555555556,0.06079659330916563
3.5,8.0,6.6875,0.09938412504207757
2.5,8.0,6.859375,0.21156608792070944
3.5,8.0,6.734375,0.056997298361516215
3.5,8.0,6.734375,0.056997298361516215
3.5,8.0,6.5555555555555545,0.0739208223365692
3.5,8.0,6.104166666666667,0.06009086353912113
2.5,8.0,6.159722222222221,0.2153906449322317
3.0,8.0,6.192708333333333,0.16552068580825224
2.0,6.0,5.192708333333333,0.13303753408168548
2.0,6.0,5.498263888888888,0.1541297820764976
2.0,6.0,5.305555555555556,0.16289899490876492
2.0,6.0,5.604166666666667,0.18608464960893323
2.0,6.0,5.498263888888888,0.1541297820764976
2.0,6.0,5.498263888888888,0.1541297820764976
2.0,6.0,5.7899305555555545,0.18298554736703593
2.0,6.0,5.789930555555556,0.18298554736703582
2.0,6.0,5.7899305555555545,0.18298554736703596
2.0,6.0,5.7899305555555545,0.18298554736703593
2.0,6.0,5.498263888888888,0.15412978207649766
2.0,6.0,5.576388888888889,0.31334026900407064
2.0,7.0,5.901041666666667,0.3708729323934813
2.0,10.0,7.664930555555556,0.7818399014861416
2.0,10.0,7.222222222222222,0.9235817160181066
2.0,10.0,7.9375,0.9264840405399739
2.0,10.0,7.873263888888888,0.9787430602241908
2.0,13.0,11.914930555555555,1.197541711624239
2.0,13.0,11.609375,1.2961226113045183
2.0,13.0,12.1875,1.1538630431958452
2.0,13.0,13.409722222222223,1.0198904306240384
2.0,13.0,13.520833333333334,1.1282602442218461
2.0,13.0,15.067708333333334,0.8955412977038949
2.0,13.0,15.076388888888888,0.9267508881879873
2.0,13.0,15.248263888888891,0.9338516004091681
2.0,13.0,15.248263888888891,0.9338516004091681
2.5,13.0,14.984375,0.9057160805379256
2.5,13.0,14.722222222222223,0.9192300141189788
2.5,13.0,14.722222222222223,0.9192300141189788
2.5,13.0,14.722222222222223,0.9192300141189788
2.5,13.0,14.722222222222223,0.9192300141189788
2.5,13.0,14.722222222222223,0.9192300141189788
2.5,13.0,14.722222222222223,0.9192300141189788
2.5,13.0,14.722222222222223,0.9192300141189788
2.5,13.0,15.15972222222222,0.9124136591185054
2.5,13.0,15.15972222222222,0.9124136591185054
2.5,13.0,14.664930555555555,1.0273987357762606
2.0,13.0,12.859375,1.2751265969475287
2.0,13.0,12.859375,1.2751265969475287
2.0,13.0,12.493055555555555,1.3125672200658436
1.5,13.0,12.873263888888888,1.3329656568198704
1.5,10.0,8.5,1.255974932367197
1.5,10.0,8.5,1.255974932367197
1.5,10.0,8.5,1.255974932367197
1.5,11.0,9.743055555555555,1.408480502780348
2.0,11.0,9.854166666666666,1.2496542377075561
2.0,11.0,7.666666666666667,1.3484524087487517
2.0,11.0,7.6649305555555545,1.3935729186954684
2.0,11.0,7.817708333333333,1.2110953175369517
2.0,11.0,7.581597222222222,1.127588839020166
2.0,11.0,8.289930555555555,0.9424381181544006
2.0,11.0,8.493055555555555,0.9207846744693731
2.0,11.0,8.805555555555554,0.9181391689449735
2.0,11.0,8.805555555555555,0.9181391689449735
2.0,11.0,8.805555555555555,0.9181391689449735
2.0,11.0,8.805555555555555,0.9181391689449733
2.0,11.0,8.609375,0.9344481135884025
2.5,11.0,8.456597222222221,0.885064224757804
2.5,11.0,8.12326388888889,0.8973667821265894
2.5,11.0,8.12326388888889,0.8973667821265894
2.0,11.0,8.123263888888888,0.9814888643729465
2.0,11.0,8.243055555555555,0.9920394188785582
2.0,11.0,8.289930555555555,0.9424381181544005
2.0,11.0,7.581597222222221,1.127588839020166
2.0,11.0,7.276041666666667,1.1517832300984534
2.5,11.0,7.416666666666667,1.0025634937819645
2.5,11.0,9.354166666666666,0.9601326563526228
2.0,11.0,8.916666666666666,1.1830599604838592
2.0,10.0,6.206597222222221,1.0130247404918344
2.0,10.0,5.9930555555555545,1.1857733266502464
2.0,10.0,5.9149305555555545,1.2527196261239835
2.0,10.0,5.984375,1.1380225565336277
2.0,10.0,5.75,1.323613237057953
2.0,10.0,5.888888888888889,1.4280315233156156
2.0,10.0,5.123263888888889,1.7377229223358348
2.0,10.0,4.972222222222222,1.684443108470006
2.0,10.0,5.326388888888889,1.4184240481767405
2.0,10.0,5.326388888888889,1.4184240481767407
2.0,10.0,5.083333333333333,1.4614768078216638
2.0,10.0,5.083333333333333,1.4614768078216638
2.0,10.0,5.248263888888888,1.405246144461109
2.0,10.0,5.243055555555556,1.461051447697463
2.0,10.0,5.472222222222221,1.431450882498205
2.0,10.0,5.243055555555555,1.4610514476974634
2.0,10.0,5.248263888888888,1.405246144461109
2.0,10.0,5.166666666666667,1.3943302307272218
2.0,10.0,5.305555555555555,1.492609395210545
2.0,10.0,5.401041666666667,1.4137951255405812
2.0,10.0,5.623263888888888,1.3945962418561129
2.0,10.0,5.888888888888888,1.3405613528765925
2.0,6.0,3.6927083333333335,0.4915797494126247
2.0,6.0,3.826388888888889,0.4844656528003416
2.0,6.0,4.305555555555555,0.5327157871688836
2.0,16.0,11.9375,2.2783129194914262
2.0,16.0,11.956597222222221,2.308567336339639
2.0,16.0,11.888888888888891,2.3624058268524757
2.0,16.0,12.081597222222221,2.2110744365949975
2.0,16.0,11.743055555555555,2.220432166446284
2.0,16.0,11.539930555555555,2.2614049643898233
2.0,16.0,11.888888888888891,2.245064797399385
2.0,16.0,11.743055555555555,2.449835502667
2.0,16.0,11.472222222222223,2.481546922620606
2.0,16.0,11.743055555555555,2.449835502667
2.0,16.0,11.567708333333334,2.483049437668543
2.0,16.0,11.567708333333334,2.483049437668543
2.0,16.0,11.623263888888891,2.3949149096805633
2.0,16.0,11.359375,2.3543449210892646
2.5,16.0,11.993055555555555,2.06063134899516
2.5,16.0,13.388888888888888,1.717811642004358
3.0,16.0,13.326388888888891,1.6636993668727662
3.0,16.0,13.326388888888888,1.6636993668727666
2.5,16.0,13.539930555555557,1.7144780922002656
3.0,16.0,13.081597222222221,1.6987483360996007
3.0,16.0,12.909722222222223,1.7561192469101192
3.0,16.0,12.909722222222221,1.75611924691012
3.0,16.0,12.664930555555555,1.7959766273610753
3.0,16.0,12.493055555555557,1.8564974665024596
3.0,9.0,6.659722222222221,0.5625285464148478
3.5,9.0,6.638888888888889,0.4730908809260706
4.0,9.0,6.770833333333333,0.37780390257766405
4.0,9.0,7.993055555555557,0.45813909661370616
4.0,9.0,8.456597222222223,0.4825692332923995
4.0,9.0,8.234375,0.4362681046270876
4.0,9.0,7.993055555555557,0.4581390966137062
4.0,9.0,7.993055555555557,0.45813909661370616
4.0,9.0,8.38888888888889,0.4489157799667927
4.0,9.0,7.993055555555556,0.4581390966137062
4.0,9.0,7.993055555555556,0.4581390966137062
4.0,9.0,7.49826388888889,0.447976487958984
3.5,9.0,7.984375,0.502626846166989
3.0,9.0,8.039930555555555,0.580422544463292
3.0,9.0,8.817708333333334,0.6359775322783495
3.0,10.0,9.326388888888891,0.7087406764436884
2.5,10.0,9.388888888888888,0.7788795678067567
3.0,10.0,10.604166666666666,0.6651545149214143
3.5,10.0,11.326388888888888,0.48535744384395435
3.0,10.0,11.5,0.5384836659570156
3.0,10.0,11.623263888888891,0.5006344879895167
2.5,10.0,11.743055555555557,0.5927499192794325
3.0,10.0,11.416666666666666,0.5703135619624178
3.0,10.0,11.409722222222223,0.6426991381392874
3.0,10.0,11.109375,0.6628154975638263
2.5,10.0,11.4375,0.7198318605688792
2.5,10.0,11.388888888888891,0.7959655091049378
2.0,10.0,10.623263888888888,0.988352971480447
2.0,10.0,10.234375,1.0097000704256032
2.0,11.0,12.539930555555555,0.8772573745553179
2.0,11.0,12.805555555555557,0.8567309653840863
2.0,11.0,12.805555555555557,0.8567309653840863
2.0,11.0,12.354166666666666,0.8758312076465389
2.0,11.0,12.805555555555557,0.8567309653840863
2.0,11.0,12.805555555555557,0.8567309653840864
2.0,11.0,12.805555555555557,0.8567309653840863
2.5,11.0,12.248263888888891,0.8562957048306906
3.0,11.0,12.109375,0.804909851612122
3.0,11.0,11.1875,0.8793845281204341
3.0,11.0,10.706597222222221,0.8592306380883995
3.0,11.0,10.604166666666666,0.8389091637172124
3.0,11.0,9.159722222222221,0.8605217775151164
3.0,11.0,7.901041666666667,0.9988617327349469
3.0,11.0,7.831597222222221,0.9282231727313448
3.0,11.0,7.567708333333333,1.0355566224733637
3.0,11.0,7.498263888888888,0.964420936556208
3.0,11.0,7.498263888888888,0.9644209365562076
3.0,11.0,7.7430555555555545,0.8161335519230174
3.0,11.0,7.472222222222221,1.0195089227888163
3.0,15.0,12.576388888888891,1.4643829855379271
3.5,15.0,12.706597222222221,1.345715056558006
4.0,15.0,12.305555555555557,1.250741176400396
4.0,15.0,12.076388888888888,1.2271335608084204
4.0,15.0,10.243055555555557,1.518241013941253
4.0,15.0,10.243055555555557,1.5182410139412534
4.0,15.0,10.243055555555557,1.518241013941253
4.0,15.0,10.75,1.4185913519312061
4.0,15.0,10.243055555555555,1.5182410139412534
4.0,15.0,10.243055555555555,1.518241013941254
4.0,15.0,10.373263888888888,1.5188663926218595
4.0,15.0,10.5,1.5209901639120487
3.5,15.0,10.859375,1.5285296856227013
3.5,15.0,10.722222222222221,1.5864294733851787
3.5,15.0,10.020833333333334,1.6954115345623189
4.0,15.0,9.99826388888889,1.6621978605149532
4.0,15.0,9.998263888888888,1.6621978605149537
4.0,25.0,27.972222222222218,2.5410418829720096
4.0,25.0,30.083333333333332,2.19542932220496
4.0,25.0,30.192708333333332,2.117512623810394
4.0,25.0,30.192708333333332,2.117512623810394
4.0,25.0,30.123263888888886,2.037790679862011
4.0,25.0,30.123263888888886,2.037790679862011
4.5,25.0,30.138888888888886,1.8771554461451916
4.5,25.0,26.472222222222218,2.227005454539866
4.5,25.0,26.743055555555554,2.15053775786304
4.0,25.0,27.081597222222225,2.217537534498082
4.0,25.0,27.743055555555554,2.1891661154135194
4.0,25.0,27.609375,2.1835268601010083
4.0,25.0,26.6875,2.2628160694818944
4.0,25.0,26.6875,2.2628160694818944
4.0,25.0,26.6875,2.2628160694818944
4.0,25.0,27.38888888888889,2.1921429727111192
4.0,25.0,27.776041666666668,2.1515219231118463
4.0,25.0,28.456597222222218,2.093099867498959
4.5,25.0,28.63888888888889,1.9339925908415097
4.5,25.0,29.039930555555554,1.898538464549177
5.0,25.0,29.581597222222225,1.7678857805354378
5.0,25.0,29.493055555555554,1.7979585355893553
6.0,25.0,30.62326388888889,1.5845763602501015
6.0,25.0,30.62326388888889,1.5845763602501015
5.0,12.0,14.770833333333334,0.18661314115440064
4.0,11.0,12.722222222222221,0.21649464700457396
4.0,11.0,12.984375,0.20229347469656217
5.0,11.0,13.498263888888888,0.09473311362643984
5.0,11.0,14.472222222222223,0.09855326727149977
5.0,12.0,16.57638888888889,0.13796769719511262
5.0,12.0,15.888888888888888,0.1426143497835521
5.0,12.0,16.789930555555557,0.11711376337629363
4.5,12.0,16.38888888888889,0.19642663723756126
5.5,12.0,16.083333333333332,0.09302231769090709
5.5,12.0,15.789930555555555,0.08873959278473482
5.5,12.0,15.743055555555557,0.058384977697540814
5.5,12.0,16.62326388888889,0.07061983631944117
5.5,12.0,16.62326388888889,0.07061983631944117
5.5,12.0,16.62326388888889,0.07061983631944115
5.5,12.0,16.25,0.08014552081148853
5.5,12.0,16.25,0.08014552081148853
5.5,12.0,15.576388888888891,0.0884690839305642
5.0,12.0,15.873263888888888,0.2430737812935268
5.0,12.0,14.942708333333334,0.21173815426694378
4.5,12.0,14.748263888888891,0.38254598850407734
3.0,12.0,15.138888888888891,0.49500308191897185
3.0,12.0,13.206597222222221,0.5915490581104659
2.0,12.0,13.192708333333334,0.7163078645996943
2.0,12.0,13.192708333333334,0.7163078645996943
3.0,12.0,13.039930555555555,0.6655242121917876
3.0,12.0,12.743055555555557,0.6892374483979764
3.0,12.0,12.081597222222223,0.7882497885113672
3.0,12.0,12.638888888888888,0.8269553484642557
3.0,11.0,11.998263888888891,0.7531153577083702
3.0,22.0,24.734375,1.9204951954139373
3.0,22.0,28.984375,1.7465323048825303
3.0,22.0,31.78993055555556,1.4794827764704954
3.0,22.0,32.40972222222222,1.3860192618290579
4.0,22.0,40.72222222222222,1.1667576750054898
4.0,22.0,40.692708333333336,1.1485253200477377
4.0,22.0,39.87326388888889,1.1684469797943655
4.0,22.0,39.87326388888889,1.1684469797943657
4.0,22.0,38.74305555555556,1.1917671559037994
4.0,22.0,39.20659722222222,1.1747423605446758
4.0,22.0,37.63888888888889,1.1461167567385464
4.5,22.0,36.833333333333336,1.116674356207842
5.5,22.0,38.388888888888886,0.9237543967103812
6.0,22.0,37.95659722222222,0.8843613931654299
6.5,22.0,41.45659722222222,0.7131553131238508
7.0,22.0,39.833333333333336,0.6070936650789843
7.0,22.0,39.833333333333336,0.6070936650789843
7.0,22.0,38.123263888888886,0.5951482022067598
7.0,22.0,36.20659722222222,0.5348144615735843
8.0,22.0,35.65972222222222,0.3957349341453304
8.0,22.0,37.104166666666664,0.4088531264283119
8.0,22.0,36.55555555555555,0.38906450149713306
8.0,22.0,36.55555555555555,0.38906450149713306
8.0,22.0,37.33159722222222,0.3333315693205561
8.0,20.0,33.104166666666664,0.1701393574540558
8.0,68.0,170.3263888888889,3.307114964621827
8.0,68.0,212.78993055555554,2.566312667288761
8.5,68.0,286.4722222222223,1.9919174509997388
8.5,68.0,288.16493055555554,1.9559381161658036
10.0,68.0,285.87326388888886,1.9548408604828136
10.5,68.0,279.37326388888886,1.9093143711042757
10.5,68.0,272.95659722222223,1.9589940887919497
10.5,68.0,270.0763888888889,1.9787520557632485
10.5,68.0,270.0763888888889,1.9787520557632485
10.5,68.0,277.33159722222223,1.923389022771205
10.5,68.0,275.859375,1.9279902815336407
10.0,68.0,277.7430555555556,1.9579933622825707
10.0,68.0,275.95659722222223,1.958628436763432
10.0,68.0,277.20659722222223,2.0174409382701564
10.0,68.0,276.74826388888886,1.9927239976376039
10.0,68.0,272.0555555555555,1.9311408776760726
10.5,68.0,268.9097222222222,1.9263653443447928
12.0,68.0,268.2430555555555,1.846093613377199
12.0,68.0,268.1875,1.7868114007156988
13.5,68.0,262.6875,1.695277679634754
15.0,68.0,257.3888888888889,1.6533438146170127
16.5,68.0,254.7482638888889,1.613561130070478
18.5,68.0,254.0763888888889,1.551388891005708
20.0,68.0,260.8541666666667,1.391472453890874
19.5,56.0,161.74826388888889,1.1302732047833166
18.5,56.0,132.859375,1.3342708357992037
17.0,33.0,69.359375,-0.0210108456028551
15.0,33.0,66.6875,0.07809828403652253
15.0,33.0,68.234375,0.0943705845678174
13.5,33.0,71.28993055555556,0.23195527215362968
13.5,33.0,74.58159722222221,0.1966556322965695
13.5,33.0,77.81770833333333,0.1703988645554758
13.5,33.0,75.70659722222223,0.2094615321090103
13.5,31.0,73.58159722222223,0.2535552312247786
13.5,31.0,76.99305555555554,0.2426015920487376
13.5,31.0,77.91666666666667,0.25517115156833486
13.5,31.0,77.40104166666667,0.2177137893911357
13.5,31.0,77.82638888888889,0.22530360996454823
13.5,31.0,79.83159722222223,0.16991202413163095
13.0,31.0,77.81770833333333,0.2943015153095559
12.0,31.0,78.27083333333333,0.33182923904740175
10.5,31.0,75.53993055555556,0.48980695588168605
9.5,31.0,74.15972222222221,0.6647668631531084
9.5,31.0,64.56770833333333,0.816135467386947
9.5,31.0,60.90972222222222,0.9263461974821267
8.5,31.0,57.99826388888889,1.1374037577053822
8.5,32.0,74.25,1.3402611895130045
8.5,32.0,53.83159722222222,1.3755850196415462
8.5,32.0,54.604166666666664,1.3563503818699
8.5,32.0,65.05555555555556,1.2949970945047455
8.5,32.0,65.31770833333333,1.300281226009183
8.5,32.0,64.83159722222221,1.3739516982274782
8.5,32.0,66.05555555555554,1.364388703401559
8.5,32.0,64.83159722222223,1.3739516982274778
8.5,32.0,63.58159722222223,1.4109081815923963
8.5,33.0,64.33333333333333,1.3820112563193359
8.5,34.0,65.90972222222223,1.3212009739394073
8.5,34.0,64.16493055555556,1.3640883422501422
8.5,34.0,63.57638888888889,1.3796440038744366
8.5,34.0,64.83159722222221,1.3672468652684622
8.5,34.0,65.08333333333333,1.3460498234804223
8.5,34.0,65.08333333333333,1.3460498234804223
8.5,34.0,60.32638888888888,1.5665193025736106
8.5,34.0,61.70659722222223,1.452411936420142
8.5,34.0,61.993055555555564,1.396422812956171
9.0,34.0,62.72222222222223,1.2857258956288589
10.0,34.0,64.41493055555556,1.0874349088382538
10.5,34.0,65.24826388888889,0.982627365601932
10.5,34.0,70.38888888888889,0.8501109067831435
12.0,34.0,69.72222222222223,0.752862311961302
11.0,28.0,48.998263888888886,0.42662726865336664
11.0,28.0,51.15972222222223,0.3638576734786266
11.0,28.0,51.914930555555564,0.3661977275687516
11.0,23.0,40.020833333333336,0.13342786117110794
11.0,23.0,40.07638888888889,-0.003690641881439365
11.0,23.0,40.20659722222222,0.014770927788164353
11.0,23.0,39.192708333333336,0.012943229950048754
11.0,23.0,41.20659722222222,0.016480094095602468
11.0,23.0,40.20659722222222,0.01280971812064373
11.0,23.0,40.20659722222222,0.012809718120643713
11.0,23.0,40.20659722222222,0.012809718120643769
11.0,23.0,43.72222222222222,-0.056384396062761966
11.0,23.0,44.33159722222222,-0.059261203050345046
11.0,23.0,42.373263888888886,-0.13144098210599447
11.0,23.0,42.026041666666664,-0.06006101467202105
11.0,40.0,75.2482638888889,1.0887363472375453
12.0,43.0,112.91493055555556,1.2277748324187268
12.0,52.0,172.03993055555557,1.358287729598514
13.0,69.0,287.734375,1.553931786570816
13.0,69.0,346.7430555555556,1.2705990923436608
13.0,69.0,350.6666666666667,1.1887588789420125
12.0,69.0,351.9010416666667,1.2010374912312431
12.0,69.0,355.1510416666667,1.1500438775904567
12.0,69.0,355.7430555555556,1.0764820059523932
12.5,69.0,355.0260416666667,1.0744889157740147
12.5,69.0,358.82638888888897,0.990774543697144
12.5,69.0,359.08159722222223,1.0094022470535917
12.5,69.0,359.08159722222223,1.0094022470535917
11.5,69.0,366.40972222222223,1.0210624853037804
11.5,69.0,373.38888888888897,1.0104554237153813
11.5,69.0,373.3888888888889,1.0104554237153816
11.5,69.0,374.8315972222222,1.0059071340892902
11.5,69.0,377.2899305555556,1.0014873716659864
11.5,69.0,378.88888888888886,0.995321342798504
11.5,69.0,375.7708333333333,1.0068089118307837
11.5,69.0,375.7708333333333,1.0068089118307837
11.5,69.0,371.9427083333333,1.0151447690852335
11.5,69.0,381.0815972222222,1.0034832492834207
11.5,69.0,389.99826388888897,0.9954061468898008
8.5,69.0,384.5815972222222,1.1832756983227894
8.5,69.0,356.6388888888889,1.4148905548504456
8.0,69.0,302.2430555555555,1.7547613793872825
8.0,56.0,173.52083333333334,1.633426600402525
8.0,30.0,90.30555555555554,0.8975420059067357
7.0,30.0,75.24826388888889,1.0676356106490068
6.5,30.0,74.91493055555554,1.1576356052061065
6.5,30.0,57.993055555555564,1.2812670051822046
6.0,30.0,45.083333333333336,1.5212675656527186
6.0,30.0,58.15972222222221,1.3945570561227263
6.0,26.0,37.30555555555555,1.2431508958067374
6.0,106.0,425.97222222222234,4.062997083660789
6.0,106.0,590.4166666666666,2.926656553706749
6.5,106.0,615.3263888888888,2.6311863139848253
7.5,106.0,610.8055555555555,2.6342036702555487
8.0,106.0,607.25,2.61893052892062
8.5,106.0,600.8055555555555,2.6268712104066676
8.5,106.0,602.9375,2.620345551140898
8.5,106.0,600.4722222222222,2.629998980783958
8.5,106.0,594.9930555555555,2.6418827421566715
8.5,106.0,591.3315972222223,2.6566025893117153
8.5,106.0,593.1927083333334,2.6521950031104824
9.5,106.0,585.4149305555555,2.661641135424766
9.5,106.0,578.8888888888889,2.6783230501272888
10.0,104.0,566.6510416666666,2.6805121055700134
10.0,104.0,566.9930555555555,2.6831783502790008
10.0,104.0,564.6666666666666,2.648566406764529
10.0,104.0,563.7065972222222,2.6188940631776325
9.5,104.0,565.248263888889,2.6170901817374816
9.5,104.0,567.109375,2.6123841477513894
9.5,104.0,565.4149305555557,2.6155348758910333
9.5,104.0,562.4982638888888,2.5954650806232684
11.0,104.0,553.3315972222223,2.5850349904396706
11.0,104.0,551.6649305555555,2.6488701977572657
12.5,104.0,546.6232638888888,2.6255375647880763
11.0,73.0,224.1597222222222,2.7337569275665
11.0,38.0,74.33333333333333,1.133600962911979
11.0,23.0,43.333333333333336,0.13496699642095789
11.0,23.0,43.99305555555555,0.15564242822825375
9.5,23.0,44.12326388888889,0.24426260806840458
9.0,23.0,45.833333333333336,0.2831999503368139
9.0,23.0,45.08159722222223,0.30518008511222094
9.0,23.0,45.08159722222222,0.305180085112221
9.0,23.0,48.28993055555555,0.2809034988631359
9.0,23.0,49.020833333333336,0.2643175638121715
9.0,23.0,48.45659722222222,0.26790578477838506
9.0,23.0,48.49826388888889,0.303151168149542
9.0,23.0,50.416666666666664,0.33172058712820857
8.5,23.0,48.49826388888889,0.5068225932773324
8.5,23.0,49.08159722222222,0.47148984781263414
8.0,23.0,45.373263888888886,0.6359589167375117
8.0,23.0,42.692708333333336,0.657411535608047
8.5,23.0,42.53993055555555,0.6236141263843696
9.0,23.0,45.0,0.4410022955624585
9.5,23.0,47.109375,0.3024451445100854
8.5,23.0,45.734375,0.4740589303078844
8.5,23.0,41.74305555555555,0.6186680523951664
8.5,23.0,41.276041666666664,0.6339204741719657
8.5,23.0,41.276041666666664,0.6339204741719657
9.0,23.0,40.276041666666664,0.5585542509371115
9.0,18.0,31.873263888888886,0.2799313589527967
9.0,25.0,42.47222222222222,0.7114516962987527
9.0,25.0,43.15972222222221,0.7169751238406658
8.5,25.0,44.15972222222223,0.7495465951837461
8.5,27.0,47.20659722222222,0.6591452765421872
8.5,27.0,49.24305555555555,0.5981952044659329
8.5,27.0,50.666666666666664,0.5569835770109391
8.5,27.0,52.07638888888889,0.5208802737940607
8.5,27.0,53.47222222222222,0.48930231509309025
8.5,27.0,54.91493055555555,0.48870851436065643
7.0,27.0,55.289930555555564,0.5476019495720219
8.5,27.0,55.08159722222222,0.40759607905449635
9.5,27.0,55.020833333333336,0.2990062829475244
8.5,27.0,55.520833333333336,0.45103799595503447
7.5,27.0,55.88888888888889,0.4768035433830925
7.5,27.0,53.859375,0.5896608213337845
6.5,27.0,53.9375,0.6386025599916004
6.5,27.0,49.38888888888888,0.77762626315545
6.5,27.0,45.70659722222223,0.8837283905706765
7.0,27.0,45.576388888888886,0.8700017000505481
7.0,27.0,45.539930555555564,0.889465498879469
7.0,27.0,47.63888888888889,0.8594454928551216
7.0,27.0,45.039930555555564,0.8573814621821431
7.0,31.0,65.94270833333333,1.1145999195197596
7.0,31.0,75.03993055555556,1.0277969673914835
7.0,31.0,61.49305555555554,1.1774293409416663
7.0,31.0,61.055555555555564,1.1617834246537306
7.5,31.0,60.49826388888889,1.133995471971681
7.5,31.0,60.49826388888891,1.1339954719716805
7.5,31.0,60.49826388888889,1.133995471971681
7.5,31.0,60.49826388888889,1.1339954719716812
7.5,31.0,60.49826388888889,1.133995471971681
7.5,31.0,57.833333333333336,1.1902805840331878
7.5,31.0,56.826388888888886,1.2100962899310117
7.5,31.0,56.609375,1.2024305438029732
7.0,31.0,55.914930555555564,1.3441345057732252
7.0,31.0,61.276041666666664,1.1954116730026836
7.0,31.0,60.104166666666664,1.1999863707734595
7.5,31.0,59.916666666666664,1.1136503537451512
7.5,31.0,60.38888888888889,1.0400797916354891
8.0,31.0,60.138888888888886,0.9839929072442172
7.5,31.0,60.70659722222222,1.0134449923807853
7.0,31.0,61.90972222222223,1.0792091580966003
7.0,31.0,62.151041666666664,1.0865940955384892
7.0,31.0,62.576388888888886,1.000735609374041
7.0,31.0,59.49826388888889,1.1712036898126583
7.0,31.0,57.03993055555554,1.3018749096921114
7.0,25.0,35.916666666666664,1.016258112638469
7.0,21.0,23.354166666666668,0.5933700610863507
6.5,21.0,23.076388888888886,0.6996913511813586
6.5,21.0,24.039930555555554,0.572515947619586
6.5,21.0,24.317708333333332,0.5188120409156644
7.0,21.0,21.956597222222218,0.5534894210030217
7.0,21.0,21.354166666666668,0.615950320189401
7.0,21.0,21.354166666666668,0.615950320189401
7.0,21.0,21.354166666666668,0.615950320189401
7.0,21.0,22.401041666666668,0.5859915956335442
7.0,21.0,23.666666666666668,0.5287292456292378
6.5,21.0,23.909722222222225,0.5662957046078827
6.5,21.0,23.909722222222218,0.566295704607883
6.0,13.0,15.914930555555555,-0.1299799241728774
6.5,30.0,37.33159722222223,1.7520497722592892
6.5,30.0,37.020833333333336,1.7870237164153138
6.5,30.0,36.067708333333336,1.895132024711348
6.5,30.0,41.833333333333336,1.628953226872743
6.5,30.0,43.13888888888889,1.6011225498606023
7.5,30.0,42.539930555555564,1.5478961369994366
8.0,30.0,42.38888888888889,1.4999897607483217
8.0,30.0,42.38888888888889,1.4999897607483217
8.0,30.0,56.57638888888889,1.3266559247984284
8.0,30.0,57.45659722222223,1.2585123799559372
8.5,30.0,57.748263888888886,1.185748791290604
9.0,30.0,57.651041666666664,1.1244598898143787
9.5,30.0,59.388888888888886,0.9406932927162389
9.0,30.0,61.57638888888889,1.0081335368950748
8.5,30.0,62.72222222222223,1.0620188724705637
7.5,30.0,63.07638888888888,1.0820567981815996
7.5,30.0,63.076388888888886,1.082056798181599
7.5,30.0,62.359375,1.1036657200087783
7.5,30.0,62.359375,1.1036657200087783
7.5,30.0,63.70659722222223,1.0675441476529421
7.5,30.0,62.526041666666664,1.0915447002428813
7.5,30.0,65.24305555555556,1.0469443405487744
7.5,30.0,68.1388888888889,1.021123927919248
9.0,30.0,69.90972222222223,0.8624122553719682
9.0,27.0,54.74305555555555,0.5791695814142217
9.0,28.0,69.70659722222223,0.6710215070408913
9.0,28.0,76.16493055555556,0.5440770983046753
9.0,33.0,93.97222222222223,0.7523098402630333
10.0,33.0,99.1232638888889,0.5624140946921758
11.5,39.0,129.33159722222223,0.6492803572902308
11.5,39.0,129.33159722222226,0.6492803572902307
11.5,39.0,151.33333333333334,0.5677037039130794
11.5,39.0,148.31770833333334,0.5858471740367165
11.5,39.0,152.8315972222222,0.4853812271496338
13.5,39.0,155.3315972222222,0.3854049145341908
13.5,39.0,155.3315972222222,0.3854049145341908
10.0,39.0,159.05555555555557,0.4783281119433794
10.0,39.0,154.2065972222222,0.46293134030461625
10.0,39.0,152.70659722222223,0.46021392456186055
10.0,39.0,154.2065972222222,0.46293134030461625
10.0,39.0,155.32638888888889,0.45626295463902206
10.0,39.0,156.44270833333334,0.44987747011540435
10.0,39.0,156.44270833333334,0.44987747011540435
10.0,39.0,152.45659722222223,0.4649487717203277
10.0,39.0,155.57638888888889,0.4505578725014562
10.0,39.0,153.41666666666666,0.4619149562992385
10.0,39.0,149.3888888888889,0.4796082320902319
9.5,39.0,149.90972222222226,0.536593108417047
9.5,39.0,149.30555555555557,0.5995256807016871
9.5,39.0,140.53993055555554,0.7618271239760157
9.0,39.0,138.70659722222223,0.9195327797843028
9.0,39.0,122.37326388888887,1.0039422596236196
9.0,39.0,120.31770833333333,1.0238885325992777
9.0,36.0,87.74826388888887,0.9796036257260011
9.5,36.0,87.66493055555554,0.9544645915700065
9.5,24.0,59.498263888888886,0.6330927457412634
9.5,24.0,50.70659722222223,0.6627352392937382
9.5,23.0,42.16493055555555,0.5683601417538613
9.5,27.0,48.770833333333336,0.8385103633511944
9.5,28.0,63.498263888888886,0.8835176005217307
10.0,28.0,63.78993055555555,0.7256050284321912
10.5,28.0,64.74826388888889,0.6266377480775414
10.5,28.0,64.74826388888887,0.6266377480775418
10.5,28.0,65.30555555555556,0.6234231538410315
10.5,28.0,62.55555555555555,0.6705018522762837
10.5,28.0,61.734375,0.6929552421800954
10.5,28.0,60.90972222222223,0.7167230180252464
10.5,28.0,63.6875,0.6620082972863952
10.5,28.0,63.6875,0.6620082972863952
10.5,28.0,61.57638888888889,0.6744164846581356
10.5,28.0,61.57638888888889,0.6744164846581356
11.0,28.0,61.58159722222222,0.6584252746992345
11.0,28.0,62.734375,0.5911875601351556
11.0,28.0,63.49826388888889,0.5246874609944983
11.0,28.0,62.859375,0.5085525882600846
11.0,28.0,64.37326388888889,0.5000236561051182
11.0,28.0,59.78993055555555,0.5181468892354543
11.0,28.0,59.99826388888889,0.4842507094586728
11.5,28.0,60.05555555555555,0.46758494824415053
12.0,28.0,64.97222222222221,0.34002364081463987
12.5,28.0,71.3888888888889,0.25785464572672423
12.5,28.0,79.30555555555556,0.2187494842656912
12.5,28.0,71.0763888888889,0.19389519576781997
12.5,29.0,72.45659722222221,0.22944946433601965
12.5,29.0,71.94270833333333,0.25746080817548245
11.5,29.0,73.33159722222221,0.37268066967538666
11.5,29.0,73.33159722222221,0.37268066967538666
11.5,29.0,72.66666666666667,0.375941274639502
11.5,29.0,75.80555555555554,0.340889083041234
11.5,29.0,76.70659722222223,0.32732061086955927
11.5,29.0,77.60416666666667,0.31453865108667123
11.5,29.0,75.8888888888889,0.336420115989696
11.5,29.0,72.16493055555556,0.37088032486930367
11.5,29.0,72.16493055555556,0.37088032486930367
12.5,29.0,74.63888888888887,0.20184646173204956
13.5,29.0,78.24826388888887,0.08698148109305959
13.5,29.0,78.94270833333333,0.06412921800295629
12.5,29.0,81.82638888888887,0.17301269544873626
12.5,29.0,81.25,0.15121980734017015
12.5,29.0,79.99305555555554,0.16297888017578335
12.5,29.0,80.41493055555556,0.15225226728279898
13.0,29.0,81.6388888888889,0.0892609069394157
13.5,29.0,81.6232638888889,0.07546951437360058
13.0,29.0,77.88888888888889,0.15988720132860015
13.0,35.0,93.41493055555556,0.44351430391828117
12.0,35.0,85.88888888888887,0.5847685032118807
12.0,36.0,107.95659722222221,0.684637761836113
12.0,36.0,110.78993055555556,0.6971232737580615
12.0,36.0,113.984375,0.598913528175338
13.0,36.0,111.359375,0.5004816018409189
13.0,36.0,116.734375,0.46363369161084067
13.0,36.0,115.28993055555554,0.4641811497672249
13.0,36.0,112.22222222222221,0.4951936377432425
13.0,36.0,105.55555555555559,0.539552715665683
13.0,36.0,100.65104166666667,0.6026945852378005
13.0,36.0,98.74826388888887,0.6280892365763555
13.0,36.0,98.0,0.6330203381868637
14.0,36.0,94.859375,0.5768533798833086
13.0,36.0,97.28993055555556,0.7134348327656301
13.0,36.0,94.53993055555554,0.8248292632455327
13.0,36.0,93.82638888888887,0.8694473508978645
13.5,36.0,90.83159722222221,0.7657939778287126
13.5,36.0,90.83159722222221,0.7657939778287126
13.0,36.0,89.87326388888887,0.851739722155782
13.0,36.0,90.70659722222224,0.8212312782192528
13.0,36.0,90.16493055555556,0.9042130398093793
12.5,36.0,90.45659722222221,0.9250999921466831
11.5,36.0,92.82638888888891,0.959425269121694
11.5,36.0,82.19270833333333,0.8592787959493681
12.5,36.0,93.24305555555556,0.6874648136280125
12.5,31.0,74.6232638888889,0.5045078015583124
12.5,30.0,64.5763888888889,0.37396279604191
12.5,30.0,64.5763888888889,0.37396279604191013
12.5,30.0,70.8732638888889,0.34316745240137575
12.5,27.0,64.56770833333333,0.44680817454107846
12.5,27.0,66.83333333333333,0.41249249983359415
12.5,27.0,64.56770833333333,0.44680817454107846
12.5,28.0,68.81770833333333,0.3948281583674433
12.5,30.0,73.30555555555556,0.3122994743544601
12.5,30.0,72.58159722222221,0.3175116749452566
12.5,30.0,72.02083333333333,0.315718310687131
11.5,30.0,73.40972222222223,0.40704551363557595
11.5,30.0,69.58159722222221,0.4043816779705899
10.5,30.0,71.609375,0.4797729115380339
10.0,30.0,71.72222222222223,0.5501670218359701
10.0,30.0,77.3732638888889,0.5210617262493222
10.5,30.0,79.49305555555554,0.37809886219027233
10.0,30.0,79.95659722222221,0.41443581473470137
10.0,30.0,84.7482638888889,0.3917888491102253
10.0,30.0,84.87326388888889,0.33763157076991823
10.0,30.0,85.25,0.2458325510094926
12.0,30.0,82.47222222222221,0.17667590251144058
12.0,30.0,77.77604166666667,0.1482798790759547
12.0,26.0,67.08159722222221,0.09623797511230082
12.0,27.0,72.24826388888889,0.13508465537107553
12.0,27.0,70.55555555555556,0.15567294434804504
11.0,27.0,67.60416666666667,0.2744091785240854
10.5,27.0,60.651041666666664,0.38035959543939374
10.5,27.0,61.07638888888889,0.38548770175625463
10.5,27.0,59.03993055555555,0.41142733829909217
10.5,27.0,63.83159722222222,0.31686232395337544
10.5,27.0,64.74305555555554,0.29689554962823506
10.5,27.0,61.998263888888886,0.3613214455836559
10.5,27.0,66.13888888888889,0.28520753061920356
10.5,27.0,67.1875,0.2906977398377428
11.0,27.0,66.07638888888889,0.24761583299427414
11.0,27.0,68.72222222222221,0.28137806526423825
11.5,27.0,69.35416666666667,0.11865329871967477
13.0,27.0,71.66493055555554,-0.009628281503367087
13.0,27.0,68.03993055555556,-0.0547245325800765
13.0,29.0,75.90104166666667,0.06303671171830731
13.0,29.0,75.4982638888889,0.03704550102611489
13.0,29.0,71.95659722222223,0.0066430413775503475
13.0,35.0,90.65972222222221,0.24752413484197003
13.0,35.0,93.28993055555554,0.20241584250010086
14.0,35.0,95.65104166666667,0.11308113943425013
14.0,35.0,100.1388888888889,0.11816115288330496
14.0,35.0,100.13888888888887,0.11816115288330496
14.0,35.0,98.27083333333333,0.11468037634950493
14.0,35.0,111.05555555555554,0.142899809203832
18.0,35.0,112.27083333333333,0.03422898476101771
18.0,35.0,112.70659722222221,0.042916908684050806
18.5,35.0,109.44270833333333,-0.050586318551322715
18.5,35.0,113.45659722222221,-0.06235818850734466
18.5,35.0,106.10416666666667,-0.026390830934030288
18.5,35.0,103.72222222222223,-0.003716502094018682
18.5,35.0,107.41493055555554,-0.04171083180813499
18.5,35.0,107.41493055555556,-0.041710831808135
18.5,35.0,108.38888888888887,-0.0443378116232671
19.0,35.0,107.33159722222221,-0.12407657497639199
19.5,35.0,100.74305555555556,-0.24313800563237745
20.0,35.0,113.3732638888889,-0.1822995063950932
20.5,35.0,120.109375,-0.20809189342220177
20.5,35.0,125.2482638888889,-0.23674994796506268
20.5,38.0,136.38888888888889,-0.1401392964711317
22.0,38.0,139.07638888888889,-0.28366463366084893
22.0,39.0,154.03993055555554,-0.2555233980748058
22.0,39.0,150.7222222222222,-0.2689681772158632
22.0,50.0,186.2065972222222,-0.008722760245683765
23.5,50.0,187.08159722222226,-0.04352529041805377
23.5,50.0,186.15104166666666,-0.02858409153439673
25.5,52.0,221.77604166666666,0.039147403833155896
26.0,52.0,227.53993055555557,-0.023695586446641534
26.0,52.0,255.03993055555557,0.047302369610286304
27.5,52.0,255.80555555555554,-0.0062960535308864965
27.5,52.0,250.0763888888889,-0.02901611604782169
27.5,52.0,261.859375,-0.000902486129828105
27.5,52.0,253.63888888888889,0.01971979538761227
27.5,52.0,265.70659722222223,-0.016432514268649497
27.5,52.0,267.5,-0.021885330179208372
27.5,52.0,254.05555555555557,0.013703372955641661
27.5,52.0,250.15972222222226,0.032640020873233075
27.5,52.0,246.91666666666666,0.04168873155068955
27.5,52.0,249.72222222222226,0.06330652864039524
27.5,52.0,258.15972222222223,0.10335417516545974
27.5,52.0,254.53993055555554,0.13308408616016756
27.5,52.0,253.97222222222226,0.13994706499440174
27.5,52.0,270.8732638888889,0.10144531710173871
27.5,52.0,268.74826388888886,0.10871772428075449
27.5,52.0,276.32638888888886,0.06418211971040647
26.0,52.0,267.91493055555554,0.18305584823292717
23.5,52.0,265.22222222222223,0.26475821022031737
21.0,52.0,234.359375,0.3356517625519014
21.0,52.0,253.109375,0.2652322797089692
21.0,52.0,258.6875,0.20428655893181447
21.0,51.0,256.33159722222223,0.19060660176840158
21.0,51.0,265.1666666666667,0.17563279555066316
21.0,51.0,265.1666666666667,0.17563279555066316
21.0,51.0,263.8732638888889,0.2137870781779264
21.0,51.0,266.9427083333333,0.23066373433476772
21.0,51.0,260.80555555555554,0.23219854050206787
21.0,51.0,268.609375,0.20963815217085033
21.0,49.0,255.7482638888889,0.25384312674074344
21.0,49.0,246.4565972222222,0.2871806963854825
21.0,49.0,245.1875,0.2889635871948184
21.0,49.0,233.24305555555557,0.3358981420237088
21.0,49.0,231.77604166666666,0.34183698027643566
22.5,49.0,230.1597222222222,0.20948113474924163
24.0,49.0,219.2482638888889,0.1503517194262274
22.5,49.0,219.1388888888889,0.22413544269717897
22.5,49.0,222.15104166666666,0.18820090254101723
22.5,49.0,205.88888888888889,0.25280153874600164
22.5,49.0,212.99305555555557,0.23915719514549386
22.5,49.0,212.99305555555557,0.23915719514549386
24.0,49.0,219.62326388888889,0.10527800863560205
26.0,49.0,219.03993055555554,0.03991979268018044
28.5,49.0,231.95659722222226,-0.07875020347079226
28.5,55.0,257.07638888888886,0.05361684585201361
28.5,89.0,416.9097222222222,0.9279926211073063
28.5,89.0,422.5399305555555,0.913315262106378
28.5,89.0,491.8055555555556,0.8487268759648662
28.5,89.0,512.1875,0.8098454564146029
31.0,89.0,534.359375,0.6371846744240498
31.0,89.0,529.4375,0.6416716541667155
31.0,89.0,529.4375,0.6416716541667155
31.0,87.0,524.3888888888889,0.6591008918897225
31.0,91.0,543.8333333333334,0.5986877409117562
31.0,91.0,557.7708333333334,0.5633386989728195
31.0,91.0,564.0677083333334,0.5518538524220731
31.0,91.0,562.2222222222222,0.5538922902959263
31.0,91.0,550.8263888888888,0.5691932499264496
28.5,91.0,558.5555555555555,0.6229738925750112
32.0,91.0,558.2899305555555,0.5373406077716261
32.0,91.0,555.6388888888888,0.5284851246250124
34.0,91.0,569.7760416666666,0.4403348149767615
38.5,91.0,568.873263888889,0.3898077847552157
38.5,91.0,568.8732638888889,0.3898077847552158
33.5,91.0,571.2065972222223,0.45789128808252727
33.5,91.0,571.6875,0.45239320532525434
39.0,91.0,582.3055555555555,0.3415982796085331
39.0,91.0,586.3888888888889,0.32279121570946123
39.0,91.0,594.4166666666666,0.31596150700892417
39.0,73.0,471.6388888888889,-0.01999888819738523
39.0,79.0,539.6510416666666,0.13624149404061447
39.0,79.0,556.7430555555555,0.18409167825591
39.0,79.0,582.75,0.20856272197311834
39.0,79.0,568.4097222222222,0.24151430251902728
39.0,79.0,562.5208333333334,0.2358717274913002
39.0,79.0,549.2430555555555,0.232521462519123
39.0,79.0,541.8315972222222,0.24724187931215966
39.0,78.0,538.9375,0.25588812976737146
39.0,78.0,533.5555555555555,0.27005067244250297
39.0,78.0,538.6041666666666,0.25862574537327787
39.0,78.0,542.8055555555555,0.25374911968680147
39.0,78.0,530.5833333333334,0.24659077052748093
40.5,78.0,519.6597222222223,0.15009214954457473
39.0,78.0,518.7708333333334,0.17209205780253262
40.5,78.0,546.3333333333334,0.02611615815635933
40.5,78.0,543.1927083333334,0.03778256808653341
41.5,78.0,549.0677083333334,-0.02107351437856077
43.5,78.0,550.9149305555555,-0.04099532045049576
46.5,155.0,1088.3333333333333,1.3678279047201776
48.0,155.0,1130.6649305555557,1.1935488049881804
48.0,155.0,1141.873263888889,1.137196153633409
48.0,155.0,1149.4166666666667,1.0883406172716044
48.0,155.0,1147.1597222222222,1.0977604601235418
48.0,155.0,1274.9930555555554,0.9203297318689517
48.0,155.0,1267.748263888889,0.9318093072826168
48.0,155.0,1387.4149305555557,0.87359775956429
48.0,155.0,1429.0,0.8151889555646292
49.5,155.0,1441.9097222222224,0.7366816948291148
52.5,155.0,1396.409722222222,0.6797293325935068
52.5,155.0,1366.4149305555557,0.6829057047203829
52.5,155.0,1331.6927083333333,0.7199577719303135
52.5,152.0,1302.8055555555557,0.76523207316438
52.5,152.0,1286.7222222222222,0.7908322854772143
52.5,153.0,1290.9565972222224,0.7834596289271077
52.5,153.0,1266.4930555555557,0.8156669987457807
52.5,153.0,1258.456597222222,0.8215743921356344
52.5,153.0,1271.9722222222222,0.8316700713801223
52.5,153.0,1276.6649305555554,0.834662007274609
52.0,153.0,1270.6232638888887,0.8811972973709368
54.5,153.0,1271.6649305555554,0.8385006959069973
57.0,153.0,1283.2760416666667,0.755535014871766
57.0,153.0,1280.1510416666667,0.7380044114830189
57.0,107.0,850.138888888889,0.03728040866469986
56.5,107.0,824.4427083333334,0.09360271760361984
54.5,107.0,818.5833333333334,0.1308154312516008
54.5,107.0,817.1597222222222,0.13912617915818948
54.5,107.0,828.3055555555557,0.10300360848905933
54.5,107.0,788.8263888888888,0.0293527761634528
54.5,107.0,777.4722222222223,0.039148449015027335
54.5,90.0,700.6597222222223,-0.18597795447506107
54.5,90.0,641.9375,-0.21794286849475578
54.5,90.0,653.75,-0.21595316441585688
54.0,90.0,656.9375,-0.13101637530680607
54.0,90.0,678.4375,-0.10841648401181392
54.0,90.0,701.1597222222223,-0.1288917232186457
54.0,90.0,683.1388888888888,-0.10840891062738423
54.0,90.0,689.826388888889,-0.11958420261168312
54.0,89.0,686.1927083333334,-0.11209724966394417
54.0,89.0,716.123263888889,-0.14409505005279322
54.0,89.0,710.8055555555555,-0.15086529335618717
54.0,89.0,701.3315972222223,-0.22684819458188712
56.0,89.0,703.4149305555557,-0.3518349316622921
58.0,101.0,829.4097222222223,-0.18702900600695577
58.0,101.0,904.138888888889,-0.1760468959312726
58.0,108.0,1033.5833333333333,-0.042876607849942246
59.0,111.0,1181.5677083333333,-0.031756844765527606
59.0,111.0,1292.576388888889,-0.042044840138543996
62.0,111.0,1332.3541666666667,-0.12281763094172309
62.0,111.0,1330.9166666666667,-0.14341206602249446
66.5,111.0,1359.6649305555554,-0.22086700463650735
67.0,111.0,1412.076388888889,-0.2664502209761014
67.0,117.0,1514.7430555555557,-0.20789601364998025
69.5,117.0,1550.5763888888887,-0.257910122621627
69.5,117.0,1550.576388888889,-0.25791012262162694
80.0,117.0,1565.984375,-0.3273133230930187
77.0,117.0,1562.734375,-0.30989223744735106
77.0,117.0,1551.909722222222,-0.32213976266597744
77.0,117.0,1506.5555555555557,-0.3368452457081088
77.0,117.0,1506.5555555555554,-0.33684524570810886
77.0,117.0,1543.888888888889,-0.35134198485546747
77.0,117.0,1543.8888888888887,-0.35134198485546747
77.0,115.0,1523.9166666666667,-0.340979155905766
77.0,115.0,1473.748263888889,-0.32192409696823243
77.0,115.0,1447.3888888888887,-0.3352242575908397
86.0,115.0,1465.7482638888887,-0.4598994123842662
88.5,115.0,1525.484375,-0.5318452340336448
88.5,145.0,1741.748263888889,-0.29946054808477174
88.5,169.0,2147.0260416666665,0.010740470866729992
88.5,201.0,2793.388888888889,0.4051103184188604
88.5,222.0,3634.414930555555,0.6484956103504157
88.5,259.0,4922.583333333333,0.8414574251612498
89.5,309.0,6925.317708333333,0.9774668715590666
93.0,348.0,9387.567708333334,0.9884092543392696
95.0,451.0,14063.95659722222,1.1675366942290355
95.0,807.0,32687.47222222222,2.096616259418634
95.0,1140.0,71493.33159722222,2.268229023005537
102.0,1216.0,112285.41493055556,1.9104169098433437
129.5,1216.0,140608.12326388885,1.5353279375906193
163.0,1216.0,151126.109375,1.263718197243504
191.0,1216.0,150016.30555555553,1.1451224357514864
217.5,1216.0,146117.41493055553,1.1128701769961404
217.5,1216.0,143042.81770833334,1.1213769728706668
217.5,1216.0,140797.58333333334,1.1389647222175205
217.5,1216.0,139431.6232638889,1.1524474258913178
217.5,1214.0,138268.60416666666,1.1647415470316866
217.5,1205.0,137079.91666666666,1.1776298169921013
217.5,1186.0,134499.10416666666,1.2006405389261061
221.0,1175.0,130754.30555555555,1.2214080261870854
246.5,1175.0,127272.03993055555,1.201666765172067
290.0,1175.0,124833.08159722223,1.100947901425854
329.0,1175.0,123009.25,0.9914563649956972
348.5,1175.0,121911.33159722223,0.8617109440154679
355.5,1175.0,120716.4097222222,0.7386314627775551
407.0,1175.0,119089.12326388892,0.6277917447477612
497.5,1175.0,118248.88888888892,0.50451167949777
553.0,1175.0,121420.2222222222,0.34093855172882775
579.0,1175.0,121080.16493055556,0.2335234766875983
607.5,1175.0,131301.15104166666,0.12178223850586384
607.5,1175.0,140866.8888888889,0.12659162556814008
607.5,1242.0,148501.7482638889,0.20050975583725358
607.5,1480.0,168539.08333333334,0.4252085479205119
607.5,1480.0,192470.70659722225,0.551742704298125
607.5,1480.0,201549.63888888888,0.49751377580871325
634.5,1480.0,202603.9982638889,0.42165164458794924
634.5,1480.0,200009.6232638889,0.400491790259017
634.5,1480.0,197254.90972222222,0.4063153274459538
634.5,1480.0,195164.57638888888,0.41822431210457817
634.5,1480.0,194057.58159722225,0.4264831445276965
634.5,1477.0,193908.55555555553,0.4276835319980891
634.5,1477.0,191805.41666666666,0.4436613621438552
634.5,1477.0,191326.70659722222,0.44666108558167833
634.5,1477.0,188785.30555555553,0.4518739850515297
634.5,1477.0,187086.41666666666,0.4429093565382243
634.5,1477.0,187622.27604166666,0.456299421765097
634.5,1477.0,187637.91666666666,0.4570899796234267
634.5,1477.0,187639.02604166666,0.45795153361382474
635.0,1477.0,187657.77604166666,0.4492327686928751
650.5,1477.0,187626.07638888888,0.44041093436563794
618.0,1477.0,187766.109375,0.46258109413588594
589.0,1477.0,186220.984375,0.5455764337399263
588.5,1477.0,186228.40972222225,0.5718046073851069
588.5,1477.0,178673.0399305556,0.6860979097268128
588.5,1477.0,179166.83159722225,0.6845475896569841
588.5,1477.0,169429.3732638889,0.686902237718379
588.5,1465.0,153907.05555555556,0.5576409613273983
588.5,1246.0,132656.58159722222,0.31787581167424445
588.5,1246.0,126943.38888888889,0.29738260439449865
588.5,1246.0,126135.984375,0.3112402524010707
588.5,1246.0,126484.7222222222,0.32161350805642513
588.5,1246.0,127513.2065972222,0.3193169917951537
