825.579245646149,3311.5863135411378,679021.4045961272,-0.05151524203585841
825.579245646149,3311.5863135411378,678849.7121771957,-0.051702755165630124
825.579245646149,3311.5863135411378,673808.5785065109,-0.059476054392672104
825.579245646149,3311.5863135411378,674051.285944538,-0.05726809611514453
825.579245646149,3311.5863135411378,675378.2538559774,-0.05482794338705127
863.613616868048,3311.5863135411378,672084.2774748822,-0.07284663989447697
863.613616868048,3311.5863135411378,672843.8343260117,-0.07002400078165341
863.613616868048,3311.5863135411378,676419.5945538798,-0.06121222445422813
863.613616868048,3311.5863135411378,676977.1295226683,-0.05768720965044099
863.613616868048,3311.5863135411378,676266.6926909103,-0.06159515749227389
863.613616868048,3311.5863135411378,677425.4915137612,-0.06647805631588098
863.613616868048,3311.5863135411378,677508.1985421606,-0.06511638815554237
863.613616868048,3311.5863135411378,676814.7452135559,-0.07267111800588699
863.613616868048,3311.5863135411378,673222.5327485567,-0.08333781628512761
826.7816785080574,3311.5863135411378,672811.4262047035,-0.07403560592537405
826.7816785080574,3311.5863135411378,672810.7911673399,-0.07446136616054339
845.5518436983306,3311.5863135411378,673372.9107759453,-0.07996268719241019
845.5518436983306,3311.5863135411378,675889.9831099747,-0.08377805544773456
845.5518436983306,3311.5863135411378,676350.8347877407,-0.08510435952267907
845.5518436983306,3311.5863135411378,677612.4926967968,-0.08810316334569337
807.5174724764315,3311.5863135411378,676053.9564393575,-0.07595150998926978
807.5174724764315,3311.5863135411378,676798.1693176836,-0.07707861446378265
807.5174724764315,3311.5863135411378,677278.813660215,-0.07871321600933942
807.5174724764315,3311.5863135411378,676932.8211303937,-0.08369598515852533
807.5174724764315,3311.5863135411378,677301.7258983041,-0.08411199931767827
807.5174724764315,3311.5863135411378,677649.2237382215,-0.08500486621376975
807.5174724764315,3311.5863135411378,683083.589898305,-0.08629476464511125
807.5174724764315,3311.5863135411378,684093.6758359767,-0.09296038748143325
807.5174724764315,3311.5863135411378,685039.1064627976,-0.09507727544835784
807.5174724764315,3311.5863135411378,683240.7308095151,-0.09277737030400464
807.5174724764315,3311.5863135411378,680113.3131392112,-0.09452934973615747
807.5174724764315,3311.5863135411378,683671.5576641214,-0.0941328935212894
807.5174724764315,3311.5863135411378,682637.6607232674,-0.09389032860601332
807.5174724764315,3311.5863135411378,688816.4396118743,-0.0883598905181179
807.5174724764315,3311.5863135411378,690817.1577516902,-0.09268199026063151
807.5174724764315,3311.5863135411378,691794.1292014192,-0.09322599484148629
807.5174724764315,3311.5863135411378,704070.3116779093,-0.0738508472926025
807.5174724764315,3311.5863135411378,704807.2264181577,-0.07377161608212515
807.5174724764315,3311.5863135411378,707661.025332598,-0.06832154813314174
807.5174724764315,3311.5863135411378,708718.1398468415,-0.06686186659512863
807.5174724764315,3311.5863135411378,717582.2080941845,-0.053896142311824644
807.5174724764315,3515.2893047885777,735553.2411258513,-0.014533787598856823
807.5174724764315,3535.505941769288,750298.8476673302,0.021283553241582487
807.5174724764315,3535.505941769288,754660.0185463215,0.027183827583056572
807.5174724764315,3535.505941769288,755698.9428272328,0.026629692153442824
807.5174724764315,3958.7926248709177,785748.2989178619,0.09901392302532291
807.5174724764315,3958.7926248709177,799118.5683984393,0.12169101350790257
807.5174724764315,3958.7926248709177,810850.833044437,0.14237460357117157
807.5174724764315,3958.7926248709177,823268.6952646136,0.15661186959632725
807.5174724764315,3958.7926248709177,836112.700398172,0.17896192624821433
807.5174724764315,3958.7926248709177,847369.0750111814,0.192925895312126
807.5174724764315,3958.7926248709177,866994.6271679036,0.21523715501663354
807.5174724764315,3958.7926248709177,878644.5846323697,0.22741999664610626
807.5174724764315,3958.7926248709177,889800.3457782008,0.22775603363895938
807.5174724764315,3958.7926248709177,908698.85723067,0.263670016784251
807.5174724764315,4105.161665080798,930373.2468898564,0.30969893822255223
807.5174724764315,4105.161665080798,948548.7078906067,0.321926953265882
807.5174724764315,4105.161665080798,963018.3046602318,0.3221771191689907
807.5174724764315,4105.161665080798,987113.1254423549,0.351677745611139
807.5174724764315,4105.161665080798,1009089.3718393764,0.36728341907200546
807.5174724764315,4105.161665080798,1008965.0096570223,0.36717958972506326
807.5174724764315,4105.161665080798,1032812.2882302428,0.38440197619966854
807.5174724764315,4105.161665080798,1050101.0007945811,0.39519731719607537
807.5174724764315,4105.161665080798,1072665.0249805264,0.4067961281911326
807.5174724764315,4105.161665080798,1091897.0464538664,0.40633101545632144
807.5174724764315,4516.233057323067,1134978.071029537,0.45423796297182145
807.5174724764315,4516.233057323067,1162787.3961234489,0.45191311968600645
807.5174724764315,4516.233057323067,1173895.3295329951,0.4540409622652281
807.5174724764315,4516.233057323067,1204003.4518361108,0.4665282288027911
807.5174724764315,4516.233057323067,1227840.7422565885,0.48436313855035923
807.5174724764315,4516.233057323067,1248740.4824682255,0.4844514666394779
807.5174724764315,4516.233057323067,1260413.1860383258,0.4724568205771534
807.5174724764315,4516.233057323067,1284660.6573998511,0.47463420623075847
807.5174724764315,4516.233057323067,1322365.1477978528,0.47998161241223747
807.5174724764315,4516.233057323067,1354687.2055115467,0.4747185638292273
807.5174724764315,4516.233057323067,1385091.9865861754,0.47546371327449516
807.5174724764315,4516.233057323067,1422519.2245440898,0.47721554066499244
807.5174724764315,4516.233057323067,1445091.570838183,0.4671552493651004
807.5174724764315,4516.233057323067,1487113.5539577838,0.4740099250687085
807.5174724764315,4516.233057323067,1519340.206940061,0.46500991365617506
807.5174724764315,4516.233057323067,1557642.8223566283,0.46045683544183685
807.5174724764315,4516.233057323067,1598562.923498176,0.4589825970159085
807.5174724764315,4516.233057323067,1630436.4005727717,0.4552237580828299
873.917299277355,4516.233057323067,1653420.5630785231,0.4338863442277072
873.917299277355,4543.269900277688,1694056.6704669334,0.43199184538394564
873.917299277355,4543.269900277688,1709809.58262667,0.4154328527349162
873.917299277355,4543.269900277688,1734751.9927682928,0.4036072831066771
873.917299277355,4543.269900277688,1761444.3815779667,0.38619333602503964
873.917299277355,4543.269900277688,1788552.0256906003,0.37105964328364094
873.917299277355,4543.269900277688,1824902.7774596796,0.36044890118990286
943.403964940421,4543.269900277688,1851795.4647594062,0.34134053181443097
943.403964940421,4543.269900277688,1881443.5838950002,0.32905162329365856
943.403964940421,4543.269900277688,1906623.8719149784,0.31406362211192707
943.403964940421,4543.269900277688,1929459.4310166694,0.29618700121168967
943.403964940421,4543.269900277688,1959156.1171915638,0.28383201116245393
983.181071598875,4543.269900277688,1990803.2188347015,0.2685312680854811
1065.39747566867,4543.269900277688,1993394.4378342472,0.24501553054261543
1160.8401891333,4543.269900277688,2015088.8614822417,0.2231537739565224
1231.29380930673,4543.269900277688,2031289.0353578522,0.1993870521779507
1258.76137766581,4543.269900277688,2043301.6723799177,0.17539681148841169
1275.287462789025,4543.269900277688,2062729.1876774777,0.15327011916866576
1278.423969785345,4543.269900277688,2073780.9923972548,0.12990662172199516
1285.689962704435,4543.269900277688,2080210.1704321064,0.10499837525217337
1332.961417810965,4543.269900277688,2096692.510026034,0.08274612825874617
1378.7480407529151,4543.269900277688,2114353.327439583,0.06137011134743552
1402.4214691769348,4543.269900277688,2128497.6838601544,0.04166322195770998
1431.8694728547498,4543.269900277688,2134568.5924721314,0.018805904132036134
1454.9101508127849,4543.269900277688,2136576.4177293195,-0.0027766866860931215
1484.6102963683047,4543.269900277688,2139110.2744626226,-0.026590683169160283
1521.8076553209498,4543.269900277688,2142373.5440834044,-0.04680019735403465
1550.6189633112951,4543.269900277688,2137151.0246403427,-0.07150104677024913
1564.5458324646252,4543.269900277688,2134336.7940844046,-0.09655766657335028
1617.1748008116647,4543.269900277688,2133652.4431819255,-0.11785616033378582
1675.6128938076447,4543.269900277688,2139771.77822733,-0.13962013929424055
1737.493473988425,4543.269900277688,2132083.29768927,-0.16444623758996155
1811.7898181821452,4543.269900277688,2126057.49873168,-0.18963825226857778
1903.7285085799099,4543.269900277688,2108255.88548934,-0.2077869004854911
1977.79091218381,4543.269900277688,2097626.749321704,-0.23292482227318698
2004.8725166090248,4543.269900277688,2084056.7546582755,-0.253743359288197
2097.923160324455,4543.269900277688,2071592.8995201588,-0.2789918781084735
2180.33793111474,4543.269900277688,2053212.820088007,-0.3030287818717468
2197.38108596992,4543.269900277688,2042945.7503854043,-0.325256511010921
2238.2754428123553,4543.269900277688,2027006.6488682188,-0.3506277327637726
2238.2754428123553,4543.269900277688,2004360.2126920142,-0.371473262087545
2238.2754428123553,4543.269900277688,1981408.016989315,-0.3924166027430774
2238.2754428123553,4543.269900277688,1962743.1681696908,-0.4121945308650436
2238.2754428123553,4543.269900277688,1937997.7255682559,-0.432017009494813
2311.540562606945,4543.269900277688,1915307.470661842,-0.45632492466198415
2344.3144015294547,4543.269900277688,1885111.1782516383,-0.47712856169130785
2350.94494883061,4543.269900277688,1857871.0624007122,-0.5002185258791727
2350.94494883061,4543.269900277688,1830896.5323514063,-0.519325513293482
2350.94494883061,4543.269900277688,1798385.6983216659,-0.5385479951570248
2350.94494883061,4543.269900277688,1774012.9539902315,-0.5600584849918
2350.94494883061,4543.269900277688,1731754.5207169186,-0.5641731866046816
2362.2903957750805,4543.269900277688,1706382.8203342676,-0.5890596927324562
2362.2903957750805,4543.269900277688,1661885.8928512076,-0.5971104071118224
2362.2903957750805,4543.269900277688,1628574.7458987138,-0.614982529310159
2362.2903957750805,4543.269900277688,1592794.2594065925,-0.6314666920261778
2362.2903957750805,4543.269900277688,1555500.4332379235,-0.6414614477049622
2362.2903957750805,4543.269900277688,1523573.0060974571,-0.6527062106651406
2362.2903957750805,4454.722856838117,1472787.710248615,-0.650684109682884
2362.2903957750805,4454.722856838117,1451982.913008777,-0.660476891455462
2362.2903957750805,4351.809165476119,1403752.4937339644,-0.6620754634094489
2362.2903957750805,4351.809165476119,1368372.0119050057,-0.6633987457634233
2362.2903957750805,4351.809165476119,1325045.6683087635,-0.6659419845864221
2362.2903957750805,4351.809165476119,1285114.3775592283,-0.6699326639126053
2362.2903957750805,4351.809165476119,1269189.6785649539,-0.6823963931074903
2362.2903957750805,4351.809165476119,1237375.5280795726,-0.6871963536333439
2362.2903957750805,4351.809165476119,1197688.3812278952,-0.6646649830858157
2362.2903957750805,4192.355623158716,1151253.8512997436,-0.6377213810851221
2362.2903957750805,4192.355623158716,1123379.6076049951,-0.6424232023135106
2362.2903957750805,4192.355623158716,1093913.7937020431,-0.6353467813674504
2362.2903957750805,4192.355623158716,1064095.740367371,-0.6195552543020056
2362.2903957750805,4192.355623158716,1030136.3408263385,-0.5896160301217016
2362.2903957750805,4045.0064976162694,989486.0248689723,-0.5446449823620618
2362.2903957750805,4045.0064976162694,950914.6641271958,-0.5095880707366861
2362.2903957750805,4045.0064976162694,934645.2914544347,-0.5006724594203996
2362.2903957750805,4045.0064976162694,904999.4440895453,-0.46524948539010774
2362.2903957750805,3720.4799799825773,874036.7239837035,-0.4036928004168936
2362.2903957750805,3720.4799799825773,862387.3111499876,-0.40222127180335926
2362.2903957750805,3720.4799799825773,839961.9221389726,-0.38807668056741706
2362.2903957750805,3720.4799799825773,812820.8623762194,-0.36035009902247395
2362.2903957750805,3720.4799799825773,797387.2172836364,-0.3508635827086598
2362.2903957750805,3720.4799799825773,792867.6021866571,-0.34291642295621827
2362.2903957750805,3720.4799799825773,767945.5303643879,-0.3007152620051168
2362.2903957750805,3720.4799799825773,762148.1018057001,-0.2997035641369039
2362.2903957750805,3720.4799799825773,745023.4980517464,-0.26698841747929963
2362.2903957750805,3292.1018895281254,717535.0875688965,-0.19742870674605556
2362.2903957750805,3142.09655217444,705316.962242735,-0.16786293355870385
2362.2903957750805,3081.7261451843615,690496.3657262732,-0.14399996242031105
2362.2903957750805,3081.7261451843615,690880.2954397466,-0.144299920419623
2362.2903957750805,3071.117311610137,686568.9316735129,-0.13293295260862326
2362.2903957750805,3071.117311610137,679438.7224533402,-0.12001449980103832
2362.2903957750805,3071.117311610137,664607.2840188585,-0.10061496312342152
2362.2903957750805,3036.2053006747633,654157.5533903597,-0.07623943998122579
2362.2903957750805,3036.2053006747633,642726.7075779784,-0.0580609860939731
2362.2903957750805,3036.2053006747633,635741.6363200576,-0.05271661509033782
2362.2903957750805,3036.2053006747633,636999.2661093909,-0.05304211838093941
2362.2903957750805,3036.2053006747633,636242.0322271537,-0.052174028247023635
2362.2903957750805,3036.2053006747633,637273.544781054,-0.05317992445868374
2362.2903957750805,2964.1294053587862,622890.0240457128,-0.025554284072157832
2362.2903957750805,2964.1294053587862,626008.3172338235,-0.02971385995496526
2362.2903957750805,2964.1294053587862,621854.1629550051,-0.026565681783304703
2362.2903957750805,2964.1294053587862,611480.5816663475,-0.0025794698443132704
2362.2903957750805,2964.1294053587862,619568.6539826638,-0.01968085488920334
2362.2903957750805,2964.1294053587862,621090.9841941561,-0.02223629700317663
2362.2903957750805,2964.1294053587862,620626.8424789024,-0.023411055758544054
2362.2903957750805,2964.1294053587862,616015.0066507509,-0.01938061341796729
2362.2903957750805,2964.1294053587862,611039.0772760303,-0.02170924649866457
2362.2903957750805,2964.1294053587862,603706.469822075,-0.0298848524692376
2362.2903957750805,2964.1294053587862,599762.876879002,-0.038900371706913635
2362.2903957750805,2964.1294053587862,598467.6972844827,-0.04229722746386329
2362.2903957750805,2964.1294053587862,594811.9563636093,-0.04568415688828851
2362.2903957750805,2964.1294053587862,595976.2404576929,-0.042291203623782296
2382.68984787402,2964.1294053587862,590800.8244741273,-0.05514835886527079
2382.68984787402,2964.1294053587862,587047.1489418498,-0.06237964726540106
2372.4172246320004,2964.1294053587862,590420.4676325502,-0.04965234221835263
2372.4172246320004,2964.1294053587862,588334.4388508456,-0.053656860589889735
2372.4172246320004,2964.1294053587862,592791.7431268727,-0.04593117385937847
2372.4172246320004,2964.1294053587862,592401.148251415,-0.0477032621791575
2372.4172246320004,2964.1294053587862,598317.9024239706,-0.03848461385504514
2372.4172246320004,2964.1294053587862,597985.572996349,-0.03663038559184153
2350.94494883061,2964.1294053587862,597698.8770456382,-0.021839947645316337
2350.94494883061,2964.1294053587862,597728.0140367664,-0.021523988170563967
2350.94494883061,2964.1294053587862,594640.9462313048,-0.032826142909259316
2350.94494883061,2964.1294053587862,591140.7115685022,-0.026076441318729347
2350.94494883061,2964.1294053587862,591220.4380417304,-0.02652423136521463
2350.94494883061,2964.1294053587862,591335.367044722,-0.027130741224263795
2350.94494883061,2964.1294053587862,591156.8124361997,-0.023765694677780093
2344.3144015294547,2964.1294053587862,590415.1835340896,-0.011647019066004684
2344.3144015294547,2964.1294053587862,590347.2993584264,-0.011056673654613087
2344.3144015294547,2964.1294053587862,590389.8961517022,-0.011180080896986272
2344.3144015294547,2964.1294053587862,590222.4103664454,-0.009689386407794282
2345.387225231905,2964.1294053587862,591485.722530483,-0.019736011386146057
2345.387225231905,2964.1294053587862,588294.2122993156,-0.01155924911602777
2345.387225231905,2964.1294053587862,584897.368862011,-0.011655710305469743
2345.387225231905,2964.1294053587862,586616.5753082033,-0.014491618883877743
2345.387225231905,2964.1294053587862,589024.9888100367,-0.022191965007416842
2345.387225231905,2964.1294053587862,588210.252732937,-0.022077143930043112
2345.387225231905,2964.1294053587862,596898.0909999541,-0.010326066389895
2345.387225231905,2964.1294053587862,604014.1587450535,-0.01636142134153348
2345.387225231905,2964.1294053587862,610596.7567361316,-0.008995894757898928
2345.387225231905,2964.1294053587862,611737.9615183847,-0.010529750412255182
2345.387225231905,2964.1294053587862,616140.2600988827,-0.008695485868603478
2345.387225231905,3008.9136992074054,627302.5020479317,0.0017904822603065226
2345.387225231905,3008.9136992074054,623707.6537250814,-0.005725479270591508
2345.387225231905,3008.9136992074054,622240.8912371901,-0.00393907910803666
2345.387225231905,3008.9136992074054,632234.7332916765,0.0010425372097440455
2345.387225231905,3008.9136992074054,630013.0328326129,0.0009971519135624578
2345.387225231905,3008.9136992074054,631492.7236481961,0.0026823532421079007
2345.387225231905,3377.2551362108156,648612.681496039,0.038110780727671795
2345.387225231905,3377.2551362108156,664324.09508704,0.04728372132883782
2345.387225231905,3409.115998935866,680796.1483382236,0.07960170699202275
2345.387225231905,3409.115998935866,689070.7012022359,0.09623909706852778
2345.387225231905,3409.115998935866,698045.6303630025,0.10937827726301846
2345.387225231905,3409.115998935866,703558.8054187658,0.11476015039702897
2345.387225231905,3755.2953983445864,723549.7855902375,0.16896395505961775
2345.387225231905,3755.2953983445864,739005.6590682075,0.1844410577629511
2345.387225231905,3755.2953983445864,742782.0992885458,0.19051861433475828
2345.387225231905,3755.2953983445864,762407.9573492733,0.22859111241958519
2345.387225231905,3781.138994666046,781849.6414997742,0.27082338576512893
2345.387225231905,4071.3938341867856,807852.9401912718,0.33526665438243825
2345.387225231905,4071.3938341867856,819161.3460614686,0.34563670403856217
2345.387225231905,4071.3938341867856,836107.8133498954,0.3558402497540478
2345.387225231905,4071.3938341867856,846349.2437877826,0.36914513173070646
2345.387225231905,4071.3938341867856,867050.5746453159,0.37376483368135693
2345.387225231905,4071.3938341867856,885750.7082450979,0.38603804767359434
2345.387225231905,4071.3938341867856,904951.1996436917,0.4001208812089961
2345.387225231905,4205.1366454965155,939170.5803008269,0.4475023968043315
2345.387225231905,4205.1366454965155,952473.8437463026,0.45759915063780476
2345.387225231905,4205.1366454965155,972227.9870539795,0.46910050040244283
2345.387225231905,4205.1366454965155,1000325.9358524544,0.49642457258361
2345.387225231905,4236.868968629946,1035053.7796887275,0.5282665599329652
2345.387225231905,4236.868968629946,1055298.3787247494,0.5300705053590138
2345.387225231905,4236.868968629946,1075336.0873490912,0.53782139311975
2345.387225231905,4236.868968629946,1102986.0555179713,0.5588834385329888
2345.387225231905,4309.798417790576,1142509.8029288657,0.5674804243819163
2345.387225231905,4309.798417790576,1167010.8178995647,0.5730859050294412
2345.387225231905,4309.798417790576,1183958.478955732,0.5690343719052975
2345.387225231905,4581.526987162975,1230134.4378784765,0.5947099693191332
2345.387225231905,4581.526987162975,1270626.8020028712,0.6177389542767918
2345.387225231905,4581.526987162975,1295634.2485338803,0.6088495469815834
2345.387225231905,4581.526987162975,1325974.905662311,0.6040111036221436
2345.387225231905,4581.526987162975,1341670.0190590594,0.596374440961763
2345.387225231905,4581.526987162975,1373476.4058615298,0.6050427400261595
2345.387225231905,4638.924323886606,1419507.0923378184,0.6167615800783393
2345.387225231905,4638.924323886606,1438828.646993055,0.6000021414607078
2345.387225231905,4638.924323886606,1464383.9845233285,0.5813482768513885
2345.387225231905,4638.924323886606,1490749.2460943866,0.5667190963531729
2345.387225231905,4638.924323886606,1516666.8130269344,0.548479014462301
2345.387225231905,4638.924323886606,1533092.8709956962,0.5303877695083611
2345.387225231905,4638.924323886606,1568046.5070943495,0.5235044959371798
2345.387225231905,4638.924323886606,1586949.6133488882,0.5021234572200055
2345.387225231905,4638.924323886606,1612887.105052402,0.5003270472342725
2345.387225231905,4638.924323886606,1647789.334181271,0.48952576043049495
2345.387225231905,4638.924323886606,1675132.5787886346,0.4779126918293128
2372.4172246320004,4638.924323886606,1707274.122785379,0.45939591667380114
2372.4172246320004,4638.924323886606,1735169.6696059194,0.4447894130326609
2395.63074555855,4638.924323886606,1755244.319327395,0.4206369376816938
2395.63074555855,4638.924323886606,1787341.2851578668,0.408064158391176
2395.63074555855,4638.924323886606,1809953.580143327,0.38885490962694574
2435.7755690893155,4650.544835175797,1848891.2965139716,0.37629524444641405
2435.7755690893155,4650.544835175797,1873386.4152182408,0.3601724666127185
2497.74633300414,4650.544835175797,1900721.9068035153,0.3395463854813086
2526.481161403285,4650.544835175797,1921857.999520956,0.31657561710962917
2532.4065991296648,4650.544835175797,1922622.2451222718,0.29474557769068627
2536.29248637299,4650.544835175797,1930921.7850345583,0.2702528724380901
2548.42517831469,4650.544835175797,1947623.9807780408,0.24966228466097365
2580.297161448465,4650.544835175797,1966538.4514981795,0.22791244741026678
2610.563193315795,4650.544835175797,1971634.4733924053,0.20908687394471992
2645.70217681365,4650.544835175797,1990439.7988505191,0.18650818945047112
2681.25845235669,4650.544835175797,2000070.6713508766,0.16318783885452423
2751.175837449915,4650.544835175797,2007184.0543003704,0.13953570073317262
2813.61930335107,4650.544835175797,2001644.797400184,0.11587273941306299
2858.299200887075,4650.544835175797,2007406.5763365633,0.0969218588507665
2921.58700179058,4650.544835175797,2014372.7794339303,0.07251562274551161
2975.457880392525,4650.544835175797,2024861.2484734922,0.04921950487114348
3023.34301447778,4650.544835175797,2023122.8051989325,0.029487917747597698
3043.03260479122,4650.544835175797,2019796.1752858567,0.005803474367009366
3053.63391372999,4650.544835175797,2020910.2409560736,-0.0191640073561693
3066.81510785842,4650.544835175797,2021295.0027971428,-0.04252386709665774
3252.7248118826756,4650.544835175797,2024211.8550751512,-0.06444751455978895
3438.661046534115,4650.544835175797,2034128.0320523542,-0.08634940048728854
3451.742650828115,4650.544835175797,2027859.2939199805,-0.11122846344246361
3464.25173511268,4650.544835175797,2027801.862783576,-0.13397976914704296
3539.2572992928854,4650.544835175797,2027024.190847227,-0.15744031491827246
3650.0323660259646,4650.544835175797,2014130.5369900712,-0.18008513188238934
3696.4839409195547,4650.544835175797,2007278.0066861822,-0.20506527323704798
3711.5898224780804,4650.544835175797,1991833.4161371056,-0.22830056329994441
3753.1906872435547,4650.544835175797,1982144.6426847167,-0.2536157748884658
3796.642092570675,4650.544835175797,1969739.2050527805,-0.274826434691223
3796.642092570675,4650.544835175797,1949501.6726473249,-0.29259943197611504
3847.272249745785,4650.544835175797,1926468.96935474,-0.3138324288914621
3901.55320276638,4650.544835175797,1901856.7417811803,-0.33534419501538926
3919.726159705045,4650.544835175797,1883318.6073532482,-0.35987259541281225
3919.726159705045,4650.544835175797,1866230.8945703045,-0.37754093354983914
3923.713254489215,4650.544835175797,1839044.837346929,-0.3979397632223455
3923.713254489215,4650.544835175797,1813391.3626200682,-0.41858251688992276
3931.808345378675,4650.544835175797,1778512.0497081517,-0.43552170810304514
3931.808345378675,4650.544835175797,1755266.1117847539,-0.4556173990206916
3931.808345378675,4650.544835175797,1736806.0734889202,-0.47498546595095686
3931.808345378675,4650.544835175797,1719325.5558277383,-0.4905464812989277
3931.808345378675,4650.544835175797,1696648.7207173146,-0.5078118363346994
3931.808345378675,4546.885304120629,1649990.077084836,-0.5090620864967853
3941.3999550030053,4546.885304120629,1627039.5684991875,-0.5338663761870274
3967.6649974568404,4546.885304120629,1603182.4284904036,-0.5586373358135485
3967.6649974568404,4546.885304120629,1569308.6008780962,-0.5695906295394841
3967.6649974568404,4546.885304120629,1540726.9747495665,-0.5780742386301844
3967.6649974568404,4546.885304120629,1505259.3853244386,-0.5736755908711262
3967.6649974568404,4546.885304120629,1479048.6955792427,-0.5898289788008225
3967.6649974568404,4546.885304120629,1446537.7040182115,-0.5912060386296302
3988.43730031235,4526.864861701951,1400459.679839354,-0.5929206822385615
3988.43730031235,4526.864861701951,1367374.3128778157,-0.5909913004524592
3988.43730031235,4526.864861701951,1346505.4798205555,-0.6034259347175145
3990.7972564177553,4526.864861701951,1314243.3118259828,-0.6195567164187017
3990.7972564177553,4526.864861701951,1291982.982713479,-0.6215219086606103
3990.7972564177553,4526.864861701951,1268450.2768292774,-0.6311240640140819
3990.7972564177553,4526.864861701951,1241351.4921997455,-0.6260642869178362
3990.7972564177553,4526.864861701951,1207906.428753813,-0.6231418184684488
3990.7972564177553,4526.864861701951,1176556.2696967844,-0.6098965387101974
3990.7972564177553,4526.864861701951,1153671.4203281507,-0.6125758420926455
3990.7972564177553,4526.864861701951,1116926.549096323,-0.5901919279105391
3990.7972564177553,4526.864861701951,1095539.3937643445,-0.5804081562015803
3990.7972564177553,4526.864861701951,1066415.298537076,-0.5677654661960037
3990.7972564177553,4241.2552302311005,1016645.3078366641,-0.5134542174603537
3990.7972564177553,4027.6329179310796,975364.8248063494,-0.47799733848613446
3990.7972564177553,4027.6329179310796,963027.409630511,-0.4686417236130882
3990.7972564177553,4027.6329179310796,938599.3247253528,-0.4460731445013067
3990.7972564177553,4027.6329179310796,918719.5800462987,-0.44288534066785246
3990.7972564177553,4027.6329179310796,913785.1649199631,-0.44068815426353314
3990.7972564177553,4027.6329179310796,914855.1849937344,-0.4418449778417728
3990.7972564177553,4027.6329179310796,903287.1942789517,-0.4322813059499003
3990.7972564177553,4027.6329179310796,890714.9407883033,-0.4199888719628409
3990.7972564177553,4027.6329179310796,870926.1493921807,-0.40136851759061554
3990.7972564177553,4027.6329179310796,864995.9354914066,-0.39955703558463335
3990.7972564177553,4027.6329179310796,851836.946363049,-0.39286213526926544
3990.7972564177553,4027.6329179310796,829089.5445878616,-0.35653052479983366
3990.7972564177553,4027.6329179310796,812186.7399529049,-0.3407979880856304
3990.7972564177553,4027.6329179310796,785048.8889775772,-0.28261559900245076
3990.7972564177553,4027.6329179310796,767441.5968762353,-0.2679698360665225
3990.7972564177553,3344.6879584149206,738075.33090125,-0.18174789231119173
3990.7972564177553,3344.6879584149206,732947.2826833781,-0.17928226329687058
3990.7972564177553,3266.4715633312903,722000.9151589202,-0.15597511945495746
3990.7972564177553,3266.4715633312903,709018.8434409229,-0.13573921949747886
3990.7972564177553,3266.4715633312903,699295.7753388506,-0.12100664237513659
3990.7972564177553,3266.4715633312903,701617.3890515317,-0.12527807521576856
3990.7972564177553,3266.4715633312903,698002.4360228644,-0.12235782251030235
3990.7972564177553,3266.4715633312903,690859.8245337622,-0.12267114439846126
3990.7972564177553,3266.4715633312903,679764.3674414341,-0.11131459561572403
3990.7972564177553,3266.4715633312903,666231.9611089125,-0.08679698023591774
3990.7972564177553,3266.4715633312903,663916.6840573015,-0.08254092656139356
3990.7972564177553,3266.4715633312903,657889.4524021957,-0.08449900959362262
3990.7972564177553,3266.4715633312903,649891.5049787735,-0.07514989942619592
3990.7972564177553,3266.4715633312903,647569.5046904383,-0.07327340102564162
3990.7972564177553,3266.4715633312903,636272.5600304293,-0.07058602201909382
3990.7972564177553,3266.4715633312903,636017.6284135074,-0.07040909665938362
3990.7972564177553,3266.4715633312903,633464.6827534657,-0.07178333384981207
3990.7972564177553,3266.4715633312903,628824.5599631241,-0.07861849329388171
3990.7972564177553,3266.4715633312903,625472.1161024075,-0.08220699882552177
3990.7972564177553,3266.4715633312903,628090.8953162099,-0.07466257274455589
3990.7972564177553,3266.4715633312903,629623.6245778194,-0.07201102003480694
3990.7972564177553,3266.4715633312903,630088.6431766644,-0.06997796227168207
3990.7972564177553,3266.4715633312903,626074.9322407882,-0.07574711436396482
3990.7972564177553,3266.4715633312903,625799.0780795084,-0.07654594504971858
3990.7972564177553,3266.4715633312903,625688.2071661149,-0.07954800368358764
3990.7972564177553,3266.4715633312903,625365.5584379719,-0.08068476959939078
3990.7972564177553,3266.4715633312903,620676.8955822783,-0.08166387724358674
3990.7972564177553,3266.4715633312903,620460.227683964,-0.08402427408961269
3990.7972564177553,3266.4715633312903,621042.4379731598,-0.08419225194831137
3990.7972564177553,3266.4715633312903,619726.1360539781,-0.09250523890290774
3988.43730031235,3266.4715633312903,619398.0493406394,-0.08736006258676038
3967.09454250992,3266.4715633312903,619538.8971708677,-0.08182796672749967
3941.3999550030053,3266.4715633312903,620015.6961448865,-0.06726423797947395
3931.808345378675,3266.4715633312903,620055.697590501,-0.0626255686595869
3941.3999550030053,3266.4715633312903,621743.5288639313,-0.07282168755050691
3941.3999550030053,3266.4715633312903,621601.3259381505,-0.07448654926856238
3931.808345378675,3266.4715633312903,621104.8219589151,-0.051993433846842296
3931.808345378675,3266.4715633312903,622149.5824458204,-0.05684929368622683
3941.3999550030053,3266.4715633312903,622223.7580775052,-0.05909222261879349
3941.3999550030053,3266.4715633312903,620588.9508867942,-0.05228889428398994
3931.017229684405,3266.4715633312903,617979.1776181869,-0.040750923896008595
3931.017229684405,3266.4715633312903,613559.8833394566,-0.03854444719225158
3931.017229684405,3266.4715633312903,616221.9632347384,-0.04517766312341857
3931.017229684405,3266.4715633312903,616321.5995493453,-0.045611781141990125
3931.017229684405,3266.4715633312903,616510.9379699987,-0.046303552267599336
3931.017229684405,3266.4715633312903,621318.8753914607,-0.048189336683887446
3931.017229684405,3266.4715633312903,622424.9428962099,-0.05016431571568918
3931.017229684405,3266.4715633312903,623848.5847313469,-0.05183165455675949
3931.017229684405,3266.4715633312903,619070.3473923237,-0.05422305714778861
3931.017229684405,3266.4715633312903,625697.0825117911,-0.05229967793812962
3931.017229684405,3266.4715633312903,625907.6096634235,-0.05256514859416506
3931.017229684405,3266.4715633312903,629833.741548389,-0.04629216390670549
3931.017229684405,3266.4715633312903,632226.1220710545,-0.04145427958597219
3931.017229684405,3266.4715633312903,635698.7326053588,-0.04218852483030663
3931.017229684405,3266.4715633312903,644815.7664174208,-0.03010372386625445
3931.017229684405,3266.4715633312903,652152.3950144949,-0.014732012662998433
3931.017229684405,3266.4715633312903,655907.1199405869,-0.006501314028809373
3931.017229684405,3650.60456377106,673997.1891189675,0.03839086909256636
3931.017229684405,3650.60456377106,675988.8639838096,0.03529858180284182
3931.017229684405,3650.60456377106,669856.186605835,0.024414453373818604
3931.017229684405,3650.60456377106,664672.6558236576,0.015699904166353886
3931.017229684405,3650.60456377106,675835.9255662516,0.03265501840229344
3931.017229684405,3774.85163948783,695229.9138884277,0.08435207301273748
3931.017229684405,3852.3872831336407,720658.5636441268,0.13317975768805143
3931.017229684405,3852.3872831336407,731678.0409760496,0.15543310056412737
3931.017229684405,3852.3872831336407,741208.0572331329,0.18050506218148957
3931.017229684405,3852.3872831336407,756609.1453457723,0.1911833626007573
3931.017229684405,3852.3872831336407,774949.0235922817,0.21648632315632751
3931.017229684405,3852.3872831336407,793148.356987194,0.24046487512360767
3931.017229684405,3852.3872831336407,804930.6139020335,0.24820525623207965
3931.017229684405,3852.3872831336407,823269.400456694,0.25586312433991903
3931.017229684405,3852.3872831336407,836534.403408337,0.2741952451328215
3931.017229684405,4173.79218666656,868840.493148759,0.31905104202996865
3931.017229684405,4173.79218666656,879906.2831073817,0.32572062923778117
3931.017229684405,4173.79218666656,883324.8309349878,0.32699614026215634
3931.017229684405,4173.79218666656,909955.3737386037,0.36233075007753807
3931.017229684405,4173.79218666656,921285.160667637,0.3728495112256421
3931.017229684405,4173.79218666656,939743.4671004259,0.3869389234542559
3931.017229684405,4250.1143294413105,971779.2280102061,0.42096251451637606
3931.017229684405,4250.1143294413105,987061.8356041207,0.431111995277121
3931.017229684405,4250.1143294413105,1009898.9991392192,0.44229348679809566
3931.017229684405,4524.75781483474,1041195.1710398417,0.490578018313595
3931.017229684405,4524.75781483474,1071605.2149480886,0.5120733859225147
3931.017229684405,4524.75781483474,1099963.17258817,0.5348396628602659
3931.017229684405,4524.75781483474,1125562.3712823899,0.54433781148932
3941.3999550030053,4524.75781483474,1147790.617489333,0.5272142158029407
3941.3999550030053,4524.75781483474,1167504.0558653388,0.5165222298081521
3941.3999550030053,4524.75781483474,1195783.0698819743,0.5198987692534761
3941.3999550030053,4847.181540894091,1244252.057391384,0.5590730632507238
3941.3999550030053,4847.181540894091,1278384.2043167308,0.5520608856231601
3941.3999550030053,4847.181540894091,1307796.473632607,0.5596585834833837
3941.3999550030053,4847.181540894091,1342577.0559541308,0.5595437834899766
3941.3999550030053,4847.181540894091,1371569.0655889574,0.551141672823441
3941.3999550030053,4847.181540894091,1393280.918946857,0.5330805427169126
3941.3999550030053,5139.63756278312,1452786.9812011705,0.5578761491297953
3941.3999550030053,5139.63756278312,1480761.468339641,0.5491347923379076
3941.3999550030053,5139.63756278312,1509182.9460156239,0.5423777335799066
3967.09454250992,5139.63756278312,1526985.0542978295,0.5185717114924147
3967.09454250992,5139.63756278312,1556728.8953481538,0.5035434635561548
3967.09454250992,5139.63756278312,1585559.2378060878,0.4947928371378073
3967.09454250992,5139.63756278312,1614739.16995927,0.4804636251700287
3967.09454250992,5139.63756278312,1629205.6813470754,0.4734468620246453
3967.09454250992,5139.63756278312,1675532.2898985348,0.480521167937515
3967.09454250992,5139.63756278312,1721923.8100198186,0.48137931027740366
3967.09454250992,5139.63756278312,1757500.122740937,0.46904368985929107
3967.09454250992,5139.63756278312,1778394.6368962035,0.45097324637323827
3967.09454250992,5139.63756278312,1812137.3449100375,0.43432336785359116
3967.09454250992,5139.63756278312,1838164.0244651071,0.41807553847504497
3967.09454250992,5139.63756278312,1862873.8876282028,0.40456861787262405
3967.09454250992,5139.63756278312,1901260.3276794315,0.39545920829730113
4005.254174847415,5139.63756278312,1916367.834301191,0.37152106751606956
4047.42550430933,5139.63756278312,1932756.5085646934,0.34630223803971716
4073.0437834423406,5139.63756278312,1950489.1352759164,0.3240833530498826
4091.3678267519754,5139.63756278312,1973382.1639696755,0.30425176036850576
4091.3678267519754,5139.63756278312,1986236.784642138,0.28661339459226554
4171.702868745535,5139.63756278312,1997147.7325197917,0.26131387242936516
4235.946241362335,5139.63756278312,2021688.7928523577,0.24150253379573403
4251.00571302462,5139.63756278312,2042651.537803261,0.220126577684191
4287.2135207487245,5139.63756278312,2055167.5432702198,0.20024222793797855
4318.41860373214,5139.63756278312,2073255.5260199674,0.1776307586583428
4342.627657217185,5139.63756278312,2072758.9135119182,0.15608342052598287
4362.960219145105,5139.63756278312,2077352.2623404618,0.1309112367202354
4400.903968258555,5139.63756278312,2089736.4116874791,0.10694326104119221
4479.187594934634,5139.63756278312,2092899.1671523713,0.08245680924995223
4523.379486083095,5139.63756278312,2106135.0520150783,0.06429209611497372
4526.339214563835,5139.63756278312,2111310.5321611613,0.048030258715454265
4562.747910353125,5139.63756278312,2119425.536730963,0.023701446893841314
4603.274172355595,5139.63756278312,2108473.1154542146,0.0018728273793851946
4635.1815173799,5139.63756278312,2095692.5863381573,-0.020915202187499513
4752.56288885205,5139.63756278312,2095935.2171824884,-0.04488301231539654
4861.47258484353,5139.63756278312,2087168.3448086046,-0.06918487768166756
4909.50057512546,5139.63756278312,2089118.3898626291,-0.08843765876635365
4946.578468766569,5139.63756278312,2087647.4456022598,-0.11207350720330575
4995.483406934645,5139.63756278312,2076221.3410541725,-0.13344823393882052
5085.16982858719,5139.63756278312,2082797.7865417704,-0.14975832065211445
5085.16982858719,5139.63756278312,2059186.2466286414,-0.16366386696271787
5152.75753601478,5139.63756278312,2049452.8865555325,-0.18777032009359518
5233.94181352806,5139.63756278312,2030425.2293404758,-0.2104877131826324
5306.896107237801,5139.63756278312,2015368.1970790625,-0.23136397674573217
5333.31681183675,5139.63756278312,1995496.7035615756,-0.2542801838648909
5351.132515342504,5139.63756278312,1979635.3941203258,-0.27813222819178496
5372.3651254190645,5139.63756278312,1961808.4280894448,-0.30227443166258317
5372.3651254190645,5139.63756278312,1931107.3347643227,-0.3184132200976727
5372.3651254190645,5139.63756278312,1908549.372793613,-0.33707745672853917
5372.3651254190645,5139.63756278312,1891509.1973339592,-0.353045146264019
5372.3651254190645,5139.63756278312,1878316.4055295575,-0.37399042772479285
5372.3651254190645,5139.63756278312,1841807.352111147,-0.3836048615495334
5408.63493254882,5139.63756278312,1815991.5292458553,-0.4048115403610955
5408.63493254882,5139.63756278312,1798367.1546749726,-0.42625801816487274
5441.76613129829,5139.63756278312,1766850.4542364292,-0.44531829029493075
5441.76613129829,4833.71836182265,1715400.3660875938,-0.4389335785000311
5480.675484491734,4833.71836182265,1680331.3281928604,-0.45431245489254407
5480.675484491734,4833.71836182265,1642838.367698724,-0.46139372795655814
5480.675484491734,4833.71836182265,1614649.331435581,-0.4690895938690612
5480.675484491734,4833.71836182265,1581342.998106315,-0.4822708046402235
5480.675484491734,4833.71836182265,1554339.1725367843,-0.48873663995297567
5480.675484491734,4833.71836182265,1521126.9052542225,-0.4916562871767531
5480.675484491734,4833.71836182265,1494068.02638856,-0.49985803692337893
5480.675484491734,4833.71836182265,1459791.0576469973,-0.5065568494111843
5480.675484491734,4833.71836182265,1439452.526203602,-0.5148434733525152
5480.675484491734,4833.71836182265,1401356.8491041472,-0.5195498592296012
5480.675484491734,4833.71836182265,1375039.3597584483,-0.5203405793652727
5480.675484491734,4833.71836182265,1335921.23938241,-0.5151967330834822
5480.675484491734,4833.71836182265,1306711.0280285964,-0.5189671793622462
5480.675484491734,4833.71836182265,1278263.787412834,-0.5130851954697757
5480.675484491734,4591.98612013056,1233104.1476221844,-0.4837665850135883
5480.675484491734,4591.98612013056,1203576.8233754542,-0.47380082115486466
5480.675484491734,4591.98612013056,1181849.7237484981,-0.4826445375046701
5480.675484491734,4591.98612013056,1156289.1460588605,-0.49051167576987204
5480.675484491734,4591.98612013056,1132123.8538312153,-0.47909508372725973
5480.675484491734,4334.54024585581,1091761.812396766,-0.4534559160796749
5480.675484491734,4334.54024585581,1073608.9738207874,-0.4524726928537186
5480.675484491734,4334.54024585581,1055169.8709563524,-0.435116181680864
5480.675484491734,4334.54024585581,1028006.9532988805,-0.4102868268256602
5480.675484491734,4334.54024585581,1013476.7162461982,-0.4125919644807364
5480.675484491734,4275.846745241719,982332.454365634,-0.3826169405939125
5480.675484491734,4275.846745241719,971947.5990572702,-0.36882378086312384
5480.675484491734,4275.846745241719,956825.6405569654,-0.36769073713146766
5480.675484491734,4275.846745241719,937706.4732216522,-0.3603686440924963
5480.675484491734,4275.846745241719,915470.1154041148,-0.3358385226275521
5480.675484491734,4275.846745241719,894815.5934908297,-0.3078800086942317
5480.675484491734,4275.846745241719,873897.5579121516,-0.3024248586554329
5480.675484491734,4275.846745241719,859500.0767630826,-0.28982004852694576
5480.675484491734,4275.846745241719,842296.7420542544,-0.2705424613957787
5480.675484491734,4275.846745241719,838601.9348733334,-0.26703919692808586
5480.675484491734,4275.846745241719,828216.30258798,-0.25014682151399964
5480.675484491734,4275.846745241719,815126.9889065018,-0.22392516587891534
5480.675484491734,4275.846745241719,806266.7545011195,-0.21464814924578826
5480.675484491734,3929.1335040619497,772847.1013283816,-0.14856270780520292
5480.675484491734,3929.1335040619497,758776.8190829415,-0.143286297684664
5480.675484491734,3929.1335040619497,746337.6057482294,-0.13902487542589728
5480.675484491734,3929.1335040619497,730912.4557426021,-0.12457015691465914
5480.675484491734,3929.1335040619497,714769.6666823687,-0.0897669555524759
5480.675484491734,3929.1335040619497,708429.5616004536,-0.07566447025513351
5480.675484491734,3929.1335040619497,708434.9318053452,-0.07566725052700143
5480.675484491734,3929.1335040619497,707881.8312599377,-0.07411976343247066
5480.675484491734,3511.63676744552,687110.8640345617,-0.016748865430569967
5480.675484491734,3511.63676744552,680767.9708773423,-0.020363127143734294
5480.675484491734,3511.63676744552,672209.7471285611,-0.008662112362710691
5480.675484491734,3511.63676744552,661978.2662504213,-0.0009447721220147276
5480.675484491734,3511.63676744552,649936.0117046062,0.018028993833383383
5480.675484491734,3511.63676744552,648440.5168359376,0.020072785952708828
5480.675484491734,3511.63676744552,644202.5169724359,0.013019444704529289
5480.675484491734,3511.63676744552,638875.9796928393,0.018351318712627917
5480.675484491734,3511.63676744552,636896.1491243858,0.021229955041673746
5480.675484491734,3511.63676744552,637470.8057971012,0.021908975867919924
5480.675484491734,3511.63676744552,639648.618945501,0.01933050490910798
5480.675484491734,3511.63676744552,635927.0726220186,0.014765044902753568
5480.675484491734,3511.63676744552,631599.6502979683,0.012154500075991533
5480.675484491734,3511.63676744552,633146.4280559726,0.01500582885119126
5480.675484491734,3511.63676744552,630336.0704425365,0.015230627881302064
5480.675484491734,3511.63676744552,629883.0381495288,0.012335043177181315
5480.675484491734,3511.63676744552,632916.9588474921,0.018169915828801092
5480.675484491734,3511.63676744552,633513.0419229941,0.018707531248780353
5480.675484491734,3511.63676744552,633655.0556057629,0.019994188144624968
5480.675484491734,3511.63676744552,634856.9751217192,0.027682666927938696
5488.6101918470995,3511.63676744552,634738.544577624,0.024131998946431327
5463.970290819755,3511.63676744552,634447.8127633858,0.03819114088005114
5488.6101918470995,3511.63676744552,630695.7871123096,0.02167703066500304
5491.496883779535,3511.63676744552,629076.1864816098,0.010989649613260606
5491.496883779535,3511.63676744552,631011.857099087,0.012848115302578848
5491.496883779535,3511.63676744552,632220.1026031689,0.022001117329015923
5491.496883779535,3511.63676744552,631811.022415156,0.02325984524818006
5491.496883779535,3511.63676744552,630363.2207035193,0.02814243491257288
5474.791690107555,3511.63676744552,630182.3618283233,0.03785490487738375
5449.700838653655,3511.63676744552,629461.3877396112,0.05224219809877916
5449.700838653655,3511.63676744552,631081.990259891,0.0449564832972498
5449.700838653655,3511.63676744552,630162.2644246204,0.05277122965372525
5449.700838653655,3511.63676744552,633848.7613716668,0.04865330821701961
5449.700838653655,3511.63676744552,638921.6061885095,0.03833150116318086
5436.04353491363,3511.63676744552,638424.1008577216,0.0450377219424161
5436.04353491363,3511.63676744552,637867.244102699,0.04808853654782628
5436.04353491363,3511.63676744552,633208.3795767978,0.05725780508601257
5436.04353491363,3511.63676744552,636906.927713731,0.04861402481117231
5458.247694435095,3511.63676744552,637244.9392015375,0.04045475534216434
5458.247694435095,3511.63676744552,633235.7272798258,0.051388211524966636
5458.247694435095,3511.63676744552,643966.9634021351,0.056880293106626685
5458.247694435095,3511.63676744552,649966.1865428122,0.05680412630365898
5458.247694435095,3511.63676744552,651947.1665971142,0.05873208347202596
5458.247694435095,3511.63676744552,653668.3451574476,0.05602737565935588
5458.247694435095,3511.63676744552,656898.9133018532,0.05543107646705581
5458.247694435095,3511.63676744552,656668.9436984699,0.055029737032619215
5458.247694435095,3511.63676744552,653922.1739255812,0.05519420715441929
5458.247694435095,3511.63676744552,655240.4117275762,0.0565320982606135
5458.247694435095,3511.63676744552,660629.9641548715,0.06161916343484105
5458.247694435095,3511.63676744552,677701.5387281636,0.08882520070583377
5458.247694435095,3511.63676744552,689923.7847057057,0.09666607366830263
5458.247694435095,3511.63676744552,703738.8089718462,0.12071398675236572
5458.247694435095,3511.63676744552,701753.9907654546,0.11624731117401711
5458.247694435095,3511.63676744552,702833.8045229355,0.11699100655450512
5458.247694435095,3511.63676744552,708250.3400844488,0.12375662375867781
5458.247694435095,3511.63676744552,707623.4095878245,0.12335331473795787
5458.247694435095,3550.5827600984,724244.8873116715,0.15477613403910367
5458.247694435095,3746.441918683899,748084.1656979177,0.19532214900672037
5458.247694435095,3746.441918683899,744611.5599618402,0.18634083384193578
5458.247694435095,3746.441918683899,752154.2684858597,0.19213059615366673
5458.247694435095,3789.37479198967,773618.918385154,0.23376583704763151
5458.247694435095,3789.37479198967,792931.5003735273,0.24921147530525053
5458.247694435095,3789.37479198967,805617.2968060932,0.2627132459260667
5458.247694435095,3934.4572909759404,830274.7002779823,0.3055012663236214
5458.247694435095,3934.4572909759404,842260.5218895201,0.3145694264795533
5458.247694435095,4026.4948752266787,873123.291507566,0.3505387460766795
5458.247694435095,4026.4948752266787,876950.4448079359,0.355670705955677
5458.247694435095,4026.4948752266787,890716.9700086685,0.3801495772557454
5458.247694435095,4067.301026373591,915069.1884997515,0.4179857121813444
5458.247694435095,4067.301026373591,929777.5327585362,0.41791846547744105
5458.247694435095,4067.301026373591,951902.6452496728,0.445213141893038
5458.247694435095,4067.301026373591,974448.4752741067,0.4610414887362242
5458.247694435095,4143.34397009914,1004635.5354977831,0.48833702586586786
5458.247694435095,4143.34397009914,1017371.1186569079,0.49777946865157663
5458.247694435095,4143.34397009914,1044987.9990231518,0.5061205095534467
5458.247694435095,4448.05900637756,1084956.4235894806,0.5417350698841079
5458.247694435095,4448.05900637756,1115006.3851693044,0.5515207532611922
5458.247694435095,4448.05900637756,1149679.716943667,0.5726844328902864
5458.247694435095,4448.05900637756,1178972.622689329,0.5696376135701562
5458.247694435095,4448.05900637756,1201177.364925087,0.564159329342419
5458.247694435095,4448.05900637756,1228309.6084825813,0.5731735230338038
5458.247694435095,4448.05900637756,1247327.416539291,0.5709273867340476
5458.247694435095,4448.05900637756,1261036.1237525987,0.5573453662444896
5458.247694435095,4567.0092908138795,1301609.180090155,0.5782283090360107
5458.247694435095,4567.0092908138795,1326056.467927638,0.5595589160567758
5458.247694435095,4567.0092908138795,1344451.174193574,0.5483054140875041
5458.247694435095,4567.0092908138795,1384240.648341998,0.5622994696137632
5458.247694435095,4567.0092908138795,1417344.278767615,0.5564096051760801
5458.247694435095,4567.0092908138795,1444889.7585197731,0.5485005026791916
5458.247694435095,4567.0092908138795,1476683.0773073211,0.5347385855336124
5458.247694435095,4567.0092908138795,1504286.3794662834,0.5301576279278797
5458.247694435095,4601.84077900434,1545967.8999438556,0.5230754098003884
5458.247694435095,4601.84077900434,1585073.3696837022,0.5180546498007975
5458.247694435095,4601.84077900434,1604272.8549722494,0.501078970255229
5458.247694435095,4601.84077900434,1639250.3833026174,0.4926177339680128
5458.247694435095,4601.84077900434,1677118.5933091957,0.48156572797573405
5458.247694435095,4601.84077900434,1711989.206649778,0.48034087575957574
5474.791690107555,4601.84077900434,1724573.6380644883,0.4569345134266679
5474.791690107555,4601.84077900434,1752874.6934358384,0.44216712610881165
5478.780250321484,4886.654924141161,1794541.399796117,0.43253058026043506
5478.780250321484,4886.654924141161,1829929.4793833415,0.41921670748892276
5478.780250321484,4886.654924141161,1846073.345151253,0.40102446638594014
5509.390669790089,4886.654924141161,1859807.3591569178,0.3770701150713339
5509.390669790089,4886.654924141161,1890571.8740297607,0.36267961074964017
5509.390669790089,4886.654924141161,1914918.1615239028,0.34392554799045355
5509.390669790089,4886.654924141161,1948013.971600008,0.33083045995635374
5538.93102416008,4886.654924141161,1971417.159801138,0.30862587291146093
5539.672719130045,4886.654924141161,1991387.365196187,0.2852520526282366
5576.931828077525,4886.654924141161,2007543.1282513537,0.2608692518313439
5627.84641702075,4886.654924141161,2027115.433876504,0.23836378999768032
5661.8364880502095,4886.654924141161,2032581.5361745004,0.21329837359987355
5695.661664404795,4886.654924141161,2069764.3992486454,0.20130234977952927
5719.262390437855,4886.654924141161,2076854.2570140597,0.17862335793115214
5719.262390437855,4886.654924141161,2094907.2768465467,0.1619105697464258
5793.143501032885,4886.654924141161,2099170.3711744603,0.13677176255485463
5920.607274986415,4886.654924141161,2126338.056673201,0.11968568717027916
6066.538756209835,4886.654924141161,2139884.820566165,0.09606395928380952
6160.683289273235,4886.654924141161,2137151.3067507436,0.07132843478268681
6208.376056423775,4886.654924141161,2146467.288744689,0.04796373726759161
6281.853680715076,4886.654924141161,2150204.705515287,0.0240927960495979
6340.670988677361,4886.654924141161,2161575.20358112,0.0025556480952166672
6392.73579211028,4886.654924141161,2159921.035725613,-0.0224209799130258
6464.505101588185,4886.654924141161,2155568.3729090216,-0.04534840763466273
6528.921233681115,4886.654924141161,2143188.4004510003,-0.06826027639943233
6557.392522357775,4886.654924141161,2155439.1061017336,-0.09061438379777663
6564.040897496185,4886.654924141161,2135702.4679147974,-0.1093860618261305
6567.995222367595,4886.654924141161,2147238.175912478,-0.13055937403330142
6619.1318570044095,4886.654924141161,2138042.9070459967,-0.154381400796408
6681.617148524099,4886.654924141161,2118714.7734819837,-0.17637958491959785
6755.9330713902455,4886.654924141161,2104321.4261670634,-0.20029740136676955
6833.00769911233,4886.654924141161,2089681.4332019575,-0.22463309229456144
6852.269699038485,4886.654924141161,2081313.1419220108,-0.24874709602133313
6852.269699038485,4886.654924141161,2070554.6750591458,-0.2653652753937021
6875.500520379675,4886.654924141161,2046070.271122281,-0.2870209876014873
6901.330744095525,4886.654924141161,2034273.2290862463,-0.3112025401519989
6924.45546905141,4886.654924141161,2015141.2834585267,-0.335117279438624
6924.45546905141,4886.654924141161,1975519.9688026186,-0.3460666634448496
6924.45546905141,4886.654924141161,1945677.775504683,-0.3564478347455343
6924.45546905141,4886.654924141161,1924821.938627509,-0.37706324323354573
6924.45546905141,4886.654924141161,1900340.9599485113,-0.3943802483912003
6924.45546905141,4849.47941837345,1851775.6018619805,-0.3965791671304079
6924.45546905141,4849.47941837345,1829055.7469305112,-0.4130386020580454
6924.45546905141,4849.47941837345,1806413.1755889517,-0.4313574440283932
6924.45546905141,4849.47941837345,1775711.3116012528,-0.4465259180491669
6972.926303505876,4849.47941837345,1741677.4837334647,-0.46289097507402843
7013.599905541776,4849.47941837345,1727020.1256178874,-0.48585054403278716
7013.599905541776,4849.47941837345,1696629.5747566212,-0.49742497319160117
7013.599905541776,4849.47941837345,1666235.6414234831,-0.5105915952999
7013.599905541776,4849.47941837345,1625344.685507081,-0.5182257511366114
7015.966195676479,4849.47941837345,1582292.294148494,-0.5260266320101593
7015.966195676479,4849.47941837345,1536545.8220041834,-0.5230735359400936
7015.966195676479,4849.47941837345,1504116.9355990826,-0.5208254249192875
7015.966195676479,4849.47941837345,1482715.8201513074,-0.535846475908809
7015.966195676479,4849.47941837345,1464372.9077678095,-0.5493433003783091
7015.966195676479,4849.47941837345,1444265.43039908,-0.571088182732154
7015.966195676479,4849.47941837345,1422459.081378074,-0.5850841333239141
7015.966195676479,4849.47941837345,1390243.5163017833,-0.5849583755759852
7015.966195676479,4849.47941837345,1348646.405594158,-0.5727768661850562
7015.966195676479,4849.47941837345,1316028.0476449311,-0.5684334215870803
7015.966195676479,4315.79694348918,1261199.9218048106,-0.5301763030668529
7015.966195676479,4315.79694348918,1227920.1111117275,-0.5233363513237864
7015.966195676479,4315.79694348918,1209171.4093103593,-0.5345269223765511
7015.966195676479,4315.79694348918,1180391.2805212985,-0.5312639565905071
7015.966195676479,4315.79694348918,1161382.422848508,-0.5317108421502906
7015.966195676479,4315.79694348918,1140415.4238355092,-0.5246854324955202
7015.966195676479,4315.79694348918,1104849.5622816682,-0.5070197940709087
7015.966195676479,4315.79694348918,1091165.5518140513,-0.5098320282150796
7015.966195676479,4315.79694348918,1064235.9407618672,-0.49819929992394363
7015.966195676479,4315.79694348918,1028102.1788666857,-0.4744058476640935
7015.966195676479,4315.79694348918,1000652.0604774288,-0.46949773720912286
7015.966195676479,3972.929095152461,967310.3291732091,-0.4194110874667301
7015.966195676479,3972.929095152461,947168.1821060091,-0.4197945807848859
7015.966195676479,3972.929095152461,932448.8869759742,-0.406465664383699
7015.966195676479,3972.929095152461,907893.0727017611,-0.38212901579761444
7015.966195676479,3972.929095152461,883303.2016334201,-0.3536504416224956
7015.966195676479,3972.929095152461,871679.002756756,-0.3449961585214091
7015.966195676479,3972.929095152461,841212.0562592687,-0.3069301269795579
7079.613961512546,10626.29423477627,1241529.4989055474,2.3249045609837786
7079.613961512546,10626.29423477627,1225130.1579374769,2.3797498668455397
7079.613961512546,10626.29423477627,1205638.3657645264,2.4553095032991687
7079.613961512546,10626.29423477627,1200481.4614725616,2.4747880321506526
7079.613961512546,10626.29423477627,1180918.247788521,2.5465247405374942
7079.613961512546,10626.29423477627,1185223.4485001876,2.528798465415496
7079.613961512546,10626.29423477627,1178001.5005057568,2.556651971257623
7079.613961512546,10304.77242870063,1156378.623000327,2.6639799235434736
7079.613961512546,10109.692353171671,1135517.6191530344,2.7586669790886496
7079.613961512546,10109.692353171671,1131410.3113048351,2.773828932310682
7079.613961512546,10109.692353171671,1130875.6483663244,2.7761275812787454
7079.613961512546,10109.692353171671,1114233.2715584373,2.849077262130841
7079.613961512546,9907.53360154262,1102385.0270392909,2.9088444013724635
7079.613961512546,9907.53360154262,1098179.66606327,2.9242773512559235
7079.613961512546,9907.53360154262,1086432.1388850894,2.978067187696313
7079.613961512546,9907.53360154262,1085667.791478663,2.9804839990900804
7079.613961512546,9907.53360154262,1090897.1122709888,2.9601975013678037
7079.613961512546,9907.53360154262,1078147.3978164287,3.020157879303037
7079.613961512546,9907.53360154262,1071567.4317721908,3.050953435190604
7079.613961512546,9907.53360154262,1067634.7350729173,3.0710893229792116
7079.613961512546,9907.53360154262,1066498.492186556,3.075210106215851
7079.613961512546,9907.53360154262,1054537.7730964504,3.122181762900363
7079.613961512546,9907.53360154262,1044514.1455001533,3.1736482092268745
7079.613961512546,9907.53360154262,1047707.1419273566,3.165231524500632
7079.613961512546,9907.53360154262,1047199.0631137767,3.1664524970943058
7079.613961512546,9907.53360154262,1047800.9533023,3.1647012839291238
7113.6818931651505,9907.53360154262,1042172.6288912026,3.1784505859538617
7113.6818931651505,9907.53360154262,1039895.824760323,3.1843453251096485
7161.578953085811,9907.53360154262,1038714.8664483108,3.1790748844751158
7161.578953085811,9907.53360154262,1033706.6049152795,3.1967735343028827
7161.578953085811,9907.53360154262,1035712.917885998,3.189724281630768
7161.578953085811,9907.53360154262,1035088.5590713139,3.1904489554835296
7113.6818931651505,9907.53360154262,1037793.1913388267,3.1898168334198105
7113.6818931651505,9907.53360154262,1040136.3940270487,3.1858970250063523
7058.143388229355,9907.53360154262,1040859.1510133464,3.1898578351012916
7113.6818931651505,9907.53360154262,1040544.831020049,3.186486619026605
7113.6818931651505,9907.53360154262,1038673.6505597733,3.1876307370131136
7148.71330872145,9907.53360154262,1038255.4697664268,3.1829540282836803
7179.193524328624,9907.53360154262,1035976.1170046482,3.1803279327370007
7148.71330872145,9907.53360154262,1035800.1897723295,3.1868996654802717
7113.6818931651505,9907.53360154262,1038120.7596672112,3.194363510439067
7127.242735438259,9907.53360154262,1038628.7409236751,3.18706597418716
7179.193524328624,9907.53360154262,1041788.9239402451,3.157284705043339
7179.193524328624,9907.53360154262,1040725.0307060939,3.1668394212198185
7127.242735438259,9907.53360154262,1040741.5575370442,3.1743091677453648
7127.242735438259,9907.53360154262,1040809.7597686481,3.1731450879325807
7121.834475210175,9907.53360154262,1038619.2535332479,3.192437525963757
7121.834475210175,9907.53360154262,1039340.7621002439,3.1842552308362793
7121.834475210175,9907.53360154262,1038780.8451326682,3.1875811610295672
7121.834475210175,9907.53360154262,1041974.8019654949,3.1641413554346607
7121.834475210175,9907.53360154262,1042358.2771838686,3.1616935210343304
7121.834475210175,9907.53360154262,1039622.098815317,3.1800459373434236
7121.834475210175,9907.53360154262,1044314.4012443561,3.1481841291866797
7121.834475210175,9907.53360154262,1049063.058743204,3.124634359756736
7121.834475210175,9907.53360154262,1059721.7457929447,3.076661964924195
7121.834475210175,9907.53360154262,1058336.1586334866,3.084194521934187
7121.834475210175,9907.53360154262,1063399.9184494347,3.0563288636334667
7121.834475210175,9907.53360154262,1070693.9090945763,3.0233430908015153
7121.834475210175,9907.53360154262,1068410.2067416266,3.0332875761046805
7121.834475210175,9907.53360154262,1073160.0974381154,3.0121009444352542
7121.834475210175,9907.53360154262,1074946.2727211895,3.004610399825555
7121.834475210175,9907.53360154262,1079011.6284517548,2.9856727205249722
7121.834475210175,9907.53360154262,1086640.367446419,2.949930581599084
7121.834475210175,9907.53360154262,1096584.0232721488,2.9125365105620857
7121.834475210175,9907.53360154262,1107036.2497701603,2.8679986544211067
7121.834475210175,9907.53360154262,1115221.5398715553,2.8247281534611557
7121.834475210175,9907.53360154262,1109252.0067633502,2.849589905171361
7121.834475210175,9907.53360154262,1115786.6739168824,2.8206981519984833
7121.834475210175,9907.53360154262,1127872.911486861,2.770705892546167
7121.834475210175,9907.53360154262,1122650.7478319544,2.7916180062439278
7121.834475210175,9907.53360154262,1147840.505651528,2.7272767391724027
7121.834475210175,9907.53360154262,1152593.5620525558,2.708429390257202
7121.834475210175,9907.53360154262,1158201.4064926575,2.6884636732237466
7121.834475210175,9907.53360154262,1181867.7076889393,2.627545223689732
7121.834475210175,9907.53360154262,1179716.470065167,2.6346205373077685
7121.834475210175,9907.53360154262,1195935.3531325446,2.595980807222531
7121.834475210175,9907.53360154262,1212434.3941105646,2.5425548716143616
7121.834475210175,9907.53360154262,1229924.4780355203,2.5015836391749895
7121.834475210175,9907.53360154262,1250137.3200291027,2.460092153914621
7121.834475210175,9907.53360154262,1258747.9590749417,2.438506973457113
7121.834475210175,9907.53360154262,1276568.5746950586,2.382789242068592
7121.834475210175,9907.53360154262,1279542.6209251261,2.3729321537448174
7121.834475210175,9907.53360154262,1284451.6550440541,2.3630667640918857
7121.834475210175,9907.53360154262,1305420.9586611656,2.3239403833868617
7121.834475210175,9907.53360154262,1334589.4699896872,2.259701555147949
7121.834475210175,9907.53360154262,1378221.4703649248,2.188227279333835
7121.834475210175,9907.53360154262,1400315.554176766,2.1495171546277683
7121.834475210175,9907.53360154262,1428424.8141256908,2.101670294997216
7121.834475210175,9907.53360154262,1450546.3605399034,2.067329725505391
7121.834475210175,9907.53360154262,1471321.3759841782,2.0307904994987056
7121.834475210175,9907.53360154262,1503488.9518985683,1.9844992081519757
7121.834475210175,9907.53360154262,1533546.1048650686,1.9411465453262478
7121.834475210175,9907.53360154262,1561418.9226361052,1.8999049647190973
7121.834475210175,9907.53360154262,1584633.2693484973,1.8551710734271323
7121.834475210175,9907.53360154262,1604667.2846226883,1.8327352763711482
7121.834475210175,9907.53360154262,1641723.4615025872,1.7798964516294495
7121.834475210175,9907.53360154262,1676632.476494812,1.7366113348121466
7121.834475210175,9907.53360154262,1702781.4470581706,1.6957576431635994
7121.834475210175,9907.53360154262,1722598.709545258,1.6715180727975532
7121.834475210175,9907.53360154262,1754983.167888403,1.6365160624238215
7121.834475210175,9907.53360154262,1794839.2435431697,1.5913652378772114
7121.834475210175,9907.53360154262,1825666.0876076012,1.55352073514806
7121.834475210175,9907.53360154262,1851428.1682082326,1.5231411211428079
7121.834475210175,9907.53360154262,1870257.557699555,1.5017675725902226
7121.834475210175,9907.53360154262,1896755.725456427,1.4669153373249038
7121.834475210175,9907.53360154262,1915492.8258667928,1.431642528358744
7121.834475210175,9907.53360154262,1939365.5969896943,1.393453921521953
7121.834475210175,9907.53360154262,1976295.4419925734,1.3645121633927826
7156.865890766475,9907.53360154262,2012084.9546193879,1.3212176552050665
7156.865890766475,9907.53360154262,2029614.8567178682,1.3034241974778462
7156.865890766475,9907.53360154262,2059037.6758657307,1.2664774164420343
7156.865890766475,9907.53360154262,2086381.2958605078,1.2299371666705545
7156.865890766475,9907.53360154262,2101650.3184181303,1.2018606384562887
7156.865890766475,9907.53360154262,2134630.227832093,1.1690955207003304
7156.865890766475,9907.53360154262,2147479.544553061,1.1430870690191914
7191.2061263119895,9907.53360154262,2158129.9125689236,1.1118295878846503
7191.2061263119895,9907.53360154262,2189800.4897442698,1.0777687573567516
7191.2061263119895,9907.53360154262,2208870.5535854,1.047826360900609
7191.2061263119895,9907.53360154262,2229539.619339903,1.0178056595254459
7244.604217749975,9907.53360154262,2236583.31210777,0.9906411482654854
7275.20033540463,9907.53360154262,2237430.297793165,0.9652785171321052
7286.9395128243195,9907.53360154262,2256411.446864304,0.933265314522138
7295.698539785029,9907.53360154262,2268127.8040586375,0.9031097785877281
7355.400382716196,9907.53360154262,2276459.246360504,0.8748116141338249
7416.808511966185,9907.53360154262,2278588.804849641,0.8498975006017228
7447.655498292475,9907.53360154262,2282818.3180334703,0.824443081578436
7596.369955079585,9907.53360154262,2306670.338510844,0.7930914044470064
7731.2768316322745,9907.53360154262,2316309.0077516204,0.7668464775648847
7758.22367175615,9907.53360154262,2331842.3550626296,0.738466051547473
7803.354374141764,9907.53360154262,2338478.6469723703,0.7108609345813656
7844.264008868494,9907.53360154262,2345483.8709047614,0.6833406147868633
7865.549589588109,9907.53360154262,2351047.8064097133,0.6571401584069655
7888.54554905702,9907.53360154262,2352132.100104979,0.636956213861938
7951.49851304977,9907.53360154262,2346822.406790818,0.6163776384767345
8026.1469127571945,9907.53360154262,2337808.8052423573,0.5960838313414302
8084.513923132416,9907.53360154262,2330123.767801688,0.5777441991279839
8162.580115651695,9907.53360154262,2326303.591342972,0.5545126062853758
8212.093226166595,9907.53360154262,2325563.3598022936,0.5342010246858165
8225.214551625944,9907.53360154262,2317429.520296658,0.5144741449585617
8245.078708178076,9907.53360154262,2300651.7921886044,0.4996227967933608
8266.689693704015,9907.53360154262,2285305.1966416338,0.4831128201705368
8286.474329758576,9907.53360154262,2272023.5884161415,0.4642971600707376
8301.465013566745,9907.53360154262,2259976.536979218,0.445312946174725
8310.98410834408,9907.53360154262,2244260.9555147057,0.4296628943171565
8317.733457006969,9907.53360154262,2235281.091892401,0.4091189350886818
8334.88480826587,9907.53360154262,2224200.3299759747,0.38860128844748487
8370.332053264447,9907.53360154262,2201089.957789648,0.37746283841994255
8420.655235761225,9907.53360154262,2173121.916031043,0.36952222446112437
8489.604358833774,9907.53360154262,2155263.9237889,0.3553267976413049
8489.604358833774,9907.53360154262,2129604.374044154,0.350313443388639
8489.604358833774,9907.53360154262,2104987.2595726736,0.3451037526072041
8536.318035014141,9907.53360154262,2091421.9751776494,0.32630546066243843
8573.5404436737,9907.53360154262,2077900.3661994108,0.3101218403346813
8622.714353021005,9907.53360154262,2042744.4754715725,0.31044823064588345
8622.714353021005,9907.53360154262,2025845.080616891,0.29920782563069226
8622.714353021005,9907.53360154262,1989118.6526511596,0.30339551226310035
8622.714353021005,9907.53360154262,1961046.8790008784,0.3012977813837424
8622.714353021005,9907.53360154262,1931975.2762423488,0.3014945138762164
8622.714353021005,9907.53360154262,1898148.4113232107,0.3070129592727329
8622.714353021005,9907.53360154262,1877826.746688918,0.30672821224848035
8622.714353021005,4587.40520422432,1570228.8561538903,-0.6033559602213934
8622.714353021005,4587.40520422432,1544473.0401539686,-0.6241501426810482
8622.714353021005,4587.40520422432,1513150.0133745405,-0.6366226780189982
8622.714353021005,4587.40520422432,1473047.2463360378,-0.647975240082336
8622.714353021005,4587.40520422432,1451601.844113256,-0.6611529835970712
8622.714353021005,4407.24052976252,1399181.8812263603,-0.6566131243126848
8622.714353021005,4407.24052976252,1363143.776284278,-0.6582627733854769
8622.714353021005,4245.16248146203,1323025.0135611165,-0.6356642924325234
8622.714353021005,4245.16248146203,1291891.412016549,-0.6486028992628605
8622.714353021005,4245.16248146203,1261379.233752118,-0.6598775931695935
8622.714353021005,4188.43186659599,1221552.3094192767,-0.6428688055173366
8622.714353021005,4188.43186659599,1199989.3410063386,-0.6405742020473195
8622.714353021005,4164.492475631901,1165929.7188925475,-0.615535173408421
8622.714353021005,4164.492475631901,1142025.8225087908,-0.6157221759560743
8622.714353021005,4164.492475631901,1120903.9311147549,-0.6048340758795921
8622.714353021005,4164.492475631901,1100304.4685516953,-0.6009909225942506
8622.714353021005,4164.492475631901,1063385.80407502,-0.57821695866705
8622.714353021005,4164.492475631901,1034754.238208523,-0.5729027633193589
8622.714353021005,4164.492475631901,1006646.8844489552,-0.5491722357058675
8622.714353021005,3829.4682537643894,967584.0007395372,-0.5023610607494241
8622.714353021005,3829.4682537643894,942697.0868684109,-0.4870600134628561
8622.714353021005,3829.4682537643894,927004.7641405866,-0.495956732861132
8622.714353021005,3684.39260435716,901374.8037130416,-0.46047515308163456
8622.714353021005,3684.39260435716,883522.5434457415,-0.4334443057934549
8622.714353021005,3684.39260435716,874634.9292739469,-0.4217916192358024
8622.714353021005,3684.39260435716,852145.9581054423,-0.4020970878417356
8622.714353021005,3684.39260435716,844736.1621436101,-0.4007203328208096
8622.714353021005,3684.39260435716,828349.51881168,-0.39278115366549377
8622.714353021005,3684.39260435716,824451.4513612555,-0.39274861655225807
8622.714353021005,3684.39260435716,808212.0839781075,-0.37970236704247073
8622.714353021005,3606.7956917839792,782216.4198433924,-0.3353918275398974
8622.714353021005,3606.7956917839792,769329.8240813391,-0.32162205376974373
8622.714353021005,3606.7956917839792,750281.1717869891,-0.28203935334949465
8622.714353021005,3606.7956917839792,725533.4774058994,-0.24237410454569974
8622.714353021005,3606.7956917839792,712802.4443875836,-0.21855231338627676
8622.714353021005,3606.7956917839792,703942.0089244706,-0.21248809669119453
8622.714353021005,3606.7956917839792,694104.660814828,-0.19983669385148325
8622.714353021005,3606.7956917839792,683607.9546165656,-0.19930291712733808
8622.714353021005,3606.7956917839792,676551.9953195323,-0.1957812644882297
8622.714353021005,3606.7956917839792,667826.6488598577,-0.18054091713312043
8622.714353021005,3086.46642213254,643061.3233102586,-0.10307256151518698
8622.714353021005,3086.46642213254,639856.1778419471,-0.09947631736968014
8622.714353021005,3086.46642213254,650995.5588627995,-0.11560207626774181
8622.714353021005,3086.46642213254,641191.5340402826,-0.11422033488765644
8622.714353021005,2929.604251166471,625288.7410667816,-0.08791713818878326
8622.714353021005,2929.604251166471,621248.9344783465,-0.08024652380122174
8622.714353021005,2929.604251166471,611051.8934408802,-0.06453517014496811
8622.714353021005,2929.604251166471,606213.8366426086,-0.06079771786955253
8622.714353021005,2929.604251166471,609211.1492243963,-0.06396671897162678
8622.714353021005,2929.604251166471,606154.5858397856,-0.070188978889632
8622.714353021005,2929.604251166471,605046.8467932723,-0.06992969135525243
8622.714353021005,2929.604251166471,598612.1886284524,-0.06509930003536775
8622.714353021005,2929.604251166471,598032.6109934116,-0.06605362141567639
8622.714353021005,2929.604251166471,602368.9593717791,-0.06243240475343963
8622.714353021005,2929.604251166471,607551.8176584102,-0.051476362898626365
8622.714353021005,2929.604251166471,605134.5413345807,-0.052965950375373785
8622.714353021005,2929.604251166471,604328.5754351893,-0.055709825522843204
8622.714353021005,2929.604251166471,605302.2924569962,-0.051125852422756704
8622.714353021005,2929.604251166471,603630.4735831572,-0.0572986953874218
8622.714353021005,2929.604251166471,603551.1488211168,-0.0577300205894863
8622.714353021005,2929.604251166471,602983.3301420676,-0.06127783007646493
8622.714353021005,2929.604251166471,605329.985928804,-0.05743663243088496
8622.714353021005,2929.604251166471,604921.7654950175,-0.062013391873281955
8576.343436833726,2929.604251166471,606256.2143256187,-0.051283914683987394
8576.343436833726,2929.604251166471,606843.8969899873,-0.04599096157236419
8576.343436833726,2929.604251166471,606465.5043438316,-0.04893802372037139
8576.343436833726,2929.604251166471,604786.7775540317,-0.05024686882445448
8576.343436833726,2929.604251166471,604274.1716233402,-0.055431530438367634
8549.11799717457,2929.604251166471,604366.9525403057,-0.05277001015324817
8549.11799717457,2929.604251166471,601332.2308666536,-0.06181947803300845
8549.11799717457,2929.604251166471,597770.940597108,-0.04842065760519152
8553.46431825438,2929.604251166471,598960.925122243,-0.06623611182047864
8553.46431825438,2929.604251166471,598970.1678559349,-0.0661331101070909
8553.46431825438,2929.604251166471,596410.7368696503,-0.059033724479749035
8553.46431825438,2929.604251166471,596645.2892353496,-0.05818344964464329
8553.46431825438,2929.604251166471,594961.5991214418,-0.051374132665793826
8553.46431825438,2929.604251166471,594996.1458890956,-0.051589331667655905
8553.46431825438,2929.604251166471,598677.7388956972,-0.05161744610946764
8553.46431825438,2929.604251166471,595862.5571763081,-0.04524214636692239
8553.46431825438,2929.604251166471,596265.4206789691,-0.04782205116291787
8553.46431825438,2929.604251166471,595944.1769726577,-0.045816702769737684
8617.679482686195,2929.604251166471,598709.2704795977,-0.06560718725437834
8617.679482686195,2929.604251166471,605538.857988135,-0.06655539358756637
8617.679482686195,2929.604251166471,603279.2430572155,-0.06383694613913868
8617.679482686195,2929.604251166471,602399.205296571,-0.06393282536724955
8617.679482686195,2929.604251166471,602593.4025918407,-0.06337187814418799
8617.679482686195,2929.604251166471,602675.4119526313,-0.06337321169453845
8617.679482686195,2929.604251166471,606976.9891594363,-0.05597395536756486
8617.679482686195,2929.604251166471,611685.6252730575,-0.04955108511740893
8617.679482686195,2929.604251166471,612250.0719596882,-0.04981987895795023
8617.679482686195,3087.104821969071,620034.4131527538,-0.028906600439199726
8617.679482686195,3087.104821969071,627209.8702738131,-0.01256419583313803
8617.679482686195,3087.104821969071,629920.9552084382,-0.009201224689088192
8617.679482686195,3087.104821969071,634197.768290775,-0.007609747864199179
8617.679482686195,3087.104821969071,638996.4383437077,-0.0005796257759999681
8617.679482686195,3227.863224146671,647919.4724621687,0.02436517939236773
8617.679482686195,3227.863224146671,650304.4997415964,0.02894127577334488
8617.679482686195,3227.863224146671,651910.4344375791,0.029490710000827043
8617.679482686195,3227.863224146671,662743.4521391079,0.04709247602633593
8617.679482686195,3414.3210186121705,676002.8236297338,0.08367289069162222
8617.679482686195,3414.3210186121705,676163.2197430482,0.08398085198225624
8617.679482686195,3414.3210186121705,686179.5014881454,0.10421082000269291
8617.679482686195,3414.3210186121705,692960.4630863487,0.11229559115061659
8617.679482686195,3414.3210186121705,710312.0297922185,0.1429424737788881
8617.679482686195,3414.3210186121705,725470.568189614,0.1691252035679226
8617.679482686195,3446.3185905053706,744974.4766511164,0.19423231557347262
8617.679482686195,3446.3185905053706,759439.54337492,0.2113053918538034
8617.679482686195,3446.3185905053706,766996.1785175008,0.22544817013047697
8617.679482686195,3842.668472173471,787381.639600338,0.27657511128581835
8617.679482686195,3842.668472173471,810081.0619228485,0.3064326439565547
8617.679482686195,3842.668472173471,827997.6382657858,0.3320233528033145
8617.679482686195,3842.668472173471,829731.8567796212,0.3317466567635473
8617.679482686195,3842.668472173471,846850.6875293895,0.3352804066924331
8617.679482686195,3993.3398232957716,873014.3868742373,0.384244598170503
8617.679482686195,3993.3398232957716,897918.309284304,0.3954752310193054
8617.679482686195,3993.3398232957716,916682.5216398779,0.3988409400127088
8617.679482686195,3993.3398232957716,934856.1069041602,0.41948752341436585
8617.679482686195,3993.3398232957716,959587.9490067337,0.4356904379739424
8617.679482686195,3993.3398232957716,983181.3717856692,0.4500267045186601
8617.679482686195,4090.3194753855714,1018485.955953696,0.4716336859887306
8617.679482686195,4423.25109089557,1063896.4665448784,0.5124702999587161
8617.679482686195,4423.25109089557,1100786.480534381,0.5443535154179789
8617.679482686195,4423.25109089557,1142246.977954061,0.5741327814008002
8617.679482686195,4423.25109089557,1170715.9194924554,0.5748085331014533
8617.679482686195,4423.25109089557,1210894.6700419458,0.5844202593564302
8617.679482686195,4423.25109089557,1235504.745656347,0.5739413123069081
8617.679482686195,4423.25109089557,1259156.0797749045,0.5837500878316745
8617.679482686195,4754.212580866371,1312968.5360683152,0.6147796524732108
8617.679482686195,4754.212580866371,1343035.14553561,0.6159922143536337
8617.679482686195,4754.212580866371,1370948.0087335089,0.6136554108579017
8617.679482686195,4754.212580866371,1396941.846499296,0.6083719733959682
8617.679482686195,4754.212580866371,1435908.0892116842,0.6100187095816137
8617.679482686195,4778.18500106007,1489348.2633253639,0.6181289413078113
8617.679482686195,4778.18500106007,1525423.4045366098,0.6053942527455187
8617.679482686195,4778.18500106007,1554307.920193792,0.5959129234310188
8617.679482686195,4778.662675923872,1605775.1567052407,0.5954012867368094
8617.679482686195,4778.662675923872,1630531.1776801571,0.5805960642350371
8617.679482686195,4778.662675923872,1671628.9536419979,0.5698608406931468
8617.679482686195,4778.662675923872,1698613.390976879,0.5503633363607336
8617.679482686195,4778.662675923872,1720251.187239506,0.5277270944343575
8617.679482686195,4778.662675923872,1760270.4512748271,0.5156775123683487
8617.679482686195,4778.662675923872,1776342.9172784903,0.49871786995758854
8617.679482686195,4778.662675923872,1802244.16715172,0.48071059633010793
8617.679482686195,4778.662675923872,1829425.3649186164,0.46039450711844765
8617.679482686195,4778.662675923872,1853108.4906195719,0.44267796049966707
8617.679482686195,4778.662675923872,1868255.9430362978,0.42730367314740275
8617.679482686195,4778.662675923872,1888360.965717523,0.40520314253971057
8617.679482686195,4778.662675923872,1902474.3759772875,0.38439990683476305
8617.679482686195,4778.662675923872,1942008.9387340085,0.37162179055995254
8718.522636867769,4778.662675923872,1949323.6203876939,0.34705729583382494
8769.249215082255,4778.662675923872,1954453.0097247274,0.32305946216975695
8769.249215082255,4778.662675923872,1981441.7492397353,0.3080060267922426
8796.53045150049,4778.662675923872,2007907.5783196792,0.28906342340971675
8822.444834471335,4778.662675923872,2024894.7552651844,0.2672082665266748
8843.22378468636,4778.662675923872,2039069.6160729125,0.24354508634973115
8869.980904981181,4778.662675923872,2059126.32208075,0.22149763267563594
8904.470061589585,4778.662675923872,2081625.509104615,0.19995987426566375
8929.579655543985,4778.662675923872,2084030.902868221,0.1771668709893638
8995.81817421479,4778.662675923872,2102639.4096161057,0.15462813146291848
9102.595624988535,4778.662675923872,2106469.406075352,0.1294654004412623
9246.270250589296,4778.662675923872,2117470.3713900675,0.11086863234377276
9346.812944477355,4778.662675923872,2132777.213128881,0.08815827584671859
9355.870201638852,4778.662675923872,2139647.076264183,0.0634196137368806
9368.036326902511,4778.662675923872,2153067.3318746793,0.0408413968836513
9464.496337884033,4778.662675923872,2147657.132000941,0.01652289724876006
9575.037937407935,4778.662675923872,2156638.9942248976,-0.0058211391379152785
9639.64490641766,4778.662675923872,2151947.785346392,-0.030543875275679342
9696.4158269592,4778.662675923872,2128359.64405311,-0.0492081532243805
9732.7671899655,4778.662675923872,2136915.4535272783,-0.07266239912980572
9779.60722452798,4778.662675923872,2134811.2701257463,-0.09621278668576133
9804.779855058745,4778.662675923872,2119320.922456074,-0.1190488358645357
9823.997168698534,4778.662675923872,2099565.254877745,-0.1407270138082765
9865.740252575404,4778.662675923872,2073831.889713866,-0.1597892495372225
9913.696448708895,4778.662675923872,2055230.495939219,-0.1804920407640108
9938.633686355519,4778.662675923872,2024509.766347035,-0.1969072609849006
9948.540048982944,4778.662675923872,2011433.9568592503,-0.21930298544003596
9994.356974609746,4778.662675923872,1993175.2572887633,-0.2410061277853846
10060.580153016701,4778.662675923872,1977852.394423848,-0.2622882842616822
10113.2914811222,4778.662675923872,1951674.3942237895,-0.2824932053029637
10150.10519004605,4778.662675923872,1928764.0884166262,-0.3036209487962152
10150.10519004605,4778.662675923872,1906070.8753033602,-0.3220500108991467
10150.10519004605,4778.662675923872,1891847.5153290525,-0.33883606381535536
10164.40023652675,4778.662675923872,1859692.7112124092,-0.3560890849050978
10164.40023652675,4778.662675923872,1819132.9534659297,-0.3653621951020245
10164.40023652675,4776.21911718538,1775493.0371271141,-0.3718238848857192
10164.40023652675,4776.21911718538,1751303.6652129616,-0.38816123204782443
10164.40023652675,4776.21911718538,1722691.2245143808,-0.39546709650964645
10164.40023652675,4776.21911718538,1699209.234206612,-0.41246816947631565
10165.9654739859,4776.21911718538,1671379.464238748,-0.43282079081837654
10165.9654739859,4776.21911718538,1645443.5592510547,-0.4401701510836477
10165.9654739859,4776.21911718538,1617325.9712879355,-0.44795918356129416
10165.9654739859,4776.21911718538,1588114.3810153403,-0.4519609185571868
10165.9654739859,4776.21911718538,1551707.3111512684,-0.45442255395384074
10165.9654739859,4776.21911718538,1530060.5639647427,-0.47406554403063855
10165.9654739859,4776.21911718538,1495181.9505637344,-0.47686344077727844
10165.9654739859,4776.21911718538,1469443.1591133557,-0.4850681139361122
10165.9654739859,4776.21911718538,1442042.6387992087,-0.48445660721065287
10165.9654739859,4776.21911718538,1424148.3130634588,-0.496393631577271
10165.9654739859,4776.21911718538,1397916.1817702497,-0.5089022758730068
10165.9654739859,4776.21911718538,1363148.1398755487,-0.5183541363603417
10165.9654739859,4776.21911718538,1330998.1704133223,-0.5252041385281043
10165.9654739859,4776.21911718538,1301910.5978734647,-0.5187192026876005
10165.9654739859,4353.31514349488,1253113.325248238,-0.4806932137772632
10165.9654739859,4353.31514349488,1235349.2649082276,-0.48981763018447644
10165.9654739859,4353.31514349488,1214948.0895098553,-0.49241176496695993
10165.9654739859,4353.31514349488,1179385.132473609,-0.47625588001540137
10165.9654739859,4353.31514349488,1159387.9193862383,-0.4666506203373563
10165.9654739859,4353.31514349488,1135808.3870662404,-0.4577205501378436
10165.9654739859,4160.51271386548,1102811.3926604844,-0.42515121184787275
10165.9654739859,4160.51271386548,1091511.7355524502,-0.4226929047014772
10165.9654739859,4160.51271386548,1067424.2247236648,-0.4039298364112691
10165.9654739859,4160.51271386548,1046546.5485443352,-0.3909324244839875
10165.9654739859,4160.51271386548,1026803.0359227287,-0.38137930110610085
10165.9654739859,4153.7960107873305,994712.4491814065,-0.35141290783533824
10165.9654739859,3976.308612772342,966356.2595545363,-0.31314374146983254
10165.9654739859,3976.308612772342,948951.3151146751,-0.29303748897213866
10165.9654739859,3976.308612772342,929648.347359128,-0.28907286593568826
10165.9654739859,3976.308612772342,908788.3719490028,-0.2752932961096337
10165.9654739859,3976.308612772342,893795.3038144223,-0.26813838849177907
10165.9654739859,3976.308612772342,875014.0915948551,-0.26171225212855437
10165.9654739859,3976.308612772342,866747.8433854006,-0.2520682264540781
10165.9654739859,3823.504948558141,836166.6769701443,-0.21482352466308044
10165.9654739859,3823.504948558141,822752.08288133,-0.20973517932376448
10165.9654739859,3823.504948558141,802874.3031503789,-0.17945395818735635
10165.9654739859,3823.504948558141,785286.8138408896,-0.156371831668812
10165.9654739859,3823.504948558141,772773.06724228,-0.13928856820696686
10165.9654739859,3668.67071642431,750758.7791961133,-0.08827643897828741
10165.9654739859,3668.67071642431,747119.7975410452,-0.08032076906162416
10165.9654739859,3668.67071642431,732933.6423152529,-0.06139609673704227
10165.9654739859,3668.67071642431,715222.4196716638,-0.04456039374968336
10165.9654739859,3668.67071642431,699431.5246502025,-0.031326801925057185
10165.9654739859,3668.67071642431,697407.6573220568,-0.030405489714020885
10165.9654739859,3668.67071642431,683970.3641172852,-0.0010156375638517923
10165.9654739859,3668.67071642431,676432.9175897414,0.009112520274835199
10165.9654739859,3116.8703987188,652984.6632418782,0.06824638790390315
10165.9654739859,3116.8703987188,641420.0119991228,0.08001994601740159
10165.9654739859,3116.8703987188,633664.8360929595,0.09099952237445617
10165.9654739859,3116.8703987188,632384.4000229801,0.08912222060260441
10165.9654739859,3116.8703987188,624806.1526763262,0.10246512339205457
10165.9654739859,3116.8703987188,616910.9890354226,0.11228956379132705
10165.9654739859,3116.8703987188,605784.6416546181,0.1253737086071778
10204.40468075745,3116.8703987188,602070.972009756,0.10558002887764746
10204.40468075745,3116.8703987188,603398.1428345366,0.10686100927699589
10204.40468075745,3116.8703987188,599271.0956819758,0.11359713250620972
10204.40468075745,3116.8703987188,595771.5773830687,0.11263082550178491
10204.40468075745,3116.8703987188,598273.3942818802,0.11745552967508947
10204.40468075745,3116.8703987188,594440.4825324031,0.11415979364177856
10204.40468075745,3116.8703987188,594474.8073212585,0.11427468452017829
10205.1060898332,3116.8703987188,593360.8338203842,0.10685923983003826
10205.1060898332,3116.8703987188,591631.0287712159,0.10766868074845024
10205.1060898332,3116.8703987188,595043.5070391775,0.1174554815893921
10256.555769716251,3116.8703987188,595032.217809673,0.11073040787680179
10256.555769716251,3116.8703987188,593918.9857855088,0.10621102817364717
10256.555769716251,3116.8703987188,593746.5069760429,0.10593915234746822
10256.555769716251,3116.8703987188,594728.2892423067,0.10864577128293884
10205.1060898332,3116.8703987188,595335.8267393981,0.117519289140431
10256.555769716251,3116.8703987188,594831.510285608,0.10913840651379261
10256.555769716251,3116.8703987188,592572.5629477773,0.1029267419912998
10276.11591058325,3116.8703987188,593494.0862110732,0.0922602275541702
10276.11591058325,3116.8703987188,593173.8454945182,0.09559834195891041
10286.35645006505,3116.8703987188,592803.8009232426,0.0856312450921724
10298.05381959275,3116.8703987188,592899.9599183106,0.08343833227283241
10314.612271730999,3116.8703987188,592678.2018626217,0.07614093300040559
10314.612271730999,3116.8703987188,592546.8972583339,0.07728530973166518
10314.612271730999,3116.8703987188,594819.0179295056,0.06975295708165642
10298.05381959275,3116.8703987188,594362.3705593236,0.07778182434979335
10298.05381959275,3116.8703987188,597488.9746190177,0.06818859851945741
10298.05381959275,3116.8703987188,598063.1056498474,0.06407103287930767
10298.05381959275,3116.8703987188,598502.4013728139,0.06376483933089999
10298.05381959275,3116.8703987188,598868.3503668837,0.06290757198115052
10298.05381959275,3116.8703987188,597979.7710906088,0.06756328390596571
10314.612271730999,3116.8703987188,600369.4542873914,0.04507277044965162
10314.612271730999,3116.8703987188,601873.077820974,0.038185793893502414
10314.612271730999,3116.8703987188,605339.751305544,0.04151702139140502
10314.612271730999,3116.8703987188,605845.0982829327,0.04047405915959646
10314.612271730999,3116.8703987188,606043.3199044168,0.03939986502973031
10314.612271730999,3116.8703987188,606992.2232823332,0.0381107447577537
10314.612271730999,3116.8703987188,608880.0076369627,0.03691858663414933
10314.612271730999,3116.8703987188,610618.3232546187,0.03559206933893108
10314.612271730999,3116.8703987188,611924.2122361574,0.03678253931977652
10314.612271730999,3116.8703987188,608114.081022157,0.03054737120219057
10314.612271730999,3116.8703987188,607678.39421905,0.029859953851846394
10314.612271730999,3116.8703987188,609955.153156168,0.035370867388308525
10314.612271730999,3116.8703987188,612071.1743835742,0.03600294037826504
10314.612271730999,3116.8703987188,619778.7396439431,0.05659233512559532
10314.612271730999,3116.8703987188,629770.8546638488,0.06736958644594451
10314.612271730999,3116.8703987188,638036.1461583286,0.08064036973211591
10314.612271730999,3116.8703987188,627676.4598239234,0.059964149449975065
10314.612271730999,3116.8703987188,635588.1023404069,0.07430423078403012
10314.612271730999,3116.8703987188,643802.0359024175,0.08659553971261551
10314.612271730999,3422.7440052930997,662352.0558231656,0.12923719413456722
10314.612271730999,3632.8949649104998,681069.4961592328,0.18630233175678787
10314.612271730999,3632.8949649104998,692750.5678478244,0.22572884269745536
10314.612271730999,3632.8949649104998,698264.6798396583,0.23264314188526655
10314.612271730999,3632.8949649104998,708701.7553515721,0.24445898572745073
10314.612271730999,3632.8949649104998,713881.462881684,0.25795987743013127
10314.612271730999,3632.8949649104998,725832.7809004536,0.26693823113794224
10314.612271730999,3632.8949649104998,728479.5239364869,0.27058627953695336
10314.612271730999,3751.0109427019997,754177.0559251441,0.3209214106474532
10314.612271730999,3751.0109427019997,776650.7606680965,0.34756290129387835
10314.612271730999,3773.149521351799,796552.2625456968,0.389254393112062
10314.612271730999,3773.149521351799,813145.075839997,0.388871089835432
10314.612271730999,3773.149521351799,833242.5427935786,0.40801929157435735
10314.612271730999,3773.149521351799,847398.9354128176,0.4164027474480922
10314.612271730999,3773.149521351799,865923.2300101988,0.4268130282541188
10314.612271730999,3823.7720295535,895426.1719680999,0.44683123239326633
10314.612271730999,3823.7720295535,915847.4975748273,0.4539092492707238
10314.612271730999,3823.7720295535,937073.5339712657,0.45278493882769544
10314.612271730999,3823.7720295535,946429.3611024398,0.4606172041739623
10314.612271730999,3823.7720295535,965887.2777905951,0.4525787276224258
10314.612271730999,3823.7720295535,989763.9753104694,0.4480546120804783
10314.612271730999,4422.3923345526,1032087.8407330572,0.5053201732415662
10314.612271730999,4422.3923345526,1053198.6006267085,0.5143226243903427
10314.612271730999,4422.3923345526,1074368.1357364305,0.5127171261280559
10314.612271730999,4422.3923345526,1093916.7204253697,0.508109183563252
10314.612271730999,4422.3923345526,1121346.373005908,0.5189789963425226
10314.612271730999,4422.3923345526,1145231.7142338962,0.5281902163648763
10314.612271730999,4422.3923345526,1179670.2432981029,0.5277347577673456
10314.612271730999,4422.3923345526,1205635.6508202536,0.5342267531982942
10314.612271730999,4422.3923345526,1244611.009963379,0.5470864313394982
10314.612271730999,4422.3923345526,1282840.109135508,0.5515612420436123
10314.612271730999,4422.3923345526,1321700.68135451,0.565757000453876
10314.612271730999,4422.3923345526,1353900.513705692,0.5662142944219088
10314.612271730999,4422.3923345526,1393505.982265962,0.5753363530217319
10314.612271730999,4422.3923345526,1424057.8319041617,0.5630959192500816
10314.612271730999,4422.3923345526,1462549.1485760307,0.562941073876912
10314.612271730999,4422.3923345526,1491614.4898369894,0.5503086198224841
10314.612271730999,4422.3923345526,1516144.6551529665,0.5308511658505356
10314.612271730999,4422.3923345526,1535223.037773859,0.5200806077003644
10314.612271730999,4422.3923345526,1558956.735507418,0.5022382093342296
10314.612271730999,4422.3923345526,1581779.7966077118,0.4827675859755051
10314.612271730999,4422.3923345526,1614685.6445345017,0.470808572433308
10314.612271730999,4422.3923345526,1641669.9438877653,0.4539300691190229
10331.5578380188,4422.3923345526,1662170.4229943617,0.43077197935674255
10343.55331101875,4422.3923345526,1681019.151930252,0.4088919323352646
10343.55331101875,4443.7696765822,1718383.6077780803,0.4078710830998594
10358.87226486675,4443.7696765822,1739958.780416277,0.3859721939220404
10370.7348330313,4443.7696765822,1753388.4454758787,0.36202991275895796
10370.7348330313,4443.7696765822,1772886.7380355552,0.34163195507918764
10378.1945284453,4443.7696765822,1794484.0158421858,0.3206745679334931
10407.3236498855,4443.7696765822,1817970.4096697085,0.2992439394829415
10441.13146793765,4443.7696765822,1831171.7980423376,0.2742211756243365
10493.5695776269,4443.7696765822,1850020.2959522088,0.2531639890746196
10561.8148214628,4443.7696765822,1858842.5912342533,0.2292907802597233
10590.47382597835,4443.7696765822,1879006.851668375,0.20789446869019684
10602.96895063255,4443.7696765822,1890286.9265212875,0.18331743020519048
10621.1643653526,4443.7696765822,1897476.7228921405,0.1597916805787107
10701.577153351649,4443.7696765822,1916671.039115236,0.13847701822421962
10779.66329853825,4443.7696765822,1931277.4274538413,0.11985573996862285
10805.89168838015,4443.7696765822,1927566.1924845702,0.09557920753995645
10854.177858374751,4443.7696765822,1922473.9059102945,0.07137188576889934
10904.7750799809,4443.7696765822,1914413.4970692385,0.04781390424448005
10947.6486494173,4443.7696765822,1908872.0673103414,0.02394858464555756
10968.3408093827,4443.7696765822,1915538.9060889885,0.0006314319227684292
10992.77618052745,4443.7696765822,1906432.0705112661,-0.02148052875814181
11030.4877057062,4443.7696765822,1894726.5082757324,-0.042376098207813774
11055.972739719851,4443.7696765822,1878180.2612491592,-0.06354297830077908
11107.64206309365,4443.7696765822,1876218.0917978834,-0.08842536770616671
11178.11965628625,4443.7696765822,1873268.1780646604,-0.11272264644767283
11214.757744790699,4443.7696765822,1872064.7910512947,-0.13370407769399273
11248.5279051491,4443.7696765822,1870083.6437401704,-0.15831295003241255
11302.82999628295,4443.7696765822,1849696.5073407155,-0.1789008425174876
11344.8398524191,4443.7696765822,1831140.8109298744,-0.20060290920386264
11482.322760391151,4443.7696765822,1819063.2770469796,-0.2242724288959019
11632.582327216,4443.7696765822,1805068.0260902587,-0.24848796363009146
11673.5623962002,4443.7696765822,1792206.721449247,-0.2732646279185215
11688.9555177025,4443.7696765822,1765429.1833512802,-0.29144131930061784
11695.40293459655,4443.7696765822,1743183.3198085614,-0.31303128622278015
