552.6703017841751,2632.2973108498163,669771.4172131174,-0.0009014681358233439
552.6703017841751,2632.2973108498163,671144.1042943922,0.0012236765382442575
552.6703017841751,2632.2973108498163,671975.076159744,0.006867973219005618
538.301359371384,2632.2973108498163,673013.2815379329,0.01573190790087104
538.301359371384,2632.2973108498163,673832.3072230634,0.02226473664672064
621.4300380502405,2632.2973108498163,672560.8124303204,0.006892655883030595
621.4300380502405,2632.2973108498163,672306.9114492713,0.0026594580933015457
636.4507714495455,2632.2973108498163,672566.2261219829,-0.002423226085409722
636.4507714495455,2632.2973108498163,672775.6450662856,-0.0043873700950762245
633.9619877472055,2632.2973108498163,668443.0032236095,0.013705246813583285
633.9619877472055,2632.2973108498163,666528.908614042,0.02312492009419861
633.9619877472055,2632.2973108498163,667209.5088353235,0.019936134941984804
633.9619877472055,2632.2973108498163,667081.4680785722,0.020643509282172415
633.9619877472055,2632.2973108498163,668834.4752561795,0.01784761622847494
633.9619877472055,2632.2973108498163,667351.750560165,0.021121081827232064
633.9619877472055,2632.2973108498163,674128.1856556395,0.02095843976606982
633.9619877472055,2632.2973108498163,673548.0907987488,0.021139007653649778
633.9619877472055,2632.2973108498163,684379.4668744478,0.02706539197103193
633.9619877472055,2632.2973108498163,684885.9358244594,0.02731136492950746
633.9619877472055,2632.2973108498163,689297.4004355075,0.0270254667247465
633.9619877472055,2632.2973108498163,695876.5877798286,0.03339212637029068
633.9619877472055,2633.9472570187554,701898.5388990956,0.04155833793162211
633.9619877472055,2633.9472570187554,703126.5962146355,0.04268792490007435
633.9619877472055,2965.342341669706,716318.7066884487,0.07043567909036737
633.9619877472055,2965.342341669706,723583.4741498047,0.07983681117591047
633.9619877472055,3004.845285224656,738185.4890339195,0.10809710008889524
633.9619877472055,3103.291890385666,753488.119452943,0.1401918055636571
633.9619877472055,3115.214825350346,775861.8775179995,0.174787511895008
633.9619877472055,3139.552301502996,800827.8095124385,0.2064940021419959
633.9619877472055,3252.329662659646,825493.9590044685,0.24408253596755433
633.9619877472055,3252.329662659646,845546.4723092662,0.2654915307414784
633.9619877472055,3252.329662659646,870394.6816467536,0.29042099309776087
633.9619877472055,3252.329662659646,894988.6714598096,0.3116088022441988
633.9619877472055,3680.129549376666,941305.8353085029,0.3707679138448681
633.9619877472055,3706.952767788956,984363.6968523706,0.42306841957631197
633.9619877472055,3706.952767788956,1018486.7744892547,0.4522782212121976
633.9619877472055,3706.952767788956,1044746.8912991537,0.4637694236218897
633.9619877472055,3706.952767788956,1085429.5852990206,0.47900596956016045
633.9619877472055,3821.384625825046,1134111.686998838,0.5127054007064183
633.9619877472055,3821.384625825046,1173131.1330019208,0.5140151269832334
633.9619877472055,3821.384625825046,1216819.6246060599,0.5300003270876094
633.9619877472055,3821.384625825046,1251829.6567085723,0.5241430158252965
633.9619877472055,3821.384625825046,1300820.7433479254,0.5199929432264137
633.9619877472055,3821.384625825046,1338266.0096313648,0.5006412791804985
633.9619877472055,3821.384625825046,1373516.003486888,0.4761260916229226
633.9619877472055,3821.384625825046,1409423.0551477093,0.45043960500436997
633.9619877472055,3821.384625825046,1444429.9317501488,0.42043085097492844
633.9619877472055,3821.384625825046,1476774.501577292,0.4000243428795571
633.9619877472055,3821.384625825046,1518666.508464276,0.380251865523253
633.9619877472055,3821.384625825046,1554034.82033372,0.35071120421046215
633.9619877472055,3821.384625825046,1584819.2672871177,0.320129034906944
635.188811230103,3821.384625825046,1608288.1778714366,0.28478067772292026
635.188811230103,3821.384625825046,1631267.1067160135,0.25893459885412595
687.5148847579085,3821.384625825046,1649849.2677238113,0.21993514732375963
744.1808667231285,3821.384625825046,1664923.806336705,0.18240008401601132
771.7313093949681,3821.384625825046,1680403.7754121309,0.14453319269077428
824.0147892152015,3821.384625825046,1697490.3067523257,0.10660161901740081
903.3136084335886,3821.384625825046,1701795.5745297573,0.06747552549488524
985.6075775168636,3821.384625825046,1705370.299176523,0.02402544689395794
1122.477715661045,3821.384625825046,1697440.3879645139,-0.015817356356095356
1279.184694871185,3821.384625825046,1695839.6517422586,-0.05601683484577205
1432.9193570002349,3821.384625825046,1698051.2311881618,-0.09904800046611369
1532.330065003965,3821.384625825046,1685583.5169381811,-0.14119188403883395
1557.32242561194,3821.384625825046,1669845.9180048786,-0.18011348026622226
1630.078824731755,3821.384625825046,1645729.2655257036,-0.21576157172323127
1693.203443247,3821.384625825046,1626341.253036499,-0.25510695411514916
1704.51599887781,3821.384625825046,1592758.1429003521,-0.28881241014584047
1704.51599887781,3821.384625825046,1566208.8375332581,-0.3223382095077769
1704.51599887781,3821.384625825046,1536899.8972762155,-0.35659339203055607
1704.51599887781,3821.384625825046,1503563.6094035814,-0.3852571291280946
1742.8487438005,3821.384625825046,1470082.9605676897,-0.4233958643213053
1742.8487438005,3821.384625825046,1434186.636748976,-0.45688207896861815
1742.8487438005,3821.384625825046,1389729.9302848992,-0.4803153003990271
1742.8487438005,3821.384625825046,1347337.9029023189,-0.5023869902647986
1742.8487438005,3821.384625825046,1310444.1011921344,-0.5184194765315747
1742.8487438005,3821.384625825046,1274202.3560461167,-0.5400886487474572
1742.8487438005,3821.384625825046,1232860.4864231914,-0.5477596948922994
1742.8487438005,3821.384625825046,1191284.5423681473,-0.5462596750675223
1742.8487438005,3821.384625825046,1138723.885820065,-0.5465263080567887
1742.8487438005,3704.388212795313,1087988.411400358,-0.5193330636403186
1742.8487438005,3540.003716160294,1041526.1887648022,-0.49505341094075117
1742.8487438005,3540.003716160294,1011977.8723987453,-0.48615261644358737
1742.8487438005,3540.003716160294,981879.0110139999,-0.4695058121964805
1742.8487438005,3539.490145931493,941560.1915940846,-0.44236477612194447
1742.8487438005,3500.222419056643,908987.2101934568,-0.40334849569622266
1742.8487438005,3386.628667715864,873525.9142450942,-0.36178760053333814
1742.8487438005,3386.628667715864,851130.1744351785,-0.3382276036515651
1742.8487438005,3249.997794889781,825926.9589566485,-0.29748161080470953
1742.8487438005,3249.997794889781,807426.3927042282,-0.2772793297786068
1742.8487438005,3249.997794889781,788831.7655010324,-0.2516133019653346
1742.8487438005,3249.997794889781,776804.7158771083,-0.23630372955835896
1742.8487438005,3111.6372201050935,748231.2773274478,-0.19082913235335774
1742.8487438005,3111.6372201050935,728871.8583866259,-0.16137250474102258
1742.8487438005,2798.93431587235,708727.589823948,-0.12134586584256435
1742.8487438005,2797.678691594342,697972.8493435864,-0.10558396499226838
1742.8487438005,2781.550058281323,690105.421037068,-0.09165931655936775
1742.8487438005,2667.486994916265,679984.1190460755,-0.07508497538279124
1742.8487438005,2667.486994916265,674771.8090358111,-0.07292384194660644
1742.8487438005,2667.486994916265,669550.6027876959,-0.06754075170685857
1742.8487438005,2667.486994916265,667838.7886747692,-0.06685016532189775
1742.8487438005,2667.486994916265,661891.392130165,-0.07061918394627625
1742.8487438005,2667.486994916265,658656.8344049894,-0.06799445424281073
1742.8487438005,2667.486994916265,652625.7496066212,-0.06957762883268635
1742.8487438005,2667.486994916265,648164.5363631463,-0.07657493300846605
1742.8487438005,2667.486994916265,647323.6770823195,-0.07655707858578961
1742.8487438005,2667.486994916265,648272.2302055286,-0.07454428941763301
1742.8487438005,2667.486994916265,646503.2633656237,-0.07681132649107932
1742.8487438005,2667.486994916265,649140.970472794,-0.06388494358710184
1742.8487438005,2667.486994916265,650501.9972093456,-0.05983692823013791
1704.51599887781,2667.486994916265,652300.9361291535,-0.04175795227352072
1719.5491369144252,2667.486994916265,651963.8952751548,-0.049687205212668895
1719.5491369144252,2667.486994916265,651614.9514436903,-0.056671676013531125
1719.5491369144252,2667.486994916265,651697.8635282947,-0.05835134441730309
1719.5491369144252,2667.486994916265,652587.9305992739,-0.06448379208449437
1775.576248917525,2667.486994916265,652692.0003253233,-0.07020017814789477
1775.576248917525,2667.486994916265,651775.0066869765,-0.0675772815545971
1775.576248917525,2667.486994916265,652530.8714584952,-0.0719388550340451
1775.576248917525,2667.486994916265,650977.1362801914,-0.06765235724195798
1775.576248917525,2667.486994916265,651892.2014125925,-0.06839641388895949
1775.576248917525,2667.486994916265,651942.8624107586,-0.06844464573846024
1775.576248917525,2667.486994916265,650570.3316361139,-0.06683833390039268
1775.576248917525,2667.486994916265,650743.1516582707,-0.06684118584518821
1775.576248917525,2667.486994916265,660937.553251361,-0.06033261685660877
1775.576248917525,2667.486994916265,670686.7524620171,-0.05186505246913784
1775.576248917525,2667.486994916265,673059.9070231095,-0.05210330063378705
1775.576248917525,2667.486994916265,673071.7738982564,-0.052081899682540726
1775.576248917525,2734.833031055885,678225.9234066156,-0.04057690244241837
1775.576248917525,2734.833031055885,678968.4052151011,-0.03965933067927737
1775.576248917525,2992.222798039055,700888.6562195851,0.0030080393799375655
1775.576248917525,2992.222798039055,710370.052759606,0.018690864485044874
1775.576248917525,2992.222798039055,719872.6745685502,0.04113558698195424
1775.576248917525,2992.222798039055,736890.9513478995,0.07069456483023259
1775.576248917525,3318.884239101855,762327.011019854,0.13232300691033594
1775.576248917525,3318.884239101855,778118.5094791157,0.1495655102123662
1775.576248917525,3318.884239101855,797617.4337429528,0.18431549044574128
1775.576248917525,3318.884239101855,819684.007038755,0.20893572121800552
1775.576248917525,3372.4113168666745,854221.2656172895,0.25487541582730255
1775.576248917525,3715.8856644795956,903769.3518539493,0.33252873315196474
1775.576248917525,3715.8856644795956,928639.3084351682,0.345503810047364
1775.576248917525,3715.8856644795956,964929.3182737017,0.37265775215725344
1775.576248917525,3715.8856644795956,997165.0382072618,0.3996771070327106
1775.576248917525,3759.287236341524,1046166.549362664,0.4440377012881441
1775.576248917525,3759.287236341524,1079214.9553727838,0.4511475629702723
1775.576248917525,3759.287236341524,1125664.2854001755,0.4649462884725033
1775.576248917525,3849.110511014375,1182086.3274956013,0.4863307340382883
1775.576248917525,3849.110511014375,1223566.8870488328,0.48308609350490184
1775.576248917525,3849.110511014375,1262747.4228597938,0.47167833941855014
1775.576248917525,3849.110511014375,1304710.449819324,0.4631351310290016
1775.576248917525,3849.110511014375,1349784.7150854114,0.45889301074303496
1775.576248917525,3849.110511014375,1385769.7875795236,0.435858621503574
1775.576248917525,3849.110511014375,1436541.3396551297,0.4350118755249519
1775.576248917525,3849.110511014375,1476623.4450909195,0.40852336745772216
1775.576248917525,3849.110511014375,1498228.496204483,0.3810087170472442
1775.576248917525,3849.110511014375,1526548.6287697908,0.3632257874816439
1775.576248917525,3849.110511014375,1571680.286700969,0.34376039620534093
1775.576248917525,3849.110511014375,1598190.0980416439,0.31058284568632366
1822.262327871385,3849.110511014375,1626236.2945093436,0.2744930639313155
1822.262327871385,3849.110511014375,1653815.1636808363,0.24198085477985018
1833.54598367223,3849.110511014375,1669496.7674995654,0.2060560921401431
1941.151835655185,3849.110511014375,1691560.771976573,0.16780636721632244
2047.1171611766904,3849.110511014375,1710960.1595431077,0.13025729722862422
2066.52624829871,3849.110511014375,1732001.0415294908,0.09067216281323925
2090.53286068002,3849.110511014375,1751390.1186208855,0.058151099795144906
2186.57278377804,3849.110511014375,1761423.0641372383,0.02185344557308745
2311.763317763385,3849.110511014375,1764896.2374745116,-0.017036457898333156
2377.79623074167,3849.110511014375,1766894.1870722498,-0.05726765553175242
2449.6346812052852,3849.110511014375,1755323.0642644376,-0.096001534276237
2536.6874816168947,3849.110511014375,1748726.6728620229,-0.135123629462397
2693.1629014715654,3849.110511014375,1733534.835379599,-0.1753881595897908
2839.646154998065,3849.110511014375,1711267.530747723,-0.21494088457931562
2839.646154998065,3849.110511014375,1696835.7316186014,-0.24738907801434384
2889.171828200715,3849.110511014375,1669230.3069416832,-0.28682163157629703
2902.027281146295,3849.110511014375,1640212.3666785457,-0.3235660878919785
2912.135012243015,3849.110511014375,1608893.1346972766,-0.36341239667543507
2912.135012243015,3849.110511014375,1569023.4965070488,-0.38404624920424024
2912.135012243015,3849.110511014375,1536621.5995114406,-0.4112190680042824
2912.135012243015,3849.110511014375,1489018.5599635586,-0.42306427417286624
2912.135012243015,3849.110511014375,1448107.676395027,-0.44277964192138464
2912.135012243015,3849.110511014375,1402710.6026088174,-0.4605033807387075
2912.135012243015,3741.253496673434,1349104.0361002267,-0.4747344553663983
2912.135012243015,3741.253496673434,1306193.1178159188,-0.48284697025648826
2912.135012243015,3741.253496673434,1262024.371017872,-0.48046329972333
2912.135012243015,3699.890627280958,1214824.6681976812,-0.4753207440009244
2912.135012243015,3699.890627280958,1177348.2387922057,-0.48164391104033166
2912.135012243015,3699.890627280958,1138202.88888946,-0.47907585380984974
2912.135012243015,3699.890627280958,1092897.7919289677,-0.47160884457797997
2912.135012243015,3699.890627280958,1054297.0815901272,-0.4546413420819232
2912.135012243015,3585.782143174868,1015253.6800846098,-0.4184882786538895
2912.135012243015,3485.934209971813,973421.8913979724,-0.3914075514731884
2912.135012243015,3485.934209971813,949173.8557636171,-0.3717605499293618
2912.135012243015,3456.527582660217,913197.9845133362,-0.3392994077730648
2912.135012243015,3456.527582660217,880774.0611031911,-0.30598004485240227
2912.135012243015,3456.527582660217,862541.188199942,-0.29320373458823146
2912.135012243015,3335.943233991082,824768.3761409939,-0.24593740615494689
2912.135012243015,3335.943233991082,806494.1826718672,-0.2219931773230112
2912.135012243015,3335.943233991082,799718.8423530273,-0.21283369539833005
2912.135012243015,3094.42801762876,772261.4998775327,-0.16250943780021793
2912.135012243015,3089.11978776264,755142.0531866291,-0.13341126463473094
2912.135012243015,3042.99496369635,734638.2070050795,-0.09939476773163292
2912.135012243015,3042.99496369635,712615.0089272384,-0.0664388610907553
2912.135012243015,2938.60130724627,702639.9616696163,-0.04140289675150297
2912.135012243015,2738.33188119443,688792.6642280066,-0.013492021489887727
2912.135012243015,2738.33188119443,685787.3051350323,-0.010237602956452822
2912.135012243015,2738.33188119443,679856.0658294767,-0.004660550384994928
2912.135012243015,2738.33188119443,680065.9720005317,-0.004879617010866761
2912.135012243015,2738.33188119443,680129.0523545456,-0.004879611641225346
2912.135012243015,2738.33188119443,674889.378637404,-0.002423842455371347
2912.135012243015,2738.33188119443,675349.7271581551,-0.0023081336485542255
2912.135012243015,2738.33188119443,674304.0762026919,-0.0025466329110953954
2912.135012243015,2738.33188119443,669542.3968785228,-0.008665458436944128
2912.135012243015,2738.33188119443,669830.8363627644,-0.007945870808825965
2912.135012243015,2738.33188119443,667433.3164740229,-0.017330882827538502
2912.135012243015,2738.33188119443,666263.8143093806,-0.01944483260465084
2912.135012243015,2738.33188119443,668470.588028792,-0.013933374783196447
2912.135012243015,2738.33188119443,669941.4547767743,-0.00030295717400383697
2905.0424698065,2738.33188119443,670369.1296204564,0.009251938301342234
2905.0424698065,2738.33188119443,669768.8611719846,0.00488488827375125
2852.5016079436455,2738.33188119443,669878.9196551321,0.011231974773678821
2782.5586499940055,2738.33188119443,669609.3979345085,0.02932176305972272
2813.86343269972,2738.33188119443,669582.5250601483,0.026831139139138465
2813.86343269972,2738.33188119443,666659.6913172056,0.04275260734794052
2813.86343269972,2738.33188119443,667309.4023633428,0.03972198014662497
2813.86343269972,2738.33188119443,667101.6948640306,0.04024341019156071
2813.86343269972,2738.33188119443,670787.2804679704,0.03562497054308265
2813.86343269972,2738.33188119443,666328.5477750915,0.03891045448148572
2813.86343269972,2738.33188119443,672353.2234903859,0.03212474644640185
2813.86343269972,2738.33188119443,672667.1061814686,0.031895263993151596
2813.86343269972,2738.33188119443,673184.3309999739,0.031224135031153087
2813.86343269972,2738.33188119443,676383.1280619613,0.033435838208140355
2813.86343269972,2738.33188119443,670204.0825176047,0.025201446129949113
2813.86343269972,2738.33188119443,676531.2159165638,0.026173868379311915
2813.86343269972,2738.33188119443,680273.7737380585,0.029843912155105803
2813.86343269972,2870.8485566803,694418.2036000292,0.054639420345469786
2813.86343269972,3031.3872462747904,706609.8936676431,0.08386049201586873
2813.86343269972,3031.3872462747904,727254.8367154932,0.11691679813810463
2813.86343269972,3031.3872462747904,737695.5331623439,0.13364994432095526
2813.86343269972,3031.3872462747904,739505.8360404067,0.13676051987859464
2813.86343269972,3116.086023485519,759969.2103279335,0.17144525423988158
2813.86343269972,3326.58631176984,790035.8972589741,0.22354614173178405
2813.86343269972,3345.4221140953514,818735.0142144394,0.2696304769678936
2813.86343269972,3345.4221140953514,843779.3763189873,0.30640349670585243
2813.86343269972,3360.8189289185793,875841.0635332034,0.3400392088549521
2813.86343269972,3360.8189289185793,893232.2608743741,0.36046362797162046
2813.86343269972,3493.7020913554506,927927.726521939,0.39759761456197296
2813.86343269972,3493.7020913554506,969251.1821126937,0.4144012793109972
2813.86343269972,3512.09086803794,1008318.4232338693,0.435330507277368
2813.86343269972,3512.09086803794,1038605.934257492,0.4574353713656209
2813.86343269972,3512.09086803794,1071895.8340520132,0.4604085515421899
2813.86343269972,3512.09086803794,1108017.1467350188,0.46861861845386016
2813.86343269972,3724.3585479182393,1154747.2263652862,0.4860584520287455
2813.86343269972,3724.3585479182393,1199813.4855793878,0.4831202835968836
2813.86343269972,3724.3585479182393,1241208.5042845644,0.48541955059451247
2813.86343269972,3724.3585479182393,1281692.0574966662,0.48183127461347103
2813.86343269972,3846.9464228161405,1330862.8304641591,0.49152717256869455
2813.86343269972,3846.9464228161405,1371568.3243369975,0.4830178654115291
2813.86343269972,3846.9464228161405,1414713.4979544934,0.46740331555275966
2813.86343269972,3846.9464228161405,1456196.6987472803,0.447035153886854
2813.86343269972,3846.9464228161405,1488758.3165890109,0.4237094564195005
2813.86343269972,3846.9464228161405,1525557.365903318,0.3935862370418633
2813.86343269972,3846.9464228161405,1569409.0430500228,0.36932279601963314
2813.86343269972,3846.9464228161405,1605282.7072414393,0.34041411823736106
2813.86343269972,3846.9464228161405,1627987.3345534117,0.3085400085891885
2883.80639064936,3846.9464228161405,1654155.2279016424,0.2700957404544598
2883.80639064936,3846.9464228161405,1683186.676838086,0.23944111743398866
2894.6112021944255,3846.9464228161405,1704938.6112884402,0.20402903063542008
2894.6112021944255,3846.9464228161405,1730169.8296358502,0.17388138648134482
3076.1361312127856,3846.9464228161405,1737485.4918994384,0.1310061593922087
3285.57060919115,3846.9464228161405,1741379.8162843243,0.09106482931010718
3375.48875630528,3846.9464228161405,1744222.4792891382,0.0478133285842602
3460.80945257196,3846.9464228161405,1745562.4227778867,0.006206573339637236
3542.847707715695,3846.9464228161405,1746481.635722427,-0.03475487800741102
3600.84991928095,3846.9464228161405,1750052.7662946028,-0.07387882071337254
3668.836709222225,3846.9464228161405,1738532.853918736,-0.11443408604590495
3782.4353568488996,3846.9464228161405,1715281.2291414756,-0.14859892771779756
3868.50929512949,3846.9464228161405,1696346.738681991,-0.18726164683431526
3868.50929512949,3846.9464228161405,1676087.3624011658,-0.21894930657157827
3899.9021915067897,3846.9464228161405,1651944.3039916975,-0.2531785698919153
3916.636882924715,3846.9464228161405,1632827.1486654454,-0.29121922877269796
3916.636882924715,3846.9464228161405,1600008.6821687326,-0.3165073257907543
3916.636882924715,3846.9464228161405,1556167.467638686,-0.34205559690341514
3916.636882924715,3846.9464228161405,1526485.6215037978,-0.36913911818192524
3916.636882924715,3846.9464228161405,1481504.98998263,-0.38852595968456993
3916.636882924715,3846.9464228161405,1446133.8760695397,-0.41678211895080597
3916.636882924715,3846.9464228161405,1408611.2687543144,-0.43979628732865006
3916.636882924715,3846.9464228161405,1368505.0240126196,-0.4631696766760934
3916.636882924715,3846.9464228161405,1339116.3793641517,-0.47686663163250476
3916.636882924715,3846.9464228161405,1296365.9700545766,-0.4803461749827924
3916.636882924715,3846.9464228161405,1245022.4634288824,-0.47004987780554336
3916.636882924715,3846.9464228161405,1203009.4217885209,-0.4688401370290697
3916.636882924715,3846.9464228161405,1161669.059952262,-0.45686480517414296
3916.636882924715,3846.9464228161405,1127046.7707147119,-0.44883724888527887
3916.636882924715,3846.9464228161405,1100825.0168904618,-0.44458751243306655
3916.636882924715,3563.3307591746106,1046312.4139376066,-0.40451244786533813
3916.636882924715,3531.4490276633005,1005716.1238850765,-0.3797962997505171
3916.636882924715,3531.4490276633005,967733.8063366056,-0.3554583255591156
3916.636882924715,3531.4490276633005,930623.0239388513,-0.34061264449640993
3916.636882924715,3310.505953700351,894329.969195021,-0.2947784813687375
3916.636882924715,3270.3645637933505,864797.2402814949,-0.2643350663289707
3916.636882924715,3270.3645637933505,830632.5789430221,-0.2403849553461392
3916.636882924715,3229.5627998848404,803116.6664981999,-0.2012384373526508
3916.636882924715,3059.5799676667407,779466.397819484,-0.1609992863651525
3916.636882924715,3059.5799676667407,771092.8380567188,-0.1482150279740407
3916.636882924715,3059.5799676667407,758660.3605040137,-0.12817305575036195
3916.636882924715,3059.5799676667407,759701.0528179443,-0.12970894798992605
3916.636882924715,3059.5799676667407,750708.64338695,-0.11242980115764732
3916.636882924715,2843.1107597189402,733287.3116052328,-0.07948569116782227
3916.636882924715,2730.6833236398807,719996.582822067,-0.06050224072145127
3916.636882924715,2730.6833236398807,711879.9847098882,-0.050507970178518824
3916.636882924715,2730.6833236398807,705358.7113492638,-0.042049528488368654
3916.636882924715,2730.6833236398807,705102.8313750714,-0.04164935056139317
3916.636882924715,2730.6833236398807,692406.2454880326,-0.028887291675277073
3916.636882924715,2730.6833236398807,685140.6032713512,-0.024959314845144354
3916.636882924715,2730.6833236398807,675477.8827108375,-0.025539279562064282
3916.636882924715,2730.6833236398807,680776.7103733326,-0.027437671135950185
3916.636882924715,2730.6833236398807,681610.4263593556,-0.02673854459142296
3916.636882924715,2730.6833236398807,681213.7234472778,-0.028439477153649688
3916.636882924715,2730.6833236398807,680433.9745560352,-0.029904841014881382
3916.636882924715,2730.6833236398807,680192.2156246423,-0.031413695382194795
3916.636882924715,2730.6833236398807,679221.7337946466,-0.035441940489222674
3916.636882924715,2730.6833236398807,677452.7325956165,-0.04184569126451105
3920.419747652499,2730.6833236398807,677438.1006609473,-0.042143289542129196
3920.419747652499,2730.6833236398807,679249.2570875903,-0.03236358695286439
3920.419747652499,2730.6833236398807,679246.3241014204,-0.03240997430264698
3920.419747652499,2730.6833236398807,679420.4211867189,-0.03798700307008196
3920.419747652499,2730.6833236398807,679180.5402621194,-0.036989746302810746
3920.419747652499,2730.6833236398807,677370.3372275125,-0.03163897231072412
3920.419747652499,2730.6833236398807,675679.5763460989,-0.02655076029112542
3920.419747652499,2730.6833236398807,677735.9445848387,-0.03136733136684663
3920.419747652499,2730.6833236398807,679452.407840566,-0.03727608644606123
3920.419747652499,2730.6833236398807,677189.2487039284,-0.03254084814336271
3920.419747652499,2730.6833236398807,674803.6071865275,-0.03179073162166558
3920.419747652499,2730.6833236398807,673188.6263183551,-0.03171642942620196
3920.419747652499,2730.6833236398807,675306.8106742213,-0.030947914259772065
3920.419747652499,2730.6833236398807,676118.2273680724,-0.030640578108268715
3920.419747652499,2730.6833236398807,684780.3083825907,-0.024454899629452798
3920.419747652499,2860.7174425761305,697674.6445959462,-0.0012112889586237247
3920.419747652499,2860.7174425761305,697067.510653515,-0.0015447977122584563
3920.419747652499,2860.7174425761305,707510.4869687852,0.014955487194556274
3920.419747652499,2860.7174425761305,714477.34781469,0.023423528115351307
3920.419747652499,2860.7174425761305,726670.1623930624,0.03688318290929254
3920.419747652499,2860.7174425761305,733376.062624962,0.04353996522833485
3920.419747652499,2976.7196905440205,744437.6378366717,0.06461484060215053
3920.419747652499,3143.64856770826,764001.918583911,0.10143500755018521
3920.419747652499,3143.64856770826,775831.7902792915,0.11757893772656447
3920.419747652499,3533.63994232153,811974.9586161206,0.19347239656918638
3920.419747652499,3533.63994232153,826003.1788080753,0.21580396395460785
3920.419747652499,3533.63994232153,839190.3573013789,0.22774629484149472
3920.419747652499,3533.63994232153,866682.4996013687,0.2664144487561949
3920.419747652499,3814.9945962769807,915274.2751851344,0.349529834492023
3920.419747652499,3814.9945962769807,963477.6353975033,0.40294782387290684
3920.419747652499,3814.9945962769807,1008353.7848312897,0.4453582223066417
3920.419747652499,3814.9945962769807,1046625.4144251508,0.4780481391812324
3920.419747652499,3814.9945962769807,1087105.555887942,0.5000183262628335
3920.419747652499,3814.9945962769807,1127215.3353411006,0.5008436947233718
3920.419747652499,3814.9945962769807,1157692.4242911031,0.4985805179023157
3920.419747652499,3814.9945962769807,1183493.0230285241,0.49306450605094687
3920.419747652499,3814.9945962769807,1218152.1330659536,0.48691087301295516
3920.419747652499,3814.9945962769807,1247582.4136866317,0.47915938250780066
3920.419747652499,3814.9945962769807,1284204.831296423,0.4674575928391099
3920.419747652499,3814.9945962769807,1333438.1045100633,0.45781012230038937
3920.419747652499,3814.9945962769807,1368660.4018532473,0.4436844259102518
3920.419747652499,3814.9945962769807,1399772.7627615654,0.4226971679121887
3920.419747652499,3814.9945962769807,1433151.3634134629,0.4017917454971757
3920.419747652499,3814.9945962769807,1460637.8671030917,0.3793174348239159
3920.419747652499,3814.9945962769807,1502638.6464789093,0.35709066931382333
3920.419747652499,3814.9945962769807,1526878.7454718591,0.31983666845452496
3920.419747652499,3814.9945962769807,1557890.2612099065,0.28905762516256267
4004.3654174688545,3814.9945962769807,1587768.8083697897,0.251746469659115
4108.739009130615,3814.9945962769807,1619693.1089423464,0.21727632001577074
4234.01549012495,3814.9945962769807,1654378.3276470408,0.18723542703145657
4338.319938033661,3814.9945962769807,1660713.326989105,0.14624286364452319
4338.628232863765,3814.9945962769807,1680605.1563225419,0.10785916800486121
4375.224117206505,3814.9945962769807,1687600.071231647,0.06712816311289896
4454.6566331689055,3814.9945962769807,1693156.0725803468,0.026285476047978953
4541.127825219241,3814.9945962769807,1705624.0382047568,-0.013081509155867345
4632.379450335805,3814.9945962769807,1704457.39887726,-0.052158061598946245
4715.876695060685,3814.9945962769807,1706830.5672318316,-0.09176194656445671
4827.05995454316,3814.9945962769807,1692739.4420596866,-0.13254575838200094
4916.67918667425,3814.9945962769807,1674815.750470303,-0.1715177491387674
4936.87691666463,3814.9945962769807,1658373.2371916773,-0.21384042863284258
5051.362587530924,3814.9945962769807,1637232.9344750955,-0.2515907267667631
5142.264857734221,3814.9945962769807,1607732.2733492379,-0.28701874943020855
5177.636320894325,3814.9945962769807,1577150.7640762138,-0.3238607705606749
5178.065633047469,3814.9945962769807,1542358.8188805685,-0.3590380680379784
5178.065633047469,3814.9945962769807,1513031.8862465876,-0.38818104320909314
5178.065633047469,3814.9945962769807,1482100.55925696,-0.4236481324230878
5178.065633047469,3814.9945962769807,1450852.3575806695,-0.45030688205823516
5178.065633047469,3814.9945962769807,1428264.2399232625,-0.4749094131960834
5178.065633047469,3814.9945962769807,1390001.3107742257,-0.48552142333151915
5178.065633047469,3814.9945962769807,1353627.450922626,-0.5062109922662004
5178.065633047469,3814.9945962769807,1331222.703634156,-0.530624952903149
5178.065633047469,3814.9945962769807,1294056.0307962713,-0.5429384519692735
5178.065633047469,3814.9945962769807,1249514.5226241145,-0.55815675386723
5178.065633047469,3814.9945962769807,1198830.3239286472,-0.5588030406003652
5178.065633047469,3814.9945962769807,1152622.9856922098,-0.5550210476717767
5178.065633047469,3780.1736187372408,1094756.6959851254,-0.5402456967670572
5178.065633047469,3665.85533274224,1046844.8924392767,-0.5034985349900895
5178.065633047469,3665.85533274224,1003883.5025476437,-0.4817944072890329
5178.065633047469,3665.85533274224,966050.1633597815,-0.46594493347845434
5178.065633047469,3665.85533274224,933735.7881554514,-0.43739741646716723
5178.065633047469,3665.85533274224,897646.2021327271,-0.40052640030093445
5178.065633047469,3465.285384626071,852071.0413880823,-0.33019227261728856
5178.065633047469,3465.285384626071,827982.7231590681,-0.3003832644309567
5178.065633047469,3465.285384626071,802872.2086708307,-0.26753772321846464
5178.065633047469,3465.285384626071,787672.8044735591,-0.25039264003452594
5178.065633047469,3150.4999878783105,754956.9029177062,-0.1747177140579722
5178.065633047469,2949.9884100413606,729440.9529296693,-0.12957714031091544
5178.065633047469,2949.9884100413606,722505.3575282566,-0.11897252129701283
5178.065633047469,2863.4960791901303,709113.8070270956,-0.09238875027079292
5178.065633047469,2863.4960791901303,700056.7488714557,-0.08108386005612721
5178.065633047469,2863.4960791901303,685215.389411565,-0.06490983180116955
5178.065633047469,2863.4960791901303,682628.2337973583,-0.059454891997116066
5178.065633047469,2863.4960791901303,677330.481802621,-0.05373865800340998
5178.065633047469,2630.0910004254606,660136.4472593095,-0.02184291718216039
5178.065633047469,2630.0910004254606,653004.9720838929,-0.012522141609920311
5178.065633047469,2630.0910004254606,644758.4030730884,-0.015474863041883785
5178.065633047469,2630.0910004254606,642500.1943245061,-0.016731935682644777
5178.065633047469,2630.0910004254606,644131.0432635244,-0.016978481779949914
5178.065633047469,2630.0910004254606,644972.9589296537,-0.0169936385185824
5178.065633047469,2630.0910004254606,644794.0349191966,-0.01734840081715259
5178.065633047469,2630.0910004254606,642649.6351603018,-0.021486405171127158
5178.065633047469,2630.0910004254606,639018.3593173387,-0.027336583957391004
5178.065633047469,2630.0910004254606,640325.5928246905,-0.02442295554206379
5178.065633047469,2630.0910004254606,639797.7828677231,-0.02679074059844905
5178.065633047469,2630.0910004254606,640542.0973032068,-0.022070817838946728
5194.411686981504,2630.0910004254606,640008.9718735781,-0.03370519683932047
5194.411686981504,2630.0910004254606,640914.5081289517,-0.02121310218083813
5177.130750032915,2630.0910004254606,639632.491412117,-0.005651470303134427
5177.130750032915,2630.0910004254606,639470.3857439538,-0.007476687064396103
5142.694169887365,2630.0910004254606,638590.6566985208,0.005288342288185181
5142.694169887365,2630.0910004254606,638803.0978114279,0.0032769682677638154
5142.694169887365,2630.0910004254606,638865.1437994406,0.002880210251656842
5142.694169887365,2630.0910004254606,639740.1643681416,-0.0036398741401518606
5142.694169887365,2630.0910004254606,643322.9947657209,-0.008327454927168784
5142.694169887365,2630.0910004254606,642866.4872497536,-0.0077599856324620875
5142.694169887365,2630.0910004254606,649565.89584776,-0.0137055091513134
5142.694169887365,2630.0910004254606,642347.5673793588,-0.014734094880035572
5142.694169887365,2630.0910004254606,645195.6730372884,-0.015782113870660378
5142.694169887365,2630.0910004254606,648702.0603435874,-0.02063390738363502
5142.694169887365,2630.0910004254606,658447.9220381916,-0.007599529447464528
5142.694169887365,2608.22647023167,650517.3435997958,-0.020501183746597183
5142.694169887365,2791.5201312535714,657497.8660337604,-0.0034907262910176427
5142.694169887365,2791.5201312535714,656041.6828020094,-0.006020338473793071
5142.694169887365,2791.5201312535714,661982.5205696513,0.006373570826128773
5142.694169887365,2791.5201312535714,659064.6361119702,0.002741691014695468
5142.694169887365,2843.60341635756,672625.2733713875,0.029977048846068197
5142.694169887365,2960.962840217581,693163.614241885,0.06680691005918853
5142.694169887365,2960.962840217581,707577.328327623,0.07993949442010935
5142.694169887365,3052.6203168716697,729721.6222565261,0.11809734000413662
5142.694169887365,3107.8554429316896,755489.0024785838,0.15575895139900284
5142.694169887365,3107.8554429316896,772331.5149941632,0.17459269519012605
5142.694169887365,3425.8301849349505,802265.2957137964,0.23733167942704825
5142.694169887365,3425.8301849349505,826360.9074934443,0.2631086713818689
5142.694169887365,3425.8301849349505,860743.2054905901,0.3001504744350963
5142.694169887365,3515.997748513301,900985.3146755819,0.34729643721864745
5142.694169887365,3515.997748513301,937212.2418934199,0.3696654043445347
5142.694169887365,3617.94693002517,976806.6599831056,0.41324803494545637
5142.694169887365,3617.94693002517,1020008.6468365462,0.43400011738640354
5142.694169887365,3791.3401358593096,1071581.3126246703,0.4723971410291685
5142.694169887365,3791.3401358593096,1106204.5090628348,0.4818319937988653
5142.694169887365,3791.3401358593096,1136780.4892832385,0.48670787569859164
5142.694169887365,3791.3401358593096,1176971.9146993256,0.5024260229648667
5142.694169887365,3791.3401358593096,1221170.3278568916,0.49200520559793864
5142.694169887365,3791.3401358593096,1260363.6233661433,0.48967932432107547
5142.694169887365,3791.3401358593096,1307477.9370413863,0.4810138050982566
5142.694169887365,3791.3401358593096,1353292.2487928318,0.46924484605509925
5142.694169887365,3791.3401358593096,1392849.5501846678,0.45838757579951234
5142.694169887365,3791.3401358593096,1437468.6188806172,0.4371061134126177
5142.694169887365,3791.3401358593096,1480650.1494975272,0.41835658355848604
5142.694169887365,3791.3401358593096,1522582.553826856,0.3929581300214062
5142.694169887365,3791.3401358593096,1562679.058461532,0.3633543704122116
5142.694169887365,3791.3401358593096,1602900.148647732,0.33951397920256954
5142.694169887365,3791.3401358593096,1630596.8392308305,0.30396418436550426
5177.130750032915,3791.3401358593096,1653588.4137039473,0.2669199697303941
5177.130750032915,3791.3401358593096,1671028.2517345184,0.23209401922736952
5265.087347781795,3791.3401358593096,1690584.091803139,0.19644833740469347
5363.92471384485,3791.3401358593096,1699500.5647961884,0.15563310886788503
5416.564044799406,3791.3401358593096,1715868.3259769604,0.11847433164535008
5583.456105924461,3791.3401358593096,1720909.693990569,0.07705075132784597
5733.13500875585,3791.3401358593096,1719545.500582516,0.03589757805803745
5800.304430803115,3791.3401358593096,1706104.8342868479,-0.0039777296452272615
5862.6066784783,3791.3401358593096,1701504.7170423178,-0.044922660832759295
5909.579606268666,3791.3401358593096,1692999.547661988,-0.08352738670951784
5985.385692398791,3791.3401358593096,1674790.6098278477,-0.11977017699132277
6063.02351885122,3791.3401358593096,1661971.543753712,-0.15348797345455487
6125.521566376625,3791.3401358593096,1648398.3020994589,-0.19418117281377373
6172.20454762356,3791.3401358593096,1625313.2581633248,-0.2285268888148316
6172.20454762356,3791.3401358593096,1607830.7595490434,-0.2609505350226639
6172.20454762356,3791.3401358593096,1569533.7011038584,-0.2893966617754119
6172.20454762356,3791.3401358593096,1539434.5487980891,-0.31870042242918123
6172.20454762356,3791.3401358593096,1510466.1098621164,-0.34725227654422175
6172.20454762356,3791.3401358593096,1467788.6538305434,-0.368284380394714
6172.20454762356,3791.3401358593096,1428381.9047214072,-0.38753827190779827
6172.20454762356,3791.3401358593096,1389461.765471454,-0.40180512914344946
6172.20454762356,3791.3401358593096,1345212.4303767812,-0.41854117967388804
6172.20454762356,3791.3401358593096,1304177.1136135026,-0.4301654890578657
6172.20454762356,3791.3401358593096,1263507.502669614,-0.42997792012575514
6172.20454762356,3791.3401358593096,1213819.1813899248,-0.42946741827115475
6172.20454762356,3791.3401358593096,1180947.553210453,-0.425348447234098
6172.20454762356,3791.3401358593096,1135713.4486374692,-0.41063895358630437
6172.20454762356,3791.3401358593096,1090542.958204106,-0.38938561319176185
6172.20454762356,3791.3401358593096,1056334.4644994854,-0.37272401691217794
6172.20454762356,3791.3401358593096,1027914.2329106116,-0.3676523814230272
6172.20454762356,3445.91804656107,981953.9758174646,-0.3097078740270815
6172.20454762356,3398.73488507993,943309.4577405817,-0.28464180730857014
6172.20454762356,3398.73488507993,910693.4948027523,-0.2544656101327016
6172.20454762356,3343.526432171019,873694.5350289718,-0.21898175332015046
6172.20454762356,3343.526432171019,856924.110800674,-0.2088551030275288
6172.20454762356,3343.526432171019,843697.5901955308,-0.1899515518123125
6172.20454762356,3300.80977081889,812243.2564838268,-0.14203960356352832
6172.20454762356,3029.44743842992,783133.272569264,-0.09086596841311634
6172.20454762356,3029.44743842992,763790.9563500412,-0.06540356462061386
6172.20454762356,3029.44743842992,746845.7343321841,-0.04335277311066996
6172.20454762356,3029.44743842992,732405.0021778374,-0.02115365398068644
6172.20454762356,2790.0070084321205,712118.7101025265,0.017837289213417828
6172.20454762356,2790.0070084321205,704442.5892157318,0.0321343096585248
6172.20454762356,2749.673362614939,688396.4211414751,0.054392771067512
6172.20454762356,2749.673362614939,694226.6263482721,0.04508317314748386
6172.20454762356,2700.2872988334993,690304.86982108,0.05377368262106661
6172.20454762356,2700.2872988334993,689306.9704471333,0.0553256511484684
6172.20454762356,2700.2872988334993,678077.1038057755,0.06663009349770582
6172.20454762356,2700.2872988334993,674631.152068553,0.07150202552312292
6172.20454762356,2700.2872988334993,673404.2548601268,0.07207410120119774
6172.20454762356,2700.2872988334993,670983.4253301065,0.07203910394548703
6172.20454762356,2700.2872988334993,669967.657486995,0.07197282445550589
6172.20454762356,2700.2872988334993,677962.9090358422,0.07761152836330938
6172.20454762356,2700.2872988334993,676309.2530958827,0.07287228709629168
6172.20454762356,2700.2872988334993,678177.0806075486,0.0804435123083991
6172.20454762356,2700.2872988334993,676397.7329079459,0.07463940190725413
6172.20454762356,2700.2872988334993,676492.3970957064,0.0751226930946097
6172.20454762356,2700.2872988334993,675927.3304482447,0.07280407080334021
6130.784838826769,2700.2872988334993,675809.242652513,0.08418705005765932
6172.20454762356,2700.2872988334993,675669.1611275055,0.07588740428817536
6130.784838826769,2700.2872988334993,674817.8401438367,0.0971802112134867
6130.784838826769,2700.2872988334993,674836.8809770162,0.10118030456509608
6130.784838826769,2700.2872988334993,676034.7369045502,0.09579509691277784
6149.511782458464,2700.2872988334993,676214.8172957334,0.08548194062931289
6149.511782458464,2700.2872988334993,676232.4840915047,0.08541754001430155
6149.511782458464,2700.2872988334993,674066.77850356,0.09353675660361424
6149.511782458464,2700.2872988334993,678545.1908044168,0.0822570740955211
6149.511782458464,2700.2872988334993,681086.3519436351,0.079844417008765
6149.511782458464,2700.2872988334993,682125.7218587062,0.07887548313028024
6149.511782458464,2700.2872988334993,693117.375591456,0.07624402480847074
6149.511782458464,2700.2872988334993,691082.038756592,0.07567077948262059
6149.511782458464,2700.2872988334993,696792.3698693063,0.075089114332568
6149.511782458464,2700.2872988334993,706789.9117344321,0.08538885872413828
6149.511782458464,2700.2872988334993,712758.2349526378,0.09278025175022811
6149.511782458464,2809.14005716622,726043.3469434351,0.10891669856679452
6149.511782458464,2992.2012692054095,739991.3486302404,0.13412999766715286
6149.511782458464,2992.2012692054095,751691.6292679277,0.15015988282257925
6149.511782458464,3021.1813784612586,761954.9416072919,0.16941840934131028
6149.511782458464,3021.1813784612586,775829.469301889,0.18419499511788515
6149.511782458464,3139.79835799003,799751.1000579848,0.21463651011858484
6149.511782458464,3139.79835799003,815819.1851390703,0.2364310791151279
6149.511782458464,3404.963199403651,846569.6582186051,0.2844346945955444
6149.511782458464,3404.963199403651,871238.4899876371,0.3119029787931781
6149.511782458464,3404.963199403651,895699.8805408127,0.3410666594999027
6149.511782458464,3404.963199403651,922306.9546156658,0.3700362622559421
6149.511782458464,3404.963199403651,940113.7025523678,0.3789922352993956
6149.511782458464,3404.963199403651,964017.889938777,0.39757337947518606
6149.511782458464,3820.8978321900986,1011347.4877748188,0.4552984245864634
6149.511782458464,3820.8978321900986,1050483.249057942,0.4867833151944594
6149.511782458464,3820.8978321900986,1086042.144793938,0.5069535534662203
6149.511782458464,3820.8978321900986,1120698.513664886,0.5228967586744243
6149.511782458464,3820.8978321900986,1161201.0482521716,0.5301102565256698
6149.511782458464,3820.8978321900986,1207820.4300596928,0.5366589386124445
6149.511782458464,16041.664801548348,3467705.9511918128,4.995822156370738
6149.511782458464,16041.664801548348,5680520.265797931,4.563170240230911
6149.511782458464,16041.664801548348,5714481.303714777,4.5040774807491095
6149.511782458464,16041.664801548348,5740686.127636807,4.458101827343798
6149.511782458464,16041.664801548348,5771223.614807377,4.4044705497919034
6149.511782458464,16041.664801548348,5806149.363223485,4.343883958760076
6149.511782458464,16041.664801548348,5828108.790070468,4.299009541502525
6149.511782458464,16041.664801548348,5862862.445709301,4.239017032423336
6149.511782458464,16041.664801548348,5895551.961375388,4.179558573791577
6149.511782458464,16041.664801548348,5917421.660084105,4.131365696852012
6149.511782458464,16041.664801548348,5937206.267008655,4.084350475633151
6149.511782458464,16041.664801548348,5964223.015169147,4.033382343645222
6149.511782458464,16041.664801548348,5974934.980241253,3.9977572619467665
6249.9023189112795,16041.664801548348,5980521.991450274,3.9673809644041382
6362.04704282206,16041.664801548348,5983299.406258533,3.940792048548778
6455.979792527554,16041.664801548348,5982221.591614497,3.9169723660624243
6576.849543962026,16041.664801548348,5978747.142473124,3.895126142046
6656.5880330868895,16041.664801548348,5975444.043003298,3.871304872016883
6804.936873059055,16041.664801548348,5962840.177580128,3.858571351875746
6959.870463390211,16041.664801548348,5945466.450061672,3.848657292733896
6999.52996019911,16041.664801548348,5933772.257386692,3.8353141956157932
7073.337561894759,16041.664801548348,5911722.02910156,3.83410830156238
7188.041678905815,16041.664801548348,5883269.513750763,3.832645438474932
7307.892956536935,16041.664801548348,5863052.901010835,3.826622406412768
7307.892956536935,16041.664801548348,5820141.045472775,3.8477682340359225
7374.685504240915,16041.664801548348,5783344.456405244,3.8623797958259147
7374.685504240915,16041.664801548348,5744250.322709617,3.880422504816405
7374.685504240915,16041.664801548348,5697712.505389764,3.905914041027419
7374.685504240915,16041.664801548348,5657684.863245326,3.9300655165966547
7374.685504240915,16041.664801548348,5601591.318070934,3.9703119584762394
7374.685504240915,16041.664801548348,5564595.31791319,3.991174798805415
7374.685504240915,16041.664801548348,5517762.639992783,4.023028560707962
7374.685504240915,16041.664801548348,5479623.020004408,4.049581387110713
7374.685504240915,16041.664801548348,5432994.894509728,4.086426551552941
7374.685504240915,15970.492010567468,5368644.026318121,4.147909933023115
7374.685504240915,15970.492010567468,5322810.824419692,4.1899062638933415
7374.685504240915,15970.492010567468,5271799.697426257,4.236730476674283
7374.685504240915,15970.492010567468,5228074.452434974,4.27923487192274
7374.685504240915,15970.492010567468,5187910.156873806,4.320569298070032
7374.685504240915,15970.492010567468,5137094.908751894,4.372474903512059
7374.685504240915,15970.492010567468,5095699.550152177,4.418672233197681
7374.685504240915,15970.492010567468,5039921.718753294,4.482706919649108
7374.685504240915,15970.492010567468,5004590.651497067,4.522476693010979
7374.685504240915,15955.347463006918,4944544.763223923,4.599012868136054
7374.685504240915,15821.855901985928,4888488.990933083,4.674070895812468
7374.685504240915,15701.026357083889,4835064.7894677045,4.7454385435464586
7374.685504240915,15701.026357083889,4813470.554504319,4.7748702026653875
7374.685504240915,15624.281678457539,4775408.554503189,4.82908172041958
7374.685504240915,15624.281678457539,4742252.398689356,4.875778619388035
7374.685504240915,15624.281678457539,4713421.9428778095,4.9161689021609405
7374.685504240915,15624.281678457539,4683336.957933723,4.959382834488962
7374.685504240915,15160.89858471679,4645462.806508923,5.016799946781392
7374.685504240915,15160.89858471679,4633534.467872035,5.033735931703345
7374.685504240915,14999.54152868652,4612527.45154711,5.06390980184296
7374.685504240915,14999.54152868652,4603059.809564455,5.077610932437388
7374.685504240915,14999.54152868652,4600853.433680683,5.080920023609017
7374.685504240915,14934.465992832529,4586220.240089309,5.101840502143332
7374.685504240915,14934.465992832529,4573681.148182372,5.118820341463937
7374.685504240915,14934.465992832529,4566102.725282811,5.1285809089425705
7374.685504240915,14934.465992832529,4553237.163681059,5.146903866635313
7374.685504240915,14934.465992832529,4543147.780423013,5.160782145863598
7374.685504240915,14934.465992832529,4539749.215370913,5.1645055717359325
7374.685504240915,14934.465992832529,4536083.370995572,5.169325891378365
7374.685504240915,14934.465992832529,4535198.689699024,5.170368054217791
7374.685504240915,14934.465992832529,4527703.783582164,5.1791668614061095
7374.685504240915,14934.465992832529,4531552.333003518,5.175245875087261
7374.685504240915,14934.465992832529,4534637.737021919,5.172463568530999
7374.685504240915,14934.465992832529,4533224.027192576,5.173520148322202
7364.878249235079,14934.465992832529,4538051.438933993,5.171259691224759
7364.878249235079,14934.465992832529,4537035.590522233,5.171682644021141
7364.878249235079,14934.465992832529,4539605.818500592,5.1704207942044
7337.409838810029,14934.465992832529,4544672.8740904145,5.170269917802045
7337.409838810029,14934.465992832529,4544843.65007439,5.1707759434489144
7337.409838810029,14934.465992832529,4545297.799344434,5.173567305905553
7337.409838810029,14934.465992832529,4545080.521987273,5.179650821113933
7337.409838810029,14934.465992832529,4545036.103958149,5.182493519496886
7337.409838810029,14934.465992832529,4545101.461565044,5.182202391400092
7337.409838810029,14934.465992832529,4544960.586339584,5.1839208549497835
7337.409838810029,14934.465992832529,4545631.555802328,5.181647476541013
7337.409838810029,14934.465992832529,4545085.420540577,5.1840206555814206
7337.409838810029,14934.465992832529,4542992.319529667,5.190132312749918
7337.409838810029,14934.465992832529,4543613.50579595,5.18825984970352
7337.409838810029,14934.465992832529,4546538.239442362,5.1804045251438575
7337.409838810029,14934.465992832529,4545047.953898001,5.184794344815063
7337.409838810029,14934.465992832529,4550951.925070823,5.167845290300709
7337.409838810029,14934.465992832529,4556868.973278125,5.152642906031189
7337.409838810029,14934.465992832529,4558349.61684891,5.149405146435431
7337.409838810029,14934.465992832529,4567822.991171654,5.128775855861956
7337.409838810029,14934.465992832529,4572272.78380881,5.118447898658208
7337.409838810029,14934.465992832529,4584105.856987186,5.092592780516521
7337.409838810029,14934.465992832529,4598333.115253313,5.062286595368446
7337.409838810029,14934.465992832529,4616587.669643742,5.025495229602902
7337.409838810029,14934.465992832529,2719357.5723148715,5.741189899011001
7337.409838810029,3403.77129139669,799760.0943672752,0.26750559226165105
7337.409838810029,3403.77129139669,824353.85018418,0.3014347952849995
7337.409838810029,3403.77129139669,852510.0265351048,0.32881144805441265
7337.409838810029,3476.12950599382,885607.0958044173,0.36830953384538756
7337.409838810029,3488.9467045968213,915933.1656965197,0.4032350129403844
7337.409838810029,3550.4449291324017,955493.1869614281,0.4321161394903444
7337.409838810029,3690.8953232945587,993524.6979660027,0.47213633862867393
7337.409838810029,3690.8953232945587,1023573.3691798642,0.4928707700583617
7337.409838810029,3690.8953232945587,1059919.26260463,0.5082913260190154
7337.409838810029,3690.8953232945587,1097187.6437228194,0.5215337640920958
7337.409838810029,3816.15694292196,1142038.8194909191,0.5473585950231658
7337.409838810029,3973.761800992681,1200542.368016619,0.5686210599851363
7337.409838810029,3973.761800992681,1252159.7094530715,0.5698800444560631
7337.409838810029,3973.761800992681,1304735.4573563542,0.565099159500952
7337.409838810029,3973.761800992681,1362556.2432231717,0.5615419385503517
7337.409838810029,3973.761800992681,1402083.2621269363,0.5409172175791483
7337.409838810029,3973.761800992681,1434047.6467592218,0.5206591883691667
7337.409838810029,3973.761800992681,1468753.353293158,0.49283058662770707
7337.409838810029,3973.761800992681,1510863.7263009434,0.4693457285287148
7337.409838810029,3973.761800992681,1549682.512487583,0.44423498089857394
7337.409838810029,3973.761800992681,1570778.0338168896,0.4092615473766039
7337.409838810029,3973.761800992681,1613360.69707379,0.3881214325167485
7337.409838810029,3973.761800992681,1644898.2901953566,0.3606245440184005
7364.878249235079,3973.761800992681,1671852.1003209979,0.3205731437678295
7405.74495694899,3973.761800992681,1700323.9999582495,0.2836545633404836
7482.616875259151,3973.761800992681,1716720.7475074946,0.24596715487307552
7503.8136939921405,3973.761800992681,1733811.4206773264,0.2086742263612293
7548.330089138979,3973.761800992681,1752764.6571183992,0.16720203795076596
7635.7361894539,3973.761800992681,1774606.070329115,0.1272448083636333
7782.10563788561,3973.761800992681,1788568.1136475634,0.08855681530071025
7902.38148207853,3973.761800992681,1799442.1031308174,0.049679991138463005
8016.071110540361,3973.761800992681,1795685.2965498674,0.013374810514953026
8113.578055783385,3973.761800992681,1797813.0820887245,-0.027935198408791145
8126.861759868761,3973.761800992681,1791705.642995467,-0.07026360567377568
8167.532626708266,3973.761800992681,1777668.718923711,-0.10899085315643973
8310.811992200732,3973.761800992681,1768418.9598936678,-0.1471503046778136
8445.03943338262,3973.761800992681,1752382.242259483,-0.18734404515904846
8523.210032616495,3973.761800992681,1731503.7151792676,-0.22897947458552415
8523.210032616495,3973.761800992681,1713093.458385531,-0.26012748832760174
8606.18535091979,3973.761800992681,1682473.9401733908,-0.29658331632127005
8627.075500953844,3973.761800992681,1658987.5153236785,-0.33433869132711147
8627.075500953844,3973.761800992681,1629055.7691226187,-0.368907974530482
8627.075500953844,3973.761800992681,1595138.1385386572,-0.399034635821379
8627.075500953844,3973.761800992681,1554767.6994184093,-0.42327652051876297
8627.075500953844,3973.761800992681,1520458.8908378182,-0.449330855049005
8627.075500953844,3973.761800992681,1466539.2483588327,-0.4650618727500096
8627.075500953844,3973.761800992681,1418430.8299508782,-0.47119846253652614
8627.075500953844,3973.761800992681,1375737.1073676448,-0.47663096688755124
8627.075500953844,3973.761800992681,1334825.3851778351,-0.48264040227735444
8627.075500953844,3973.761800992681,1295558.9551873256,-0.4816011734104349
8627.075500953844,3973.761800992681,1254894.315971311,-0.4730407089681019
8627.075500953844,3973.761800992681,1207659.0408819169,-0.47299098623293834
8627.075500953844,3973.761800992681,1172190.2412889346,-0.4651319095215845
8627.075500953844,3973.761800992681,1128419.8649579189,-0.44436875257015995
8627.075500953844,3592.31186984153,1075955.1134918306,-0.3935509414942528
8627.075500953844,3526.583273189761,1037056.4610662797,-0.37202011490102393
8627.075500953844,3526.583273189761,1005741.6483459166,-0.3566825942673292
8627.075500953844,3526.583273189761,975045.7567477027,-0.3427669824024621
8627.075500953844,3442.393950922101,943117.196637769,-0.3085127474528385
8627.075500953844,3428.943603383641,909194.5823827329,-0.27832332172068874
8627.075500953844,3428.943603383641,890966.1179173228,-0.26386232745566046
8627.075500953844,3286.5074809080916,867214.30541643,-0.22603079881905355
8627.075500953844,3237.8293373860015,839839.9238002988,-0.1949608705788303
8627.075500953844,3237.8293373860015,817328.1542653798,-0.1733555584959064
8627.075500953844,3137.4722629932703,792463.4390262638,-0.13712449372591826
8627.075500953844,3027.0705527895207,775611.7410245276,-0.10824349154154474
8627.075500953844,3027.0705527895207,770482.382333433,-0.09996767443410934
8627.075500953844,2986.303866067221,754730.8356943694,-0.07531567807805291
8627.075500953844,2986.303866067221,752478.9700361444,-0.07197556307620585
8627.075500953844,2986.303866067221,745746.6200042322,-0.05917187428702886
8627.075500953844,2755.8577455186605,727022.8323210778,-0.03231411088101367
8627.075500953844,2755.8577455186605,725319.2620473228,-0.03112945461525588
8627.075500953844,2755.8577455186605,722234.8648796218,-0.02891230428011662
8627.075500953844,2755.8577455186605,719902.5760118348,-0.027453869292799055
8627.075500953844,2755.8577455186605,713147.9484942887,-0.02996309139025057
8627.075500953844,2755.8577455186605,719259.63978338,-0.028766376259037055
8627.075500953844,2755.8577455186605,716764.4258541605,-0.029382017475288846
8627.075500953844,2755.8577455186605,717312.7392416009,-0.02799488583734601
8627.075500953844,2755.8577455186605,714753.5128240243,-0.03217257884474151
8627.075500953844,2755.8577455186605,715952.012048867,-0.029353796114358136
8627.075500953844,2755.8577455186605,716157.3672474558,-0.028567690755183672
8627.075500953844,2755.8577455186605,717113.218691033,-0.021943379992604626
8627.401468255219,2755.8577455186605,715118.5054465225,-0.03932703835444839
8627.401468255219,2755.8577455186605,715163.843486939,-0.0385956990942766
8627.401468255219,2755.8577455186605,715413.8704497669,-0.03240973852600409
8627.401468255219,2755.8577455186605,715535.0188112202,-0.033303159989197945
8619.184921388105,2755.8577455186605,713956.8664967412,-0.016866095581861973
8619.184921388105,2755.8577455186605,714857.6505588002,-0.023425697779687376
8619.184921388105,2755.8577455186605,715872.2392669085,-0.026013584345214037
8619.184921388105,2755.8577455186605,713531.5483843954,-0.017264611607984672
8619.184921388105,2755.8577455186605,711504.2049780958,-0.014931795544349638
8619.184921388105,2755.8577455186605,714182.3312680587,-0.017471206861772993
8619.184921388105,2755.8577455186605,714937.8195475597,-0.017388113229703916
8619.184921388105,2755.8577455186605,720856.843299469,-0.01601045238445877
8619.184921388105,2755.8577455186605,730581.8000098165,-0.0106424568202986
8619.184921388105,2755.8577455186605,732639.1299745808,-0.009683541308155772
8619.184921388105,2755.8577455186605,732810.9928843628,-0.009629635671568255
8619.184921388105,2755.8577455186605,733916.0069774861,-0.008895821653923667
8619.184921388105,2755.8577455186605,740104.7804946253,0.0004882895420094592
8619.184921388105,2755.8577455186605,742788.5974069304,0.002153352387478192
8619.184921388105,2840.4974127975092,756144.1560695769,0.021404582126613593
8619.184921388105,2840.4974127975092,763176.748389925,0.028835343078679684
8619.184921388105,2840.4974127975092,768020.4109112682,0.0364692605817968
8619.184921388105,3045.691134890809,777652.2655482538,0.05744566765437861
8619.184921388105,3045.691134890809,788629.3260881578,0.07657462886749844
8619.184921388105,3045.691134890809,800072.4135419693,0.09613518191020574
8619.184921388105,3083.977141336909,811338.8751692225,0.11752984699252653
8619.184921388105,3477.879789825409,848356.0850188186,0.18491476345407615
8619.184921388105,3477.879789825409,871970.9156834517,0.20382710203612087
8619.184921388105,3477.879789825409,905983.768169153,0.2422495112475053
8619.184921388105,3477.879789825409,933689.144470971,0.2723044845175015
8619.184921388105,3919.50055833441,990644.5360787846,0.35968290881105863
8619.184921388105,3919.50055833441,1031686.9170365491,0.3724396799526455
8619.184921388105,3919.50055833441,1078825.7056843198,0.42120186588227676
8619.184921388105,3919.50055833441,1124533.541147624,0.44519465513601375
8619.184921388105,3919.50055833441,1154034.784951714,0.44493688189206526
8619.184921388105,3919.50055833441,1197853.6967995386,0.4591208719674264
8619.184921388105,3919.50055833441,1247273.273401879,0.4618996478433345
8619.184921388105,3919.50055833441,1290950.9929548665,0.4573262518562656
8619.184921388105,3919.50055833441,1318440.2374919401,0.4481972242293362
8619.184921388105,3958.2893386692103,1374120.8116096037,0.4653240608333052
8619.184921388105,3958.2893386692103,1413857.1386904963,0.4538681010466236
8619.184921388105,3958.2893386692103,1445236.2342531849,0.43582879265873714
8619.184921388105,3958.2893386692103,1494697.4166571542,0.41410587867888726
8619.184921388105,3958.2893386692103,1531133.7077696458,0.3946684791617206
8619.184921388105,3958.2893386692103,1569387.4875442525,0.3740594665623705
8619.184921388105,3958.2893386692103,1599603.3296061715,0.342712612999387
8619.184921388105,3958.2893386692103,1622456.8540411931,0.3114690110297938
8619.184921388105,3958.2893386692103,1652290.1833485076,0.28223918425504596
8619.184921388105,3958.2893386692103,1685407.5514442185,0.25712822083411147
8627.401468255219,3958.2893386692103,1707570.5021300656,0.2178177945467527
8705.86590136858,3958.2893386692103,1730235.0576698342,0.18393594478292694
8796.666331716664,3958.2893386692103,1751245.2068270575,0.14991553969565244
8840.333105004025,3958.2893386692103,1768989.6193229381,0.1132054293406023
8981.8827477462,3958.2893386692103,1778660.0052922848,0.07439554739318512
9105.302737876566,3958.2893386692103,1783056.536683196,0.03431026848906559
9224.06070285986,3958.2893386692103,1783143.6521289765,-0.004560938137009676
9382.278516482449,3958.2893386692103,1780189.3913947225,-0.04049359903210414
9469.514505892508,3958.2893386692103,1765896.327469735,-0.07808471771062035
9535.156283718734,3958.2893386692103,1748559.2735996414,-0.11645002229514012
9586.97474859462,3958.2893386692103,1730013.508910133,-0.15394447541874293
9600.975856663805,3958.2893386692103,1704494.565385296,-0.19056850905751843
9621.39881448936,14673.853525502307,3391090.265173069,3.2229211675737095
9699.664745596041,14673.853525502307,5046171.5972244125,3.45275489437632
9767.613869787834,14673.853525502307,5002250.087920966,3.472092544459703
9767.613869787834,14673.853525502307,4957241.7178144315,3.4972573364376043
9767.613869787834,14673.853525502307,4904758.440795427,3.5327045898809577
9767.613869787834,14673.853525502307,4862221.308596303,3.560720982070693
9767.613869787834,14673.853525502307,4819297.872778347,3.5932099251674585
9767.613869787834,14673.853525502307,4779458.977645276,3.62368152700053
9767.613869787834,14673.853525502307,4726057.587748213,3.6711745679863563
9767.613869787834,14673.853525502307,4683987.988904068,3.7068804627241287
9767.613869787834,14673.853525502307,4633537.102100285,3.755076354724901
9767.613869787834,14644.029540233638,4567258.592983086,3.822419473012926
9767.613869787834,14644.029540233638,4525538.005584896,3.8657334235770016
9767.613869787834,14644.029540233638,4488609.120807982,3.905620616378329
9767.613869787834,14644.029540233638,4450947.9048428135,3.9498404419977096
9767.613869787834,14644.029540233638,4402279.976785093,4.0102713395154
9767.613869787834,14637.825637435726,4335859.202584751,4.091891206945448
9767.613869787834,14637.825637435726,4289138.703788966,4.152578303333704
9767.613869787834,14637.825637435726,4230280.070201524,4.234034105805567
9767.613869787834,14315.362820686147,4171862.304064112,4.320398877866589
9767.613869787834,14315.362820686147,4136760.6372973924,4.3708313986539205
9767.613869787834,14311.390562105518,4097736.7214890053,4.430141074092495
9767.613869787834,14311.390562105518,4057288.772310671,4.4924229199109975
9767.613869787834,14311.390562105518,4013877.866253048,4.560188739142852
9767.613869787834,14311.390562105518,3989470.646085489,4.597507644739983
9767.613869787834,14064.640803832906,3951240.491965084,4.66262926576364
9767.613869787834,13880.785047498377,3923094.452613741,4.709895893374772
9767.613869787834,13880.785047498377,3912530.4176764907,4.727888268095733
9767.613869787834,13880.785047498377,3890160.3595938636,4.764100330660938
9767.613869787834,13714.579110885597,3861683.4168122075,4.810853966227779
9767.613869787834,13655.593085034188,3854424.469667145,4.823524700195366
9767.613869787834,13553.781693927887,3841048.5113611817,4.845987398240294
9767.613869787834,13553.781693927887,3843561.4552229126,4.841950926002361
9767.613869787834,13553.781693927887,3841333.3046538,4.845648691604503
9767.613869787834,13553.781693927887,3827119.4236882473,4.8678433588215455
9767.613869787834,13553.781693927887,3822830.4437938626,4.873852691611453
9767.613869787834,13553.781693927887,3806212.8290316425,4.8983081637270045
9767.613869787834,13553.781693927887,3803874.3637046632,4.90157300556576
9767.613869787834,13553.781693927887,3813705.4925238057,4.887393296690873
9767.613869787834,13553.781693927887,3806855.2499819915,4.896812213547876
9767.613869787834,13553.781693927887,3809783.7666654484,4.893097988833428
9767.613869787834,13553.781693927887,3812884.8316027825,4.889900192546824
9767.613869787834,13553.781693927887,3815115.0755065284,4.888186220875431
9767.613869787834,13553.781693927887,3818139.0505485022,4.8867563392567055
9708.630913251385,13553.781693927887,3819797.9881015136,4.887489163265013
9708.630913251385,13553.781693927887,3821975.472747779,4.8865676629285915
9708.630913251385,13553.781693927887,3822484.801694693,4.88635858299568
9724.690614533454,13553.781693927887,3821986.616926728,4.886128429399248
9724.690614533454,13553.781693927887,3822041.7613388924,4.886813554095796
9767.979351849535,13553.781693927887,3821394.3782222043,4.886108490364193
9767.979351849535,13553.781693927887,3821494.1351763858,4.890087343656955
9767.979351849535,13553.781693927887,3821545.1868591956,4.890418388911864
9767.979351849535,13553.781693927887,3821542.0685570245,4.890495179458385
9767.979351849535,13553.781693927887,3820910.4893810786,4.893552812969278
9767.979351849535,13553.781693927887,3820567.8320402554,4.895542512544209
9767.979351849535,13553.781693927887,3823072.870049523,4.886203040458368
9767.979351849535,13553.781693927887,3822154.3650450837,4.890474782009922
9767.979351849535,13553.781693927887,3819987.9816577462,4.896810954804223
9767.979351849535,13553.781693927887,3821175.8758391263,4.892451815288588
9767.979351849535,13553.781693927887,3827613.612203803,4.8751757180953605
9767.979351849535,13553.781693927887,3830943.5404946916,4.865642989610195
9767.979351849535,13553.781693927887,3830361.656523965,4.866996386649566
9767.979351849535,13553.781693927887,3835542.8471843605,4.8533906415438
9767.979351849535,13553.781693927887,3836603.5693877186,4.850860418044875
9767.979351849535,13553.781693927887,3839249.206761307,4.844343603729129
9767.979351849535,13553.781693927887,3842766.869752922,4.834240780273682
9767.979351849535,13553.781693927887,3862683.3283308065,4.790124898932827
9767.979351849535,13553.781693927887,3868713.8954334585,4.775949086586896
9767.979351849535,13553.781693927887,3900540.245251904,4.709024063806987
9767.979351849535,13553.781693927887,3925434.672515458,4.652007696789465
9767.979351849535,13553.781693927887,3935019.0095244185,4.632113197138586
9767.979351849535,13553.781693927887,3962160.669606547,4.575345564888074
9767.979351849535,13553.781693927887,3995128.5938382368,4.506176278028516
9767.979351849535,13553.781693927887,4016156.5612720875,4.4642078162327765
9767.979351849535,13553.781693927887,4045425.46411656,4.405168627881651
9767.979351849535,13553.781693927887,4086611.0357529987,4.328213715683049
9767.979351849535,13553.781693927887,4110632.4310881197,4.278167847055406
9767.979351849535,13553.781693927887,4145029.6410625083,4.208502135526502
9767.979351849535,13553.781693927887,4183458.4146885113,4.136933518562941
9767.979351849535,13553.781693927887,4207296.928459104,4.090793817236751
9767.979351849535,13553.781693927887,4231117.422094576,4.042957932140655
9767.979351849535,13553.781693927887,4274803.277408731,3.965063455852361
9767.979351849535,13553.781693927887,4304545.225567394,3.908364527704965
9767.979351849535,13553.781693927887,4332290.720478005,3.854916091180816
9767.979351849535,13553.781693927887,4365822.561633846,3.7911166506327576
9767.979351849535,13553.781693927887,4395259.859735931,3.732878447139586
9767.979351849535,13553.781693927887,4423195.525121588,3.6752523623611646
9767.979351849535,13553.781693927887,4444209.18114466,3.6253346838710128
9767.979351849535,13553.781693927887,4465558.687442905,3.573772362992585
9767.979351849535,13553.781693927887,4494982.827287496,3.5118802340296607
9767.979351849535,13553.781693927887,4519482.660247418,3.4559600626219273
9783.03495034442,13553.781693927887,4535819.1162488405,3.411331327114808
9783.03495034442,13553.781693927887,3107401.7182501904,3.1457812502394864
9783.03495034442,3832.8921783037895,1648301.2458132347,0.2735480753338789
9783.03495034442,3832.8921783037895,1668340.9260155815,0.24070370818524506
9825.700429218316,3832.8921783037895,1686921.9815441628,0.20277748603937915
9859.029302718514,3832.8921783037895,1689928.7357273782,0.16932093191597233
9926.77382120725,3832.8921783037895,1705471.8015026543,0.12859480003196677
10041.130477042076,3832.8921783037895,1711910.6477820838,0.08595436381049627
10124.4965608981,3832.8921783037895,1710991.2933216584,0.04505254110950305
10148.2994321293,3832.8921783037895,1707926.634503811,0.004153159620678008
10290.2887314247,3832.8921783037895,1703586.7541737116,-0.03645940700046295
10463.14514824775,3832.8921783037895,1697733.051460845,-0.0784476306168461
10520.91904299835,3832.8921783037895,1690117.1190123954,-0.11303117992074738
10654.0457097213,3832.8921783037895,1674736.4201176434,-0.15400325443543478
10761.67959875835,3832.8921783037895,1652220.4215480373,-0.19281522416804456
10761.67959875835,3832.8921783037895,1618023.0819528946,-0.2232218211480494
10761.67959875835,3832.8921783037895,1584884.1229107543,-0.2542517497249733
10834.3559778817,3832.8921783037895,1571049.4960969705,-0.29314817286109557
10834.3559778817,3832.8921783037895,1540314.4863497228,-0.3232637316597077
10834.3559778817,3832.8921783037895,1511151.3458852232,-0.346903209462286
10834.3559778817,3832.8921783037895,1476373.2940958696,-0.3661135021603169
10834.3559778817,3832.8921783037895,1439088.2158116975,-0.38848951468043164
10834.3559778817,3832.8921783037895,1397875.501971376,-0.40760481771111867
10834.3559778817,3832.8921783037895,1360297.6252464827,-0.4264871846060951
10834.3559778817,3832.8921783037895,1328258.8167867735,-0.44312589724438267
10834.3559778817,3832.8921783037895,1296152.395433953,-0.44744639452552004
10834.3559778817,3832.8921783037895,1253104.7471789618,-0.44825605672944746
10834.3559778817,3832.8921783037895,1210139.2908839374,-0.4534682362277343
10834.3559778817,3793.4768384418803,1164018.7524716118,-0.4251855931308152
10834.3559778817,3793.4768384418803,1129556.65075059,-0.42696043748269435
10834.3559778817,3793.4768384418803,1106285.4006952206,-0.42270343854833886
10834.3559778817,3649.3381651283707,1056918.599633644,-0.38590062945824144
10834.3559778817,3649.3381651283707,1024437.2078618866,-0.360568845807037
10834.3559778817,3649.3381651283707,980244.688214916,-0.3251073558411074
10834.3559778817,3501.4376413008486,939921.796019493,-0.27474523947041984
10834.3559778817,3501.4376413008486,913932.3995680483,-0.255149681933929
10834.3559778817,3501.4376413008486,894891.057917695,-0.23571013225660647
10834.3559778817,3501.4376413008486,884459.8066198349,-0.22597110772146556
10834.3559778817,3501.4376413008486,868756.8543525523,-0.20473398135804338
10834.3559778817,3191.03633767459,838417.4585833224,-0.14677954567951254
10834.3559778817,3191.03633767459,822242.4408068251,-0.1255139100521382
10834.3559778817,3041.4848463465078,795325.9356221532,-0.08995202336099038
10834.3559778817,2897.1678802490896,776138.199019081,-0.06303887529348957
10834.3559778817,2848.2773763896002,765877.8727476331,-0.04727027150805934
10834.3559778817,2803.4151878426,753410.3629025143,-0.03102878824188268
10834.3559778817,2803.4151878426,750762.7866457717,-0.027596376184879007
10834.3559778817,2722.28414245197,741470.4592115233,-0.013950476570825482
10834.3559778817,2707.364434626159,731127.1601920055,-0.0022192842371980856
10834.3559778817,2707.364434626159,719997.0045221132,-0.004282902601681002
10834.3559778817,2707.364434626159,718237.5522578941,-0.004070171376796183
10834.3559778817,2707.364434626159,713547.3686866916,-0.0024179811706221558
10834.3559778817,2707.364434626159,716919.4902908482,-0.005659686939192995
10834.3559778817,2707.364434626159,709978.6621611287,-0.009422886488771463
10834.3559778817,2707.364434626159,704840.4285674636,-0.015485928455154467
10834.3559778817,2707.364434626159,708019.2738008385,-0.013894708564261239
10834.3559778817,2707.364434626159,705594.5108403998,-0.017314123833386093
10834.3559778817,2707.364434626159,708215.2104450717,-0.009713170156578977
10834.3559778817,2707.364434626159,704867.697625181,-0.017311266300690183
10834.3559778817,2707.364434626159,705647.0835526584,-0.01348507643524401
10834.3559778817,2707.364434626159,704148.1462023414,-0.02536469857902256
10761.67959875835,2707.364434626159,704010.9089048336,-0.01626190553193682
10770.534547948,2707.364434626159,703997.8892271857,-0.01694949726775171
10770.534547948,2707.364434626159,703093.4147164782,-0.009849335944571953
10760.808116095199,2707.364434626159,703094.3150523,0.0016090732044040375
10760.808116095199,2707.364434626159,702340.0455311631,0.009783725210684935
10760.808116095199,2707.364434626159,705115.8860818279,-0.0002943022027999172
10769.6176691839,2707.364434626159,707298.8512356469,-0.017643865194706558
10769.6176691839,2707.364434626159,704089.6420232357,-0.015003551884184061
10769.6176691839,2707.364434626159,704157.9778667208,-0.015259860066235559
10769.6176691839,2707.364434626159,703487.3843555211,-0.015974211223008124
10769.6176691839,2707.364434626159,702275.2043892945,-0.015419060537847185
10769.6176691839,2707.364434626159,707126.673132098,-0.015318963859439972
10769.6176691839,2707.364434626159,706725.3506405625,-0.015536566928099897
10769.6176691839,2707.364434626159,711187.2155179731,-0.009786607833362859
10769.6176691839,2707.364434626159,713435.0089061314,-0.008534777279485106
10769.6176691839,2750.28103739186,723888.7489627526,0.0073197207684142715
10769.6176691839,2839.24430161746,729259.189500221,0.018655368915377682
10769.6176691839,2839.24430161746,739777.0854486394,0.027309105009466404
10769.6176691839,2839.24430161746,743648.6288678109,0.03153041689762557
10769.6176691839,2984.8625545610594,756217.4188322736,0.056603770567520945
10769.6176691839,2984.8625545610594,764930.9903092744,0.06266070213374118
10769.6176691839,3184.6022873142592,793299.5633389379,0.10667865389746535
10769.6176691839,3256.7495892590596,812419.0563927941,0.1466067240525101
10769.6176691839,3326.5349791158587,842711.7477966583,0.19428515581255637
10769.6176691839,3326.5349791158587,868864.9285783189,0.22362490595353454
10769.6176691839,3610.1018446139587,909070.5823690626,0.2893256015743209
10769.6176691839,3610.1018446139587,939220.3798527978,0.3179850347832362
10769.6176691839,3610.1018446139587,966058.1712856991,0.33618930276805764
10769.6176691839,3610.1018446139587,1001214.1201451194,0.35661451324118393
10769.6176691839,3610.1018446139587,1030889.7575054162,0.3678296602098011
10769.6176691839,3610.1018446139587,1056522.2879476117,0.3820142256293276
10769.6176691839,3610.1018446139587,1095460.371284727,0.4079924609920297
10769.6176691839,3610.1018446139587,1137954.3647451645,0.4236536997708233
10769.6176691839,3610.1018446139587,1167673.2629035027,0.43917478625833406
10769.6176691839,3610.1018446139587,1204547.7326068776,0.45220553870190827
10769.6176691839,3610.1018446139587,1248354.752854581,0.45256253799595647
10769.6176691839,3610.1018446139587,1290125.2225811926,0.45039925588462487
10769.6176691839,3914.8325659924576,1350144.7302135455,0.44541278134199974
10769.6176691839,3914.8325659924576,1387674.5965451377,0.4375293014376469
10769.6176691839,3914.8325659924576,1434663.2057673961,0.4308078294689725
10769.6176691839,3914.8325659924576,1474514.506515493,0.4102604228948894
10769.6176691839,3914.8325659924576,1508282.6270044923,0.3861999673128759
10769.6176691839,3914.8325659924576,1541283.2178031895,0.3612551878493145
10769.6176691839,3914.8325659924576,1579184.8254769712,0.34042784149209304
10769.6176691839,3914.8325659924576,1610046.1270220384,0.30734463750168206
10769.6176691839,3914.8325659924576,1643831.275804873,0.2814431677000638
10769.6176691839,3914.8325659924576,1676130.7451845293,0.2522602774354766
10813.0682544017,3914.8325659924576,1705968.573695099,0.21657664348386144
10881.641433591449,3914.8325659924576,1723554.7690642527,0.17971358386287825
10881.641433591449,3914.8325659924576,1753589.8560981478,0.14995814996349502
11050.53232342395,3914.8325659924576,1761250.6638953306,0.11316825406592632
11218.7705109122,3914.8325659924576,1761905.285547101,0.07362113745603789
11300.8278434152,3914.8325659924576,1770817.2325778909,0.030959588575788326
11365.3445699937,3914.8325659924576,1780457.6643630124,-0.010119654516934687
11447.21002575295,3914.8325659924576,1777949.3421785026,-0.04800007064885394
11627.729503294,3914.8325659924576,1777203.3041136689,-0.08884774724200244
11757.055501725099,3914.8325659924576,1765181.3960232951,-0.12622485565626743
11795.262811610799,3914.8325659924576,1748916.4716031777,-0.16876251352271315
11837.217789177299,3914.8325659924576,1731602.3815200836,-0.2084520634193485
11940.0096668935,3914.8325659924576,1716879.2575972576,-0.24609453289195893
11984.11559462445,3914.8325659924576,1680184.7814813259,-0.27919237854270723
11984.11559462445,3914.8325659924576,1656630.4659165808,-0.3111808449902766
12006.966910838699,3914.8325659924576,1619984.7289324857,-0.34606383550097314
12006.966910838699,3914.8325659924576,1587208.288395766,-0.3787200561198854
12006.966910838699,3914.8325659924576,1544210.2891919839,-0.4075657423100979
12006.966910838699,3914.8325659924576,1513226.544454424,-0.4341052964946403
12006.966910838699,3914.8325659924576,1471421.685652819,-0.45624286457620555
12006.966910838699,3914.8325659924576,1434558.228074494,-0.48177912609755913
12006.966910838699,3914.8325659924576,1390564.4959925357,-0.48991155956341326
12006.966910838699,3914.8325659924576,1341733.5829473927,-0.49460054494602346
12006.966910838699,3862.2530608277284,1289322.1694277134,-0.4924022851491727
12006.966910838699,3759.073699391389,1237413.5943845115,-0.4926193871988982
12006.966910838699,3759.073699391389,1194541.2919071012,-0.4869375978385101
12006.966910838699,3759.073699391389,1164780.7947292104,-0.48847182250027277
12006.966910838699,3759.073699391389,1126722.410163161,-0.4885102108244593
12006.966910838699,3759.073699391389,1083970.7729802332,-0.46801123108913206
12006.966910838699,3759.073699391389,1044179.6594131838,-0.45920971121408083
12006.966910838699,3716.2881288972076,1005035.7641325062,-0.4220452933585752
12006.966910838699,3716.2881288972076,965915.0656138455,-0.387951042028795
12006.966910838699,3716.2881288972076,935769.2556332821,-0.3600630375663175
12006.966910838699,3716.2881288972076,922053.3822271107,-0.35449234900407384
12006.966910838699,3716.2881288972076,891372.9983619368,-0.32963674373201024
12006.966910838699,3716.2881288972076,861943.2615753448,-0.3016624960399222
12006.966910838699,3422.0737358319184,822953.5920807085,-0.2255750239978435
12006.966910838699,3422.0737358319184,814604.0127945733,-0.21317400238153605
12006.966910838699,3422.0737358319184,803856.7161615604,-0.20020564973926808
12006.966910838699,3153.6098043923976,770410.1305403023,-0.14649127921992391
12006.966910838699,3153.6098043923976,753915.6343106772,-0.12132996851841088
12006.966910838699,2944.5729282062985,738162.9933849295,-0.09031647458158062
12006.966910838699,2944.5729282062985,726318.8093706912,-0.07314284967993874
12006.966910838699,2839.322747056098,710504.5030917337,-0.05148505471733586
12006.966910838699,2839.322747056098,700782.623767619,-0.047683333216604014
12006.966910838699,2839.322747056098,692825.6440411749,-0.04038245819371489
12006.966910838699,2839.322747056098,690960.4447483916,-0.03808735404507467
12006.966910838699,2839.322747056098,682426.5189304062,-0.0408811699297191
12006.966910838699,2839.322747056098,671592.0781824403,-0.02887743926058186
12006.966910838699,2839.322747056098,661754.3848966868,-0.027704733109509546
12006.966910838699,2839.322747056098,660795.3128642824,-0.029352658623266775
12006.966910838699,2839.322747056098,666428.3755838921,-0.03031127341360146
12006.966910838699,2839.322747056098,664180.5045516905,-0.0365436593920436
12006.966910838699,2839.322747056098,661149.057795433,-0.0394886430410875
12006.966910838699,2839.322747056098,665047.2951221725,-0.023402529067120415
12006.966910838699,2839.322747056098,664528.1364964092,-0.025159757226847233
12006.966910838699,2839.322747056098,665165.6436462505,-0.020718452309334508
12006.966910838699,2839.322747056098,665264.8539846325,-0.019941687464589564
11966.04488762755,2839.322747056098,665526.9562020894,-0.010171042482070573
12013.16283538235,2839.322747056098,665688.8359076042,-0.022414901808254742
12013.16283538235,2839.322747056098,665345.2628156033,-0.019843535340431286
12013.16283538235,2839.322747056098,664321.1157171588,-0.013408881829693343
12013.16283538235,2839.322747056098,664229.4998850462,-0.012152513434267296
12018.2960155001,2839.322747056098,666854.7266714943,-0.026075679937357727
12018.2960155001,2839.322747056098,666937.6388313718,-0.02626372579470112
12018.2960155001,2839.322747056098,668642.2600114825,-0.03637064498102128
12018.2960155001,2839.322747056098,666142.1183709103,-0.03295782989765471
12018.2960155001,2839.322747056098,664143.8444676375,-0.031718174045492056
12018.2960155001,2839.322747056098,662551.2054586114,-0.03160979219809292
12018.2960155001,2839.322747056098,666282.8083203334,-0.03123162119709174
12018.2960155001,2839.322747056098,665748.103670918,-0.03201427303733936
12018.2960155001,2839.322747056098,670520.9343687892,-0.02806271882524786
12018.2960155001,2839.322747056098,672213.3159082583,-0.02801699099593105
12018.2960155001,2839.322747056098,681084.1980270175,-0.016233103755923142
12018.2960155001,2903.7393255923,697951.9372464699,0.008614642057327322
12018.2960155001,2903.7393255923,705455.8871165015,0.014038736318787045
12018.2960155001,2903.7393255923,707119.2320328716,0.016019178277424242
12018.2960155001,3096.9491327197993,724367.8181364622,0.05171645021046073
12018.2960155001,3096.9491327197993,739273.6250233572,0.07505802574484856
12018.2960155001,3199.968777718299,760380.1317849266,0.1146628527746186
12018.2960155001,3199.968777718299,778987.6709879257,0.14476035201933157
12018.2960155001,3531.415353775199,813543.0769067651,0.21284858037740575
12018.2960155001,3531.415353775199,838114.207643057,0.262625172376093
12018.2960155001,3531.415353775199,870929.8934175302,0.3059202951501454
12018.2960155001,3557.4898546408003,902645.593440082,0.3507649844930517
12018.2960155001,3625.2420692338,941342.529697938,0.3936122745194609
12018.2960155001,3697.775903391499,985666.9096550777,0.43196836120254095
12018.2960155001,3697.775903391499,1016863.2767339528,0.4419261448557273
12018.2960155001,3845.4914181037,1064894.873326039,0.4819814488929524
12018.2960155001,3845.4914181037,1094948.3209950393,0.4832812822188723
12018.2960155001,3845.4914181037,1119800.0256721403,0.48184080092089776
12018.2960155001,3845.4914181037,1158387.124166724,0.4913963897110567
12018.2960155001,3845.4914181037,1203005.0571967843,0.50547853980272
12018.2960155001,3845.4914181037,1250384.3740914504,0.5042646262126885
12018.2960155001,3845.4914181037,1294380.2978698805,0.5104622937383079
12018.2960155001,3845.4914181037,1340239.4655042044,0.49360550146251025
12018.2960155001,3845.4914181037,1380322.4171155987,0.46991187510726073
12018.2960155001,3845.4914181037,1421642.4940234679,0.46059414195965487
12018.2960155001,3956.0134674870988,1474530.324708861,0.4570321633405104
12018.2960155001,3956.0134674870988,1512749.5965157642,0.42852768263250307
12018.2960155001,3956.0134674870988,1554068.5484056156,0.40690282706302583
12018.2960155001,3956.0134674870988,1592925.7569152082,0.3749568520054983
12018.2960155001,3956.0134674870988,1634827.6203139774,0.3543669219726267
12018.2960155001,3956.0134674870988,1660178.319274467,0.3213484957054295
12026.36120668675,3956.0134674870988,1686698.4335470516,0.2864189201466945
12092.09442847015,3956.0134674870988,1713590.38176382,0.2499045262262273
12125.1570590004,3956.0134674870988,1731300.9978206235,0.20950064823389405
12136.1291857323,3956.0134674870988,1752719.9749308752,0.17412472844970525
12256.372930677,3956.0134674870988,1766899.2740490793,0.13538523830885743
12410.45075623475,3956.0134674870988,1775740.3017358438,0.09813840864136895
12451.7944602418,3956.0134674870988,1774872.7391595752,0.05920225248309125
12453.9110909728,3956.0134674870988,1780693.9948337162,0.017341046403736793
12521.0419669142,3956.0134674870988,1781780.1556634677,-0.022877096410063632
12641.6297054611,3956.0134674870988,1772407.1544086451,-0.06533916176023123
12756.866223891851,3956.0134674870988,1754507.791890859,-0.0994947755062159
12847.38455403725,3956.0134674870988,1742517.6931086455,-0.14146083066311702
12955.6731930735,3956.0134674870988,1729986.835206957,-0.18088863175259884
13042.234963558949,3956.0134674870988,1704387.7019666121,-0.2168903107047146
13057.824575668648,3956.0134674870988,1675953.8092182039,-0.2540728458858906
13094.23566073005,3956.0134674870988,1652102.7025655054,-0.29057282278778807
13114.838726051301,3956.0134674870988,1618596.9525653494,-0.3251105034643899
13114.838726051301,3956.0134674870988,1592458.8128398673,-0.3599719579937278
13114.838726051301,3956.0134674870988,1546095.9574553156,-0.38440992156774306
13114.838726051301,3956.0134674870988,1506351.2899849273,-0.4106414887010064
13114.838726051301,3956.0134674870988,1461955.3225847858,-0.42847733696358675
13114.838726051301,3956.0134674870988,1417337.5398177945,-0.44855188751394626
13114.838726051301,3956.0134674870988,1380765.036583302,-0.4657880783740425
13114.838726051301,3956.0134674870988,1341624.732262801,-0.4886560563362912
13114.838726051301,3956.0134674870988,1292337.3885338155,-0.493351031193939
13114.838726051301,3778.184413047,1231936.499454672,-0.48717539442306257
13114.838726051301,3767.2572144075984,1183026.5939371553,-0.476303404983255
13114.838726051301,3767.2572144075984,1149391.2113037757,-0.4780659303499168
13114.838726051301,3767.2572144075984,1104624.4174901464,-0.46973721834936644
13114.838726051301,3637.823449560099,1053357.628073705,-0.44570266534206004
13114.838726051301,3637.823449560099,1016493.7828993384,-0.41837289503783376
13114.838726051301,3637.823449560099,980819.7026871439,-0.4023972472646311
13114.838726051301,3637.823449560099,952625.4785637562,-0.39440407488098156
13114.838726051301,3637.823449560099,922454.6168379588,-0.3665709873708189
13114.838726051301,3544.1901719151992,879279.3135127948,-0.3118775476043928
13114.838726051301,3544.1901719151992,864791.4023327745,-0.2990174880529003
13114.838726051301,3544.1901719151992,838347.1815148272,-0.2604796106343765
13114.838726051301,3544.1901719151992,821159.3476112096,-0.24047673413076354
13114.838726051301,3544.1901719151992,807530.3941419551,-0.22229553983663453
13114.838726051301,3145.5206719170983,766347.1431182406,-0.14285218361133087
13114.838726051301,3145.5206719170983,755973.7823141508,-0.12877460037252775
13114.838726051301,3145.5206719170983,739485.6775684906,-0.09691958937457132
13114.838726051301,2923.2292488331987,726249.0430965998,-0.06460948321141688
13114.838726051301,2843.7420044963,713167.5707969437,-0.041603804989148424
13114.838726051301,2771.4629576395,705387.1364580926,-0.02675834142554154
13114.838726051301,2753.604346771299,697662.3568625428,-0.013561400482743761
13114.838726051301,2753.604346771299,690566.3433438562,-0.002197845562841755
13114.838726051301,2753.604346771299,696701.0163297368,-0.009914869869301141
13114.838726051301,2753.604346771299,694318.850768312,-0.009066645549344426
13114.838726051301,2753.604346771299,691347.1217679764,-0.007836711891410547
13114.838726051301,2753.604346771299,685643.3859594457,-0.005584344428310404
13114.838726051301,2753.604346771299,689834.710655047,-0.004667904068593898
13114.838726051301,2753.604346771299,696207.0207716738,-0.004848436656304094
13114.838726051301,2753.604346771299,691413.668867181,-0.013999943419728492
13114.838726051301,2753.604346771299,687989.168963376,-0.021578907644294487
13114.838726051301,2753.604346771299,688647.9907686755,-0.020380621942468927
13114.838726051301,2753.604346771299,691566.0274701065,-0.014810531453323833
13114.838726051301,2753.604346771299,692563.7903969225,-0.009828846543277892
13114.838726051301,2753.604346771299,693371.0023073861,-0.0017209988804782884
13114.838726051301,2753.604346771299,696248.6418129401,0.013039872111569324
13114.838726051301,2753.604346771299,695564.097639347,0.007774645485462688
13108.26581203095,2753.604346771299,695388.4904732213,0.012619586259341408
13108.26581203095,2753.604346771299,695515.4024449316,0.012063579111904114
13103.0110446875,2753.604346771299,695506.367330711,0.013520406033066293
13103.0110446875,2753.604346771299,700073.3635600572,-0.006184540417918849
13103.0110446875,2753.604346771299,700449.351092161,-0.006916750835028963
13103.0110446875,2753.604346771299,700695.9870012389,-0.00769976997006664
13103.0110446875,2753.604346771299,698947.3440858463,-0.004522581577622255
13103.0110446875,2753.604346771299,700680.3822698328,-0.006566601832342661
13103.0110446875,2753.604346771299,700196.21949698,-0.006823032833759516
13103.0110446875,2753.604346771299,702823.2500589805,-0.004887470830084649
13103.0110446875,2753.604346771299,703699.9446557753,-0.00453321402303605
13103.0110446875,2753.604346771299,701632.4715816148,-0.005471112361728693
13103.0110446875,2753.604346771299,707274.6520405591,0.0024966675494878885
13103.0110446875,2753.604346771299,713466.2925542134,0.0126435566540965
13103.0110446875,2753.604346771299,720954.8772246415,0.01766146761816026
13103.0110446875,2753.604346771299,718721.0908991595,0.014288969188169643
13103.0110446875,2790.0405583022,733161.633876252,0.030215285299595565
13103.0110446875,2946.724269180999,754038.0478720749,0.05394362402484367
13103.0110446875,2946.724269180999,767891.6476149407,0.07415453345046737
13103.0110446875,2946.724269180999,776296.423165595,0.08660128896970817
13103.0110446875,2972.2204790625,788687.1957665561,0.10541348985012261
13103.0110446875,3306.7140969023003,812683.1292071913,0.151726600556186
13103.0110446875,3346.892895896899,840097.1116925983,0.1974515376514132
13103.0110446875,3348.7655143145003,870032.2945258975,0.2368363057039473
13103.0110446875,3348.7655143145003,893086.1124983655,0.26232600798645317
13103.0110446875,3372.2167181084005,914780.7531111947,0.29294532018930497
13103.0110446875,3372.2167181084005,940507.1790624289,0.3123862537958018
13103.0110446875,3627.383163091399,979615.8717209004,0.357958027966617
13103.0110446875,3627.383163091399,1002263.6266240053,0.36905091289023684
13103.0110446875,3627.383163091399,1034300.4094254593,0.3947201263063584
13103.0110446875,3627.383163091399,1074811.3252335417,0.40932670408428284
13103.0110446875,3627.383163091399,1111925.8890199715,0.4187572481326971
13103.0110446875,4008.7235502529,1172497.635003467,0.46258174462291624
13103.0110446875,4008.7235502529,1233081.989934029,0.4878466097579858
13103.0110446875,4008.7235502529,1271710.423718393,0.4834315076110622
13103.0110446875,4008.7235502529,1318146.2990464978,0.479139758662464
13103.0110446875,4008.7235502529,1364184.3455612662,0.46617973725643075
13103.0110446875,4008.7235502529,1410441.9229103974,0.44680899971380544
13103.0110446875,4008.7235502529,1453958.82218547,0.43500960225683255
13103.0110446875,4008.7235502529,1489359.3364448613,0.4123345586841288
13103.0110446875,4008.7235502529,1514482.93717738,0.3883285884530485
13108.26581203095,4008.7235502529,1546842.2658012002,0.35212467637430855
13108.26581203095,4008.7235502529,1585673.2407727607,0.32975605511795575
13108.26581203095,4008.7235502529,1614541.2993763378,0.2992828167481004
13108.26581203095,4008.7235502529,1645355.8029567476,0.26522273578874983
13108.26581203095,4008.7235502529,1668168.4832176242,0.23203860407830357
13108.26581203095,4008.7235502529,1693052.5598029809,0.19694905743425908
13284.065116755599,4008.7235502529,1716527.449042259,0.161698877350339
13502.96201498385,4008.7235502529,1734269.281791692,0.12471924282302743
13569.64262815,4008.7235502529,1742821.6470658036,0.08680092087098418
13629.299462114901,4008.7235502529,1757349.088797416,0.04687376065404524
13712.54737893215,4008.7235502529,1759707.6592238976,0.005581667198266481
13784.5863302907,4008.7235502529,1757786.4568313288,-0.03170768652532055
13901.85125672225,4008.7235502529,1750305.896817686,-0.0715646994831823
14019.14583202545,4008.7235502529,1748506.4106205816,-0.11004683144643157
14051.02611595855,4008.7235502529,1735985.3758322487,-0.14783025908505967
14103.86738706265,4008.7235502529,1724176.7510075278,-0.18011332587001627
14158.48207601895,4008.7235502529,1702474.8714293207,-0.21553223607996697
14187.389112951001,4008.7235502529,1679669.0948721876,-0.25267374411086674
14224.73715935045,4008.7235502529,1659373.3365885376,-0.28933843197000064
14262.38564628975,4008.7235502529,1639868.1282630314,-0.32927758993526113
14262.38564628975,4008.7235502529,1601586.6545018835,-0.35757251185979233
14262.38564628975,4008.7235502529,1573059.4861317773,-0.38618804708502463
14262.38564628975,4008.7235502529,1544244.639745492,-0.41397075421145935
14262.38564628975,4008.7235502529,1504051.9964910715,-0.4435445949310352
14262.38564628975,4008.7235502529,1470160.152972269,-0.46557647535083946
14262.38564628975,4008.7235502529,1425389.7169292965,-0.4834265485406592
14262.38564628975,4008.7235502529,1379242.3422404877,-0.508345732857131
14262.38564628975,4008.7235502529,1338010.8752992807,-0.5157537190196257
14262.38564628975,4008.7235502529,1291995.1264505049,-0.5177550893586039
14262.38564628975,4008.7235502529,1260433.786768312,-0.5291433510975615
14262.38564628975,4008.7235502529,1222177.0765403765,-0.524942458979282
14262.38564628975,4008.7235502529,1177212.0136739502,-0.5213500554937466
14262.38564628975,3873.1456358748,1130545.9318837712,-0.49068161442055785
14262.38564628975,3873.1456358748,1092730.7576492054,-0.47883550985707024
14262.38564628975,3873.1456358748,1051714.1770141209,-0.452156377528412
14262.38564628975,3873.1456358748,1014605.5869678744,-0.4259838332078876
14262.38564628975,3873.1456358748,974069.9111883077,-0.4023922159532731
14262.38564628975,3645.6894570766,926512.4262842648,-0.3500860861985578
14262.38564628975,3645.6894570766,893431.7975942692,-0.32953742422919097
14262.38564628975,3645.6894570766,862626.2881138502,-0.3012975918522097
14262.38564628975,3645.6894570766,838122.2002006642,-0.2736463716202891
14262.38564628975,3645.6894570766,810570.5849828161,-0.22680780133825482
14262.38564628975,3299.6320468012,775040.6502366882,-0.15582640381180865
14262.38564628975,3299.6320468012,764868.3635976786,-0.14518955370362727
14262.38564628975,3299.6320468012,756082.2253308616,-0.13390824961435335
14262.38564628975,3299.6320468012,744261.9616138824,-0.10979482018894848
14262.38564628975,3159.7987861449,720112.5907070665,-0.06520683646214373
14262.38564628975,3159.7987861449,710955.8428126045,-0.04827989565675256
14262.38564628975,3159.7987861449,706139.8767097754,-0.03956854842621902
14262.38564628975,2849.9187436955,687512.562921955,-0.0020553865391900864
14262.38564628975,2849.9187436955,681386.4425145386,0.006816478666314846
14262.38564628975,2849.9187436955,673981.7499164498,0.011540371750607722
14262.38564628975,2849.9187436955,676958.156706162,0.01094916469455307
14262.38564628975,2849.9187436955,667379.2686666925,0.015122192199650048
14262.38564628975,2849.9187436955,670481.2907832899,0.019406687514722767
14262.38564628975,2849.9187436955,671860.7567508442,0.021105646999190573
14262.38564628975,2849.9187436955,671694.3330142507,0.02097305971347421
14262.38564628975,2849.9187436955,668777.2624560073,0.01478814739703843
14262.38564628975,2849.9187436955,670417.3129720918,0.018491331192833315
14262.38564628975,2849.9187436955,673105.2767471983,0.02923416300855534
14262.38564628975,2849.9187436955,674108.2530372239,0.038406062644747295
14262.38564628975,2849.9187436955,674365.947282143,0.04059662657310778
14286.70067463675,2849.9187436955,673977.2856865986,0.025974414776567704
14262.38564628975,2849.9187436955,673828.3947784166,0.03632788186965118
14262.38564628975,2849.9187436955,673369.8345470368,0.04076620953511521
14262.38564628975,2849.9187436955,673390.2236492755,0.04023003164842776
14262.38564628975,2849.9187436955,675245.7147679644,0.02767427779946007
14262.38564628975,2849.9187436955,675628.4499149612,0.025848891090627886
14262.38564628975,2849.9187436955,675665.2731352341,0.025745418960711162
14262.38564628975,2849.9187436955,676238.4494159833,0.02419275534392653
14262.38564628975,2849.9187436955,676370.9800352362,0.02369992774192679
14262.38564628975,2849.9187436955,677016.0028524086,0.022243215542720067
14262.38564628975,2849.9187436955,677120.9845912697,0.02223481984787988
14262.38564628975,2849.9187436955,673882.1827351559,0.023546127800735447
14262.38564628975,2849.9187436955,679433.545148001,0.027808952330903348
14262.38564628975,2849.9187436955,680292.9636284882,0.027519728191685296
14262.38564628975,2849.9187436955,680861.015405738,0.027683678183481948
14262.38564628975,2849.9187436955,685387.9196678087,0.028798137664484826
14262.38564628975,2849.9187436955,689475.6327938078,0.035399131833350715
14262.38564628975,2870.4281797108997,709054.1052303072,0.06117872725198769
14262.38564628975,2870.4281797108997,713178.353406076,0.06514840323849933
14262.38564628975,2870.4281797108997,724256.5088447835,0.08145250142559599
14262.38564628975,2944.956080746,741273.0240688693,0.10802601740027963
14262.38564628975,2944.956080746,738189.5905224212,0.10194499486592698
14262.38564628975,3035.2421266213987,745496.9834418317,0.11910525542808056
14262.38564628975,3111.5143746270987,767274.551939176,0.15623447878375232
14262.38564628975,3373.2847107565995,795857.7105216115,0.21587409430741253
14262.38564628975,3373.2847107565995,824790.4917409467,0.2673124352904215
14262.38564628975,3373.2847107565995,842729.9608132538,0.2888409363652827
14262.38564628975,3373.2847107565995,863695.3911275112,0.3134678475320946
14262.38564628975,3373.2847107565995,893392.3247934394,0.3416285002412659
14262.38564628975,3373.2847107565995,920312.6959767018,0.3482329700175288
14262.38564628975,3373.2847107565995,950209.98979363,0.36844693191396455
14262.38564628975,3653.6188815203022,992301.7509166916,0.414412563972582
14262.38564628975,3653.6188815203022,1030839.0596163574,0.4336802794665838
14262.38564628975,3694.079349077001,1076771.1914756573,0.4650716324136395
14262.38564628975,3717.8700409080993,1126863.268513084,0.4846947748820581
14262.38564628975,3717.8700409080993,1163908.18332014,0.4878849531862925
14262.38564628975,3717.8700409080993,1203078.5225933925,0.49035362456638354
14262.38564628975,3916.7758442754966,1261578.1687414474,0.5072528654083073
14262.38564628975,3916.7758442754966,1304072.2233289888,0.4928544030078228
14262.38564628975,3916.7758442754966,1346872.0997584013,0.48816531802078095
14262.38564628975,3916.7758442754966,1397742.5576865925,0.47875315973440097
14262.38564628975,3916.7758442754966,1438657.8833515062,0.4527353798660946
14262.38564628975,3916.7758442754966,1479591.077204806,0.4273785857758583
14262.38564628975,3916.7758442754966,1509914.7418483975,0.39946017709032516
14262.38564628975,3916.7758442754966,1559366.5628628607,0.3756172623670776
14293.4723666473,3916.7758442754966,1586294.5397838815,0.3370205395531847
14326.261307605651,3916.7758442754966,1609228.924467988,0.2996127536429141
14359.720513759501,3916.7758442754966,1633741.6745344333,0.2642699778550349
14381.53313902545,3916.7758442754966,1668920.6647572126,0.23152599867727106
14476.8315651836,3916.7758442754966,1683886.698096464,0.1999793084353958
14605.51955188405,3916.7758442754966,1699066.4409255378,0.15967592583910592
14637.3338855486,3916.7758442754966,1705334.2165576294,0.1193678382323756
14669.10463572435,3916.7758442754966,1709249.2692580605,0.07901794294699613
14708.21960674425,3916.7758442754966,1718507.280351463,0.04070779526642122
14748.251973673348,3916.7758442754966,1719524.019485544,-0.0017680416155532398
14830.36762068635,3916.7758442754966,1723846.1058716618,-0.044292140918817786
14961.89675585095,3916.7758442754966,1724143.8590696107,-0.08014188695778643
15043.16486753445,3916.7758442754966,1709759.3363655373,-0.12143257592293662
15097.130547132849,3916.7758442754966,1687407.7579302578,-0.15218251241284037
15147.50025204055,3916.7758442754966,1668308.016719068,-0.1912052341042405
15195.2296702769,3916.7758442754966,1642233.6966902553,-0.23098069343845268
15292.373007302951,3916.7758442754966,1619824.9091087722,-0.2689959997272604
