17817.5,15891.0,20601693.29,-1.759023779117842
17817.5,9078.0,8359754.24,-0.8803281649917669
17799.0,10531.0,13210879.85,-0.6409796812549838
17082.5,11127.0,17649810.81,-0.3313083501692016
14479.0,11655.0,20467097.0,0.02025467785266782
12141.0,11655.0,18809822.81,0.4138318022707564
10738.0,11186.0,14442103.85,0.8055242590455842
10689.0,9376.0,8529441.36,1.1144623820858326
10689.0,7253.0,4160441.0099999993,1.0994491294610995
10689.0,5061.0,2474398.45,0.391644111836324
10689.0,5648.0,3253254.6399999997,0.5811238940023672
10689.0,6972.0,5191757.29,0.537319650574589
11790.0,7067.0,6391589.5600000005,0.18826475282733704
13081.0,7067.0,6279436.64,-0.18313189975112332
14122.5,5918.0,4991499.01,-0.43144964814557213
14927.0,5704.0,3890374.21,-0.8135110137686052
15487.5,5940.0,2896748.29,-0.7467885488639813
15567.0,5367.0,2167494.7600000002,-0.4121109339891207
15668.5,5184.0,2137835.5599999996,0.5596614958021461
15787.5,5697.0,2926603.2399999998,0.7709428395204534
16511.0,6099.0,4297894.21,0.7924285646429307
17443.5,6099.0,4879012.5600000005,0.3483343156449486
18356.5,6099.0,4538248.61,0.01935019672069365
18356.5,6356.0,4686247.2,-0.009556699445921881
18356.5,9039.0,7121428.290000001,-0.52851791832344
18356.5,10169.0,10655307.56,-0.6551447654989917
18356.5,11423.0,15528675.290000001,-0.47306358989764224
17097.0,12317.0,20375673.689999998,-0.2081960330811259
13839.5,12658.0,23296697.85,0.13486203667466132
11933.0,12676.0,22916155.21,0.5269534744751062
10741.0,11810.0,17140023.64,0.9382024911357988
10678.5,10363.0,9855950.84,1.35105648775697
10678.5,6320.0,3631614.65,0.8440009508069483
10678.5,4895.0,2601553.4,0.3616297218216152
10678.5,5501.0,3553610.04,0.5379671928874246
10678.5,6765.0,5524808.5600000005,0.5051750820632829
11748.0,7018.0,7038755.210000001,0.1831303410532397
13004.5,8604.0,8619404.16,0.007885758200992778
14059.0,8604.0,7927238.49,-0.31958410256067293
14994.0,7827.0,5967561.61,-0.5720245098990704
15752.5,6974.0,4548337.640000001,-0.46216715207269593
16164.0,6125.0,3506841.69,-0.4528631374894408
16517.5,4622.0,2384894.76,-0.3554967280226369
17025.5,5698.0,2501644.84,0.07244902569016078
17841.0,5101.0,2623407.29,0.4220146554335662
18250.5,4848.0,2593042.0100000002,0.1615947050757694
18250.5,4278.0,1996109.9600000002,0.24408110573869526
18250.5,5786.0,3066790.76,-0.22328201825559515
18250.5,7485.0,5151172.840000001,-0.6626187442600401
18250.5,9009.0,8503890.610000001,-0.7458930057582667
18154.0,9911.0,12209941.360000001,-0.45596091942571654
16482.5,11086.0,16060948.85,-0.1808474438176303
14091.5,11086.0,18120477.410000004,0.16776952538483741
12480.0,11838.0,17922192.16,0.5114728625626707
11267.0,11423.0,13872975.01,0.8864336836979043
11148.0,9135.0,7428617.890000001,1.072083346212497
11148.0,6052.0,3276323.65,0.5758246911232695
11148.0,4805.0,2493619.16,0.19338970809746409
11148.0,5619.0,3175967.84,0.4405275352988136
11148.0,6072.0,4430327.81,0.35133513004038003
11929.0,6371.0,5539639.09,0.06743515938756202
13036.0,6637.0,5865844.64,-0.282180470664618
14101.0,6868.0,5830089.49,-0.6647233894677854
14734.5,6409.0,4080004.159999999,-1.0429740590911434
15110.5,5501.0,2468906.85,-0.6538075831276157
15365.0,5886.0,2375694.69,0.0739513683991025
15498.0,5947.0,2907999.96,0.8650128813182089
15641.5,5533.0,3598490.09,0.7305160888057449
16369.0,6456.0,4947334.159999999,0.5695725050706373
17622.5,6157.0,4899703.64,0.1892671805640713
18618.0,5947.0,4218180.4399999995,-0.0946234696420376
18618.0,5947.0,4147093.4899999998,-0.0838753722613034
18618.0,8006.0,5804214.05,-0.4508879907333355
18618.0,9259.0,8466333.41,-0.6561028499024719
18618.0,11050.0,13311220.69,-0.5834496685366731
17316.5,12312.0,18556488.4,-0.32650220294670296
14536.0,12853.0,21732596.609999996,0.003690917429842691
12784.5,12853.0,21450067.160000004,0.3899528277749745
11262.5,11563.0,15920223.85,0.7255624580481407
10936.0,10408.0,9902757.61,1.0308710743587575
10936.0,7097.0,4405844.4399999995,0.6786062323217529
10936.0,4847.0,2721995.45,0.03977683378517742
10936.0,5544.0,3109827.1599999997,0.21805001030121987
10936.0,7034.0,4963161.5600000005,0.49981190594655767
11740.0,7034.0,5994349.6,0.14199125305904553
12552.5,7446.0,6533284.85,-0.14538619868731836
13619.0,6924.0,5478538.64,-0.4001645204785856
14566.5,5886.0,3967802.840000001,-0.5872689247223514
15311.5,5196.0,2901079.21,-0.6231284344517196
15646.5,5524.0,2481499.21,-0.6058429220015642
15735.5,4546.0,1784551.9600000002,-0.331985524181611
15893.0,3693.0,1326934.0900000003,-0.07386211964792241
16355.5,3233.0,1149812.0899999999,0.13868351189306147
17100.0,3233.0,1170976.25,-0.25670744826781494
17100.0,2563.0,834272.5599999999,-0.13283387646776498
17100.0,4059.0,1481795.61,-0.7514680627660602
17100.0,6288.0,3555093.3600000003,-1.2643663086023262
17100.0,8430.0,7516223.4399999995,-1.1448076240751546
16988.5,8430.0,10236171.6,-0.6589175171672907
15338.5,9720.0,13307016.689999998,-0.3221008995352164
13084.5,9952.0,14851942.290000001,0.02918856870907026
11063.5,9952.0,13682507.49,0.43033961305828755
9992.5,9683.0,11196868.76,0.7925105770473269
9687.0,8227.0,6755926.040000001,1.1412331367143138
9687.0,5948.0,3263986.81,0.9119500691030173
9687.0,4344.0,2211281.6100000003,0.429162316904835
9687.0,5231.0,3002087.85,0.6568032240542344
9851.5,6593.0,4906863.6899999995,0.5533105848976767
10623.5,6593.0,5957261.56,0.21287007914028896
12148.0,6593.0,6178719.16,-0.1527481959892418
13038.5,6839.0,5712794.04,-0.4745277328793774
13848.0,7421.0,5557953.81,-0.8410840403117478
14418.0,6658.0,3694009.2,-0.8917888427979893
14733.0,5199.0,2308956.84,-0.32877966651693197
14967.0,4395.0,1831518.81,-0.18289210326822428
15381.0,3587.0,1426174.4100000001,-0.08669538419081127
15938.0,2855.0,1116805.21,-0.17127101579253495
16552.0,2996.0,1139045.61,-0.5539092048400738
16590.0,2588.0,744604.89,-0.7377977734099134
16590.0,2991.0,894863.4400000001,-0.9412055328843278
16590.0,4438.0,1922989.1600000001,-1.329516363342953
16590.0,5459.0,3589610.21,-1.0451569296385619
16590.0,6800.0,5958197.41,-0.7485224796138302
15249.5,7075.0,7589306.5600000005,-0.3707326245799871
13495.5,7942.0,8932471.239999998,-0.06601867109605955
12261.5,8511.0,9451578.639999999,0.22591225825102057
11119.0,8511.0,7754882.890000001,0.6121932812673605
10977.0,7581.0,4880453.959999999,0.8001623686278083
10977.0,5520.0,2426353.81,0.4029362527134993
10977.0,4419.0,1845058.8399999999,-0.04250229739869907
10977.0,5573.0,2587078.84,0.41641013353047274
10977.0,5646.0,3518169.2,0.34789464543297444
11548.0,5880.0,4271132.29,0.026964910900302758
12373.5,6150.0,4701426.21,-0.31579831434452776
13695.0,6621.0,4362635.25,-0.6386113748570612
14308.5,5705.0,3155288.16,-0.4277919724204187
14462.0,5211.0,2718389.29,-0.3900224282471434
14714.0,5604.0,2507123.05,-0.3690299941343316
15084.5,5242.0,2286952.04,0.3748482920682881
15756.0,5249.0,2933334.89,0.6507206026050137
16435.0,5176.0,3451058.81,0.342165546459553
16955.5,5021.0,3504712.3600000003,0.04671510760393531
17548.0,4751.0,2764236.04,-0.14204104277685017
17548.0,4779.0,2779222.7600000002,-0.14885337375676075
17548.0,6664.0,4334830.44,-0.6752210106472384
17548.0,8366.0,7617522.24,-0.7858793008761027
17548.0,9855.0,12078838.41,-0.6150185665274223
16342.0,10800.0,16538461.8,-0.3293240376126456
13878.5,10947.0,18959678.810000002,0.0287131404657675
12085.0,10947.0,17643298.76,0.41476103802277436
10489.5,10947.0,14326134.41,0.8281366150599365
9956.0,9210.0,8386268.640000001,1.1618178745687313
9956.0,6168.0,3628403.6099999994,0.9662228032151532
9956.0,4378.0,2414712.0100000002,0.5294630794768586
9956.0,5568.0,3203175.16,0.7997448577919527
9956.0,6402.0,5020939.49,0.687749869126796
10824.5,6483.0,6329928.2,0.30267444302837265
12256.5,6918.0,6805184.69,-0.033073755997217284
13626.0,6432.0,5983172.05,-0.38195963206820466
14634.0,6652.0,5195182.8,-0.7562605423701522
15051.0,7087.0,4102498.05,-0.7151972871866044
15095.5,6577.0,3223171.41,-0.2962932696721846
15353.5,6258.0,3114576.04,0.48243620243846225
15681.0,6180.0,3854671.44,0.7151817587900595
16522.5,6236.0,5007896.039999999,0.5490947563709287
17656.5,6236.0,5250241.41,0.15456977896526847
18124.5,6236.0,4441542.21,-0.02876459762239873
18124.5,6236.0,4588500.84,-0.05018807925306461
18124.5,8240.0,6178554.6,-0.45045380234829147
18124.5,10453.0,10498047.69,-0.7566522509789128
18124.5,10946.0,15028060.16,-0.5096984116532408
16744.0,11682.0,19208511.240000002,-0.19872759564480513
14170.5,12562.0,22051303.240000002,0.13257453228501562
11936.5,12562.0,21036979.45,0.5185028519841657
10583.5,11791.0,15578975.45,0.9024698278122927
10583.5,9469.0,8515867.64,1.181847935452857
10583.5,6577.0,3682145.810000001,1.045674880459652
10583.5,4553.0,2268786.6100000003,0.4646090482852579
10583.5,6279.0,3533145.6,0.9330578330382242
10590.0,6512.0,5225967.01,0.6198769962855646
11287.0,7558.0,7224380.45,0.33689548061392816
12502.5,7558.0,7662660.289999999,-0.06033456979812205
14137.0,7289.0,6636339.56,-0.4075753478805924
15116.5,6716.0,5104312.69,-0.735161176303757
15355.5,6579.0,3871471.3600000003,-0.7344678970694295
15527.5,5973.0,2856935.29,-0.7042382767998288
15719.0,5399.0,2161346.8899999997,0.055533322279223
16070.0,4878.0,2419827.45,0.755185391212007
16850.5,5426.0,3366068.84,0.5834702054714892
17563.0,5181.0,3580553.0,0.2315804395912216
17799.0,5181.0,3331116.25,0.047347160374200524
17799.0,5541.0,3566955.04,-0.022032403587586357
17799.0,7716.0,5370024.49,-0.5441802358359561
17799.0,9505.0,9038895.64,-0.7590484867921516
17799.0,10512.0,13434668.89,-0.5189223923437426
16506.0,11234.0,17513649.4,-0.22153445843457464
14030.5,11532.0,19874757.04,0.12854621662619292
12048.5,11564.0,19084902.29,0.5150259174830156
10650.5,11154.0,14212494.8,0.92448292733633
10650.5,8799.0,7591820.81,1.0649489269677601
10650.5,6023.0,3525408.16,0.6870760393783101
10650.5,5043.0,2836820.96,0.3832592759085216
10650.5,5604.0,3773611.84,0.5418756200765229
11149.5,6279.0,5302602.24,0.34739542288643
12305.5,6279.0,6036799.05,-0.024295970846237344
13298.5,6279.0,5751381.05,-0.42428309343049164
14418.5,6279.0,4778159.44,-0.8192739229370393
14817.0,5455.0,3026377.96,-1.138422167750236
15041.5,4253.0,1641612.49,-0.8393540910270653
15257.0,4951.0,1539817.6099999999,-0.3464851800367244
15370.0,6680.0,3345110.8400000003,1.731394172112215
15423.5,7059.0,5768880.44,1.2202910972380896
15939.0,6945.0,7480615.409999999,0.7263816737470665
16907.5,6945.0,8087895.6,0.2879196954837246
17764.5,6945.0,7166261.6899999995,0.13645929355789782
17764.5,6917.0,7147302.890000001,0.13889507452091773
17764.5,8806.0,8981498.809999999,-0.11545497155370293
17764.5,10879.0,13136970.65,-0.40836421031418757
17764.5,11445.0,17842524.65,-0.3288573247290562
16541.0,12586.0,23206713.69,-0.13089773982447434
14018.5,13158.0,25326174.81,0.21055762771427028
12037.5,13158.0,22532111.85,0.5968219032340705
10718.0,12445.0,16258181.690000001,0.9976120073341966
10718.0,9397.0,8070187.24,1.1749717964618276
10718.0,6241.0,3735851.41,0.6792770176153744
10718.0,4880.0,2839156.56,0.36662402746266815
10718.0,5955.0,3760929.65,0.5819077460119874
10767.5,6526.0,5316733.16,0.3778134433120746
12074.0,7010.0,6708202.09,0.0861741987956474
13325.0,7010.0,6709908.409999999,-0.2972813877904905
14139.5,6637.0,5750597.959999999,-0.6050437607229293
14962.5,6389.0,4360967.41,-0.9845591492540149
15318.0,6259.0,2893838.04,-0.7629533732376289
15560.0,5044.0,2104860.7600000002,0.042372009622882324
15849.5,4490.0,1788841.2399999998,0.05944315057074449
15976.0,4602.0,1986457.61,0.5383420518184219
16672.0,4347.0,2320684.8900000006,0.40851570344837734
17567.5,4207.0,2368130.84,0.07648637741034661
17801.5,4207.0,2041792.69,-0.17077841872313967
17801.5,3628.0,1738183.1600000001,-0.026396256866969177
17801.5,5300.0,2583412.6,-0.5531665785610667
17801.5,7452.0,5133655.36,-1.027302746704823
17801.5,9208.0,9273907.84,-0.8395111638456499
16977.5,9220.0,12166625.29,-0.43351741643189073
15237.0,9220.0,13936724.89,-0.05139982300248477
13219.0,10044.0,14118638.49,0.29130342742023685
11324.5,9812.0,11619567.209999999,0.6591507576076013
11074.5,8276.0,7278920.01,0.931883119711145
11074.5,6628.0,3954893.6,1.0048719521289637
11074.5,4744.0,2405147.09,0.5278105389053329
11074.5,5166.0,2653198.69,0.6349241433834286
11074.5,6222.0,4241977.09,0.6167815810018372
12086.5,6222.0,5156801.0,0.24072413548609384
13204.0,6379.0,5586480.25,-0.12428369031250792
14297.5,6379.0,5452401.639999999,-0.5246341856071098
15078.5,5779.0,3828745.45,-0.8630432423325689
15598.0,4693.0,2301978.2,-0.9938021970240566
15764.5,4896.0,1675505.81,-0.7495253365474608
15820.0,4119.0,1265316.8,0.16703252019057935
15898.5,3378.0,1150319.21,0.477634740246667
16133.0,2931.0,1170489.29,0.4150257770835617
16881.0,2931.0,1139608.0400000003,0.0351906134757175
17240.0,2931.0,997736.6399999999,-0.20359611833171193
17240.0,3219.0,1221256.04,-0.323968041498182
17240.0,5383.0,2584261.01,-1.0167825036242741
17240.0,6892.0,4955434.44,-1.081334209351502
17240.0,7675.0,7726479.239999999,-0.7380396624897781
16103.0,9123.0,10907230.559999999,-0.4388414800010652
14070.0,9123.0,11221022.85,-0.03683212708878665
12233.5,10160.0,12178387.09,0.20502298549019143
11087.5,9437.0,10541736.16,0.4946685538856765
10640.0,8843.0,7465766.24,0.8413144816798819
10634.0,6941.0,3899967.6399999997,0.8639964310096072
10634.0,4777.0,2406186.4,0.21644289458857938
10634.0,5009.0,2524942.56,0.2722940098449362
10634.0,6098.0,3768048.360000001,0.42073876991093856
10634.0,7516.0,5901947.01,0.39892266377081087
11825.0,7516.0,6682254.21,0.032234498847220676
13093.0,7516.0,7487206.05,-0.2898705999472236
13764.5,8835.0,7362254.209999999,-0.3491152124549304
14818.5,7597.0,5754539.41,-0.46824208207453355
15392.0,6769.0,4323168.04,-0.5754593845796688
15591.5,4487.0,2609432.3600000003,-0.36424052702072346
16382.5,4621.0,2158543.61,-0.5807316144118043
17175.0,4590.0,1779016.0399999998,-0.19917805503483627
17362.5,3571.0,1214443.24,-0.2352161585900167
17362.5,3571.0,1082620.01,-0.3002633616972217
17362.5,4664.0,1574808.8399999999,-0.8081706762864709
17362.5,6239.0,3129720.36,-1.2011347341302316
17175.0,7083.0,5139254.489999999,-0.8123721587077914
16850.0,8284.0,7692332.76,-0.5283175046884663
15311.5,9242.0,10127716.76,-0.24270505893006955
13447.5,9979.0,12110914.2,0.04813898510198529
12238.0,10550.0,12696380.76,0.35173139284668603
11215.5,9400.0,9857143.45,0.5934183026527523
10136.0,8039.0,6386894.2,0.8349781461794415
10136.0,5886.0,3392789.84,0.5381509512060064
10136.0,4722.0,2671202.96,0.23544377138349207
10136.0,5569.0,3358297.4,0.4474884563962115
10136.0,7203.0,5507394.040000001,0.6459050540188379
10695.5,7713.0,7764140.609999999,0.3936794928772338
12402.5,7713.0,8944154.64,0.021289858249057683
13494.5,7713.0,8836577.49,-0.3637116393720717
14735.0,7326.0,7006160.69,-0.7493087912312664
15570.5,8075.0,5383132.64,-0.9110422750352812
15759.5,6992.0,3750032.6400000006,-0.26243376920185024
15947.5,7201.0,4048008.84,0.44074455782228544
16013.5,7262.0,4801578.209999999,0.6223192022184171
16765.5,6339.0,5502484.64,0.5602076976900238
18097.5,6302.0,5877937.64,0.16702361131620597
19128.0,6302.0,5305024.040000001,-0.13872075721642638
19128.0,6302.0,4910184.8,-0.12865179616297787
19128.0,7852.0,6364584.4399999995,-0.4083290366480326
19128.0,9217.0,8932203.889999999,-0.653413394114596
19128.0,10323.0,13153012.16,-0.5371417749712136
18123.0,11577.0,17963330.24,-0.2853259098740526
15377.5,11577.0,20281017.65,0.07582891525615564
13356.5,12214.0,20188648.560000002,0.4307901983687617
12121.0,11725.0,16225856.209999999,0.7903747125657574
11696.0,9853.0,9545775.89,1.0848640626895532
11696.0,7039.0,4417572.6,0.8796073424560777
11696.0,4908.0,2818448.8899999997,0.2621753529974038
11696.0,5289.0,3312400.8400000003,0.39508005776402444
11696.0,6104.0,4671744.41,0.3826190763360727
12467.5,6179.0,5788596.890000001,0.091083863015623
13848.0,6446.0,6141726.0,-0.2703166047372579
14775.5,7023.0,6124566.49,-0.6219351981551517
15373.5,7440.0,4974305.5600000005,-0.8999677530885751
15818.5,6604.0,3398376.4,-0.44518617354257806
15989.5,5454.0,2583322.09,-0.12449280158056349
16411.5,4859.0,2361350.44,0.3116001791989056
16973.0,6723.0,3799768.3600000003,0.7591647716676716
17837.0,6287.0,4768623.2,0.6100076075377615
18496.5,6212.0,4609623.2,0.2475726072836601
18697.5,5945.0,3719980.84,0.19252632335147477
18697.5,5842.0,3661929.0100000002,0.2158689478294567
18697.5,8927.0,6437415.159999999,-0.6394983984484298
18697.5,10191.0,10530579.690000001,-0.702728379784071
18697.5,12214.0,16592740.65,-0.5456086186653024
17528.0,12937.0,22116913.689999998,-0.2609346703463827
14683.5,12937.0,25090837.159999996,0.09801802983658123
12509.0,13561.0,23840392.640000004,0.4423324734443777
10932.5,12274.0,17395954.240000002,0.7827884268869655
10666.5,10323.0,10265735.2,1.0563513238137008
10666.5,7719.0,4870769.5600000005,0.9833367624523147
10666.5,5835.0,3268239.16,0.42004682324505527
10666.5,6948.0,4770256.5600000005,0.701673454767583
10666.5,7425.0,6824965.609999999,0.5449542802437986
11648.5,7425.0,7043328.01,0.14813910753503387
11648.5,9865.0,9653304.489999998,-0.23150062260319426
13091.0,9865.0,10253274.89,-0.5829104883041962
14286.0,10018.0,9586714.01,-1.0268501473177472
14898.5,10957.0,9642298.41,-1.4077497701512574
15603.0,12050.0,10419859.45,-1.6106079047316109
15841.5,12443.0,10954467.61,-1.8725283423257617
16008.5,13311.0,12421857.290000001,-1.808620525540062
16554.5,14329.0,14421529.4,-1.6437335616115731
17570.5,14431.0,16099717.039999997,-1.6090577799961023
18261.5,14431.0,15685123.76,-1.9597981431015161
18261.5,5056.0,3052405.01,-0.0057391617144395436
18261.5,7404.0,4862008.0,-0.6141442925947905
18261.5,9331.0,8622409.16,-0.8351588898114486
18261.5,10286.0,13042852.2,-0.6017513831125576
16924.0,11148.0,17163605.21,-0.27881816082861405
14268.0,11576.0,19943933.45,0.06377364189396031
12130.5,11848.0,20235949.61,0.43633343436928423
10689.5,11848.0,15888118.89,0.8611369127618688
10689.5,9756.0,8926261.05,1.1321326319724445
10689.5,6792.0,3995510.4900000007,0.8564055042813186
10689.5,5014.0,2706887.21,0.3331190848436472
10689.5,6127.0,3720406.6400000006,0.6349744608979221
10693.0,6945.0,5625332.24,0.49799150147745413
11698.0,7086.0,7002354.959999999,0.15798098205812405
12943.0,7205.0,7358113.410000001,-0.20673422503651973
14220.5,7558.0,6697127.49,-0.5461004685365384
15186.0,6260.0,4601037.01,-0.7714554194241111
15665.5,5566.0,3088730.29,-0.9519930918366075
15795.5,5926.0,2412810.21,-0.5434032916153825
15926.5,4607.0,1747117.7599999998,0.09369827272983458
16103.0,4995.0,2129967.2,0.7991101866695004
16474.0,5704.0,3436845.5599999996,0.9210315156390563
17444.0,5563.0,3798697.7600000002,0.48398742306833886
17914.5,5444.0,3321025.21,0.42432875143614757
17914.5,5542.0,3364592.09,0.4084973799290103
17914.5,7705.0,4928914.25,-0.15446256220604254
17914.5,9715.0,8240120.489999999,-0.5804161926161415
17914.5,10698.0,12345453.96,-0.4861832258551077
16719.0,11258.0,15924451.25,-0.18488683630753577
14675.5,11601.0,18467803.16,0.1414254254222323
12589.0,11601.0,17911081.4,0.541029835163676
11092.5,10667.0,12950508.559999999,0.8943074071346618
11092.5,7983.0,6817737.289999999,1.040029471630272
11092.5,6059.0,3596928.4,0.885724370446116
11092.5,5538.0,3191324.6900000004,0.7368736287287093
11092.5,5538.0,3615292.7600000007,0.7061326961971782
11227.5,5538.0,4375165.840000001,0.36847614482628277
12512.0,5538.0,4992786.6899999995,-0.005497178264329335
13821.5,6056.0,5212108.76,-0.3469377539730895
14527.5,6019.0,4588598.209999999,-0.6992151251178614
14863.0,5984.0,3430685.9599999995,-1.0662179238824234
15190.0,5540.0,2208894.69,-0.5685548631054236
15495.0,5001.0,1874788.56,0.24752681017965958
15826.5,3698.0,1561993.56,0.4444941183770904
16002.0,4486.0,2198738.25,0.2642392533581639
16749.5,4975.0,2536620.8899999997,0.16609988336260112
17599.0,4413.0,2142697.61,-0.05503078733774347
17599.0,3803.0,1612417.29,-0.05038037414237138
17599.0,5330.0,2374772.04,-0.5827291294996316
17599.0,6320.0,3817203.3599999994,-0.8030302633264521
17599.0,8819.0,7525102.65,-0.9638521279977388
17511.0,10162.0,12025420.04,-0.6737329083550014
15722.5,11011.0,15813531.290000001,-0.33638662398267205
13732.0,11011.0,17327357.21,0.05367424084306767
11987.5,11011.0,16263269.36,0.4423081882761845
10174.5,10224.0,12136673.96,0.8085584944891077
10174.5,8672.0,7078520.090000001,1.088788570201599
10174.5,5681.0,3166148.44,0.7997328073052262
10174.5,4789.0,2599692.76,0.6110930165966593
10174.5,5281.0,2946766.16,0.7130563082329165
10225.0,6549.0,4757927.489999999,0.6036889845685702
11185.0,6673.0,5876019.01,0.2439353713059946
12433.0,6214.0,5824837.49,-0.04945877423136018
13581.0,7494.0,6195773.25,-0.2575191714736373
14461.0,7003.0,4879149.41,-0.5560894921061796
15157.0,5775.0,3417980.3600000003,-0.7266245846428978
15276.5,5851.0,2656571.45,-0.682728851344586
15468.0,4047.0,1626522.0100000002,-0.25683710258665243
15929.0,3615.0,1287160.6,-0.2758953281928909
16435.0,2684.0,969735.96,-0.02294424553075425
16956.5,2560.0,873243.4099999999,-0.3717221075452195
16956.5,2445.0,656663.01,-0.4855394637963515
16956.5,2857.0,790571.25,-0.7071566777071796
16881.0,4940.0,2162595.0,-1.2251413681432588
16881.0,6283.0,4298289.84,-1.1178728807107976
16881.0,7737.0,7386275.0,-0.822863068977385
15692.5,8865.0,10352784.76,-0.5046085953042793
13880.5,8865.0,11328652.760000002,-0.1043097061177785
12167.5,9042.0,11647342.809999999,0.24175930232112455
10769.0,8829.0,10033457.209999999,0.5884209972704237
10148.0,7726.0,6615974.65,0.8994880464773577
10148.0,6185.0,3577901.6900000004,0.9716037820756104
10148.0,4273.0,2285580.8899999997,0.443685336830172
10148.0,4832.0,2676364.4899999993,0.5865923411803701
10148.0,5591.0,3926126.089999999,0.5735868730370337
10731.5,5872.0,5067921.76,0.24536346756151786
12109.5,6953.0,5961540.640000001,0.011881806487251114
13289.5,6953.0,6280429.209999999,-0.34786101832976385
13948.5,8188.0,6081089.29,-0.45732299186762276
14468.5,7359.0,4969592.89,-0.31103400387189983
15043.5,6812.0,4154135.56,-0.21691250861754946
15584.0,5011.0,2802031.45,-0.08379847277655308
16314.0,4452.0,2111567.6100000003,-0.28610423708920885
16959.5,3693.0,1522048.4900000002,-0.48594765351232383
17047.0,3412.0,1050910.0399999998,-0.7935891022074106
17047.0,2543.0,682465.29,-0.45018959305991885
17047.0,3813.0,1215985.2899999998,-1.0089231900449402
17047.0,5436.0,2661762.04,-1.3098768232678204
17025.5,6633.0,4811096.01,-0.9423073788506128
16361.0,7911.0,7196524.8,-0.651203555545602
14996.0,8179.0,9035912.61,-0.40701791358368883
13396.5,8179.0,9924417.36,-0.058348253744896515
11986.5,8835.0,10326337.559999999,0.26582129155418577
10749.0,8659.0,8898210.690000001,0.577868079308551
10140.0,7330.0,5654788.24,0.80668159786994
10140.0,5754.0,3343738.44,0.5658161102876462
10140.0,4235.0,2454561.41,0.20549564622366334
10140.0,5599.0,3276612.05,0.5157585399156891
10140.0,6232.0,4780236.209999999,0.4882246284119274
11172.0,7262.0,6697936.690000001,0.27293327228664427
12431.5,7832.0,7962378.209999999,-0.013850692884733779
13371.0,8010.0,8365794.840000001,-0.3495482908370532
14369.5,8786.0,7526510.359999999,-0.5909895913295153
15201.0,8552.0,6050793.4,-0.3178244713092595
16001.0,7251.0,5152595.65,-0.0008181143032793999
16375.0,6736.0,4601135.65,-0.13012885878734426
16852.0,5490.0,3670088.29,-0.12378685369918299
17981.0,5224.0,3143836.84,-0.2743464592429666
18796.5,4194.0,2177645.8899999997,-0.4302957848867305
18796.5,3624.0,1656219.01,-0.36525740757892294
18796.5,5694.0,2871640.21,-1.0160800810706072
18796.5,7661.0,5835670.359999999,-1.2005997274200821
18796.5,9583.0,10719912.25,-0.9634645134211458
18034.5,10381.0,15105616.76,-0.5642135513311659
15707.0,11028.0,17995558.49,-0.20595778652504332
13232.5,11844.0,19746033.29,0.12462622957848776
11288.0,11844.0,18548084.6,0.48478051213291445
9928.0,10805.0,13660213.85,0.8442391185791749
9798.0,9132.0,7897643.69,1.1676234957720744
9798.0,6150.0,3320749.7600000002,0.9882937244210369
9798.0,4371.0,2141753.09,0.4589987976464566
9798.0,5652.0,3019083.96,0.8215533992112365
9798.0,6980.0,5265092.010000001,0.7502648921643245
10361.0,7130.0,7006504.44,0.3855464013653797
11546.0,7130.0,7584437.290000001,-0.01009134315590078
13077.5,7264.0,7070426.890000001,-0.33635328296780964
14308.5,6481.0,5414811.2,-0.6397713825734898
14972.5,7319.0,4706562.89,-0.5284276181093841
15063.5,7688.0,4382309.21,-0.27839188229351486
15138.5,7084.0,4080865.2099999995,0.42656574787512697
15291.0,6083.0,4153768.81,0.5090650521958722
16386.0,6689.0,5447282.01,0.5218251679840481
17864.5,6689.0,5113613.85,0.1854601586254581
18290.5,6689.0,4475645.61,-0.05606203456686619
18290.5,6507.0,4287301.45,-0.0168924314830876
18290.5,8440.0,5885949.609999999,-0.39053709389491637
18290.5,10624.0,9589891.0,-0.7656949870540537
18290.5,11017.0,13673098.25,-0.49725596821400286
16732.5,13048.0,18970345.360000003,-0.26535197112972064
14187.5,13198.0,21510773.490000002,0.07199573158425597
12056.0,13198.0,21099511.65,0.45013057471456663
10767.5,10544.0,14519402.4,0.6761028124148561
10767.5,9848.0,9475739.040000001,0.9856205878608216
10767.5,6837.0,4593190.4399999995,0.5761987796329543
10767.5,5878.0,3836568.21,0.3174759895759395
10767.5,8009.0,6343901.959999999,0.7995148772489725
10960.5,8009.0,8556853.610000001,0.4746071032189846
11859.0,8009.0,9897094.889999999,0.11619791892626125
13318.0,8009.0,9139071.21,-0.26939114402813547
14731.0,7884.0,7692302.040000001,-0.6405404011090344
15458.5,7155.0,5458099.29,-0.9356302594722032
15868.0,6334.0,3489493.2,-0.8559507969165832
16033.0,6188.0,2666135.6399999997,-0.5206345213581908
16226.0,5995.0,2723216.4899999998,0.7863577871764119
16493.5,5851.0,3595484.16,0.8296162586132565
17136.0,7000.0,5513571.210000001,0.565102894364295
18120.0,7000.0,5729034.36,0.14838305342575606
18120.0,7000.0,5070882.040000001,0.10712977000478863
18120.0,7672.0,5565715.96,-0.03387942038765418
18120.0,10051.0,8843373.76,-0.5450835929127453
18120.0,11664.0,14001518.440000001,-0.6111229595505465
18007.5,12407.0,19344707.61,-0.37399614101134593
15990.5,13648.0,24694452.01,-0.09749105122645768
13332.5,14064.0,26925832.04,0.248349687759607
11336.5,14064.0,24644619.89,0.6534802541594152
10158.5,12608.0,16561937.809999999,1.0182180032569101
9549.5,9329.0,8319314.209999999,1.2283138636429338
9549.5,6392.0,3416891.65,1.2917092603378735
9549.5,4013.0,1527483.4,0.5514757337844871
9549.5,4683.0,1886804.4,0.8298244658302937
9549.5,4683.0,2578222.4899999998,0.6472779235103888
9661.5,4683.0,3239792.56,0.31209649253195887
10724.0,4865.0,3424203.6100000003,-0.06161103525846418
12034.0,4882.0,3138107.69,-0.3246469848943748
12712.5,4248.0,2491606.44,-0.664084686387923
12803.5,4248.0,1946400.0399999998,-1.1633759807357138
12904.0,4573.0,1349808.04,-0.916638281754213
13061.0,4145.0,1139837.05,0.6744098953941166
13183.5,4013.0,1677876.36,1.1645432295469558
13336.0,4232.0,2367429.3600000003,0.7132659662442217
14008.0,4069.0,2332005.81,0.3283638634090436
14601.0,3868.0,2000439.0900000003,0.20719953133485514
14601.0,4046.0,2064205.81,0.17644975871909685
14601.0,5939.0,3260471.65,-0.36407847434862783
14601.0,7456.0,5480939.65,-0.6608920056627305
14601.0,8738.0,8680116.4,-0.6230839457451722
13717.5,8842.0,11204705.610000001,-0.28365559442798244
11870.5,9486.0,12858751.56,0.06083638168314341
10165.5,9486.0,11556780.690000001,0.4413362563744226
8899.5,8599.0,8478165.16,0.7842637428725867
8816.5,7241.0,5031933.01,1.0828089280593667
8816.5,5440.0,2396554.69,1.0750313678152177
8816.5,3552.0,1364007.4899999998,0.4090359824927687
8816.5,4192.0,1643956.84,0.6065608451619657
8816.5,4961.0,2592047.41,0.5605957850953389
9527.5,5681.0,3522559.2,0.3180017818774824
10371.5,5681.0,3490473.21,-0.0777879987346135
11249.0,4847.0,2641707.8400000003,-0.2877189180215339
11631.5,4666.0,1985535.0100000002,-0.6013836774255455
11732.0,4168.0,1543386.8,-0.4801181948827362
11934.0,3595.0,1115560.69,-0.46853364077600046
12218.0,2927.0,821141.4099999999,0.09271394991082153
12698.0,2666.0,831323.89,0.1900673907313381
13175.0,3747.0,1280088.6900000002,0.5141160978079918
13350.5,3747.0,1426050.0,0.10515267513366093
13350.5,3747.0,1417036.24,0.05130371822454706
13350.5,4780.0,1972020.0100000002,-0.3119736258484461
13350.5,6213.0,3281170.09,-0.7578774972534611
13350.5,7057.0,5140625.85,-0.7589988967321856
13287.0,7825.0,7285599.960000001,-0.44834606975985425
11971.5,8532.0,9397798.489999998,-0.15695717977500276
9944.5,8920.0,10689712.040000001,0.17469113139210235
8806.0,9237.0,10820376.41,0.5389213303232694
8000.0,9045.0,8562584.040000001,0.8265364385438662
7262.5,7580.0,5105457.64,1.1043021277146219
7214.5,4959.0,2114172.96,0.8450150481281589
7029.5,3526.0,1016037.49,0.5848458135808134
7029.5,2682.0,623349.49,0.027155754165348604
7029.5,2260.0,525192.2899999999,-0.22865498649981852
7029.5,2272.0,581627.4099999999,-0.1772083021380312
7335.0,2291.0,662298.6900000001,-0.37907063723568013
7699.0,2648.0,739464.2,-0.6495562518705985
7920.0,2648.0,655909.89,-1.1422762853521697
7968.0,2335.0,387915.08999999997,-0.8307778306519558
7983.5,2440.0,405279.96,0.8017749706946959
8103.0,2817.0,641146.2899999999,0.6933088038052584
8281.5,2089.0,638197.89,0.6583146463383018
8556.0,2005.0,635135.2,0.2624537985127802
9175.5,1993.0,646691.2899999999,-0.10447316829349339
9366.5,1974.0,523513.69000000006,-0.324198536781873
9366.5,1754.0,430923.68999999994,-0.22163821520240207
9366.5,1754.0,395978.04,-0.21317495646151544
9366.5,2961.0,769604.8899999999,-1.115350771615553
9366.5,3496.0,1395437.3599999999,-0.9638474345821575
8865.5,3601.0,1865238.6400000001,-0.5318279964983594
8540.0,4374.0,2351562.8400000003,-0.2983999970487949
7749.5,4578.0,2581014.21,-0.02288167184074867
6738.5,4578.0,2397241.25,0.35889872697392594
6418.5,3771.0,1664738.9600000002,0.5742211677325257
6418.5,3214.0,1113738.96,0.7264478267322081
6418.5,3214.0,841498.9600000002,0.733899252566594
6418.5,2625.0,636509.29,0.3091224500865639
6418.5,2625.0,815454.49,0.292090649736383
6653.0,2917.0,1059000.4,0.08916136758822932
7216.5,3607.0,1446029.24,-0.007595503773445666
7735.5,3607.0,1451676.6400000001,-0.3142909935466539
7988.0,3143.0,1163024.29,-0.5028645056977941
8144.0,3408.0,986132.2,-0.4897331226418494
8594.5,2636.0,595395.49,-0.4076223766201944
8799.0,2083.0,355978.0,-0.2786573881250411
8938.5,1598.0,237394.0,-0.2856991754787626
8979.0,1598.0,212871.76,-0.49861583165797124
8979.0,1286.0,119010.89000000001,-0.14836214116802043
8979.0,1640.0,180196.25,-0.9231739179878479
8958.5,2182.0,400079.29,-1.0272006882566878
8958.5,2814.0,769160.5600000002,-0.8965164178875263
8819.0,2814.0,973404.6,-0.45434474656095397
8317.5,4007.0,1509824.81,-0.6139923456492561
7665.0,4843.0,2330349.6100000003,-0.5141853713662077
7185.0,4843.0,2705050.09,-0.12857628326655524
6869.0,4843.0,2726705.45,0.20535267637810192
6120.5,4296.0,2103237.29,0.3967458542069053
5330.5,3293.0,1372538.3599999999,0.49165860557922714
5330.5,2751.0,916239.4399999998,0.590411211116474
5330.5,2333.0,764188.01,0.465647527555627
5330.5,2333.0,798510.96,0.47381849767977524
5330.5,2384.0,812186.61,0.48264742626819473
5536.0,3412.0,1314455.09,0.4572631956336063
6382.5,3308.0,1292714.29,0.08844782695164788
6891.0,3497.0,1464714.1599999997,-0.16894350618590825
6967.0,3902.0,1499052.01,-0.2534440024585386
7211.0,3844.0,1351454.4100000001,-0.27664202099713797
7725.0,3520.0,1136925.69,-0.04992772462796088
8149.5,3097.0,1109004.81,0.21333438081092385
8513.0,3065.0,1038992.01,-0.13580322210036233
8904.0,4130.0,1372872.0100000002,0.2581672543729266
9218.0,3762.0,1227189.61,0.15710076532125042
9429.5,3762.0,1090835.69,-0.14571368459746106
9429.5,2963.0,831392.4,0.3272289078216062
9429.5,3989.0,1196845.0399999998,-0.2950543605751667
9429.5,4777.0,1989168.7600000002,-0.5494881633128389
9429.5,5393.0,3001758.8,-0.44533171759245144
8821.5,5393.0,3736376.2399999998,-0.1307005403270755
7681.0,5753.0,4196830.639999999,0.2075708870084126
6774.0,5753.0,4237969.96,0.5872537323268654
6197.5,5229.0,3086685.84,0.9574071930292534
6026.0,4309.0,1707518.1600000001,1.3402316523181304
6026.0,2790.0,648886.8,1.1656141847146886
6026.0,2437.0,526385.21,0.9205736879068813
6026.0,2830.0,821240.8099999999,1.0450370330310494
6026.0,2949.0,1175019.44,0.6695536443109549
6351.0,3471.0,1545446.21,0.3431698665160517
7253.0,3471.0,1649737.49,-0.048925263196427614
8037.5,4011.0,1759766.45,-0.16774524482444747
8293.5,4089.0,1819526.1600000001,-0.4603626762879218
8494.5,3651.0,1307907.16,-0.7245673268614644
8755.5,3641.0,996142.0899999999,-0.46557049074362045
9084.0,2678.0,725745.45,0.16301429296515704
9451.5,3417.0,1045785.45,0.616025541149769
9649.0,3970.0,1501749.8399999999,0.6356020231207701
9997.0,3687.0,1296396.09,0.43094934104267113
10412.5,3687.0,1296775.56,0.07872941525976775
10412.5,3221.0,1144477.44,0.26252597223374224
10412.5,4670.0,1847842.81,-0.3509941861633797
10412.5,4670.0,2461020.25,-0.31222088550420146
10412.5,4901.0,3089844.6399999997,-0.2567935517193185
9810.5,6100.0,4294942.09,-0.13753735122146138
8399.0,6564.0,5398405.29,0.08841728882999703
7674.5,6715.0,5553649.959999999,0.42366248030665987
7537.5,6186.0,4199353.41,0.7615030314049615
6977.5,6186.0,3189049.3600000003,1.3315948583109507
6719.5,3494.0,1040675.6,0.67091474507068
6719.5,2088.0,556692.4400000001,-0.10682682395022812
6719.5,2407.0,634631.04,0.035534412702918614
6719.5,2888.0,839495.04,0.3213867681876559
6719.5,3112.0,1138164.84,0.3555350143011404
7161.0,3112.0,1239040.21,-0.03957262744038194
7715.5,3112.0,1152237.01,-0.3854699128014581
8017.5,2542.0,766172.29,-0.5369360521275107
8223.0,2187.0,550778.21,-0.8004711127035677
8461.0,3627.0,828938.21,0.760613005637657
8567.5,4330.0,1505279.8099999998,1.296493134306726
8660.5,3731.0,1727129.6,0.9014389947753296
8701.0,4324.0,2339293.49,0.5765073062882393
9626.5,4324.0,2403745.0100000002,0.1647570214981713
10905.0,4324.0,2348488.24,-0.2183863478305857
10905.0,4324.0,1990537.36,-0.4463292247936511
10905.0,4324.0,2171276.29,-0.47090704503923525
10905.0,4384.0,2199741.4899999998,-0.48078428912584603
10905.0,5111.0,2874729.1600000006,-0.594809289641848
10733.5,5461.0,3841030.16,-0.31143621791160586
9186.0,5588.0,4189032.7600000002,0.047681169859616554
8071.0,5707.0,4335753.4399999995,0.42455349442130325
7596.5,4757.0,3229306.4899999998,0.7499773799615682
7265.0,4640.0,2240905.2399999998,1.2590361975115625
7265.0,3553.0,1004998.96,1.563539615289113
7265.0,1714.0,352282.69000000006,0.27854339482947027
7265.0,1714.0,338866.56000000006,0.26777668109585595
7265.0,1881.0,429965.63999999996,0.37000313320921274
7554.0,1881.0,487940.04000000004,0.029735040561761655
7951.0,1881.0,470421.84,-0.3762758756397261
8028.5,1881.0,375098.04000000004,-0.7604542272138345
8028.5,1589.0,255999.96000000002,-0.586743758699329
8166.0,3498.0,862884.64,1.771270339804763
8277.0,3474.0,915718.2899999998,1.2911816164797827
8277.0,3474.0,879799.65,1.3025204850233656
8188.0,3474.0,903794.4,1.3426698630056948
8277.0,3474.0,890490.65,1.1540658525381333
8277.0,3474.0,890429.4,1.1526019647254186
8189.0,3474.0,902686.04,1.1767811989827395
8136.0,3794.0,1121273.24,0.883948352147159
8136.0,4318.0,1462090.45,0.542867190393237
8136.0,4318.0,1442002.84,0.5428818827341976
8070.5,3227.0,770496.4099999999,0.1941436482756698
8070.5,2424.0,551606.64,-0.41439015687502145
7787.0,4072.0,1379495.1600000001,-1.0253605244951298
7499.0,4273.0,2111102.4,-0.6634534301401498
7215.5,4273.0,2213849.09,-0.29072494054034714
6739.0,4273.0,2031592.2899999998,0.06924316906426396
6067.5,4273.0,1794426.3599999999,0.4476287405480195
5872.5,4273.0,1740591.7599999998,0.6610192813625089
5872.5,4273.0,1732784.0899999999,0.7504917088946645
5872.5,4273.0,1569427.61,1.0107332824332032
5561.5,4273.0,1426899.44,1.555593969428544
5506.5,1794.0,351558.81,0.1267069120081423
5603.0,2000.0,418211.76,-0.06909876978946579
5872.5,2028.0,411718.80999999994,-0.10844270226358564
6093.5,2842.0,588234.49,0.2703400686690146
6261.0,2842.0,709844.41,-0.008911674387927584
6525.0,3537.0,997301.2100000002,0.016116156762179527
6728.5,3537.0,1140137.61,-0.28490453422139617
7195.0,3537.0,1183601.85,-0.6385626348444322
7602.0,3537.0,1194976.6,-0.9449843308360948
7602.0,2790.0,606687.76,-1.0512052210251486
7602.0,1943.0,364674.45,-0.39274700040262506
7602.0,2532.0,559389.81,-0.7940889489369426
7602.0,2862.0,867914.4,-0.7810222665670834
7460.0,2936.0,1132554.09,-0.39159620636533554
6877.0,3409.0,1461185.6099999999,-0.11718929340750088
6100.5,3693.0,1620146.09,0.005750654901851727
5641.0,3562.0,1487392.24,0.3378531786670369
5439.0,3397.0,1196084.56,0.6802586665448772
5245.0,3019.0,740589.01,0.9600989361781026
5022.0,2055.0,328546.6,0.6581708793601241
5022.0,1466.0,177245.44,-0.01742126738448158
5022.0,1478.0,178994.56000000003,-0.00038358385118790017
5022.0,2573.0,477560.05,1.2033765820807067
5022.0,2573.0,629071.4099999999,0.8019772215160252
5254.5,2573.0,688728.9600000001,0.3693645252317453
5619.5,2215.0,648082.56,0.12171185699071457
6068.0,2267.0,653923.01,-0.17584715302078674
6419.0,2202.0,588831.4099999999,-0.37666926331472006
6598.0,2778.0,639317.0900000001,-0.3754384360898612
6794.5,2664.0,586843.76,-0.005786801880734796
6939.0,2315.0,522081.2,0.13669448050306998
7061.5,2682.0,660752.76,0.613889524599592
7446.0,2682.0,785642.36,0.21435861977962598
7820.0,2682.0,679613.36,-0.05108957756226394
7995.5,2324.0,486752.25,-0.13060836278804203
7995.5,8029.0,4750384.0,-2.323478694139698
7995.5,8029.0,6886028.890000001,-1.4380140145988902
7995.5,8029.0,7099708.090000001,-1.1753158958747083
7995.5,8029.0,7089222.65,-0.9240132331728933
6612.0,8029.0,6983893.639999999,-0.6073740445144707
5258.0,8029.0,6613794.16,-0.3214442559434561
5010.0,7702.0,5421309.4,-0.18084055963062096
5010.0,7154.0,4210074.61,-0.2925613718146674
5010.0,7154.0,3406413.25,-0.46120373944119464
5010.0,5252.0,2462793.0100000002,-1.2695006394078465
5258.0,4007.0,1185340.45,-1.2565873250297914
5554.0,2149.0,527364.5600000002,0.15978492528098612
5857.0,2266.0,659941.8400000001,-0.07930448012093586
6073.5,2507.0,803080.81,-0.2897323260320454
6328.0,2484.0,709825.64,-0.6262676527823157
6613.0,2610.0,560985.6900000001,-0.757588629374737
6851.5,2572.0,531320.49,0.5202528642706109
7000.5,2438.0,499095.20999999996,0.3105102145525316
7121.0,2139.0,411781.61,0.20471093748578878
7291.5,1999.0,412996.56000000006,0.17931929692635715
7646.0,1639.0,349810.69,0.0406784120639655
7874.0,1621.0,334238.20999999996,-0.20148813866312204
7874.0,1440.0,247802.36000000002,-0.317520294668081
7874.0,1992.0,371450.84,-0.7745936957237639
7874.0,2689.0,695104.2099999998,-1.126389994151836
7874.0,3037.0,1136890.69,-0.8708780604717219
7845.5,3368.0,1510182.0,-0.4970394363582041
7185.0,3598.0,1881182.25,-0.1578125678683244
6190.5,3743.0,2134868.0100000002,0.18233806667407046
5668.0,3966.0,2050915.4400000002,0.5283642689986376
5328.5,3966.0,1745059.4900000002,0.9584038196785262
5127.5,3266.0,948346.36,1.3078063468679944
5127.5,1974.0,334839.69,0.9735880787602603
5127.5,1277.0,192789.0,0.27362482076226424
5127.5,1715.0,270761.76,0.7019071101206147
5127.5,1715.0,332237.85,0.5413863324600381
5156.0,1779.0,437571.24000000005,0.2713204131466655
5524.0,2154.0,569770.9600000001,0.05361189387900005
5939.5,2261.0,634946.2,-0.2373576536430037
6165.5,2401.0,585221.49,-0.4673704830804018
6312.0,2291.0,497299.88999999996,-0.26344669819909317
6531.5,2338.0,463170.45,-0.23149081963245485
6772.5,1730.0,345704.63999999996,-0.00263536013519159
6896.0,2939.0,662726.76,1.004624294329711
7174.5,2939.0,664590.24,0.6025969791561172
7462.0,2646.0,511647.84,0.7063194492843039
7509.5,2271.0,388699.56,0.9962005421208912
7509.5,2308.0,394674.68999999994,0.9620060468253717
7509.5,3862.0,885125.01,-0.7435005702479013
7509.5,3862.0,1216143.0100000002,-0.5614229387497081
7509.5,4125.0,1685196.05,-0.323436420160674
7080.0,4457.0,2128509.8,-0.04812506095876684
6049.0,4474.0,2399096.05,0.2794240444817059
5272.0,3552.0,1823755.0899999999,0.4379843340489675
4996.5,3113.0,1364539.81,0.8156053141044229
4935.0,2992.0,907788.29,1.3284707498187969
4935.0,2196.0,389508.44,1.452380948586102
4935.0,1134.0,152151.44,0.19946210501000047
4935.0,1750.0,295349.36,0.6848840630220416
4935.0,2342.0,566509.8400000001,0.9090587056318592
5215.0,2342.0,751797.84,0.4865791133460149
5522.5,2764.0,932885.89,0.24141299222401622
5928.0,3061.0,1045548.1599999999,0.03611940343826036
6500.5,2737.0,934886.5599999999,-0.1931166112636041
6796.5,2542.0,735241.9600000001,-0.5001176512379839
6992.0,2122.0,526777.96,-0.7511658610159714
7203.0,3038.0,598970.85,0.0330517835895104
7338.0,2422.0,465505.89,0.41066352558123514
7427.5,1893.0,440772.61,0.4986063906982443
7488.0,1893.0,440170.9600000001,0.15230481559987225
7775.0,1502.0,327983.4,0.13331361574487466
7775.0,1807.0,394101.69,-0.062600361784467
7716.0,3020.0,841246.76,-0.802813504977539
7716.0,3512.0,1419545.9600000002,-0.7329768973143249
7716.0,3669.0,1965348.25,-0.5162252826158262
7427.0,4038.0,2560041.6399999997,-0.24618246093201762
6244.5,4698.0,2949817.96,0.008366476512592024
5392.0,4698.0,2805304.3600000003,0.4116890025120034
5067.5,4939.0,2531011.5599999996,0.6728179572590874
4804.5,4395.0,1644681.9600000002,0.9903020890265491
4613.0,3558.0,972376.5599999999,0.6590474173948998
4456.5,2498.0,614450.61,-0.017760927424384287
4118.5,2006.0,468558.85,0.05834463217519674
3769.0,1849.0,394071.41000000003,0.3179990189986146
3542.0,1480.0,280268.56,0.5454923947598171
3463.0,1466.0,205084.36,0.9716509750623965
3463.0,1466.0,197070.15999999997,1.2574346385363744
3463.0,1988.0,324720.04000000004,1.6579546888078243
3463.0,1988.0,350693.65,1.2462107190489635
3463.0,1988.0,358555.4,1.2064888842065724
3518.0,1988.0,475731.36,0.7031429090797824
3889.5,2301.0,639209.81,0.5244050016238936
4295.5,2690.0,863575.49,0.3035871450300085
4701.5,2536.0,885129.4,-0.011101251055582935
4971.0,2534.0,721668.41,-0.24039680064722418
4971.0,2424.0,534115.44,-0.17682314891995224
4971.0,1849.0,407770.69000000006,0.24063089868190285
4711.0,2275.0,545541.4,0.23460590820843868
4711.0,2411.0,662428.6399999999,0.0858586228511844
4711.0,3130.0,990164.8399999999,-0.19758304938647367
4323.0,3130.0,1205695.0899999999,0.07535434453221836
3922.0,3706.0,1409193.0399999998,0.2414493503059727
3641.0,3625.0,1243694.76,0.3884142995141598
3328.0,2673.0,738179.5599999999,0.22703457894272153
3019.5,2332.0,597864.04,0.2872092277219117
2905.0,1956.0,432161.75999999995,0.421099784626416
2595.5,1836.0,349417.8,0.3663601568114017
2307.5,2723.0,512695.29000000004,-0.552797567817619
2258.0,2367.0,589691.44,-0.713823118402574
2208.5,2367.0,678017.05,-0.31756984224486656
2026.0,2367.0,606492.8100000002,0.0034019727989326935
1488.5,2394.0,664125.8400000001,0.3500996658744145
977.0,2853.0,764927.4400000001,0.570360982171248
817.5,2107.0,526311.85,0.5604573791280677
750.5,2107.0,447382.08999999997,0.9751961494980931
702.5,1643.0,242221.4,1.100234738018347
468.5,874.0,98141.81000000001,0.3712032519311136
247.0,874.0,92766.21000000002,0.8103764526242281
244.0,883.0,90791.16,1.223271475378868
241.0,904.0,79331.01000000001,1.8686852492455925
236.5,540.0,20321.56,2.45991795010626
231.5,99.0,1122.56,-1.0507987764909474
227.0,116.0,1736.0400000000002,-0.6856781335211296
210.5,116.0,1716.8,-0.29996465406311834
184.0,138.0,2266.6099999999997,-0.11428620496408197
165.5,173.0,2912.36,-0.1711557677631516
156.0,211.0,3832.8100000000004,-0.2684793181623599
140.5,187.0,3794.65,-0.24395985620925015
121.0,166.0,3437.69,-0.08329020430399976
91.5,134.0,2739.4399999999996,0.11105912391181699
68.0,134.0,2483.16,0.49964069051416526
61.5,134.0,1868.25,0.9222921706272108
61.5,134.0,1529.6100000000001,1.48277396878702
58.0,76.0,456.65,1.0462453343485083
58.0,39.0,171.35999999999999,-0.41029961090726924
55.0,30.0,130.89000000000001,-0.5844716982805712
58.0,37.0,125.85,-0.7802685412025043
61.5,36.0,95.04,-0.8020374232308662
61.5,20.0,44.89,0.4363302666883885
63.0,19.0,43.36,0.1009532579081436
63.5,21.0,56.8,0.009811305229858963
63.5,21.0,60.01000000000001,0.06525636455720706
65.5,21.0,61.69000000000001,-0.07390229228977956
69.0,21.0,57.64,-0.4857490145128533
69.0,37.0,126.89000000000001,-0.9416589504301123
69.0,42.0,204.8,-0.9206174647354021
62.5,42.0,211.05,-0.5013630700440642
55.5,42.0,234.84,-0.1405267142255913
51.5,54.0,336.80999999999995,-0.1502371730233513
42.0,54.0,346.49,0.2258802109043216
36.0,50.0,275.84,0.5610514395793481
36.0,50.0,252.20999999999998,0.886037834231719
36.0,50.0,170.4,1.3101317399275285
36.0,33.0,84.21,0.21285220709191097
37.0,46.0,169.76000000000002,0.7035492429575297
40.5,60.0,317.6,0.7419361007312794
40.5,60.0,374.40999999999997,0.43693990222084783
47.5,61.0,463.68999999999994,0.11154818268338552
60.5,56.0,397.44,-0.18002446674835224
68.0,52.0,339.2,-0.4503474601229435
71.5,42.0,239.35999999999999,-0.7248797757133965
71.5,41.0,160.83999999999997,-0.9960072476198581
73.5,28.0,71.24000000000001,-0.753456790589382
73.5,20.0,47.24,-0.13105546747536365
76.0,47.0,152.23999999999998,1.3325823579416696
76.0,47.0,215.49,0.8978427703932006
77.0,47.0,204.64,0.8654814118683926
75.0,49.0,242.04000000000002,0.8676742344971713
74.5,49.0,250.56,0.9113514842851566
70.5,53.0,289.56,0.9837576100623975
67.0,64.0,369.09000000000003,0.8152233380808167
65.0,68.0,454.84000000000003,0.6471642500907088
61.0,68.0,509.65,0.7902869665742989
58.0,68.0,559.24,0.8316453659079194
51.5,63.0,354.64,1.2779989483084382
49.0,35.0,124.09,0.8208525679745116
48.5,27.0,65.85,0.8645862145353269
48.5,90.0,654.4400000000002,2.2843757926632526
48.5,236.0,5020.45,2.165530234876104
48.5,266.0,9561.039999999999,1.3143470004532787
50.5,266.0,12562.85,0.752922462660519
91.0,348.0,17392.85,0.45713344770733755
204.0,392.0,21729.04,0.1855136486016732
249.0,388.0,18863.24,-0.001535911151311307
249.0,385.0,15526.439999999997,-0.1446183610215545
290.5,5008.0,2083968.2099999995,2.638725659641602
305.5,8735.0,7863561.49,1.8212180974972274
349.0,10225.0,14362710.959999999,1.1692024211393168
413.0,15540.0,28580450.839999996,1.0058425165376097
2746.5,19701.0,47928479.20999999,0.778989641869622
6962.0,19701.0,56928305.61,0.3645264228107654
9655.0,19701.0,55669343.61,-0.02752841252014121
12258.5,19701.0,47381258.25,-0.37310985929180673
13434.0,19701.0,34567849.29,-0.6352996932710118
13434.0,14862.0,19088604.810000002,-0.2327089147914658
13434.0,11054.0,13098676.040000001,0.2897715970128734
13434.0,10440.0,12524794.8,0.3475598422643738
13434.0,10440.0,13192788.21,0.3114365836454143
11939.0,10440.0,13985930.690000001,0.631968905249378
11122.0,9264.0,9122320.76,0.962860651230507
11122.0,6961.0,5030228.49,0.6986091995256001
11122.0,4974.0,3559153.04,0.30965334838104464
11122.0,6572.0,4872081.01,0.5859175801612383
11122.0,6952.0,6754119.4,0.48158266579724796
12547.0,7525.0,8577976.959999999,0.16664965825609235
14193.5,7525.0,8588656.25,-0.23387194880969547
15253.0,7752.0,7948432.159999999,-0.5805364947125241
16128.0,7579.0,6244212.890000001,-0.9540831961268804
16318.0,6857.0,3889699.84,-1.1493807790904342
16718.5,4954.0,2086915.0,-0.389628058962685
17164.0,5854.0,2373471.25,0.2923607261219985
17392.5,7192.0,4474281.25,1.3329126148496502
17740.0,7040.0,5418034.209999999,0.8260578168167436
18452.5,7040.0,5133262.24,0.49102027785233915
19280.5,7040.0,4629168.209999999,0.29989721376205986
19280.5,6116.0,4112190.2099999995,0.47539542021299186
19280.5,8007.0,5416107.09,0.04824724110666404
19280.5,9824.0,8373234.290000002,-0.36697642277295717
19280.5,11870.0,13513962.85,-0.4865114859034469
18401.0,13357.0,19625862.85,-0.32897797276098245
16182.5,13925.0,23954539.839999996,-0.02046182169983518
14328.5,12955.0,21413561.29,0.2531703109204102
12430.5,11460.0,15966620.559999999,0.5301332606622742
11755.5,10355.0,10639934.89,0.8009090129171612
11755.5,7809.0,5649531.85,0.6498744742670313
11755.5,5918.0,3811434.4400000004,0.1948686213484973
11755.5,7509.0,5062771.85,0.5981005605142015
11755.5,9153.0,8613216.41,0.7261073611151458
12540.0,10588.0,12929463.8,0.48467625866399594
13848.5,10588.0,14308532.24,0.1283077825425909
15757.5,10148.0,12539681.24,-0.1743692448831917
17650.0,8466.0,10028598.889999999,-0.4022611445231953
18620.5,8680.0,8533480.4,-0.6790612428167461
19167.5,8551.0,6591526.89,-0.8462163863416354
19573.5,7406.0,4382995.44,-0.7300219800741236
19744.0,6403.0,3204606.96,0.04057775372372063
20328.5,7138.0,4441288.2,0.879310456783942
21155.5,6841.0,4242570.29,0.5626224582105254
21156.5,6841.0,4044020.6399999997,0.520270250943978
21156.5,7937.0,5121735.36,0.1826277348976609
21156.5,10802.0,8583055.209999999,-0.5553093024698437
21156.5,12927.0,14765434.64,-0.6975325707643556
21156.5,13684.0,20928469.2,-0.43470997592188326
19212.5,15379.0,27559918.2,-0.16810313993128284
16240.5,15870.0,31813920.810000002,0.15633737278946191
13745.5,15870.0,31025880.810000002,0.5521744403426163
12304.5,13813.0,21208629.96,0.8588049550275535
11956.0,11012.0,11753648.49,1.1118868560289885
11956.0,7933.0,5339340.8100000005,1.0177486655272636
11956.0,6073.0,3671032.41,0.5243966487674034
11956.0,6797.0,4853927.76,0.717692311418503
11956.0,8579.0,8101390.959999999,0.6586314538002075
12605.0,8579.0,9939758.0,0.27949718171660193
14518.5,8579.0,10174385.239999998,-0.10197282811038151
16175.0,8295.0,9141336.44,-0.4132840628303954
17097.5,7414.0,7126195.76,-0.7083479684872578
17721.5,8470.0,5996119.6899999995,-0.7352321827013152
18052.0,9299.0,5690019.839999999,-0.017965749627691752
18355.5,8061.0,5881506.840000001,0.7847330471267616
18475.5,7337.0,6584006.89,0.5604822134180861
19507.5,6216.0,5741131.85,0.31988653924843463
21195.0,6216.0,5448497.6,-0.02518339077165315
21380.0,6089.0,4416743.36,-0.18327011819046082
21380.0,5892.0,4292430.45,-0.15404994945075381
21380.0,8948.0,7215100.290000001,-0.7688987353794507
21380.0,11078.0,12674102.04,-0.9137350148613669
21380.0,11989.0,18719314.05,-0.5979603287193535
19404.0,12539.0,22702465.81,-0.22382312955559
16454.0,13336.0,23473720.45,0.0787841215839897
13861.0,11579.0,20176150.44,0.3827781037647278
12511.0,11422.0,16004537.89,0.800236466460912
12511.0,10314.0,10004385.809999999,1.2103497059259434
12511.0,7470.0,5149632.6899999995,0.8754456317623941
12511.0,5442.0,3459124.2,0.485567358083031
12511.0,6314.0,4537564.2,0.5799397323411488
12582.0,7528.0,6659076.84,0.39598104133314077
14354.5,7780.0,8082391.889999999,0.06606338626721052
15862.5,7780.0,8301708.209999999,-0.30174130818109873
16390.0,7745.0,7077503.409999999,-0.5738845297673382
17433.0,6606.0,5114271.04,-0.8522110394777432
18155.5,7851.0,4235279.090000001,-0.6480803713019446
18281.5,5018.0,2674377.0,0.08185762282656993
18534.0,6242.0,3221565.29,0.1513876378856714
18804.0,6440.0,3684531.44,0.529685857703207
19785.5,6359.0,4668188.409999999,0.5914546944381592
20764.0,6128.0,4883911.24,0.21354197733190128
21099.5,6128.0,4134780.56,0.022230546844542957
21099.5,5927.0,4020341.21,0.05333053088360617
21099.5,24167.0,44070977.21,-2.295023209459263
21099.5,24167.0,47512958.160000004,-1.8787291446014334
21074.5,24167.0,50719865.05,-1.4222178137961616
19941.0,24167.0,53007749.29,-1.02619615413835
15843.5,24167.0,53452007.36,-0.6409965800455545
12723.5,24167.0,49161172.49,-0.3402565661412091
12091.0,23355.0,38853276.0,-0.26712951098247706
12091.0,21178.0,27495161.25,-0.5982481005581073
12091.0,18240.0,19153943.25,-1.3886747359076512
12091.0,15297.0,15935390.16,-2.011379241725913
12723.5,5475.0,3164405.69,0.3415989020737748
12892.0,7138.0,5201469.0,0.4603924690821625
13836.0,7138.0,6322117.0,0.11193510996090006
14824.5,7636.0,7255011.49,-0.18862676023382682
15785.0,7584.0,6449250.8,-0.45726035432986356
16676.5,6357.0,4473356.040000001,-0.6261396622718679
17508.0,5053.0,2979108.89,-0.690850816695838
17830.5,4485.0,1932156.8,-1.042051752235928
17985.0,5367.0,1918875.8400000003,0.37147336149822535
18107.5,6778.0,3308204.04,1.137769627463229
18254.5,9130.0,7751199.209999999,1.467766356475555
18456.0,9538.0,11764464.010000002,0.9180310550027353
19750.5,8893.0,11297532.489999998,0.5706135201407447
20400.0,8893.0,10545861.209999999,0.5461230762841329
20400.0,9143.0,10942977.21,0.5154893600516336
20400.0,11575.0,13376194.89,0.23323677697560435
20400.0,13676.0,18651922.6,-0.060822460866408135
20400.0,15882.0,26587762.85,-0.23918694783508876
18805.5,15882.0,32516994.76,0.01223512758364103
16491.0,16155.0,36059627.56,0.3468734668503721
14224.5,16155.0,28652665.0,0.7478626508836199
13395.0,12975.0,16377600.639999997,0.9253899379859555
13395.0,9209.0,7925720.01,0.7686362802372655
13395.0,7012.0,4615802.890000001,0.3109884129944378
13395.0,6457.0,4188747.039999999,0.15726389419859813
13395.0,6778.0,5379931.159999999,0.26428148172234983
14071.5,6803.0,6543606.04,-0.005141107364454412
15168.5,7117.0,6326240.6,-0.3338551203477079
16481.0,7286.0,5656511.16,-0.7150218327593427
17312.5,5935.0,3719805.7600000002,-0.5967612531809913
17485.5,9570.0,6120311.840000001,0.7733008549382799
17655.0,10056.0,8670687.69,0.9584778799039267
17896.5,8799.0,9837780.010000002,0.7407977373117274
18405.0,7457.0,10137870.010000002,0.3979832088125802
21007.5,7136.0,10331501.84,0.005775729731590524
23785.0,7314.0,9869071.45,-0.38847395770921345
23922.5,7000.0,7909450.76,-0.8032839929571514
23922.5,6831.0,6615529.41,-0.8187074834411139
23922.5,7436.0,7206003.359999999,-0.8790513342386095
23922.5,9758.0,11281455.610000001,-1.0784791918792629
23922.5,11901.0,18655720.36,-0.76033993089385
21476.0,13269.0,24936305.96,-0.4301827301592075
18433.5,13454.0,28045388.089999996,-0.0761911675236472
16215.0,13454.0,27497783.45,0.30481207236985197
14438.0,13454.0,22155921.639999997,0.7033184451979887
14438.0,12103.0,13841324.89,0.9463716941060899
14438.0,8133.0,7279077.640000001,0.354984386675375
14438.0,8595.0,7747499.44,0.44028341599065424
14438.0,8891.0,10042020.89,0.5077878981278325
14579.5,8891.0,12528553.45,0.25005855384462705
16480.5,10083.0,14696879.45,-0.07544738874219568
18788.5,10083.0,13715967.76,-0.44837211789454534
20081.5,10575.0,11571832.809999999,-0.7227004106526624
20229.5,8531.0,7532589.56,-0.9162775875642665
20642.5,7016.0,4531141.49,-1.1583963573004774
21238.5,5210.0,2203697.84,-0.8860510098377103
21772.0,3641.0,1365390.44,0.03407494774576609
22213.0,3384.0,1324661.6,-0.1739247837564923
22338.0,5134.0,1912369.85,0.39432952483824224
22593.5,4308.0,1491643.96,0.4453904487252107
22593.5,4308.0,1455111.6100000003,0.4705487277394178
22593.5,5130.0,1817153.2900000003,0.008055582017110855
22578.5,7790.0,4305578.760000001,-0.8938504396818081
22578.5,10641.0,9534714.760000002,-1.0313847583011422
22205.0,12331.0,15926402.160000002,-0.7503654717504418
20895.0,13459.0,21900724.009999998,-0.41469187871733937
18884.0,13740.0,25118360.410000004,-0.05620725658685864
16128.5,14506.0,26474830.24,0.29035408322100587
13858.0,13175.0,20709038.410000004,0.5801053630851751
13075.0,10738.0,13281818.01,0.8313537663006143
13075.0,9376.0,8761251.61,0.7742814971180471
13075.0,7163.0,6519283.44,0.471508524624039
13075.0,8110.0,7704155.5600000005,0.5843104039330851
13075.0,8552.0,10273897.05,0.3938733707606479
15036.5,9789.0,13166912.49,0.1123507069040794
17468.5,10185.0,14439287.610000003,-0.22340373519792997
18474.5,10940.0,14373360.09,-0.5534866165907862
19169.0,10135.0,10934046.41,-0.8997306702127409
20008.5,9202.0,7005405.609999999,-1.0896401022932063
20825.0,7035.0,4080225.6100000003,-0.0997721015277058
21233.5,6967.0,4248415.6899999995,0.22776051162033767
21446.5,6020.0,3078647.2099999995,0.4065019659514561
21613.5,5578.0,2301456.5599999996,0.587152884927499
21613.5,4372.0,1831816.0399999998,1.096037518339833
21613.5,6665.0,2956260.2,-0.0008955255550448447
21613.5,9727.0,6826615.359999999,-0.8821605626828675
21446.5,11930.0,12673325.76,-0.7985556968903978
21022.5,13162.0,18858801.4,-0.5173927274121959
19449.5,13910.0,23573018.49,-0.1824283439886947
16772.0,14345.0,24265779.689999998,0.13195782874582132
14139.5,11610.0,20033427.360000003,0.27974569818829503
12422.0,12459.0,18600300.81,0.6244114528936645
11632.0,11246.0,12495798.559999999,0.9943344203664048
11632.0,8953.0,6364860.89,1.1827429939471295
11632.0,5891.0,2754997.69,0.46083979099553196
11632.0,7202.0,3790700.8,0.9501533253305992
11632.0,7202.0,5497857.16,0.7579063488683557
11951.5,7671.0,7380002.81,0.41406485291958284
13018.0,7671.0,8038035.290000001,0.013853499886501353
14995.5,7827.0,8253268.65,-0.36606209143542423
16421.0,8922.0,7879246.56,-0.6810637514197756
16421.0,6814.0,4544073.159999999,-0.7948297301421551
16497.0,7215.0,3870032.8,-0.5226683092139314
16786.5,7370.0,3694943.84,0.2351090837686982
17099.0,4721.0,2677860.69,0.6980127713007651
17724.5,4820.0,3326561.8899999997,0.32404574308022255
18966.0,6358.0,4413939.01,0.22574348636628966
19773.0,11197.0,10197943.809999999,0.9617850332060692
20423.5,11197.0,9630137.89,0.6458464588418874
20423.5,11197.0,8677362.690000001,0.7211482542631377
20423.5,11197.0,8757086.16,0.7143758956876348
20423.5,13313.0,11102037.360000001,0.1376332359286732
20423.5,14635.0,16647827.639999997,-0.11748656516738765
19415.5,16019.0,22878929.49,-0.03128624979361304
18533.0,17003.0,29201372.290000003,0.1127860017773068
16122.5,17003.0,32437007.49,0.4234652700767275
13521.0,17003.0,30047789.890000004,0.8626513395686047
13521.0,12946.0,15620129.4,0.911942369622792
13521.0,8511.0,8006320.959999999,0.4152869058135979
13521.0,9996.0,9654982.809999999,0.6427481358780996
13521.0,11372.0,13759004.16,0.8201838752766949
13728.0,12974.0,20671127.84,0.5566337774456134
15520.0,13819.0,26276048.81,0.21837520756642112
18466.0,13819.0,27612021.8,-0.14562676355643225
21118.0,13433.0,22275407.089999996,-0.48473912576272765
21494.0,11335.0,14814352.61,-0.7152344272691603
21875.5,9907.0,10170931.2,-0.9879740572444758
22676.5,7943.0,5553387.45,-1.2233329300234241
23795.5,5565.0,2776400.1600000006,-0.13078684832303666
24197.0,6104.0,3228073.44,0.24469216615697237
24232.0,6521.0,3921855.4899999998,0.1007194170320092
24349.0,6830.0,4859874.45,-0.1338206319406233
24534.0,6830.0,4822726.45,-0.18334975185252303
24534.0,7176.0,6352445.2,-0.152147640056497
24534.0,10843.0,10961476.24,-0.7188440390338884
24534.0,12916.0,17899637.96,-0.8535888616096862
24403.0,14486.0,26642153.69,-0.5556301634867462
22729.5,15271.0,34442851.61,-0.2400806293585669
19002.5,16083.0,39037932.489999995,0.10811419668325321
16132.5,16083.0,35719336.36,0.5162661406838982
15209.5,16083.0,26769091.560000002,0.9441282915264152
15209.5,12694.0,14065598.16,1.0310414213192036
15209.5,8907.0,7416484.090000001,0.4614783839524828
15209.5,9110.0,7631722.960000001,0.5015542746254832
15209.5,9931.0,11040907.209999999,0.5062446063945968
16220.5,10425.0,14302362.09,0.21142536393070765
18051.0,10603.0,15630927.209999999,-0.15295285132294537
20011.5,11265.0,15010332.6,-0.49783817864084445
21449.5,10861.0,11900688.690000001,-0.6208190093650342
22107.0,9075.0,8151556.290000001,-0.7982909106740701
22443.0,10845.0,7979399.49,0.03711746679044576
22863.0,8979.0,6376775.040000001,0.30800649970625565
23591.5,7361.0,6186195.2,0.5138885058537709
24193.5,8603.0,8100775.040000001,0.4919634489660265
25654.5,9069.0,9931037.61,0.3115180370281715
27437.0,8891.0,9223131.959999999,-0.034753969309748924
27437.0,8229.0,7144759.409999999,-0.08389584867236222
27437.0,8402.0,7290153.8,-0.10893394700888401
27437.0,11763.0,12061414.56,-0.6459770520618819
27437.0,14210.0,20040019.04,-0.8091645242778961
26799.0,15625.0,28946867.090000004,-0.4922852457998258
24854.0,16802.0,37679157.89,-0.20027703057223795
21340.5,18334.0,44397777.8,0.10557970468298149
18436.5,18334.0,41845739.410000004,0.4760762520230035
16505.5,16666.0,30328556.29,0.8133187961662071
16353.5,13598.0,17155754.05,1.035282092022081
16353.5,9932.0,7979943.49,0.908070451450698
16353.5,6571.0,4566448.16,0.16787038056334433
16353.5,6355.0,3994333.8900000006,0.04281240300572632
16353.5,9260.0,7424462.85,0.5970913247156742
17185.0,9260.0,9957251.040000001,0.2991437265093688
17185.0,16510.0,21671209.56,-0.8215891887021768
18074.0,16510.0,22564239.96,-1.1527760593906504
19065.5,16510.0,21778687.64,-1.572923098046885
19922.0,16510.0,21964689.56,-1.921191364675891
21064.5,20609.0,26721502.689999998,-1.651754587311268
21898.0,21403.0,31025827.360000003,-1.5942741503290687
22132.0,23144.0,36933043.89,-1.4427926243543774
22273.0,23533.0,40995801.440000005,-1.550392940196326
24322.5,23533.0,43952799.20999999,-1.6068068588996656
25713.0,23533.0,44051107.56,-1.725083366863361
25713.0,8972.0,9969498.6,-0.11812741217407906
25713.0,8972.0,10914404.24,-0.16042843035658083
25713.0,12279.0,15012273.290000003,-0.5484804471774678
25713.0,14043.0,22750192.490000002,-0.6262386573191401
23784.5,16365.0,32706075.6,-0.38255146295626813
21573.0,17476.0,40141826.440000005,-0.07994784346002011
18824.0,17476.0,39706396.36,0.24785589555186804
16211.0,16544.0,31050270.0,0.5585597510169559
15691.5,13082.0,18874088.839999996,0.6414024478468512
15691.5,10695.0,11946372.05,0.48818159160406904
15691.5,8951.0,9944015.889999999,0.2713950425560392
15691.5,10486.0,11948618.559999999,0.46383561930724376
15691.5,10486.0,15139899.61,0.29859358399538277
17281.5,12599.0,20432348.009999998,0.11542260603533946
19678.0,12599.0,20449090.89,-0.2806766082403105
21434.5,12468.0,16987959.45,-0.657927931155208
22202.0,10901.0,11498325.690000001,-0.9679293176315354
22677.5,9970.0,7604255.290000001,-0.7951809232747464
23032.5,8153.0,5123468.409999999,-0.26137501857125683
23331.5,6611.0,4189819.2399999998,0.34228069762280017
24033.0,5755.0,4207698.64,0.28312577253902166
25259.5,5987.0,4509924.8100000005,-0.03999001339292747
26343.0,5196.0,3993392.4,-0.2693322768010924
26422.0,5196.0,3801462.41,-0.5179836396288368
26422.0,5077.0,3071272.0,-0.5289169214011998
26422.0,8454.0,6163016.8100000005,-1.3301858018511774
26422.0,10559.0,12033111.560000002,-1.262019679454075
26422.0,12716.0,20382404.49,-0.8690927201570373
25369.0,13569.0,27438674.490000002,-0.47203468570897017
22135.5,14928.0,32819951.159999996,-0.13689034694798702
18662.5,14928.0,32913442.96,0.23618042719741322
17439.0,14928.0,26383452.009999998,0.588032081789044
17439.0,12941.0,17170290.639999997,0.8165212544831277
17439.0,11315.0,11563452.01,0.6228477115679675
17439.0,9566.0,9395304.16,0.3368051073938977
17439.0,11690.0,14263292.639999997,0.5341804961193898
17572.0,12870.0,20244681.25,0.34627095899514626
19720.5,13057.0,23640793.0,-0.002642728319908237
22186.0,14141.0,24918737.36,-0.32769923393880246
23869.0,13559.0,19936081.360000003,-0.6456753089601748
25521.0,11572.0,14261006.889999997,-0.642548533616002
26204.5,11993.0,11656506.2,-0.7546723616931342
26469.5,8304.0,6094040.69,-0.5013355406528788
27011.5,7062.0,4369562.84,-0.47771046558233043
27833.5,4938.0,2572007.85,-0.1955726294013288
28562.5,3758.0,1982011.85,-0.27500811314348367
29004.0,3571.0,1664918.8900000001,-0.6220888948880647
29004.0,3228.0,1149681.4400000002,-0.6284314540124655
29004.0,3981.0,1757351.0,-0.8840342471725308
29004.0,8225.0,5956480.01,-1.7768511591088472
28726.5,10921.0,13287836.889999999,-1.2796785847491146
28149.0,12139.0,19944451.359999996,-0.8236537344418682
26950.5,14182.0,28295546.840000004,-0.48695620020623637
23766.0,15247.0,33594838.64,-0.16581201809651258
20296.0,15247.0,34410281.04,0.20695530328334974
18307.0,15247.0,29146512.21,0.59551771854117
18307.0,13455.0,19232031.410000004,0.779559752941257
18307.0,11330.0,11211517.09,0.7367034175877071
18307.0,8830.0,8120067.090000001,0.25271181404242843
18307.0,10220.0,11081195.65,0.5033191518373005
18870.5,10737.0,15093324.76,0.32396146187865177
20151.0,11988.0,19326953.560000002,0.06611316646199773
21807.5,14806.0,23834688.61,-0.06909815596648662
24083.0,15051.0,23886169.04,-0.2249011693021354
25036.5,13999.0,19884539.16,-0.3887255834731984
25920.5,10240.0,13979357.85,-0.33076231987283017
27955.0,10767.0,11765093.84,-0.5914079390098497
29645.0,8973.0,8350343.56,-0.3752187628968749
30018.5,7978.0,7030954.44,-0.478801749041147
30213.0,8348.0,6184612.89,-0.5624592626044203
30654.5,7097.0,3675521.9599999995,-0.6048717662665389
30654.5,4279.0,1897067.2400000002,0.49987792777571455
30654.5,8562.0,5024299.69,-1.1824691971550345
30654.5,11724.0,11962104.49,-1.2113773198324849
30654.5,14561.0,22358681.05,-0.9516294081663593
30366.0,16153.0,33161819.8,-0.5983291715691661
27409.5,18294.0,44173553.05,-0.29183563428992854
23500.0,18889.0,49352299.95999999,0.04271426862858776
20500.5,18889.0,46821865.21,0.41098290972148166
18542.5,16912.0,33653923.61,0.7305812357684031
18542.5,14984.0,20632969.839999996,0.9429029040156498
18542.5,10327.0,10354712.05,0.37761969384524036
18542.5,9043.0,8912600.29,0.1538331086400566
18542.5,11398.0,13200417.639999999,0.5109397747699687
19065.0,11862.0,18157638.96,0.311662748481094
20983.0,13197.0,22889463.090000004,0.03735682805930619
22818.0,13578.0,23433320.96,-0.2802179056209111
24974.5,14317.0,20862419.64,-0.4889905116212077
26384.0,12165.0,15464337.210000003,-0.507678968110539
27283.5,10535.0,11530552.959999999,-0.5812071306916812
28141.5,9026.0,8180082.2,-0.6847342755395818
28940.0,9016.0,6389783.839999999,-0.3159698939430875
29858.0,9088.0,6975551.01,0.5029003826332485
30415.0,10238.0,9401052.29,0.6048777931239556
30763.5,8903.0,9402863.559999999,0.4157973653350114
31628.5,8522.0,7707511.81,0.3557551018629364
31628.5,9386.0,8460764.290000001,0.1936844899299051
31628.5,12945.0,14331470.8,-0.48349913186664034
31628.5,16692.0,26312054.840000007,-0.7232134956705762
31628.5,17677.0,38159176.89,-0.4908032124888251
29930.0,19415.0,50724838.81000001,-0.2347029420997227
25688.5,20081.0,58954321.21,0.10005766021996898
22035.5,20081.0,56794510.96,0.4948027478659186
19669.5,19376.0,42644257.01,0.9019355743675674
19549.5,15619.0,23452421.84,1.1979928516476952
19549.5,10695.0,10341747.559999999,0.9552636265066066
19549.5,7254.0,6490064.21,0.4302547913045478
19549.5,8645.0,7881166.039999999,0.6130581947420343
19549.5,9770.0,11587059.41,0.44375103366399704
21218.0,10877.0,15352714.8,0.18070310036104112
23270.5,11162.0,16501397.040000001,-0.14499741687039205
24722.5,11042.0,14896225.040000001,-0.4229746476939559
25980.5,10667.0,12136328.809999999,-0.6058669098595029
27096.5,9783.0,8961124.01,-0.7446099484231634
27792.5,7928.0,5862563.21,-0.5428720725944286
28128.0,9446.0,6443061.44,0.29785527418860536
28786.5,11339.0,10208340.84,0.9960016827233575
29478.5,10214.0,12070218.690000001,0.7469238884514714
30073.5,9107.0,12261920.24,0.4075451769805286
31957.5,8822.0,11982818.209999999,0.04031237560966353
31957.5,8436.0,11411520.45,0.07460602048565215
31957.5,13532.0,18006457.89,-0.5486694291035527
31957.5,15833.0,28807041.089999996,-0.6648418885758105
31957.5,18876.0,44821230.21,-0.5858257082440933
31045.0,19996.0,60385146.239999995,-0.3325847086450455
25921.0,21091.0,71588420.28999999,0.00632850919238979
22074.5,20805.0,68432445.49,0.38688797946966663
19801.0,20373.0,55357971.160000004,0.8204680549612342
19801.0,20373.0,36878153.010000005,1.278392511781941
19801.0,12951.0,14505167.010000002,0.752593980815633
19801.0,10035.0,10403813.01,0.25608510934774764
19801.0,12635.0,16016346.209999999,0.5968595742863302
20050.5,13661.0,23103520.44,0.4364221208739439
22281.0,13661.0,26946207.089999996,0.06626400581312289
24420.0,15306.0,28898372.160000004,-0.23643335839656884
27001.0,14563.0,23994877.409999996,-0.542049057319852
28793.5,12294.0,16188095.01,-0.7831031556324204
29306.5,10192.0,10550021.040000001,-0.9009791315588921
29548.0,9890.0,7470485.0,-0.8534157645849305
29980.0,7341.0,4425015.410000001,-0.4334368709409299
30581.5,7428.0,4606121.09,0.7449017554470974
31293.5,6443.0,4951422.2,0.5088867086822133
32322.0,6443.0,5201350.16,0.15789961422639487
33035.5,5960.0,4142363.090000001,-0.0043583574964033605
33035.5,6744.0,5226887.56,-0.1571547764318468
33035.5,11719.0,11653458.690000001,-1.0604442045726628
33035.5,14980.0,22982759.090000004,-1.091035079444226
33035.5,19179.0,41821089.64,-0.8691596937066453
31013.5,20163.0,57226773.61,-0.4835912303924437
26497.5,20170.0,66530002.4,-0.09986662017789659
22379.5,19750.0,63360647.21,0.27201894629803147
19528.5,19750.0,51773835.05,0.6711748753388667
19059.0,17714.0,33503768.839999996,1.0035710039827148
19059.0,13426.0,16790373.89,0.9624710269183355
19059.0,8451.0,9693925.959999999,0.2856312455085152
19059.0,11038.0,12786399.89,0.6135230161429152
19059.0,12579.0,19611101.96,0.5688698192836903
20609.0,12646.0,23340585.410000004,0.19908007299977445
22662.0,13588.0,24202028.240000002,-0.10075100567873048
25256.5,15475.0,24349338.64,-0.22464875080452823
27367.5,14289.0,21715284.01,-0.26340855011291386
28171.5,14172.0,19808071.69,-0.3089352880896404
28676.0,13702.0,17231245.69,-0.2843858425195013
30359.0,11194.0,12933565.16,-0.22485911381600707
32084.0,9228.0,10218908.610000001,-0.16450744627445005
33289.5,8591.0,9308447.09,-0.3061605382797999
34356.5,8524.0,7312020.76,-0.6830166813301567
34356.5,7582.0,4592914.29,-0.6714519222275114
34356.5,8508.0,5516432.609999999,-0.9364004532722651
34356.5,12349.0,13123431.959999999,-1.2953544759271103
34356.5,15294.0,25024579.6,-1.0169013897557082
33661.5,17576.0,38311511.89,-0.6596043343015464
30406.5,18995.0,48790282.45,-0.3128879412319355
26300.5,19921.0,55363621.96,0.028297405208943714
22907.5,19921.0,52385164.0,0.40033202157716025
20294.0,17923.0,39527055.61,0.7366054822642358
20294.0,15784.0,24442779.759999998,1.0247250472376563
20294.0,11413.0,12082902.16,0.7424437590815826
20294.0,7665.0,7803285.840000001,0.2023275191306998
20294.0,10406.0,10753423.16,0.570511165033713
20316.5,11732.0,16293120.61,0.4951513306999312
22406.0,12540.0,20975582.16,0.18661261736334403
23902.5,13250.0,22986858.96,-0.13205201066088607
25843.5,12571.0,20011475.009999998,-0.4525713483555236
