458246.0,531255.0,20011033488.333332,-0.7515189226626543
495186.5,306882.0,14189473675.659721,-0.4075789495866604
495186.5,305966.0,13717202431.748266,-0.41908098641407165
494576.5,305966.0,13197336426.388891,-0.4334624244451153
490044.0,305966.0,12811220830.331598,-0.43557311740600085
474192.0,305966.0,12613920861.659721,-0.41553988238996176
474192.0,305966.0,12628491831.442709,-0.3874018870291862
474192.0,305966.0,12683363990.055557,-0.3803350754207467
474192.0,305966.0,12754694863.166666,-0.3795409491857125
474192.0,305966.0,12858190456.722223,-0.3821933088071294
474192.0,307349.0,12955542282.081598,-0.3860562997291423
474192.0,313160.0,13078028939.248262,-0.39154065162873514
474192.0,314987.0,13204380839.659723,-0.3971675100401955
474192.0,314987.0,13330860832.993055,-0.4018639202981869
474192.0,314987.0,13516320496.581596,-0.4037212559693865
474192.0,314987.0,13722237867.03993,-0.38432441814367574
474192.0,314987.0,13737817570.901041,-0.3448485817223791
453162.0,314987.0,13514388397.373266,-0.317583615685915
453162.0,314987.0,13323472557.020834,-0.31676533260601164
453162.0,314987.0,13445829873.748262,-0.3165118776342379
453162.0,314987.0,13442475688.305557,-0.3166093752239955
453162.0,314987.0,13412484482.743057,-0.31769772430629334
453162.0,314987.0,13442662818.576391,-0.316307964096123
453162.0,314987.0,13568693156.831596,-0.30804527565940454
453162.0,333293.0,13807924863.581598,-0.28465610978083755
453162.0,340754.0,14518199302.998262,-0.2372697744308698
453162.0,340754.0,15124765795.159723,-0.22237199878501357
453162.0,340754.0,15884744176.583334,-0.21026311752154592
453162.0,340754.0,16599569779.66493,-0.21515151140374436
469892.5,340754.0,16848244425.748262,-0.24542477159813234
469892.5,340754.0,16827147303.081598,-0.25809511299015336
469892.5,340754.0,16959242133.289932,-0.24867705161560397
469892.5,340754.0,17022127450.734375,-0.24832623756238936
469892.5,340754.0,17005712935.248266,-0.24803886895657434
469892.5,340754.0,16966067834.826391,-0.24694047834964544
469892.5,340754.0,16867728373.083334,-0.24372580984433104
469892.5,337634.0,16743251356.567709,-0.2393406244074432
469892.5,332327.0,16512085514.743057,-0.23237587960753336
469892.5,332327.0,15926358967.581598,-0.2323563769168287
469892.5,332327.0,15326307832.583334,-0.31170645434046174
500799.5,332327.0,15552825015.222223,-0.4202519356957452
511693.0,362977.0,16809567515.623262,-0.4287136195801042
517571.0,362977.0,17491521527.805557,-0.4416785648545549
520497.5,421351.0,19363531346.16493,-0.34874147521810533
521564.5,428314.0,21246976978.5,-0.2887454643282083
525683.5,435209.0,23158105250.07639,-0.2542062552703316
533883.0,442010.0,25062800015.498264,-0.2349410796633861
542353.0,442399.0,26802504786.909718,-0.22672474608699214
542353.0,468041.0,28765443233.914932,-0.2002921203015556
542353.0,468041.0,29955755573.805553,-0.20658240447230736
543738.5,468041.0,30583003250.12326,-0.22958203726405338
543738.5,468041.0,31349195512.07639,-0.24981119891935505
550842.0,468041.0,32123248739.081593,-0.27451938277270704
580139.0,468041.0,32374446116.16493,-0.31662121920183434
580139.0,468041.0,32102367701.416668,-0.34882284436876354
580139.0,468041.0,31649141656.539932,-0.3577848455381972
580139.0,468041.0,31333852688.401043,-0.3566832047460652
580139.0,468041.0,31107738023.78993,-0.35379450220649283
580139.0,468041.0,30872944412.32639,-0.349787358216093
580139.0,468041.0,30634525306.333332,-0.3453143568402069
580139.0,457546.0,30414183528.37326,-0.34092213227393553
580139.0,457546.0,30199344622.234375,-0.337455042229936
580139.0,457546.0,29932493535.66493,-0.3391635235558569
580139.0,457546.0,29772037034.067707,-0.35322776640161646
580139.0,457546.0,29817765459.28993,-0.3701222641916441
580139.0,457546.0,29983050721.32639,-0.37460770139067573
604904.0,457546.0,30679747941.63889,-0.3950493081129319
604904.0,457546.0,30639743155.3316,-0.3953547791038259
604904.0,457546.0,30302810592.666668,-0.3971745772502732
604904.0,457546.0,30233665549.164932,-0.39836501714566386
604904.0,457546.0,30056641099.32639,-0.401841337184021
604904.0,457546.0,29957558510.75,-0.40403274035081316
604904.0,456054.0,29932057422.888885,-0.4049857638349474
604904.0,456054.0,29922464380.776043,-0.40515546910245437
604904.0,456054.0,29968140495.8316,-0.4057938662246851
604904.0,456054.0,29869982101.243053,-0.4052825591244681
603249.0,456054.0,29629268802.57639,-0.40273958361190554
601815.5,456054.0,29613568000.609375,-0.4012805846785006
601815.5,456054.0,29598711515.91493,-0.4038574558664043
601815.5,456054.0,29620217499.493053,-0.40331662463439827
601815.5,456054.0,29600210285.222218,-0.40325772044442904
601815.5,456054.0,29542050787.083332,-0.4024938456909827
601815.5,456054.0,29484395362.831593,-0.40150998932035736
601815.5,456054.0,29438595967.414932,-0.40067623686206755
601815.5,453410.0,29383604816.03993,-0.399644050700135
601815.5,453410.0,29302864358.159725,-0.3985316117133408
601815.5,453410.0,29277845323.901043,-0.3988174706722076
601815.5,453410.0,29251102837.916668,-0.4016557144593227
601815.5,453410.0,29257334590.026043,-0.4030889090581111
601815.5,453410.0,29244973807.526043,-0.40286621915324106
601815.5,453410.0,29126171450.576385,-0.4030986103062259
601815.5,453410.0,29113860599.248264,-0.4032429948976531
601000.0,453410.0,28840401831.276043,-0.4007473364436054
601000.0,453410.0,28643939879.78993,-0.4040754577763397
601000.0,453410.0,28440345426.576385,-0.4076293690322714
601000.0,453410.0,28326160565.317707,-0.41039937607142163
601000.0,430876.0,27956343667.831593,-0.42500874194337845
601000.0,430876.0,27703489667.901043,-0.43031777968745166
587584.0,430876.0,27338047022.41493,-0.4230113522615921
587584.0,430876.0,27233879368.99826,-0.42285981289487223
587584.0,430876.0,27226898356.692707,-0.4227873460678792
585133.0,430876.0,27199189699.567707,-0.42034503991383215
585133.0,430876.0,27221484169.456593,-0.4158390613128247
585133.0,430876.0,27234161210.776043,-0.4154980507229015
585133.0,430876.0,27259537892.373264,-0.4155969352450075
585133.0,430876.0,27294534590.243053,-0.41611020194364884
585133.0,430876.0,27340021999.409718,-0.41696344207462005
585133.0,432294.0,27380224407.28993,-0.4177534387662013
585133.0,432294.0,27406089619.831593,-0.41826026951193546
585133.0,432294.0,27445197876.75,-0.41878553804287194
585133.0,432294.0,27473796851.4566,-0.41837988014851585
585133.0,432294.0,27560003665.666668,-0.4084561763672705
585133.0,432294.0,27525629244.909725,-0.4014643978641519
585133.0,432294.0,27274082468.354168,-0.3964525831700261
579462.5,432294.0,26671084429.49826,-0.3874402400251075
579462.5,432294.0,26225677648.826385,-0.39366037882420846
579462.5,432294.0,26418580056.12326,-0.39319657449570844
579462.5,432294.0,26170968466.37326,-0.39811572861387245
579462.5,432294.0,25982813286.555557,-0.40227668725300164
579462.5,432294.0,25664947922.484375,-0.4118446409686467
579462.5,411543.0,25340218225.4375,-0.4260862941636798
579462.5,411543.0,24963977840.081593,-0.4339452068753029
579462.5,411543.0,24938491669.956593,-0.43327397846507504
579462.5,411543.0,24574668511.859375,-0.43137476629926436
579462.5,411543.0,24276286645.484375,-0.4295320140149358
567339.5,411543.0,24140122119.734375,-0.41731918554225883
567339.5,411543.0,24201519856.24826,-0.4031515010749057
567339.5,436612.0,25975698613.07639,-0.40949451457516106
567339.5,436612.0,26274523448.909718,-0.40982362577104997
567339.5,436612.0,26638154700.0816,-0.4142074078751973
567339.5,436612.0,26977136668.859375,-0.4191479482709231
567339.5,436612.0,27213173448.456593,-0.42220397392457043
567339.5,436612.0,27500709975.581593,-0.42577395718086114
567339.5,436612.0,27742011937.888885,-0.42694475180186814
567339.5,436612.0,27938784003.909718,-0.4221141788608942
567339.5,436612.0,27920438043.6875,-0.4250085927426144
567339.5,436612.0,27916015655.38889,-0.4244616478678463
567339.5,436612.0,28013710962.28993,-0.4251611821345911
571532.0,436612.0,28558573977.956593,-0.42728746668742446
571532.0,436612.0,28758498060.8316,-0.4245047091124865
571532.0,436612.0,28699151373.82639,-0.4253479754726948
571532.0,436612.0,28549597185.104168,-0.42763500955044853
571532.0,436612.0,28299628641.493057,-0.43169434724028377
571532.0,436612.0,28040997869.539932,-0.4370465930293836
571532.0,424232.0,27849227327.942707,-0.44377311050635193
571532.0,424232.0,27604794635.567707,-0.44530003488595815
555614.5,424232.0,27337417500.055557,-0.43668062849694317
549126.0,424232.0,26972838937.409718,-0.4228292604814246
540890.0,424232.0,26501818195.317707,-0.40089494451726193
534975.0,424232.0,26298552052.317707,-0.3690638263424606
534975.0,424232.0,26365859737.13889,-0.35421763715212323
534975.0,414870.0,24810709868.493053,-0.35569944988806595
534975.0,414870.0,24635013217.25,-0.3549271299894546
534975.0,414870.0,24400656024.138885,-0.35049154813248096
534975.0,414185.0,24241656361.055557,-0.3464270525672367
534975.0,414185.0,24214000136.706593,-0.3456990717597692
534975.0,411330.0,24159568307.6875,-0.3441921720099686
534975.0,411330.0,24275078742.748264,-0.3467640758946236
534975.0,411330.0,24806218523.956593,-0.3461092314845883
534975.0,411330.0,25421817525.956593,-0.2922946157721405
514637.0,411330.0,25301178074.998264,-0.21763837066857572
491630.5,411330.0,24419925650.722225,-0.16322225032357277
491630.5,411330.0,23188409239.7066,-0.1307505443484796
491630.5,411330.0,21769056710.3316,-0.11566276289820683
491630.5,411330.0,20435500190.32639,-0.10665436087284261
491630.5,411330.0,19092206571.78993,-0.10962966868423968
491630.5,411330.0,17758690454.7066,-0.12570825484102968
491630.5,411330.0,16334654981.998266,-0.17593276916948525
491630.5,361812.0,14630008080.854166,-0.338920339081873
491630.5,314718.0,13758949041.222221,-0.4218478411278371
484112.5,301741.0,13046907127.248266,-0.4373279202987421
484112.5,293419.0,12580885219.854166,-0.4561401888687435
483808.0,293419.0,12213674645.305555,-0.4626900965245535
470862.5,293419.0,12043095055.901041,-0.447877242222655
470862.5,293419.0,12045113575.901041,-0.4313720864973218
470862.5,293419.0,12016762028.706596,-0.43568268453747444
470862.5,293419.0,11933258166.333334,-0.43778073573773474
470862.5,293419.0,11891153396.020834,-0.43693624192910624
470862.5,293419.0,11828205551.888891,-0.43440149265625694
470862.5,293419.0,11757992168.583334,-0.4310288571644786
470862.5,289131.0,11683689879.520834,-0.42718179245373006
470862.5,287929.0,11645834037.805557,-0.42535622674387785
470862.5,287929.0,11682363758.581596,-0.42594169942357296
470862.5,287929.0,11815060540.081598,-0.4092714806414242
470862.5,287929.0,11803098811.854166,-0.37575947646883595
462911.5,287929.0,11670663484.66493,-0.36317948324582894
462911.5,287929.0,11548190030.831596,-0.3617829999573368
462911.5,287929.0,11445657825.826387,-0.3630572085936796
462911.5,287929.0,11361660798.75,-0.3648014609087029
462911.5,287929.0,11339991767.4375,-0.3655425061591319
462911.5,287929.0,11320568439.16493,-0.3661970974301336
462911.5,287929.0,11445078522.604166,-0.35817084506764163
462911.5,304676.0,11641346181.16493,-0.335387646131144
462911.5,316129.0,11984499538.659721,-0.29576201691644394
462911.5,316129.0,12644421505.248262,-0.28038074062771284
462911.5,316129.0,13295175897.609375,-0.25564162655026557
462911.5,317823.0,14078163560.234375,-0.24055151221677462
476479.0,317823.0,14364216961.484375,-0.2706512722187372
476479.0,317823.0,14359704995.055555,-0.2739196664861249
476479.0,317823.0,14527240887.956598,-0.26042827918208805
476479.0,317823.0,14646413561.706596,-0.25970789965120805
476479.0,317823.0,14697122012.993057,-0.2609598992143726
476479.0,317823.0,14708695287.326387,-0.2613720732960696
476479.0,317823.0,14699174274.789932,-0.26100186102918344
476479.0,316244.0,14668097564.789932,-0.259777540483937
476479.0,316244.0,14541091447.456598,-0.2554648835482976
476479.0,316244.0,14099392286.805557,-0.25765533949462444
476479.0,316244.0,13657718983.748266,-0.3396968083921066
493852.0,316244.0,13995450413.805557,-0.4333317749151594
500070.5,361720.0,15338948021.326387,-0.39670457059195646
505787.0,396177.0,17078428767.28993,-0.31708817540068346
509980.5,410719.0,18944569757.40972,-0.25636009469281906
512487.5,414701.0,20769407727.07639,-0.2294492227546545
520296.5,416281.0,22494545495.609375,-0.22368248371761795
528234.0,416281.0,24054782603.805553,-0.24122563255025545
540898.5,416281.0,25436792429.888885,-0.25754239500641707
540898.5,440380.0,27099307911.956593,-0.24798810234048901
540898.5,440380.0,28074012096.9566,-0.2600767366622082
546244.5,440380.0,28479863837.99826,-0.28179645294648675
549529.0,440380.0,28973147786.916668,-0.30108194959205836
567528.5,440380.0,29516302749.493053,-0.31874454475696334
591858.0,440380.0,29745195779.638885,-0.3545696390034459
591858.0,440380.0,29507536222.28993,-0.3823885050075989
591858.0,440380.0,29250173686.388885,-0.38721762105978375
591858.0,440380.0,29170440951.567707,-0.38688892441622946
591858.0,440380.0,29128752675.743053,-0.3863160873635829
591858.0,440380.0,29077691587.520832,-0.3854448335531517
591858.0,439719.0,29002452628.067707,-0.3841003345929726
591858.0,436675.0,28919972348.63889,-0.38262954172424424
591858.0,436675.0,28775265643.1875,-0.3806828182512904
591858.0,436675.0,28573259645.409718,-0.3828672643302098
591858.0,436675.0,28422065985.87326,-0.3993182904240943
591858.0,436675.0,28472631289.388885,-0.4124357401869612
591858.0,436675.0,28554810242.576385,-0.413867486423249
591858.0,436675.0,28600224730.138885,-0.4134800858817037
591858.0,436675.0,28505134383.484375,-0.4148993915867767
591858.0,436675.0,28322081732.659718,-0.41785582183586334
591858.0,436675.0,28129785461.82639,-0.421325901165318
591858.0,437167.0,28561743089.472225,-0.40916729992068473
591858.0,437167.0,28325485150.659725,-0.4118323482185239
591858.0,437167.0,28233564750.16493,-0.4150258090539464
591858.0,437167.0,28075478024.0816,-0.41683359933797137
598682.0,437167.0,28202452049.914932,-0.41966238601014244
598682.0,437167.0,28267923294.138885,-0.4204082443433279
598682.0,437167.0,28267171839.520832,-0.4204035176019817
597977.5,437167.0,28259104715.2066,-0.4197107035471887
597977.5,437167.0,28243190022.206593,-0.422343926060058
597977.5,437167.0,28190676580.53993,-0.4236110838018006
597977.5,437167.0,28162086886.234375,-0.4234872600916137
597977.5,437167.0,28082295735.859375,-0.4223458067526409
597977.5,437167.0,28014503639.734375,-0.42112748759954755
597977.5,436138.0,27975185433.16493,-0.4203870017475304
597977.5,435412.0,27960448217.99826,-0.4201105388733845
597977.5,435412.0,27927005525.442707,-0.4196842450615907
597977.5,435412.0,27883458315.567707,-0.42033817911756405
597977.5,435412.0,27857770120.409718,-0.42382904114391046
597977.5,435412.0,27860612771.57639,-0.4243686486507334
597977.5,435412.0,27894975023.956593,-0.4247435667946157
597977.5,435412.0,27948274542.734375,-0.42404961068010905
597977.5,435412.0,28098678209.859375,-0.4214225265415869
597977.5,435412.0,28084571079.0,-0.4215772998615582
597977.5,435412.0,27990597049.581593,-0.422488371044172
597977.5,429105.0,27778222822.722218,-0.42967108763426515
597977.5,429105.0,27851726001.805553,-0.429040727130729
597977.5,421615.0,27692378666.472225,-0.4341102312876288
597977.5,421615.0,27797118183.055557,-0.43298419366479174
595613.0,421615.0,27752000099.456593,-0.4321654293876479
595183.5,421615.0,27616671719.53993,-0.4302599138207804
595183.5,421615.0,27451567254.12326,-0.42827920951697
591251.5,421615.0,27409303141.817707,-0.4242302028274706
591251.5,421615.0,27418904220.159718,-0.4225755349345107
591251.5,421615.0,27394063808.609375,-0.42321378554310773
591251.5,421615.0,27389985907.409718,-0.4231929255992178
591251.5,421615.0,27478744457.055553,-0.42457902184671753
591251.5,424315.0,27577321245.901043,-0.4264388318458833
591251.5,424315.0,27629938427.993053,-0.4274342508079634
591251.5,424995.0,27698386667.159725,-0.4287279198329621
591251.5,424995.0,27755844265.276043,-0.4294216215159804
591251.5,424995.0,27761685959.854168,-0.42931960268399466
591251.5,424995.0,27882702568.776043,-0.41420822771620985
591251.5,424995.0,27857862012.651043,-0.4095146548668753
591251.5,424995.0,27831398154.32639,-0.40930729966154933
591251.5,424995.0,27738645876.993053,-0.4106502458956316
591251.5,424995.0,27590854760.734375,-0.41379433277467986
591251.5,424995.0,27594454179.24826,-0.41373954658469386
591251.5,424995.0,27712979678.081593,-0.41205255859981693
567877.5,421877.0,26504743353.91493,-0.40856852957558465
567877.5,421877.0,26468377389.109375,-0.40924421004200673
567877.5,413503.0,26342885090.331593,-0.4136261424346782
567877.5,413503.0,26113988235.409725,-0.41758793715173687
567877.5,413503.0,26088102362.53993,-0.4173347243572633
567877.5,413503.0,26638200945.166668,-0.41189761094125177
567877.5,413503.0,26443341309.576385,-0.40739252600164605
559181.5,413503.0,26356654146.57639,-0.39782136691328074
559181.5,413503.0,26417383723.78993,-0.38716724403332786
559181.5,413503.0,26535780638.873264,-0.38406034324138044
559181.5,413503.0,26634999112.805553,-0.38462036520590687
559181.5,413503.0,26681273370.0,-0.3854062565590918
559181.5,415543.0,26734872972.222218,-0.38651973623695757
559181.5,430027.0,27089064385.555557,-0.39476206069913333
559181.5,430027.0,27228146837.743053,-0.39751930838189564
559181.5,430027.0,27367036094.873264,-0.39924398732558397
559181.5,430027.0,27505511207.331593,-0.39666828529514325
559181.5,430027.0,27444524317.826385,-0.40496832313432396
559181.5,430027.0,27465574036.859375,-0.408142600237326
559181.5,430027.0,27447380768.2066,-0.4081145713966547
559181.5,430027.0,27411108847.99826,-0.4087593446970648
559181.5,430027.0,27422468274.067707,-0.4084882932127214
559181.5,430027.0,27616755691.07639,-0.40365853844449245
559181.5,430027.0,27064796993.333332,-0.40796400442117553
571861.0,430027.0,27572111745.37326,-0.4216297445282458
571861.0,430027.0,27814291646.020832,-0.41621747768681233
558003.5,428234.0,26708069882.909718,-0.411904034494972
558003.5,428234.0,26293368224.526043,-0.41148103025004484
558003.5,428234.0,26143742013.276043,-0.40963103920099914
546014.0,428234.0,24936643036.305557,-0.393498636200385
539816.5,428234.0,24478462751.243057,-0.36366180490277344
530914.5,428234.0,24293993639.8316,-0.3283892691865046
530914.5,428234.0,24370934403.789932,-0.3140862347212868
530914.5,428234.0,24393140075.222218,-0.3134382831355184
530914.5,428234.0,24413338674.901043,-0.31357979868772506
530914.5,428234.0,24488274405.805557,-0.31508809423588563
530914.5,428234.0,24610477158.164932,-0.31813695641692186
530914.5,423952.0,24527530030.651043,-0.3156461831021622
530914.5,423952.0,24626716826.5816,-0.3183502786364469
530914.5,423952.0,24875126626.498264,-0.32356308671719175
530914.5,423952.0,25812052667.234375,-0.32425622657636904
530914.5,423952.0,26351631752.456593,-0.2693250584799352
510482.5,423952.0,26140761678.567707,-0.19804325224621436
497060.0,423952.0,25092168827.82639,-0.15305995605968165
497060.0,423952.0,23691503639.41493,-0.13500035180091574
497060.0,423952.0,22081865908.956596,-0.1417139233676589
497060.0,422765.0,20247362788.276043,-0.18336862030457257
497060.0,422765.0,19335065322.651043,-0.18851872370040496
497060.0,422765.0,18209076842.151043,-0.2170822292160776
497060.0,355616.0,16376945114.743057,-0.3587716065758042
497060.0,355616.0,16289059432.78993,-0.3623824347425822
497060.0,353653.0,15665339473.539932,-0.40363049762716974
497060.0,313458.0,14792872185.388891,-0.4583603363432613
497060.0,313458.0,14579806518.039932,-0.4588759551286908
496624.0,313458.0,14374368162.159721,-0.45567676281713415
482771.0,313458.0,14240185406.722223,-0.439987698673438
482771.0,313458.0,14242454877.326391,-0.43543209438585057
482771.0,313458.0,14102256093.91493,-0.45451764285068663
482771.0,313458.0,13969389487.159723,-0.45767444751990394
482771.0,313458.0,13913341333.222223,-0.4566925871017257
482771.0,313458.0,13894046764.151041,-0.4560293978071284
482771.0,313890.0,13900407653.651041,-0.4562871887159118
482771.0,315288.0,13927628883.151041,-0.457406439426507
482771.0,315288.0,13967895875.331598,-0.45880696826572637
482771.0,315288.0,13873892256.326391,-0.456929819715467
482771.0,315288.0,14094981458.055557,-0.43146735031288647
482771.0,315288.0,14090029944.123266,-0.3907323976650685
469663.5,315288.0,13940814950.159723,-0.37730682915168434
469663.5,315288.0,13895431228.472223,-0.3771134271140626
469663.5,315288.0,14015933753.583334,-0.3737493213138459
469663.5,315288.0,14178195257.41493,-0.36877510529945456
469663.5,315288.0,14260983658.409721,-0.3662037080536774
469663.5,315288.0,14361856640.067709,-0.3627503716191659
469663.5,315288.0,14501373829.567709,-0.3559110396121698
469663.5,332931.0,14717552497.770834,-0.3394077373871883
469663.5,339569.0,15114698806.442709,-0.31240839761995254
469663.5,339569.0,15552955152.567709,-0.30150286208223054
469663.5,339569.0,16230279729.909721,-0.2906348344728856
469663.5,339569.0,16891901477.916666,-0.2944129013112671
492460.0,339569.0,17128380404.026041,-0.32469253727041036
492460.0,339569.0,17121293786.289932,-0.3292772546164239
492460.0,339569.0,17326342341.651043,-0.3109893239733911
492460.0,339569.0,17464359414.159725,-0.30916480003356667
492460.0,339569.0,17477648775.66493,-0.30936010229264665
492460.0,339569.0,17423504632.539932,-0.30794133061306855
492460.0,339569.0,17339204997.055553,-0.3052840010643717
492460.0,335748.0,17224978683.331593,-0.30148970022850025
492460.0,332654.0,17009236052.0,-0.29548973369362436
492460.0,332654.0,16454866780.359375,-0.2970216215568039
492460.0,332654.0,15902867634.75,-0.37912579257475176
513893.0,332654.0,16147141495.159723,-0.4783949869255799
521761.5,362907.0,17285249662.13889,-0.4775430071779588
532746.0,399021.0,18764684790.055557,-0.4223708680077099
533997.0,416875.0,20340953879.567707,-0.35960934155902496
533997.0,421365.0,21902909147.409725,-0.3177921547407862
535816.0,424523.0,23472953124.623264,-0.29650891249373085
541605.5,426939.0,24999162848.82639,-0.2886832540287711
547397.5,436990.0,26566218299.99826,-0.2811497877166208
547397.5,436990.0,27711678577.664932,-0.2813912908843412
547397.5,436990.0,28804741550.0,-0.28387281944038306
550875.0,436990.0,29523560662.305557,-0.304549104627162
550875.0,436990.0,30271000471.888885,-0.3204982494932903
571501.5,436990.0,30970045739.416668,-0.3405183276539879
600594.0,436990.0,31250972914.305553,-0.3815385263540152
600594.0,436990.0,31037313779.151043,-0.40782208957962857
600594.0,436990.0,30842457300.472218,-0.4120665472152033
600594.0,436990.0,30713161933.41493,-0.41182580839575117
600594.0,436990.0,30551964692.5,-0.4100607361183715
600594.0,436990.0,30369198985.305557,-0.40730091895543435
600594.0,436458.0,30160798134.1875,-0.40373215121270367
600594.0,427032.0,29958304969.734375,-0.40012956384725573
600594.0,427032.0,29727936708.123264,-0.3970227210278283
600594.0,427032.0,29439196924.78993,-0.3998821752853311
600594.0,427032.0,29288680590.41493,-0.4159671165607068
600594.0,427032.0,29351224491.609375,-0.43263736738697584
607062.5,427032.0,29468879880.888885,-0.4356386582510723
607062.5,427032.0,29470993493.081593,-0.43563818626358514
607062.5,427032.0,29425853248.109375,-0.43616210758737484
607062.5,427032.0,29364345242.805553,-0.43704966789412986
607062.5,427032.0,29206681422.248264,-0.43936558777497375
607062.5,427032.0,29041167705.805557,-0.44217113663236146
607062.5,415835.0,28877024149.859375,-0.4461661966043194
591756.5,415835.0,28041941614.91493,-0.4417739661563275
591756.5,420203.0,28104720042.748264,-0.44010064918958164
591756.5,420203.0,28230266316.359375,-0.43944194376070594
591756.5,420203.0,28271588510.138885,-0.4390518467444709
591756.5,420203.0,28308253647.692707,-0.43884779742299507
592495.0,420203.0,28317941641.993053,-0.43947952035808957
592495.0,420203.0,28281209990.25,-0.4464819869966194
592495.0,420203.0,28097719635.91493,-0.45165273071306916
592495.0,420203.0,27836547551.123264,-0.451411733018928
592495.0,420203.0,27546616841.472225,-0.4480623823497969
592495.0,420203.0,27228349208.9566,-0.4427902963990672
592495.0,419954.0,26888592900.493053,-0.43628927810343887
592495.0,407104.0,26559729929.109375,-0.4294269369829312
592495.0,403641.0,26203768384.63889,-0.4239407050025168
592495.0,403641.0,25916393034.576385,-0.42818913217235516
592495.0,403641.0,25802560291.409725,-0.4458162757340604
592495.0,403641.0,25872449397.37326,-0.4566519611592121
592495.0,403641.0,26096058694.456593,-0.4579085139285763
592495.0,403641.0,26408483705.859375,-0.45329891946471806
592495.0,406250.0,26661944742.63889,-0.4479176759031075
592495.0,406250.0,26847631023.354168,-0.44414086696881727
592495.0,406250.0,27098734318.416668,-0.43963026601070715
592495.0,406250.0,27322798006.651043,-0.4357710259550363
592495.0,412247.0,27502279101.901043,-0.431801574133055
618757.0,437777.0,28821274763.888885,-0.4308221834659611
618757.0,437777.0,28638701969.63889,-0.4324528623561604
610741.0,437777.0,28430393553.4566,-0.42935582945295364
610741.0,437777.0,28258890715.41493,-0.4277076131539634
610336.5,437777.0,28067636133.91493,-0.4248948795420176
606542.5,437777.0,28029172377.484375,-0.42084933089621607
606542.5,437777.0,28063388069.66493,-0.4158142036690895
606542.5,437777.0,28173897870.222225,-0.4136560121577065
606542.5,437777.0,28309967120.805553,-0.41459221429621534
606542.5,437777.0,28472441953.409718,-0.41712028305859544
606542.5,443483.0,28627322075.555553,-0.4199025896343899
606542.5,444928.0,28781058805.409718,-0.4226632704503427
606542.5,444928.0,28921861591.9566,-0.4251024949579961
606542.5,444928.0,29077446136.916668,-0.42665863681374194
606542.5,444928.0,29201658055.901043,-0.42436631811361186
606542.5,444928.0,29245401976.276043,-0.417808802491385
606542.5,444928.0,29211681366.409725,-0.41279351060986136
606542.5,444928.0,29120144442.6875,-0.41183951035294797
606542.5,444928.0,28957103802.638885,-0.41333344902884733
606542.5,444928.0,28731590950.859375,-0.416517760148296
606542.5,444928.0,28379623455.25,-0.42031702939943755
606542.5,444928.0,28143335635.331593,-0.4242042217475707
606542.5,444928.0,27841478463.24826,-0.42907627134257326
606542.5,444928.0,27646636761.37326,-0.43395632753092195
606542.5,425376.0,27332922273.706593,-0.4466486827006781
606542.5,425376.0,27115597499.666668,-0.44896514444232116
602103.0,425376.0,27021738675.555553,-0.44761359392001476
602103.0,425376.0,26928041463.888885,-0.4469826449795731
602103.0,425376.0,26896237364.993057,-0.44662753696742324
598560.0,425376.0,26857914382.472225,-0.4430236263683663
598560.0,425376.0,26858563236.472218,-0.4429096971022685
598560.0,425376.0,26812348600.359375,-0.44407904479019866
598560.0,425376.0,26768270433.57639,-0.4438876937455965
598560.0,425376.0,26683949384.664932,-0.44266736619867625
598560.0,425376.0,26609459258.388885,-0.4413049026108976
598560.0,425096.0,26541132909.916668,-0.4399743227707376
598560.0,422465.0,26488638581.276043,-0.4389324400616723
598560.0,422465.0,26445007992.66493,-0.43836950047519607
598560.0,422465.0,26368620036.0,-0.4398650049495444
598560.0,422465.0,26340088189.78993,-0.4449149023412713
598560.0,422465.0,26366043301.289932,-0.4483206176889145
598560.0,422465.0,26416958100.25,-0.4483225213538795
598560.0,422465.0,26514611218.25,-0.4464508491307667
598560.0,422465.0,26635675719.5,-0.44381271726658195
598560.0,422465.0,26698440530.49826,-0.4431650889423032
598560.0,422465.0,26603137747.026043,-0.4445031954135676
598560.0,422465.0,26714840316.354168,-0.4426884323220043
598560.0,422465.0,26607470516.456593,-0.44502058476723655
598560.0,402545.0,26074888044.104168,-0.4595005487483447
598560.0,402545.0,25999966904.104168,-0.4598582501583478
584604.0,402545.0,25770936732.604168,-0.4524029446833717
579649.0,402545.0,25395684655.28993,-0.4404850661522533
571710.0,402545.0,24939799089.555557,-0.4217351072169036
569581.0,402545.0,24763709170.734375,-0.3901054370101783
569581.0,402545.0,25000057636.456593,-0.3576735808729473
569581.0,402545.0,25243973393.692707,-0.3530118679386722
569581.0,402545.0,25492387392.083332,-0.3557119721015908
569581.0,407744.0,25764385276.722218,-0.3610402332501934
569581.0,418226.0,26113386940.75,-0.36892209963654676
569581.0,419723.0,26458178224.4566,-0.3763372566066857
569581.0,419723.0,26785445664.25,-0.3828018008907144
569581.0,419723.0,27246397714.6875,-0.38873459238021624
569581.0,419723.0,28086719853.123264,-0.3786435264202391
569581.0,419723.0,28762592135.706593,-0.31163674202984976
547023.5,419723.0,28536711783.25,-0.23732276182712553
516013.5,419723.0,27467411038.706593,-0.1844702305854997
498909.0,419723.0,25898474897.831593,-0.12935412682044758
498909.0,412690.0,24233609480.706593,-0.11122250858707025
498909.0,412690.0,22757573630.776043,-0.09213982688022232
498909.0,412690.0,21238210928.526043,-0.08361003833685818
498909.0,411722.0,19460718534.47222,-0.1092562600599015
498909.0,400666.0,17665396502.666668,-0.17303946522791663
498909.0,385662.0,16241850394.222223,-0.26632018846509575
498909.0,339022.0,15064698442.456598,-0.3647711733603881
498909.0,329112.0,14336915148.081596,-0.40367516682475185
498909.0,313234.0,13651939574.805555,-0.4405512813002482
498379.5,298641.0,13070306623.359375,-0.4661300939646347
481765.5,298641.0,12767499414.234375,-0.45105735848436684
481765.5,298641.0,12772504398.581596,-0.4452505054637353
481765.5,298641.0,12903911058.972221,-0.43466189664178745
481765.5,298641.0,13062628080.901041,-0.4352064049550294
481765.5,301409.0,13260883855.826391,-0.44103384099650733
481765.5,308393.0,13419791975.498266,-0.44715826199160347
481765.5,311702.0,13606361399.166666,-0.45433178603679913
481765.5,311743.0,13797546316.373266,-0.4609419469927368
481765.5,311743.0,14022886177.484375,-0.4665847743446509
481765.5,311743.0,14316261719.222223,-0.46385918873143434
481765.5,311743.0,14539390456.888887,-0.4307880539128398
481765.5,311743.0,14473235348.659723,-0.38512218426383926
470661.5,311743.0,14224809357.770834,-0.3683188983766964
470661.5,311743.0,14226550579.289932,-0.3684254535670314
470661.5,311743.0,14059741429.826387,-0.36851726240939825
470661.5,311743.0,13934576848.472223,-0.368825161922114
470661.5,311743.0,13858382983.817709,-0.36946390099372356
470661.5,311743.0,13843975048.248266,-0.36976605250527517
470661.5,311743.0,13933322289.0,-0.3660265028680645
470661.5,321247.0,14066846731.234375,-0.3546348112650327
470661.5,321247.0,13993738805.123266,-0.3600048719076396
470661.5,338045.0,14627597315.409721,-0.31465730586744295
470661.5,338045.0,14935187845.743057,-0.30646115343000674
470661.5,338045.0,15442648041.692709,-0.296649220415221
478553.5,338045.0,15599418015.083334,-0.31113713991411557
478553.5,338045.0,15607763754.067709,-0.30336128262819645
478553.5,338045.0,15586219465.192709,-0.3048415713196457
478553.5,338045.0,15503204949.442709,-0.3051204583016797
478553.5,338045.0,15369101127.456596,-0.30228704724216204
478553.5,338045.0,15226237562.151041,-0.2977623280934594
478553.5,338045.0,15046434789.888891,-0.29113874226827774
478553.5,335218.0,14853791861.164932,-0.2835283054080138
478553.5,325357.0,14526992254.666666,-0.2724584544888602
478553.5,325357.0,13917517271.159721,-0.27602173063679447
478553.5,325357.0,13492740260.456596,-0.37886631914935254
495627.5,325357.0,14013795085.270834,-0.46257187891667306
502151.0,388026.0,15743740347.722223,-0.37236077867117984
503954.0,414658.0,17772526366.998264,-0.2724467824053973
507537.0,429189.0,19912367803.493053,-0.20018288487086477
514675.5,429189.0,21723211104.32639,-0.18865289196723506
527670.0,429189.0,23557693902.13889,-0.19006504159271934
541306.5,429189.0,25301811310.805557,-0.20234093115035537
548027.5,442226.0,27135279432.12326,-0.20846412827298444
548027.5,467869.0,29203491636.498264,-0.1938512254044883
548178.5,467869.0,30679990978.373264,-0.22175977273372058
548178.5,467869.0,31389278856.055553,-0.24120172321943328
553183.0,467869.0,32402563681.305553,-0.27967497878126546
595656.0,467869.0,33272628819.416668,-0.31388487717802926
616427.0,467869.0,33507954585.576385,-0.36660011156042266
616427.0,467869.0,33091681159.789932,-0.40657191448939106
616427.0,467869.0,32596604403.901043,-0.415607848374707
616427.0,467869.0,32167948906.993053,-0.4146137591778804
616427.0,467869.0,31759478454.388885,-0.4102312208486149
616427.0,467869.0,31363317624.7066,-0.40426630014759257
616427.0,467018.0,30972781265.854168,-0.3976531214335887
616427.0,453741.0,30544975115.12326,-0.390035054063554
616427.0,449492.0,30172950526.722218,-0.38477158970566655
616427.0,449492.0,29753686698.748264,-0.388823809335251
616427.0,449492.0,29825967590.24826,-0.3828065942170318
616427.0,449492.0,29906071243.555553,-0.39974248402456547
620665.0,449492.0,29993694895.472218,-0.4009606518036825
620665.0,449492.0,30069079174.583332,-0.40058397174952054
620665.0,449492.0,30087159875.743057,-0.400354925104215
620665.0,449492.0,30034427298.972218,-0.4005345909340735
620665.0,449492.0,29974574603.243053,-0.4010673549383313
600887.0,449492.0,29229297804.123264,-0.39268137539663694
580785.5,449492.0,29334222052.6875,-0.22679179533397456
580785.5,444683.0,29247708969.234375,-0.22987959597830465
580785.5,444683.0,29200784119.493053,-0.23077852769954424
580785.5,444683.0,29144930306.123264,-0.23052835395884408
580785.5,444683.0,29002799403.104168,-0.23084425366371072
580785.5,444683.0,28881329529.159718,-0.23085399681505184
581824.5,444683.0,28895905450.916668,-0.23183232359910494
581824.5,444683.0,28887068822.151043,-0.23375582295182434
581824.5,444683.0,28831448393.722218,-0.23509610856582538
581824.5,444683.0,28771785217.706593,-0.2347889091998983
581824.5,444683.0,28842248806.873264,-0.23595313215270375
581824.5,446497.0,28901375369.998264,-0.2371295663669626
581824.5,446497.0,28932785357.66493,-0.23775593295682568
581824.5,446497.0,28962676681.123264,-0.2383095729668337
581824.5,446497.0,28917613603.520832,-0.23776906911574155
581824.5,446497.0,28921116152.020832,-0.2377019069652885
581824.5,446497.0,28718523303.40973,-0.2651539120095156
580199.5,446497.0,28700906870.25,-0.2633529252680785
580199.5,446497.0,28633053050.03993,-0.26312216625874596
580199.5,446497.0,28557633989.493053,-0.264131501243674
580199.5,446497.0,28381165573.164932,-0.26730574238331206
580199.5,446497.0,28236174051.276043,-0.2685096765438012
580199.5,446497.0,28051681425.993053,-0.27097413731939635
580199.5,446497.0,28716809317.24826,-0.2756519531482731
618872.5,446497.0,28460974530.0,-0.44477063147982016
618872.5,440774.0,28368188137.081593,-0.448367873064226
618872.5,440774.0,28217870958.833332,-0.45121588022651005
615692.5,440774.0,28132429783.520832,-0.4504505637045496
615692.5,440774.0,28013017493.243053,-0.449913468797701
614571.0,440774.0,27875886732.409718,-0.44886874136249183
614002.0,440774.0,27869312810.666668,-0.44832230070589685
614002.0,440774.0,27870284407.076385,-0.4481556920910238
614002.0,440774.0,27863582522.25,-0.44832962440099755
614002.0,440774.0,27832658671.37326,-0.44826080955908343
614002.0,440774.0,27666995589.706593,-0.445912035522175
614002.0,440592.0,27482597328.942707,-0.4425278328382743
614002.0,437851.0,27301914874.831593,-0.43905993191572146
614002.0,445953.0,27470188294.817707,-0.44275847624019277
614002.0,445953.0,27695349709.74826,-0.4459875822109209
614002.0,445953.0,27853277681.666668,-0.44350159719504423
614002.0,445953.0,27907668966.651043,-0.43541392493371167
614002.0,445953.0,27807682867.998264,-0.41150868076781877
603197.5,445953.0,27518798556.37326,-0.40607518223129535
603197.5,445953.0,27356611978.826385,-0.40777296120609263
603197.5,445953.0,27147721599.972218,-0.4103819228326153
603197.5,445953.0,27526211222.03993,-0.4039688683854182
603197.5,458294.0,28439948684.555553,-0.37868335211109494
603197.5,621648.0,33098457021.12326,-0.12498369335396925
603197.5,621648.0,36586950650.984375,-0.024684785903429114
603197.5,621648.0,35537979539.609375,0.005499535958934098
600625.5,621648.0,34922471239.9566,0.03278773644735255
584323.5,621648.0,34499099359.40104,0.06655033792838964
577685.5,621648.0,34015529817.03993,0.10431500748629824
571433.0,621648.0,33532071724.49826,0.1458242474273133
550342.5,621648.0,33332282237.493057,0.20002294545081362
550342.5,621648.0,33784614116.442707,0.23065709745090407
550342.5,621648.0,34511343106.7066,0.22443445200403478
550342.5,626456.0,35364476438.734375,0.20253890323219556
550342.5,643592.0,36230157392.49826,0.17738674649937444
550342.5,649920.0,37106163915.90972,0.1529002915695432
550342.5,649920.0,37966413603.5816,0.1315947112981856
550342.5,657287.0,38722214517.076385,0.11225339261807565
550342.5,657287.0,39465305336.020836,0.09772413279683596
550342.5,657287.0,40078258815.56771,0.0985828538211469
550342.5,657287.0,40333816100.456604,0.12175751252045587
537848.5,657287.0,40283990700.97222,0.13938055560494797
537848.5,657287.0,39948242546.4375,0.15996496750087985
537848.5,657287.0,39352415084.80556,0.18051697911499343
537848.5,657287.0,38785313366.62327,0.1993291044390526
537848.5,657287.0,37736769836.55555,0.22507074466531016
537848.5,657287.0,35914986330.666664,0.2500983312013716
537848.5,629407.0,29505842161.901043,0.0075392048163543815
537848.5,386786.0,23781053927.4566,-0.4289240661040177
537848.5,390689.0,23833147749.555553,-0.4272736119337286
537848.5,390689.0,23408556816.222225,-0.43105325277331713
526282.5,390689.0,23102658892.99826,-0.42373475294582136
517481.0,390689.0,22714358474.75,-0.4096126582865676
512515.0,390689.0,22347674798.484375,-0.3917247183308151
510870.5,390689.0,22250641819.5,-0.37252301952372524
510870.5,390689.0,22258387275.109375,-0.37104939787849633
510870.5,390689.0,22123118152.956596,-0.3757762279694041
510870.5,390689.0,21941263081.442707,-0.375041507577693
510870.5,390689.0,21768686046.243053,-0.37187984183961464
510870.5,390689.0,21590609501.13889,-0.3675858300910315
510870.5,390689.0,21436727295.1875,-0.3636407680120823
510870.5,379808.0,21195137545.331596,-0.35610490624361135
510870.5,382795.0,21248270669.520832,-0.35770455027707243
510870.5,382795.0,21799229099.442707,-0.35874502275216447
510870.5,382795.0,22137391679.498264,-0.31529979621158283
498434.5,382795.0,22013336672.32639,-0.26513511482371765
487722.0,382795.0,21402824022.28993,-0.23327242889935348
487722.0,382795.0,20395503944.16493,-0.21226733910581874
483778.5,382795.0,19257152818.276043,-0.19507218274897486
483778.5,382795.0,18150426207.026043,-0.19446533369534616
483778.5,382795.0,17089495259.493055,-0.20607990572924553
460368.5,382795.0,15718506548.666666,-0.16198177718764303
460368.5,382795.0,14660768897.222223,-0.21728978120750592
460368.5,333444.0,13491005896.651041,-0.3446931440319671
460368.5,303603.0,13072581233.993055,-0.38465612272954947
460368.5,299354.0,12779055446.25,-0.4018233664500055
460368.5,299354.0,12589716549.805555,-0.40884640017715645
460368.5,299354.0,12404127531.206598,-0.41199416057205485
452785.0,299354.0,12320333094.993055,-0.4051860169175726
452785.0,299354.0,12317915716.706598,-0.41204797040196645
452785.0,299354.0,12125627750.53993,-0.4435359799834931
452785.0,299354.0,11819138086.388891,-0.4548383430390348
452785.0,299354.0,11635300297.734375,-0.45133638028986206
452785.0,299354.0,11510268511.326391,-0.446455219908355
452785.0,299354.0,11414039190.16493,-0.44204089154886456
452785.0,299354.0,11335195736.706598,-0.4376789805315682
452785.0,287977.0,11106478984.104166,-0.4238876224138511
452785.0,287977.0,10940292710.41493,-0.4180461234600493
452785.0,287977.0,11043479602.081598,-0.39998239054132295
439482.0,287977.0,11007126923.1875,-0.36846944913616586
438697.0,287977.0,10825381752.706598,-0.3571904123405143
438697.0,287977.0,10741630975.248262,-0.35555319489216203
438697.0,287977.0,10796348285.66493,-0.35634590646117364
438697.0,287977.0,10783550706.859375,-0.3563936052277209
438697.0,287977.0,10753376342.722223,-0.35687598758039535
464539.0,287977.0,11134406114.638887,-0.4151832450045821
464539.0,287977.0,11161688880.166666,-0.41369754208294846
464539.0,301246.0,11309490681.651041,-0.39644930633389214
464539.0,316043.0,11640947097.909723,-0.3564580980449591
464539.0,316043.0,12150196213.206598,-0.31730848002244705
464539.0,320607.0,12828172605.873262,-0.2776391566962464
464539.0,320607.0,13515051829.4375,-0.25984745115841895
473621.5,320607.0,13738679465.722221,-0.2845018440870582
473621.5,320607.0,13732137824.138891,-0.2895215167902453
473621.5,320607.0,13909773962.138891,-0.2708405966107217
473621.5,320607.0,14144057802.159723,-0.26775144854658617
473621.5,320607.0,14192741042.222221,-0.2689402486155876
473621.5,320607.0,14182074122.956596,-0.26854122255654056
473621.5,320607.0,14133052648.026041,-0.26654932676344445
473621.5,315081.0,14016145583.555557,-0.26125425712706357
473621.5,312388.0,13832205689.414932,-0.2544799459107739
473621.5,312388.0,13301485210.388891,-0.2587176688009836
473621.5,312388.0,12942914967.909723,-0.3575674690098544
489252.5,312388.0,13429619919.416666,-0.4407158491200291
495440.5,361795.0,14808812300.776041,-0.3922637241635875
497164.0,388954.0,16483126780.909721,-0.32046176079633754
502225.5,401265.0,18234779233.53993,-0.2674695140820392
506781.0,407365.0,19990967019.317707,-0.24477638191290918
513245.5,407365.0,21627027452.520832,-0.2493364323495723
530431.0,407756.0,23166487841.88889,-0.2659721259711174
547439.0,418775.0,24758022416.25,-0.2794405005696106
552867.5,443347.0,26541510758.472218,-0.26695921693470687
552867.5,443347.0,27725649406.666668,-0.27655073361001725
555082.5,443347.0,28543761889.526043,-0.2984782074155486
555082.5,443347.0,29318523740.706593,-0.31777055940289345
581823.0,443347.0,30039495739.53993,-0.3409654064549466
596906.5,443347.0,30226194313.567707,-0.38168771867319273
596906.5,443347.0,29934677192.8316,-0.41465686349758984
596906.5,443347.0,30030940608.555557,-0.4132662037347526
596906.5,443347.0,29819883483.49826,-0.41265598936909015
596906.5,443347.0,29613824991.472218,-0.41029460511914534
596906.5,443347.0,29397240452.192707,-0.406948805125037
596906.5,443131.0,29179336790.083332,-0.40333595844517767
596906.5,432652.0,28947809154.972218,-0.39933333879526633
596906.5,432652.0,28685925903.24826,-0.39599016470854026
596906.5,432652.0,28419222203.37326,-0.39975469168608313
596906.5,432652.0,28382248014.692707,-0.4040349640842869
596906.5,432652.0,28910277516.8316,-0.2974276258250805
514006.5,432652.0,28485953291.4375,-0.18371651585482157
470532.5,432652.0,27498537882.659725,-0.1016047344051812
470532.5,432652.0,26803852042.206593,-0.09425491780597332
469076.5,432652.0,25418547655.576385,-0.015372146842680727
469076.5,432652.0,24223564025.664932,0.00410880977228598
469076.5,432652.0,23557885021.0,-0.0033039958360362135
469076.5,432652.0,22938012335.998264,-0.019405426884823808
469076.5,409733.0,22519137967.5,-0.04149495443161934
469076.5,409733.0,22151038566.664932,-0.05560361194286621
469076.5,409733.0,21578387849.07639,-0.06417702384829828
469076.5,409733.0,20993335310.831596,-0.07695278809141103
469076.5,409733.0,20422218965.901043,-0.09025568367830565
469076.5,409733.0,20250695660.9566,-0.08114230249106687
460867.5,409733.0,20296376172.748264,-0.05883815371853263
460867.5,409733.0,20264970075.972225,-0.05900052255704161
460867.5,409733.0,20551862501.3316,-0.06688897618931168
460867.5,423270.0,20894216696.651043,-0.08037032828930671
460867.5,430606.0,21253111194.776043,-0.0951589123244172
460867.5,434332.0,21668123272.63889,-0.1113111892504871
460867.5,434597.0,22099683775.276043,-0.12630095430070307
460867.5,434597.0,22487740399.104168,-0.13465188664536898
460867.5,434597.0,22740654547.151043,-0.12740292549364804
460638.5,434597.0,22741337237.498264,-0.1270228996193305
483708.0,434597.0,22845666103.97222,-0.24179538526099764
515294.0,434597.0,23757728919.333332,-0.3325480408804171
548065.0,434597.0,24927357540.53993,-0.3807982933891059
548065.0,434597.0,25524696518.243053,-0.37217172754263234
555245.5,434597.0,26655621826.442707,-0.4300407949694832
578799.0,434597.0,27523251647.62326,-0.44157460978143626
578799.0,434597.0,27902357835.817707,-0.4381768969357398
578799.0,434597.0,28216991614.222225,-0.4327346976162014
578799.0,442048.0,28335784524.192707,-0.42838955267659945
578799.0,442048.0,28355766755.326385,-0.4280279850007508
578799.0,442048.0,28449811584.956593,-0.4293632411516458
578799.0,442048.0,28552889900.055553,-0.43058595147533635
582605.0,442048.0,28626959153.25,-0.43185288398714805
587508.0,442048.0,28677063897.659718,-0.43700256373835433
587508.0,442048.0,28609242647.789932,-0.44779275234374843
587508.0,442048.0,28483618027.581593,-0.45088926556127235
587508.0,442048.0,28426850926.555553,-0.4506987262667672
587508.0,442048.0,28349427766.4375,-0.44970712398407914
587508.0,442048.0,28289840549.039932,-0.44870806178578676
587508.0,442048.0,28200179877.28993,-0.44704935192839246
587508.0,439770.0,28152867636.526043,-0.4461308405939902
587508.0,439770.0,28135261567.88889,-0.4458958601250932
587508.0,439770.0,28063448021.520832,-0.44717954594445664
587508.0,439770.0,28035483899.206593,-0.451968267438215
587508.0,439770.0,28038327973.138885,-0.45237367512171683
587508.0,439770.0,28032362993.243053,-0.45230882634038405
587508.0,439770.0,27963463270.026043,-0.4528059089488467
587508.0,439770.0,27819194037.74826,-0.45453766766673326
587508.0,439770.0,27743112130.359375,-0.45548351411184257
587508.0,439770.0,27657293382.555557,-0.4566636309170094
587508.0,439770.0,27552601461.972218,-0.4582716393448534
587508.0,439770.0,27393924337.305553,-0.46181998696306403
587508.0,424852.0,27162592206.270832,-0.4708009654041528
587508.0,424852.0,26973611747.159725,-0.47436308380037134
580543.0,424852.0,26809299954.331593,-0.47225614601790855
580543.0,424852.0,26613182076.493053,-0.47032508286974295
579271.0,424852.0,26455547003.805553,-0.46815720048119575
572074.5,424852.0,26368725527.993053,-0.4592341636787924
572074.5,424852.0,26444178055.706593,-0.4458735037809355
572074.5,424852.0,26540192857.409718,-0.44331369167331147
572074.5,424852.0,26604987074.916668,-0.4436229806726183
572074.5,467803.0,27793647017.354168,-0.4729694876007687
572074.5,467803.0,27877653400.416668,-0.47404168415898607
572074.5,467803.0,27954587253.49826,-0.47507560799674825
572074.5,467803.0,27979958941.333332,-0.4754234997646075
572074.5,467803.0,28001439050.909718,-0.47558431488309066
572074.5,467803.0,28132588384.409718,-0.4724228021951384
572074.5,467803.0,28183015838.020832,-0.46234554304220143
570768.0,467803.0,28118448514.333332,-0.45426955942092745
570768.0,467803.0,27920050150.472225,-0.4525435374612766
570768.0,467803.0,27604444208.076385,-0.45417644945843405
570768.0,467803.0,27328912122.243053,-0.4570826375702316
570768.0,467803.0,26956477577.354168,-0.46129622982147295
570768.0,467803.0,26580477630.41493,-0.46664366782523836
570768.0,467803.0,26150470458.243053,-0.4733769354465462
570768.0,467803.0,25597665105.4566,-0.48508981627963405
570768.0,435130.0,24941721929.326385,-0.5122879637747743
566380.5,422854.0,24341294119.956593,-0.5239508482570933
544719.5,422854.0,23876049246.354168,-0.5144936383309272
540302.0,422854.0,23339795665.331593,-0.5027758035005728
534387.5,422854.0,22737578089.972218,-0.48433214622529086
526360.0,422854.0,22474866536.664932,-0.4441515580881719
526360.0,422854.0,22599220884.416668,-0.41774665110813647
526360.0,422854.0,22701769305.416668,-0.4138397536055076
526360.0,422854.0,22808463615.026043,-0.4139826401276715
526360.0,394993.0,22248982665.854168,-0.3923325205428911
526360.0,394993.0,22411266257.743057,-0.3963030458184549
526360.0,394993.0,22592676930.854168,-0.400796454058409
526360.0,394993.0,22811050794.151043,-0.4059920124744898
526360.0,394993.0,23177549487.666668,-0.41205678782549643
526360.0,394993.0,23803362159.88889,-0.40321035708673064
526360.0,394993.0,24271388776.609375,-0.3372052073019857
499377.0,394993.0,24015809371.62326,-0.26681269077558306
471674.0,394993.0,23063587258.270832,-0.21400249927844492
471674.0,394993.0,21961507614.97222,-0.18335274558660394
471674.0,394993.0,20698448524.770832,-0.1643062865691046
471674.0,394993.0,19471747920.555557,-0.1536941817903285
471674.0,394993.0,18194182831.942707,-0.15992260820048526
471674.0,394993.0,16906288443.53993,-0.17891144951838753
471674.0,394993.0,15608439251.28993,-0.22175192995916945
471674.0,356330.0,14065074811.081598,-0.3622160888367771
471674.0,313008.0,13144369893.909721,-0.4510737162062699
471674.0,304173.0,12597356075.1875,-0.4826180929490874
463330.0,288118.0,11972433893.373266,-0.5057477502093307
458180.5,280203.0,11476041401.854166,-0.517895569757709
443076.5,280203.0,11244185299.354166,-0.4958637700241288
443076.5,280203.0,11248701083.651041,-0.47950790562893686
443076.5,280203.0,11602676344.388887,-0.4504533190598396
443076.5,280203.0,11890695050.083334,-0.45034952676579976
443076.5,289962.0,12022851580.567709,-0.4563238855351082
443076.5,299593.0,12374779998.942709,-0.4711282007680411
443076.5,300552.0,12702268512.493055,-0.48328149894875855
443076.5,300552.0,12957937092.722223,-0.49083832666240346
443076.5,300552.0,13192697453.248266,-0.4951730297241861
443076.5,300552.0,13669661509.359375,-0.48895388646615046
443076.5,300552.0,13856205130.123262,-0.44814378389572584
442914.5,300552.0,13760906014.659723,-0.41117875175901253
434623.5,300552.0,13601652656.942709,-0.4002745257956249
434623.5,300552.0,13398670560.831598,-0.39880362888792625
434623.5,300552.0,13249222183.1875,-0.3996536773998813
434623.5,300552.0,13097447571.373266,-0.40178108833133075
434623.5,300552.0,12928431302.276041,-0.40577694531329045
434623.5,300552.0,12822487714.666666,-0.4088075552523243
434623.5,300552.0,12775620082.472223,-0.4108477869356735
434623.5,304731.0,12835054637.539932,-0.4051994016818895
434623.5,320162.0,13073538656.567709,-0.3804291676844484
434623.5,320162.0,13502017720.831596,-0.350790348013145
434623.5,333997.0,14378621836.456596,-0.3081168861723945
434623.5,333997.0,15149298245.776041,-0.29379008527956096
448779.0,333997.0,15373369300.243057,-0.31739712911085455
448779.0,333997.0,15376687404.166666,-0.3118130286556659
448779.0,333997.0,15141656731.576387,-0.3284108389388289
448779.0,333997.0,15031144667.484375,-0.3290083337451928
448779.0,333997.0,14844124981.4375,-0.3250897935162567
448779.0,333997.0,14578270597.984375,-0.3160974051989866
448779.0,330684.0,14312098422.4375,-0.30548607955576496
448779.0,325982.0,14126126460.206596,-0.29740466975899454
448779.0,320332.0,13851605114.354166,-0.2873306642312853
448779.0,317485.0,13090999704.909723,-0.28536369066642125
448779.0,317485.0,12756868225.039932,-0.38958575914194415
462765.0,317485.0,13274557470.442709,-0.4619206450259662
467860.0,366088.0,14691437529.817709,-0.3981883413146534
469913.0,385829.0,16279653696.909721,-0.32778286629644504
471528.0,406184.0,18097923925.57639,-0.26291602442610534
473796.5,411296.0,19898443304.243057,-0.23310778471831942
480144.5,411296.0,21574611670.416668,-0.23388813688657686
499780.0,411296.0,23151461804.87326,-0.2506108710217781
515974.5,412289.0,24635422995.243053,-0.27334163527109995
521254.5,421932.0,26070461321.66493,-0.2799907276281977
521254.5,421932.0,27181382440.409725,-0.2924621115119337
526199.0,421932.0,27812505065.206593,-0.3164589565785076
526199.0,421932.0,28312416854.493057,-0.3318602058792181
553156.5,421932.0,28741751827.74826,-0.3509437430973867
569644.5,421932.0,28980950088.2066,-0.39806816039375337
569644.5,421932.0,28895884229.414932,-0.40579728981942287
569644.5,421932.0,28980806246.743053,-0.40429780879396665
569644.5,421932.0,29044166816.472225,-0.40474258339476077
569644.5,421932.0,29141832658.25,-0.4061453976115358
569644.5,424524.0,29266478794.222225,-0.40817434748558684
569644.5,426935.0,29417748735.743057,-0.4106698238497936
569644.5,426935.0,29483603740.78993,-0.4117353891308756
569644.5,426935.0,29435734665.305553,-0.4112819023246545
569644.5,426935.0,29284553494.826385,-0.41430110889748584
569644.5,426935.0,29165740515.13889,-0.4357809638029222
569644.5,426935.0,29258005874.99826,-0.4482082311036235
569644.5,426935.0,29299368445.0816,-0.44872288180898295
569644.5,426935.0,29321154776.081593,-0.448667707251838
569644.5,426935.0,29163496218.743057,-0.4506002576402488
569644.5,426935.0,28934816225.666668,-0.45401710178536614
569644.5,426935.0,28614794139.526043,-0.45822526252313134
569644.5,426935.0,28293728868.62326,-0.46314306906375186
569644.5,426935.0,28124497720.520832,-0.46682097335985395
569644.5,430982.0,28185647700.817707,-0.4647976962242618
569644.5,430982.0,28001470039.692707,-0.468548672995603
569644.5,430982.0,27919187442.206593,-0.46821550970768233
560618.5,430982.0,27637632629.75,-0.46455664780318195
551052.0,430982.0,27314939069.359375,-0.45580713560431807
545468.5,430982.0,27066838836.972225,-0.42320420435313877
545468.5,430982.0,27033764152.972225,-0.4272170403960215
545468.5,430982.0,26865351156.484375,-0.43114776401799015
545468.5,430982.0,26640683446.555557,-0.430085349037224
545468.5,430982.0,26371377772.805553,-0.4261564216051421
545468.5,430982.0,26131374415.03993,-0.4214939275270834
545468.5,429202.0,25863424147.651043,-0.4156711957975336
545468.5,417448.0,25621816410.901043,-0.41021705580699375
545468.5,417448.0,25543881892.91493,-0.40896328987135655
545468.5,417448.0,25558686927.63889,-0.40866269671100625
545468.5,417448.0,25586227696.909718,-0.4012230680457567
540069.5,417448.0,25530163093.666668,-0.39537637396091774
540069.5,417448.0,25307916358.276043,-0.3930402431436297
540069.5,417448.0,25166308790.854168,-0.3946455388924592
540069.5,417448.0,24868767466.909718,-0.3984046675538033
540069.5,417448.0,24663407219.62326,-0.40201900424150133
540069.5,417448.0,24530240945.609375,-0.40385264335740767
540069.5,417448.0,24413071563.32639,-0.40571822513743655
540069.5,417448.0,24340988165.770832,-0.4078428676154859
540069.5,416199.0,24321193829.456593,-0.40882808425769745
520482.0,416199.0,23329209982.16493,-0.39242799295103914
520482.0,416199.0,23380042696.055553,-0.3918396598713225
520482.0,416199.0,23461497800.5816,-0.3925581192409263
520482.0,416199.0,23687445487.873264,-0.3975867339559357
528836.0,416199.0,23857699867.373264,-0.42329137995901406
528836.0,416199.0,23761966527.998264,-0.43920976896579483
528836.0,416199.0,23675807967.159718,-0.44167307859133925
528836.0,416199.0,23595962761.2066,-0.4412354141855956
528836.0,416199.0,23600537857.0816,-0.4413144635335737
528836.0,416199.0,23515687292.493053,-0.4395451085472209
528836.0,415719.0,23466847589.722225,-0.4384428539774729
528836.0,415734.0,23467130674.53993,-0.4384494309725458
528836.0,415734.0,23320681547.743053,-0.4362261732839017
528836.0,415734.0,23234372948.854168,-0.4382764533767883
528836.0,415734.0,23215094101.039932,-0.44423546988532614
528064.5,415734.0,23207449990.638885,-0.4433814971548054
528064.5,415734.0,23312836157.9566,-0.44402863446274016
528064.5,415734.0,23219407477.706593,-0.44524384780487797
528064.5,415734.0,23356249267.664932,-0.443053740621109
528064.5,415734.0,23400529511.8316,-0.44221056382872187
528064.5,415734.0,23574090466.38889,-0.4387192264669233
528064.5,415734.0,23790931112.916668,-0.4339551654285738
528064.5,415734.0,23526848958.659725,-0.4394746654402892
528064.5,398946.0,23276171008.993057,-0.45175140843216244
555982.5,398946.0,23762507238.416668,-0.47680332263770636
555982.5,398946.0,23568441324.416668,-0.47681742640361324
551808.0,398946.0,23474712731.901043,-0.4754993747828376
551808.0,398946.0,23407427929.222218,-0.47454673873489495
553632.5,398946.0,23427645916.914932,-0.4763488510657894
553632.5,398946.0,23396300594.722225,-0.4827713797177321
553632.5,398946.0,23236033911.826385,-0.4885167594180188
553632.5,398946.0,23053016688.25,-0.4882412168068215
553632.5,398946.0,23157787031.138885,-0.49039630683276186
553632.5,398946.0,22957074126.03993,-0.48686976048534525
553632.5,398946.0,22868974867.25,-0.4848948067337509
553632.5,401580.0,22919975829.4375,-0.4862275422415352
553632.5,401580.0,23057953601.248264,-0.48841870630246764
553632.5,401580.0,23264706034.859375,-0.48416385119396255
553632.5,401580.0,23331820980.25,-0.4675843643772873
553632.5,401580.0,23293621764.25,-0.46244387773129403
553632.5,401580.0,23365586734.359375,-0.46222859172546193
553632.5,401580.0,23394199768.734375,-0.4619600496387277
553632.5,401580.0,23065186867.081593,-0.4643995184944364
553632.5,401580.0,22852803315.770832,-0.46767132519464105
553632.5,401580.0,22619134982.442707,-0.4732893272863823
553632.5,401580.0,22427389086.081596,-0.4795911534553866
553632.5,401580.0,22478326800.520832,-0.478418805891295
553632.5,390171.0,22319028697.442707,-0.4859814394315003
553632.5,390171.0,22382881916.067707,-0.4854446000879124
525533.0,390171.0,21793464388.333332,-0.4198693183265083
525533.0,390171.0,21523609169.020832,-0.4117321372794682
520870.0,390171.0,21164917754.66493,-0.3988441075043347
498707.5,390171.0,20920404346.75,-0.36637927072863885
498707.5,390171.0,20969664755.609375,-0.3530352259327316
498707.5,390171.0,21127780460.57639,-0.3469738481643274
498707.5,390171.0,21463257983.388885,-0.34984946526736393
498707.5,390171.0,21284518561.317707,-0.34553900210001154
498707.5,538603.0,25147684940.326385,-0.5623761341819954
498707.5,624891.0,31586637153.083332,-0.8167260019316183
498707.5,624891.0,31590216345.083332,-0.8166254347509615
498707.5,624891.0,31690358785.083332,-0.8133304183655701
498707.5,624891.0,31954140857.317707,-0.7987695083933395
498707.5,624891.0,32152132015.067707,-0.7557033123554381
468650.5,624891.0,31855630162.567707,-0.7224521497771437
468650.5,624891.0,30844065451.567707,-0.7184949717254906
468650.5,624891.0,29829990658.409718,-0.7275974102514926
468650.5,624891.0,29108808519.576385,-0.7324510133983002
468650.5,624891.0,28131079676.138885,-0.7458869491773198
468650.5,624891.0,27072817034.28993,-0.7730083199221395
468650.5,624891.0,25788104627.25,-0.8208451167779811
468650.5,624891.0,24488392627.722218,-0.8830886324772804
468650.5,590959.0,23044754098.873264,-0.9978670849360926
468650.5,537489.0,22153828683.916668,-1.0698697783715958
486720.0,537489.0,22445862965.401043,-1.073685850450049
485121.5,527692.0,21952459568.909725,-1.0947840285732802
473898.0,527692.0,21429726962.609375,-1.1093642531733956
456148.5,527692.0,21200742858.6875,-1.1030203620866519
456148.5,527692.0,21189694868.748264,-1.0859268684528092
456148.5,527692.0,21200437582.333332,-1.0840591593048916
456148.5,527692.0,21192845692.020832,-1.0847469477298306
456148.5,527692.0,21427039258.567707,-1.0672093906624576
456148.5,527692.0,18738818328.748264,-1.0589531411054414
456148.5,304248.0,13383594685.159721,-0.4922564163447469
456148.5,304983.0,13554100932.164932,-0.49853917806311454
456148.5,304983.0,13796990576.248266,-0.5052363717193191
456148.5,304983.0,14076066821.609375,-0.5001743243106692
456148.5,304983.0,14287264701.414932,-0.45679619193816284
454993.5,304983.0,14191674783.039932,-0.4200029277058887
446752.5,304983.0,13932214898.206598,-0.4047271490044659
424720.5,304983.0,13404761643.734375,-0.35608094426077025
424720.5,304983.0,13110367901.9375,-0.3609615918243623
424720.5,304983.0,12907327199.984375,-0.36363896487388836
424720.5,304983.0,12697046337.123266,-0.3706761978803388
424720.5,304983.0,12537863641.03993,-0.3762218488241194
424720.5,304983.0,12503726828.234375,-0.3779608652574346
424720.5,302905.0,12435363260.234375,-0.3846709520290583
424720.5,307116.0,12485036267.409721,-0.37951811388283513
424720.5,307116.0,12795864920.901041,-0.3576579154046738
424720.5,324691.0,13438363400.901041,-0.31430865014169834
424720.5,324691.0,14169094576.993057,-0.29410895994501324
427265.0,324691.0,14390435336.138891,-0.3137271731801744
427265.0,324691.0,14388708957.4375,-0.31604327433237805
427265.0,324691.0,14459785067.222223,-0.30924931450588916
427265.0,324691.0,14422563976.972223,-0.3094473149944442
427265.0,324691.0,14244577424.493057,-0.30496034041797404
427265.0,324691.0,14025744574.623266,-0.2966826614782667
427265.0,324691.0,13836634812.326391,-0.28909002661811595
427265.0,323465.0,13619947881.026041,-0.27886971076233424
427265.0,309054.0,13256963124.414932,-0.2630554057910457
427265.0,309054.0,12694141330.6875,-0.26975668497612576
429849.5,309054.0,12400065612.1875,-0.3652622984459171
462985.5,309054.0,12929249793.91493,-0.4270831804607981
477278.5,366019.0,14409512558.248266,-0.34780433110406084
480362.5,387839.0,16165009237.331598,-0.3219567878493226
484032.0,398788.0,17887678109.8316,-0.26326085548218237
485861.0,410534.0,19716399827.243057,-0.2276444196114367
493230.5,410534.0,21284800473.743057,-0.22776797867766507
510111.0,425431.0,23150194235.28993,-0.22460326749091605
521380.5,425543.0,24870864617.99826,-0.2333456369059126
524071.5,457907.0,26990624354.82639,-0.21695210772754725
524071.5,457907.0,28393935227.03993,-0.2364184097600907
532016.5,457907.0,29184009148.4375,-0.26966028658766306
532016.5,457907.0,29879902426.305553,-0.2927470387162166
562678.0,457907.0,30428322847.555553,-0.3178848279033227
579525.5,457907.0,30628468015.159718,-0.3628116946269377
579525.5,457907.0,30351490170.888885,-0.3919296353531906
579525.5,457907.0,30003474812.74826,-0.39852681727863876
579525.5,457907.0,29598080847.076385,-0.3970371672760796
579525.5,457907.0,29511920950.166668,-0.3957160515762851
579525.5,457907.0,29435548693.664932,-0.39432630705988986
579525.5,457907.0,29426310766.4566,-0.39415021342967277
579525.5,456299.0,29285334532.07639,-0.3915419424265339
579525.5,456299.0,29106384688.5,-0.38923756737066884
579525.5,456299.0,28902880814.055557,-0.3922923211071275
579525.5,456299.0,28718701981.388885,-0.41764560708877385
579525.5,456299.0,28790387093.1875,-0.4317743521676659
582266.0,456299.0,28842446573.234375,-0.43281901315551496
582266.0,456299.0,28861776952.359375,-0.4328685878083784
582266.0,456299.0,28839717671.03993,-0.43296730234267305
582266.0,456299.0,28751962428.805553,-0.4339607302556608
582266.0,456299.0,28860593544.243053,-0.43277138513402896
582266.0,456299.0,28687212947.776043,-0.4361371432030252
582266.0,456299.0,28364417233.956593,-0.44166749214205253
582266.0,423938.0,27854786374.055553,-0.4605358670675056
582266.0,423938.0,27404866311.831593,-0.4687954783527345
581683.0,423938.0,27266038870.270832,-0.4682496036720578
574548.0,423938.0,26959085236.82639,-0.4658328062835389
568939.5,423938.0,26698600914.109375,-0.4609372310524521
563341.0,423938.0,26579899425.984375,-0.44633911367929757
563341.0,423938.0,26617958906.055557,-0.4403223716346973
563341.0,423938.0,26704194281.151043,-0.4381653457532462
563341.0,423938.0,26971180463.659725,-0.4390785493681382
563341.0,423938.0,26830425601.16493,-0.4370322380111423
563341.0,423938.0,26688140047.0816,-0.4344270594460158
563341.0,418719.0,26441082345.659718,-0.4295842743869814
563341.0,413562.0,26285021608.789932,-0.42660071309085934
563341.0,413562.0,26222166242.743057,-0.425790466963926
563341.0,413562.0,26165136370.854168,-0.42705107615233634
563341.0,413562.0,26133800812.651043,-0.4353495095116376
564890.5,413562.0,26148684680.166668,-0.4370683589264719
564890.5,413562.0,26107564815.055553,-0.4367497610462187
564890.5,413562.0,26028775982.956593,-0.43735673020680477
564890.5,413562.0,25935425851.081593,-0.4386535245062978
564890.5,413562.0,25746447216.104168,-0.441892561496814
564890.5,413562.0,25519499266.581593,-0.4471694914823994
564890.5,413562.0,25180211486.07639,-0.45509861999550266
564890.5,413562.0,25138648786.020832,-0.45612223002398355
564890.5,402487.0,24976273615.664932,-0.4626490065188633
564890.5,402487.0,24764932283.520832,-0.46498734562536237
564890.5,402487.0,24807774109.076385,-0.46481465168503583
564890.5,402487.0,24902082979.409718,-0.4655647856046874
569533.5,402487.0,24983845790.25,-0.46732924673588633
569533.5,402487.0,25019301631.706593,-0.47253123149212584
569533.5,402487.0,25147939574.07639,-0.45553358402138144
569533.5,402487.0,25349313702.666668,-0.4517590748029843
569533.5,402487.0,25438951847.956593,-0.4526866945153659
569533.5,405359.0,25610734043.123264,-0.45552087642158295
569533.5,410747.0,25772004778.331593,-0.45854062119798905
569533.5,413129.0,26019729576.104168,-0.46293406502233386
569533.5,415473.0,26327550393.63889,-0.4680881282017137
569533.5,415473.0,26526098726.5816,-0.46979779176100067
569533.5,415473.0,26660167176.539932,-0.4660841012937028
569533.5,415473.0,26679363408.623264,-0.45948401022820645
566184.5,415473.0,26643644370.039932,-0.45606466989221894
566184.5,415473.0,26526054248.581593,-0.45526100438214423
566184.5,415473.0,26453184926.076385,-0.4559514558079094
566184.5,415473.0,26424078165.998264,-0.4564289746668481
566184.5,415473.0,26429835971.623264,-0.4563315643919058
566184.5,415473.0,26361878711.206593,-0.4576036178813281
566184.5,415473.0,26486257865.942707,-0.4552474095457371
566184.5,415473.0,26505947752.067707,-0.4547774391458137
566184.5,426152.0,26666896875.305557,-0.4487864559664439
566184.5,426152.0,26909500035.192707,-0.44657415166533293
566184.5,426152.0,26803804292.222225,-0.4464154194767561
566184.5,426152.0,26819473332.942707,-0.44647737783147706
567059.5,426152.0,26836286227.039932,-0.4467314043173655
567862.5,426152.0,26856875921.770832,-0.44894935498982735
567862.5,426152.0,26707630481.442707,-0.4702732283101421
567862.5,426152.0,26405067022.664932,-0.47800819477043344
567862.5,426152.0,26109917373.743057,-0.4771070064301492
567862.5,426152.0,25858985232.076385,-0.473846077440478
567862.5,426152.0,25651861946.388885,-0.47017331984337335
567862.5,426152.0,25392840130.91493,-0.4650992580890441
567862.5,410824.0,25005918100.166668,-0.45699251534541946
567862.5,410824.0,24658905564.12326,-0.4519486483941783
567862.5,410824.0,24433758257.972218,-0.4569354722962228
567862.5,410824.0,24436176939.539932,-0.45631403329501224
568830.5,410824.0,24452497344.067707,-0.4583335792716668
568830.5,410824.0,24596182127.24826,-0.4595816759466494
568830.5,410824.0,24632573358.16493,-0.45937016131465996
568830.5,410824.0,24592068824.942707,-0.45986449790000405
568830.5,410824.0,24520649185.993057,-0.460805923551969
568830.5,410824.0,24412299752.104168,-0.46206566992091685
568830.5,410824.0,24265143973.805553,-0.46478510488600483
568830.5,410824.0,24135468024.039932,-0.4677793045225741
568830.5,391916.0,23866900433.359375,-0.4789539302069936
568830.5,391916.0,23518671876.722225,-0.48274551339291427
541734.0,391916.0,22979926154.055553,-0.4566554479985756
533796.5,391916.0,22358813805.164932,-0.4269187373744089
522527.5,391916.0,21742170982.03993,-0.35690600008277384
491542.5,391916.0,21622302773.984375,-0.2621223839418576
491542.5,391916.0,21944319627.25,-0.21751049009737058
491542.5,391916.0,22355891258.5,-0.21256996362981131
491542.5,391916.0,22676777203.248264,-0.21858897738067898
491542.5,414502.0,23222403841.5816,-0.23563724304159134
491542.5,423814.0,23810326512.24826,-0.25462343652841846
491542.5,425856.0,24438024665.243057,-0.27244900610123385
491542.5,425856.0,25105216285.28993,-0.2874747759584623
491542.5,425856.0,25882404112.12326,-0.2971908992788456
491542.5,425856.0,26876503233.24826,-0.2798061634800208
491542.5,425856.0,27494907874.888885,-0.1972769944620307
441555.5,425856.0,27206214247.12326,-0.09113739628547905
417197.0,425856.0,25936772018.164932,0.0021653338682213114
417197.0,425856.0,24405942036.817707,0.07023479040534507
417197.0,425856.0,22835342689.222225,0.10354570312308882
417197.0,425856.0,21071469045.914932,0.15054096758471383
417197.0,425856.0,19362888205.604168,0.17044816884328354
417197.0,425856.0,17417901762.72222,0.1689273140883032
417197.0,425856.0,15363790037.706596,0.09985661219879781
417197.0,379654.0,12973292410.354166,-0.14118451132958587
417197.0,307365.0,11443874520.354166,-0.34412185507103105
417197.0,298766.0,10788783979.305555,-0.39649360287752594
417197.0,266086.0,10231812423.706598,-0.4500396206466057
417197.0,266086.0,9963919634.03993,-0.43886616374886167
403983.5,266086.0,9888156131.972223,-0.41474383641237034
403983.5,266086.0,9911890687.03993,-0.38478227383392305
403983.5,266086.0,9897001899.604166,-0.38703660656581884
403983.5,266086.0,9709068176.159723,-0.3980942257602538
403983.5,266086.0,9441166790.270834,-0.39219590171508695
403983.5,266086.0,9083558576.159721,-0.3745970864297255
403983.5,264764.0,8782468379.555555,-0.35136762209975275
403983.5,258756.0,8402861548.638888,-0.3201510031528401
403983.5,240424.0,8056021872.484375,-0.2891702641690108
403983.5,240424.0,7787051354.055556,-0.2843288154127836
403983.5,240424.0,7677215666.138888,-0.3397706029944989
417410.5,240424.0,7821514300.583333,-0.39503266850404267
429034.0,240424.0,8116200053.456596,-0.4113878578974714
429034.0,240424.0,8363788705.359375,-0.4069051245998477
429034.0,240424.0,8411034539.109375,-0.4028679674243857
429034.0,240424.0,8642199519.373264,-0.3993852265279662
429034.0,240424.0,8719853833.409723,-0.3966610216332266
429034.0,247671.0,8985245107.138887,-0.3867809049856011
429034.0,255235.0,9225322193.909723,-0.37150521133867015
429034.0,291096.0,9736031756.581596,-0.31002465922244127
429034.0,309846.0,10465795338.484375,-0.2278202042638715
429034.0,309846.0,11269829901.159723,-0.19241484714895737
429034.0,321673.0,12265230447.472221,-0.1528505620184104
456306.0,324064.0,13356695975.706598,-0.17537442139728018
475350.0,324064.0,13753060824.638887,-0.2685524551101314
475350.0,324064.0,13546183608.6875,-0.33574418906191517
475350.0,324064.0,13304371213.248262,-0.3486236328413853
475350.0,324064.0,13300937951.333334,-0.3486253915272161
475350.0,324064.0,13176279162.270834,-0.34434780993299785
475350.0,324064.0,13081544140.664932,-0.3403299217369241
475350.0,315128.0,12888552686.743057,-0.33007968609470906
475350.0,311161.0,12810347787.081596,-0.32625346910858316
475350.0,310267.0,12625050550.555555,-0.3189897979820265
475350.0,310267.0,12188964172.831596,-0.3327779757623926
475350.0,310267.0,12069017357.401041,-0.4242046943143475
479295.0,310267.0,12685330255.972223,-0.4611967171057861
481844.5,370727.0,14213561512.123262,-0.3619571090668579
483090.0,398156.0,16090096041.53993,-0.2595569271942724
487684.5,407607.0,18017902107.498264,-0.20274087818607384
496577.0,419304.0,20038210298.07639,-0.17708392911648918
506313.5,420459.0,21950562969.873264,-0.19081087800536378
524244.0,422427.0,23744456539.222218,-0.2137628209341327
542813.0,427762.0,25496019885.63889,-0.24364438777743258
550061.0,451262.0,27452844201.234375,-0.245489160239426
550061.0,451262.0,28751447977.484375,-0.26627372735327703
558756.5,451262.0,29562702917.03993,-0.29999366982219117
559952.0,451262.0,30299900552.581593,-0.3251564992566752
568457.0,451262.0,30402907206.3316,-0.33355141346822664
568457.0,451262.0,30462475538.583332,-0.3551010442205441
568457.0,451262.0,30350197721.222225,-0.3651585585899943
568457.0,451262.0,30377506656.555553,-0.3648207301645894
568457.0,451262.0,30500776358.520832,-0.3659033489015337
568457.0,451607.0,30642642522.083332,-0.36812363704735146
568457.0,457638.0,30806812082.020832,-0.3709789740486267
568457.0,458720.0,30962833675.083332,-0.37367807501136435
568457.0,458720.0,31109439866.817707,-0.37606330715192376
568457.0,458720.0,31172755079.138885,-0.3766869067229505
568457.0,458720.0,31077341485.956593,-0.37866512542339015
568457.0,458720.0,31003382288.8316,-0.39167752701105446
577177.5,458720.0,31079546560.520832,-0.40148715179010175
577177.5,458720.0,31091089032.020832,-0.401675297896716
577177.5,458720.0,30991347023.123264,-0.4017699742678708
577177.5,458720.0,30840803679.99826,-0.4027497629896572
577177.5,458720.0,30676448466.604168,-0.4051008123799399
577177.5,458720.0,30515684855.49306,-0.40764724271592273
577177.5,458720.0,30391456266.5,-0.409940349024892
577177.5,458720.0,30296749894.25,-0.412086017033103
577177.5,455808.0,30247299725.805553,-0.41387571581967547
577177.5,455808.0,30196425481.826385,-0.4149419525140789
577177.5,455808.0,30211473591.82639,-0.4149218420669446
577177.5,455808.0,30268127331.0816,-0.4146704598434397
599466.5,455808.0,30795272587.24826,-0.42872066045297663
605023.0,455808.0,30951426124.833332,-0.4478261209429021
605023.0,455808.0,30785920386.076385,-0.46872253031265937
605023.0,455808.0,30406603073.998264,-0.47731085002038093
605023.0,455808.0,29974278083.604168,-0.4764282533190756
605023.0,455808.0,29521228678.104168,-0.47130118125427556
605023.0,455808.0,29073663547.055553,-0.46417970451414087
605023.0,454513.0,28619661082.993053,-0.45588094838343163
605023.0,438180.0,28160057613.493057,-0.4468279331940545
605023.0,434198.0,27702790735.583332,-0.44052315225778094
605023.0,434198.0,27398884185.192707,-0.44723019141328335
605023.0,434198.0,27333833973.138885,-0.4614394897510107
605032.0,434198.0,27384976995.234375,-0.46761099393592387
579279.0,434198.0,26928414228.081593,-0.4389258377843357
579279.0,434198.0,26543165568.498264,-0.4323355633935181
579279.0,434198.0,26059089821.993053,-0.42599567766584795
579279.0,434198.0,25580179377.789932,-0.4277346781589245
579279.0,434198.0,25241905321.53993,-0.4323199726620948
579279.0,434198.0,24935185773.076385,-0.4388021726709057
579279.0,434198.0,24668736925.520832,-0.4470160437436038
579279.0,415141.0,24365738135.8316,-0.462843268712081
579279.0,415141.0,24159706448.972225,-0.4700776375090758
579279.0,415141.0,23992888575.831593,-0.4721923981630984
579279.0,415141.0,23776053706.8316,-0.47615059547768257
579279.0,415141.0,23618956662.151043,-0.4779675447016992
575560.0,415141.0,23574477680.414932,-0.4745836275500919
575560.0,415141.0,23577700289.555553,-0.4739149069860626
575560.0,415141.0,23561817192.583332,-0.47437210528396656
575560.0,415141.0,23525436639.020832,-0.4741375218560772
575560.0,415141.0,23497679451.520832,-0.47363497154453554
575560.0,685591.0,31635606712.909718,-0.9545642589332891
575560.0,685591.0,31645199275.243057,-0.9543236100378295
575560.0,685591.0,32183368456.692707,-0.9435474197232376
575560.0,685591.0,34344558388.692707,-0.9164198680452907
575560.0,685591.0,36116149140.40972,-0.8489720995403616
575560.0,685591.0,36257987051.78993,-0.8052933011052456
566419.0,685591.0,35986634684.888885,-0.7924607603911719
560023.0,685591.0,35904596568.55556,-0.7881252450188354
556992.5,685591.0,35515032386.109375,-0.7826559533681917
548512.0,685591.0,35035123359.0,-0.7725294126533543
548512.0,685591.0,34345859626.734375,-0.7666563543465654
545790.5,685591.0,33356601101.055553,-0.7656489279282893
544804.5,685591.0,32222633793.942707,-0.7750927514111549
544804.5,685591.0,30854630122.243053,-0.8016557515282655
544804.5,659876.0,29063427967.8316,-0.8783132827933935
541035.0,633991.0,27467546516.354168,-0.9391867296470182
536250.5,633991.0,26104077638.38889,-0.9749401137917176
520119.0,627415.0,24660641883.409718,-1.0354454867598373
504305.5,569209.0,23171671249.909718,-1.1058401271256852
495606.5,563148.0,22300179786.020832,-1.074049459845369
495606.5,563148.0,22312236516.91493,-1.0170848293402006
495606.5,563148.0,22553208538.9375,-0.9828158172637746
495606.5,563148.0,23053980726.28993,-0.9457466455827883
495606.5,563148.0,23671065437.354168,-0.9115431509550918
495606.5,377592.0,17908134899.789932,-0.4864757443171524
495606.5,377592.0,18445906416.659725,-0.48608421519697603
495606.5,377592.0,18699684745.026043,-0.4886874394954999
495606.5,335543.0,17700267331.88889,-0.4544506131232424
495606.5,335543.0,16780990130.567709,-0.4730420725539436
495606.5,335543.0,16803023600.020834,-0.5008026009859279
495606.5,335543.0,16942287646.222223,-0.49736040522886554
495606.5,373115.0,17607069019.498264,-0.45790559959879346
495606.5,373115.0,17641281520.743053,-0.4564763785033331
495606.5,373115.0,17707135335.555553,-0.4551098833486753
495606.5,373115.0,17655081634.88889,-0.4559671447004949
495606.5,373115.0,17473493686.0,-0.45440804202852775
495606.5,373115.0,17405595450.539932,-0.4550510118325627
495606.5,373115.0,17448939030.659725,-0.45421934612231185
495606.5,373115.0,17278720067.22222,-0.4588847947051112
495606.5,373115.0,17134589429.888887,-0.456224436623454
484148.5,373115.0,17017586540.305555,-0.44380386590576487
475481.0,373115.0,16841518390.567709,-0.4247015666915291
467398.0,373115.0,16735356427.520834,-0.40728684411043836
467398.0,373115.0,16736662293.331598,-0.4354298665280573
467398.0,373115.0,16743727120.409721,-0.4334611141070306
467398.0,373115.0,16774951102.6875,-0.43150368435674646
467398.0,373115.0,16635320810.484375,-0.4307345953468153
467398.0,373115.0,16425281522.388887,-0.42448037897639124
467398.0,373115.0,16268062611.472223,-0.41829838625406185
467398.0,373115.0,16210791787.623262,-0.4160186941641388
467398.0,366073.0,16096135899.734375,-0.4109782017017643
467398.0,366073.0,16185999937.081596,-0.414036715125708
467398.0,366073.0,16562036014.138891,-0.39981886384249826
467398.0,366073.0,16640642976.104166,-0.3249869985419318
461396.5,366073.0,15986961784.248266,-0.2958630124027286
461396.5,331542.0,14909792655.91493,-0.3563705666212238
461396.5,318146.0,14407799921.706598,-0.3833326572382657
461396.5,313823.0,14111943663.25,-0.39971194959506173
461396.5,313823.0,13682211990.484375,-0.4134595839224847
461396.5,313823.0,13579583996.993057,-0.4156545749932077
461396.5,313823.0,13381525060.456596,-0.4257957212487864
461396.5,308275.0,13127972017.317709,-0.445222222724262
461396.5,290359.0,12920242071.567709,-0.4612186172352343
461396.5,290359.0,12945156502.873266,-0.46016420001076147
461396.5,290359.0,13058601242.222223,-0.4638992019691444
461396.5,290359.0,13091211235.901041,-0.46656358077352816
465080.0,290359.0,13126299885.993057,-0.47071785586196035
465080.0,290359.0,13150488353.581596,-0.4772518921925724
465080.0,290359.0,13145909605.604166,-0.4797394189719844
465080.0,290359.0,13103651783.789932,-0.4838793433460018
465080.0,290359.0,13051474639.748266,-0.484298497684555
465080.0,290359.0,12986831065.388887,-0.48283388581445197
465080.0,290359.0,12942034516.914932,-0.481131462738226
465080.0,290359.0,12891871718.026041,-0.479034162551889
465080.0,288131.0,12859798489.873266,-0.47758736025856957
465080.0,288131.0,12795311359.706596,-0.4750262627700925
465080.0,288131.0,12890616778.743055,-0.47318605594067825
465080.0,288131.0,12997092752.354166,-0.4440342620344298
460344.0,288131.0,12900374955.888891,-0.4136074759039059
460344.0,288131.0,12658938965.776041,-0.4091070727782785
460344.0,288131.0,12497762487.151041,-0.41519536412307073
460344.0,288131.0,12353103317.138887,-0.4233281860309062
460344.0,288131.0,12410646277.081596,-0.42218797628081073
460344.0,288131.0,12434914782.888887,-0.42128387419312996
460344.0,288131.0,12406666502.91493,-0.4227160237552298
460344.0,290714.0,12433132328.993057,-0.4207385893216873
460344.0,304747.0,12629766946.25,-0.40440493015617635
460344.0,304747.0,12772594262.498262,-0.39597495472386307
460344.0,304747.0,12847199074.916666,-0.3958346220676971
460344.0,304747.0,13014075237.414932,-0.4010726601290977
462906.0,304747.0,13098942894.53993,-0.407448134216046
460984.0,304747.0,13086461092.859375,-0.4043165941936514
460984.0,304747.0,13109413160.5,-0.3932432884984925
460984.0,304747.0,13275972428.909721,-0.38088193904140905
460984.0,304747.0,13431119605.984375,-0.38149259500667415
460984.0,304747.0,13565642705.109375,-0.38521323470209046
460984.0,306808.0,13649353602.28993,-0.38834902597677795
460984.0,306866.0,13710389536.942709,-0.39062389885786225
460984.0,306866.0,13734729652.722221,-0.39154253083837576
460984.0,306866.0,13640606173.651041,-0.3892639229315133
460984.0,306866.0,13240689904.651041,-0.4100440073337966
461574.0,306866.0,13137256489.248266,-0.5151566438546595
480425.0,310369.0,13864423131.151041,-0.5434527360664811
493743.5,373918.0,15252247501.666666,-0.4526935375591822
493743.5,373918.0,15934661581.854166,-0.43257094451468864
493743.5,373918.0,16328545551.776041,-0.42898768106295504
493743.5,373918.0,16615727267.873266,-0.4329334742008708
493743.5,373918.0,16857675192.039932,-0.43597746247114194
493743.5,373918.0,17096955960.243055,-0.43854677580370727
493743.5,373918.0,17271487053.409725,-0.43799226367153343
493743.5,373918.0,17424337524.026043,-0.43499964821926906
493743.5,373918.0,17473989072.159725,-0.43539660032737715
493743.5,373918.0,17480815764.7066,-0.4358872684714061
492235.5,373918.0,17464051108.78993,-0.43438783286380656
499330.5,373918.0,17532785202.3316,-0.44261120499819806
499330.5,373918.0,17544168196.270832,-0.45013704352266787
499330.5,373918.0,17526931156.873264,-0.4535828482261641
499330.5,373918.0,17430457483.722225,-0.45727160014540713
499330.5,373918.0,17354202342.305557,-0.4566070266645703
499330.5,373918.0,17298427869.5816,-0.4551670842485175
499330.5,373918.0,17251908645.2066,-0.453644223079773
