-52.04432381728989,0.0
688.353630569582,0.0
741.258885378018,0.0
472.57061172506,0.0
-236.767730661526,0.0
81.81431304932079,0.0
408.168236805681,0.0
594.786775760602,0.0
1630.48742060029,0.0
1039.72958623036,0.0
478.434881880779,0.0
401.760119257773,0.0
806.6818394243801,0.0
861.0433516440511,0.0
871.61484038058,0.0
1190.55332600703,0.0
781.5688919096519,0.0
1360.65819558062,0.0
733.1932192432159,0.0
1179.67234556786,0.0
1457.65088422741,0.0
1392.95122288811,0.0
1691.50091242068,0.0
1371.95119276977,0.0
1618.85390875878,0.0
1870.5268774650897,0.0
1172.4122051483198,0.0
944.8026194723892,0.0
1485.1742267820498,0.0
1374.4845353164,0.0
1249.92534125057,0.0
1288.55178871102,0.0
1192.64310205188,0.0
1731.39891626987,0.0
1884.9409979833604,0.0
1800.1491675336,0.0
1205.60727928947,0.0
1846.30707856035,0.0
1206.07579107374,0.0
1987.89624893876,0.0
1469.36198303389,0.0
1021.21910050764,0.0
824.29965931875,0.0
642.331338055016,0.0
632.1560718322901,0.0
379.016841982032,0.0
1413.96083471106,0.0
1225.56083602759,0.0
740.2665308395931,0.0
875.633567837256,0.0
553.4961044506109,0.0
1617.52448921626,0.0
252.124019041491,0.0
480.297738878474,0.0
532.789838218069,0.0
609.71235719012,0.0
221.22801386011,0.0
-673.133708427285,0.0
-360.10309817438497,0.0
218.37760517373297,0.0
-1.80632068828606,0.0
-446.098269494734,0.0
-186.273352067632,0.0
-536.761632303007,0.0
-181.941662716674,0.0
-918.481109720658,0.0
-266.801024743234,0.0
-378.86230941501503,0.0
-515.443864342,0.0
-595.12333266482,0.0
-558.6462010530099,0.0
-978.806298206404,0.0
-820.5686556774921,0.0
-558.0474915043401,0.0
-431.664719673694,0.0
-861.34806501021,0.0
-1008.99086460713,0.0
-1367.0796106126402,0.0
-1614.06024689943,0.0
-1390.04000177093,0.0
-596.81087263549,0.0
-815.743569122854,0.0
-1235.37735775154,0.0
-1335.91588265925,0.0
-1347.97206006377,0.0
-790.695226398405,0.0
-1307.69572671795,0.0
-696.137862952544,0.0
-939.234646994524,0.0
-672.3307294474611,0.0
-1534.3995119711,0.0
-1167.81308900914,0.0
-1507.46032298397,0.0
-894.3457338634289,0.0
-1060.85986370381,0.0
-1193.70857642548,0.0
-464.73838256675,0.0
-921.2122207133948,0.0
-574.414643829123,0.0
-618.1069261470819,0.0
-1197.46079766121,0.0
-1084.1858441178,0.0
-766.686558313588,0.0
-1183.9719009596,0.0
-442.023306716492,0.0
-1126.90226945971,0.0
100.8518191049,0.0
-687.1287727451011,0.0
253.30897920003895,0.0
-516.5709051199079,0.0
-670.810025919338,0.0
-199.019037546421,0.0
-125.152372690215,0.0
-735.793057490437,0.0
435.544476376437,0.0
-360.24390503051694,0.0
299.51044410480097,0.0
439.832791315486,0.0
373.340410072938,0.0
346.767599834623,0.0
549.747760162344,0.0
117.446883453265,0.0
298.657021196323,0.0
247.910735301224,0.0
1400.7628565538,0.0
1439.0190801315,0.0
1013.39986248469,0.0
481.618425925388,0.0
1040.51376554944,0.0
1712.06519304031,0.0
976.716165344028,0.0
1546.5638166425,0.0
892.533666763478,0.0
1613.2847591571,0.0
1004.37552240033,0.0
941.519308416062,0.0
1096.30483751337,0.0
1172.5186357516802,0.0
1193.99008570026,0.0
1890.7842523899103,0.0
1651.76239427302,0.0
1521.53904518376,0.0
1238.99621032637,0.0
1286.80483652197,0.0
1401.9557873487,0.0
1272.58030999837,0.0
1549.69287498645,0.0
1922.45826131688,0.0
1259.85034988777,0.0
2318.7957034227497,0.0
1195.41651198919,0.0
1670.7698319161902,0.0
2644.06042221845,0.0
2031.46710964998,0.0
1549.98154255863,0.0
1277.04651799994,0.0
1827.3573556894696,0.0
1554.74269110231,0.0
1372.0828575102,0.0
1609.22215436272,0.0
1241.92785504734,0.0
2457.21809995127,0.0
2015.15182325566,0.0
1601.4906926677802,0.0
1519.8116417925798,0.0
958.600215073954,0.0
1471.7240651341,0.0
914.883694605929,0.0
586.676322450553,0.0
1680.57730676056,0.0
485.88834303587504,0.0
672.082545078349,0.0
473.97374239132006,0.0
270.370951786479,0.0
819.1877848411619,0.0
-103.642698268956,0.0
352.65923807177694,0.0
132.9579729082,0.0
-266.191988291236,0.0
191.355341811277,0.0
-24.3395736819922,0.0
-159.459713574382,0.0
401.9637191117041,0.0
153.681868193199,0.0
-163.102551121906,0.0
-129.562059162537,0.0
-551.740689157701,0.0
-398.673298790702,0.0
64.26840473258311,0.0
-441.926781980372,0.0
-425.408801008039,0.0
269.160516209887,0.0
-874.6861649744079,0.0
-254.069706688793,0.0
34.8259938418988,0.0
-1150.5383856507,0.0
-754.103242167461,0.0
-951.5022681227812,0.0
-1022.4502554276,0.0
-1271.84830667901,0.0
-1235.1151474828998,0.0
-386.187024559662,0.0
-672.754643592671,0.0
-611.675345394611,0.0
-306.125664714271,0.0
-1081.16177231093,0.0
-607.261377249268,0.0
-955.133827926882,0.0
-1124.04929798225,0.0
-539.89703660336,0.0
-880.788868219197,0.0
-1303.63873978569,0.0
-948.392633474566,0.0
-226.113206483874,0.0
-324.905414673915,0.0
-1345.12216867528,0.0
-684.592559113644,0.0
-341.513369559066,0.0
-1288.21255331024,0.0
-24.2416347600378,0.0
-755.500750591817,0.0
-372.77267743908095,0.0
-505.790933841451,0.0
263.159715232313,0.0
-898.987747408745,0.0
-301.403331767757,0.0
-608.499431507679,0.0
53.5360639128693,0.0
854.131847866779,0.0
-575.867929733074,0.0
79.31623077169,0.0
118.790353798664,0.0
870.7776218970489,0.0
-65.6090321881604,0.0
603.316107029279,0.0
1161.0862882543,0.0
452.616513524944,0.0
350.586156203832,0.0
645.243545085833,0.0
986.631134579124,0.0
454.20183990512703,0.0
1582.27709111163,0.0
1010.05146533885,0.0
-85.35005635309159,0.0
705.768799796873,0.0
1838.8540030781,0.0
893.231929222856,0.0
1308.84112904809,0.0
1429.01595944494,0.0
831.5950764876801,0.0
1726.15658251702,0.0
1753.01967122155,0.0
2387.20081642752,0.0
2099.40507819916,0.0
1763.02985558762,0.0
1739.52819257031,0.0
2054.67598432154,0.0
1491.32571508607,0.0
1921.42229105075,0.0
2048.96076362549,0.0
2152.74479822865,0.0
1497.95550554832,0.0
2556.16427296874,0.0
2264.36166810316,0.0
2997.2979952811,0.0
1239.2416549538,0.0
1761.8779417895,0.0
1308.18477798235,0.0
1820.25826256233,0.0
2102.91919413781,0.0
2646.88922598065,0.0
1768.14574683735,0.0
1443.32661718379,0.0
1775.02991368138,0.0
2118.04129947895,0.0
1909.1224050435897,0.0
2328.61043083841,0.0
1640.50049902076,0.0
1056.65497215238,0.0
2053.29567793722,0.0
1176.59506493209,0.0
1818.7770006630496,0.0
1723.05569931966,0.0
1608.58345285239,0.0
2092.67805405744,0.0
1257.55191593387,0.0
750.074992476895,0.0
1237.58798965647,0.0
1052.58515747898,0.0
1332.33997186945,0.0
1664.0430004890195,0.0
213.27950052524895,0.0
781.7211506985229,0.0
824.185368442771,0.0
944.496919578738,0.0
372.558949813306,0.0
736.558103403627,0.0
661.087338441666,0.0
431.833184810536,0.0
316.20986465567404,0.0
884.452437995139,0.0
497.781856154443,0.0
944.580719495923,0.0
-13.847878572078304,0.0
-469.3861827022821,0.0
-191.510746061273,0.0
-54.2624170158324,0.0
-247.191203863929,0.0
-372.644993074139,0.0
-893.330870210948,0.0
-631.242379711814,0.0
-798.9485090035589,0.0
-280.562203321259,0.0
-307.648494035033,0.0
133.013235134237,0.0
-651.637379281093,0.0
-170.851542506698,0.0
-771.4320645311791,0.0
-1211.17100382161,0.0
-450.183723626792,0.0
-849.714608077667,0.0
-989.147942693946,0.0
-967.1334553980072,0.0
-232.141167969684,0.0
-39.8658025756308,0.0
-263.892459145179,0.0
-770.871853634603,0.0
-1176.0747291245,0.0
-547.289795105983,0.0
-171.828943225374,0.0
-260.464393989682,0.0
-444.308232952388,0.0
-451.782433308617,0.0
-846.013539583153,0.0
-293.046370019795,0.0
-408.480022990548,0.0
-360.100802376792,0.0
-421.624460671364,0.0
-755.1843782035629,0.0
-475.729273667576,0.0
124.755067028604,0.0
-108.554293731982,0.0
-57.5057461951299,0.0
-74.9592329503066,0.0
626.699775392523,0.0
139.782763911275,0.0
301.419650603346,0.0
332.077841000507,0.0
-41.834737367524,0.0
391.18604941693,0.0
1008.34780394994,0.0
751.284963500316,0.0
61.22399147760451,0.0
750.83046118405,0.0
1020.8725155539698,0.0
842.839239488176,0.0
1263.08346315705,0.0
955.892193558574,0.0
678.8481515867579,0.0
1467.37975915416,0.0
1353.61601650462,0.0
1538.47549770542,0.0
1808.6821518671104,0.0
1539.5389395190198,0.0
874.1852753146901,0.0
1641.4922841265302,0.0
999.4819373648352,0.0
1503.9252051829098,0.0
2157.57177071775,0.0
1140.7673290546302,0.0
1926.16385207612,0.0
1689.27075703789,0.0
1859.28676272466,0.0
2415.02089904895,0.0
2246.5808041988503,0.0
2619.49042543863,0.0
1679.18681775535,0.0
1814.48487856057,0.0
1886.2254824779,0.0
2159.0408966505897,0.0
1827.52858793466,0.0
1914.83507509514,0.0
1863.24898063683,0.0
2502.882664844,0.0
2483.18424752433,0.0
2629.2305871178,0.0
3323.71489925532,0.0
2174.91570939097,0.0
2508.78034799388,0.0
3526.9741668796205,0.0
2421.21120550583,0.0
2144.28366011512,0.0
1753.91507700819,0.0
1893.0299894296695,0.0
1399.9290466168,0.0
1408.09890848505,0.0
1834.5031831654,0.0
2080.10043487817,0.0
1920.45518799104,0.0
1697.1816201293302,0.0
1070.70289041489,0.0
2008.63852386804,0.0
1870.33578842816,0.0
2273.81005738573,0.0
818.6976576281551,0.0
1383.65507766857,0.0
2134.53391060189,0.0
1411.85442397357,0.0
1851.5066825122897,0.0
1456.86331393852,0.0
1210.6471723097195,0.0
1451.1682102135,0.0
290.636508167599,0.0
804.4316941232449,0.0
1111.75697155517,0.0
1334.53373094037,0.0
1032.90180735532,0.0
731.974154777735,0.0
1041.5256230758,0.0
520.588028268023,0.0
3.8732368129994894,0.0
370.483926859461,0.0
250.008770210481,0.0
400.887093924265,0.0
38.6018755165488,0.0
394.11257001636704,0.0
902.162367406526,0.0
-699.119041434702,0.0
203.96657997112,0.0
-368.85977213824,0.0
-377.17789923007103,0.0
-895.952739478136,0.0
-311.197563693215,0.0
-109.283062446057,0.0
-848.583754679752,0.0
471.809283384501,0.0
-635.826640907488,0.0
-1267.02326397159,0.0
-417.183756162838,0.0
557.251042940713,0.0
243.755244701711,0.0
109.264473087839,0.0
-89.30653436486271,0.0
-219.38589907348896,0.0
-574.90312522305,0.0
-994.7344556654332,0.0
-1268.4536824166198,0.0
-832.760851150143,0.0
-1054.21488901842,0.0
-710.904652487056,0.0
5.68467263557886,0.0
-609.230821908163,0.0
-835.846524646359,0.0
-569.7741467980741,0.0
-826.487511275327,0.0
230.450961107486,0.0
-645.272986066585,0.0
-49.5928270456859,0.0
295.793259609553,0.0
602.6417779877661,0.0
940.254038309022,0.0
-462.68575311031503,0.0
678.5113903472679,0.0
151.255949715984,0.0
370.5528905609201,0.0
1093.61810974385,0.0
341.460280180399,0.0
930.371912034637,0.0
694.561160610651,0.0
610.583337526862,0.0
1448.50730882065,0.0
868.9914134334359,0.0
950.326557617227,0.0
1391.34660206916,0.0
1555.50894697964,0.0
894.320830523329,0.0
1800.0063993079898,0.0
1159.88119927345,0.0
1133.18434848214,0.0
625.675841038657,0.0
1574.1695044962,0.0
1829.2991673241,0.0
1486.4339020593698,0.0
2334.22884160021,0.0
2148.68319813442,0.0
2001.64986771989,0.0
2745.6059839663603,0.0
1474.7518324668602,0.0
2245.50569411903,0.0
2520.91305574548,0.0
1830.419001379,0.0
2171.13753819591,0.0
2293.02085495346,0.0
2174.84349840953,0.0
2415.5977505068804,0.0
2356.38347553231,0.0
2112.1440107667,0.0
2774.1807776773303,0.0
2257.13062448237,0.0
2252.7835521380703,0.0
2708.72108027565,0.0
3203.33200874158,0.0
1821.15779151832,0.0
2606.74789299786,0.0
2682.67719642778,0.0
2527.13315293435,0.0
3530.2635150374103,0.0
2992.02851169154,0.0
2254.09384088296,0.0
2194.50835163399,0.0
2784.78866733536,0.0
2791.7449433569896,0.0
2642.32054059577,0.0
2074.02780133147,0.0
2492.02835178786,0.0
2201.24728973529,0.0
2927.03153503188,0.0
1792.65989530143,0.0
2096.08262049678,0.0
1616.87090166135,0.0
1576.53155277035,0.0
1912.2893821556895,0.0
1755.18342496811,0.0
1584.9695926521697,0.0
2340.97356559781,0.0
1687.60956953018,0.0
2112.97203654748,0.0
1121.2154894499902,0.0
1345.77124684529,0.0
810.13884137888,0.0
1879.24258185189,0.0
835.933231771151,0.0
1748.54020073353,0.0
687.912057261503,0.0
975.816837238029,0.0
-210.371137308067,0.0
773.1469147637121,0.0
808.566239614392,0.0
-35.2508926375356,0.0
551.8746036911721,0.0
462.8011982761431,0.0
-199.6361633581,0.0
836.516250290455,0.0
-69.9417090780014,0.0
271.102172031074,0.0
530.1030495727999,0.0
40.6495743493626,0.0
500.106855261727,0.0
206.491790595006,0.0
707.7570245881391,0.0
-195.426057348866,0.0
-432.48059265703904,0.0
142.837120478484,0.0
-109.642161573767,0.0
-176.80605331003505,0.0
117.535939493166,0.0
93.35631110473508,0.0
-109.234719051665,0.0
125.957453384722,0.0
166.018453717204,0.0
193.751111433764,0.0
246.687326802188,0.0
382.144145447929,0.0
-183.635991690056,0.0
-293.62624318783696,0.0
-593.624171729152,0.0
-177.27379086937802,0.0
-430.32419643191497,0.0
133.325130427328,0.0
-80.5681271045764,0.0
-190.001322583584,0.0
-320.432552012818,0.0
137.045374995387,0.0
-82.213837975858,0.0
-299.79640832176,0.0
-309.56621300242995,0.0
751.223264258732,0.0
94.5356444489789,0.0
119.606268251948,0.0
369.833225135082,0.0
320.05151930188,0.0
438.676526083612,0.0
559.289240590159,0.0
512.5104902406121,0.0
386.8951080597821,0.0
1184.77564993474,0.0
928.329783264957,0.0
467.75338944416296,0.0
1445.48807991884,0.0
500.63195360850096,0.0
1113.7983041910302,0.0
1235.96875548765,0.0
1051.47971185214,0.0
1619.34820893405,0.0
976.052791022551,0.0
2263.9869103280603,0.0
1876.2101566413696,0.0
2483.5514155618603,0.0
2131.9550149497,0.0
1267.0512399362,0.0
2272.10326705633,0.0
2259.0249448674,0.0
2555.2087372269298,0.0
2637.09703683965,0.0
2449.77871525017,0.0
2576.6625163143,0.0
2145.3072561229,0.0
3065.14396233055,0.0
1771.32122554276,0.0
1770.2120712855,0.0
2048.7584446999103,0.0
2970.5359477294896,0.0
2197.08872506381,0.0
2519.23220003826,0.0
2734.75232835922,0.0
2532.11774962433,0.0
1910.95859284963,0.0
3232.08123868173,0.0
2746.12329328199,0.0
2998.76296445994,0.0
2793.2285268834003,0.0
2579.88762749432,0.0
2830.8009255987395,0.0
3110.19529366544,0.0
2168.55479531251,0.0
2294.24673230198,0.0
3261.9841434539503,0.0
2354.91965700663,0.0
2698.6481763548,0.0
2090.48604058104,0.0
2906.17704683235,0.0
2832.3220147273805,0.0
2446.0842810769896,0.0
3134.89395750717,0.0
2261.05462610895,0.0
2300.04599232636,0.0
2807.16770830753,0.0
2495.18703031939,0.0
2596.1630362496103,0.0
2783.4602353669,0.0
2232.12262862968,0.0
2331.60299929251,0.0
1749.1640566866,0.0
2125.97404364968,0.0
1747.80896141697,0.0
2314.35250649564,0.0
1713.44432084463,0.0
1673.67754501816,0.0
1588.65041773125,0.0
702.318074414417,0.0
1047.98194698312,0.0
2161.56580120772,0.0
1585.57702173951,0.0
1246.8218925764,0.0
1096.65989998512,0.0
1025.34013831506,0.0
1197.6216036919802,0.0
4205.40680379751,1.0
4205.40680379751,1.0
767.020657908385,0.0
257.52785593947897,0.0
528.7565806399559,0.0
846.538806083326,0.0
6.412790814887099,0.0
942.0757719203932,0.0
955.1802320827608,0.0
430.64623626965,0.0
497.642122004111,0.0
886.359799448134,0.0
75.7057286213885,0.0
-101.121985133038,0.0
-219.053091425816,0.0
-176.18156977793095,0.0
-94.8606917140141,0.0
318.821540535136,0.0
-225.612125727425,0.0
29.606499227842104,0.0
192.341662313056,0.0
-391.664443139574,0.0
692.766187572901,0.0
650.710922893722,0.0
-591.0132234953151,0.0
-50.8875528188696,0.0
7.917735128953379,0.0
243.605357073742,0.0
-272.5084118494,0.0
72.8332116457368,0.0
567.259863475747,0.0
683.8534850683291,0.0
415.048329015075,0.0
498.34012616198896,0.0
147.219797966012,0.0
275.75387872058496,0.0
969.159754949624,0.0
582.1637930139669,0.0
338.010908557944,0.0
1325.32409676246,0.0
496.213895211647,0.0
1246.97576769253,0.0
1092.24203222092,0.0
1078.58413040949,0.0
871.002518897598,0.0
1421.80027673635,0.0
480.151563497365,0.0
815.542725693244,0.0
1188.56425044613,0.0
1424.27312191005,0.0
1478.5277313143697,0.0
1398.6630415296,0.0
1472.90092186853,0.0
1855.27067453897,0.0
1477.64125314284,0.0
940.91040893343,0.0
1896.0802402841896,0.0
2315.02743102773,0.0
2435.47438139513,0.0
1997.60462318825,0.0
2160.86812865562,0.0
2860.71576097558,0.0
2063.67649371129,0.0
2334.5615689042,0.0
2644.77549321083,0.0
2252.2728946523603,0.0
2383.21729027743,0.0
2852.33293324979,0.0
2387.56030239121,0.0
2910.27409042031,0.0
2293.81252779137,0.0
2008.39084628954,0.0
3106.3479733895897,0.0
2841.27450671462,0.0
2753.29920606841,0.0
2748.03261376997,0.0
3380.99378840413,0.0
2569.8878467770896,0.0
3408.2612815863204,0.0
2621.07658840796,0.0
2992.8874518808097,0.0
2968.57407652245,0.0
3287.29913746022,0.0
2343.5024766621,0.0
2947.7310360836896,0.0
2985.75754778954,0.0
3251.83866171331,0.0
3461.3203668966103,0.0
2596.68695123619,0.0
3097.16628456868,0.0
3117.56072451564,0.0
3381.00214276638,0.0
2835.6768468222,0.0
3292.68407103284,0.0
2825.8324358232503,0.0
2627.8871227858,0.0
2903.80675633644,0.0
2761.301782443,0.0
2748.5305951004,0.0
2941.35115921717,0.0
2365.47277560168,0.0
2324.4871603761603,0.0
2275.47418497298,0.0
2722.85028930022,0.0
3008.83378550932,0.0
2546.0362062976,0.0
2506.93896622725,0.0
2730.03660328324,0.0
1720.80020795332,0.0
1289.1017200502802,0.0
1361.62847761107,0.0
1836.85714966677,0.0
1672.1236553781798,0.0
501.771993511968,0.0
1994.63815496976,0.0
1360.2858883491,0.0
1355.55016335487,0.0
1472.1781701762195,0.0
716.137057193744,0.0
891.308499308751,0.0
1524.34989846452,0.0
1837.68784318678,0.0
1261.1276291825802,0.0
1222.43149267776,0.0
184.665500427103,0.0
1237.55367456769,0.0
1214.28809596191,0.0
572.890396472902,0.0
744.7184718198121,0.0
996.907259628882,0.0
1450.12796304483,0.0
105.641479695063,0.0
930.66081526797,0.0
1040.7759767594698,0.0
829.701766604149,0.0
558.6265250217759,0.0
361.820972903336,0.0
474.39554756999,0.0
746.047712461658,0.0
-41.1654484675062,0.0
-101.721407526591,0.0
104.394719741955,0.0
-176.156540532323,0.0
-265.393393915312,0.0
970.138965540984,0.0
65.2148505350401,0.0
252.489013345019,0.0
24.341025672185,0.0
713.30026386088,0.0
751.368890899398,0.0
1051.67322076908,0.0
428.929781857181,0.0
1154.27144577965,0.0
757.207390386485,0.0
229.903488527408,0.0
1264.58484664249,0.0
1464.44035493221,0.0
1236.60487047144,0.0
802.2680594714959,0.0
498.057493821891,0.0
1116.89995282671,0.0
628.912481837011,0.0
509.66895949942,0.0
1589.62956180261,0.0
1259.13066779371,0.0
1292.1097279012802,0.0
1268.22508532772,0.0
2128.78312767866,0.0
1041.37833589117,0.0
1574.91999696057,0.0
2056.69422337644,0.0
2022.63698978197,0.0
1735.80504534448,0.0
2033.84635607309,0.0
2056.9910688622303,0.0
2883.92537517055,0.0
2323.89778766915,0.0
2092.79225114161,0.0
2902.44553243641,0.0
1986.09391560352,0.0
2780.01082401341,0.0
3123.8130300329103,0.0
2226.67123571703,0.0
2885.71428663296,0.0
3196.1322629944502,0.0
3319.43468855263,0.0
3536.1930154619704,0.0
3745.03953552892,0.0
3103.94005887111,0.0
2728.53021395798,0.0
2806.03280506784,0.0
3426.14511097617,0.0
2551.0275067444395,0.0
3413.11814361635,0.0
2776.4758357385303,0.0
2891.91336004152,0.0
3419.53119268709,0.0
3061.6339588829,0.0
2977.6193839967896,0.0
3051.4900501789,0.0
3889.51987749354,0.0
2771.48979474867,0.0
3361.1109179905898,0.0
3122.33556650487,0.0
4485.370535058661,0.0
3218.74916032766,0.0
3992.1505476491207,0.0
3585.7028736800703,0.0
2584.3091729522,0.0
3388.6733336647603,0.0
3427.18610404171,0.0
3120.828598872381,0.0
2287.31999122824,0.0
3926.56288838271,0.0
2904.04874419853,0.0
2367.69365653572,0.0
3377.70438626499,0.0
2722.95894326633,0.0
2863.00035804477,0.0
2392.49391109736,0.0
1924.75992502122,0.0
2511.96426249353,0.0
2814.79918237073,0.0
2439.8144814749,0.0
2389.34961199254,0.0
2397.88452639891,0.0
2398.23482643117,0.0
2062.3649866874302,0.0
1973.98776274385,0.0
1729.41386264993,0.0
1397.36181428241,0.0
1301.38307615211,0.0
1492.51745677013,0.0
1438.94286004793,0.0
1509.47470238035,0.0
4055.3392103341703,1.0
4055.3392103341703,1.0
2062.2128002027,0.0
1545.02785758984,0.0
1436.85995875939,0.0
1260.45755862456,0.0
842.5373238718919,0.0
915.6788178577672,0.0
949.180862059433,0.0
1080.7239463468902,0.0
981.805087036794,0.0
1673.2437496538098,0.0
768.64194564387,0.0
564.092699804679,0.0
169.76575085482,0.0
391.6099546948,0.0
1803.5133056811103,0.0
857.302316998092,0.0
1076.90839246165,0.0
776.371672328761,0.0
748.7338712475361,0.0
599.058648899178,0.0
881.0024864342779,0.0
1232.77756444202,0.0
1014.97878856813,0.0
568.379785725475,0.0
707.821245461428,0.0
95.84937675333548,0.0
1149.1934793228802,0.0
1439.4863592574302,0.0
129.536952814979,0.0
755.284482625529,0.0
440.338700972696,0.0
347.465226167458,0.0
1294.09735637214,0.0
1374.66958072263,0.0
1765.4061003999802,0.0
1199.72884867396,0.0
319.057613767124,0.0
1299.87147405867,0.0
881.977608977127,0.0
1139.53053575052,0.0
1377.96555942471,0.0
1373.03103364418,0.0
1729.26734789294,0.0
1215.94069167766,0.0
1276.76932150691,0.0
1693.3917152563,0.0
2044.25704248898,0.0
1608.79646507006,0.0
1572.58565139893,0.0
1511.28678094505,0.0
1691.34031132021,0.0
1955.14055685668,0.0
1677.91989813884,0.0
2499.07985876393,0.0
1473.43965653113,0.0
2312.01222646755,0.0
1869.46374966879,0.0
3010.67306144151,0.0
2391.04452391358,0.0
3120.29362890229,0.0
2569.7000620565,0.0
2721.2061499903,0.0
2463.89104738162,0.0
1701.75132131229,0.0
3660.2518182939,0.0
2494.2173041529604,0.0
4146.1339765087605,0.0
3302.7549213893703,0.0
2997.21980821698,0.0
3553.05832398577,0.0
3671.6257956052505,0.0
3269.52559822079,0.0
3454.5322592826,0.0
4174.623015199621,0.0
2903.82135511646,0.0
3476.010909018189,0.0
3838.72813908534,0.0
2974.03391465121,0.0
2840.23555377695,0.0
4114.161317868579,0.0
3280.32709636357,0.0
3169.35921635219,0.0
3572.1229645907106,0.0
3361.64072626703,0.0
3353.20797261739,0.0
2997.41839597533,0.0
3188.30163993624,0.0
3874.0790447210297,0.0
3712.483870981429,0.0
3230.75674817464,0.0
4425.85124888897,0.0
4018.2589048339296,0.0
3091.83509263653,0.0
3309.39443586444,0.0
2008.03633251643,0.0
3643.7624389398,0.0
3435.48549360395,0.0
2960.03057848948,0.0
3027.59373530711,0.0
3083.2857814818603,0.0
3397.6521509220897,0.0
2539.5138804216,0.0
3292.90967701109,0.0
3103.3291685316603,0.0
2451.83906585061,0.0
2550.88842339978,0.0
3335.06962664092,0.0
2463.79149207426,0.0
1898.4136809919,0.0
1793.4889664734,0.0
2284.42217207818,0.0
2336.15612552068,0.0
2268.59466508736,0.0
1990.34254009534,0.0
1232.8944037746,0.0
1773.94313606809,0.0
2256.03570436257,0.0
885.4631619659699,0.0
1994.4766628978696,0.0
1091.54349505033,0.0
1530.07537339326,0.0
992.631312818459,0.0
1823.9886365142104,0.0
1198.95384678155,0.0
1549.94262377016,0.0
1006.50769224996,0.0
802.236796341144,0.0
623.545088028215,0.0
720.5079222313831,0.0
1000.02688625833,0.0
1659.41539799294,0.0
1297.16653561871,0.0
781.042920089639,0.0
1105.14612920563,0.0
583.2231777226519,0.0
717.0722576086391,0.0
1010.10452074207,0.0
2010.05373241339,0.0
1016.53380792988,0.0
959.405172249929,0.0
-5.48380124821597,0.0
1391.92339066419,0.0
1427.49584748827,0.0
286.420274448326,0.0
950.6281046335672,0.0
634.1764923173059,0.0
1039.63572422493,0.0
816.9017367557159,0.0
1458.50647513147,0.0
1167.85244568053,0.0
1151.53985568739,0.0
1312.87583643953,0.0
471.99708164811096,0.0
776.602707176673,0.0
1845.42407101405,0.0
1426.6219365403,0.0
1569.06238084238,0.0
900.433444313916,0.0
2395.92591373218,0.0
1371.63233863918,0.0
1848.53997060756,0.0
1615.73083872104,0.0
2159.97591954291,0.0
1495.19974854573,0.0
2327.17173340887,0.0
2408.3053929330604,0.0
1763.43228630323,0.0
1490.94039216264,0.0
2392.5213516989897,0.0
1366.50137063825,0.0
2677.51114528695,0.0
2763.9852713170003,0.0
2853.67192503902,0.0
2476.19996620458,0.0
3420.01548283594,0.0
2703.70058415015,0.0
2446.92444993804,0.0
2752.6590906273805,0.0
2472.72597015685,0.0
2535.9896243214603,0.0
3197.84045819289,0.0
3199.86393840793,0.0
3028.27705665125,0.0
3217.4166352981106,0.0
3301.1078311742,0.0
3296.1745597287395,0.0
4181.2494458504,0.0
3283.77210447782,0.0
3844.7638035804207,0.0
3475.42665220581,0.0
3226.29096152508,0.0
3312.05945586101,0.0
3784.7579706991296,0.0
3522.082920362029,0.0
3840.64168463113,0.0
3935.8768221411297,0.0
4112.3671753874605,0.0
3420.88129527722,0.0
4388.9878594526,0.0
3080.80224259653,0.0
3079.8982104554902,0.0
4305.39871315418,0.0
4342.392575967629,0.0
3371.2744530343,0.0
4021.46996654961,0.0
3271.2819053494395,0.0
4423.2896181656,0.0
3785.03990732064,0.0
3673.57552451003,0.0
3562.6082834656,0.0
3165.21422254442,0.0
3965.0323991678206,0.0
3584.28356860762,0.0
3737.5459226533794,0.0
3166.0513653916,0.0
3269.18568490084,0.0
3483.30443906854,0.0
2629.09761650912,0.0
2892.19630224602,0.0
2961.60750341595,0.0
3376.9395027463,0.0
2704.64353398436,0.0
2581.97243271728,0.0
3118.42605590276,0.0
2577.41707666028,0.0
3218.53419373056,0.0
2062.89079350498,0.0
2518.8109225483104,0.0
2276.6849568702696,0.0
2318.47831204823,0.0
2743.5497616380803,0.0
2666.48934152371,0.0
2005.20597377557,0.0
1489.7985199282098,0.0
1863.41394248263,0.0
2638.18393891332,0.0
2027.19831584216,0.0
1615.1363793335902,0.0
1907.37683565327,0.0
2170.68151790721,0.0
2520.53499558586,0.0
1937.57924245145,0.0
1266.65399143355,0.0
2522.67858391527,0.0
1593.3106095541198,0.0
2079.03469889624,0.0
1985.37333398467,0.0
603.376662941855,0.0
2038.99813422213,0.0
1300.68415022102,0.0
975.923861750256,0.0
1312.59760214834,0.0
1289.58878398796,0.0
1245.3032495828802,0.0
1157.4775204479402,0.0
1805.03195312576,0.0
1605.73480572818,0.0
1320.52317640546,0.0
949.396139337968,0.0
1683.0445555997303,0.0
1465.94963046738,0.0
1030.8815023092402,0.0
1014.76661516331,0.0
1130.96708341526,0.0
1187.52244523975,0.0
1430.0345239763,0.0
1658.7583817537195,0.0
1424.02339639543,0.0
695.9076564852099,0.0
1552.75190178203,0.0
1895.621594989,0.0
972.587131879656,0.0
788.0814360783991,0.0
1915.26239386325,0.0
1497.4255728614,0.0
1915.5264052824,0.0
1673.83955100587,0.0
2529.7458537512803,0.0
2378.87842559193,0.0
2225.71046258619,0.0
2367.77195650589,0.0
2485.85556971658,0.0
2628.61074096322,0.0
1874.95167354482,0.0
2959.3534000512605,0.0
1827.54032589196,0.0
1609.53153023501,0.0
2473.107615218,0.0
2877.98767868875,0.0
2861.6731515911897,0.0
3012.92473068303,0.0
2896.4611670994104,0.0
2688.69083460684,0.0
3062.80796744781,0.0
3803.2870616152704,0.0
3040.80207077818,0.0
3421.390416435,0.0
3489.81537704051,0.0
3851.05385843851,0.0
2987.53670352617,0.0
3339.1414695885496,0.0
3666.83195518425,0.0
3441.31379592843,0.0
3739.55593495916,0.0
3618.6060080561897,0.0
3385.33379785938,0.0
3168.0395429918,0.0
4192.19899241208,0.0
3947.24802928366,0.0
4246.68462054721,0.0
3051.07625747275,0.0
4433.3240482275605,0.0
4171.359989351379,0.0
3874.70393267891,0.0
4292.21802512418,0.0
4204.3419827936295,0.0
4357.18323642096,0.0
4324.14404180904,0.0
4182.12680929029,0.0
4172.9906327137605,0.0
3868.53699870706,0.0
4286.71750656095,0.0
3877.68231121685,0.0
4602.5283890232,0.0
4099.5303870902,0.0
4612.8049250836,0.0
3866.29085532659,0.0
3894.6990469785,0.0
4280.29251081214,0.0
4359.60257275738,0.0
3409.3100780497302,0.0
4157.07805247758,0.0
4213.92617071469,0.0
3547.02161991226,0.0
3953.86731680718,0.0
3355.1798079733303,0.0
3346.00014755839,0.0
3427.8886055092,0.0
3157.2124060188003,0.0
3964.8103482505103,0.0
3290.03820852612,0.0
3070.20116418332,0.0
2515.1964828503897,0.0
3129.09080302148,0.0
2720.24224128683,0.0
2794.42456199022,0.0
2746.0442605389003,0.0
2143.51628522978,0.0
2929.0863686681105,0.0
2754.9600461159,0.0
2763.08328648396,0.0
2185.3488567794298,0.0
1709.4231438698,0.0
3168.03950994123,0.0
2885.3520098998497,0.0
2068.72342982474,0.0
1608.02992194306,0.0
2048.44932301286,0.0
2043.17243661662,0.0
1168.3093711153,0.0
1829.1724530927304,0.0
1920.52769261104,0.0
2513.40898477603,0.0
1341.96857734406,0.0
2706.59330090939,0.0
2202.49962185866,0.0
1630.5567778913198,0.0
1468.45389609287,0.0
1745.01995815876,0.0
2064.2144229713,0.0
2103.69955459621,0.0
1577.18236141362,0.0
1170.43878165179,0.0
1911.03574750918,0.0
1876.88732337184,0.0
1211.49203202288,0.0
1021.39176463279,0.0
1393.3352216111402,0.0
1590.2755760588598,0.0
1364.98165799762,0.0
1050.19402311912,0.0
1144.51630667853,0.0
1833.18331758883,0.0
1802.22630706036,0.0
1689.67668599115,0.0
1321.97373791913,0.0
1556.45290566325,0.0
1206.35520667233,0.0
2059.1767245288697,0.0
1025.7799251417998,0.0
1693.46741251425,0.0
1745.95245021784,0.0
1640.16410980754,0.0
2941.51289417523,0.0
2900.6170597292603,0.0
1867.5210818270496,0.0
2316.73817949423,0.0
2336.50249373897,0.0
2451.81116048354,0.0
2538.8195806577696,0.0
2144.00406296239,0.0
1617.27053769251,0.0
2380.08548571909,0.0
2903.45820279373,0.0
2477.05777910744,0.0
2916.39969982218,0.0
2547.84223742017,0.0
3026.9017918717304,0.0
3207.15664662512,0.0
3120.28054004901,0.0
2750.52774751086,0.0
3710.71593593358,0.0
3287.77106965813,0.0
2874.8256547515302,0.0
3185.66016983782,0.0
3568.6066175024703,0.0
3262.71292801394,0.0
2929.92880436748,0.0
3317.84027307641,0.0
3748.4079752109496,0.0
3880.59295248081,0.0
4500.15178930951,0.0
3689.19250620541,0.0
3655.10284744965,0.0
3782.60545867328,0.0
4499.266143516071,0.0
3799.8332858379695,0.0
4134.25603707724,0.0
5058.60556490771,0.0
3741.5668798760207,0.0
3950.22338865122,0.0
4125.45356932305,0.0
3683.57739133286,0.0
4425.14702302949,0.0
3525.1315712350106,0.0
4209.97057235519,0.0
4022.00906222151,0.0
4086.90959041497,0.0
4824.41018313563,0.0
4645.13380261794,0.0
5063.41167327898,0.0
4754.1425414879295,0.0
4384.4736253464,0.0
4047.56749413136,0.0
4366.13783127819,0.0
4361.83291779752,0.0
4098.979940347629,0.0
3582.6358778761296,0.0
4432.09453583931,0.0
3768.1940570137895,0.0
3545.09473843506,0.0
4018.81310833632,0.0
3786.11772785244,0.0
4280.0660969850205,0.0
3673.27637881364,0.0
4231.79414418302,0.0
3838.63969751731,0.0
3739.8116392111,0.0
3503.77153917735,0.0
4006.42495163921,0.0
3277.12476460406,0.0
3125.3949587198,0.0
3404.77741774324,0.0
3330.54731885325,0.0
3979.8523132054497,0.0
3083.52921589867,0.0
3356.5574744129103,0.0
2944.6012102507107,0.0
3505.83884959745,0.0
3046.43869007481,0.0
3008.74379358044,0.0
2793.29651331383,0.0
2243.1229338633498,0.0
2298.09975014981,0.0
2700.00782099841,0.0
1997.22616226445,0.0
2842.67788063994,0.0
1770.83922910053,0.0
1755.72286933008,0.0
1715.99549964887,0.0
2158.49708765544,0.0
2509.57003532059,0.0
1396.46042906772,0.0
1815.47317382136,0.0
1965.90936970537,0.0
1262.17941624549,0.0
1759.27079407415,0.0
1751.90154915927,0.0
2219.62844020846,0.0
2046.24183436092,0.0
1232.76843918815,0.0
1283.830159996,0.0
1427.66449801233,0.0
870.905237827152,0.0
1244.22913932659,0.0
2034.1597012083496,0.0
1550.85298772927,0.0
2023.13956483954,0.0
2050.91423960094,0.0
1441.4244503624698,0.0
1579.11416896049,0.0
2549.7481331106,0.0
1672.1218044031198,0.0
1929.21200870208,0.0
2333.75569164988,0.0
1861.79855532032,0.0
2010.6025767846304,0.0
1497.36751062487,0.0
2845.41650788076,0.0
1781.9686116089,0.0
1671.57893977515,0.0
1971.4738992218104,0.0
2961.8713711709497,0.0
1607.05046767305,0.0
2297.99001959566,0.0
1952.56385771077,0.0
2101.5003385013897,0.0
2594.62587019535,0.0
2845.48583972906,0.0
3396.35585500478,0.0
2641.65788826544,0.0
3049.6167899341103,0.0
1840.01323205016,0.0
3083.21425758712,0.0
3763.02590996134,0.0
3382.04146341034,0.0
