16086.0,0.0
131630.0,0.0
136536.0,0.0
140413.0,0.0
143404.0,0.0
142333.0,0.0
138277.0,0.0
134153.0,0.0
124515.0,0.0
117517.0,0.0
114334.0,0.0
107953.0,0.0
103819.0,0.0
102258.0,0.0
102009.0,0.0
104915.0,0.0
106521.0,0.0
111524.0,0.0
113769.0,0.0
117296.0,0.0
123273.0,0.0
122827.0,0.0
125286.0,0.0
130052.0,0.0
129961.0,0.0
135154.0,0.0
137165.0,0.0
139941.0,0.0
144978.0,0.0
144720.0,0.0
143654.0,0.0
138286.0,0.0
127970.0,0.0
121041.0,0.0
114326.0,0.0
107115.0,0.0
106403.0,0.0
102375.0,0.0
102254.0,0.0
105341.0,0.0
110215.0,0.0
116369.0,0.0
121881.0,0.0
122903.0,0.0
123308.0,0.0
125735.0,0.0
126770.0,0.0
130959.0,0.0
132026.0,0.0
133953.0,0.0
142869.0,0.0
144353.0,0.0
143040.0,0.0
143016.0,0.0
144184.0,0.0
135161.0,0.0
128058.0,0.0
119774.0,0.0
113464.0,0.0
107756.0,0.0
105937.0,0.0
102356.0,0.0
96486.0,0.0
108588.0,0.0
112183.0,0.0
115470.0,0.0
119287.0,0.0
118465.0,0.0
121372.0,0.0
110185.0,0.0
125047.0,0.0
126313.0,0.0
131348.0,0.0
133770.0,0.0
134926.0,0.0
140519.0,0.0
138275.0,0.0
140001.0,0.0
142057.0,0.0
138887.0,0.0
128442.0,0.0
116147.0,0.0
108016.0,0.0
108543.0,0.0
103311.0,0.0
98410.0,0.0
96821.0,0.0
101815.0,0.0
107210.0,0.0
115459.0,0.0
119464.0,0.0
117310.0,0.0
124420.0,0.0
116815.0,0.0
123402.0,0.0
127210.0,0.0
134565.0,0.0
129510.0,0.0
136132.0,0.0
139276.0,0.0
140383.0,0.0
138138.0,0.0
139890.0,0.0
132687.0,0.0
124901.0,0.0
120215.0,0.0
112310.0,0.0
108158.0,0.0
101923.0,0.0
94529.0,0.0
101713.0,0.0
103339.0,0.0
108541.0,0.0
120618.0,0.0
118163.0,0.0
121721.0,0.0
125648.0,0.0
127013.0,0.0
128627.0,0.0
131148.0,0.0
132864.0,0.0
133705.0,0.0
136278.0,0.0
134255.0,0.0
133549.0,0.0
133366.0,0.0
133240.0,0.0
126738.0,0.0
124062.0,0.0
118509.0,0.0
110892.0,0.0
109018.0,0.0
106147.0,0.0
103228.0,0.0
103917.0,0.0
110402.0,0.0
113420.0,0.0
118739.0,0.0
124249.0,0.0
125140.0,0.0
124160.0,0.0
125813.0,0.0
129706.0,0.0
134793.0,0.0
138036.0,0.0
136507.0,0.0
140611.0,0.0
142100.0,0.0
149252.0,0.0
150895.0,0.0
149355.0,0.0
142378.0,0.0
135160.0,0.0
128630.0,0.0
121889.0,0.0
118573.0,0.0
112709.0,0.0
108580.0,0.0
110461.0,0.0
111196.0,0.0
119594.0,0.0
124156.0,0.0
128973.0,0.0
137590.0,0.0
138225.0,0.0
138158.0,0.0
142523.0,0.0
134828.0,0.0
151634.0,0.0
152326.0,0.0
159598.0,0.0
165650.0,0.0
161586.0,0.0
162512.0,0.0
158197.0,0.0
150192.0,0.0
142677.0,0.0
135680.0,0.0
128478.0,0.0
121243.0,0.0
117008.0,0.0
115035.0,0.0
115579.0,0.0
118644.0,0.0
124157.0,0.0
129138.0,0.0
131634.0,0.0
133767.0,0.0
137546.0,0.0
139333.0,0.0
143257.0,0.0
127018.0,0.0
143146.0,0.0
145381.0,0.0
147251.0,0.0
148820.0,0.0
148821.0,0.0
151693.0,0.0
150480.0,0.0
146922.0,0.0
134862.0,0.0
120789.0,0.0
114592.0,0.0
115596.0,0.0
110936.0,0.0
106252.0,0.0
106699.0,0.0
108498.0,0.0
115193.0,0.0
118560.0,0.0
125589.0,0.0
127152.0,0.0
129792.0,0.0
130537.0,0.0
136867.0,0.0
138269.0,0.0
139166.0,0.0
142950.0,0.0
147133.0,0.0
147654.0,0.0
149540.0,0.0
154009.0,0.0
155743.0,0.0
152443.0,0.0
141906.0,0.0
130606.0,0.0
122259.0,0.0
116822.0,0.0
114952.0,0.0
109469.0,0.0
109356.0,0.0
113701.0,0.0
118506.0,0.0
124725.0,0.0
126074.0,0.0
129255.0,0.0
133116.0,0.0
132102.0,0.0
134570.0,0.0
138782.0,0.0
138587.0,0.0
144528.0,0.0
145494.0,0.0
149862.0,0.0
152743.0,0.0
149847.0,0.0
153667.0,0.0
145338.0,0.0
138513.0,0.0
129647.0,0.0
122726.0,0.0
120333.0,0.0
113385.0,0.0
109936.0,0.0
110636.0,0.0
111744.0,0.0
114072.0,0.0
121951.0,0.0
125549.0,0.0
126188.0,0.0
132976.0,0.0
133982.0,0.0
133619.0,0.0
131118.0,0.0
140037.0,0.0
141818.0,0.0
143173.0,0.0
148380.0,0.0
149365.0,0.0
150402.0,0.0
151416.0,0.0
143140.0,0.0
134500.0,0.0
127414.0,0.0
121987.0,0.0
115079.0,0.0
107915.0,0.0
105217.0,0.0
101459.0,0.0
108202.0,0.0
113232.0,0.0
113073.0,0.0
123311.0,0.0
127092.0,0.0
130058.0,0.0
134964.0,0.0
134577.0,0.0
136081.0,0.0
141574.0,0.0
141257.0,0.0
142881.0,0.0
143704.0,0.0
145279.0,0.0
140315.0,0.0
142140.0,0.0
135832.0,0.0
130286.0,0.0
124090.0,0.0
118142.0,0.0
112105.0,0.0
106313.0,0.0
104258.0,0.0
103620.0,0.0
106851.0,0.0
112309.0,0.0
117549.0,0.0
122413.0,0.0
126403.0,0.0
127133.0,0.0
129096.0,0.0
131400.0,0.0
132151.0,0.0
127991.0,0.0
135364.0,0.0
150402.0,0.0
152509.0,0.0
150939.0,0.0
151026.0,0.0
149098.0,0.0
140515.0,0.0
133568.0,0.0
126544.0,0.0
120491.0,0.0
111430.0,0.0
106202.0,0.0
101439.0,0.0
100633.0,0.0
107167.0,0.0
114617.0,0.0
121507.0,0.0
127456.0,0.0
130960.0,0.0
131003.0,0.0
133491.0,0.0
132487.0,0.0
136501.0,0.0
137390.0,0.0
146212.0,0.0
151613.0,0.0
152630.0,0.0
153887.0,0.0
155575.0,0.0
153718.0,0.0
146175.0,0.0
138006.0,0.0
129897.0,0.0
125113.0,0.0
117813.0,0.0
115819.0,0.0
110684.0,0.0
99397.0,0.0
110211.0,0.0
115058.0,0.0
118366.0,0.0
122567.0,0.0
124544.0,0.0
133896.0,0.0
120994.0,0.0
52179.0,1.0
138940.0,0.0
139049.0,0.0
147468.0,0.0
149553.0,0.0
148809.0,0.0
151768.0,0.0
156450.0,0.0
154072.0,0.0
148146.0,0.0
138813.0,0.0
127199.0,0.0
118690.0,0.0
114315.0,0.0
110846.0,0.0
108704.0,0.0
109149.0,0.0
114158.0,0.0
120148.0,0.0
125814.0,0.0
126818.0,0.0
128373.0,0.0
134074.0,0.0
138344.0,0.0
138280.0,0.0
138942.0,0.0
138136.0,0.0
145470.0,0.0
150316.0,0.0
155055.0,0.0
153020.0,0.0
154508.0,0.0
160596.0,0.0
151875.0,0.0
143398.0,0.0
134965.0,0.0
126654.0,0.0
121993.0,0.0
118286.0,0.0
112916.0,0.0
111865.0,0.0
111396.0,0.0
115065.0,0.0
121852.0,0.0
125717.0,0.0
115973.0,0.0
104583.0,0.0
96481.0,0.0
101321.0,0.0
131385.0,0.0
134241.0,0.0
122555.0,0.0
133078.0,0.0
148300.0,0.0
144318.0,0.0
150972.0,0.0
157789.0,0.0
151714.0,0.0
142902.0,0.0
133093.0,0.0
126937.0,0.0
118982.0,0.0
115546.0,0.0
111486.0,0.0
110316.0,0.0
110398.0,0.0
114698.0,0.0
123596.0,0.0
126620.0,0.0
128348.0,0.0
130887.0,0.0
131210.0,0.0
135588.0,0.0
136580.0,0.0
135354.0,0.0
146752.0,0.0
147364.0,0.0
146308.0,0.0
147785.0,0.0
143784.0,0.0
141423.0,0.0
139523.0,0.0
135759.0,0.0
128090.0,0.0
117958.0,0.0
113650.0,0.0
103871.0,0.0
101633.0,0.0
108597.0,0.0
111396.0,0.0
118675.0,0.0
121615.0,0.0
129093.0,0.0
132064.0,0.0
136386.0,0.0
116397.0,0.0
145323.0,0.0
150189.0,0.0
145330.0,0.0
145454.0,0.0
147038.0,0.0
145532.0,0.0
144901.0,0.0
143579.0,0.0
145477.0,0.0
142619.0,0.0
136954.0,0.0
130297.0,0.0
123640.0,0.0
115363.0,0.0
113002.0,0.0
108265.0,0.0
105851.0,0.0
106450.0,0.0
112604.0,0.0
123360.0,0.0
128364.0,0.0
134259.0,0.0
136602.0,0.0
141475.0,0.0
142478.0,0.0
146142.0,0.0
147807.0,0.0
152075.0,0.0
153213.0,0.0
151879.0,0.0
158920.0,0.0
158236.0,0.0
158625.0,0.0
148263.0,0.0
139721.0,0.0
130024.0,0.0
123719.0,0.0
119330.0,0.0
111861.0,0.0
108931.0,0.0
109173.0,0.0
111096.0,0.0
115435.0,0.0
121291.0,0.0
125789.0,0.0
130682.0,0.0
134883.0,0.0
139716.0,0.0
143321.0,0.0
145800.0,0.0
146103.0,0.0
150540.0,0.0
151019.0,0.0
154697.0,0.0
161625.0,0.0
163162.0,0.0
148703.0,0.0
156768.0,0.0
143885.0,0.0
135310.0,0.0
126581.0,0.0
118357.0,0.0
113270.0,0.0
109560.0,0.0
111401.0,0.0
117634.0,0.0
124435.0,0.0
132463.0,0.0
133584.0,0.0
138128.0,0.0
144896.0,0.0
147219.0,0.0
143986.0,0.0
148253.0,0.0
146810.0,0.0
149462.0,0.0
154241.0,0.0
160355.0,0.0
167610.0,0.0
160897.0,0.0
160333.0,0.0
152313.0,0.0
144649.0,0.0
136254.0,0.0
125916.0,0.0
121374.0,0.0
117062.0,0.0
112457.0,0.0
111589.0,0.0
116308.0,0.0
124049.0,0.0
130734.0,0.0
134447.0,0.0
136806.0,0.0
141599.0,0.0
140582.0,0.0
145100.0,0.0
145712.0,0.0
144058.0,0.0
145433.0,0.0
154556.0,0.0
161705.0,0.0
161401.0,0.0
164296.0,0.0
164303.0,0.0
159049.0,0.0
152265.0,0.0
137281.0,0.0
128144.0,0.0
120013.0,0.0
114709.0,0.0
112593.0,0.0
114129.0,0.0
119544.0,0.0
127095.0,0.0
133460.0,0.0
134444.0,0.0
139022.0,0.0
140363.0,0.0
144326.0,0.0
145392.0,0.0
145290.0,0.0
147967.0,0.0
148628.0,0.0
151984.0,0.0
157457.0,0.0
157708.0,0.0
158230.0,0.0
159117.0,0.0
155716.0,0.0
124328.0,0.0
137140.0,0.0
127130.0,0.0
120673.0,0.0
112167.0,0.0
108203.0,0.0
110367.0,0.0
115840.0,0.0
120995.0,0.0
127744.0,0.0
131277.0,0.0
134875.0,0.0
137692.0,0.0
140954.0,0.0
137253.0,0.0
140324.0,0.0
141935.0,0.0
140854.0,0.0
142165.0,0.0
142069.0,0.0
146942.0,0.0
144894.0,0.0
147697.0,0.0
148103.0,0.0
130864.0,0.0
133622.0,0.0
121551.0,0.0
114276.0,0.0
109341.0,0.0
104551.0,0.0
103795.0,0.0
106514.0,0.0
113115.0,0.0
120835.0,0.0
125481.0,0.0
129967.0,0.0
135468.0,0.0
135633.0,0.0
138283.0,0.0
137857.0,0.0
140838.0,0.0
144193.0,0.0
146101.0,0.0
145055.0,0.0
149248.0,0.0
144306.0,0.0
116132.0,0.0
140451.0,0.0
128007.0,0.0
120863.0,0.0
117777.0,0.0
111674.0,0.0
108136.0,0.0
96826.0,0.0
103526.0,0.0
105507.0,0.0
109913.0,0.0
118010.0,0.0
123902.0,0.0
130735.0,0.0
131517.0,0.0
132649.0,0.0
132696.0,0.0
131002.0,0.0
134702.0,0.0
133467.0,0.0
138008.0,0.0
139616.0,0.0
137765.0,0.0
144901.0,0.0
142711.0,0.0
139110.0,0.0
134762.0,0.0
124170.0,0.0
116565.0,0.0
108853.0,0.0
108437.0,0.0
106671.0,0.0
110108.0,0.0
111892.0,0.0
119324.0,0.0
126910.0,0.0
127420.0,0.0
132330.0,0.0
136114.0,0.0
139035.0,0.0
139128.0,0.0
135446.0,0.0
139019.0,0.0
144384.0,0.0
131660.0,0.0
73699.0,0.0
108141.0,0.0
172562.0,0.0
160841.0,0.0
155280.0,0.0
140314.0,0.0
133787.0,0.0
122740.0,0.0
119069.0,0.0
112905.0,0.0
107837.0,0.0
106278.0,0.0
106389.0,0.0
117352.0,0.0
123722.0,0.0
122254.0,0.0
118980.0,0.0
120543.0,0.0
116415.0,0.0
122022.0,0.0
124178.0,0.0
126995.0,0.0
130833.0,0.0
134220.0,0.0
134301.0,0.0
140608.0,0.0
143321.0,0.0
136015.0,0.0
131527.0,0.0
123845.0,0.0
114249.0,0.0
104774.0,0.0
99977.0,0.0
93819.0,0.0
92570.0,0.0
96937.0,0.0
102141.0,0.0
109452.0,0.0
114738.0,0.0
115497.0,0.0
113742.0,0.0
121068.0,0.0
123091.0,0.0
122694.0,0.0
122296.0,0.0
101597.0,0.0
122323.0,0.0
129136.0,0.0
131953.0,0.0
136495.0,0.0
129054.0,0.0
130166.0,0.0
125642.0,0.0
116469.0,0.0
109226.0,0.0
103326.0,0.0
101153.0,0.0
98657.0,0.0
93446.0,0.0
94769.0,0.0
101098.0,0.0
107144.0,0.0
108175.0,0.0
110488.0,0.0
104171.0,0.0
108818.0,0.0
92548.0,0.0
103385.0,0.0
115634.0,0.0
114953.0,0.0
117304.0,0.0
125102.0,0.0
133463.0,0.0
136747.0,0.0
135057.0,0.0
135891.0,0.0
128669.0,0.0
121769.0,0.0
114293.0,0.0
107455.0,0.0
99110.0,0.0
97082.0,0.0
93705.0,0.0
92513.0,0.0
93530.0,0.0
101971.0,0.0
107919.0,0.0
112169.0,0.0
113141.0,0.0
117148.0,0.0
117544.0,0.0
122967.0,0.0
124510.0,0.0
127253.0,0.0
108293.0,0.0
130684.0,0.0
131068.0,0.0
133395.0,0.0
133578.0,0.0
136697.0,0.0
127710.0,0.0
127625.0,0.0
37998.0,1.0
8792.0,1.0
101093.0,0.0
97658.0,0.0
94331.0,0.0
95175.0,0.0
99035.0,0.0
104068.0,0.0
109450.0,0.0
111492.0,0.0
116361.0,0.0
119567.0,0.0
123629.0,0.0
123173.0,0.0
123147.0,0.0
126258.0,0.0
121349.0,0.0
119901.0,0.0
122732.0,0.0
125235.0,0.0
122147.0,0.0
119651.0,0.0
116025.0,0.0
115330.0,0.0
108165.0,0.0
102591.0,0.0
95299.0,0.0
94907.0,0.0
91153.0,0.0
94125.0,0.0
98110.0,0.0
100593.0,0.0
88997.0,0.0
109755.0,0.0
114220.0,0.0
112849.0,0.0
116725.0,0.0
119920.0,0.0
120488.0,0.0
121645.0,0.0
124427.0,0.0
131382.0,0.0
131714.0,0.0
133302.0,0.0
133035.0,0.0
134467.0,0.0
121724.0,0.0
113554.0,0.0
104658.0,0.0
99021.0,0.0
97558.0,0.0
97035.0,0.0
91269.0,0.0
92540.0,0.0
99755.0,0.0
103619.0,0.0
107626.0,0.0
111730.0,0.0
112485.0,0.0
116046.0,0.0
114119.0,0.0
118692.0,0.0
120741.0,0.0
123766.0,0.0
126083.0,0.0
124414.0,0.0
127547.0,0.0
132450.0,0.0
134906.0,0.0
131092.0,0.0
124792.0,0.0
118382.0,0.0
111251.0,0.0
105909.0,0.0
100245.0,0.0
96894.0,0.0
92578.0,0.0
92882.0,0.0
95676.0,0.0
101482.0,0.0
103838.0,0.0
107025.0,0.0
109622.0,0.0
112826.0,0.0
107654.0,0.0
108626.0,0.0
110862.0,0.0
113281.0,0.0
118041.0,0.0
125086.0,0.0
126084.0,0.0
131620.0,0.0
129210.0,0.0
132633.0,0.0
126494.0,0.0
113235.0,0.0
106317.0,0.0
98355.0,0.0
94660.0,0.0
90144.0,0.0
85733.0,0.0
87454.0,0.0
91622.0,0.0
97714.0,0.0
98754.0,0.0
101842.0,0.0
101512.0,0.0
103020.0,0.0
103964.0,0.0
107970.0,0.0
104428.0,0.0
110047.0,0.0
110789.0,0.0
114355.0,0.0
117769.0,0.0
120257.0,0.0
118323.0,0.0
115760.0,0.0
112157.0,0.0
102073.0,0.0
93647.0,0.0
87248.0,0.0
82571.0,0.0
82277.0,0.0
80436.0,0.0
80594.0,0.0
82502.0,0.0
86713.0,0.0
91870.0,0.0
96942.0,0.0
94542.0,0.0
101921.0,0.0
103510.0,0.0
106994.0,0.0
108236.0,0.0
108858.0,0.0
109785.0,0.0
109353.0,0.0
117680.0,0.0
121769.0,0.0
121260.0,0.0
124017.0,0.0
115017.0,0.0
106821.0,0.0
97845.0,0.0
90353.0,0.0
84069.0,0.0
82700.0,0.0
79453.0,0.0
81914.0,0.0
88076.0,0.0
92196.0,0.0
94359.0,0.0
95388.0,0.0
97111.0,0.0
100226.0,0.0
97989.0,0.0
103691.0,0.0
104005.0,0.0
105248.0,0.0
110045.0,0.0
115850.0,0.0
115087.0,0.0
114720.0,0.0
113267.0,0.0
116977.0,0.0
112729.0,0.0
102797.0,0.0
90969.0,0.0
86162.0,0.0
81912.0,0.0
81273.0,0.0
78855.0,0.0
79831.0,0.0
81564.0,0.0
91595.0,0.0
97651.0,0.0
99707.0,0.0
101960.0,0.0
104491.0,0.0
109588.0,0.0
108232.0,0.0
107145.0,0.0
108136.0,0.0
112539.0,0.0
115055.0,0.0
116000.0,0.0
118212.0,0.0
130163.0,0.0
143186.0,0.0
142865.0,0.0
138654.0,0.0
127711.0,0.0
123704.0,0.0
117287.0,0.0
111165.0,0.0
111477.0,0.0
112446.0,0.0
114106.0,0.0
118436.0,0.0
127486.0,0.0
134672.0,0.0
137076.0,0.0
138494.0,0.0
149153.0,0.0
148486.0,0.0
148091.0,0.0
151302.0,0.0
155754.0,0.0
155578.0,0.0
158616.0,0.0
161951.0,0.0
165316.0,0.0
161788.0,0.0
157876.0,0.0
146820.0,0.0
136463.0,0.0
127493.0,0.0
124331.0,0.0
119298.0,0.0
116844.0,0.0
117055.0,0.0
120835.0,0.0
125271.0,0.0
129082.0,0.0
135392.0,0.0
135592.0,0.0
140244.0,0.0
144129.0,0.0
145259.0,0.0
146097.0,0.0
148750.0,0.0
153223.0,0.0
152146.0,0.0
155109.0,0.0
171842.0,0.0
164440.0,0.0
160700.0,0.0
155925.0,0.0
145340.0,0.0
133205.0,0.0
127379.0,0.0
121298.0,0.0
117642.0,0.0
113553.0,0.0
114487.0,0.0
120982.0,0.0
126705.0,0.0
132582.0,0.0
134137.0,0.0
134736.0,0.0
140396.0,0.0
141007.0,0.0
143787.0,0.0
148904.0,0.0
148737.0,0.0
151667.0,0.0
154635.0,0.0
160726.0,0.0
169297.0,0.0
169358.0,0.0
170926.0,0.0
164638.0,0.0
150494.0,0.0
137062.0,0.0
129710.0,0.0
123921.0,0.0
114766.0,0.0
111285.0,0.0
111467.0,0.0
116021.0,0.0
105229.0,0.0
101717.0,0.0
113467.0,0.0
120694.0,0.0
127857.0,0.0
129450.0,0.0
131866.0,0.0
130290.0,0.0
136021.0,0.0
136703.0,0.0
139485.0,0.0
142791.0,0.0
145969.0,0.0
148062.0,0.0
149966.0,0.0
141841.0,0.0
133121.0,0.0
1059.0,1.0
115826.0,0.0
107254.0,0.0
89188.0,1.0
89397.0,1.0
98135.0,0.0
104430.0,0.0
105199.0,0.0
116850.0,0.0
112109.0,0.0
112097.0,0.0
120626.0,0.0
125758.0,0.0
124406.0,0.0
118316.0,0.0
123952.0,0.0
128404.0,0.0
128255.0,0.0
132744.0,0.0
130703.0,0.0
153200.0,0.0
136311.0,0.0
146444.0,0.0
141942.0,0.0
132505.0,0.0
121912.0,0.0
111827.0,0.0
101882.0,0.0
101036.0,0.0
99565.0,0.0
102833.0,0.0
113816.0,0.0
119543.0,0.0
114235.0,0.0
121314.0,0.0
120497.0,0.0
126385.0,0.0
129362.0,0.0
135218.0,0.0
135615.0,0.0
140644.0,0.0
138771.0,0.0
143351.0,0.0
151033.0,0.0
153250.0,0.0
154961.0,0.0
149460.0,0.0
139678.0,0.0
130836.0,0.0
124722.0,0.0
120331.0,0.0
106637.0,0.0
107166.0,0.0
104319.0,0.0
105935.0,0.0
114558.0,0.0
129768.0,0.0
126586.0,0.0
132796.0,0.0
137163.0,0.0
140239.0,0.0
143770.0,0.0
148204.0,0.0
144882.0,0.0
148210.0,0.0
149590.0,0.0
145332.0,0.0
146830.0,0.0
145189.0,0.0
146071.0,0.0
140634.0,0.0
132214.0,0.0
124946.0,0.0
115416.0,0.0
114087.0,0.0
112583.0,0.0
108237.0,0.0
107070.0,0.0
106122.0,0.0
111789.0,0.0
119548.0,0.0
124198.0,0.0
130123.0,0.0
134421.0,0.0
137325.0,0.0
140131.0,0.0
140551.0,0.0
143702.0,0.0
144381.0,0.0
140154.0,0.0
145649.0,0.0
150987.0,0.0
154142.0,0.0
155449.0,0.0
147263.0,0.0
137333.0,0.0
128281.0,0.0
122283.0,0.0
116780.0,0.0
112111.0,0.0
111242.0,0.0
109861.0,0.0
112999.0,0.0
116787.0,0.0
120309.0,0.0
122890.0,0.0
122283.0,0.0
128520.0,0.0
129954.0,0.0
134319.0,0.0
132311.0,0.0
134699.0,0.0
140754.0,0.0
139565.0,0.0
140919.0,0.0
148079.0,0.0
159454.0,0.0
168336.0,0.0
162948.0,0.0
146989.0,0.0
137347.0,0.0
130663.0,0.0
121909.0,0.0
117123.0,0.0
115430.0,0.0
114810.0,0.0
122082.0,0.0
124783.0,0.0
125469.0,0.0
125788.0,0.0
128976.0,0.0
129276.0,0.0
130448.0,0.0
129542.0,0.0
132519.0,0.0
132033.0,0.0
122641.0,0.0
134564.0,0.0
142241.0,0.0
149852.0,0.0
142609.0,0.0
166615.0,0.0
156872.0,0.0
151973.0,0.0
144195.0,0.0
131076.0,0.0
130935.0,0.0
125855.0,0.0
123081.0,0.0
121319.0,0.0
124768.0,0.0
126039.0,0.0
131391.0,0.0
128115.0,0.0
131779.0,0.0
132895.0,0.0
138101.0,0.0
137551.0,0.0
143078.0,0.0
143780.0,0.0
155081.0,0.0
159909.0,0.0
167888.0,0.0
167333.0,0.0
162322.0,0.0
164531.0,0.0
160025.0,0.0
149984.0,0.0
139775.0,0.0
131411.0,0.0
122887.0,0.0
124499.0,0.0
122953.0,0.0
124959.0,0.0
129717.0,0.0
136037.0,0.0
137487.0,0.0
145675.0,0.0
118894.0,0.0
147566.0,0.0
147952.0,0.0
63961.0,1.0
138238.0,0.0
126354.0,0.0
121465.0,0.0
157896.0,0.0
155893.0,0.0
170978.0,0.0
169830.0,0.0
166916.0,0.0
153425.0,0.0
143029.0,0.0
136409.0,0.0
128145.0,0.0
119769.0,0.0
117963.0,0.0
118779.0,0.0
114759.0,0.0
121613.0,0.0
128612.0,0.0
138482.0,0.0
140402.0,0.0
147687.0,0.0
147684.0,0.0
145603.0,0.0
148166.0,0.0
149681.0,0.0
152666.0,0.0
158985.0,0.0
159840.0,0.0
167899.0,0.0
165495.0,0.0
163735.0,0.0
154682.0,0.0
154622.0,0.0
147926.0,0.0
137572.0,0.0
131933.0,0.0
121895.0,0.0
117683.0,0.0
115623.0,0.0
118404.0,0.0
127023.0,0.0
130065.0,0.0
131374.0,0.0
138481.0,0.0
140755.0,0.0
142098.0,0.0
152096.0,0.0
151613.0,0.0
153779.0,0.0
153923.0,0.0
152997.0,0.0
160144.0,0.0
160338.0,0.0
157594.0,0.0
159179.0,0.0
158227.0,0.0
152887.0,0.0
141381.0,0.0
136156.0,0.0
127855.0,0.0
123147.0,0.0
120900.0,0.0
113764.0,0.0
110876.0,0.0
118668.0,0.0
127824.0,0.0
131050.0,0.0
131040.0,0.0
132928.0,0.0
140428.0,0.0
143465.0,0.0
146737.0,0.0
150251.0,0.0
150468.0,0.0
159754.0,0.0
157800.0,0.0
160377.0,0.0
163412.0,0.0
160434.0,0.0
158967.0,0.0
148016.0,0.0
141545.0,0.0
137559.0,0.0
128962.0,0.0
119012.0,0.0
117770.0,0.0
115271.0,0.0
113130.0,0.0
117156.0,0.0
128671.0,0.0
138136.0,0.0
143734.0,0.0
143843.0,0.0
146682.0,0.0
152772.0,0.0
142774.0,0.0
149050.0,0.0
149996.0,0.0
147045.0,0.0
153441.0,0.0
158720.0,0.0
163687.0,0.0
171205.0,0.0
166488.0,0.0
158904.0,0.0
152775.0,0.0
141452.0,0.0
131603.0,0.0
123938.0,0.0
122093.0,0.0
116786.0,0.0
117597.0,0.0
122682.0,0.0
127572.0,0.0
134497.0,0.0
137995.0,0.0
145564.0,0.0
150053.0,0.0
151940.0,0.0
150621.0,0.0
151496.0,0.0
149574.0,0.0
147590.0,0.0
146137.0,0.0
155144.0,0.0
159152.0,0.0
167091.0,0.0
164146.0,0.0
159134.0,0.0
150337.0,0.0
141348.0,0.0
132629.0,0.0
126571.0,0.0
121007.0,0.0
114415.0,0.0
120928.0,0.0
122568.0,0.0
128671.0,0.0
137368.0,0.0
141216.0,0.0
141409.0,0.0
146669.0,0.0
144500.0,0.0
148886.0,0.0
144748.0,0.0
147838.0,0.0
147518.0,0.0
145811.0,0.0
171277.0,0.0
186276.0,0.0
188233.0,0.0
190127.0,0.0
177183.0,0.0
168257.0,0.0
160976.0,0.0
155694.0,0.0
147496.0,0.0
140769.0,0.0
138864.0,0.0
138761.0,0.0
137510.0,0.0
146312.0,0.0
151634.0,0.0
158038.0,0.0
163525.0,0.0
166873.0,0.0
166668.0,0.0
158488.0,0.0
162333.0,0.0
164375.0,0.0
140322.0,0.0
158336.0,0.0
178014.0,0.0
186576.0,0.0
183495.0,0.0
183014.0,0.0
181487.0,0.0
168641.0,0.0
156262.0,0.0
151197.0,0.0
141157.0,0.0
135633.0,0.0
129922.0,0.0
110199.0,0.0
117186.0,0.0
121876.0,0.0
133468.0,0.0
137840.0,0.0
153372.0,0.0
167790.0,0.0
165125.0,0.0
174195.0,0.0
168670.0,0.0
