9.229168308865802,0.0
9.3121273092147,0.0
9.149372478697,0.0
8.9457696685697,0.0
8.7204205790144,0.0
9.0178102288589,0.0
9.250385881212198,0.0
9.5570418830618,0.0
9.461960252039,0.0
9.3822802238753,0.0
9.0239867982874,0.0
9.3301686907121,0.0
9.0164476032713,0.0
10.234602387366,0.0
8.8229918729676,0.0
8.8412084206161,0.0
8.963533240837199,0.0
8.6507954818161,0.0
8.5251248477567,0.0
8.5957302193547,0.0
8.8203608181909,0.0
8.5616841674103,0.0
8.599906511208,0.0
8.385823238966099,0.0
8.7268846532118,0.0
8.58280573712,0.0
8.7302348250805,0.0
8.635625992335699,0.0
8.4568399674282,0.0
8.2348791713568,0.0
8.396275327766201,0.0
8.7057468945154,0.0
9.0750546401154,0.0
8.858376818039998,0.0
8.694822423439,0.0
8.919933538167,0.0
9.5359005293721,0.0
9.6505864543998,0.0
9.1552065845232,0.0
9.3572104170172,0.0
9.852960042027,0.0
9.103178647539,0.0
9.165582439021,0.0
9.0556331692711,0.0
9.1051740517267,0.0
8.885800798496,0.0
9.030257453841198,0.0
9.2301495821261,0.0
9.1407744915859,0.0
9.251867721165,0.0
9.3131145442525,0.0
9.0015939303041,0.0
9.734185787751802,0.0
8.902729280960001,0.0
9.3046758550674,0.0
9.1739576879593,0.0
9.8552981704603,0.0
9.4238857348344,0.0
8.9043661716199,0.0
9.0919928960414,0.0
9.021124002222,0.0
9.5074493131531,0.0
9.2723845273813,0.0
9.7589768289328,0.0
9.0570337176126,0.0
9.3750735824966,0.0
9.5900750793252,0.0
9.7507478482456,0.0
9.800448950316,0.0
10.001232134719,0.0
9.6385822588258,0.0
9.7221552560185,0.0
9.7398756368651,0.0
9.550480770035,0.0
9.8514682469861,0.0
9.9468799689222,0.0
10.79172395926,0.0
9.4666210529578,0.0
9.5435989722612,0.0
9.8588052411987,0.0
9.7278705376642,0.0
9.8482244124405,0.0
10.178207826909,0.0
9.788767480366198,0.0
9.8914640099977,0.0
9.3499825950887,0.0
9.0995687363095,0.0
8.843744298070801,0.0
9.129670523191,0.0
8.745790787054599,0.0
8.772242458583401,0.0
9.1423879961651,0.0
9.0042374434307,0.0
9.0594625120316,0.0
9.087148797735,0.0
9.0342118082859,0.0
8.6686154002195,0.0
8.6880338617476,0.0
9.2321323189908,0.0
9.1848112441439,0.0
8.9713188598451,0.0
8.8864384792089,0.0
9.3455123131236,0.0
9.0248186053923,0.0
9.67198302112,0.0
9.8580882815115,0.0
10.045697748326,0.0
9.8077687210745,0.0
9.8982398020559,0.0
9.4400471379249,0.0
9.4112295701997,0.0
9.7280975575798,0.0
9.4814963912466,0.0
9.240982075406,0.0
9.1249848979606,0.0
8.9812943904192,0.0
9.2939239873506,0.0
8.6214475122954,0.0
8.8875593686261,0.0
8.6515369788452,0.0
8.7995940778482,0.0
8.863242756345802,0.0
9.1968844477934,0.0
8.9072672234059,0.0
9.054338653514698,0.0
8.8300164199487,0.0
8.8164036844224,0.0
9.3533152552255,0.0
9.4583455261233,0.0
10.299493144911,0.0
9.6153223101777,0.0
9.4545071025823,0.0
9.498882618011802,0.0
9.3695519779649,0.0
8.9303603332069,0.0
8.8684328783078,0.0
8.903593985332,0.0
8.8429584686066,0.0
8.9030177188599,0.0
8.7593846897605,0.0
8.781718171419598,0.0
8.9377967844111,0.0
8.5392388145154,0.0
9.9590228982219,0.0
8.9137950629672,0.0
9.603567263436,0.0
8.7130616445305,0.0
8.7028642315216,0.0
8.506431275394501,0.0
9.0735342642091,0.0
8.6863507860586,0.0
9.6210530279351,0.0
9.484764297128802,0.0
9.5931965154438,0.0
10.733578087678,0.0
9.301637078924802,0.0
9.2086280132391,0.0
9.3984158703124,0.0
9.4487684720947,0.0
9.1633005689744,0.0
9.2100186121801,0.0
8.933930497734599,0.0
8.7493915140049,0.0
9.1687343222105,0.0
9.0978735288296,0.0
9.2750452627565,0.0
8.8128214978583,0.0
9.183186498636,0.0
9.350793275214,0.0
9.2241464192386,0.0
10.008232143883,0.0
9.6775169101602,0.0
9.1493166795408,0.0
9.208019947855,0.0
9.390232470894698,0.0
10.254769132789,0.0
9.5098594370385,0.0
9.9750129615552,0.0
10.052851206298,0.0
9.8246037751661,0.0
9.5734964435665,0.0
9.4949177920849,0.0
9.3440061379303,0.0
9.460107806330802,0.0
9.2827082412954,0.0
9.3101806524262,0.0
9.5145383028446,0.0
9.5510886017455,0.0
9.1870767501228,0.0
9.4210515899908,0.0
9.2628817658137,0.0
9.3761811817541,0.0
9.6813511306238,0.0
9.342748173284802,0.0
9.1116989041753,0.0
9.2086990721666,0.0
8.6690310214208,0.0
9.0495322686655,0.0
9.6192648752332,0.0
9.45653679021,0.0
9.2582636921648,0.0
9.1553887709425,0.0
9.4224225526315,0.0
9.638381177847402,0.0
9.0463502835765,0.0
9.7198484152735,0.0
10.940057627198,0.0
10.04056598257,0.0
10.313367368709,0.0
9.9489808851969,0.0
9.972781677095,0.0
10.024446472828,0.0
10.969537625427,0.0
9.9440639480394,0.0
9.3653542231842,0.0
9.120654647812302,0.0
8.8360145700388,0.0
8.8798818176689,0.0
9.0264956217286,0.0
10.156296619903,0.0
9.124651567876,0.0
9.1760314190184,0.0
8.863280419734199,0.0
8.8990460879708,0.0
9.8575757683221,0.0
10.535102416391,0.0
11.008931451123,0.0
9.3075216842983,0.0
9.3213421924566,0.0
9.6293106165006,0.0
9.7467204970272,0.0
8.8864985502405,0.0
8.923832868626802,0.0
9.0579800004333,0.0
8.9570042883812,0.0
8.8637887659539,0.0
8.985721054307598,0.0
9.0491685767646,0.0
9.6396186554608,0.0
9.4147909616248,0.0
9.0887716794005,0.0
8.7993420352036,0.0
9.0419571665781,0.0
9.059806750385698,0.0
9.3598805122672,0.0
8.985807966577301,0.0
9.2138739013245,0.0
9.1248711853874,0.0
9.4857070493477,0.0
10.184731329284,0.0
9.6564664939793,0.0
10.167312499521,0.0
9.648934026059,0.0
9.5243779810139,0.0
10.171889306648,0.0
9.7992176180147,0.0
9.8446162577616,0.0
9.4332890273561,0.0
9.4442659451788,0.0
9.1642452035917,0.0
9.1985072355235,0.0
8.9429166498076,0.0
9.4061383244612,0.0
8.941162282976402,0.0
8.6060935849711,0.0
8.647752600061999,0.0
8.774052298413599,0.0
9.1966034086925,0.0
9.1843121700156,0.0
8.8539770916576,0.0
9.3084540379476,0.0
9.2541441230189,0.0
9.4880656723572,0.0
9.0637450349279,0.0
9.5522392063092,0.0
9.9979851985272,0.0
9.4238080551094,0.0
10.231408067434,0.0
9.0109101256763,0.0
9.0683714783056,0.0
9.0571904000099,0.0
8.838410401046,0.0
8.6498160850932,0.0
8.568963019967299,0.0
8.821946240898301,0.0
8.9969731799758,0.0
9.653522241437802,0.0
8.697513638849902,0.0
8.840996289491802,0.0
8.6986620431509,0.0
10.125755474853,0.0
8.8265352698025,0.0
9.2531647491628,0.0
8.4000944554431,0.0
9.5931677318885,0.0
9.6447338073015,0.0
10.136648671077,0.0
10.040299791066,0.0
10.05586770262,0.0
9.8827520604239,0.0
9.5308807458854,0.0
10.224688221996,0.0
8.8172696623641,0.0
9.07507939525,0.0
9.1030901318797,0.0
9.1040677029463,0.0
9.3168070504805,0.0
9.3274118473608,0.0
9.321744839366,0.0
8.883595925095,0.0
9.135167313652,0.0
8.5539968652553,0.0
8.414039347717098,0.0
8.3877852038038,0.0
8.699520220258,0.0
8.4877066700205,0.0
8.6516841485372,0.0
8.7979533508096,0.0
8.4873685693738,0.0
8.5997537609073,0.0
9.1333082997268,0.0
8.9377572458183,0.0
8.6896702383119,0.0
8.9921457964905,0.0
8.8651827157923,0.0
8.8967861835071,0.0
8.598891052501001,0.0
9.3044891987572,0.0
9.2766801153606,0.0
9.4054046058214,0.0
9.1464282406013,0.0
9.4342620898713,0.0
9.5390759421663,0.0
9.1470979370245,0.0
9.007777211072,0.0
8.9587461210385,0.0
9.259727311003,0.0
8.597760599902099,0.0
8.9971201412864,0.0
9.3248927975474,0.0
8.7534873484624,0.0
8.6156289601545,0.0
8.7492353475099,0.0
9.2712051782399,0.0
9.0044052271899,0.0
9.0435035261037,0.0
9.0762462824276,0.0
8.9600998821965,0.0
9.2725777596221,0.0
9.1005262549308,0.0
8.8144836860856,0.0
9.3261689145411,0.0
8.9719525087995,0.0
8.7189318052868,0.0
8.7087312385336,0.0
8.9355328800713,0.0
8.876204403297,0.0
8.833903484002699,0.0
9.1552675784621,0.0
8.7573469161006,0.0
9.0287787803525,0.0
9.0424402629969,0.0
8.887989786209301,0.0
10.003951526091,0.0
8.8128204388686,0.0
8.9082765832141,0.0
8.7034446324603,0.0
9.845815705786698,0.0
9.298897551640302,0.0
9.5401652795698,0.0
9.348477962308,0.0
9.6696241912629,0.0
9.364099792749,0.0
8.897193556965801,0.0
8.703057853269101,0.0
9.2545043096884,0.0
9.161460279341,0.0
8.6887099792903,0.0
8.802337900324499,0.0
8.7299292881073,0.0
8.7408994908621,0.0
8.9502219148904,0.0
8.7911389931781,0.0
8.522628388946499,0.0
8.9253666707332,0.0
8.830891991862698,0.0
8.843382649164901,0.0
8.844815420415301,0.0
8.7494839401421,0.0
8.358379734207,0.0
8.9521753892801,0.0
9.872959450591098,0.0
10.020254728636,0.0
9.1522296412392,0.0
9.0075125758201,0.0
9.0099244771979,0.0
10.27429195928,0.0
9.2975734913917,0.0
9.1781419807873,0.0
9.2374984521955,0.0
10.279065640273,0.0
10.060453937028,0.0
9.2606505594431,0.0
8.8336336868155,0.0
9.079528304009,0.0
10.387119625984,0.0
9.9357544174339,0.0
8.4691854969979,0.0
9.0253181112531,0.0
8.9651401073509,0.0
8.540782073294599,0.0
8.764327713332799,0.0
8.6437172132228,0.0
8.3905509495242,0.0
8.7014719807774,0.0
8.7035850050555,0.0
8.855766334643,0.0
8.7265694641331,0.0
8.7649521568355,0.0
9.0894313903787,0.0
8.8475993904703,0.0
9.2879353634073,0.0
9.2642225711683,0.0
9.0826839102593,0.0
9.1851441905234,0.0
8.881516043526199,0.0
8.953028733395,0.0
8.7458370612291,0.0
8.928825692327301,0.0
8.991872252594401,0.0
8.927677219813301,0.0
8.8749571291351,0.0
8.8447737761821,0.0
9.3069431222111,0.0
9.3535952410144,0.0
8.8130443966298,0.0
8.6755952227888,0.0
8.206226444894,0.0
9.3990598983065,0.0
8.4379744946544,0.0
8.9211003419605,0.0
9.0264158243356,0.0
8.7301424123175,0.0
8.654376868199499,0.0
8.989608820932599,0.0
8.966410440037,0.0
9.6157698374615,0.0
8.7909088877845,0.0
8.856148650413001,0.0
8.3306045938186,0.0
8.520899649044301,0.0
8.361279507854299,0.0
8.642036493597901,0.0
8.5501413417644,0.0
9.004416279907,0.0
8.1555687258341,0.0
8.3446982983042,0.0
9.6806178223188,0.0
8.579922068622299,0.0
8.434522323832299,0.0
9.5797678734152,0.0
8.0560521812687,0.0
8.5454602725669,0.0
8.658581134441599,0.0
8.8581568249558,0.0
10.142574897365,0.0
9.5733371879222,0.0
9.0146013696003,0.0
9.240023692645698,0.0
9.0439348689463,0.0
9.1075642257118,0.0
8.6654518457776,0.0
8.5191307339686,0.0
8.734806615237401,0.0
8.4212333718175,0.0
8.7557772925651,0.0
8.5957483182818,0.0
8.8779735200379,0.0
9.1427386112193,0.0
8.8439852990197,0.0
9.5116734621481,0.0
8.6720993666654,0.0
8.899610362191199,0.0
8.8418685574655,0.0
8.8372643593177,0.0
8.689836693854799,0.0
8.853483263874,0.0
9.2524960214119,0.0
9.503577643093,0.0
9.5094145046019,0.0
8.972102555238099,0.0
9.1749791868327,0.0
9.2526206318203,0.0
9.3980911658769,0.0
9.295209320573,0.0
10.460883760226,0.0
9.4466514180316,0.0
8.9561182183665,0.0
8.6192824407099,0.0
9.5368523740586,0.0
8.8791268090224,0.0
8.693525040729,0.0
8.732537222105401,0.0
8.6701681448938,0.0
10.013640157192,0.0
8.7755455734297,0.0
9.116792888417,0.0
9.0946724033258,0.0
8.8993866187392,0.0
10.016618906074,0.0
9.0298634989678,0.0
9.1924843080023,0.0
9.2803070148175,0.0
9.097970261982,0.0
8.7937356115602,0.0
8.8630360879449,0.0
9.0862013100028,0.0
9.157367480526402,0.0
8.5779838887686,0.0
8.9416180545524,0.0
8.9371177901491,0.0
8.7670615393973,0.0
8.8264969508491,0.0
8.4043130359811,0.0
8.641355339678901,0.0
8.9958229915382,0.0
8.1942713429873,0.0
9.4282315210173,0.0
8.9191161750542,0.0
8.9816411611782,0.0
9.4920917619646,0.0
8.8882512556604,0.0
9.6263078649661,0.0
8.912192824419801,0.0
9.4576542568137,0.0
9.0045964187179,0.0
9.1962013549442,0.0
9.104263084943698,0.0
9.2838296291113,0.0
9.377407653542802,0.0
9.6673229133124,0.0
9.7815585127944,0.0
9.3860876744853,0.0
9.2768920056517,0.0
9.6766725805283,0.0
9.3067533838374,0.0
9.3837970720142,0.0
9.7011241185642,0.0
10.314869393897,0.0
10.085769591779,0.0
9.850866799689198,0.0
9.5264281629455,0.0
8.813843311370599,0.0
9.3308248935486,0.0
9.4676501795815,0.0
9.4041132956788,0.0
8.847521594164599,0.0
8.7829587728876,0.0
8.669396879276201,0.0
8.6995084029199,0.0
8.774297667539999,0.0
8.710658115083799,0.0
8.9597456671757,0.0
8.901868816577599,0.0
9.3776196321305,0.0
9.005081548891999,0.0
9.1688874149255,0.0
10.126546349677,0.0
9.3623789961846,0.0
9.4002647111942,0.0
9.0187729153721,0.0
8.7869292482697,0.0
9.0552904305993,0.0
9.0095504013695,0.0
9.007419599835,0.0
8.944897899794698,0.0
9.9014622596686,0.0
8.7688871518819,0.0
8.7303260822073,0.0
9.084894097076,0.0
8.448923182662599,0.0
8.667322479299202,0.0
8.7445339308544,0.0
8.4932099535934,0.0
9.0137918246018,0.0
8.7517017878553,0.0
9.2537985247936,0.0
9.1258936862448,0.0
9.0646072761998,0.0
9.1618984304517,0.0
9.7607111527575,0.0
9.5990422286747,0.0
9.858807295511,0.0
9.6705846004566,0.0
9.2923203942479,0.0
8.7384966126977,0.0
9.3357656956566,0.0
8.4431295631303,0.0
8.8677862092072,0.0
8.718812670450799,0.0
8.650887173660701,0.0
8.6834219580713,0.0
9.1876632480539,0.0
9.1919076780602,0.0
8.9266392361465,0.0
8.7841038089854,0.0
8.9795851940767,0.0
9.1288379611592,0.0
9.527831048032,0.0
9.6487584035321,0.0
9.3976974064732,0.0
9.0320033200178,0.0
8.8365205999312,0.0
9.4871750915431,0.0
9.4100920679246,0.0
9.0936045539112,0.0
9.5106091843148,0.0
9.3616285252007,0.0
9.4200248317905,0.0
9.3082770109646,0.0
9.131045296022402,0.0
9.2793429828382,0.0
9.1854841426261,0.0
8.6296249071681,0.0
8.761900215156,0.0
9.1156719607574,0.0
8.819408771936901,0.0
8.7426600529039,0.0
8.832437558616698,0.0
8.7018298265202,0.0
8.936694645616999,0.0
8.647892053142801,0.0
8.7269949932074,0.0
9.2179475835365,0.0
8.787805184336099,0.0
8.8425159364664,0.0
10.006016048667,0.0
9.3293591971371,0.0
9.1099006616042,0.0
9.1709492667478,0.0
9.3028853370196,0.0
9.3214083808426,0.0
8.954134779614199,0.0
9.1098515614858,0.0
8.786232583200999,0.0
9.0969836107974,0.0
9.4073169698312,0.0
8.5962349663487,0.0
8.555338793747799,0.0
8.9620292831176,0.0
9.2849554351258,0.0
9.6332876070569,0.0
8.5627701692532,0.0
8.8703038348861,0.0
8.8769044876558,0.0
8.2819321244233,0.0
8.488270800251401,0.0
9.0865445693509,0.0
9.280539602391,0.0
9.0246514174576,0.0
9.3132223031679,0.0
9.2842501903375,0.0
8.8240458709194,0.0
8.6560969404176,0.0
8.9543817353641,0.0
8.665235700655,0.0
8.3687683489533,0.0
8.4715913237569,0.0
8.703849589877,0.0
8.6091789703746,0.0
8.6031086037032,0.0
8.4701736922516,0.0
8.8137959119491,0.0
8.8857484331946,0.0
9.0805802955871,0.0
8.833576332558199,0.0
8.6158576070381,0.0
8.2203841012648,0.0
8.4044791584506,0.0
8.5921458634972,0.0
8.5312693413852,0.0
9.1270997921378,0.0
8.943396076899699,0.0
9.1790869988678,0.0
9.4680862188462,0.0
9.1207812393648,0.0
8.8072847558904,0.0
8.9058097350927,0.0
9.1017202670808,0.0
8.943890623012098,0.0
8.9673666602908,0.0
8.853660820243,0.0
8.766795195965202,0.0
9.1602071170178,0.0
9.0944615155446,0.0
8.816000078359599,0.0
8.4289775554477,0.0
9.1155725572737,0.0
9.1619469854001,0.0
8.5522593910884,0.0
8.5327438899029,0.0
8.842409852399198,0.0
8.5707597828413,0.0
9.0808564292224,0.0
8.5171141962193,0.0
8.8077963249245,0.0
8.7807564345506,0.0
9.3184935873559,0.0
9.1502193722666,0.0
8.7505159824793,0.0
8.653005394517901,0.0
8.5612273348102,0.0
8.486581390046,0.0
8.8647058011121,0.0
10.009368927922,0.0
9.3581898651358,0.0
9.4909341347239,0.0
9.3531714433472,0.0
9.2917725356319,0.0
9.631909754381,0.0
9.6566900138346,0.0
9.8232017965426,0.0
9.9271411883706,0.0
10.135431744553,0.0
9.8227711401193,0.0
9.9344064358246,0.0
9.428698607106,0.0
9.5303601971105,0.0
9.7497699190529,0.0
9.8215474480862,0.0
10.204552566157,0.0
10.342650624192,0.0
9.8641125572653,0.0
9.7678405678954,0.0
9.8817414648459,0.0
10.303288775584,0.0
10.294338825651,0.0
10.129911121919,0.0
10.040781123691,0.0
10.255688301967,0.0
9.9988021221985,0.0
9.7554258314497,0.0
9.936836026672902,0.0
9.613345959596302,0.0
9.6473973837554,0.0
9.4812487997309,0.0
9.5084932182375,0.0
9.314619985649,0.0
9.6580598830356,0.0
9.705607584808698,0.0
9.7963438333167,0.0
9.4242870490713,0.0
9.0872914498936,0.0
9.460839639427,0.0
9.5812368576584,0.0
9.2249662764519,0.0
8.853677655177199,0.0
9.3169662523071,0.0
9.505574016538098,0.0
9.678215588657,0.0
9.8579382432792,0.0
9.5677199552785,0.0
9.6467730674619,0.0
9.5519506728382,0.0
9.488655784735,0.0
9.5142106944094,0.0
9.106373627317,0.0
9.228120811029802,0.0
9.1649487816445,0.0
9.1860606414552,0.0
9.609376435404402,0.0
9.5452607982157,0.0
9.8502227428245,0.0
9.3597782852435,0.0
9.7083729933639,0.0
9.7528864701923,0.0
9.4945465887057,0.0
9.163192385173,0.0
8.973544861104198,0.0
8.6669659512898,0.0
9.1702771524271,0.0
9.0983839250232,0.0
8.9986175832846,0.0
9.3994158325058,0.0
9.5955546562181,0.0
9.6012240246282,0.0
9.3921952675448,0.0
9.4235516589591,0.0
9.2528277245605,0.0
9.2996400782011,0.0
9.7128648024886,0.0
9.1152126143471,0.0
9.4997083307721,0.0
9.5517703941017,0.0
9.532573360983,0.0
9.4102029063887,0.0
9.5081847331587,0.0
9.5781202960297,0.0
9.4904387215088,0.0
8.9203991702256,0.0
9.0182317710015,0.0
9.8110706842143,0.0
8.5875186434937,0.0
8.6014809953591,0.0
8.875177038556199,0.0
9.2961281356884,0.0
10.620138270357,0.0
10.567053135002,0.0
9.9442342758312,0.0
9.713838476269,0.0
9.6270406158283,0.0
9.4486005621958,0.0
9.6003069385241,0.0
9.391272926906,0.0
9.7607238600387,0.0
9.2788129587749,0.0
9.6330597314938,0.0
10.788875396716,0.0
9.5811047437951,0.0
9.4175885157296,0.0
9.3437845545402,0.0
9.4118672062196,0.0
10.011121419785,0.0
9.7167998325482,0.0
9.356934659813,0.0
9.0975241950429,0.0
8.8918046580603,0.0
8.871946660761,0.0
8.640275431345401,0.0
9.1172308125033,0.0
8.895492954016,0.0
9.8972857488033,0.0
9.5145163609302,0.0
9.3519569863248,0.0
9.7225118876982,0.0
9.1190244781288,0.0
9.53406828644,0.0
9.5918673103436,0.0
9.1658792630134,0.0
9.6089969651835,0.0
9.618839314608,0.0
9.4603299966241,0.0
9.6583313285042,0.0
9.7859631549068,0.0
9.7256304683995,0.0
9.4183196967649,0.0
9.587296801419,0.0
9.466539804800698,0.0
9.3567065110862,0.0
9.3260649166033,0.0
9.1861275472115,0.0
8.7668647260554,0.0
9.1739170245881,0.0
8.0428287532363,0.0
8.141086747302001,0.0
9.3665324948839,0.0
9.3050467228092,0.0
9.1892783062001,0.0
9.2704663532337,0.0
9.3638067859293,0.0
9.6904665309065,0.0
9.4374624983024,0.0
9.5810474293674,0.0
10.052011422009,0.0
10.169202260732,0.0
10.287607360511,0.0
9.9227626661417,0.0
10.13805939468,0.0
9.8053548033019,0.0
9.6503699294418,0.0
9.5476941707884,0.0
9.3279851412798,0.0
8.719335797980799,0.0
8.85194326267,0.0
8.681283107929701,0.0
8.8986925351181,0.0
9.2327836904217,0.0
8.917037684355499,0.0
8.1423507024765,0.0
9.0179654144158,0.0
9.464789478569,0.0
8.932517464794099,0.0
9.1734772937885,0.0
9.3206659380572,0.0
9.253682829386,0.0
9.384342242799198,0.0
9.461943356253698,0.0
9.0037133298251,0.0
9.1648902847669,0.0
10.209529047033,0.0
9.0129220109958,0.0
8.9392576186827,0.0
8.9697781535135,0.0
8.8329442109869,0.0
9.2554814269969,0.0
8.7707303050434,0.0
8.557531978013001,0.0
8.7190639487667,0.0
8.5913787436807,0.0
8.1117982237131,0.0
8.8954167806936,0.0
8.569269679906599,0.0
9.0018179260691,0.0
8.835226775070199,0.0
9.1092830591849,0.0
9.4763053862854,0.0
9.5526222251525,0.0
9.5809834740743,0.0
9.9205725961173,0.0
9.6589480520966,0.0
10.226291781593,0.0
9.4169438367025,0.0
9.7729392227751,0.0
10.154851930731,0.0
9.9910023667036,0.0
9.9340229277678,0.0
9.7012856760082,0.0
9.1122410208838,0.0
9.002118036227198,0.0
8.5227563805626,0.0
8.1689525826859,0.0
8.5859265449158,0.0
8.1755298546015,0.0
8.588624362663099,0.0
8.414788327069,0.0
8.8329785153819,0.0
9.0827794602531,0.0
9.2832743103371,0.0
9.468768937923,0.0
9.0861197487533,0.0
9.3723966374333,0.0
9.5072252539874,0.0
9.3915076607263,0.0
9.5147092773915,0.0
9.4652951750025,0.0
9.1858790470344,0.0
9.1134468022875,0.0
8.8807195866882,0.0
9.1351222751674,0.0
8.9581022109291,0.0
9.2816410345725,0.0
9.2863673103731,0.0
9.4452587362598,0.0
8.9284893660425,0.0
9.2924045708082,0.0
8.897716628759,0.0
9.008845583486,0.0
9.3025989448005,0.0
9.443842120093,0.0
9.8169460596828,0.0
9.5105361910624,0.0
9.7907709802666,0.0
9.9386783429116,0.0
9.7613133347622,0.0
9.8125832215823,0.0
9.674913835516,0.0
9.7549633764889,0.0
9.8369584360243,0.0
9.3736116298117,0.0
9.4572671513686,0.0
9.5740577719992,0.0
10.49362841936,0.0
9.4385061413855,0.0
9.342672916873902,0.0
9.455994219895,0.0
9.4949772845236,0.0
9.2464123332524,0.0
9.0713939407108,0.0
8.9347146362025,0.0
9.0571684092932,0.0
9.0600356499165,0.0
8.4909201023685,0.0
8.713292030211,0.0
9.0883482762195,0.0
9.5820850718415,0.0
10.125188600015,0.0
10.301144013846,0.0
9.8962919931975,0.0
10.301593037782,0.0
10.246139686384,0.0
10.223700046116,0.0
10.117853001398,0.0
9.921498680068302,0.0
9.8072216821444,0.0
9.9226372610677,0.0
10.020592913439,0.0
9.7941874759388,0.0
10.149188384445,0.0
10.484500533433,0.0
10.18227860764,0.0
10.158109456911,0.0
10.06099264158,0.0
10.222187243198,0.0
9.7634700551692,0.0
9.319218076708,0.0
8.6968888937493,0.0
8.190463454814001,0.0
8.5741536472538,0.0
9.5398222581328,0.0
8.4351391508453,0.0
8.8982050189308,0.0
9.2404981169948,0.0
9.3417386446491,0.0
9.3459911186446,0.0
9.682663693187,0.0
9.4584688471448,0.0
9.5221928645585,0.0
9.6519587874106,0.0
9.439390528712,0.0
9.1941118805272,0.0
9.391118932823,0.0
9.3514572052345,0.0
9.1229465880023,0.0
9.0632476817838,0.0
9.1126676157647,0.0
8.6368927481527,0.0
9.1530209754054,0.0
9.3478950987648,0.0
9.098577860665,0.0
8.9340716244585,0.0
9.001056601758199,0.0
8.905168563213,0.0
9.1799398279714,0.0
9.3060937067665,0.0
9.4344555223209,0.0
9.4546720460353,0.0
9.428528852536,0.0
9.2116002194793,0.0
9.2298893381649,0.0
9.1326726994042,0.0
9.3718002662077,0.0
9.22397712138,0.0
9.2293853725751,0.0
9.2440171318695,0.0
9.3513916934139,0.0
9.371907829836,0.0
9.563410560404,0.0
9.3404157549615,0.0
9.4780850019391,0.0
9.3572030316354,0.0
9.170979767872302,0.0
9.433067484505802,0.0
9.4011530309712,0.0
9.3042672472092,0.0
9.1559430194491,0.0
9.1832273945256,0.0
9.2186064903618,0.0
9.7325824413665,0.0
9.8227128305184,0.0
9.5899232157852,0.0
9.4541561135423,0.0
9.5243124574055,0.0
9.786770731639098,0.0
9.5525674748693,0.0
9.4551622827688,0.0
9.3760279586349,0.0
9.4065280506234,0.0
9.4782822849114,0.0
9.7649361713019,0.0
9.4905600593139,0.0
9.1760169794379,0.0
9.5254695180534,0.0
8.7144684464492,0.0
8.8112019575474,0.0
8.8634263395404,0.0
9.2149387465044,0.0
8.9992629466454,0.0
9.1920601968863,0.0
9.206017800623,0.0
9.6372396508639,0.0
9.1420045955511,0.0
9.4489226615237,0.0
9.4242381879411,0.0
9.3612430363082,0.0
9.5909442764814,0.0
9.6200601723901,0.0
9.515730885777698,0.0
9.5036576176236,0.0
9.4359317629369,0.0
9.1443971819333,0.0
8.7678081559209,0.0
9.0843801660457,0.0
9.4951520686233,0.0
9.2630056910814,0.0
9.111222355762802,0.0
9.0393247448785,0.0
9.3954115559177,0.0
8.7325500056059,0.0
9.2282651866675,0.0
9.3343986395771,0.0
9.3855371775506,0.0
10.110839296742,0.0
9.1797161793141,0.0
9.1977044273423,0.0
9.3336056823969,0.0
9.7010640950155,0.0
9.291740888023302,0.0
9.1423891955549,0.0
9.631947351046,0.0
9.280419035273802,0.0
10.755942918624,0.0
9.604279906655,0.0
9.701927948318,0.0
9.5229957134385,0.0
9.2646217048384,0.0
10.21073698393,0.0
10.471736249147,0.0
9.3483650219499,0.0
9.320740655547,0.0
8.9110371357253,0.0
10.367176395109,0.0
9.2162172363111,0.0
8.9469769712882,0.0
9.2393584576013,0.0
9.2736518107338,0.0
8.9122525272502,0.0
9.023488157049698,0.0
9.044409597875,0.0
9.3297853419954,0.0
9.3347985765915,0.0
9.8069262626952,0.0
10.673677805204,0.0
9.6956618435883,0.0
9.4767282674515,0.0
10.17091409783,0.0
9.5543899045209,0.0
9.4496755948767,0.0
9.9182105188858,0.0
8.869748469082,0.0
9.5688076842584,0.0
8.8434838352943,0.0
10.013969544228,0.0
9.255656437605,0.0
9.1189744180934,0.0
9.8512237137444,0.0
9.0145359450215,0.0
8.9184152530243,0.0
9.2435680498757,0.0
8.735034676316,0.0
8.448320278645399,0.0
8.732236983047201,0.0
9.0988972371974,0.0
10.056961681683,0.0
10.676952934583,0.0
9.3733386533604,0.0
9.3332087263286,0.0
9.347450068548,0.0
9.0941527131604,0.0
9.147655316970802,0.0
9.4367166339728,0.0
9.2980936676537,0.0
9.3743105040344,0.0
9.9021645536322,0.0
9.6492788677355,0.0
9.5682825303754,0.0
9.5227060314754,0.0
8.892488716266099,0.0
9.3660541801567,0.0
9.0096249615868,0.0
9.4512176492278,0.0
9.3470745584382,0.0
9.3227680012906,0.0
8.848555378185,0.0
8.8392090372806,0.0
8.6804519355834,0.0
8.860853383192302,0.0
9.0610372407788,0.0
9.1560275351213,0.0
9.044422981232598,0.0
9.1558078679953,0.0
9.3445058377302,0.0
9.0197770851338,0.0
8.9739227147131,0.0
9.021070181938,0.0
8.8615006086215,0.0
9.0657830698489,0.0
9.0630831171977,0.0
8.922587446669,0.0
8.6873367721157,0.0
8.757665029281,0.0
8.6811875043418,0.0
8.9345720629957,0.0
10.020285051365,0.0
9.1503753752742,0.0
9.0087590194766,0.0
8.9103120145162,0.0
9.2257376464251,0.0
9.1298035705513,0.0
9.2584864338318,0.0
9.1517463280515,0.0
9.4422386342622,0.0
9.2105346507214,0.0
9.3333282772761,0.0
8.9830624099897,0.0
9.2114701190686,0.0
9.1151207105036,0.0
8.970452757016501,0.0
9.0751232910735,0.0
9.4181743034081,0.0
9.1370924901373,0.0
9.9304529527775,0.0
8.748770950575599,0.0
9.1314527574671,0.0
8.8624954808996,0.0
9.050626746656,0.0
8.8651601204052,0.0
8.8917863878889,0.0
9.414503161499,0.0
8.607303652920299,0.0
8.7612183720464,0.0
8.8279972639838,0.0
9.5282320742207,0.0
9.1634666538369,0.0
9.2661764461279,0.0
9.0568072510906,0.0
9.3759404170679,0.0
8.892675959589198,0.0
9.1695931118096,0.0
9.2052286607644,0.0
9.735177646048,0.0
9.9972909377618,0.0
10.001686873732,0.0
9.9043454663012,0.0
9.9038594075993,0.0
9.6630553842737,0.0
8.4937788895393,0.0
8.47533722568,0.0
8.5615823429685,0.0
7.8295074701,0.0
9.0616117422978,0.0
8.5689631907474,0.0
8.9311217641083,0.0
8.8479982676788,0.0
9.1901241041233,0.0
8.706556424846701,0.0
8.6815388185749,0.0
9.6656197682837,0.0
9.0600872214438,0.0
8.8775768810968,0.0
9.9106780114745,0.0
8.7426507392979,0.0
8.8644034918314,0.0
8.7848104130006,0.0
8.798555227549802,0.0
8.7744578345353,0.0
8.8231196240092,0.0
9.206474121497,0.0
9.007991457908,0.0
8.770763200885499,0.0
9.9582661178074,0.0
9.0076095205568,0.0
9.0822737313981,0.0
9.1547565016617,0.0
9.1120642913331,0.0
8.8918624283502,0.0
8.8305761342893,0.0
9.7193376276841,0.0
9.4884773282661,0.0
9.181994440997302,0.0
9.4463897051535,0.0
9.4351111980945,0.0
9.2378607516911,0.0
9.6283517808284,0.0
9.1559603655423,0.0
9.4228294780088,0.0
9.4983970524871,0.0
10.010303010956,0.0
9.3299207378269,0.0
9.3012697029989,0.0
9.3175398858538,0.0
9.3726268707333,0.0
9.1284420237475,0.0
8.989374430465901,0.0
8.879079057258402,0.0
9.0494107954484,0.0
9.3064765550263,0.0
10.064339471901,0.0
9.1418803500249,0.0
9.1212813229501,0.0
8.560443733433699,0.0
8.8383699139372,0.0
9.096749322518,0.0
8.8087585019286,0.0
9.0419391378853,0.0
8.8946325502267,0.0
8.8248623046959,0.0
9.2842493497241,0.0
9.4267879151959,0.0
9.4165001733881,0.0
9.6519722983467,0.0
9.499457732541,0.0
9.610319803133098,0.0
9.5573818520273,0.0
9.253371179879,0.0
9.3378427325567,0.0
9.2553569698362,0.0
8.9117761247088,0.0
8.8912639019213,0.0
9.0580887059833,0.0
9.3140722628582,0.0
9.3352035113611,0.0
9.3078844729656,0.0
9.3422599630205,0.0
9.3209202599274,0.0
9.412684849009802,0.0
9.1575712490381,0.0
9.0016333491838,0.0
8.9283925370393,0.0
8.6749792539682,0.0
9.0270499191912,0.0
8.997851108634501,0.0
9.099864431270902,0.0
9.3256421974351,0.0
9.3236759666013,0.0
9.210082808170698,0.0
8.939189813310001,0.0
9.232608138617302,0.0
8.7220994346958,0.0
9.8808371363426,0.0
8.8940888202081,0.0
8.7544220642211,0.0
8.8804300775929,0.0
8.909428203324099,0.0
8.9386097281385,0.0
8.9175213421445,0.0
9.1882782594725,0.0
9.052051921868,0.0
8.857983879953801,0.0
8.9284793377584,0.0
8.5651745103071,0.0
8.5439986188236,0.0
8.8259494581664,0.0
9.0392556417696,0.0
8.856557419197099,0.0
8.5386018204683,0.0
8.559612251342,0.0
9.1815250256529,0.0
8.9203870898774,0.0
9.0429676865253,0.0
9.0222765073725,0.0
9.008739301614302,0.0
8.9344019045608,0.0
8.9680243194942,0.0
9.015144288088,0.0
8.7697787579818,0.0
9.1809650690775,0.0
9.3528993503678,0.0
8.7954923780599,0.0
9.005482987686198,0.0
9.0546004941647,0.0
9.0743733644311,0.0
9.2176128549641,0.0
8.923104552417302,0.0
9.502071735891802,0.0
8.9124161317159,0.0
8.9866284864826,0.0
9.286054862053,0.0
8.9859475309197,0.0
9.1673587894561,0.0
9.3493626376929,0.0
9.3607828164662,0.0
9.415279941779,0.0
9.6570244670059,0.0
9.4027748598462,0.0
9.5874337146256,0.0
9.3179502681627,0.0
9.3999596853218,0.0
9.5331376444982,0.0
9.2644706552186,0.0
9.0225978587567,0.0
9.4217969101595,0.0
9.0107484151118,0.0
9.8782324698521,0.0
9.1495795339854,0.0
8.8357399449583,0.0
8.9265426051875,0.0
10.247050951559,0.0
9.4009613327137,0.0
9.1525090508067,0.0
9.1265796723264,0.0
9.2027312305508,0.0
9.327126426267,0.0
9.2055723829002,0.0
9.5303362051051,0.0
9.6274522798335,0.0
9.6076832294128,0.0
9.4947342765962,0.0
9.2312995514274,0.0
9.5458383189385,0.0
9.1996602897848,0.0
8.7044903949354,0.0
8.5458180705862,0.0
8.4607898074897,0.0
8.7988766431263,0.0
8.8613377698496,0.0
9.7827336294024,0.0
8.515566701287,0.0
8.566618507141,0.0
8.7680864846389,0.0
8.635672989943298,0.0
8.7075997785558,0.0
8.8682974759024,0.0
8.8220360778567,0.0
9.2203656564047,0.0
8.9770061705835,0.0
9.2950038582667,0.0
9.2769646330204,0.0
9.6486863151554,0.0
10.150490596664,0.0
9.979320155541,0.0
10.045017783646,0.0
10.054230106386,0.0
9.9817842303361,0.0
10.281750639045,0.0
9.3015312315974,0.0
9.366251733666,0.0
9.8820531552495,0.0
9.7224285829859,0.0
9.7482818869494,0.0
9.9376040164671,0.0
10.802591608281,0.0
10.369770270447,0.0
11.266202442982,0.0
10.226825272305,0.0
10.348342286258,0.0
12.430010361211,1.0
13.062524659884,1.0
13.623981074644,1.0
13.250437328799,1.0
13.371388404763,1.0
13.518553052734,1.0
14.080839527452,1.0
14.460024531326,1.0
14.126151574584,1.0
14.408046471276,1.0
14.185176196077002,1.0
14.256168468534998,1.0
14.187112466454,1.0
