12715.0,0.0
12736.0,0.0
12716.0,0.0
12739.0,0.0
12737.0,0.0
12857.0,0.0
12884.0,0.0
12894.0,0.0
12675.0,0.0
13260.0,0.0
13470.0,0.0
13060.0,0.0
12949.0,0.0
13035.0,0.0
12980.0,0.0
13677.0,0.0
13381.0,0.0
12737.0,0.0
12554.0,0.0
12470.0,0.0
12490.0,0.0
12539.0,0.0
12530.0,0.0
13002.0,0.0
12989.0,0.0
13038.0,0.0
13011.0,0.0
12984.0,0.0
13079.0,0.0
13048.0,0.0
13096.0,0.0
13003.0,0.0
13057.0,0.0
13023.0,0.0
13033.0,0.0
13034.0,0.0
13068.0,0.0
13057.0,0.0
13047.0,0.0
13795.0,0.0
13528.0,0.0
13032.0,0.0
13084.0,0.0
13000.0,0.0
13008.0,0.0
12978.0,0.0
13067.0,0.0
13086.0,0.0
13023.0,0.0
13046.0,0.0
13032.0,0.0
13012.0,0.0
13051.0,0.0
12979.0,0.0
13025.0,0.0
13007.0,0.0
13036.0,0.0
13043.0,0.0
13023.0,0.0
13022.0,0.0
13033.0,0.0
13024.0,0.0
13048.0,0.0
13740.0,0.0
13540.0,0.0
12724.0,0.0
13070.0,0.0
13106.0,0.0
13025.0,0.0
13074.0,0.0
13079.0,0.0
13184.0,0.0
13194.0,0.0
13191.0,0.0
13059.0,0.0
13169.0,0.0
13114.0,0.0
13037.0,0.0
13179.0,0.0
13152.0,0.0
13095.0,0.0
13144.0,0.0
13170.0,0.0
13162.0,0.0
13117.0,0.0
13129.0,0.0
13386.0,0.0
13929.0,0.0
13385.0,0.0
13106.0,0.0
13113.0,0.0
13155.0,0.0
13186.0,0.0
13151.0,0.0
13156.0,0.0
12813.0,0.0
12821.0,0.0
12867.0,0.0
12837.0,0.0
12911.0,0.0
12842.0,0.0
12905.0,0.0
12993.0,0.0
12974.0,0.0
13039.0,0.0
13322.0,0.0
13606.0,0.0
13536.0,0.0
13341.0,0.0
13360.0,0.0
13450.0,0.0
14102.0,0.0
14026.0,0.0
13162.0,0.0
13118.0,0.0
12953.0,0.0
12854.0,0.0
12952.0,0.0
12915.0,0.0
11994.0,0.0
11868.0,0.0
11977.0,0.0
11874.0,0.0
11913.0,0.0
11933.0,0.0
11844.0,0.0
11968.0,0.0
11996.0,0.0
12006.0,0.0
12225.0,0.0
12482.0,0.0
12289.0,0.0
12219.0,0.0
12282.0,0.0
12367.0,0.0
13042.0,0.0
12665.0,0.0
12133.0,0.0
12023.0,0.0
11847.0,0.0
11980.0,0.0
12026.0,0.0
11852.0,0.0
12152.0,0.0
12148.0,0.0
12236.0,0.0
12155.0,0.0
12113.0,0.0
12175.0,0.0
12103.0,0.0
12206.0,0.0
12239.0,0.0
12398.0,0.0
12582.0,0.0
12705.0,0.0
12555.0,0.0
12476.0,0.0
12706.0,0.0
12671.0,0.0
13277.0,0.0
12757.0,0.0
12401.0,0.0
12248.0,0.0
12156.0,0.0
12210.0,0.0
11983.0,0.0
12374.0,0.0
12230.0,0.0
12200.0,0.0
12135.0,0.0
12131.0,0.0
12165.0,0.0
12193.0,0.0
12165.0,0.0
12304.0,0.0
12275.0,0.0
12369.0,0.0
12569.0,0.0
12766.0,0.0
12621.0,0.0
12611.0,0.0
12618.0,0.0
12631.0,0.0
13121.0,0.0
12871.0,0.0
12252.0,0.0
12155.0,0.0
12186.0,0.0
12179.0,0.0
12109.0,0.0
12142.0,0.0
12145.0,0.0
12162.0,0.0
12165.0,0.0
12125.0,0.0
12097.0,0.0
12099.0,0.0
12140.0,0.0
12188.0,0.0
12157.0,0.0
12128.0,0.0
12190.0,0.0
12151.0,0.0
12214.0,0.0
12275.0,0.0
12164.0,0.0
12120.0,0.0
12693.0,0.0
12624.0,0.0
12163.0,0.0
12100.0,0.0
12162.0,0.0
12106.0,0.0
12156.0,0.0
12120.0,0.0
12420.0,0.0
12417.0,0.0
12450.0,0.0
12395.0,0.0
12382.0,0.0
12438.0,0.0
12363.0,0.0
12393.0,0.0
12399.0,0.0
12456.0,0.0
12442.0,0.0
12481.0,0.0
12432.0,0.0
12403.0,0.0
12406.0,0.0
12462.0,0.0
13034.0,0.0
12830.0,0.0
12439.0,0.0
12541.0,0.0
12462.0,0.0
12394.0,0.0
12507.0,0.0
12512.0,0.0
12093.0,0.0
12197.0,0.0
12138.0,0.0
12174.0,0.0
12163.0,0.0
12096.0,0.0
12166.0,0.0
12187.0,0.0
12246.0,0.0
12335.0,0.0
12556.0,0.0
12652.0,0.0
12646.0,0.0
12803.0,0.0
12570.0,0.0
12633.0,0.0
13146.0,0.0
12994.0,0.0
12314.0,0.0
12193.0,0.0
12127.0,0.0
12140.0,0.0
12174.0,0.0
12180.0,0.0
12861.0,0.0
12957.0,0.0
12981.0,0.0
12958.0,0.0
12913.0,0.0
12939.0,0.0
12933.0,0.0
13006.0,0.0
13091.0,0.0
13201.0,0.0
13520.0,0.0
13675.0,0.0
13594.0,0.0
13466.0,0.0
13448.0,0.0
13492.0,0.0
14123.0,0.0
13839.0,0.0
13335.0,0.0
13196.0,0.0
13047.0,0.0
13008.0,0.0
12763.0,0.0
12949.0,0.0
13009.0,0.0
13008.0,0.0
12890.0,0.0
13004.0,0.0
12918.0,0.0
12910.0,0.0
12915.0,0.0
13121.0,0.0
13076.0,0.0
13096.0,0.0
13339.0,0.0
13635.0,0.0
13493.0,0.0
13402.0,0.0
13417.0,0.0
13382.0,0.0
14199.0,0.0
13973.0,0.0
13284.0,0.0
13070.0,0.0
12983.0,0.0
13075.0,0.0
12991.0,0.0
12993.0,0.0
13121.0,0.0
13097.0,0.0
13150.0,0.0
13078.0,0.0
13140.0,0.0
13102.0,0.0
13110.0,0.0
13138.0,0.0
13238.0,0.0
13317.0,0.0
13512.0,0.0
13669.0,0.0
13651.0,0.0
13580.0,0.0
13538.0,0.0
13657.0,0.0
14183.0,0.0
14117.0,0.0
13166.0,0.0
13265.0,0.0
13085.0,0.0
13167.0,0.0
13170.0,0.0
13132.0,0.0
13055.0,0.0
13025.0,0.0
13076.0,0.0
13044.0,0.0
13035.0,0.0
13103.0,0.0
13067.0,0.0
13183.0,0.0
13144.0,0.0
13166.0,0.0
13406.0,0.0
13544.0,0.0
13608.0,0.0
13522.0,0.0
13595.0,0.0
13420.0,0.0
14163.0,0.0
13678.0,0.0
13272.0,0.0
13071.0,0.0
13004.0,0.0
13068.0,0.0
13031.0,0.0
13013.0,0.0
12998.0,0.0
12971.0,0.0
13000.0,0.0
12998.0,0.0
12906.0,0.0
12969.0,0.0
12963.0,0.0
12933.0,0.0
12990.0,0.0
12980.0,0.0
12982.0,0.0
12989.0,0.0
13073.0,0.0
12950.0,0.0
12990.0,0.0
13035.0,0.0
13681.0,0.0
13304.0,0.0
12965.0,0.0
12966.0,0.0
12943.0,0.0
12958.0,0.0
13005.0,0.0
12923.0,0.0
12812.0,0.0
12803.0,0.0
12850.0,0.0
12797.0,0.0
12732.0,0.0
12817.0,0.0
12818.0,0.0
12815.0,0.0
12805.0,0.0
12703.0,0.0
12771.0,0.0
12847.0,0.0
12872.0,0.0
12815.0,0.0
12844.0,0.0
12811.0,0.0
13472.0,0.0
13063.0,0.0
12833.0,0.0
12842.0,0.0
12804.0,0.0
12852.0,0.0
12862.0,0.0
12799.0,0.0
12789.0,0.0
12815.0,0.0
12887.0,0.0
12903.0,0.0
12892.0,0.0
12907.0,0.0
12883.0,0.0
12965.0,0.0
12932.0,0.0
13134.0,0.0
13440.0,0.0
13544.0,0.0
13508.0,0.0
13401.0,0.0
13410.0,0.0
13482.0,0.0
14124.0,0.0
13703.0,0.0
13250.0,0.0
13092.0,0.0
13012.0,0.0
12901.0,0.0
12848.0,0.0
13025.0,0.0
11352.0,0.0
8761.0,0.0
10433.0,0.0
10088.0,0.0
9485.0,0.0
8865.0,0.0
8920.0,0.0
8798.0,0.0
8927.0,0.0
9211.0,0.0
9286.0,0.0
9725.0,0.0
11050.0,0.0
11521.0,0.0
11603.0,0.0
11665.0,0.0
12153.0,0.0
11672.0,0.0
11119.0,0.0
11124.0,0.0
10734.0,0.0
11612.0,0.0
11523.0,0.0
11632.0,0.0
12838.0,0.0
11637.0,0.0
12542.0,0.0
12394.0,0.0
12419.0,0.0
12484.0,0.0
12413.0,0.0
12440.0,0.0
12614.0,0.0
12693.0,0.0
12989.0,0.0
13200.0,0.0
13108.0,0.0
12886.0,0.0
13000.0,0.0
13071.0,0.0
13563.0,0.0
13333.0,0.0
12672.0,0.0
12547.0,0.0
12289.0,0.0
12584.0,0.0
12526.0,0.0
12416.0,0.0
12450.0,0.0
12460.0,0.0
12425.0,0.0
12430.0,0.0
12418.0,0.0
12437.0,0.0
12484.0,0.0
12380.0,0.0
12620.0,0.0
12674.0,0.0
12855.0,0.0
13053.0,0.0
12898.0,0.0
12809.0,0.0
12964.0,0.0
12956.0,0.0
13625.0,0.0
13285.0,0.0
12715.0,0.0
12637.0,0.0
12535.0,0.0
12512.0,0.0
12549.0,0.0
12567.0,0.0
12362.0,0.0
12326.0,0.0
12450.0,0.0
12404.0,0.0
12362.0,0.0
12431.0,0.0
12351.0,0.0
12528.0,0.0
12559.0,0.0
12586.0,0.0
12864.0,0.0
13026.0,0.0
12880.0,0.0
12743.0,0.0
12812.0,0.0
12878.0,0.0
13427.0,0.0
13081.0,0.0
12752.0,0.0
12594.0,0.0
12507.0,0.0
12494.0,0.0
12487.0,0.0
12404.0,0.0
11147.0,0.0
11147.0,0.0
11128.0,0.0
11106.0,0.0
11115.0,0.0
11044.0,0.0
11110.0,0.0
11190.0,0.0
11063.0,0.0
11078.0,0.0
11146.0,0.0
11010.0,0.0
11139.0,0.0
11117.0,0.0
11081.0,0.0
11128.0,0.0
11720.0,0.0
11384.0,0.0
11018.0,0.0
11104.0,0.0
11084.0,0.0
11106.0,0.0
11055.0,0.0
11098.0,0.0
11028.0,0.0
11152.0,0.0
11025.0,0.0
11015.0,0.0
11125.0,0.0
11035.0,0.0
11103.0,0.0
11100.0,0.0
11170.0,0.0
11078.0,0.0
11150.0,0.0
11149.0,0.0
10984.0,0.0
11034.0,0.0
11050.0,0.0
11102.0,0.0
11743.0,0.0
11371.0,0.0
11078.0,0.0
11224.0,0.0
11146.0,0.0
11199.0,0.0
11181.0,0.0
11022.0,0.0
11073.0,0.0
11120.0,0.0
11008.0,0.0
11078.0,0.0
11121.0,0.0
11041.0,0.0
11168.0,0.0
11213.0,0.0
11238.0,0.0
11273.0,0.0
11479.0,0.0
11839.0,0.0
11735.0,0.0
11574.0,0.0
11531.0,0.0
11420.0,0.0
12301.0,0.0
11845.0,0.0
11374.0,0.0
11370.0,0.0
11197.0,0.0
11171.0,0.0
11197.0,0.0
11114.0,0.0
12564.0,0.0
12459.0,0.0
12508.0,0.0
12464.0,0.0
12438.0,0.0
12449.0,0.0
12373.0,0.0
12594.0,0.0
12623.0,0.0
12759.0,0.0
12841.0,0.0
13063.0,0.0
13023.0,0.0
12884.0,0.0
13007.0,0.0
13016.0,0.0
13588.0,0.0
13272.0,0.0
12589.0,0.0
12651.0,0.0
12616.0,0.0
12492.0,0.0
12497.0,0.0
12623.0,0.0
12481.0,0.0
12434.0,0.0
12495.0,0.0
12375.0,0.0
12357.0,0.0
12433.0,0.0
12432.0,0.0
12429.0,0.0
12551.0,0.0
12799.0,0.0
12818.0,0.0
13071.0,0.0
12897.0,0.0
12961.0,0.0
12925.0,0.0
12968.0,0.0
13525.0,0.0
12993.0,0.0
12369.0,0.0
12195.0,0.0
12464.0,0.0
12470.0,0.0
12475.0,0.0
12482.0,0.0
12221.0,0.0
12325.0,0.0
12258.0,0.0
11980.0,0.0
11947.0,0.0
12291.0,0.0
12293.0,0.0
12341.0,0.0
12390.0,0.0
12611.0,0.0
12737.0,0.0
12882.0,0.0
12891.0,0.0
12756.0,0.0
12875.0,0.0
12847.0,0.0
13518.0,0.0
13217.0,0.0
12621.0,0.0
12591.0,0.0
12332.0,0.0
12404.0,0.0
12457.0,0.0
12370.0,0.0
11509.0,0.0
11433.0,0.0
11317.0,0.0
11364.0,0.0
11350.0,0.0
11348.0,0.0
11365.0,0.0
11505.0,0.0
11468.0,0.0
11562.0,0.0
11858.0,0.0
11933.0,0.0
11813.0,0.0
11735.0,0.0
11848.0,0.0
11843.0,0.0
12318.0,0.0
11846.0,0.0
11066.0,0.0
10920.0,0.0
10836.0,0.0
10879.0,0.0
10796.0,0.0
10785.0,0.0
9469.0,0.0
9278.0,0.0
9417.0,0.0
9253.0,0.0
9435.0,0.0
9356.0,0.0
9354.0,0.0
9405.0,0.0
9326.0,0.0
9549.0,0.0
9499.0,0.0
9371.0,0.0
9462.0,0.0
9509.0,0.0
9469.0,0.0
9522.0,0.0
9885.0,0.0
9802.0,0.0
9461.0,0.0
9393.0,0.0
9638.0,0.0
9435.0,0.0
9519.0,0.0
9492.0,0.0
9458.0,0.0
9420.0,0.0
9429.0,0.0
9461.0,0.0
9404.0,0.0
9366.0,0.0
9488.0,0.0
9515.0,0.0
9487.0,0.0
9497.0,0.0
9516.0,0.0
9504.0,0.0
9422.0,0.0
9543.0,0.0
9395.0,0.0
9352.0,0.0
9884.0,0.0
9820.0,0.0
9439.0,0.0
9560.0,0.0
9589.0,0.0
9575.0,0.0
9541.0,0.0
9490.0,0.0
7160.0,0.0
7233.0,0.0
7166.0,0.0
7245.0,0.0
7299.0,0.0
7169.0,0.0
7228.0,0.0
7123.0,0.0
7199.0,0.0
7167.0,0.0
7212.0,0.0
7206.0,0.0
7149.0,0.0
7284.0,0.0
7265.0,0.0
7221.0,0.0
7588.0,0.0
7423.0,0.0
7198.0,0.0
7279.0,0.0
7174.0,0.0
7259.0,0.0
7166.0,0.0
7171.0,0.0
6883.0,0.0
6859.0,0.0
6817.0,0.0
6877.0,0.0
6785.0,0.0
6665.0,0.0
6805.0,0.0
6863.0,0.0
6926.0,0.0
7004.0,0.0
6950.0,0.0
7262.0,0.0
7361.0,0.0
7288.0,0.0
7463.0,0.0
7188.0,0.0
7658.0,0.0
7575.0,0.0
6954.0,0.0
6862.0,0.0
6896.0,0.0
6954.0,0.0
6869.0,0.0
6890.0,0.0
9742.0,0.0
9730.0,0.0
9810.0,0.0
9688.0,0.0
9849.0,0.0
9765.0,0.0
9812.0,0.0
9931.0,0.0
9908.0,0.0
10066.0,0.0
10184.0,0.0
10295.0,0.0
10113.0,0.0
10218.0,0.0
10322.0,0.0
10269.0,0.0
10781.0,0.0
10486.0,0.0
10124.0,0.0
9993.0,0.0
9801.0,0.0
9760.0,0.0
9858.0,0.0
9884.0,0.0
7781.0,0.0
7742.0,0.0
7682.0,0.0
7831.0,0.0
7641.0,0.0
7641.0,0.0
7759.0,0.0
7748.0,0.0
7776.0,0.0
7938.0,0.0
8031.0,0.0
8117.0,0.0
8099.0,0.0
8002.0,0.0
7944.0,0.0
7963.0,0.0
8602.0,0.0
8269.0,0.0
7871.0,0.0
7709.0,0.0
7726.0,0.0
7781.0,0.0
7762.0,0.0
7692.0,0.0
6608.0,0.0
6526.0,0.0
6531.0,0.0
6483.0,0.0
6602.0,0.0
6555.0,0.0
6610.0,0.0
6690.0,0.0
6651.0,0.0
6759.0,0.0
6836.0,0.0
6894.0,0.0
6844.0,0.0
6773.0,0.0
6802.0,0.0
6947.0,0.0
7248.0,0.0
6885.0,0.0
6643.0,0.0
6560.0,0.0
6554.0,0.0
6600.0,0.0
6525.0,0.0
6543.0,0.0
9018.0,0.0
9225.0,0.0
9112.0,0.0
9195.0,0.0
9206.0,0.0
9224.0,0.0
9408.0,0.0
9082.0,0.0
9168.0,0.0
9258.0,0.0
9158.0,0.0
9140.0,0.0
9206.0,0.0
9186.0,0.0
9155.0,0.0
9174.0,0.0
9758.0,0.0
9451.0,0.0
9153.0,0.0
9233.0,0.0
9250.0,0.0
9317.0,0.0
9130.0,0.0
9249.0,0.0
8297.0,0.0
8245.0,0.0
8298.0,0.0
8247.0,0.0
8387.0,0.0
8392.0,0.0
8531.0,0.0
8437.0,0.0
8344.0,0.0
8274.0,0.0
8328.0,0.0
8351.0,0.0
8380.0,0.0
8332.0,0.0
8366.0,0.0
8357.0,0.0
8867.0,0.0
8659.0,0.0
8458.0,0.0
8360.0,0.0
8330.0,0.0
8298.0,0.0
8381.0,0.0
8393.0,0.0
3998.0,0.0
3733.0,0.0
3735.0,0.0
3709.0,0.0
3755.0,0.0
3782.0,0.0
3849.0,0.0
3801.0,0.0
3787.0,0.0
3835.0,0.0
4035.0,0.0
4173.0,0.0
3995.0,0.0
4016.0,0.0
4049.0,0.0
4014.0,0.0
4263.0,0.0
3941.0,0.0
4023.0,0.0
3917.0,0.0
3910.0,0.0
3934.0,0.0
3783.0,0.0
3834.0,0.0
8698.0,0.0
8969.0,0.0
8928.0,0.0
9020.0,0.0
8865.0,0.0
8830.0,0.0
8879.0,0.0
9120.0,0.0
9111.0,0.0
9071.0,0.0
9205.0,0.0
9355.0,0.0
9372.0,0.0
9392.0,0.0
9416.0,0.0
9394.0,0.0
9810.0,0.0
9594.0,0.0
9006.0,0.0
9140.0,0.0
8925.0,0.0
9047.0,0.0
9030.0,0.0
9088.0,0.0
8569.0,0.0
8616.0,0.0
8497.0,0.0
8439.0,0.0
8567.0,0.0
8694.0,0.0
8739.0,0.0
8761.0,0.0
8838.0,0.0
8908.0,0.0
9053.0,0.0
9346.0,0.0
8989.0,0.0
8807.0,0.0
9020.0,0.0
9034.0,0.0
9558.0,0.0
9042.0,0.0
8804.0,0.0
8885.0,0.0
8721.0,0.0
8676.0,0.0
9029.0,0.0
8670.0,0.0
8537.0,0.0
8418.0,0.0
8481.0,0.0
8535.0,0.0
8535.0,0.0
8442.0,0.0
8448.0,0.0
8527.0,0.0
8541.0,0.0
8635.0,0.0
8867.0,0.0
9033.0,0.0
8875.0,0.0
8708.0,0.0
8455.0,0.0
8713.0,0.0
8934.0,0.0
8745.0,0.0
8674.0,0.0
8606.0,0.0
8508.0,0.0
8558.0,0.0
8529.0,0.0
8520.0,0.0
6662.0,0.0
6491.0,0.0
6498.0,0.0
6500.0,0.0
6471.0,0.0
6354.0,0.0
6592.0,0.0
6552.0,0.0
6492.0,0.0
6577.0,0.0
6777.0,0.0
6844.0,0.0
6769.0,0.0
6642.0,0.0
6782.0,0.0
6715.0,0.0
6915.0,0.0
6569.0,0.0
6486.0,0.0
6504.0,0.0
6445.0,0.0
6427.0,0.0
6365.0,0.0
6277.0,0.0
5231.0,0.0
5166.0,0.0
5303.0,0.0
5306.0,0.0
5298.0,0.0
5268.0,0.0
5251.0,0.0
5194.0,0.0
5230.0,0.0
5244.0,0.0
5102.0,0.0
5244.0,0.0
5249.0,0.0
5261.0,0.0
5339.0,0.0
5241.0,0.0
5491.0,0.0
5374.0,0.0
5354.0,0.0
5232.0,0.0
5217.0,0.0
5258.0,0.0
5251.0,0.0
5223.0,0.0
3952.0,0.0
3949.0,0.0
4021.0,0.0
3815.0,0.0
3855.0,0.0
3892.0,0.0
3948.0,0.0
3860.0,0.0
3830.0,0.0
3821.0,0.0
3886.0,0.0
3954.0,0.0
3839.0,0.0
3921.0,0.0
3874.0,0.0
3996.0,0.0
4246.0,0.0
3803.0,0.0
3594.0,0.0
3778.0,0.0
3745.0,0.0
3747.0,0.0
3726.0,0.0
3729.0,0.0
8513.0,0.0
8738.0,0.0
8709.0,0.0
8601.0,0.0
8719.0,0.0
8820.0,0.0
8674.0,0.0
8859.0,0.0
8905.0,0.0
8920.0,0.0
9062.0,0.0
9139.0,0.0
8866.0,0.0
8997.0,0.0
9122.0,0.0
9191.0,0.0
9795.0,0.0
9255.0,0.0
8924.0,0.0
9012.0,0.0
9023.0,0.0
8875.0,0.0
8800.0,0.0
8785.0,0.0
8474.0,0.0
8412.0,0.0
8491.0,0.0
8391.0,0.0
8216.0,0.0
8292.0,0.0
8406.0,0.0
8509.0,0.0
8486.0,0.0
8616.0,0.0
8642.0,0.0
8823.0,0.0
8774.0,0.0
8810.0,0.0
8611.0,0.0
8798.0,0.0
9179.0,0.0
9057.0,0.0
8633.0,0.0
8517.0,0.0
8427.0,0.0
8615.0,0.0
8690.0,0.0
8438.0,0.0
10388.0,0.0
10588.0,0.0
10533.0,0.0
10397.0,0.0
10347.0,0.0
10405.0,0.0
10411.0,0.0
10503.0,0.0
10598.0,0.0
10692.0,0.0
10874.0,0.0
11043.0,0.0
11009.0,0.0
10818.0,0.0
10985.0,0.0
10861.0,0.0
12282.0,0.0
11225.0,0.0
10775.0,0.0
10688.0,0.0
10601.0,0.0
10634.0,0.0
10646.0,0.0
10562.0,0.0
10608.0,0.0
10618.0,0.0
10636.0,0.0
10583.0,0.0
10613.0,0.0
10603.0,0.0
10601.0,0.0
10757.0,0.0
10815.0,0.0
10790.0,0.0
11082.0,0.0
11121.0,0.0
10913.0,0.0
11004.0,0.0
11135.0,0.0
10960.0,0.0
11686.0,0.0
11244.0,0.0
10931.0,0.0
10811.0,0.0
10679.0,0.0
10648.0,0.0
10757.0,0.0
10706.0,0.0
9077.0,0.0
8836.0,0.0
8971.0,0.0
8972.0,0.0
8903.0,0.0
8967.0,0.0
8962.0,0.0
9044.0,0.0
8931.0,0.0
9028.0,0.0
9240.0,0.0
9227.0,0.0
9227.0,0.0
9125.0,0.0
9075.0,0.0
9117.0,0.0
9562.0,0.0
9305.0,0.0
8965.0,0.0
8862.0,0.0
8858.0,0.0
8820.0,0.0
8876.0,0.0
8797.0,0.0
9074.0,0.0
9318.0,0.0
9286.0,0.0
9320.0,0.0
9280.0,0.0
9333.0,0.0
9334.0,0.0
9337.0,0.0
9405.0,0.0
9263.0,0.0
9326.0,0.0
9421.0,0.0
9275.0,0.0
9323.0,0.0
9347.0,0.0
9333.0,0.0
9846.0,0.0
9497.0,0.0
9383.0,0.0
9300.0,0.0
9389.0,0.0
9364.0,0.0
9227.0,0.0
9309.0,0.0
6204.0,0.0
6048.0,0.0
5949.0,0.0
5981.0,0.0
5897.0,0.0
6038.0,0.0
6094.0,0.0
6022.0,0.0
6122.0,0.0
6034.0,0.0
6079.0,0.0
5998.0,0.0
6004.0,0.0
5908.0,0.0
6022.0,0.0
5981.0,0.0
6399.0,0.0
6119.0,0.0
6114.0,0.0
5915.0,0.0
6192.0,0.0
6021.0,0.0
6060.0,0.0
7510.0,0.0
7560.0,0.0
7525.0,0.0
7483.0,0.0
7452.0,0.0
7512.0,0.0
7572.0,0.0
7629.0,0.0
7529.0,0.0
7623.0,0.0
7637.0,0.0
7921.0,0.0
7790.0,0.0
7782.0,0.0
7829.0,0.0
7902.0,0.0
8039.0,0.0
8350.0,0.0
8142.0,0.0
7886.0,0.0
7743.0,0.0
7707.0,0.0
7726.0,0.0
7717.0,0.0
10331.0,0.0
10515.0,0.0
10415.0,0.0
10387.0,0.0
10471.0,0.0
10385.0,0.0
10439.0,0.0
10516.0,0.0
10587.0,0.0
10586.0,0.0
10684.0,0.0
10880.0,0.0
10830.0,0.0
10794.0,0.0
10843.0,0.0
10805.0,0.0
10996.0,0.0
11327.0,0.0
11090.0,0.0
10578.0,0.0
10528.0,0.0
10475.0,0.0
10664.0,0.0
10513.0,0.0
9072.0,0.0
9069.0,0.0
9089.0,0.0
9027.0,0.0
8969.0,0.0
9073.0,0.0
8957.0,0.0
9126.0,0.0
9122.0,0.0
9231.0,0.0
9368.0,0.0
9458.0,0.0
9463.0,0.0
9356.0,0.0
9340.0,0.0
9340.0,0.0
9276.0,0.0
9611.0,0.0
9532.0,0.0
9156.0,0.0
9222.0,0.0
9282.0,0.0
9573.0,0.0
9333.0,0.0
9987.0,0.0
10133.0,0.0
10010.0,0.0
10028.0,0.0
9984.0,0.0
10041.0,0.0
10072.0,0.0
10025.0,0.0
10116.0,0.0
10232.0,0.0
10516.0,0.0
10449.0,0.0
10598.0,0.0
10337.0,0.0
10469.0,0.0
10426.0,0.0
10531.0,0.0
10875.0,0.0
10494.0,0.0
10195.0,0.0
9918.0,0.0
9889.0,0.0
9947.0,0.0
9977.0,0.0
10835.0,0.0
10765.0,0.0
10656.0,0.0
10485.0,0.0
10681.0,0.0
10852.0,0.0
10728.0,0.0
10874.0,0.0
10964.0,0.0
10984.0,0.0
11055.0,0.0
11233.0,0.0
11161.0,0.0
10966.0,0.0
11193.0,0.0
11167.0,0.0
11367.0,0.0
51251.0,1.0
17953.0,1.0
170029.0,1.0
10955.0,0.0
10984.0,0.0
10964.0,0.0
10980.0,0.0
10852.0,0.0
10786.0,0.0
10841.0,0.0
10762.0,0.0
10419.0,0.0
10467.0,0.0
10502.0,0.0
10519.0,0.0
10579.0,0.0
10502.0,0.0
10661.0,0.0
10818.0,0.0
10918.0,0.0
10871.0,0.0
10796.0,0.0
10774.0,0.0
10898.0,0.0
11442.0,0.0
11113.0,0.0
10888.0,0.0
10894.0,0.0
10888.0,0.0
10896.0,0.0
10800.0,0.0
11000.0,0.0
10985.0,0.0
11017.0,0.0
10863.0,0.0
10875.0,0.0
10987.0,0.0
10778.0,0.0
10957.0,0.0
10832.0,0.0
10896.0,0.0
10920.0,0.0
10902.0,0.0
10864.0,0.0
10885.0,0.0
11006.0,0.0
10873.0,0.0
10906.0,0.0
11569.0,0.0
11368.0,0.0
10982.0,0.0
10993.0,0.0
10877.0,0.0
10957.0,0.0
10865.0,0.0
7615.0,0.0
7634.0,0.0
7586.0,0.0
7412.0,0.0
7395.0,0.0
7442.0,0.0
7387.0,0.0
7469.0,0.0
7487.0,0.0
7552.0,0.0
7848.0,0.0
36705.0,1.0
15091.0,1.0
13509.0,1.0
20628.0,1.0
35399.0,1.0
84250.0,1.0
117800.0,1.0
153159.0,1.0
108454.0,1.0
37714.0,1.0
27883.0,1.0
31215.0,1.0
46988.0,1.0
