3.0,0.0
0.0,0.0
0.0,0.0
0.0,0.0
0.0,0.0
0.0,0.0
0.0,0.0
0.0,0.0
7.0,0.0
9.0,0.0
18.0,0.0
13.0,0.0
10.0,0.0
3.0,0.0
8.0,0.0
3.0,0.0
9.0,0.0
0.0,0.0
0.0,0.0
3.0,0.0
12.0,0.0
9.0,0.0
12.0,0.0
12.0,0.0
15.0,0.0
12.0,0.0
15.0,0.0
10.0,0.0
7.0,0.0
14.0,0.0
12.0,0.0
12.0,0.0
13.0,0.0
8.0,0.0
6.0,0.0
11.0,0.0
11.0,0.0
12.0,0.0
15.0,0.0
17.0,0.0
14.0,0.0
12.0,0.0
11.0,0.0
6.0,0.0
9.0,0.0
9.0,0.0
12.0,0.0
15.0,0.0
12.0,0.0
18.0,0.0
12.0,0.0
16.0,0.0
1.0,0.0
9.0,0.0
12.0,0.0
12.0,0.0
14.0,0.0
12.0,0.0
12.0,0.0
15.0,0.0
12.0,0.0
12.0,0.0
18.0,0.0
8.0,0.0
14.0,0.0
13.0,0.0
13.0,0.0
12.0,0.0
12.0,0.0
12.0,0.0
12.0,0.0
18.0,0.0
10.0,0.0
15.0,0.0
12.0,0.0
11.0,0.0
15.0,0.0
12.0,0.0
10.0,0.0
9.0,0.0
12.0,0.0
9.0,0.0
11.0,0.0
6.0,0.0
0.0,0.0
9.0,0.0
9.0,0.0
0.0,0.0
3.0,0.0
0.0,0.0
3.0,0.0
3.0,0.0
0.0,0.0
0.0,0.0
0.0,0.0
0.0,0.0
0.0,0.0
0.0,0.0
0.0,0.0
6.0,0.0
18.0,0.0
14.0,0.0
12.0,0.0
3.0,0.0
15.0,0.0
12.0,0.0
12.0,0.0
12.0,0.0
15.0,0.0
15.0,0.0
14.0,0.0
12.0,0.0
15.0,0.0
15.0,0.0
12.0,0.0
15.0,0.0
9.0,0.0
3.0,0.0
0.0,0.0
0.0,0.0
0.0,0.0
0.0,0.0
6.0,0.0
12.0,0.0
10.0,0.0
15.0,0.0
12.0,0.0
6.0,0.0
9.0,0.0
14.0,0.0
24.0,0.0
12.0,0.0
15.0,0.0
10.0,0.0
14.0,0.0
12.0,0.0
15.0,0.0
12.0,0.0
12.0,0.0
9.0,0.0
6.0,0.0
12.0,0.0
6.0,0.0
12.0,0.0
9.0,0.0
12.0,0.0
17.0,0.0
12.0,0.0
12.0,0.0
15.0,0.0
12.0,0.0
6.0,0.0
12.0,0.0
12.0,0.0
15.0,0.0
11.0,0.0
6.0,0.0
3.0,0.0
12.0,0.0
4.0,0.0
3.0,0.0
12.0,0.0
12.0,0.0
11.0,0.0
3.0,0.0
12.0,0.0
6.0,0.0
2.0,0.0
0.0,0.0
0.0,0.0
14.0,0.0
9.0,0.0
15.0,0.0
10.0,0.0
12.0,0.0
15.0,0.0
12.0,0.0
12.0,0.0
13.0,0.0
15.0,0.0
11.0,0.0
12.0,0.0
15.0,0.0
11.0,0.0
18.0,0.0
4.0,0.0
12.0,0.0
15.0,0.0
6.0,0.0
12.0,0.0
12.0,0.0
12.0,0.0
12.0,0.0
20.0,0.0
12.0,0.0
15.0,0.0
8.0,0.0
12.0,0.0
12.0,0.0
13.0,0.0
14.0,0.0
12.0,0.0
12.0,0.0
15.0,0.0
14.0,0.0
12.0,0.0
15.0,0.0
13.0,0.0
12.0,0.0
11.0,0.0
13.0,0.0
15.0,0.0
6.0,0.0
6.0,0.0
12.0,0.0
12.0,0.0
12.0,0.0
12.0,0.0
12.0,0.0
9.0,0.0
6.0,0.0
6.0,0.0
15.0,0.0
2.0,0.0
12.0,0.0
12.0,0.0
8.0,0.0
12.0,0.0
9.0,0.0
15.0,0.0
16.0,0.0
15.0,0.0
24.0,0.0
9.0,0.0
8.0,0.0
7.0,0.0
0.0,0.0
1.0,0.0
0.0,0.0
8.0,0.0
5.0,0.0
22.0,0.0
1.0,0.0
0.0,0.0
6.0,0.0
5.0,0.0
0.0,0.0
0.0,0.0
0.0,0.0
15.0,0.0
4.0,0.0
0.0,0.0
1.0,0.0
3.0,0.0
14.0,0.0
18.0,0.0
0.0,0.0
0.0,0.0
1.0,0.0
5.0,0.0
5.0,0.0
13.0,0.0
5.0,0.0
26.0,0.0
12.0,0.0
13.0,0.0
23.0,0.0
18.0,0.0
12.0,0.0
12.0,0.0
12.0,0.0
12.0,0.0
9.0,0.0
9.0,0.0
12.0,0.0
13.0,0.0
14.0,0.0
12.0,0.0
11.0,0.0
35.0,0.0
12.0,0.0
12.0,0.0
13.0,0.0
26.0,0.0
3.0,0.0
6.0,0.0
11.0,0.0
13.0,0.0
17.0,0.0
15.0,0.0
17.0,0.0
30.0,0.0
10.0,0.0
0.0,0.0
0.0,0.0
0.0,0.0
6.0,0.0
7.0,0.0
0.0,0.0
6.0,0.0
0.0,0.0
8.0,0.0
6.0,0.0
0.0,0.0
0.0,0.0
5.0,0.0
9.0,0.0
15.0,0.0
7.0,0.0
0.0,0.0
0.0,0.0
13.0,0.0
9.0,0.0
0.0,0.0
0.0,0.0
1.0,0.0
3.0,0.0
3.0,0.0
10.0,0.0
0.0,0.0
0.0,0.0
6.0,0.0
11.0,0.0
0.0,0.0
0.0,0.0
4.0,0.0
3.0,0.0
7.0,0.0
0.0,0.0
0.0,0.0
0.0,0.0
3.0,0.0
0.0,0.0
0.0,0.0
8.0,0.0
2.0,0.0
6.0,0.0
3.0,0.0
9.0,0.0
15.0,0.0
8.0,0.0
3.0,0.0
12.0,0.0
7.0,0.0
3.0,0.0
3.0,0.0
0.0,0.0
10.0,0.0
3.0,0.0
0.0,0.0
0.0,0.0
6.0,0.0
10.0,0.0
0.0,0.0
0.0,0.0
4.0,0.0
1.0,0.0
3.0,0.0
0.0,0.0
0.0,0.0
0.0,0.0
14.0,0.0
3.0,0.0
13.0,0.0
0.0,0.0
12.0,0.0
11.0,0.0
1.0,0.0
0.0,0.0
3.0,0.0
3.0,0.0
9.0,0.0
0.0,0.0
0.0,0.0
0.0,0.0
0.0,0.0
9.0,0.0
1.0,0.0
0.0,0.0
0.0,0.0
0.0,0.0
7.0,0.0
4.0,0.0
0.0,0.0
3.0,0.0
0.0,0.0
6.0,0.0
2.0,0.0
1.0,0.0
1.0,0.0
0.0,0.0
9.0,0.0
4.0,0.0
0.0,0.0
0.0,0.0
0.0,0.0
6.0,0.0
5.0,0.0
0.0,0.0
3.0,0.0
0.0,0.0
0.0,0.0
0.0,0.0
0.0,0.0
9.0,0.0
17.0,0.0
13.0,0.0
10.0,0.0
12.0,0.0
12.0,0.0
11.0,0.0
15.0,0.0
19.0,0.0
18.0,0.0
3.0,0.0
15.0,0.0
8.0,0.0
3.0,0.0
11.0,0.0
1.0,0.0
3.0,0.0
2.0,0.0
5.0,0.0
7.0,0.0
0.0,0.0
0.0,0.0
1.0,0.0
3.0,0.0
6.0,0.0
2.0,0.0
3.0,0.0
6.0,0.0
0.0,0.0
14.0,0.0
0.0,0.0
8.0,0.0
12.0,0.0
6.0,0.0
15.0,0.0
2.0,0.0
2.0,0.0
2.0,0.0
0.0,0.0
11.0,0.0
0.0,0.0
0.0,0.0
3.0,0.0
1.0,0.0
13.0,0.0
2.0,0.0
1.0,0.0
0.0,0.0
0.0,0.0
0.0,0.0
0.0,0.0
0.0,0.0
0.0,0.0
0.0,0.0
6.0,0.0
12.0,0.0
10.0,0.0
0.0,0.0
0.0,0.0
15.0,0.0
1.0,0.0
5.0,0.0
0.0,0.0
0.0,0.0
9.0,0.0
7.0,0.0
0.0,0.0
1.0,0.0
1.0,0.0
6.0,0.0
8.0,0.0
0.0,0.0
0.0,0.0
0.0,0.0
9.0,0.0
8.0,0.0
0.0,0.0
0.0,0.0
3.0,0.0
5.0,0.0
9.0,0.0
11.0,0.0
0.0,0.0
0.0,0.0
17.0,0.0
9.0,0.0
3.0,0.0
1.0,0.0
12.0,0.0
6.0,0.0
15.0,0.0
10.0,0.0
0.0,0.0
0.0,0.0
3.0,0.0
8.0,0.0
0.0,0.0
0.0,0.0
0.0,0.0
2.0,0.0
3.0,0.0
0.0,0.0
12.0,0.0
3.0,0.0
0.0,0.0
9.0,0.0
4.0,0.0
0.0,0.0
3.0,0.0
4.0,0.0
9.0,0.0
0.0,0.0
0.0,0.0
0.0,0.0
3.0,0.0
2.0,0.0
5.0,0.0
13.0,0.0
0.0,0.0
0.0,0.0
9.0,0.0
12.0,0.0
3.0,0.0
0.0,0.0
2.0,0.0
12.0,0.0
0.0,0.0
0.0,0.0
0.0,0.0
0.0,0.0
11.0,0.0
2.0,0.0
1.0,0.0
2.0,0.0
2.0,0.0
12.0,0.0
1.0,0.0
0.0,0.0
0.0,0.0
11.0,0.0
13.0,0.0
10.0,0.0
0.0,0.0
0.0,0.0
0.0,0.0
6.0,0.0
5.0,0.0
1.0,0.0
0.0,0.0
0.0,0.0
8.0,0.0
4.0,0.0
1.0,0.0
0.0,0.0
0.0,0.0
8.0,0.0
7.0,0.0
4.0,0.0
0.0,0.0
1.0,0.0
10.0,0.0
5.0,0.0
6.0,0.0
0.0,0.0
0.0,0.0
3.0,0.0
0.0,0.0
0.0,0.0
0.0,0.0
0.0,0.0
0.0,0.0
0.0,0.0
21.0,0.0
0.0,0.0
3.0,0.0
6.0,0.0
10.0,0.0
3.0,0.0
2.0,0.0
0.0,0.0
7.0,0.0
5.0,0.0
0.0,0.0
0.0,0.0
0.0,0.0
6.0,0.0
6.0,0.0
0.0,0.0
0.0,0.0
3.0,0.0
6.0,0.0
9.0,0.0
0.0,0.0
0.0,0.0
0.0,0.0
6.0,0.0
8.0,0.0
0.0,0.0
0.0,0.0
0.0,0.0
3.0,0.0
6.0,0.0
0.0,0.0
1.0,0.0
0.0,0.0
3.0,0.0
10.0,0.0
0.0,0.0
1.0,0.0
0.0,0.0
2.0,0.0
11.0,0.0
0.0,0.0
0.0,0.0
0.0,0.0
3.0,0.0
3.0,0.0
0.0,0.0
0.0,0.0
0.0,0.0
0.0,0.0
0.0,0.0
3.0,0.0
0.0,0.0
12.0,0.0
12.0,0.0
11.0,0.0
1.0,0.0
0.0,0.0
0.0,0.0
2.0,0.0
10.0,0.0
1.0,0.0
0.0,0.0
2.0,0.0
0.0,0.0
12.0,0.0
1.0,0.0
1.0,0.0
0.0,0.0
0.0,0.0
4.0,0.0
7.0,0.0
0.0,0.0
0.0,0.0
0.0,0.0
6.0,0.0
11.0,0.0
11.0,0.0
10.0,0.0
14.0,0.0
12.0,0.0
14.0,0.0
14.0,0.0
11.0,0.0
12.0,0.0
12.0,0.0
14.0,0.0
13.0,0.0
6.0,0.0
10.0,0.0
11.0,0.0
15.0,0.0
11.0,0.0
12.0,0.0
13.0,0.0
10.0,0.0
6.0,0.0
3.0,0.0
3.0,0.0
0.0,0.0
0.0,0.0
0.0,0.0
0.0,0.0
0.0,0.0
0.0,0.0
0.0,0.0
0.0,0.0
0.0,0.0
0.0,0.0
0.0,0.0
0.0,0.0
0.0,0.0
0.0,0.0
0.0,0.0
0.0,0.0
0.0,0.0
0.0,0.0
0.0,0.0
0.0,0.0
0.0,0.0
0.0,0.0
0.0,0.0
0.0,0.0
0.0,0.0
0.0,0.0
0.0,0.0
0.0,0.0
0.0,0.0
0.0,0.0
0.0,0.0
0.0,0.0
0.0,0.0
0.0,0.0
0.0,0.0
3.0,0.0
0.0,0.0
0.0,0.0
0.0,0.0
0.0,0.0
0.0,0.0
0.0,0.0
3.0,0.0
14.0,0.0
14.0,0.0
12.0,0.0
15.0,0.0
9.0,0.0
8.0,0.0
11.0,0.0
11.0,0.0
13.0,0.0
12.0,0.0
11.0,0.0
16.0,0.0
12.0,0.0
14.0,0.0
12.0,0.0
9.0,0.0
3.0,0.0
7.0,0.0
12.0,0.0
12.0,0.0
12.0,0.0
3.0,0.0
0.0,0.0
0.0,0.0
0.0,0.0
0.0,0.0
0.0,0.0
0.0,0.0
0.0,0.0
0.0,0.0
3.0,0.0
17.0,0.0
12.0,0.0
10.0,0.0
13.0,0.0
12.0,0.0
14.0,0.0
11.0,0.0
10.0,0.0
12.0,0.0
13.0,0.0
11.0,0.0
10.0,0.0
12.0,0.0
11.0,0.0
13.0,0.0
11.0,0.0
6.0,0.0
8.0,0.0
9.0,0.0
11.0,0.0
10.0,0.0
12.0,0.0
14.0,0.0
12.0,0.0
12.0,0.0
9.0,0.0
12.0,0.0
4.0,0.0
0.0,0.0
0.0,0.0
0.0,0.0
9.0,0.0
4.0,0.0
0.0,0.0
0.0,0.0
0.0,0.0
5.0,0.0
7.0,0.0
1.0,0.0
0.0,0.0
0.0,0.0
0.0,0.0
0.0,0.0
6.0,0.0
9.0,0.0
0.0,0.0
0.0,0.0
8.0,0.0
12.0,0.0
4.0,0.0
0.0,0.0
0.0,0.0
0.0,0.0
3.0,0.0
13.0,0.0
0.0,0.0
9.0,0.0
6.0,0.0
6.0,0.0
18.0,0.0
11.0,0.0
0.0,0.0
0.0,0.0
8.0,0.0
5.0,0.0
0.0,0.0
0.0,0.0
0.0,0.0
0.0,0.0
2.0,0.0
12.0,0.0
8.0,0.0
10.0,0.0
15.0,0.0
6.0,0.0
0.0,0.0
1.0,0.0
4.0,0.0
3.0,0.0
10.0,0.0
0.0,0.0
3.0,0.0
10.0,0.0
0.0,0.0
0.0,0.0
8.0,0.0
5.0,0.0
11.0,0.0
9.0,0.0
14.0,0.0
11.0,0.0
12.0,0.0
12.0,0.0
11.0,0.0
12.0,0.0
2.0,0.0
0.0,0.0
0.0,0.0
0.0,0.0
5.0,0.0
5.0,0.0
11.0,0.0
10.0,0.0
12.0,0.0
12.0,0.0
14.0,0.0
12.0,0.0
12.0,0.0
12.0,0.0
11.0,0.0
1.0,0.0
0.0,0.0
0.0,0.0
0.0,0.0
8.0,0.0
4.0,0.0
0.0,0.0
1.0,0.0
0.0,0.0
4.0,0.0
7.0,0.0
0.0,0.0
0.0,0.0
0.0,0.0
11.0,0.0
1.0,0.0
0.0,0.0
0.0,0.0
2.0,0.0
9.0,0.0
5.0,0.0
0.0,0.0
2.0,0.0
9.0,0.0
15.0,0.0
10.0,0.0
6.0,0.0
12.0,0.0
12.0,0.0
13.0,0.0
9.0,0.0
8.0,0.0
12.0,0.0
9.0,0.0
6.0,0.0
12.0,0.0
13.0,0.0
5.0,0.0
0.0,0.0
9.0,0.0
12.0,0.0
8.0,0.0
10.0,0.0
12.0,0.0
15.0,0.0
11.0,0.0
11.0,0.0
15.0,0.0
11.0,0.0
13.0,0.0
12.0,0.0
12.0,0.0
13.0,0.0
12.0,0.0
12.0,0.0
12.0,0.0
4.0,0.0
1.0,0.0
0.0,0.0
0.0,0.0
3.0,0.0
0.0,0.0
1.0,0.0
0.0,0.0
0.0,0.0
2.0,0.0
6.0,0.0
0.0,0.0
1.0,0.0
1.0,0.0
0.0,0.0
0.0,0.0
0.0,0.0
9.0,0.0
7.0,0.0
9.0,0.0
10.0,0.0
12.0,0.0
3.0,0.0
0.0,0.0
0.0,0.0
0.0,0.0
10.0,0.0
1.0,0.0
0.0,0.0
0.0,0.0
0.0,0.0
10.0,0.0
2.0,0.0
0.0,0.0
0.0,0.0
0.0,0.0
5.0,0.0
3.0,0.0
0.0,0.0
0.0,0.0
0.0,0.0
10.0,0.0
5.0,0.0
1.0,0.0
0.0,0.0
9.0,0.0
11.0,0.0
12.0,0.0
12.0,0.0
9.0,0.0
0.0,0.0
0.0,0.0
0.0,0.0
4.0,0.0
0.0,0.0
0.0,0.0
12.0,0.0
12.0,0.0
4.0,0.0
0.0,0.0
1.0,0.0
0.0,0.0
0.0,0.0
13.0,0.0
1.0,0.0
1.0,0.0
2.0,0.0
0.0,0.0
12.0,0.0
7.0,0.0
0.0,0.0
0.0,0.0
0.0,0.0
5.0,0.0
0.0,0.0
5.0,0.0
1.0,0.0
0.0,0.0
10.0,0.0
1.0,0.0
0.0,0.0
0.0,0.0
1.0,0.0
9.0,0.0
4.0,0.0
0.0,0.0
0.0,0.0
0.0,0.0
9.0,0.0
4.0,0.0
0.0,0.0
0.0,0.0
0.0,0.0
6.0,0.0
8.0,0.0
4.0,0.0
0.0,0.0
0.0,0.0
7.0,0.0
6.0,0.0
0.0,0.0
0.0,0.0
0.0,0.0
8.0,0.0
4.0,0.0
0.0,0.0
0.0,0.0
0.0,0.0
4.0,0.0
6.0,0.0
0.0,0.0
0.0,0.0
1.0,0.0
9.0,0.0
10.0,0.0
6.0,0.0
0.0,0.0
0.0,0.0
7.0,0.0
6.0,0.0
0.0,0.0
1.0,0.0
0.0,0.0
3.0,0.0
8.0,0.0
0.0,0.0
0.0,0.0
1.0,0.0
3.0,0.0
7.0,0.0
0.0,0.0
0.0,0.0
0.0,0.0
3.0,0.0
11.0,0.0
0.0,0.0
1.0,0.0
0.0,0.0
3.0,0.0
10.0,0.0
0.0,0.0
0.0,0.0
0.0,0.0
1.0,0.0
10.0,0.0
0.0,0.0
1.0,0.0
1.0,0.0
2.0,0.0
10.0,0.0
0.0,0.0
0.0,0.0
0.0,0.0
1.0,0.0
10.0,0.0
0.0,0.0
0.0,0.0
0.0,0.0
0.0,0.0
4.0,0.0
0.0,0.0
0.0,0.0
0.0,0.0
0.0,0.0
1.0,0.0
0.0,0.0
0.0,0.0
0.0,0.0
0.0,0.0
0.0,0.0
1.0,0.0
0.0,0.0
0.0,0.0
0.0,0.0
0.0,0.0
0.0,0.0
0.0,0.0
0.0,0.0
0.0,0.0
1.0,0.0
0.0,0.0
0.0,0.0
0.0,0.0
0.0,0.0
0.0,0.0
0.0,0.0
0.0,0.0
0.0,0.0
0.0,0.0
0.0,0.0
0.0,0.0
0.0,0.0
0.0,0.0
0.0,0.0
0.0,0.0
0.0,0.0
0.0,0.0
0.0,0.0
0.0,0.0
0.0,0.0
0.0,0.0
0.0,0.0
0.0,0.0
0.0,0.0
0.0,0.0
0.0,0.0
0.0,0.0
0.0,0.0
0.0,0.0
0.0,0.0
0.0,0.0
0.0,0.0
0.0,0.0
0.0,0.0
0.0,0.0
0.0,0.0
0.0,0.0
0.0,0.0
0.0,0.0
0.0,0.0
0.0,0.0
0.0,0.0
0.0,0.0
0.0,0.0
0.0,0.0
0.0,0.0
0.0,0.0
0.0,0.0
0.0,0.0
0.0,0.0
0.0,0.0
0.0,0.0
0.0,0.0
0.0,0.0
0.0,0.0
0.0,0.0
0.0,0.0
0.0,0.0
0.0,0.0
0.0,0.0
0.0,0.0
0.0,0.0
0.0,0.0
0.0,0.0
5.0,0.0
8.0,0.0
0.0,0.0
0.0,0.0
0.0,0.0
2.0,0.0
10.0,0.0
0.0,0.0
0.0,0.0
0.0,0.0
2.0,0.0
10.0,0.0
2.0,0.0
0.0,0.0
0.0,0.0
0.0,0.0
13.0,0.0
2.0,0.0
0.0,0.0
0.0,0.0
0.0,0.0
11.0,0.0
3.0,0.0
0.0,0.0
0.0,0.0
0.0,0.0
12.0,0.0
1.0,0.0
0.0,0.0
0.0,0.0
0.0,0.0
10.0,0.0
0.0,0.0
0.0,0.0
0.0,0.0
0.0,0.0
9.0,0.0
4.0,0.0
0.0,0.0
0.0,0.0
0.0,0.0
11.0,0.0
2.0,0.0
0.0,0.0
0.0,0.0
0.0,0.0
8.0,0.0
4.0,0.0
0.0,0.0
0.0,0.0
0.0,0.0
3.0,0.0
3.0,0.0
8.0,0.0
0.0,0.0
0.0,0.0
6.0,0.0
4.0,0.0
0.0,0.0
0.0,0.0
0.0,0.0
7.0,0.0
6.0,0.0
0.0,0.0
0.0,0.0
0.0,0.0
6.0,0.0
4.0,0.0
0.0,0.0
0.0,0.0
0.0,0.0
6.0,0.0
5.0,0.0
0.0,0.0
0.0,0.0
0.0,0.0
5.0,0.0
0.0,0.0
0.0,0.0
0.0,0.0
0.0,0.0
3.0,0.0
6.0,0.0
0.0,0.0
0.0,0.0
0.0,0.0
0.0,0.0
0.0,0.0
0.0,0.0
0.0,0.0
0.0,0.0
0.0,0.0
0.0,0.0
3.0,0.0
12.0,0.0
12.0,0.0
12.0,0.0
11.0,0.0
0.0,0.0
0.0,0.0
0.0,0.0
2.0,0.0
9.0,0.0
1.0,0.0
0.0,0.0
0.0,0.0
0.0,0.0
9.0,0.0
0.0,0.0
0.0,0.0
0.0,0.0
1.0,0.0
11.0,0.0
0.0,0.0
0.0,0.0
0.0,0.0
0.0,0.0
7.0,0.0
12.0,0.0
6.0,0.0
0.0,0.0
1.0,0.0
3.0,0.0
3.0,0.0
0.0,0.0
0.0,0.0
0.0,0.0
12.0,0.0
1.0,0.0
0.0,0.0
0.0,0.0
0.0,0.0
10.0,0.0
0.0,0.0
0.0,0.0
0.0,0.0
0.0,0.0
10.0,0.0
3.0,0.0
0.0,0.0
0.0,0.0
0.0,0.0
14.0,0.0
1.0,0.0
0.0,0.0
0.0,0.0
0.0,0.0
9.0,0.0
5.0,0.0
0.0,0.0
0.0,0.0
0.0,0.0
11.0,0.0
2.0,0.0
0.0,0.0
0.0,0.0
0.0,0.0
6.0,0.0
5.0,0.0
0.0,0.0
0.0,0.0
0.0,0.0
9.0,0.0
4.0,0.0
0.0,0.0
0.0,0.0
0.0,0.0
3.0,0.0
6.0,0.0
0.0,0.0
0.0,0.0
0.0,0.0
9.0,0.0
4.0,0.0
0.0,0.0
0.0,0.0
0.0,0.0
5.0,0.0
7.0,0.0
0.0,0.0
0.0,0.0
0.0,0.0
3.0,0.0
7.0,0.0
0.0,0.0
0.0,0.0
0.0,0.0
3.0,0.0
7.0,0.0
0.0,0.0
0.0,0.0
0.0,0.0
3.0,0.0
12.0,0.0
1.0,0.0
0.0,0.0
0.0,0.0
3.0,0.0
10.0,0.0
0.0,0.0
0.0,0.0
0.0,0.0
6.0,0.0
7.0,0.0
0.0,0.0
0.0,0.0
0.0,0.0
6.0,0.0
3.0,0.0
0.0,0.0
0.0,0.0
0.0,0.0
0.0,0.0
0.0,0.0
0.0,0.0
15.0,0.0
9.0,0.0
7.0,0.0
7.0,0.0
0.0,0.0
0.0,0.0
0.0,0.0
3.0,0.0
10.0,0.0
0.0,0.0
0.0,0.0
0.0,0.0
1.0,0.0
10.0,0.0
0.0,0.0
0.0,0.0
0.0,0.0
0.0,0.0
393.0,1.0
600.0,1.0
570.0,1.0
593.0,1.0
582.0,1.0
593.0,1.0
606.0,1.0
557.0,1.0
570.0,1.0
549.0,1.0
522.0,1.0
517.0,1.0
520.0,1.0
620.0,1.0
624.0,1.0
523.0,1.0
470.0,1.0
558.0,1.0
545.0,1.0
710.0,1.0
700.0,1.0
645.0,1.0
639.0,1.0
650.0,1.0
699.0,1.0
752.0,1.0
782.0,1.0
754.0,1.0
632.0,1.0
518.0,1.0
652.0,1.0
638.0,1.0
693.0,1.0
603.0,1.0
540.0,1.0
691.0,1.0
673.0,1.0
693.0,1.0
735.0,1.0
640.0,1.0
559.0,1.0
625.0,1.0
664.0,1.0
