4.0,0.0
145.0,0.0
179.0,0.0
163.0,0.0
173.0,0.0
181.0,0.0
214.0,0.0
212.0,0.0
216.0,0.0
186.0,0.0
170.0,0.0
222.0,0.0
177.0,0.0
181.0,0.0
208.0,0.0
192.0,0.0
213.0,0.0
203.0,0.0
174.0,0.0
174.0,0.0
176.0,0.0
178.0,0.0
165.0,0.0
179.0,0.0
154.0,0.0
160.0,0.0
168.0,0.0
188.0,0.0
193.0,0.0
201.0,0.0
192.0,0.0
172.0,0.0
179.0,0.0
164.0,0.0
170.0,0.0
182.0,0.0
211.0,0.0
254.0,0.0
210.0,0.0
162.0,0.0
148.0,0.0
151.0,0.0
161.0,0.0
179.0,0.0
146.0,0.0
145.0,0.0
204.0,0.0
180.0,0.0
208.0,0.0
169.0,0.0
176.0,0.0
158.0,0.0
173.0,0.0
153.0,0.0
163.0,0.0
148.0,0.0
210.0,0.0
183.0,0.0
201.0,0.0
192.0,0.0
192.0,0.0
193.0,0.0
172.0,0.0
159.0,0.0
152.0,0.0
183.0,0.0
230.0,0.0
230.0,0.0
202.0,0.0
235.0,0.0
190.0,0.0
239.0,0.0
244.0,0.0
201.0,0.0
227.0,0.0
225.0,0.0
238.0,0.0
259.0,0.0
254.0,0.0
241.0,0.0
231.0,0.0
197.0,0.0
250.0,0.0
189.0,0.0
156.0,0.0
192.0,0.0
89.0,0.0
79.0,0.0
71.0,0.0
49.0,0.0
37.0,0.0
49.0,0.0
31.0,0.0
30.0,0.0
53.0,0.0
57.0,0.0
62.0,0.0
71.0,0.0
73.0,0.0
90.0,0.0
90.0,0.0
83.0,0.0
42.0,0.0
59.0,0.0
50.0,0.0
50.0,0.0
55.0,0.0
61.0,0.0
62.0,0.0
70.0,0.0
71.0,0.0
70.0,0.0
69.0,0.0
65.0,0.0
65.0,0.0
62.0,0.0
60.0,0.0
59.0,0.0
70.0,0.0
100.0,0.0
108.0,0.0
113.0,0.0
123.0,0.0
103.0,0.0
129.0,0.0
127.0,0.0
108.0,0.0
107.0,0.0
117.0,0.0
95.0,0.0
86.0,0.0
88.0,0.0
72.0,0.0
81.0,0.0
89.0,0.0
95.0,0.0
71.0,0.0
84.0,0.0
79.0,0.0
52.0,0.0
46.0,0.0
38.0,0.0
46.0,0.0
63.0,0.0
65.0,0.0
58.0,0.0
84.0,0.0
86.0,0.0
78.0,0.0
86.0,0.0
71.0,0.0
78.0,0.0
70.0,0.0
75.0,0.0
66.0,0.0
82.0,0.0
75.0,0.0
77.0,0.0
76.0,0.0
57.0,0.0
72.0,0.0
74.0,0.0
52.0,0.0
50.0,0.0
39.0,0.0
47.0,0.0
65.0,0.0
63.0,0.0
71.0,0.0
78.0,0.0
55.0,0.0
85.0,0.0
92.0,0.0
91.0,0.0
84.0,0.0
59.0,0.0
69.0,0.0
51.0,0.0
44.0,0.0
53.0,0.0
53.0,0.0
65.0,0.0
63.0,0.0
65.0,0.0
71.0,0.0
69.0,0.0
66.0,0.0
62.0,0.0
57.0,0.0
62.0,0.0
78.0,0.0
68.0,0.0
70.0,0.0
55.0,0.0
95.0,0.0
77.0,0.0
81.0,0.0
77.0,0.0
74.0,0.0
72.0,0.0
65.0,0.0
84.0,0.0
76.0,0.0
85.0,0.0
71.0,0.0
73.0,0.0
70.0,0.0
67.0,0.0
76.0,0.0
80.0,0.0
64.0,0.0
63.0,0.0
74.0,0.0
61.0,0.0
69.0,0.0
81.0,0.0
107.0,0.0
96.0,0.0
98.0,0.0
73.0,0.0
68.0,0.0
75.0,0.0
68.0,0.0
75.0,0.0
73.0,0.0
73.0,0.0
69.0,0.0
77.0,0.0
62.0,0.0
84.0,0.0
77.0,0.0
73.0,0.0
88.0,0.0
73.0,0.0
47.0,0.0
47.0,0.0
41.0,0.0
36.0,0.0
45.0,0.0
63.0,0.0
57.0,0.0
77.0,0.0
99.0,0.0
89.0,0.0
69.0,0.0
89.0,0.0
100.0,0.0
85.0,0.0
51.0,0.0
74.0,0.0
76.0,0.0
83.0,0.0
101.0,0.0
95.0,0.0
82.0,0.0
76.0,0.0
74.0,0.0
84.0,0.0
69.0,0.0
65.0,0.0
60.0,0.0
72.0,0.0
66.0,0.0
102.0,0.0
114.0,0.0
105.0,0.0
96.0,0.0
147.0,0.0
119.0,0.0
156.0,0.0
145.0,0.0
127.0,0.0
155.0,0.0
125.0,0.0
142.0,0.0
119.0,0.0
179.0,0.0
198.0,0.0
220.0,0.0
227.0,0.0
172.0,0.0
166.0,0.0
163.0,0.0
167.0,0.0
167.0,0.0
159.0,0.0
168.0,0.0
182.0,0.0
219.0,0.0
215.0,0.0
222.0,0.0
156.0,0.0
144.0,0.0
156.0,0.0
155.0,0.0
84.0,0.0
105.0,0.0
100.0,0.0
84.0,0.0
125.0,0.0
93.0,0.0
94.0,0.0
72.0,0.0
67.0,0.0
75.0,0.0
72.0,0.0
58.0,0.0
56.0,0.0
57.0,0.0
53.0,0.0
73.0,0.0
77.0,0.0
59.0,0.0
94.0,0.0
69.0,0.0
93.0,0.0
110.0,0.0
92.0,0.0
281.0,0.0
167.0,0.0
114.0,0.0
131.0,0.0
101.0,0.0
137.0,0.0
116.0,0.0
89.0,0.0
63.0,0.0
56.0,0.0
51.0,0.0
51.0,0.0
44.0,0.0
51.0,0.0
46.0,0.0
50.0,0.0
61.0,0.0
68.0,0.0
78.0,0.0
67.0,0.0
86.0,0.0
88.0,0.0
79.0,0.0
71.0,0.0
92.0,0.0
114.0,0.0
77.0,0.0
63.0,0.0
79.0,0.0
80.0,0.0
92.0,0.0
77.0,0.0
65.0,0.0
64.0,0.0
41.0,0.0
39.0,0.0
49.0,0.0
41.0,0.0
46.0,0.0
51.0,0.0
47.0,0.0
98.0,0.0
116.0,0.0
85.0,0.0
122.0,0.0
64.0,0.0
76.0,0.0
89.0,0.0
85.0,0.0
72.0,0.0
94.0,0.0
87.0,0.0
121.0,0.0
123.0,0.0
106.0,0.0
80.0,0.0
79.0,0.0
70.0,0.0
68.0,0.0
57.0,0.0
56.0,0.0
56.0,0.0
58.0,0.0
57.0,0.0
75.0,0.0
106.0,0.0
109.0,0.0
81.0,0.0
80.0,0.0
75.0,0.0
87.0,0.0
103.0,0.0
75.0,0.0
97.0,0.0
67.0,0.0
83.0,0.0
65.0,0.0
58.0,0.0
50.0,0.0
86.0,0.0
89.0,0.0
88.0,0.0
73.0,0.0
58.0,0.0
38.0,0.0
50.0,0.0
48.0,0.0
51.0,0.0
50.0,0.0
57.0,0.0
72.0,0.0
68.0,0.0
78.0,0.0
69.0,0.0
74.0,0.0
65.0,0.0
58.0,0.0
67.0,0.0
70.0,0.0
63.0,0.0
96.0,0.0
103.0,0.0
138.0,0.0
117.0,0.0
116.0,0.0
116.0,0.0
112.0,0.0
71.0,0.0
45.0,0.0
51.0,0.0
48.0,0.0
68.0,0.0
59.0,0.0
72.0,0.0
79.0,0.0
76.0,0.0
92.0,0.0
83.0,0.0
73.0,0.0
60.0,0.0
78.0,0.0
97.0,0.0
88.0,0.0
67.0,0.0
69.0,0.0
82.0,0.0
67.0,0.0
91.0,0.0
49.0,0.0
43.0,0.0
43.0,0.0
47.0,0.0
41.0,0.0
39.0,0.0
42.0,0.0
51.0,0.0
47.0,0.0
67.0,0.0
56.0,0.0
68.0,0.0
51.0,0.0
57.0,0.0
69.0,0.0
85.0,0.0
111.0,0.0
73.0,0.0
66.0,0.0
64.0,0.0
53.0,0.0
59.0,0.0
60.0,0.0
116.0,0.0
74.0,0.0
69.0,0.0
60.0,0.0
74.0,0.0
56.0,0.0
72.0,0.0
53.0,0.0
48.0,0.0
65.0,0.0
65.0,0.0
67.0,0.0
76.0,0.0
70.0,0.0
62.0,0.0
65.0,0.0
64.0,0.0
54.0,0.0
76.0,0.0
87.0,0.0
75.0,0.0
53.0,0.0
69.0,0.0
89.0,0.0
109.0,0.0
79.0,0.0
66.0,0.0
46.0,0.0
48.0,0.0
59.0,0.0
49.0,0.0
56.0,0.0
60.0,0.0
54.0,0.0
62.0,0.0
54.0,0.0
63.0,0.0
63.0,0.0
74.0,0.0
83.0,0.0
91.0,0.0
102.0,0.0
120.0,0.0
100.0,0.0
66.0,0.0
50.0,0.0
83.0,0.0
68.0,0.0
79.0,0.0
55.0,0.0
65.0,0.0
52.0,0.0
39.0,0.0
46.0,0.0
50.0,0.0
49.0,0.0
47.0,0.0
57.0,0.0
68.0,0.0
59.0,0.0
78.0,0.0
70.0,0.0
73.0,0.0
63.0,0.0
59.0,0.0
76.0,0.0
56.0,0.0
66.0,0.0
76.0,0.0
87.0,0.0
85.0,0.0
96.0,0.0
88.0,0.0
63.0,0.0
60.0,0.0
59.0,0.0
53.0,0.0
58.0,0.0
56.0,0.0
57.0,0.0
61.0,0.0
52.0,0.0
74.0,0.0
64.0,0.0
75.0,0.0
82.0,0.0
62.0,0.0
77.0,0.0
76.0,0.0
78.0,0.0
110.0,0.0
122.0,0.0
141.0,0.0
52.0,0.0
62.0,0.0
152.0,0.0
171.0,0.0
117.0,0.0
63.0,0.0
47.0,0.0
43.0,0.0
47.0,0.0
49.0,0.0
51.0,0.0
52.0,0.0
70.0,0.0
57.0,0.0
77.0,0.0
54.0,0.0
81.0,0.0
54.0,0.0
46.0,0.0
38.0,0.0
55.0,0.0
62.0,0.0
57.0,0.0
52.0,0.0
52.0,0.0
70.0,0.0
70.0,0.0
79.0,0.0
38.0,0.0
38.0,0.0
30.0,0.0
68.0,0.0
38.0,0.0
35.0,0.0
87.0,0.0
33.0,0.0
0.0,0.0
49.0,0.0
54.0,0.0
56.0,0.0
56.0,0.0
84.0,0.0
66.0,0.0
79.0,0.0
58.0,0.0
49.0,0.0
67.0,0.0
59.0,0.0
44.0,0.0
53.0,0.0
61.0,0.0
61.0,0.0
49.0,0.0
40.0,0.0
27.0,0.0
30.0,0.0
31.0,0.0
29.0,0.0
34.0,0.0
31.0,0.0
36.0,0.0
45.0,0.0
56.0,0.0
48.0,0.0
62.0,0.0
71.0,0.0
67.0,0.0
66.0,0.0
60.0,0.0
66.0,0.0
50.0,0.0
68.0,0.0
49.0,0.0
52.0,0.0
51.0,0.0
60.0,0.0
42.0,0.0
35.0,0.0
26.0,0.0
41.0,0.0
38.0,0.0
37.0,0.0
32.0,0.0
47.0,0.0
54.0,0.0
50.0,0.0
56.0,0.0
56.0,0.0
60.0,0.0
66.0,0.0
54.0,0.0
66.0,0.0
56.0,0.0
44.0,0.0
44.0,0.0
49.0,0.0
45.0,0.0
63.0,0.0
71.0,0.0
71.0,0.0
54.0,0.0
48.0,0.0
35.0,0.0
45.0,0.0
36.0,0.0
47.0,0.0
53.0,0.0
33.0,0.0
40.0,0.0
54.0,0.0
40.0,0.0
40.0,0.0
46.0,0.0
56.0,0.0
59.0,0.0
71.0,0.0
74.0,0.0
64.0,0.0
63.0,0.0
61.0,0.0
68.0,0.0
76.0,0.0
60.0,0.0
56.0,0.0
46.0,0.0
49.0,0.0
44.0,0.0
39.0,0.0
38.0,0.0
35.0,0.0
50.0,0.0
36.0,0.0
52.0,0.0
52.0,0.0
56.0,0.0
54.0,0.0
46.0,0.0
43.0,0.0
45.0,0.0
45.0,0.0
44.0,0.0
43.0,0.0
36.0,0.0
48.0,0.0
50.0,0.0
59.0,0.0
65.0,0.0
62.0,0.0
45.0,0.0
50.0,0.0
40.0,0.0
46.0,0.0
56.0,0.0
43.0,0.0
43.0,0.0
43.0,0.0
37.0,0.0
40.0,0.0
42.0,0.0
53.0,0.0
113.0,0.0
73.0,0.0
79.0,0.0
67.0,0.0
76.0,0.0
67.0,0.0
65.0,0.0
57.0,0.0
55.0,0.0
63.0,0.0
70.0,0.0
98.0,0.0
67.0,0.0
57.0,0.0
49.0,0.0
44.0,0.0
38.0,0.0
45.0,0.0
26.0,0.0
26.0,0.0
49.0,0.0
45.0,0.0
55.0,0.0
106.0,0.0
73.0,0.0
66.0,0.0
71.0,0.0
84.0,0.0
73.0,0.0
89.0,0.0
56.0,0.0
66.0,0.0
72.0,0.0
60.0,0.0
60.0,0.0
49.0,0.0
63.0,0.0
38.0,0.0
44.0,0.0
35.0,0.0
36.0,0.0
30.0,0.0
36.0,0.0
31.0,0.0
37.0,0.0
43.0,0.0
48.0,0.0
50.0,0.0
61.0,0.0
70.0,0.0
70.0,0.0
66.0,0.0
70.0,0.0
67.0,0.0
74.0,0.0
71.0,0.0
64.0,0.0
67.0,0.0
68.0,0.0
83.0,0.0
44.0,0.0
34.0,0.0
39.0,0.0
35.0,0.0
47.0,0.0
37.0,0.0
40.0,0.0
51.0,0.0
47.0,0.0
39.0,0.0
58.0,0.0
53.0,0.0
52.0,0.0
36.0,0.0
41.0,0.0
62.0,0.0
59.0,0.0
27.0,0.0
51.0,0.0
60.0,0.0
85.0,0.0
65.0,0.0
62.0,0.0
59.0,0.0
45.0,0.0
32.0,0.0
32.0,0.0
29.0,0.0
30.0,0.0
36.0,0.0
26.0,0.0
32.0,0.0
45.0,0.0
58.0,0.0
42.0,0.0
56.0,0.0
50.0,0.0
50.0,0.0
52.0,0.0
41.0,0.0
47.0,0.0
74.0,0.0
37.0,0.0
52.0,0.0
57.0,0.0
41.0,0.0
50.0,0.0
54.0,0.0
60.0,0.0
52.0,0.0
29.0,0.0
23.0,0.0
24.0,0.0
22.0,0.0
20.0,0.0
37.0,0.0
57.0,0.0
53.0,0.0
65.0,0.0
58.0,0.0
101.0,0.0
71.0,0.0
72.0,0.0
69.0,0.0
72.0,0.0
65.0,0.0
63.0,0.0
57.0,0.0
76.0,0.0
63.0,0.0
55.0,0.0
50.0,0.0
112.0,0.0
93.0,0.0
43.0,0.0
31.0,0.0
33.0,0.0
42.0,0.0
38.0,0.0
47.0,0.0
40.0,0.0
95.0,0.0
145.0,0.0
117.0,0.0
114.0,0.0
118.0,0.0
80.0,0.0
75.0,0.0
66.0,0.0
55.0,0.0
63.0,0.0
77.0,0.0
56.0,0.0
67.0,0.0
69.0,0.0
74.0,0.0
71.0,0.0
60.0,0.0
52.0,0.0
64.0,0.0
56.0,0.0
44.0,0.0
49.0,0.0
59.0,0.0
62.0,0.0
64.0,0.0
64.0,0.0
74.0,0.0
61.0,0.0
74.0,0.0
66.0,0.0
72.0,0.0
73.0,0.0
69.0,0.0
73.0,0.0
81.0,0.0
86.0,0.0
81.0,0.0
92.0,0.0
94.0,0.0
95.0,0.0
85.0,0.0
85.0,0.0
75.0,0.0
56.0,0.0
61.0,0.0
57.0,0.0
64.0,0.0
55.0,0.0
56.0,0.0
55.0,0.0
69.0,0.0
73.0,0.0
55.0,0.0
105.0,0.0
112.0,0.0
100.0,0.0
108.0,0.0
96.0,0.0
50.0,0.0
66.0,0.0
89.0,0.0
66.0,0.0
57.0,0.0
44.0,0.0
34.0,0.0
39.0,0.0
34.0,0.0
26.0,0.0
30.0,0.0
15.0,0.0
10.0,0.0
16.0,0.0
16.0,0.0
15.0,0.0
11.0,0.0
11.0,0.0
9.0,0.0
11.0,0.0
13.0,0.0
11.0,0.0
9.0,0.0
12.0,0.0
8.0,0.0
13.0,0.0
12.0,0.0
12.0,0.0
11.0,0.0
15.0,0.0
10.0,0.0
11.0,0.0
10.0,0.0
12.0,0.0
11.0,0.0
11.0,0.0
12.0,0.0
12.0,0.0
13.0,0.0
10.0,0.0
16.0,0.0
15.0,0.0
12.0,0.0
11.0,0.0
9.0,0.0
10.0,0.0
9.0,0.0
8.0,0.0
10.0,0.0
30.0,0.0
31.0,0.0
43.0,0.0
12.0,0.0
12.0,0.0
12.0,0.0
12.0,0.0
12.0,0.0
12.0,0.0
12.0,0.0
16.0,0.0
12.0,0.0
12.0,0.0
10.0,0.0
11.0,0.0
11.0,0.0
12.0,0.0
12.0,0.0
13.0,0.0
13.0,0.0
9.0,0.0
13.0,0.0
11.0,0.0
16.0,0.0
9.0,0.0
8.0,0.0
15.0,0.0
11.0,0.0
15.0,0.0
10.0,0.0
10.0,0.0
8.0,0.0
9.0,0.0
6.0,0.0
15.0,0.0
7.0,0.0
8.0,0.0
8.0,0.0
7.0,0.0
11.0,0.0
11.0,0.0
8.0,0.0
8.0,0.0
12.0,0.0
5.0,0.0
6.0,0.0
6.0,0.0
1.0,0.0
1.0,0.0
8.0,0.0
9.0,0.0
10.0,0.0
13.0,0.0
11.0,0.0
7.0,0.0
4.0,0.0
4.0,0.0
3.0,0.0
4.0,0.0
4.0,0.0
10.0,0.0
11.0,0.0
5.0,0.0
4.0,0.0
3.0,0.0
3.0,0.0
4.0,0.0
6.0,0.0
6.0,0.0
4.0,0.0
6.0,0.0
12.0,0.0
8.0,0.0
14.0,0.0
13.0,0.0
16.0,0.0
13.0,0.0
12.0,0.0
12.0,0.0
10.0,0.0
12.0,0.0
12.0,0.0
12.0,0.0
12.0,0.0
12.0,0.0
12.0,0.0
12.0,0.0
15.0,0.0
13.0,0.0
16.0,0.0
12.0,0.0
14.0,0.0
10.0,0.0
12.0,0.0
11.0,0.0
12.0,0.0
12.0,0.0
14.0,0.0
11.0,0.0
13.0,0.0
12.0,0.0
9.0,0.0
7.0,0.0
8.0,0.0
8.0,0.0
8.0,0.0
8.0,0.0
10.0,0.0
11.0,0.0
12.0,0.0
12.0,0.0
11.0,0.0
17.0,0.0
15.0,0.0
12.0,0.0
14.0,0.0
9.0,0.0
11.0,0.0
10.0,0.0
12.0,0.0
11.0,0.0
14.0,0.0
20.0,0.0
10.0,0.0
8.0,0.0
8.0,0.0
8.0,0.0
10.0,0.0
10.0,0.0
10.0,0.0
8.0,0.0
7.0,0.0
11.0,0.0
11.0,0.0
20.0,0.0
11.0,0.0
7.0,0.0
5.0,0.0
6.0,0.0
8.0,0.0
12.0,0.0
9.0,0.0
9.0,0.0
6.0,0.0
12.0,0.0
8.0,0.0
8.0,0.0
11.0,0.0
9.0,0.0
8.0,0.0
8.0,0.0
13.0,0.0
10.0,0.0
8.0,0.0
7.0,0.0
8.0,0.0
11.0,0.0
13.0,0.0
11.0,0.0
11.0,0.0
12.0,0.0
10.0,0.0
15.0,0.0
9.0,0.0
11.0,0.0
10.0,0.0
13.0,0.0
12.0,0.0
12.0,0.0
10.0,0.0
12.0,0.0
11.0,0.0
12.0,0.0
12.0,0.0
12.0,0.0
13.0,0.0
8.0,0.0
7.0,0.0
8.0,0.0
14.0,0.0
14.0,0.0
9.0,0.0
6.0,0.0
10.0,0.0
8.0,0.0
8.0,0.0
6.0,0.0
7.0,0.0
7.0,0.0
8.0,0.0
7.0,0.0
5.0,0.0
6.0,0.0
7.0,0.0
8.0,0.0
4.0,0.0
8.0,0.0
7.0,0.0
7.0,0.0
4.0,0.0
4.0,0.0
4.0,0.0
4.0,0.0
4.0,0.0
4.0,0.0
7.0,0.0
3.0,0.0
6.0,0.0
5.0,0.0
6.0,0.0
6.0,0.0
9.0,0.0
9.0,0.0
8.0,0.0
8.0,0.0
9.0,0.0
10.0,0.0
5.0,0.0
7.0,0.0
11.0,0.0
12.0,0.0
8.0,0.0
8.0,0.0
8.0,0.0
8.0,0.0
8.0,0.0
8.0,0.0
7.0,0.0
10.0,0.0
32.0,0.0
21.0,0.0
13.0,0.0
16.0,0.0
13.0,0.0
15.0,0.0
19.0,0.0
46.0,0.0
63.0,0.0
57.0,0.0
50.0,0.0
96.0,0.0
62.0,0.0
60.0,0.0
63.0,0.0
46.0,0.0
28.0,0.0
28.0,0.0
34.0,0.0
34.0,0.0
45.0,0.0
1266.0,1.0
2615.0,1.0
2315.0,1.0
2341.0,1.0
2153.0,1.0
2125.0,1.0
2242.0,1.0
2089.0,1.0
2143.0,1.0
2322.0,1.0
2201.0,1.0
2076.0,1.0
2135.0,1.0
2310.0,1.0
2510.0,1.0
2391.0,1.0
2330.0,1.0
2113.0,1.0
1949.0,1.0
1641.0,1.0
1534.0,1.0
1551.0,1.0
1501.0,1.0
1462.0,0.0
1526.0,0.0
1680.0,0.0
1926.0,0.0
1971.0,0.0
2061.0,0.0
2007.0,0.0
2143.0,0.0
2227.0,0.0
2157.0,0.0
1995.0,0.0
2052.0,0.0
1999.0,0.0
1885.0,0.0
2016.0,0.0
2068.0,0.0
2094.0,0.0
2176.0,0.0
2117.0,0.0
1889.0,0.0
1806.0,0.0
1594.0,0.0
1505.0,0.0
1435.0,0.0
1511.0,0.0
1674.0,0.0
1817.0,0.0
1898.0,0.0
1903.0,0.0
1936.0,0.0
1975.0,0.0
2049.0,0.0
1799.0,0.0
1899.0,0.0
1875.0,0.0
1734.0,0.0
1759.0,0.0
1921.0,0.0
1993.0,0.0
1853.0,0.0
2132.0,0.0
2103.0,0.0
1961.0,0.0
1772.0,0.0
1626.0,0.0
1407.0,0.0
1402.0,0.0
1068.0,0.0
1127.0,0.0
1127.0,0.0
1457.0,0.0
1452.0,0.0
1574.0,0.0
1711.0,0.0
1705.0,0.0
1392.0,0.0
1634.0,0.0
1704.0,0.0
1804.0,0.0
1772.0,0.0
1881.0,0.0
2013.0,0.0
4.0,1.0
1876.0,0.0
1907.0,0.0
1954.0,0.0
1788.0,0.0
1468.0,0.0
1377.0,0.0
1242.0,0.0
1098.0,0.0
1143.0,0.0
1289.0,0.0
1340.0,0.0
1468.0,0.0
1533.0,0.0
1640.0,0.0
1698.0,0.0
1621.0,0.0
1713.0,0.0
1834.0,0.0
1402.0,0.0
1846.0,0.0
1731.0,0.0
1709.0,0.0
1733.0,0.0
1853.0,0.0
1885.0,0.0
1964.0,0.0
1786.0,0.0
1631.0,0.0
1475.0,0.0
1279.0,0.0
1201.0,0.0
1138.0,0.0
1149.0,0.0
1212.0,0.0
1205.0,0.0
1500.0,0.0
1520.0,0.0
1614.0,0.0
1703.0,0.0
1707.0,0.0
1471.0,0.0
1718.0,0.0
1643.0,0.0
1636.0,0.0
1508.0,0.0
1650.0,0.0
1615.0,0.0
1722.0,0.0
1975.0,0.0
1852.0,0.0
1768.0,0.0
1689.0,0.0
1493.0,0.0
1425.0,0.0
1303.0,0.0
1285.0,0.0
1440.0,0.0
1448.0,0.0
1621.0,0.0
1524.0,0.0
1635.0,0.0
1683.0,0.0
1765.0,0.0
1693.0,0.0
1760.0,0.0
1710.0,0.0
1727.0,0.0
1487.0,0.0
1662.0,0.0
1578.0,0.0
1785.0,0.0
1786.0,0.0
1694.0,0.0
1811.0,0.0
1803.0,0.0
1622.0,0.0
1517.0,0.0
1283.0,0.0
1174.0,0.0
1229.0,0.0
1196.0,0.0
1110.0,0.0
1287.0,0.0
1386.0,0.0
1632.0,0.0
1630.0,0.0
1591.0,0.0
1595.0,0.0
1627.0,0.0
1713.0,0.0
1642.0,0.0
2052.0,0.0
1713.0,0.0
1712.0,0.0
2259.0,0.0
2032.0,0.0
1817.0,0.0
1934.0,0.0
1829.0,0.0
1660.0,0.0
1483.0,0.0
1298.0,0.0
1208.0,0.0
1168.0,0.0
1222.0,0.0
1249.0,0.0
1467.0,0.0
1447.0,0.0
1488.0,0.0
1392.0,0.0
1492.0,0.0
1718.0,0.0
1744.0,0.0
1773.0,0.0
1693.0,0.0
1857.0,0.0
1716.0,0.0
1691.0,0.0
1804.0,0.0
2025.0,0.0
